Activated conda environment
[DataLoader] Found 13 files matching the pattern.
[DataLoader] Combined data shape: (17234, 35)
[Preprocess] Data split => train: (11029, 35), val: (2758, 35), test: (3447, 35)
[Preprocess] Processed fidelity 4 (index 0): 3758 samples.
[Preprocess] Processed fidelity 6 (index 1): 3346 samples.
[Preprocess] Processed fidelity 8 (index 2): 3194 samples.
[Preprocess] Processed fidelity 10 (index 3): 731 samples.
[Preprocess] Processed fidelity 4 (index 0): 949 samples.
[Preprocess] Processed fidelity 6 (index 1): 833 samples.
[Preprocess] Processed fidelity 8 (index 2): 801 samples.
[Preprocess] Processed fidelity 10 (index 3): 175 samples.
Fidelity levels: [4, 6, 8, 10]
[Trainer] Starting BNN training...
[Trainer] No improvement. Iteration 8200. Early stopping counter: 1, LR counter: 1
[Trainer] No improvement. Iteration 8600. Early stopping counter: 1, LR counter: 1
[Trainer] No improvement. Iteration 9200. Early stopping counter: 1, LR counter: 1
[Trainer] No improvement. Iteration 9300. Early stopping counter: 2, LR counter: 2
[Trainer] No improvement. Iteration 9400. Early stopping counter: 3, LR counter: 3
[Trainer] No improvement. Iteration 9500. Early stopping counter: 4, LR counter: 4
[Trainer] No improvement. Iteration 9600. Early stopping counter: 5, LR counter: 5
[Trainer] No improvement. Iteration 9700. Early stopping counter: 6, LR counter: 6
[Trainer] No improvement. Iteration 9800. Early stopping counter: 7, LR counter: 7
[Trainer] No improvement. Iteration 9900. Early stopping counter: 8, LR counter: 8
[Trainer] No improvement. Iteration 10000. Early stopping counter: 9, LR counter: 9
[Trainer] No improvement. Iteration 10100. Early stopping counter: 10, LR counter: 10
[Trainer] No improvement. Iteration 10200. Early stopping counter: 11, LR counter: 11
[Trainer] No improvement. Iteration 10300. Early stopping counter: 12, LR counter: 12
[Trainer] No improvement. Iteration 10400. Early stopping counter: 13, LR counter: 13
[Trainer] No improvement. Iteration 10500. Early stopping counter: 14, LR counter: 14
[Trainer] No improvement. Iteration 10600. Early stopping counter: 15, LR counter: 15
[Trainer] No improvement. Iteration 10700. Early stopping counter: 16, LR counter: 16
[Trainer] No improvement. Iteration 10800. Early stopping counter: 17, LR counter: 17
[Trainer] No improvement. Iteration 10900. Early stopping counter: 18, LR counter: 18
[Trainer] No improvement. Iteration 11000. Early stopping counter: 19, LR counter: 19
[Trainer] No improvement. Iteration 11100. Early stopping counter: 20, LR counter: 20
[Trainer] No improvement. Iteration 11200. Early stopping counter: 21, LR counter: 21
[Trainer] No improvement. Iteration 11300. Early stopping counter: 22, LR counter: 22
[Trainer] No improvement. Iteration 11400. Early stopping counter: 23, LR counter: 23
[Trainer] No improvement. Iteration 11500. Early stopping counter: 24, LR counter: 24
[Trainer] No improvement. Iteration 11600. Early stopping counter: 25, LR counter: 25
[Trainer] Learning rate reduced to: 0.000010
[Trainer] No improvement. Iteration 11700. Early stopping counter: 26, LR counter: 1
[Trainer] No improvement. Iteration 11800. Early stopping counter: 27, LR counter: 2
[Trainer] No improvement. Iteration 11900. Early stopping counter: 28, LR counter: 3
[Trainer] No improvement. Iteration 12000. Early stopping counter: 29, LR counter: 4
[Trainer] No improvement. Iteration 12100. Early stopping counter: 30, LR counter: 5
[Trainer] No improvement. Iteration 12200. Early stopping counter: 31, LR counter: 6
[Trainer] No improvement. Iteration 12300. Early stopping counter: 32, LR counter: 7
[Trainer] No improvement. Iteration 12400. Early stopping counter: 33, LR counter: 8
[Trainer] No improvement. Iteration 12500. Early stopping counter: 34, LR counter: 9
[Trainer] No improvement. Iteration 12600. Early stopping counter: 35, LR counter: 10
[Trainer] No improvement. Iteration 12700. Early stopping counter: 36, LR counter: 11
[Trainer] No improvement. Iteration 12800. Early stopping counter: 37, LR counter: 12
[Trainer] No improvement. Iteration 12900. Early stopping counter: 38, LR counter: 13
[Trainer] No improvement. Iteration 13000. Early stopping counter: 39, LR counter: 14
[Trainer] No improvement. Iteration 13100. Early stopping counter: 40, LR counter: 15
[Trainer] No improvement. Iteration 13200. Early stopping counter: 41, LR counter: 16
[Trainer] No improvement. Iteration 13300. Early stopping counter: 42, LR counter: 17
[Trainer] No improvement. Iteration 13400. Early stopping counter: 43, LR counter: 18
[Trainer] No improvement. Iteration 13500. Early stopping counter: 44, LR counter: 19
[Trainer] No improvement. Iteration 13600. Early stopping counter: 45, LR counter: 20
[Trainer] No improvement. Iteration 13700. Early stopping counter: 46, LR counter: 21
[Trainer] No improvement. Iteration 13800. Early stopping counter: 47, LR counter: 22
[Trainer] No improvement. Iteration 13900. Early stopping counter: 48, LR counter: 23
[Trainer] No improvement. Iteration 14000. Early stopping counter: 49, LR counter: 24
[Trainer] No improvement. Iteration 14100. Early stopping counter: 50, LR counter: 25
[Trainer] Learning rate reduced to: 0.000001
[Trainer] Early stopping triggered.
[Trainer] Training completed.
[Trainer] Calibrating temperatures on validation set...
[Trainer] Temperature calibration finished. Calibrated temperatures: {4: 1.4426560401916504, 6: 1.3684489727020264, 8: 1.5315097570419312, 10: 1.7392222881317139}
[Trainer] BNN training completed.
**************************************************
Z=8, N=4, emax=4
RMSE Eb: 0.482
RMSE Rch: 0.009
MAPE Eb: 1.450
MAPE Rch: 0.432
--------------------------------------------------
**************************************************
Z=8, N=4, emax=10
RMSE Eb: 1.066
RMSE Rch: 0.036
MAPE Eb: 1.609
MAPE Rch: 1.971
--------------------------------------------------
**************************************************
Z=8, N=4, emax=6
RMSE Eb: 0.726
RMSE Rch: 0.013
MAPE Eb: 1.340
MAPE Rch: 0.665
--------------------------------------------------
**************************************************
Z=8, N=4, emax=8
RMSE Eb: 0.606
RMSE Rch: 0.021
MAPE Eb: 1.007
MAPE Rch: 1.059
--------------------------------------------------
**************************************************
Z=8, N=5, emax=8
RMSE Eb: 0.573
RMSE Rch: 0.021
MAPE Eb: 0.691
MAPE Rch: 1.131
--------------------------------------------------
**************************************************
Z=8, N=5, emax=6
RMSE Eb: 0.543
RMSE Rch: 0.017
MAPE Eb: 0.740
MAPE Rch: 0.971
--------------------------------------------------
**************************************************
Z=8, N=5, emax=4
RMSE Eb: 0.529
RMSE Rch: 0.011
MAPE Eb: 1.072
MAPE Rch: 0.570
--------------------------------------------------
**************************************************
Z=8, N=5, emax=10
RMSE Eb: 0.544
RMSE Rch: 0.020
MAPE Eb: 0.742
MAPE Rch: 1.132
--------------------------------------------------
**************************************************
Z=8, N=6, emax=4
RMSE Eb: 0.454
RMSE Rch: 0.011
MAPE Eb: 0.656
MAPE Rch: 0.549
--------------------------------------------------
**************************************************
Z=8, N=6, emax=6
RMSE Eb: 0.576
RMSE Rch: 0.016
MAPE Eb: 0.628
MAPE Rch: 0.871
--------------------------------------------------
**************************************************
Z=8, N=6, emax=8
RMSE Eb: 0.744
RMSE Rch: 0.020
MAPE Eb: 0.679
MAPE Rch: 1.082
--------------------------------------------------
**************************************************
Z=8, N=6, emax=10
RMSE Eb: 0.730
RMSE Rch: 0.020
MAPE Eb: 0.624
MAPE Rch: 1.115
--------------------------------------------------
**************************************************
Z=8, N=7, emax=8
RMSE Eb: 0.804
RMSE Rch: 0.011
MAPE Eb: 0.656
MAPE Rch: 0.585
--------------------------------------------------
**************************************************
Z=8, N=7, emax=10
RMSE Eb: 0.631
RMSE Rch: 0.012
MAPE Eb: 0.475
MAPE Rch: 0.684
--------------------------------------------------
**************************************************
Z=8, N=7, emax=6
RMSE Eb: 0.656
RMSE Rch: 0.008
MAPE Eb: 0.594
MAPE Rch: 0.419
--------------------------------------------------
**************************************************
Z=8, N=7, emax=4
RMSE Eb: 0.573
RMSE Rch: 0.009
MAPE Eb: 0.661
MAPE Rch: 0.419
--------------------------------------------------
**************************************************
Z=8, N=8, emax=4
RMSE Eb: 0.481
RMSE Rch: 0.009
MAPE Eb: 0.487
MAPE Rch: 0.270
--------------------------------------------------
**************************************************
Z=8, N=8, emax=8
RMSE Eb: 0.705
RMSE Rch: 0.015
MAPE Eb: 0.502
MAPE Rch: 0.469
--------------------------------------------------
**************************************************
Z=8, N=8, emax=6
RMSE Eb: 0.524
RMSE Rch: 0.013
MAPE Eb: 0.444
MAPE Rch: 0.356
--------------------------------------------------
**************************************************
Z=8, N=8, emax=10
RMSE Eb: 0.667
RMSE Rch: 0.016
MAPE Eb: 0.493
MAPE Rch: 0.466
--------------------------------------------------
**************************************************
Z=8, N=9, emax=8
RMSE Eb: 0.515
RMSE Rch: 0.008
MAPE Eb: 0.354
MAPE Rch: 0.213
--------------------------------------------------
**************************************************
Z=8, N=9, emax=6
RMSE Eb: 0.590
RMSE Rch: 0.008
MAPE Eb: 0.518
MAPE Rch: 0.221
--------------------------------------------------
**************************************************
Z=8, N=9, emax=4
RMSE Eb: 0.535
RMSE Rch: 0.006
MAPE Eb: 0.523
MAPE Rch: 0.167
--------------------------------------------------
**************************************************
Z=8, N=9, emax=10
RMSE Eb: 0.599
RMSE Rch: 0.014
MAPE Eb: 0.446
MAPE Rch: 0.425
--------------------------------------------------
**************************************************
Z=8, N=10, emax=4
RMSE Eb: 0.504
RMSE Rch: 0.006
MAPE Eb: 0.525
MAPE Rch: 0.147
--------------------------------------------------
**************************************************
Z=8, N=10, emax=10
RMSE Eb: 0.632
RMSE Rch: 0.014
MAPE Eb: 0.424
MAPE Rch: 0.366
--------------------------------------------------
**************************************************
Z=8, N=10, emax=6
RMSE Eb: 0.420
RMSE Rch: 0.007
MAPE Eb: 0.327
MAPE Rch: 0.195
--------------------------------------------------
**************************************************
Z=8, N=10, emax=8
RMSE Eb: 0.691
RMSE Rch: 0.008
MAPE Eb: 0.501
MAPE Rch: 0.218
--------------------------------------------------
**************************************************
Z=8, N=11, emax=4
RMSE Eb: 0.460
RMSE Rch: 0.006
MAPE Eb: 0.479
MAPE Rch: 0.146
--------------------------------------------------
**************************************************
Z=8, N=11, emax=6
RMSE Eb: 0.562
RMSE Rch: 0.006
MAPE Eb: 0.376
MAPE Rch: 0.162
--------------------------------------------------
**************************************************
Z=8, N=11, emax=8
RMSE Eb: 0.680
RMSE Rch: 0.009
MAPE Eb: 0.473
MAPE Rch: 0.249
--------------------------------------------------
**************************************************
Z=8, N=11, emax=10
RMSE Eb: 0.300
RMSE Rch: 0.006
MAPE Eb: 0.184
MAPE Rch: 0.172
--------------------------------------------------
**************************************************
Z=8, N=12, emax=6
RMSE Eb: 0.547
RMSE Rch: 0.006
MAPE Eb: 0.409
MAPE Rch: 0.179
--------------------------------------------------
**************************************************
Z=8, N=12, emax=4
RMSE Eb: 0.444
RMSE Rch: 0.006
MAPE Eb: 0.445
MAPE Rch: 0.159
--------------------------------------------------
**************************************************
Z=8, N=12, emax=8
RMSE Eb: 0.648
RMSE Rch: 0.007
MAPE Eb: 0.393
MAPE Rch: 0.195
--------------------------------------------------
**************************************************
Z=8, N=12, emax=10
RMSE Eb: 0.871
RMSE Rch: 0.012
MAPE Eb: 0.580
MAPE Rch: 0.343
--------------------------------------------------
**************************************************
Z=8, N=13, emax=8
RMSE Eb: 0.793
RMSE Rch: 0.008
MAPE Eb: 0.497
MAPE Rch: 0.253
--------------------------------------------------
**************************************************
Z=8, N=13, emax=4
RMSE Eb: 0.588
RMSE Rch: 0.005
MAPE Eb: 0.581
MAPE Rch: 0.128
--------------------------------------------------
**************************************************
Z=8, N=13, emax=10
RMSE Eb: 0.468
RMSE Rch: 0.009
MAPE Eb: 0.304
MAPE Rch: 0.288
--------------------------------------------------
**************************************************
Z=8, N=13, emax=6
RMSE Eb: 0.489
RMSE Rch: 0.005
MAPE Eb: 0.354
MAPE Rch: 0.140
--------------------------------------------------
**************************************************
Z=8, N=14, emax=8
RMSE Eb: 0.694
RMSE Rch: 0.013
MAPE Eb: 0.421
MAPE Rch: 0.306
--------------------------------------------------
**************************************************
Z=8, N=14, emax=4
RMSE Eb: 0.462
RMSE Rch: 0.008
MAPE Eb: 0.493
MAPE Rch: 0.204
--------------------------------------------------
**************************************************
Z=8, N=14, emax=6
RMSE Eb: 0.469
RMSE Rch: 0.006
MAPE Eb: 0.339
MAPE Rch: 0.174
--------------------------------------------------
**************************************************
Z=8, N=14, emax=10
RMSE Eb: 0.717
RMSE Rch: 0.017
MAPE Eb: 0.446
MAPE Rch: 0.454
--------------------------------------------------
**************************************************
Z=8, N=15, emax=8
RMSE Eb: 0.641
RMSE Rch: 0.008
MAPE Eb: 0.376
MAPE Rch: 0.219
--------------------------------------------------
**************************************************
Z=8, N=15, emax=4
RMSE Eb: 0.560
RMSE Rch: 0.005
MAPE Eb: 0.561
MAPE Rch: 0.129
--------------------------------------------------
**************************************************
Z=8, N=15, emax=6
RMSE Eb: 0.523
RMSE Rch: 0.007
MAPE Eb: 0.356
MAPE Rch: 0.177
--------------------------------------------------
**************************************************
Z=8, N=15, emax=10
RMSE Eb: 0.636
RMSE Rch: 0.012
MAPE Eb: 0.345
MAPE Rch: 0.371
--------------------------------------------------
**************************************************
Z=8, N=16, emax=8
RMSE Eb: 0.770
RMSE Rch: 0.007
MAPE Eb: 0.451
MAPE Rch: 0.200
--------------------------------------------------
**************************************************
Z=8, N=16, emax=6
RMSE Eb: 0.651
RMSE Rch: 0.006
MAPE Eb: 0.460
MAPE Rch: 0.172
--------------------------------------------------
**************************************************
Z=8, N=16, emax=10
RMSE Eb: 0.771
RMSE Rch: 0.007
MAPE Eb: 0.451
MAPE Rch: 0.193
--------------------------------------------------
**************************************************
Z=8, N=16, emax=4
RMSE Eb: 0.668
RMSE Rch: 0.007
MAPE Eb: 0.714
MAPE Rch: 0.173
--------------------------------------------------
Finished VAL for AE n=63
**************************************************
Z=8, N=4, emax=6
RMSE Eb: 0.693
RMSE Rch: 0.012
MAPE Eb: 1.383
MAPE Rch: 0.589
--------------------------------------------------
**************************************************
Z=8, N=4, emax=8
RMSE Eb: 0.721
RMSE Rch: 0.019
MAPE Eb: 1.194
MAPE Rch: 0.853
--------------------------------------------------
**************************************************
Z=8, N=4, emax=4
RMSE Eb: 0.482
RMSE Rch: 0.010
MAPE Eb: 1.331
MAPE Rch: 0.491
--------------------------------------------------
**************************************************
Z=8, N=4, emax=10
RMSE Eb: 0.760
RMSE Rch: 0.022
MAPE Eb: 1.036
MAPE Rch: 1.202
--------------------------------------------------
**************************************************
Z=8, N=5, emax=4
RMSE Eb: 0.437
RMSE Rch: 0.010
MAPE Eb: 0.904
MAPE Rch: 0.522
--------------------------------------------------
**************************************************
Z=8, N=5, emax=8
RMSE Eb: 0.559
RMSE Rch: 0.019
MAPE Eb: 0.686
MAPE Rch: 1.041
--------------------------------------------------
**************************************************
Z=8, N=5, emax=6
RMSE Eb: 0.609
RMSE Rch: 0.017
MAPE Eb: 0.837
MAPE Rch: 0.970
--------------------------------------------------
**************************************************
Z=8, N=5, emax=10
RMSE Eb: 0.785
RMSE Rch: 0.016
MAPE Eb: 0.961
MAPE Rch: 0.845
--------------------------------------------------
**************************************************
Z=8, N=6, emax=4
RMSE Eb: 0.487
RMSE Rch: 0.011
MAPE Eb: 0.683
MAPE Rch: 0.544
--------------------------------------------------
**************************************************
Z=8, N=6, emax=8
RMSE Eb: 0.939
RMSE Rch: 0.019
MAPE Eb: 0.780
MAPE Rch: 1.013
--------------------------------------------------
**************************************************
Z=8, N=6, emax=6
RMSE Eb: 0.599
RMSE Rch: 0.015
MAPE Eb: 0.622
MAPE Rch: 0.844
--------------------------------------------------
**************************************************
Z=8, N=6, emax=10
RMSE Eb: 0.562
RMSE Rch: 0.020
MAPE Eb: 0.451
MAPE Rch: 1.093
--------------------------------------------------
**************************************************
Z=8, N=7, emax=4
RMSE Eb: 0.555
RMSE Rch: 0.008
MAPE Eb: 0.660
MAPE Rch: 0.369
--------------------------------------------------
**************************************************
Z=8, N=7, emax=8
RMSE Eb: 0.870
RMSE Rch: 0.012
MAPE Eb: 0.628
MAPE Rch: 0.596
--------------------------------------------------
**************************************************
Z=8, N=7, emax=6
RMSE Eb: 0.567
RMSE Rch: 0.008
MAPE Eb: 0.508
MAPE Rch: 0.393
--------------------------------------------------
**************************************************
Z=8, N=7, emax=10
RMSE Eb: 0.649
RMSE Rch: 0.012
MAPE Eb: 0.533
MAPE Rch: 0.686
--------------------------------------------------
**************************************************
Z=8, N=8, emax=4
RMSE Eb: 0.457
RMSE Rch: 0.010
MAPE Eb: 0.461
MAPE Rch: 0.283
--------------------------------------------------
**************************************************
Z=8, N=8, emax=6
RMSE Eb: 0.459
RMSE Rch: 0.009
MAPE Eb: 0.371
MAPE Rch: 0.253
--------------------------------------------------
**************************************************
Z=8, N=8, emax=8
RMSE Eb: 0.659
RMSE Rch: 0.013
MAPE Eb: 0.499
MAPE Rch: 0.416
--------------------------------------------------
**************************************************
Z=8, N=8, emax=10
RMSE Eb: 0.723
RMSE Rch: 0.013
MAPE Eb: 0.499
MAPE Rch: 0.353
--------------------------------------------------
**************************************************
Z=8, N=9, emax=4
RMSE Eb: 0.480
RMSE Rch: 0.007
MAPE Eb: 0.538
MAPE Rch: 0.188
--------------------------------------------------
**************************************************
Z=8, N=9, emax=8
RMSE Eb: 0.640
RMSE Rch: 0.008
MAPE Eb: 0.475
MAPE Rch: 0.227
--------------------------------------------------
**************************************************
Z=8, N=9, emax=6
RMSE Eb: 0.556
RMSE Rch: 0.008
MAPE Eb: 0.475
MAPE Rch: 0.202
--------------------------------------------------
**************************************************
Z=8, N=9, emax=10
RMSE Eb: 0.752
RMSE Rch: 0.009
MAPE Eb: 0.577
MAPE Rch: 0.262
--------------------------------------------------
**************************************************
Z=8, N=10, emax=4
RMSE Eb: 0.432
RMSE Rch: 0.006
MAPE Eb: 0.439
MAPE Rch: 0.149
--------------------------------------------------
**************************************************
Z=8, N=10, emax=6
RMSE Eb: 0.481
RMSE Rch: 0.007
MAPE Eb: 0.390
MAPE Rch: 0.190
--------------------------------------------------
**************************************************
Z=8, N=10, emax=8
RMSE Eb: 0.698
RMSE Rch: 0.008
MAPE Eb: 0.500
MAPE Rch: 0.225
--------------------------------------------------
**************************************************
Z=8, N=10, emax=10
RMSE Eb: 0.490
RMSE Rch: 0.008
MAPE Eb: 0.337
MAPE Rch: 0.265
--------------------------------------------------
**************************************************
Z=8, N=11, emax=8
RMSE Eb: 0.750
RMSE Rch: 0.007
MAPE Eb: 0.517
MAPE Rch: 0.202
--------------------------------------------------
**************************************************
Z=8, N=11, emax=4
RMSE Eb: 0.467
RMSE Rch: 0.005
MAPE Eb: 0.489
MAPE Rch: 0.146
--------------------------------------------------
**************************************************
Z=8, N=11, emax=6
RMSE Eb: 0.492
RMSE Rch: 0.006
MAPE Eb: 0.387
MAPE Rch: 0.166
--------------------------------------------------
**************************************************
Z=8, N=11, emax=10
RMSE Eb: 0.508
RMSE Rch: 0.009
MAPE Eb: 0.337
MAPE Rch: 0.260
--------------------------------------------------
**************************************************
Z=8, N=12, emax=6
RMSE Eb: 0.476
RMSE Rch: 0.006
MAPE Eb: 0.354
MAPE Rch: 0.152
--------------------------------------------------
**************************************************
Z=8, N=12, emax=8
RMSE Eb: 0.708
RMSE Rch: 0.006
MAPE Eb: 0.476
MAPE Rch: 0.175
--------------------------------------------------
**************************************************
Z=8, N=12, emax=4
RMSE Eb: 0.487
RMSE Rch: 0.005
MAPE Eb: 0.470
MAPE Rch: 0.130
--------------------------------------------------
**************************************************
Z=8, N=12, emax=10
RMSE Eb: 0.785
RMSE Rch: 0.009
MAPE Eb: 0.553
MAPE Rch: 0.266
--------------------------------------------------
**************************************************
Z=8, N=13, emax=8
RMSE Eb: 0.659
RMSE Rch: 0.008
MAPE Eb: 0.421
MAPE Rch: 0.239
--------------------------------------------------
**************************************************
Z=8, N=13, emax=4
RMSE Eb: 0.480
RMSE Rch: 0.006
MAPE Eb: 0.513
MAPE Rch: 0.159
--------------------------------------------------
**************************************************
Z=8, N=13, emax=6
RMSE Eb: 0.400
RMSE Rch: 0.005
MAPE Eb: 0.299
MAPE Rch: 0.146
--------------------------------------------------
**************************************************
Z=8, N=13, emax=10
RMSE Eb: 0.823
RMSE Rch: 0.010
MAPE Eb: 0.516
MAPE Rch: 0.260
--------------------------------------------------
**************************************************
Z=8, N=14, emax=6
RMSE Eb: 0.508
RMSE Rch: 0.007
MAPE Eb: 0.348
MAPE Rch: 0.192
--------------------------------------------------
**************************************************
Z=8, N=14, emax=10
RMSE Eb: 0.590
RMSE Rch: 0.016
MAPE Eb: 0.345
MAPE Rch: 0.428
--------------------------------------------------
**************************************************
Z=8, N=14, emax=4
RMSE Eb: 0.570
RMSE Rch: 0.005
MAPE Eb: 0.604
MAPE Rch: 0.155
--------------------------------------------------
**************************************************
Z=8, N=14, emax=8
RMSE Eb: 0.665
RMSE Rch: 0.011
MAPE Eb: 0.390
MAPE Rch: 0.293
--------------------------------------------------
**************************************************
Z=8, N=15, emax=8
RMSE Eb: 0.684
RMSE Rch: 0.008
MAPE Eb: 0.415
MAPE Rch: 0.229
--------------------------------------------------
**************************************************
Z=8, N=15, emax=6
RMSE Eb: 0.559
RMSE Rch: 0.006
MAPE Eb: 0.388
MAPE Rch: 0.180
--------------------------------------------------
**************************************************
Z=8, N=15, emax=4
RMSE Eb: 0.567
RMSE Rch: 0.005
MAPE Eb: 0.569
MAPE Rch: 0.143
--------------------------------------------------
**************************************************
Z=8, N=15, emax=10
RMSE Eb: 0.728
RMSE Rch: 0.010
MAPE Eb: 0.431
MAPE Rch: 0.273
--------------------------------------------------
**************************************************
Z=8, N=16, emax=4
RMSE Eb: 0.622
RMSE Rch: 0.007
MAPE Eb: 0.627
MAPE Rch: 0.172
--------------------------------------------------
**************************************************
Z=8, N=16, emax=8
RMSE Eb: 0.774
RMSE Rch: 0.007
MAPE Eb: 0.460
MAPE Rch: 0.207
--------------------------------------------------
**************************************************
Z=8, N=16, emax=6
RMSE Eb: 0.765
RMSE Rch: 0.006
MAPE Eb: 0.517
MAPE Rch: 0.165
--------------------------------------------------
**************************************************
Z=8, N=16, emax=10
RMSE Eb: 0.853
RMSE Rch: 0.011
MAPE Eb: 0.386
MAPE Rch: 0.323
--------------------------------------------------
