Activated conda environment
[DataLoader] Found 13 files matching the pattern.
[DataLoader] Combined data shape: (17234, 35)
[Preprocess] Data split => train: (11029, 35), val: (2758, 35), test: (3447, 35)
[Preprocess] Processed fidelity 4 (index 0): 3758 samples.
[Preprocess] Processed fidelity 6 (index 1): 3346 samples.
[Preprocess] Processed fidelity 8 (index 2): 3194 samples.
[Preprocess] Processed fidelity 10 (index 3): 731 samples.
[Preprocess] Processed fidelity 4 (index 0): 949 samples.
[Preprocess] Processed fidelity 6 (index 1): 833 samples.
[Preprocess] Processed fidelity 8 (index 2): 801 samples.
[Preprocess] Processed fidelity 10 (index 3): 175 samples.
Fidelity levels: [4, 6, 8, 10]
[Trainer] Starting BNN training...
[Trainer] No improvement. Iteration 7100. Early stopping counter: 1, LR counter: 1
[Trainer] No improvement. Iteration 7300. Early stopping counter: 1, LR counter: 1
[Trainer] No improvement. Iteration 7400. Early stopping counter: 2, LR counter: 2
[Trainer] No improvement. Iteration 7500. Early stopping counter: 3, LR counter: 3
[Trainer] No improvement. Iteration 7600. Early stopping counter: 4, LR counter: 4
[Trainer] No improvement. Iteration 7700. Early stopping counter: 5, LR counter: 5
[Trainer] No improvement. Iteration 7800. Early stopping counter: 6, LR counter: 6
[Trainer] No improvement. Iteration 7900. Early stopping counter: 7, LR counter: 7
[Trainer] No improvement. Iteration 8400. Early stopping counter: 1, LR counter: 1
[Trainer] No improvement. Iteration 8600. Early stopping counter: 1, LR counter: 1
[Trainer] No improvement. Iteration 8700. Early stopping counter: 2, LR counter: 2
[Trainer] No improvement. Iteration 8800. Early stopping counter: 3, LR counter: 3
[Trainer] No improvement. Iteration 8900. Early stopping counter: 4, LR counter: 4
[Trainer] No improvement. Iteration 9000. Early stopping counter: 5, LR counter: 5
[Trainer] No improvement. Iteration 9400. Early stopping counter: 1, LR counter: 1
[Trainer] No improvement. Iteration 9600. Early stopping counter: 1, LR counter: 1
[Trainer] No improvement. Iteration 9700. Early stopping counter: 2, LR counter: 2
[Trainer] No improvement. Iteration 9800. Early stopping counter: 3, LR counter: 3
[Trainer] No improvement. Iteration 9900. Early stopping counter: 4, LR counter: 4
[Trainer] No improvement. Iteration 10000. Early stopping counter: 5, LR counter: 5
[Trainer] No improvement. Iteration 10100. Early stopping counter: 6, LR counter: 6
[Trainer] No improvement. Iteration 10200. Early stopping counter: 7, LR counter: 7
[Trainer] No improvement. Iteration 10300. Early stopping counter: 8, LR counter: 8
[Trainer] No improvement. Iteration 10400. Early stopping counter: 9, LR counter: 9
[Trainer] No improvement. Iteration 10500. Early stopping counter: 10, LR counter: 10
[Trainer] No improvement. Iteration 10600. Early stopping counter: 11, LR counter: 11
[Trainer] No improvement. Iteration 10700. Early stopping counter: 12, LR counter: 12
[Trainer] No improvement. Iteration 10800. Early stopping counter: 13, LR counter: 13
[Trainer] No improvement. Iteration 10900. Early stopping counter: 14, LR counter: 14
[Trainer] No improvement. Iteration 11000. Early stopping counter: 15, LR counter: 15
[Trainer] No improvement. Iteration 11100. Early stopping counter: 16, LR counter: 16
[Trainer] No improvement. Iteration 11200. Early stopping counter: 17, LR counter: 17
[Trainer] No improvement. Iteration 11300. Early stopping counter: 18, LR counter: 18
[Trainer] No improvement. Iteration 11400. Early stopping counter: 19, LR counter: 19
[Trainer] No improvement. Iteration 11500. Early stopping counter: 20, LR counter: 20
[Trainer] No improvement. Iteration 13400. Early stopping counter: 1, LR counter: 1
[Trainer] No improvement. Iteration 13500. Early stopping counter: 2, LR counter: 2
[Trainer] No improvement. Iteration 13800. Early stopping counter: 1, LR counter: 1
[Trainer] No improvement. Iteration 13900. Early stopping counter: 2, LR counter: 2
[Trainer] No improvement. Iteration 14000. Early stopping counter: 3, LR counter: 3
[Trainer] No improvement. Iteration 14100. Early stopping counter: 4, LR counter: 4
[Trainer] No improvement. Iteration 14200. Early stopping counter: 5, LR counter: 5
[Trainer] No improvement. Iteration 14300. Early stopping counter: 6, LR counter: 6
[Trainer] No improvement. Iteration 14400. Early stopping counter: 7, LR counter: 7
[Trainer] No improvement. Iteration 14500. Early stopping counter: 8, LR counter: 8
[Trainer] No improvement. Iteration 14600. Early stopping counter: 9, LR counter: 9
[Trainer] No improvement. Iteration 14700. Early stopping counter: 10, LR counter: 10
[Trainer] No improvement. Iteration 14800. Early stopping counter: 11, LR counter: 11
[Trainer] No improvement. Iteration 14900. Early stopping counter: 12, LR counter: 12
[Trainer] No improvement. Iteration 15000. Early stopping counter: 13, LR counter: 13
[Trainer] No improvement. Iteration 15100. Early stopping counter: 14, LR counter: 14
[Trainer] No improvement. Iteration 15200. Early stopping counter: 15, LR counter: 15
[Trainer] No improvement. Iteration 15300. Early stopping counter: 16, LR counter: 16
[Trainer] No improvement. Iteration 15400. Early stopping counter: 17, LR counter: 17
[Trainer] No improvement. Iteration 15500. Early stopping counter: 18, LR counter: 18
[Trainer] No improvement. Iteration 15600. Early stopping counter: 19, LR counter: 19
[Trainer] No improvement. Iteration 15700. Early stopping counter: 20, LR counter: 20
[Trainer] No improvement. Iteration 15800. Early stopping counter: 21, LR counter: 21
[Trainer] No improvement. Iteration 15900. Early stopping counter: 22, LR counter: 22
[Trainer] No improvement. Iteration 16000. Early stopping counter: 23, LR counter: 23
[Trainer] No improvement. Iteration 16100. Early stopping counter: 24, LR counter: 24
[Trainer] No improvement. Iteration 16200. Early stopping counter: 25, LR counter: 25
[Trainer] Learning rate reduced to: 0.000010
[Trainer] No improvement. Iteration 16300. Early stopping counter: 26, LR counter: 1
[Trainer] No improvement. Iteration 16400. Early stopping counter: 27, LR counter: 2
[Trainer] No improvement. Iteration 16500. Early stopping counter: 28, LR counter: 3
[Trainer] No improvement. Iteration 16600. Early stopping counter: 29, LR counter: 4
[Trainer] No improvement. Iteration 16700. Early stopping counter: 30, LR counter: 5
[Trainer] No improvement. Iteration 16800. Early stopping counter: 31, LR counter: 6
[Trainer] No improvement. Iteration 16900. Early stopping counter: 32, LR counter: 7
[Trainer] No improvement. Iteration 17000. Early stopping counter: 33, LR counter: 8
[Trainer] No improvement. Iteration 17100. Early stopping counter: 34, LR counter: 9
[Trainer] No improvement. Iteration 17200. Early stopping counter: 35, LR counter: 10
[Trainer] No improvement. Iteration 17300. Early stopping counter: 36, LR counter: 11
[Trainer] No improvement. Iteration 17400. Early stopping counter: 37, LR counter: 12
[Trainer] No improvement. Iteration 17500. Early stopping counter: 38, LR counter: 13
[Trainer] No improvement. Iteration 17800. Early stopping counter: 1, LR counter: 1
[Trainer] No improvement. Iteration 17900. Early stopping counter: 2, LR counter: 2
[Trainer] No improvement. Iteration 18000. Early stopping counter: 3, LR counter: 3
[Trainer] No improvement. Iteration 18100. Early stopping counter: 4, LR counter: 4
[Trainer] No improvement. Iteration 18200. Early stopping counter: 5, LR counter: 5
[Trainer] No improvement. Iteration 18300. Early stopping counter: 6, LR counter: 6
[Trainer] No improvement. Iteration 18400. Early stopping counter: 7, LR counter: 7
[Trainer] No improvement. Iteration 18500. Early stopping counter: 8, LR counter: 8
[Trainer] No improvement. Iteration 18600. Early stopping counter: 9, LR counter: 9
[Trainer] No improvement. Iteration 18700. Early stopping counter: 10, LR counter: 10
[Trainer] No improvement. Iteration 18800. Early stopping counter: 11, LR counter: 11
[Trainer] No improvement. Iteration 18900. Early stopping counter: 12, LR counter: 12
[Trainer] No improvement. Iteration 19000. Early stopping counter: 13, LR counter: 13
[Trainer] No improvement. Iteration 19100. Early stopping counter: 14, LR counter: 14
[Trainer] No improvement. Iteration 19200. Early stopping counter: 15, LR counter: 15
[Trainer] No improvement. Iteration 19300. Early stopping counter: 16, LR counter: 16
[Trainer] No improvement. Iteration 19400. Early stopping counter: 17, LR counter: 17
[Trainer] No improvement. Iteration 19500. Early stopping counter: 18, LR counter: 18
[Trainer] No improvement. Iteration 19600. Early stopping counter: 19, LR counter: 19
[Trainer] No improvement. Iteration 19700. Early stopping counter: 20, LR counter: 20
[Trainer] No improvement. Iteration 19800. Early stopping counter: 21, LR counter: 21
[Trainer] No improvement. Iteration 19900. Early stopping counter: 22, LR counter: 22
[Trainer] No improvement. Iteration 20000. Early stopping counter: 23, LR counter: 23
[Trainer] No improvement. Iteration 20100. Early stopping counter: 24, LR counter: 24
[Trainer] No improvement. Iteration 20200. Early stopping counter: 25, LR counter: 25
[Trainer] Learning rate reduced to: 0.000001
[Trainer] No improvement. Iteration 20300. Early stopping counter: 26, LR counter: 1
[Trainer] No improvement. Iteration 20400. Early stopping counter: 27, LR counter: 2
[Trainer] No improvement. Iteration 20500. Early stopping counter: 28, LR counter: 3
[Trainer] No improvement. Iteration 20600. Early stopping counter: 29, LR counter: 4
[Trainer] No improvement. Iteration 20700. Early stopping counter: 30, LR counter: 5
[Trainer] No improvement. Iteration 20800. Early stopping counter: 31, LR counter: 6
[Trainer] No improvement. Iteration 20900. Early stopping counter: 32, LR counter: 7
[Trainer] No improvement. Iteration 21000. Early stopping counter: 33, LR counter: 8
[Trainer] No improvement. Iteration 21100. Early stopping counter: 34, LR counter: 9
[Trainer] No improvement. Iteration 21200. Early stopping counter: 35, LR counter: 10
[Trainer] No improvement. Iteration 21300. Early stopping counter: 36, LR counter: 11
[Trainer] No improvement. Iteration 21400. Early stopping counter: 37, LR counter: 12
[Trainer] No improvement. Iteration 21500. Early stopping counter: 38, LR counter: 13
[Trainer] No improvement. Iteration 21600. Early stopping counter: 39, LR counter: 14
[Trainer] No improvement. Iteration 21700. Early stopping counter: 40, LR counter: 15
[Trainer] No improvement. Iteration 21800. Early stopping counter: 41, LR counter: 16
[Trainer] No improvement. Iteration 21900. Early stopping counter: 42, LR counter: 17
[Trainer] No improvement. Iteration 22000. Early stopping counter: 43, LR counter: 18
[Trainer] No improvement. Iteration 22100. Early stopping counter: 44, LR counter: 19
[Trainer] No improvement. Iteration 22200. Early stopping counter: 45, LR counter: 20
[Trainer] No improvement. Iteration 22300. Early stopping counter: 46, LR counter: 21
[Trainer] No improvement. Iteration 22400. Early stopping counter: 47, LR counter: 22
[Trainer] No improvement. Iteration 22500. Early stopping counter: 48, LR counter: 23
[Trainer] No improvement. Iteration 22600. Early stopping counter: 49, LR counter: 24
[Trainer] No improvement. Iteration 22700. Early stopping counter: 50, LR counter: 25
[Trainer] Learning rate reduced to: 0.000000
[Trainer] Early stopping triggered.
[Trainer] Training completed.
[Trainer] Calibrating temperatures on validation set...
[Trainer] Temperature calibration finished. Calibrated temperatures: {4: 1.532257080078125, 6: 1.2719067335128784, 8: 1.3589955568313599, 10: 1.5265709161758423}
[Trainer] BNN training completed.
**************************************************
Z=8, N=4, emax=4
RMSE Eb: 0.884
RMSE Rch: 0.009
MAPE Eb: 2.581
MAPE Rch: 0.383
--------------------------------------------------
**************************************************
Z=8, N=4, emax=10
RMSE Eb: 2.016
RMSE Rch: 0.024
MAPE Eb: 3.374
MAPE Rch: 1.165
--------------------------------------------------
**************************************************
Z=8, N=4, emax=6
RMSE Eb: 0.893
RMSE Rch: 0.010
MAPE Eb: 1.667
MAPE Rch: 0.452
--------------------------------------------------
**************************************************
Z=8, N=4, emax=8
RMSE Eb: 1.305
RMSE Rch: 0.012
MAPE Eb: 2.261
MAPE Rch: 0.596
--------------------------------------------------
**************************************************
Z=8, N=5, emax=8
RMSE Eb: 1.246
RMSE Rch: 0.011
MAPE Eb: 1.608
MAPE Rch: 0.561
--------------------------------------------------
**************************************************
Z=8, N=5, emax=6
RMSE Eb: 0.859
RMSE Rch: 0.007
MAPE Eb: 1.117
MAPE Rch: 0.349
--------------------------------------------------
**************************************************
Z=8, N=5, emax=4
RMSE Eb: 0.743
RMSE Rch: 0.008
MAPE Eb: 1.447
MAPE Rch: 0.352
--------------------------------------------------
**************************************************
Z=8, N=5, emax=10
RMSE Eb: 0.731
RMSE Rch: 0.011
MAPE Eb: 0.975
MAPE Rch: 0.394
--------------------------------------------------
**************************************************
Z=8, N=6, emax=4
RMSE Eb: 0.889
RMSE Rch: 0.007
MAPE Eb: 1.313
MAPE Rch: 0.327
--------------------------------------------------
**************************************************
Z=8, N=6, emax=6
RMSE Eb: 1.049
RMSE Rch: 0.008
MAPE Eb: 1.086
MAPE Rch: 0.418
--------------------------------------------------
**************************************************
Z=8, N=6, emax=8
RMSE Eb: 1.362
RMSE Rch: 0.012
MAPE Eb: 1.249
MAPE Rch: 0.543
--------------------------------------------------
**************************************************
Z=8, N=6, emax=10
RMSE Eb: 1.897
RMSE Rch: 0.009
MAPE Eb: 1.730
MAPE Rch: 0.488
--------------------------------------------------
**************************************************
Z=8, N=7, emax=8
RMSE Eb: 1.651
RMSE Rch: 0.013
MAPE Eb: 1.315
MAPE Rch: 0.745
--------------------------------------------------
**************************************************
Z=8, N=7, emax=10
RMSE Eb: 1.452
RMSE Rch: 0.018
MAPE Eb: 1.068
MAPE Rch: 1.040
--------------------------------------------------
**************************************************
Z=8, N=7, emax=6
RMSE Eb: 1.098
RMSE Rch: 0.013
MAPE Eb: 0.997
MAPE Rch: 0.639
--------------------------------------------------
**************************************************
Z=8, N=7, emax=4
RMSE Eb: 1.104
RMSE Rch: 0.012
MAPE Eb: 1.421
MAPE Rch: 0.577
--------------------------------------------------
**************************************************
Z=8, N=8, emax=4
RMSE Eb: 0.787
RMSE Rch: 0.008
MAPE Eb: 0.884
MAPE Rch: 0.215
--------------------------------------------------
**************************************************
Z=8, N=8, emax=8
RMSE Eb: 1.444
RMSE Rch: 0.011
MAPE Eb: 1.005
MAPE Rch: 0.318
--------------------------------------------------
**************************************************
Z=8, N=8, emax=6
RMSE Eb: 0.925
RMSE Rch: 0.012
MAPE Eb: 0.696
MAPE Rch: 0.355
--------------------------------------------------
**************************************************
Z=8, N=8, emax=10
RMSE Eb: 2.698
RMSE Rch: 0.017
MAPE Eb: 1.863
MAPE Rch: 0.495
--------------------------------------------------
**************************************************
Z=8, N=9, emax=8
RMSE Eb: 0.962
RMSE Rch: 0.008
MAPE Eb: 0.711
MAPE Rch: 0.240
--------------------------------------------------
**************************************************
Z=8, N=9, emax=6
RMSE Eb: 0.856
RMSE Rch: 0.007
MAPE Eb: 0.705
MAPE Rch: 0.207
--------------------------------------------------
**************************************************
Z=8, N=9, emax=4
RMSE Eb: 0.613
RMSE Rch: 0.008
MAPE Eb: 0.677
MAPE Rch: 0.222
--------------------------------------------------
**************************************************
Z=8, N=9, emax=10
RMSE Eb: 1.035
RMSE Rch: 0.011
MAPE Eb: 0.616
MAPE Rch: 0.329
--------------------------------------------------
**************************************************
Z=8, N=10, emax=4
RMSE Eb: 0.590
RMSE Rch: 0.006
MAPE Eb: 0.636
MAPE Rch: 0.173
--------------------------------------------------
**************************************************
Z=8, N=10, emax=10
RMSE Eb: 0.776
RMSE Rch: 0.007
MAPE Eb: 0.603
MAPE Rch: 0.204
--------------------------------------------------
**************************************************
Z=8, N=10, emax=6
RMSE Eb: 0.725
RMSE Rch: 0.006
MAPE Eb: 0.527
MAPE Rch: 0.169
--------------------------------------------------
**************************************************
Z=8, N=10, emax=8
RMSE Eb: 0.911
RMSE Rch: 0.008
MAPE Eb: 0.653
MAPE Rch: 0.233
--------------------------------------------------
**************************************************
Z=8, N=11, emax=4
RMSE Eb: 0.701
RMSE Rch: 0.007
MAPE Eb: 0.715
MAPE Rch: 0.204
--------------------------------------------------
**************************************************
Z=8, N=11, emax=6
RMSE Eb: 0.587
RMSE Rch: 0.005
MAPE Eb: 0.438
MAPE Rch: 0.159
--------------------------------------------------
**************************************************
Z=8, N=11, emax=8
RMSE Eb: 0.878
RMSE Rch: 0.006
MAPE Eb: 0.603
MAPE Rch: 0.164
--------------------------------------------------
**************************************************
Z=8, N=11, emax=10
RMSE Eb: 1.153
RMSE Rch: 0.008
MAPE Eb: 0.740
MAPE Rch: 0.257
--------------------------------------------------
**************************************************
Z=8, N=12, emax=6
RMSE Eb: 0.568
RMSE Rch: 0.005
MAPE Eb: 0.373
MAPE Rch: 0.135
--------------------------------------------------
**************************************************
Z=8, N=12, emax=4
RMSE Eb: 0.599
RMSE Rch: 0.007
MAPE Eb: 0.603
MAPE Rch: 0.214
--------------------------------------------------
**************************************************
Z=8, N=12, emax=8
RMSE Eb: 0.900
RMSE Rch: 0.006
MAPE Eb: 0.614
MAPE Rch: 0.150
--------------------------------------------------
**************************************************
Z=8, N=12, emax=10
RMSE Eb: 1.291
RMSE Rch: 0.007
MAPE Eb: 0.955
MAPE Rch: 0.204
--------------------------------------------------
**************************************************
Z=8, N=13, emax=8
RMSE Eb: 1.000
RMSE Rch: 0.007
MAPE Eb: 0.635
MAPE Rch: 0.172
--------------------------------------------------
**************************************************
Z=8, N=13, emax=4
RMSE Eb: 0.619
RMSE Rch: 0.009
MAPE Eb: 0.613
MAPE Rch: 0.243
--------------------------------------------------
**************************************************
Z=8, N=13, emax=10
RMSE Eb: 0.762
RMSE Rch: 0.009
MAPE Eb: 0.525
MAPE Rch: 0.256
--------------------------------------------------
**************************************************
Z=8, N=13, emax=6
RMSE Eb: 0.771
RMSE Rch: 0.006
MAPE Eb: 0.588
MAPE Rch: 0.167
--------------------------------------------------
**************************************************
Z=8, N=14, emax=8
RMSE Eb: 0.965
RMSE Rch: 0.012
MAPE Eb: 0.584
MAPE Rch: 0.293
--------------------------------------------------
**************************************************
Z=8, N=14, emax=4
RMSE Eb: 0.662
RMSE Rch: 0.009
MAPE Eb: 0.675
MAPE Rch: 0.233
--------------------------------------------------
**************************************************
Z=8, N=14, emax=6
RMSE Eb: 0.738
RMSE Rch: 0.006
MAPE Eb: 0.546
MAPE Rch: 0.174
--------------------------------------------------
**************************************************
Z=8, N=14, emax=10
RMSE Eb: 1.171
RMSE Rch: 0.013
MAPE Eb: 0.770
MAPE Rch: 0.283
--------------------------------------------------
**************************************************
Z=8, N=15, emax=8
RMSE Eb: 1.003
RMSE Rch: 0.007
MAPE Eb: 0.610
MAPE Rch: 0.185
--------------------------------------------------
**************************************************
Z=8, N=15, emax=4
RMSE Eb: 0.697
RMSE Rch: 0.007
MAPE Eb: 0.698
MAPE Rch: 0.197
--------------------------------------------------
**************************************************
Z=8, N=15, emax=6
RMSE Eb: 0.671
RMSE Rch: 0.006
MAPE Eb: 0.505
MAPE Rch: 0.157
--------------------------------------------------
**************************************************
Z=8, N=15, emax=10
RMSE Eb: 1.059
RMSE Rch: 0.006
MAPE Eb: 0.594
MAPE Rch: 0.189
--------------------------------------------------
**************************************************
Z=8, N=16, emax=8
RMSE Eb: 1.296
RMSE Rch: 0.009
MAPE Eb: 0.765
MAPE Rch: 0.246
--------------------------------------------------
**************************************************
Z=8, N=16, emax=6
RMSE Eb: 0.737
RMSE Rch: 0.006
MAPE Eb: 0.501
MAPE Rch: 0.168
--------------------------------------------------
**************************************************
Z=8, N=16, emax=10
RMSE Eb: 1.213
RMSE Rch: 0.009
MAPE Eb: 0.743
MAPE Rch: 0.259
--------------------------------------------------
**************************************************
Z=8, N=16, emax=4
RMSE Eb: 0.808
RMSE Rch: 0.007
MAPE Eb: 0.778
MAPE Rch: 0.200
--------------------------------------------------
Finished VAL for AE n=90
**************************************************
Z=8, N=4, emax=6
RMSE Eb: 0.882
RMSE Rch: 0.009
MAPE Eb: 1.649
MAPE Rch: 0.419
--------------------------------------------------
**************************************************
Z=8, N=4, emax=8
RMSE Eb: 1.123
RMSE Rch: 0.020
MAPE Eb: 1.913
MAPE Rch: 0.904
--------------------------------------------------
**************************************************
Z=8, N=4, emax=4
RMSE Eb: 0.876
RMSE Rch: 0.008
MAPE Eb: 2.276
MAPE Rch: 0.340
--------------------------------------------------
**************************************************
Z=8, N=4, emax=10
RMSE Eb: 1.489
RMSE Rch: 0.024
MAPE Eb: 2.240
MAPE Rch: 1.275
--------------------------------------------------
**************************************************
Z=8, N=5, emax=4
RMSE Eb: 0.787
RMSE Rch: 0.007
MAPE Eb: 1.556
MAPE Rch: 0.322
--------------------------------------------------
**************************************************
Z=8, N=5, emax=8
RMSE Eb: 1.141
RMSE Rch: 0.012
MAPE Eb: 1.422
MAPE Rch: 0.573
--------------------------------------------------
**************************************************
Z=8, N=5, emax=6
RMSE Eb: 0.783
RMSE Rch: 0.007
MAPE Eb: 1.184
MAPE Rch: 0.338
--------------------------------------------------
**************************************************
Z=8, N=5, emax=10
RMSE Eb: 2.051
RMSE Rch: 0.013
MAPE Eb: 2.435
MAPE Rch: 0.613
--------------------------------------------------
**************************************************
Z=8, N=6, emax=4
RMSE Eb: 0.997
RMSE Rch: 0.009
MAPE Eb: 1.400
MAPE Rch: 0.395
--------------------------------------------------
**************************************************
Z=8, N=6, emax=8
RMSE Eb: 1.488
RMSE Rch: 0.011
MAPE Eb: 1.377
MAPE Rch: 0.536
--------------------------------------------------
**************************************************
Z=8, N=6, emax=6
RMSE Eb: 1.183
RMSE Rch: 0.010
MAPE Eb: 1.325
MAPE Rch: 0.433
--------------------------------------------------
**************************************************
Z=8, N=6, emax=10
RMSE Eb: 1.185
RMSE Rch: 0.014
MAPE Eb: 1.190
MAPE Rch: 0.712
--------------------------------------------------
**************************************************
Z=8, N=7, emax=4
RMSE Eb: 1.158
RMSE Rch: 0.013
MAPE Eb: 1.352
MAPE Rch: 0.633
--------------------------------------------------
**************************************************
Z=8, N=7, emax=8
RMSE Eb: 1.733
RMSE Rch: 0.013
MAPE Eb: 1.461
MAPE Rch: 0.732
--------------------------------------------------
**************************************************
Z=8, N=7, emax=6
RMSE Eb: 1.287
RMSE Rch: 0.013
MAPE Eb: 1.199
MAPE Rch: 0.683
--------------------------------------------------
**************************************************
Z=8, N=7, emax=10
RMSE Eb: 1.260
RMSE Rch: 0.017
MAPE Eb: 1.063
MAPE Rch: 0.878
--------------------------------------------------
**************************************************
Z=8, N=8, emax=4
RMSE Eb: 0.821
RMSE Rch: 0.009
MAPE Eb: 0.892
MAPE Rch: 0.227
--------------------------------------------------
**************************************************
Z=8, N=8, emax=6
RMSE Eb: 1.054
RMSE Rch: 0.011
MAPE Eb: 0.896
MAPE Rch: 0.307
--------------------------------------------------
**************************************************
Z=8, N=8, emax=8
RMSE Eb: 1.147
RMSE Rch: 0.011
MAPE Eb: 0.870
MAPE Rch: 0.338
--------------------------------------------------
**************************************************
Z=8, N=8, emax=10
RMSE Eb: 1.020
RMSE Rch: 0.007
MAPE Eb: 0.798
MAPE Rch: 0.229
--------------------------------------------------
**************************************************
Z=8, N=9, emax=4
RMSE Eb: 0.752
RMSE Rch: 0.009
MAPE Eb: 0.802
MAPE Rch: 0.247
--------------------------------------------------
**************************************************
Z=8, N=9, emax=8
RMSE Eb: 0.881
RMSE Rch: 0.008
MAPE Eb: 0.650
MAPE Rch: 0.249
--------------------------------------------------
**************************************************
Z=8, N=9, emax=6
RMSE Eb: 0.794
RMSE Rch: 0.007
MAPE Eb: 0.654
MAPE Rch: 0.212
--------------------------------------------------
**************************************************
Z=8, N=9, emax=10
RMSE Eb: 1.432
RMSE Rch: 0.009
MAPE Eb: 0.960
MAPE Rch: 0.271
--------------------------------------------------
**************************************************
Z=8, N=10, emax=4
RMSE Eb: 0.640
RMSE Rch: 0.006
MAPE Eb: 0.654
MAPE Rch: 0.185
--------------------------------------------------
**************************************************
Z=8, N=10, emax=6
RMSE Eb: 0.636
RMSE Rch: 0.006
MAPE Eb: 0.474
MAPE Rch: 0.172
--------------------------------------------------
**************************************************
Z=8, N=10, emax=8
RMSE Eb: 1.081
RMSE Rch: 0.007
MAPE Eb: 0.807
MAPE Rch: 0.206
--------------------------------------------------
**************************************************
Z=8, N=10, emax=10
RMSE Eb: 1.450
RMSE Rch: 0.007
MAPE Eb: 1.020
MAPE Rch: 0.218
--------------------------------------------------
**************************************************
Z=8, N=11, emax=8
RMSE Eb: 0.866
RMSE Rch: 0.007
MAPE Eb: 0.556
MAPE Rch: 0.202
--------------------------------------------------
**************************************************
Z=8, N=11, emax=4
RMSE Eb: 0.689
RMSE Rch: 0.006
MAPE Eb: 0.748
MAPE Rch: 0.182
--------------------------------------------------
**************************************************
Z=8, N=11, emax=6
RMSE Eb: 0.676
RMSE Rch: 0.006
MAPE Eb: 0.522
MAPE Rch: 0.152
--------------------------------------------------
**************************************************
Z=8, N=11, emax=10
RMSE Eb: 0.946
RMSE Rch: 0.008
MAPE Eb: 0.699
MAPE Rch: 0.245
--------------------------------------------------
**************************************************
Z=8, N=12, emax=6
RMSE Eb: 0.675
RMSE Rch: 0.005
MAPE Eb: 0.485
MAPE Rch: 0.140
--------------------------------------------------
**************************************************
Z=8, N=12, emax=8
RMSE Eb: 1.141
RMSE Rch: 0.007
MAPE Eb: 0.724
MAPE Rch: 0.193
--------------------------------------------------
**************************************************
Z=8, N=12, emax=4
RMSE Eb: 0.646
RMSE Rch: 0.006
MAPE Eb: 0.645
MAPE Rch: 0.165
--------------------------------------------------
**************************************************
Z=8, N=12, emax=10
RMSE Eb: 1.047
RMSE Rch: 0.007
MAPE Eb: 0.705
MAPE Rch: 0.214
--------------------------------------------------
**************************************************
Z=8, N=13, emax=8
RMSE Eb: 1.004
RMSE Rch: 0.007
MAPE Eb: 0.651
MAPE Rch: 0.201
--------------------------------------------------
**************************************************
Z=8, N=13, emax=4
RMSE Eb: 0.647
RMSE Rch: 0.008
MAPE Eb: 0.656
MAPE Rch: 0.243
--------------------------------------------------
**************************************************
Z=8, N=13, emax=6
RMSE Eb: 0.733
RMSE Rch: 0.006
MAPE Eb: 0.503
MAPE Rch: 0.161
--------------------------------------------------
**************************************************
Z=8, N=13, emax=10
RMSE Eb: 0.561
RMSE Rch: 0.022
MAPE Eb: 0.397
MAPE Rch: 0.365
--------------------------------------------------
**************************************************
Z=8, N=14, emax=6
RMSE Eb: 0.748
RMSE Rch: 0.006
MAPE Eb: 0.539
MAPE Rch: 0.170
--------------------------------------------------
**************************************************
Z=8, N=14, emax=10
RMSE Eb: 0.971
RMSE Rch: 0.015
MAPE Eb: 0.599
MAPE Rch: 0.364
--------------------------------------------------
**************************************************
Z=8, N=14, emax=4
RMSE Eb: 0.694
RMSE Rch: 0.008
MAPE Eb: 0.732
MAPE Rch: 0.219
--------------------------------------------------
**************************************************
Z=8, N=14, emax=8
RMSE Eb: 0.986
RMSE Rch: 0.010
MAPE Eb: 0.656
MAPE Rch: 0.248
--------------------------------------------------
**************************************************
Z=8, N=15, emax=8
RMSE Eb: 1.072
RMSE Rch: 0.009
MAPE Eb: 0.665
MAPE Rch: 0.232
--------------------------------------------------
**************************************************
Z=8, N=15, emax=6
RMSE Eb: 0.651
RMSE Rch: 0.005
MAPE Eb: 0.469
MAPE Rch: 0.152
--------------------------------------------------
**************************************************
Z=8, N=15, emax=4
RMSE Eb: 0.699
RMSE Rch: 0.006
MAPE Eb: 0.663
MAPE Rch: 0.173
--------------------------------------------------
**************************************************
Z=8, N=15, emax=10
RMSE Eb: 0.863
RMSE Rch: 0.004
MAPE Eb: 0.571
MAPE Rch: 0.118
--------------------------------------------------
**************************************************
Z=8, N=16, emax=4
RMSE Eb: 0.771
RMSE Rch: 0.008
MAPE Eb: 0.756
MAPE Rch: 0.203
--------------------------------------------------
**************************************************
Z=8, N=16, emax=8
RMSE Eb: 1.248
RMSE Rch: 0.007
MAPE Eb: 0.728
MAPE Rch: 0.196
--------------------------------------------------
**************************************************
Z=8, N=16, emax=6
RMSE Eb: 0.718
RMSE Rch: 0.007
MAPE Eb: 0.493
MAPE Rch: 0.190
--------------------------------------------------
**************************************************
Z=8, N=16, emax=10
RMSE Eb: 1.685
RMSE Rch: 0.009
MAPE Eb: 0.913
MAPE Rch: 0.264
--------------------------------------------------
