Activated conda environment
[DataLoader] Found 13 files matching the pattern.
[DataLoader] Combined data shape: (17234, 35)
[Preprocess] Data split => train: (11029, 35), val: (2758, 35), test: (3447, 35)
[Preprocess] Processed fidelity 4 (index 0): 3758 samples.
[Preprocess] Processed fidelity 6 (index 1): 3346 samples.
[Preprocess] Processed fidelity 8 (index 2): 3194 samples.
[Preprocess] Processed fidelity 10 (index 3): 731 samples.
[Preprocess] Processed fidelity 4 (index 0): 949 samples.
[Preprocess] Processed fidelity 6 (index 1): 833 samples.
[Preprocess] Processed fidelity 8 (index 2): 801 samples.
[Preprocess] Processed fidelity 10 (index 3): 175 samples.
Fidelity levels: [4, 6, 8, 10]
[Trainer] Starting BNN training...
[Trainer] No improvement. Iteration 8500. Early stopping counter: 1, LR counter: 1
[Trainer] No improvement. Iteration 8600. Early stopping counter: 2, LR counter: 2
[Trainer] No improvement. Iteration 8700. Early stopping counter: 3, LR counter: 3
[Trainer] No improvement. Iteration 8800. Early stopping counter: 4, LR counter: 4
[Trainer] No improvement. Iteration 8900. Early stopping counter: 5, LR counter: 5
[Trainer] No improvement. Iteration 9000. Early stopping counter: 6, LR counter: 6
[Trainer] No improvement. Iteration 9100. Early stopping counter: 7, LR counter: 7
[Trainer] No improvement. Iteration 9200. Early stopping counter: 8, LR counter: 8
[Trainer] No improvement. Iteration 9300. Early stopping counter: 9, LR counter: 9
[Trainer] No improvement. Iteration 9400. Early stopping counter: 10, LR counter: 10
[Trainer] No improvement. Iteration 9500. Early stopping counter: 11, LR counter: 11
[Trainer] No improvement. Iteration 9600. Early stopping counter: 12, LR counter: 12
[Trainer] No improvement. Iteration 9700. Early stopping counter: 13, LR counter: 13
[Trainer] No improvement. Iteration 9800. Early stopping counter: 14, LR counter: 14
[Trainer] No improvement. Iteration 9900. Early stopping counter: 15, LR counter: 15
[Trainer] No improvement. Iteration 10000. Early stopping counter: 16, LR counter: 16
[Trainer] No improvement. Iteration 10100. Early stopping counter: 17, LR counter: 17
[Trainer] No improvement. Iteration 10200. Early stopping counter: 18, LR counter: 18
[Trainer] No improvement. Iteration 10300. Early stopping counter: 19, LR counter: 19
[Trainer] No improvement. Iteration 10400. Early stopping counter: 20, LR counter: 20
[Trainer] No improvement. Iteration 10500. Early stopping counter: 21, LR counter: 21
[Trainer] No improvement. Iteration 10600. Early stopping counter: 22, LR counter: 22
[Trainer] No improvement. Iteration 10700. Early stopping counter: 23, LR counter: 23
[Trainer] No improvement. Iteration 10800. Early stopping counter: 24, LR counter: 24
[Trainer] No improvement. Iteration 10900. Early stopping counter: 25, LR counter: 25
[Trainer] Learning rate reduced to: 0.000010
[Trainer] No improvement. Iteration 11000. Early stopping counter: 26, LR counter: 1
[Trainer] No improvement. Iteration 11100. Early stopping counter: 27, LR counter: 2
[Trainer] No improvement. Iteration 11200. Early stopping counter: 28, LR counter: 3
[Trainer] No improvement. Iteration 11300. Early stopping counter: 29, LR counter: 4
[Trainer] No improvement. Iteration 11400. Early stopping counter: 30, LR counter: 5
[Trainer] No improvement. Iteration 11500. Early stopping counter: 31, LR counter: 6
[Trainer] No improvement. Iteration 11600. Early stopping counter: 32, LR counter: 7
[Trainer] No improvement. Iteration 11700. Early stopping counter: 33, LR counter: 8
[Trainer] No improvement. Iteration 11800. Early stopping counter: 34, LR counter: 9
[Trainer] No improvement. Iteration 11900. Early stopping counter: 35, LR counter: 10
[Trainer] No improvement. Iteration 12000. Early stopping counter: 36, LR counter: 11
[Trainer] No improvement. Iteration 12100. Early stopping counter: 37, LR counter: 12
[Trainer] No improvement. Iteration 12200. Early stopping counter: 38, LR counter: 13
[Trainer] No improvement. Iteration 12300. Early stopping counter: 39, LR counter: 14
[Trainer] No improvement. Iteration 12400. Early stopping counter: 40, LR counter: 15
[Trainer] No improvement. Iteration 12500. Early stopping counter: 41, LR counter: 16
[Trainer] No improvement. Iteration 12600. Early stopping counter: 42, LR counter: 17
[Trainer] No improvement. Iteration 12700. Early stopping counter: 43, LR counter: 18
[Trainer] No improvement. Iteration 12800. Early stopping counter: 44, LR counter: 19
[Trainer] No improvement. Iteration 12900. Early stopping counter: 45, LR counter: 20
[Trainer] No improvement. Iteration 13000. Early stopping counter: 46, LR counter: 21
[Trainer] No improvement. Iteration 13100. Early stopping counter: 47, LR counter: 22
[Trainer] No improvement. Iteration 13200. Early stopping counter: 48, LR counter: 23
[Trainer] No improvement. Iteration 13300. Early stopping counter: 49, LR counter: 24
[Trainer] No improvement. Iteration 13400. Early stopping counter: 50, LR counter: 25
[Trainer] Learning rate reduced to: 0.000001
[Trainer] Early stopping triggered.
[Trainer] Training completed.
[Trainer] Calibrating temperatures on validation set...
[Trainer] Temperature calibration finished. Calibrated temperatures: {4: 1.1838425397872925, 6: 1.0188660621643066, 8: 1.0730172395706177, 10: 1.417394757270813}
[Trainer] BNN training completed.
**************************************************
Z=8, N=4, emax=4
RMSE Eb: 0.769
RMSE Rch: 0.011
MAPE Eb: 2.286
MAPE Rch: 0.490
--------------------------------------------------
**************************************************
Z=8, N=4, emax=10
RMSE Eb: 1.318
RMSE Rch: 0.056
MAPE Eb: 2.270
MAPE Rch: 2.665
--------------------------------------------------
**************************************************
Z=8, N=4, emax=6
RMSE Eb: 0.777
RMSE Rch: 0.014
MAPE Eb: 1.537
MAPE Rch: 0.664
--------------------------------------------------
**************************************************
Z=8, N=4, emax=8
RMSE Eb: 0.951
RMSE Rch: 0.020
MAPE Eb: 1.629
MAPE Rch: 0.856
--------------------------------------------------
**************************************************
Z=8, N=5, emax=8
RMSE Eb: 0.930
RMSE Rch: 0.017
MAPE Eb: 1.137
MAPE Rch: 0.854
--------------------------------------------------
**************************************************
Z=8, N=5, emax=6
RMSE Eb: 0.928
RMSE Rch: 0.012
MAPE Eb: 1.357
MAPE Rch: 0.569
--------------------------------------------------
**************************************************
Z=8, N=5, emax=4
RMSE Eb: 1.162
RMSE Rch: 0.012
MAPE Eb: 2.466
MAPE Rch: 0.558
--------------------------------------------------
**************************************************
Z=8, N=5, emax=10
RMSE Eb: 1.297
RMSE Rch: 0.030
MAPE Eb: 1.456
MAPE Rch: 1.869
--------------------------------------------------
**************************************************
Z=8, N=6, emax=4
RMSE Eb: 1.147
RMSE Rch: 0.017
MAPE Eb: 1.706
MAPE Rch: 0.756
--------------------------------------------------
**************************************************
Z=8, N=6, emax=6
RMSE Eb: 0.881
RMSE Rch: 0.011
MAPE Eb: 0.970
MAPE Rch: 0.558
--------------------------------------------------
**************************************************
Z=8, N=6, emax=8
RMSE Eb: 1.105
RMSE Rch: 0.014
MAPE Eb: 1.046
MAPE Rch: 0.696
--------------------------------------------------
**************************************************
Z=8, N=6, emax=10
RMSE Eb: 1.613
RMSE Rch: 0.018
MAPE Eb: 1.508
MAPE Rch: 1.035
--------------------------------------------------
**************************************************
Z=8, N=7, emax=8
RMSE Eb: 1.328
RMSE Rch: 0.015
MAPE Eb: 1.099
MAPE Rch: 0.812
--------------------------------------------------
**************************************************
Z=8, N=7, emax=10
RMSE Eb: 1.360
RMSE Rch: 0.020
MAPE Eb: 0.923
MAPE Rch: 1.219
--------------------------------------------------
**************************************************
Z=8, N=7, emax=6
RMSE Eb: 1.141
RMSE Rch: 0.010
MAPE Eb: 1.075
MAPE Rch: 0.511
--------------------------------------------------
**************************************************
Z=8, N=7, emax=4
RMSE Eb: 1.237
RMSE Rch: 0.012
MAPE Eb: 1.531
MAPE Rch: 0.608
--------------------------------------------------
**************************************************
Z=8, N=8, emax=4
RMSE Eb: 1.613
RMSE Rch: 0.014
MAPE Eb: 1.632
MAPE Rch: 0.412
--------------------------------------------------
**************************************************
Z=8, N=8, emax=8
RMSE Eb: 1.835
RMSE Rch: 0.017
MAPE Eb: 1.434
MAPE Rch: 0.487
--------------------------------------------------
**************************************************
Z=8, N=8, emax=6
RMSE Eb: 1.111
RMSE Rch: 0.013
MAPE Eb: 0.892
MAPE Rch: 0.370
--------------------------------------------------
**************************************************
Z=8, N=8, emax=10
RMSE Eb: 2.140
RMSE Rch: 0.016
MAPE Eb: 1.361
MAPE Rch: 0.427
--------------------------------------------------
**************************************************
Z=8, N=9, emax=8
RMSE Eb: 1.525
RMSE Rch: 0.009
MAPE Eb: 1.107
MAPE Rch: 0.288
--------------------------------------------------
**************************************************
Z=8, N=9, emax=6
RMSE Eb: 1.314
RMSE Rch: 0.011
MAPE Eb: 1.151
MAPE Rch: 0.309
--------------------------------------------------
**************************************************
Z=8, N=9, emax=4
RMSE Eb: 1.770
RMSE Rch: 0.014
MAPE Eb: 1.733
MAPE Rch: 0.408
--------------------------------------------------
**************************************************
Z=8, N=9, emax=10
RMSE Eb: 1.510
RMSE Rch: 0.010
MAPE Eb: 1.055
MAPE Rch: 0.311
--------------------------------------------------
**************************************************
Z=8, N=10, emax=4
RMSE Eb: 1.623
RMSE Rch: 0.009
MAPE Eb: 1.815
MAPE Rch: 0.249
--------------------------------------------------
**************************************************
Z=8, N=10, emax=10
RMSE Eb: 1.571
RMSE Rch: 0.008
MAPE Eb: 1.274
MAPE Rch: 0.274
--------------------------------------------------
**************************************************
Z=8, N=10, emax=6
RMSE Eb: 1.488
RMSE Rch: 0.011
MAPE Eb: 1.181
MAPE Rch: 0.317
--------------------------------------------------
**************************************************
Z=8, N=10, emax=8
RMSE Eb: 1.149
RMSE Rch: 0.008
MAPE Eb: 0.789
MAPE Rch: 0.243
--------------------------------------------------
**************************************************
Z=8, N=11, emax=4
RMSE Eb: 1.651
RMSE Rch: 0.007
MAPE Eb: 1.758
MAPE Rch: 0.182
--------------------------------------------------
**************************************************
Z=8, N=11, emax=6
RMSE Eb: 1.368
RMSE Rch: 0.010
MAPE Eb: 0.963
MAPE Rch: 0.294
--------------------------------------------------
**************************************************
Z=8, N=11, emax=8
RMSE Eb: 1.318
RMSE Rch: 0.007
MAPE Eb: 0.929
MAPE Rch: 0.223
--------------------------------------------------
**************************************************
Z=8, N=11, emax=10
RMSE Eb: 1.914
RMSE Rch: 0.007
MAPE Eb: 1.345
MAPE Rch: 0.174
--------------------------------------------------
**************************************************
Z=8, N=12, emax=6
RMSE Eb: 1.312
RMSE Rch: 0.007
MAPE Eb: 0.890
MAPE Rch: 0.200
--------------------------------------------------
**************************************************
Z=8, N=12, emax=4
RMSE Eb: 1.992
RMSE Rch: 0.011
MAPE Eb: 2.147
MAPE Rch: 0.281
--------------------------------------------------
**************************************************
Z=8, N=12, emax=8
RMSE Eb: 1.321
RMSE Rch: 0.007
MAPE Eb: 0.916
MAPE Rch: 0.195
--------------------------------------------------
**************************************************
Z=8, N=12, emax=10
RMSE Eb: 2.192
RMSE Rch: 0.009
MAPE Eb: 1.501
MAPE Rch: 0.256
--------------------------------------------------
**************************************************
Z=8, N=13, emax=8
RMSE Eb: 1.213
RMSE Rch: 0.009
MAPE Eb: 0.792
MAPE Rch: 0.265
--------------------------------------------------
**************************************************
Z=8, N=13, emax=4
RMSE Eb: 1.894
RMSE Rch: 0.008
MAPE Eb: 1.789
MAPE Rch: 0.199
--------------------------------------------------
**************************************************
Z=8, N=13, emax=10
RMSE Eb: 1.382
RMSE Rch: 0.009
MAPE Eb: 0.799
MAPE Rch: 0.259
--------------------------------------------------
**************************************************
Z=8, N=13, emax=6
RMSE Eb: 1.123
RMSE Rch: 0.009
MAPE Eb: 0.825
MAPE Rch: 0.248
--------------------------------------------------
**************************************************
Z=8, N=14, emax=8
RMSE Eb: 1.629
RMSE Rch: 0.012
MAPE Eb: 1.015
MAPE Rch: 0.313
--------------------------------------------------
**************************************************
Z=8, N=14, emax=4
RMSE Eb: 1.775
RMSE Rch: 0.011
MAPE Eb: 1.784
MAPE Rch: 0.274
--------------------------------------------------
**************************************************
Z=8, N=14, emax=6
RMSE Eb: 1.252
RMSE Rch: 0.010
MAPE Eb: 0.915
MAPE Rch: 0.265
--------------------------------------------------
**************************************************
Z=8, N=14, emax=10
RMSE Eb: 1.774
RMSE Rch: 0.011
MAPE Eb: 1.071
MAPE Rch: 0.319
--------------------------------------------------
**************************************************
Z=8, N=15, emax=8
RMSE Eb: 1.637
RMSE Rch: 0.010
MAPE Eb: 0.999
MAPE Rch: 0.277
--------------------------------------------------
**************************************************
Z=8, N=15, emax=4
RMSE Eb: 2.378
RMSE Rch: 0.009
MAPE Eb: 2.230
MAPE Rch: 0.223
--------------------------------------------------
**************************************************
Z=8, N=15, emax=6
RMSE Eb: 1.340
RMSE Rch: 0.009
MAPE Eb: 0.994
MAPE Rch: 0.215
--------------------------------------------------
**************************************************
Z=8, N=15, emax=10
RMSE Eb: 1.542
RMSE Rch: 0.010
MAPE Eb: 0.922
MAPE Rch: 0.310
--------------------------------------------------
**************************************************
Z=8, N=16, emax=8
RMSE Eb: 1.496
RMSE Rch: 0.011
MAPE Eb: 0.930
MAPE Rch: 0.303
--------------------------------------------------
**************************************************
Z=8, N=16, emax=6
RMSE Eb: 1.286
RMSE Rch: 0.010
MAPE Eb: 0.871
MAPE Rch: 0.269
--------------------------------------------------
**************************************************
Z=8, N=16, emax=10
RMSE Eb: 1.731
RMSE Rch: 0.010
MAPE Eb: 0.953
MAPE Rch: 0.249
--------------------------------------------------
**************************************************
Z=8, N=16, emax=4
RMSE Eb: 1.879
RMSE Rch: 0.010
MAPE Eb: 1.952
MAPE Rch: 0.268
--------------------------------------------------
Finished VAL for AE n=1
**************************************************
Z=8, N=4, emax=6
RMSE Eb: 0.883
RMSE Rch: 0.013
MAPE Eb: 1.619
MAPE Rch: 0.608
--------------------------------------------------
**************************************************
Z=8, N=4, emax=8
RMSE Eb: 1.132
RMSE Rch: 0.018
MAPE Eb: 1.826
MAPE Rch: 0.812
--------------------------------------------------
**************************************************
Z=8, N=4, emax=4
RMSE Eb: 1.098
RMSE Rch: 0.012
MAPE Eb: 2.976
MAPE Rch: 0.518
--------------------------------------------------
**************************************************
Z=8, N=4, emax=10
RMSE Eb: 1.370
RMSE Rch: 0.033
MAPE Eb: 1.735
MAPE Rch: 1.432
--------------------------------------------------
**************************************************
Z=8, N=5, emax=4
RMSE Eb: 1.077
RMSE Rch: 0.013
MAPE Eb: 2.136
MAPE Rch: 0.637
--------------------------------------------------
**************************************************
Z=8, N=5, emax=8
RMSE Eb: 0.980
RMSE Rch: 0.021
MAPE Eb: 1.213
MAPE Rch: 0.951
--------------------------------------------------
**************************************************
Z=8, N=5, emax=6
RMSE Eb: 0.999
RMSE Rch: 0.013
MAPE Eb: 1.505
MAPE Rch: 0.634
--------------------------------------------------
**************************************************
Z=8, N=5, emax=10
RMSE Eb: 1.091
RMSE Rch: 0.016
MAPE Eb: 1.409
MAPE Rch: 0.903
--------------------------------------------------
**************************************************
Z=8, N=6, emax=4
RMSE Eb: 1.228
RMSE Rch: 0.016
MAPE Eb: 1.788
MAPE Rch: 0.767
--------------------------------------------------
**************************************************
Z=8, N=6, emax=8
RMSE Eb: 1.170
RMSE Rch: 0.022
MAPE Eb: 1.046
MAPE Rch: 0.968
--------------------------------------------------
**************************************************
Z=8, N=6, emax=6
RMSE Eb: 1.068
RMSE Rch: 0.015
MAPE Eb: 1.148
MAPE Rch: 0.701
--------------------------------------------------
**************************************************
Z=8, N=6, emax=10
RMSE Eb: 0.866
RMSE Rch: 0.019
MAPE Eb: 0.880
MAPE Rch: 0.869
--------------------------------------------------
**************************************************
Z=8, N=7, emax=4
RMSE Eb: 1.243
RMSE Rch: 0.011
MAPE Eb: 1.543
MAPE Rch: 0.538
--------------------------------------------------
**************************************************
Z=8, N=7, emax=8
RMSE Eb: 1.615
RMSE Rch: 0.014
MAPE Eb: 1.205
MAPE Rch: 0.733
--------------------------------------------------
**************************************************
Z=8, N=7, emax=6
RMSE Eb: 1.077
RMSE Rch: 0.013
MAPE Eb: 1.012
MAPE Rch: 0.612
--------------------------------------------------
**************************************************
Z=8, N=7, emax=10
RMSE Eb: 1.577
RMSE Rch: 0.018
MAPE Eb: 1.318
MAPE Rch: 1.040
--------------------------------------------------
**************************************************
Z=8, N=8, emax=4
RMSE Eb: 1.726
RMSE Rch: 0.014
MAPE Eb: 1.744
MAPE Rch: 0.410
--------------------------------------------------
**************************************************
Z=8, N=8, emax=6
RMSE Eb: 1.150
RMSE Rch: 0.013
MAPE Eb: 0.904
MAPE Rch: 0.373
--------------------------------------------------
**************************************************
Z=8, N=8, emax=8
RMSE Eb: 1.347
RMSE Rch: 0.015
MAPE Eb: 0.997
MAPE Rch: 0.430
--------------------------------------------------
**************************************************
Z=8, N=8, emax=10
RMSE Eb: 1.216
RMSE Rch: 0.010
MAPE Eb: 0.944
MAPE Rch: 0.268
--------------------------------------------------
**************************************************
Z=8, N=9, emax=4
RMSE Eb: 1.692
RMSE Rch: 0.012
MAPE Eb: 1.808
MAPE Rch: 0.318
--------------------------------------------------
**************************************************
Z=8, N=9, emax=8
RMSE Eb: 1.365
RMSE Rch: 0.009
MAPE Eb: 0.995
MAPE Rch: 0.266
--------------------------------------------------
**************************************************
Z=8, N=9, emax=6
RMSE Eb: 1.221
RMSE Rch: 0.010
MAPE Eb: 1.071
MAPE Rch: 0.285
--------------------------------------------------
**************************************************
Z=8, N=9, emax=10
RMSE Eb: 0.963
RMSE Rch: 0.011
MAPE Eb: 0.750
MAPE Rch: 0.366
--------------------------------------------------
**************************************************
Z=8, N=10, emax=4
RMSE Eb: 1.607
RMSE Rch: 0.011
MAPE Eb: 1.608
MAPE Rch: 0.309
--------------------------------------------------
**************************************************
Z=8, N=10, emax=6
RMSE Eb: 1.020
RMSE Rch: 0.011
MAPE Eb: 0.807
MAPE Rch: 0.286
--------------------------------------------------
**************************************************
Z=8, N=10, emax=8
RMSE Eb: 1.102
RMSE Rch: 0.009
MAPE Eb: 0.755
MAPE Rch: 0.248
--------------------------------------------------
**************************************************
Z=8, N=10, emax=10
RMSE Eb: 2.178
RMSE Rch: 0.009
MAPE Eb: 1.340
MAPE Rch: 0.270
--------------------------------------------------
**************************************************
Z=8, N=11, emax=8
RMSE Eb: 1.378
RMSE Rch: 0.008
MAPE Eb: 0.956
MAPE Rch: 0.226
--------------------------------------------------
**************************************************
Z=8, N=11, emax=4
RMSE Eb: 1.847
RMSE Rch: 0.008
MAPE Eb: 2.043
MAPE Rch: 0.212
--------------------------------------------------
**************************************************
Z=8, N=11, emax=6
RMSE Eb: 1.235
RMSE Rch: 0.009
MAPE Eb: 0.960
MAPE Rch: 0.260
--------------------------------------------------
**************************************************
Z=8, N=11, emax=10
RMSE Eb: 1.619
RMSE Rch: 0.007
MAPE Eb: 1.164
MAPE Rch: 0.180
--------------------------------------------------
**************************************************
Z=8, N=12, emax=6
RMSE Eb: 1.184
RMSE Rch: 0.007
MAPE Eb: 0.859
MAPE Rch: 0.189
--------------------------------------------------
**************************************************
Z=8, N=12, emax=8
RMSE Eb: 1.358
RMSE Rch: 0.009
MAPE Eb: 0.885
MAPE Rch: 0.290
--------------------------------------------------
**************************************************
Z=8, N=12, emax=4
RMSE Eb: 1.840
RMSE Rch: 0.008
MAPE Eb: 1.828
MAPE Rch: 0.205
--------------------------------------------------
**************************************************
Z=8, N=12, emax=10
RMSE Eb: 1.630
RMSE Rch: 0.010
MAPE Eb: 0.967
MAPE Rch: 0.299
--------------------------------------------------
**************************************************
Z=8, N=13, emax=8
RMSE Eb: 1.507
RMSE Rch: 0.008
MAPE Eb: 1.005
MAPE Rch: 0.230
--------------------------------------------------
**************************************************
Z=8, N=13, emax=4
RMSE Eb: 1.730
RMSE Rch: 0.008
MAPE Eb: 1.875
MAPE Rch: 0.206
--------------------------------------------------
**************************************************
Z=8, N=13, emax=6
RMSE Eb: 1.300
RMSE Rch: 0.008
MAPE Eb: 0.939
MAPE Rch: 0.237
--------------------------------------------------
**************************************************
Z=8, N=13, emax=10
RMSE Eb: 1.517
RMSE Rch: 0.008
MAPE Eb: 0.996
MAPE Rch: 0.240
--------------------------------------------------
**************************************************
Z=8, N=14, emax=6
RMSE Eb: 1.255
RMSE Rch: 0.009
MAPE Eb: 0.814
MAPE Rch: 0.231
--------------------------------------------------
**************************************************
Z=8, N=14, emax=10
RMSE Eb: 1.403
RMSE Rch: 0.011
MAPE Eb: 0.794
MAPE Rch: 0.322
--------------------------------------------------
**************************************************
Z=8, N=14, emax=4
RMSE Eb: 2.172
RMSE Rch: 0.011
MAPE Eb: 2.318
MAPE Rch: 0.304
--------------------------------------------------
**************************************************
Z=8, N=14, emax=8
RMSE Eb: 1.649
RMSE Rch: 0.011
MAPE Eb: 1.055
MAPE Rch: 0.298
--------------------------------------------------
**************************************************
Z=8, N=15, emax=8
RMSE Eb: 1.516
RMSE Rch: 0.010
MAPE Eb: 0.983
MAPE Rch: 0.274
--------------------------------------------------
**************************************************
Z=8, N=15, emax=6
RMSE Eb: 1.444
RMSE Rch: 0.010
MAPE Eb: 1.033
MAPE Rch: 0.263
--------------------------------------------------
**************************************************
Z=8, N=15, emax=4
RMSE Eb: 1.911
RMSE Rch: 0.009
MAPE Eb: 1.830
MAPE Rch: 0.226
--------------------------------------------------
**************************************************
Z=8, N=15, emax=10
RMSE Eb: 1.297
RMSE Rch: 0.011
MAPE Eb: 0.757
MAPE Rch: 0.325
--------------------------------------------------
**************************************************
Z=8, N=16, emax=4
RMSE Eb: 2.167
RMSE Rch: 0.010
MAPE Eb: 2.138
MAPE Rch: 0.272
--------------------------------------------------
**************************************************
Z=8, N=16, emax=8
RMSE Eb: 1.619
RMSE Rch: 0.011
MAPE Eb: 0.952
MAPE Rch: 0.313
--------------------------------------------------
**************************************************
Z=8, N=16, emax=6
RMSE Eb: 1.318
RMSE Rch: 0.010
MAPE Eb: 0.922
MAPE Rch: 0.263
--------------------------------------------------
**************************************************
Z=8, N=16, emax=10
RMSE Eb: 1.318
RMSE Rch: 0.011
MAPE Eb: 0.687
MAPE Rch: 0.345
--------------------------------------------------
