Activated conda environment
[DataLoader] Found 13 files matching the pattern.
[DataLoader] Combined data shape: (17234, 35)
[Preprocess] Data split => train: (11029, 35), val: (2758, 35), test: (3447, 35)
[Preprocess] Processed fidelity 4 (index 0): 3758 samples.
[Preprocess] Processed fidelity 6 (index 1): 3346 samples.
[Preprocess] Processed fidelity 8 (index 2): 3194 samples.
[Preprocess] Processed fidelity 10 (index 3): 731 samples.
[Preprocess] Processed fidelity 4 (index 0): 949 samples.
[Preprocess] Processed fidelity 6 (index 1): 833 samples.
[Preprocess] Processed fidelity 8 (index 2): 801 samples.
[Preprocess] Processed fidelity 10 (index 3): 175 samples.
Fidelity levels: [4, 6, 8, 10]
[Trainer] Starting BNN training...
[Trainer] No improvement. Iteration 8400. Early stopping counter: 1, LR counter: 1
[Trainer] No improvement. Iteration 8500. Early stopping counter: 2, LR counter: 2
[Trainer] No improvement. Iteration 8600. Early stopping counter: 3, LR counter: 3
[Trainer] No improvement. Iteration 8700. Early stopping counter: 4, LR counter: 4
[Trainer] No improvement. Iteration 8800. Early stopping counter: 5, LR counter: 5
[Trainer] No improvement. Iteration 9000. Early stopping counter: 1, LR counter: 1
[Trainer] No improvement. Iteration 9100. Early stopping counter: 2, LR counter: 2
[Trainer] No improvement. Iteration 9200. Early stopping counter: 3, LR counter: 3
[Trainer] No improvement. Iteration 9300. Early stopping counter: 4, LR counter: 4
[Trainer] No improvement. Iteration 9400. Early stopping counter: 5, LR counter: 5
[Trainer] No improvement. Iteration 9500. Early stopping counter: 6, LR counter: 6
[Trainer] No improvement. Iteration 9600. Early stopping counter: 7, LR counter: 7
[Trainer] No improvement. Iteration 9700. Early stopping counter: 8, LR counter: 8
[Trainer] No improvement. Iteration 9800. Early stopping counter: 9, LR counter: 9
[Trainer] No improvement. Iteration 9900. Early stopping counter: 10, LR counter: 10
[Trainer] No improvement. Iteration 10000. Early stopping counter: 11, LR counter: 11
[Trainer] No improvement. Iteration 10100. Early stopping counter: 12, LR counter: 12
[Trainer] No improvement. Iteration 10200. Early stopping counter: 13, LR counter: 13
[Trainer] No improvement. Iteration 10300. Early stopping counter: 14, LR counter: 14
[Trainer] No improvement. Iteration 10400. Early stopping counter: 15, LR counter: 15
[Trainer] No improvement. Iteration 10500. Early stopping counter: 16, LR counter: 16
[Trainer] No improvement. Iteration 10600. Early stopping counter: 17, LR counter: 17
[Trainer] No improvement. Iteration 10700. Early stopping counter: 18, LR counter: 18
[Trainer] No improvement. Iteration 10800. Early stopping counter: 19, LR counter: 19
[Trainer] No improvement. Iteration 10900. Early stopping counter: 20, LR counter: 20
[Trainer] No improvement. Iteration 11000. Early stopping counter: 21, LR counter: 21
[Trainer] No improvement. Iteration 11100. Early stopping counter: 22, LR counter: 22
[Trainer] No improvement. Iteration 11200. Early stopping counter: 23, LR counter: 23
[Trainer] No improvement. Iteration 11300. Early stopping counter: 24, LR counter: 24
[Trainer] No improvement. Iteration 11400. Early stopping counter: 25, LR counter: 25
[Trainer] Learning rate reduced to: 0.000010
[Trainer] No improvement. Iteration 11500. Early stopping counter: 26, LR counter: 1
[Trainer] No improvement. Iteration 11600. Early stopping counter: 27, LR counter: 2
[Trainer] No improvement. Iteration 11700. Early stopping counter: 28, LR counter: 3
[Trainer] No improvement. Iteration 11800. Early stopping counter: 29, LR counter: 4
[Trainer] No improvement. Iteration 11900. Early stopping counter: 30, LR counter: 5
[Trainer] No improvement. Iteration 12000. Early stopping counter: 31, LR counter: 6
[Trainer] No improvement. Iteration 12100. Early stopping counter: 32, LR counter: 7
[Trainer] No improvement. Iteration 12200. Early stopping counter: 33, LR counter: 8
[Trainer] No improvement. Iteration 12300. Early stopping counter: 34, LR counter: 9
[Trainer] No improvement. Iteration 12400. Early stopping counter: 35, LR counter: 10
[Trainer] No improvement. Iteration 12500. Early stopping counter: 36, LR counter: 11
[Trainer] No improvement. Iteration 12600. Early stopping counter: 37, LR counter: 12
[Trainer] No improvement. Iteration 12700. Early stopping counter: 38, LR counter: 13
[Trainer] No improvement. Iteration 12800. Early stopping counter: 39, LR counter: 14
[Trainer] No improvement. Iteration 12900. Early stopping counter: 40, LR counter: 15
[Trainer] No improvement. Iteration 13000. Early stopping counter: 41, LR counter: 16
[Trainer] No improvement. Iteration 13100. Early stopping counter: 42, LR counter: 17
[Trainer] No improvement. Iteration 13200. Early stopping counter: 43, LR counter: 18
[Trainer] No improvement. Iteration 13300. Early stopping counter: 44, LR counter: 19
[Trainer] No improvement. Iteration 13400. Early stopping counter: 45, LR counter: 20
[Trainer] No improvement. Iteration 13500. Early stopping counter: 46, LR counter: 21
[Trainer] No improvement. Iteration 13600. Early stopping counter: 47, LR counter: 22
[Trainer] No improvement. Iteration 13700. Early stopping counter: 48, LR counter: 23
[Trainer] No improvement. Iteration 13800. Early stopping counter: 49, LR counter: 24
[Trainer] No improvement. Iteration 13900. Early stopping counter: 50, LR counter: 25
[Trainer] Learning rate reduced to: 0.000001
[Trainer] Early stopping triggered.
[Trainer] Training completed.
[Trainer] Calibrating temperatures on validation set...
[Trainer] Temperature calibration finished. Calibrated temperatures: {4: 1.4841258525848389, 6: 1.3602466583251953, 8: 1.373060941696167, 10: 1.65994393825531}
[Trainer] BNN training completed.
**************************************************
Z=8, N=4, emax=4
RMSE Eb: 0.519
RMSE Rch: 0.009
MAPE Eb: 1.488
MAPE Rch: 0.386
--------------------------------------------------
**************************************************
Z=8, N=4, emax=10
RMSE Eb: 1.878
RMSE Rch: 0.043
MAPE Eb: 2.923
MAPE Rch: 2.169
--------------------------------------------------
**************************************************
Z=8, N=4, emax=6
RMSE Eb: 0.621
RMSE Rch: 0.015
MAPE Eb: 1.210
MAPE Rch: 0.727
--------------------------------------------------
**************************************************
Z=8, N=4, emax=8
RMSE Eb: 0.858
RMSE Rch: 0.020
MAPE Eb: 1.276
MAPE Rch: 1.031
--------------------------------------------------
**************************************************
Z=8, N=5, emax=8
RMSE Eb: 0.806
RMSE Rch: 0.012
MAPE Eb: 1.010
MAPE Rch: 0.599
--------------------------------------------------
**************************************************
Z=8, N=5, emax=6
RMSE Eb: 0.574
RMSE Rch: 0.009
MAPE Eb: 0.765
MAPE Rch: 0.389
--------------------------------------------------
**************************************************
Z=8, N=5, emax=4
RMSE Eb: 0.583
RMSE Rch: 0.007
MAPE Eb: 1.119
MAPE Rch: 0.316
--------------------------------------------------
**************************************************
Z=8, N=5, emax=10
RMSE Eb: 1.090
RMSE Rch: 0.010
MAPE Eb: 1.552
MAPE Rch: 0.508
--------------------------------------------------
**************************************************
Z=8, N=6, emax=4
RMSE Eb: 0.826
RMSE Rch: 0.007
MAPE Eb: 1.227
MAPE Rch: 0.336
--------------------------------------------------
**************************************************
Z=8, N=6, emax=6
RMSE Eb: 0.660
RMSE Rch: 0.008
MAPE Eb: 0.703
MAPE Rch: 0.386
--------------------------------------------------
**************************************************
Z=8, N=6, emax=8
RMSE Eb: 1.034
RMSE Rch: 0.013
MAPE Eb: 0.956
MAPE Rch: 0.644
--------------------------------------------------
**************************************************
Z=8, N=6, emax=10
RMSE Eb: 0.992
RMSE Rch: 0.019
MAPE Eb: 1.025
MAPE Rch: 0.958
--------------------------------------------------
**************************************************
Z=8, N=7, emax=8
RMSE Eb: 1.141
RMSE Rch: 0.024
MAPE Eb: 0.932
MAPE Rch: 1.384
--------------------------------------------------
**************************************************
Z=8, N=7, emax=10
RMSE Eb: 1.334
RMSE Rch: 0.034
MAPE Eb: 1.059
MAPE Rch: 2.090
--------------------------------------------------
**************************************************
Z=8, N=7, emax=6
RMSE Eb: 0.959
RMSE Rch: 0.031
MAPE Eb: 0.902
MAPE Rch: 1.831
--------------------------------------------------
**************************************************
Z=8, N=7, emax=4
RMSE Eb: 0.714
RMSE Rch: 0.022
MAPE Eb: 0.936
MAPE Rch: 1.273
--------------------------------------------------
**************************************************
Z=8, N=8, emax=4
RMSE Eb: 0.480
RMSE Rch: 0.017
MAPE Eb: 0.510
MAPE Rch: 0.473
--------------------------------------------------
**************************************************
Z=8, N=8, emax=8
RMSE Eb: 0.796
RMSE Rch: 0.017
MAPE Eb: 0.614
MAPE Rch: 0.474
--------------------------------------------------
**************************************************
Z=8, N=8, emax=6
RMSE Eb: 0.671
RMSE Rch: 0.018
MAPE Eb: 0.513
MAPE Rch: 0.505
--------------------------------------------------
**************************************************
Z=8, N=8, emax=10
RMSE Eb: 0.921
RMSE Rch: 0.033
MAPE Eb: 0.696
MAPE Rch: 1.094
--------------------------------------------------
**************************************************
Z=8, N=9, emax=8
RMSE Eb: 0.449
RMSE Rch: 0.010
MAPE Eb: 0.326
MAPE Rch: 0.292
--------------------------------------------------
**************************************************
Z=8, N=9, emax=6
RMSE Eb: 0.563
RMSE Rch: 0.008
MAPE Eb: 0.457
MAPE Rch: 0.215
--------------------------------------------------
**************************************************
Z=8, N=9, emax=4
RMSE Eb: 0.592
RMSE Rch: 0.007
MAPE Eb: 0.637
MAPE Rch: 0.189
--------------------------------------------------
**************************************************
Z=8, N=9, emax=10
RMSE Eb: 0.561
RMSE Rch: 0.010
MAPE Eb: 0.463
MAPE Rch: 0.267
--------------------------------------------------
**************************************************
Z=8, N=10, emax=4
RMSE Eb: 0.494
RMSE Rch: 0.005
MAPE Eb: 0.529
MAPE Rch: 0.134
--------------------------------------------------
**************************************************
Z=8, N=10, emax=10
RMSE Eb: 0.539
RMSE Rch: 0.007
MAPE Eb: 0.378
MAPE Rch: 0.212
--------------------------------------------------
**************************************************
Z=8, N=10, emax=6
RMSE Eb: 0.457
RMSE Rch: 0.006
MAPE Eb: 0.356
MAPE Rch: 0.176
--------------------------------------------------
**************************************************
Z=8, N=10, emax=8
RMSE Eb: 0.669
RMSE Rch: 0.010
MAPE Eb: 0.470
MAPE Rch: 0.268
--------------------------------------------------
**************************************************
Z=8, N=11, emax=4
RMSE Eb: 0.610
RMSE Rch: 0.006
MAPE Eb: 0.693
MAPE Rch: 0.160
--------------------------------------------------
**************************************************
Z=8, N=11, emax=6
RMSE Eb: 0.533
RMSE Rch: 0.007
MAPE Eb: 0.407
MAPE Rch: 0.197
--------------------------------------------------
**************************************************
Z=8, N=11, emax=8
RMSE Eb: 0.595
RMSE Rch: 0.008
MAPE Eb: 0.413
MAPE Rch: 0.216
--------------------------------------------------
**************************************************
Z=8, N=11, emax=10
RMSE Eb: 0.986
RMSE Rch: 0.014
MAPE Eb: 0.595
MAPE Rch: 0.354
--------------------------------------------------
**************************************************
Z=8, N=12, emax=6
RMSE Eb: 0.431
RMSE Rch: 0.007
MAPE Eb: 0.320
MAPE Rch: 0.203
--------------------------------------------------
**************************************************
Z=8, N=12, emax=4
RMSE Eb: 0.569
RMSE Rch: 0.005
MAPE Eb: 0.594
MAPE Rch: 0.136
--------------------------------------------------
**************************************************
Z=8, N=12, emax=8
RMSE Eb: 0.514
RMSE Rch: 0.009
MAPE Eb: 0.356
MAPE Rch: 0.249
--------------------------------------------------
**************************************************
Z=8, N=12, emax=10
RMSE Eb: 0.748
RMSE Rch: 0.011
MAPE Eb: 0.559
MAPE Rch: 0.343
--------------------------------------------------
**************************************************
Z=8, N=13, emax=8
RMSE Eb: 0.613
RMSE Rch: 0.011
MAPE Eb: 0.389
MAPE Rch: 0.256
--------------------------------------------------
**************************************************
Z=8, N=13, emax=4
RMSE Eb: 0.792
RMSE Rch: 0.007
MAPE Eb: 0.918
MAPE Rch: 0.190
--------------------------------------------------
**************************************************
Z=8, N=13, emax=10
RMSE Eb: 0.825
RMSE Rch: 0.013
MAPE Eb: 0.503
MAPE Rch: 0.439
--------------------------------------------------
**************************************************
Z=8, N=13, emax=6
RMSE Eb: 0.462
RMSE Rch: 0.006
MAPE Eb: 0.323
MAPE Rch: 0.178
--------------------------------------------------
**************************************************
Z=8, N=14, emax=8
RMSE Eb: 0.599
RMSE Rch: 0.012
MAPE Eb: 0.361
MAPE Rch: 0.348
--------------------------------------------------
**************************************************
Z=8, N=14, emax=4
RMSE Eb: 0.644
RMSE Rch: 0.007
MAPE Eb: 0.672
MAPE Rch: 0.196
--------------------------------------------------
**************************************************
Z=8, N=14, emax=6
RMSE Eb: 0.404
RMSE Rch: 0.007
MAPE Eb: 0.297
MAPE Rch: 0.183
--------------------------------------------------
**************************************************
Z=8, N=14, emax=10
RMSE Eb: 0.828
RMSE Rch: 0.017
MAPE Eb: 0.479
MAPE Rch: 0.418
--------------------------------------------------
**************************************************
Z=8, N=15, emax=8
RMSE Eb: 0.560
RMSE Rch: 0.009
MAPE Eb: 0.331
MAPE Rch: 0.238
--------------------------------------------------
**************************************************
Z=8, N=15, emax=4
RMSE Eb: 0.827
RMSE Rch: 0.006
MAPE Eb: 0.921
MAPE Rch: 0.173
--------------------------------------------------
**************************************************
Z=8, N=15, emax=6
RMSE Eb: 0.479
RMSE Rch: 0.007
MAPE Eb: 0.376
MAPE Rch: 0.171
--------------------------------------------------
**************************************************
Z=8, N=15, emax=10
RMSE Eb: 0.646
RMSE Rch: 0.012
MAPE Eb: 0.398
MAPE Rch: 0.353
--------------------------------------------------
**************************************************
Z=8, N=16, emax=8
RMSE Eb: 0.584
RMSE Rch: 0.009
MAPE Eb: 0.351
MAPE Rch: 0.250
--------------------------------------------------
**************************************************
Z=8, N=16, emax=6
RMSE Eb: 0.539
RMSE Rch: 0.008
MAPE Eb: 0.361
MAPE Rch: 0.210
--------------------------------------------------
**************************************************
Z=8, N=16, emax=10
RMSE Eb: 0.583
RMSE Rch: 0.012
MAPE Eb: 0.321
MAPE Rch: 0.312
--------------------------------------------------
**************************************************
Z=8, N=16, emax=4
RMSE Eb: 0.927
RMSE Rch: 0.006
MAPE Eb: 0.975
MAPE Rch: 0.150
--------------------------------------------------
Finished VAL for AE n=92
**************************************************
Z=8, N=4, emax=6
RMSE Eb: 0.738
RMSE Rch: 0.012
MAPE Eb: 1.304
MAPE Rch: 0.583
--------------------------------------------------
**************************************************
Z=8, N=4, emax=8
RMSE Eb: 0.898
RMSE Rch: 0.018
MAPE Eb: 1.396
MAPE Rch: 0.904
--------------------------------------------------
**************************************************
Z=8, N=4, emax=4
RMSE Eb: 0.575
RMSE Rch: 0.009
MAPE Eb: 1.500
MAPE Rch: 0.381
--------------------------------------------------
**************************************************
Z=8, N=4, emax=10
RMSE Eb: 1.755
RMSE Rch: 0.028
MAPE Eb: 2.543
MAPE Rch: 1.335
--------------------------------------------------
**************************************************
Z=8, N=5, emax=4
RMSE Eb: 0.584
RMSE Rch: 0.007
MAPE Eb: 1.139
MAPE Rch: 0.333
--------------------------------------------------
**************************************************
Z=8, N=5, emax=8
RMSE Eb: 0.874
RMSE Rch: 0.015
MAPE Eb: 1.120
MAPE Rch: 0.730
--------------------------------------------------
**************************************************
Z=8, N=5, emax=6
RMSE Eb: 0.665
RMSE Rch: 0.008
MAPE Eb: 1.014
MAPE Rch: 0.377
--------------------------------------------------
**************************************************
Z=8, N=5, emax=10
RMSE Eb: 1.163
RMSE Rch: 0.012
MAPE Eb: 1.174
MAPE Rch: 0.640
--------------------------------------------------
**************************************************
Z=8, N=6, emax=4
RMSE Eb: 0.725
RMSE Rch: 0.007
MAPE Eb: 1.070
MAPE Rch: 0.328
--------------------------------------------------
**************************************************
Z=8, N=6, emax=8
RMSE Eb: 0.973
RMSE Rch: 0.016
MAPE Eb: 0.877
MAPE Rch: 0.789
--------------------------------------------------
**************************************************
Z=8, N=6, emax=6
RMSE Eb: 0.787
RMSE Rch: 0.008
MAPE Eb: 0.855
MAPE Rch: 0.409
--------------------------------------------------
**************************************************
Z=8, N=6, emax=10
RMSE Eb: 1.109
RMSE Rch: 0.019
MAPE Eb: 1.078
MAPE Rch: 0.979
--------------------------------------------------
**************************************************
Z=8, N=7, emax=4
RMSE Eb: 0.892
RMSE Rch: 0.021
MAPE Eb: 1.100
MAPE Rch: 1.187
--------------------------------------------------
**************************************************
Z=8, N=7, emax=8
RMSE Eb: 1.255
RMSE Rch: 0.031
MAPE Eb: 0.955
MAPE Rch: 1.810
--------------------------------------------------
**************************************************
Z=8, N=7, emax=6
RMSE Eb: 0.786
RMSE Rch: 0.027
MAPE Eb: 0.745
MAPE Rch: 1.618
--------------------------------------------------
**************************************************
Z=8, N=7, emax=10
RMSE Eb: 1.395
RMSE Rch: 0.031
MAPE Eb: 1.065
MAPE Rch: 1.815
--------------------------------------------------
**************************************************
Z=8, N=8, emax=4
RMSE Eb: 0.542
RMSE Rch: 0.014
MAPE Eb: 0.541
MAPE Rch: 0.422
--------------------------------------------------
**************************************************
Z=8, N=8, emax=6
RMSE Eb: 0.682
RMSE Rch: 0.018
MAPE Eb: 0.555
MAPE Rch: 0.525
--------------------------------------------------
**************************************************
Z=8, N=8, emax=8
RMSE Eb: 0.747
RMSE Rch: 0.017
MAPE Eb: 0.565
MAPE Rch: 0.495
--------------------------------------------------
**************************************************
Z=8, N=8, emax=10
RMSE Eb: 0.842
RMSE Rch: 0.016
MAPE Eb: 0.646
MAPE Rch: 0.470
--------------------------------------------------
**************************************************
Z=8, N=9, emax=4
RMSE Eb: 0.617
RMSE Rch: 0.007
MAPE Eb: 0.701
MAPE Rch: 0.205
--------------------------------------------------
**************************************************
Z=8, N=9, emax=8
RMSE Eb: 0.650
RMSE Rch: 0.009
MAPE Eb: 0.483
MAPE Rch: 0.278
--------------------------------------------------
**************************************************
Z=8, N=9, emax=6
RMSE Eb: 0.484
RMSE Rch: 0.008
MAPE Eb: 0.401
MAPE Rch: 0.230
--------------------------------------------------
**************************************************
Z=8, N=9, emax=10
RMSE Eb: 0.549
RMSE Rch: 0.010
MAPE Eb: 0.381
MAPE Rch: 0.302
--------------------------------------------------
**************************************************
Z=8, N=10, emax=4
RMSE Eb: 0.490
RMSE Rch: 0.005
MAPE Eb: 0.512
MAPE Rch: 0.138
--------------------------------------------------
**************************************************
Z=8, N=10, emax=6
RMSE Eb: 0.431
RMSE Rch: 0.007
MAPE Eb: 0.338
MAPE Rch: 0.191
--------------------------------------------------
**************************************************
Z=8, N=10, emax=8
RMSE Eb: 0.510
RMSE Rch: 0.009
MAPE Eb: 0.367
MAPE Rch: 0.252
--------------------------------------------------
**************************************************
Z=8, N=10, emax=10
RMSE Eb: 0.666
RMSE Rch: 0.010
MAPE Eb: 0.454
MAPE Rch: 0.244
--------------------------------------------------
**************************************************
Z=8, N=11, emax=8
RMSE Eb: 0.543
RMSE Rch: 0.007
MAPE Eb: 0.381
MAPE Rch: 0.219
--------------------------------------------------
**************************************************
Z=8, N=11, emax=4
RMSE Eb: 0.645
RMSE Rch: 0.006
MAPE Eb: 0.734
MAPE Rch: 0.153
--------------------------------------------------
**************************************************
Z=8, N=11, emax=6
RMSE Eb: 0.503
RMSE Rch: 0.007
MAPE Eb: 0.390
MAPE Rch: 0.202
--------------------------------------------------
**************************************************
Z=8, N=11, emax=10
RMSE Eb: 0.959
RMSE Rch: 0.011
MAPE Eb: 0.609
MAPE Rch: 0.327
--------------------------------------------------
**************************************************
Z=8, N=12, emax=6
RMSE Eb: 0.479
RMSE Rch: 0.008
MAPE Eb: 0.348
MAPE Rch: 0.232
--------------------------------------------------
**************************************************
Z=8, N=12, emax=8
RMSE Eb: 0.619
RMSE Rch: 0.008
MAPE Eb: 0.381
MAPE Rch: 0.241
--------------------------------------------------
**************************************************
Z=8, N=12, emax=4
RMSE Eb: 0.505
RMSE Rch: 0.005
MAPE Eb: 0.520
MAPE Rch: 0.135
--------------------------------------------------
**************************************************
Z=8, N=12, emax=10
RMSE Eb: 0.705
RMSE Rch: 0.010
MAPE Eb: 0.436
MAPE Rch: 0.299
--------------------------------------------------
**************************************************
Z=8, N=13, emax=8
RMSE Eb: 0.591
RMSE Rch: 0.009
MAPE Eb: 0.362
MAPE Rch: 0.244
--------------------------------------------------
**************************************************
Z=8, N=13, emax=4
RMSE Eb: 0.816
RMSE Rch: 0.008
MAPE Eb: 0.870
MAPE Rch: 0.211
--------------------------------------------------
**************************************************
Z=8, N=13, emax=6
RMSE Eb: 0.479
RMSE Rch: 0.007
MAPE Eb: 0.365
MAPE Rch: 0.205
--------------------------------------------------
**************************************************
Z=8, N=13, emax=10
RMSE Eb: 0.640
RMSE Rch: 0.022
MAPE Eb: 0.413
MAPE Rch: 0.446
--------------------------------------------------
**************************************************
Z=8, N=14, emax=6
RMSE Eb: 0.387
RMSE Rch: 0.007
MAPE Eb: 0.256
MAPE Rch: 0.204
--------------------------------------------------
**************************************************
Z=8, N=14, emax=10
RMSE Eb: 0.828
RMSE Rch: 0.015
MAPE Eb: 0.444
MAPE Rch: 0.393
--------------------------------------------------
**************************************************
Z=8, N=14, emax=4
RMSE Eb: 0.698
RMSE Rch: 0.007
MAPE Eb: 0.770
MAPE Rch: 0.197
--------------------------------------------------
**************************************************
Z=8, N=14, emax=8
RMSE Eb: 0.570
RMSE Rch: 0.014
MAPE Eb: 0.360
MAPE Rch: 0.392
--------------------------------------------------
**************************************************
Z=8, N=15, emax=8
RMSE Eb: 0.474
RMSE Rch: 0.009
MAPE Eb: 0.290
MAPE Rch: 0.232
--------------------------------------------------
**************************************************
Z=8, N=15, emax=6
RMSE Eb: 0.462
RMSE Rch: 0.007
MAPE Eb: 0.338
MAPE Rch: 0.202
--------------------------------------------------
**************************************************
Z=8, N=15, emax=4
RMSE Eb: 0.750
RMSE Rch: 0.005
MAPE Eb: 0.838
MAPE Rch: 0.142
--------------------------------------------------
**************************************************
Z=8, N=15, emax=10
RMSE Eb: 0.582
RMSE Rch: 0.010
MAPE Eb: 0.385
MAPE Rch: 0.279
--------------------------------------------------
**************************************************
Z=8, N=16, emax=4
RMSE Eb: 0.898
RMSE Rch: 0.007
MAPE Eb: 0.986
MAPE Rch: 0.203
--------------------------------------------------
**************************************************
Z=8, N=16, emax=8
RMSE Eb: 0.634
RMSE Rch: 0.010
MAPE Eb: 0.386
MAPE Rch: 0.254
--------------------------------------------------
**************************************************
Z=8, N=16, emax=6
RMSE Eb: 0.555
RMSE Rch: 0.008
MAPE Eb: 0.367
MAPE Rch: 0.198
--------------------------------------------------
**************************************************
Z=8, N=16, emax=10
RMSE Eb: 0.463
RMSE Rch: 0.008
MAPE Eb: 0.281
MAPE Rch: 0.227
--------------------------------------------------
