Activated conda environment
[DataLoader] Found 13 files matching the pattern.
[DataLoader] Combined data shape: (17234, 35)
[Preprocess] Data split => train: (11029, 35), val: (2758, 35), test: (3447, 35)
[Preprocess] Processed fidelity 4 (index 0): 3758 samples.
[Preprocess] Processed fidelity 6 (index 1): 3346 samples.
[Preprocess] Processed fidelity 8 (index 2): 3194 samples.
[Preprocess] Processed fidelity 10 (index 3): 731 samples.
[Preprocess] Processed fidelity 4 (index 0): 949 samples.
[Preprocess] Processed fidelity 6 (index 1): 833 samples.
[Preprocess] Processed fidelity 8 (index 2): 801 samples.
[Preprocess] Processed fidelity 10 (index 3): 175 samples.
Fidelity levels: [4, 6, 8, 10]
[Trainer] Starting BNN training...
[Trainer] No improvement. Iteration 8000. Early stopping counter: 1, LR counter: 1
[Trainer] No improvement. Iteration 8500. Early stopping counter: 1, LR counter: 1
[Trainer] No improvement. Iteration 8600. Early stopping counter: 2, LR counter: 2
[Trainer] No improvement. Iteration 8700. Early stopping counter: 3, LR counter: 3
[Trainer] No improvement. Iteration 8800. Early stopping counter: 4, LR counter: 4
[Trainer] No improvement. Iteration 8900. Early stopping counter: 5, LR counter: 5
[Trainer] No improvement. Iteration 9000. Early stopping counter: 6, LR counter: 6
[Trainer] No improvement. Iteration 9100. Early stopping counter: 7, LR counter: 7
[Trainer] No improvement. Iteration 9200. Early stopping counter: 8, LR counter: 8
[Trainer] No improvement. Iteration 9300. Early stopping counter: 9, LR counter: 9
[Trainer] No improvement. Iteration 9400. Early stopping counter: 10, LR counter: 10
[Trainer] No improvement. Iteration 9500. Early stopping counter: 11, LR counter: 11
[Trainer] No improvement. Iteration 9600. Early stopping counter: 12, LR counter: 12
[Trainer] No improvement. Iteration 9700. Early stopping counter: 13, LR counter: 13
[Trainer] No improvement. Iteration 9800. Early stopping counter: 14, LR counter: 14
[Trainer] No improvement. Iteration 9900. Early stopping counter: 15, LR counter: 15
[Trainer] No improvement. Iteration 10000. Early stopping counter: 16, LR counter: 16
[Trainer] No improvement. Iteration 10100. Early stopping counter: 17, LR counter: 17
[Trainer] No improvement. Iteration 10200. Early stopping counter: 18, LR counter: 18
[Trainer] No improvement. Iteration 10300. Early stopping counter: 19, LR counter: 19
[Trainer] No improvement. Iteration 10400. Early stopping counter: 20, LR counter: 20
[Trainer] No improvement. Iteration 10500. Early stopping counter: 21, LR counter: 21
[Trainer] No improvement. Iteration 10600. Early stopping counter: 22, LR counter: 22
[Trainer] No improvement. Iteration 10700. Early stopping counter: 23, LR counter: 23
[Trainer] No improvement. Iteration 10800. Early stopping counter: 24, LR counter: 24
[Trainer] No improvement. Iteration 10900. Early stopping counter: 25, LR counter: 25
[Trainer] Learning rate reduced to: 0.000010
[Trainer] No improvement. Iteration 11000. Early stopping counter: 26, LR counter: 1
[Trainer] No improvement. Iteration 11100. Early stopping counter: 27, LR counter: 2
[Trainer] No improvement. Iteration 11200. Early stopping counter: 28, LR counter: 3
[Trainer] No improvement. Iteration 11300. Early stopping counter: 29, LR counter: 4
[Trainer] No improvement. Iteration 11400. Early stopping counter: 30, LR counter: 5
[Trainer] No improvement. Iteration 11500. Early stopping counter: 31, LR counter: 6
[Trainer] No improvement. Iteration 11600. Early stopping counter: 32, LR counter: 7
[Trainer] No improvement. Iteration 11700. Early stopping counter: 33, LR counter: 8
[Trainer] No improvement. Iteration 11800. Early stopping counter: 34, LR counter: 9
[Trainer] No improvement. Iteration 11900. Early stopping counter: 35, LR counter: 10
[Trainer] No improvement. Iteration 12000. Early stopping counter: 36, LR counter: 11
[Trainer] No improvement. Iteration 12100. Early stopping counter: 37, LR counter: 12
[Trainer] No improvement. Iteration 12200. Early stopping counter: 38, LR counter: 13
[Trainer] No improvement. Iteration 12300. Early stopping counter: 39, LR counter: 14
[Trainer] No improvement. Iteration 12400. Early stopping counter: 40, LR counter: 15
[Trainer] No improvement. Iteration 12500. Early stopping counter: 41, LR counter: 16
[Trainer] No improvement. Iteration 12600. Early stopping counter: 42, LR counter: 17
[Trainer] No improvement. Iteration 12700. Early stopping counter: 43, LR counter: 18
[Trainer] No improvement. Iteration 12800. Early stopping counter: 44, LR counter: 19
[Trainer] No improvement. Iteration 12900. Early stopping counter: 45, LR counter: 20
[Trainer] No improvement. Iteration 13000. Early stopping counter: 46, LR counter: 21
[Trainer] No improvement. Iteration 13100. Early stopping counter: 47, LR counter: 22
[Trainer] No improvement. Iteration 13200. Early stopping counter: 48, LR counter: 23
[Trainer] No improvement. Iteration 13300. Early stopping counter: 49, LR counter: 24
[Trainer] No improvement. Iteration 13400. Early stopping counter: 50, LR counter: 25
[Trainer] Learning rate reduced to: 0.000001
[Trainer] Early stopping triggered.
[Trainer] Training completed.
[Trainer] Calibrating temperatures on validation set...
[Trainer] Temperature calibration finished. Calibrated temperatures: {4: 1.4316463470458984, 6: 1.3151415586471558, 8: 1.475229024887085, 10: 1.5539873838424683}
[Trainer] BNN training completed.
**************************************************
Z=8, N=4, emax=4
RMSE Eb: 0.637
RMSE Rch: 0.008
MAPE Eb: 1.856
MAPE Rch: 0.384
--------------------------------------------------
**************************************************
Z=8, N=4, emax=10
RMSE Eb: 1.117
RMSE Rch: 0.044
MAPE Eb: 1.807
MAPE Rch: 2.035
--------------------------------------------------
**************************************************
Z=8, N=4, emax=6
RMSE Eb: 0.747
RMSE Rch: 0.011
MAPE Eb: 1.528
MAPE Rch: 0.536
--------------------------------------------------
**************************************************
Z=8, N=4, emax=8
RMSE Eb: 0.895
RMSE Rch: 0.024
MAPE Eb: 1.537
MAPE Rch: 1.124
--------------------------------------------------
**************************************************
Z=8, N=5, emax=8
RMSE Eb: 1.033
RMSE Rch: 0.015
MAPE Eb: 1.324
MAPE Rch: 0.754
--------------------------------------------------
**************************************************
Z=8, N=5, emax=6
RMSE Eb: 0.959
RMSE Rch: 0.009
MAPE Eb: 1.289
MAPE Rch: 0.427
--------------------------------------------------
**************************************************
Z=8, N=5, emax=4
RMSE Eb: 0.671
RMSE Rch: 0.011
MAPE Eb: 1.391
MAPE Rch: 0.511
--------------------------------------------------
**************************************************
Z=8, N=5, emax=10
RMSE Eb: 0.913
RMSE Rch: 0.027
MAPE Eb: 1.006
MAPE Rch: 1.528
--------------------------------------------------
**************************************************
Z=8, N=6, emax=4
RMSE Eb: 0.710
RMSE Rch: 0.008
MAPE Eb: 1.023
MAPE Rch: 0.404
--------------------------------------------------
**************************************************
Z=8, N=6, emax=6
RMSE Eb: 0.841
RMSE Rch: 0.011
MAPE Eb: 0.929
MAPE Rch: 0.484
--------------------------------------------------
**************************************************
Z=8, N=6, emax=8
RMSE Eb: 1.103
RMSE Rch: 0.016
MAPE Eb: 1.005
MAPE Rch: 0.792
--------------------------------------------------
**************************************************
Z=8, N=6, emax=10
RMSE Eb: 1.163
RMSE Rch: 0.017
MAPE Eb: 1.034
MAPE Rch: 0.838
--------------------------------------------------
**************************************************
Z=8, N=7, emax=8
RMSE Eb: 1.461
RMSE Rch: 0.012
MAPE Eb: 1.226
MAPE Rch: 0.566
--------------------------------------------------
**************************************************
Z=8, N=7, emax=10
RMSE Eb: 1.000
RMSE Rch: 0.019
MAPE Eb: 0.787
MAPE Rch: 1.142
--------------------------------------------------
**************************************************
Z=8, N=7, emax=6
RMSE Eb: 0.995
RMSE Rch: 0.009
MAPE Eb: 0.941
MAPE Rch: 0.480
--------------------------------------------------
**************************************************
Z=8, N=7, emax=4
RMSE Eb: 0.845
RMSE Rch: 0.011
MAPE Eb: 0.991
MAPE Rch: 0.584
--------------------------------------------------
**************************************************
Z=8, N=8, emax=4
RMSE Eb: 0.615
RMSE Rch: 0.013
MAPE Eb: 0.703
MAPE Rch: 0.365
--------------------------------------------------
**************************************************
Z=8, N=8, emax=8
RMSE Eb: 1.119
RMSE Rch: 0.012
MAPE Eb: 0.802
MAPE Rch: 0.323
--------------------------------------------------
**************************************************
Z=8, N=8, emax=6
RMSE Eb: 0.705
RMSE Rch: 0.013
MAPE Eb: 0.585
MAPE Rch: 0.365
--------------------------------------------------
**************************************************
Z=8, N=8, emax=10
RMSE Eb: 0.993
RMSE Rch: 0.023
MAPE Eb: 0.770
MAPE Rch: 0.645
--------------------------------------------------
**************************************************
Z=8, N=9, emax=8
RMSE Eb: 0.893
RMSE Rch: 0.010
MAPE Eb: 0.684
MAPE Rch: 0.282
--------------------------------------------------
**************************************************
Z=8, N=9, emax=6
RMSE Eb: 0.826
RMSE Rch: 0.009
MAPE Eb: 0.644
MAPE Rch: 0.250
--------------------------------------------------
**************************************************
Z=8, N=9, emax=4
RMSE Eb: 0.635
RMSE Rch: 0.009
MAPE Eb: 0.658
MAPE Rch: 0.242
--------------------------------------------------
**************************************************
Z=8, N=9, emax=10
RMSE Eb: 0.869
RMSE Rch: 0.016
MAPE Eb: 0.634
MAPE Rch: 0.425
--------------------------------------------------
**************************************************
Z=8, N=10, emax=4
RMSE Eb: 0.543
RMSE Rch: 0.007
MAPE Eb: 0.529
MAPE Rch: 0.198
--------------------------------------------------
**************************************************
Z=8, N=10, emax=10
RMSE Eb: 0.873
RMSE Rch: 0.009
MAPE Eb: 0.540
MAPE Rch: 0.263
--------------------------------------------------
**************************************************
Z=8, N=10, emax=6
RMSE Eb: 0.835
RMSE Rch: 0.010
MAPE Eb: 0.660
MAPE Rch: 0.299
--------------------------------------------------
**************************************************
Z=8, N=10, emax=8
RMSE Eb: 1.017
RMSE Rch: 0.010
MAPE Eb: 0.716
MAPE Rch: 0.288
--------------------------------------------------
**************************************************
Z=8, N=11, emax=4
RMSE Eb: 0.668
RMSE Rch: 0.008
MAPE Eb: 0.685
MAPE Rch: 0.205
--------------------------------------------------
**************************************************
Z=8, N=11, emax=6
RMSE Eb: 0.814
RMSE Rch: 0.011
MAPE Eb: 0.646
MAPE Rch: 0.293
--------------------------------------------------
**************************************************
Z=8, N=11, emax=8
RMSE Eb: 1.059
RMSE Rch: 0.009
MAPE Eb: 0.727
MAPE Rch: 0.247
--------------------------------------------------
**************************************************
Z=8, N=11, emax=10
RMSE Eb: 0.828
RMSE Rch: 0.007
MAPE Eb: 0.577
MAPE Rch: 0.201
--------------------------------------------------
**************************************************
Z=8, N=12, emax=6
RMSE Eb: 0.782
RMSE Rch: 0.010
MAPE Eb: 0.586
MAPE Rch: 0.284
--------------------------------------------------
**************************************************
Z=8, N=12, emax=4
RMSE Eb: 0.708
RMSE Rch: 0.009
MAPE Eb: 0.725
MAPE Rch: 0.214
--------------------------------------------------
**************************************************
Z=8, N=12, emax=8
RMSE Eb: 1.031
RMSE Rch: 0.008
MAPE Eb: 0.683
MAPE Rch: 0.238
--------------------------------------------------
**************************************************
Z=8, N=12, emax=10
RMSE Eb: 0.554
RMSE Rch: 0.015
MAPE Eb: 0.372
MAPE Rch: 0.405
--------------------------------------------------
**************************************************
Z=8, N=13, emax=8
RMSE Eb: 0.934
RMSE Rch: 0.010
MAPE Eb: 0.588
MAPE Rch: 0.282
--------------------------------------------------
**************************************************
Z=8, N=13, emax=4
RMSE Eb: 0.617
RMSE Rch: 0.005
MAPE Eb: 0.629
MAPE Rch: 0.130
--------------------------------------------------
**************************************************
Z=8, N=13, emax=10
RMSE Eb: 0.718
RMSE Rch: 0.006
MAPE Eb: 0.453
MAPE Rch: 0.209
--------------------------------------------------
**************************************************
Z=8, N=13, emax=6
RMSE Eb: 0.828
RMSE Rch: 0.009
MAPE Eb: 0.606
MAPE Rch: 0.221
--------------------------------------------------
**************************************************
Z=8, N=14, emax=8
RMSE Eb: 1.164
RMSE Rch: 0.012
MAPE Eb: 0.747
MAPE Rch: 0.347
--------------------------------------------------
**************************************************
Z=8, N=14, emax=4
RMSE Eb: 0.758
RMSE Rch: 0.008
MAPE Eb: 0.713
MAPE Rch: 0.211
--------------------------------------------------
**************************************************
Z=8, N=14, emax=6
RMSE Eb: 0.887
RMSE Rch: 0.009
MAPE Eb: 0.669
MAPE Rch: 0.245
--------------------------------------------------
**************************************************
Z=8, N=14, emax=10
RMSE Eb: 0.968
RMSE Rch: 0.013
MAPE Eb: 0.622
MAPE Rch: 0.343
--------------------------------------------------
**************************************************
Z=8, N=15, emax=8
RMSE Eb: 1.089
RMSE Rch: 0.009
MAPE Eb: 0.660
MAPE Rch: 0.238
--------------------------------------------------
**************************************************
Z=8, N=15, emax=4
RMSE Eb: 0.854
RMSE Rch: 0.010
MAPE Eb: 0.845
MAPE Rch: 0.252
--------------------------------------------------
**************************************************
Z=8, N=15, emax=6
RMSE Eb: 0.929
RMSE Rch: 0.010
MAPE Eb: 0.716
MAPE Rch: 0.262
--------------------------------------------------
**************************************************
Z=8, N=15, emax=10
RMSE Eb: 1.178
RMSE Rch: 0.011
MAPE Eb: 0.646
MAPE Rch: 0.317
--------------------------------------------------
**************************************************
Z=8, N=16, emax=8
RMSE Eb: 1.145
RMSE Rch: 0.010
MAPE Eb: 0.693
MAPE Rch: 0.307
--------------------------------------------------
**************************************************
Z=8, N=16, emax=6
RMSE Eb: 1.105
RMSE Rch: 0.010
MAPE Eb: 0.753
MAPE Rch: 0.294
--------------------------------------------------
**************************************************
Z=8, N=16, emax=10
RMSE Eb: 1.324
RMSE Rch: 0.007
MAPE Eb: 0.784
MAPE Rch: 0.193
--------------------------------------------------
**************************************************
Z=8, N=16, emax=4
RMSE Eb: 1.053
RMSE Rch: 0.013
MAPE Eb: 1.070
MAPE Rch: 0.352
--------------------------------------------------
Finished VAL for AE n=38
**************************************************
Z=8, N=4, emax=6
RMSE Eb: 0.860
RMSE Rch: 0.012
MAPE Eb: 1.614
MAPE Rch: 0.593
--------------------------------------------------
**************************************************
Z=8, N=4, emax=8
RMSE Eb: 1.067
RMSE Rch: 0.023
MAPE Eb: 1.731
MAPE Rch: 1.168
--------------------------------------------------
**************************************************
Z=8, N=4, emax=4
RMSE Eb: 0.589
RMSE Rch: 0.009
MAPE Eb: 1.713
MAPE Rch: 0.420
--------------------------------------------------
**************************************************
Z=8, N=4, emax=10
RMSE Eb: 1.230
RMSE Rch: 0.033
MAPE Eb: 2.007
MAPE Rch: 1.773
--------------------------------------------------
**************************************************
Z=8, N=5, emax=4
RMSE Eb: 0.678
RMSE Rch: 0.009
MAPE Eb: 1.335
MAPE Rch: 0.429
--------------------------------------------------
**************************************************
Z=8, N=5, emax=8
RMSE Eb: 1.103
RMSE Rch: 0.019
MAPE Eb: 1.473
MAPE Rch: 0.950
--------------------------------------------------
**************************************************
Z=8, N=5, emax=6
RMSE Eb: 0.863
RMSE Rch: 0.011
MAPE Eb: 1.228
MAPE Rch: 0.520
--------------------------------------------------
**************************************************
Z=8, N=5, emax=10
RMSE Eb: 1.150
RMSE Rch: 0.020
MAPE Eb: 1.322
MAPE Rch: 1.164
--------------------------------------------------
**************************************************
Z=8, N=6, emax=4
RMSE Eb: 0.720
RMSE Rch: 0.009
MAPE Eb: 1.002
MAPE Rch: 0.403
--------------------------------------------------
**************************************************
Z=8, N=6, emax=8
RMSE Eb: 1.320
RMSE Rch: 0.018
MAPE Eb: 1.166
MAPE Rch: 0.858
--------------------------------------------------
**************************************************
Z=8, N=6, emax=6
RMSE Eb: 1.042
RMSE Rch: 0.011
MAPE Eb: 1.140
MAPE Rch: 0.520
--------------------------------------------------
**************************************************
Z=8, N=6, emax=10
RMSE Eb: 0.776
RMSE Rch: 0.016
MAPE Eb: 0.691
MAPE Rch: 0.842
--------------------------------------------------
**************************************************
Z=8, N=7, emax=4
RMSE Eb: 0.794
RMSE Rch: 0.013
MAPE Eb: 0.986
MAPE Rch: 0.660
--------------------------------------------------
**************************************************
Z=8, N=7, emax=8
RMSE Eb: 1.484
RMSE Rch: 0.012
MAPE Eb: 1.222
MAPE Rch: 0.628
--------------------------------------------------
**************************************************
Z=8, N=7, emax=6
RMSE Eb: 1.051
RMSE Rch: 0.011
MAPE Eb: 0.982
MAPE Rch: 0.563
--------------------------------------------------
**************************************************
Z=8, N=7, emax=10
RMSE Eb: 0.960
RMSE Rch: 0.013
MAPE Eb: 0.671
MAPE Rch: 0.742
--------------------------------------------------
**************************************************
Z=8, N=8, emax=4
RMSE Eb: 0.586
RMSE Rch: 0.012
MAPE Eb: 0.564
MAPE Rch: 0.320
--------------------------------------------------
**************************************************
Z=8, N=8, emax=6
RMSE Eb: 0.892
RMSE Rch: 0.013
MAPE Eb: 0.731
MAPE Rch: 0.366
--------------------------------------------------
**************************************************
Z=8, N=8, emax=8
RMSE Eb: 1.152
RMSE Rch: 0.014
MAPE Eb: 0.854
MAPE Rch: 0.397
--------------------------------------------------
**************************************************
Z=8, N=8, emax=10
RMSE Eb: 0.768
RMSE Rch: 0.014
MAPE Eb: 0.557
MAPE Rch: 0.388
--------------------------------------------------
**************************************************
Z=8, N=9, emax=4
RMSE Eb: 0.622
RMSE Rch: 0.008
MAPE Eb: 0.677
MAPE Rch: 0.221
--------------------------------------------------
**************************************************
Z=8, N=9, emax=8
RMSE Eb: 0.966
RMSE Rch: 0.010
MAPE Eb: 0.690
MAPE Rch: 0.283
--------------------------------------------------
**************************************************
Z=8, N=9, emax=6
RMSE Eb: 0.764
RMSE Rch: 0.009
MAPE Eb: 0.624
MAPE Rch: 0.269
--------------------------------------------------
**************************************************
Z=8, N=9, emax=10
RMSE Eb: 1.262
RMSE Rch: 0.012
MAPE Eb: 0.828
MAPE Rch: 0.383
--------------------------------------------------
**************************************************
Z=8, N=10, emax=4
RMSE Eb: 0.673
RMSE Rch: 0.008
MAPE Eb: 0.702
MAPE Rch: 0.222
--------------------------------------------------
**************************************************
Z=8, N=10, emax=6
RMSE Eb: 0.881
RMSE Rch: 0.009
MAPE Eb: 0.701
MAPE Rch: 0.271
--------------------------------------------------
**************************************************
Z=8, N=10, emax=8
RMSE Eb: 0.930
RMSE Rch: 0.010
MAPE Eb: 0.708
MAPE Rch: 0.286
--------------------------------------------------
**************************************************
Z=8, N=10, emax=10
RMSE Eb: 1.111
RMSE Rch: 0.014
MAPE Eb: 0.635
MAPE Rch: 0.396
--------------------------------------------------
**************************************************
Z=8, N=11, emax=8
RMSE Eb: 0.983
RMSE Rch: 0.010
MAPE Eb: 0.618
MAPE Rch: 0.277
--------------------------------------------------
**************************************************
Z=8, N=11, emax=4
RMSE Eb: 0.579
RMSE Rch: 0.006
MAPE Eb: 0.598
MAPE Rch: 0.162
--------------------------------------------------
**************************************************
Z=8, N=11, emax=6
RMSE Eb: 0.761
RMSE Rch: 0.008
MAPE Eb: 0.606
MAPE Rch: 0.231
--------------------------------------------------
**************************************************
Z=8, N=11, emax=10
RMSE Eb: 1.033
RMSE Rch: 0.006
MAPE Eb: 0.625
MAPE Rch: 0.161
--------------------------------------------------
**************************************************
Z=8, N=12, emax=6
RMSE Eb: 0.835
RMSE Rch: 0.007
MAPE Eb: 0.638
MAPE Rch: 0.188
--------------------------------------------------
**************************************************
Z=8, N=12, emax=8
RMSE Eb: 0.973
RMSE Rch: 0.010
MAPE Eb: 0.656
MAPE Rch: 0.277
--------------------------------------------------
**************************************************
Z=8, N=12, emax=4
RMSE Eb: 0.680
RMSE Rch: 0.007
MAPE Eb: 0.680
MAPE Rch: 0.196
--------------------------------------------------
**************************************************
Z=8, N=12, emax=10
RMSE Eb: 0.855
RMSE Rch: 0.010
MAPE Eb: 0.486
MAPE Rch: 0.290
--------------------------------------------------
**************************************************
Z=8, N=13, emax=8
RMSE Eb: 1.056
RMSE Rch: 0.010
MAPE Eb: 0.677
MAPE Rch: 0.273
--------------------------------------------------
**************************************************
Z=8, N=13, emax=4
RMSE Eb: 0.589
RMSE Rch: 0.006
MAPE Eb: 0.572
MAPE Rch: 0.171
--------------------------------------------------
**************************************************
Z=8, N=13, emax=6
RMSE Eb: 0.782
RMSE Rch: 0.009
MAPE Eb: 0.580
MAPE Rch: 0.242
--------------------------------------------------
**************************************************
Z=8, N=13, emax=10
RMSE Eb: 0.648
RMSE Rch: 0.007
MAPE Eb: 0.402
MAPE Rch: 0.192
--------------------------------------------------
**************************************************
Z=8, N=14, emax=6
RMSE Eb: 0.815
RMSE Rch: 0.010
MAPE Eb: 0.590
MAPE Rch: 0.267
--------------------------------------------------
**************************************************
Z=8, N=14, emax=10
RMSE Eb: 0.790
RMSE Rch: 0.013
MAPE Eb: 0.460
MAPE Rch: 0.376
--------------------------------------------------
**************************************************
Z=8, N=14, emax=4
RMSE Eb: 0.807
RMSE Rch: 0.008
MAPE Eb: 0.820
MAPE Rch: 0.228
--------------------------------------------------
**************************************************
Z=8, N=14, emax=8
RMSE Eb: 1.028
RMSE Rch: 0.010
MAPE Eb: 0.631
MAPE Rch: 0.266
--------------------------------------------------
**************************************************
Z=8, N=15, emax=8
RMSE Eb: 1.053
RMSE Rch: 0.009
MAPE Eb: 0.692
MAPE Rch: 0.264
--------------------------------------------------
**************************************************
Z=8, N=15, emax=6
RMSE Eb: 0.802
RMSE Rch: 0.009
MAPE Eb: 0.589
MAPE Rch: 0.266
--------------------------------------------------
**************************************************
Z=8, N=15, emax=4
RMSE Eb: 0.778
RMSE Rch: 0.010
MAPE Eb: 0.793
MAPE Rch: 0.262
--------------------------------------------------
**************************************************
Z=8, N=15, emax=10
RMSE Eb: 0.964
RMSE Rch: 0.013
MAPE Eb: 0.616
MAPE Rch: 0.338
--------------------------------------------------
**************************************************
Z=8, N=16, emax=4
RMSE Eb: 1.013
RMSE Rch: 0.010
MAPE Eb: 1.011
MAPE Rch: 0.282
--------------------------------------------------
**************************************************
Z=8, N=16, emax=8
RMSE Eb: 1.241
RMSE Rch: 0.010
MAPE Eb: 0.732
MAPE Rch: 0.262
--------------------------------------------------
**************************************************
Z=8, N=16, emax=6
RMSE Eb: 1.024
RMSE Rch: 0.010
MAPE Eb: 0.742
MAPE Rch: 0.287
--------------------------------------------------
**************************************************
Z=8, N=16, emax=10
RMSE Eb: 0.898
RMSE Rch: 0.013
MAPE Eb: 0.524
MAPE Rch: 0.397
--------------------------------------------------
