Activated conda environment
[DataLoader] Found 13 files matching the pattern.
[DataLoader] Combined data shape: (17234, 35)
[Preprocess] Data split => train: (11029, 35), val: (2758, 35), test: (3447, 35)
[Preprocess] Processed fidelity 4 (index 0): 3758 samples.
[Preprocess] Processed fidelity 6 (index 1): 3346 samples.
[Preprocess] Processed fidelity 8 (index 2): 3194 samples.
[Preprocess] Processed fidelity 10 (index 3): 731 samples.
[Preprocess] Processed fidelity 4 (index 0): 949 samples.
[Preprocess] Processed fidelity 6 (index 1): 833 samples.
[Preprocess] Processed fidelity 8 (index 2): 801 samples.
[Preprocess] Processed fidelity 10 (index 3): 175 samples.
Fidelity levels: [4, 6, 8, 10]
[Trainer] Starting BNN training...
[Trainer] No improvement. Iteration 8900. Early stopping counter: 1, LR counter: 1
[Trainer] No improvement. Iteration 9000. Early stopping counter: 2, LR counter: 2
[Trainer] No improvement. Iteration 9100. Early stopping counter: 3, LR counter: 3
[Trainer] No improvement. Iteration 9200. Early stopping counter: 4, LR counter: 4
[Trainer] No improvement. Iteration 9300. Early stopping counter: 5, LR counter: 5
[Trainer] No improvement. Iteration 9400. Early stopping counter: 6, LR counter: 6
[Trainer] No improvement. Iteration 9700. Early stopping counter: 1, LR counter: 1
[Trainer] No improvement. Iteration 9800. Early stopping counter: 2, LR counter: 2
[Trainer] No improvement. Iteration 9900. Early stopping counter: 3, LR counter: 3
[Trainer] No improvement. Iteration 10000. Early stopping counter: 4, LR counter: 4
[Trainer] No improvement. Iteration 10100. Early stopping counter: 5, LR counter: 5
[Trainer] No improvement. Iteration 10200. Early stopping counter: 6, LR counter: 6
[Trainer] No improvement. Iteration 10300. Early stopping counter: 7, LR counter: 7
[Trainer] No improvement. Iteration 10400. Early stopping counter: 8, LR counter: 8
[Trainer] No improvement. Iteration 10500. Early stopping counter: 9, LR counter: 9
[Trainer] No improvement. Iteration 10600. Early stopping counter: 10, LR counter: 10
[Trainer] No improvement. Iteration 10700. Early stopping counter: 11, LR counter: 11
[Trainer] No improvement. Iteration 10800. Early stopping counter: 12, LR counter: 12
[Trainer] No improvement. Iteration 10900. Early stopping counter: 13, LR counter: 13
[Trainer] No improvement. Iteration 11000. Early stopping counter: 14, LR counter: 14
[Trainer] No improvement. Iteration 11300. Early stopping counter: 1, LR counter: 1
[Trainer] No improvement. Iteration 11400. Early stopping counter: 2, LR counter: 2
[Trainer] No improvement. Iteration 11500. Early stopping counter: 3, LR counter: 3
[Trainer] No improvement. Iteration 11600. Early stopping counter: 4, LR counter: 4
[Trainer] No improvement. Iteration 11700. Early stopping counter: 5, LR counter: 5
[Trainer] No improvement. Iteration 11800. Early stopping counter: 6, LR counter: 6
[Trainer] No improvement. Iteration 11900. Early stopping counter: 7, LR counter: 7
[Trainer] No improvement. Iteration 12000. Early stopping counter: 8, LR counter: 8
[Trainer] No improvement. Iteration 12100. Early stopping counter: 9, LR counter: 9
[Trainer] No improvement. Iteration 12200. Early stopping counter: 10, LR counter: 10
[Trainer] No improvement. Iteration 12300. Early stopping counter: 11, LR counter: 11
[Trainer] No improvement. Iteration 12400. Early stopping counter: 12, LR counter: 12
[Trainer] No improvement. Iteration 12500. Early stopping counter: 13, LR counter: 13
[Trainer] No improvement. Iteration 12600. Early stopping counter: 14, LR counter: 14
[Trainer] No improvement. Iteration 12700. Early stopping counter: 15, LR counter: 15
[Trainer] No improvement. Iteration 12800. Early stopping counter: 16, LR counter: 16
[Trainer] No improvement. Iteration 12900. Early stopping counter: 17, LR counter: 17
[Trainer] No improvement. Iteration 13000. Early stopping counter: 18, LR counter: 18
[Trainer] No improvement. Iteration 13100. Early stopping counter: 19, LR counter: 19
[Trainer] No improvement. Iteration 13200. Early stopping counter: 20, LR counter: 20
[Trainer] No improvement. Iteration 13300. Early stopping counter: 21, LR counter: 21
[Trainer] No improvement. Iteration 13400. Early stopping counter: 22, LR counter: 22
[Trainer] No improvement. Iteration 13500. Early stopping counter: 23, LR counter: 23
[Trainer] No improvement. Iteration 13600. Early stopping counter: 24, LR counter: 24
[Trainer] No improvement. Iteration 13700. Early stopping counter: 25, LR counter: 25
[Trainer] Learning rate reduced to: 0.000010
[Trainer] No improvement. Iteration 13800. Early stopping counter: 26, LR counter: 1
[Trainer] No improvement. Iteration 13900. Early stopping counter: 27, LR counter: 2
[Trainer] No improvement. Iteration 14000. Early stopping counter: 28, LR counter: 3
[Trainer] No improvement. Iteration 14100. Early stopping counter: 29, LR counter: 4
[Trainer] No improvement. Iteration 14200. Early stopping counter: 30, LR counter: 5
[Trainer] No improvement. Iteration 14300. Early stopping counter: 31, LR counter: 6
[Trainer] No improvement. Iteration 14400. Early stopping counter: 32, LR counter: 7
[Trainer] No improvement. Iteration 14500. Early stopping counter: 33, LR counter: 8
[Trainer] No improvement. Iteration 14600. Early stopping counter: 34, LR counter: 9
[Trainer] No improvement. Iteration 14700. Early stopping counter: 35, LR counter: 10
[Trainer] No improvement. Iteration 14800. Early stopping counter: 36, LR counter: 11
[Trainer] No improvement. Iteration 14900. Early stopping counter: 37, LR counter: 12
[Trainer] No improvement. Iteration 15000. Early stopping counter: 38, LR counter: 13
[Trainer] No improvement. Iteration 15100. Early stopping counter: 39, LR counter: 14
[Trainer] No improvement. Iteration 15200. Early stopping counter: 40, LR counter: 15
[Trainer] No improvement. Iteration 15300. Early stopping counter: 41, LR counter: 16
[Trainer] No improvement. Iteration 15400. Early stopping counter: 42, LR counter: 17
[Trainer] No improvement. Iteration 15500. Early stopping counter: 43, LR counter: 18
[Trainer] No improvement. Iteration 15600. Early stopping counter: 44, LR counter: 19
[Trainer] No improvement. Iteration 15700. Early stopping counter: 45, LR counter: 20
[Trainer] No improvement. Iteration 15800. Early stopping counter: 46, LR counter: 21
[Trainer] No improvement. Iteration 15900. Early stopping counter: 47, LR counter: 22
[Trainer] No improvement. Iteration 16000. Early stopping counter: 48, LR counter: 23
[Trainer] No improvement. Iteration 16100. Early stopping counter: 49, LR counter: 24
[Trainer] No improvement. Iteration 16200. Early stopping counter: 50, LR counter: 25
[Trainer] Learning rate reduced to: 0.000001
[Trainer] Early stopping triggered.
[Trainer] Training completed.
[Trainer] Calibrating temperatures on validation set...
[Trainer] Temperature calibration finished. Calibrated temperatures: {4: 1.56510329246521, 6: 1.282410979270935, 8: 1.3740559816360474, 10: 1.4553499221801758}
[Trainer] BNN training completed.
**************************************************
Z=8, N=4, emax=4
RMSE Eb: 0.673
RMSE Rch: 0.007
MAPE Eb: 2.067
MAPE Rch: 0.304
--------------------------------------------------
**************************************************
Z=8, N=4, emax=10
RMSE Eb: 1.179
RMSE Rch: 0.031
MAPE Eb: 1.862
MAPE Rch: 1.666
--------------------------------------------------
**************************************************
Z=8, N=4, emax=6
RMSE Eb: 0.699
RMSE Rch: 0.010
MAPE Eb: 1.404
MAPE Rch: 0.503
--------------------------------------------------
**************************************************
Z=8, N=4, emax=8
RMSE Eb: 0.895
RMSE Rch: 0.018
MAPE Eb: 1.493
MAPE Rch: 0.812
--------------------------------------------------
**************************************************
Z=8, N=5, emax=8
RMSE Eb: 0.836
RMSE Rch: 0.014
MAPE Eb: 1.053
MAPE Rch: 0.647
--------------------------------------------------
**************************************************
Z=8, N=5, emax=6
RMSE Eb: 0.742
RMSE Rch: 0.009
MAPE Eb: 1.067
MAPE Rch: 0.414
--------------------------------------------------
**************************************************
Z=8, N=5, emax=4
RMSE Eb: 0.693
RMSE Rch: 0.007
MAPE Eb: 1.346
MAPE Rch: 0.298
--------------------------------------------------
**************************************************
Z=8, N=5, emax=10
RMSE Eb: 0.373
RMSE Rch: 0.009
MAPE Eb: 0.536
MAPE Rch: 0.500
--------------------------------------------------
**************************************************
Z=8, N=6, emax=4
RMSE Eb: 0.656
RMSE Rch: 0.008
MAPE Eb: 0.948
MAPE Rch: 0.362
--------------------------------------------------
**************************************************
Z=8, N=6, emax=6
RMSE Eb: 0.758
RMSE Rch: 0.007
MAPE Eb: 0.814
MAPE Rch: 0.379
--------------------------------------------------
**************************************************
Z=8, N=6, emax=8
RMSE Eb: 1.103
RMSE Rch: 0.014
MAPE Eb: 0.978
MAPE Rch: 0.638
--------------------------------------------------
**************************************************
Z=8, N=6, emax=10
RMSE Eb: 0.950
RMSE Rch: 0.010
MAPE Eb: 0.861
MAPE Rch: 0.498
--------------------------------------------------
**************************************************
Z=8, N=7, emax=8
RMSE Eb: 1.148
RMSE Rch: 0.007
MAPE Eb: 0.941
MAPE Rch: 0.355
--------------------------------------------------
**************************************************
Z=8, N=7, emax=10
RMSE Eb: 0.892
RMSE Rch: 0.016
MAPE Eb: 0.625
MAPE Rch: 0.865
--------------------------------------------------
**************************************************
Z=8, N=7, emax=6
RMSE Eb: 0.984
RMSE Rch: 0.009
MAPE Eb: 0.925
MAPE Rch: 0.448
--------------------------------------------------
**************************************************
Z=8, N=7, emax=4
RMSE Eb: 0.659
RMSE Rch: 0.007
MAPE Eb: 0.852
MAPE Rch: 0.340
--------------------------------------------------
**************************************************
Z=8, N=8, emax=4
RMSE Eb: 0.698
RMSE Rch: 0.008
MAPE Eb: 0.786
MAPE Rch: 0.218
--------------------------------------------------
**************************************************
Z=8, N=8, emax=8
RMSE Eb: 0.846
RMSE Rch: 0.009
MAPE Eb: 0.627
MAPE Rch: 0.265
--------------------------------------------------
**************************************************
Z=8, N=8, emax=6
RMSE Eb: 0.648
RMSE Rch: 0.009
MAPE Eb: 0.538
MAPE Rch: 0.261
--------------------------------------------------
**************************************************
Z=8, N=8, emax=10
RMSE Eb: 1.149
RMSE Rch: 0.016
MAPE Eb: 0.871
MAPE Rch: 0.493
--------------------------------------------------
**************************************************
Z=8, N=9, emax=8
RMSE Eb: 0.738
RMSE Rch: 0.006
MAPE Eb: 0.542
MAPE Rch: 0.178
--------------------------------------------------
**************************************************
Z=8, N=9, emax=6
RMSE Eb: 0.522
RMSE Rch: 0.007
MAPE Eb: 0.429
MAPE Rch: 0.196
--------------------------------------------------
**************************************************
Z=8, N=9, emax=4
RMSE Eb: 0.719
RMSE Rch: 0.008
MAPE Eb: 0.704
MAPE Rch: 0.214
--------------------------------------------------
**************************************************
Z=8, N=9, emax=10
RMSE Eb: 0.783
RMSE Rch: 0.009
MAPE Eb: 0.569
MAPE Rch: 0.281
--------------------------------------------------
**************************************************
Z=8, N=10, emax=4
RMSE Eb: 0.570
RMSE Rch: 0.007
MAPE Eb: 0.629
MAPE Rch: 0.220
--------------------------------------------------
**************************************************
Z=8, N=10, emax=10
RMSE Eb: 1.022
RMSE Rch: 0.009
MAPE Eb: 0.663
MAPE Rch: 0.275
--------------------------------------------------
**************************************************
Z=8, N=10, emax=6
RMSE Eb: 0.610
RMSE Rch: 0.007
MAPE Eb: 0.489
MAPE Rch: 0.201
--------------------------------------------------
**************************************************
Z=8, N=10, emax=8
RMSE Eb: 0.880
RMSE Rch: 0.008
MAPE Eb: 0.599
MAPE Rch: 0.250
--------------------------------------------------
**************************************************
Z=8, N=11, emax=4
RMSE Eb: 0.598
RMSE Rch: 0.007
MAPE Eb: 0.604
MAPE Rch: 0.197
--------------------------------------------------
**************************************************
Z=8, N=11, emax=6
RMSE Eb: 0.529
RMSE Rch: 0.006
MAPE Eb: 0.398
MAPE Rch: 0.171
--------------------------------------------------
**************************************************
Z=8, N=11, emax=8
RMSE Eb: 0.913
RMSE Rch: 0.006
MAPE Eb: 0.651
MAPE Rch: 0.172
--------------------------------------------------
**************************************************
Z=8, N=11, emax=10
RMSE Eb: 0.611
RMSE Rch: 0.008
MAPE Eb: 0.416
MAPE Rch: 0.235
--------------------------------------------------
**************************************************
Z=8, N=12, emax=6
RMSE Eb: 0.574
RMSE Rch: 0.007
MAPE Eb: 0.398
MAPE Rch: 0.192
--------------------------------------------------
**************************************************
Z=8, N=12, emax=4
RMSE Eb: 0.691
RMSE Rch: 0.006
MAPE Eb: 0.735
MAPE Rch: 0.168
--------------------------------------------------
**************************************************
Z=8, N=12, emax=8
RMSE Eb: 0.705
RMSE Rch: 0.008
MAPE Eb: 0.464
MAPE Rch: 0.215
--------------------------------------------------
**************************************************
Z=8, N=12, emax=10
RMSE Eb: 0.505
RMSE Rch: 0.004
MAPE Eb: 0.318
MAPE Rch: 0.108
--------------------------------------------------
**************************************************
Z=8, N=13, emax=8
RMSE Eb: 0.720
RMSE Rch: 0.007
MAPE Eb: 0.473
MAPE Rch: 0.207
--------------------------------------------------
**************************************************
Z=8, N=13, emax=4
RMSE Eb: 0.625
RMSE Rch: 0.008
MAPE Eb: 0.638
MAPE Rch: 0.239
--------------------------------------------------
**************************************************
Z=8, N=13, emax=10
RMSE Eb: 0.720
RMSE Rch: 0.008
MAPE Eb: 0.416
MAPE Rch: 0.262
--------------------------------------------------
**************************************************
Z=8, N=13, emax=6
RMSE Eb: 0.586
RMSE Rch: 0.007
MAPE Eb: 0.429
MAPE Rch: 0.208
--------------------------------------------------
**************************************************
Z=8, N=14, emax=8
RMSE Eb: 0.868
RMSE Rch: 0.013
MAPE Eb: 0.533
MAPE Rch: 0.328
--------------------------------------------------
**************************************************
Z=8, N=14, emax=4
RMSE Eb: 0.667
RMSE Rch: 0.010
MAPE Eb: 0.652
MAPE Rch: 0.275
--------------------------------------------------
**************************************************
Z=8, N=14, emax=6
RMSE Eb: 0.623
RMSE Rch: 0.007
MAPE Eb: 0.458
MAPE Rch: 0.170
--------------------------------------------------
**************************************************
Z=8, N=14, emax=10
RMSE Eb: 0.549
RMSE Rch: 0.012
MAPE Eb: 0.342
MAPE Rch: 0.298
--------------------------------------------------
**************************************************
Z=8, N=15, emax=8
RMSE Eb: 0.833
RMSE Rch: 0.007
MAPE Eb: 0.496
MAPE Rch: 0.188
--------------------------------------------------
**************************************************
Z=8, N=15, emax=4
RMSE Eb: 0.636
RMSE Rch: 0.008
MAPE Eb: 0.610
MAPE Rch: 0.209
--------------------------------------------------
**************************************************
Z=8, N=15, emax=6
RMSE Eb: 0.691
RMSE Rch: 0.007
MAPE Eb: 0.476
MAPE Rch: 0.198
--------------------------------------------------
**************************************************
Z=8, N=15, emax=10
RMSE Eb: 0.783
RMSE Rch: 0.007
MAPE Eb: 0.421
MAPE Rch: 0.231
--------------------------------------------------
**************************************************
Z=8, N=16, emax=8
RMSE Eb: 0.894
RMSE Rch: 0.008
MAPE Eb: 0.529
MAPE Rch: 0.205
--------------------------------------------------
**************************************************
Z=8, N=16, emax=6
RMSE Eb: 0.719
RMSE Rch: 0.008
MAPE Eb: 0.461
MAPE Rch: 0.225
--------------------------------------------------
**************************************************
Z=8, N=16, emax=10
RMSE Eb: 1.007
RMSE Rch: 0.009
MAPE Eb: 0.512
MAPE Rch: 0.248
--------------------------------------------------
**************************************************
Z=8, N=16, emax=4
RMSE Eb: 0.821
RMSE Rch: 0.009
MAPE Eb: 0.819
MAPE Rch: 0.233
--------------------------------------------------
Finished VAL for AE n=43
**************************************************
Z=8, N=4, emax=6
RMSE Eb: 0.890
RMSE Rch: 0.010
MAPE Eb: 1.721
MAPE Rch: 0.467
--------------------------------------------------
**************************************************
Z=8, N=4, emax=8
RMSE Eb: 0.785
RMSE Rch: 0.018
MAPE Eb: 1.298
MAPE Rch: 0.783
--------------------------------------------------
**************************************************
Z=8, N=4, emax=4
RMSE Eb: 0.713
RMSE Rch: 0.007
MAPE Eb: 1.968
MAPE Rch: 0.321
--------------------------------------------------
**************************************************
Z=8, N=4, emax=10
RMSE Eb: 1.091
RMSE Rch: 0.025
MAPE Eb: 1.638
MAPE Rch: 1.285
--------------------------------------------------
**************************************************
Z=8, N=5, emax=4
RMSE Eb: 0.698
RMSE Rch: 0.008
MAPE Eb: 1.286
MAPE Rch: 0.344
--------------------------------------------------
**************************************************
Z=8, N=5, emax=8
RMSE Eb: 0.804
RMSE Rch: 0.015
MAPE Eb: 1.075
MAPE Rch: 0.680
--------------------------------------------------
**************************************************
Z=8, N=5, emax=6
RMSE Eb: 0.730
RMSE Rch: 0.008
MAPE Eb: 1.000
MAPE Rch: 0.364
--------------------------------------------------
**************************************************
Z=8, N=5, emax=10
RMSE Eb: 1.153
RMSE Rch: 0.024
MAPE Eb: 1.350
MAPE Rch: 1.360
--------------------------------------------------
**************************************************
Z=8, N=6, emax=4
RMSE Eb: 0.664
RMSE Rch: 0.007
MAPE Eb: 0.960
MAPE Rch: 0.341
--------------------------------------------------
**************************************************
Z=8, N=6, emax=8
RMSE Eb: 1.096
RMSE Rch: 0.016
MAPE Eb: 1.018
MAPE Rch: 0.744
--------------------------------------------------
**************************************************
Z=8, N=6, emax=6
RMSE Eb: 0.797
RMSE Rch: 0.011
MAPE Eb: 0.848
MAPE Rch: 0.502
--------------------------------------------------
**************************************************
Z=8, N=6, emax=10
RMSE Eb: 0.730
RMSE Rch: 0.016
MAPE Eb: 0.652
MAPE Rch: 0.726
--------------------------------------------------
**************************************************
Z=8, N=7, emax=4
RMSE Eb: 0.686
RMSE Rch: 0.007
MAPE Eb: 0.872
MAPE Rch: 0.356
--------------------------------------------------
**************************************************
Z=8, N=7, emax=8
RMSE Eb: 1.141
RMSE Rch: 0.008
MAPE Eb: 0.907
MAPE Rch: 0.444
--------------------------------------------------
**************************************************
Z=8, N=7, emax=6
RMSE Eb: 0.864
RMSE Rch: 0.009
MAPE Eb: 0.779
MAPE Rch: 0.442
--------------------------------------------------
**************************************************
Z=8, N=7, emax=10
RMSE Eb: 0.797
RMSE Rch: 0.012
MAPE Eb: 0.641
MAPE Rch: 0.611
--------------------------------------------------
**************************************************
Z=8, N=8, emax=4
RMSE Eb: 0.774
RMSE Rch: 0.008
MAPE Eb: 0.758
MAPE Rch: 0.219
--------------------------------------------------
**************************************************
Z=8, N=8, emax=6
RMSE Eb: 0.658
RMSE Rch: 0.009
MAPE Eb: 0.544
MAPE Rch: 0.257
--------------------------------------------------
**************************************************
Z=8, N=8, emax=8
RMSE Eb: 0.731
RMSE Rch: 0.009
MAPE Eb: 0.566
MAPE Rch: 0.278
--------------------------------------------------
**************************************************
Z=8, N=8, emax=10
RMSE Eb: 1.143
RMSE Rch: 0.016
MAPE Eb: 0.816
MAPE Rch: 0.394
--------------------------------------------------
**************************************************
Z=8, N=9, emax=4
RMSE Eb: 0.601
RMSE Rch: 0.008
MAPE Eb: 0.651
MAPE Rch: 0.239
--------------------------------------------------
**************************************************
Z=8, N=9, emax=8
RMSE Eb: 0.805
RMSE Rch: 0.007
MAPE Eb: 0.586
MAPE Rch: 0.216
--------------------------------------------------
**************************************************
Z=8, N=9, emax=6
RMSE Eb: 0.622
RMSE Rch: 0.008
MAPE Eb: 0.497
MAPE Rch: 0.216
--------------------------------------------------
**************************************************
Z=8, N=9, emax=10
RMSE Eb: 0.687
RMSE Rch: 0.008
MAPE Eb: 0.469
MAPE Rch: 0.228
--------------------------------------------------
**************************************************
Z=8, N=10, emax=4
RMSE Eb: 0.614
RMSE Rch: 0.008
MAPE Eb: 0.643
MAPE Rch: 0.232
--------------------------------------------------
**************************************************
Z=8, N=10, emax=6
RMSE Eb: 0.704
RMSE Rch: 0.008
MAPE Eb: 0.569
MAPE Rch: 0.229
--------------------------------------------------
**************************************************
Z=8, N=10, emax=8
RMSE Eb: 0.758
RMSE Rch: 0.008
MAPE Eb: 0.550
MAPE Rch: 0.232
--------------------------------------------------
**************************************************
Z=8, N=10, emax=10
RMSE Eb: 0.749
RMSE Rch: 0.008
MAPE Eb: 0.474
MAPE Rch: 0.227
--------------------------------------------------
**************************************************
Z=8, N=11, emax=8
RMSE Eb: 0.865
RMSE Rch: 0.009
MAPE Eb: 0.599
MAPE Rch: 0.249
--------------------------------------------------
**************************************************
Z=8, N=11, emax=4
RMSE Eb: 0.619
RMSE Rch: 0.007
MAPE Eb: 0.659
MAPE Rch: 0.213
--------------------------------------------------
**************************************************
Z=8, N=11, emax=6
RMSE Eb: 0.635
RMSE Rch: 0.006
MAPE Eb: 0.505
MAPE Rch: 0.188
--------------------------------------------------
**************************************************
Z=8, N=11, emax=10
RMSE Eb: 0.633
RMSE Rch: 0.008
MAPE Eb: 0.373
MAPE Rch: 0.213
--------------------------------------------------
**************************************************
Z=8, N=12, emax=6
RMSE Eb: 0.579
RMSE Rch: 0.006
MAPE Eb: 0.432
MAPE Rch: 0.185
--------------------------------------------------
**************************************************
Z=8, N=12, emax=8
RMSE Eb: 0.862
RMSE Rch: 0.007
MAPE Eb: 0.550
MAPE Rch: 0.200
--------------------------------------------------
**************************************************
Z=8, N=12, emax=4
RMSE Eb: 0.689
RMSE Rch: 0.006
MAPE Eb: 0.697
MAPE Rch: 0.179
--------------------------------------------------
**************************************************
Z=8, N=12, emax=10
RMSE Eb: 0.671
RMSE Rch: 0.008
MAPE Eb: 0.407
MAPE Rch: 0.222
--------------------------------------------------
**************************************************
Z=8, N=13, emax=8
RMSE Eb: 0.833
RMSE Rch: 0.007
MAPE Eb: 0.500
MAPE Rch: 0.203
--------------------------------------------------
**************************************************
Z=8, N=13, emax=4
RMSE Eb: 0.709
RMSE Rch: 0.008
MAPE Eb: 0.644
MAPE Rch: 0.251
--------------------------------------------------
**************************************************
Z=8, N=13, emax=6
RMSE Eb: 0.721
RMSE Rch: 0.008
MAPE Eb: 0.521
MAPE Rch: 0.216
--------------------------------------------------
**************************************************
Z=8, N=13, emax=10
RMSE Eb: 0.796
RMSE Rch: 0.012
MAPE Eb: 0.500
MAPE Rch: 0.300
--------------------------------------------------
**************************************************
Z=8, N=14, emax=6
RMSE Eb: 0.766
RMSE Rch: 0.008
MAPE Eb: 0.543
MAPE Rch: 0.205
--------------------------------------------------
**************************************************
Z=8, N=14, emax=10
RMSE Eb: 0.651
RMSE Rch: 0.015
MAPE Eb: 0.371
MAPE Rch: 0.419
--------------------------------------------------
**************************************************
Z=8, N=14, emax=4
RMSE Eb: 0.718
RMSE Rch: 0.008
MAPE Eb: 0.656
MAPE Rch: 0.213
--------------------------------------------------
**************************************************
Z=8, N=14, emax=8
RMSE Eb: 0.750
RMSE Rch: 0.011
MAPE Eb: 0.481
MAPE Rch: 0.286
--------------------------------------------------
**************************************************
Z=8, N=15, emax=8
RMSE Eb: 0.774
RMSE Rch: 0.007
MAPE Eb: 0.479
MAPE Rch: 0.205
--------------------------------------------------
**************************************************
Z=8, N=15, emax=6
RMSE Eb: 0.624
RMSE Rch: 0.008
MAPE Eb: 0.464
MAPE Rch: 0.210
--------------------------------------------------
**************************************************
Z=8, N=15, emax=4
RMSE Eb: 0.696
RMSE Rch: 0.008
MAPE Eb: 0.721
MAPE Rch: 0.206
--------------------------------------------------
**************************************************
Z=8, N=15, emax=10
RMSE Eb: 0.933
RMSE Rch: 0.007
MAPE Eb: 0.570
MAPE Rch: 0.198
--------------------------------------------------
**************************************************
Z=8, N=16, emax=4
RMSE Eb: 0.779
RMSE Rch: 0.009
MAPE Eb: 0.817
MAPE Rch: 0.242
--------------------------------------------------
**************************************************
Z=8, N=16, emax=8
RMSE Eb: 0.905
RMSE Rch: 0.008
MAPE Eb: 0.547
MAPE Rch: 0.226
--------------------------------------------------
**************************************************
Z=8, N=16, emax=6
RMSE Eb: 0.676
RMSE Rch: 0.008
MAPE Eb: 0.469
MAPE Rch: 0.211
--------------------------------------------------
**************************************************
Z=8, N=16, emax=10
RMSE Eb: 1.033
RMSE Rch: 0.008
MAPE Eb: 0.590
MAPE Rch: 0.239
--------------------------------------------------
