Activated conda environment
[DataLoader] Found 13 files matching the pattern.
[DataLoader] Combined data shape: (17234, 35)
[Preprocess] Data split => train: (11029, 35), val: (2758, 35), test: (3447, 35)
[Preprocess] Processed fidelity 4 (index 0): 3758 samples.
[Preprocess] Processed fidelity 6 (index 1): 3346 samples.
[Preprocess] Processed fidelity 8 (index 2): 3194 samples.
[Preprocess] Processed fidelity 10 (index 3): 731 samples.
[Preprocess] Processed fidelity 4 (index 0): 949 samples.
[Preprocess] Processed fidelity 6 (index 1): 833 samples.
[Preprocess] Processed fidelity 8 (index 2): 801 samples.
[Preprocess] Processed fidelity 10 (index 3): 175 samples.
Fidelity levels: [4, 6, 8, 10]
[Trainer] Starting BNN training...
[Trainer] No improvement. Iteration 8200. Early stopping counter: 1, LR counter: 1
[Trainer] No improvement. Iteration 8500. Early stopping counter: 1, LR counter: 1
[Trainer] No improvement. Iteration 8600. Early stopping counter: 2, LR counter: 2
[Trainer] No improvement. Iteration 8700. Early stopping counter: 3, LR counter: 3
[Trainer] No improvement. Iteration 9000. Early stopping counter: 1, LR counter: 1
[Trainer] No improvement. Iteration 9100. Early stopping counter: 2, LR counter: 2
[Trainer] No improvement. Iteration 9400. Early stopping counter: 1, LR counter: 1
[Trainer] No improvement. Iteration 9500. Early stopping counter: 2, LR counter: 2
[Trainer] No improvement. Iteration 9600. Early stopping counter: 3, LR counter: 3
[Trainer] No improvement. Iteration 9700. Early stopping counter: 4, LR counter: 4
[Trainer] No improvement. Iteration 9800. Early stopping counter: 5, LR counter: 5
[Trainer] No improvement. Iteration 9900. Early stopping counter: 6, LR counter: 6
[Trainer] No improvement. Iteration 10000. Early stopping counter: 7, LR counter: 7
[Trainer] No improvement. Iteration 10100. Early stopping counter: 8, LR counter: 8
[Trainer] No improvement. Iteration 10200. Early stopping counter: 9, LR counter: 9
[Trainer] No improvement. Iteration 10300. Early stopping counter: 10, LR counter: 10
[Trainer] No improvement. Iteration 10400. Early stopping counter: 11, LR counter: 11
[Trainer] No improvement. Iteration 10500. Early stopping counter: 12, LR counter: 12
[Trainer] No improvement. Iteration 10600. Early stopping counter: 13, LR counter: 13
[Trainer] No improvement. Iteration 10700. Early stopping counter: 14, LR counter: 14
[Trainer] No improvement. Iteration 10800. Early stopping counter: 15, LR counter: 15
[Trainer] No improvement. Iteration 10900. Early stopping counter: 16, LR counter: 16
[Trainer] No improvement. Iteration 11000. Early stopping counter: 17, LR counter: 17
[Trainer] No improvement. Iteration 11100. Early stopping counter: 18, LR counter: 18
[Trainer] No improvement. Iteration 11200. Early stopping counter: 19, LR counter: 19
[Trainer] No improvement. Iteration 11300. Early stopping counter: 20, LR counter: 20
[Trainer] No improvement. Iteration 11400. Early stopping counter: 21, LR counter: 21
[Trainer] No improvement. Iteration 11500. Early stopping counter: 22, LR counter: 22
[Trainer] No improvement. Iteration 11600. Early stopping counter: 23, LR counter: 23
[Trainer] No improvement. Iteration 11700. Early stopping counter: 24, LR counter: 24
[Trainer] No improvement. Iteration 11800. Early stopping counter: 25, LR counter: 25
[Trainer] Learning rate reduced to: 0.000010
[Trainer] No improvement. Iteration 11900. Early stopping counter: 26, LR counter: 1
[Trainer] No improvement. Iteration 12000. Early stopping counter: 27, LR counter: 2
[Trainer] No improvement. Iteration 12100. Early stopping counter: 28, LR counter: 3
[Trainer] No improvement. Iteration 12200. Early stopping counter: 29, LR counter: 4
[Trainer] No improvement. Iteration 12300. Early stopping counter: 30, LR counter: 5
[Trainer] No improvement. Iteration 12400. Early stopping counter: 31, LR counter: 6
[Trainer] No improvement. Iteration 12500. Early stopping counter: 32, LR counter: 7
[Trainer] No improvement. Iteration 12600. Early stopping counter: 33, LR counter: 8
[Trainer] No improvement. Iteration 12700. Early stopping counter: 34, LR counter: 9
[Trainer] No improvement. Iteration 12800. Early stopping counter: 35, LR counter: 10
[Trainer] No improvement. Iteration 12900. Early stopping counter: 36, LR counter: 11
[Trainer] No improvement. Iteration 13000. Early stopping counter: 37, LR counter: 12
[Trainer] No improvement. Iteration 13100. Early stopping counter: 38, LR counter: 13
[Trainer] No improvement. Iteration 13200. Early stopping counter: 39, LR counter: 14
[Trainer] No improvement. Iteration 13300. Early stopping counter: 40, LR counter: 15
[Trainer] No improvement. Iteration 13400. Early stopping counter: 41, LR counter: 16
[Trainer] No improvement. Iteration 13500. Early stopping counter: 42, LR counter: 17
[Trainer] No improvement. Iteration 13600. Early stopping counter: 43, LR counter: 18
[Trainer] No improvement. Iteration 13700. Early stopping counter: 44, LR counter: 19
[Trainer] No improvement. Iteration 13800. Early stopping counter: 45, LR counter: 20
[Trainer] No improvement. Iteration 13900. Early stopping counter: 46, LR counter: 21
[Trainer] No improvement. Iteration 14000. Early stopping counter: 47, LR counter: 22
[Trainer] No improvement. Iteration 14100. Early stopping counter: 48, LR counter: 23
[Trainer] No improvement. Iteration 14200. Early stopping counter: 49, LR counter: 24
[Trainer] No improvement. Iteration 14300. Early stopping counter: 50, LR counter: 25
[Trainer] Learning rate reduced to: 0.000001
[Trainer] Early stopping triggered.
[Trainer] Training completed.
[Trainer] Calibrating temperatures on validation set...
[Trainer] Temperature calibration finished. Calibrated temperatures: {4: 1.4906096458435059, 6: 1.3358514308929443, 8: 1.409169316291809, 10: 1.4382716417312622}
[Trainer] BNN training completed.
**************************************************
Z=8, N=4, emax=4
RMSE Eb: 0.838
RMSE Rch: 0.009
MAPE Eb: 2.247
MAPE Rch: 0.412
--------------------------------------------------
**************************************************
Z=8, N=4, emax=10
RMSE Eb: 1.900
RMSE Rch: 0.032
MAPE Eb: 3.154
MAPE Rch: 1.368
--------------------------------------------------
**************************************************
Z=8, N=4, emax=6
RMSE Eb: 1.123
RMSE Rch: 0.009
MAPE Eb: 2.190
MAPE Rch: 0.424
--------------------------------------------------
**************************************************
Z=8, N=4, emax=8
RMSE Eb: 1.260
RMSE Rch: 0.016
MAPE Eb: 2.117
MAPE Rch: 0.771
--------------------------------------------------
**************************************************
Z=8, N=5, emax=8
RMSE Eb: 1.075
RMSE Rch: 0.015
MAPE Eb: 1.340
MAPE Rch: 0.707
--------------------------------------------------
**************************************************
Z=8, N=5, emax=6
RMSE Eb: 1.240
RMSE Rch: 0.010
MAPE Eb: 1.875
MAPE Rch: 0.487
--------------------------------------------------
**************************************************
Z=8, N=5, emax=4
RMSE Eb: 0.770
RMSE Rch: 0.006
MAPE Eb: 1.511
MAPE Rch: 0.311
--------------------------------------------------
**************************************************
Z=8, N=5, emax=10
RMSE Eb: 0.757
RMSE Rch: 0.021
MAPE Eb: 0.925
MAPE Rch: 1.029
--------------------------------------------------
**************************************************
Z=8, N=6, emax=4
RMSE Eb: 0.783
RMSE Rch: 0.008
MAPE Eb: 1.129
MAPE Rch: 0.399
--------------------------------------------------
**************************************************
Z=8, N=6, emax=6
RMSE Eb: 1.053
RMSE Rch: 0.010
MAPE Eb: 1.170
MAPE Rch: 0.473
--------------------------------------------------
**************************************************
Z=8, N=6, emax=8
RMSE Eb: 1.167
RMSE Rch: 0.015
MAPE Eb: 1.151
MAPE Rch: 0.709
--------------------------------------------------
**************************************************
Z=8, N=6, emax=10
RMSE Eb: 1.630
RMSE Rch: 0.017
MAPE Eb: 1.278
MAPE Rch: 0.995
--------------------------------------------------
**************************************************
Z=8, N=7, emax=8
RMSE Eb: 1.483
RMSE Rch: 0.013
MAPE Eb: 1.239
MAPE Rch: 0.703
--------------------------------------------------
**************************************************
Z=8, N=7, emax=10
RMSE Eb: 1.939
RMSE Rch: 0.035
MAPE Eb: 1.455
MAPE Rch: 2.160
--------------------------------------------------
**************************************************
Z=8, N=7, emax=6
RMSE Eb: 1.002
RMSE Rch: 0.020
MAPE Eb: 0.893
MAPE Rch: 1.025
--------------------------------------------------
**************************************************
Z=8, N=7, emax=4
RMSE Eb: 0.959
RMSE Rch: 0.022
MAPE Eb: 1.123
MAPE Rch: 1.135
--------------------------------------------------
**************************************************
Z=8, N=8, emax=4
RMSE Eb: 0.616
RMSE Rch: 0.013
MAPE Eb: 0.694
MAPE Rch: 0.386
--------------------------------------------------
**************************************************
Z=8, N=8, emax=8
RMSE Eb: 0.927
RMSE Rch: 0.017
MAPE Eb: 0.662
MAPE Rch: 0.477
--------------------------------------------------
**************************************************
Z=8, N=8, emax=6
RMSE Eb: 0.712
RMSE Rch: 0.012
MAPE Eb: 0.611
MAPE Rch: 0.331
--------------------------------------------------
**************************************************
Z=8, N=8, emax=10
RMSE Eb: 1.636
RMSE Rch: 0.033
MAPE Eb: 1.213
MAPE Rch: 0.989
--------------------------------------------------
**************************************************
Z=8, N=9, emax=8
RMSE Eb: 0.887
RMSE Rch: 0.009
MAPE Eb: 0.673
MAPE Rch: 0.287
--------------------------------------------------
**************************************************
Z=8, N=9, emax=6
RMSE Eb: 0.700
RMSE Rch: 0.008
MAPE Eb: 0.578
MAPE Rch: 0.232
--------------------------------------------------
**************************************************
Z=8, N=9, emax=4
RMSE Eb: 0.428
RMSE Rch: 0.007
MAPE Eb: 0.436
MAPE Rch: 0.211
--------------------------------------------------
**************************************************
Z=8, N=9, emax=10
RMSE Eb: 1.031
RMSE Rch: 0.007
MAPE Eb: 0.761
MAPE Rch: 0.229
--------------------------------------------------
**************************************************
Z=8, N=10, emax=4
RMSE Eb: 0.447
RMSE Rch: 0.006
MAPE Eb: 0.461
MAPE Rch: 0.187
--------------------------------------------------
**************************************************
Z=8, N=10, emax=10
RMSE Eb: 1.164
RMSE Rch: 0.011
MAPE Eb: 0.903
MAPE Rch: 0.328
--------------------------------------------------
**************************************************
Z=8, N=10, emax=6
RMSE Eb: 0.826
RMSE Rch: 0.008
MAPE Eb: 0.680
MAPE Rch: 0.208
--------------------------------------------------
**************************************************
Z=8, N=10, emax=8
RMSE Eb: 0.898
RMSE Rch: 0.008
MAPE Eb: 0.640
MAPE Rch: 0.252
--------------------------------------------------
**************************************************
Z=8, N=11, emax=4
RMSE Eb: 0.487
RMSE Rch: 0.005
MAPE Eb: 0.508
MAPE Rch: 0.123
--------------------------------------------------
**************************************************
Z=8, N=11, emax=6
RMSE Eb: 0.803
RMSE Rch: 0.006
MAPE Eb: 0.646
MAPE Rch: 0.184
--------------------------------------------------
**************************************************
Z=8, N=11, emax=8
RMSE Eb: 0.902
RMSE Rch: 0.008
MAPE Eb: 0.644
MAPE Rch: 0.229
--------------------------------------------------
**************************************************
Z=8, N=11, emax=10
RMSE Eb: 0.928
RMSE Rch: 0.018
MAPE Eb: 0.609
MAPE Rch: 0.467
--------------------------------------------------
**************************************************
Z=8, N=12, emax=6
RMSE Eb: 0.700
RMSE Rch: 0.007
MAPE Eb: 0.537
MAPE Rch: 0.182
--------------------------------------------------
**************************************************
Z=8, N=12, emax=4
RMSE Eb: 0.502
RMSE Rch: 0.005
MAPE Eb: 0.486
MAPE Rch: 0.129
--------------------------------------------------
**************************************************
Z=8, N=12, emax=8
RMSE Eb: 0.867
RMSE Rch: 0.009
MAPE Eb: 0.607
MAPE Rch: 0.251
--------------------------------------------------
**************************************************
Z=8, N=12, emax=10
RMSE Eb: 1.126
RMSE Rch: 0.013
MAPE Eb: 0.838
MAPE Rch: 0.361
--------------------------------------------------
**************************************************
Z=8, N=13, emax=8
RMSE Eb: 0.872
RMSE Rch: 0.008
MAPE Eb: 0.583
MAPE Rch: 0.231
--------------------------------------------------
**************************************************
Z=8, N=13, emax=4
RMSE Eb: 0.554
RMSE Rch: 0.006
MAPE Eb: 0.530
MAPE Rch: 0.144
--------------------------------------------------
**************************************************
Z=8, N=13, emax=10
RMSE Eb: 0.963
RMSE Rch: 0.007
MAPE Eb: 0.631
MAPE Rch: 0.191
--------------------------------------------------
**************************************************
Z=8, N=13, emax=6
RMSE Eb: 0.695
RMSE Rch: 0.006
MAPE Eb: 0.535
MAPE Rch: 0.165
--------------------------------------------------
**************************************************
Z=8, N=14, emax=8
RMSE Eb: 1.085
RMSE Rch: 0.014
MAPE Eb: 0.687
MAPE Rch: 0.331
--------------------------------------------------
**************************************************
Z=8, N=14, emax=4
RMSE Eb: 0.475
RMSE Rch: 0.007
MAPE Eb: 0.472
MAPE Rch: 0.172
--------------------------------------------------
**************************************************
Z=8, N=14, emax=6
RMSE Eb: 0.741
RMSE Rch: 0.007
MAPE Eb: 0.560
MAPE Rch: 0.192
--------------------------------------------------
**************************************************
Z=8, N=14, emax=10
RMSE Eb: 1.147
RMSE Rch: 0.013
MAPE Eb: 0.760
MAPE Rch: 0.343
--------------------------------------------------
**************************************************
Z=8, N=15, emax=8
RMSE Eb: 1.181
RMSE Rch: 0.007
MAPE Eb: 0.755
MAPE Rch: 0.206
--------------------------------------------------
**************************************************
Z=8, N=15, emax=4
RMSE Eb: 0.583
RMSE Rch: 0.007
MAPE Eb: 0.591
MAPE Rch: 0.191
--------------------------------------------------
**************************************************
Z=8, N=15, emax=6
RMSE Eb: 0.746
RMSE Rch: 0.007
MAPE Eb: 0.509
MAPE Rch: 0.209
--------------------------------------------------
**************************************************
Z=8, N=15, emax=10
RMSE Eb: 0.838
RMSE Rch: 0.013
MAPE Eb: 0.510
MAPE Rch: 0.378
--------------------------------------------------
**************************************************
Z=8, N=16, emax=8
RMSE Eb: 1.489
RMSE Rch: 0.010
MAPE Eb: 0.959
MAPE Rch: 0.290
--------------------------------------------------
**************************************************
Z=8, N=16, emax=6
RMSE Eb: 0.976
RMSE Rch: 0.007
MAPE Eb: 0.670
MAPE Rch: 0.183
--------------------------------------------------
**************************************************
Z=8, N=16, emax=10
RMSE Eb: 1.127
RMSE Rch: 0.008
MAPE Eb: 0.640
MAPE Rch: 0.223
--------------------------------------------------
**************************************************
Z=8, N=16, emax=4
RMSE Eb: 0.684
RMSE Rch: 0.007
MAPE Eb: 0.650
MAPE Rch: 0.185
--------------------------------------------------
Finished VAL for AE n=93
**************************************************
Z=8, N=4, emax=6
RMSE Eb: 1.206
RMSE Rch: 0.010
MAPE Eb: 2.312
MAPE Rch: 0.489
--------------------------------------------------
**************************************************
Z=8, N=4, emax=8
RMSE Eb: 1.133
RMSE Rch: 0.021
MAPE Eb: 1.868
MAPE Rch: 0.997
--------------------------------------------------
**************************************************
Z=8, N=4, emax=4
RMSE Eb: 0.729
RMSE Rch: 0.009
MAPE Eb: 2.050
MAPE Rch: 0.402
--------------------------------------------------
**************************************************
Z=8, N=4, emax=10
RMSE Eb: 1.344
RMSE Rch: 0.028
MAPE Eb: 2.079
MAPE Rch: 1.482
--------------------------------------------------
**************************************************
Z=8, N=5, emax=4
RMSE Eb: 0.740
RMSE Rch: 0.006
MAPE Eb: 1.534
MAPE Rch: 0.288
--------------------------------------------------
**************************************************
Z=8, N=5, emax=8
RMSE Eb: 0.975
RMSE Rch: 0.015
MAPE Eb: 1.185
MAPE Rch: 0.833
--------------------------------------------------
**************************************************
Z=8, N=5, emax=6
RMSE Eb: 0.950
RMSE Rch: 0.010
MAPE Eb: 1.431
MAPE Rch: 0.491
--------------------------------------------------
**************************************************
Z=8, N=5, emax=10
RMSE Eb: 2.128
RMSE Rch: 0.017
MAPE Eb: 2.326
MAPE Rch: 0.695
--------------------------------------------------
**************************************************
Z=8, N=6, emax=4
RMSE Eb: 0.857
RMSE Rch: 0.009
MAPE Eb: 1.210
MAPE Rch: 0.402
--------------------------------------------------
**************************************************
Z=8, N=6, emax=8
RMSE Eb: 1.138
RMSE Rch: 0.016
MAPE Eb: 1.108
MAPE Rch: 0.773
--------------------------------------------------
**************************************************
Z=8, N=6, emax=6
RMSE Eb: 1.059
RMSE Rch: 0.010
MAPE Eb: 1.186
MAPE Rch: 0.482
--------------------------------------------------
**************************************************
Z=8, N=6, emax=10
RMSE Eb: 1.249
RMSE Rch: 0.019
MAPE Eb: 1.235
MAPE Rch: 0.941
--------------------------------------------------
**************************************************
Z=8, N=7, emax=4
RMSE Eb: 0.878
RMSE Rch: 0.022
MAPE Eb: 1.082
MAPE Rch: 1.153
--------------------------------------------------
**************************************************
Z=8, N=7, emax=8
RMSE Eb: 1.076
RMSE Rch: 0.015
MAPE Eb: 0.935
MAPE Rch: 0.815
--------------------------------------------------
**************************************************
Z=8, N=7, emax=6
RMSE Eb: 1.115
RMSE Rch: 0.020
MAPE Eb: 1.028
MAPE Rch: 1.119
--------------------------------------------------
**************************************************
Z=8, N=7, emax=10
RMSE Eb: 1.082
RMSE Rch: 0.028
MAPE Eb: 0.826
MAPE Rch: 1.516
--------------------------------------------------
**************************************************
Z=8, N=8, emax=4
RMSE Eb: 0.583
RMSE Rch: 0.014
MAPE Eb: 0.608
MAPE Rch: 0.398
--------------------------------------------------
**************************************************
Z=8, N=8, emax=6
RMSE Eb: 0.810
RMSE Rch: 0.012
MAPE Eb: 0.640
MAPE Rch: 0.347
--------------------------------------------------
**************************************************
Z=8, N=8, emax=8
RMSE Eb: 1.004
RMSE Rch: 0.015
MAPE Eb: 0.761
MAPE Rch: 0.461
--------------------------------------------------
**************************************************
Z=8, N=8, emax=10
RMSE Eb: 1.662
RMSE Rch: 0.020
MAPE Eb: 1.260
MAPE Rch: 0.621
--------------------------------------------------
**************************************************
Z=8, N=9, emax=4
RMSE Eb: 0.468
RMSE Rch: 0.007
MAPE Eb: 0.487
MAPE Rch: 0.184
--------------------------------------------------
**************************************************
Z=8, N=9, emax=8
RMSE Eb: 0.836
RMSE Rch: 0.010
MAPE Eb: 0.627
MAPE Rch: 0.271
--------------------------------------------------
**************************************************
Z=8, N=9, emax=6
RMSE Eb: 0.681
RMSE Rch: 0.008
MAPE Eb: 0.576
MAPE Rch: 0.210
--------------------------------------------------
**************************************************
Z=8, N=9, emax=10
RMSE Eb: 0.696
RMSE Rch: 0.013
MAPE Eb: 0.496
MAPE Rch: 0.408
--------------------------------------------------
**************************************************
Z=8, N=10, emax=4
RMSE Eb: 0.513
RMSE Rch: 0.007
MAPE Eb: 0.520
MAPE Rch: 0.177
--------------------------------------------------
**************************************************
Z=8, N=10, emax=6
RMSE Eb: 0.783
RMSE Rch: 0.006
MAPE Eb: 0.611
MAPE Rch: 0.179
--------------------------------------------------
**************************************************
Z=8, N=10, emax=8
RMSE Eb: 0.868
RMSE Rch: 0.010
MAPE Eb: 0.630
MAPE Rch: 0.293
--------------------------------------------------
**************************************************
Z=8, N=10, emax=10
RMSE Eb: 1.157
RMSE Rch: 0.018
MAPE Eb: 0.832
MAPE Rch: 0.500
--------------------------------------------------
**************************************************
Z=8, N=11, emax=8
RMSE Eb: 0.878
RMSE Rch: 0.009
MAPE Eb: 0.605
MAPE Rch: 0.280
--------------------------------------------------
**************************************************
Z=8, N=11, emax=4
RMSE Eb: 0.512
RMSE Rch: 0.005
MAPE Eb: 0.505
MAPE Rch: 0.135
--------------------------------------------------
**************************************************
Z=8, N=11, emax=6
RMSE Eb: 0.766
RMSE Rch: 0.007
MAPE Eb: 0.628
MAPE Rch: 0.188
--------------------------------------------------
**************************************************
Z=8, N=11, emax=10
RMSE Eb: 0.936
RMSE Rch: 0.006
MAPE Eb: 0.672
MAPE Rch: 0.193
--------------------------------------------------
**************************************************
Z=8, N=12, emax=6
RMSE Eb: 0.678
RMSE Rch: 0.007
MAPE Eb: 0.548
MAPE Rch: 0.198
--------------------------------------------------
**************************************************
Z=8, N=12, emax=8
RMSE Eb: 0.818
RMSE Rch: 0.008
MAPE Eb: 0.550
MAPE Rch: 0.231
--------------------------------------------------
**************************************************
Z=8, N=12, emax=4
RMSE Eb: 0.405
RMSE Rch: 0.006
MAPE Eb: 0.418
MAPE Rch: 0.160
--------------------------------------------------
**************************************************
Z=8, N=12, emax=10
RMSE Eb: 1.129
RMSE Rch: 0.007
MAPE Eb: 0.826
MAPE Rch: 0.197
--------------------------------------------------
**************************************************
Z=8, N=13, emax=8
RMSE Eb: 0.910
RMSE Rch: 0.008
MAPE Eb: 0.600
MAPE Rch: 0.215
--------------------------------------------------
**************************************************
Z=8, N=13, emax=4
RMSE Eb: 0.413
RMSE Rch: 0.006
MAPE Eb: 0.398
MAPE Rch: 0.160
--------------------------------------------------
**************************************************
Z=8, N=13, emax=6
RMSE Eb: 0.690
RMSE Rch: 0.006
MAPE Eb: 0.526
MAPE Rch: 0.174
--------------------------------------------------
**************************************************
Z=8, N=13, emax=10
RMSE Eb: 0.696
RMSE Rch: 0.012
MAPE Eb: 0.434
MAPE Rch: 0.293
--------------------------------------------------
**************************************************
Z=8, N=14, emax=6
RMSE Eb: 0.824
RMSE Rch: 0.007
MAPE Eb: 0.583
MAPE Rch: 0.204
--------------------------------------------------
**************************************************
Z=8, N=14, emax=10
RMSE Eb: 1.398
RMSE Rch: 0.011
MAPE Eb: 0.860
MAPE Rch: 0.342
--------------------------------------------------
**************************************************
Z=8, N=14, emax=4
RMSE Eb: 0.509
RMSE Rch: 0.006
MAPE Eb: 0.459
MAPE Rch: 0.174
--------------------------------------------------
**************************************************
Z=8, N=14, emax=8
RMSE Eb: 1.101
RMSE Rch: 0.012
MAPE Eb: 0.709
MAPE Rch: 0.307
--------------------------------------------------
**************************************************
Z=8, N=15, emax=8
RMSE Eb: 1.101
RMSE Rch: 0.008
MAPE Eb: 0.695
MAPE Rch: 0.225
--------------------------------------------------
**************************************************
Z=8, N=15, emax=6
RMSE Eb: 0.723
RMSE Rch: 0.007
MAPE Eb: 0.504
MAPE Rch: 0.189
--------------------------------------------------
**************************************************
Z=8, N=15, emax=4
RMSE Eb: 0.635
RMSE Rch: 0.007
MAPE Eb: 0.684
MAPE Rch: 0.184
--------------------------------------------------
**************************************************
Z=8, N=15, emax=10
RMSE Eb: 1.307
RMSE Rch: 0.007
MAPE Eb: 0.884
MAPE Rch: 0.165
--------------------------------------------------
**************************************************
Z=8, N=16, emax=4
RMSE Eb: 0.760
RMSE Rch: 0.007
MAPE Eb: 0.725
MAPE Rch: 0.184
--------------------------------------------------
**************************************************
Z=8, N=16, emax=8
RMSE Eb: 1.432
RMSE Rch: 0.010
MAPE Eb: 0.871
MAPE Rch: 0.295
--------------------------------------------------
**************************************************
Z=8, N=16, emax=6
RMSE Eb: 0.976
RMSE Rch: 0.007
MAPE Eb: 0.672
MAPE Rch: 0.185
--------------------------------------------------
**************************************************
Z=8, N=16, emax=10
RMSE Eb: 1.473
RMSE Rch: 0.012
MAPE Eb: 0.910
MAPE Rch: 0.303
--------------------------------------------------
