Activated conda environment
[DataLoader] Found 13 files matching the pattern.
[DataLoader] Combined data shape: (17234, 35)
[Preprocess] Data split => train: (11029, 35), val: (2758, 35), test: (3447, 35)
[Preprocess] Processed fidelity 4 (index 0): 3758 samples.
[Preprocess] Processed fidelity 6 (index 1): 3346 samples.
[Preprocess] Processed fidelity 8 (index 2): 3194 samples.
[Preprocess] Processed fidelity 10 (index 3): 731 samples.
[Preprocess] Processed fidelity 4 (index 0): 949 samples.
[Preprocess] Processed fidelity 6 (index 1): 833 samples.
[Preprocess] Processed fidelity 8 (index 2): 801 samples.
[Preprocess] Processed fidelity 10 (index 3): 175 samples.
Fidelity levels: [4, 6, 8, 10]
[Trainer] Starting BNN training...
[Trainer] No improvement. Iteration 9600. Early stopping counter: 1, LR counter: 1
[Trainer] No improvement. Iteration 10500. Early stopping counter: 1, LR counter: 1
[Trainer] No improvement. Iteration 10700. Early stopping counter: 1, LR counter: 1
[Trainer] No improvement. Iteration 11100. Early stopping counter: 1, LR counter: 1
[Trainer] No improvement. Iteration 11400. Early stopping counter: 1, LR counter: 1
[Trainer] No improvement. Iteration 11500. Early stopping counter: 2, LR counter: 2
[Trainer] No improvement. Iteration 11600. Early stopping counter: 3, LR counter: 3
[Trainer] No improvement. Iteration 11700. Early stopping counter: 4, LR counter: 4
[Trainer] No improvement. Iteration 12000. Early stopping counter: 1, LR counter: 1
[Trainer] No improvement. Iteration 12100. Early stopping counter: 2, LR counter: 2
[Trainer] No improvement. Iteration 12200. Early stopping counter: 3, LR counter: 3
[Trainer] No improvement. Iteration 12300. Early stopping counter: 4, LR counter: 4
[Trainer] No improvement. Iteration 12400. Early stopping counter: 5, LR counter: 5
[Trainer] No improvement. Iteration 12500. Early stopping counter: 6, LR counter: 6
[Trainer] No improvement. Iteration 12600. Early stopping counter: 7, LR counter: 7
[Trainer] No improvement. Iteration 12700. Early stopping counter: 8, LR counter: 8
[Trainer] No improvement. Iteration 12800. Early stopping counter: 9, LR counter: 9
[Trainer] No improvement. Iteration 12900. Early stopping counter: 10, LR counter: 10
[Trainer] No improvement. Iteration 13000. Early stopping counter: 11, LR counter: 11
[Trainer] No improvement. Iteration 13100. Early stopping counter: 12, LR counter: 12
[Trainer] No improvement. Iteration 13200. Early stopping counter: 13, LR counter: 13
[Trainer] No improvement. Iteration 13300. Early stopping counter: 14, LR counter: 14
[Trainer] No improvement. Iteration 13400. Early stopping counter: 15, LR counter: 15
[Trainer] No improvement. Iteration 13500. Early stopping counter: 16, LR counter: 16
[Trainer] No improvement. Iteration 14200. Early stopping counter: 1, LR counter: 1
[Trainer] No improvement. Iteration 14300. Early stopping counter: 2, LR counter: 2
[Trainer] No improvement. Iteration 14400. Early stopping counter: 3, LR counter: 3
[Trainer] No improvement. Iteration 14500. Early stopping counter: 4, LR counter: 4
[Trainer] No improvement. Iteration 14600. Early stopping counter: 5, LR counter: 5
[Trainer] No improvement. Iteration 14700. Early stopping counter: 6, LR counter: 6
[Trainer] No improvement. Iteration 14800. Early stopping counter: 7, LR counter: 7
[Trainer] No improvement. Iteration 14900. Early stopping counter: 8, LR counter: 8
[Trainer] No improvement. Iteration 15000. Early stopping counter: 9, LR counter: 9
[Trainer] No improvement. Iteration 15100. Early stopping counter: 10, LR counter: 10
[Trainer] No improvement. Iteration 15200. Early stopping counter: 11, LR counter: 11
[Trainer] No improvement. Iteration 15300. Early stopping counter: 12, LR counter: 12
[Trainer] No improvement. Iteration 15400. Early stopping counter: 13, LR counter: 13
[Trainer] No improvement. Iteration 15500. Early stopping counter: 14, LR counter: 14
[Trainer] No improvement. Iteration 15600. Early stopping counter: 15, LR counter: 15
[Trainer] No improvement. Iteration 15700. Early stopping counter: 16, LR counter: 16
[Trainer] No improvement. Iteration 15800. Early stopping counter: 17, LR counter: 17
[Trainer] No improvement. Iteration 15900. Early stopping counter: 18, LR counter: 18
[Trainer] No improvement. Iteration 16000. Early stopping counter: 19, LR counter: 19
[Trainer] No improvement. Iteration 16100. Early stopping counter: 20, LR counter: 20
[Trainer] No improvement. Iteration 16200. Early stopping counter: 21, LR counter: 21
[Trainer] No improvement. Iteration 16300. Early stopping counter: 22, LR counter: 22
[Trainer] No improvement. Iteration 16400. Early stopping counter: 23, LR counter: 23
[Trainer] No improvement. Iteration 16500. Early stopping counter: 24, LR counter: 24
[Trainer] No improvement. Iteration 16600. Early stopping counter: 25, LR counter: 25
[Trainer] Learning rate reduced to: 0.000010
[Trainer] No improvement. Iteration 16700. Early stopping counter: 26, LR counter: 1
[Trainer] No improvement. Iteration 16800. Early stopping counter: 27, LR counter: 2
[Trainer] No improvement. Iteration 16900. Early stopping counter: 28, LR counter: 3
[Trainer] No improvement. Iteration 17000. Early stopping counter: 29, LR counter: 4
[Trainer] No improvement. Iteration 17100. Early stopping counter: 30, LR counter: 5
[Trainer] No improvement. Iteration 17200. Early stopping counter: 31, LR counter: 6
[Trainer] No improvement. Iteration 17300. Early stopping counter: 32, LR counter: 7
[Trainer] No improvement. Iteration 17600. Early stopping counter: 1, LR counter: 1
[Trainer] No improvement. Iteration 17800. Early stopping counter: 1, LR counter: 1
[Trainer] No improvement. Iteration 17900. Early stopping counter: 2, LR counter: 2
[Trainer] No improvement. Iteration 18000. Early stopping counter: 3, LR counter: 3
[Trainer] No improvement. Iteration 18100. Early stopping counter: 4, LR counter: 4
[Trainer] No improvement. Iteration 18200. Early stopping counter: 5, LR counter: 5
[Trainer] No improvement. Iteration 18300. Early stopping counter: 6, LR counter: 6
[Trainer] No improvement. Iteration 18400. Early stopping counter: 7, LR counter: 7
[Trainer] No improvement. Iteration 18500. Early stopping counter: 8, LR counter: 8
[Trainer] No improvement. Iteration 18600. Early stopping counter: 9, LR counter: 9
[Trainer] No improvement. Iteration 18700. Early stopping counter: 10, LR counter: 10
[Trainer] No improvement. Iteration 18900. Early stopping counter: 1, LR counter: 1
[Trainer] No improvement. Iteration 19200. Early stopping counter: 1, LR counter: 1
[Trainer] No improvement. Iteration 19300. Early stopping counter: 2, LR counter: 2
[Trainer] No improvement. Iteration 19400. Early stopping counter: 3, LR counter: 3
[Trainer] No improvement. Iteration 19500. Early stopping counter: 4, LR counter: 4
[Trainer] No improvement. Iteration 19800. Early stopping counter: 1, LR counter: 1
[Trainer] No improvement. Iteration 19900. Early stopping counter: 2, LR counter: 2
[Trainer] No improvement. Iteration 20000. Early stopping counter: 3, LR counter: 3
[Trainer] No improvement. Iteration 20700. Early stopping counter: 1, LR counter: 1
[Trainer] No improvement. Iteration 21100. Early stopping counter: 1, LR counter: 1
[Trainer] No improvement. Iteration 21200. Early stopping counter: 2, LR counter: 2
[Trainer] No improvement. Iteration 21300. Early stopping counter: 3, LR counter: 3
[Trainer] No improvement. Iteration 21400. Early stopping counter: 4, LR counter: 4
[Trainer] No improvement. Iteration 21500. Early stopping counter: 5, LR counter: 5
[Trainer] No improvement. Iteration 21600. Early stopping counter: 6, LR counter: 6
[Trainer] No improvement. Iteration 21700. Early stopping counter: 7, LR counter: 7
[Trainer] No improvement. Iteration 21800. Early stopping counter: 8, LR counter: 8
[Trainer] No improvement. Iteration 21900. Early stopping counter: 9, LR counter: 9
[Trainer] No improvement. Iteration 22000. Early stopping counter: 10, LR counter: 10
[Trainer] No improvement. Iteration 22100. Early stopping counter: 11, LR counter: 11
[Trainer] No improvement. Iteration 22200. Early stopping counter: 12, LR counter: 12
[Trainer] No improvement. Iteration 22300. Early stopping counter: 13, LR counter: 13
[Trainer] No improvement. Iteration 22400. Early stopping counter: 14, LR counter: 14
[Trainer] No improvement. Iteration 22500. Early stopping counter: 15, LR counter: 15
[Trainer] No improvement. Iteration 22600. Early stopping counter: 16, LR counter: 16
[Trainer] No improvement. Iteration 22700. Early stopping counter: 17, LR counter: 17
[Trainer] No improvement. Iteration 22800. Early stopping counter: 18, LR counter: 18
[Trainer] No improvement. Iteration 22900. Early stopping counter: 19, LR counter: 19
[Trainer] No improvement. Iteration 23000. Early stopping counter: 20, LR counter: 20
[Trainer] No improvement. Iteration 23100. Early stopping counter: 21, LR counter: 21
[Trainer] No improvement. Iteration 23200. Early stopping counter: 22, LR counter: 22
[Trainer] No improvement. Iteration 23300. Early stopping counter: 23, LR counter: 23
[Trainer] No improvement. Iteration 23400. Early stopping counter: 24, LR counter: 24
[Trainer] No improvement. Iteration 24000. Early stopping counter: 1, LR counter: 1
[Trainer] No improvement. Iteration 24100. Early stopping counter: 2, LR counter: 2
[Trainer] No improvement. Iteration 24200. Early stopping counter: 3, LR counter: 3
[Trainer] No improvement. Iteration 24300. Early stopping counter: 4, LR counter: 4
[Trainer] No improvement. Iteration 24700. Early stopping counter: 1, LR counter: 1
[Trainer] No improvement. Iteration 24800. Early stopping counter: 2, LR counter: 2
[Trainer] No improvement. Iteration 24900. Early stopping counter: 3, LR counter: 3
[Trainer] No improvement. Iteration 25000. Early stopping counter: 4, LR counter: 4
[Trainer] No improvement. Iteration 25100. Early stopping counter: 5, LR counter: 5
[Trainer] No improvement. Iteration 25200. Early stopping counter: 6, LR counter: 6
[Trainer] No improvement. Iteration 25300. Early stopping counter: 7, LR counter: 7
[Trainer] No improvement. Iteration 25400. Early stopping counter: 8, LR counter: 8
[Trainer] No improvement. Iteration 25500. Early stopping counter: 9, LR counter: 9
[Trainer] No improvement. Iteration 25600. Early stopping counter: 10, LR counter: 10
[Trainer] No improvement. Iteration 25700. Early stopping counter: 11, LR counter: 11
[Trainer] No improvement. Iteration 25800. Early stopping counter: 12, LR counter: 12
[Trainer] No improvement. Iteration 25900. Early stopping counter: 13, LR counter: 13
[Trainer] No improvement. Iteration 26000. Early stopping counter: 14, LR counter: 14
[Trainer] No improvement. Iteration 26100. Early stopping counter: 15, LR counter: 15
[Trainer] No improvement. Iteration 26200. Early stopping counter: 16, LR counter: 16
[Trainer] No improvement. Iteration 26300. Early stopping counter: 17, LR counter: 17
[Trainer] No improvement. Iteration 26400. Early stopping counter: 18, LR counter: 18
[Trainer] No improvement. Iteration 26500. Early stopping counter: 19, LR counter: 19
[Trainer] No improvement. Iteration 26600. Early stopping counter: 20, LR counter: 20
[Trainer] No improvement. Iteration 26700. Early stopping counter: 21, LR counter: 21
[Trainer] No improvement. Iteration 26800. Early stopping counter: 22, LR counter: 22
[Trainer] No improvement. Iteration 26900. Early stopping counter: 23, LR counter: 23
[Trainer] No improvement. Iteration 27000. Early stopping counter: 24, LR counter: 24
[Trainer] No improvement. Iteration 27100. Early stopping counter: 25, LR counter: 25
[Trainer] Learning rate reduced to: 0.000001
[Trainer] No improvement. Iteration 27200. Early stopping counter: 26, LR counter: 1
[Trainer] No improvement. Iteration 27300. Early stopping counter: 27, LR counter: 2
[Trainer] No improvement. Iteration 27400. Early stopping counter: 28, LR counter: 3
[Trainer] No improvement. Iteration 27500. Early stopping counter: 29, LR counter: 4
[Trainer] No improvement. Iteration 27600. Early stopping counter: 30, LR counter: 5
[Trainer] No improvement. Iteration 27700. Early stopping counter: 31, LR counter: 6
[Trainer] No improvement. Iteration 27800. Early stopping counter: 32, LR counter: 7
[Trainer] No improvement. Iteration 27900. Early stopping counter: 33, LR counter: 8
[Trainer] No improvement. Iteration 28000. Early stopping counter: 34, LR counter: 9
[Trainer] No improvement. Iteration 28100. Early stopping counter: 35, LR counter: 10
[Trainer] No improvement. Iteration 28200. Early stopping counter: 36, LR counter: 11
[Trainer] No improvement. Iteration 28300. Early stopping counter: 37, LR counter: 12
[Trainer] No improvement. Iteration 28400. Early stopping counter: 38, LR counter: 13
[Trainer] No improvement. Iteration 28500. Early stopping counter: 39, LR counter: 14
[Trainer] No improvement. Iteration 28600. Early stopping counter: 40, LR counter: 15
[Trainer] No improvement. Iteration 28700. Early stopping counter: 41, LR counter: 16
[Trainer] No improvement. Iteration 28800. Early stopping counter: 42, LR counter: 17
[Trainer] No improvement. Iteration 28900. Early stopping counter: 43, LR counter: 18
[Trainer] No improvement. Iteration 29000. Early stopping counter: 44, LR counter: 19
[Trainer] No improvement. Iteration 29100. Early stopping counter: 45, LR counter: 20
[Trainer] No improvement. Iteration 29200. Early stopping counter: 46, LR counter: 21
[Trainer] No improvement. Iteration 29300. Early stopping counter: 47, LR counter: 22
[Trainer] No improvement. Iteration 29400. Early stopping counter: 48, LR counter: 23
[Trainer] No improvement. Iteration 29500. Early stopping counter: 49, LR counter: 24
[Trainer] No improvement. Iteration 29600. Early stopping counter: 50, LR counter: 25
[Trainer] Learning rate reduced to: 0.000000
[Trainer] Early stopping triggered.
[Trainer] Training completed.
[Trainer] Calibrating temperatures on validation set...
[Trainer] Temperature calibration finished. Calibrated temperatures: {4: 1.1608473062515259, 6: 0.9810028672218323, 8: 1.0850566625595093, 10: 1.4746143817901611}
[Trainer] BNN training completed.
**************************************************
Z=8, N=4, emax=4
RMSE Eb: 0.633
RMSE Rch: 0.010
MAPE Eb: 1.822
MAPE Rch: 0.446
--------------------------------------------------
**************************************************
Z=8, N=4, emax=10
RMSE Eb: 1.296
RMSE Rch: 0.053
MAPE Eb: 1.985
MAPE Rch: 2.435
--------------------------------------------------
**************************************************
Z=8, N=4, emax=6
RMSE Eb: 0.849
RMSE Rch: 0.013
MAPE Eb: 1.671
MAPE Rch: 0.614
--------------------------------------------------
**************************************************
Z=8, N=4, emax=8
RMSE Eb: 0.956
RMSE Rch: 0.020
MAPE Eb: 1.593
MAPE Rch: 0.935
--------------------------------------------------
**************************************************
Z=8, N=5, emax=8
RMSE Eb: 1.042
RMSE Rch: 0.013
MAPE Eb: 1.319
MAPE Rch: 0.637
--------------------------------------------------
**************************************************
Z=8, N=5, emax=6
RMSE Eb: 0.660
RMSE Rch: 0.010
MAPE Eb: 0.950
MAPE Rch: 0.463
--------------------------------------------------
**************************************************
Z=8, N=5, emax=4
RMSE Eb: 0.655
RMSE Rch: 0.007
MAPE Eb: 1.256
MAPE Rch: 0.303
--------------------------------------------------
**************************************************
Z=8, N=5, emax=10
RMSE Eb: 0.881
RMSE Rch: 0.010
MAPE Eb: 1.163
MAPE Rch: 0.496
--------------------------------------------------
**************************************************
Z=8, N=6, emax=4
RMSE Eb: 0.570
RMSE Rch: 0.006
MAPE Eb: 0.849
MAPE Rch: 0.273
--------------------------------------------------
**************************************************
Z=8, N=6, emax=6
RMSE Eb: 0.665
RMSE Rch: 0.008
MAPE Eb: 0.700
MAPE Rch: 0.399
--------------------------------------------------
**************************************************
Z=8, N=6, emax=8
RMSE Eb: 1.004
RMSE Rch: 0.014
MAPE Eb: 0.839
MAPE Rch: 0.617
--------------------------------------------------
**************************************************
Z=8, N=6, emax=10
RMSE Eb: 0.836
RMSE Rch: 0.017
MAPE Eb: 0.874
MAPE Rch: 0.896
--------------------------------------------------
**************************************************
Z=8, N=7, emax=8
RMSE Eb: 0.763
RMSE Rch: 0.011
MAPE Eb: 0.638
MAPE Rch: 0.557
--------------------------------------------------
**************************************************
Z=8, N=7, emax=10
RMSE Eb: 0.822
RMSE Rch: 0.011
MAPE Eb: 0.575
MAPE Rch: 0.599
--------------------------------------------------
**************************************************
Z=8, N=7, emax=6
RMSE Eb: 0.779
RMSE Rch: 0.009
MAPE Eb: 0.718
MAPE Rch: 0.446
--------------------------------------------------
**************************************************
Z=8, N=7, emax=4
RMSE Eb: 0.779
RMSE Rch: 0.009
MAPE Eb: 0.980
MAPE Rch: 0.438
--------------------------------------------------
**************************************************
Z=8, N=8, emax=4
RMSE Eb: 0.770
RMSE Rch: 0.008
MAPE Eb: 0.819
MAPE Rch: 0.224
--------------------------------------------------
**************************************************
Z=8, N=8, emax=8
RMSE Eb: 1.019
RMSE Rch: 0.014
MAPE Eb: 0.824
MAPE Rch: 0.383
--------------------------------------------------
**************************************************
Z=8, N=8, emax=6
RMSE Eb: 0.629
RMSE Rch: 0.011
MAPE Eb: 0.495
MAPE Rch: 0.339
--------------------------------------------------
**************************************************
Z=8, N=8, emax=10
RMSE Eb: 0.909
RMSE Rch: 0.015
MAPE Eb: 0.602
MAPE Rch: 0.476
--------------------------------------------------
**************************************************
Z=8, N=9, emax=8
RMSE Eb: 0.769
RMSE Rch: 0.007
MAPE Eb: 0.510
MAPE Rch: 0.192
--------------------------------------------------
**************************************************
Z=8, N=9, emax=6
RMSE Eb: 0.640
RMSE Rch: 0.007
MAPE Eb: 0.531
MAPE Rch: 0.213
--------------------------------------------------
**************************************************
Z=8, N=9, emax=4
RMSE Eb: 0.706
RMSE Rch: 0.006
MAPE Eb: 0.741
MAPE Rch: 0.157
--------------------------------------------------
**************************************************
Z=8, N=9, emax=10
RMSE Eb: 1.214
RMSE Rch: 0.008
MAPE Eb: 0.935
MAPE Rch: 0.225
--------------------------------------------------
**************************************************
Z=8, N=10, emax=4
RMSE Eb: 0.592
RMSE Rch: 0.005
MAPE Eb: 0.631
MAPE Rch: 0.132
--------------------------------------------------
**************************************************
Z=8, N=10, emax=10
RMSE Eb: 1.088
RMSE Rch: 0.007
MAPE Eb: 0.741
MAPE Rch: 0.209
--------------------------------------------------
**************************************************
Z=8, N=10, emax=6
RMSE Eb: 0.839
RMSE Rch: 0.007
MAPE Eb: 0.556
MAPE Rch: 0.185
--------------------------------------------------
**************************************************
Z=8, N=10, emax=8
RMSE Eb: 0.953
RMSE Rch: 0.006
MAPE Eb: 0.652
MAPE Rch: 0.155
--------------------------------------------------
**************************************************
Z=8, N=11, emax=4
RMSE Eb: 0.676
RMSE Rch: 0.004
MAPE Eb: 0.693
MAPE Rch: 0.114
--------------------------------------------------
**************************************************
Z=8, N=11, emax=6
RMSE Eb: 0.753
RMSE Rch: 0.008
MAPE Eb: 0.557
MAPE Rch: 0.223
--------------------------------------------------
**************************************************
Z=8, N=11, emax=8
RMSE Eb: 0.942
RMSE Rch: 0.007
MAPE Eb: 0.613
MAPE Rch: 0.205
--------------------------------------------------
**************************************************
Z=8, N=11, emax=10
RMSE Eb: 0.825
RMSE Rch: 0.008
MAPE Eb: 0.593
MAPE Rch: 0.231
--------------------------------------------------
**************************************************
Z=8, N=12, emax=6
RMSE Eb: 0.913
RMSE Rch: 0.007
MAPE Eb: 0.630
MAPE Rch: 0.194
--------------------------------------------------
**************************************************
Z=8, N=12, emax=4
RMSE Eb: 0.724
RMSE Rch: 0.006
MAPE Eb: 0.672
MAPE Rch: 0.164
--------------------------------------------------
**************************************************
Z=8, N=12, emax=8
RMSE Eb: 0.731
RMSE Rch: 0.008
MAPE Eb: 0.476
MAPE Rch: 0.224
--------------------------------------------------
**************************************************
Z=8, N=12, emax=10
RMSE Eb: 1.070
RMSE Rch: 0.007
MAPE Eb: 0.603
MAPE Rch: 0.208
--------------------------------------------------
**************************************************
Z=8, N=13, emax=8
RMSE Eb: 0.914
RMSE Rch: 0.008
MAPE Eb: 0.577
MAPE Rch: 0.226
--------------------------------------------------
**************************************************
Z=8, N=13, emax=4
RMSE Eb: 1.091
RMSE Rch: 0.006
MAPE Eb: 1.035
MAPE Rch: 0.180
--------------------------------------------------
**************************************************
Z=8, N=13, emax=10
RMSE Eb: 1.106
RMSE Rch: 0.009
MAPE Eb: 0.638
MAPE Rch: 0.243
--------------------------------------------------
**************************************************
Z=8, N=13, emax=6
RMSE Eb: 0.755
RMSE Rch: 0.007
MAPE Eb: 0.584
MAPE Rch: 0.197
--------------------------------------------------
**************************************************
Z=8, N=14, emax=8
RMSE Eb: 1.237
RMSE Rch: 0.013
MAPE Eb: 0.725
MAPE Rch: 0.328
--------------------------------------------------
**************************************************
Z=8, N=14, emax=4
RMSE Eb: 0.794
RMSE Rch: 0.007
MAPE Eb: 0.698
MAPE Rch: 0.204
--------------------------------------------------
**************************************************
Z=8, N=14, emax=6
RMSE Eb: 0.928
RMSE Rch: 0.006
MAPE Eb: 0.645
MAPE Rch: 0.156
--------------------------------------------------
**************************************************
Z=8, N=14, emax=10
RMSE Eb: 1.146
RMSE Rch: 0.017
MAPE Eb: 0.750
MAPE Rch: 0.453
--------------------------------------------------
**************************************************
Z=8, N=15, emax=8
RMSE Eb: 1.270
RMSE Rch: 0.007
MAPE Eb: 0.772
MAPE Rch: 0.192
--------------------------------------------------
**************************************************
Z=8, N=15, emax=4
RMSE Eb: 1.123
RMSE Rch: 0.006
MAPE Eb: 0.945
MAPE Rch: 0.149
--------------------------------------------------
**************************************************
Z=8, N=15, emax=6
RMSE Eb: 0.972
RMSE Rch: 0.006
MAPE Eb: 0.666
MAPE Rch: 0.174
--------------------------------------------------
**************************************************
Z=8, N=15, emax=10
RMSE Eb: 0.746
RMSE Rch: 0.011
MAPE Eb: 0.392
MAPE Rch: 0.325
--------------------------------------------------
**************************************************
Z=8, N=16, emax=8
RMSE Eb: 1.024
RMSE Rch: 0.009
MAPE Eb: 0.636
MAPE Rch: 0.246
--------------------------------------------------
**************************************************
Z=8, N=16, emax=6
RMSE Eb: 0.907
RMSE Rch: 0.007
MAPE Eb: 0.623
MAPE Rch: 0.182
--------------------------------------------------
**************************************************
Z=8, N=16, emax=10
RMSE Eb: 1.261
RMSE Rch: 0.008
MAPE Eb: 0.637
MAPE Rch: 0.231
--------------------------------------------------
**************************************************
Z=8, N=16, emax=4
RMSE Eb: 0.914
RMSE Rch: 0.008
MAPE Eb: 0.912
MAPE Rch: 0.202
--------------------------------------------------
Finished VAL for AE n=23
**************************************************
Z=8, N=4, emax=6
RMSE Eb: 0.809
RMSE Rch: 0.014
MAPE Eb: 1.579
MAPE Rch: 0.621
--------------------------------------------------
**************************************************
Z=8, N=4, emax=8
RMSE Eb: 0.982
RMSE Rch: 0.019
MAPE Eb: 1.673
MAPE Rch: 0.892
--------------------------------------------------
**************************************************
Z=8, N=4, emax=4
RMSE Eb: 0.778
RMSE Rch: 0.011
MAPE Eb: 2.153
MAPE Rch: 0.457
--------------------------------------------------
**************************************************
Z=8, N=4, emax=10
RMSE Eb: 1.412
RMSE Rch: 0.037
MAPE Eb: 2.116
MAPE Rch: 1.880
--------------------------------------------------
**************************************************
Z=8, N=5, emax=4
RMSE Eb: 0.635
RMSE Rch: 0.008
MAPE Eb: 1.205
MAPE Rch: 0.356
--------------------------------------------------
**************************************************
Z=8, N=5, emax=8
RMSE Eb: 1.079
RMSE Rch: 0.017
MAPE Eb: 1.331
MAPE Rch: 0.814
--------------------------------------------------
**************************************************
Z=8, N=5, emax=6
RMSE Eb: 0.785
RMSE Rch: 0.009
MAPE Eb: 1.122
MAPE Rch: 0.430
--------------------------------------------------
**************************************************
Z=8, N=5, emax=10
RMSE Eb: 1.230
RMSE Rch: 0.021
MAPE Eb: 1.393
MAPE Rch: 1.040
--------------------------------------------------
**************************************************
Z=8, N=6, emax=4
RMSE Eb: 0.585
RMSE Rch: 0.008
MAPE Eb: 0.827
MAPE Rch: 0.341
--------------------------------------------------
**************************************************
Z=8, N=6, emax=8
RMSE Eb: 1.289
RMSE Rch: 0.019
MAPE Eb: 1.000
MAPE Rch: 0.783
--------------------------------------------------
**************************************************
Z=8, N=6, emax=6
RMSE Eb: 0.832
RMSE Rch: 0.011
MAPE Eb: 0.861
MAPE Rch: 0.496
--------------------------------------------------
**************************************************
Z=8, N=6, emax=10
RMSE Eb: 0.713
RMSE Rch: 0.014
MAPE Eb: 0.641
MAPE Rch: 0.758
--------------------------------------------------
**************************************************
Z=8, N=7, emax=4
RMSE Eb: 0.740
RMSE Rch: 0.008
MAPE Eb: 0.899
MAPE Rch: 0.373
--------------------------------------------------
**************************************************
Z=8, N=7, emax=8
RMSE Eb: 0.930
RMSE Rch: 0.012
MAPE Eb: 0.763
MAPE Rch: 0.617
--------------------------------------------------
**************************************************
Z=8, N=7, emax=6
RMSE Eb: 0.781
RMSE Rch: 0.008
MAPE Eb: 0.698
MAPE Rch: 0.389
--------------------------------------------------
**************************************************
Z=8, N=7, emax=10
RMSE Eb: 0.707
RMSE Rch: 0.015
MAPE Eb: 0.560
MAPE Rch: 0.893
--------------------------------------------------
**************************************************
Z=8, N=8, emax=4
RMSE Eb: 0.788
RMSE Rch: 0.009
MAPE Eb: 0.801
MAPE Rch: 0.238
--------------------------------------------------
**************************************************
Z=8, N=8, emax=6
RMSE Eb: 0.636
RMSE Rch: 0.011
MAPE Eb: 0.484
MAPE Rch: 0.306
--------------------------------------------------
**************************************************
Z=8, N=8, emax=8
RMSE Eb: 0.793
RMSE Rch: 0.015
MAPE Eb: 0.589
MAPE Rch: 0.413
--------------------------------------------------
**************************************************
Z=8, N=8, emax=10
RMSE Eb: 0.782
RMSE Rch: 0.007
MAPE Eb: 0.626
MAPE Rch: 0.204
--------------------------------------------------
**************************************************
Z=8, N=9, emax=4
RMSE Eb: 0.641
RMSE Rch: 0.006
MAPE Eb: 0.714
MAPE Rch: 0.173
--------------------------------------------------
**************************************************
Z=8, N=9, emax=8
RMSE Eb: 1.082
RMSE Rch: 0.007
MAPE Eb: 0.696
MAPE Rch: 0.191
--------------------------------------------------
**************************************************
Z=8, N=9, emax=6
RMSE Eb: 0.717
RMSE Rch: 0.008
MAPE Eb: 0.592
MAPE Rch: 0.224
--------------------------------------------------
**************************************************
Z=8, N=9, emax=10
RMSE Eb: 0.853
RMSE Rch: 0.011
MAPE Eb: 0.629
MAPE Rch: 0.324
--------------------------------------------------
**************************************************
Z=8, N=10, emax=4
RMSE Eb: 0.570
RMSE Rch: 0.005
MAPE Eb: 0.547
MAPE Rch: 0.132
--------------------------------------------------
**************************************************
Z=8, N=10, emax=6
RMSE Eb: 0.572
RMSE Rch: 0.007
MAPE Eb: 0.446
MAPE Rch: 0.191
--------------------------------------------------
**************************************************
Z=8, N=10, emax=8
RMSE Eb: 0.798
RMSE Rch: 0.006
MAPE Eb: 0.550
MAPE Rch: 0.167
--------------------------------------------------
**************************************************
Z=8, N=10, emax=10
RMSE Eb: 1.056
RMSE Rch: 0.008
MAPE Eb: 0.588
MAPE Rch: 0.235
--------------------------------------------------
**************************************************
Z=8, N=11, emax=8
RMSE Eb: 0.874
RMSE Rch: 0.007
MAPE Eb: 0.581
MAPE Rch: 0.199
--------------------------------------------------
**************************************************
Z=8, N=11, emax=4
RMSE Eb: 0.760
RMSE Rch: 0.005
MAPE Eb: 0.807
MAPE Rch: 0.142
--------------------------------------------------
**************************************************
Z=8, N=11, emax=6
RMSE Eb: 0.673
RMSE Rch: 0.007
MAPE Eb: 0.547
MAPE Rch: 0.223
--------------------------------------------------
**************************************************
Z=8, N=11, emax=10
RMSE Eb: 0.829
RMSE Rch: 0.009
MAPE Eb: 0.540
MAPE Rch: 0.294
--------------------------------------------------
**************************************************
Z=8, N=12, emax=6
RMSE Eb: 0.694
RMSE Rch: 0.007
MAPE Eb: 0.499
MAPE Rch: 0.191
--------------------------------------------------
**************************************************
Z=8, N=12, emax=8
RMSE Eb: 0.927
RMSE Rch: 0.007
MAPE Eb: 0.600
MAPE Rch: 0.211
--------------------------------------------------
**************************************************
Z=8, N=12, emax=4
RMSE Eb: 0.945
RMSE Rch: 0.005
MAPE Eb: 0.901
MAPE Rch: 0.123
--------------------------------------------------
**************************************************
Z=8, N=12, emax=10
RMSE Eb: 1.052
RMSE Rch: 0.007
MAPE Eb: 0.649
MAPE Rch: 0.193
--------------------------------------------------
**************************************************
Z=8, N=13, emax=8
RMSE Eb: 0.886
RMSE Rch: 0.007
MAPE Eb: 0.553
MAPE Rch: 0.195
--------------------------------------------------
**************************************************
Z=8, N=13, emax=4
RMSE Eb: 0.892
RMSE Rch: 0.006
MAPE Eb: 0.832
MAPE Rch: 0.168
--------------------------------------------------
**************************************************
Z=8, N=13, emax=6
RMSE Eb: 0.870
RMSE Rch: 0.006
MAPE Eb: 0.607
MAPE Rch: 0.158
--------------------------------------------------
**************************************************
Z=8, N=13, emax=10
RMSE Eb: 1.250
RMSE Rch: 0.008
MAPE Eb: 0.757
MAPE Rch: 0.249
--------------------------------------------------
**************************************************
Z=8, N=14, emax=6
RMSE Eb: 0.957
RMSE Rch: 0.007
MAPE Eb: 0.554
MAPE Rch: 0.210
--------------------------------------------------
**************************************************
Z=8, N=14, emax=10
RMSE Eb: 0.849
RMSE Rch: 0.010
MAPE Eb: 0.483
MAPE Rch: 0.315
--------------------------------------------------
**************************************************
Z=8, N=14, emax=4
RMSE Eb: 0.780
RMSE Rch: 0.008
MAPE Eb: 0.752
MAPE Rch: 0.208
--------------------------------------------------
**************************************************
Z=8, N=14, emax=8
RMSE Eb: 1.108
RMSE Rch: 0.010
MAPE Eb: 0.646
MAPE Rch: 0.253
--------------------------------------------------
**************************************************
Z=8, N=15, emax=8
RMSE Eb: 1.108
RMSE Rch: 0.009
MAPE Eb: 0.655
MAPE Rch: 0.229
--------------------------------------------------
**************************************************
Z=8, N=15, emax=6
RMSE Eb: 0.829
RMSE Rch: 0.006
MAPE Eb: 0.593
MAPE Rch: 0.182
--------------------------------------------------
**************************************************
Z=8, N=15, emax=4
RMSE Eb: 0.727
RMSE Rch: 0.006
MAPE Eb: 0.700
MAPE Rch: 0.146
--------------------------------------------------
**************************************************
Z=8, N=15, emax=10
RMSE Eb: 1.156
RMSE Rch: 0.006
MAPE Eb: 0.705
MAPE Rch: 0.182
--------------------------------------------------
**************************************************
Z=8, N=16, emax=4
RMSE Eb: 0.976
RMSE Rch: 0.008
MAPE Eb: 0.972
MAPE Rch: 0.213
--------------------------------------------------
**************************************************
Z=8, N=16, emax=8
RMSE Eb: 1.044
RMSE Rch: 0.007
MAPE Eb: 0.608
MAPE Rch: 0.204
--------------------------------------------------
**************************************************
Z=8, N=16, emax=6
RMSE Eb: 0.869
RMSE Rch: 0.007
MAPE Eb: 0.620
MAPE Rch: 0.181
--------------------------------------------------
**************************************************
Z=8, N=16, emax=10
RMSE Eb: 1.213
RMSE Rch: 0.006
MAPE Eb: 0.710
MAPE Rch: 0.173
--------------------------------------------------
