Activated conda environment
[DataLoader] Found 13 files matching the pattern.
[DataLoader] Combined data shape: (17234, 35)
[Preprocess] Data split => train: (11029, 35), val: (2758, 35), test: (3447, 35)
[Preprocess] Processed fidelity 4 (index 0): 3758 samples.
[Preprocess] Processed fidelity 6 (index 1): 3346 samples.
[Preprocess] Processed fidelity 8 (index 2): 3194 samples.
[Preprocess] Processed fidelity 10 (index 3): 731 samples.
[Preprocess] Processed fidelity 4 (index 0): 949 samples.
[Preprocess] Processed fidelity 6 (index 1): 833 samples.
[Preprocess] Processed fidelity 8 (index 2): 801 samples.
[Preprocess] Processed fidelity 10 (index 3): 175 samples.
Fidelity levels: [4, 6, 8, 10]
[Trainer] Starting BNN training...
[Trainer] No improvement. Iteration 7200. Early stopping counter: 1, LR counter: 1
[Trainer] No improvement. Iteration 7400. Early stopping counter: 1, LR counter: 1
[Trainer] No improvement. Iteration 7500. Early stopping counter: 2, LR counter: 2
[Trainer] No improvement. Iteration 7600. Early stopping counter: 3, LR counter: 3
[Trainer] No improvement. Iteration 7700. Early stopping counter: 4, LR counter: 4
[Trainer] No improvement. Iteration 8100. Early stopping counter: 1, LR counter: 1
[Trainer] No improvement. Iteration 8300. Early stopping counter: 1, LR counter: 1
[Trainer] No improvement. Iteration 8900. Early stopping counter: 1, LR counter: 1
[Trainer] No improvement. Iteration 9100. Early stopping counter: 1, LR counter: 1
[Trainer] No improvement. Iteration 9600. Early stopping counter: 1, LR counter: 1
[Trainer] No improvement. Iteration 9700. Early stopping counter: 2, LR counter: 2
[Trainer] No improvement. Iteration 9800. Early stopping counter: 3, LR counter: 3
[Trainer] No improvement. Iteration 9900. Early stopping counter: 4, LR counter: 4
[Trainer] No improvement. Iteration 10000. Early stopping counter: 5, LR counter: 5
[Trainer] No improvement. Iteration 10100. Early stopping counter: 6, LR counter: 6
[Trainer] No improvement. Iteration 10200. Early stopping counter: 7, LR counter: 7
[Trainer] No improvement. Iteration 10300. Early stopping counter: 8, LR counter: 8
[Trainer] No improvement. Iteration 10400. Early stopping counter: 9, LR counter: 9
[Trainer] No improvement. Iteration 10500. Early stopping counter: 10, LR counter: 10
[Trainer] No improvement. Iteration 10600. Early stopping counter: 11, LR counter: 11
[Trainer] No improvement. Iteration 10700. Early stopping counter: 12, LR counter: 12
[Trainer] No improvement. Iteration 10800. Early stopping counter: 13, LR counter: 13
[Trainer] No improvement. Iteration 10900. Early stopping counter: 14, LR counter: 14
[Trainer] No improvement. Iteration 11000. Early stopping counter: 15, LR counter: 15
[Trainer] No improvement. Iteration 11100. Early stopping counter: 16, LR counter: 16
[Trainer] No improvement. Iteration 11200. Early stopping counter: 17, LR counter: 17
[Trainer] No improvement. Iteration 11300. Early stopping counter: 18, LR counter: 18
[Trainer] No improvement. Iteration 11400. Early stopping counter: 19, LR counter: 19
[Trainer] No improvement. Iteration 11500. Early stopping counter: 20, LR counter: 20
[Trainer] No improvement. Iteration 11600. Early stopping counter: 21, LR counter: 21
[Trainer] No improvement. Iteration 11700. Early stopping counter: 22, LR counter: 22
[Trainer] No improvement. Iteration 11800. Early stopping counter: 23, LR counter: 23
[Trainer] No improvement. Iteration 11900. Early stopping counter: 24, LR counter: 24
[Trainer] No improvement. Iteration 12000. Early stopping counter: 25, LR counter: 25
[Trainer] Learning rate reduced to: 0.000010
[Trainer] No improvement. Iteration 12100. Early stopping counter: 26, LR counter: 1
[Trainer] No improvement. Iteration 12200. Early stopping counter: 27, LR counter: 2
[Trainer] No improvement. Iteration 12300. Early stopping counter: 28, LR counter: 3
[Trainer] No improvement. Iteration 12400. Early stopping counter: 29, LR counter: 4
[Trainer] No improvement. Iteration 12500. Early stopping counter: 30, LR counter: 5
[Trainer] No improvement. Iteration 12600. Early stopping counter: 31, LR counter: 6
[Trainer] No improvement. Iteration 12700. Early stopping counter: 32, LR counter: 7
[Trainer] No improvement. Iteration 12800. Early stopping counter: 33, LR counter: 8
[Trainer] No improvement. Iteration 12900. Early stopping counter: 34, LR counter: 9
[Trainer] No improvement. Iteration 13000. Early stopping counter: 35, LR counter: 10
[Trainer] No improvement. Iteration 13100. Early stopping counter: 36, LR counter: 11
[Trainer] No improvement. Iteration 13200. Early stopping counter: 37, LR counter: 12
[Trainer] No improvement. Iteration 13300. Early stopping counter: 38, LR counter: 13
[Trainer] No improvement. Iteration 13400. Early stopping counter: 39, LR counter: 14
[Trainer] No improvement. Iteration 13500. Early stopping counter: 40, LR counter: 15
[Trainer] No improvement. Iteration 13600. Early stopping counter: 41, LR counter: 16
[Trainer] No improvement. Iteration 13700. Early stopping counter: 42, LR counter: 17
[Trainer] No improvement. Iteration 13800. Early stopping counter: 43, LR counter: 18
[Trainer] No improvement. Iteration 13900. Early stopping counter: 44, LR counter: 19
[Trainer] No improvement. Iteration 14000. Early stopping counter: 45, LR counter: 20
[Trainer] No improvement. Iteration 14100. Early stopping counter: 46, LR counter: 21
[Trainer] No improvement. Iteration 14200. Early stopping counter: 47, LR counter: 22
[Trainer] No improvement. Iteration 14300. Early stopping counter: 48, LR counter: 23
[Trainer] No improvement. Iteration 14400. Early stopping counter: 49, LR counter: 24
[Trainer] No improvement. Iteration 14500. Early stopping counter: 50, LR counter: 25
[Trainer] Learning rate reduced to: 0.000001
[Trainer] Early stopping triggered.
[Trainer] Training completed.
[Trainer] Calibrating temperatures on validation set...
[Trainer] Temperature calibration finished. Calibrated temperatures: {4: 1.7098275423049927, 6: 1.4011915922164917, 8: 1.470393419265747, 10: 1.6907734870910645}
[Trainer] BNN training completed.
**************************************************
Z=8, N=4, emax=4
RMSE Eb: 0.670
RMSE Rch: 0.018
MAPE Eb: 2.073
MAPE Rch: 0.882
--------------------------------------------------
**************************************************
Z=8, N=4, emax=10
RMSE Eb: 1.337
RMSE Rch: 0.036
MAPE Eb: 2.162
MAPE Rch: 1.986
--------------------------------------------------
**************************************************
Z=8, N=4, emax=6
RMSE Eb: 1.076
RMSE Rch: 0.018
MAPE Eb: 2.117
MAPE Rch: 0.967
--------------------------------------------------
**************************************************
Z=8, N=4, emax=8
RMSE Eb: 1.104
RMSE Rch: 0.020
MAPE Eb: 1.777
MAPE Rch: 1.015
--------------------------------------------------
**************************************************
Z=8, N=5, emax=8
RMSE Eb: 1.348
RMSE Rch: 0.020
MAPE Eb: 1.727
MAPE Rch: 0.983
--------------------------------------------------
**************************************************
Z=8, N=5, emax=6
RMSE Eb: 0.890
RMSE Rch: 0.021
MAPE Eb: 1.224
MAPE Rch: 1.162
--------------------------------------------------
**************************************************
Z=8, N=5, emax=4
RMSE Eb: 0.740
RMSE Rch: 0.022
MAPE Eb: 1.472
MAPE Rch: 1.181
--------------------------------------------------
**************************************************
Z=8, N=5, emax=10
RMSE Eb: 0.798
RMSE Rch: 0.032
MAPE Eb: 1.128
MAPE Rch: 1.895
--------------------------------------------------
**************************************************
Z=8, N=6, emax=4
RMSE Eb: 0.826
RMSE Rch: 0.019
MAPE Eb: 1.227
MAPE Rch: 1.016
--------------------------------------------------
**************************************************
Z=8, N=6, emax=6
RMSE Eb: 0.915
RMSE Rch: 0.016
MAPE Eb: 0.903
MAPE Rch: 0.839
--------------------------------------------------
**************************************************
Z=8, N=6, emax=8
RMSE Eb: 1.233
RMSE Rch: 0.016
MAPE Eb: 1.183
MAPE Rch: 0.804
--------------------------------------------------
**************************************************
Z=8, N=6, emax=10
RMSE Eb: 1.556
RMSE Rch: 0.025
MAPE Eb: 1.450
MAPE Rch: 1.283
--------------------------------------------------
**************************************************
Z=8, N=7, emax=8
RMSE Eb: 1.044
RMSE Rch: 0.015
MAPE Eb: 0.869
MAPE Rch: 0.761
--------------------------------------------------
**************************************************
Z=8, N=7, emax=10
RMSE Eb: 1.720
RMSE Rch: 0.021
MAPE Eb: 1.210
MAPE Rch: 1.124
--------------------------------------------------
**************************************************
Z=8, N=7, emax=6
RMSE Eb: 0.925
RMSE Rch: 0.015
MAPE Eb: 0.852
MAPE Rch: 0.742
--------------------------------------------------
**************************************************
Z=8, N=7, emax=4
RMSE Eb: 0.869
RMSE Rch: 0.014
MAPE Eb: 1.064
MAPE Rch: 0.665
--------------------------------------------------
**************************************************
Z=8, N=8, emax=4
RMSE Eb: 0.717
RMSE Rch: 0.012
MAPE Eb: 0.691
MAPE Rch: 0.341
--------------------------------------------------
**************************************************
Z=8, N=8, emax=8
RMSE Eb: 0.767
RMSE Rch: 0.013
MAPE Eb: 0.547
MAPE Rch: 0.384
--------------------------------------------------
**************************************************
Z=8, N=8, emax=6
RMSE Eb: 0.726
RMSE Rch: 0.011
MAPE Eb: 0.575
MAPE Rch: 0.314
--------------------------------------------------
**************************************************
Z=8, N=8, emax=10
RMSE Eb: 0.786
RMSE Rch: 0.024
MAPE Eb: 0.606
MAPE Rch: 0.810
--------------------------------------------------
**************************************************
Z=8, N=9, emax=8
RMSE Eb: 0.633
RMSE Rch: 0.008
MAPE Eb: 0.488
MAPE Rch: 0.220
--------------------------------------------------
**************************************************
Z=8, N=9, emax=6
RMSE Eb: 0.620
RMSE Rch: 0.007
MAPE Eb: 0.522
MAPE Rch: 0.189
--------------------------------------------------
**************************************************
Z=8, N=9, emax=4
RMSE Eb: 0.661
RMSE Rch: 0.008
MAPE Eb: 0.716
MAPE Rch: 0.202
--------------------------------------------------
**************************************************
Z=8, N=9, emax=10
RMSE Eb: 0.980
RMSE Rch: 0.013
MAPE Eb: 0.649
MAPE Rch: 0.412
--------------------------------------------------
**************************************************
Z=8, N=10, emax=4
RMSE Eb: 0.739
RMSE Rch: 0.007
MAPE Eb: 0.848
MAPE Rch: 0.205
--------------------------------------------------
**************************************************
Z=8, N=10, emax=10
RMSE Eb: 0.953
RMSE Rch: 0.015
MAPE Eb: 0.699
MAPE Rch: 0.425
--------------------------------------------------
**************************************************
Z=8, N=10, emax=6
RMSE Eb: 0.484
RMSE Rch: 0.005
MAPE Eb: 0.385
MAPE Rch: 0.131
--------------------------------------------------
**************************************************
Z=8, N=10, emax=8
RMSE Eb: 0.636
RMSE Rch: 0.007
MAPE Eb: 0.451
MAPE Rch: 0.193
--------------------------------------------------
**************************************************
Z=8, N=11, emax=4
RMSE Eb: 0.563
RMSE Rch: 0.006
MAPE Eb: 0.614
MAPE Rch: 0.167
--------------------------------------------------
**************************************************
Z=8, N=11, emax=6
RMSE Eb: 0.518
RMSE Rch: 0.005
MAPE Eb: 0.390
MAPE Rch: 0.153
--------------------------------------------------
**************************************************
Z=8, N=11, emax=8
RMSE Eb: 0.609
RMSE Rch: 0.007
MAPE Eb: 0.422
MAPE Rch: 0.208
--------------------------------------------------
**************************************************
Z=8, N=11, emax=10
RMSE Eb: 0.838
RMSE Rch: 0.013
MAPE Eb: 0.611
MAPE Rch: 0.417
--------------------------------------------------
**************************************************
Z=8, N=12, emax=6
RMSE Eb: 0.374
RMSE Rch: 0.006
MAPE Eb: 0.271
MAPE Rch: 0.168
--------------------------------------------------
**************************************************
Z=8, N=12, emax=4
RMSE Eb: 0.575
RMSE Rch: 0.008
MAPE Eb: 0.601
MAPE Rch: 0.222
--------------------------------------------------
**************************************************
Z=8, N=12, emax=8
RMSE Eb: 0.608
RMSE Rch: 0.006
MAPE Eb: 0.424
MAPE Rch: 0.175
--------------------------------------------------
**************************************************
Z=8, N=12, emax=10
RMSE Eb: 1.180
RMSE Rch: 0.012
MAPE Eb: 0.750
MAPE Rch: 0.375
--------------------------------------------------
**************************************************
Z=8, N=13, emax=8
RMSE Eb: 0.587
RMSE Rch: 0.007
MAPE Eb: 0.390
MAPE Rch: 0.196
--------------------------------------------------
**************************************************
Z=8, N=13, emax=4
RMSE Eb: 0.575
RMSE Rch: 0.009
MAPE Eb: 0.653
MAPE Rch: 0.250
--------------------------------------------------
**************************************************
Z=8, N=13, emax=10
RMSE Eb: 0.881
RMSE Rch: 0.012
MAPE Eb: 0.503
MAPE Rch: 0.332
--------------------------------------------------
**************************************************
Z=8, N=13, emax=6
RMSE Eb: 0.397
RMSE Rch: 0.007
MAPE Eb: 0.297
MAPE Rch: 0.189
--------------------------------------------------
**************************************************
Z=8, N=14, emax=8
RMSE Eb: 0.620
RMSE Rch: 0.013
MAPE Eb: 0.368
MAPE Rch: 0.310
--------------------------------------------------
**************************************************
Z=8, N=14, emax=4
RMSE Eb: 0.571
RMSE Rch: 0.006
MAPE Eb: 0.610
MAPE Rch: 0.166
--------------------------------------------------
**************************************************
Z=8, N=14, emax=6
RMSE Eb: 0.431
RMSE Rch: 0.005
MAPE Eb: 0.331
MAPE Rch: 0.140
--------------------------------------------------
**************************************************
Z=8, N=14, emax=10
RMSE Eb: 0.716
RMSE Rch: 0.018
MAPE Eb: 0.473
MAPE Rch: 0.421
--------------------------------------------------
**************************************************
Z=8, N=15, emax=8
RMSE Eb: 0.554
RMSE Rch: 0.007
MAPE Eb: 0.341
MAPE Rch: 0.198
--------------------------------------------------
**************************************************
Z=8, N=15, emax=4
RMSE Eb: 0.861
RMSE Rch: 0.008
MAPE Eb: 1.000
MAPE Rch: 0.236
--------------------------------------------------
**************************************************
Z=8, N=15, emax=6
RMSE Eb: 0.502
RMSE Rch: 0.006
MAPE Eb: 0.367
MAPE Rch: 0.165
--------------------------------------------------
**************************************************
Z=8, N=15, emax=10
RMSE Eb: 0.975
RMSE Rch: 0.012
MAPE Eb: 0.590
MAPE Rch: 0.309
--------------------------------------------------
**************************************************
Z=8, N=16, emax=8
RMSE Eb: 0.655
RMSE Rch: 0.007
MAPE Eb: 0.414
MAPE Rch: 0.198
--------------------------------------------------
**************************************************
Z=8, N=16, emax=6
RMSE Eb: 0.585
RMSE Rch: 0.008
MAPE Eb: 0.391
MAPE Rch: 0.201
--------------------------------------------------
**************************************************
Z=8, N=16, emax=10
RMSE Eb: 1.186
RMSE Rch: 0.013
MAPE Eb: 0.684
MAPE Rch: 0.391
--------------------------------------------------
**************************************************
Z=8, N=16, emax=4
RMSE Eb: 1.032
RMSE Rch: 0.008
MAPE Eb: 1.119
MAPE Rch: 0.226
--------------------------------------------------
Finished VAL for AE n=96
**************************************************
Z=8, N=4, emax=6
RMSE Eb: 0.988
RMSE Rch: 0.019
MAPE Eb: 1.813
MAPE Rch: 0.960
--------------------------------------------------
**************************************************
Z=8, N=4, emax=8
RMSE Eb: 1.332
RMSE Rch: 0.020
MAPE Eb: 2.254
MAPE Rch: 0.953
--------------------------------------------------
**************************************************
Z=8, N=4, emax=4
RMSE Eb: 0.603
RMSE Rch: 0.016
MAPE Eb: 1.684
MAPE Rch: 0.831
--------------------------------------------------
**************************************************
Z=8, N=4, emax=10
RMSE Eb: 2.036
RMSE Rch: 0.025
MAPE Eb: 2.934
MAPE Rch: 1.076
--------------------------------------------------
**************************************************
Z=8, N=5, emax=4
RMSE Eb: 0.604
RMSE Rch: 0.021
MAPE Eb: 1.231
MAPE Rch: 1.139
--------------------------------------------------
**************************************************
Z=8, N=5, emax=8
RMSE Eb: 1.212
RMSE Rch: 0.019
MAPE Eb: 1.597
MAPE Rch: 1.007
--------------------------------------------------
**************************************************
Z=8, N=5, emax=6
RMSE Eb: 0.821
RMSE Rch: 0.020
MAPE Eb: 1.243
MAPE Rch: 1.036
--------------------------------------------------
**************************************************
Z=8, N=5, emax=10
RMSE Eb: 1.243
RMSE Rch: 0.033
MAPE Eb: 1.368
MAPE Rch: 2.003
--------------------------------------------------
**************************************************
Z=8, N=6, emax=4
RMSE Eb: 0.903
RMSE Rch: 0.018
MAPE Eb: 1.293
MAPE Rch: 0.978
--------------------------------------------------
**************************************************
Z=8, N=6, emax=8
RMSE Eb: 1.373
RMSE Rch: 0.018
MAPE Eb: 1.315
MAPE Rch: 0.875
--------------------------------------------------
**************************************************
Z=8, N=6, emax=6
RMSE Eb: 1.075
RMSE Rch: 0.017
MAPE Eb: 1.132
MAPE Rch: 0.861
--------------------------------------------------
**************************************************
Z=8, N=6, emax=10
RMSE Eb: 1.408
RMSE Rch: 0.018
MAPE Eb: 1.278
MAPE Rch: 0.851
--------------------------------------------------
**************************************************
Z=8, N=7, emax=4
RMSE Eb: 1.037
RMSE Rch: 0.014
MAPE Eb: 1.242
MAPE Rch: 0.720
--------------------------------------------------
**************************************************
Z=8, N=7, emax=8
RMSE Eb: 1.230
RMSE Rch: 0.015
MAPE Eb: 0.969
MAPE Rch: 0.759
--------------------------------------------------
**************************************************
Z=8, N=7, emax=6
RMSE Eb: 1.022
RMSE Rch: 0.013
MAPE Eb: 0.994
MAPE Rch: 0.655
--------------------------------------------------
**************************************************
Z=8, N=7, emax=10
RMSE Eb: 1.069
RMSE Rch: 0.022
MAPE Eb: 0.814
MAPE Rch: 1.176
--------------------------------------------------
**************************************************
Z=8, N=8, emax=4
RMSE Eb: 0.823
RMSE Rch: 0.012
MAPE Eb: 0.816
MAPE Rch: 0.359
--------------------------------------------------
**************************************************
Z=8, N=8, emax=6
RMSE Eb: 0.724
RMSE Rch: 0.011
MAPE Eb: 0.587
MAPE Rch: 0.318
--------------------------------------------------
**************************************************
Z=8, N=8, emax=8
RMSE Eb: 0.690
RMSE Rch: 0.011
MAPE Eb: 0.521
MAPE Rch: 0.312
--------------------------------------------------
**************************************************
Z=8, N=8, emax=10
RMSE Eb: 1.623
RMSE Rch: 0.025
MAPE Eb: 1.045
MAPE Rch: 0.806
--------------------------------------------------
**************************************************
Z=8, N=9, emax=4
RMSE Eb: 0.735
RMSE Rch: 0.007
MAPE Eb: 0.865
MAPE Rch: 0.199
--------------------------------------------------
**************************************************
Z=8, N=9, emax=8
RMSE Eb: 0.665
RMSE Rch: 0.008
MAPE Eb: 0.501
MAPE Rch: 0.233
--------------------------------------------------
**************************************************
Z=8, N=9, emax=6
RMSE Eb: 0.634
RMSE Rch: 0.007
MAPE Eb: 0.520
MAPE Rch: 0.208
--------------------------------------------------
**************************************************
Z=8, N=9, emax=10
RMSE Eb: 0.805
RMSE Rch: 0.015
MAPE Eb: 0.517
MAPE Rch: 0.427
--------------------------------------------------
**************************************************
Z=8, N=10, emax=4
RMSE Eb: 0.718
RMSE Rch: 0.006
MAPE Eb: 0.768
MAPE Rch: 0.173
--------------------------------------------------
**************************************************
Z=8, N=10, emax=6
RMSE Eb: 0.521
RMSE Rch: 0.006
MAPE Eb: 0.399
MAPE Rch: 0.177
--------------------------------------------------
**************************************************
Z=8, N=10, emax=8
RMSE Eb: 0.535
RMSE Rch: 0.008
MAPE Eb: 0.413
MAPE Rch: 0.240
--------------------------------------------------
**************************************************
Z=8, N=10, emax=10
RMSE Eb: 0.738
RMSE Rch: 0.012
MAPE Eb: 0.566
MAPE Rch: 0.345
--------------------------------------------------
**************************************************
Z=8, N=11, emax=8
RMSE Eb: 0.679
RMSE Rch: 0.007
MAPE Eb: 0.467
MAPE Rch: 0.210
--------------------------------------------------
**************************************************
Z=8, N=11, emax=4
RMSE Eb: 0.704
RMSE Rch: 0.006
MAPE Eb: 0.794
MAPE Rch: 0.160
--------------------------------------------------
**************************************************
Z=8, N=11, emax=6
RMSE Eb: 0.520
RMSE Rch: 0.005
MAPE Eb: 0.413
MAPE Rch: 0.141
--------------------------------------------------
**************************************************
Z=8, N=11, emax=10
RMSE Eb: 1.041
RMSE Rch: 0.012
MAPE Eb: 0.670
MAPE Rch: 0.370
--------------------------------------------------
**************************************************
Z=8, N=12, emax=6
RMSE Eb: 0.457
RMSE Rch: 0.006
MAPE Eb: 0.343
MAPE Rch: 0.165
--------------------------------------------------
**************************************************
Z=8, N=12, emax=8
RMSE Eb: 0.552
RMSE Rch: 0.007
MAPE Eb: 0.349
MAPE Rch: 0.223
--------------------------------------------------
**************************************************
Z=8, N=12, emax=4
RMSE Eb: 0.614
RMSE Rch: 0.006
MAPE Eb: 0.630
MAPE Rch: 0.164
--------------------------------------------------
**************************************************
Z=8, N=12, emax=10
RMSE Eb: 0.909
RMSE Rch: 0.011
MAPE Eb: 0.607
MAPE Rch: 0.340
--------------------------------------------------
**************************************************
Z=8, N=13, emax=8
RMSE Eb: 0.487
RMSE Rch: 0.007
MAPE Eb: 0.316
MAPE Rch: 0.199
--------------------------------------------------
**************************************************
Z=8, N=13, emax=4
RMSE Eb: 0.639
RMSE Rch: 0.008
MAPE Eb: 0.695
MAPE Rch: 0.213
--------------------------------------------------
**************************************************
Z=8, N=13, emax=6
RMSE Eb: 0.410
RMSE Rch: 0.006
MAPE Eb: 0.297
MAPE Rch: 0.168
--------------------------------------------------
**************************************************
Z=8, N=13, emax=10
RMSE Eb: 0.679
RMSE Rch: 0.018
MAPE Eb: 0.459
MAPE Rch: 0.440
--------------------------------------------------
**************************************************
Z=8, N=14, emax=6
RMSE Eb: 0.460
RMSE Rch: 0.006
MAPE Eb: 0.341
MAPE Rch: 0.177
--------------------------------------------------
**************************************************
Z=8, N=14, emax=10
RMSE Eb: 0.803
RMSE Rch: 0.015
MAPE Eb: 0.410
MAPE Rch: 0.417
--------------------------------------------------
**************************************************
Z=8, N=14, emax=4
RMSE Eb: 0.598
RMSE Rch: 0.006
MAPE Eb: 0.615
MAPE Rch: 0.172
--------------------------------------------------
**************************************************
Z=8, N=14, emax=8
RMSE Eb: 0.560
RMSE Rch: 0.009
MAPE Eb: 0.342
MAPE Rch: 0.224
--------------------------------------------------
**************************************************
Z=8, N=15, emax=8
RMSE Eb: 0.577
RMSE Rch: 0.006
MAPE Eb: 0.355
MAPE Rch: 0.167
--------------------------------------------------
**************************************************
Z=8, N=15, emax=6
RMSE Eb: 0.531
RMSE Rch: 0.006
MAPE Eb: 0.388
MAPE Rch: 0.178
--------------------------------------------------
**************************************************
Z=8, N=15, emax=4
RMSE Eb: 0.873
RMSE Rch: 0.008
MAPE Eb: 1.015
MAPE Rch: 0.237
--------------------------------------------------
**************************************************
Z=8, N=15, emax=10
RMSE Eb: 0.776
RMSE Rch: 0.012
MAPE Eb: 0.495
MAPE Rch: 0.307
--------------------------------------------------
**************************************************
Z=8, N=16, emax=4
RMSE Eb: 0.983
RMSE Rch: 0.008
MAPE Eb: 1.083
MAPE Rch: 0.202
--------------------------------------------------
**************************************************
Z=8, N=16, emax=8
RMSE Eb: 0.766
RMSE Rch: 0.007
MAPE Eb: 0.466
MAPE Rch: 0.195
--------------------------------------------------
**************************************************
Z=8, N=16, emax=6
RMSE Eb: 0.617
RMSE Rch: 0.007
MAPE Eb: 0.429
MAPE Rch: 0.187
--------------------------------------------------
**************************************************
Z=8, N=16, emax=10
RMSE Eb: 1.008
RMSE Rch: 0.013
MAPE Eb: 0.585
MAPE Rch: 0.395
--------------------------------------------------
