Activated conda environment
[DataLoader] Found 13 files matching the pattern.
[DataLoader] Combined data shape: (17234, 35)
[Preprocess] Data split => train: (11029, 35), val: (2758, 35), test: (3447, 35)
[Preprocess] Processed fidelity 4 (index 0): 3758 samples.
[Preprocess] Processed fidelity 6 (index 1): 3346 samples.
[Preprocess] Processed fidelity 8 (index 2): 3194 samples.
[Preprocess] Processed fidelity 10 (index 3): 731 samples.
[Preprocess] Processed fidelity 4 (index 0): 949 samples.
[Preprocess] Processed fidelity 6 (index 1): 833 samples.
[Preprocess] Processed fidelity 8 (index 2): 801 samples.
[Preprocess] Processed fidelity 10 (index 3): 175 samples.
Fidelity levels: [4, 6, 8, 10]
[Trainer] Starting BNN training...
[Trainer] No improvement. Iteration 8700. Early stopping counter: 1, LR counter: 1
[Trainer] No improvement. Iteration 10200. Early stopping counter: 1, LR counter: 1
[Trainer] No improvement. Iteration 10300. Early stopping counter: 2, LR counter: 2
[Trainer] No improvement. Iteration 10500. Early stopping counter: 1, LR counter: 1
[Trainer] No improvement. Iteration 10600. Early stopping counter: 2, LR counter: 2
[Trainer] No improvement. Iteration 10700. Early stopping counter: 3, LR counter: 3
[Trainer] No improvement. Iteration 10800. Early stopping counter: 4, LR counter: 4
[Trainer] No improvement. Iteration 10900. Early stopping counter: 5, LR counter: 5
[Trainer] No improvement. Iteration 11000. Early stopping counter: 6, LR counter: 6
[Trainer] No improvement. Iteration 11100. Early stopping counter: 7, LR counter: 7
[Trainer] No improvement. Iteration 11200. Early stopping counter: 8, LR counter: 8
[Trainer] No improvement. Iteration 11300. Early stopping counter: 9, LR counter: 9
[Trainer] No improvement. Iteration 11400. Early stopping counter: 10, LR counter: 10
[Trainer] No improvement. Iteration 11500. Early stopping counter: 11, LR counter: 11
[Trainer] No improvement. Iteration 11600. Early stopping counter: 12, LR counter: 12
[Trainer] No improvement. Iteration 11700. Early stopping counter: 13, LR counter: 13
[Trainer] No improvement. Iteration 11800. Early stopping counter: 14, LR counter: 14
[Trainer] No improvement. Iteration 11900. Early stopping counter: 15, LR counter: 15
[Trainer] No improvement. Iteration 12000. Early stopping counter: 16, LR counter: 16
[Trainer] No improvement. Iteration 12100. Early stopping counter: 17, LR counter: 17
[Trainer] No improvement. Iteration 12200. Early stopping counter: 18, LR counter: 18
[Trainer] No improvement. Iteration 12300. Early stopping counter: 19, LR counter: 19
[Trainer] No improvement. Iteration 12400. Early stopping counter: 20, LR counter: 20
[Trainer] No improvement. Iteration 12500. Early stopping counter: 21, LR counter: 21
[Trainer] No improvement. Iteration 12600. Early stopping counter: 22, LR counter: 22
[Trainer] No improvement. Iteration 12700. Early stopping counter: 23, LR counter: 23
[Trainer] No improvement. Iteration 12800. Early stopping counter: 24, LR counter: 24
[Trainer] No improvement. Iteration 12900. Early stopping counter: 25, LR counter: 25
[Trainer] Learning rate reduced to: 0.000010
[Trainer] No improvement. Iteration 13000. Early stopping counter: 26, LR counter: 1
[Trainer] No improvement. Iteration 13100. Early stopping counter: 27, LR counter: 2
[Trainer] No improvement. Iteration 13200. Early stopping counter: 28, LR counter: 3
[Trainer] No improvement. Iteration 13300. Early stopping counter: 29, LR counter: 4
[Trainer] No improvement. Iteration 13400. Early stopping counter: 30, LR counter: 5
[Trainer] No improvement. Iteration 13500. Early stopping counter: 31, LR counter: 6
[Trainer] No improvement. Iteration 13600. Early stopping counter: 32, LR counter: 7
[Trainer] No improvement. Iteration 13700. Early stopping counter: 33, LR counter: 8
[Trainer] No improvement. Iteration 13800. Early stopping counter: 34, LR counter: 9
[Trainer] No improvement. Iteration 13900. Early stopping counter: 35, LR counter: 10
[Trainer] No improvement. Iteration 14000. Early stopping counter: 36, LR counter: 11
[Trainer] No improvement. Iteration 14100. Early stopping counter: 37, LR counter: 12
[Trainer] No improvement. Iteration 14200. Early stopping counter: 38, LR counter: 13
[Trainer] No improvement. Iteration 14300. Early stopping counter: 39, LR counter: 14
[Trainer] No improvement. Iteration 14400. Early stopping counter: 40, LR counter: 15
[Trainer] No improvement. Iteration 14500. Early stopping counter: 41, LR counter: 16
[Trainer] No improvement. Iteration 14600. Early stopping counter: 42, LR counter: 17
[Trainer] No improvement. Iteration 14700. Early stopping counter: 43, LR counter: 18
[Trainer] No improvement. Iteration 14800. Early stopping counter: 44, LR counter: 19
[Trainer] No improvement. Iteration 14900. Early stopping counter: 45, LR counter: 20
[Trainer] No improvement. Iteration 15000. Early stopping counter: 46, LR counter: 21
[Trainer] No improvement. Iteration 15100. Early stopping counter: 47, LR counter: 22
[Trainer] No improvement. Iteration 15200. Early stopping counter: 48, LR counter: 23
[Trainer] No improvement. Iteration 15300. Early stopping counter: 49, LR counter: 24
[Trainer] No improvement. Iteration 15400. Early stopping counter: 50, LR counter: 25
[Trainer] Learning rate reduced to: 0.000001
[Trainer] Early stopping triggered.
[Trainer] Training completed.
[Trainer] Calibrating temperatures on validation set...
[Trainer] Temperature calibration finished. Calibrated temperatures: {4: 1.0839686393737793, 6: 0.9826839566230774, 8: 1.1422812938690186, 10: 1.3472111225128174}
[Trainer] BNN training completed.
**************************************************
Z=8, N=4, emax=4
RMSE Eb: 0.829
RMSE Rch: 0.008
MAPE Eb: 2.454
MAPE Rch: 0.371
--------------------------------------------------
**************************************************
Z=8, N=4, emax=10
RMSE Eb: 1.204
RMSE Rch: 0.031
MAPE Eb: 1.848
MAPE Rch: 1.581
--------------------------------------------------
**************************************************
Z=8, N=4, emax=6
RMSE Eb: 0.958
RMSE Rch: 0.011
MAPE Eb: 1.873
MAPE Rch: 0.516
--------------------------------------------------
**************************************************
Z=8, N=4, emax=8
RMSE Eb: 1.583
RMSE Rch: 0.021
MAPE Eb: 2.361
MAPE Rch: 1.031
--------------------------------------------------
**************************************************
Z=8, N=5, emax=8
RMSE Eb: 1.378
RMSE Rch: 0.021
MAPE Eb: 1.766
MAPE Rch: 0.981
--------------------------------------------------
**************************************************
Z=8, N=5, emax=6
RMSE Eb: 0.874
RMSE Rch: 0.010
MAPE Eb: 1.284
MAPE Rch: 0.514
--------------------------------------------------
**************************************************
Z=8, N=5, emax=4
RMSE Eb: 0.850
RMSE Rch: 0.007
MAPE Eb: 1.770
MAPE Rch: 0.339
--------------------------------------------------
**************************************************
Z=8, N=5, emax=10
RMSE Eb: 1.853
RMSE Rch: 0.030
MAPE Eb: 2.515
MAPE Rch: 1.386
--------------------------------------------------
**************************************************
Z=8, N=6, emax=4
RMSE Eb: 0.979
RMSE Rch: 0.008
MAPE Eb: 1.469
MAPE Rch: 0.350
--------------------------------------------------
**************************************************
Z=8, N=6, emax=6
RMSE Eb: 1.071
RMSE Rch: 0.007
MAPE Eb: 1.124
MAPE Rch: 0.329
--------------------------------------------------
**************************************************
Z=8, N=6, emax=8
RMSE Eb: 1.606
RMSE Rch: 0.013
MAPE Eb: 1.483
MAPE Rch: 0.655
--------------------------------------------------
**************************************************
Z=8, N=6, emax=10
RMSE Eb: 1.374
RMSE Rch: 0.022
MAPE Eb: 1.265
MAPE Rch: 1.184
--------------------------------------------------
**************************************************
Z=8, N=7, emax=8
RMSE Eb: 1.724
RMSE Rch: 0.022
MAPE Eb: 1.407
MAPE Rch: 1.273
--------------------------------------------------
**************************************************
Z=8, N=7, emax=10
RMSE Eb: 1.507
RMSE Rch: 0.029
MAPE Eb: 1.122
MAPE Rch: 1.646
--------------------------------------------------
**************************************************
Z=8, N=7, emax=6
RMSE Eb: 1.442
RMSE Rch: 0.019
MAPE Eb: 1.348
MAPE Rch: 1.090
--------------------------------------------------
**************************************************
Z=8, N=7, emax=4
RMSE Eb: 1.004
RMSE Rch: 0.018
MAPE Eb: 1.330
MAPE Rch: 1.037
--------------------------------------------------
**************************************************
Z=8, N=8, emax=4
RMSE Eb: 0.987
RMSE Rch: 0.008
MAPE Eb: 1.073
MAPE Rch: 0.226
--------------------------------------------------
**************************************************
Z=8, N=8, emax=8
RMSE Eb: 1.307
RMSE Rch: 0.013
MAPE Eb: 0.945
MAPE Rch: 0.391
--------------------------------------------------
**************************************************
Z=8, N=8, emax=6
RMSE Eb: 1.006
RMSE Rch: 0.010
MAPE Eb: 0.814
MAPE Rch: 0.282
--------------------------------------------------
**************************************************
Z=8, N=8, emax=10
RMSE Eb: 1.727
RMSE Rch: 0.024
MAPE Eb: 1.288
MAPE Rch: 0.728
--------------------------------------------------
**************************************************
Z=8, N=9, emax=8
RMSE Eb: 1.126
RMSE Rch: 0.009
MAPE Eb: 0.832
MAPE Rch: 0.254
--------------------------------------------------
**************************************************
Z=8, N=9, emax=6
RMSE Eb: 0.854
RMSE Rch: 0.008
MAPE Eb: 0.742
MAPE Rch: 0.214
--------------------------------------------------
**************************************************
Z=8, N=9, emax=4
RMSE Eb: 0.841
RMSE Rch: 0.007
MAPE Eb: 0.887
MAPE Rch: 0.188
--------------------------------------------------
**************************************************
Z=8, N=9, emax=10
RMSE Eb: 0.797
RMSE Rch: 0.009
MAPE Eb: 0.563
MAPE Rch: 0.249
--------------------------------------------------
**************************************************
Z=8, N=10, emax=4
RMSE Eb: 0.768
RMSE Rch: 0.006
MAPE Eb: 0.835
MAPE Rch: 0.153
--------------------------------------------------
**************************************************
Z=8, N=10, emax=10
RMSE Eb: 1.236
RMSE Rch: 0.010
MAPE Eb: 0.866
MAPE Rch: 0.303
--------------------------------------------------
**************************************************
Z=8, N=10, emax=6
RMSE Eb: 0.636
RMSE Rch: 0.007
MAPE Eb: 0.499
MAPE Rch: 0.217
--------------------------------------------------
**************************************************
Z=8, N=10, emax=8
RMSE Eb: 1.020
RMSE Rch: 0.009
MAPE Eb: 0.725
MAPE Rch: 0.239
--------------------------------------------------
**************************************************
Z=8, N=11, emax=4
RMSE Eb: 0.893
RMSE Rch: 0.006
MAPE Eb: 0.963
MAPE Rch: 0.181
--------------------------------------------------
**************************************************
Z=8, N=11, emax=6
RMSE Eb: 0.856
RMSE Rch: 0.006
MAPE Eb: 0.625
MAPE Rch: 0.179
--------------------------------------------------
**************************************************
Z=8, N=11, emax=8
RMSE Eb: 1.125
RMSE Rch: 0.008
MAPE Eb: 0.777
MAPE Rch: 0.222
--------------------------------------------------
**************************************************
Z=8, N=11, emax=10
RMSE Eb: 1.015
RMSE Rch: 0.011
MAPE Eb: 0.647
MAPE Rch: 0.331
--------------------------------------------------
**************************************************
Z=8, N=12, emax=6
RMSE Eb: 0.689
RMSE Rch: 0.007
MAPE Eb: 0.516
MAPE Rch: 0.196
--------------------------------------------------
**************************************************
Z=8, N=12, emax=4
RMSE Eb: 0.847
RMSE Rch: 0.005
MAPE Eb: 0.890
MAPE Rch: 0.137
--------------------------------------------------
**************************************************
Z=8, N=12, emax=8
RMSE Eb: 1.012
RMSE Rch: 0.009
MAPE Eb: 0.652
MAPE Rch: 0.244
--------------------------------------------------
**************************************************
Z=8, N=12, emax=10
RMSE Eb: 0.926
RMSE Rch: 0.007
MAPE Eb: 0.649
MAPE Rch: 0.212
--------------------------------------------------
**************************************************
Z=8, N=13, emax=8
RMSE Eb: 0.827
RMSE Rch: 0.011
MAPE Eb: 0.555
MAPE Rch: 0.289
--------------------------------------------------
**************************************************
Z=8, N=13, emax=4
RMSE Eb: 0.866
RMSE Rch: 0.006
MAPE Eb: 0.975
MAPE Rch: 0.159
--------------------------------------------------
**************************************************
Z=8, N=13, emax=10
RMSE Eb: 1.102
RMSE Rch: 0.011
MAPE Eb: 0.638
MAPE Rch: 0.296
--------------------------------------------------
**************************************************
Z=8, N=13, emax=6
RMSE Eb: 0.754
RMSE Rch: 0.006
MAPE Eb: 0.571
MAPE Rch: 0.170
--------------------------------------------------
**************************************************
Z=8, N=14, emax=8
RMSE Eb: 1.038
RMSE Rch: 0.015
MAPE Eb: 0.649
MAPE Rch: 0.346
--------------------------------------------------
**************************************************
Z=8, N=14, emax=4
RMSE Eb: 1.009
RMSE Rch: 0.006
MAPE Eb: 1.081
MAPE Rch: 0.174
--------------------------------------------------
**************************************************
Z=8, N=14, emax=6
RMSE Eb: 0.702
RMSE Rch: 0.007
MAPE Eb: 0.529
MAPE Rch: 0.200
--------------------------------------------------
**************************************************
Z=8, N=14, emax=10
RMSE Eb: 1.203
RMSE Rch: 0.019
MAPE Eb: 0.796
MAPE Rch: 0.489
--------------------------------------------------
**************************************************
Z=8, N=15, emax=8
RMSE Eb: 1.055
RMSE Rch: 0.008
MAPE Eb: 0.591
MAPE Rch: 0.213
--------------------------------------------------
**************************************************
Z=8, N=15, emax=4
RMSE Eb: 0.924
RMSE Rch: 0.005
MAPE Eb: 0.951
MAPE Rch: 0.127
--------------------------------------------------
**************************************************
Z=8, N=15, emax=6
RMSE Eb: 0.906
RMSE Rch: 0.007
MAPE Eb: 0.675
MAPE Rch: 0.198
--------------------------------------------------
**************************************************
Z=8, N=15, emax=10
RMSE Eb: 1.172
RMSE Rch: 0.012
MAPE Eb: 0.660
MAPE Rch: 0.332
--------------------------------------------------
**************************************************
Z=8, N=16, emax=8
RMSE Eb: 1.100
RMSE Rch: 0.009
MAPE Eb: 0.672
MAPE Rch: 0.259
--------------------------------------------------
**************************************************
Z=8, N=16, emax=6
RMSE Eb: 0.946
RMSE Rch: 0.009
MAPE Eb: 0.618
MAPE Rch: 0.243
--------------------------------------------------
**************************************************
Z=8, N=16, emax=10
RMSE Eb: 1.386
RMSE Rch: 0.011
MAPE Eb: 0.892
MAPE Rch: 0.317
--------------------------------------------------
**************************************************
Z=8, N=16, emax=4
RMSE Eb: 1.153
RMSE Rch: 0.006
MAPE Eb: 1.255
MAPE Rch: 0.164
--------------------------------------------------
Finished VAL for AE n=74
**************************************************
Z=8, N=4, emax=6
RMSE Eb: 0.732
RMSE Rch: 0.011
MAPE Eb: 1.354
MAPE Rch: 0.534
--------------------------------------------------
**************************************************
Z=8, N=4, emax=8
RMSE Eb: 1.452
RMSE Rch: 0.018
MAPE Eb: 2.369
MAPE Rch: 0.946
--------------------------------------------------
**************************************************
Z=8, N=4, emax=4
RMSE Eb: 0.729
RMSE Rch: 0.007
MAPE Eb: 2.113
MAPE Rch: 0.331
--------------------------------------------------
**************************************************
Z=8, N=4, emax=10
RMSE Eb: 1.572
RMSE Rch: 0.029
MAPE Eb: 2.387
MAPE Rch: 1.510
--------------------------------------------------
**************************************************
Z=8, N=5, emax=4
RMSE Eb: 0.789
RMSE Rch: 0.008
MAPE Eb: 1.560
MAPE Rch: 0.377
--------------------------------------------------
**************************************************
Z=8, N=5, emax=8
RMSE Eb: 1.648
RMSE Rch: 0.016
MAPE Eb: 1.997
MAPE Rch: 0.821
--------------------------------------------------
**************************************************
Z=8, N=5, emax=6
RMSE Eb: 0.814
RMSE Rch: 0.009
MAPE Eb: 1.158
MAPE Rch: 0.445
--------------------------------------------------
**************************************************
Z=8, N=5, emax=10
RMSE Eb: 1.423
RMSE Rch: 0.021
MAPE Eb: 1.696
MAPE Rch: 0.978
--------------------------------------------------
**************************************************
Z=8, N=6, emax=4
RMSE Eb: 1.052
RMSE Rch: 0.009
MAPE Eb: 1.481
MAPE Rch: 0.408
--------------------------------------------------
**************************************************
Z=8, N=6, emax=8
RMSE Eb: 1.735
RMSE Rch: 0.017
MAPE Eb: 1.659
MAPE Rch: 0.773
--------------------------------------------------
**************************************************
Z=8, N=6, emax=6
RMSE Eb: 1.415
RMSE Rch: 0.011
MAPE Eb: 1.522
MAPE Rch: 0.516
--------------------------------------------------
**************************************************
Z=8, N=6, emax=10
RMSE Eb: 1.717
RMSE Rch: 0.022
MAPE Eb: 1.643
MAPE Rch: 1.199
--------------------------------------------------
**************************************************
Z=8, N=7, emax=4
RMSE Eb: 1.071
RMSE Rch: 0.019
MAPE Eb: 1.322
MAPE Rch: 1.042
--------------------------------------------------
**************************************************
Z=8, N=7, emax=8
RMSE Eb: 1.624
RMSE Rch: 0.025
MAPE Eb: 1.309
MAPE Rch: 1.438
--------------------------------------------------
**************************************************
Z=8, N=7, emax=6
RMSE Eb: 1.046
RMSE Rch: 0.020
MAPE Eb: 0.991
MAPE Rch: 1.174
--------------------------------------------------
**************************************************
Z=8, N=7, emax=10
RMSE Eb: 1.490
RMSE Rch: 0.035
MAPE Eb: 1.192
MAPE Rch: 1.968
--------------------------------------------------
**************************************************
Z=8, N=8, emax=4
RMSE Eb: 0.863
RMSE Rch: 0.009
MAPE Eb: 0.855
MAPE Rch: 0.258
--------------------------------------------------
**************************************************
Z=8, N=8, emax=6
RMSE Eb: 0.990
RMSE Rch: 0.010
MAPE Eb: 0.806
MAPE Rch: 0.272
--------------------------------------------------
**************************************************
Z=8, N=8, emax=8
RMSE Eb: 1.379
RMSE Rch: 0.013
MAPE Eb: 1.063
MAPE Rch: 0.387
--------------------------------------------------
**************************************************
Z=8, N=8, emax=10
RMSE Eb: 1.394
RMSE Rch: 0.019
MAPE Eb: 1.058
MAPE Rch: 0.534
--------------------------------------------------
**************************************************
Z=8, N=9, emax=4
RMSE Eb: 0.954
RMSE Rch: 0.007
MAPE Eb: 1.037
MAPE Rch: 0.207
--------------------------------------------------
**************************************************
Z=8, N=9, emax=8
RMSE Eb: 0.940
RMSE Rch: 0.009
MAPE Eb: 0.717
MAPE Rch: 0.278
--------------------------------------------------
**************************************************
Z=8, N=9, emax=6
RMSE Eb: 0.834
RMSE Rch: 0.008
MAPE Eb: 0.687
MAPE Rch: 0.216
--------------------------------------------------
**************************************************
Z=8, N=9, emax=10
RMSE Eb: 1.270
RMSE Rch: 0.011
MAPE Eb: 0.906
MAPE Rch: 0.271
--------------------------------------------------
**************************************************
Z=8, N=10, emax=4
RMSE Eb: 0.779
RMSE Rch: 0.006
MAPE Eb: 0.818
MAPE Rch: 0.165
--------------------------------------------------
**************************************************
Z=8, N=10, emax=6
RMSE Eb: 0.701
RMSE Rch: 0.007
MAPE Eb: 0.533
MAPE Rch: 0.206
--------------------------------------------------
**************************************************
Z=8, N=10, emax=8
RMSE Eb: 1.034
RMSE Rch: 0.008
MAPE Eb: 0.762
MAPE Rch: 0.241
--------------------------------------------------
**************************************************
Z=8, N=10, emax=10
RMSE Eb: 0.951
RMSE Rch: 0.011
MAPE Eb: 0.678
MAPE Rch: 0.289
--------------------------------------------------
**************************************************
Z=8, N=11, emax=8
RMSE Eb: 1.070
RMSE Rch: 0.007
MAPE Eb: 0.722
MAPE Rch: 0.210
--------------------------------------------------
**************************************************
Z=8, N=11, emax=4
RMSE Eb: 0.828
RMSE Rch: 0.005
MAPE Eb: 0.915
MAPE Rch: 0.126
--------------------------------------------------
**************************************************
Z=8, N=11, emax=6
RMSE Eb: 0.805
RMSE Rch: 0.006
MAPE Eb: 0.660
MAPE Rch: 0.175
--------------------------------------------------
**************************************************
Z=8, N=11, emax=10
RMSE Eb: 1.230
RMSE Rch: 0.012
MAPE Eb: 0.771
MAPE Rch: 0.327
--------------------------------------------------
**************************************************
Z=8, N=12, emax=6
RMSE Eb: 0.708
RMSE Rch: 0.006
MAPE Eb: 0.512
MAPE Rch: 0.165
--------------------------------------------------
**************************************************
Z=8, N=12, emax=8
RMSE Eb: 1.102
RMSE Rch: 0.008
MAPE Eb: 0.741
MAPE Rch: 0.238
--------------------------------------------------
**************************************************
Z=8, N=12, emax=4
RMSE Eb: 1.075
RMSE Rch: 0.005
MAPE Eb: 1.151
MAPE Rch: 0.148
--------------------------------------------------
**************************************************
Z=8, N=12, emax=10
RMSE Eb: 1.242
RMSE Rch: 0.011
MAPE Eb: 0.802
MAPE Rch: 0.324
--------------------------------------------------
**************************************************
Z=8, N=13, emax=8
RMSE Eb: 0.905
RMSE Rch: 0.009
MAPE Eb: 0.583
MAPE Rch: 0.267
--------------------------------------------------
**************************************************
Z=8, N=13, emax=4
RMSE Eb: 0.864
RMSE Rch: 0.006
MAPE Eb: 0.941
MAPE Rch: 0.156
--------------------------------------------------
**************************************************
Z=8, N=13, emax=6
RMSE Eb: 0.684
RMSE Rch: 0.006
MAPE Eb: 0.485
MAPE Rch: 0.173
--------------------------------------------------
**************************************************
Z=8, N=13, emax=10
RMSE Eb: 1.047
RMSE Rch: 0.018
MAPE Eb: 0.716
MAPE Rch: 0.386
--------------------------------------------------
**************************************************
Z=8, N=14, emax=6
RMSE Eb: 0.692
RMSE Rch: 0.007
MAPE Eb: 0.495
MAPE Rch: 0.209
--------------------------------------------------
**************************************************
Z=8, N=14, emax=10
RMSE Eb: 1.061
RMSE Rch: 0.012
MAPE Eb: 0.679
MAPE Rch: 0.328
--------------------------------------------------
**************************************************
Z=8, N=14, emax=4
RMSE Eb: 1.052
RMSE Rch: 0.006
MAPE Eb: 1.088
MAPE Rch: 0.168
--------------------------------------------------
**************************************************
Z=8, N=14, emax=8
RMSE Eb: 1.004
RMSE Rch: 0.012
MAPE Eb: 0.636
MAPE Rch: 0.290
--------------------------------------------------
**************************************************
Z=8, N=15, emax=8
RMSE Eb: 0.923
RMSE Rch: 0.010
MAPE Eb: 0.561
MAPE Rch: 0.278
--------------------------------------------------
**************************************************
Z=8, N=15, emax=6
RMSE Eb: 0.879
RMSE Rch: 0.006
MAPE Eb: 0.619
MAPE Rch: 0.170
--------------------------------------------------
**************************************************
Z=8, N=15, emax=4
RMSE Eb: 1.045
RMSE Rch: 0.007
MAPE Eb: 1.141
MAPE Rch: 0.182
--------------------------------------------------
**************************************************
Z=8, N=15, emax=10
RMSE Eb: 0.892
RMSE Rch: 0.008
MAPE Eb: 0.570
MAPE Rch: 0.222
--------------------------------------------------
**************************************************
Z=8, N=16, emax=4
RMSE Eb: 1.078
RMSE Rch: 0.006
MAPE Eb: 1.157
MAPE Rch: 0.163
--------------------------------------------------
**************************************************
Z=8, N=16, emax=8
RMSE Eb: 1.289
RMSE Rch: 0.010
MAPE Eb: 0.729
MAPE Rch: 0.280
--------------------------------------------------
**************************************************
Z=8, N=16, emax=6
RMSE Eb: 0.945
RMSE Rch: 0.008
MAPE Eb: 0.654
MAPE Rch: 0.209
--------------------------------------------------
**************************************************
Z=8, N=16, emax=10
RMSE Eb: 1.200
RMSE Rch: 0.013
MAPE Eb: 0.700
MAPE Rch: 0.363
--------------------------------------------------
