Activated conda environment
[DataLoader] Found 13 files matching the pattern.
[DataLoader] Combined data shape: (17234, 35)
[Preprocess] Data split => train: (11029, 35), val: (2758, 35), test: (3447, 35)
[Preprocess] Processed fidelity 4 (index 0): 3758 samples.
[Preprocess] Processed fidelity 6 (index 1): 3346 samples.
[Preprocess] Processed fidelity 8 (index 2): 3194 samples.
[Preprocess] Processed fidelity 10 (index 3): 731 samples.
[Preprocess] Processed fidelity 4 (index 0): 949 samples.
[Preprocess] Processed fidelity 6 (index 1): 833 samples.
[Preprocess] Processed fidelity 8 (index 2): 801 samples.
[Preprocess] Processed fidelity 10 (index 3): 175 samples.
Fidelity levels: [4, 6, 8, 10]
[Trainer] Starting BNN training...
[Trainer] No improvement. Iteration 8700. Early stopping counter: 1, LR counter: 1
[Trainer] No improvement. Iteration 8800. Early stopping counter: 2, LR counter: 2
[Trainer] No improvement. Iteration 8900. Early stopping counter: 3, LR counter: 3
[Trainer] No improvement. Iteration 9000. Early stopping counter: 4, LR counter: 4
[Trainer] No improvement. Iteration 9400. Early stopping counter: 1, LR counter: 1
[Trainer] No improvement. Iteration 9500. Early stopping counter: 2, LR counter: 2
[Trainer] No improvement. Iteration 9600. Early stopping counter: 3, LR counter: 3
[Trainer] No improvement. Iteration 9900. Early stopping counter: 1, LR counter: 1
[Trainer] No improvement. Iteration 10000. Early stopping counter: 2, LR counter: 2
[Trainer] No improvement. Iteration 10100. Early stopping counter: 3, LR counter: 3
[Trainer] No improvement. Iteration 10200. Early stopping counter: 4, LR counter: 4
[Trainer] No improvement. Iteration 10300. Early stopping counter: 5, LR counter: 5
[Trainer] No improvement. Iteration 10400. Early stopping counter: 6, LR counter: 6
[Trainer] No improvement. Iteration 10500. Early stopping counter: 7, LR counter: 7
[Trainer] No improvement. Iteration 10600. Early stopping counter: 8, LR counter: 8
[Trainer] No improvement. Iteration 10700. Early stopping counter: 9, LR counter: 9
[Trainer] No improvement. Iteration 10800. Early stopping counter: 10, LR counter: 10
[Trainer] No improvement. Iteration 10900. Early stopping counter: 11, LR counter: 11
[Trainer] No improvement. Iteration 11000. Early stopping counter: 12, LR counter: 12
[Trainer] No improvement. Iteration 11100. Early stopping counter: 13, LR counter: 13
[Trainer] No improvement. Iteration 11200. Early stopping counter: 14, LR counter: 14
[Trainer] No improvement. Iteration 11300. Early stopping counter: 15, LR counter: 15
[Trainer] No improvement. Iteration 11400. Early stopping counter: 16, LR counter: 16
[Trainer] No improvement. Iteration 11500. Early stopping counter: 17, LR counter: 17
[Trainer] No improvement. Iteration 11600. Early stopping counter: 18, LR counter: 18
[Trainer] No improvement. Iteration 11700. Early stopping counter: 19, LR counter: 19
[Trainer] No improvement. Iteration 11800. Early stopping counter: 20, LR counter: 20
[Trainer] No improvement. Iteration 11900. Early stopping counter: 21, LR counter: 21
[Trainer] No improvement. Iteration 12000. Early stopping counter: 22, LR counter: 22
[Trainer] No improvement. Iteration 12100. Early stopping counter: 23, LR counter: 23
[Trainer] No improvement. Iteration 12200. Early stopping counter: 24, LR counter: 24
[Trainer] No improvement. Iteration 12300. Early stopping counter: 25, LR counter: 25
[Trainer] Learning rate reduced to: 0.000010
[Trainer] No improvement. Iteration 12400. Early stopping counter: 26, LR counter: 1
[Trainer] No improvement. Iteration 12500. Early stopping counter: 27, LR counter: 2
[Trainer] No improvement. Iteration 12600. Early stopping counter: 28, LR counter: 3
[Trainer] No improvement. Iteration 12700. Early stopping counter: 29, LR counter: 4
[Trainer] No improvement. Iteration 12800. Early stopping counter: 30, LR counter: 5
[Trainer] No improvement. Iteration 12900. Early stopping counter: 31, LR counter: 6
[Trainer] No improvement. Iteration 13000. Early stopping counter: 32, LR counter: 7
[Trainer] No improvement. Iteration 13100. Early stopping counter: 33, LR counter: 8
[Trainer] No improvement. Iteration 13200. Early stopping counter: 34, LR counter: 9
[Trainer] No improvement. Iteration 13300. Early stopping counter: 35, LR counter: 10
[Trainer] No improvement. Iteration 13400. Early stopping counter: 36, LR counter: 11
[Trainer] No improvement. Iteration 13500. Early stopping counter: 37, LR counter: 12
[Trainer] No improvement. Iteration 13600. Early stopping counter: 38, LR counter: 13
[Trainer] No improvement. Iteration 13700. Early stopping counter: 39, LR counter: 14
[Trainer] No improvement. Iteration 13800. Early stopping counter: 40, LR counter: 15
[Trainer] No improvement. Iteration 13900. Early stopping counter: 41, LR counter: 16
[Trainer] No improvement. Iteration 14000. Early stopping counter: 42, LR counter: 17
[Trainer] No improvement. Iteration 14100. Early stopping counter: 43, LR counter: 18
[Trainer] No improvement. Iteration 14200. Early stopping counter: 44, LR counter: 19
[Trainer] No improvement. Iteration 14300. Early stopping counter: 45, LR counter: 20
[Trainer] No improvement. Iteration 14400. Early stopping counter: 46, LR counter: 21
[Trainer] No improvement. Iteration 14500. Early stopping counter: 47, LR counter: 22
[Trainer] No improvement. Iteration 14600. Early stopping counter: 48, LR counter: 23
[Trainer] No improvement. Iteration 14700. Early stopping counter: 49, LR counter: 24
[Trainer] No improvement. Iteration 14800. Early stopping counter: 50, LR counter: 25
[Trainer] Learning rate reduced to: 0.000001
[Trainer] Early stopping triggered.
[Trainer] Training completed.
[Trainer] Calibrating temperatures on validation set...
[Trainer] Temperature calibration finished. Calibrated temperatures: {4: 1.1349055767059326, 6: 1.0159353017807007, 8: 1.1381679773330688, 10: 1.18888521194458}
[Trainer] BNN training completed.
**************************************************
Z=8, N=4, emax=4
RMSE Eb: 0.964
RMSE Rch: 0.010
MAPE Eb: 2.787
MAPE Rch: 0.456
--------------------------------------------------
**************************************************
Z=8, N=4, emax=10
RMSE Eb: 1.316
RMSE Rch: 0.053
MAPE Eb: 2.271
MAPE Rch: 2.352
--------------------------------------------------
**************************************************
Z=8, N=4, emax=6
RMSE Eb: 1.073
RMSE Rch: 0.015
MAPE Eb: 2.052
MAPE Rch: 0.727
--------------------------------------------------
**************************************************
Z=8, N=4, emax=8
RMSE Eb: 1.063
RMSE Rch: 0.024
MAPE Eb: 1.795
MAPE Rch: 1.046
--------------------------------------------------
**************************************************
Z=8, N=5, emax=8
RMSE Eb: 1.271
RMSE Rch: 0.018
MAPE Eb: 1.585
MAPE Rch: 0.927
--------------------------------------------------
**************************************************
Z=8, N=5, emax=6
RMSE Eb: 1.265
RMSE Rch: 0.013
MAPE Eb: 1.891
MAPE Rch: 0.620
--------------------------------------------------
**************************************************
Z=8, N=5, emax=4
RMSE Eb: 0.866
RMSE Rch: 0.009
MAPE Eb: 1.755
MAPE Rch: 0.440
--------------------------------------------------
**************************************************
Z=8, N=5, emax=10
RMSE Eb: 0.793
RMSE Rch: 0.020
MAPE Eb: 1.054
MAPE Rch: 0.712
--------------------------------------------------
**************************************************
Z=8, N=6, emax=4
RMSE Eb: 0.965
RMSE Rch: 0.012
MAPE Eb: 1.434
MAPE Rch: 0.563
--------------------------------------------------
**************************************************
Z=8, N=6, emax=6
RMSE Eb: 1.225
RMSE Rch: 0.011
MAPE Eb: 1.375
MAPE Rch: 0.569
--------------------------------------------------
**************************************************
Z=8, N=6, emax=8
RMSE Eb: 1.932
RMSE Rch: 0.020
MAPE Eb: 1.803
MAPE Rch: 1.012
--------------------------------------------------
**************************************************
Z=8, N=6, emax=10
RMSE Eb: 1.803
RMSE Rch: 0.018
MAPE Eb: 1.818
MAPE Rch: 0.880
--------------------------------------------------
**************************************************
Z=8, N=7, emax=8
RMSE Eb: 1.975
RMSE Rch: 0.017
MAPE Eb: 1.585
MAPE Rch: 0.933
--------------------------------------------------
**************************************************
Z=8, N=7, emax=10
RMSE Eb: 1.583
RMSE Rch: 0.017
MAPE Eb: 1.375
MAPE Rch: 0.966
--------------------------------------------------
**************************************************
Z=8, N=7, emax=6
RMSE Eb: 1.434
RMSE Rch: 0.011
MAPE Eb: 1.296
MAPE Rch: 0.579
--------------------------------------------------
**************************************************
Z=8, N=7, emax=4
RMSE Eb: 1.206
RMSE Rch: 0.014
MAPE Eb: 1.414
MAPE Rch: 0.664
--------------------------------------------------
**************************************************
Z=8, N=8, emax=4
RMSE Eb: 0.863
RMSE Rch: 0.011
MAPE Eb: 0.920
MAPE Rch: 0.298
--------------------------------------------------
**************************************************
Z=8, N=8, emax=8
RMSE Eb: 1.701
RMSE Rch: 0.019
MAPE Eb: 1.407
MAPE Rch: 0.544
--------------------------------------------------
**************************************************
Z=8, N=8, emax=6
RMSE Eb: 1.011
RMSE Rch: 0.013
MAPE Eb: 0.902
MAPE Rch: 0.360
--------------------------------------------------
**************************************************
Z=8, N=8, emax=10
RMSE Eb: 1.363
RMSE Rch: 0.021
MAPE Eb: 1.067
MAPE Rch: 0.599
--------------------------------------------------
**************************************************
Z=8, N=9, emax=8
RMSE Eb: 1.578
RMSE Rch: 0.015
MAPE Eb: 1.160
MAPE Rch: 0.431
--------------------------------------------------
**************************************************
Z=8, N=9, emax=6
RMSE Eb: 1.088
RMSE Rch: 0.014
MAPE Eb: 0.894
MAPE Rch: 0.394
--------------------------------------------------
**************************************************
Z=8, N=9, emax=4
RMSE Eb: 0.757
RMSE Rch: 0.011
MAPE Eb: 0.706
MAPE Rch: 0.288
--------------------------------------------------
**************************************************
Z=8, N=9, emax=10
RMSE Eb: 1.149
RMSE Rch: 0.015
MAPE Eb: 0.731
MAPE Rch: 0.444
--------------------------------------------------
**************************************************
Z=8, N=10, emax=4
RMSE Eb: 0.777
RMSE Rch: 0.009
MAPE Eb: 0.756
MAPE Rch: 0.238
--------------------------------------------------
**************************************************
Z=8, N=10, emax=10
RMSE Eb: 1.347
RMSE Rch: 0.011
MAPE Eb: 0.926
MAPE Rch: 0.312
--------------------------------------------------
**************************************************
Z=8, N=10, emax=6
RMSE Eb: 0.812
RMSE Rch: 0.010
MAPE Eb: 0.650
MAPE Rch: 0.296
--------------------------------------------------
**************************************************
Z=8, N=10, emax=8
RMSE Eb: 1.335
RMSE Rch: 0.013
MAPE Eb: 0.924
MAPE Rch: 0.369
--------------------------------------------------
**************************************************
Z=8, N=11, emax=4
RMSE Eb: 0.874
RMSE Rch: 0.009
MAPE Eb: 0.909
MAPE Rch: 0.264
--------------------------------------------------
**************************************************
Z=8, N=11, emax=6
RMSE Eb: 0.909
RMSE Rch: 0.011
MAPE Eb: 0.676
MAPE Rch: 0.318
--------------------------------------------------
**************************************************
Z=8, N=11, emax=8
RMSE Eb: 1.259
RMSE Rch: 0.012
MAPE Eb: 0.885
MAPE Rch: 0.365
--------------------------------------------------
**************************************************
Z=8, N=11, emax=10
RMSE Eb: 1.093
RMSE Rch: 0.020
MAPE Eb: 0.752
MAPE Rch: 0.484
--------------------------------------------------
**************************************************
Z=8, N=12, emax=6
RMSE Eb: 0.907
RMSE Rch: 0.012
MAPE Eb: 0.698
MAPE Rch: 0.339
--------------------------------------------------
**************************************************
Z=8, N=12, emax=4
RMSE Eb: 1.092
RMSE Rch: 0.009
MAPE Eb: 1.083
MAPE Rch: 0.251
--------------------------------------------------
**************************************************
Z=8, N=12, emax=8
RMSE Eb: 1.353
RMSE Rch: 0.011
MAPE Eb: 0.892
MAPE Rch: 0.304
--------------------------------------------------
**************************************************
Z=8, N=12, emax=10
RMSE Eb: 1.604
RMSE Rch: 0.011
MAPE Eb: 1.034
MAPE Rch: 0.266
--------------------------------------------------
**************************************************
Z=8, N=13, emax=8
RMSE Eb: 1.389
RMSE Rch: 0.013
MAPE Eb: 0.912
MAPE Rch: 0.386
--------------------------------------------------
**************************************************
Z=8, N=13, emax=4
RMSE Eb: 1.208
RMSE Rch: 0.010
MAPE Eb: 1.206
MAPE Rch: 0.256
--------------------------------------------------
**************************************************
Z=8, N=13, emax=10
RMSE Eb: 1.379
RMSE Rch: 0.011
MAPE Eb: 0.875
MAPE Rch: 0.299
--------------------------------------------------
**************************************************
Z=8, N=13, emax=6
RMSE Eb: 0.944
RMSE Rch: 0.010
MAPE Eb: 0.717
MAPE Rch: 0.290
--------------------------------------------------
**************************************************
Z=8, N=14, emax=8
RMSE Eb: 1.924
RMSE Rch: 0.017
MAPE Eb: 1.269
MAPE Rch: 0.468
--------------------------------------------------
**************************************************
Z=8, N=14, emax=4
RMSE Eb: 1.073
RMSE Rch: 0.010
MAPE Eb: 1.020
MAPE Rch: 0.282
--------------------------------------------------
**************************************************
Z=8, N=14, emax=6
RMSE Eb: 0.799
RMSE Rch: 0.011
MAPE Eb: 0.566
MAPE Rch: 0.316
--------------------------------------------------
**************************************************
Z=8, N=14, emax=10
RMSE Eb: 1.380
RMSE Rch: 0.021
MAPE Eb: 0.862
MAPE Rch: 0.621
--------------------------------------------------
**************************************************
Z=8, N=15, emax=8
RMSE Eb: 1.732
RMSE Rch: 0.015
MAPE Eb: 1.095
MAPE Rch: 0.429
--------------------------------------------------
**************************************************
Z=8, N=15, emax=4
RMSE Eb: 1.216
RMSE Rch: 0.011
MAPE Eb: 1.210
MAPE Rch: 0.313
--------------------------------------------------
**************************************************
Z=8, N=15, emax=6
RMSE Eb: 1.211
RMSE Rch: 0.010
MAPE Eb: 0.903
MAPE Rch: 0.288
--------------------------------------------------
**************************************************
Z=8, N=15, emax=10
RMSE Eb: 0.981
RMSE Rch: 0.009
MAPE Eb: 0.588
MAPE Rch: 0.269
--------------------------------------------------
**************************************************
Z=8, N=16, emax=8
RMSE Eb: 1.834
RMSE Rch: 0.016
MAPE Eb: 1.099
MAPE Rch: 0.439
--------------------------------------------------
**************************************************
Z=8, N=16, emax=6
RMSE Eb: 1.107
RMSE Rch: 0.012
MAPE Eb: 0.776
MAPE Rch: 0.326
--------------------------------------------------
**************************************************
Z=8, N=16, emax=10
RMSE Eb: 1.199
RMSE Rch: 0.016
MAPE Eb: 0.681
MAPE Rch: 0.395
--------------------------------------------------
**************************************************
Z=8, N=16, emax=4
RMSE Eb: 1.215
RMSE Rch: 0.012
MAPE Eb: 1.246
MAPE Rch: 0.313
--------------------------------------------------
Finished VAL for AE n=315
**************************************************
Z=8, N=4, emax=6
RMSE Eb: 1.041
RMSE Rch: 0.018
MAPE Eb: 1.870
MAPE Rch: 0.857
--------------------------------------------------
**************************************************
Z=8, N=4, emax=8
RMSE Eb: 1.045
RMSE Rch: 0.021
MAPE Eb: 1.778
MAPE Rch: 0.950
--------------------------------------------------
**************************************************
Z=8, N=4, emax=4
RMSE Eb: 0.850
RMSE Rch: 0.009
MAPE Eb: 2.351
MAPE Rch: 0.408
--------------------------------------------------
**************************************************
Z=8, N=4, emax=10
RMSE Eb: 1.142
RMSE Rch: 0.038
MAPE Eb: 1.741
MAPE Rch: 2.084
--------------------------------------------------
**************************************************
Z=8, N=5, emax=4
RMSE Eb: 0.845
RMSE Rch: 0.011
MAPE Eb: 1.621
MAPE Rch: 0.553
--------------------------------------------------
**************************************************
Z=8, N=5, emax=8
RMSE Eb: 1.292
RMSE Rch: 0.019
MAPE Eb: 1.675
MAPE Rch: 0.940
--------------------------------------------------
**************************************************
Z=8, N=5, emax=6
RMSE Eb: 1.360
RMSE Rch: 0.015
MAPE Eb: 2.049
MAPE Rch: 0.693
--------------------------------------------------
**************************************************
Z=8, N=5, emax=10
RMSE Eb: 1.238
RMSE Rch: 0.029
MAPE Eb: 1.506
MAPE Rch: 1.439
--------------------------------------------------
**************************************************
Z=8, N=6, emax=4
RMSE Eb: 0.954
RMSE Rch: 0.013
MAPE Eb: 1.323
MAPE Rch: 0.612
--------------------------------------------------
**************************************************
Z=8, N=6, emax=8
RMSE Eb: 1.681
RMSE Rch: 0.024
MAPE Eb: 1.581
MAPE Rch: 1.115
--------------------------------------------------
**************************************************
Z=8, N=6, emax=6
RMSE Eb: 1.135
RMSE Rch: 0.014
MAPE Eb: 1.269
MAPE Rch: 0.676
--------------------------------------------------
**************************************************
Z=8, N=6, emax=10
RMSE Eb: 1.410
RMSE Rch: 0.021
MAPE Eb: 1.371
MAPE Rch: 1.084
--------------------------------------------------
**************************************************
Z=8, N=7, emax=4
RMSE Eb: 1.032
RMSE Rch: 0.012
MAPE Eb: 1.289
MAPE Rch: 0.575
--------------------------------------------------
**************************************************
Z=8, N=7, emax=8
RMSE Eb: 2.162
RMSE Rch: 0.020
MAPE Eb: 1.711
MAPE Rch: 1.000
--------------------------------------------------
**************************************************
Z=8, N=7, emax=6
RMSE Eb: 1.302
RMSE Rch: 0.013
MAPE Eb: 1.251
MAPE Rch: 0.651
--------------------------------------------------
**************************************************
Z=8, N=7, emax=10
RMSE Eb: 1.463
RMSE Rch: 0.018
MAPE Eb: 1.197
MAPE Rch: 1.004
--------------------------------------------------
**************************************************
Z=8, N=8, emax=4
RMSE Eb: 0.882
RMSE Rch: 0.013
MAPE Eb: 0.915
MAPE Rch: 0.380
--------------------------------------------------
**************************************************
Z=8, N=8, emax=6
RMSE Eb: 1.046
RMSE Rch: 0.014
MAPE Eb: 0.828
MAPE Rch: 0.387
--------------------------------------------------
**************************************************
Z=8, N=8, emax=8
RMSE Eb: 1.796
RMSE Rch: 0.019
MAPE Eb: 1.424
MAPE Rch: 0.559
--------------------------------------------------
**************************************************
Z=8, N=8, emax=10
RMSE Eb: 1.386
RMSE Rch: 0.018
MAPE Eb: 0.962
MAPE Rch: 0.527
--------------------------------------------------
**************************************************
Z=8, N=9, emax=4
RMSE Eb: 0.889
RMSE Rch: 0.012
MAPE Eb: 0.999
MAPE Rch: 0.351
--------------------------------------------------
**************************************************
Z=8, N=9, emax=8
RMSE Eb: 1.531
RMSE Rch: 0.013
MAPE Eb: 1.144
MAPE Rch: 0.384
--------------------------------------------------
**************************************************
Z=8, N=9, emax=6
RMSE Eb: 0.940
RMSE Rch: 0.013
MAPE Eb: 0.799
MAPE Rch: 0.376
--------------------------------------------------
**************************************************
Z=8, N=9, emax=10
RMSE Eb: 1.194
RMSE Rch: 0.016
MAPE Eb: 0.876
MAPE Rch: 0.444
--------------------------------------------------
**************************************************
Z=8, N=10, emax=4
RMSE Eb: 0.929
RMSE Rch: 0.010
MAPE Eb: 0.936
MAPE Rch: 0.281
--------------------------------------------------
**************************************************
Z=8, N=10, emax=6
RMSE Eb: 0.959
RMSE Rch: 0.012
MAPE Eb: 0.743
MAPE Rch: 0.329
--------------------------------------------------
**************************************************
Z=8, N=10, emax=8
RMSE Eb: 1.257
RMSE Rch: 0.012
MAPE Eb: 0.901
MAPE Rch: 0.349
--------------------------------------------------
**************************************************
Z=8, N=10, emax=10
RMSE Eb: 1.227
RMSE Rch: 0.016
MAPE Eb: 0.914
MAPE Rch: 0.423
--------------------------------------------------
**************************************************
Z=8, N=11, emax=8
RMSE Eb: 1.121
RMSE Rch: 0.013
MAPE Eb: 0.744
MAPE Rch: 0.355
--------------------------------------------------
**************************************************
Z=8, N=11, emax=4
RMSE Eb: 0.959
RMSE Rch: 0.007
MAPE Eb: 1.033
MAPE Rch: 0.206
--------------------------------------------------
**************************************************
Z=8, N=11, emax=6
RMSE Eb: 0.793
RMSE Rch: 0.011
MAPE Eb: 0.592
MAPE Rch: 0.313
--------------------------------------------------
**************************************************
Z=8, N=11, emax=10
RMSE Eb: 1.070
RMSE Rch: 0.011
MAPE Eb: 0.710
MAPE Rch: 0.291
--------------------------------------------------
**************************************************
Z=8, N=12, emax=6
RMSE Eb: 0.868
RMSE Rch: 0.010
MAPE Eb: 0.629
MAPE Rch: 0.291
--------------------------------------------------
**************************************************
Z=8, N=12, emax=8
RMSE Eb: 1.584
RMSE Rch: 0.010
MAPE Eb: 1.033
MAPE Rch: 0.292
--------------------------------------------------
**************************************************
Z=8, N=12, emax=4
RMSE Eb: 0.922
RMSE Rch: 0.008
MAPE Eb: 0.901
MAPE Rch: 0.234
--------------------------------------------------
**************************************************
Z=8, N=12, emax=10
RMSE Eb: 1.162
RMSE Rch: 0.009
MAPE Eb: 0.774
MAPE Rch: 0.275
--------------------------------------------------
**************************************************
Z=8, N=13, emax=8
RMSE Eb: 1.716
RMSE Rch: 0.011
MAPE Eb: 1.163
MAPE Rch: 0.313
--------------------------------------------------
**************************************************
Z=8, N=13, emax=4
RMSE Eb: 1.011
RMSE Rch: 0.009
MAPE Eb: 0.974
MAPE Rch: 0.234
--------------------------------------------------
**************************************************
Z=8, N=13, emax=6
RMSE Eb: 0.822
RMSE Rch: 0.009
MAPE Eb: 0.595
MAPE Rch: 0.261
--------------------------------------------------
**************************************************
Z=8, N=13, emax=10
RMSE Eb: 1.070
RMSE Rch: 0.015
MAPE Eb: 0.629
MAPE Rch: 0.391
--------------------------------------------------
**************************************************
Z=8, N=14, emax=6
RMSE Eb: 1.032
RMSE Rch: 0.012
MAPE Eb: 0.714
MAPE Rch: 0.331
--------------------------------------------------
**************************************************
Z=8, N=14, emax=10
RMSE Eb: 0.896
RMSE Rch: 0.017
MAPE Eb: 0.505
MAPE Rch: 0.484
--------------------------------------------------
**************************************************
Z=8, N=14, emax=4
RMSE Eb: 1.301
RMSE Rch: 0.010
MAPE Eb: 1.273
MAPE Rch: 0.289
--------------------------------------------------
**************************************************
Z=8, N=14, emax=8
RMSE Eb: 1.582
RMSE Rch: 0.014
MAPE Eb: 0.969
MAPE Rch: 0.408
--------------------------------------------------
**************************************************
Z=8, N=15, emax=8
RMSE Eb: 1.539
RMSE Rch: 0.014
MAPE Eb: 0.986
MAPE Rch: 0.386
--------------------------------------------------
**************************************************
Z=8, N=15, emax=6
RMSE Eb: 1.153
RMSE Rch: 0.011
MAPE Eb: 0.810
MAPE Rch: 0.304
--------------------------------------------------
**************************************************
Z=8, N=15, emax=4
RMSE Eb: 1.134
RMSE Rch: 0.010
MAPE Eb: 1.083
MAPE Rch: 0.277
--------------------------------------------------
**************************************************
Z=8, N=15, emax=10
RMSE Eb: 1.455
RMSE Rch: 0.010
MAPE Eb: 0.836
MAPE Rch: 0.250
--------------------------------------------------
**************************************************
Z=8, N=16, emax=4
RMSE Eb: 1.322
RMSE Rch: 0.011
MAPE Eb: 1.375
MAPE Rch: 0.299
--------------------------------------------------
**************************************************
Z=8, N=16, emax=8
RMSE Eb: 1.989
RMSE Rch: 0.015
MAPE Eb: 1.217
MAPE Rch: 0.407
--------------------------------------------------
**************************************************
Z=8, N=16, emax=6
RMSE Eb: 1.382
RMSE Rch: 0.010
MAPE Eb: 1.015
MAPE Rch: 0.291
--------------------------------------------------
**************************************************
Z=8, N=16, emax=10
RMSE Eb: 1.250
RMSE Rch: 0.015
MAPE Eb: 0.797
MAPE Rch: 0.439
--------------------------------------------------
