Activated conda environment
[DataLoader] Found 13 files matching the pattern.
[DataLoader] Combined data shape: (17234, 35)
[Preprocess] Data split => train: (11029, 35), val: (2758, 35), test: (3447, 35)
[Preprocess] Processed fidelity 4 (index 0): 3758 samples.
[Preprocess] Processed fidelity 6 (index 1): 3346 samples.
[Preprocess] Processed fidelity 8 (index 2): 3194 samples.
[Preprocess] Processed fidelity 10 (index 3): 731 samples.
[Preprocess] Processed fidelity 4 (index 0): 949 samples.
[Preprocess] Processed fidelity 6 (index 1): 833 samples.
[Preprocess] Processed fidelity 8 (index 2): 801 samples.
[Preprocess] Processed fidelity 10 (index 3): 175 samples.
Fidelity levels: [4, 6, 8, 10]
[Trainer] Starting BNN training...
[Trainer] No improvement. Iteration 8600. Early stopping counter: 1, LR counter: 1
[Trainer] No improvement. Iteration 8800. Early stopping counter: 1, LR counter: 1
[Trainer] No improvement. Iteration 8900. Early stopping counter: 2, LR counter: 2
[Trainer] No improvement. Iteration 9000. Early stopping counter: 3, LR counter: 3
[Trainer] No improvement. Iteration 9100. Early stopping counter: 4, LR counter: 4
[Trainer] No improvement. Iteration 9200. Early stopping counter: 5, LR counter: 5
[Trainer] No improvement. Iteration 9300. Early stopping counter: 6, LR counter: 6
[Trainer] No improvement. Iteration 9400. Early stopping counter: 7, LR counter: 7
[Trainer] No improvement. Iteration 9500. Early stopping counter: 8, LR counter: 8
[Trainer] No improvement. Iteration 9600. Early stopping counter: 9, LR counter: 9
[Trainer] No improvement. Iteration 9700. Early stopping counter: 10, LR counter: 10
[Trainer] No improvement. Iteration 9800. Early stopping counter: 11, LR counter: 11
[Trainer] No improvement. Iteration 9900. Early stopping counter: 12, LR counter: 12
[Trainer] No improvement. Iteration 10000. Early stopping counter: 13, LR counter: 13
[Trainer] No improvement. Iteration 10100. Early stopping counter: 14, LR counter: 14
[Trainer] No improvement. Iteration 10200. Early stopping counter: 15, LR counter: 15
[Trainer] No improvement. Iteration 10300. Early stopping counter: 16, LR counter: 16
[Trainer] No improvement. Iteration 10400. Early stopping counter: 17, LR counter: 17
[Trainer] No improvement. Iteration 10500. Early stopping counter: 18, LR counter: 18
[Trainer] No improvement. Iteration 10600. Early stopping counter: 19, LR counter: 19
[Trainer] No improvement. Iteration 10700. Early stopping counter: 20, LR counter: 20
[Trainer] No improvement. Iteration 10800. Early stopping counter: 21, LR counter: 21
[Trainer] No improvement. Iteration 10900. Early stopping counter: 22, LR counter: 22
[Trainer] No improvement. Iteration 11000. Early stopping counter: 23, LR counter: 23
[Trainer] No improvement. Iteration 11100. Early stopping counter: 24, LR counter: 24
[Trainer] No improvement. Iteration 11200. Early stopping counter: 25, LR counter: 25
[Trainer] Learning rate reduced to: 0.000010
[Trainer] No improvement. Iteration 11300. Early stopping counter: 26, LR counter: 1
[Trainer] No improvement. Iteration 11400. Early stopping counter: 27, LR counter: 2
[Trainer] No improvement. Iteration 11500. Early stopping counter: 28, LR counter: 3
[Trainer] No improvement. Iteration 11600. Early stopping counter: 29, LR counter: 4
[Trainer] No improvement. Iteration 11700. Early stopping counter: 30, LR counter: 5
[Trainer] No improvement. Iteration 11800. Early stopping counter: 31, LR counter: 6
[Trainer] No improvement. Iteration 11900. Early stopping counter: 32, LR counter: 7
[Trainer] No improvement. Iteration 12000. Early stopping counter: 33, LR counter: 8
[Trainer] No improvement. Iteration 12100. Early stopping counter: 34, LR counter: 9
[Trainer] No improvement. Iteration 12200. Early stopping counter: 35, LR counter: 10
[Trainer] No improvement. Iteration 12300. Early stopping counter: 36, LR counter: 11
[Trainer] No improvement. Iteration 12400. Early stopping counter: 37, LR counter: 12
[Trainer] No improvement. Iteration 12500. Early stopping counter: 38, LR counter: 13
[Trainer] No improvement. Iteration 12600. Early stopping counter: 39, LR counter: 14
[Trainer] No improvement. Iteration 12700. Early stopping counter: 40, LR counter: 15
[Trainer] No improvement. Iteration 12800. Early stopping counter: 41, LR counter: 16
[Trainer] No improvement. Iteration 12900. Early stopping counter: 42, LR counter: 17
[Trainer] No improvement. Iteration 13000. Early stopping counter: 43, LR counter: 18
[Trainer] No improvement. Iteration 13100. Early stopping counter: 44, LR counter: 19
[Trainer] No improvement. Iteration 13200. Early stopping counter: 45, LR counter: 20
[Trainer] No improvement. Iteration 13300. Early stopping counter: 46, LR counter: 21
[Trainer] No improvement. Iteration 13400. Early stopping counter: 47, LR counter: 22
[Trainer] No improvement. Iteration 13500. Early stopping counter: 48, LR counter: 23
[Trainer] No improvement. Iteration 13600. Early stopping counter: 49, LR counter: 24
[Trainer] No improvement. Iteration 13700. Early stopping counter: 50, LR counter: 25
[Trainer] Learning rate reduced to: 0.000001
[Trainer] Early stopping triggered.
[Trainer] Training completed.
[Trainer] Calibrating temperatures on validation set...
[Trainer] Temperature calibration finished. Calibrated temperatures: {4: 1.0893110036849976, 6: 1.221940279006958, 8: 1.2432533502578735, 10: 1.17182457447052}
[Trainer] BNN training completed.
**************************************************
Z=8, N=4, emax=4
RMSE Eb: 0.953
RMSE Rch: 0.012
MAPE Eb: 2.778
MAPE Rch: 0.527
--------------------------------------------------
**************************************************
Z=8, N=4, emax=10
RMSE Eb: 1.656
RMSE Rch: 0.054
MAPE Eb: 2.572
MAPE Rch: 2.379
--------------------------------------------------
**************************************************
Z=8, N=4, emax=6
RMSE Eb: 1.188
RMSE Rch: 0.020
MAPE Eb: 2.233
MAPE Rch: 0.934
--------------------------------------------------
**************************************************
Z=8, N=4, emax=8
RMSE Eb: 1.374
RMSE Rch: 0.024
MAPE Eb: 2.167
MAPE Rch: 1.191
--------------------------------------------------
**************************************************
Z=8, N=5, emax=8
RMSE Eb: 1.583
RMSE Rch: 0.018
MAPE Eb: 2.118
MAPE Rch: 0.835
--------------------------------------------------
**************************************************
Z=8, N=5, emax=6
RMSE Eb: 1.337
RMSE Rch: 0.016
MAPE Eb: 1.960
MAPE Rch: 0.719
--------------------------------------------------
**************************************************
Z=8, N=5, emax=4
RMSE Eb: 1.173
RMSE Rch: 0.009
MAPE Eb: 2.387
MAPE Rch: 0.423
--------------------------------------------------
**************************************************
Z=8, N=5, emax=10
RMSE Eb: 0.787
RMSE Rch: 0.033
MAPE Eb: 1.151
MAPE Rch: 1.360
--------------------------------------------------
**************************************************
Z=8, N=6, emax=4
RMSE Eb: 1.194
RMSE Rch: 0.011
MAPE Eb: 1.758
MAPE Rch: 0.508
--------------------------------------------------
**************************************************
Z=8, N=6, emax=6
RMSE Eb: 1.218
RMSE Rch: 0.013
MAPE Eb: 1.357
MAPE Rch: 0.592
--------------------------------------------------
**************************************************
Z=8, N=6, emax=8
RMSE Eb: 1.621
RMSE Rch: 0.017
MAPE Eb: 1.481
MAPE Rch: 0.829
--------------------------------------------------
**************************************************
Z=8, N=6, emax=10
RMSE Eb: 1.817
RMSE Rch: 0.023
MAPE Eb: 1.786
MAPE Rch: 1.239
--------------------------------------------------
**************************************************
Z=8, N=7, emax=8
RMSE Eb: 2.172
RMSE Rch: 0.020
MAPE Eb: 1.736
MAPE Rch: 1.111
--------------------------------------------------
**************************************************
Z=8, N=7, emax=10
RMSE Eb: 1.724
RMSE Rch: 0.020
MAPE Eb: 1.375
MAPE Rch: 1.159
--------------------------------------------------
**************************************************
Z=8, N=7, emax=6
RMSE Eb: 1.910
RMSE Rch: 0.019
MAPE Eb: 1.775
MAPE Rch: 0.897
--------------------------------------------------
**************************************************
Z=8, N=7, emax=4
RMSE Eb: 1.411
RMSE Rch: 0.013
MAPE Eb: 1.773
MAPE Rch: 0.641
--------------------------------------------------
**************************************************
Z=8, N=8, emax=4
RMSE Eb: 1.285
RMSE Rch: 0.014
MAPE Eb: 1.319
MAPE Rch: 0.391
--------------------------------------------------
**************************************************
Z=8, N=8, emax=8
RMSE Eb: 1.761
RMSE Rch: 0.024
MAPE Eb: 1.308
MAPE Rch: 0.706
--------------------------------------------------
**************************************************
Z=8, N=8, emax=6
RMSE Eb: 1.314
RMSE Rch: 0.019
MAPE Eb: 1.032
MAPE Rch: 0.518
--------------------------------------------------
**************************************************
Z=8, N=8, emax=10
RMSE Eb: 2.228
RMSE Rch: 0.031
MAPE Eb: 1.764
MAPE Rch: 0.899
--------------------------------------------------
**************************************************
Z=8, N=9, emax=8
RMSE Eb: 1.377
RMSE Rch: 0.014
MAPE Eb: 0.973
MAPE Rch: 0.388
--------------------------------------------------
**************************************************
Z=8, N=9, emax=6
RMSE Eb: 1.224
RMSE Rch: 0.017
MAPE Eb: 1.011
MAPE Rch: 0.495
--------------------------------------------------
**************************************************
Z=8, N=9, emax=4
RMSE Eb: 0.856
RMSE Rch: 0.013
MAPE Eb: 0.896
MAPE Rch: 0.376
--------------------------------------------------
**************************************************
Z=8, N=9, emax=10
RMSE Eb: 1.083
RMSE Rch: 0.016
MAPE Eb: 0.814
MAPE Rch: 0.458
--------------------------------------------------
**************************************************
Z=8, N=10, emax=4
RMSE Eb: 0.861
RMSE Rch: 0.013
MAPE Eb: 0.936
MAPE Rch: 0.372
--------------------------------------------------
**************************************************
Z=8, N=10, emax=10
RMSE Eb: 0.800
RMSE Rch: 0.012
MAPE Eb: 0.565
MAPE Rch: 0.331
--------------------------------------------------
**************************************************
Z=8, N=10, emax=6
RMSE Eb: 0.968
RMSE Rch: 0.016
MAPE Eb: 0.779
MAPE Rch: 0.454
--------------------------------------------------
**************************************************
Z=8, N=10, emax=8
RMSE Eb: 1.172
RMSE Rch: 0.013
MAPE Eb: 0.801
MAPE Rch: 0.368
--------------------------------------------------
**************************************************
Z=8, N=11, emax=4
RMSE Eb: 0.913
RMSE Rch: 0.012
MAPE Eb: 0.946
MAPE Rch: 0.315
--------------------------------------------------
**************************************************
Z=8, N=11, emax=6
RMSE Eb: 1.018
RMSE Rch: 0.015
MAPE Eb: 0.750
MAPE Rch: 0.429
--------------------------------------------------
**************************************************
Z=8, N=11, emax=8
RMSE Eb: 1.447
RMSE Rch: 0.014
MAPE Eb: 0.983
MAPE Rch: 0.411
--------------------------------------------------
**************************************************
Z=8, N=11, emax=10
RMSE Eb: 1.261
RMSE Rch: 0.013
MAPE Eb: 0.891
MAPE Rch: 0.361
--------------------------------------------------
**************************************************
Z=8, N=12, emax=6
RMSE Eb: 1.167
RMSE Rch: 0.015
MAPE Eb: 0.857
MAPE Rch: 0.421
--------------------------------------------------
**************************************************
Z=8, N=12, emax=4
RMSE Eb: 0.890
RMSE Rch: 0.011
MAPE Eb: 0.885
MAPE Rch: 0.315
--------------------------------------------------
**************************************************
Z=8, N=12, emax=8
RMSE Eb: 1.191
RMSE Rch: 0.014
MAPE Eb: 0.810
MAPE Rch: 0.401
--------------------------------------------------
**************************************************
Z=8, N=12, emax=10
RMSE Eb: 1.367
RMSE Rch: 0.013
MAPE Eb: 0.918
MAPE Rch: 0.381
--------------------------------------------------
**************************************************
Z=8, N=13, emax=8
RMSE Eb: 1.471
RMSE Rch: 0.013
MAPE Eb: 0.931
MAPE Rch: 0.334
--------------------------------------------------
**************************************************
Z=8, N=13, emax=4
RMSE Eb: 0.887
RMSE Rch: 0.010
MAPE Eb: 0.875
MAPE Rch: 0.295
--------------------------------------------------
**************************************************
Z=8, N=13, emax=10
RMSE Eb: 1.140
RMSE Rch: 0.015
MAPE Eb: 0.797
MAPE Rch: 0.470
--------------------------------------------------
**************************************************
Z=8, N=13, emax=6
RMSE Eb: 0.982
RMSE Rch: 0.017
MAPE Eb: 0.762
MAPE Rch: 0.481
--------------------------------------------------
**************************************************
Z=8, N=14, emax=8
RMSE Eb: 1.494
RMSE Rch: 0.018
MAPE Eb: 0.952
MAPE Rch: 0.491
--------------------------------------------------
**************************************************
Z=8, N=14, emax=4
RMSE Eb: 1.195
RMSE Rch: 0.016
MAPE Eb: 1.218
MAPE Rch: 0.444
--------------------------------------------------
**************************************************
Z=8, N=14, emax=6
RMSE Eb: 1.027
RMSE Rch: 0.015
MAPE Eb: 0.776
MAPE Rch: 0.402
--------------------------------------------------
**************************************************
Z=8, N=14, emax=10
RMSE Eb: 0.938
RMSE Rch: 0.016
MAPE Eb: 0.623
MAPE Rch: 0.468
--------------------------------------------------
**************************************************
Z=8, N=15, emax=8
RMSE Eb: 1.661
RMSE Rch: 0.016
MAPE Eb: 1.059
MAPE Rch: 0.450
--------------------------------------------------
**************************************************
Z=8, N=15, emax=4
RMSE Eb: 1.098
RMSE Rch: 0.013
MAPE Eb: 1.040
MAPE Rch: 0.370
--------------------------------------------------
**************************************************
Z=8, N=15, emax=6
RMSE Eb: 1.212
RMSE Rch: 0.017
MAPE Eb: 0.866
MAPE Rch: 0.484
--------------------------------------------------
**************************************************
Z=8, N=15, emax=10
RMSE Eb: 1.887
RMSE Rch: 0.013
MAPE Eb: 1.049
MAPE Rch: 0.357
--------------------------------------------------
**************************************************
Z=8, N=16, emax=8
RMSE Eb: 1.769
RMSE Rch: 0.018
MAPE Eb: 1.019
MAPE Rch: 0.487
--------------------------------------------------
**************************************************
Z=8, N=16, emax=6
RMSE Eb: 1.289
RMSE Rch: 0.018
MAPE Eb: 0.906
MAPE Rch: 0.541
--------------------------------------------------
**************************************************
Z=8, N=16, emax=10
RMSE Eb: 1.485
RMSE Rch: 0.015
MAPE Eb: 0.803
MAPE Rch: 0.474
--------------------------------------------------
**************************************************
Z=8, N=16, emax=4
RMSE Eb: 1.139
RMSE Rch: 0.017
MAPE Eb: 1.181
MAPE Rch: 0.449
--------------------------------------------------
Finished VAL for AE n=446
**************************************************
Z=8, N=4, emax=6
RMSE Eb: 1.508
RMSE Rch: 0.016
MAPE Eb: 2.522
MAPE Rch: 0.786
--------------------------------------------------
**************************************************
Z=8, N=4, emax=8
RMSE Eb: 1.552
RMSE Rch: 0.023
MAPE Eb: 2.210
MAPE Rch: 1.065
--------------------------------------------------
**************************************************
Z=8, N=4, emax=4
RMSE Eb: 1.020
RMSE Rch: 0.010
MAPE Eb: 2.789
MAPE Rch: 0.472
--------------------------------------------------
**************************************************
Z=8, N=4, emax=10
RMSE Eb: 2.381
RMSE Rch: 0.027
MAPE Eb: 3.329
MAPE Rch: 1.447
--------------------------------------------------
**************************************************
Z=8, N=5, emax=4
RMSE Eb: 1.084
RMSE Rch: 0.009
MAPE Eb: 2.221
MAPE Rch: 0.415
--------------------------------------------------
**************************************************
Z=8, N=5, emax=8
RMSE Eb: 1.535
RMSE Rch: 0.020
MAPE Eb: 1.977
MAPE Rch: 1.012
--------------------------------------------------
**************************************************
Z=8, N=5, emax=6
RMSE Eb: 1.570
RMSE Rch: 0.014
MAPE Eb: 2.396
MAPE Rch: 0.728
--------------------------------------------------
**************************************************
Z=8, N=5, emax=10
RMSE Eb: 1.183
RMSE Rch: 0.028
MAPE Eb: 1.494
MAPE Rch: 1.581
--------------------------------------------------
**************************************************
Z=8, N=6, emax=4
RMSE Eb: 1.104
RMSE Rch: 0.010
MAPE Eb: 1.598
MAPE Rch: 0.485
--------------------------------------------------
**************************************************
Z=8, N=6, emax=8
RMSE Eb: 1.857
RMSE Rch: 0.020
MAPE Eb: 1.785
MAPE Rch: 0.917
--------------------------------------------------
**************************************************
Z=8, N=6, emax=6
RMSE Eb: 1.497
RMSE Rch: 0.016
MAPE Eb: 1.700
MAPE Rch: 0.729
--------------------------------------------------
**************************************************
Z=8, N=6, emax=10
RMSE Eb: 1.423
RMSE Rch: 0.026
MAPE Eb: 1.323
MAPE Rch: 1.264
--------------------------------------------------
**************************************************
Z=8, N=7, emax=4
RMSE Eb: 1.350
RMSE Rch: 0.011
MAPE Eb: 1.572
MAPE Rch: 0.524
--------------------------------------------------
**************************************************
Z=8, N=7, emax=8
RMSE Eb: 2.312
RMSE Rch: 0.022
MAPE Eb: 1.871
MAPE Rch: 1.228
--------------------------------------------------
**************************************************
Z=8, N=7, emax=6
RMSE Eb: 1.464
RMSE Rch: 0.015
MAPE Eb: 1.420
MAPE Rch: 0.812
--------------------------------------------------
**************************************************
Z=8, N=7, emax=10
RMSE Eb: 1.524
RMSE Rch: 0.021
MAPE Eb: 1.335
MAPE Rch: 1.138
--------------------------------------------------
**************************************************
Z=8, N=8, emax=4
RMSE Eb: 1.036
RMSE Rch: 0.016
MAPE Eb: 1.042
MAPE Rch: 0.458
--------------------------------------------------
**************************************************
Z=8, N=8, emax=6
RMSE Eb: 1.306
RMSE Rch: 0.017
MAPE Eb: 1.035
MAPE Rch: 0.490
--------------------------------------------------
**************************************************
Z=8, N=8, emax=8
RMSE Eb: 1.580
RMSE Rch: 0.017
MAPE Eb: 1.204
MAPE Rch: 0.479
--------------------------------------------------
**************************************************
Z=8, N=8, emax=10
RMSE Eb: 1.487
RMSE Rch: 0.025
MAPE Eb: 0.911
MAPE Rch: 0.805
--------------------------------------------------
**************************************************
Z=8, N=9, emax=4
RMSE Eb: 0.920
RMSE Rch: 0.014
MAPE Eb: 0.975
MAPE Rch: 0.370
--------------------------------------------------
**************************************************
Z=8, N=9, emax=8
RMSE Eb: 1.256
RMSE Rch: 0.015
MAPE Eb: 0.914
MAPE Rch: 0.442
--------------------------------------------------
**************************************************
Z=8, N=9, emax=6
RMSE Eb: 1.108
RMSE Rch: 0.014
MAPE Eb: 0.889
MAPE Rch: 0.397
--------------------------------------------------
**************************************************
Z=8, N=9, emax=10
RMSE Eb: 1.570
RMSE Rch: 0.020
MAPE Eb: 1.130
MAPE Rch: 0.516
--------------------------------------------------
**************************************************
Z=8, N=10, emax=4
RMSE Eb: 0.897
RMSE Rch: 0.013
MAPE Eb: 0.882
MAPE Rch: 0.336
--------------------------------------------------
**************************************************
Z=8, N=10, emax=6
RMSE Eb: 1.063
RMSE Rch: 0.013
MAPE Eb: 0.821
MAPE Rch: 0.376
--------------------------------------------------
**************************************************
Z=8, N=10, emax=8
RMSE Eb: 1.041
RMSE Rch: 0.014
MAPE Eb: 0.714
MAPE Rch: 0.406
--------------------------------------------------
**************************************************
Z=8, N=10, emax=10
RMSE Eb: 1.123
RMSE Rch: 0.016
MAPE Eb: 0.742
MAPE Rch: 0.437
--------------------------------------------------
**************************************************
Z=8, N=11, emax=8
RMSE Eb: 1.260
RMSE Rch: 0.014
MAPE Eb: 0.829
MAPE Rch: 0.433
--------------------------------------------------
**************************************************
Z=8, N=11, emax=4
RMSE Eb: 0.893
RMSE Rch: 0.012
MAPE Eb: 0.956
MAPE Rch: 0.328
--------------------------------------------------
**************************************************
Z=8, N=11, emax=6
RMSE Eb: 1.066
RMSE Rch: 0.014
MAPE Eb: 0.846
MAPE Rch: 0.375
--------------------------------------------------
**************************************************
Z=8, N=11, emax=10
RMSE Eb: 1.156
RMSE Rch: 0.010
MAPE Eb: 0.815
MAPE Rch: 0.303
--------------------------------------------------
**************************************************
Z=8, N=12, emax=6
RMSE Eb: 1.135
RMSE Rch: 0.016
MAPE Eb: 0.822
MAPE Rch: 0.436
--------------------------------------------------
**************************************************
Z=8, N=12, emax=8
RMSE Eb: 1.410
RMSE Rch: 0.014
MAPE Eb: 0.892
MAPE Rch: 0.389
--------------------------------------------------
**************************************************
Z=8, N=12, emax=4
RMSE Eb: 0.814
RMSE Rch: 0.011
MAPE Eb: 0.793
MAPE Rch: 0.325
--------------------------------------------------
**************************************************
Z=8, N=12, emax=10
RMSE Eb: 1.305
RMSE Rch: 0.012
MAPE Eb: 0.894
MAPE Rch: 0.321
--------------------------------------------------
**************************************************
Z=8, N=13, emax=8
RMSE Eb: 1.319
RMSE Rch: 0.014
MAPE Eb: 0.894
MAPE Rch: 0.407
--------------------------------------------------
**************************************************
Z=8, N=13, emax=4
RMSE Eb: 1.074
RMSE Rch: 0.012
MAPE Eb: 1.104
MAPE Rch: 0.313
--------------------------------------------------
**************************************************
Z=8, N=13, emax=6
RMSE Eb: 0.853
RMSE Rch: 0.018
MAPE Eb: 0.636
MAPE Rch: 0.513
--------------------------------------------------
**************************************************
Z=8, N=13, emax=10
RMSE Eb: 1.334
RMSE Rch: 0.012
MAPE Eb: 0.829
MAPE Rch: 0.321
--------------------------------------------------
**************************************************
Z=8, N=14, emax=6
RMSE Eb: 1.154
RMSE Rch: 0.013
MAPE Eb: 0.779
MAPE Rch: 0.387
--------------------------------------------------
**************************************************
Z=8, N=14, emax=10
RMSE Eb: 1.469
RMSE Rch: 0.015
MAPE Eb: 0.826
MAPE Rch: 0.400
--------------------------------------------------
**************************************************
Z=8, N=14, emax=4
RMSE Eb: 1.212
RMSE Rch: 0.016
MAPE Eb: 1.157
MAPE Rch: 0.459
--------------------------------------------------
**************************************************
Z=8, N=14, emax=8
RMSE Eb: 1.446
RMSE Rch: 0.014
MAPE Eb: 0.909
MAPE Rch: 0.381
--------------------------------------------------
**************************************************
Z=8, N=15, emax=8
RMSE Eb: 1.638
RMSE Rch: 0.017
MAPE Eb: 0.994
MAPE Rch: 0.491
--------------------------------------------------
**************************************************
Z=8, N=15, emax=6
RMSE Eb: 0.981
RMSE Rch: 0.018
MAPE Eb: 0.661
MAPE Rch: 0.524
--------------------------------------------------
**************************************************
Z=8, N=15, emax=4
RMSE Eb: 1.035
RMSE Rch: 0.014
MAPE Eb: 1.025
MAPE Rch: 0.370
--------------------------------------------------
**************************************************
Z=8, N=15, emax=10
RMSE Eb: 1.769
RMSE Rch: 0.012
MAPE Eb: 1.029
MAPE Rch: 0.334
--------------------------------------------------
**************************************************
Z=8, N=16, emax=4
RMSE Eb: 1.258
RMSE Rch: 0.015
MAPE Eb: 1.240
MAPE Rch: 0.383
--------------------------------------------------
**************************************************
Z=8, N=16, emax=8
RMSE Eb: 1.733
RMSE Rch: 0.014
MAPE Eb: 1.046
MAPE Rch: 0.386
--------------------------------------------------
**************************************************
Z=8, N=16, emax=6
RMSE Eb: 1.184
RMSE Rch: 0.019
MAPE Eb: 0.836
MAPE Rch: 0.581
--------------------------------------------------
**************************************************
Z=8, N=16, emax=10
RMSE Eb: 1.311
RMSE Rch: 0.017
MAPE Eb: 0.826
MAPE Rch: 0.479
--------------------------------------------------
