Activated conda environment
[DataLoader] Found 13 files matching the pattern.
[DataLoader] Combined data shape: (17234, 35)
[Preprocess] Data split => train: (11029, 35), val: (2758, 35), test: (3447, 35)
[Preprocess] Processed fidelity 4 (index 0): 3758 samples.
[Preprocess] Processed fidelity 6 (index 1): 3346 samples.
[Preprocess] Processed fidelity 8 (index 2): 3194 samples.
[Preprocess] Processed fidelity 10 (index 3): 731 samples.
[Preprocess] Processed fidelity 4 (index 0): 949 samples.
[Preprocess] Processed fidelity 6 (index 1): 833 samples.
[Preprocess] Processed fidelity 8 (index 2): 801 samples.
[Preprocess] Processed fidelity 10 (index 3): 175 samples.
Fidelity levels: [4, 6, 8, 10]
[Trainer] Starting BNN training...
[Trainer] No improvement. Iteration 8000. Early stopping counter: 1, LR counter: 1
[Trainer] No improvement. Iteration 8600. Early stopping counter: 1, LR counter: 1
[Trainer] No improvement. Iteration 9300. Early stopping counter: 1, LR counter: 1
[Trainer] No improvement. Iteration 9700. Early stopping counter: 1, LR counter: 1
[Trainer] No improvement. Iteration 10100. Early stopping counter: 1, LR counter: 1
[Trainer] No improvement. Iteration 10300. Early stopping counter: 1, LR counter: 1
[Trainer] No improvement. Iteration 10400. Early stopping counter: 2, LR counter: 2
[Trainer] No improvement. Iteration 10500. Early stopping counter: 3, LR counter: 3
[Trainer] No improvement. Iteration 10600. Early stopping counter: 4, LR counter: 4
[Trainer] No improvement. Iteration 10700. Early stopping counter: 5, LR counter: 5
[Trainer] No improvement. Iteration 10800. Early stopping counter: 6, LR counter: 6
[Trainer] No improvement. Iteration 10900. Early stopping counter: 7, LR counter: 7
[Trainer] No improvement. Iteration 11100. Early stopping counter: 1, LR counter: 1
[Trainer] No improvement. Iteration 11200. Early stopping counter: 2, LR counter: 2
[Trainer] No improvement. Iteration 11300. Early stopping counter: 3, LR counter: 3
[Trainer] No improvement. Iteration 11400. Early stopping counter: 4, LR counter: 4
[Trainer] No improvement. Iteration 11500. Early stopping counter: 5, LR counter: 5
[Trainer] No improvement. Iteration 12400. Early stopping counter: 1, LR counter: 1
[Trainer] No improvement. Iteration 12800. Early stopping counter: 1, LR counter: 1
[Trainer] No improvement. Iteration 13000. Early stopping counter: 1, LR counter: 1
[Trainer] No improvement. Iteration 13100. Early stopping counter: 2, LR counter: 2
[Trainer] No improvement. Iteration 13200. Early stopping counter: 3, LR counter: 3
[Trainer] No improvement. Iteration 13300. Early stopping counter: 4, LR counter: 4
[Trainer] No improvement. Iteration 13400. Early stopping counter: 5, LR counter: 5
[Trainer] No improvement. Iteration 13500. Early stopping counter: 6, LR counter: 6
[Trainer] No improvement. Iteration 13600. Early stopping counter: 7, LR counter: 7
[Trainer] No improvement. Iteration 13700. Early stopping counter: 8, LR counter: 8
[Trainer] No improvement. Iteration 13800. Early stopping counter: 9, LR counter: 9
[Trainer] No improvement. Iteration 13900. Early stopping counter: 10, LR counter: 10
[Trainer] No improvement. Iteration 14000. Early stopping counter: 11, LR counter: 11
[Trainer] No improvement. Iteration 14100. Early stopping counter: 12, LR counter: 12
[Trainer] No improvement. Iteration 14200. Early stopping counter: 13, LR counter: 13
[Trainer] No improvement. Iteration 14300. Early stopping counter: 14, LR counter: 14
[Trainer] No improvement. Iteration 14400. Early stopping counter: 15, LR counter: 15
[Trainer] No improvement. Iteration 14500. Early stopping counter: 16, LR counter: 16
[Trainer] No improvement. Iteration 14600. Early stopping counter: 17, LR counter: 17
[Trainer] No improvement. Iteration 15000. Early stopping counter: 1, LR counter: 1
[Trainer] No improvement. Iteration 15100. Early stopping counter: 2, LR counter: 2
[Trainer] No improvement. Iteration 15200. Early stopping counter: 3, LR counter: 3
[Trainer] No improvement. Iteration 15300. Early stopping counter: 4, LR counter: 4
[Trainer] No improvement. Iteration 15400. Early stopping counter: 5, LR counter: 5
[Trainer] No improvement. Iteration 15500. Early stopping counter: 6, LR counter: 6
[Trainer] No improvement. Iteration 15600. Early stopping counter: 7, LR counter: 7
[Trainer] No improvement. Iteration 15700. Early stopping counter: 8, LR counter: 8
[Trainer] No improvement. Iteration 15800. Early stopping counter: 9, LR counter: 9
[Trainer] No improvement. Iteration 15900. Early stopping counter: 10, LR counter: 10
[Trainer] No improvement. Iteration 16000. Early stopping counter: 11, LR counter: 11
[Trainer] No improvement. Iteration 16100. Early stopping counter: 12, LR counter: 12
[Trainer] No improvement. Iteration 16200. Early stopping counter: 13, LR counter: 13
[Trainer] No improvement. Iteration 16300. Early stopping counter: 14, LR counter: 14
[Trainer] No improvement. Iteration 16400. Early stopping counter: 15, LR counter: 15
[Trainer] No improvement. Iteration 16500. Early stopping counter: 16, LR counter: 16
[Trainer] No improvement. Iteration 16600. Early stopping counter: 17, LR counter: 17
[Trainer] No improvement. Iteration 16700. Early stopping counter: 18, LR counter: 18
[Trainer] No improvement. Iteration 16800. Early stopping counter: 19, LR counter: 19
[Trainer] No improvement. Iteration 16900. Early stopping counter: 20, LR counter: 20
[Trainer] No improvement. Iteration 17000. Early stopping counter: 21, LR counter: 21
[Trainer] No improvement. Iteration 17100. Early stopping counter: 22, LR counter: 22
[Trainer] No improvement. Iteration 17200. Early stopping counter: 23, LR counter: 23
[Trainer] No improvement. Iteration 17300. Early stopping counter: 24, LR counter: 24
[Trainer] No improvement. Iteration 17400. Early stopping counter: 25, LR counter: 25
[Trainer] Learning rate reduced to: 0.000010
[Trainer] No improvement. Iteration 17500. Early stopping counter: 26, LR counter: 1
[Trainer] No improvement. Iteration 17600. Early stopping counter: 27, LR counter: 2
[Trainer] No improvement. Iteration 17700. Early stopping counter: 28, LR counter: 3
[Trainer] No improvement. Iteration 17800. Early stopping counter: 29, LR counter: 4
[Trainer] No improvement. Iteration 17900. Early stopping counter: 30, LR counter: 5
[Trainer] No improvement. Iteration 18000. Early stopping counter: 31, LR counter: 6
[Trainer] No improvement. Iteration 18100. Early stopping counter: 32, LR counter: 7
[Trainer] No improvement. Iteration 18200. Early stopping counter: 33, LR counter: 8
[Trainer] No improvement. Iteration 18300. Early stopping counter: 34, LR counter: 9
[Trainer] No improvement. Iteration 18400. Early stopping counter: 35, LR counter: 10
[Trainer] No improvement. Iteration 18500. Early stopping counter: 36, LR counter: 11
[Trainer] No improvement. Iteration 18600. Early stopping counter: 37, LR counter: 12
[Trainer] No improvement. Iteration 18700. Early stopping counter: 38, LR counter: 13
[Trainer] No improvement. Iteration 18800. Early stopping counter: 39, LR counter: 14
[Trainer] No improvement. Iteration 18900. Early stopping counter: 40, LR counter: 15
[Trainer] No improvement. Iteration 19000. Early stopping counter: 41, LR counter: 16
[Trainer] No improvement. Iteration 19100. Early stopping counter: 42, LR counter: 17
[Trainer] No improvement. Iteration 19200. Early stopping counter: 43, LR counter: 18
[Trainer] No improvement. Iteration 19300. Early stopping counter: 44, LR counter: 19
[Trainer] No improvement. Iteration 19400. Early stopping counter: 45, LR counter: 20
[Trainer] No improvement. Iteration 19500. Early stopping counter: 46, LR counter: 21
[Trainer] No improvement. Iteration 19600. Early stopping counter: 47, LR counter: 22
[Trainer] No improvement. Iteration 19700. Early stopping counter: 48, LR counter: 23
[Trainer] No improvement. Iteration 19800. Early stopping counter: 49, LR counter: 24
[Trainer] No improvement. Iteration 19900. Early stopping counter: 50, LR counter: 25
[Trainer] Learning rate reduced to: 0.000001
[Trainer] Early stopping triggered.
[Trainer] Training completed.
[Trainer] Calibrating temperatures on validation set...
[Trainer] Temperature calibration finished. Calibrated temperatures: {4: 0.9144765138626099, 6: 1.1108050346374512, 8: 1.2027349472045898, 10: 1.148861289024353}
[Trainer] BNN training completed.
**************************************************
Z=8, N=4, emax=4
RMSE Eb: 0.847
RMSE Rch: 0.014
MAPE Eb: 2.438
MAPE Rch: 0.666
--------------------------------------------------
**************************************************
Z=8, N=4, emax=10
RMSE Eb: 1.666
RMSE Rch: 0.056
MAPE Eb: 2.430
MAPE Rch: 2.689
--------------------------------------------------
**************************************************
Z=8, N=4, emax=6
RMSE Eb: 1.401
RMSE Rch: 0.019
MAPE Eb: 2.758
MAPE Rch: 0.883
--------------------------------------------------
**************************************************
Z=8, N=4, emax=8
RMSE Eb: 1.416
RMSE Rch: 0.022
MAPE Eb: 2.334
MAPE Rch: 1.030
--------------------------------------------------
**************************************************
Z=8, N=5, emax=8
RMSE Eb: 1.165
RMSE Rch: 0.020
MAPE Eb: 1.497
MAPE Rch: 0.919
--------------------------------------------------
**************************************************
Z=8, N=5, emax=6
RMSE Eb: 1.677
RMSE Rch: 0.018
MAPE Eb: 2.575
MAPE Rch: 0.882
--------------------------------------------------
**************************************************
Z=8, N=5, emax=4
RMSE Eb: 1.103
RMSE Rch: 0.012
MAPE Eb: 2.367
MAPE Rch: 0.554
--------------------------------------------------
**************************************************
Z=8, N=5, emax=10
RMSE Eb: 1.351
RMSE Rch: 0.030
MAPE Eb: 1.614
MAPE Rch: 1.779
--------------------------------------------------
**************************************************
Z=8, N=6, emax=4
RMSE Eb: 0.830
RMSE Rch: 0.011
MAPE Eb: 1.235
MAPE Rch: 0.499
--------------------------------------------------
**************************************************
Z=8, N=6, emax=6
RMSE Eb: 1.566
RMSE Rch: 0.012
MAPE Eb: 1.771
MAPE Rch: 0.562
--------------------------------------------------
**************************************************
Z=8, N=6, emax=8
RMSE Eb: 1.531
RMSE Rch: 0.014
MAPE Eb: 1.320
MAPE Rch: 0.685
--------------------------------------------------
**************************************************
Z=8, N=6, emax=10
RMSE Eb: 1.857
RMSE Rch: 0.022
MAPE Eb: 1.624
MAPE Rch: 1.123
--------------------------------------------------
**************************************************
Z=8, N=7, emax=8
RMSE Eb: 1.578
RMSE Rch: 0.024
MAPE Eb: 1.316
MAPE Rch: 1.300
--------------------------------------------------
**************************************************
Z=8, N=7, emax=10
RMSE Eb: 1.856
RMSE Rch: 0.021
MAPE Eb: 1.604
MAPE Rch: 1.061
--------------------------------------------------
**************************************************
Z=8, N=7, emax=6
RMSE Eb: 1.533
RMSE Rch: 0.019
MAPE Eb: 1.472
MAPE Rch: 0.925
--------------------------------------------------
**************************************************
Z=8, N=7, emax=4
RMSE Eb: 1.283
RMSE Rch: 0.013
MAPE Eb: 1.625
MAPE Rch: 0.640
--------------------------------------------------
**************************************************
Z=8, N=8, emax=4
RMSE Eb: 1.229
RMSE Rch: 0.011
MAPE Eb: 1.296
MAPE Rch: 0.299
--------------------------------------------------
**************************************************
Z=8, N=8, emax=8
RMSE Eb: 1.363
RMSE Rch: 0.014
MAPE Eb: 0.989
MAPE Rch: 0.373
--------------------------------------------------
**************************************************
Z=8, N=8, emax=6
RMSE Eb: 1.390
RMSE Rch: 0.019
MAPE Eb: 1.164
MAPE Rch: 0.575
--------------------------------------------------
**************************************************
Z=8, N=8, emax=10
RMSE Eb: 2.492
RMSE Rch: 0.028
MAPE Eb: 1.755
MAPE Rch: 0.968
--------------------------------------------------
**************************************************
Z=8, N=9, emax=8
RMSE Eb: 1.343
RMSE Rch: 0.014
MAPE Eb: 0.976
MAPE Rch: 0.407
--------------------------------------------------
**************************************************
Z=8, N=9, emax=6
RMSE Eb: 0.947
RMSE Rch: 0.020
MAPE Eb: 0.754
MAPE Rch: 0.575
--------------------------------------------------
**************************************************
Z=8, N=9, emax=4
RMSE Eb: 1.090
RMSE Rch: 0.011
MAPE Eb: 1.112
MAPE Rch: 0.276
--------------------------------------------------
**************************************************
Z=8, N=9, emax=10
RMSE Eb: 1.384
RMSE Rch: 0.024
MAPE Eb: 1.044
MAPE Rch: 0.675
--------------------------------------------------
**************************************************
Z=8, N=10, emax=4
RMSE Eb: 1.046
RMSE Rch: 0.010
MAPE Eb: 1.049
MAPE Rch: 0.271
--------------------------------------------------
**************************************************
Z=8, N=10, emax=10
RMSE Eb: 1.187
RMSE Rch: 0.019
MAPE Eb: 0.642
MAPE Rch: 0.580
--------------------------------------------------
**************************************************
Z=8, N=10, emax=6
RMSE Eb: 1.118
RMSE Rch: 0.013
MAPE Eb: 0.909
MAPE Rch: 0.365
--------------------------------------------------
**************************************************
Z=8, N=10, emax=8
RMSE Eb: 1.381
RMSE Rch: 0.013
MAPE Eb: 0.938
MAPE Rch: 0.377
--------------------------------------------------
**************************************************
Z=8, N=11, emax=4
RMSE Eb: 1.089
RMSE Rch: 0.019
MAPE Eb: 1.067
MAPE Rch: 0.538
--------------------------------------------------
**************************************************
Z=8, N=11, emax=6
RMSE Eb: 1.367
RMSE Rch: 0.019
MAPE Eb: 1.084
MAPE Rch: 0.545
--------------------------------------------------
**************************************************
Z=8, N=11, emax=8
RMSE Eb: 1.340
RMSE Rch: 0.016
MAPE Eb: 0.919
MAPE Rch: 0.472
--------------------------------------------------
**************************************************
Z=8, N=11, emax=10
RMSE Eb: 0.849
RMSE Rch: 0.020
MAPE Eb: 0.574
MAPE Rch: 0.590
--------------------------------------------------
**************************************************
Z=8, N=12, emax=6
RMSE Eb: 1.200
RMSE Rch: 0.013
MAPE Eb: 0.829
MAPE Rch: 0.391
--------------------------------------------------
**************************************************
Z=8, N=12, emax=4
RMSE Eb: 1.563
RMSE Rch: 0.020
MAPE Eb: 1.554
MAPE Rch: 0.563
--------------------------------------------------
**************************************************
Z=8, N=12, emax=8
RMSE Eb: 1.473
RMSE Rch: 0.012
MAPE Eb: 0.980
MAPE Rch: 0.335
--------------------------------------------------
**************************************************
Z=8, N=12, emax=10
RMSE Eb: 0.997
RMSE Rch: 0.010
MAPE Eb: 0.669
MAPE Rch: 0.290
--------------------------------------------------
**************************************************
Z=8, N=13, emax=8
RMSE Eb: 1.760
RMSE Rch: 0.011
MAPE Eb: 1.145
MAPE Rch: 0.329
--------------------------------------------------
**************************************************
Z=8, N=13, emax=4
RMSE Eb: 1.425
RMSE Rch: 0.020
MAPE Eb: 1.402
MAPE Rch: 0.582
--------------------------------------------------
**************************************************
Z=8, N=13, emax=10
RMSE Eb: 1.144
RMSE Rch: 0.012
MAPE Eb: 0.784
MAPE Rch: 0.373
--------------------------------------------------
**************************************************
Z=8, N=13, emax=6
RMSE Eb: 1.405
RMSE Rch: 0.019
MAPE Eb: 1.084
MAPE Rch: 0.573
--------------------------------------------------
**************************************************
Z=8, N=14, emax=8
RMSE Eb: 1.274
RMSE Rch: 0.017
MAPE Eb: 0.783
MAPE Rch: 0.463
--------------------------------------------------
**************************************************
Z=8, N=14, emax=4
RMSE Eb: 1.648
RMSE Rch: 0.020
MAPE Eb: 1.588
MAPE Rch: 0.579
--------------------------------------------------
**************************************************
Z=8, N=14, emax=6
RMSE Eb: 1.355
RMSE Rch: 0.020
MAPE Eb: 1.029
MAPE Rch: 0.546
--------------------------------------------------
**************************************************
Z=8, N=14, emax=10
RMSE Eb: 1.556
RMSE Rch: 0.016
MAPE Eb: 1.056
MAPE Rch: 0.482
--------------------------------------------------
**************************************************
Z=8, N=15, emax=8
RMSE Eb: 1.557
RMSE Rch: 0.018
MAPE Eb: 0.975
MAPE Rch: 0.497
--------------------------------------------------
**************************************************
Z=8, N=15, emax=4
RMSE Eb: 1.742
RMSE Rch: 0.017
MAPE Eb: 1.584
MAPE Rch: 0.493
--------------------------------------------------
**************************************************
Z=8, N=15, emax=6
RMSE Eb: 1.207
RMSE Rch: 0.015
MAPE Eb: 0.896
MAPE Rch: 0.438
--------------------------------------------------
**************************************************
Z=8, N=15, emax=10
RMSE Eb: 1.596
RMSE Rch: 0.019
MAPE Eb: 0.925
MAPE Rch: 0.554
--------------------------------------------------
**************************************************
Z=8, N=16, emax=8
RMSE Eb: 1.709
RMSE Rch: 0.020
MAPE Eb: 1.004
MAPE Rch: 0.551
--------------------------------------------------
**************************************************
Z=8, N=16, emax=6
RMSE Eb: 1.319
RMSE Rch: 0.019
MAPE Eb: 0.891
MAPE Rch: 0.570
--------------------------------------------------
**************************************************
Z=8, N=16, emax=10
RMSE Eb: 1.589
RMSE Rch: 0.021
MAPE Eb: 0.942
MAPE Rch: 0.553
--------------------------------------------------
**************************************************
Z=8, N=16, emax=4
RMSE Eb: 1.390
RMSE Rch: 0.011
MAPE Eb: 1.323
MAPE Rch: 0.308
--------------------------------------------------
Finished VAL for AE n=380
**************************************************
Z=8, N=4, emax=6
RMSE Eb: 1.459
RMSE Rch: 0.018
MAPE Eb: 2.797
MAPE Rch: 0.873
--------------------------------------------------
**************************************************
Z=8, N=4, emax=8
RMSE Eb: 1.291
RMSE Rch: 0.022
MAPE Eb: 2.106
MAPE Rch: 1.077
--------------------------------------------------
**************************************************
Z=8, N=4, emax=4
RMSE Eb: 1.051
RMSE Rch: 0.014
MAPE Eb: 2.909
MAPE Rch: 0.672
--------------------------------------------------
**************************************************
Z=8, N=4, emax=10
RMSE Eb: 0.989
RMSE Rch: 0.028
MAPE Eb: 1.491
MAPE Rch: 1.436
--------------------------------------------------
**************************************************
Z=8, N=5, emax=4
RMSE Eb: 1.147
RMSE Rch: 0.015
MAPE Eb: 2.416
MAPE Rch: 0.717
--------------------------------------------------
**************************************************
Z=8, N=5, emax=8
RMSE Eb: 1.334
RMSE Rch: 0.021
MAPE Eb: 1.677
MAPE Rch: 1.078
--------------------------------------------------
**************************************************
Z=8, N=5, emax=6
RMSE Eb: 1.687
RMSE Rch: 0.016
MAPE Eb: 2.505
MAPE Rch: 0.850
--------------------------------------------------
**************************************************
Z=8, N=5, emax=10
RMSE Eb: 1.340
RMSE Rch: 0.020
MAPE Eb: 1.610
MAPE Rch: 1.075
--------------------------------------------------
**************************************************
Z=8, N=6, emax=4
RMSE Eb: 1.014
RMSE Rch: 0.011
MAPE Eb: 1.481
MAPE Rch: 0.508
--------------------------------------------------
**************************************************
Z=8, N=6, emax=8
RMSE Eb: 1.519
RMSE Rch: 0.022
MAPE Eb: 1.344
MAPE Rch: 1.000
--------------------------------------------------
**************************************************
Z=8, N=6, emax=6
RMSE Eb: 1.429
RMSE Rch: 0.018
MAPE Eb: 1.502
MAPE Rch: 0.796
--------------------------------------------------
**************************************************
Z=8, N=6, emax=10
RMSE Eb: 1.121
RMSE Rch: 0.014
MAPE Eb: 1.021
MAPE Rch: 0.721
--------------------------------------------------
**************************************************
Z=8, N=7, emax=4
RMSE Eb: 1.163
RMSE Rch: 0.013
MAPE Eb: 1.306
MAPE Rch: 0.643
--------------------------------------------------
**************************************************
Z=8, N=7, emax=8
RMSE Eb: 1.508
RMSE Rch: 0.018
MAPE Eb: 1.183
MAPE Rch: 0.923
--------------------------------------------------
**************************************************
Z=8, N=7, emax=6
RMSE Eb: 1.668
RMSE Rch: 0.020
MAPE Eb: 1.635
MAPE Rch: 0.974
--------------------------------------------------
**************************************************
Z=8, N=7, emax=10
RMSE Eb: 1.804
RMSE Rch: 0.022
MAPE Eb: 1.429
MAPE Rch: 1.316
--------------------------------------------------
**************************************************
Z=8, N=8, emax=4
RMSE Eb: 1.240
RMSE Rch: 0.012
MAPE Eb: 1.280
MAPE Rch: 0.332
--------------------------------------------------
**************************************************
Z=8, N=8, emax=6
RMSE Eb: 1.212
RMSE Rch: 0.020
MAPE Eb: 1.010
MAPE Rch: 0.600
--------------------------------------------------
**************************************************
Z=8, N=8, emax=8
RMSE Eb: 1.299
RMSE Rch: 0.015
MAPE Eb: 0.971
MAPE Rch: 0.411
--------------------------------------------------
**************************************************
Z=8, N=8, emax=10
RMSE Eb: 1.847
RMSE Rch: 0.026
MAPE Eb: 1.237
MAPE Rch: 0.764
--------------------------------------------------
**************************************************
Z=8, N=9, emax=4
RMSE Eb: 1.377
RMSE Rch: 0.012
MAPE Eb: 1.396
MAPE Rch: 0.329
--------------------------------------------------
**************************************************
Z=8, N=9, emax=8
RMSE Eb: 1.126
RMSE Rch: 0.018
MAPE Eb: 0.841
MAPE Rch: 0.523
--------------------------------------------------
**************************************************
Z=8, N=9, emax=6
RMSE Eb: 1.106
RMSE Rch: 0.019
MAPE Eb: 0.947
MAPE Rch: 0.554
--------------------------------------------------
**************************************************
Z=8, N=9, emax=10
RMSE Eb: 1.195
RMSE Rch: 0.020
MAPE Eb: 0.871
MAPE Rch: 0.587
--------------------------------------------------
**************************************************
Z=8, N=10, emax=4
RMSE Eb: 1.121
RMSE Rch: 0.012
MAPE Eb: 1.107
MAPE Rch: 0.336
--------------------------------------------------
**************************************************
Z=8, N=10, emax=6
RMSE Eb: 1.159
RMSE Rch: 0.014
MAPE Eb: 0.917
MAPE Rch: 0.388
--------------------------------------------------
**************************************************
Z=8, N=10, emax=8
RMSE Eb: 1.026
RMSE Rch: 0.014
MAPE Eb: 0.722
MAPE Rch: 0.407
--------------------------------------------------
**************************************************
Z=8, N=10, emax=10
RMSE Eb: 1.361
RMSE Rch: 0.026
MAPE Eb: 1.004
MAPE Rch: 0.860
--------------------------------------------------
**************************************************
Z=8, N=11, emax=8
RMSE Eb: 1.351
RMSE Rch: 0.014
MAPE Eb: 0.951
MAPE Rch: 0.388
--------------------------------------------------
**************************************************
Z=8, N=11, emax=4
RMSE Eb: 1.210
RMSE Rch: 0.016
MAPE Eb: 1.236
MAPE Rch: 0.470
--------------------------------------------------
**************************************************
Z=8, N=11, emax=6
RMSE Eb: 1.566
RMSE Rch: 0.019
MAPE Eb: 1.249
MAPE Rch: 0.567
--------------------------------------------------
**************************************************
Z=8, N=11, emax=10
RMSE Eb: 1.404
RMSE Rch: 0.020
MAPE Eb: 0.960
MAPE Rch: 0.560
--------------------------------------------------
**************************************************
Z=8, N=12, emax=6
RMSE Eb: 1.301
RMSE Rch: 0.015
MAPE Eb: 1.000
MAPE Rch: 0.442
--------------------------------------------------
**************************************************
Z=8, N=12, emax=8
RMSE Eb: 1.456
RMSE Rch: 0.014
MAPE Eb: 0.971
MAPE Rch: 0.415
--------------------------------------------------
**************************************************
Z=8, N=12, emax=4
RMSE Eb: 1.456
RMSE Rch: 0.020
MAPE Eb: 1.460
MAPE Rch: 0.555
--------------------------------------------------
**************************************************
Z=8, N=12, emax=10
RMSE Eb: 1.071
RMSE Rch: 0.015
MAPE Eb: 0.688
MAPE Rch: 0.444
--------------------------------------------------
**************************************************
Z=8, N=13, emax=8
RMSE Eb: 1.511
RMSE Rch: 0.013
MAPE Eb: 0.968
MAPE Rch: 0.366
--------------------------------------------------
**************************************************
Z=8, N=13, emax=4
RMSE Eb: 1.604
RMSE Rch: 0.021
MAPE Eb: 1.633
MAPE Rch: 0.621
--------------------------------------------------
**************************************************
Z=8, N=13, emax=6
RMSE Eb: 1.510
RMSE Rch: 0.021
MAPE Eb: 1.153
MAPE Rch: 0.605
--------------------------------------------------
**************************************************
Z=8, N=13, emax=10
RMSE Eb: 1.041
RMSE Rch: 0.017
MAPE Eb: 0.602
MAPE Rch: 0.469
--------------------------------------------------
**************************************************
Z=8, N=14, emax=6
RMSE Eb: 1.357
RMSE Rch: 0.019
MAPE Eb: 0.961
MAPE Rch: 0.543
--------------------------------------------------
**************************************************
Z=8, N=14, emax=10
RMSE Eb: 1.222
RMSE Rch: 0.019
MAPE Eb: 0.709
MAPE Rch: 0.531
--------------------------------------------------
**************************************************
Z=8, N=14, emax=4
RMSE Eb: 1.624
RMSE Rch: 0.019
MAPE Eb: 1.622
MAPE Rch: 0.565
--------------------------------------------------
**************************************************
Z=8, N=14, emax=8
RMSE Eb: 1.700
RMSE Rch: 0.018
MAPE Eb: 1.044
MAPE Rch: 0.493
--------------------------------------------------
**************************************************
Z=8, N=15, emax=8
RMSE Eb: 1.661
RMSE Rch: 0.018
MAPE Eb: 0.925
MAPE Rch: 0.501
--------------------------------------------------
**************************************************
Z=8, N=15, emax=6
RMSE Eb: 1.398
RMSE Rch: 0.019
MAPE Eb: 0.981
MAPE Rch: 0.529
--------------------------------------------------
**************************************************
Z=8, N=15, emax=4
RMSE Eb: 1.552
RMSE Rch: 0.015
MAPE Eb: 1.537
MAPE Rch: 0.426
--------------------------------------------------
**************************************************
Z=8, N=15, emax=10
RMSE Eb: 1.284
RMSE Rch: 0.014
MAPE Eb: 0.853
MAPE Rch: 0.369
--------------------------------------------------
**************************************************
Z=8, N=16, emax=4
RMSE Eb: 1.713
RMSE Rch: 0.014
MAPE Eb: 1.713
MAPE Rch: 0.366
--------------------------------------------------
**************************************************
Z=8, N=16, emax=8
RMSE Eb: 1.858
RMSE Rch: 0.019
MAPE Eb: 1.087
MAPE Rch: 0.567
--------------------------------------------------
**************************************************
Z=8, N=16, emax=6
RMSE Eb: 1.290
RMSE Rch: 0.016
MAPE Eb: 0.872
MAPE Rch: 0.463
--------------------------------------------------
**************************************************
Z=8, N=16, emax=10
RMSE Eb: 1.481
RMSE Rch: 0.016
MAPE Eb: 0.975
MAPE Rch: 0.445
--------------------------------------------------
