Activated conda environment
[DataLoader] Found 13 files matching the pattern.
[DataLoader] Combined data shape: (17234, 35)
[Preprocess] Data split => train: (11029, 35), val: (2758, 35), test: (3447, 35)
[Preprocess] Processed fidelity 4 (index 0): 3758 samples.
[Preprocess] Processed fidelity 6 (index 1): 3346 samples.
[Preprocess] Processed fidelity 8 (index 2): 3194 samples.
[Preprocess] Processed fidelity 10 (index 3): 731 samples.
[Preprocess] Processed fidelity 4 (index 0): 949 samples.
[Preprocess] Processed fidelity 6 (index 1): 833 samples.
[Preprocess] Processed fidelity 8 (index 2): 801 samples.
[Preprocess] Processed fidelity 10 (index 3): 175 samples.
Fidelity levels: [4, 6, 8, 10]
[Trainer] Starting BNN training...
[Trainer] No improvement. Iteration 7300. Early stopping counter: 1, LR counter: 1
[Trainer] No improvement. Iteration 7600. Early stopping counter: 1, LR counter: 1
[Trainer] No improvement. Iteration 8100. Early stopping counter: 1, LR counter: 1
[Trainer] No improvement. Iteration 8200. Early stopping counter: 2, LR counter: 2
[Trainer] No improvement. Iteration 8400. Early stopping counter: 1, LR counter: 1
[Trainer] No improvement. Iteration 8500. Early stopping counter: 2, LR counter: 2
[Trainer] No improvement. Iteration 8600. Early stopping counter: 3, LR counter: 3
[Trainer] No improvement. Iteration 8700. Early stopping counter: 4, LR counter: 4
[Trainer] No improvement. Iteration 8800. Early stopping counter: 5, LR counter: 5
[Trainer] No improvement. Iteration 8900. Early stopping counter: 6, LR counter: 6
[Trainer] No improvement. Iteration 9000. Early stopping counter: 7, LR counter: 7
[Trainer] No improvement. Iteration 9100. Early stopping counter: 8, LR counter: 8
[Trainer] No improvement. Iteration 9200. Early stopping counter: 9, LR counter: 9
[Trainer] No improvement. Iteration 9300. Early stopping counter: 10, LR counter: 10
[Trainer] No improvement. Iteration 9400. Early stopping counter: 11, LR counter: 11
[Trainer] No improvement. Iteration 9500. Early stopping counter: 12, LR counter: 12
[Trainer] No improvement. Iteration 9600. Early stopping counter: 13, LR counter: 13
[Trainer] No improvement. Iteration 9700. Early stopping counter: 14, LR counter: 14
[Trainer] No improvement. Iteration 9800. Early stopping counter: 15, LR counter: 15
[Trainer] No improvement. Iteration 9900. Early stopping counter: 16, LR counter: 16
[Trainer] No improvement. Iteration 10000. Early stopping counter: 17, LR counter: 17
[Trainer] No improvement. Iteration 10100. Early stopping counter: 18, LR counter: 18
[Trainer] No improvement. Iteration 10200. Early stopping counter: 19, LR counter: 19
[Trainer] No improvement. Iteration 10300. Early stopping counter: 20, LR counter: 20
[Trainer] No improvement. Iteration 10400. Early stopping counter: 21, LR counter: 21
[Trainer] No improvement. Iteration 10500. Early stopping counter: 22, LR counter: 22
[Trainer] No improvement. Iteration 10600. Early stopping counter: 23, LR counter: 23
[Trainer] No improvement. Iteration 10700. Early stopping counter: 24, LR counter: 24
[Trainer] No improvement. Iteration 10800. Early stopping counter: 25, LR counter: 25
[Trainer] Learning rate reduced to: 0.000010
[Trainer] No improvement. Iteration 10900. Early stopping counter: 26, LR counter: 1
[Trainer] No improvement. Iteration 11000. Early stopping counter: 27, LR counter: 2
[Trainer] No improvement. Iteration 11100. Early stopping counter: 28, LR counter: 3
[Trainer] No improvement. Iteration 11200. Early stopping counter: 29, LR counter: 4
[Trainer] No improvement. Iteration 11300. Early stopping counter: 30, LR counter: 5
[Trainer] No improvement. Iteration 11400. Early stopping counter: 31, LR counter: 6
[Trainer] No improvement. Iteration 11500. Early stopping counter: 32, LR counter: 7
[Trainer] No improvement. Iteration 11600. Early stopping counter: 33, LR counter: 8
[Trainer] No improvement. Iteration 11700. Early stopping counter: 34, LR counter: 9
[Trainer] No improvement. Iteration 11800. Early stopping counter: 35, LR counter: 10
[Trainer] No improvement. Iteration 11900. Early stopping counter: 36, LR counter: 11
[Trainer] No improvement. Iteration 12000. Early stopping counter: 37, LR counter: 12
[Trainer] No improvement. Iteration 12100. Early stopping counter: 38, LR counter: 13
[Trainer] No improvement. Iteration 12200. Early stopping counter: 39, LR counter: 14
[Trainer] No improvement. Iteration 12300. Early stopping counter: 40, LR counter: 15
[Trainer] No improvement. Iteration 12400. Early stopping counter: 41, LR counter: 16
[Trainer] No improvement. Iteration 12500. Early stopping counter: 42, LR counter: 17
[Trainer] No improvement. Iteration 12600. Early stopping counter: 43, LR counter: 18
[Trainer] No improvement. Iteration 12700. Early stopping counter: 44, LR counter: 19
[Trainer] No improvement. Iteration 12800. Early stopping counter: 45, LR counter: 20
[Trainer] No improvement. Iteration 12900. Early stopping counter: 46, LR counter: 21
[Trainer] No improvement. Iteration 13000. Early stopping counter: 47, LR counter: 22
[Trainer] No improvement. Iteration 13100. Early stopping counter: 48, LR counter: 23
[Trainer] No improvement. Iteration 13200. Early stopping counter: 49, LR counter: 24
[Trainer] No improvement. Iteration 13300. Early stopping counter: 50, LR counter: 25
[Trainer] Learning rate reduced to: 0.000001
[Trainer] Early stopping triggered.
[Trainer] Training completed.
[Trainer] Calibrating temperatures on validation set...
[Trainer] Temperature calibration finished. Calibrated temperatures: {4: 1.525239109992981, 6: 1.4516346454620361, 8: 1.559374451637268, 10: 1.8035683631896973}
[Trainer] BNN training completed.
**************************************************
Z=8, N=4, emax=4
RMSE Eb: 0.666
RMSE Rch: 0.008
MAPE Eb: 1.924
MAPE Rch: 0.334
--------------------------------------------------
**************************************************
Z=8, N=4, emax=10
RMSE Eb: 1.469
RMSE Rch: 0.048
MAPE Eb: 2.318
MAPE Rch: 2.432
--------------------------------------------------
**************************************************
Z=8, N=4, emax=6
RMSE Eb: 1.024
RMSE Rch: 0.011
MAPE Eb: 1.950
MAPE Rch: 0.539
--------------------------------------------------
**************************************************
Z=8, N=4, emax=8
RMSE Eb: 1.123
RMSE Rch: 0.018
MAPE Eb: 1.778
MAPE Rch: 0.878
--------------------------------------------------
**************************************************
Z=8, N=5, emax=8
RMSE Eb: 1.232
RMSE Rch: 0.013
MAPE Eb: 1.636
MAPE Rch: 0.653
--------------------------------------------------
**************************************************
Z=8, N=5, emax=6
RMSE Eb: 0.926
RMSE Rch: 0.010
MAPE Eb: 1.296
MAPE Rch: 0.465
--------------------------------------------------
**************************************************
Z=8, N=5, emax=4
RMSE Eb: 0.818
RMSE Rch: 0.007
MAPE Eb: 1.567
MAPE Rch: 0.328
--------------------------------------------------
**************************************************
Z=8, N=5, emax=10
RMSE Eb: 1.438
RMSE Rch: 0.012
MAPE Eb: 2.021
MAPE Rch: 0.647
--------------------------------------------------
**************************************************
Z=8, N=6, emax=4
RMSE Eb: 0.855
RMSE Rch: 0.009
MAPE Eb: 1.261
MAPE Rch: 0.389
--------------------------------------------------
**************************************************
Z=8, N=6, emax=6
RMSE Eb: 1.076
RMSE Rch: 0.010
MAPE Eb: 1.177
MAPE Rch: 0.470
--------------------------------------------------
**************************************************
Z=8, N=6, emax=8
RMSE Eb: 1.664
RMSE Rch: 0.014
MAPE Eb: 1.536
MAPE Rch: 0.674
--------------------------------------------------
**************************************************
Z=8, N=6, emax=10
RMSE Eb: 1.521
RMSE Rch: 0.020
MAPE Eb: 1.517
MAPE Rch: 0.917
--------------------------------------------------
**************************************************
Z=8, N=7, emax=8
RMSE Eb: 1.270
RMSE Rch: 0.013
MAPE Eb: 0.991
MAPE Rch: 0.691
--------------------------------------------------
**************************************************
Z=8, N=7, emax=10
RMSE Eb: 1.784
RMSE Rch: 0.020
MAPE Eb: 1.307
MAPE Rch: 1.057
--------------------------------------------------
**************************************************
Z=8, N=7, emax=6
RMSE Eb: 1.393
RMSE Rch: 0.011
MAPE Eb: 1.254
MAPE Rch: 0.497
--------------------------------------------------
**************************************************
Z=8, N=7, emax=4
RMSE Eb: 1.068
RMSE Rch: 0.011
MAPE Eb: 1.224
MAPE Rch: 0.521
--------------------------------------------------
**************************************************
Z=8, N=8, emax=4
RMSE Eb: 0.750
RMSE Rch: 0.008
MAPE Eb: 0.838
MAPE Rch: 0.223
--------------------------------------------------
**************************************************
Z=8, N=8, emax=8
RMSE Eb: 1.022
RMSE Rch: 0.012
MAPE Eb: 0.758
MAPE Rch: 0.349
--------------------------------------------------
**************************************************
Z=8, N=8, emax=6
RMSE Eb: 1.016
RMSE Rch: 0.009
MAPE Eb: 0.901
MAPE Rch: 0.255
--------------------------------------------------
**************************************************
Z=8, N=8, emax=10
RMSE Eb: 1.494
RMSE Rch: 0.038
MAPE Eb: 1.216
MAPE Rch: 1.191
--------------------------------------------------
**************************************************
Z=8, N=9, emax=8
RMSE Eb: 0.994
RMSE Rch: 0.009
MAPE Eb: 0.673
MAPE Rch: 0.268
--------------------------------------------------
**************************************************
Z=8, N=9, emax=6
RMSE Eb: 0.889
RMSE Rch: 0.009
MAPE Eb: 0.722
MAPE Rch: 0.267
--------------------------------------------------
**************************************************
Z=8, N=9, emax=4
RMSE Eb: 0.567
RMSE Rch: 0.007
MAPE Eb: 0.583
MAPE Rch: 0.199
--------------------------------------------------
**************************************************
Z=8, N=9, emax=10
RMSE Eb: 0.998
RMSE Rch: 0.016
MAPE Eb: 0.722
MAPE Rch: 0.441
--------------------------------------------------
**************************************************
Z=8, N=10, emax=4
RMSE Eb: 0.496
RMSE Rch: 0.005
MAPE Eb: 0.528
MAPE Rch: 0.143
--------------------------------------------------
**************************************************
Z=8, N=10, emax=10
RMSE Eb: 0.812
RMSE Rch: 0.009
MAPE Eb: 0.555
MAPE Rch: 0.271
--------------------------------------------------
**************************************************
Z=8, N=10, emax=6
RMSE Eb: 0.676
RMSE Rch: 0.006
MAPE Eb: 0.573
MAPE Rch: 0.187
--------------------------------------------------
**************************************************
Z=8, N=10, emax=8
RMSE Eb: 0.808
RMSE Rch: 0.010
MAPE Eb: 0.563
MAPE Rch: 0.271
--------------------------------------------------
**************************************************
Z=8, N=11, emax=4
RMSE Eb: 0.415
RMSE Rch: 0.005
MAPE Eb: 0.438
MAPE Rch: 0.135
--------------------------------------------------
**************************************************
Z=8, N=11, emax=6
RMSE Eb: 0.572
RMSE Rch: 0.007
MAPE Eb: 0.423
MAPE Rch: 0.208
--------------------------------------------------
**************************************************
Z=8, N=11, emax=8
RMSE Eb: 0.661
RMSE Rch: 0.008
MAPE Eb: 0.447
MAPE Rch: 0.252
--------------------------------------------------
**************************************************
Z=8, N=11, emax=10
RMSE Eb: 1.012
RMSE Rch: 0.013
MAPE Eb: 0.700
MAPE Rch: 0.311
--------------------------------------------------
**************************************************
Z=8, N=12, emax=6
RMSE Eb: 0.568
RMSE Rch: 0.006
MAPE Eb: 0.415
MAPE Rch: 0.166
--------------------------------------------------
**************************************************
Z=8, N=12, emax=4
RMSE Eb: 0.559
RMSE Rch: 0.005
MAPE Eb: 0.537
MAPE Rch: 0.145
--------------------------------------------------
**************************************************
Z=8, N=12, emax=8
RMSE Eb: 0.730
RMSE Rch: 0.009
MAPE Eb: 0.529
MAPE Rch: 0.257
--------------------------------------------------
**************************************************
Z=8, N=12, emax=10
RMSE Eb: 0.916
RMSE Rch: 0.009
MAPE Eb: 0.642
MAPE Rch: 0.281
--------------------------------------------------
**************************************************
Z=8, N=13, emax=8
RMSE Eb: 0.712
RMSE Rch: 0.010
MAPE Eb: 0.484
MAPE Rch: 0.277
--------------------------------------------------
**************************************************
Z=8, N=13, emax=4
RMSE Eb: 0.473
RMSE Rch: 0.006
MAPE Eb: 0.476
MAPE Rch: 0.160
--------------------------------------------------
**************************************************
Z=8, N=13, emax=10
RMSE Eb: 0.814
RMSE Rch: 0.007
MAPE Eb: 0.481
MAPE Rch: 0.208
--------------------------------------------------
**************************************************
Z=8, N=13, emax=6
RMSE Eb: 0.554
RMSE Rch: 0.007
MAPE Eb: 0.422
MAPE Rch: 0.211
--------------------------------------------------
**************************************************
Z=8, N=14, emax=8
RMSE Eb: 0.799
RMSE Rch: 0.014
MAPE Eb: 0.497
MAPE Rch: 0.352
--------------------------------------------------
**************************************************
Z=8, N=14, emax=4
RMSE Eb: 0.639
RMSE Rch: 0.005
MAPE Eb: 0.655
MAPE Rch: 0.151
--------------------------------------------------
**************************************************
Z=8, N=14, emax=6
RMSE Eb: 0.638
RMSE Rch: 0.006
MAPE Eb: 0.467
MAPE Rch: 0.169
--------------------------------------------------
**************************************************
Z=8, N=14, emax=10
RMSE Eb: 0.657
RMSE Rch: 0.009
MAPE Eb: 0.405
MAPE Rch: 0.212
--------------------------------------------------
**************************************************
Z=8, N=15, emax=8
RMSE Eb: 0.800
RMSE Rch: 0.008
MAPE Eb: 0.485
MAPE Rch: 0.225
--------------------------------------------------
**************************************************
Z=8, N=15, emax=4
RMSE Eb: 0.726
RMSE Rch: 0.006
MAPE Eb: 0.786
MAPE Rch: 0.169
--------------------------------------------------
**************************************************
Z=8, N=15, emax=6
RMSE Eb: 0.609
RMSE Rch: 0.006
MAPE Eb: 0.429
MAPE Rch: 0.155
--------------------------------------------------
**************************************************
Z=8, N=15, emax=10
RMSE Eb: 0.576
RMSE Rch: 0.006
MAPE Eb: 0.358
MAPE Rch: 0.192
--------------------------------------------------
**************************************************
Z=8, N=16, emax=8
RMSE Eb: 1.032
RMSE Rch: 0.012
MAPE Eb: 0.596
MAPE Rch: 0.322
--------------------------------------------------
**************************************************
Z=8, N=16, emax=6
RMSE Eb: 0.879
RMSE Rch: 0.007
MAPE Eb: 0.584
MAPE Rch: 0.203
--------------------------------------------------
**************************************************
Z=8, N=16, emax=10
RMSE Eb: 1.426
RMSE Rch: 0.012
MAPE Eb: 0.836
MAPE Rch: 0.376
--------------------------------------------------
**************************************************
Z=8, N=16, emax=4
RMSE Eb: 0.657
RMSE Rch: 0.007
MAPE Eb: 0.699
MAPE Rch: 0.185
--------------------------------------------------
Finished VAL for AE n=563
**************************************************
Z=8, N=4, emax=6
RMSE Eb: 0.874
RMSE Rch: 0.012
MAPE Eb: 1.648
MAPE Rch: 0.574
--------------------------------------------------
**************************************************
Z=8, N=4, emax=8
RMSE Eb: 1.053
RMSE Rch: 0.017
MAPE Eb: 1.741
MAPE Rch: 0.857
--------------------------------------------------
**************************************************
Z=8, N=4, emax=4
RMSE Eb: 0.742
RMSE Rch: 0.006
MAPE Eb: 2.037
MAPE Rch: 0.265
--------------------------------------------------
**************************************************
Z=8, N=4, emax=10
RMSE Eb: 1.024
RMSE Rch: 0.031
MAPE Eb: 1.592
MAPE Rch: 1.789
--------------------------------------------------
**************************************************
Z=8, N=5, emax=4
RMSE Eb: 0.777
RMSE Rch: 0.007
MAPE Eb: 1.492
MAPE Rch: 0.341
--------------------------------------------------
**************************************************
Z=8, N=5, emax=8
RMSE Eb: 1.358
RMSE Rch: 0.014
MAPE Eb: 1.621
MAPE Rch: 0.687
--------------------------------------------------
**************************************************
Z=8, N=5, emax=6
RMSE Eb: 0.915
RMSE Rch: 0.011
MAPE Eb: 1.264
MAPE Rch: 0.548
--------------------------------------------------
**************************************************
Z=8, N=5, emax=10
RMSE Eb: 2.019
RMSE Rch: 0.025
MAPE Eb: 2.412
MAPE Rch: 1.166
--------------------------------------------------
**************************************************
Z=8, N=6, emax=4
RMSE Eb: 1.023
RMSE Rch: 0.009
MAPE Eb: 1.427
MAPE Rch: 0.386
--------------------------------------------------
**************************************************
Z=8, N=6, emax=8
RMSE Eb: 1.476
RMSE Rch: 0.017
MAPE Eb: 1.401
MAPE Rch: 0.796
--------------------------------------------------
**************************************************
Z=8, N=6, emax=6
RMSE Eb: 1.182
RMSE Rch: 0.011
MAPE Eb: 1.292
MAPE Rch: 0.554
--------------------------------------------------
**************************************************
Z=8, N=6, emax=10
RMSE Eb: 1.086
RMSE Rch: 0.019
MAPE Eb: 0.884
MAPE Rch: 1.024
--------------------------------------------------
**************************************************
Z=8, N=7, emax=4
RMSE Eb: 1.042
RMSE Rch: 0.009
MAPE Eb: 1.245
MAPE Rch: 0.423
--------------------------------------------------
**************************************************
Z=8, N=7, emax=8
RMSE Eb: 1.745
RMSE Rch: 0.015
MAPE Eb: 1.405
MAPE Rch: 0.772
--------------------------------------------------
**************************************************
Z=8, N=7, emax=6
RMSE Eb: 1.198
RMSE Rch: 0.014
MAPE Eb: 1.118
MAPE Rch: 0.671
--------------------------------------------------
**************************************************
Z=8, N=7, emax=10
RMSE Eb: 1.685
RMSE Rch: 0.018
MAPE Eb: 1.320
MAPE Rch: 1.036
--------------------------------------------------
**************************************************
Z=8, N=8, emax=4
RMSE Eb: 0.659
RMSE Rch: 0.008
MAPE Eb: 0.667
MAPE Rch: 0.228
--------------------------------------------------
**************************************************
Z=8, N=8, emax=6
RMSE Eb: 0.976
RMSE Rch: 0.010
MAPE Eb: 0.772
MAPE Rch: 0.283
--------------------------------------------------
**************************************************
Z=8, N=8, emax=8
RMSE Eb: 1.067
RMSE Rch: 0.012
MAPE Eb: 0.732
MAPE Rch: 0.334
--------------------------------------------------
**************************************************
Z=8, N=8, emax=10
RMSE Eb: 1.402
RMSE Rch: 0.035
MAPE Eb: 1.011
MAPE Rch: 1.083
--------------------------------------------------
**************************************************
Z=8, N=9, emax=4
RMSE Eb: 0.621
RMSE Rch: 0.006
MAPE Eb: 0.659
MAPE Rch: 0.158
--------------------------------------------------
**************************************************
Z=8, N=9, emax=8
RMSE Eb: 0.736
RMSE Rch: 0.009
MAPE Eb: 0.546
MAPE Rch: 0.254
--------------------------------------------------
**************************************************
Z=8, N=9, emax=6
RMSE Eb: 0.848
RMSE Rch: 0.008
MAPE Eb: 0.708
MAPE Rch: 0.226
--------------------------------------------------
**************************************************
Z=8, N=9, emax=10
RMSE Eb: 1.113
RMSE Rch: 0.016
MAPE Eb: 0.796
MAPE Rch: 0.492
--------------------------------------------------
**************************************************
Z=8, N=10, emax=4
RMSE Eb: 0.520
RMSE Rch: 0.005
MAPE Eb: 0.513
MAPE Rch: 0.134
--------------------------------------------------
**************************************************
Z=8, N=10, emax=6
RMSE Eb: 0.733
RMSE Rch: 0.006
MAPE Eb: 0.582
MAPE Rch: 0.174
--------------------------------------------------
**************************************************
Z=8, N=10, emax=8
RMSE Eb: 0.694
RMSE Rch: 0.008
MAPE Eb: 0.477
MAPE Rch: 0.225
--------------------------------------------------
**************************************************
Z=8, N=10, emax=10
RMSE Eb: 1.160
RMSE Rch: 0.008
MAPE Eb: 0.794
MAPE Rch: 0.214
--------------------------------------------------
**************************************************
Z=8, N=11, emax=8
RMSE Eb: 0.799
RMSE Rch: 0.009
MAPE Eb: 0.559
MAPE Rch: 0.255
--------------------------------------------------
**************************************************
Z=8, N=11, emax=4
RMSE Eb: 0.530
RMSE Rch: 0.006
MAPE Eb: 0.572
MAPE Rch: 0.159
--------------------------------------------------
**************************************************
Z=8, N=11, emax=6
RMSE Eb: 0.504
RMSE Rch: 0.007
MAPE Eb: 0.408
MAPE Rch: 0.198
--------------------------------------------------
**************************************************
Z=8, N=11, emax=10
RMSE Eb: 0.871
RMSE Rch: 0.012
MAPE Eb: 0.596
MAPE Rch: 0.367
--------------------------------------------------
**************************************************
Z=8, N=12, emax=6
RMSE Eb: 0.635
RMSE Rch: 0.007
MAPE Eb: 0.491
MAPE Rch: 0.198
--------------------------------------------------
**************************************************
Z=8, N=12, emax=8
RMSE Eb: 0.746
RMSE Rch: 0.008
MAPE Eb: 0.472
MAPE Rch: 0.221
--------------------------------------------------
**************************************************
Z=8, N=12, emax=4
RMSE Eb: 0.507
RMSE Rch: 0.005
MAPE Eb: 0.486
MAPE Rch: 0.119
--------------------------------------------------
**************************************************
Z=8, N=12, emax=10
RMSE Eb: 0.670
RMSE Rch: 0.007
MAPE Eb: 0.437
MAPE Rch: 0.207
--------------------------------------------------
**************************************************
Z=8, N=13, emax=8
RMSE Eb: 0.829
RMSE Rch: 0.009
MAPE Eb: 0.554
MAPE Rch: 0.269
--------------------------------------------------
**************************************************
Z=8, N=13, emax=4
RMSE Eb: 0.426
RMSE Rch: 0.005
MAPE Eb: 0.445
MAPE Rch: 0.126
--------------------------------------------------
**************************************************
Z=8, N=13, emax=6
RMSE Eb: 0.556
RMSE Rch: 0.006
MAPE Eb: 0.413
MAPE Rch: 0.165
--------------------------------------------------
**************************************************
Z=8, N=13, emax=10
RMSE Eb: 0.423
RMSE Rch: 0.014
MAPE Eb: 0.273
MAPE Rch: 0.245
--------------------------------------------------
**************************************************
Z=8, N=14, emax=6
RMSE Eb: 0.604
RMSE Rch: 0.007
MAPE Eb: 0.424
MAPE Rch: 0.198
--------------------------------------------------
**************************************************
Z=8, N=14, emax=10
RMSE Eb: 0.518
RMSE Rch: 0.010
MAPE Eb: 0.275
MAPE Rch: 0.326
--------------------------------------------------
**************************************************
Z=8, N=14, emax=4
RMSE Eb: 0.596
RMSE Rch: 0.006
MAPE Eb: 0.606
MAPE Rch: 0.155
--------------------------------------------------
**************************************************
Z=8, N=14, emax=8
RMSE Eb: 0.718
RMSE Rch: 0.010
MAPE Eb: 0.454
MAPE Rch: 0.245
--------------------------------------------------
**************************************************
Z=8, N=15, emax=8
RMSE Eb: 0.870
RMSE Rch: 0.010
MAPE Eb: 0.537
MAPE Rch: 0.262
--------------------------------------------------
**************************************************
Z=8, N=15, emax=6
RMSE Eb: 0.498
RMSE Rch: 0.006
MAPE Eb: 0.355
MAPE Rch: 0.166
--------------------------------------------------
**************************************************
Z=8, N=15, emax=4
RMSE Eb: 0.779
RMSE Rch: 0.005
MAPE Eb: 0.836
MAPE Rch: 0.142
--------------------------------------------------
**************************************************
Z=8, N=15, emax=10
RMSE Eb: 0.658
RMSE Rch: 0.010
MAPE Eb: 0.349
MAPE Rch: 0.272
--------------------------------------------------
**************************************************
Z=8, N=16, emax=4
RMSE Eb: 0.905
RMSE Rch: 0.008
MAPE Eb: 0.919
MAPE Rch: 0.223
--------------------------------------------------
**************************************************
Z=8, N=16, emax=8
RMSE Eb: 1.075
RMSE Rch: 0.008
MAPE Eb: 0.651
MAPE Rch: 0.225
--------------------------------------------------
**************************************************
Z=8, N=16, emax=6
RMSE Eb: 0.745
RMSE Rch: 0.009
MAPE Eb: 0.539
MAPE Rch: 0.246
--------------------------------------------------
**************************************************
Z=8, N=16, emax=10
RMSE Eb: 0.936
RMSE Rch: 0.011
MAPE Eb: 0.547
MAPE Rch: 0.273
--------------------------------------------------
