Activated conda environment
[DataLoader] Found 13 files matching the pattern.
[DataLoader] Combined data shape: (17234, 35)
[Preprocess] Data split => train: (11029, 35), val: (2758, 35), test: (3447, 35)
[Preprocess] Processed fidelity 4 (index 0): 3758 samples.
[Preprocess] Processed fidelity 6 (index 1): 3346 samples.
[Preprocess] Processed fidelity 8 (index 2): 3194 samples.
[Preprocess] Processed fidelity 10 (index 3): 731 samples.
[Preprocess] Processed fidelity 4 (index 0): 949 samples.
[Preprocess] Processed fidelity 6 (index 1): 833 samples.
[Preprocess] Processed fidelity 8 (index 2): 801 samples.
[Preprocess] Processed fidelity 10 (index 3): 175 samples.
Fidelity levels: [4, 6, 8, 10]
[Trainer] Starting BNN training...
[Trainer] No improvement. Iteration 7300. Early stopping counter: 1, LR counter: 1
[Trainer] No improvement. Iteration 7600. Early stopping counter: 1, LR counter: 1
[Trainer] No improvement. Iteration 7800. Early stopping counter: 1, LR counter: 1
[Trainer] No improvement. Iteration 7900. Early stopping counter: 2, LR counter: 2
[Trainer] No improvement. Iteration 8200. Early stopping counter: 1, LR counter: 1
[Trainer] No improvement. Iteration 8300. Early stopping counter: 2, LR counter: 2
[Trainer] No improvement. Iteration 8400. Early stopping counter: 3, LR counter: 3
[Trainer] No improvement. Iteration 8600. Early stopping counter: 1, LR counter: 1
[Trainer] No improvement. Iteration 9000. Early stopping counter: 1, LR counter: 1
[Trainer] No improvement. Iteration 9400. Early stopping counter: 1, LR counter: 1
[Trainer] No improvement. Iteration 9500. Early stopping counter: 2, LR counter: 2
[Trainer] No improvement. Iteration 9600. Early stopping counter: 3, LR counter: 3
[Trainer] No improvement. Iteration 9700. Early stopping counter: 4, LR counter: 4
[Trainer] No improvement. Iteration 9800. Early stopping counter: 5, LR counter: 5
[Trainer] No improvement. Iteration 9900. Early stopping counter: 6, LR counter: 6
[Trainer] No improvement. Iteration 10000. Early stopping counter: 7, LR counter: 7
[Trainer] No improvement. Iteration 10100. Early stopping counter: 8, LR counter: 8
[Trainer] No improvement. Iteration 10200. Early stopping counter: 9, LR counter: 9
[Trainer] No improvement. Iteration 10300. Early stopping counter: 10, LR counter: 10
[Trainer] No improvement. Iteration 10400. Early stopping counter: 11, LR counter: 11
[Trainer] No improvement. Iteration 10500. Early stopping counter: 12, LR counter: 12
[Trainer] No improvement. Iteration 10600. Early stopping counter: 13, LR counter: 13
[Trainer] No improvement. Iteration 10700. Early stopping counter: 14, LR counter: 14
[Trainer] No improvement. Iteration 10800. Early stopping counter: 15, LR counter: 15
[Trainer] No improvement. Iteration 10900. Early stopping counter: 16, LR counter: 16
[Trainer] No improvement. Iteration 11000. Early stopping counter: 17, LR counter: 17
[Trainer] No improvement. Iteration 11100. Early stopping counter: 18, LR counter: 18
[Trainer] No improvement. Iteration 11200. Early stopping counter: 19, LR counter: 19
[Trainer] No improvement. Iteration 11300. Early stopping counter: 20, LR counter: 20
[Trainer] No improvement. Iteration 11400. Early stopping counter: 21, LR counter: 21
[Trainer] No improvement. Iteration 11500. Early stopping counter: 22, LR counter: 22
[Trainer] No improvement. Iteration 11600. Early stopping counter: 23, LR counter: 23
[Trainer] No improvement. Iteration 11700. Early stopping counter: 24, LR counter: 24
[Trainer] No improvement. Iteration 11800. Early stopping counter: 25, LR counter: 25
[Trainer] Learning rate reduced to: 0.000010
[Trainer] No improvement. Iteration 11900. Early stopping counter: 26, LR counter: 1
[Trainer] No improvement. Iteration 12000. Early stopping counter: 27, LR counter: 2
[Trainer] No improvement. Iteration 12100. Early stopping counter: 28, LR counter: 3
[Trainer] No improvement. Iteration 12200. Early stopping counter: 29, LR counter: 4
[Trainer] No improvement. Iteration 12300. Early stopping counter: 30, LR counter: 5
[Trainer] No improvement. Iteration 12400. Early stopping counter: 31, LR counter: 6
[Trainer] No improvement. Iteration 12500. Early stopping counter: 32, LR counter: 7
[Trainer] No improvement. Iteration 12600. Early stopping counter: 33, LR counter: 8
[Trainer] No improvement. Iteration 12700. Early stopping counter: 34, LR counter: 9
[Trainer] No improvement. Iteration 12800. Early stopping counter: 35, LR counter: 10
[Trainer] No improvement. Iteration 12900. Early stopping counter: 36, LR counter: 11
[Trainer] No improvement. Iteration 13000. Early stopping counter: 37, LR counter: 12
[Trainer] No improvement. Iteration 13100. Early stopping counter: 38, LR counter: 13
[Trainer] No improvement. Iteration 13200. Early stopping counter: 39, LR counter: 14
[Trainer] No improvement. Iteration 13300. Early stopping counter: 40, LR counter: 15
[Trainer] No improvement. Iteration 13400. Early stopping counter: 41, LR counter: 16
[Trainer] No improvement. Iteration 13500. Early stopping counter: 42, LR counter: 17
[Trainer] No improvement. Iteration 13600. Early stopping counter: 43, LR counter: 18
[Trainer] No improvement. Iteration 13700. Early stopping counter: 44, LR counter: 19
[Trainer] No improvement. Iteration 13800. Early stopping counter: 45, LR counter: 20
[Trainer] No improvement. Iteration 13900. Early stopping counter: 46, LR counter: 21
[Trainer] No improvement. Iteration 14000. Early stopping counter: 47, LR counter: 22
[Trainer] No improvement. Iteration 14100. Early stopping counter: 48, LR counter: 23
[Trainer] No improvement. Iteration 14200. Early stopping counter: 49, LR counter: 24
[Trainer] No improvement. Iteration 14300. Early stopping counter: 50, LR counter: 25
[Trainer] Learning rate reduced to: 0.000001
[Trainer] Early stopping triggered.
[Trainer] Training completed.
[Trainer] Calibrating temperatures on validation set...
[Trainer] Temperature calibration finished. Calibrated temperatures: {4: 1.1870079040527344, 6: 1.3118499517440796, 8: 1.3368381261825562, 10: 1.7360398769378662}
[Trainer] BNN training completed.
**************************************************
Z=8, N=4, emax=4
RMSE Eb: 0.580
RMSE Rch: 0.010
MAPE Eb: 1.720
MAPE Rch: 0.451
--------------------------------------------------
**************************************************
Z=8, N=4, emax=10
RMSE Eb: 1.303
RMSE Rch: 0.039
MAPE Eb: 2.121
MAPE Rch: 1.840
--------------------------------------------------
**************************************************
Z=8, N=4, emax=6
RMSE Eb: 0.795
RMSE Rch: 0.013
MAPE Eb: 1.572
MAPE Rch: 0.630
--------------------------------------------------
**************************************************
Z=8, N=4, emax=8
RMSE Eb: 0.767
RMSE Rch: 0.017
MAPE Eb: 1.208
MAPE Rch: 0.818
--------------------------------------------------
**************************************************
Z=8, N=5, emax=8
RMSE Eb: 0.909
RMSE Rch: 0.012
MAPE Eb: 1.180
MAPE Rch: 0.587
--------------------------------------------------
**************************************************
Z=8, N=5, emax=6
RMSE Eb: 0.669
RMSE Rch: 0.010
MAPE Eb: 0.929
MAPE Rch: 0.477
--------------------------------------------------
**************************************************
Z=8, N=5, emax=4
RMSE Eb: 0.839
RMSE Rch: 0.007
MAPE Eb: 1.783
MAPE Rch: 0.312
--------------------------------------------------
**************************************************
Z=8, N=5, emax=10
RMSE Eb: 0.721
RMSE Rch: 0.017
MAPE Eb: 1.029
MAPE Rch: 0.829
--------------------------------------------------
**************************************************
Z=8, N=6, emax=4
RMSE Eb: 0.861
RMSE Rch: 0.007
MAPE Eb: 1.317
MAPE Rch: 0.325
--------------------------------------------------
**************************************************
Z=8, N=6, emax=6
RMSE Eb: 0.790
RMSE Rch: 0.013
MAPE Eb: 0.854
MAPE Rch: 0.608
--------------------------------------------------
**************************************************
Z=8, N=6, emax=8
RMSE Eb: 1.050
RMSE Rch: 0.015
MAPE Eb: 1.012
MAPE Rch: 0.694
--------------------------------------------------
**************************************************
Z=8, N=6, emax=10
RMSE Eb: 1.279
RMSE Rch: 0.027
MAPE Eb: 1.180
MAPE Rch: 1.178
--------------------------------------------------
**************************************************
Z=8, N=7, emax=8
RMSE Eb: 1.147
RMSE Rch: 0.018
MAPE Eb: 0.938
MAPE Rch: 0.888
--------------------------------------------------
**************************************************
Z=8, N=7, emax=10
RMSE Eb: 1.445
RMSE Rch: 0.032
MAPE Eb: 0.844
MAPE Rch: 1.643
--------------------------------------------------
**************************************************
Z=8, N=7, emax=6
RMSE Eb: 0.887
RMSE Rch: 0.017
MAPE Eb: 0.837
MAPE Rch: 0.896
--------------------------------------------------
**************************************************
Z=8, N=7, emax=4
RMSE Eb: 0.903
RMSE Rch: 0.012
MAPE Eb: 1.154
MAPE Rch: 0.605
--------------------------------------------------
**************************************************
Z=8, N=8, emax=4
RMSE Eb: 0.612
RMSE Rch: 0.013
MAPE Eb: 0.689
MAPE Rch: 0.366
--------------------------------------------------
**************************************************
Z=8, N=8, emax=8
RMSE Eb: 0.789
RMSE Rch: 0.021
MAPE Eb: 0.612
MAPE Rch: 0.596
--------------------------------------------------
**************************************************
Z=8, N=8, emax=6
RMSE Eb: 0.621
RMSE Rch: 0.017
MAPE Eb: 0.495
MAPE Rch: 0.510
--------------------------------------------------
**************************************************
Z=8, N=8, emax=10
RMSE Eb: 1.482
RMSE Rch: 0.038
MAPE Eb: 1.175
MAPE Rch: 0.985
--------------------------------------------------
**************************************************
Z=8, N=9, emax=8
RMSE Eb: 0.740
RMSE Rch: 0.011
MAPE Eb: 0.535
MAPE Rch: 0.307
--------------------------------------------------
**************************************************
Z=8, N=9, emax=6
RMSE Eb: 0.647
RMSE Rch: 0.009
MAPE Eb: 0.498
MAPE Rch: 0.255
--------------------------------------------------
**************************************************
Z=8, N=9, emax=4
RMSE Eb: 0.545
RMSE Rch: 0.006
MAPE Eb: 0.586
MAPE Rch: 0.162
--------------------------------------------------
**************************************************
Z=8, N=9, emax=10
RMSE Eb: 1.106
RMSE Rch: 0.016
MAPE Eb: 0.899
MAPE Rch: 0.483
--------------------------------------------------
**************************************************
Z=8, N=10, emax=4
RMSE Eb: 0.583
RMSE Rch: 0.006
MAPE Eb: 0.608
MAPE Rch: 0.157
--------------------------------------------------
**************************************************
Z=8, N=10, emax=10
RMSE Eb: 0.898
RMSE Rch: 0.011
MAPE Eb: 0.615
MAPE Rch: 0.325
--------------------------------------------------
**************************************************
Z=8, N=10, emax=6
RMSE Eb: 0.540
RMSE Rch: 0.009
MAPE Eb: 0.438
MAPE Rch: 0.249
--------------------------------------------------
**************************************************
Z=8, N=10, emax=8
RMSE Eb: 0.538
RMSE Rch: 0.011
MAPE Eb: 0.360
MAPE Rch: 0.310
--------------------------------------------------
**************************************************
Z=8, N=11, emax=4
RMSE Eb: 0.656
RMSE Rch: 0.005
MAPE Eb: 0.758
MAPE Rch: 0.134
--------------------------------------------------
**************************************************
Z=8, N=11, emax=6
RMSE Eb: 0.500
RMSE Rch: 0.008
MAPE Eb: 0.385
MAPE Rch: 0.219
--------------------------------------------------
**************************************************
Z=8, N=11, emax=8
RMSE Eb: 0.459
RMSE Rch: 0.008
MAPE Eb: 0.318
MAPE Rch: 0.227
--------------------------------------------------
**************************************************
Z=8, N=11, emax=10
RMSE Eb: 0.882
RMSE Rch: 0.014
MAPE Eb: 0.599
MAPE Rch: 0.438
--------------------------------------------------
**************************************************
Z=8, N=12, emax=6
RMSE Eb: 0.432
RMSE Rch: 0.008
MAPE Eb: 0.322
MAPE Rch: 0.210
--------------------------------------------------
**************************************************
Z=8, N=12, emax=4
RMSE Eb: 0.608
RMSE Rch: 0.005
MAPE Eb: 0.645
MAPE Rch: 0.136
--------------------------------------------------
**************************************************
Z=8, N=12, emax=8
RMSE Eb: 0.515
RMSE Rch: 0.010
MAPE Eb: 0.342
MAPE Rch: 0.254
--------------------------------------------------
**************************************************
Z=8, N=12, emax=10
RMSE Eb: 0.949
RMSE Rch: 0.011
MAPE Eb: 0.707
MAPE Rch: 0.330
--------------------------------------------------
**************************************************
Z=8, N=13, emax=8
RMSE Eb: 0.576
RMSE Rch: 0.009
MAPE Eb: 0.358
MAPE Rch: 0.244
--------------------------------------------------
**************************************************
Z=8, N=13, emax=4
RMSE Eb: 0.780
RMSE Rch: 0.004
MAPE Eb: 0.852
MAPE Rch: 0.123
--------------------------------------------------
**************************************************
Z=8, N=13, emax=10
RMSE Eb: 0.669
RMSE Rch: 0.011
MAPE Eb: 0.363
MAPE Rch: 0.303
--------------------------------------------------
**************************************************
Z=8, N=13, emax=6
RMSE Eb: 0.454
RMSE Rch: 0.006
MAPE Eb: 0.346
MAPE Rch: 0.167
--------------------------------------------------
**************************************************
Z=8, N=14, emax=8
RMSE Eb: 0.623
RMSE Rch: 0.013
MAPE Eb: 0.371
MAPE Rch: 0.306
--------------------------------------------------
**************************************************
Z=8, N=14, emax=4
RMSE Eb: 0.589
RMSE Rch: 0.006
MAPE Eb: 0.610
MAPE Rch: 0.149
--------------------------------------------------
**************************************************
Z=8, N=14, emax=6
RMSE Eb: 0.468
RMSE Rch: 0.007
MAPE Eb: 0.337
MAPE Rch: 0.174
--------------------------------------------------
**************************************************
Z=8, N=14, emax=10
RMSE Eb: 0.958
RMSE Rch: 0.016
MAPE Eb: 0.669
MAPE Rch: 0.456
--------------------------------------------------
**************************************************
Z=8, N=15, emax=8
RMSE Eb: 0.586
RMSE Rch: 0.008
MAPE Eb: 0.346
MAPE Rch: 0.229
--------------------------------------------------
**************************************************
Z=8, N=15, emax=4
RMSE Eb: 0.699
RMSE Rch: 0.005
MAPE Eb: 0.739
MAPE Rch: 0.146
--------------------------------------------------
**************************************************
Z=8, N=15, emax=6
RMSE Eb: 0.428
RMSE Rch: 0.007
MAPE Eb: 0.310
MAPE Rch: 0.201
--------------------------------------------------
**************************************************
Z=8, N=15, emax=10
RMSE Eb: 0.907
RMSE Rch: 0.016
MAPE Eb: 0.532
MAPE Rch: 0.427
--------------------------------------------------
**************************************************
Z=8, N=16, emax=8
RMSE Eb: 0.674
RMSE Rch: 0.010
MAPE Eb: 0.424
MAPE Rch: 0.276
--------------------------------------------------
**************************************************
Z=8, N=16, emax=6
RMSE Eb: 0.463
RMSE Rch: 0.007
MAPE Eb: 0.331
MAPE Rch: 0.198
--------------------------------------------------
**************************************************
Z=8, N=16, emax=10
RMSE Eb: 1.035
RMSE Rch: 0.015
MAPE Eb: 0.601
MAPE Rch: 0.450
--------------------------------------------------
**************************************************
Z=8, N=16, emax=4
RMSE Eb: 0.819
RMSE Rch: 0.006
MAPE Eb: 0.867
MAPE Rch: 0.150
--------------------------------------------------
Finished VAL for AE n=695
**************************************************
Z=8, N=4, emax=6
RMSE Eb: 0.695
RMSE Rch: 0.013
MAPE Eb: 1.247
MAPE Rch: 0.642
--------------------------------------------------
**************************************************
Z=8, N=4, emax=8
RMSE Eb: 0.830
RMSE Rch: 0.015
MAPE Eb: 1.427
MAPE Rch: 0.760
--------------------------------------------------
**************************************************
Z=8, N=4, emax=4
RMSE Eb: 0.694
RMSE Rch: 0.009
MAPE Eb: 1.952
MAPE Rch: 0.413
--------------------------------------------------
**************************************************
Z=8, N=4, emax=10
RMSE Eb: 0.814
RMSE Rch: 0.026
MAPE Eb: 1.159
MAPE Rch: 1.272
--------------------------------------------------
**************************************************
Z=8, N=5, emax=4
RMSE Eb: 0.793
RMSE Rch: 0.007
MAPE Eb: 1.677
MAPE Rch: 0.333
--------------------------------------------------
**************************************************
Z=8, N=5, emax=8
RMSE Eb: 0.781
RMSE Rch: 0.013
MAPE Eb: 0.960
MAPE Rch: 0.639
--------------------------------------------------
**************************************************
Z=8, N=5, emax=6
RMSE Eb: 0.757
RMSE Rch: 0.010
MAPE Eb: 1.077
MAPE Rch: 0.483
--------------------------------------------------
**************************************************
Z=8, N=5, emax=10
RMSE Eb: 0.409
RMSE Rch: 0.016
MAPE Eb: 0.457
MAPE Rch: 0.850
--------------------------------------------------
**************************************************
Z=8, N=6, emax=4
RMSE Eb: 0.886
RMSE Rch: 0.008
MAPE Eb: 1.337
MAPE Rch: 0.350
--------------------------------------------------
**************************************************
Z=8, N=6, emax=8
RMSE Eb: 1.052
RMSE Rch: 0.017
MAPE Eb: 0.946
MAPE Rch: 0.821
--------------------------------------------------
**************************************************
Z=8, N=6, emax=6
RMSE Eb: 1.013
RMSE Rch: 0.011
MAPE Eb: 1.149
MAPE Rch: 0.503
--------------------------------------------------
**************************************************
Z=8, N=6, emax=10
RMSE Eb: 0.850
RMSE Rch: 0.017
MAPE Eb: 0.858
MAPE Rch: 0.980
--------------------------------------------------
**************************************************
Z=8, N=7, emax=4
RMSE Eb: 0.870
RMSE Rch: 0.011
MAPE Eb: 1.047
MAPE Rch: 0.584
--------------------------------------------------
**************************************************
Z=8, N=7, emax=8
RMSE Eb: 1.224
RMSE Rch: 0.016
MAPE Eb: 1.026
MAPE Rch: 0.797
--------------------------------------------------
**************************************************
Z=8, N=7, emax=6
RMSE Eb: 0.886
RMSE Rch: 0.018
MAPE Eb: 0.845
MAPE Rch: 0.963
--------------------------------------------------
**************************************************
Z=8, N=7, emax=10
RMSE Eb: 1.293
RMSE Rch: 0.032
MAPE Eb: 1.013
MAPE Rch: 1.745
--------------------------------------------------
**************************************************
Z=8, N=8, emax=4
RMSE Eb: 0.574
RMSE Rch: 0.013
MAPE Eb: 0.579
MAPE Rch: 0.372
--------------------------------------------------
**************************************************
Z=8, N=8, emax=6
RMSE Eb: 0.645
RMSE Rch: 0.018
MAPE Eb: 0.534
MAPE Rch: 0.533
--------------------------------------------------
**************************************************
Z=8, N=8, emax=8
RMSE Eb: 0.937
RMSE Rch: 0.020
MAPE Eb: 0.695
MAPE Rch: 0.606
--------------------------------------------------
**************************************************
Z=8, N=8, emax=10
RMSE Eb: 1.136
RMSE Rch: 0.024
MAPE Eb: 0.861
MAPE Rch: 0.757
--------------------------------------------------
**************************************************
Z=8, N=9, emax=4
RMSE Eb: 0.548
RMSE Rch: 0.007
MAPE Eb: 0.629
MAPE Rch: 0.176
--------------------------------------------------
**************************************************
Z=8, N=9, emax=8
RMSE Eb: 0.701
RMSE Rch: 0.012
MAPE Eb: 0.501
MAPE Rch: 0.341
--------------------------------------------------
**************************************************
Z=8, N=9, emax=6
RMSE Eb: 0.509
RMSE Rch: 0.011
MAPE Eb: 0.416
MAPE Rch: 0.317
--------------------------------------------------
**************************************************
Z=8, N=9, emax=10
RMSE Eb: 0.774
RMSE Rch: 0.020
MAPE Eb: 0.606
MAPE Rch: 0.624
--------------------------------------------------
**************************************************
Z=8, N=10, emax=4
RMSE Eb: 0.610
RMSE Rch: 0.006
MAPE Eb: 0.649
MAPE Rch: 0.182
--------------------------------------------------
**************************************************
Z=8, N=10, emax=6
RMSE Eb: 0.603
RMSE Rch: 0.008
MAPE Eb: 0.433
MAPE Rch: 0.212
--------------------------------------------------
**************************************************
Z=8, N=10, emax=8
RMSE Eb: 0.545
RMSE Rch: 0.009
MAPE Eb: 0.349
MAPE Rch: 0.262
--------------------------------------------------
**************************************************
Z=8, N=10, emax=10
RMSE Eb: 1.125
RMSE Rch: 0.017
MAPE Eb: 0.768
MAPE Rch: 0.510
--------------------------------------------------
**************************************************
Z=8, N=11, emax=8
RMSE Eb: 0.506
RMSE Rch: 0.009
MAPE Eb: 0.358
MAPE Rch: 0.237
--------------------------------------------------
**************************************************
Z=8, N=11, emax=4
RMSE Eb: 0.675
RMSE Rch: 0.005
MAPE Eb: 0.777
MAPE Rch: 0.134
--------------------------------------------------
**************************************************
Z=8, N=11, emax=6
RMSE Eb: 0.537
RMSE Rch: 0.008
MAPE Eb: 0.379
MAPE Rch: 0.235
--------------------------------------------------
**************************************************
Z=8, N=11, emax=10
RMSE Eb: 0.776
RMSE Rch: 0.012
MAPE Eb: 0.484
MAPE Rch: 0.340
--------------------------------------------------
**************************************************
Z=8, N=12, emax=6
RMSE Eb: 0.462
RMSE Rch: 0.008
MAPE Eb: 0.340
MAPE Rch: 0.211
--------------------------------------------------
**************************************************
Z=8, N=12, emax=8
RMSE Eb: 0.585
RMSE Rch: 0.009
MAPE Eb: 0.374
MAPE Rch: 0.268
--------------------------------------------------
**************************************************
Z=8, N=12, emax=4
RMSE Eb: 0.691
RMSE Rch: 0.005
MAPE Eb: 0.750
MAPE Rch: 0.122
--------------------------------------------------
**************************************************
Z=8, N=12, emax=10
RMSE Eb: 0.954
RMSE Rch: 0.010
MAPE Eb: 0.644
MAPE Rch: 0.295
--------------------------------------------------
**************************************************
Z=8, N=13, emax=8
RMSE Eb: 0.512
RMSE Rch: 0.010
MAPE Eb: 0.347
MAPE Rch: 0.281
--------------------------------------------------
**************************************************
Z=8, N=13, emax=4
RMSE Eb: 0.616
RMSE Rch: 0.006
MAPE Eb: 0.679
MAPE Rch: 0.155
--------------------------------------------------
**************************************************
Z=8, N=13, emax=6
RMSE Eb: 0.453
RMSE Rch: 0.007
MAPE Eb: 0.345
MAPE Rch: 0.187
--------------------------------------------------
**************************************************
Z=8, N=13, emax=10
RMSE Eb: 0.766
RMSE Rch: 0.022
MAPE Eb: 0.535
MAPE Rch: 0.426
--------------------------------------------------
**************************************************
Z=8, N=14, emax=6
RMSE Eb: 0.547
RMSE Rch: 0.007
MAPE Eb: 0.370
MAPE Rch: 0.203
--------------------------------------------------
**************************************************
Z=8, N=14, emax=10
RMSE Eb: 0.814
RMSE Rch: 0.016
MAPE Eb: 0.505
MAPE Rch: 0.421
--------------------------------------------------
**************************************************
Z=8, N=14, emax=4
RMSE Eb: 0.570
RMSE Rch: 0.005
MAPE Eb: 0.573
MAPE Rch: 0.148
--------------------------------------------------
**************************************************
Z=8, N=14, emax=8
RMSE Eb: 0.574
RMSE Rch: 0.011
MAPE Eb: 0.332
MAPE Rch: 0.289
--------------------------------------------------
**************************************************
Z=8, N=15, emax=8
RMSE Eb: 0.520
RMSE Rch: 0.010
MAPE Eb: 0.308
MAPE Rch: 0.282
--------------------------------------------------
**************************************************
Z=8, N=15, emax=6
RMSE Eb: 0.488
RMSE Rch: 0.006
MAPE Eb: 0.353
MAPE Rch: 0.156
--------------------------------------------------
**************************************************
Z=8, N=15, emax=4
RMSE Eb: 0.643
RMSE Rch: 0.005
MAPE Eb: 0.718
MAPE Rch: 0.136
--------------------------------------------------
**************************************************
Z=8, N=15, emax=10
RMSE Eb: 1.032
RMSE Rch: 0.016
MAPE Eb: 0.638
MAPE Rch: 0.455
--------------------------------------------------
**************************************************
Z=8, N=16, emax=4
RMSE Eb: 0.793
RMSE Rch: 0.005
MAPE Eb: 0.839
MAPE Rch: 0.152
--------------------------------------------------
**************************************************
Z=8, N=16, emax=8
RMSE Eb: 0.536
RMSE Rch: 0.010
MAPE Eb: 0.323
MAPE Rch: 0.267
--------------------------------------------------
**************************************************
Z=8, N=16, emax=6
RMSE Eb: 0.534
RMSE Rch: 0.007
MAPE Eb: 0.374
MAPE Rch: 0.191
--------------------------------------------------
**************************************************
Z=8, N=16, emax=10
RMSE Eb: 1.126
RMSE Rch: 0.016
MAPE Eb: 0.577
MAPE Rch: 0.443
--------------------------------------------------
