Activated conda environment
[DataLoader] Found 13 files matching the pattern.
[DataLoader] Combined data shape: (17234, 35)
[Preprocess] Data split => train: (11029, 35), val: (2758, 35), test: (3447, 35)
[Preprocess] Processed fidelity 4 (index 0): 3758 samples.
[Preprocess] Processed fidelity 6 (index 1): 3346 samples.
[Preprocess] Processed fidelity 8 (index 2): 3194 samples.
[Preprocess] Processed fidelity 10 (index 3): 731 samples.
[Preprocess] Processed fidelity 4 (index 0): 949 samples.
[Preprocess] Processed fidelity 6 (index 1): 833 samples.
[Preprocess] Processed fidelity 8 (index 2): 801 samples.
[Preprocess] Processed fidelity 10 (index 3): 175 samples.
Fidelity levels: [4, 6, 8, 10]
[Trainer] Starting BNN training...
[Trainer] No improvement. Iteration 9000. Early stopping counter: 1, LR counter: 1
[Trainer] No improvement. Iteration 9200. Early stopping counter: 1, LR counter: 1
[Trainer] No improvement. Iteration 9600. Early stopping counter: 1, LR counter: 1
[Trainer] No improvement. Iteration 9700. Early stopping counter: 2, LR counter: 2
[Trainer] No improvement. Iteration 9800. Early stopping counter: 3, LR counter: 3
[Trainer] No improvement. Iteration 9900. Early stopping counter: 4, LR counter: 4
[Trainer] No improvement. Iteration 10000. Early stopping counter: 5, LR counter: 5
[Trainer] No improvement. Iteration 10100. Early stopping counter: 6, LR counter: 6
[Trainer] No improvement. Iteration 10200. Early stopping counter: 7, LR counter: 7
[Trainer] No improvement. Iteration 10300. Early stopping counter: 8, LR counter: 8
[Trainer] No improvement. Iteration 10400. Early stopping counter: 9, LR counter: 9
[Trainer] No improvement. Iteration 10500. Early stopping counter: 10, LR counter: 10
[Trainer] No improvement. Iteration 10700. Early stopping counter: 1, LR counter: 1
[Trainer] No improvement. Iteration 10800. Early stopping counter: 2, LR counter: 2
[Trainer] No improvement. Iteration 10900. Early stopping counter: 3, LR counter: 3
[Trainer] No improvement. Iteration 11000. Early stopping counter: 4, LR counter: 4
[Trainer] No improvement. Iteration 11100. Early stopping counter: 5, LR counter: 5
[Trainer] No improvement. Iteration 11200. Early stopping counter: 6, LR counter: 6
[Trainer] No improvement. Iteration 11300. Early stopping counter: 7, LR counter: 7
[Trainer] No improvement. Iteration 11400. Early stopping counter: 8, LR counter: 8
[Trainer] No improvement. Iteration 11500. Early stopping counter: 9, LR counter: 9
[Trainer] No improvement. Iteration 11600. Early stopping counter: 10, LR counter: 10
[Trainer] No improvement. Iteration 11700. Early stopping counter: 11, LR counter: 11
[Trainer] No improvement. Iteration 11800. Early stopping counter: 12, LR counter: 12
[Trainer] No improvement. Iteration 11900. Early stopping counter: 13, LR counter: 13
[Trainer] No improvement. Iteration 12000. Early stopping counter: 14, LR counter: 14
[Trainer] No improvement. Iteration 12100. Early stopping counter: 15, LR counter: 15
[Trainer] No improvement. Iteration 12200. Early stopping counter: 16, LR counter: 16
[Trainer] No improvement. Iteration 12300. Early stopping counter: 17, LR counter: 17
[Trainer] No improvement. Iteration 12400. Early stopping counter: 18, LR counter: 18
[Trainer] No improvement. Iteration 12500. Early stopping counter: 19, LR counter: 19
[Trainer] No improvement. Iteration 12600. Early stopping counter: 20, LR counter: 20
[Trainer] No improvement. Iteration 12700. Early stopping counter: 21, LR counter: 21
[Trainer] No improvement. Iteration 12800. Early stopping counter: 22, LR counter: 22
[Trainer] No improvement. Iteration 12900. Early stopping counter: 23, LR counter: 23
[Trainer] No improvement. Iteration 13000. Early stopping counter: 24, LR counter: 24
[Trainer] No improvement. Iteration 13100. Early stopping counter: 25, LR counter: 25
[Trainer] Learning rate reduced to: 0.000010
[Trainer] No improvement. Iteration 13200. Early stopping counter: 26, LR counter: 1
[Trainer] No improvement. Iteration 13300. Early stopping counter: 27, LR counter: 2
[Trainer] No improvement. Iteration 13400. Early stopping counter: 28, LR counter: 3
[Trainer] No improvement. Iteration 13500. Early stopping counter: 29, LR counter: 4
[Trainer] No improvement. Iteration 13600. Early stopping counter: 30, LR counter: 5
[Trainer] No improvement. Iteration 13700. Early stopping counter: 31, LR counter: 6
[Trainer] No improvement. Iteration 13800. Early stopping counter: 32, LR counter: 7
[Trainer] No improvement. Iteration 13900. Early stopping counter: 33, LR counter: 8
[Trainer] No improvement. Iteration 14000. Early stopping counter: 34, LR counter: 9
[Trainer] No improvement. Iteration 14100. Early stopping counter: 35, LR counter: 10
[Trainer] No improvement. Iteration 14200. Early stopping counter: 36, LR counter: 11
[Trainer] No improvement. Iteration 14300. Early stopping counter: 37, LR counter: 12
[Trainer] No improvement. Iteration 14400. Early stopping counter: 38, LR counter: 13
[Trainer] No improvement. Iteration 14500. Early stopping counter: 39, LR counter: 14
[Trainer] No improvement. Iteration 14600. Early stopping counter: 40, LR counter: 15
[Trainer] No improvement. Iteration 14700. Early stopping counter: 41, LR counter: 16
[Trainer] No improvement. Iteration 14800. Early stopping counter: 42, LR counter: 17
[Trainer] No improvement. Iteration 14900. Early stopping counter: 43, LR counter: 18
[Trainer] No improvement. Iteration 15000. Early stopping counter: 44, LR counter: 19
[Trainer] No improvement. Iteration 15100. Early stopping counter: 45, LR counter: 20
[Trainer] No improvement. Iteration 15200. Early stopping counter: 46, LR counter: 21
[Trainer] No improvement. Iteration 15300. Early stopping counter: 47, LR counter: 22
[Trainer] No improvement. Iteration 15400. Early stopping counter: 48, LR counter: 23
[Trainer] No improvement. Iteration 15500. Early stopping counter: 49, LR counter: 24
[Trainer] No improvement. Iteration 15600. Early stopping counter: 50, LR counter: 25
[Trainer] Learning rate reduced to: 0.000001
[Trainer] Early stopping triggered.
[Trainer] Training completed.
[Trainer] Calibrating temperatures on validation set...
[Trainer] Temperature calibration finished. Calibrated temperatures: {4: 1.4320648908615112, 6: 1.317944049835205, 8: 1.3793009519577026, 10: 1.3921912908554077}
[Trainer] BNN training completed.
**************************************************
Z=8, N=4, emax=4
RMSE Eb: 1.054
RMSE Rch: 0.013
MAPE Eb: 2.973
MAPE Rch: 0.609
--------------------------------------------------
**************************************************
Z=8, N=4, emax=10
RMSE Eb: 1.792
RMSE Rch: 0.035
MAPE Eb: 2.258
MAPE Rch: 1.689
--------------------------------------------------
**************************************************
Z=8, N=4, emax=6
RMSE Eb: 1.135
RMSE Rch: 0.012
MAPE Eb: 2.197
MAPE Rch: 0.582
--------------------------------------------------
**************************************************
Z=8, N=4, emax=8
RMSE Eb: 1.247
RMSE Rch: 0.020
MAPE Eb: 2.061
MAPE Rch: 0.906
--------------------------------------------------
**************************************************
Z=8, N=5, emax=8
RMSE Eb: 1.159
RMSE Rch: 0.015
MAPE Eb: 1.527
MAPE Rch: 0.722
--------------------------------------------------
**************************************************
Z=8, N=5, emax=6
RMSE Eb: 1.198
RMSE Rch: 0.010
MAPE Eb: 1.687
MAPE Rch: 0.491
--------------------------------------------------
**************************************************
Z=8, N=5, emax=4
RMSE Eb: 0.858
RMSE Rch: 0.008
MAPE Eb: 1.676
MAPE Rch: 0.378
--------------------------------------------------
**************************************************
Z=8, N=5, emax=10
RMSE Eb: 1.105
RMSE Rch: 0.012
MAPE Eb: 1.538
MAPE Rch: 0.601
--------------------------------------------------
**************************************************
Z=8, N=6, emax=4
RMSE Eb: 1.150
RMSE Rch: 0.009
MAPE Eb: 1.732
MAPE Rch: 0.414
--------------------------------------------------
**************************************************
Z=8, N=6, emax=6
RMSE Eb: 1.253
RMSE Rch: 0.009
MAPE Eb: 1.404
MAPE Rch: 0.433
--------------------------------------------------
**************************************************
Z=8, N=6, emax=8
RMSE Eb: 1.376
RMSE Rch: 0.012
MAPE Eb: 1.265
MAPE Rch: 0.585
--------------------------------------------------
**************************************************
Z=8, N=6, emax=10
RMSE Eb: 1.118
RMSE Rch: 0.019
MAPE Eb: 0.948
MAPE Rch: 0.949
--------------------------------------------------
**************************************************
Z=8, N=7, emax=8
RMSE Eb: 1.488
RMSE Rch: 0.015
MAPE Eb: 1.178
MAPE Rch: 0.739
--------------------------------------------------
**************************************************
Z=8, N=7, emax=10
RMSE Eb: 1.344
RMSE Rch: 0.016
MAPE Eb: 0.936
MAPE Rch: 0.941
--------------------------------------------------
**************************************************
Z=8, N=7, emax=6
RMSE Eb: 1.188
RMSE Rch: 0.016
MAPE Eb: 1.068
MAPE Rch: 0.798
--------------------------------------------------
**************************************************
Z=8, N=7, emax=4
RMSE Eb: 1.121
RMSE Rch: 0.012
MAPE Eb: 1.315
MAPE Rch: 0.599
--------------------------------------------------
**************************************************
Z=8, N=8, emax=4
RMSE Eb: 0.798
RMSE Rch: 0.033
MAPE Eb: 0.857
MAPE Rch: 1.035
--------------------------------------------------
**************************************************
Z=8, N=8, emax=8
RMSE Eb: 1.164
RMSE Rch: 0.019
MAPE Eb: 0.913
MAPE Rch: 0.538
--------------------------------------------------
**************************************************
Z=8, N=8, emax=6
RMSE Eb: 0.792
RMSE Rch: 0.019
MAPE Eb: 0.688
MAPE Rch: 0.575
--------------------------------------------------
**************************************************
Z=8, N=8, emax=10
RMSE Eb: 1.753
RMSE Rch: 0.019
MAPE Eb: 1.179
MAPE Rch: 0.622
--------------------------------------------------
**************************************************
Z=8, N=9, emax=8
RMSE Eb: 0.894
RMSE Rch: 0.008
MAPE Eb: 0.665
MAPE Rch: 0.241
--------------------------------------------------
**************************************************
Z=8, N=9, emax=6
RMSE Eb: 0.947
RMSE Rch: 0.009
MAPE Eb: 0.773
MAPE Rch: 0.254
--------------------------------------------------
**************************************************
Z=8, N=9, emax=4
RMSE Eb: 1.076
RMSE Rch: 0.011
MAPE Eb: 1.165
MAPE Rch: 0.318
--------------------------------------------------
**************************************************
Z=8, N=9, emax=10
RMSE Eb: 1.111
RMSE Rch: 0.011
MAPE Eb: 0.849
MAPE Rch: 0.321
--------------------------------------------------
**************************************************
Z=8, N=10, emax=4
RMSE Eb: 0.979
RMSE Rch: 0.016
MAPE Eb: 1.040
MAPE Rch: 0.499
--------------------------------------------------
**************************************************
Z=8, N=10, emax=10
RMSE Eb: 0.938
RMSE Rch: 0.012
MAPE Eb: 0.663
MAPE Rch: 0.303
--------------------------------------------------
**************************************************
Z=8, N=10, emax=6
RMSE Eb: 0.792
RMSE Rch: 0.010
MAPE Eb: 0.565
MAPE Rch: 0.272
--------------------------------------------------
**************************************************
Z=8, N=10, emax=8
RMSE Eb: 0.931
RMSE Rch: 0.009
MAPE Eb: 0.634
MAPE Rch: 0.251
--------------------------------------------------
**************************************************
Z=8, N=11, emax=4
RMSE Eb: 1.042
RMSE Rch: 0.008
MAPE Eb: 1.137
MAPE Rch: 0.243
--------------------------------------------------
**************************************************
Z=8, N=11, emax=6
RMSE Eb: 0.666
RMSE Rch: 0.008
MAPE Eb: 0.503
MAPE Rch: 0.243
--------------------------------------------------
**************************************************
Z=8, N=11, emax=8
RMSE Eb: 0.916
RMSE Rch: 0.008
MAPE Eb: 0.621
MAPE Rch: 0.212
--------------------------------------------------
**************************************************
Z=8, N=11, emax=10
RMSE Eb: 0.882
RMSE Rch: 0.012
MAPE Eb: 0.642
MAPE Rch: 0.355
--------------------------------------------------
**************************************************
Z=8, N=12, emax=6
RMSE Eb: 0.648
RMSE Rch: 0.008
MAPE Eb: 0.488
MAPE Rch: 0.223
--------------------------------------------------
**************************************************
Z=8, N=12, emax=4
RMSE Eb: 0.926
RMSE Rch: 0.010
MAPE Eb: 0.978
MAPE Rch: 0.275
--------------------------------------------------
**************************************************
Z=8, N=12, emax=8
RMSE Eb: 0.879
RMSE Rch: 0.009
MAPE Eb: 0.603
MAPE Rch: 0.227
--------------------------------------------------
**************************************************
Z=8, N=12, emax=10
RMSE Eb: 1.304
RMSE Rch: 0.010
MAPE Eb: 0.982
MAPE Rch: 0.254
--------------------------------------------------
**************************************************
Z=8, N=13, emax=8
RMSE Eb: 0.880
RMSE Rch: 0.008
MAPE Eb: 0.570
MAPE Rch: 0.210
--------------------------------------------------
**************************************************
Z=8, N=13, emax=4
RMSE Eb: 0.967
RMSE Rch: 0.009
MAPE Eb: 1.053
MAPE Rch: 0.272
--------------------------------------------------
**************************************************
Z=8, N=13, emax=10
RMSE Eb: 1.068
RMSE Rch: 0.010
MAPE Eb: 0.703
MAPE Rch: 0.277
--------------------------------------------------
**************************************************
Z=8, N=13, emax=6
RMSE Eb: 0.688
RMSE Rch: 0.007
MAPE Eb: 0.507
MAPE Rch: 0.174
--------------------------------------------------
**************************************************
Z=8, N=14, emax=8
RMSE Eb: 1.032
RMSE Rch: 0.012
MAPE Eb: 0.637
MAPE Rch: 0.300
--------------------------------------------------
**************************************************
Z=8, N=14, emax=4
RMSE Eb: 1.379
RMSE Rch: 0.012
MAPE Eb: 1.476
MAPE Rch: 0.328
--------------------------------------------------
**************************************************
Z=8, N=14, emax=6
RMSE Eb: 0.649
RMSE Rch: 0.008
MAPE Eb: 0.493
MAPE Rch: 0.199
--------------------------------------------------
**************************************************
Z=8, N=14, emax=10
RMSE Eb: 1.310
RMSE Rch: 0.014
MAPE Eb: 0.842
MAPE Rch: 0.287
--------------------------------------------------
**************************************************
Z=8, N=15, emax=8
RMSE Eb: 0.944
RMSE Rch: 0.008
MAPE Eb: 0.585
MAPE Rch: 0.214
--------------------------------------------------
**************************************************
Z=8, N=15, emax=4
RMSE Eb: 1.063
RMSE Rch: 0.010
MAPE Eb: 1.100
MAPE Rch: 0.293
--------------------------------------------------
**************************************************
Z=8, N=15, emax=6
RMSE Eb: 0.775
RMSE Rch: 0.007
MAPE Eb: 0.588
MAPE Rch: 0.219
--------------------------------------------------
**************************************************
Z=8, N=15, emax=10
RMSE Eb: 1.000
RMSE Rch: 0.009
MAPE Eb: 0.549
MAPE Rch: 0.244
--------------------------------------------------
**************************************************
Z=8, N=16, emax=8
RMSE Eb: 1.310
RMSE Rch: 0.010
MAPE Eb: 0.749
MAPE Rch: 0.270
--------------------------------------------------
**************************************************
Z=8, N=16, emax=6
RMSE Eb: 0.805
RMSE Rch: 0.009
MAPE Eb: 0.566
MAPE Rch: 0.240
--------------------------------------------------
**************************************************
Z=8, N=16, emax=10
RMSE Eb: 1.636
RMSE Rch: 0.010
MAPE Eb: 0.976
MAPE Rch: 0.284
--------------------------------------------------
**************************************************
Z=8, N=16, emax=4
RMSE Eb: 0.937
RMSE Rch: 0.012
MAPE Eb: 0.930
MAPE Rch: 0.331
--------------------------------------------------
Finished VAL for AE n=674
**************************************************
Z=8, N=4, emax=6
RMSE Eb: 1.057
RMSE Rch: 0.012
MAPE Eb: 2.054
MAPE Rch: 0.578
--------------------------------------------------
**************************************************
Z=8, N=4, emax=8
RMSE Eb: 1.388
RMSE Rch: 0.020
MAPE Eb: 2.335
MAPE Rch: 0.932
--------------------------------------------------
**************************************************
Z=8, N=4, emax=4
RMSE Eb: 0.839
RMSE Rch: 0.012
MAPE Eb: 2.407
MAPE Rch: 0.560
--------------------------------------------------
**************************************************
Z=8, N=4, emax=10
RMSE Eb: 2.078
RMSE Rch: 0.019
MAPE Eb: 2.834
MAPE Rch: 0.866
--------------------------------------------------
**************************************************
Z=8, N=5, emax=4
RMSE Eb: 1.024
RMSE Rch: 0.010
MAPE Eb: 2.201
MAPE Rch: 0.492
--------------------------------------------------
**************************************************
Z=8, N=5, emax=8
RMSE Eb: 1.363
RMSE Rch: 0.013
MAPE Eb: 1.719
MAPE Rch: 0.667
--------------------------------------------------
**************************************************
Z=8, N=5, emax=6
RMSE Eb: 1.104
RMSE Rch: 0.010
MAPE Eb: 1.605
MAPE Rch: 0.464
--------------------------------------------------
**************************************************
Z=8, N=5, emax=10
RMSE Eb: 0.701
RMSE Rch: 0.026
MAPE Eb: 0.807
MAPE Rch: 1.383
--------------------------------------------------
**************************************************
Z=8, N=6, emax=4
RMSE Eb: 1.119
RMSE Rch: 0.010
MAPE Eb: 1.585
MAPE Rch: 0.449
--------------------------------------------------
**************************************************
Z=8, N=6, emax=8
RMSE Eb: 1.476
RMSE Rch: 0.017
MAPE Eb: 1.434
MAPE Rch: 0.792
--------------------------------------------------
**************************************************
Z=8, N=6, emax=6
RMSE Eb: 1.099
RMSE Rch: 0.011
MAPE Eb: 1.164
MAPE Rch: 0.546
--------------------------------------------------
**************************************************
Z=8, N=6, emax=10
RMSE Eb: 1.666
RMSE Rch: 0.016
MAPE Eb: 1.481
MAPE Rch: 0.796
--------------------------------------------------
**************************************************
Z=8, N=7, emax=4
RMSE Eb: 1.081
RMSE Rch: 0.011
MAPE Eb: 1.315
MAPE Rch: 0.558
--------------------------------------------------
**************************************************
Z=8, N=7, emax=8
RMSE Eb: 1.420
RMSE Rch: 0.016
MAPE Eb: 1.180
MAPE Rch: 0.798
--------------------------------------------------
**************************************************
Z=8, N=7, emax=6
RMSE Eb: 1.056
RMSE Rch: 0.016
MAPE Eb: 0.969
MAPE Rch: 0.811
--------------------------------------------------
**************************************************
Z=8, N=7, emax=10
RMSE Eb: 1.312
RMSE Rch: 0.021
MAPE Eb: 1.123
MAPE Rch: 1.128
--------------------------------------------------
**************************************************
Z=8, N=8, emax=4
RMSE Eb: 0.939
RMSE Rch: 0.032
MAPE Eb: 0.964
MAPE Rch: 1.035
--------------------------------------------------
**************************************************
Z=8, N=8, emax=6
RMSE Eb: 0.939
RMSE Rch: 0.021
MAPE Eb: 0.768
MAPE Rch: 0.601
--------------------------------------------------
**************************************************
Z=8, N=8, emax=8
RMSE Eb: 0.918
RMSE Rch: 0.020
MAPE Eb: 0.714
MAPE Rch: 0.551
--------------------------------------------------
**************************************************
Z=8, N=8, emax=10
RMSE Eb: 0.844
RMSE Rch: 0.032
MAPE Eb: 0.620
MAPE Rch: 0.885
--------------------------------------------------
**************************************************
Z=8, N=9, emax=4
RMSE Eb: 1.084
RMSE Rch: 0.010
MAPE Eb: 1.225
MAPE Rch: 0.280
--------------------------------------------------
**************************************************
Z=8, N=9, emax=8
RMSE Eb: 0.836
RMSE Rch: 0.009
MAPE Eb: 0.596
MAPE Rch: 0.250
--------------------------------------------------
**************************************************
Z=8, N=9, emax=6
RMSE Eb: 0.826
RMSE Rch: 0.010
MAPE Eb: 0.695
MAPE Rch: 0.281
--------------------------------------------------
**************************************************
Z=8, N=9, emax=10
RMSE Eb: 1.233
RMSE Rch: 0.013
MAPE Eb: 0.935
MAPE Rch: 0.427
--------------------------------------------------
**************************************************
Z=8, N=10, emax=4
RMSE Eb: 1.087
RMSE Rch: 0.018
MAPE Eb: 1.173
MAPE Rch: 0.564
--------------------------------------------------
**************************************************
Z=8, N=10, emax=6
RMSE Eb: 0.712
RMSE Rch: 0.008
MAPE Eb: 0.539
MAPE Rch: 0.234
--------------------------------------------------
**************************************************
Z=8, N=10, emax=8
RMSE Eb: 0.835
RMSE Rch: 0.008
MAPE Eb: 0.564
MAPE Rch: 0.241
--------------------------------------------------
**************************************************
Z=8, N=10, emax=10
RMSE Eb: 0.879
RMSE Rch: 0.009
MAPE Eb: 0.516
MAPE Rch: 0.291
--------------------------------------------------
**************************************************
Z=8, N=11, emax=8
RMSE Eb: 0.919
RMSE Rch: 0.009
MAPE Eb: 0.627
MAPE Rch: 0.251
--------------------------------------------------
**************************************************
Z=8, N=11, emax=4
RMSE Eb: 1.124
RMSE Rch: 0.009
MAPE Eb: 1.262
MAPE Rch: 0.252
--------------------------------------------------
**************************************************
Z=8, N=11, emax=6
RMSE Eb: 0.636
RMSE Rch: 0.009
MAPE Eb: 0.490
MAPE Rch: 0.230
--------------------------------------------------
**************************************************
Z=8, N=11, emax=10
RMSE Eb: 1.033
RMSE Rch: 0.012
MAPE Eb: 0.691
MAPE Rch: 0.346
--------------------------------------------------
**************************************************
Z=8, N=12, emax=6
RMSE Eb: 0.800
RMSE Rch: 0.009
MAPE Eb: 0.610
MAPE Rch: 0.257
--------------------------------------------------
**************************************************
Z=8, N=12, emax=8
RMSE Eb: 0.983
RMSE Rch: 0.007
MAPE Eb: 0.668
MAPE Rch: 0.200
--------------------------------------------------
**************************************************
Z=8, N=12, emax=4
RMSE Eb: 0.940
RMSE Rch: 0.009
MAPE Eb: 0.962
MAPE Rch: 0.251
--------------------------------------------------
**************************************************
Z=8, N=12, emax=10
RMSE Eb: 0.887
RMSE Rch: 0.007
MAPE Eb: 0.548
MAPE Rch: 0.166
--------------------------------------------------
**************************************************
Z=8, N=13, emax=8
RMSE Eb: 0.866
RMSE Rch: 0.008
MAPE Eb: 0.561
MAPE Rch: 0.205
--------------------------------------------------
**************************************************
Z=8, N=13, emax=4
RMSE Eb: 1.045
RMSE Rch: 0.010
MAPE Eb: 1.102
MAPE Rch: 0.280
--------------------------------------------------
**************************************************
Z=8, N=13, emax=6
RMSE Eb: 0.674
RMSE Rch: 0.008
MAPE Eb: 0.520
MAPE Rch: 0.242
--------------------------------------------------
**************************************************
Z=8, N=13, emax=10
RMSE Eb: 0.981
RMSE Rch: 0.010
MAPE Eb: 0.628
MAPE Rch: 0.263
--------------------------------------------------
**************************************************
Z=8, N=14, emax=6
RMSE Eb: 0.733
RMSE Rch: 0.007
MAPE Eb: 0.478
MAPE Rch: 0.207
--------------------------------------------------
**************************************************
Z=8, N=14, emax=10
RMSE Eb: 1.438
RMSE Rch: 0.012
MAPE Eb: 0.915
MAPE Rch: 0.315
--------------------------------------------------
**************************************************
Z=8, N=14, emax=4
RMSE Eb: 1.292
RMSE Rch: 0.012
MAPE Eb: 1.397
MAPE Rch: 0.349
--------------------------------------------------
**************************************************
Z=8, N=14, emax=8
RMSE Eb: 1.101
RMSE Rch: 0.011
MAPE Eb: 0.708
MAPE Rch: 0.303
--------------------------------------------------
**************************************************
Z=8, N=15, emax=8
RMSE Eb: 1.020
RMSE Rch: 0.009
MAPE Eb: 0.622
MAPE Rch: 0.258
--------------------------------------------------
**************************************************
Z=8, N=15, emax=6
RMSE Eb: 0.694
RMSE Rch: 0.007
MAPE Eb: 0.491
MAPE Rch: 0.208
--------------------------------------------------
**************************************************
Z=8, N=15, emax=4
RMSE Eb: 0.921
RMSE Rch: 0.012
MAPE Eb: 0.993
MAPE Rch: 0.340
--------------------------------------------------
**************************************************
Z=8, N=15, emax=10
RMSE Eb: 0.586
RMSE Rch: 0.006
MAPE Eb: 0.344
MAPE Rch: 0.152
--------------------------------------------------
**************************************************
Z=8, N=16, emax=4
RMSE Eb: 1.105
RMSE Rch: 0.011
MAPE Eb: 1.154
MAPE Rch: 0.315
--------------------------------------------------
**************************************************
Z=8, N=16, emax=8
RMSE Eb: 1.203
RMSE Rch: 0.010
MAPE Eb: 0.716
MAPE Rch: 0.270
--------------------------------------------------
**************************************************
Z=8, N=16, emax=6
RMSE Eb: 0.794
RMSE Rch: 0.008
MAPE Eb: 0.551
MAPE Rch: 0.223
--------------------------------------------------
**************************************************
Z=8, N=16, emax=10
RMSE Eb: 2.011
RMSE Rch: 0.007
MAPE Eb: 1.192
MAPE Rch: 0.199
--------------------------------------------------
