Activated conda environment
[DataLoader] Found 13 files matching the pattern.
[DataLoader] Combined data shape: (17234, 35)
[Preprocess] Data split => train: (11029, 35), val: (2758, 35), test: (3447, 35)
[Preprocess] Processed fidelity 4 (index 0): 3758 samples.
[Preprocess] Processed fidelity 6 (index 1): 3346 samples.
[Preprocess] Processed fidelity 8 (index 2): 3194 samples.
[Preprocess] Processed fidelity 10 (index 3): 731 samples.
[Preprocess] Processed fidelity 4 (index 0): 949 samples.
[Preprocess] Processed fidelity 6 (index 1): 833 samples.
[Preprocess] Processed fidelity 8 (index 2): 801 samples.
[Preprocess] Processed fidelity 10 (index 3): 175 samples.
Fidelity levels: [4, 6, 8, 10]
[Trainer] Starting BNN training...
[Trainer] No improvement. Iteration 8700. Early stopping counter: 1, LR counter: 1
[Trainer] No improvement. Iteration 8800. Early stopping counter: 2, LR counter: 2
[Trainer] No improvement. Iteration 8900. Early stopping counter: 3, LR counter: 3
[Trainer] No improvement. Iteration 9000. Early stopping counter: 4, LR counter: 4
[Trainer] No improvement. Iteration 9100. Early stopping counter: 5, LR counter: 5
[Trainer] No improvement. Iteration 9200. Early stopping counter: 6, LR counter: 6
[Trainer] No improvement. Iteration 9300. Early stopping counter: 7, LR counter: 7
[Trainer] No improvement. Iteration 9400. Early stopping counter: 8, LR counter: 8
[Trainer] No improvement. Iteration 9500. Early stopping counter: 9, LR counter: 9
[Trainer] No improvement. Iteration 9600. Early stopping counter: 10, LR counter: 10
[Trainer] No improvement. Iteration 9700. Early stopping counter: 11, LR counter: 11
[Trainer] No improvement. Iteration 9900. Early stopping counter: 1, LR counter: 1
[Trainer] No improvement. Iteration 10000. Early stopping counter: 2, LR counter: 2
[Trainer] No improvement. Iteration 10200. Early stopping counter: 1, LR counter: 1
[Trainer] No improvement. Iteration 10300. Early stopping counter: 2, LR counter: 2
[Trainer] No improvement. Iteration 10400. Early stopping counter: 3, LR counter: 3
[Trainer] No improvement. Iteration 10500. Early stopping counter: 4, LR counter: 4
[Trainer] No improvement. Iteration 10600. Early stopping counter: 5, LR counter: 5
[Trainer] No improvement. Iteration 10700. Early stopping counter: 6, LR counter: 6
[Trainer] No improvement. Iteration 10800. Early stopping counter: 7, LR counter: 7
[Trainer] No improvement. Iteration 10900. Early stopping counter: 8, LR counter: 8
[Trainer] No improvement. Iteration 11000. Early stopping counter: 9, LR counter: 9
[Trainer] No improvement. Iteration 11100. Early stopping counter: 10, LR counter: 10
[Trainer] No improvement. Iteration 11200. Early stopping counter: 11, LR counter: 11
[Trainer] No improvement. Iteration 11300. Early stopping counter: 12, LR counter: 12
[Trainer] No improvement. Iteration 11400. Early stopping counter: 13, LR counter: 13
[Trainer] No improvement. Iteration 11500. Early stopping counter: 14, LR counter: 14
[Trainer] No improvement. Iteration 11600. Early stopping counter: 15, LR counter: 15
[Trainer] No improvement. Iteration 11700. Early stopping counter: 16, LR counter: 16
[Trainer] No improvement. Iteration 11800. Early stopping counter: 17, LR counter: 17
[Trainer] No improvement. Iteration 11900. Early stopping counter: 18, LR counter: 18
[Trainer] No improvement. Iteration 12000. Early stopping counter: 19, LR counter: 19
[Trainer] No improvement. Iteration 12100. Early stopping counter: 20, LR counter: 20
[Trainer] No improvement. Iteration 12200. Early stopping counter: 21, LR counter: 21
[Trainer] No improvement. Iteration 12600. Early stopping counter: 1, LR counter: 1
[Trainer] No improvement. Iteration 12700. Early stopping counter: 2, LR counter: 2
[Trainer] No improvement. Iteration 12800. Early stopping counter: 3, LR counter: 3
[Trainer] No improvement. Iteration 12900. Early stopping counter: 4, LR counter: 4
[Trainer] No improvement. Iteration 13000. Early stopping counter: 5, LR counter: 5
[Trainer] No improvement. Iteration 13100. Early stopping counter: 6, LR counter: 6
[Trainer] No improvement. Iteration 13200. Early stopping counter: 7, LR counter: 7
[Trainer] No improvement. Iteration 13300. Early stopping counter: 8, LR counter: 8
[Trainer] No improvement. Iteration 13400. Early stopping counter: 9, LR counter: 9
[Trainer] No improvement. Iteration 13500. Early stopping counter: 10, LR counter: 10
[Trainer] No improvement. Iteration 13600. Early stopping counter: 11, LR counter: 11
[Trainer] No improvement. Iteration 13700. Early stopping counter: 12, LR counter: 12
[Trainer] No improvement. Iteration 13800. Early stopping counter: 13, LR counter: 13
[Trainer] No improvement. Iteration 13900. Early stopping counter: 14, LR counter: 14
[Trainer] No improvement. Iteration 14000. Early stopping counter: 15, LR counter: 15
[Trainer] No improvement. Iteration 14100. Early stopping counter: 16, LR counter: 16
[Trainer] No improvement. Iteration 14200. Early stopping counter: 17, LR counter: 17
[Trainer] No improvement. Iteration 14500. Early stopping counter: 1, LR counter: 1
[Trainer] No improvement. Iteration 14600. Early stopping counter: 2, LR counter: 2
[Trainer] No improvement. Iteration 14700. Early stopping counter: 3, LR counter: 3
[Trainer] No improvement. Iteration 14800. Early stopping counter: 4, LR counter: 4
[Trainer] No improvement. Iteration 14900. Early stopping counter: 5, LR counter: 5
[Trainer] No improvement. Iteration 15000. Early stopping counter: 6, LR counter: 6
[Trainer] No improvement. Iteration 15100. Early stopping counter: 7, LR counter: 7
[Trainer] No improvement. Iteration 15200. Early stopping counter: 8, LR counter: 8
[Trainer] No improvement. Iteration 15300. Early stopping counter: 9, LR counter: 9
[Trainer] No improvement. Iteration 15400. Early stopping counter: 10, LR counter: 10
[Trainer] No improvement. Iteration 15500. Early stopping counter: 11, LR counter: 11
[Trainer] No improvement. Iteration 15600. Early stopping counter: 12, LR counter: 12
[Trainer] No improvement. Iteration 15700. Early stopping counter: 13, LR counter: 13
[Trainer] No improvement. Iteration 15800. Early stopping counter: 14, LR counter: 14
[Trainer] No improvement. Iteration 15900. Early stopping counter: 15, LR counter: 15
[Trainer] No improvement. Iteration 16000. Early stopping counter: 16, LR counter: 16
[Trainer] No improvement. Iteration 16100. Early stopping counter: 17, LR counter: 17
[Trainer] No improvement. Iteration 16200. Early stopping counter: 18, LR counter: 18
[Trainer] No improvement. Iteration 16300. Early stopping counter: 19, LR counter: 19
[Trainer] No improvement. Iteration 16400. Early stopping counter: 20, LR counter: 20
[Trainer] No improvement. Iteration 16500. Early stopping counter: 21, LR counter: 21
[Trainer] No improvement. Iteration 16600. Early stopping counter: 22, LR counter: 22
[Trainer] No improvement. Iteration 16700. Early stopping counter: 23, LR counter: 23
[Trainer] No improvement. Iteration 16800. Early stopping counter: 24, LR counter: 24
[Trainer] No improvement. Iteration 16900. Early stopping counter: 25, LR counter: 25
[Trainer] Learning rate reduced to: 0.000010
[Trainer] No improvement. Iteration 17000. Early stopping counter: 26, LR counter: 1
[Trainer] No improvement. Iteration 17100. Early stopping counter: 27, LR counter: 2
[Trainer] No improvement. Iteration 17200. Early stopping counter: 28, LR counter: 3
[Trainer] No improvement. Iteration 17300. Early stopping counter: 29, LR counter: 4
[Trainer] No improvement. Iteration 17400. Early stopping counter: 30, LR counter: 5
[Trainer] No improvement. Iteration 17500. Early stopping counter: 31, LR counter: 6
[Trainer] No improvement. Iteration 17600. Early stopping counter: 32, LR counter: 7
[Trainer] No improvement. Iteration 17700. Early stopping counter: 33, LR counter: 8
[Trainer] No improvement. Iteration 17800. Early stopping counter: 34, LR counter: 9
[Trainer] No improvement. Iteration 17900. Early stopping counter: 35, LR counter: 10
[Trainer] No improvement. Iteration 18000. Early stopping counter: 36, LR counter: 11
[Trainer] No improvement. Iteration 18100. Early stopping counter: 37, LR counter: 12
[Trainer] No improvement. Iteration 18200. Early stopping counter: 38, LR counter: 13
[Trainer] No improvement. Iteration 18300. Early stopping counter: 39, LR counter: 14
[Trainer] No improvement. Iteration 18400. Early stopping counter: 40, LR counter: 15
[Trainer] No improvement. Iteration 18500. Early stopping counter: 41, LR counter: 16
[Trainer] No improvement. Iteration 18600. Early stopping counter: 42, LR counter: 17
[Trainer] No improvement. Iteration 18700. Early stopping counter: 43, LR counter: 18
[Trainer] No improvement. Iteration 18800. Early stopping counter: 44, LR counter: 19
[Trainer] No improvement. Iteration 18900. Early stopping counter: 45, LR counter: 20
[Trainer] No improvement. Iteration 19000. Early stopping counter: 46, LR counter: 21
[Trainer] No improvement. Iteration 19100. Early stopping counter: 47, LR counter: 22
[Trainer] No improvement. Iteration 19200. Early stopping counter: 48, LR counter: 23
[Trainer] No improvement. Iteration 19300. Early stopping counter: 49, LR counter: 24
[Trainer] No improvement. Iteration 19400. Early stopping counter: 50, LR counter: 25
[Trainer] Learning rate reduced to: 0.000001
[Trainer] Early stopping triggered.
[Trainer] Training completed.
[Trainer] Calibrating temperatures on validation set...
[Trainer] Temperature calibration finished. Calibrated temperatures: {4: 1.2136788368225098, 6: 1.11624276638031, 8: 1.361150860786438, 10: 1.520127296447754}
[Trainer] BNN training completed.
**************************************************
Z=8, N=4, emax=4
RMSE Eb: 0.585
RMSE Rch: 0.009
MAPE Eb: 1.659
MAPE Rch: 0.429
--------------------------------------------------
**************************************************
Z=8, N=4, emax=10
RMSE Eb: 0.964
RMSE Rch: 0.054
MAPE Eb: 1.593
MAPE Rch: 2.764
--------------------------------------------------
**************************************************
Z=8, N=4, emax=6
RMSE Eb: 0.946
RMSE Rch: 0.015
MAPE Eb: 1.823
MAPE Rch: 0.718
--------------------------------------------------
**************************************************
Z=8, N=4, emax=8
RMSE Eb: 0.811
RMSE Rch: 0.029
MAPE Eb: 1.339
MAPE Rch: 1.398
--------------------------------------------------
**************************************************
Z=8, N=5, emax=8
RMSE Eb: 0.856
RMSE Rch: 0.016
MAPE Eb: 1.077
MAPE Rch: 0.782
--------------------------------------------------
**************************************************
Z=8, N=5, emax=6
RMSE Eb: 0.701
RMSE Rch: 0.010
MAPE Eb: 0.986
MAPE Rch: 0.512
--------------------------------------------------
**************************************************
Z=8, N=5, emax=4
RMSE Eb: 0.594
RMSE Rch: 0.008
MAPE Eb: 1.171
MAPE Rch: 0.340
--------------------------------------------------
**************************************************
Z=8, N=5, emax=10
RMSE Eb: 0.631
RMSE Rch: 0.020
MAPE Eb: 0.860
MAPE Rch: 0.980
--------------------------------------------------
**************************************************
Z=8, N=6, emax=4
RMSE Eb: 0.539
RMSE Rch: 0.009
MAPE Eb: 0.797
MAPE Rch: 0.431
--------------------------------------------------
**************************************************
Z=8, N=6, emax=6
RMSE Eb: 0.673
RMSE Rch: 0.008
MAPE Eb: 0.764
MAPE Rch: 0.413
--------------------------------------------------
**************************************************
Z=8, N=6, emax=8
RMSE Eb: 1.000
RMSE Rch: 0.014
MAPE Eb: 0.813
MAPE Rch: 0.676
--------------------------------------------------
**************************************************
Z=8, N=6, emax=10
RMSE Eb: 0.896
RMSE Rch: 0.020
MAPE Eb: 0.851
MAPE Rch: 0.928
--------------------------------------------------
**************************************************
Z=8, N=7, emax=8
RMSE Eb: 0.772
RMSE Rch: 0.011
MAPE Eb: 0.649
MAPE Rch: 0.575
--------------------------------------------------
**************************************************
Z=8, N=7, emax=10
RMSE Eb: 0.883
RMSE Rch: 0.013
MAPE Eb: 0.705
MAPE Rch: 0.702
--------------------------------------------------
**************************************************
Z=8, N=7, emax=6
RMSE Eb: 0.711
RMSE Rch: 0.011
MAPE Eb: 0.611
MAPE Rch: 0.495
--------------------------------------------------
**************************************************
Z=8, N=7, emax=4
RMSE Eb: 0.552
RMSE Rch: 0.008
MAPE Eb: 0.646
MAPE Rch: 0.424
--------------------------------------------------
**************************************************
Z=8, N=8, emax=4
RMSE Eb: 0.866
RMSE Rch: 0.010
MAPE Eb: 0.917
MAPE Rch: 0.272
--------------------------------------------------
**************************************************
Z=8, N=8, emax=8
RMSE Eb: 0.754
RMSE Rch: 0.011
MAPE Eb: 0.549
MAPE Rch: 0.329
--------------------------------------------------
**************************************************
Z=8, N=8, emax=6
RMSE Eb: 0.789
RMSE Rch: 0.011
MAPE Eb: 0.670
MAPE Rch: 0.305
--------------------------------------------------
**************************************************
Z=8, N=8, emax=10
RMSE Eb: 1.123
RMSE Rch: 0.015
MAPE Eb: 0.824
MAPE Rch: 0.438
--------------------------------------------------
**************************************************
Z=8, N=9, emax=8
RMSE Eb: 0.850
RMSE Rch: 0.011
MAPE Eb: 0.608
MAPE Rch: 0.331
--------------------------------------------------
**************************************************
Z=8, N=9, emax=6
RMSE Eb: 0.870
RMSE Rch: 0.009
MAPE Eb: 0.785
MAPE Rch: 0.280
--------------------------------------------------
**************************************************
Z=8, N=9, emax=4
RMSE Eb: 0.679
RMSE Rch: 0.007
MAPE Eb: 0.693
MAPE Rch: 0.211
--------------------------------------------------
**************************************************
Z=8, N=9, emax=10
RMSE Eb: 0.618
RMSE Rch: 0.013
MAPE Eb: 0.410
MAPE Rch: 0.416
--------------------------------------------------
**************************************************
Z=8, N=10, emax=4
RMSE Eb: 0.630
RMSE Rch: 0.007
MAPE Eb: 0.707
MAPE Rch: 0.193
--------------------------------------------------
**************************************************
Z=8, N=10, emax=10
RMSE Eb: 0.601
RMSE Rch: 0.007
MAPE Eb: 0.452
MAPE Rch: 0.193
--------------------------------------------------
**************************************************
Z=8, N=10, emax=6
RMSE Eb: 0.801
RMSE Rch: 0.009
MAPE Eb: 0.626
MAPE Rch: 0.245
--------------------------------------------------
**************************************************
Z=8, N=10, emax=8
RMSE Eb: 0.729
RMSE Rch: 0.010
MAPE Eb: 0.500
MAPE Rch: 0.297
--------------------------------------------------
**************************************************
Z=8, N=11, emax=4
RMSE Eb: 0.638
RMSE Rch: 0.006
MAPE Eb: 0.650
MAPE Rch: 0.176
--------------------------------------------------
**************************************************
Z=8, N=11, emax=6
RMSE Eb: 0.925
RMSE Rch: 0.009
MAPE Eb: 0.772
MAPE Rch: 0.259
--------------------------------------------------
**************************************************
Z=8, N=11, emax=8
RMSE Eb: 1.020
RMSE Rch: 0.009
MAPE Eb: 0.701
MAPE Rch: 0.247
--------------------------------------------------
**************************************************
Z=8, N=11, emax=10
RMSE Eb: 0.995
RMSE Rch: 0.012
MAPE Eb: 0.574
MAPE Rch: 0.390
--------------------------------------------------
**************************************************
Z=8, N=12, emax=6
RMSE Eb: 0.976
RMSE Rch: 0.009
MAPE Eb: 0.695
MAPE Rch: 0.244
--------------------------------------------------
**************************************************
Z=8, N=12, emax=4
RMSE Eb: 0.810
RMSE Rch: 0.005
MAPE Eb: 0.815
MAPE Rch: 0.130
--------------------------------------------------
**************************************************
Z=8, N=12, emax=8
RMSE Eb: 0.898
RMSE Rch: 0.011
MAPE Eb: 0.632
MAPE Rch: 0.319
--------------------------------------------------
**************************************************
Z=8, N=12, emax=10
RMSE Eb: 0.632
RMSE Rch: 0.014
MAPE Eb: 0.370
MAPE Rch: 0.393
--------------------------------------------------
**************************************************
Z=8, N=13, emax=8
RMSE Eb: 0.973
RMSE Rch: 0.012
MAPE Eb: 0.617
MAPE Rch: 0.371
--------------------------------------------------
**************************************************
Z=8, N=13, emax=4
RMSE Eb: 0.991
RMSE Rch: 0.007
MAPE Eb: 0.858
MAPE Rch: 0.192
--------------------------------------------------
**************************************************
Z=8, N=13, emax=10
RMSE Eb: 0.820
RMSE Rch: 0.010
MAPE Eb: 0.510
MAPE Rch: 0.303
--------------------------------------------------
**************************************************
Z=8, N=13, emax=6
RMSE Eb: 0.996
RMSE Rch: 0.013
MAPE Eb: 0.729
MAPE Rch: 0.381
--------------------------------------------------
**************************************************
Z=8, N=14, emax=8
RMSE Eb: 0.983
RMSE Rch: 0.014
MAPE Eb: 0.603
MAPE Rch: 0.341
--------------------------------------------------
**************************************************
Z=8, N=14, emax=4
RMSE Eb: 0.919
RMSE Rch: 0.008
MAPE Eb: 0.917
MAPE Rch: 0.210
--------------------------------------------------
**************************************************
Z=8, N=14, emax=6
RMSE Eb: 0.900
RMSE Rch: 0.010
MAPE Eb: 0.662
MAPE Rch: 0.267
--------------------------------------------------
**************************************************
Z=8, N=14, emax=10
RMSE Eb: 0.958
RMSE Rch: 0.012
MAPE Eb: 0.611
MAPE Rch: 0.342
--------------------------------------------------
**************************************************
Z=8, N=15, emax=8
RMSE Eb: 0.986
RMSE Rch: 0.011
MAPE Eb: 0.579
MAPE Rch: 0.315
--------------------------------------------------
**************************************************
Z=8, N=15, emax=4
RMSE Eb: 0.971
RMSE Rch: 0.007
MAPE Eb: 0.939
MAPE Rch: 0.177
--------------------------------------------------
**************************************************
Z=8, N=15, emax=6
RMSE Eb: 0.958
RMSE Rch: 0.009
MAPE Eb: 0.710
MAPE Rch: 0.263
--------------------------------------------------
**************************************************
Z=8, N=15, emax=10
RMSE Eb: 0.887
RMSE Rch: 0.011
MAPE Eb: 0.484
MAPE Rch: 0.302
--------------------------------------------------
**************************************************
Z=8, N=16, emax=8
RMSE Eb: 1.008
RMSE Rch: 0.011
MAPE Eb: 0.608
MAPE Rch: 0.339
--------------------------------------------------
**************************************************
Z=8, N=16, emax=6
RMSE Eb: 0.982
RMSE Rch: 0.009
MAPE Eb: 0.686
MAPE Rch: 0.247
--------------------------------------------------
**************************************************
Z=8, N=16, emax=10
RMSE Eb: 1.192
RMSE Rch: 0.010
MAPE Eb: 0.698
MAPE Rch: 0.299
--------------------------------------------------
**************************************************
Z=8, N=16, emax=4
RMSE Eb: 1.047
RMSE Rch: 0.009
MAPE Eb: 1.120
MAPE Rch: 0.262
--------------------------------------------------
Finished VAL for AE n=58
**************************************************
Z=8, N=4, emax=6
RMSE Eb: 0.842
RMSE Rch: 0.018
MAPE Eb: 1.529
MAPE Rch: 0.836
--------------------------------------------------
**************************************************
Z=8, N=4, emax=8
RMSE Eb: 0.781
RMSE Rch: 0.024
MAPE Eb: 1.337
MAPE Rch: 1.069
--------------------------------------------------
**************************************************
Z=8, N=4, emax=4
RMSE Eb: 0.666
RMSE Rch: 0.010
MAPE Eb: 1.755
MAPE Rch: 0.477
--------------------------------------------------
**************************************************
Z=8, N=4, emax=10
RMSE Eb: 1.384
RMSE Rch: 0.046
MAPE Eb: 2.178
MAPE Rch: 2.422
--------------------------------------------------
**************************************************
Z=8, N=5, emax=4
RMSE Eb: 0.569
RMSE Rch: 0.008
MAPE Eb: 1.139
MAPE Rch: 0.354
--------------------------------------------------
**************************************************
Z=8, N=5, emax=8
RMSE Eb: 0.869
RMSE Rch: 0.020
MAPE Eb: 1.024
MAPE Rch: 0.893
--------------------------------------------------
**************************************************
Z=8, N=5, emax=6
RMSE Eb: 0.549
RMSE Rch: 0.008
MAPE Eb: 0.780
MAPE Rch: 0.403
--------------------------------------------------
**************************************************
Z=8, N=5, emax=10
RMSE Eb: 0.745
RMSE Rch: 0.011
MAPE Eb: 0.830
MAPE Rch: 0.607
--------------------------------------------------
**************************************************
Z=8, N=6, emax=4
RMSE Eb: 0.560
RMSE Rch: 0.010
MAPE Eb: 0.756
MAPE Rch: 0.450
--------------------------------------------------
**************************************************
Z=8, N=6, emax=8
RMSE Eb: 0.948
RMSE Rch: 0.015
MAPE Eb: 0.795
MAPE Rch: 0.725
--------------------------------------------------
**************************************************
Z=8, N=6, emax=6
RMSE Eb: 0.707
RMSE Rch: 0.011
MAPE Eb: 0.778
MAPE Rch: 0.479
--------------------------------------------------
**************************************************
Z=8, N=6, emax=10
RMSE Eb: 0.648
RMSE Rch: 0.021
MAPE Eb: 0.555
MAPE Rch: 1.123
--------------------------------------------------
**************************************************
Z=8, N=7, emax=4
RMSE Eb: 0.566
RMSE Rch: 0.008
MAPE Eb: 0.689
MAPE Rch: 0.407
--------------------------------------------------
**************************************************
Z=8, N=7, emax=8
RMSE Eb: 0.987
RMSE Rch: 0.012
MAPE Eb: 0.734
MAPE Rch: 0.598
--------------------------------------------------
**************************************************
Z=8, N=7, emax=6
RMSE Eb: 0.894
RMSE Rch: 0.010
MAPE Eb: 0.821
MAPE Rch: 0.484
--------------------------------------------------
**************************************************
Z=8, N=7, emax=10
RMSE Eb: 0.604
RMSE Rch: 0.013
MAPE Eb: 0.472
MAPE Rch: 0.649
--------------------------------------------------
**************************************************
Z=8, N=8, emax=4
RMSE Eb: 0.793
RMSE Rch: 0.010
MAPE Eb: 0.829
MAPE Rch: 0.281
--------------------------------------------------
**************************************************
Z=8, N=8, emax=6
RMSE Eb: 0.919
RMSE Rch: 0.012
MAPE Eb: 0.733
MAPE Rch: 0.354
--------------------------------------------------
**************************************************
Z=8, N=8, emax=8
RMSE Eb: 0.897
RMSE Rch: 0.011
MAPE Eb: 0.721
MAPE Rch: 0.313
--------------------------------------------------
**************************************************
Z=8, N=8, emax=10
RMSE Eb: 0.846
RMSE Rch: 0.010
MAPE Eb: 0.597
MAPE Rch: 0.272
--------------------------------------------------
**************************************************
Z=8, N=9, emax=4
RMSE Eb: 0.757
RMSE Rch: 0.007
MAPE Eb: 0.836
MAPE Rch: 0.195
--------------------------------------------------
**************************************************
Z=8, N=9, emax=8
RMSE Eb: 0.797
RMSE Rch: 0.013
MAPE Eb: 0.567
MAPE Rch: 0.366
--------------------------------------------------
**************************************************
Z=8, N=9, emax=6
RMSE Eb: 0.805
RMSE Rch: 0.008
MAPE Eb: 0.715
MAPE Rch: 0.225
--------------------------------------------------
**************************************************
Z=8, N=9, emax=10
RMSE Eb: 0.791
RMSE Rch: 0.008
MAPE Eb: 0.579
MAPE Rch: 0.222
--------------------------------------------------
**************************************************
Z=8, N=10, emax=4
RMSE Eb: 0.752
RMSE Rch: 0.007
MAPE Eb: 0.759
MAPE Rch: 0.190
--------------------------------------------------
**************************************************
Z=8, N=10, emax=6
RMSE Eb: 1.056
RMSE Rch: 0.010
MAPE Eb: 0.756
MAPE Rch: 0.286
--------------------------------------------------
**************************************************
Z=8, N=10, emax=8
RMSE Eb: 0.639
RMSE Rch: 0.012
MAPE Eb: 0.429
MAPE Rch: 0.344
--------------------------------------------------
**************************************************
Z=8, N=10, emax=10
RMSE Eb: 0.970
RMSE Rch: 0.009
MAPE Eb: 0.712
MAPE Rch: 0.277
--------------------------------------------------
**************************************************
Z=8, N=11, emax=8
RMSE Eb: 0.977
RMSE Rch: 0.008
MAPE Eb: 0.675
MAPE Rch: 0.222
--------------------------------------------------
**************************************************
Z=8, N=11, emax=4
RMSE Eb: 0.729
RMSE Rch: 0.006
MAPE Eb: 0.747
MAPE Rch: 0.174
--------------------------------------------------
**************************************************
Z=8, N=11, emax=6
RMSE Eb: 0.914
RMSE Rch: 0.009
MAPE Eb: 0.744
MAPE Rch: 0.239
--------------------------------------------------
**************************************************
Z=8, N=11, emax=10
RMSE Eb: 0.717
RMSE Rch: 0.011
MAPE Eb: 0.463
MAPE Rch: 0.342
--------------------------------------------------
**************************************************
Z=8, N=12, emax=6
RMSE Eb: 0.809
RMSE Rch: 0.008
MAPE Eb: 0.587
MAPE Rch: 0.216
--------------------------------------------------
**************************************************
Z=8, N=12, emax=8
RMSE Eb: 0.852
RMSE Rch: 0.011
MAPE Eb: 0.572
MAPE Rch: 0.332
--------------------------------------------------
**************************************************
Z=8, N=12, emax=4
RMSE Eb: 0.680
RMSE Rch: 0.006
MAPE Eb: 0.673
MAPE Rch: 0.163
--------------------------------------------------
**************************************************
Z=8, N=12, emax=10
RMSE Eb: 0.732
RMSE Rch: 0.009
MAPE Eb: 0.397
MAPE Rch: 0.269
--------------------------------------------------
**************************************************
Z=8, N=13, emax=8
RMSE Eb: 0.902
RMSE Rch: 0.011
MAPE Eb: 0.579
MAPE Rch: 0.324
--------------------------------------------------
**************************************************
Z=8, N=13, emax=4
RMSE Eb: 0.676
RMSE Rch: 0.007
MAPE Eb: 0.701
MAPE Rch: 0.191
--------------------------------------------------
**************************************************
Z=8, N=13, emax=6
RMSE Eb: 0.843
RMSE Rch: 0.011
MAPE Eb: 0.580
MAPE Rch: 0.286
--------------------------------------------------
**************************************************
Z=8, N=13, emax=10
RMSE Eb: 1.067
RMSE Rch: 0.009
MAPE Eb: 0.638
MAPE Rch: 0.241
--------------------------------------------------
**************************************************
Z=8, N=14, emax=6
RMSE Eb: 0.990
RMSE Rch: 0.008
MAPE Eb: 0.663
MAPE Rch: 0.235
--------------------------------------------------
**************************************************
Z=8, N=14, emax=10
RMSE Eb: 1.089
RMSE Rch: 0.013
MAPE Eb: 0.621
MAPE Rch: 0.394
--------------------------------------------------
**************************************************
Z=8, N=14, emax=4
RMSE Eb: 0.851
RMSE Rch: 0.008
MAPE Eb: 0.817
MAPE Rch: 0.196
--------------------------------------------------
**************************************************
Z=8, N=14, emax=8
RMSE Eb: 1.157
RMSE Rch: 0.011
MAPE Eb: 0.659
MAPE Rch: 0.306
--------------------------------------------------
**************************************************
Z=8, N=15, emax=8
RMSE Eb: 0.937
RMSE Rch: 0.011
MAPE Eb: 0.573
MAPE Rch: 0.322
--------------------------------------------------
**************************************************
Z=8, N=15, emax=6
RMSE Eb: 0.736
RMSE Rch: 0.009
MAPE Eb: 0.501
MAPE Rch: 0.249
--------------------------------------------------
**************************************************
Z=8, N=15, emax=4
RMSE Eb: 0.899
RMSE Rch: 0.005
MAPE Eb: 0.924
MAPE Rch: 0.134
--------------------------------------------------
**************************************************
Z=8, N=15, emax=10
RMSE Eb: 0.982
RMSE Rch: 0.015
MAPE Eb: 0.602
MAPE Rch: 0.427
--------------------------------------------------
**************************************************
Z=8, N=16, emax=4
RMSE Eb: 1.074
RMSE Rch: 0.008
MAPE Eb: 1.061
MAPE Rch: 0.229
--------------------------------------------------
**************************************************
Z=8, N=16, emax=8
RMSE Eb: 1.071
RMSE Rch: 0.011
MAPE Eb: 0.589
MAPE Rch: 0.309
--------------------------------------------------
**************************************************
Z=8, N=16, emax=6
RMSE Eb: 0.918
RMSE Rch: 0.010
MAPE Eb: 0.642
MAPE Rch: 0.272
--------------------------------------------------
**************************************************
Z=8, N=16, emax=10
RMSE Eb: 0.762
RMSE Rch: 0.012
MAPE Eb: 0.434
MAPE Rch: 0.352
--------------------------------------------------
