Activated conda environment
[DataLoader] Found 13 files matching the pattern.
[DataLoader] Combined data shape: (17234, 35)
[Preprocess] Data split => train: (11029, 35), val: (2758, 35), test: (3447, 35)
[Preprocess] Processed fidelity 4 (index 0): 3758 samples.
[Preprocess] Processed fidelity 6 (index 1): 3346 samples.
[Preprocess] Processed fidelity 8 (index 2): 3194 samples.
[Preprocess] Processed fidelity 10 (index 3): 731 samples.
[Preprocess] Processed fidelity 4 (index 0): 949 samples.
[Preprocess] Processed fidelity 6 (index 1): 833 samples.
[Preprocess] Processed fidelity 8 (index 2): 801 samples.
[Preprocess] Processed fidelity 10 (index 3): 175 samples.
Fidelity levels: [4, 6, 8, 10]
[Trainer] Starting BNN training...
[Trainer] No improvement. Iteration 8500. Early stopping counter: 1, LR counter: 1
[Trainer] No improvement. Iteration 9400. Early stopping counter: 1, LR counter: 1
[Trainer] No improvement. Iteration 9800. Early stopping counter: 1, LR counter: 1
[Trainer] No improvement. Iteration 10400. Early stopping counter: 1, LR counter: 1
[Trainer] No improvement. Iteration 10700. Early stopping counter: 1, LR counter: 1
[Trainer] No improvement. Iteration 11000. Early stopping counter: 1, LR counter: 1
[Trainer] No improvement. Iteration 11500. Early stopping counter: 1, LR counter: 1
[Trainer] No improvement. Iteration 11600. Early stopping counter: 2, LR counter: 2
[Trainer] No improvement. Iteration 11700. Early stopping counter: 3, LR counter: 3
[Trainer] No improvement. Iteration 11800. Early stopping counter: 4, LR counter: 4
[Trainer] No improvement. Iteration 11900. Early stopping counter: 5, LR counter: 5
[Trainer] No improvement. Iteration 12000. Early stopping counter: 6, LR counter: 6
[Trainer] No improvement. Iteration 12100. Early stopping counter: 7, LR counter: 7
[Trainer] No improvement. Iteration 12200. Early stopping counter: 8, LR counter: 8
[Trainer] No improvement. Iteration 12300. Early stopping counter: 9, LR counter: 9
[Trainer] No improvement. Iteration 12400. Early stopping counter: 10, LR counter: 10
[Trainer] No improvement. Iteration 12500. Early stopping counter: 11, LR counter: 11
[Trainer] No improvement. Iteration 12600. Early stopping counter: 12, LR counter: 12
[Trainer] No improvement. Iteration 12700. Early stopping counter: 13, LR counter: 13
[Trainer] No improvement. Iteration 12800. Early stopping counter: 14, LR counter: 14
[Trainer] No improvement. Iteration 12900. Early stopping counter: 15, LR counter: 15
[Trainer] No improvement. Iteration 13000. Early stopping counter: 16, LR counter: 16
[Trainer] No improvement. Iteration 13100. Early stopping counter: 17, LR counter: 17
[Trainer] No improvement. Iteration 13200. Early stopping counter: 18, LR counter: 18
[Trainer] No improvement. Iteration 13300. Early stopping counter: 19, LR counter: 19
[Trainer] No improvement. Iteration 13400. Early stopping counter: 20, LR counter: 20
[Trainer] No improvement. Iteration 13500. Early stopping counter: 21, LR counter: 21
[Trainer] No improvement. Iteration 13600. Early stopping counter: 22, LR counter: 22
[Trainer] No improvement. Iteration 13700. Early stopping counter: 23, LR counter: 23
[Trainer] No improvement. Iteration 13800. Early stopping counter: 24, LR counter: 24
[Trainer] No improvement. Iteration 13900. Early stopping counter: 25, LR counter: 25
[Trainer] Learning rate reduced to: 0.000010
[Trainer] No improvement. Iteration 14000. Early stopping counter: 26, LR counter: 1
[Trainer] No improvement. Iteration 14100. Early stopping counter: 27, LR counter: 2
[Trainer] No improvement. Iteration 14200. Early stopping counter: 28, LR counter: 3
[Trainer] No improvement. Iteration 14300. Early stopping counter: 29, LR counter: 4
[Trainer] No improvement. Iteration 14400. Early stopping counter: 30, LR counter: 5
[Trainer] No improvement. Iteration 14500. Early stopping counter: 31, LR counter: 6
[Trainer] No improvement. Iteration 14600. Early stopping counter: 32, LR counter: 7
[Trainer] No improvement. Iteration 14700. Early stopping counter: 33, LR counter: 8
[Trainer] No improvement. Iteration 14800. Early stopping counter: 34, LR counter: 9
[Trainer] No improvement. Iteration 14900. Early stopping counter: 35, LR counter: 10
[Trainer] No improvement. Iteration 15000. Early stopping counter: 36, LR counter: 11
[Trainer] No improvement. Iteration 15100. Early stopping counter: 37, LR counter: 12
[Trainer] No improvement. Iteration 15200. Early stopping counter: 38, LR counter: 13
[Trainer] No improvement. Iteration 15400. Early stopping counter: 1, LR counter: 1
[Trainer] No improvement. Iteration 15500. Early stopping counter: 2, LR counter: 2
[Trainer] No improvement. Iteration 15800. Early stopping counter: 1, LR counter: 1
[Trainer] No improvement. Iteration 15900. Early stopping counter: 2, LR counter: 2
[Trainer] No improvement. Iteration 16000. Early stopping counter: 3, LR counter: 3
[Trainer] No improvement. Iteration 16100. Early stopping counter: 4, LR counter: 4
[Trainer] No improvement. Iteration 16200. Early stopping counter: 5, LR counter: 5
[Trainer] No improvement. Iteration 16300. Early stopping counter: 6, LR counter: 6
[Trainer] No improvement. Iteration 16400. Early stopping counter: 7, LR counter: 7
[Trainer] No improvement. Iteration 16500. Early stopping counter: 8, LR counter: 8
[Trainer] No improvement. Iteration 16600. Early stopping counter: 9, LR counter: 9
[Trainer] No improvement. Iteration 16700. Early stopping counter: 10, LR counter: 10
[Trainer] No improvement. Iteration 16800. Early stopping counter: 11, LR counter: 11
[Trainer] No improvement. Iteration 16900. Early stopping counter: 12, LR counter: 12
[Trainer] No improvement. Iteration 17000. Early stopping counter: 13, LR counter: 13
[Trainer] No improvement. Iteration 17100. Early stopping counter: 14, LR counter: 14
[Trainer] No improvement. Iteration 17200. Early stopping counter: 15, LR counter: 15
[Trainer] No improvement. Iteration 17300. Early stopping counter: 16, LR counter: 16
[Trainer] No improvement. Iteration 17400. Early stopping counter: 17, LR counter: 17
[Trainer] No improvement. Iteration 17500. Early stopping counter: 18, LR counter: 18
[Trainer] No improvement. Iteration 17600. Early stopping counter: 19, LR counter: 19
[Trainer] No improvement. Iteration 17700. Early stopping counter: 20, LR counter: 20
[Trainer] No improvement. Iteration 17800. Early stopping counter: 21, LR counter: 21
[Trainer] No improvement. Iteration 17900. Early stopping counter: 22, LR counter: 22
[Trainer] No improvement. Iteration 18000. Early stopping counter: 23, LR counter: 23
[Trainer] No improvement. Iteration 18100. Early stopping counter: 24, LR counter: 24
[Trainer] No improvement. Iteration 18200. Early stopping counter: 25, LR counter: 25
[Trainer] Learning rate reduced to: 0.000001
[Trainer] No improvement. Iteration 18300. Early stopping counter: 26, LR counter: 1
[Trainer] No improvement. Iteration 18400. Early stopping counter: 27, LR counter: 2
[Trainer] No improvement. Iteration 18500. Early stopping counter: 28, LR counter: 3
[Trainer] No improvement. Iteration 18600. Early stopping counter: 29, LR counter: 4
[Trainer] No improvement. Iteration 18700. Early stopping counter: 30, LR counter: 5
[Trainer] No improvement. Iteration 18800. Early stopping counter: 31, LR counter: 6
[Trainer] No improvement. Iteration 18900. Early stopping counter: 32, LR counter: 7
[Trainer] No improvement. Iteration 19000. Early stopping counter: 33, LR counter: 8
[Trainer] No improvement. Iteration 19100. Early stopping counter: 34, LR counter: 9
[Trainer] No improvement. Iteration 19200. Early stopping counter: 35, LR counter: 10
[Trainer] No improvement. Iteration 19300. Early stopping counter: 36, LR counter: 11
[Trainer] No improvement. Iteration 19400. Early stopping counter: 37, LR counter: 12
[Trainer] No improvement. Iteration 19500. Early stopping counter: 38, LR counter: 13
[Trainer] No improvement. Iteration 19600. Early stopping counter: 39, LR counter: 14
[Trainer] No improvement. Iteration 19700. Early stopping counter: 40, LR counter: 15
[Trainer] No improvement. Iteration 19800. Early stopping counter: 41, LR counter: 16
[Trainer] No improvement. Iteration 19900. Early stopping counter: 42, LR counter: 17
[Trainer] No improvement. Iteration 20000. Early stopping counter: 43, LR counter: 18
[Trainer] No improvement. Iteration 20100. Early stopping counter: 44, LR counter: 19
[Trainer] No improvement. Iteration 20200. Early stopping counter: 45, LR counter: 20
[Trainer] No improvement. Iteration 20300. Early stopping counter: 46, LR counter: 21
[Trainer] No improvement. Iteration 20400. Early stopping counter: 47, LR counter: 22
[Trainer] No improvement. Iteration 20500. Early stopping counter: 48, LR counter: 23
[Trainer] No improvement. Iteration 20600. Early stopping counter: 49, LR counter: 24
[Trainer] No improvement. Iteration 20700. Early stopping counter: 50, LR counter: 25
[Trainer] Learning rate reduced to: 0.000000
[Trainer] Early stopping triggered.
[Trainer] Training completed.
[Trainer] Calibrating temperatures on validation set...
[Trainer] Temperature calibration finished. Calibrated temperatures: {4: 1.1792808771133423, 6: 1.0010231733322144, 8: 1.0131372213363647, 10: 1.20787513256073}
[Trainer] BNN training completed.
**************************************************
Z=8, N=4, emax=4
RMSE Eb: 1.006
RMSE Rch: 0.011
MAPE Eb: 2.914
MAPE Rch: 0.495
--------------------------------------------------
**************************************************
Z=8, N=4, emax=10
RMSE Eb: 1.285
RMSE Rch: 0.048
MAPE Eb: 2.201
MAPE Rch: 2.233
--------------------------------------------------
**************************************************
Z=8, N=4, emax=6
RMSE Eb: 1.085
RMSE Rch: 0.014
MAPE Eb: 2.047
MAPE Rch: 0.717
--------------------------------------------------
**************************************************
Z=8, N=4, emax=8
RMSE Eb: 0.865
RMSE Rch: 0.019
MAPE Eb: 1.437
MAPE Rch: 0.854
--------------------------------------------------
**************************************************
Z=8, N=5, emax=8
RMSE Eb: 0.980
RMSE Rch: 0.015
MAPE Eb: 1.251
MAPE Rch: 0.716
--------------------------------------------------
**************************************************
Z=8, N=5, emax=6
RMSE Eb: 1.073
RMSE Rch: 0.011
MAPE Eb: 1.624
MAPE Rch: 0.507
--------------------------------------------------
**************************************************
Z=8, N=5, emax=4
RMSE Eb: 0.999
RMSE Rch: 0.011
MAPE Eb: 1.965
MAPE Rch: 0.448
--------------------------------------------------
**************************************************
Z=8, N=5, emax=10
RMSE Eb: 1.426
RMSE Rch: 0.015
MAPE Eb: 1.959
MAPE Rch: 0.797
--------------------------------------------------
**************************************************
Z=8, N=6, emax=4
RMSE Eb: 0.867
RMSE Rch: 0.010
MAPE Eb: 1.203
MAPE Rch: 0.470
--------------------------------------------------
**************************************************
Z=8, N=6, emax=6
RMSE Eb: 0.822
RMSE Rch: 0.010
MAPE Eb: 0.956
MAPE Rch: 0.485
--------------------------------------------------
**************************************************
Z=8, N=6, emax=8
RMSE Eb: 1.054
RMSE Rch: 0.016
MAPE Eb: 1.020
MAPE Rch: 0.777
--------------------------------------------------
**************************************************
Z=8, N=6, emax=10
RMSE Eb: 1.029
RMSE Rch: 0.010
MAPE Eb: 0.931
MAPE Rch: 0.562
--------------------------------------------------
**************************************************
Z=8, N=7, emax=8
RMSE Eb: 0.948
RMSE Rch: 0.015
MAPE Eb: 0.744
MAPE Rch: 0.733
--------------------------------------------------
**************************************************
Z=8, N=7, emax=10
RMSE Eb: 1.128
RMSE Rch: 0.014
MAPE Eb: 0.893
MAPE Rch: 0.704
--------------------------------------------------
**************************************************
Z=8, N=7, emax=6
RMSE Eb: 0.890
RMSE Rch: 0.015
MAPE Eb: 0.812
MAPE Rch: 0.810
--------------------------------------------------
**************************************************
Z=8, N=7, emax=4
RMSE Eb: 0.793
RMSE Rch: 0.015
MAPE Eb: 0.878
MAPE Rch: 0.698
--------------------------------------------------
**************************************************
Z=8, N=8, emax=4
RMSE Eb: 0.982
RMSE Rch: 0.010
MAPE Eb: 0.929
MAPE Rch: 0.259
--------------------------------------------------
**************************************************
Z=8, N=8, emax=8
RMSE Eb: 1.146
RMSE Rch: 0.013
MAPE Eb: 0.823
MAPE Rch: 0.345
--------------------------------------------------
**************************************************
Z=8, N=8, emax=6
RMSE Eb: 1.058
RMSE Rch: 0.010
MAPE Eb: 0.887
MAPE Rch: 0.276
--------------------------------------------------
**************************************************
Z=8, N=8, emax=10
RMSE Eb: 1.515
RMSE Rch: 0.014
MAPE Eb: 1.140
MAPE Rch: 0.373
--------------------------------------------------
**************************************************
Z=8, N=9, emax=8
RMSE Eb: 1.041
RMSE Rch: 0.012
MAPE Eb: 0.765
MAPE Rch: 0.278
--------------------------------------------------
**************************************************
Z=8, N=9, emax=6
RMSE Eb: 0.909
RMSE Rch: 0.009
MAPE Eb: 0.701
MAPE Rch: 0.266
--------------------------------------------------
**************************************************
Z=8, N=9, emax=4
RMSE Eb: 1.073
RMSE Rch: 0.013
MAPE Eb: 1.044
MAPE Rch: 0.403
--------------------------------------------------
**************************************************
Z=8, N=9, emax=10
RMSE Eb: 0.512
RMSE Rch: 0.011
MAPE Eb: 0.380
MAPE Rch: 0.315
--------------------------------------------------
**************************************************
Z=8, N=10, emax=4
RMSE Eb: 0.831
RMSE Rch: 0.010
MAPE Eb: 0.882
MAPE Rch: 0.295
--------------------------------------------------
**************************************************
Z=8, N=10, emax=10
RMSE Eb: 0.724
RMSE Rch: 0.011
MAPE Eb: 0.512
MAPE Rch: 0.329
--------------------------------------------------
**************************************************
Z=8, N=10, emax=6
RMSE Eb: 0.802
RMSE Rch: 0.012
MAPE Eb: 0.660
MAPE Rch: 0.323
--------------------------------------------------
**************************************************
Z=8, N=10, emax=8
RMSE Eb: 1.125
RMSE Rch: 0.010
MAPE Eb: 0.756
MAPE Rch: 0.276
--------------------------------------------------
**************************************************
Z=8, N=11, emax=4
RMSE Eb: 0.962
RMSE Rch: 0.009
MAPE Eb: 0.990
MAPE Rch: 0.285
--------------------------------------------------
**************************************************
Z=8, N=11, emax=6
RMSE Eb: 0.945
RMSE Rch: 0.009
MAPE Eb: 0.735
MAPE Rch: 0.288
--------------------------------------------------
**************************************************
Z=8, N=11, emax=8
RMSE Eb: 1.016
RMSE Rch: 0.008
MAPE Eb: 0.674
MAPE Rch: 0.200
--------------------------------------------------
**************************************************
Z=8, N=11, emax=10
RMSE Eb: 0.959
RMSE Rch: 0.007
MAPE Eb: 0.652
MAPE Rch: 0.227
--------------------------------------------------
**************************************************
Z=8, N=12, emax=6
RMSE Eb: 0.873
RMSE Rch: 0.006
MAPE Eb: 0.631
MAPE Rch: 0.193
--------------------------------------------------
**************************************************
Z=8, N=12, emax=4
RMSE Eb: 1.016
RMSE Rch: 0.010
MAPE Eb: 1.102
MAPE Rch: 0.264
--------------------------------------------------
**************************************************
Z=8, N=12, emax=8
RMSE Eb: 1.056
RMSE Rch: 0.009
MAPE Eb: 0.712
MAPE Rch: 0.247
--------------------------------------------------
**************************************************
Z=8, N=12, emax=10
RMSE Eb: 0.969
RMSE Rch: 0.008
MAPE Eb: 0.592
MAPE Rch: 0.244
--------------------------------------------------
**************************************************
Z=8, N=13, emax=8
RMSE Eb: 0.911
RMSE Rch: 0.009
MAPE Eb: 0.586
MAPE Rch: 0.242
--------------------------------------------------
**************************************************
Z=8, N=13, emax=4
RMSE Eb: 0.969
RMSE Rch: 0.010
MAPE Eb: 1.014
MAPE Rch: 0.259
--------------------------------------------------
**************************************************
Z=8, N=13, emax=10
RMSE Eb: 1.722
RMSE Rch: 0.013
MAPE Eb: 0.966
MAPE Rch: 0.401
--------------------------------------------------
**************************************************
Z=8, N=13, emax=6
RMSE Eb: 0.873
RMSE Rch: 0.008
MAPE Eb: 0.678
MAPE Rch: 0.185
--------------------------------------------------
**************************************************
Z=8, N=14, emax=8
RMSE Eb: 1.115
RMSE Rch: 0.014
MAPE Eb: 0.673
MAPE Rch: 0.368
--------------------------------------------------
**************************************************
Z=8, N=14, emax=4
RMSE Eb: 0.930
RMSE Rch: 0.013
MAPE Eb: 0.932
MAPE Rch: 0.354
--------------------------------------------------
**************************************************
Z=8, N=14, emax=6
RMSE Eb: 1.025
RMSE Rch: 0.008
MAPE Eb: 0.787
MAPE Rch: 0.230
--------------------------------------------------
**************************************************
Z=8, N=14, emax=10
RMSE Eb: 1.283
RMSE Rch: 0.015
MAPE Eb: 0.858
MAPE Rch: 0.456
--------------------------------------------------
**************************************************
Z=8, N=15, emax=8
RMSE Eb: 1.009
RMSE Rch: 0.011
MAPE Eb: 0.611
MAPE Rch: 0.309
--------------------------------------------------
**************************************************
Z=8, N=15, emax=4
RMSE Eb: 0.863
RMSE Rch: 0.011
MAPE Eb: 0.850
MAPE Rch: 0.319
--------------------------------------------------
**************************************************
Z=8, N=15, emax=6
RMSE Eb: 1.214
RMSE Rch: 0.007
MAPE Eb: 0.810
MAPE Rch: 0.197
--------------------------------------------------
**************************************************
Z=8, N=15, emax=10
RMSE Eb: 0.792
RMSE Rch: 0.007
MAPE Eb: 0.448
MAPE Rch: 0.214
--------------------------------------------------
**************************************************
Z=8, N=16, emax=8
RMSE Eb: 1.140
RMSE Rch: 0.012
MAPE Eb: 0.651
MAPE Rch: 0.339
--------------------------------------------------
**************************************************
Z=8, N=16, emax=6
RMSE Eb: 1.287
RMSE Rch: 0.010
MAPE Eb: 0.778
MAPE Rch: 0.270
--------------------------------------------------
**************************************************
Z=8, N=16, emax=10
RMSE Eb: 0.997
RMSE Rch: 0.011
MAPE Eb: 0.593
MAPE Rch: 0.329
--------------------------------------------------
**************************************************
Z=8, N=16, emax=4
RMSE Eb: 0.877
RMSE Rch: 0.010
MAPE Eb: 0.871
MAPE Rch: 0.265
--------------------------------------------------
Finished VAL for AE n=154
**************************************************
Z=8, N=4, emax=6
RMSE Eb: 0.956
RMSE Rch: 0.016
MAPE Eb: 1.839
MAPE Rch: 0.728
--------------------------------------------------
**************************************************
Z=8, N=4, emax=8
RMSE Eb: 0.941
RMSE Rch: 0.021
MAPE Eb: 1.562
MAPE Rch: 1.012
--------------------------------------------------
**************************************************
Z=8, N=4, emax=4
RMSE Eb: 0.940
RMSE Rch: 0.010
MAPE Eb: 2.636
MAPE Rch: 0.442
--------------------------------------------------
**************************************************
Z=8, N=4, emax=10
RMSE Eb: 1.406
RMSE Rch: 0.031
MAPE Eb: 2.138
MAPE Rch: 1.442
--------------------------------------------------
**************************************************
Z=8, N=5, emax=4
RMSE Eb: 0.970
RMSE Rch: 0.012
MAPE Eb: 1.979
MAPE Rch: 0.514
--------------------------------------------------
**************************************************
Z=8, N=5, emax=8
RMSE Eb: 0.838
RMSE Rch: 0.017
MAPE Eb: 1.093
MAPE Rch: 0.816
--------------------------------------------------
**************************************************
Z=8, N=5, emax=6
RMSE Eb: 1.017
RMSE Rch: 0.010
MAPE Eb: 1.596
MAPE Rch: 0.434
--------------------------------------------------
**************************************************
Z=8, N=5, emax=10
RMSE Eb: 2.651
RMSE Rch: 0.025
MAPE Eb: 3.375
MAPE Rch: 1.418
--------------------------------------------------
**************************************************
Z=8, N=6, emax=4
RMSE Eb: 0.928
RMSE Rch: 0.013
MAPE Eb: 1.323
MAPE Rch: 0.618
--------------------------------------------------
**************************************************
Z=8, N=6, emax=8
RMSE Eb: 1.182
RMSE Rch: 0.019
MAPE Eb: 1.013
MAPE Rch: 0.824
--------------------------------------------------
**************************************************
Z=8, N=6, emax=6
RMSE Eb: 0.906
RMSE Rch: 0.014
MAPE Eb: 0.989
MAPE Rch: 0.538
--------------------------------------------------
**************************************************
Z=8, N=6, emax=10
RMSE Eb: 0.662
RMSE Rch: 0.012
MAPE Eb: 0.594
MAPE Rch: 0.691
--------------------------------------------------
**************************************************
Z=8, N=7, emax=4
RMSE Eb: 0.809
RMSE Rch: 0.013
MAPE Eb: 0.917
MAPE Rch: 0.635
--------------------------------------------------
**************************************************
Z=8, N=7, emax=8
RMSE Eb: 1.050
RMSE Rch: 0.014
MAPE Eb: 0.823
MAPE Rch: 0.722
--------------------------------------------------
**************************************************
Z=8, N=7, emax=6
RMSE Eb: 0.909
RMSE Rch: 0.014
MAPE Eb: 0.759
MAPE Rch: 0.752
--------------------------------------------------
**************************************************
Z=8, N=7, emax=10
RMSE Eb: 1.000
RMSE Rch: 0.014
MAPE Eb: 0.764
MAPE Rch: 0.789
--------------------------------------------------
**************************************************
Z=8, N=8, emax=4
RMSE Eb: 1.119
RMSE Rch: 0.011
MAPE Eb: 1.023
MAPE Rch: 0.292
--------------------------------------------------
**************************************************
Z=8, N=8, emax=6
RMSE Eb: 1.115
RMSE Rch: 0.010
MAPE Eb: 0.937
MAPE Rch: 0.291
--------------------------------------------------
**************************************************
Z=8, N=8, emax=8
RMSE Eb: 1.049
RMSE Rch: 0.010
MAPE Eb: 0.795
MAPE Rch: 0.269
--------------------------------------------------
**************************************************
Z=8, N=8, emax=10
RMSE Eb: 1.094
RMSE Rch: 0.015
MAPE Eb: 0.836
MAPE Rch: 0.408
--------------------------------------------------
**************************************************
Z=8, N=9, emax=4
RMSE Eb: 1.176
RMSE Rch: 0.015
MAPE Eb: 1.147
MAPE Rch: 0.448
--------------------------------------------------
**************************************************
Z=8, N=9, emax=8
RMSE Eb: 1.012
RMSE Rch: 0.009
MAPE Eb: 0.694
MAPE Rch: 0.244
--------------------------------------------------
**************************************************
Z=8, N=9, emax=6
RMSE Eb: 0.967
RMSE Rch: 0.010
MAPE Eb: 0.757
MAPE Rch: 0.286
--------------------------------------------------
**************************************************
Z=8, N=9, emax=10
RMSE Eb: 1.308
RMSE Rch: 0.012
MAPE Eb: 0.955
MAPE Rch: 0.348
--------------------------------------------------
**************************************************
Z=8, N=10, emax=4
RMSE Eb: 1.070
RMSE Rch: 0.012
MAPE Eb: 1.061
MAPE Rch: 0.351
--------------------------------------------------
**************************************************
Z=8, N=10, emax=6
RMSE Eb: 1.060
RMSE Rch: 0.010
MAPE Eb: 0.804
MAPE Rch: 0.288
--------------------------------------------------
**************************************************
Z=8, N=10, emax=8
RMSE Eb: 0.857
RMSE Rch: 0.011
MAPE Eb: 0.620
MAPE Rch: 0.311
--------------------------------------------------
**************************************************
Z=8, N=10, emax=10
RMSE Eb: 0.967
RMSE Rch: 0.006
MAPE Eb: 0.680
MAPE Rch: 0.190
--------------------------------------------------
**************************************************
Z=8, N=11, emax=8
RMSE Eb: 0.932
RMSE Rch: 0.009
MAPE Eb: 0.601
MAPE Rch: 0.252
--------------------------------------------------
**************************************************
Z=8, N=11, emax=4
RMSE Eb: 0.886
RMSE Rch: 0.010
MAPE Eb: 0.934
MAPE Rch: 0.319
--------------------------------------------------
**************************************************
Z=8, N=11, emax=6
RMSE Eb: 0.920
RMSE Rch: 0.010
MAPE Eb: 0.721
MAPE Rch: 0.269
--------------------------------------------------
**************************************************
Z=8, N=11, emax=10
RMSE Eb: 0.882
RMSE Rch: 0.011
MAPE Eb: 0.598
MAPE Rch: 0.312
--------------------------------------------------
**************************************************
Z=8, N=12, emax=6
RMSE Eb: 0.742
RMSE Rch: 0.006
MAPE Eb: 0.517
MAPE Rch: 0.146
--------------------------------------------------
**************************************************
Z=8, N=12, emax=8
RMSE Eb: 1.049
RMSE Rch: 0.008
MAPE Eb: 0.662
MAPE Rch: 0.214
--------------------------------------------------
**************************************************
Z=8, N=12, emax=4
RMSE Eb: 1.021
RMSE Rch: 0.011
MAPE Eb: 1.078
MAPE Rch: 0.306
--------------------------------------------------
**************************************************
Z=8, N=12, emax=10
RMSE Eb: 1.139
RMSE Rch: 0.011
MAPE Eb: 0.732
MAPE Rch: 0.305
--------------------------------------------------
**************************************************
Z=8, N=13, emax=8
RMSE Eb: 0.774
RMSE Rch: 0.007
MAPE Eb: 0.494
MAPE Rch: 0.202
--------------------------------------------------
**************************************************
Z=8, N=13, emax=4
RMSE Eb: 0.969
RMSE Rch: 0.010
MAPE Eb: 0.932
MAPE Rch: 0.270
--------------------------------------------------
**************************************************
Z=8, N=13, emax=6
RMSE Eb: 0.912
RMSE Rch: 0.007
MAPE Eb: 0.682
MAPE Rch: 0.204
--------------------------------------------------
**************************************************
Z=8, N=13, emax=10
RMSE Eb: 1.147
RMSE Rch: 0.008
MAPE Eb: 0.753
MAPE Rch: 0.236
--------------------------------------------------
**************************************************
Z=8, N=14, emax=6
RMSE Eb: 0.964
RMSE Rch: 0.010
MAPE Eb: 0.605
MAPE Rch: 0.296
--------------------------------------------------
**************************************************
Z=8, N=14, emax=10
RMSE Eb: 1.423
RMSE Rch: 0.015
MAPE Eb: 0.775
MAPE Rch: 0.457
--------------------------------------------------
**************************************************
Z=8, N=14, emax=4
RMSE Eb: 0.847
RMSE Rch: 0.012
MAPE Eb: 0.867
MAPE Rch: 0.337
--------------------------------------------------
**************************************************
Z=8, N=14, emax=8
RMSE Eb: 1.030
RMSE Rch: 0.009
MAPE Eb: 0.660
MAPE Rch: 0.235
--------------------------------------------------
**************************************************
Z=8, N=15, emax=8
RMSE Eb: 1.123
RMSE Rch: 0.012
MAPE Eb: 0.640
MAPE Rch: 0.339
--------------------------------------------------
**************************************************
Z=8, N=15, emax=6
RMSE Eb: 1.032
RMSE Rch: 0.007
MAPE Eb: 0.774
MAPE Rch: 0.186
--------------------------------------------------
**************************************************
Z=8, N=15, emax=4
RMSE Eb: 0.948
RMSE Rch: 0.012
MAPE Eb: 0.980
MAPE Rch: 0.327
--------------------------------------------------
**************************************************
Z=8, N=15, emax=10
RMSE Eb: 1.057
RMSE Rch: 0.010
MAPE Eb: 0.654
MAPE Rch: 0.277
--------------------------------------------------
**************************************************
Z=8, N=16, emax=4
RMSE Eb: 0.963
RMSE Rch: 0.011
MAPE Eb: 0.936
MAPE Rch: 0.311
--------------------------------------------------
**************************************************
Z=8, N=16, emax=8
RMSE Eb: 1.366
RMSE Rch: 0.012
MAPE Eb: 0.785
MAPE Rch: 0.354
--------------------------------------------------
**************************************************
Z=8, N=16, emax=6
RMSE Eb: 1.058
RMSE Rch: 0.009
MAPE Eb: 0.761
MAPE Rch: 0.245
--------------------------------------------------
**************************************************
Z=8, N=16, emax=10
RMSE Eb: 1.168
RMSE Rch: 0.010
MAPE Eb: 0.730
MAPE Rch: 0.253
--------------------------------------------------
