Activated conda environment
[DataLoader] Found 13 files matching the pattern.
[DataLoader] Combined data shape: (17234, 35)
[Preprocess] Data split => train: (11029, 35), val: (2758, 35), test: (3447, 35)
[Preprocess] Processed fidelity 4 (index 0): 3758 samples.
[Preprocess] Processed fidelity 6 (index 1): 3346 samples.
[Preprocess] Processed fidelity 8 (index 2): 3194 samples.
[Preprocess] Processed fidelity 10 (index 3): 731 samples.
[Preprocess] Processed fidelity 4 (index 0): 949 samples.
[Preprocess] Processed fidelity 6 (index 1): 833 samples.
[Preprocess] Processed fidelity 8 (index 2): 801 samples.
[Preprocess] Processed fidelity 10 (index 3): 175 samples.
Fidelity levels: [4, 6, 8, 10]
[Trainer] Starting BNN training...
[Trainer] No improvement. Iteration 7600. Early stopping counter: 1, LR counter: 1
[Trainer] No improvement. Iteration 7700. Early stopping counter: 2, LR counter: 2
[Trainer] No improvement. Iteration 7800. Early stopping counter: 3, LR counter: 3
[Trainer] No improvement. Iteration 7900. Early stopping counter: 4, LR counter: 4
[Trainer] No improvement. Iteration 8100. Early stopping counter: 1, LR counter: 1
[Trainer] No improvement. Iteration 8200. Early stopping counter: 2, LR counter: 2
[Trainer] No improvement. Iteration 8300. Early stopping counter: 3, LR counter: 3
[Trainer] No improvement. Iteration 8400. Early stopping counter: 4, LR counter: 4
[Trainer] No improvement. Iteration 8500. Early stopping counter: 5, LR counter: 5
[Trainer] No improvement. Iteration 8600. Early stopping counter: 6, LR counter: 6
[Trainer] No improvement. Iteration 8700. Early stopping counter: 7, LR counter: 7
[Trainer] No improvement. Iteration 8800. Early stopping counter: 8, LR counter: 8
[Trainer] No improvement. Iteration 8900. Early stopping counter: 9, LR counter: 9
[Trainer] No improvement. Iteration 9000. Early stopping counter: 10, LR counter: 10
[Trainer] No improvement. Iteration 9100. Early stopping counter: 11, LR counter: 11
[Trainer] No improvement. Iteration 9200. Early stopping counter: 12, LR counter: 12
[Trainer] No improvement. Iteration 9300. Early stopping counter: 13, LR counter: 13
[Trainer] No improvement. Iteration 9400. Early stopping counter: 14, LR counter: 14
[Trainer] No improvement. Iteration 9500. Early stopping counter: 15, LR counter: 15
[Trainer] No improvement. Iteration 9600. Early stopping counter: 16, LR counter: 16
[Trainer] No improvement. Iteration 9700. Early stopping counter: 17, LR counter: 17
[Trainer] No improvement. Iteration 9800. Early stopping counter: 18, LR counter: 18
[Trainer] No improvement. Iteration 9900. Early stopping counter: 19, LR counter: 19
[Trainer] No improvement. Iteration 10000. Early stopping counter: 20, LR counter: 20
[Trainer] No improvement. Iteration 10100. Early stopping counter: 21, LR counter: 21
[Trainer] No improvement. Iteration 10200. Early stopping counter: 22, LR counter: 22
[Trainer] No improvement. Iteration 10300. Early stopping counter: 23, LR counter: 23
[Trainer] No improvement. Iteration 10400. Early stopping counter: 24, LR counter: 24
[Trainer] No improvement. Iteration 10500. Early stopping counter: 25, LR counter: 25
[Trainer] Learning rate reduced to: 0.000010
[Trainer] No improvement. Iteration 10600. Early stopping counter: 26, LR counter: 1
[Trainer] No improvement. Iteration 10700. Early stopping counter: 27, LR counter: 2
[Trainer] No improvement. Iteration 10800. Early stopping counter: 28, LR counter: 3
[Trainer] No improvement. Iteration 10900. Early stopping counter: 29, LR counter: 4
[Trainer] No improvement. Iteration 11000. Early stopping counter: 30, LR counter: 5
[Trainer] No improvement. Iteration 11100. Early stopping counter: 31, LR counter: 6
[Trainer] No improvement. Iteration 11200. Early stopping counter: 32, LR counter: 7
[Trainer] No improvement. Iteration 11300. Early stopping counter: 33, LR counter: 8
[Trainer] No improvement. Iteration 11400. Early stopping counter: 34, LR counter: 9
[Trainer] No improvement. Iteration 11500. Early stopping counter: 35, LR counter: 10
[Trainer] No improvement. Iteration 11600. Early stopping counter: 36, LR counter: 11
[Trainer] No improvement. Iteration 11700. Early stopping counter: 37, LR counter: 12
[Trainer] No improvement. Iteration 11800. Early stopping counter: 38, LR counter: 13
[Trainer] No improvement. Iteration 11900. Early stopping counter: 39, LR counter: 14
[Trainer] No improvement. Iteration 12000. Early stopping counter: 40, LR counter: 15
[Trainer] No improvement. Iteration 12100. Early stopping counter: 41, LR counter: 16
[Trainer] No improvement. Iteration 12200. Early stopping counter: 42, LR counter: 17
[Trainer] No improvement. Iteration 12300. Early stopping counter: 43, LR counter: 18
[Trainer] No improvement. Iteration 12400. Early stopping counter: 44, LR counter: 19
[Trainer] No improvement. Iteration 12500. Early stopping counter: 45, LR counter: 20
[Trainer] No improvement. Iteration 12600. Early stopping counter: 46, LR counter: 21
[Trainer] No improvement. Iteration 12700. Early stopping counter: 47, LR counter: 22
[Trainer] No improvement. Iteration 12800. Early stopping counter: 48, LR counter: 23
[Trainer] No improvement. Iteration 12900. Early stopping counter: 49, LR counter: 24
[Trainer] No improvement. Iteration 13000. Early stopping counter: 50, LR counter: 25
[Trainer] Learning rate reduced to: 0.000001
[Trainer] Early stopping triggered.
[Trainer] Training completed.
[Trainer] Calibrating temperatures on validation set...
[Trainer] Temperature calibration finished. Calibrated temperatures: {4: 1.5484113693237305, 6: 1.2772494554519653, 8: 1.3598250150680542, 10: 1.584489107131958}
[Trainer] BNN training completed.
**************************************************
Z=8, N=4, emax=4
RMSE Eb: 0.740
RMSE Rch: 0.010
MAPE Eb: 2.183
MAPE Rch: 0.402
--------------------------------------------------
**************************************************
Z=8, N=4, emax=10
RMSE Eb: 1.242
RMSE Rch: 0.046
MAPE Eb: 1.960
MAPE Rch: 2.239
--------------------------------------------------
**************************************************
Z=8, N=4, emax=6
RMSE Eb: 0.750
RMSE Rch: 0.010
MAPE Eb: 1.467
MAPE Rch: 0.490
--------------------------------------------------
**************************************************
Z=8, N=4, emax=8
RMSE Eb: 0.867
RMSE Rch: 0.019
MAPE Eb: 1.489
MAPE Rch: 0.949
--------------------------------------------------
**************************************************
Z=8, N=5, emax=8
RMSE Eb: 0.765
RMSE Rch: 0.011
MAPE Eb: 0.949
MAPE Rch: 0.514
--------------------------------------------------
**************************************************
Z=8, N=5, emax=6
RMSE Eb: 0.733
RMSE Rch: 0.009
MAPE Eb: 1.070
MAPE Rch: 0.398
--------------------------------------------------
**************************************************
Z=8, N=5, emax=4
RMSE Eb: 0.697
RMSE Rch: 0.009
MAPE Eb: 1.433
MAPE Rch: 0.422
--------------------------------------------------
**************************************************
Z=8, N=5, emax=10
RMSE Eb: 0.531
RMSE Rch: 0.013
MAPE Eb: 0.689
MAPE Rch: 0.637
--------------------------------------------------
**************************************************
Z=8, N=6, emax=4
RMSE Eb: 0.810
RMSE Rch: 0.010
MAPE Eb: 1.191
MAPE Rch: 0.464
--------------------------------------------------
**************************************************
Z=8, N=6, emax=6
RMSE Eb: 0.676
RMSE Rch: 0.008
MAPE Eb: 0.746
MAPE Rch: 0.430
--------------------------------------------------
**************************************************
Z=8, N=6, emax=8
RMSE Eb: 1.078
RMSE Rch: 0.011
MAPE Eb: 1.048
MAPE Rch: 0.545
--------------------------------------------------
**************************************************
Z=8, N=6, emax=10
RMSE Eb: 1.175
RMSE Rch: 0.021
MAPE Eb: 1.162
MAPE Rch: 0.926
--------------------------------------------------
**************************************************
Z=8, N=7, emax=8
RMSE Eb: 1.161
RMSE Rch: 0.011
MAPE Eb: 1.010
MAPE Rch: 0.612
--------------------------------------------------
**************************************************
Z=8, N=7, emax=10
RMSE Eb: 1.002
RMSE Rch: 0.021
MAPE Eb: 0.847
MAPE Rch: 0.993
--------------------------------------------------
**************************************************
Z=8, N=7, emax=6
RMSE Eb: 0.906
RMSE Rch: 0.011
MAPE Eb: 0.883
MAPE Rch: 0.543
--------------------------------------------------
**************************************************
Z=8, N=7, emax=4
RMSE Eb: 0.862
RMSE Rch: 0.009
MAPE Eb: 1.025
MAPE Rch: 0.417
--------------------------------------------------
**************************************************
Z=8, N=8, emax=4
RMSE Eb: 0.704
RMSE Rch: 0.009
MAPE Eb: 0.729
MAPE Rch: 0.225
--------------------------------------------------
**************************************************
Z=8, N=8, emax=8
RMSE Eb: 0.889
RMSE Rch: 0.010
MAPE Eb: 0.623
MAPE Rch: 0.319
--------------------------------------------------
**************************************************
Z=8, N=8, emax=6
RMSE Eb: 0.608
RMSE Rch: 0.008
MAPE Eb: 0.490
MAPE Rch: 0.212
--------------------------------------------------
**************************************************
Z=8, N=8, emax=10
RMSE Eb: 1.179
RMSE Rch: 0.011
MAPE Eb: 0.825
MAPE Rch: 0.292
--------------------------------------------------
**************************************************
Z=8, N=9, emax=8
RMSE Eb: 0.809
RMSE Rch: 0.009
MAPE Eb: 0.590
MAPE Rch: 0.252
--------------------------------------------------
**************************************************
Z=8, N=9, emax=6
RMSE Eb: 0.718
RMSE Rch: 0.007
MAPE Eb: 0.572
MAPE Rch: 0.190
--------------------------------------------------
**************************************************
Z=8, N=9, emax=4
RMSE Eb: 0.721
RMSE Rch: 0.006
MAPE Eb: 0.795
MAPE Rch: 0.153
--------------------------------------------------
**************************************************
Z=8, N=9, emax=10
RMSE Eb: 0.347
RMSE Rch: 0.006
MAPE Eb: 0.247
MAPE Rch: 0.178
--------------------------------------------------
**************************************************
Z=8, N=10, emax=4
RMSE Eb: 0.613
RMSE Rch: 0.007
MAPE Eb: 0.641
MAPE Rch: 0.183
--------------------------------------------------
**************************************************
Z=8, N=10, emax=10
RMSE Eb: 0.614
RMSE Rch: 0.009
MAPE Eb: 0.413
MAPE Rch: 0.247
--------------------------------------------------
**************************************************
Z=8, N=10, emax=6
RMSE Eb: 0.571
RMSE Rch: 0.007
MAPE Eb: 0.430
MAPE Rch: 0.200
--------------------------------------------------
**************************************************
Z=8, N=10, emax=8
RMSE Eb: 0.716
RMSE Rch: 0.006
MAPE Eb: 0.509
MAPE Rch: 0.181
--------------------------------------------------
**************************************************
Z=8, N=11, emax=4
RMSE Eb: 0.569
RMSE Rch: 0.006
MAPE Eb: 0.606
MAPE Rch: 0.159
--------------------------------------------------
**************************************************
Z=8, N=11, emax=6
RMSE Eb: 0.696
RMSE Rch: 0.006
MAPE Eb: 0.512
MAPE Rch: 0.170
--------------------------------------------------
**************************************************
Z=8, N=11, emax=8
RMSE Eb: 0.820
RMSE Rch: 0.008
MAPE Eb: 0.604
MAPE Rch: 0.226
--------------------------------------------------
**************************************************
Z=8, N=11, emax=10
RMSE Eb: 0.692
RMSE Rch: 0.007
MAPE Eb: 0.483
MAPE Rch: 0.186
--------------------------------------------------
**************************************************
Z=8, N=12, emax=6
RMSE Eb: 0.809
RMSE Rch: 0.007
MAPE Eb: 0.610
MAPE Rch: 0.204
--------------------------------------------------
**************************************************
Z=8, N=12, emax=4
RMSE Eb: 0.745
RMSE Rch: 0.007
MAPE Eb: 0.757
MAPE Rch: 0.185
--------------------------------------------------
**************************************************
Z=8, N=12, emax=8
RMSE Eb: 0.794
RMSE Rch: 0.008
MAPE Eb: 0.541
MAPE Rch: 0.230
--------------------------------------------------
**************************************************
Z=8, N=12, emax=10
RMSE Eb: 0.704
RMSE Rch: 0.010
MAPE Eb: 0.503
MAPE Rch: 0.306
--------------------------------------------------
**************************************************
Z=8, N=13, emax=8
RMSE Eb: 0.720
RMSE Rch: 0.009
MAPE Eb: 0.469
MAPE Rch: 0.243
--------------------------------------------------
**************************************************
Z=8, N=13, emax=4
RMSE Eb: 0.693
RMSE Rch: 0.006
MAPE Eb: 0.660
MAPE Rch: 0.154
--------------------------------------------------
**************************************************
Z=8, N=13, emax=10
RMSE Eb: 0.807
RMSE Rch: 0.012
MAPE Eb: 0.446
MAPE Rch: 0.332
--------------------------------------------------
**************************************************
Z=8, N=13, emax=6
RMSE Eb: 0.624
RMSE Rch: 0.006
MAPE Eb: 0.469
MAPE Rch: 0.183
--------------------------------------------------
**************************************************
Z=8, N=14, emax=8
RMSE Eb: 0.959
RMSE Rch: 0.013
MAPE Eb: 0.627
MAPE Rch: 0.337
--------------------------------------------------
**************************************************
Z=8, N=14, emax=4
RMSE Eb: 0.774
RMSE Rch: 0.007
MAPE Eb: 0.775
MAPE Rch: 0.188
--------------------------------------------------
**************************************************
Z=8, N=14, emax=6
RMSE Eb: 0.698
RMSE Rch: 0.007
MAPE Eb: 0.521
MAPE Rch: 0.191
--------------------------------------------------
**************************************************
Z=8, N=14, emax=10
RMSE Eb: 0.412
RMSE Rch: 0.010
MAPE Eb: 0.281
MAPE Rch: 0.263
--------------------------------------------------
**************************************************
Z=8, N=15, emax=8
RMSE Eb: 0.870
RMSE Rch: 0.008
MAPE Eb: 0.490
MAPE Rch: 0.231
--------------------------------------------------
**************************************************
Z=8, N=15, emax=4
RMSE Eb: 0.916
RMSE Rch: 0.008
MAPE Eb: 0.892
MAPE Rch: 0.206
--------------------------------------------------
**************************************************
Z=8, N=15, emax=6
RMSE Eb: 0.753
RMSE Rch: 0.007
MAPE Eb: 0.552
MAPE Rch: 0.190
--------------------------------------------------
**************************************************
Z=8, N=15, emax=10
RMSE Eb: 0.604
RMSE Rch: 0.009
MAPE Eb: 0.293
MAPE Rch: 0.238
--------------------------------------------------
**************************************************
Z=8, N=16, emax=8
RMSE Eb: 1.087
RMSE Rch: 0.010
MAPE Eb: 0.649
MAPE Rch: 0.282
--------------------------------------------------
**************************************************
Z=8, N=16, emax=6
RMSE Eb: 0.885
RMSE Rch: 0.008
MAPE Eb: 0.591
MAPE Rch: 0.225
--------------------------------------------------
**************************************************
Z=8, N=16, emax=10
RMSE Eb: 0.940
RMSE Rch: 0.009
MAPE Eb: 0.560
MAPE Rch: 0.259
--------------------------------------------------
**************************************************
Z=8, N=16, emax=4
RMSE Eb: 1.086
RMSE Rch: 0.008
MAPE Eb: 1.070
MAPE Rch: 0.230
--------------------------------------------------
Finished VAL for AE n=310
**************************************************
Z=8, N=4, emax=6
RMSE Eb: 0.820
RMSE Rch: 0.010
MAPE Eb: 1.529
MAPE Rch: 0.479
--------------------------------------------------
**************************************************
Z=8, N=4, emax=8
RMSE Eb: 0.811
RMSE Rch: 0.015
MAPE Eb: 1.281
MAPE Rch: 0.627
--------------------------------------------------
**************************************************
Z=8, N=4, emax=4
RMSE Eb: 0.832
RMSE Rch: 0.008
MAPE Eb: 2.327
MAPE Rch: 0.343
--------------------------------------------------
**************************************************
Z=8, N=4, emax=10
RMSE Eb: 0.741
RMSE Rch: 0.021
MAPE Eb: 1.223
MAPE Rch: 1.033
--------------------------------------------------
**************************************************
Z=8, N=5, emax=4
RMSE Eb: 0.742
RMSE Rch: 0.010
MAPE Eb: 1.463
MAPE Rch: 0.476
--------------------------------------------------
**************************************************
Z=8, N=5, emax=8
RMSE Eb: 0.895
RMSE Rch: 0.016
MAPE Eb: 1.092
MAPE Rch: 0.701
--------------------------------------------------
**************************************************
Z=8, N=5, emax=6
RMSE Eb: 0.750
RMSE Rch: 0.008
MAPE Eb: 1.095
MAPE Rch: 0.389
--------------------------------------------------
**************************************************
Z=8, N=5, emax=10
RMSE Eb: 1.269
RMSE Rch: 0.014
MAPE Eb: 1.103
MAPE Rch: 0.668
--------------------------------------------------
**************************************************
Z=8, N=6, emax=4
RMSE Eb: 0.783
RMSE Rch: 0.009
MAPE Eb: 1.094
MAPE Rch: 0.395
--------------------------------------------------
**************************************************
Z=8, N=6, emax=8
RMSE Eb: 1.094
RMSE Rch: 0.016
MAPE Eb: 1.013
MAPE Rch: 0.749
--------------------------------------------------
**************************************************
Z=8, N=6, emax=6
RMSE Eb: 0.991
RMSE Rch: 0.010
MAPE Eb: 1.029
MAPE Rch: 0.486
--------------------------------------------------
**************************************************
Z=8, N=6, emax=10
RMSE Eb: 0.738
RMSE Rch: 0.013
MAPE Eb: 0.653
MAPE Rch: 0.621
--------------------------------------------------
**************************************************
Z=8, N=7, emax=4
RMSE Eb: 0.929
RMSE Rch: 0.008
MAPE Eb: 1.123
MAPE Rch: 0.378
--------------------------------------------------
**************************************************
Z=8, N=7, emax=8
RMSE Eb: 1.324
RMSE Rch: 0.013
MAPE Eb: 1.096
MAPE Rch: 0.679
--------------------------------------------------
**************************************************
Z=8, N=7, emax=6
RMSE Eb: 0.924
RMSE Rch: 0.009
MAPE Eb: 0.875
MAPE Rch: 0.458
--------------------------------------------------
**************************************************
Z=8, N=7, emax=10
RMSE Eb: 0.953
RMSE Rch: 0.022
MAPE Eb: 0.710
MAPE Rch: 1.084
--------------------------------------------------
**************************************************
Z=8, N=8, emax=4
RMSE Eb: 0.808
RMSE Rch: 0.010
MAPE Eb: 0.875
MAPE Rch: 0.256
--------------------------------------------------
**************************************************
Z=8, N=8, emax=6
RMSE Eb: 0.880
RMSE Rch: 0.009
MAPE Eb: 0.682
MAPE Rch: 0.251
--------------------------------------------------
**************************************************
Z=8, N=8, emax=8
RMSE Eb: 0.809
RMSE Rch: 0.010
MAPE Eb: 0.649
MAPE Rch: 0.279
--------------------------------------------------
**************************************************
Z=8, N=8, emax=10
RMSE Eb: 0.739
RMSE Rch: 0.016
MAPE Eb: 0.589
MAPE Rch: 0.448
--------------------------------------------------
**************************************************
Z=8, N=9, emax=4
RMSE Eb: 0.669
RMSE Rch: 0.007
MAPE Eb: 0.687
MAPE Rch: 0.208
--------------------------------------------------
**************************************************
Z=8, N=9, emax=8
RMSE Eb: 0.821
RMSE Rch: 0.007
MAPE Eb: 0.604
MAPE Rch: 0.210
--------------------------------------------------
**************************************************
Z=8, N=9, emax=6
RMSE Eb: 0.636
RMSE Rch: 0.008
MAPE Eb: 0.534
MAPE Rch: 0.228
--------------------------------------------------
**************************************************
Z=8, N=9, emax=10
RMSE Eb: 0.779
RMSE Rch: 0.008
MAPE Eb: 0.582
MAPE Rch: 0.237
--------------------------------------------------
**************************************************
Z=8, N=10, emax=4
RMSE Eb: 0.721
RMSE Rch: 0.006
MAPE Eb: 0.738
MAPE Rch: 0.153
--------------------------------------------------
**************************************************
Z=8, N=10, emax=6
RMSE Eb: 0.609
RMSE Rch: 0.007
MAPE Eb: 0.455
MAPE Rch: 0.203
--------------------------------------------------
**************************************************
Z=8, N=10, emax=8
RMSE Eb: 0.755
RMSE Rch: 0.008
MAPE Eb: 0.558
MAPE Rch: 0.239
--------------------------------------------------
**************************************************
Z=8, N=10, emax=10
RMSE Eb: 1.109
RMSE Rch: 0.007
MAPE Eb: 0.741
MAPE Rch: 0.170
--------------------------------------------------
**************************************************
Z=8, N=11, emax=8
RMSE Eb: 0.754
RMSE Rch: 0.008
MAPE Eb: 0.504
MAPE Rch: 0.228
--------------------------------------------------
**************************************************
Z=8, N=11, emax=4
RMSE Eb: 0.625
RMSE Rch: 0.006
MAPE Eb: 0.685
MAPE Rch: 0.163
--------------------------------------------------
**************************************************
Z=8, N=11, emax=6
RMSE Eb: 0.628
RMSE Rch: 0.007
MAPE Eb: 0.521
MAPE Rch: 0.195
--------------------------------------------------
**************************************************
Z=8, N=11, emax=10
RMSE Eb: 0.833
RMSE Rch: 0.007
MAPE Eb: 0.535
MAPE Rch: 0.213
--------------------------------------------------
**************************************************
Z=8, N=12, emax=6
RMSE Eb: 0.718
RMSE Rch: 0.007
MAPE Eb: 0.539
MAPE Rch: 0.192
--------------------------------------------------
**************************************************
Z=8, N=12, emax=8
RMSE Eb: 0.708
RMSE Rch: 0.008
MAPE Eb: 0.453
MAPE Rch: 0.229
--------------------------------------------------
**************************************************
Z=8, N=12, emax=4
RMSE Eb: 0.759
RMSE Rch: 0.006
MAPE Eb: 0.750
MAPE Rch: 0.178
--------------------------------------------------
**************************************************
Z=8, N=12, emax=10
RMSE Eb: 0.636
RMSE Rch: 0.010
MAPE Eb: 0.450
MAPE Rch: 0.276
--------------------------------------------------
**************************************************
Z=8, N=13, emax=8
RMSE Eb: 0.863
RMSE Rch: 0.009
MAPE Eb: 0.534
MAPE Rch: 0.245
--------------------------------------------------
**************************************************
Z=8, N=13, emax=4
RMSE Eb: 0.803
RMSE Rch: 0.007
MAPE Eb: 0.827
MAPE Rch: 0.189
--------------------------------------------------
**************************************************
Z=8, N=13, emax=6
RMSE Eb: 0.653
RMSE Rch: 0.007
MAPE Eb: 0.496
MAPE Rch: 0.180
--------------------------------------------------
**************************************************
Z=8, N=13, emax=10
RMSE Eb: 0.368
RMSE Rch: 0.011
MAPE Eb: 0.237
MAPE Rch: 0.256
--------------------------------------------------
**************************************************
Z=8, N=14, emax=6
RMSE Eb: 0.806
RMSE Rch: 0.007
MAPE Eb: 0.557
MAPE Rch: 0.194
--------------------------------------------------
**************************************************
Z=8, N=14, emax=10
RMSE Eb: 0.766
RMSE Rch: 0.011
MAPE Eb: 0.414
MAPE Rch: 0.295
--------------------------------------------------
**************************************************
Z=8, N=14, emax=4
RMSE Eb: 0.920
RMSE Rch: 0.006
MAPE Eb: 0.905
MAPE Rch: 0.170
--------------------------------------------------
**************************************************
Z=8, N=14, emax=8
RMSE Eb: 0.875
RMSE Rch: 0.011
MAPE Eb: 0.510
MAPE Rch: 0.280
--------------------------------------------------
**************************************************
Z=8, N=15, emax=8
RMSE Eb: 0.842
RMSE Rch: 0.008
MAPE Eb: 0.516
MAPE Rch: 0.223
--------------------------------------------------
**************************************************
Z=8, N=15, emax=6
RMSE Eb: 0.766
RMSE Rch: 0.007
MAPE Eb: 0.547
MAPE Rch: 0.184
--------------------------------------------------
**************************************************
Z=8, N=15, emax=4
RMSE Eb: 0.910
RMSE Rch: 0.007
MAPE Eb: 0.974
MAPE Rch: 0.187
--------------------------------------------------
**************************************************
Z=8, N=15, emax=10
RMSE Eb: 0.793
RMSE Rch: 0.008
MAPE Eb: 0.474
MAPE Rch: 0.213
--------------------------------------------------
**************************************************
Z=8, N=16, emax=4
RMSE Eb: 1.052
RMSE Rch: 0.008
MAPE Eb: 1.035
MAPE Rch: 0.205
--------------------------------------------------
**************************************************
Z=8, N=16, emax=8
RMSE Eb: 0.846
RMSE Rch: 0.009
MAPE Eb: 0.487
MAPE Rch: 0.271
--------------------------------------------------
**************************************************
Z=8, N=16, emax=6
RMSE Eb: 0.924
RMSE Rch: 0.008
MAPE Eb: 0.677
MAPE Rch: 0.217
--------------------------------------------------
**************************************************
Z=8, N=16, emax=10
RMSE Eb: 1.011
RMSE Rch: 0.007
MAPE Eb: 0.618
MAPE Rch: 0.184
--------------------------------------------------
