Activated conda environment
[DataLoader] Found 13 files matching the pattern.
[DataLoader] Combined data shape: (17234, 35)
[Preprocess] Data split => train: (11029, 35), val: (2758, 35), test: (3447, 35)
[Preprocess] Processed fidelity 4 (index 0): 3758 samples.
[Preprocess] Processed fidelity 6 (index 1): 3346 samples.
[Preprocess] Processed fidelity 8 (index 2): 3194 samples.
[Preprocess] Processed fidelity 10 (index 3): 731 samples.
[Preprocess] Processed fidelity 4 (index 0): 949 samples.
[Preprocess] Processed fidelity 6 (index 1): 833 samples.
[Preprocess] Processed fidelity 8 (index 2): 801 samples.
[Preprocess] Processed fidelity 10 (index 3): 175 samples.
Fidelity levels: [4, 6, 8, 10]
[Trainer] Starting BNN training...
[Trainer] No improvement. Iteration 7400. Early stopping counter: 1, LR counter: 1
[Trainer] No improvement. Iteration 7900. Early stopping counter: 1, LR counter: 1
[Trainer] No improvement. Iteration 8000. Early stopping counter: 2, LR counter: 2
[Trainer] No improvement. Iteration 8600. Early stopping counter: 1, LR counter: 1
[Trainer] No improvement. Iteration 9000. Early stopping counter: 1, LR counter: 1
[Trainer] No improvement. Iteration 9100. Early stopping counter: 2, LR counter: 2
[Trainer] No improvement. Iteration 9600. Early stopping counter: 1, LR counter: 1
[Trainer] No improvement. Iteration 10000. Early stopping counter: 1, LR counter: 1
[Trainer] No improvement. Iteration 10100. Early stopping counter: 2, LR counter: 2
[Trainer] No improvement. Iteration 10200. Early stopping counter: 3, LR counter: 3
[Trainer] No improvement. Iteration 10800. Early stopping counter: 1, LR counter: 1
[Trainer] No improvement. Iteration 11300. Early stopping counter: 1, LR counter: 1
[Trainer] No improvement. Iteration 11400. Early stopping counter: 2, LR counter: 2
[Trainer] No improvement. Iteration 11500. Early stopping counter: 3, LR counter: 3
[Trainer] No improvement. Iteration 11600. Early stopping counter: 4, LR counter: 4
[Trainer] No improvement. Iteration 11700. Early stopping counter: 5, LR counter: 5
[Trainer] No improvement. Iteration 11800. Early stopping counter: 6, LR counter: 6
[Trainer] No improvement. Iteration 11900. Early stopping counter: 7, LR counter: 7
[Trainer] No improvement. Iteration 12000. Early stopping counter: 8, LR counter: 8
[Trainer] No improvement. Iteration 12100. Early stopping counter: 9, LR counter: 9
[Trainer] No improvement. Iteration 12200. Early stopping counter: 10, LR counter: 10
[Trainer] No improvement. Iteration 12300. Early stopping counter: 11, LR counter: 11
[Trainer] No improvement. Iteration 12400. Early stopping counter: 12, LR counter: 12
[Trainer] No improvement. Iteration 12500. Early stopping counter: 13, LR counter: 13
[Trainer] No improvement. Iteration 12600. Early stopping counter: 14, LR counter: 14
[Trainer] No improvement. Iteration 12700. Early stopping counter: 15, LR counter: 15
[Trainer] No improvement. Iteration 12800. Early stopping counter: 16, LR counter: 16
[Trainer] No improvement. Iteration 12900. Early stopping counter: 17, LR counter: 17
[Trainer] No improvement. Iteration 13000. Early stopping counter: 18, LR counter: 18
[Trainer] No improvement. Iteration 13100. Early stopping counter: 19, LR counter: 19
[Trainer] No improvement. Iteration 13200. Early stopping counter: 20, LR counter: 20
[Trainer] No improvement. Iteration 13300. Early stopping counter: 21, LR counter: 21
[Trainer] No improvement. Iteration 13400. Early stopping counter: 22, LR counter: 22
[Trainer] No improvement. Iteration 13500. Early stopping counter: 23, LR counter: 23
[Trainer] No improvement. Iteration 13600. Early stopping counter: 24, LR counter: 24
[Trainer] No improvement. Iteration 13700. Early stopping counter: 25, LR counter: 25
[Trainer] Learning rate reduced to: 0.000010
[Trainer] No improvement. Iteration 13800. Early stopping counter: 26, LR counter: 1
[Trainer] No improvement. Iteration 13900. Early stopping counter: 27, LR counter: 2
[Trainer] No improvement. Iteration 14000. Early stopping counter: 28, LR counter: 3
[Trainer] No improvement. Iteration 14100. Early stopping counter: 29, LR counter: 4
[Trainer] No improvement. Iteration 14200. Early stopping counter: 30, LR counter: 5
[Trainer] No improvement. Iteration 14300. Early stopping counter: 31, LR counter: 6
[Trainer] No improvement. Iteration 14400. Early stopping counter: 32, LR counter: 7
[Trainer] No improvement. Iteration 14500. Early stopping counter: 33, LR counter: 8
[Trainer] No improvement. Iteration 14600. Early stopping counter: 34, LR counter: 9
[Trainer] No improvement. Iteration 14700. Early stopping counter: 35, LR counter: 10
[Trainer] No improvement. Iteration 14800. Early stopping counter: 36, LR counter: 11
[Trainer] No improvement. Iteration 14900. Early stopping counter: 37, LR counter: 12
[Trainer] No improvement. Iteration 15000. Early stopping counter: 38, LR counter: 13
[Trainer] No improvement. Iteration 15100. Early stopping counter: 39, LR counter: 14
[Trainer] No improvement. Iteration 15200. Early stopping counter: 40, LR counter: 15
[Trainer] No improvement. Iteration 15300. Early stopping counter: 41, LR counter: 16
[Trainer] No improvement. Iteration 15400. Early stopping counter: 42, LR counter: 17
[Trainer] No improvement. Iteration 16200. Early stopping counter: 1, LR counter: 1
[Trainer] No improvement. Iteration 16300. Early stopping counter: 2, LR counter: 2
[Trainer] No improvement. Iteration 16400. Early stopping counter: 3, LR counter: 3
[Trainer] No improvement. Iteration 16500. Early stopping counter: 4, LR counter: 4
[Trainer] No improvement. Iteration 16600. Early stopping counter: 5, LR counter: 5
[Trainer] No improvement. Iteration 16700. Early stopping counter: 6, LR counter: 6
[Trainer] No improvement. Iteration 16800. Early stopping counter: 7, LR counter: 7
[Trainer] No improvement. Iteration 16900. Early stopping counter: 8, LR counter: 8
[Trainer] No improvement. Iteration 17000. Early stopping counter: 9, LR counter: 9
[Trainer] No improvement. Iteration 17100. Early stopping counter: 10, LR counter: 10
[Trainer] No improvement. Iteration 17200. Early stopping counter: 11, LR counter: 11
[Trainer] No improvement. Iteration 17300. Early stopping counter: 12, LR counter: 12
[Trainer] No improvement. Iteration 17400. Early stopping counter: 13, LR counter: 13
[Trainer] No improvement. Iteration 17500. Early stopping counter: 14, LR counter: 14
[Trainer] No improvement. Iteration 17600. Early stopping counter: 15, LR counter: 15
[Trainer] No improvement. Iteration 17700. Early stopping counter: 16, LR counter: 16
[Trainer] No improvement. Iteration 17800. Early stopping counter: 17, LR counter: 17
[Trainer] No improvement. Iteration 17900. Early stopping counter: 18, LR counter: 18
[Trainer] No improvement. Iteration 18000. Early stopping counter: 19, LR counter: 19
[Trainer] No improvement. Iteration 18100. Early stopping counter: 20, LR counter: 20
[Trainer] No improvement. Iteration 18200. Early stopping counter: 21, LR counter: 21
[Trainer] No improvement. Iteration 18300. Early stopping counter: 22, LR counter: 22
[Trainer] No improvement. Iteration 18400. Early stopping counter: 23, LR counter: 23
[Trainer] No improvement. Iteration 18500. Early stopping counter: 24, LR counter: 24
[Trainer] No improvement. Iteration 18600. Early stopping counter: 25, LR counter: 25
[Trainer] Learning rate reduced to: 0.000001
[Trainer] No improvement. Iteration 18700. Early stopping counter: 26, LR counter: 1
[Trainer] No improvement. Iteration 18800. Early stopping counter: 27, LR counter: 2
[Trainer] No improvement. Iteration 18900. Early stopping counter: 28, LR counter: 3
[Trainer] No improvement. Iteration 19000. Early stopping counter: 29, LR counter: 4
[Trainer] No improvement. Iteration 19100. Early stopping counter: 30, LR counter: 5
[Trainer] No improvement. Iteration 19200. Early stopping counter: 31, LR counter: 6
[Trainer] No improvement. Iteration 19300. Early stopping counter: 32, LR counter: 7
[Trainer] No improvement. Iteration 19400. Early stopping counter: 33, LR counter: 8
[Trainer] No improvement. Iteration 19500. Early stopping counter: 34, LR counter: 9
[Trainer] No improvement. Iteration 19600. Early stopping counter: 35, LR counter: 10
[Trainer] No improvement. Iteration 19700. Early stopping counter: 36, LR counter: 11
[Trainer] No improvement. Iteration 19800. Early stopping counter: 37, LR counter: 12
[Trainer] No improvement. Iteration 19900. Early stopping counter: 38, LR counter: 13
[Trainer] No improvement. Iteration 20000. Early stopping counter: 39, LR counter: 14
[Trainer] No improvement. Iteration 20600. Early stopping counter: 1, LR counter: 1
[Trainer] No improvement. Iteration 20700. Early stopping counter: 2, LR counter: 2
[Trainer] No improvement. Iteration 20800. Early stopping counter: 3, LR counter: 3
[Trainer] No improvement. Iteration 20900. Early stopping counter: 4, LR counter: 4
[Trainer] No improvement. Iteration 21000. Early stopping counter: 5, LR counter: 5
[Trainer] No improvement. Iteration 21100. Early stopping counter: 6, LR counter: 6
[Trainer] No improvement. Iteration 21200. Early stopping counter: 7, LR counter: 7
[Trainer] No improvement. Iteration 21300. Early stopping counter: 8, LR counter: 8
[Trainer] No improvement. Iteration 21400. Early stopping counter: 9, LR counter: 9
[Trainer] No improvement. Iteration 21500. Early stopping counter: 10, LR counter: 10
[Trainer] No improvement. Iteration 21600. Early stopping counter: 11, LR counter: 11
[Trainer] No improvement. Iteration 21700. Early stopping counter: 12, LR counter: 12
[Trainer] No improvement. Iteration 21800. Early stopping counter: 13, LR counter: 13
[Trainer] No improvement. Iteration 21900. Early stopping counter: 14, LR counter: 14
[Trainer] No improvement. Iteration 22000. Early stopping counter: 15, LR counter: 15
[Trainer] No improvement. Iteration 22100. Early stopping counter: 16, LR counter: 16
[Trainer] No improvement. Iteration 22200. Early stopping counter: 17, LR counter: 17
[Trainer] No improvement. Iteration 22300. Early stopping counter: 18, LR counter: 18
[Trainer] No improvement. Iteration 22400. Early stopping counter: 19, LR counter: 19
[Trainer] No improvement. Iteration 22500. Early stopping counter: 20, LR counter: 20
[Trainer] No improvement. Iteration 22600. Early stopping counter: 21, LR counter: 21
[Trainer] No improvement. Iteration 22700. Early stopping counter: 22, LR counter: 22
[Trainer] No improvement. Iteration 22800. Early stopping counter: 23, LR counter: 23
[Trainer] No improvement. Iteration 22900. Early stopping counter: 24, LR counter: 24
[Trainer] No improvement. Iteration 23000. Early stopping counter: 25, LR counter: 25
[Trainer] Learning rate reduced to: 0.000000
[Trainer] No improvement. Iteration 23100. Early stopping counter: 26, LR counter: 1
[Trainer] No improvement. Iteration 23200. Early stopping counter: 27, LR counter: 2
[Trainer] No improvement. Iteration 23300. Early stopping counter: 28, LR counter: 3
[Trainer] No improvement. Iteration 23400. Early stopping counter: 29, LR counter: 4
[Trainer] No improvement. Iteration 23500. Early stopping counter: 30, LR counter: 5
[Trainer] No improvement. Iteration 23600. Early stopping counter: 31, LR counter: 6
[Trainer] No improvement. Iteration 23700. Early stopping counter: 32, LR counter: 7
[Trainer] No improvement. Iteration 23800. Early stopping counter: 33, LR counter: 8
[Trainer] No improvement. Iteration 23900. Early stopping counter: 34, LR counter: 9
[Trainer] No improvement. Iteration 24000. Early stopping counter: 35, LR counter: 10
[Trainer] No improvement. Iteration 24100. Early stopping counter: 36, LR counter: 11
[Trainer] No improvement. Iteration 24200. Early stopping counter: 37, LR counter: 12
[Trainer] No improvement. Iteration 24300. Early stopping counter: 38, LR counter: 13
[Trainer] No improvement. Iteration 24400. Early stopping counter: 39, LR counter: 14
[Trainer] No improvement. Iteration 24500. Early stopping counter: 40, LR counter: 15
[Trainer] No improvement. Iteration 24600. Early stopping counter: 41, LR counter: 16
[Trainer] No improvement. Iteration 24700. Early stopping counter: 42, LR counter: 17
[Trainer] No improvement. Iteration 24800. Early stopping counter: 43, LR counter: 18
[Trainer] No improvement. Iteration 24900. Early stopping counter: 44, LR counter: 19
[Trainer] No improvement. Iteration 25000. Early stopping counter: 45, LR counter: 20
[Trainer] No improvement. Iteration 25100. Early stopping counter: 46, LR counter: 21
[Trainer] No improvement. Iteration 25200. Early stopping counter: 47, LR counter: 22
[Trainer] No improvement. Iteration 25300. Early stopping counter: 48, LR counter: 23
[Trainer] No improvement. Iteration 25400. Early stopping counter: 49, LR counter: 24
[Trainer] No improvement. Iteration 25500. Early stopping counter: 50, LR counter: 25
[Trainer] Learning rate reduced to: 0.000000
[Trainer] Early stopping triggered.
[Trainer] Training completed.
[Trainer] Calibrating temperatures on validation set...
[Trainer] Temperature calibration finished. Calibrated temperatures: {4: 1.013124704360962, 6: 0.975344181060791, 8: 1.0012454986572266, 10: 1.2083289623260498}
[Trainer] BNN training completed.
**************************************************
Z=8, N=4, emax=4
RMSE Eb: 0.814
RMSE Rch: 0.009
MAPE Eb: 2.321
MAPE Rch: 0.381
--------------------------------------------------
**************************************************
Z=8, N=4, emax=10
RMSE Eb: 1.233
RMSE Rch: 0.054
MAPE Eb: 1.894
MAPE Rch: 2.482
--------------------------------------------------
**************************************************
Z=8, N=4, emax=6
RMSE Eb: 0.934
RMSE Rch: 0.018
MAPE Eb: 1.730
MAPE Rch: 0.868
--------------------------------------------------
**************************************************
Z=8, N=4, emax=8
RMSE Eb: 0.824
RMSE Rch: 0.020
MAPE Eb: 1.368
MAPE Rch: 1.022
--------------------------------------------------
**************************************************
Z=8, N=5, emax=8
RMSE Eb: 1.133
RMSE Rch: 0.019
MAPE Eb: 1.497
MAPE Rch: 0.919
--------------------------------------------------
**************************************************
Z=8, N=5, emax=6
RMSE Eb: 0.894
RMSE Rch: 0.013
MAPE Eb: 1.281
MAPE Rch: 0.628
--------------------------------------------------
**************************************************
Z=8, N=5, emax=4
RMSE Eb: 0.946
RMSE Rch: 0.010
MAPE Eb: 1.863
MAPE Rch: 0.454
--------------------------------------------------
**************************************************
Z=8, N=5, emax=10
RMSE Eb: 1.308
RMSE Rch: 0.021
MAPE Eb: 1.192
MAPE Rch: 0.840
--------------------------------------------------
**************************************************
Z=8, N=6, emax=4
RMSE Eb: 0.787
RMSE Rch: 0.010
MAPE Eb: 1.117
MAPE Rch: 0.453
--------------------------------------------------
**************************************************
Z=8, N=6, emax=6
RMSE Eb: 0.808
RMSE Rch: 0.010
MAPE Eb: 0.843
MAPE Rch: 0.440
--------------------------------------------------
**************************************************
Z=8, N=6, emax=8
RMSE Eb: 1.106
RMSE Rch: 0.016
MAPE Eb: 0.955
MAPE Rch: 0.798
--------------------------------------------------
**************************************************
Z=8, N=6, emax=10
RMSE Eb: 1.313
RMSE Rch: 0.014
MAPE Eb: 1.211
MAPE Rch: 0.835
--------------------------------------------------
**************************************************
Z=8, N=7, emax=8
RMSE Eb: 1.307
RMSE Rch: 0.010
MAPE Eb: 1.019
MAPE Rch: 0.522
--------------------------------------------------
**************************************************
Z=8, N=7, emax=10
RMSE Eb: 1.466
RMSE Rch: 0.016
MAPE Eb: 1.183
MAPE Rch: 0.873
--------------------------------------------------
**************************************************
Z=8, N=7, emax=6
RMSE Eb: 1.063
RMSE Rch: 0.012
MAPE Eb: 1.020
MAPE Rch: 0.594
--------------------------------------------------
**************************************************
Z=8, N=7, emax=4
RMSE Eb: 0.868
RMSE Rch: 0.013
MAPE Eb: 1.088
MAPE Rch: 0.619
--------------------------------------------------
**************************************************
Z=8, N=8, emax=4
RMSE Eb: 0.789
RMSE Rch: 0.012
MAPE Eb: 0.863
MAPE Rch: 0.343
--------------------------------------------------
**************************************************
Z=8, N=8, emax=8
RMSE Eb: 1.048
RMSE Rch: 0.013
MAPE Eb: 0.752
MAPE Rch: 0.333
--------------------------------------------------
**************************************************
Z=8, N=8, emax=6
RMSE Eb: 1.367
RMSE Rch: 0.018
MAPE Eb: 1.135
MAPE Rch: 0.442
--------------------------------------------------
**************************************************
Z=8, N=8, emax=10
RMSE Eb: 1.599
RMSE Rch: 0.014
MAPE Eb: 1.145
MAPE Rch: 0.469
--------------------------------------------------
**************************************************
Z=8, N=9, emax=8
RMSE Eb: 1.090
RMSE Rch: 0.009
MAPE Eb: 0.796
MAPE Rch: 0.236
--------------------------------------------------
**************************************************
Z=8, N=9, emax=6
RMSE Eb: 0.841
RMSE Rch: 0.008
MAPE Eb: 0.658
MAPE Rch: 0.235
--------------------------------------------------
**************************************************
Z=8, N=9, emax=4
RMSE Eb: 0.898
RMSE Rch: 0.011
MAPE Eb: 0.914
MAPE Rch: 0.289
--------------------------------------------------
**************************************************
Z=8, N=9, emax=10
RMSE Eb: 0.874
RMSE Rch: 0.013
MAPE Eb: 0.575
MAPE Rch: 0.337
--------------------------------------------------
**************************************************
Z=8, N=10, emax=4
RMSE Eb: 0.771
RMSE Rch: 0.009
MAPE Eb: 0.819
MAPE Rch: 0.229
--------------------------------------------------
**************************************************
Z=8, N=10, emax=10
RMSE Eb: 1.265
RMSE Rch: 0.006
MAPE Eb: 0.828
MAPE Rch: 0.182
--------------------------------------------------
**************************************************
Z=8, N=10, emax=6
RMSE Eb: 0.791
RMSE Rch: 0.008
MAPE Eb: 0.640
MAPE Rch: 0.220
--------------------------------------------------
**************************************************
Z=8, N=10, emax=8
RMSE Eb: 1.302
RMSE Rch: 0.009
MAPE Eb: 0.863
MAPE Rch: 0.241
--------------------------------------------------
**************************************************
Z=8, N=11, emax=4
RMSE Eb: 0.686
RMSE Rch: 0.007
MAPE Eb: 0.716
MAPE Rch: 0.193
--------------------------------------------------
**************************************************
Z=8, N=11, emax=6
RMSE Eb: 0.756
RMSE Rch: 0.009
MAPE Eb: 0.578
MAPE Rch: 0.276
--------------------------------------------------
**************************************************
Z=8, N=11, emax=8
RMSE Eb: 1.268
RMSE Rch: 0.008
MAPE Eb: 0.899
MAPE Rch: 0.210
--------------------------------------------------
**************************************************
Z=8, N=11, emax=10
RMSE Eb: 1.674
RMSE Rch: 0.007
MAPE Eb: 1.135
MAPE Rch: 0.153
--------------------------------------------------
**************************************************
Z=8, N=12, emax=6
RMSE Eb: 0.970
RMSE Rch: 0.011
MAPE Eb: 0.725
MAPE Rch: 0.332
--------------------------------------------------
**************************************************
Z=8, N=12, emax=4
RMSE Eb: 0.799
RMSE Rch: 0.008
MAPE Eb: 0.838
MAPE Rch: 0.206
--------------------------------------------------
**************************************************
Z=8, N=12, emax=8
RMSE Eb: 1.149
RMSE Rch: 0.012
MAPE Eb: 0.714
MAPE Rch: 0.365
--------------------------------------------------
**************************************************
Z=8, N=12, emax=10
RMSE Eb: 1.412
RMSE Rch: 0.015
MAPE Eb: 0.934
MAPE Rch: 0.495
--------------------------------------------------
**************************************************
Z=8, N=13, emax=8
RMSE Eb: 1.092
RMSE Rch: 0.013
MAPE Eb: 0.694
MAPE Rch: 0.384
--------------------------------------------------
**************************************************
Z=8, N=13, emax=4
RMSE Eb: 0.934
RMSE Rch: 0.009
MAPE Eb: 1.030
MAPE Rch: 0.237
--------------------------------------------------
**************************************************
Z=8, N=13, emax=10
RMSE Eb: 1.038
RMSE Rch: 0.010
MAPE Eb: 0.649
MAPE Rch: 0.302
--------------------------------------------------
**************************************************
Z=8, N=13, emax=6
RMSE Eb: 1.072
RMSE Rch: 0.013
MAPE Eb: 0.801
MAPE Rch: 0.394
--------------------------------------------------
**************************************************
Z=8, N=14, emax=8
RMSE Eb: 1.335
RMSE Rch: 0.015
MAPE Eb: 0.775
MAPE Rch: 0.378
--------------------------------------------------
**************************************************
Z=8, N=14, emax=4
RMSE Eb: 1.142
RMSE Rch: 0.010
MAPE Eb: 1.124
MAPE Rch: 0.255
--------------------------------------------------
**************************************************
Z=8, N=14, emax=6
RMSE Eb: 1.141
RMSE Rch: 0.008
MAPE Eb: 0.817
MAPE Rch: 0.239
--------------------------------------------------
**************************************************
Z=8, N=14, emax=10
RMSE Eb: 1.488
RMSE Rch: 0.014
MAPE Eb: 0.925
MAPE Rch: 0.385
--------------------------------------------------
**************************************************
Z=8, N=15, emax=8
RMSE Eb: 1.295
RMSE Rch: 0.011
MAPE Eb: 0.820
MAPE Rch: 0.320
--------------------------------------------------
**************************************************
Z=8, N=15, emax=4
RMSE Eb: 1.085
RMSE Rch: 0.010
MAPE Eb: 1.106
MAPE Rch: 0.266
--------------------------------------------------
**************************************************
Z=8, N=15, emax=6
RMSE Eb: 1.166
RMSE Rch: 0.011
MAPE Eb: 0.822
MAPE Rch: 0.306
--------------------------------------------------
**************************************************
Z=8, N=15, emax=10
RMSE Eb: 1.406
RMSE Rch: 0.017
MAPE Eb: 0.812
MAPE Rch: 0.528
--------------------------------------------------
**************************************************
Z=8, N=16, emax=8
RMSE Eb: 1.619
RMSE Rch: 0.017
MAPE Eb: 0.973
MAPE Rch: 0.493
--------------------------------------------------
**************************************************
Z=8, N=16, emax=6
RMSE Eb: 1.206
RMSE Rch: 0.011
MAPE Eb: 0.871
MAPE Rch: 0.310
--------------------------------------------------
**************************************************
Z=8, N=16, emax=10
RMSE Eb: 1.636
RMSE Rch: 0.011
MAPE Eb: 0.918
MAPE Rch: 0.309
--------------------------------------------------
**************************************************
Z=8, N=16, emax=4
RMSE Eb: 1.353
RMSE Rch: 0.013
MAPE Eb: 1.330
MAPE Rch: 0.363
--------------------------------------------------
Finished VAL for AE n=106
**************************************************
Z=8, N=4, emax=6
RMSE Eb: 0.877
RMSE Rch: 0.016
MAPE Eb: 1.635
MAPE Rch: 0.808
--------------------------------------------------
**************************************************
Z=8, N=4, emax=8
RMSE Eb: 1.113
RMSE Rch: 0.021
MAPE Eb: 1.714
MAPE Rch: 0.951
--------------------------------------------------
**************************************************
Z=8, N=4, emax=4
RMSE Eb: 1.013
RMSE Rch: 0.010
MAPE Eb: 2.929
MAPE Rch: 0.451
--------------------------------------------------
**************************************************
Z=8, N=4, emax=10
RMSE Eb: 1.419
RMSE Rch: 0.033
MAPE Eb: 2.179
MAPE Rch: 1.550
--------------------------------------------------
**************************************************
Z=8, N=5, emax=4
RMSE Eb: 0.949
RMSE Rch: 0.012
MAPE Eb: 1.645
MAPE Rch: 0.557
--------------------------------------------------
**************************************************
Z=8, N=5, emax=8
RMSE Eb: 1.078
RMSE Rch: 0.020
MAPE Eb: 1.355
MAPE Rch: 0.979
--------------------------------------------------
**************************************************
Z=8, N=5, emax=6
RMSE Eb: 1.055
RMSE Rch: 0.014
MAPE Eb: 1.508
MAPE Rch: 0.647
--------------------------------------------------
**************************************************
Z=8, N=5, emax=10
RMSE Eb: 1.657
RMSE Rch: 0.017
MAPE Eb: 1.913
MAPE Rch: 0.835
--------------------------------------------------
**************************************************
Z=8, N=6, emax=4
RMSE Eb: 0.727
RMSE Rch: 0.012
MAPE Eb: 1.052
MAPE Rch: 0.538
--------------------------------------------------
**************************************************
Z=8, N=6, emax=8
RMSE Eb: 1.435
RMSE Rch: 0.020
MAPE Eb: 1.138
MAPE Rch: 0.912
--------------------------------------------------
**************************************************
Z=8, N=6, emax=6
RMSE Eb: 0.832
RMSE Rch: 0.012
MAPE Eb: 0.798
MAPE Rch: 0.541
--------------------------------------------------
**************************************************
Z=8, N=6, emax=10
RMSE Eb: 0.499
RMSE Rch: 0.020
MAPE Eb: 0.509
MAPE Rch: 1.064
--------------------------------------------------
**************************************************
Z=8, N=7, emax=4
RMSE Eb: 0.847
RMSE Rch: 0.012
MAPE Eb: 1.040
MAPE Rch: 0.574
--------------------------------------------------
**************************************************
Z=8, N=7, emax=8
RMSE Eb: 1.250
RMSE Rch: 0.012
MAPE Eb: 0.971
MAPE Rch: 0.619
--------------------------------------------------
**************************************************
Z=8, N=7, emax=6
RMSE Eb: 1.131
RMSE Rch: 0.011
MAPE Eb: 0.979
MAPE Rch: 0.514
--------------------------------------------------
**************************************************
Z=8, N=7, emax=10
RMSE Eb: 1.376
RMSE Rch: 0.011
MAPE Eb: 1.141
MAPE Rch: 0.602
--------------------------------------------------
**************************************************
Z=8, N=8, emax=4
RMSE Eb: 1.012
RMSE Rch: 0.013
MAPE Eb: 0.995
MAPE Rch: 0.331
--------------------------------------------------
**************************************************
Z=8, N=8, emax=6
RMSE Eb: 1.237
RMSE Rch: 0.016
MAPE Eb: 0.964
MAPE Rch: 0.423
--------------------------------------------------
**************************************************
Z=8, N=8, emax=8
RMSE Eb: 0.954
RMSE Rch: 0.011
MAPE Eb: 0.721
MAPE Rch: 0.338
--------------------------------------------------
**************************************************
Z=8, N=8, emax=10
RMSE Eb: 0.962
RMSE Rch: 0.013
MAPE Eb: 0.720
MAPE Rch: 0.374
--------------------------------------------------
**************************************************
Z=8, N=9, emax=4
RMSE Eb: 0.858
RMSE Rch: 0.011
MAPE Eb: 0.831
MAPE Rch: 0.298
--------------------------------------------------
**************************************************
Z=8, N=9, emax=8
RMSE Eb: 1.076
RMSE Rch: 0.009
MAPE Eb: 0.762
MAPE Rch: 0.235
--------------------------------------------------
**************************************************
Z=8, N=9, emax=6
RMSE Eb: 0.746
RMSE Rch: 0.011
MAPE Eb: 0.588
MAPE Rch: 0.285
--------------------------------------------------
**************************************************
Z=8, N=9, emax=10
RMSE Eb: 1.243
RMSE Rch: 0.011
MAPE Eb: 0.883
MAPE Rch: 0.302
--------------------------------------------------
**************************************************
Z=8, N=10, emax=4
RMSE Eb: 0.861
RMSE Rch: 0.011
MAPE Eb: 0.870
MAPE Rch: 0.271
--------------------------------------------------
**************************************************
Z=8, N=10, emax=6
RMSE Eb: 0.749
RMSE Rch: 0.008
MAPE Eb: 0.584
MAPE Rch: 0.242
--------------------------------------------------
**************************************************
Z=8, N=10, emax=8
RMSE Eb: 1.155
RMSE Rch: 0.008
MAPE Eb: 0.800
MAPE Rch: 0.217
--------------------------------------------------
**************************************************
Z=8, N=10, emax=10
RMSE Eb: 1.187
RMSE Rch: 0.012
MAPE Eb: 0.876
MAPE Rch: 0.294
--------------------------------------------------
**************************************************
Z=8, N=11, emax=8
RMSE Eb: 1.342
RMSE Rch: 0.009
MAPE Eb: 0.823
MAPE Rch: 0.229
--------------------------------------------------
**************************************************
Z=8, N=11, emax=4
RMSE Eb: 0.913
RMSE Rch: 0.007
MAPE Eb: 0.988
MAPE Rch: 0.193
--------------------------------------------------
**************************************************
Z=8, N=11, emax=6
RMSE Eb: 0.762
RMSE Rch: 0.010
MAPE Eb: 0.639
MAPE Rch: 0.286
--------------------------------------------------
**************************************************
Z=8, N=11, emax=10
RMSE Eb: 1.146
RMSE Rch: 0.009
MAPE Eb: 0.792
MAPE Rch: 0.268
--------------------------------------------------
**************************************************
Z=8, N=12, emax=6
RMSE Eb: 0.947
RMSE Rch: 0.009
MAPE Eb: 0.720
MAPE Rch: 0.258
--------------------------------------------------
**************************************************
Z=8, N=12, emax=8
RMSE Eb: 1.212
RMSE Rch: 0.012
MAPE Eb: 0.775
MAPE Rch: 0.333
--------------------------------------------------
**************************************************
Z=8, N=12, emax=4
RMSE Eb: 0.902
RMSE Rch: 0.008
MAPE Eb: 0.858
MAPE Rch: 0.212
--------------------------------------------------
**************************************************
Z=8, N=12, emax=10
RMSE Eb: 1.442
RMSE Rch: 0.015
MAPE Eb: 0.926
MAPE Rch: 0.469
--------------------------------------------------
**************************************************
Z=8, N=13, emax=8
RMSE Eb: 1.237
RMSE Rch: 0.014
MAPE Eb: 0.812
MAPE Rch: 0.411
--------------------------------------------------
**************************************************
Z=8, N=13, emax=4
RMSE Eb: 0.916
RMSE Rch: 0.009
MAPE Eb: 0.952
MAPE Rch: 0.247
--------------------------------------------------
**************************************************
Z=8, N=13, emax=6
RMSE Eb: 0.982
RMSE Rch: 0.012
MAPE Eb: 0.683
MAPE Rch: 0.356
--------------------------------------------------
**************************************************
Z=8, N=13, emax=10
RMSE Eb: 1.649
RMSE Rch: 0.012
MAPE Eb: 1.066
MAPE Rch: 0.341
--------------------------------------------------
**************************************************
Z=8, N=14, emax=6
RMSE Eb: 1.013
RMSE Rch: 0.009
MAPE Eb: 0.672
MAPE Rch: 0.273
--------------------------------------------------
**************************************************
Z=8, N=14, emax=10
RMSE Eb: 1.037
RMSE Rch: 0.013
MAPE Eb: 0.551
MAPE Rch: 0.339
--------------------------------------------------
**************************************************
Z=8, N=14, emax=4
RMSE Eb: 0.980
RMSE Rch: 0.009
MAPE Eb: 0.953
MAPE Rch: 0.255
--------------------------------------------------
**************************************************
Z=8, N=14, emax=8
RMSE Eb: 1.176
RMSE Rch: 0.012
MAPE Eb: 0.763
MAPE Rch: 0.331
--------------------------------------------------
**************************************************
Z=8, N=15, emax=8
RMSE Eb: 1.177
RMSE Rch: 0.012
MAPE Eb: 0.725
MAPE Rch: 0.347
--------------------------------------------------
**************************************************
Z=8, N=15, emax=6
RMSE Eb: 1.207
RMSE Rch: 0.011
MAPE Eb: 0.907
MAPE Rch: 0.329
--------------------------------------------------
**************************************************
Z=8, N=15, emax=4
RMSE Eb: 1.061
RMSE Rch: 0.009
MAPE Eb: 1.081
MAPE Rch: 0.249
--------------------------------------------------
**************************************************
Z=8, N=15, emax=10
RMSE Eb: 1.425
RMSE Rch: 0.014
MAPE Eb: 0.759
MAPE Rch: 0.401
--------------------------------------------------
**************************************************
Z=8, N=16, emax=4
RMSE Eb: 1.288
RMSE Rch: 0.012
MAPE Eb: 1.357
MAPE Rch: 0.333
--------------------------------------------------
**************************************************
Z=8, N=16, emax=8
RMSE Eb: 1.622
RMSE Rch: 0.017
MAPE Eb: 0.950
MAPE Rch: 0.525
--------------------------------------------------
**************************************************
Z=8, N=16, emax=6
RMSE Eb: 1.145
RMSE Rch: 0.010
MAPE Eb: 0.840
MAPE Rch: 0.290
--------------------------------------------------
**************************************************
Z=8, N=16, emax=10
RMSE Eb: 1.662
RMSE Rch: 0.012
MAPE Eb: 0.859
MAPE Rch: 0.343
--------------------------------------------------
