Activated conda environment
[DataLoader] Found 13 files matching the pattern.
[DataLoader] Combined data shape: (17234, 35)
[Preprocess] Data split => train: (11029, 35), val: (2758, 35), test: (3447, 35)
[Preprocess] Processed fidelity 4 (index 0): 3758 samples.
[Preprocess] Processed fidelity 6 (index 1): 3346 samples.
[Preprocess] Processed fidelity 8 (index 2): 3194 samples.
[Preprocess] Processed fidelity 10 (index 3): 731 samples.
[Preprocess] Processed fidelity 4 (index 0): 949 samples.
[Preprocess] Processed fidelity 6 (index 1): 833 samples.
[Preprocess] Processed fidelity 8 (index 2): 801 samples.
[Preprocess] Processed fidelity 10 (index 3): 175 samples.
Fidelity levels: [4, 6, 8, 10]
[Trainer] Starting BNN training...
[Trainer] No improvement. Iteration 8100. Early stopping counter: 1, LR counter: 1
[Trainer] No improvement. Iteration 8200. Early stopping counter: 2, LR counter: 2
[Trainer] No improvement. Iteration 8300. Early stopping counter: 3, LR counter: 3
[Trainer] No improvement. Iteration 8400. Early stopping counter: 4, LR counter: 4
[Trainer] No improvement. Iteration 8500. Early stopping counter: 5, LR counter: 5
[Trainer] No improvement. Iteration 8600. Early stopping counter: 6, LR counter: 6
[Trainer] No improvement. Iteration 8700. Early stopping counter: 7, LR counter: 7
[Trainer] No improvement. Iteration 8800. Early stopping counter: 8, LR counter: 8
[Trainer] No improvement. Iteration 8900. Early stopping counter: 9, LR counter: 9
[Trainer] No improvement. Iteration 9000. Early stopping counter: 10, LR counter: 10
[Trainer] No improvement. Iteration 9100. Early stopping counter: 11, LR counter: 11
[Trainer] No improvement. Iteration 9200. Early stopping counter: 12, LR counter: 12
[Trainer] No improvement. Iteration 9300. Early stopping counter: 13, LR counter: 13
[Trainer] No improvement. Iteration 9400. Early stopping counter: 14, LR counter: 14
[Trainer] No improvement. Iteration 9500. Early stopping counter: 15, LR counter: 15
[Trainer] No improvement. Iteration 9600. Early stopping counter: 16, LR counter: 16
[Trainer] No improvement. Iteration 9700. Early stopping counter: 17, LR counter: 17
[Trainer] No improvement. Iteration 9900. Early stopping counter: 1, LR counter: 1
[Trainer] No improvement. Iteration 10000. Early stopping counter: 2, LR counter: 2
[Trainer] No improvement. Iteration 10100. Early stopping counter: 3, LR counter: 3
[Trainer] No improvement. Iteration 10400. Early stopping counter: 1, LR counter: 1
[Trainer] No improvement. Iteration 10500. Early stopping counter: 2, LR counter: 2
[Trainer] No improvement. Iteration 10600. Early stopping counter: 3, LR counter: 3
[Trainer] No improvement. Iteration 10700. Early stopping counter: 4, LR counter: 4
[Trainer] No improvement. Iteration 10800. Early stopping counter: 5, LR counter: 5
[Trainer] No improvement. Iteration 10900. Early stopping counter: 6, LR counter: 6
[Trainer] No improvement. Iteration 11200. Early stopping counter: 1, LR counter: 1
[Trainer] No improvement. Iteration 11700. Early stopping counter: 1, LR counter: 1
[Trainer] No improvement. Iteration 12000. Early stopping counter: 1, LR counter: 1
[Trainer] No improvement. Iteration 12100. Early stopping counter: 2, LR counter: 2
[Trainer] No improvement. Iteration 12200. Early stopping counter: 3, LR counter: 3
[Trainer] No improvement. Iteration 12300. Early stopping counter: 4, LR counter: 4
[Trainer] No improvement. Iteration 12400. Early stopping counter: 5, LR counter: 5
[Trainer] No improvement. Iteration 13300. Early stopping counter: 1, LR counter: 1
[Trainer] No improvement. Iteration 13400. Early stopping counter: 2, LR counter: 2
[Trainer] No improvement. Iteration 13500. Early stopping counter: 3, LR counter: 3
[Trainer] No improvement. Iteration 13600. Early stopping counter: 4, LR counter: 4
[Trainer] No improvement. Iteration 13700. Early stopping counter: 5, LR counter: 5
[Trainer] No improvement. Iteration 13900. Early stopping counter: 1, LR counter: 1
[Trainer] No improvement. Iteration 14000. Early stopping counter: 2, LR counter: 2
[Trainer] No improvement. Iteration 14100. Early stopping counter: 3, LR counter: 3
[Trainer] No improvement. Iteration 14200. Early stopping counter: 4, LR counter: 4
[Trainer] No improvement. Iteration 14300. Early stopping counter: 5, LR counter: 5
[Trainer] No improvement. Iteration 14400. Early stopping counter: 6, LR counter: 6
[Trainer] No improvement. Iteration 14500. Early stopping counter: 7, LR counter: 7
[Trainer] No improvement. Iteration 14600. Early stopping counter: 8, LR counter: 8
[Trainer] No improvement. Iteration 14900. Early stopping counter: 1, LR counter: 1
[Trainer] No improvement. Iteration 15100. Early stopping counter: 1, LR counter: 1
[Trainer] No improvement. Iteration 15300. Early stopping counter: 1, LR counter: 1
[Trainer] No improvement. Iteration 15400. Early stopping counter: 2, LR counter: 2
[Trainer] No improvement. Iteration 15700. Early stopping counter: 1, LR counter: 1
[Trainer] No improvement. Iteration 15800. Early stopping counter: 2, LR counter: 2
[Trainer] No improvement. Iteration 15900. Early stopping counter: 3, LR counter: 3
[Trainer] No improvement. Iteration 16000. Early stopping counter: 4, LR counter: 4
[Trainer] No improvement. Iteration 16100. Early stopping counter: 5, LR counter: 5
[Trainer] No improvement. Iteration 16200. Early stopping counter: 6, LR counter: 6
[Trainer] No improvement. Iteration 16300. Early stopping counter: 7, LR counter: 7
[Trainer] No improvement. Iteration 16400. Early stopping counter: 8, LR counter: 8
[Trainer] No improvement. Iteration 16500. Early stopping counter: 9, LR counter: 9
[Trainer] No improvement. Iteration 16600. Early stopping counter: 10, LR counter: 10
[Trainer] No improvement. Iteration 16700. Early stopping counter: 11, LR counter: 11
[Trainer] No improvement. Iteration 16800. Early stopping counter: 12, LR counter: 12
[Trainer] No improvement. Iteration 16900. Early stopping counter: 13, LR counter: 13
[Trainer] No improvement. Iteration 17000. Early stopping counter: 14, LR counter: 14
[Trainer] No improvement. Iteration 17100. Early stopping counter: 15, LR counter: 15
[Trainer] No improvement. Iteration 17200. Early stopping counter: 16, LR counter: 16
[Trainer] No improvement. Iteration 17300. Early stopping counter: 17, LR counter: 17
[Trainer] No improvement. Iteration 17400. Early stopping counter: 18, LR counter: 18
[Trainer] No improvement. Iteration 17500. Early stopping counter: 19, LR counter: 19
[Trainer] No improvement. Iteration 17600. Early stopping counter: 20, LR counter: 20
[Trainer] No improvement. Iteration 17700. Early stopping counter: 21, LR counter: 21
[Trainer] No improvement. Iteration 17800. Early stopping counter: 22, LR counter: 22
[Trainer] No improvement. Iteration 17900. Early stopping counter: 23, LR counter: 23
[Trainer] No improvement. Iteration 18000. Early stopping counter: 24, LR counter: 24
[Trainer] No improvement. Iteration 18100. Early stopping counter: 25, LR counter: 25
[Trainer] Learning rate reduced to: 0.000010
[Trainer] No improvement. Iteration 18200. Early stopping counter: 26, LR counter: 1
[Trainer] No improvement. Iteration 18300. Early stopping counter: 27, LR counter: 2
[Trainer] No improvement. Iteration 18400. Early stopping counter: 28, LR counter: 3
[Trainer] No improvement. Iteration 18500. Early stopping counter: 29, LR counter: 4
[Trainer] No improvement. Iteration 18600. Early stopping counter: 30, LR counter: 5
[Trainer] No improvement. Iteration 18700. Early stopping counter: 31, LR counter: 6
[Trainer] No improvement. Iteration 18800. Early stopping counter: 32, LR counter: 7
[Trainer] No improvement. Iteration 18900. Early stopping counter: 33, LR counter: 8
[Trainer] No improvement. Iteration 19000. Early stopping counter: 34, LR counter: 9
[Trainer] No improvement. Iteration 19100. Early stopping counter: 35, LR counter: 10
[Trainer] No improvement. Iteration 19200. Early stopping counter: 36, LR counter: 11
[Trainer] No improvement. Iteration 19300. Early stopping counter: 37, LR counter: 12
[Trainer] No improvement. Iteration 19400. Early stopping counter: 38, LR counter: 13
[Trainer] No improvement. Iteration 19500. Early stopping counter: 39, LR counter: 14
[Trainer] No improvement. Iteration 19600. Early stopping counter: 40, LR counter: 15
[Trainer] No improvement. Iteration 19700. Early stopping counter: 41, LR counter: 16
[Trainer] No improvement. Iteration 19800. Early stopping counter: 42, LR counter: 17
[Trainer] No improvement. Iteration 19900. Early stopping counter: 43, LR counter: 18
[Trainer] No improvement. Iteration 20000. Early stopping counter: 44, LR counter: 19
[Trainer] No improvement. Iteration 20100. Early stopping counter: 45, LR counter: 20
[Trainer] No improvement. Iteration 20200. Early stopping counter: 46, LR counter: 21
[Trainer] No improvement. Iteration 20300. Early stopping counter: 47, LR counter: 22
[Trainer] No improvement. Iteration 20400. Early stopping counter: 48, LR counter: 23
[Trainer] No improvement. Iteration 20500. Early stopping counter: 49, LR counter: 24
[Trainer] No improvement. Iteration 20600. Early stopping counter: 50, LR counter: 25
[Trainer] Learning rate reduced to: 0.000001
[Trainer] Early stopping triggered.
[Trainer] Training completed.
[Trainer] Calibrating temperatures on validation set...
[Trainer] Temperature calibration finished. Calibrated temperatures: {4: 1.1545931100845337, 6: 0.8897441625595093, 8: 0.8946900963783264, 10: 1.0527222156524658}
[Trainer] BNN training completed.
**************************************************
Z=8, N=4, emax=4
RMSE Eb: 2.217
RMSE Rch: 0.024
MAPE Eb: 6.646
MAPE Rch: 1.054
--------------------------------------------------
**************************************************
Z=8, N=4, emax=10
RMSE Eb: 1.389
RMSE Rch: 0.059
MAPE Eb: 2.137
MAPE Rch: 2.734
--------------------------------------------------
**************************************************
Z=8, N=4, emax=6
RMSE Eb: 1.547
RMSE Rch: 0.029
MAPE Eb: 3.189
MAPE Rch: 1.358
--------------------------------------------------
**************************************************
Z=8, N=4, emax=8
RMSE Eb: 1.052
RMSE Rch: 0.032
MAPE Eb: 1.602
MAPE Rch: 1.455
--------------------------------------------------
**************************************************
Z=8, N=5, emax=8
RMSE Eb: 1.402
RMSE Rch: 0.025
MAPE Eb: 1.844
MAPE Rch: 1.200
--------------------------------------------------
**************************************************
Z=8, N=5, emax=6
RMSE Eb: 1.409
RMSE Rch: 0.022
MAPE Eb: 2.055
MAPE Rch: 1.027
--------------------------------------------------
**************************************************
Z=8, N=5, emax=4
RMSE Eb: 1.286
RMSE Rch: 0.015
MAPE Eb: 2.510
MAPE Rch: 0.711
--------------------------------------------------
**************************************************
Z=8, N=5, emax=10
RMSE Eb: 1.624
RMSE Rch: 0.020
MAPE Eb: 1.931
MAPE Rch: 1.098
--------------------------------------------------
**************************************************
Z=8, N=6, emax=4
RMSE Eb: 1.974
RMSE Rch: 0.022
MAPE Eb: 2.999
MAPE Rch: 1.048
--------------------------------------------------
**************************************************
Z=8, N=6, emax=6
RMSE Eb: 1.357
RMSE Rch: 0.022
MAPE Eb: 1.511
MAPE Rch: 1.071
--------------------------------------------------
**************************************************
Z=8, N=6, emax=8
RMSE Eb: 1.737
RMSE Rch: 0.019
MAPE Eb: 1.561
MAPE Rch: 0.921
--------------------------------------------------
**************************************************
Z=8, N=6, emax=10
RMSE Eb: 1.421
RMSE Rch: 0.021
MAPE Eb: 1.447
MAPE Rch: 1.072
--------------------------------------------------
**************************************************
Z=8, N=7, emax=8
RMSE Eb: 1.716
RMSE Rch: 0.015
MAPE Eb: 1.442
MAPE Rch: 0.765
--------------------------------------------------
**************************************************
Z=8, N=7, emax=10
RMSE Eb: 1.727
RMSE Rch: 0.020
MAPE Eb: 1.253
MAPE Rch: 1.188
--------------------------------------------------
**************************************************
Z=8, N=7, emax=6
RMSE Eb: 1.595
RMSE Rch: 0.018
MAPE Eb: 1.499
MAPE Rch: 0.908
--------------------------------------------------
**************************************************
Z=8, N=7, emax=4
RMSE Eb: 1.744
RMSE Rch: 0.020
MAPE Eb: 2.007
MAPE Rch: 0.951
--------------------------------------------------
**************************************************
Z=8, N=8, emax=4
RMSE Eb: 2.136
RMSE Rch: 0.020
MAPE Eb: 2.404
MAPE Rch: 0.563
--------------------------------------------------
**************************************************
Z=8, N=8, emax=8
RMSE Eb: 1.573
RMSE Rch: 0.015
MAPE Eb: 1.188
MAPE Rch: 0.429
--------------------------------------------------
**************************************************
Z=8, N=8, emax=6
RMSE Eb: 1.562
RMSE Rch: 0.012
MAPE Eb: 1.350
MAPE Rch: 0.351
--------------------------------------------------
**************************************************
Z=8, N=8, emax=10
RMSE Eb: 3.146
RMSE Rch: 0.017
MAPE Eb: 2.053
MAPE Rch: 0.515
--------------------------------------------------
**************************************************
Z=8, N=9, emax=8
RMSE Eb: 1.648
RMSE Rch: 0.018
MAPE Eb: 1.209
MAPE Rch: 0.502
--------------------------------------------------
**************************************************
Z=8, N=9, emax=6
RMSE Eb: 1.498
RMSE Rch: 0.013
MAPE Eb: 1.216
MAPE Rch: 0.360
--------------------------------------------------
**************************************************
Z=8, N=9, emax=4
RMSE Eb: 2.241
RMSE Rch: 0.016
MAPE Eb: 2.341
MAPE Rch: 0.459
--------------------------------------------------
**************************************************
Z=8, N=9, emax=10
RMSE Eb: 1.765
RMSE Rch: 0.019
MAPE Eb: 1.416
MAPE Rch: 0.592
--------------------------------------------------
**************************************************
Z=8, N=10, emax=4
RMSE Eb: 2.052
RMSE Rch: 0.018
MAPE Eb: 2.031
MAPE Rch: 0.501
--------------------------------------------------
**************************************************
Z=8, N=10, emax=10
RMSE Eb: 1.448
RMSE Rch: 0.011
MAPE Eb: 0.990
MAPE Rch: 0.356
--------------------------------------------------
**************************************************
Z=8, N=10, emax=6
RMSE Eb: 1.762
RMSE Rch: 0.012
MAPE Eb: 1.425
MAPE Rch: 0.325
--------------------------------------------------
**************************************************
Z=8, N=10, emax=8
RMSE Eb: 1.167
RMSE Rch: 0.011
MAPE Eb: 0.830
MAPE Rch: 0.304
--------------------------------------------------
**************************************************
Z=8, N=11, emax=4
RMSE Eb: 2.406
RMSE Rch: 0.014
MAPE Eb: 2.513
MAPE Rch: 0.398
--------------------------------------------------
**************************************************
Z=8, N=11, emax=6
RMSE Eb: 1.834
RMSE Rch: 0.014
MAPE Eb: 1.352
MAPE Rch: 0.391
--------------------------------------------------
**************************************************
Z=8, N=11, emax=8
RMSE Eb: 1.513
RMSE Rch: 0.010
MAPE Eb: 1.038
MAPE Rch: 0.260
--------------------------------------------------
**************************************************
Z=8, N=11, emax=10
RMSE Eb: 1.488
RMSE Rch: 0.012
MAPE Eb: 0.876
MAPE Rch: 0.249
--------------------------------------------------
**************************************************
Z=8, N=12, emax=6
RMSE Eb: 1.825
RMSE Rch: 0.011
MAPE Eb: 1.264
MAPE Rch: 0.314
--------------------------------------------------
**************************************************
Z=8, N=12, emax=4
RMSE Eb: 2.493
RMSE Rch: 0.016
MAPE Eb: 2.258
MAPE Rch: 0.413
--------------------------------------------------
**************************************************
Z=8, N=12, emax=8
RMSE Eb: 1.416
RMSE Rch: 0.010
MAPE Eb: 0.979
MAPE Rch: 0.292
--------------------------------------------------
**************************************************
Z=8, N=12, emax=10
RMSE Eb: 1.787
RMSE Rch: 0.008
MAPE Eb: 1.280
MAPE Rch: 0.215
--------------------------------------------------
**************************************************
Z=8, N=13, emax=8
RMSE Eb: 1.462
RMSE Rch: 0.009
MAPE Eb: 0.933
MAPE Rch: 0.248
--------------------------------------------------
**************************************************
Z=8, N=13, emax=4
RMSE Eb: 1.873
RMSE Rch: 0.014
MAPE Eb: 1.963
MAPE Rch: 0.361
--------------------------------------------------
**************************************************
Z=8, N=13, emax=10
RMSE Eb: 2.115
RMSE Rch: 0.013
MAPE Eb: 1.322
MAPE Rch: 0.337
--------------------------------------------------
**************************************************
Z=8, N=13, emax=6
RMSE Eb: 1.162
RMSE Rch: 0.009
MAPE Eb: 0.904
MAPE Rch: 0.250
--------------------------------------------------
**************************************************
Z=8, N=14, emax=8
RMSE Eb: 1.662
RMSE Rch: 0.012
MAPE Eb: 1.052
MAPE Rch: 0.342
--------------------------------------------------
**************************************************
Z=8, N=14, emax=4
RMSE Eb: 2.425
RMSE Rch: 0.015
MAPE Eb: 2.256
MAPE Rch: 0.411
--------------------------------------------------
**************************************************
Z=8, N=14, emax=6
RMSE Eb: 1.842
RMSE Rch: 0.012
MAPE Eb: 1.375
MAPE Rch: 0.313
--------------------------------------------------
**************************************************
Z=8, N=14, emax=10
RMSE Eb: 1.504
RMSE Rch: 0.016
MAPE Eb: 0.993
MAPE Rch: 0.438
--------------------------------------------------
**************************************************
Z=8, N=15, emax=8
RMSE Eb: 1.450
RMSE Rch: 0.009
MAPE Eb: 0.861
MAPE Rch: 0.247
--------------------------------------------------
**************************************************
Z=8, N=15, emax=4
RMSE Eb: 2.644
RMSE Rch: 0.015
MAPE Eb: 2.462
MAPE Rch: 0.402
--------------------------------------------------
**************************************************
Z=8, N=15, emax=6
RMSE Eb: 1.862
RMSE Rch: 0.011
MAPE Eb: 1.289
MAPE Rch: 0.295
--------------------------------------------------
**************************************************
Z=8, N=15, emax=10
RMSE Eb: 1.296
RMSE Rch: 0.009
MAPE Eb: 0.774
MAPE Rch: 0.311
--------------------------------------------------
**************************************************
Z=8, N=16, emax=8
RMSE Eb: 1.910
RMSE Rch: 0.014
MAPE Eb: 1.182
MAPE Rch: 0.405
--------------------------------------------------
**************************************************
Z=8, N=16, emax=6
RMSE Eb: 2.169
RMSE Rch: 0.011
MAPE Eb: 1.429
MAPE Rch: 0.313
--------------------------------------------------
**************************************************
Z=8, N=16, emax=10
RMSE Eb: 1.687
RMSE Rch: 0.011
MAPE Eb: 1.022
MAPE Rch: 0.318
--------------------------------------------------
**************************************************
Z=8, N=16, emax=4
RMSE Eb: 2.665
RMSE Rch: 0.017
MAPE Eb: 2.563
MAPE Rch: 0.456
--------------------------------------------------
Finished VAL for AE n=95
**************************************************
Z=8, N=4, emax=6
RMSE Eb: 1.508
RMSE Rch: 0.023
MAPE Eb: 2.804
MAPE Rch: 1.091
--------------------------------------------------
**************************************************
Z=8, N=4, emax=8
RMSE Eb: 1.254
RMSE Rch: 0.030
MAPE Eb: 2.076
MAPE Rch: 1.457
--------------------------------------------------
**************************************************
Z=8, N=4, emax=4
RMSE Eb: 1.903
RMSE Rch: 0.021
MAPE Eb: 5.760
MAPE Rch: 0.881
--------------------------------------------------
**************************************************
Z=8, N=4, emax=10
RMSE Eb: 1.394
RMSE Rch: 0.037
MAPE Eb: 2.195
MAPE Rch: 1.896
--------------------------------------------------
**************************************************
Z=8, N=5, emax=4
RMSE Eb: 1.393
RMSE Rch: 0.018
MAPE Eb: 2.860
MAPE Rch: 0.792
--------------------------------------------------
**************************************************
Z=8, N=5, emax=8
RMSE Eb: 1.471
RMSE Rch: 0.024
MAPE Eb: 1.872
MAPE Rch: 1.174
--------------------------------------------------
**************************************************
Z=8, N=5, emax=6
RMSE Eb: 1.531
RMSE Rch: 0.021
MAPE Eb: 2.146
MAPE Rch: 0.935
--------------------------------------------------
**************************************************
Z=8, N=5, emax=10
RMSE Eb: 1.424
RMSE Rch: 0.017
MAPE Eb: 1.548
MAPE Rch: 0.968
--------------------------------------------------
**************************************************
Z=8, N=6, emax=4
RMSE Eb: 2.044
RMSE Rch: 0.023
MAPE Eb: 2.907
MAPE Rch: 1.082
--------------------------------------------------
**************************************************
Z=8, N=6, emax=8
RMSE Eb: 1.679
RMSE Rch: 0.028
MAPE Eb: 1.525
MAPE Rch: 1.219
--------------------------------------------------
**************************************************
Z=8, N=6, emax=6
RMSE Eb: 1.564
RMSE Rch: 0.024
MAPE Eb: 1.716
MAPE Rch: 1.164
--------------------------------------------------
**************************************************
Z=8, N=6, emax=10
RMSE Eb: 1.018
RMSE Rch: 0.019
MAPE Eb: 1.044
MAPE Rch: 1.001
--------------------------------------------------
**************************************************
Z=8, N=7, emax=4
RMSE Eb: 1.766
RMSE Rch: 0.016
MAPE Eb: 2.044
MAPE Rch: 0.793
--------------------------------------------------
**************************************************
Z=8, N=7, emax=8
RMSE Eb: 2.173
RMSE Rch: 0.015
MAPE Eb: 1.766
MAPE Rch: 0.783
--------------------------------------------------
**************************************************
Z=8, N=7, emax=6
RMSE Eb: 1.478
RMSE Rch: 0.016
MAPE Eb: 1.336
MAPE Rch: 0.791
--------------------------------------------------
**************************************************
Z=8, N=7, emax=10
RMSE Eb: 1.230
RMSE Rch: 0.018
MAPE Eb: 0.970
MAPE Rch: 0.948
--------------------------------------------------
**************************************************
Z=8, N=8, emax=4
RMSE Eb: 2.066
RMSE Rch: 0.020
MAPE Eb: 2.109
MAPE Rch: 0.569
--------------------------------------------------
**************************************************
Z=8, N=8, emax=6
RMSE Eb: 1.758
RMSE Rch: 0.015
MAPE Eb: 1.431
MAPE Rch: 0.432
--------------------------------------------------
**************************************************
Z=8, N=8, emax=8
RMSE Eb: 1.578
RMSE Rch: 0.015
MAPE Eb: 1.158
MAPE Rch: 0.415
--------------------------------------------------
**************************************************
Z=8, N=8, emax=10
RMSE Eb: 1.855
RMSE Rch: 0.013
MAPE Eb: 1.385
MAPE Rch: 0.407
--------------------------------------------------
**************************************************
Z=8, N=9, emax=4
RMSE Eb: 2.504
RMSE Rch: 0.018
MAPE Eb: 2.576
MAPE Rch: 0.517
--------------------------------------------------
**************************************************
Z=8, N=9, emax=8
RMSE Eb: 1.745
RMSE Rch: 0.017
MAPE Eb: 1.302
MAPE Rch: 0.494
--------------------------------------------------
**************************************************
Z=8, N=9, emax=6
RMSE Eb: 1.551
RMSE Rch: 0.014
MAPE Eb: 1.278
MAPE Rch: 0.390
--------------------------------------------------
**************************************************
Z=8, N=9, emax=10
RMSE Eb: 2.145
RMSE Rch: 0.021
MAPE Eb: 1.647
MAPE Rch: 0.606
--------------------------------------------------
**************************************************
Z=8, N=10, emax=4
RMSE Eb: 2.459
RMSE Rch: 0.017
MAPE Eb: 2.326
MAPE Rch: 0.466
--------------------------------------------------
**************************************************
Z=8, N=10, emax=6
RMSE Eb: 1.653
RMSE Rch: 0.010
MAPE Eb: 1.332
MAPE Rch: 0.309
--------------------------------------------------
**************************************************
Z=8, N=10, emax=8
RMSE Eb: 1.239
RMSE Rch: 0.011
MAPE Eb: 0.929
MAPE Rch: 0.300
--------------------------------------------------
**************************************************
Z=8, N=10, emax=10
RMSE Eb: 1.335
RMSE Rch: 0.017
MAPE Eb: 0.822
MAPE Rch: 0.464
--------------------------------------------------
**************************************************
Z=8, N=11, emax=8
RMSE Eb: 1.673
RMSE Rch: 0.013
MAPE Eb: 1.120
MAPE Rch: 0.367
--------------------------------------------------
**************************************************
Z=8, N=11, emax=4
RMSE Eb: 2.369
RMSE Rch: 0.017
MAPE Eb: 2.412
MAPE Rch: 0.453
--------------------------------------------------
**************************************************
Z=8, N=11, emax=6
RMSE Eb: 1.754
RMSE Rch: 0.016
MAPE Eb: 1.466
MAPE Rch: 0.448
--------------------------------------------------
**************************************************
Z=8, N=11, emax=10
RMSE Eb: 1.411
RMSE Rch: 0.010
MAPE Eb: 0.963
MAPE Rch: 0.300
--------------------------------------------------
**************************************************
Z=8, N=12, emax=6
RMSE Eb: 1.570
RMSE Rch: 0.010
MAPE Eb: 1.203
MAPE Rch: 0.297
--------------------------------------------------
**************************************************
Z=8, N=12, emax=8
RMSE Eb: 1.405
RMSE Rch: 0.009
MAPE Eb: 0.930
MAPE Rch: 0.242
--------------------------------------------------
**************************************************
Z=8, N=12, emax=4
RMSE Eb: 1.999
RMSE Rch: 0.014
MAPE Eb: 2.018
MAPE Rch: 0.392
--------------------------------------------------
**************************************************
Z=8, N=12, emax=10
RMSE Eb: 1.448
RMSE Rch: 0.008
MAPE Eb: 0.871
MAPE Rch: 0.215
--------------------------------------------------
**************************************************
Z=8, N=13, emax=8
RMSE Eb: 1.639
RMSE Rch: 0.009
MAPE Eb: 1.089
MAPE Rch: 0.249
--------------------------------------------------
**************************************************
Z=8, N=13, emax=4
RMSE Eb: 1.860
RMSE Rch: 0.013
MAPE Eb: 1.875
MAPE Rch: 0.331
--------------------------------------------------
**************************************************
Z=8, N=13, emax=6
RMSE Eb: 1.384
RMSE Rch: 0.008
MAPE Eb: 1.045
MAPE Rch: 0.231
--------------------------------------------------
**************************************************
Z=8, N=13, emax=10
RMSE Eb: 1.341
RMSE Rch: 0.011
MAPE Eb: 0.805
MAPE Rch: 0.290
--------------------------------------------------
**************************************************
Z=8, N=14, emax=6
RMSE Eb: 1.471
RMSE Rch: 0.013
MAPE Eb: 1.004
MAPE Rch: 0.357
--------------------------------------------------
**************************************************
Z=8, N=14, emax=10
RMSE Eb: 1.691
RMSE Rch: 0.012
MAPE Eb: 0.810
MAPE Rch: 0.315
--------------------------------------------------
**************************************************
Z=8, N=14, emax=4
RMSE Eb: 2.743
RMSE Rch: 0.016
MAPE Eb: 2.736
MAPE Rch: 0.458
--------------------------------------------------
**************************************************
Z=8, N=14, emax=8
RMSE Eb: 1.590
RMSE Rch: 0.012
MAPE Eb: 1.033
MAPE Rch: 0.329
--------------------------------------------------
**************************************************
Z=8, N=15, emax=8
RMSE Eb: 1.908
RMSE Rch: 0.014
MAPE Eb: 1.195
MAPE Rch: 0.374
--------------------------------------------------
**************************************************
Z=8, N=15, emax=6
RMSE Eb: 1.835
RMSE Rch: 0.013
MAPE Eb: 1.312
MAPE Rch: 0.361
--------------------------------------------------
**************************************************
Z=8, N=15, emax=4
RMSE Eb: 2.408
RMSE Rch: 0.014
MAPE Eb: 2.419
MAPE Rch: 0.380
--------------------------------------------------
**************************************************
Z=8, N=15, emax=10
RMSE Eb: 1.466
RMSE Rch: 0.011
MAPE Eb: 0.886
MAPE Rch: 0.317
--------------------------------------------------
**************************************************
Z=8, N=16, emax=4
RMSE Eb: 2.796
RMSE Rch: 0.016
MAPE Eb: 2.608
MAPE Rch: 0.429
--------------------------------------------------
**************************************************
Z=8, N=16, emax=8
RMSE Eb: 2.286
RMSE Rch: 0.012
MAPE Eb: 1.302
MAPE Rch: 0.352
--------------------------------------------------
**************************************************
Z=8, N=16, emax=6
RMSE Eb: 1.691
RMSE Rch: 0.014
MAPE Eb: 1.172
MAPE Rch: 0.375
--------------------------------------------------
**************************************************
Z=8, N=16, emax=10
RMSE Eb: 1.736
RMSE Rch: 0.009
MAPE Eb: 0.893
MAPE Rch: 0.275
--------------------------------------------------
