Activated conda environment
[DataLoader] Found 13 files matching the pattern.
[DataLoader] Combined data shape: (17234, 35)
[Preprocess] Data split => train: (11029, 35), val: (2758, 35), test: (3447, 35)
[Preprocess] Processed fidelity 4 (index 0): 3758 samples.
[Preprocess] Processed fidelity 6 (index 1): 3346 samples.
[Preprocess] Processed fidelity 8 (index 2): 3194 samples.
[Preprocess] Processed fidelity 10 (index 3): 731 samples.
[Preprocess] Processed fidelity 4 (index 0): 949 samples.
[Preprocess] Processed fidelity 6 (index 1): 833 samples.
[Preprocess] Processed fidelity 8 (index 2): 801 samples.
[Preprocess] Processed fidelity 10 (index 3): 175 samples.
Fidelity levels: [4, 6, 8, 10]
[Trainer] Starting BNN training...
[Trainer] No improvement. Iteration 7100. Early stopping counter: 1, LR counter: 1
[Trainer] No improvement. Iteration 7200. Early stopping counter: 2, LR counter: 2
[Trainer] No improvement. Iteration 7300. Early stopping counter: 3, LR counter: 3
[Trainer] No improvement. Iteration 7400. Early stopping counter: 4, LR counter: 4
[Trainer] No improvement. Iteration 7500. Early stopping counter: 5, LR counter: 5
[Trainer] No improvement. Iteration 7700. Early stopping counter: 1, LR counter: 1
[Trainer] No improvement. Iteration 7800. Early stopping counter: 2, LR counter: 2
[Trainer] No improvement. Iteration 8300. Early stopping counter: 1, LR counter: 1
[Trainer] No improvement. Iteration 8400. Early stopping counter: 2, LR counter: 2
[Trainer] No improvement. Iteration 8500. Early stopping counter: 3, LR counter: 3
[Trainer] No improvement. Iteration 8600. Early stopping counter: 4, LR counter: 4
[Trainer] No improvement. Iteration 8700. Early stopping counter: 5, LR counter: 5
[Trainer] No improvement. Iteration 8900. Early stopping counter: 1, LR counter: 1
[Trainer] No improvement. Iteration 9000. Early stopping counter: 2, LR counter: 2
[Trainer] No improvement. Iteration 9100. Early stopping counter: 3, LR counter: 3
[Trainer] No improvement. Iteration 9200. Early stopping counter: 4, LR counter: 4
[Trainer] No improvement. Iteration 9300. Early stopping counter: 5, LR counter: 5
[Trainer] No improvement. Iteration 9400. Early stopping counter: 6, LR counter: 6
[Trainer] No improvement. Iteration 9500. Early stopping counter: 7, LR counter: 7
[Trainer] No improvement. Iteration 9600. Early stopping counter: 8, LR counter: 8
[Trainer] No improvement. Iteration 9700. Early stopping counter: 9, LR counter: 9
[Trainer] No improvement. Iteration 9800. Early stopping counter: 10, LR counter: 10
[Trainer] No improvement. Iteration 9900. Early stopping counter: 11, LR counter: 11
[Trainer] No improvement. Iteration 10000. Early stopping counter: 12, LR counter: 12
[Trainer] No improvement. Iteration 10100. Early stopping counter: 13, LR counter: 13
[Trainer] No improvement. Iteration 10200. Early stopping counter: 14, LR counter: 14
[Trainer] No improvement. Iteration 10300. Early stopping counter: 15, LR counter: 15
[Trainer] No improvement. Iteration 10400. Early stopping counter: 16, LR counter: 16
[Trainer] No improvement. Iteration 10500. Early stopping counter: 17, LR counter: 17
[Trainer] No improvement. Iteration 10600. Early stopping counter: 18, LR counter: 18
[Trainer] No improvement. Iteration 10800. Early stopping counter: 1, LR counter: 1
[Trainer] No improvement. Iteration 10900. Early stopping counter: 2, LR counter: 2
[Trainer] No improvement. Iteration 11000. Early stopping counter: 3, LR counter: 3
[Trainer] No improvement. Iteration 11100. Early stopping counter: 4, LR counter: 4
[Trainer] No improvement. Iteration 11200. Early stopping counter: 5, LR counter: 5
[Trainer] No improvement. Iteration 11300. Early stopping counter: 6, LR counter: 6
[Trainer] No improvement. Iteration 11400. Early stopping counter: 7, LR counter: 7
[Trainer] No improvement. Iteration 11500. Early stopping counter: 8, LR counter: 8
[Trainer] No improvement. Iteration 11600. Early stopping counter: 9, LR counter: 9
[Trainer] No improvement. Iteration 11700. Early stopping counter: 10, LR counter: 10
[Trainer] No improvement. Iteration 11800. Early stopping counter: 11, LR counter: 11
[Trainer] No improvement. Iteration 11900. Early stopping counter: 12, LR counter: 12
[Trainer] No improvement. Iteration 12000. Early stopping counter: 13, LR counter: 13
[Trainer] No improvement. Iteration 12100. Early stopping counter: 14, LR counter: 14
[Trainer] No improvement. Iteration 12200. Early stopping counter: 15, LR counter: 15
[Trainer] No improvement. Iteration 12300. Early stopping counter: 16, LR counter: 16
[Trainer] No improvement. Iteration 12400. Early stopping counter: 17, LR counter: 17
[Trainer] No improvement. Iteration 12500. Early stopping counter: 18, LR counter: 18
[Trainer] No improvement. Iteration 12600. Early stopping counter: 19, LR counter: 19
[Trainer] No improvement. Iteration 12700. Early stopping counter: 20, LR counter: 20
[Trainer] No improvement. Iteration 12800. Early stopping counter: 21, LR counter: 21
[Trainer] No improvement. Iteration 12900. Early stopping counter: 22, LR counter: 22
[Trainer] No improvement. Iteration 13000. Early stopping counter: 23, LR counter: 23
[Trainer] No improvement. Iteration 13100. Early stopping counter: 24, LR counter: 24
[Trainer] No improvement. Iteration 13200. Early stopping counter: 25, LR counter: 25
[Trainer] Learning rate reduced to: 0.000010
[Trainer] No improvement. Iteration 13300. Early stopping counter: 26, LR counter: 1
[Trainer] No improvement. Iteration 13400. Early stopping counter: 27, LR counter: 2
[Trainer] No improvement. Iteration 13500. Early stopping counter: 28, LR counter: 3
[Trainer] No improvement. Iteration 13700. Early stopping counter: 1, LR counter: 1
[Trainer] No improvement. Iteration 13800. Early stopping counter: 2, LR counter: 2
[Trainer] No improvement. Iteration 13900. Early stopping counter: 3, LR counter: 3
[Trainer] No improvement. Iteration 14000. Early stopping counter: 4, LR counter: 4
[Trainer] No improvement. Iteration 14100. Early stopping counter: 5, LR counter: 5
[Trainer] No improvement. Iteration 14200. Early stopping counter: 6, LR counter: 6
[Trainer] No improvement. Iteration 14300. Early stopping counter: 7, LR counter: 7
[Trainer] No improvement. Iteration 14400. Early stopping counter: 8, LR counter: 8
[Trainer] No improvement. Iteration 14500. Early stopping counter: 9, LR counter: 9
[Trainer] No improvement. Iteration 14600. Early stopping counter: 10, LR counter: 10
[Trainer] No improvement. Iteration 14800. Early stopping counter: 1, LR counter: 1
[Trainer] No improvement. Iteration 15000. Early stopping counter: 1, LR counter: 1
[Trainer] No improvement. Iteration 15100. Early stopping counter: 2, LR counter: 2
[Trainer] No improvement. Iteration 15200. Early stopping counter: 3, LR counter: 3
[Trainer] No improvement. Iteration 15300. Early stopping counter: 4, LR counter: 4
[Trainer] No improvement. Iteration 15400. Early stopping counter: 5, LR counter: 5
[Trainer] No improvement. Iteration 15500. Early stopping counter: 6, LR counter: 6
[Trainer] No improvement. Iteration 15600. Early stopping counter: 7, LR counter: 7
[Trainer] No improvement. Iteration 15700. Early stopping counter: 8, LR counter: 8
[Trainer] No improvement. Iteration 15800. Early stopping counter: 9, LR counter: 9
[Trainer] No improvement. Iteration 16000. Early stopping counter: 1, LR counter: 1
[Trainer] No improvement. Iteration 16100. Early stopping counter: 2, LR counter: 2
[Trainer] No improvement. Iteration 16200. Early stopping counter: 3, LR counter: 3
[Trainer] No improvement. Iteration 16700. Early stopping counter: 1, LR counter: 1
[Trainer] No improvement. Iteration 16800. Early stopping counter: 2, LR counter: 2
[Trainer] No improvement. Iteration 16900. Early stopping counter: 3, LR counter: 3
[Trainer] No improvement. Iteration 17100. Early stopping counter: 1, LR counter: 1
[Trainer] No improvement. Iteration 17200. Early stopping counter: 2, LR counter: 2
[Trainer] No improvement. Iteration 17300. Early stopping counter: 3, LR counter: 3
[Trainer] No improvement. Iteration 17400. Early stopping counter: 4, LR counter: 4
[Trainer] No improvement. Iteration 17500. Early stopping counter: 5, LR counter: 5
[Trainer] No improvement. Iteration 17600. Early stopping counter: 6, LR counter: 6
[Trainer] No improvement. Iteration 17700. Early stopping counter: 7, LR counter: 7
[Trainer] No improvement. Iteration 17800. Early stopping counter: 8, LR counter: 8
[Trainer] No improvement. Iteration 17900. Early stopping counter: 9, LR counter: 9
[Trainer] No improvement. Iteration 18000. Early stopping counter: 10, LR counter: 10
[Trainer] No improvement. Iteration 18200. Early stopping counter: 1, LR counter: 1
[Trainer] No improvement. Iteration 18600. Early stopping counter: 1, LR counter: 1
[Trainer] No improvement. Iteration 18700. Early stopping counter: 2, LR counter: 2
[Trainer] No improvement. Iteration 18800. Early stopping counter: 3, LR counter: 3
[Trainer] No improvement. Iteration 19000. Early stopping counter: 1, LR counter: 1
[Trainer] No improvement. Iteration 19100. Early stopping counter: 2, LR counter: 2
[Trainer] No improvement. Iteration 19200. Early stopping counter: 3, LR counter: 3
[Trainer] No improvement. Iteration 19300. Early stopping counter: 4, LR counter: 4
[Trainer] No improvement. Iteration 19400. Early stopping counter: 5, LR counter: 5
[Trainer] No improvement. Iteration 19500. Early stopping counter: 6, LR counter: 6
[Trainer] No improvement. Iteration 19600. Early stopping counter: 7, LR counter: 7
[Trainer] No improvement. Iteration 19700. Early stopping counter: 8, LR counter: 8
[Trainer] No improvement. Iteration 19800. Early stopping counter: 9, LR counter: 9
[Trainer] No improvement. Iteration 19900. Early stopping counter: 10, LR counter: 10
[Trainer] No improvement. Iteration 20000. Early stopping counter: 11, LR counter: 11
[Trainer] No improvement. Iteration 20100. Early stopping counter: 12, LR counter: 12
[Trainer] No improvement. Iteration 20200. Early stopping counter: 13, LR counter: 13
[Trainer] No improvement. Iteration 20300. Early stopping counter: 14, LR counter: 14
[Trainer] No improvement. Iteration 20400. Early stopping counter: 15, LR counter: 15
[Trainer] No improvement. Iteration 20500. Early stopping counter: 16, LR counter: 16
[Trainer] No improvement. Iteration 20600. Early stopping counter: 17, LR counter: 17
[Trainer] No improvement. Iteration 20700. Early stopping counter: 18, LR counter: 18
[Trainer] No improvement. Iteration 20800. Early stopping counter: 19, LR counter: 19
[Trainer] No improvement. Iteration 20900. Early stopping counter: 20, LR counter: 20
[Trainer] No improvement. Iteration 21000. Early stopping counter: 21, LR counter: 21
[Trainer] No improvement. Iteration 21100. Early stopping counter: 22, LR counter: 22
[Trainer] No improvement. Iteration 21200. Early stopping counter: 23, LR counter: 23
[Trainer] No improvement. Iteration 21300. Early stopping counter: 24, LR counter: 24
[Trainer] No improvement. Iteration 21400. Early stopping counter: 25, LR counter: 25
[Trainer] Learning rate reduced to: 0.000001
[Trainer] No improvement. Iteration 21500. Early stopping counter: 26, LR counter: 1
[Trainer] No improvement. Iteration 21600. Early stopping counter: 27, LR counter: 2
[Trainer] No improvement. Iteration 21700. Early stopping counter: 28, LR counter: 3
[Trainer] No improvement. Iteration 22200. Early stopping counter: 1, LR counter: 1
[Trainer] No improvement. Iteration 22300. Early stopping counter: 2, LR counter: 2
[Trainer] No improvement. Iteration 22400. Early stopping counter: 3, LR counter: 3
[Trainer] No improvement. Iteration 22500. Early stopping counter: 4, LR counter: 4
[Trainer] No improvement. Iteration 22600. Early stopping counter: 5, LR counter: 5
[Trainer] No improvement. Iteration 22700. Early stopping counter: 6, LR counter: 6
[Trainer] No improvement. Iteration 22800. Early stopping counter: 7, LR counter: 7
[Trainer] No improvement. Iteration 22900. Early stopping counter: 8, LR counter: 8
[Trainer] No improvement. Iteration 23000. Early stopping counter: 9, LR counter: 9
[Trainer] No improvement. Iteration 23100. Early stopping counter: 10, LR counter: 10
[Trainer] No improvement. Iteration 23200. Early stopping counter: 11, LR counter: 11
[Trainer] No improvement. Iteration 23300. Early stopping counter: 12, LR counter: 12
[Trainer] No improvement. Iteration 23400. Early stopping counter: 13, LR counter: 13
[Trainer] No improvement. Iteration 23500. Early stopping counter: 14, LR counter: 14
[Trainer] No improvement. Iteration 23600. Early stopping counter: 15, LR counter: 15
[Trainer] No improvement. Iteration 23700. Early stopping counter: 16, LR counter: 16
[Trainer] No improvement. Iteration 23800. Early stopping counter: 17, LR counter: 17
[Trainer] No improvement. Iteration 23900. Early stopping counter: 18, LR counter: 18
[Trainer] No improvement. Iteration 24000. Early stopping counter: 19, LR counter: 19
[Trainer] No improvement. Iteration 24100. Early stopping counter: 20, LR counter: 20
[Trainer] No improvement. Iteration 24200. Early stopping counter: 21, LR counter: 21
[Trainer] No improvement. Iteration 24300. Early stopping counter: 22, LR counter: 22
[Trainer] No improvement. Iteration 24400. Early stopping counter: 23, LR counter: 23
[Trainer] No improvement. Iteration 24500. Early stopping counter: 24, LR counter: 24
[Trainer] No improvement. Iteration 24600. Early stopping counter: 25, LR counter: 25
[Trainer] Learning rate reduced to: 0.000000
[Trainer] No improvement. Iteration 24700. Early stopping counter: 26, LR counter: 1
[Trainer] No improvement. Iteration 24800. Early stopping counter: 27, LR counter: 2
[Trainer] No improvement. Iteration 24900. Early stopping counter: 28, LR counter: 3
[Trainer] No improvement. Iteration 25000. Early stopping counter: 29, LR counter: 4
[Trainer] No improvement. Iteration 25100. Early stopping counter: 30, LR counter: 5
[Trainer] No improvement. Iteration 25200. Early stopping counter: 31, LR counter: 6
[Trainer] No improvement. Iteration 25300. Early stopping counter: 32, LR counter: 7
[Trainer] No improvement. Iteration 25400. Early stopping counter: 33, LR counter: 8
[Trainer] No improvement. Iteration 25500. Early stopping counter: 34, LR counter: 9
[Trainer] No improvement. Iteration 25600. Early stopping counter: 35, LR counter: 10
[Trainer] No improvement. Iteration 25700. Early stopping counter: 36, LR counter: 11
[Trainer] No improvement. Iteration 25800. Early stopping counter: 37, LR counter: 12
[Trainer] No improvement. Iteration 25900. Early stopping counter: 38, LR counter: 13
[Trainer] No improvement. Iteration 26000. Early stopping counter: 39, LR counter: 14
[Trainer] No improvement. Iteration 26100. Early stopping counter: 40, LR counter: 15
[Trainer] No improvement. Iteration 26200. Early stopping counter: 41, LR counter: 16
[Trainer] No improvement. Iteration 26300. Early stopping counter: 42, LR counter: 17
[Trainer] No improvement. Iteration 26400. Early stopping counter: 43, LR counter: 18
[Trainer] No improvement. Iteration 26500. Early stopping counter: 44, LR counter: 19
[Trainer] No improvement. Iteration 26600. Early stopping counter: 45, LR counter: 20
[Trainer] No improvement. Iteration 26700. Early stopping counter: 46, LR counter: 21
[Trainer] No improvement. Iteration 26800. Early stopping counter: 47, LR counter: 22
[Trainer] No improvement. Iteration 26900. Early stopping counter: 48, LR counter: 23
[Trainer] No improvement. Iteration 27000. Early stopping counter: 49, LR counter: 24
[Trainer] No improvement. Iteration 27100. Early stopping counter: 50, LR counter: 25
[Trainer] Learning rate reduced to: 0.000000
[Trainer] Early stopping triggered.
[Trainer] Training completed.
[Trainer] Calibrating temperatures on validation set...
[Trainer] Temperature calibration finished. Calibrated temperatures: {4: 1.2976508140563965, 6: 0.9501025676727295, 8: 1.1387361288070679, 10: 1.2087268829345703}
[Trainer] BNN training completed.
**************************************************
Z=8, N=4, emax=4
RMSE Eb: 0.644
RMSE Rch: 0.016
MAPE Eb: 1.809
MAPE Rch: 0.820
--------------------------------------------------
**************************************************
Z=8, N=4, emax=10
RMSE Eb: 1.223
RMSE Rch: 0.047
MAPE Eb: 1.954
MAPE Rch: 2.625
--------------------------------------------------
**************************************************
Z=8, N=4, emax=6
RMSE Eb: 0.813
RMSE Rch: 0.021
MAPE Eb: 1.643
MAPE Rch: 1.092
--------------------------------------------------
**************************************************
Z=8, N=4, emax=8
RMSE Eb: 0.923
RMSE Rch: 0.039
MAPE Eb: 1.475
MAPE Rch: 2.165
--------------------------------------------------
**************************************************
Z=8, N=5, emax=8
RMSE Eb: 0.800
RMSE Rch: 0.033
MAPE Eb: 1.018
MAPE Rch: 1.879
--------------------------------------------------
**************************************************
Z=8, N=5, emax=6
RMSE Eb: 0.665
RMSE Rch: 0.019
MAPE Eb: 0.941
MAPE Rch: 1.022
--------------------------------------------------
**************************************************
Z=8, N=5, emax=4
RMSE Eb: 0.599
RMSE Rch: 0.015
MAPE Eb: 1.223
MAPE Rch: 0.766
--------------------------------------------------
**************************************************
Z=8, N=5, emax=10
RMSE Eb: 0.881
RMSE Rch: 0.020
MAPE Eb: 1.145
MAPE Rch: 1.053
--------------------------------------------------
**************************************************
Z=8, N=6, emax=4
RMSE Eb: 0.759
RMSE Rch: 0.010
MAPE Eb: 1.163
MAPE Rch: 0.464
--------------------------------------------------
**************************************************
Z=8, N=6, emax=6
RMSE Eb: 0.673
RMSE Rch: 0.015
MAPE Eb: 0.741
MAPE Rch: 0.778
--------------------------------------------------
**************************************************
Z=8, N=6, emax=8
RMSE Eb: 1.101
RMSE Rch: 0.027
MAPE Eb: 1.025
MAPE Rch: 1.549
--------------------------------------------------
**************************************************
Z=8, N=6, emax=10
RMSE Eb: 1.243
RMSE Rch: 0.025
MAPE Eb: 1.138
MAPE Rch: 1.416
--------------------------------------------------
**************************************************
Z=8, N=7, emax=8
RMSE Eb: 1.041
RMSE Rch: 0.012
MAPE Eb: 0.818
MAPE Rch: 0.614
--------------------------------------------------
**************************************************
Z=8, N=7, emax=10
RMSE Eb: 1.004
RMSE Rch: 0.021
MAPE Eb: 0.767
MAPE Rch: 1.081
--------------------------------------------------
**************************************************
Z=8, N=7, emax=6
RMSE Eb: 0.795
RMSE Rch: 0.012
MAPE Eb: 0.723
MAPE Rch: 0.550
--------------------------------------------------
**************************************************
Z=8, N=7, emax=4
RMSE Eb: 0.886
RMSE Rch: 0.019
MAPE Eb: 0.959
MAPE Rch: 1.035
--------------------------------------------------
**************************************************
Z=8, N=8, emax=4
RMSE Eb: 0.619
RMSE Rch: 0.008
MAPE Eb: 0.692
MAPE Rch: 0.211
--------------------------------------------------
**************************************************
Z=8, N=8, emax=8
RMSE Eb: 0.889
RMSE Rch: 0.021
MAPE Eb: 0.566
MAPE Rch: 0.708
--------------------------------------------------
**************************************************
Z=8, N=8, emax=6
RMSE Eb: 0.856
RMSE Rch: 0.016
MAPE Eb: 0.741
MAPE Rch: 0.502
--------------------------------------------------
**************************************************
Z=8, N=8, emax=10
RMSE Eb: 0.757
RMSE Rch: 0.023
MAPE Eb: 0.566
MAPE Rch: 0.692
--------------------------------------------------
**************************************************
Z=8, N=9, emax=8
RMSE Eb: 0.587
RMSE Rch: 0.014
MAPE Eb: 0.421
MAPE Rch: 0.464
--------------------------------------------------
**************************************************
Z=8, N=9, emax=6
RMSE Eb: 0.707
RMSE Rch: 0.011
MAPE Eb: 0.554
MAPE Rch: 0.315
--------------------------------------------------
**************************************************
Z=8, N=9, emax=4
RMSE Eb: 0.911
RMSE Rch: 0.012
MAPE Eb: 0.890
MAPE Rch: 0.377
--------------------------------------------------
**************************************************
Z=8, N=9, emax=10
RMSE Eb: 0.742
RMSE Rch: 0.014
MAPE Eb: 0.582
MAPE Rch: 0.443
--------------------------------------------------
**************************************************
Z=8, N=10, emax=4
RMSE Eb: 0.489
RMSE Rch: 0.019
MAPE Eb: 0.516
MAPE Rch: 0.613
--------------------------------------------------
**************************************************
Z=8, N=10, emax=10
RMSE Eb: 0.491
RMSE Rch: 0.010
MAPE Eb: 0.322
MAPE Rch: 0.258
--------------------------------------------------
**************************************************
Z=8, N=10, emax=6
RMSE Eb: 0.713
RMSE Rch: 0.007
MAPE Eb: 0.567
MAPE Rch: 0.191
--------------------------------------------------
**************************************************
Z=8, N=10, emax=8
RMSE Eb: 0.761
RMSE Rch: 0.010
MAPE Eb: 0.506
MAPE Rch: 0.293
--------------------------------------------------
**************************************************
Z=8, N=11, emax=4
RMSE Eb: 0.918
RMSE Rch: 0.018
MAPE Eb: 1.016
MAPE Rch: 0.592
--------------------------------------------------
**************************************************
Z=8, N=11, emax=6
RMSE Eb: 0.725
RMSE Rch: 0.008
MAPE Eb: 0.582
MAPE Rch: 0.223
--------------------------------------------------
**************************************************
Z=8, N=11, emax=8
RMSE Eb: 0.682
RMSE Rch: 0.007
MAPE Eb: 0.467
MAPE Rch: 0.201
--------------------------------------------------
**************************************************
Z=8, N=11, emax=10
RMSE Eb: 0.723
RMSE Rch: 0.010
MAPE Eb: 0.482
MAPE Rch: 0.250
--------------------------------------------------
**************************************************
Z=8, N=12, emax=6
RMSE Eb: 0.586
RMSE Rch: 0.007
MAPE Eb: 0.446
MAPE Rch: 0.196
--------------------------------------------------
**************************************************
Z=8, N=12, emax=4
RMSE Eb: 0.789
RMSE Rch: 0.018
MAPE Eb: 0.758
MAPE Rch: 0.542
--------------------------------------------------
**************************************************
Z=8, N=12, emax=8
RMSE Eb: 0.709
RMSE Rch: 0.009
MAPE Eb: 0.481
MAPE Rch: 0.255
--------------------------------------------------
**************************************************
Z=8, N=12, emax=10
RMSE Eb: 0.877
RMSE Rch: 0.009
MAPE Eb: 0.503
MAPE Rch: 0.282
--------------------------------------------------
**************************************************
Z=8, N=13, emax=8
RMSE Eb: 0.907
RMSE Rch: 0.012
MAPE Eb: 0.621
MAPE Rch: 0.381
--------------------------------------------------
**************************************************
Z=8, N=13, emax=4
RMSE Eb: 0.802
RMSE Rch: 0.015
MAPE Eb: 0.834
MAPE Rch: 0.443
--------------------------------------------------
**************************************************
Z=8, N=13, emax=10
RMSE Eb: 0.938
RMSE Rch: 0.008
MAPE Eb: 0.615
MAPE Rch: 0.239
--------------------------------------------------
**************************************************
Z=8, N=13, emax=6
RMSE Eb: 0.660
RMSE Rch: 0.011
MAPE Eb: 0.525
MAPE Rch: 0.312
--------------------------------------------------
**************************************************
Z=8, N=14, emax=8
RMSE Eb: 1.036
RMSE Rch: 0.017
MAPE Eb: 0.623
MAPE Rch: 0.468
--------------------------------------------------
**************************************************
Z=8, N=14, emax=4
RMSE Eb: 0.967
RMSE Rch: 0.017
MAPE Eb: 0.991
MAPE Rch: 0.496
--------------------------------------------------
**************************************************
Z=8, N=14, emax=6
RMSE Eb: 0.592
RMSE Rch: 0.012
MAPE Eb: 0.426
MAPE Rch: 0.332
--------------------------------------------------
**************************************************
Z=8, N=14, emax=10
RMSE Eb: 0.791
RMSE Rch: 0.019
MAPE Eb: 0.527
MAPE Rch: 0.540
--------------------------------------------------
**************************************************
Z=8, N=15, emax=8
RMSE Eb: 0.873
RMSE Rch: 0.012
MAPE Eb: 0.528
MAPE Rch: 0.340
--------------------------------------------------
**************************************************
Z=8, N=15, emax=4
RMSE Eb: 1.019
RMSE Rch: 0.015
MAPE Eb: 0.951
MAPE Rch: 0.473
--------------------------------------------------
**************************************************
Z=8, N=15, emax=6
RMSE Eb: 0.664
RMSE Rch: 0.007
MAPE Eb: 0.442
MAPE Rch: 0.192
--------------------------------------------------
**************************************************
Z=8, N=15, emax=10
RMSE Eb: 0.782
RMSE Rch: 0.009
MAPE Eb: 0.413
MAPE Rch: 0.270
--------------------------------------------------
**************************************************
Z=8, N=16, emax=8
RMSE Eb: 0.856
RMSE Rch: 0.009
MAPE Eb: 0.517
MAPE Rch: 0.248
--------------------------------------------------
**************************************************
Z=8, N=16, emax=6
RMSE Eb: 0.769
RMSE Rch: 0.007
MAPE Eb: 0.502
MAPE Rch: 0.200
--------------------------------------------------
**************************************************
Z=8, N=16, emax=10
RMSE Eb: 1.104
RMSE Rch: 0.007
MAPE Eb: 0.574
MAPE Rch: 0.203
--------------------------------------------------
**************************************************
Z=8, N=16, emax=4
RMSE Eb: 0.858
RMSE Rch: 0.016
MAPE Eb: 0.836
MAPE Rch: 0.502
--------------------------------------------------
Finished VAL for AE n=588
**************************************************
Z=8, N=4, emax=6
RMSE Eb: 0.652
RMSE Rch: 0.023
MAPE Eb: 1.249
MAPE Rch: 1.196
--------------------------------------------------
**************************************************
Z=8, N=4, emax=8
RMSE Eb: 0.816
RMSE Rch: 0.039
MAPE Eb: 1.354
MAPE Rch: 2.222
--------------------------------------------------
**************************************************
Z=8, N=4, emax=4
RMSE Eb: 0.654
RMSE Rch: 0.017
MAPE Eb: 1.764
MAPE Rch: 0.819
--------------------------------------------------
**************************************************
Z=8, N=4, emax=10
RMSE Eb: 1.156
RMSE Rch: 0.037
MAPE Eb: 1.779
MAPE Rch: 1.951
--------------------------------------------------
**************************************************
Z=8, N=5, emax=4
RMSE Eb: 0.658
RMSE Rch: 0.014
MAPE Eb: 1.314
MAPE Rch: 0.680
--------------------------------------------------
**************************************************
Z=8, N=5, emax=8
RMSE Eb: 0.873
RMSE Rch: 0.031
MAPE Eb: 1.133
MAPE Rch: 1.785
--------------------------------------------------
**************************************************
Z=8, N=5, emax=6
RMSE Eb: 0.626
RMSE Rch: 0.016
MAPE Eb: 0.949
MAPE Rch: 0.847
--------------------------------------------------
**************************************************
Z=8, N=5, emax=10
RMSE Eb: 1.026
RMSE Rch: 0.030
MAPE Eb: 1.361
MAPE Rch: 1.809
--------------------------------------------------
**************************************************
Z=8, N=6, emax=4
RMSE Eb: 0.866
RMSE Rch: 0.011
MAPE Eb: 1.213
MAPE Rch: 0.517
--------------------------------------------------
**************************************************
Z=8, N=6, emax=8
RMSE Eb: 1.061
RMSE Rch: 0.029
MAPE Eb: 0.944
MAPE Rch: 1.618
--------------------------------------------------
**************************************************
Z=8, N=6, emax=6
RMSE Eb: 0.834
RMSE Rch: 0.015
MAPE Eb: 0.928
MAPE Rch: 0.734
--------------------------------------------------
**************************************************
Z=8, N=6, emax=10
RMSE Eb: 1.074
RMSE Rch: 0.023
MAPE Eb: 1.057
MAPE Rch: 1.246
--------------------------------------------------
**************************************************
Z=8, N=7, emax=4
RMSE Eb: 1.053
RMSE Rch: 0.018
MAPE Eb: 1.261
MAPE Rch: 0.977
--------------------------------------------------
**************************************************
Z=8, N=7, emax=8
RMSE Eb: 1.256
RMSE Rch: 0.014
MAPE Eb: 0.962
MAPE Rch: 0.814
--------------------------------------------------
**************************************************
Z=8, N=7, emax=6
RMSE Eb: 0.812
RMSE Rch: 0.013
MAPE Eb: 0.774
MAPE Rch: 0.655
--------------------------------------------------
**************************************************
Z=8, N=7, emax=10
RMSE Eb: 0.769
RMSE Rch: 0.019
MAPE Eb: 0.540
MAPE Rch: 1.066
--------------------------------------------------
**************************************************
Z=8, N=8, emax=4
RMSE Eb: 0.709
RMSE Rch: 0.008
MAPE Eb: 0.765
MAPE Rch: 0.213
--------------------------------------------------
**************************************************
Z=8, N=8, emax=6
RMSE Eb: 1.035
RMSE Rch: 0.015
MAPE Eb: 0.893
MAPE Rch: 0.497
--------------------------------------------------
**************************************************
Z=8, N=8, emax=8
RMSE Eb: 0.904
RMSE Rch: 0.021
MAPE Eb: 0.710
MAPE Rch: 0.697
--------------------------------------------------
**************************************************
Z=8, N=8, emax=10
RMSE Eb: 1.419
RMSE Rch: 0.024
MAPE Eb: 0.910
MAPE Rch: 0.768
--------------------------------------------------
**************************************************
Z=8, N=9, emax=4
RMSE Eb: 0.809
RMSE Rch: 0.012
MAPE Eb: 0.913
MAPE Rch: 0.378
--------------------------------------------------
**************************************************
Z=8, N=9, emax=8
RMSE Eb: 0.677
RMSE Rch: 0.014
MAPE Eb: 0.500
MAPE Rch: 0.470
--------------------------------------------------
**************************************************
Z=8, N=9, emax=6
RMSE Eb: 0.762
RMSE Rch: 0.010
MAPE Eb: 0.642
MAPE Rch: 0.290
--------------------------------------------------
**************************************************
Z=8, N=9, emax=10
RMSE Eb: 0.945
RMSE Rch: 0.014
MAPE Eb: 0.715
MAPE Rch: 0.423
--------------------------------------------------
**************************************************
Z=8, N=10, emax=4
RMSE Eb: 0.581
RMSE Rch: 0.020
MAPE Eb: 0.594
MAPE Rch: 0.630
--------------------------------------------------
**************************************************
Z=8, N=10, emax=6
RMSE Eb: 0.589
RMSE Rch: 0.007
MAPE Eb: 0.491
MAPE Rch: 0.197
--------------------------------------------------
**************************************************
Z=8, N=10, emax=8
RMSE Eb: 0.724
RMSE Rch: 0.010
MAPE Eb: 0.498
MAPE Rch: 0.284
--------------------------------------------------
**************************************************
Z=8, N=10, emax=10
RMSE Eb: 0.733
RMSE Rch: 0.008
MAPE Eb: 0.461
MAPE Rch: 0.241
--------------------------------------------------
**************************************************
Z=8, N=11, emax=8
RMSE Eb: 0.747
RMSE Rch: 0.008
MAPE Eb: 0.532
MAPE Rch: 0.223
--------------------------------------------------
**************************************************
Z=8, N=11, emax=4
RMSE Eb: 0.815
RMSE Rch: 0.020
MAPE Eb: 0.858
MAPE Rch: 0.610
--------------------------------------------------
**************************************************
Z=8, N=11, emax=6
RMSE Eb: 0.685
RMSE Rch: 0.007
MAPE Eb: 0.546
MAPE Rch: 0.193
--------------------------------------------------
**************************************************
Z=8, N=11, emax=10
RMSE Eb: 0.619
RMSE Rch: 0.009
MAPE Eb: 0.410
MAPE Rch: 0.195
--------------------------------------------------
**************************************************
Z=8, N=12, emax=6
RMSE Eb: 0.616
RMSE Rch: 0.006
MAPE Eb: 0.464
MAPE Rch: 0.171
--------------------------------------------------
**************************************************
Z=8, N=12, emax=8
RMSE Eb: 0.699
RMSE Rch: 0.008
MAPE Eb: 0.449
MAPE Rch: 0.233
--------------------------------------------------
**************************************************
Z=8, N=12, emax=4
RMSE Eb: 0.690
RMSE Rch: 0.019
MAPE Eb: 0.714
MAPE Rch: 0.585
--------------------------------------------------
**************************************************
Z=8, N=12, emax=10
RMSE Eb: 0.614
RMSE Rch: 0.007
MAPE Eb: 0.437
MAPE Rch: 0.160
--------------------------------------------------
**************************************************
Z=8, N=13, emax=8
RMSE Eb: 0.875
RMSE Rch: 0.013
MAPE Eb: 0.597
MAPE Rch: 0.410
--------------------------------------------------
**************************************************
Z=8, N=13, emax=4
RMSE Eb: 0.854
RMSE Rch: 0.014
MAPE Eb: 0.845
MAPE Rch: 0.421
--------------------------------------------------
**************************************************
Z=8, N=13, emax=6
RMSE Eb: 0.534
RMSE Rch: 0.011
MAPE Eb: 0.395
MAPE Rch: 0.320
--------------------------------------------------
**************************************************
Z=8, N=13, emax=10
RMSE Eb: 0.952
RMSE Rch: 0.018
MAPE Eb: 0.594
MAPE Rch: 0.408
--------------------------------------------------
**************************************************
Z=8, N=14, emax=6
RMSE Eb: 0.727
RMSE Rch: 0.010
MAPE Eb: 0.499
MAPE Rch: 0.285
--------------------------------------------------
**************************************************
Z=8, N=14, emax=10
RMSE Eb: 0.964
RMSE Rch: 0.013
MAPE Eb: 0.472
MAPE Rch: 0.369
--------------------------------------------------
**************************************************
Z=8, N=14, emax=4
RMSE Eb: 1.099
RMSE Rch: 0.014
MAPE Eb: 1.120
MAPE Rch: 0.410
--------------------------------------------------
**************************************************
Z=8, N=14, emax=8
RMSE Eb: 0.986
RMSE Rch: 0.014
MAPE Eb: 0.608
MAPE Rch: 0.404
--------------------------------------------------
**************************************************
Z=8, N=15, emax=8
RMSE Eb: 0.852
RMSE Rch: 0.012
MAPE Eb: 0.546
MAPE Rch: 0.361
--------------------------------------------------
**************************************************
Z=8, N=15, emax=6
RMSE Eb: 0.741
RMSE Rch: 0.008
MAPE Eb: 0.540
MAPE Rch: 0.235
--------------------------------------------------
**************************************************
Z=8, N=15, emax=4
RMSE Eb: 0.813
RMSE Rch: 0.016
MAPE Eb: 0.856
MAPE Rch: 0.505
--------------------------------------------------
**************************************************
Z=8, N=15, emax=10
RMSE Eb: 0.883
RMSE Rch: 0.008
MAPE Eb: 0.495
MAPE Rch: 0.245
--------------------------------------------------
**************************************************
Z=8, N=16, emax=4
RMSE Eb: 0.935
RMSE Rch: 0.016
MAPE Eb: 0.916
MAPE Rch: 0.483
--------------------------------------------------
**************************************************
Z=8, N=16, emax=8
RMSE Eb: 1.101
RMSE Rch: 0.009
MAPE Eb: 0.649
MAPE Rch: 0.224
--------------------------------------------------
**************************************************
Z=8, N=16, emax=6
RMSE Eb: 0.802
RMSE Rch: 0.008
MAPE Eb: 0.563
MAPE Rch: 0.215
--------------------------------------------------
**************************************************
Z=8, N=16, emax=10
RMSE Eb: 0.873
RMSE Rch: 0.008
MAPE Eb: 0.547
MAPE Rch: 0.233
--------------------------------------------------
