Activated conda environment
[DataLoader] Found 13 files matching the pattern.
[DataLoader] Combined data shape: (17234, 35)
[Preprocess] Data split => train: (11029, 35), val: (2758, 35), test: (3447, 35)
[Preprocess] Processed fidelity 4 (index 0): 3758 samples.
[Preprocess] Processed fidelity 6 (index 1): 3346 samples.
[Preprocess] Processed fidelity 8 (index 2): 3194 samples.
[Preprocess] Processed fidelity 10 (index 3): 731 samples.
[Preprocess] Processed fidelity 4 (index 0): 949 samples.
[Preprocess] Processed fidelity 6 (index 1): 833 samples.
[Preprocess] Processed fidelity 8 (index 2): 801 samples.
[Preprocess] Processed fidelity 10 (index 3): 175 samples.
Fidelity levels: [4, 6, 8, 10]
[Trainer] Starting BNN training...
[Trainer] No improvement. Iteration 8400. Early stopping counter: 1, LR counter: 1
[Trainer] No improvement. Iteration 8700. Early stopping counter: 1, LR counter: 1
[Trainer] No improvement. Iteration 8800. Early stopping counter: 2, LR counter: 2
[Trainer] No improvement. Iteration 9000. Early stopping counter: 1, LR counter: 1
[Trainer] No improvement. Iteration 9100. Early stopping counter: 2, LR counter: 2
[Trainer] No improvement. Iteration 9800. Early stopping counter: 1, LR counter: 1
[Trainer] No improvement. Iteration 10100. Early stopping counter: 1, LR counter: 1
[Trainer] No improvement. Iteration 10200. Early stopping counter: 2, LR counter: 2
[Trainer] No improvement. Iteration 10300. Early stopping counter: 3, LR counter: 3
[Trainer] No improvement. Iteration 10400. Early stopping counter: 4, LR counter: 4
[Trainer] No improvement. Iteration 10500. Early stopping counter: 5, LR counter: 5
[Trainer] No improvement. Iteration 10600. Early stopping counter: 6, LR counter: 6
[Trainer] No improvement. Iteration 10700. Early stopping counter: 7, LR counter: 7
[Trainer] No improvement. Iteration 10800. Early stopping counter: 8, LR counter: 8
[Trainer] No improvement. Iteration 10900. Early stopping counter: 9, LR counter: 9
[Trainer] No improvement. Iteration 11000. Early stopping counter: 10, LR counter: 10
[Trainer] No improvement. Iteration 11100. Early stopping counter: 11, LR counter: 11
[Trainer] No improvement. Iteration 11200. Early stopping counter: 12, LR counter: 12
[Trainer] No improvement. Iteration 11300. Early stopping counter: 13, LR counter: 13
[Trainer] No improvement. Iteration 11400. Early stopping counter: 14, LR counter: 14
[Trainer] No improvement. Iteration 11500. Early stopping counter: 15, LR counter: 15
[Trainer] No improvement. Iteration 11600. Early stopping counter: 16, LR counter: 16
[Trainer] No improvement. Iteration 11700. Early stopping counter: 17, LR counter: 17
[Trainer] No improvement. Iteration 11800. Early stopping counter: 18, LR counter: 18
[Trainer] No improvement. Iteration 11900. Early stopping counter: 19, LR counter: 19
[Trainer] No improvement. Iteration 12000. Early stopping counter: 20, LR counter: 20
[Trainer] No improvement. Iteration 12100. Early stopping counter: 21, LR counter: 21
[Trainer] No improvement. Iteration 12200. Early stopping counter: 22, LR counter: 22
[Trainer] No improvement. Iteration 12300. Early stopping counter: 23, LR counter: 23
[Trainer] No improvement. Iteration 12400. Early stopping counter: 24, LR counter: 24
[Trainer] No improvement. Iteration 12500. Early stopping counter: 25, LR counter: 25
[Trainer] Learning rate reduced to: 0.000010
[Trainer] No improvement. Iteration 12600. Early stopping counter: 26, LR counter: 1
[Trainer] No improvement. Iteration 12700. Early stopping counter: 27, LR counter: 2
[Trainer] No improvement. Iteration 12800. Early stopping counter: 28, LR counter: 3
[Trainer] No improvement. Iteration 12900. Early stopping counter: 29, LR counter: 4
[Trainer] No improvement. Iteration 13000. Early stopping counter: 30, LR counter: 5
[Trainer] No improvement. Iteration 13100. Early stopping counter: 31, LR counter: 6
[Trainer] No improvement. Iteration 13200. Early stopping counter: 32, LR counter: 7
[Trainer] No improvement. Iteration 13300. Early stopping counter: 33, LR counter: 8
[Trainer] No improvement. Iteration 13400. Early stopping counter: 34, LR counter: 9
[Trainer] No improvement. Iteration 13500. Early stopping counter: 35, LR counter: 10
[Trainer] No improvement. Iteration 13600. Early stopping counter: 36, LR counter: 11
[Trainer] No improvement. Iteration 13700. Early stopping counter: 37, LR counter: 12
[Trainer] No improvement. Iteration 13800. Early stopping counter: 38, LR counter: 13
[Trainer] No improvement. Iteration 13900. Early stopping counter: 39, LR counter: 14
[Trainer] No improvement. Iteration 14000. Early stopping counter: 40, LR counter: 15
[Trainer] No improvement. Iteration 14100. Early stopping counter: 41, LR counter: 16
[Trainer] No improvement. Iteration 14200. Early stopping counter: 42, LR counter: 17
[Trainer] No improvement. Iteration 14300. Early stopping counter: 43, LR counter: 18
[Trainer] No improvement. Iteration 14400. Early stopping counter: 44, LR counter: 19
[Trainer] No improvement. Iteration 14500. Early stopping counter: 45, LR counter: 20
[Trainer] No improvement. Iteration 14600. Early stopping counter: 46, LR counter: 21
[Trainer] No improvement. Iteration 14700. Early stopping counter: 47, LR counter: 22
[Trainer] No improvement. Iteration 14800. Early stopping counter: 48, LR counter: 23
[Trainer] No improvement. Iteration 14900. Early stopping counter: 49, LR counter: 24
[Trainer] No improvement. Iteration 15000. Early stopping counter: 50, LR counter: 25
[Trainer] Learning rate reduced to: 0.000001
[Trainer] Early stopping triggered.
[Trainer] Training completed.
[Trainer] Calibrating temperatures on validation set...
[Trainer] Temperature calibration finished. Calibrated temperatures: {4: 0.991599977016449, 6: 1.0485529899597168, 8: 1.1113780736923218, 10: 1.1082149744033813}
[Trainer] BNN training completed.
**************************************************
Z=8, N=4, emax=4
RMSE Eb: 0.892
RMSE Rch: 0.010
MAPE Eb: 2.551
MAPE Rch: 0.431
--------------------------------------------------
**************************************************
Z=8, N=4, emax=10
RMSE Eb: 1.157
RMSE Rch: 0.048
MAPE Eb: 1.831
MAPE Rch: 2.322
--------------------------------------------------
**************************************************
Z=8, N=4, emax=6
RMSE Eb: 0.854
RMSE Rch: 0.015
MAPE Eb: 1.637
MAPE Rch: 0.681
--------------------------------------------------
**************************************************
Z=8, N=4, emax=8
RMSE Eb: 0.942
RMSE Rch: 0.025
MAPE Eb: 1.603
MAPE Rch: 1.209
--------------------------------------------------
**************************************************
Z=8, N=5, emax=8
RMSE Eb: 1.128
RMSE Rch: 0.018
MAPE Eb: 1.416
MAPE Rch: 0.859
--------------------------------------------------
**************************************************
Z=8, N=5, emax=6
RMSE Eb: 0.870
RMSE Rch: 0.016
MAPE Eb: 1.232
MAPE Rch: 0.796
--------------------------------------------------
**************************************************
Z=8, N=5, emax=4
RMSE Eb: 0.733
RMSE Rch: 0.008
MAPE Eb: 1.479
MAPE Rch: 0.382
--------------------------------------------------
**************************************************
Z=8, N=5, emax=10
RMSE Eb: 1.118
RMSE Rch: 0.023
MAPE Eb: 1.148
MAPE Rch: 1.366
--------------------------------------------------
**************************************************
Z=8, N=6, emax=4
RMSE Eb: 0.756
RMSE Rch: 0.009
MAPE Eb: 1.113
MAPE Rch: 0.425
--------------------------------------------------
**************************************************
Z=8, N=6, emax=6
RMSE Eb: 0.847
RMSE Rch: 0.010
MAPE Eb: 0.879
MAPE Rch: 0.482
--------------------------------------------------
**************************************************
Z=8, N=6, emax=8
RMSE Eb: 1.152
RMSE Rch: 0.016
MAPE Eb: 1.035
MAPE Rch: 0.764
--------------------------------------------------
**************************************************
Z=8, N=6, emax=10
RMSE Eb: 0.960
RMSE Rch: 0.021
MAPE Eb: 0.879
MAPE Rch: 1.099
--------------------------------------------------
**************************************************
Z=8, N=7, emax=8
RMSE Eb: 1.152
RMSE Rch: 0.014
MAPE Eb: 0.975
MAPE Rch: 0.666
--------------------------------------------------
**************************************************
Z=8, N=7, emax=10
RMSE Eb: 1.107
RMSE Rch: 0.012
MAPE Eb: 0.880
MAPE Rch: 0.714
--------------------------------------------------
**************************************************
Z=8, N=7, emax=6
RMSE Eb: 1.023
RMSE Rch: 0.011
MAPE Eb: 0.959
MAPE Rch: 0.522
--------------------------------------------------
**************************************************
Z=8, N=7, emax=4
RMSE Eb: 0.841
RMSE Rch: 0.011
MAPE Eb: 1.022
MAPE Rch: 0.555
--------------------------------------------------
**************************************************
Z=8, N=8, emax=4
RMSE Eb: 0.986
RMSE Rch: 0.012
MAPE Eb: 1.015
MAPE Rch: 0.330
--------------------------------------------------
**************************************************
Z=8, N=8, emax=8
RMSE Eb: 1.207
RMSE Rch: 0.018
MAPE Eb: 0.906
MAPE Rch: 0.521
--------------------------------------------------
**************************************************
Z=8, N=8, emax=6
RMSE Eb: 1.382
RMSE Rch: 0.011
MAPE Eb: 1.119
MAPE Rch: 0.331
--------------------------------------------------
**************************************************
Z=8, N=8, emax=10
RMSE Eb: 1.366
RMSE Rch: 0.012
MAPE Eb: 1.096
MAPE Rch: 0.408
--------------------------------------------------
**************************************************
Z=8, N=9, emax=8
RMSE Eb: 1.225
RMSE Rch: 0.014
MAPE Eb: 0.909
MAPE Rch: 0.389
--------------------------------------------------
**************************************************
Z=8, N=9, emax=6
RMSE Eb: 1.005
RMSE Rch: 0.010
MAPE Eb: 0.844
MAPE Rch: 0.277
--------------------------------------------------
**************************************************
Z=8, N=9, emax=4
RMSE Eb: 0.848
RMSE Rch: 0.011
MAPE Eb: 0.885
MAPE Rch: 0.321
--------------------------------------------------
**************************************************
Z=8, N=9, emax=10
RMSE Eb: 0.740
RMSE Rch: 0.006
MAPE Eb: 0.518
MAPE Rch: 0.178
--------------------------------------------------
**************************************************
Z=8, N=10, emax=4
RMSE Eb: 0.862
RMSE Rch: 0.008
MAPE Eb: 0.871
MAPE Rch: 0.214
--------------------------------------------------
**************************************************
Z=8, N=10, emax=10
RMSE Eb: 1.669
RMSE Rch: 0.011
MAPE Eb: 1.197
MAPE Rch: 0.324
--------------------------------------------------
**************************************************
Z=8, N=10, emax=6
RMSE Eb: 0.997
RMSE Rch: 0.010
MAPE Eb: 0.769
MAPE Rch: 0.280
--------------------------------------------------
**************************************************
Z=8, N=10, emax=8
RMSE Eb: 1.048
RMSE Rch: 0.007
MAPE Eb: 0.716
MAPE Rch: 0.218
--------------------------------------------------
**************************************************
Z=8, N=11, emax=4
RMSE Eb: 1.181
RMSE Rch: 0.009
MAPE Eb: 1.230
MAPE Rch: 0.242
--------------------------------------------------
**************************************************
Z=8, N=11, emax=6
RMSE Eb: 1.349
RMSE Rch: 0.009
MAPE Eb: 1.000
MAPE Rch: 0.290
--------------------------------------------------
**************************************************
Z=8, N=11, emax=8
RMSE Eb: 1.135
RMSE Rch: 0.013
MAPE Eb: 0.798
MAPE Rch: 0.359
--------------------------------------------------
**************************************************
Z=8, N=11, emax=10
RMSE Eb: 1.177
RMSE Rch: 0.012
MAPE Eb: 0.769
MAPE Rch: 0.369
--------------------------------------------------
**************************************************
Z=8, N=12, emax=6
RMSE Eb: 1.097
RMSE Rch: 0.009
MAPE Eb: 0.849
MAPE Rch: 0.246
--------------------------------------------------
**************************************************
Z=8, N=12, emax=4
RMSE Eb: 0.939
RMSE Rch: 0.010
MAPE Eb: 0.915
MAPE Rch: 0.248
--------------------------------------------------
**************************************************
Z=8, N=12, emax=8
RMSE Eb: 1.326
RMSE Rch: 0.011
MAPE Eb: 0.894
MAPE Rch: 0.283
--------------------------------------------------
**************************************************
Z=8, N=12, emax=10
RMSE Eb: 1.301
RMSE Rch: 0.023
MAPE Eb: 0.831
MAPE Rch: 0.740
--------------------------------------------------
**************************************************
Z=8, N=13, emax=8
RMSE Eb: 1.319
RMSE Rch: 0.016
MAPE Eb: 0.870
MAPE Rch: 0.451
--------------------------------------------------
**************************************************
Z=8, N=13, emax=4
RMSE Eb: 1.274
RMSE Rch: 0.010
MAPE Eb: 1.309
MAPE Rch: 0.274
--------------------------------------------------
**************************************************
Z=8, N=13, emax=10
RMSE Eb: 1.341
RMSE Rch: 0.010
MAPE Eb: 0.857
MAPE Rch: 0.296
--------------------------------------------------
**************************************************
Z=8, N=13, emax=6
RMSE Eb: 1.186
RMSE Rch: 0.009
MAPE Eb: 0.886
MAPE Rch: 0.254
--------------------------------------------------
**************************************************
Z=8, N=14, emax=8
RMSE Eb: 1.533
RMSE Rch: 0.017
MAPE Eb: 0.971
MAPE Rch: 0.418
--------------------------------------------------
**************************************************
Z=8, N=14, emax=4
RMSE Eb: 1.100
RMSE Rch: 0.010
MAPE Eb: 1.110
MAPE Rch: 0.273
--------------------------------------------------
**************************************************
Z=8, N=14, emax=6
RMSE Eb: 1.155
RMSE Rch: 0.009
MAPE Eb: 0.809
MAPE Rch: 0.225
--------------------------------------------------
**************************************************
Z=8, N=14, emax=10
RMSE Eb: 1.262
RMSE Rch: 0.017
MAPE Eb: 0.741
MAPE Rch: 0.524
--------------------------------------------------
**************************************************
Z=8, N=15, emax=8
RMSE Eb: 1.542
RMSE Rch: 0.011
MAPE Eb: 0.945
MAPE Rch: 0.316
--------------------------------------------------
**************************************************
Z=8, N=15, emax=4
RMSE Eb: 1.326
RMSE Rch: 0.011
MAPE Eb: 1.283
MAPE Rch: 0.289
--------------------------------------------------
**************************************************
Z=8, N=15, emax=6
RMSE Eb: 1.344
RMSE Rch: 0.009
MAPE Eb: 1.009
MAPE Rch: 0.263
--------------------------------------------------
**************************************************
Z=8, N=15, emax=10
RMSE Eb: 1.524
RMSE Rch: 0.013
MAPE Eb: 0.810
MAPE Rch: 0.382
--------------------------------------------------
**************************************************
Z=8, N=16, emax=8
RMSE Eb: 1.523
RMSE Rch: 0.011
MAPE Eb: 0.958
MAPE Rch: 0.310
--------------------------------------------------
**************************************************
Z=8, N=16, emax=6
RMSE Eb: 1.624
RMSE Rch: 0.010
MAPE Eb: 1.131
MAPE Rch: 0.270
--------------------------------------------------
**************************************************
Z=8, N=16, emax=10
RMSE Eb: 1.301
RMSE Rch: 0.014
MAPE Eb: 0.747
MAPE Rch: 0.365
--------------------------------------------------
**************************************************
Z=8, N=16, emax=4
RMSE Eb: 1.224
RMSE Rch: 0.011
MAPE Eb: 1.299
MAPE Rch: 0.299
--------------------------------------------------
Finished VAL for AE n=292
**************************************************
Z=8, N=4, emax=6
RMSE Eb: 0.811
RMSE Rch: 0.015
MAPE Eb: 1.506
MAPE Rch: 0.708
--------------------------------------------------
**************************************************
Z=8, N=4, emax=8
RMSE Eb: 1.199
RMSE Rch: 0.019
MAPE Eb: 2.012
MAPE Rch: 0.880
--------------------------------------------------
**************************************************
Z=8, N=4, emax=4
RMSE Eb: 1.055
RMSE Rch: 0.009
MAPE Eb: 2.792
MAPE Rch: 0.379
--------------------------------------------------
**************************************************
Z=8, N=4, emax=10
RMSE Eb: 1.222
RMSE Rch: 0.040
MAPE Eb: 1.863
MAPE Rch: 2.172
--------------------------------------------------
**************************************************
Z=8, N=5, emax=4
RMSE Eb: 0.757
RMSE Rch: 0.009
MAPE Eb: 1.563
MAPE Rch: 0.388
--------------------------------------------------
**************************************************
Z=8, N=5, emax=8
RMSE Eb: 1.183
RMSE Rch: 0.020
MAPE Eb: 1.410
MAPE Rch: 0.985
--------------------------------------------------
**************************************************
Z=8, N=5, emax=6
RMSE Eb: 0.935
RMSE Rch: 0.015
MAPE Eb: 1.317
MAPE Rch: 0.717
--------------------------------------------------
**************************************************
Z=8, N=5, emax=10
RMSE Eb: 1.962
RMSE Rch: 0.018
MAPE Eb: 2.376
MAPE Rch: 1.006
--------------------------------------------------
**************************************************
Z=8, N=6, emax=4
RMSE Eb: 0.815
RMSE Rch: 0.010
MAPE Eb: 1.177
MAPE Rch: 0.456
--------------------------------------------------
**************************************************
Z=8, N=6, emax=8
RMSE Eb: 1.420
RMSE Rch: 0.021
MAPE Eb: 1.313
MAPE Rch: 0.875
--------------------------------------------------
**************************************************
Z=8, N=6, emax=6
RMSE Eb: 0.895
RMSE Rch: 0.015
MAPE Eb: 0.920
MAPE Rch: 0.651
--------------------------------------------------
**************************************************
Z=8, N=6, emax=10
RMSE Eb: 1.146
RMSE Rch: 0.011
MAPE Eb: 1.150
MAPE Rch: 0.618
--------------------------------------------------
**************************************************
Z=8, N=7, emax=4
RMSE Eb: 0.885
RMSE Rch: 0.011
MAPE Eb: 1.038
MAPE Rch: 0.537
--------------------------------------------------
**************************************************
Z=8, N=7, emax=8
RMSE Eb: 1.273
RMSE Rch: 0.013
MAPE Eb: 0.986
MAPE Rch: 0.696
--------------------------------------------------
**************************************************
Z=8, N=7, emax=6
RMSE Eb: 1.135
RMSE Rch: 0.011
MAPE Eb: 1.098
MAPE Rch: 0.593
--------------------------------------------------
**************************************************
Z=8, N=7, emax=10
RMSE Eb: 1.382
RMSE Rch: 0.014
MAPE Eb: 1.220
MAPE Rch: 0.760
--------------------------------------------------
**************************************************
Z=8, N=8, emax=4
RMSE Eb: 0.766
RMSE Rch: 0.012
MAPE Eb: 0.777
MAPE Rch: 0.300
--------------------------------------------------
**************************************************
Z=8, N=8, emax=6
RMSE Eb: 1.134
RMSE Rch: 0.012
MAPE Eb: 0.946
MAPE Rch: 0.348
--------------------------------------------------
**************************************************
Z=8, N=8, emax=8
RMSE Eb: 1.173
RMSE Rch: 0.016
MAPE Eb: 0.863
MAPE Rch: 0.467
--------------------------------------------------
**************************************************
Z=8, N=8, emax=10
RMSE Eb: 1.755
RMSE Rch: 0.014
MAPE Eb: 1.449
MAPE Rch: 0.469
--------------------------------------------------
**************************************************
Z=8, N=9, emax=4
RMSE Eb: 0.831
RMSE Rch: 0.008
MAPE Eb: 0.916
MAPE Rch: 0.229
--------------------------------------------------
**************************************************
Z=8, N=9, emax=8
RMSE Eb: 1.362
RMSE Rch: 0.012
MAPE Eb: 0.932
MAPE Rch: 0.339
--------------------------------------------------
**************************************************
Z=8, N=9, emax=6
RMSE Eb: 1.053
RMSE Rch: 0.010
MAPE Eb: 0.866
MAPE Rch: 0.287
--------------------------------------------------
**************************************************
Z=8, N=9, emax=10
RMSE Eb: 0.996
RMSE Rch: 0.010
MAPE Eb: 0.771
MAPE Rch: 0.320
--------------------------------------------------
**************************************************
Z=8, N=10, emax=4
RMSE Eb: 0.967
RMSE Rch: 0.008
MAPE Eb: 0.979
MAPE Rch: 0.212
--------------------------------------------------
**************************************************
Z=8, N=10, emax=6
RMSE Eb: 0.866
RMSE Rch: 0.010
MAPE Eb: 0.642
MAPE Rch: 0.274
--------------------------------------------------
**************************************************
Z=8, N=10, emax=8
RMSE Eb: 1.073
RMSE Rch: 0.009
MAPE Eb: 0.727
MAPE Rch: 0.239
--------------------------------------------------
**************************************************
Z=8, N=10, emax=10
RMSE Eb: 1.586
RMSE Rch: 0.010
MAPE Eb: 1.089
MAPE Rch: 0.310
--------------------------------------------------
**************************************************
Z=8, N=11, emax=8
RMSE Eb: 1.234
RMSE Rch: 0.013
MAPE Eb: 0.886
MAPE Rch: 0.346
--------------------------------------------------
**************************************************
Z=8, N=11, emax=4
RMSE Eb: 1.173
RMSE Rch: 0.008
MAPE Eb: 1.272
MAPE Rch: 0.225
--------------------------------------------------
**************************************************
Z=8, N=11, emax=6
RMSE Eb: 1.207
RMSE Rch: 0.010
MAPE Eb: 0.996
MAPE Rch: 0.282
--------------------------------------------------
**************************************************
Z=8, N=11, emax=10
RMSE Eb: 1.352
RMSE Rch: 0.014
MAPE Eb: 0.927
MAPE Rch: 0.420
--------------------------------------------------
**************************************************
Z=8, N=12, emax=6
RMSE Eb: 1.023
RMSE Rch: 0.009
MAPE Eb: 0.758
MAPE Rch: 0.252
--------------------------------------------------
**************************************************
Z=8, N=12, emax=8
RMSE Eb: 1.421
RMSE Rch: 0.012
MAPE Eb: 0.920
MAPE Rch: 0.315
--------------------------------------------------
**************************************************
Z=8, N=12, emax=4
RMSE Eb: 0.990
RMSE Rch: 0.009
MAPE Eb: 1.000
MAPE Rch: 0.241
--------------------------------------------------
**************************************************
Z=8, N=12, emax=10
RMSE Eb: 1.472
RMSE Rch: 0.018
MAPE Eb: 0.953
MAPE Rch: 0.582
--------------------------------------------------
**************************************************
Z=8, N=13, emax=8
RMSE Eb: 1.175
RMSE Rch: 0.014
MAPE Eb: 0.734
MAPE Rch: 0.413
--------------------------------------------------
**************************************************
Z=8, N=13, emax=4
RMSE Eb: 1.029
RMSE Rch: 0.010
MAPE Eb: 1.122
MAPE Rch: 0.276
--------------------------------------------------
**************************************************
Z=8, N=13, emax=6
RMSE Eb: 1.153
RMSE Rch: 0.009
MAPE Eb: 0.844
MAPE Rch: 0.237
--------------------------------------------------
**************************************************
Z=8, N=13, emax=10
RMSE Eb: 1.213
RMSE Rch: 0.010
MAPE Eb: 0.729
MAPE Rch: 0.288
--------------------------------------------------
**************************************************
Z=8, N=14, emax=6
RMSE Eb: 1.169
RMSE Rch: 0.011
MAPE Eb: 0.830
MAPE Rch: 0.298
--------------------------------------------------
**************************************************
Z=8, N=14, emax=10
RMSE Eb: 1.524
RMSE Rch: 0.022
MAPE Eb: 0.883
MAPE Rch: 0.649
--------------------------------------------------
**************************************************
Z=8, N=14, emax=4
RMSE Eb: 1.249
RMSE Rch: 0.009
MAPE Eb: 1.243
MAPE Rch: 0.226
--------------------------------------------------
**************************************************
Z=8, N=14, emax=8
RMSE Eb: 1.371
RMSE Rch: 0.012
MAPE Eb: 0.837
MAPE Rch: 0.331
--------------------------------------------------
**************************************************
Z=8, N=15, emax=8
RMSE Eb: 1.437
RMSE Rch: 0.011
MAPE Eb: 0.842
MAPE Rch: 0.331
--------------------------------------------------
**************************************************
Z=8, N=15, emax=6
RMSE Eb: 1.529
RMSE Rch: 0.010
MAPE Eb: 1.104
MAPE Rch: 0.276
--------------------------------------------------
**************************************************
Z=8, N=15, emax=4
RMSE Eb: 1.156
RMSE Rch: 0.010
MAPE Eb: 1.232
MAPE Rch: 0.258
--------------------------------------------------
**************************************************
Z=8, N=15, emax=10
RMSE Eb: 1.425
RMSE Rch: 0.012
MAPE Eb: 0.837
MAPE Rch: 0.331
--------------------------------------------------
**************************************************
Z=8, N=16, emax=4
RMSE Eb: 1.556
RMSE Rch: 0.012
MAPE Eb: 1.582
MAPE Rch: 0.304
--------------------------------------------------
**************************************************
Z=8, N=16, emax=8
RMSE Eb: 1.825
RMSE Rch: 0.009
MAPE Eb: 1.113
MAPE Rch: 0.247
--------------------------------------------------
**************************************************
Z=8, N=16, emax=6
RMSE Eb: 1.825
RMSE Rch: 0.011
MAPE Eb: 1.301
MAPE Rch: 0.303
--------------------------------------------------
**************************************************
Z=8, N=16, emax=10
RMSE Eb: 1.937
RMSE Rch: 0.011
MAPE Eb: 1.042
MAPE Rch: 0.347
--------------------------------------------------
