Activated conda environment
[DataLoader] Found 13 files matching the pattern.
[DataLoader] Combined data shape: (17234, 35)
[Preprocess] Data split => train: (11029, 35), val: (2758, 35), test: (3447, 35)
[Preprocess] Processed fidelity 4 (index 0): 3758 samples.
[Preprocess] Processed fidelity 6 (index 1): 3346 samples.
[Preprocess] Processed fidelity 8 (index 2): 3194 samples.
[Preprocess] Processed fidelity 10 (index 3): 731 samples.
[Preprocess] Processed fidelity 4 (index 0): 949 samples.
[Preprocess] Processed fidelity 6 (index 1): 833 samples.
[Preprocess] Processed fidelity 8 (index 2): 801 samples.
[Preprocess] Processed fidelity 10 (index 3): 175 samples.
Fidelity levels: [4, 6, 8, 10]
[Trainer] Starting BNN training...
[Trainer] No improvement. Iteration 9000. Early stopping counter: 1, LR counter: 1
[Trainer] No improvement. Iteration 9500. Early stopping counter: 1, LR counter: 1
[Trainer] No improvement. Iteration 9700. Early stopping counter: 1, LR counter: 1
[Trainer] No improvement. Iteration 9800. Early stopping counter: 2, LR counter: 2
[Trainer] No improvement. Iteration 9900. Early stopping counter: 3, LR counter: 3
[Trainer] No improvement. Iteration 10000. Early stopping counter: 4, LR counter: 4
[Trainer] No improvement. Iteration 10100. Early stopping counter: 5, LR counter: 5
[Trainer] No improvement. Iteration 10200. Early stopping counter: 6, LR counter: 6
[Trainer] No improvement. Iteration 10300. Early stopping counter: 7, LR counter: 7
[Trainer] No improvement. Iteration 10400. Early stopping counter: 8, LR counter: 8
[Trainer] No improvement. Iteration 10500. Early stopping counter: 9, LR counter: 9
[Trainer] No improvement. Iteration 10900. Early stopping counter: 1, LR counter: 1
[Trainer] No improvement. Iteration 11100. Early stopping counter: 1, LR counter: 1
[Trainer] No improvement. Iteration 11200. Early stopping counter: 2, LR counter: 2
[Trainer] No improvement. Iteration 11400. Early stopping counter: 1, LR counter: 1
[Trainer] No improvement. Iteration 11600. Early stopping counter: 1, LR counter: 1
[Trainer] No improvement. Iteration 11700. Early stopping counter: 2, LR counter: 2
[Trainer] No improvement. Iteration 11800. Early stopping counter: 3, LR counter: 3
[Trainer] No improvement. Iteration 11900. Early stopping counter: 4, LR counter: 4
[Trainer] No improvement. Iteration 12000. Early stopping counter: 5, LR counter: 5
[Trainer] No improvement. Iteration 12100. Early stopping counter: 6, LR counter: 6
[Trainer] No improvement. Iteration 12200. Early stopping counter: 7, LR counter: 7
[Trainer] No improvement. Iteration 12300. Early stopping counter: 8, LR counter: 8
[Trainer] No improvement. Iteration 12400. Early stopping counter: 9, LR counter: 9
[Trainer] No improvement. Iteration 12500. Early stopping counter: 10, LR counter: 10
[Trainer] No improvement. Iteration 12700. Early stopping counter: 1, LR counter: 1
[Trainer] No improvement. Iteration 12800. Early stopping counter: 2, LR counter: 2
[Trainer] No improvement. Iteration 12900. Early stopping counter: 3, LR counter: 3
[Trainer] No improvement. Iteration 13000. Early stopping counter: 4, LR counter: 4
[Trainer] No improvement. Iteration 13100. Early stopping counter: 5, LR counter: 5
[Trainer] No improvement. Iteration 13200. Early stopping counter: 6, LR counter: 6
[Trainer] No improvement. Iteration 13300. Early stopping counter: 7, LR counter: 7
[Trainer] No improvement. Iteration 13400. Early stopping counter: 8, LR counter: 8
[Trainer] No improvement. Iteration 13500. Early stopping counter: 9, LR counter: 9
[Trainer] No improvement. Iteration 13600. Early stopping counter: 10, LR counter: 10
[Trainer] No improvement. Iteration 13700. Early stopping counter: 11, LR counter: 11
[Trainer] No improvement. Iteration 13800. Early stopping counter: 12, LR counter: 12
[Trainer] No improvement. Iteration 13900. Early stopping counter: 13, LR counter: 13
[Trainer] No improvement. Iteration 14000. Early stopping counter: 14, LR counter: 14
[Trainer] No improvement. Iteration 14100. Early stopping counter: 15, LR counter: 15
[Trainer] No improvement. Iteration 14200. Early stopping counter: 16, LR counter: 16
[Trainer] No improvement. Iteration 14300. Early stopping counter: 17, LR counter: 17
[Trainer] No improvement. Iteration 14400. Early stopping counter: 18, LR counter: 18
[Trainer] No improvement. Iteration 14500. Early stopping counter: 19, LR counter: 19
[Trainer] No improvement. Iteration 14600. Early stopping counter: 20, LR counter: 20
[Trainer] No improvement. Iteration 14700. Early stopping counter: 21, LR counter: 21
[Trainer] No improvement. Iteration 14800. Early stopping counter: 22, LR counter: 22
[Trainer] No improvement. Iteration 14900. Early stopping counter: 23, LR counter: 23
[Trainer] No improvement. Iteration 15000. Early stopping counter: 24, LR counter: 24
[Trainer] No improvement. Iteration 15100. Early stopping counter: 25, LR counter: 25
[Trainer] Learning rate reduced to: 0.000010
[Trainer] No improvement. Iteration 15200. Early stopping counter: 26, LR counter: 1
[Trainer] No improvement. Iteration 15300. Early stopping counter: 27, LR counter: 2
[Trainer] No improvement. Iteration 15400. Early stopping counter: 28, LR counter: 3
[Trainer] No improvement. Iteration 15500. Early stopping counter: 29, LR counter: 4
[Trainer] No improvement. Iteration 15600. Early stopping counter: 30, LR counter: 5
[Trainer] No improvement. Iteration 15700. Early stopping counter: 31, LR counter: 6
[Trainer] No improvement. Iteration 15800. Early stopping counter: 32, LR counter: 7
[Trainer] No improvement. Iteration 15900. Early stopping counter: 33, LR counter: 8
[Trainer] No improvement. Iteration 16000. Early stopping counter: 34, LR counter: 9
[Trainer] No improvement. Iteration 16100. Early stopping counter: 35, LR counter: 10
[Trainer] No improvement. Iteration 16200. Early stopping counter: 36, LR counter: 11
[Trainer] No improvement. Iteration 16300. Early stopping counter: 37, LR counter: 12
[Trainer] No improvement. Iteration 16400. Early stopping counter: 38, LR counter: 13
[Trainer] No improvement. Iteration 16500. Early stopping counter: 39, LR counter: 14
[Trainer] No improvement. Iteration 16600. Early stopping counter: 40, LR counter: 15
[Trainer] No improvement. Iteration 16700. Early stopping counter: 41, LR counter: 16
[Trainer] No improvement. Iteration 16800. Early stopping counter: 42, LR counter: 17
[Trainer] No improvement. Iteration 16900. Early stopping counter: 43, LR counter: 18
[Trainer] No improvement. Iteration 17000. Early stopping counter: 44, LR counter: 19
[Trainer] No improvement. Iteration 17100. Early stopping counter: 45, LR counter: 20
[Trainer] No improvement. Iteration 17200. Early stopping counter: 46, LR counter: 21
[Trainer] No improvement. Iteration 17300. Early stopping counter: 47, LR counter: 22
[Trainer] No improvement. Iteration 17400. Early stopping counter: 48, LR counter: 23
[Trainer] No improvement. Iteration 17500. Early stopping counter: 49, LR counter: 24
[Trainer] No improvement. Iteration 17600. Early stopping counter: 50, LR counter: 25
[Trainer] Learning rate reduced to: 0.000001
[Trainer] Early stopping triggered.
[Trainer] Training completed.
[Trainer] Calibrating temperatures on validation set...
[Trainer] Temperature calibration finished. Calibrated temperatures: {4: 1.7417635917663574, 6: 1.3447706699371338, 8: 1.3619964122772217, 10: 1.7475758790969849}
[Trainer] BNN training completed.
**************************************************
Z=8, N=4, emax=4
RMSE Eb: 0.673
RMSE Rch: 0.006
MAPE Eb: 1.949
MAPE Rch: 0.277
--------------------------------------------------
**************************************************
Z=8, N=4, emax=10
RMSE Eb: 1.481
RMSE Rch: 0.045
MAPE Eb: 2.083
MAPE Rch: 2.118
--------------------------------------------------
**************************************************
Z=8, N=4, emax=6
RMSE Eb: 0.655
RMSE Rch: 0.009
MAPE Eb: 1.209
MAPE Rch: 0.432
--------------------------------------------------
**************************************************
Z=8, N=4, emax=8
RMSE Eb: 1.029
RMSE Rch: 0.013
MAPE Eb: 1.697
MAPE Rch: 0.632
--------------------------------------------------
**************************************************
Z=8, N=5, emax=8
RMSE Eb: 1.139
RMSE Rch: 0.012
MAPE Eb: 1.420
MAPE Rch: 0.565
--------------------------------------------------
**************************************************
Z=8, N=5, emax=6
RMSE Eb: 0.675
RMSE Rch: 0.007
MAPE Eb: 0.982
MAPE Rch: 0.331
--------------------------------------------------
**************************************************
Z=8, N=5, emax=4
RMSE Eb: 0.614
RMSE Rch: 0.005
MAPE Eb: 1.217
MAPE Rch: 0.244
--------------------------------------------------
**************************************************
Z=8, N=5, emax=10
RMSE Eb: 0.915
RMSE Rch: 0.018
MAPE Eb: 1.343
MAPE Rch: 0.908
--------------------------------------------------
**************************************************
Z=8, N=6, emax=4
RMSE Eb: 0.754
RMSE Rch: 0.006
MAPE Eb: 1.105
MAPE Rch: 0.275
--------------------------------------------------
**************************************************
Z=8, N=6, emax=6
RMSE Eb: 0.882
RMSE Rch: 0.007
MAPE Eb: 0.933
MAPE Rch: 0.317
--------------------------------------------------
**************************************************
Z=8, N=6, emax=8
RMSE Eb: 1.533
RMSE Rch: 0.012
MAPE Eb: 1.400
MAPE Rch: 0.521
--------------------------------------------------
**************************************************
Z=8, N=6, emax=10
RMSE Eb: 1.399
RMSE Rch: 0.017
MAPE Eb: 1.355
MAPE Rch: 0.741
--------------------------------------------------
**************************************************
Z=8, N=7, emax=8
RMSE Eb: 1.405
RMSE Rch: 0.011
MAPE Eb: 1.252
MAPE Rch: 0.611
--------------------------------------------------
**************************************************
Z=8, N=7, emax=10
RMSE Eb: 1.810
RMSE Rch: 0.013
MAPE Eb: 1.216
MAPE Rch: 0.705
--------------------------------------------------
**************************************************
Z=8, N=7, emax=6
RMSE Eb: 1.023
RMSE Rch: 0.008
MAPE Eb: 0.934
MAPE Rch: 0.369
--------------------------------------------------
**************************************************
Z=8, N=7, emax=4
RMSE Eb: 0.795
RMSE Rch: 0.009
MAPE Eb: 0.956
MAPE Rch: 0.372
--------------------------------------------------
**************************************************
Z=8, N=8, emax=4
RMSE Eb: 0.766
RMSE Rch: 0.006
MAPE Eb: 0.883
MAPE Rch: 0.167
--------------------------------------------------
**************************************************
Z=8, N=8, emax=8
RMSE Eb: 1.342
RMSE Rch: 0.010
MAPE Eb: 1.052
MAPE Rch: 0.273
--------------------------------------------------
**************************************************
Z=8, N=8, emax=6
RMSE Eb: 0.826
RMSE Rch: 0.007
MAPE Eb: 0.629
MAPE Rch: 0.198
--------------------------------------------------
**************************************************
Z=8, N=8, emax=10
RMSE Eb: 1.976
RMSE Rch: 0.013
MAPE Eb: 1.346
MAPE Rch: 0.428
--------------------------------------------------
**************************************************
Z=8, N=9, emax=8
RMSE Eb: 1.227
RMSE Rch: 0.007
MAPE Eb: 0.948
MAPE Rch: 0.199
--------------------------------------------------
**************************************************
Z=8, N=9, emax=6
RMSE Eb: 0.675
RMSE Rch: 0.006
MAPE Eb: 0.602
MAPE Rch: 0.171
--------------------------------------------------
**************************************************
Z=8, N=9, emax=4
RMSE Eb: 0.780
RMSE Rch: 0.007
MAPE Eb: 0.888
MAPE Rch: 0.186
--------------------------------------------------
**************************************************
Z=8, N=9, emax=10
RMSE Eb: 0.929
RMSE Rch: 0.007
MAPE Eb: 0.632
MAPE Rch: 0.204
--------------------------------------------------
**************************************************
Z=8, N=10, emax=4
RMSE Eb: 0.575
RMSE Rch: 0.005
MAPE Eb: 0.587
MAPE Rch: 0.145
--------------------------------------------------
**************************************************
Z=8, N=10, emax=10
RMSE Eb: 1.270
RMSE Rch: 0.005
MAPE Eb: 0.877
MAPE Rch: 0.152
--------------------------------------------------
**************************************************
Z=8, N=10, emax=6
RMSE Eb: 0.648
RMSE Rch: 0.006
MAPE Eb: 0.519
MAPE Rch: 0.160
--------------------------------------------------
**************************************************
Z=8, N=10, emax=8
RMSE Eb: 1.279
RMSE Rch: 0.007
MAPE Eb: 0.973
MAPE Rch: 0.202
--------------------------------------------------
**************************************************
Z=8, N=11, emax=4
RMSE Eb: 0.692
RMSE Rch: 0.006
MAPE Eb: 0.724
MAPE Rch: 0.169
--------------------------------------------------
**************************************************
Z=8, N=11, emax=6
RMSE Eb: 0.611
RMSE Rch: 0.006
MAPE Eb: 0.485
MAPE Rch: 0.175
--------------------------------------------------
**************************************************
Z=8, N=11, emax=8
RMSE Eb: 1.153
RMSE Rch: 0.008
MAPE Eb: 0.889
MAPE Rch: 0.252
--------------------------------------------------
**************************************************
Z=8, N=11, emax=10
RMSE Eb: 0.806
RMSE Rch: 0.005
MAPE Eb: 0.563
MAPE Rch: 0.139
--------------------------------------------------
**************************************************
Z=8, N=12, emax=6
RMSE Eb: 0.721
RMSE Rch: 0.004
MAPE Eb: 0.547
MAPE Rch: 0.135
--------------------------------------------------
**************************************************
Z=8, N=12, emax=4
RMSE Eb: 0.664
RMSE Rch: 0.005
MAPE Eb: 0.678
MAPE Rch: 0.156
--------------------------------------------------
**************************************************
Z=8, N=12, emax=8
RMSE Eb: 1.293
RMSE Rch: 0.007
MAPE Eb: 0.966
MAPE Rch: 0.194
--------------------------------------------------
**************************************************
Z=8, N=12, emax=10
RMSE Eb: 1.080
RMSE Rch: 0.008
MAPE Eb: 0.783
MAPE Rch: 0.175
--------------------------------------------------
**************************************************
Z=8, N=13, emax=8
RMSE Eb: 1.226
RMSE Rch: 0.006
MAPE Eb: 0.855
MAPE Rch: 0.178
--------------------------------------------------
**************************************************
Z=8, N=13, emax=4
RMSE Eb: 0.684
RMSE Rch: 0.007
MAPE Eb: 0.670
MAPE Rch: 0.205
--------------------------------------------------
**************************************************
Z=8, N=13, emax=10
RMSE Eb: 0.969
RMSE Rch: 0.010
MAPE Eb: 0.622
MAPE Rch: 0.243
--------------------------------------------------
**************************************************
Z=8, N=13, emax=6
RMSE Eb: 0.725
RMSE Rch: 0.004
MAPE Eb: 0.542
MAPE Rch: 0.122
--------------------------------------------------
**************************************************
Z=8, N=14, emax=8
RMSE Eb: 1.589
RMSE Rch: 0.011
MAPE Eb: 1.064
MAPE Rch: 0.271
--------------------------------------------------
**************************************************
Z=8, N=14, emax=4
RMSE Eb: 0.708
RMSE Rch: 0.007
MAPE Eb: 0.705
MAPE Rch: 0.183
--------------------------------------------------
**************************************************
Z=8, N=14, emax=6
RMSE Eb: 0.639
RMSE Rch: 0.005
MAPE Eb: 0.447
MAPE Rch: 0.134
--------------------------------------------------
**************************************************
Z=8, N=14, emax=10
RMSE Eb: 1.124
RMSE Rch: 0.014
MAPE Eb: 0.710
MAPE Rch: 0.423
--------------------------------------------------
**************************************************
Z=8, N=15, emax=8
RMSE Eb: 1.313
RMSE Rch: 0.008
MAPE Eb: 0.871
MAPE Rch: 0.220
--------------------------------------------------
**************************************************
Z=8, N=15, emax=4
RMSE Eb: 0.661
RMSE Rch: 0.006
MAPE Eb: 0.645
MAPE Rch: 0.165
--------------------------------------------------
**************************************************
Z=8, N=15, emax=6
RMSE Eb: 0.756
RMSE Rch: 0.005
MAPE Eb: 0.562
MAPE Rch: 0.150
--------------------------------------------------
**************************************************
Z=8, N=15, emax=10
RMSE Eb: 1.113
RMSE Rch: 0.009
MAPE Eb: 0.726
MAPE Rch: 0.261
--------------------------------------------------
**************************************************
Z=8, N=16, emax=8
RMSE Eb: 1.423
RMSE Rch: 0.007
MAPE Eb: 0.925
MAPE Rch: 0.211
--------------------------------------------------
**************************************************
Z=8, N=16, emax=6
RMSE Eb: 0.746
RMSE Rch: 0.006
MAPE Eb: 0.528
MAPE Rch: 0.163
--------------------------------------------------
**************************************************
Z=8, N=16, emax=10
RMSE Eb: 1.473
RMSE Rch: 0.008
MAPE Eb: 0.870
MAPE Rch: 0.243
--------------------------------------------------
**************************************************
Z=8, N=16, emax=4
RMSE Eb: 0.785
RMSE Rch: 0.005
MAPE Eb: 0.762
MAPE Rch: 0.137
--------------------------------------------------
Finished VAL for AE n=487
**************************************************
Z=8, N=4, emax=6
RMSE Eb: 0.719
RMSE Rch: 0.008
MAPE Eb: 1.247
MAPE Rch: 0.343
--------------------------------------------------
**************************************************
Z=8, N=4, emax=8
RMSE Eb: 1.034
RMSE Rch: 0.014
MAPE Eb: 1.772
MAPE Rch: 0.685
--------------------------------------------------
**************************************************
Z=8, N=4, emax=4
RMSE Eb: 0.678
RMSE Rch: 0.007
MAPE Eb: 1.865
MAPE Rch: 0.300
--------------------------------------------------
**************************************************
Z=8, N=4, emax=10
RMSE Eb: 1.178
RMSE Rch: 0.028
MAPE Eb: 1.873
MAPE Rch: 1.502
--------------------------------------------------
**************************************************
Z=8, N=5, emax=4
RMSE Eb: 0.745
RMSE Rch: 0.005
MAPE Eb: 1.452
MAPE Rch: 0.248
--------------------------------------------------
**************************************************
Z=8, N=5, emax=8
RMSE Eb: 1.096
RMSE Rch: 0.009
MAPE Eb: 1.438
MAPE Rch: 0.457
--------------------------------------------------
**************************************************
Z=8, N=5, emax=6
RMSE Eb: 0.847
RMSE Rch: 0.006
MAPE Eb: 1.284
MAPE Rch: 0.327
--------------------------------------------------
**************************************************
Z=8, N=5, emax=10
RMSE Eb: 2.169
RMSE Rch: 0.018
MAPE Eb: 2.544
MAPE Rch: 0.971
--------------------------------------------------
**************************************************
Z=8, N=6, emax=4
RMSE Eb: 0.757
RMSE Rch: 0.007
MAPE Eb: 1.060
MAPE Rch: 0.295
--------------------------------------------------
**************************************************
Z=8, N=6, emax=8
RMSE Eb: 1.485
RMSE Rch: 0.014
MAPE Eb: 1.442
MAPE Rch: 0.638
--------------------------------------------------
**************************************************
Z=8, N=6, emax=6
RMSE Eb: 0.860
RMSE Rch: 0.007
MAPE Eb: 0.950
MAPE Rch: 0.347
--------------------------------------------------
**************************************************
Z=8, N=6, emax=10
RMSE Eb: 1.027
RMSE Rch: 0.013
MAPE Eb: 0.954
MAPE Rch: 0.553
--------------------------------------------------
**************************************************
Z=8, N=7, emax=4
RMSE Eb: 0.880
RMSE Rch: 0.008
MAPE Eb: 1.075
MAPE Rch: 0.396
--------------------------------------------------
**************************************************
Z=8, N=7, emax=8
RMSE Eb: 1.427
RMSE Rch: 0.010
MAPE Eb: 1.178
MAPE Rch: 0.543
--------------------------------------------------
**************************************************
Z=8, N=7, emax=6
RMSE Eb: 0.841
RMSE Rch: 0.007
MAPE Eb: 0.791
MAPE Rch: 0.353
--------------------------------------------------
**************************************************
Z=8, N=7, emax=10
RMSE Eb: 1.263
RMSE Rch: 0.019
MAPE Eb: 1.093
MAPE Rch: 0.914
--------------------------------------------------
**************************************************
Z=8, N=8, emax=4
RMSE Eb: 0.709
RMSE Rch: 0.007
MAPE Eb: 0.737
MAPE Rch: 0.186
--------------------------------------------------
**************************************************
Z=8, N=8, emax=6
RMSE Eb: 0.892
RMSE Rch: 0.007
MAPE Eb: 0.741
MAPE Rch: 0.215
--------------------------------------------------
**************************************************
Z=8, N=8, emax=8
RMSE Eb: 1.239
RMSE Rch: 0.010
MAPE Eb: 0.988
MAPE Rch: 0.271
--------------------------------------------------
**************************************************
Z=8, N=8, emax=10
RMSE Eb: 0.897
RMSE Rch: 0.014
MAPE Eb: 0.680
MAPE Rch: 0.427
--------------------------------------------------
**************************************************
Z=8, N=9, emax=4
RMSE Eb: 0.762
RMSE Rch: 0.007
MAPE Eb: 0.785
MAPE Rch: 0.196
--------------------------------------------------
**************************************************
Z=8, N=9, emax=8
RMSE Eb: 1.102
RMSE Rch: 0.008
MAPE Eb: 0.863
MAPE Rch: 0.238
--------------------------------------------------
**************************************************
Z=8, N=9, emax=6
RMSE Eb: 0.632
RMSE Rch: 0.006
MAPE Eb: 0.525
MAPE Rch: 0.159
--------------------------------------------------
**************************************************
Z=8, N=9, emax=10
RMSE Eb: 0.824
RMSE Rch: 0.006
MAPE Eb: 0.623
MAPE Rch: 0.189
--------------------------------------------------
**************************************************
Z=8, N=10, emax=4
RMSE Eb: 0.763
RMSE Rch: 0.006
MAPE Eb: 0.813
MAPE Rch: 0.164
--------------------------------------------------
**************************************************
Z=8, N=10, emax=6
RMSE Eb: 0.537
RMSE Rch: 0.006
MAPE Eb: 0.439
MAPE Rch: 0.168
--------------------------------------------------
**************************************************
Z=8, N=10, emax=8
RMSE Eb: 1.168
RMSE Rch: 0.007
MAPE Eb: 0.921
MAPE Rch: 0.204
--------------------------------------------------
**************************************************
Z=8, N=10, emax=10
RMSE Eb: 0.940
RMSE Rch: 0.010
MAPE Eb: 0.720
MAPE Rch: 0.309
--------------------------------------------------
**************************************************
Z=8, N=11, emax=8
RMSE Eb: 1.019
RMSE Rch: 0.007
MAPE Eb: 0.772
MAPE Rch: 0.222
--------------------------------------------------
**************************************************
Z=8, N=11, emax=4
RMSE Eb: 0.635
RMSE Rch: 0.007
MAPE Eb: 0.690
MAPE Rch: 0.190
--------------------------------------------------
**************************************************
Z=8, N=11, emax=6
RMSE Eb: 0.558
RMSE Rch: 0.006
MAPE Eb: 0.452
MAPE Rch: 0.181
--------------------------------------------------
**************************************************
Z=8, N=11, emax=10
RMSE Eb: 1.182
RMSE Rch: 0.006
MAPE Eb: 0.753
MAPE Rch: 0.152
--------------------------------------------------
**************************************************
Z=8, N=12, emax=6
RMSE Eb: 0.693
RMSE Rch: 0.005
MAPE Eb: 0.530
MAPE Rch: 0.149
--------------------------------------------------
**************************************************
Z=8, N=12, emax=8
RMSE Eb: 1.239
RMSE Rch: 0.007
MAPE Eb: 0.915
MAPE Rch: 0.200
--------------------------------------------------
**************************************************
Z=8, N=12, emax=4
RMSE Eb: 0.589
RMSE Rch: 0.005
MAPE Eb: 0.559
MAPE Rch: 0.147
--------------------------------------------------
**************************************************
Z=8, N=12, emax=10
RMSE Eb: 0.992
RMSE Rch: 0.006
MAPE Eb: 0.716
MAPE Rch: 0.183
--------------------------------------------------
**************************************************
Z=8, N=13, emax=8
RMSE Eb: 1.144
RMSE Rch: 0.007
MAPE Eb: 0.809
MAPE Rch: 0.213
--------------------------------------------------
**************************************************
Z=8, N=13, emax=4
RMSE Eb: 0.714
RMSE Rch: 0.006
MAPE Eb: 0.694
MAPE Rch: 0.163
--------------------------------------------------
**************************************************
Z=8, N=13, emax=6
RMSE Eb: 0.614
RMSE Rch: 0.005
MAPE Eb: 0.456
MAPE Rch: 0.143
--------------------------------------------------
**************************************************
Z=8, N=13, emax=10
RMSE Eb: 0.926
RMSE Rch: 0.016
MAPE Eb: 0.625
MAPE Rch: 0.301
--------------------------------------------------
**************************************************
Z=8, N=14, emax=6
RMSE Eb: 0.684
RMSE Rch: 0.005
MAPE Eb: 0.471
MAPE Rch: 0.154
--------------------------------------------------
**************************************************
Z=8, N=14, emax=10
RMSE Eb: 1.042
RMSE Rch: 0.011
MAPE Eb: 0.648
MAPE Rch: 0.374
--------------------------------------------------
**************************************************
Z=8, N=14, emax=4
RMSE Eb: 0.774
RMSE Rch: 0.007
MAPE Eb: 0.799
MAPE Rch: 0.192
--------------------------------------------------
**************************************************
Z=8, N=14, emax=8
RMSE Eb: 1.383
RMSE Rch: 0.010
MAPE Eb: 0.937
MAPE Rch: 0.253
--------------------------------------------------
**************************************************
Z=8, N=15, emax=8
RMSE Eb: 1.257
RMSE Rch: 0.008
MAPE Eb: 0.844
MAPE Rch: 0.224
--------------------------------------------------
**************************************************
Z=8, N=15, emax=6
RMSE Eb: 0.705
RMSE Rch: 0.006
MAPE Eb: 0.489
MAPE Rch: 0.167
--------------------------------------------------
**************************************************
Z=8, N=15, emax=4
RMSE Eb: 0.666
RMSE Rch: 0.006
MAPE Eb: 0.677
MAPE Rch: 0.174
--------------------------------------------------
**************************************************
Z=8, N=15, emax=10
RMSE Eb: 0.689
RMSE Rch: 0.005
MAPE Eb: 0.465
MAPE Rch: 0.140
--------------------------------------------------
**************************************************
Z=8, N=16, emax=4
RMSE Eb: 0.764
RMSE Rch: 0.006
MAPE Eb: 0.739
MAPE Rch: 0.161
--------------------------------------------------
**************************************************
Z=8, N=16, emax=8
RMSE Eb: 1.595
RMSE Rch: 0.006
MAPE Eb: 1.025
MAPE Rch: 0.169
--------------------------------------------------
**************************************************
Z=8, N=16, emax=6
RMSE Eb: 0.809
RMSE Rch: 0.006
MAPE Eb: 0.571
MAPE Rch: 0.169
--------------------------------------------------
**************************************************
Z=8, N=16, emax=10
RMSE Eb: 1.138
RMSE Rch: 0.008
MAPE Eb: 0.761
MAPE Rch: 0.243
--------------------------------------------------
