Activated conda environment
[DataLoader] Found 13 files matching the pattern.
[DataLoader] Combined data shape: (17234, 35)
[Preprocess] Data split => train: (11029, 35), val: (2758, 35), test: (3447, 35)
[Preprocess] Processed fidelity 4 (index 0): 3758 samples.
[Preprocess] Processed fidelity 6 (index 1): 3346 samples.
[Preprocess] Processed fidelity 8 (index 2): 3194 samples.
[Preprocess] Processed fidelity 10 (index 3): 731 samples.
[Preprocess] Processed fidelity 4 (index 0): 949 samples.
[Preprocess] Processed fidelity 6 (index 1): 833 samples.
[Preprocess] Processed fidelity 8 (index 2): 801 samples.
[Preprocess] Processed fidelity 10 (index 3): 175 samples.
Fidelity levels: [4, 6, 8, 10]
[Trainer] Starting BNN training...
[Trainer] No improvement. Iteration 7100. Early stopping counter: 1, LR counter: 1
[Trainer] No improvement. Iteration 7200. Early stopping counter: 2, LR counter: 2
[Trainer] No improvement. Iteration 7300. Early stopping counter: 3, LR counter: 3
[Trainer] No improvement. Iteration 7400. Early stopping counter: 4, LR counter: 4
[Trainer] No improvement. Iteration 7500. Early stopping counter: 5, LR counter: 5
[Trainer] No improvement. Iteration 7600. Early stopping counter: 6, LR counter: 6
[Trainer] No improvement. Iteration 7700. Early stopping counter: 7, LR counter: 7
[Trainer] No improvement. Iteration 7800. Early stopping counter: 8, LR counter: 8
[Trainer] No improvement. Iteration 7900. Early stopping counter: 9, LR counter: 9
[Trainer] No improvement. Iteration 8000. Early stopping counter: 10, LR counter: 10
[Trainer] No improvement. Iteration 8100. Early stopping counter: 11, LR counter: 11
[Trainer] No improvement. Iteration 8200. Early stopping counter: 12, LR counter: 12
[Trainer] No improvement. Iteration 8300. Early stopping counter: 13, LR counter: 13
[Trainer] No improvement. Iteration 8400. Early stopping counter: 14, LR counter: 14
[Trainer] No improvement. Iteration 8500. Early stopping counter: 15, LR counter: 15
[Trainer] No improvement. Iteration 8600. Early stopping counter: 16, LR counter: 16
[Trainer] No improvement. Iteration 8700. Early stopping counter: 17, LR counter: 17
[Trainer] No improvement. Iteration 8800. Early stopping counter: 18, LR counter: 18
[Trainer] No improvement. Iteration 8900. Early stopping counter: 19, LR counter: 19
[Trainer] No improvement. Iteration 9000. Early stopping counter: 20, LR counter: 20
[Trainer] No improvement. Iteration 9100. Early stopping counter: 21, LR counter: 21
[Trainer] No improvement. Iteration 9200. Early stopping counter: 22, LR counter: 22
[Trainer] No improvement. Iteration 9300. Early stopping counter: 23, LR counter: 23
[Trainer] No improvement. Iteration 9400. Early stopping counter: 24, LR counter: 24
[Trainer] No improvement. Iteration 9500. Early stopping counter: 25, LR counter: 25
[Trainer] Learning rate reduced to: 0.000010
[Trainer] No improvement. Iteration 9600. Early stopping counter: 26, LR counter: 1
[Trainer] No improvement. Iteration 9700. Early stopping counter: 27, LR counter: 2
[Trainer] No improvement. Iteration 9800. Early stopping counter: 28, LR counter: 3
[Trainer] No improvement. Iteration 9900. Early stopping counter: 29, LR counter: 4
[Trainer] No improvement. Iteration 10000. Early stopping counter: 30, LR counter: 5
[Trainer] No improvement. Iteration 10100. Early stopping counter: 31, LR counter: 6
[Trainer] No improvement. Iteration 10200. Early stopping counter: 32, LR counter: 7
[Trainer] No improvement. Iteration 10300. Early stopping counter: 33, LR counter: 8
[Trainer] No improvement. Iteration 10400. Early stopping counter: 34, LR counter: 9
[Trainer] No improvement. Iteration 10500. Early stopping counter: 35, LR counter: 10
[Trainer] No improvement. Iteration 10600. Early stopping counter: 36, LR counter: 11
[Trainer] No improvement. Iteration 10700. Early stopping counter: 37, LR counter: 12
[Trainer] No improvement. Iteration 10800. Early stopping counter: 38, LR counter: 13
[Trainer] No improvement. Iteration 10900. Early stopping counter: 39, LR counter: 14
[Trainer] No improvement. Iteration 11000. Early stopping counter: 40, LR counter: 15
[Trainer] No improvement. Iteration 11100. Early stopping counter: 41, LR counter: 16
[Trainer] No improvement. Iteration 11200. Early stopping counter: 42, LR counter: 17
[Trainer] No improvement. Iteration 11300. Early stopping counter: 43, LR counter: 18
[Trainer] No improvement. Iteration 11400. Early stopping counter: 44, LR counter: 19
[Trainer] No improvement. Iteration 11500. Early stopping counter: 45, LR counter: 20
[Trainer] No improvement. Iteration 11600. Early stopping counter: 46, LR counter: 21
[Trainer] No improvement. Iteration 11700. Early stopping counter: 47, LR counter: 22
[Trainer] No improvement. Iteration 11800. Early stopping counter: 48, LR counter: 23
[Trainer] No improvement. Iteration 11900. Early stopping counter: 49, LR counter: 24
[Trainer] No improvement. Iteration 12000. Early stopping counter: 50, LR counter: 25
[Trainer] Learning rate reduced to: 0.000001
[Trainer] Early stopping triggered.
[Trainer] Training completed.
[Trainer] Calibrating temperatures on validation set...
[Trainer] Temperature calibration finished. Calibrated temperatures: {4: 1.5425033569335938, 6: 1.2747961282730103, 8: 1.3281643390655518, 10: 1.4646260738372803}
[Trainer] BNN training completed.
**************************************************
Z=8, N=4, emax=4
RMSE Eb: 0.850
RMSE Rch: 0.008
MAPE Eb: 2.530
MAPE Rch: 0.367
--------------------------------------------------
**************************************************
Z=8, N=4, emax=10
RMSE Eb: 1.464
RMSE Rch: 0.038
MAPE Eb: 2.458
MAPE Rch: 1.953
--------------------------------------------------
**************************************************
Z=8, N=4, emax=6
RMSE Eb: 1.125
RMSE Rch: 0.014
MAPE Eb: 2.058
MAPE Rch: 0.691
--------------------------------------------------
**************************************************
Z=8, N=4, emax=8
RMSE Eb: 1.033
RMSE Rch: 0.020
MAPE Eb: 1.684
MAPE Rch: 1.005
--------------------------------------------------
**************************************************
Z=8, N=5, emax=8
RMSE Eb: 0.834
RMSE Rch: 0.018
MAPE Eb: 1.021
MAPE Rch: 0.864
--------------------------------------------------
**************************************************
Z=8, N=5, emax=6
RMSE Eb: 0.832
RMSE Rch: 0.015
MAPE Eb: 1.200
MAPE Rch: 0.694
--------------------------------------------------
**************************************************
Z=8, N=5, emax=4
RMSE Eb: 0.638
RMSE Rch: 0.008
MAPE Eb: 1.268
MAPE Rch: 0.385
--------------------------------------------------
**************************************************
Z=8, N=5, emax=10
RMSE Eb: 1.118
RMSE Rch: 0.018
MAPE Eb: 1.287
MAPE Rch: 0.996
--------------------------------------------------
**************************************************
Z=8, N=6, emax=4
RMSE Eb: 0.830
RMSE Rch: 0.009
MAPE Eb: 1.236
MAPE Rch: 0.420
--------------------------------------------------
**************************************************
Z=8, N=6, emax=6
RMSE Eb: 1.049
RMSE Rch: 0.010
MAPE Eb: 1.114
MAPE Rch: 0.500
--------------------------------------------------
**************************************************
Z=8, N=6, emax=8
RMSE Eb: 1.375
RMSE Rch: 0.017
MAPE Eb: 1.308
MAPE Rch: 0.843
--------------------------------------------------
**************************************************
Z=8, N=6, emax=10
RMSE Eb: 1.317
RMSE Rch: 0.022
MAPE Eb: 1.206
MAPE Rch: 1.127
--------------------------------------------------
**************************************************
Z=8, N=7, emax=8
RMSE Eb: 1.225
RMSE Rch: 0.018
MAPE Eb: 1.002
MAPE Rch: 0.931
--------------------------------------------------
**************************************************
Z=8, N=7, emax=10
RMSE Eb: 1.264
RMSE Rch: 0.018
MAPE Eb: 0.997
MAPE Rch: 1.055
--------------------------------------------------
**************************************************
Z=8, N=7, emax=6
RMSE Eb: 1.012
RMSE Rch: 0.016
MAPE Eb: 0.903
MAPE Rch: 0.780
--------------------------------------------------
**************************************************
Z=8, N=7, emax=4
RMSE Eb: 0.811
RMSE Rch: 0.009
MAPE Eb: 1.019
MAPE Rch: 0.418
--------------------------------------------------
**************************************************
Z=8, N=8, emax=4
RMSE Eb: 0.765
RMSE Rch: 0.013
MAPE Eb: 0.791
MAPE Rch: 0.340
--------------------------------------------------
**************************************************
Z=8, N=8, emax=8
RMSE Eb: 0.919
RMSE Rch: 0.023
MAPE Eb: 0.727
MAPE Rch: 0.708
--------------------------------------------------
**************************************************
Z=8, N=8, emax=6
RMSE Eb: 0.716
RMSE Rch: 0.015
MAPE Eb: 0.562
MAPE Rch: 0.441
--------------------------------------------------
**************************************************
Z=8, N=8, emax=10
RMSE Eb: 1.408
RMSE Rch: 0.016
MAPE Eb: 0.795
MAPE Rch: 0.462
--------------------------------------------------
**************************************************
Z=8, N=9, emax=8
RMSE Eb: 0.675
RMSE Rch: 0.014
MAPE Eb: 0.486
MAPE Rch: 0.424
--------------------------------------------------
**************************************************
Z=8, N=9, emax=6
RMSE Eb: 0.775
RMSE Rch: 0.011
MAPE Eb: 0.672
MAPE Rch: 0.323
--------------------------------------------------
**************************************************
Z=8, N=9, emax=4
RMSE Eb: 0.704
RMSE Rch: 0.008
MAPE Eb: 0.653
MAPE Rch: 0.234
--------------------------------------------------
**************************************************
Z=8, N=9, emax=10
RMSE Eb: 1.012
RMSE Rch: 0.022
MAPE Eb: 0.819
MAPE Rch: 0.615
--------------------------------------------------
**************************************************
Z=8, N=10, emax=4
RMSE Eb: 0.743
RMSE Rch: 0.008
MAPE Eb: 0.830
MAPE Rch: 0.222
--------------------------------------------------
**************************************************
Z=8, N=10, emax=10
RMSE Eb: 0.753
RMSE Rch: 0.018
MAPE Eb: 0.458
MAPE Rch: 0.542
--------------------------------------------------
**************************************************
Z=8, N=10, emax=6
RMSE Eb: 1.046
RMSE Rch: 0.011
MAPE Eb: 0.851
MAPE Rch: 0.323
--------------------------------------------------
**************************************************
Z=8, N=10, emax=8
RMSE Eb: 0.722
RMSE Rch: 0.013
MAPE Eb: 0.495
MAPE Rch: 0.373
--------------------------------------------------
**************************************************
Z=8, N=11, emax=4
RMSE Eb: 0.562
RMSE Rch: 0.008
MAPE Eb: 0.512
MAPE Rch: 0.210
--------------------------------------------------
**************************************************
Z=8, N=11, emax=6
RMSE Eb: 0.729
RMSE Rch: 0.011
MAPE Eb: 0.557
MAPE Rch: 0.297
--------------------------------------------------
**************************************************
Z=8, N=11, emax=8
RMSE Eb: 0.552
RMSE Rch: 0.011
MAPE Eb: 0.384
MAPE Rch: 0.307
--------------------------------------------------
**************************************************
Z=8, N=11, emax=10
RMSE Eb: 0.537
RMSE Rch: 0.011
MAPE Eb: 0.331
MAPE Rch: 0.318
--------------------------------------------------
**************************************************
Z=8, N=12, emax=6
RMSE Eb: 0.958
RMSE Rch: 0.008
MAPE Eb: 0.758
MAPE Rch: 0.231
--------------------------------------------------
**************************************************
Z=8, N=12, emax=4
RMSE Eb: 0.622
RMSE Rch: 0.009
MAPE Eb: 0.642
MAPE Rch: 0.239
--------------------------------------------------
**************************************************
Z=8, N=12, emax=8
RMSE Eb: 0.861
RMSE Rch: 0.011
MAPE Eb: 0.626
MAPE Rch: 0.314
--------------------------------------------------
**************************************************
Z=8, N=12, emax=10
RMSE Eb: 0.850
RMSE Rch: 0.016
MAPE Eb: 0.603
MAPE Rch: 0.407
--------------------------------------------------
**************************************************
Z=8, N=13, emax=8
RMSE Eb: 0.719
RMSE Rch: 0.011
MAPE Eb: 0.451
MAPE Rch: 0.290
--------------------------------------------------
**************************************************
Z=8, N=13, emax=4
RMSE Eb: 0.556
RMSE Rch: 0.006
MAPE Eb: 0.557
MAPE Rch: 0.173
--------------------------------------------------
**************************************************
Z=8, N=13, emax=10
RMSE Eb: 0.925
RMSE Rch: 0.013
MAPE Eb: 0.566
MAPE Rch: 0.417
--------------------------------------------------
**************************************************
Z=8, N=13, emax=6
RMSE Eb: 0.760
RMSE Rch: 0.009
MAPE Eb: 0.558
MAPE Rch: 0.245
--------------------------------------------------
**************************************************
Z=8, N=14, emax=8
RMSE Eb: 0.952
RMSE Rch: 0.013
MAPE Eb: 0.568
MAPE Rch: 0.364
--------------------------------------------------
**************************************************
Z=8, N=14, emax=4
RMSE Eb: 0.621
RMSE Rch: 0.008
MAPE Eb: 0.585
MAPE Rch: 0.210
--------------------------------------------------
**************************************************
Z=8, N=14, emax=6
RMSE Eb: 0.892
RMSE Rch: 0.008
MAPE Eb: 0.705
MAPE Rch: 0.210
--------------------------------------------------
**************************************************
Z=8, N=14, emax=10
RMSE Eb: 0.927
RMSE Rch: 0.020
MAPE Eb: 0.577
MAPE Rch: 0.509
--------------------------------------------------
**************************************************
Z=8, N=15, emax=8
RMSE Eb: 0.799
RMSE Rch: 0.009
MAPE Eb: 0.448
MAPE Rch: 0.227
--------------------------------------------------
**************************************************
Z=8, N=15, emax=4
RMSE Eb: 0.751
RMSE Rch: 0.007
MAPE Eb: 0.684
MAPE Rch: 0.185
--------------------------------------------------
**************************************************
Z=8, N=15, emax=6
RMSE Eb: 0.756
RMSE Rch: 0.008
MAPE Eb: 0.557
MAPE Rch: 0.223
--------------------------------------------------
**************************************************
Z=8, N=15, emax=10
RMSE Eb: 0.576
RMSE Rch: 0.012
MAPE Eb: 0.310
MAPE Rch: 0.361
--------------------------------------------------
**************************************************
Z=8, N=16, emax=8
RMSE Eb: 1.097
RMSE Rch: 0.012
MAPE Eb: 0.607
MAPE Rch: 0.330
--------------------------------------------------
**************************************************
Z=8, N=16, emax=6
RMSE Eb: 0.917
RMSE Rch: 0.009
MAPE Eb: 0.653
MAPE Rch: 0.269
--------------------------------------------------
**************************************************
Z=8, N=16, emax=10
RMSE Eb: 0.835
RMSE Rch: 0.015
MAPE Eb: 0.461
MAPE Rch: 0.400
--------------------------------------------------
**************************************************
Z=8, N=16, emax=4
RMSE Eb: 0.906
RMSE Rch: 0.010
MAPE Eb: 0.878
MAPE Rch: 0.255
--------------------------------------------------
Finished VAL for AE n=701
**************************************************
Z=8, N=4, emax=6
RMSE Eb: 0.985
RMSE Rch: 0.015
MAPE Eb: 1.878
MAPE Rch: 0.716
--------------------------------------------------
**************************************************
Z=8, N=4, emax=8
RMSE Eb: 1.022
RMSE Rch: 0.019
MAPE Eb: 1.660
MAPE Rch: 0.866
--------------------------------------------------
**************************************************
Z=8, N=4, emax=4
RMSE Eb: 0.900
RMSE Rch: 0.011
MAPE Eb: 2.291
MAPE Rch: 0.445
--------------------------------------------------
**************************************************
Z=8, N=4, emax=10
RMSE Eb: 1.187
RMSE Rch: 0.032
MAPE Eb: 1.725
MAPE Rch: 1.592
--------------------------------------------------
**************************************************
Z=8, N=5, emax=4
RMSE Eb: 0.764
RMSE Rch: 0.008
MAPE Eb: 1.499
MAPE Rch: 0.361
--------------------------------------------------
**************************************************
Z=8, N=5, emax=8
RMSE Eb: 0.931
RMSE Rch: 0.014
MAPE Eb: 1.171
MAPE Rch: 0.724
--------------------------------------------------
**************************************************
Z=8, N=5, emax=6
RMSE Eb: 0.796
RMSE Rch: 0.014
MAPE Eb: 1.146
MAPE Rch: 0.707
--------------------------------------------------
**************************************************
Z=8, N=5, emax=10
RMSE Eb: 1.593
RMSE Rch: 0.022
MAPE Eb: 2.073
MAPE Rch: 1.271
--------------------------------------------------
**************************************************
Z=8, N=6, emax=4
RMSE Eb: 0.903
RMSE Rch: 0.009
MAPE Eb: 1.273
MAPE Rch: 0.408
--------------------------------------------------
**************************************************
Z=8, N=6, emax=8
RMSE Eb: 1.088
RMSE Rch: 0.021
MAPE Eb: 1.049
MAPE Rch: 0.958
--------------------------------------------------
**************************************************
Z=8, N=6, emax=6
RMSE Eb: 1.109
RMSE Rch: 0.014
MAPE Eb: 1.240
MAPE Rch: 0.662
--------------------------------------------------
**************************************************
Z=8, N=6, emax=10
RMSE Eb: 0.989
RMSE Rch: 0.012
MAPE Eb: 0.963
MAPE Rch: 0.611
--------------------------------------------------
**************************************************
Z=8, N=7, emax=4
RMSE Eb: 0.865
RMSE Rch: 0.012
MAPE Eb: 1.036
MAPE Rch: 0.543
--------------------------------------------------
**************************************************
Z=8, N=7, emax=8
RMSE Eb: 1.083
RMSE Rch: 0.019
MAPE Eb: 0.859
MAPE Rch: 0.980
--------------------------------------------------
**************************************************
Z=8, N=7, emax=6
RMSE Eb: 0.834
RMSE Rch: 0.014
MAPE Eb: 0.822
MAPE Rch: 0.708
--------------------------------------------------
**************************************************
Z=8, N=7, emax=10
RMSE Eb: 1.264
RMSE Rch: 0.019
MAPE Eb: 1.044
MAPE Rch: 1.026
--------------------------------------------------
**************************************************
Z=8, N=8, emax=4
RMSE Eb: 0.789
RMSE Rch: 0.014
MAPE Eb: 0.750
MAPE Rch: 0.393
--------------------------------------------------
**************************************************
Z=8, N=8, emax=6
RMSE Eb: 0.822
RMSE Rch: 0.018
MAPE Eb: 0.659
MAPE Rch: 0.486
--------------------------------------------------
**************************************************
Z=8, N=8, emax=8
RMSE Eb: 0.991
RMSE Rch: 0.024
MAPE Eb: 0.751
MAPE Rch: 0.655
--------------------------------------------------
**************************************************
Z=8, N=8, emax=10
RMSE Eb: 1.022
RMSE Rch: 0.022
MAPE Eb: 0.730
MAPE Rch: 0.661
--------------------------------------------------
**************************************************
Z=8, N=9, emax=4
RMSE Eb: 0.623
RMSE Rch: 0.009
MAPE Eb: 0.653
MAPE Rch: 0.233
--------------------------------------------------
**************************************************
Z=8, N=9, emax=8
RMSE Eb: 0.853
RMSE Rch: 0.016
MAPE Eb: 0.662
MAPE Rch: 0.471
--------------------------------------------------
**************************************************
Z=8, N=9, emax=6
RMSE Eb: 0.786
RMSE Rch: 0.011
MAPE Eb: 0.679
MAPE Rch: 0.300
--------------------------------------------------
**************************************************
Z=8, N=9, emax=10
RMSE Eb: 1.529
RMSE Rch: 0.014
MAPE Eb: 1.130
MAPE Rch: 0.381
--------------------------------------------------
**************************************************
Z=8, N=10, emax=4
RMSE Eb: 0.705
RMSE Rch: 0.008
MAPE Eb: 0.704
MAPE Rch: 0.229
--------------------------------------------------
**************************************************
Z=8, N=10, emax=6
RMSE Eb: 0.895
RMSE Rch: 0.013
MAPE Eb: 0.755
MAPE Rch: 0.331
--------------------------------------------------
**************************************************
Z=8, N=10, emax=8
RMSE Eb: 0.752
RMSE Rch: 0.010
MAPE Eb: 0.564
MAPE Rch: 0.287
--------------------------------------------------
**************************************************
Z=8, N=10, emax=10
RMSE Eb: 0.732
RMSE Rch: 0.013
MAPE Eb: 0.474
MAPE Rch: 0.360
--------------------------------------------------
**************************************************
Z=8, N=11, emax=8
RMSE Eb: 0.735
RMSE Rch: 0.012
MAPE Eb: 0.508
MAPE Rch: 0.338
--------------------------------------------------
**************************************************
Z=8, N=11, emax=4
RMSE Eb: 0.595
RMSE Rch: 0.008
MAPE Eb: 0.599
MAPE Rch: 0.208
--------------------------------------------------
**************************************************
Z=8, N=11, emax=6
RMSE Eb: 0.760
RMSE Rch: 0.010
MAPE Eb: 0.630
MAPE Rch: 0.255
--------------------------------------------------
**************************************************
Z=8, N=11, emax=10
RMSE Eb: 0.752
RMSE Rch: 0.015
MAPE Eb: 0.495
MAPE Rch: 0.398
--------------------------------------------------
**************************************************
Z=8, N=12, emax=6
RMSE Eb: 0.868
RMSE Rch: 0.009
MAPE Eb: 0.670
MAPE Rch: 0.260
--------------------------------------------------
**************************************************
Z=8, N=12, emax=8
RMSE Eb: 0.841
RMSE Rch: 0.014
MAPE Eb: 0.553
MAPE Rch: 0.380
--------------------------------------------------
**************************************************
Z=8, N=12, emax=4
RMSE Eb: 0.564
RMSE Rch: 0.008
MAPE Eb: 0.539
MAPE Rch: 0.227
--------------------------------------------------
**************************************************
Z=8, N=12, emax=10
RMSE Eb: 0.810
RMSE Rch: 0.014
MAPE Eb: 0.545
MAPE Rch: 0.360
--------------------------------------------------
**************************************************
Z=8, N=13, emax=8
RMSE Eb: 0.749
RMSE Rch: 0.012
MAPE Eb: 0.455
MAPE Rch: 0.322
--------------------------------------------------
**************************************************
Z=8, N=13, emax=4
RMSE Eb: 0.551
RMSE Rch: 0.008
MAPE Eb: 0.587
MAPE Rch: 0.225
--------------------------------------------------
**************************************************
Z=8, N=13, emax=6
RMSE Eb: 0.763
RMSE Rch: 0.008
MAPE Eb: 0.544
MAPE Rch: 0.227
--------------------------------------------------
**************************************************
Z=8, N=13, emax=10
RMSE Eb: 0.786
RMSE Rch: 0.026
MAPE Eb: 0.486
MAPE Rch: 0.593
--------------------------------------------------
**************************************************
Z=8, N=14, emax=6
RMSE Eb: 0.858
RMSE Rch: 0.010
MAPE Eb: 0.670
MAPE Rch: 0.285
--------------------------------------------------
**************************************************
Z=8, N=14, emax=10
RMSE Eb: 0.975
RMSE Rch: 0.015
MAPE Eb: 0.556
MAPE Rch: 0.461
--------------------------------------------------
**************************************************
Z=8, N=14, emax=4
RMSE Eb: 0.599
RMSE Rch: 0.007
MAPE Eb: 0.604
MAPE Rch: 0.168
--------------------------------------------------
**************************************************
Z=8, N=14, emax=8
RMSE Eb: 0.758
RMSE Rch: 0.015
MAPE Eb: 0.481
MAPE Rch: 0.412
--------------------------------------------------
**************************************************
Z=8, N=15, emax=8
RMSE Eb: 0.708
RMSE Rch: 0.010
MAPE Eb: 0.429
MAPE Rch: 0.281
--------------------------------------------------
**************************************************
Z=8, N=15, emax=6
RMSE Eb: 0.653
RMSE Rch: 0.008
MAPE Eb: 0.474
MAPE Rch: 0.226
--------------------------------------------------
**************************************************
Z=8, N=15, emax=4
RMSE Eb: 0.639
RMSE Rch: 0.007
MAPE Eb: 0.652
MAPE Rch: 0.200
--------------------------------------------------
**************************************************
Z=8, N=15, emax=10
RMSE Eb: 0.882
RMSE Rch: 0.011
MAPE Eb: 0.493
MAPE Rch: 0.292
--------------------------------------------------
**************************************************
Z=8, N=16, emax=4
RMSE Eb: 0.732
RMSE Rch: 0.010
MAPE Eb: 0.770
MAPE Rch: 0.260
--------------------------------------------------
**************************************************
Z=8, N=16, emax=8
RMSE Eb: 0.948
RMSE Rch: 0.012
MAPE Eb: 0.565
MAPE Rch: 0.351
--------------------------------------------------
**************************************************
Z=8, N=16, emax=6
RMSE Eb: 0.917
RMSE Rch: 0.009
MAPE Eb: 0.614
MAPE Rch: 0.245
--------------------------------------------------
**************************************************
Z=8, N=16, emax=10
RMSE Eb: 1.102
RMSE Rch: 0.016
MAPE Eb: 0.613
MAPE Rch: 0.489
--------------------------------------------------
