Activated conda environment
[DataLoader] Found 13 files matching the pattern.
[DataLoader] Combined data shape: (17234, 35)
[Preprocess] Data split => train: (11029, 35), val: (2758, 35), test: (3447, 35)
[Preprocess] Processed fidelity 4 (index 0): 3758 samples.
[Preprocess] Processed fidelity 6 (index 1): 3346 samples.
[Preprocess] Processed fidelity 8 (index 2): 3194 samples.
[Preprocess] Processed fidelity 10 (index 3): 731 samples.
[Preprocess] Processed fidelity 4 (index 0): 949 samples.
[Preprocess] Processed fidelity 6 (index 1): 833 samples.
[Preprocess] Processed fidelity 8 (index 2): 801 samples.
[Preprocess] Processed fidelity 10 (index 3): 175 samples.
Fidelity levels: [4, 6, 8, 10]
[Trainer] Starting BNN training...
[Trainer] No improvement. Iteration 6900. Early stopping counter: 1, LR counter: 1
[Trainer] No improvement. Iteration 7000. Early stopping counter: 2, LR counter: 2
[Trainer] No improvement. Iteration 7700. Early stopping counter: 1, LR counter: 1
[Trainer] No improvement. Iteration 7800. Early stopping counter: 2, LR counter: 2
[Trainer] No improvement. Iteration 8800. Early stopping counter: 1, LR counter: 1
[Trainer] No improvement. Iteration 8900. Early stopping counter: 2, LR counter: 2
[Trainer] No improvement. Iteration 10200. Early stopping counter: 1, LR counter: 1
[Trainer] No improvement. Iteration 10400. Early stopping counter: 1, LR counter: 1
[Trainer] No improvement. Iteration 10800. Early stopping counter: 1, LR counter: 1
[Trainer] No improvement. Iteration 11300. Early stopping counter: 1, LR counter: 1
[Trainer] No improvement. Iteration 11400. Early stopping counter: 2, LR counter: 2
[Trainer] No improvement. Iteration 11500. Early stopping counter: 3, LR counter: 3
[Trainer] No improvement. Iteration 11600. Early stopping counter: 4, LR counter: 4
[Trainer] No improvement. Iteration 11700. Early stopping counter: 5, LR counter: 5
[Trainer] No improvement. Iteration 11800. Early stopping counter: 6, LR counter: 6
[Trainer] No improvement. Iteration 11900. Early stopping counter: 7, LR counter: 7
[Trainer] No improvement. Iteration 12000. Early stopping counter: 8, LR counter: 8
[Trainer] No improvement. Iteration 12100. Early stopping counter: 9, LR counter: 9
[Trainer] No improvement. Iteration 12200. Early stopping counter: 10, LR counter: 10
[Trainer] No improvement. Iteration 12300. Early stopping counter: 11, LR counter: 11
[Trainer] No improvement. Iteration 12400. Early stopping counter: 12, LR counter: 12
[Trainer] No improvement. Iteration 12500. Early stopping counter: 13, LR counter: 13
[Trainer] No improvement. Iteration 12600. Early stopping counter: 14, LR counter: 14
[Trainer] No improvement. Iteration 12700. Early stopping counter: 15, LR counter: 15
[Trainer] No improvement. Iteration 13000. Early stopping counter: 1, LR counter: 1
[Trainer] No improvement. Iteration 13100. Early stopping counter: 2, LR counter: 2
[Trainer] No improvement. Iteration 13200. Early stopping counter: 3, LR counter: 3
[Trainer] No improvement. Iteration 13800. Early stopping counter: 1, LR counter: 1
[Trainer] No improvement. Iteration 13900. Early stopping counter: 2, LR counter: 2
[Trainer] No improvement. Iteration 14000. Early stopping counter: 3, LR counter: 3
[Trainer] No improvement. Iteration 14100. Early stopping counter: 4, LR counter: 4
[Trainer] No improvement. Iteration 14200. Early stopping counter: 5, LR counter: 5
[Trainer] No improvement. Iteration 14300. Early stopping counter: 6, LR counter: 6
[Trainer] No improvement. Iteration 14400. Early stopping counter: 7, LR counter: 7
[Trainer] No improvement. Iteration 14500. Early stopping counter: 8, LR counter: 8
[Trainer] No improvement. Iteration 14600. Early stopping counter: 9, LR counter: 9
[Trainer] No improvement. Iteration 14700. Early stopping counter: 10, LR counter: 10
[Trainer] No improvement. Iteration 14900. Early stopping counter: 1, LR counter: 1
[Trainer] No improvement. Iteration 15100. Early stopping counter: 1, LR counter: 1
[Trainer] No improvement. Iteration 15200. Early stopping counter: 2, LR counter: 2
[Trainer] No improvement. Iteration 15300. Early stopping counter: 3, LR counter: 3
[Trainer] No improvement. Iteration 15400. Early stopping counter: 4, LR counter: 4
[Trainer] No improvement. Iteration 15900. Early stopping counter: 1, LR counter: 1
[Trainer] No improvement. Iteration 16000. Early stopping counter: 2, LR counter: 2
[Trainer] No improvement. Iteration 16300. Early stopping counter: 1, LR counter: 1
[Trainer] No improvement. Iteration 16400. Early stopping counter: 2, LR counter: 2
[Trainer] No improvement. Iteration 16500. Early stopping counter: 3, LR counter: 3
[Trainer] No improvement. Iteration 16600. Early stopping counter: 4, LR counter: 4
[Trainer] No improvement. Iteration 16700. Early stopping counter: 5, LR counter: 5
[Trainer] No improvement. Iteration 16800. Early stopping counter: 6, LR counter: 6
[Trainer] No improvement. Iteration 16900. Early stopping counter: 7, LR counter: 7
[Trainer] No improvement. Iteration 17000. Early stopping counter: 8, LR counter: 8
[Trainer] No improvement. Iteration 17100. Early stopping counter: 9, LR counter: 9
[Trainer] No improvement. Iteration 17200. Early stopping counter: 10, LR counter: 10
[Trainer] No improvement. Iteration 17300. Early stopping counter: 11, LR counter: 11
[Trainer] No improvement. Iteration 17500. Early stopping counter: 1, LR counter: 1
[Trainer] No improvement. Iteration 17600. Early stopping counter: 2, LR counter: 2
[Trainer] No improvement. Iteration 17700. Early stopping counter: 3, LR counter: 3
[Trainer] No improvement. Iteration 17800. Early stopping counter: 4, LR counter: 4
[Trainer] No improvement. Iteration 17900. Early stopping counter: 5, LR counter: 5
[Trainer] No improvement. Iteration 18000. Early stopping counter: 6, LR counter: 6
[Trainer] No improvement. Iteration 18100. Early stopping counter: 7, LR counter: 7
[Trainer] No improvement. Iteration 18200. Early stopping counter: 8, LR counter: 8
[Trainer] No improvement. Iteration 18300. Early stopping counter: 9, LR counter: 9
[Trainer] No improvement. Iteration 18400. Early stopping counter: 10, LR counter: 10
[Trainer] No improvement. Iteration 18500. Early stopping counter: 11, LR counter: 11
[Trainer] No improvement. Iteration 18600. Early stopping counter: 12, LR counter: 12
[Trainer] No improvement. Iteration 18700. Early stopping counter: 13, LR counter: 13
[Trainer] No improvement. Iteration 18800. Early stopping counter: 14, LR counter: 14
[Trainer] No improvement. Iteration 19100. Early stopping counter: 1, LR counter: 1
[Trainer] No improvement. Iteration 19200. Early stopping counter: 2, LR counter: 2
[Trainer] No improvement. Iteration 19300. Early stopping counter: 3, LR counter: 3
[Trainer] No improvement. Iteration 19400. Early stopping counter: 4, LR counter: 4
[Trainer] No improvement. Iteration 19500. Early stopping counter: 5, LR counter: 5
[Trainer] No improvement. Iteration 19600. Early stopping counter: 6, LR counter: 6
[Trainer] No improvement. Iteration 19700. Early stopping counter: 7, LR counter: 7
[Trainer] No improvement. Iteration 19800. Early stopping counter: 8, LR counter: 8
[Trainer] No improvement. Iteration 19900. Early stopping counter: 9, LR counter: 9
[Trainer] No improvement. Iteration 20000. Early stopping counter: 10, LR counter: 10
[Trainer] No improvement. Iteration 20100. Early stopping counter: 11, LR counter: 11
[Trainer] No improvement. Iteration 20200. Early stopping counter: 12, LR counter: 12
[Trainer] No improvement. Iteration 20300. Early stopping counter: 13, LR counter: 13
[Trainer] No improvement. Iteration 20400. Early stopping counter: 14, LR counter: 14
[Trainer] No improvement. Iteration 20500. Early stopping counter: 15, LR counter: 15
[Trainer] No improvement. Iteration 20600. Early stopping counter: 16, LR counter: 16
[Trainer] No improvement. Iteration 20700. Early stopping counter: 17, LR counter: 17
[Trainer] No improvement. Iteration 20800. Early stopping counter: 18, LR counter: 18
[Trainer] No improvement. Iteration 20900. Early stopping counter: 19, LR counter: 19
[Trainer] No improvement. Iteration 21000. Early stopping counter: 20, LR counter: 20
[Trainer] No improvement. Iteration 21100. Early stopping counter: 21, LR counter: 21
[Trainer] No improvement. Iteration 21200. Early stopping counter: 22, LR counter: 22
[Trainer] No improvement. Iteration 21300. Early stopping counter: 23, LR counter: 23
[Trainer] No improvement. Iteration 21400. Early stopping counter: 24, LR counter: 24
[Trainer] No improvement. Iteration 21500. Early stopping counter: 25, LR counter: 25
[Trainer] Learning rate reduced to: 0.000010
[Trainer] No improvement. Iteration 21600. Early stopping counter: 26, LR counter: 1
[Trainer] No improvement. Iteration 21700. Early stopping counter: 27, LR counter: 2
[Trainer] No improvement. Iteration 21800. Early stopping counter: 28, LR counter: 3
[Trainer] No improvement. Iteration 21900. Early stopping counter: 29, LR counter: 4
[Trainer] No improvement. Iteration 22000. Early stopping counter: 30, LR counter: 5
[Trainer] No improvement. Iteration 22100. Early stopping counter: 31, LR counter: 6
[Trainer] No improvement. Iteration 22200. Early stopping counter: 32, LR counter: 7
[Trainer] No improvement. Iteration 22300. Early stopping counter: 33, LR counter: 8
[Trainer] No improvement. Iteration 22400. Early stopping counter: 34, LR counter: 9
[Trainer] No improvement. Iteration 22500. Early stopping counter: 35, LR counter: 10
[Trainer] No improvement. Iteration 22600. Early stopping counter: 36, LR counter: 11
[Trainer] No improvement. Iteration 22700. Early stopping counter: 37, LR counter: 12
[Trainer] No improvement. Iteration 22800. Early stopping counter: 38, LR counter: 13
[Trainer] No improvement. Iteration 22900. Early stopping counter: 39, LR counter: 14
[Trainer] No improvement. Iteration 23000. Early stopping counter: 40, LR counter: 15
[Trainer] No improvement. Iteration 23100. Early stopping counter: 41, LR counter: 16
[Trainer] No improvement. Iteration 23200. Early stopping counter: 42, LR counter: 17
[Trainer] No improvement. Iteration 23300. Early stopping counter: 43, LR counter: 18
[Trainer] No improvement. Iteration 23400. Early stopping counter: 44, LR counter: 19
[Trainer] No improvement. Iteration 23500. Early stopping counter: 45, LR counter: 20
[Trainer] No improvement. Iteration 23600. Early stopping counter: 46, LR counter: 21
[Trainer] No improvement. Iteration 23700. Early stopping counter: 47, LR counter: 22
[Trainer] No improvement. Iteration 23800. Early stopping counter: 48, LR counter: 23
[Trainer] No improvement. Iteration 23900. Early stopping counter: 49, LR counter: 24
[Trainer] No improvement. Iteration 24000. Early stopping counter: 50, LR counter: 25
[Trainer] Learning rate reduced to: 0.000001
[Trainer] Early stopping triggered.
[Trainer] Training completed.
[Trainer] Calibrating temperatures on validation set...
[Trainer] Temperature calibration finished. Calibrated temperatures: {4: 0.808322548866272, 6: 1.0299469232559204, 8: 0.9688074588775635, 10: 1.1442923545837402}
[Trainer] BNN training completed.
**************************************************
Z=8, N=4, emax=4
RMSE Eb: 1.030
RMSE Rch: 0.015
MAPE Eb: 3.090
MAPE Rch: 0.708
--------------------------------------------------
**************************************************
Z=8, N=4, emax=10
RMSE Eb: 1.514
RMSE Rch: 0.059
MAPE Eb: 2.371
MAPE Rch: 2.942
--------------------------------------------------
**************************************************
Z=8, N=4, emax=6
RMSE Eb: 1.343
RMSE Rch: 0.024
MAPE Eb: 2.586
MAPE Rch: 1.132
--------------------------------------------------
**************************************************
Z=8, N=4, emax=8
RMSE Eb: 1.797
RMSE Rch: 0.027
MAPE Eb: 2.975
MAPE Rch: 1.216
--------------------------------------------------
**************************************************
Z=8, N=5, emax=8
RMSE Eb: 1.821
RMSE Rch: 0.023
MAPE Eb: 2.256
MAPE Rch: 1.121
--------------------------------------------------
**************************************************
Z=8, N=5, emax=6
RMSE Eb: 1.554
RMSE Rch: 0.021
MAPE Eb: 2.167
MAPE Rch: 1.106
--------------------------------------------------
**************************************************
Z=8, N=5, emax=4
RMSE Eb: 1.359
RMSE Rch: 0.017
MAPE Eb: 2.896
MAPE Rch: 0.776
--------------------------------------------------
**************************************************
Z=8, N=5, emax=10
RMSE Eb: 1.923
RMSE Rch: 0.028
MAPE Eb: 2.394
MAPE Rch: 1.504
--------------------------------------------------
**************************************************
Z=8, N=6, emax=4
RMSE Eb: 1.417
RMSE Rch: 0.014
MAPE Eb: 2.003
MAPE Rch: 0.658
--------------------------------------------------
**************************************************
Z=8, N=6, emax=6
RMSE Eb: 1.723
RMSE Rch: 0.024
MAPE Eb: 1.857
MAPE Rch: 1.216
--------------------------------------------------
**************************************************
Z=8, N=6, emax=8
RMSE Eb: 1.894
RMSE Rch: 0.024
MAPE Eb: 1.778
MAPE Rch: 1.147
--------------------------------------------------
**************************************************
Z=8, N=6, emax=10
RMSE Eb: 2.060
RMSE Rch: 0.026
MAPE Eb: 2.065
MAPE Rch: 1.411
--------------------------------------------------
**************************************************
Z=8, N=7, emax=8
RMSE Eb: 2.921
RMSE Rch: 0.013
MAPE Eb: 2.484
MAPE Rch: 0.657
--------------------------------------------------
**************************************************
Z=8, N=7, emax=10
RMSE Eb: 1.716
RMSE Rch: 0.018
MAPE Eb: 1.364
MAPE Rch: 1.106
--------------------------------------------------
**************************************************
Z=8, N=7, emax=6
RMSE Eb: 2.730
RMSE Rch: 0.012
MAPE Eb: 2.796
MAPE Rch: 0.590
--------------------------------------------------
**************************************************
Z=8, N=7, emax=4
RMSE Eb: 1.679
RMSE Rch: 0.014
MAPE Eb: 1.853
MAPE Rch: 0.670
--------------------------------------------------
**************************************************
Z=8, N=8, emax=4
RMSE Eb: 1.718
RMSE Rch: 0.015
MAPE Eb: 1.884
MAPE Rch: 0.424
--------------------------------------------------
**************************************************
Z=8, N=8, emax=8
RMSE Eb: 2.091
RMSE Rch: 0.012
MAPE Eb: 1.540
MAPE Rch: 0.350
--------------------------------------------------
**************************************************
Z=8, N=8, emax=6
RMSE Eb: 2.869
RMSE Rch: 0.010
MAPE Eb: 2.681
MAPE Rch: 0.282
--------------------------------------------------
**************************************************
Z=8, N=8, emax=10
RMSE Eb: 3.511
RMSE Rch: 0.027
MAPE Eb: 2.769
MAPE Rch: 0.908
--------------------------------------------------
**************************************************
Z=8, N=9, emax=8
RMSE Eb: 2.053
RMSE Rch: 0.012
MAPE Eb: 1.497
MAPE Rch: 0.344
--------------------------------------------------
**************************************************
Z=8, N=9, emax=6
RMSE Eb: 2.537
RMSE Rch: 0.012
MAPE Eb: 2.210
MAPE Rch: 0.369
--------------------------------------------------
**************************************************
Z=8, N=9, emax=4
RMSE Eb: 1.757
RMSE Rch: 0.011
MAPE Eb: 1.538
MAPE Rch: 0.301
--------------------------------------------------
**************************************************
Z=8, N=9, emax=10
RMSE Eb: 1.812
RMSE Rch: 0.012
MAPE Eb: 1.409
MAPE Rch: 0.386
--------------------------------------------------
**************************************************
Z=8, N=10, emax=4
RMSE Eb: 1.746
RMSE Rch: 0.008
MAPE Eb: 1.605
MAPE Rch: 0.209
--------------------------------------------------
**************************************************
Z=8, N=10, emax=10
RMSE Eb: 1.463
RMSE Rch: 0.012
MAPE Eb: 0.902
MAPE Rch: 0.343
--------------------------------------------------
**************************************************
Z=8, N=10, emax=6
RMSE Eb: 3.291
RMSE Rch: 0.010
MAPE Eb: 2.883
MAPE Rch: 0.277
--------------------------------------------------
**************************************************
Z=8, N=10, emax=8
RMSE Eb: 2.565
RMSE Rch: 0.010
MAPE Eb: 1.780
MAPE Rch: 0.281
--------------------------------------------------
**************************************************
Z=8, N=11, emax=4
RMSE Eb: 1.461
RMSE Rch: 0.008
MAPE Eb: 1.505
MAPE Rch: 0.227
--------------------------------------------------
**************************************************
Z=8, N=11, emax=6
RMSE Eb: 2.537
RMSE Rch: 0.008
MAPE Eb: 2.055
MAPE Rch: 0.218
--------------------------------------------------
**************************************************
Z=8, N=11, emax=8
RMSE Eb: 2.243
RMSE Rch: 0.009
MAPE Eb: 1.584
MAPE Rch: 0.246
--------------------------------------------------
**************************************************
Z=8, N=11, emax=10
RMSE Eb: 2.233
RMSE Rch: 0.014
MAPE Eb: 1.601
MAPE Rch: 0.398
--------------------------------------------------
**************************************************
Z=8, N=12, emax=6
RMSE Eb: 2.840
RMSE Rch: 0.012
MAPE Eb: 2.240
MAPE Rch: 0.323
--------------------------------------------------
**************************************************
Z=8, N=12, emax=4
RMSE Eb: 1.735
RMSE Rch: 0.012
MAPE Eb: 1.772
MAPE Rch: 0.329
--------------------------------------------------
**************************************************
Z=8, N=12, emax=8
RMSE Eb: 1.929
RMSE Rch: 0.012
MAPE Eb: 1.250
MAPE Rch: 0.370
--------------------------------------------------
**************************************************
Z=8, N=12, emax=10
RMSE Eb: 3.403
RMSE Rch: 0.011
MAPE Eb: 2.493
MAPE Rch: 0.312
--------------------------------------------------
**************************************************
Z=8, N=13, emax=8
RMSE Eb: 2.679
RMSE Rch: 0.011
MAPE Eb: 1.856
MAPE Rch: 0.310
--------------------------------------------------
**************************************************
Z=8, N=13, emax=4
RMSE Eb: 1.652
RMSE Rch: 0.011
MAPE Eb: 1.528
MAPE Rch: 0.295
--------------------------------------------------
**************************************************
Z=8, N=13, emax=10
RMSE Eb: 2.732
RMSE Rch: 0.023
MAPE Eb: 1.719
MAPE Rch: 0.609
--------------------------------------------------
**************************************************
Z=8, N=13, emax=6
RMSE Eb: 2.746
RMSE Rch: 0.009
MAPE Eb: 2.177
MAPE Rch: 0.246
--------------------------------------------------
**************************************************
Z=8, N=14, emax=8
RMSE Eb: 3.942
RMSE Rch: 0.020
MAPE Eb: 2.616
MAPE Rch: 0.496
--------------------------------------------------
**************************************************
Z=8, N=14, emax=4
RMSE Eb: 2.206
RMSE Rch: 0.014
MAPE Eb: 2.016
MAPE Rch: 0.396
--------------------------------------------------
**************************************************
Z=8, N=14, emax=6
RMSE Eb: 3.662
RMSE Rch: 0.016
MAPE Eb: 3.072
MAPE Rch: 0.440
--------------------------------------------------
**************************************************
Z=8, N=14, emax=10
RMSE Eb: 2.138
RMSE Rch: 0.020
MAPE Eb: 1.234
MAPE Rch: 0.562
--------------------------------------------------
**************************************************
Z=8, N=15, emax=8
RMSE Eb: 2.598
RMSE Rch: 0.015
MAPE Eb: 1.589
MAPE Rch: 0.405
--------------------------------------------------
**************************************************
Z=8, N=15, emax=4
RMSE Eb: 2.873
RMSE Rch: 0.013
MAPE Eb: 2.702
MAPE Rch: 0.338
--------------------------------------------------
**************************************************
Z=8, N=15, emax=6
RMSE Eb: 3.425
RMSE Rch: 0.016
MAPE Eb: 2.708
MAPE Rch: 0.448
--------------------------------------------------
**************************************************
Z=8, N=15, emax=10
RMSE Eb: 3.644
RMSE Rch: 0.012
MAPE Eb: 2.122
MAPE Rch: 0.385
--------------------------------------------------
**************************************************
Z=8, N=16, emax=8
RMSE Eb: 3.246
RMSE Rch: 0.018
MAPE Eb: 1.985
MAPE Rch: 0.488
--------------------------------------------------
**************************************************
Z=8, N=16, emax=6
RMSE Eb: 3.542
RMSE Rch: 0.015
MAPE Eb: 2.630
MAPE Rch: 0.415
--------------------------------------------------
**************************************************
Z=8, N=16, emax=10
RMSE Eb: 1.972
RMSE Rch: 0.020
MAPE Eb: 1.030
MAPE Rch: 0.499
--------------------------------------------------
**************************************************
Z=8, N=16, emax=4
RMSE Eb: 2.158
RMSE Rch: 0.017
MAPE Eb: 2.155
MAPE Rch: 0.479
--------------------------------------------------
Finished VAL for AE n=4
**************************************************
Z=8, N=4, emax=6
RMSE Eb: 1.684
RMSE Rch: 0.022
MAPE Eb: 2.906
MAPE Rch: 1.030
--------------------------------------------------
**************************************************
Z=8, N=4, emax=8
RMSE Eb: 1.962
RMSE Rch: 0.025
MAPE Eb: 3.212
MAPE Rch: 1.106
--------------------------------------------------
**************************************************
Z=8, N=4, emax=4
RMSE Eb: 1.309
RMSE Rch: 0.016
MAPE Eb: 3.726
MAPE Rch: 0.759
--------------------------------------------------
**************************************************
Z=8, N=4, emax=10
RMSE Eb: 1.541
RMSE Rch: 0.038
MAPE Eb: 2.421
MAPE Rch: 1.957
--------------------------------------------------
**************************************************
Z=8, N=5, emax=4
RMSE Eb: 1.428
RMSE Rch: 0.017
MAPE Eb: 2.990
MAPE Rch: 0.773
--------------------------------------------------
**************************************************
Z=8, N=5, emax=8
RMSE Eb: 1.755
RMSE Rch: 0.024
MAPE Eb: 2.201
MAPE Rch: 1.107
--------------------------------------------------
**************************************************
Z=8, N=5, emax=6
RMSE Eb: 1.722
RMSE Rch: 0.020
MAPE Eb: 2.563
MAPE Rch: 1.096
--------------------------------------------------
**************************************************
Z=8, N=5, emax=10
RMSE Eb: 2.139
RMSE Rch: 0.033
MAPE Eb: 2.866
MAPE Rch: 1.694
--------------------------------------------------
**************************************************
Z=8, N=6, emax=4
RMSE Eb: 1.533
RMSE Rch: 0.015
MAPE Eb: 2.230
MAPE Rch: 0.709
--------------------------------------------------
**************************************************
Z=8, N=6, emax=8
RMSE Eb: 2.139
RMSE Rch: 0.021
MAPE Eb: 1.995
MAPE Rch: 1.074
--------------------------------------------------
**************************************************
Z=8, N=6, emax=6
RMSE Eb: 1.869
RMSE Rch: 0.025
MAPE Eb: 2.133
MAPE Rch: 1.371
--------------------------------------------------
**************************************************
Z=8, N=6, emax=10
RMSE Eb: 1.313
RMSE Rch: 0.023
MAPE Eb: 1.252
MAPE Rch: 1.201
--------------------------------------------------
**************************************************
Z=8, N=7, emax=4
RMSE Eb: 1.729
RMSE Rch: 0.012
MAPE Eb: 1.902
MAPE Rch: 0.575
--------------------------------------------------
**************************************************
Z=8, N=7, emax=8
RMSE Eb: 3.388
RMSE Rch: 0.013
MAPE Eb: 2.905
MAPE Rch: 0.665
--------------------------------------------------
**************************************************
Z=8, N=7, emax=6
RMSE Eb: 2.642
RMSE Rch: 0.011
MAPE Eb: 2.486
MAPE Rch: 0.586
--------------------------------------------------
**************************************************
Z=8, N=7, emax=10
RMSE Eb: 1.552
RMSE Rch: 0.017
MAPE Eb: 1.288
MAPE Rch: 0.932
--------------------------------------------------
**************************************************
Z=8, N=8, emax=4
RMSE Eb: 1.747
RMSE Rch: 0.016
MAPE Eb: 1.717
MAPE Rch: 0.437
--------------------------------------------------
**************************************************
Z=8, N=8, emax=6
RMSE Eb: 2.713
RMSE Rch: 0.013
MAPE Eb: 2.339
MAPE Rch: 0.387
--------------------------------------------------
**************************************************
Z=8, N=8, emax=8
RMSE Eb: 2.360
RMSE Rch: 0.013
MAPE Eb: 1.843
MAPE Rch: 0.353
--------------------------------------------------
**************************************************
Z=8, N=8, emax=10
RMSE Eb: 1.926
RMSE Rch: 0.021
MAPE Eb: 1.362
MAPE Rch: 0.676
--------------------------------------------------
**************************************************
Z=8, N=9, emax=4
RMSE Eb: 1.757
RMSE Rch: 0.010
MAPE Eb: 1.858
MAPE Rch: 0.283
--------------------------------------------------
**************************************************
Z=8, N=9, emax=8
RMSE Eb: 2.165
RMSE Rch: 0.013
MAPE Eb: 1.643
MAPE Rch: 0.377
--------------------------------------------------
**************************************************
Z=8, N=9, emax=6
RMSE Eb: 2.552
RMSE Rch: 0.012
MAPE Eb: 2.231
MAPE Rch: 0.346
--------------------------------------------------
**************************************************
Z=8, N=9, emax=10
RMSE Eb: 2.913
RMSE Rch: 0.013
MAPE Eb: 2.096
MAPE Rch: 0.380
--------------------------------------------------
**************************************************
Z=8, N=10, emax=4
RMSE Eb: 2.162
RMSE Rch: 0.011
MAPE Eb: 1.949
MAPE Rch: 0.302
--------------------------------------------------
**************************************************
Z=8, N=10, emax=6
RMSE Eb: 3.291
RMSE Rch: 0.009
MAPE Eb: 2.927
MAPE Rch: 0.244
--------------------------------------------------
**************************************************
Z=8, N=10, emax=8
RMSE Eb: 2.409
RMSE Rch: 0.010
MAPE Eb: 1.786
MAPE Rch: 0.289
--------------------------------------------------
**************************************************
Z=8, N=10, emax=10
RMSE Eb: 2.198
RMSE Rch: 0.016
MAPE Eb: 1.556
MAPE Rch: 0.413
--------------------------------------------------
**************************************************
Z=8, N=11, emax=8
RMSE Eb: 2.120
RMSE Rch: 0.012
MAPE Eb: 1.454
MAPE Rch: 0.316
--------------------------------------------------
**************************************************
Z=8, N=11, emax=4
RMSE Eb: 1.702
RMSE Rch: 0.009
MAPE Eb: 1.810
MAPE Rch: 0.254
--------------------------------------------------
**************************************************
Z=8, N=11, emax=6
RMSE Eb: 3.150
RMSE Rch: 0.008
MAPE Eb: 2.665
MAPE Rch: 0.209
--------------------------------------------------
**************************************************
Z=8, N=11, emax=10
RMSE Eb: 1.600
RMSE Rch: 0.012
MAPE Eb: 1.109
MAPE Rch: 0.329
--------------------------------------------------
**************************************************
Z=8, N=12, emax=6
RMSE Eb: 3.053
RMSE Rch: 0.011
MAPE Eb: 2.551
MAPE Rch: 0.316
--------------------------------------------------
**************************************************
Z=8, N=12, emax=8
RMSE Eb: 2.397
RMSE Rch: 0.014
MAPE Eb: 1.532
MAPE Rch: 0.376
--------------------------------------------------
**************************************************
Z=8, N=12, emax=4
RMSE Eb: 1.794
RMSE Rch: 0.011
MAPE Eb: 1.788
MAPE Rch: 0.305
--------------------------------------------------
**************************************************
Z=8, N=12, emax=10
RMSE Eb: 3.297
RMSE Rch: 0.011
MAPE Eb: 2.017
MAPE Rch: 0.307
--------------------------------------------------
**************************************************
Z=8, N=13, emax=8
RMSE Eb: 3.039
RMSE Rch: 0.011
MAPE Eb: 2.105
MAPE Rch: 0.312
--------------------------------------------------
**************************************************
Z=8, N=13, emax=4
RMSE Eb: 1.592
RMSE Rch: 0.010
MAPE Eb: 1.506
MAPE Rch: 0.267
--------------------------------------------------
**************************************************
Z=8, N=13, emax=6
RMSE Eb: 2.630
RMSE Rch: 0.012
MAPE Eb: 2.078
MAPE Rch: 0.331
--------------------------------------------------
**************************************************
Z=8, N=13, emax=10
RMSE Eb: 2.481
RMSE Rch: 0.020
MAPE Eb: 1.591
MAPE Rch: 0.544
--------------------------------------------------
**************************************************
Z=8, N=14, emax=6
RMSE Eb: 3.918
RMSE Rch: 0.013
MAPE Eb: 3.056
MAPE Rch: 0.355
--------------------------------------------------
**************************************************
Z=8, N=14, emax=10
RMSE Eb: 2.513
RMSE Rch: 0.015
MAPE Eb: 1.364
MAPE Rch: 0.464
--------------------------------------------------
**************************************************
Z=8, N=14, emax=4
RMSE Eb: 2.562
RMSE Rch: 0.013
MAPE Eb: 2.281
MAPE Rch: 0.327
--------------------------------------------------
**************************************************
Z=8, N=14, emax=8
RMSE Eb: 3.684
RMSE Rch: 0.017
MAPE Eb: 2.483
MAPE Rch: 0.477
--------------------------------------------------
**************************************************
Z=8, N=15, emax=8
RMSE Eb: 2.391
RMSE Rch: 0.015
MAPE Eb: 1.372
MAPE Rch: 0.396
--------------------------------------------------
**************************************************
Z=8, N=15, emax=6
RMSE Eb: 3.356
RMSE Rch: 0.013
MAPE Eb: 2.687
MAPE Rch: 0.343
--------------------------------------------------
**************************************************
Z=8, N=15, emax=4
RMSE Eb: 2.195
RMSE Rch: 0.015
MAPE Eb: 2.192
MAPE Rch: 0.375
--------------------------------------------------
**************************************************
Z=8, N=15, emax=10
RMSE Eb: 2.335
RMSE Rch: 0.014
MAPE Eb: 1.365
MAPE Rch: 0.357
--------------------------------------------------
**************************************************
Z=8, N=16, emax=4
RMSE Eb: 2.224
RMSE Rch: 0.016
MAPE Eb: 2.163
MAPE Rch: 0.408
--------------------------------------------------
**************************************************
Z=8, N=16, emax=8
RMSE Eb: 3.442
RMSE Rch: 0.017
MAPE Eb: 2.097
MAPE Rch: 0.485
--------------------------------------------------
**************************************************
Z=8, N=16, emax=6
RMSE Eb: 3.537
RMSE Rch: 0.015
MAPE Eb: 2.754
MAPE Rch: 0.405
--------------------------------------------------
**************************************************
Z=8, N=16, emax=10
RMSE Eb: 2.837
RMSE Rch: 0.007
MAPE Eb: 1.450
MAPE Rch: 0.165
--------------------------------------------------
