Activated conda environment
[DataLoader] Found 13 files matching the pattern.
[DataLoader] Combined data shape: (17234, 35)
[Preprocess] Data split => train: (11029, 35), val: (2758, 35), test: (3447, 35)
[Preprocess] Processed fidelity 4 (index 0): 3758 samples.
[Preprocess] Processed fidelity 6 (index 1): 3346 samples.
[Preprocess] Processed fidelity 8 (index 2): 3194 samples.
[Preprocess] Processed fidelity 10 (index 3): 731 samples.
[Preprocess] Processed fidelity 4 (index 0): 949 samples.
[Preprocess] Processed fidelity 6 (index 1): 833 samples.
[Preprocess] Processed fidelity 8 (index 2): 801 samples.
[Preprocess] Processed fidelity 10 (index 3): 175 samples.
Fidelity levels: [4, 6, 8, 10]
[Trainer] Starting BNN training...
[Trainer] No improvement. Iteration 8400. Early stopping counter: 1, LR counter: 1
[Trainer] No improvement. Iteration 8600. Early stopping counter: 1, LR counter: 1
[Trainer] No improvement. Iteration 9400. Early stopping counter: 1, LR counter: 1
[Trainer] No improvement. Iteration 9600. Early stopping counter: 1, LR counter: 1
[Trainer] No improvement. Iteration 10000. Early stopping counter: 1, LR counter: 1
[Trainer] No improvement. Iteration 10300. Early stopping counter: 1, LR counter: 1
[Trainer] No improvement. Iteration 10400. Early stopping counter: 2, LR counter: 2
[Trainer] No improvement. Iteration 10800. Early stopping counter: 1, LR counter: 1
[Trainer] No improvement. Iteration 11000. Early stopping counter: 1, LR counter: 1
[Trainer] No improvement. Iteration 11200. Early stopping counter: 1, LR counter: 1
[Trainer] No improvement. Iteration 11300. Early stopping counter: 2, LR counter: 2
[Trainer] No improvement. Iteration 11400. Early stopping counter: 3, LR counter: 3
[Trainer] No improvement. Iteration 11500. Early stopping counter: 4, LR counter: 4
[Trainer] No improvement. Iteration 11600. Early stopping counter: 5, LR counter: 5
[Trainer] No improvement. Iteration 11700. Early stopping counter: 6, LR counter: 6
[Trainer] No improvement. Iteration 11800. Early stopping counter: 7, LR counter: 7
[Trainer] No improvement. Iteration 11900. Early stopping counter: 8, LR counter: 8
[Trainer] No improvement. Iteration 12000. Early stopping counter: 9, LR counter: 9
[Trainer] No improvement. Iteration 12100. Early stopping counter: 10, LR counter: 10
[Trainer] No improvement. Iteration 12200. Early stopping counter: 11, LR counter: 11
[Trainer] No improvement. Iteration 12300. Early stopping counter: 12, LR counter: 12
[Trainer] No improvement. Iteration 12400. Early stopping counter: 13, LR counter: 13
[Trainer] No improvement. Iteration 12500. Early stopping counter: 14, LR counter: 14
[Trainer] No improvement. Iteration 12600. Early stopping counter: 15, LR counter: 15
[Trainer] No improvement. Iteration 12700. Early stopping counter: 16, LR counter: 16
[Trainer] No improvement. Iteration 12800. Early stopping counter: 17, LR counter: 17
[Trainer] No improvement. Iteration 12900. Early stopping counter: 18, LR counter: 18
[Trainer] No improvement. Iteration 13000. Early stopping counter: 19, LR counter: 19
[Trainer] No improvement. Iteration 13100. Early stopping counter: 20, LR counter: 20
[Trainer] No improvement. Iteration 13200. Early stopping counter: 21, LR counter: 21
[Trainer] No improvement. Iteration 13300. Early stopping counter: 22, LR counter: 22
[Trainer] No improvement. Iteration 13400. Early stopping counter: 23, LR counter: 23
[Trainer] No improvement. Iteration 13500. Early stopping counter: 24, LR counter: 24
[Trainer] No improvement. Iteration 13600. Early stopping counter: 25, LR counter: 25
[Trainer] Learning rate reduced to: 0.000010
[Trainer] No improvement. Iteration 13700. Early stopping counter: 26, LR counter: 1
[Trainer] No improvement. Iteration 13800. Early stopping counter: 27, LR counter: 2
[Trainer] No improvement. Iteration 13900. Early stopping counter: 28, LR counter: 3
[Trainer] No improvement. Iteration 14000. Early stopping counter: 29, LR counter: 4
[Trainer] No improvement. Iteration 14100. Early stopping counter: 30, LR counter: 5
[Trainer] No improvement. Iteration 14200. Early stopping counter: 31, LR counter: 6
[Trainer] No improvement. Iteration 14300. Early stopping counter: 32, LR counter: 7
[Trainer] No improvement. Iteration 14400. Early stopping counter: 33, LR counter: 8
[Trainer] No improvement. Iteration 14500. Early stopping counter: 34, LR counter: 9
[Trainer] No improvement. Iteration 14600. Early stopping counter: 35, LR counter: 10
[Trainer] No improvement. Iteration 14700. Early stopping counter: 36, LR counter: 11
[Trainer] No improvement. Iteration 14800. Early stopping counter: 37, LR counter: 12
[Trainer] No improvement. Iteration 14900. Early stopping counter: 38, LR counter: 13
[Trainer] No improvement. Iteration 15000. Early stopping counter: 39, LR counter: 14
[Trainer] No improvement. Iteration 15100. Early stopping counter: 40, LR counter: 15
[Trainer] No improvement. Iteration 15200. Early stopping counter: 41, LR counter: 16
[Trainer] No improvement. Iteration 15300. Early stopping counter: 42, LR counter: 17
[Trainer] No improvement. Iteration 15400. Early stopping counter: 43, LR counter: 18
[Trainer] No improvement. Iteration 15500. Early stopping counter: 44, LR counter: 19
[Trainer] No improvement. Iteration 15600. Early stopping counter: 45, LR counter: 20
[Trainer] No improvement. Iteration 15700. Early stopping counter: 46, LR counter: 21
[Trainer] No improvement. Iteration 15800. Early stopping counter: 47, LR counter: 22
[Trainer] No improvement. Iteration 15900. Early stopping counter: 48, LR counter: 23
[Trainer] No improvement. Iteration 16800. Early stopping counter: 1, LR counter: 1
[Trainer] No improvement. Iteration 17300. Early stopping counter: 1, LR counter: 1
[Trainer] No improvement. Iteration 17400. Early stopping counter: 2, LR counter: 2
[Trainer] No improvement. Iteration 17500. Early stopping counter: 3, LR counter: 3
[Trainer] No improvement. Iteration 17600. Early stopping counter: 4, LR counter: 4
[Trainer] No improvement. Iteration 17700. Early stopping counter: 5, LR counter: 5
[Trainer] No improvement. Iteration 17800. Early stopping counter: 6, LR counter: 6
[Trainer] No improvement. Iteration 17900. Early stopping counter: 7, LR counter: 7
[Trainer] No improvement. Iteration 18000. Early stopping counter: 8, LR counter: 8
[Trainer] No improvement. Iteration 18100. Early stopping counter: 9, LR counter: 9
[Trainer] No improvement. Iteration 18200. Early stopping counter: 10, LR counter: 10
[Trainer] No improvement. Iteration 18300. Early stopping counter: 11, LR counter: 11
[Trainer] No improvement. Iteration 18400. Early stopping counter: 12, LR counter: 12
[Trainer] No improvement. Iteration 18500. Early stopping counter: 13, LR counter: 13
[Trainer] No improvement. Iteration 18600. Early stopping counter: 14, LR counter: 14
[Trainer] No improvement. Iteration 18700. Early stopping counter: 15, LR counter: 15
[Trainer] No improvement. Iteration 18800. Early stopping counter: 16, LR counter: 16
[Trainer] No improvement. Iteration 18900. Early stopping counter: 17, LR counter: 17
[Trainer] No improvement. Iteration 19000. Early stopping counter: 18, LR counter: 18
[Trainer] No improvement. Iteration 19100. Early stopping counter: 19, LR counter: 19
[Trainer] No improvement. Iteration 19200. Early stopping counter: 20, LR counter: 20
[Trainer] No improvement. Iteration 19300. Early stopping counter: 21, LR counter: 21
[Trainer] No improvement. Iteration 19400. Early stopping counter: 22, LR counter: 22
[Trainer] No improvement. Iteration 19500. Early stopping counter: 23, LR counter: 23
[Trainer] No improvement. Iteration 19600. Early stopping counter: 24, LR counter: 24
[Trainer] No improvement. Iteration 19700. Early stopping counter: 25, LR counter: 25
[Trainer] Learning rate reduced to: 0.000001
[Trainer] No improvement. Iteration 19800. Early stopping counter: 26, LR counter: 1
[Trainer] No improvement. Iteration 19900. Early stopping counter: 27, LR counter: 2
[Trainer] No improvement. Iteration 20000. Early stopping counter: 28, LR counter: 3
[Trainer] No improvement. Iteration 20100. Early stopping counter: 29, LR counter: 4
[Trainer] No improvement. Iteration 20200. Early stopping counter: 30, LR counter: 5
[Trainer] No improvement. Iteration 20300. Early stopping counter: 31, LR counter: 6
[Trainer] No improvement. Iteration 20400. Early stopping counter: 32, LR counter: 7
[Trainer] No improvement. Iteration 20500. Early stopping counter: 33, LR counter: 8
[Trainer] No improvement. Iteration 20600. Early stopping counter: 34, LR counter: 9
[Trainer] No improvement. Iteration 20700. Early stopping counter: 35, LR counter: 10
[Trainer] No improvement. Iteration 20800. Early stopping counter: 36, LR counter: 11
[Trainer] No improvement. Iteration 20900. Early stopping counter: 37, LR counter: 12
[Trainer] No improvement. Iteration 21000. Early stopping counter: 38, LR counter: 13
[Trainer] No improvement. Iteration 21100. Early stopping counter: 39, LR counter: 14
[Trainer] No improvement. Iteration 21200. Early stopping counter: 40, LR counter: 15
[Trainer] No improvement. Iteration 21300. Early stopping counter: 41, LR counter: 16
[Trainer] No improvement. Iteration 21400. Early stopping counter: 42, LR counter: 17
[Trainer] No improvement. Iteration 21500. Early stopping counter: 43, LR counter: 18
[Trainer] No improvement. Iteration 21600. Early stopping counter: 44, LR counter: 19
[Trainer] No improvement. Iteration 21700. Early stopping counter: 45, LR counter: 20
[Trainer] No improvement. Iteration 21800. Early stopping counter: 46, LR counter: 21
[Trainer] No improvement. Iteration 21900. Early stopping counter: 47, LR counter: 22
[Trainer] No improvement. Iteration 22000. Early stopping counter: 48, LR counter: 23
[Trainer] No improvement. Iteration 22100. Early stopping counter: 49, LR counter: 24
[Trainer] No improvement. Iteration 22200. Early stopping counter: 50, LR counter: 25
[Trainer] Learning rate reduced to: 0.000000
[Trainer] Early stopping triggered.
[Trainer] Training completed.
[Trainer] Calibrating temperatures on validation set...
[Trainer] Temperature calibration finished. Calibrated temperatures: {4: 0.9686381220817566, 6: 0.879845142364502, 8: 1.0015324354171753, 10: 1.1988739967346191}
[Trainer] BNN training completed.
**************************************************
Z=8, N=4, emax=4
RMSE Eb: 0.505
RMSE Rch: 0.011
MAPE Eb: 1.326
MAPE Rch: 0.475
--------------------------------------------------
**************************************************
Z=8, N=4, emax=10
RMSE Eb: 1.025
RMSE Rch: 0.050
MAPE Eb: 1.560
MAPE Rch: 2.107
--------------------------------------------------
**************************************************
Z=8, N=4, emax=6
RMSE Eb: 1.121
RMSE Rch: 0.018
MAPE Eb: 2.354
MAPE Rch: 0.852
--------------------------------------------------
**************************************************
Z=8, N=4, emax=8
RMSE Eb: 0.797
RMSE Rch: 0.022
MAPE Eb: 1.335
MAPE Rch: 1.068
--------------------------------------------------
**************************************************
Z=8, N=5, emax=8
RMSE Eb: 0.976
RMSE Rch: 0.016
MAPE Eb: 1.217
MAPE Rch: 0.828
--------------------------------------------------
**************************************************
Z=8, N=5, emax=6
RMSE Eb: 1.297
RMSE Rch: 0.019
MAPE Eb: 1.811
MAPE Rch: 0.967
--------------------------------------------------
**************************************************
Z=8, N=5, emax=4
RMSE Eb: 0.840
RMSE Rch: 0.012
MAPE Eb: 1.598
MAPE Rch: 0.587
--------------------------------------------------
**************************************************
Z=8, N=5, emax=10
RMSE Eb: 0.394
RMSE Rch: 0.018
MAPE Eb: 0.483
MAPE Rch: 0.995
--------------------------------------------------
**************************************************
Z=8, N=6, emax=4
RMSE Eb: 0.601
RMSE Rch: 0.009
MAPE Eb: 0.877
MAPE Rch: 0.397
--------------------------------------------------
**************************************************
Z=8, N=6, emax=6
RMSE Eb: 1.236
RMSE Rch: 0.018
MAPE Eb: 1.360
MAPE Rch: 0.944
--------------------------------------------------
**************************************************
Z=8, N=6, emax=8
RMSE Eb: 1.056
RMSE Rch: 0.015
MAPE Eb: 1.004
MAPE Rch: 0.687
--------------------------------------------------
**************************************************
Z=8, N=6, emax=10
RMSE Eb: 1.159
RMSE Rch: 0.021
MAPE Eb: 1.073
MAPE Rch: 1.009
--------------------------------------------------
**************************************************
Z=8, N=7, emax=8
RMSE Eb: 1.386
RMSE Rch: 0.014
MAPE Eb: 1.108
MAPE Rch: 0.699
--------------------------------------------------
**************************************************
Z=8, N=7, emax=10
RMSE Eb: 0.984
RMSE Rch: 0.011
MAPE Eb: 0.782
MAPE Rch: 0.679
--------------------------------------------------
**************************************************
Z=8, N=7, emax=6
RMSE Eb: 1.784
RMSE Rch: 0.017
MAPE Eb: 1.771
MAPE Rch: 0.824
--------------------------------------------------
**************************************************
Z=8, N=7, emax=4
RMSE Eb: 1.062
RMSE Rch: 0.011
MAPE Eb: 1.032
MAPE Rch: 0.528
--------------------------------------------------
**************************************************
Z=8, N=8, emax=4
RMSE Eb: 0.923
RMSE Rch: 0.010
MAPE Eb: 1.037
MAPE Rch: 0.282
--------------------------------------------------
**************************************************
Z=8, N=8, emax=8
RMSE Eb: 1.133
RMSE Rch: 0.015
MAPE Eb: 0.878
MAPE Rch: 0.419
--------------------------------------------------
**************************************************
Z=8, N=8, emax=6
RMSE Eb: 1.339
RMSE Rch: 0.015
MAPE Eb: 1.001
MAPE Rch: 0.446
--------------------------------------------------
**************************************************
Z=8, N=8, emax=10
RMSE Eb: 0.886
RMSE Rch: 0.019
MAPE Eb: 0.683
MAPE Rch: 0.554
--------------------------------------------------
**************************************************
Z=8, N=9, emax=8
RMSE Eb: 1.322
RMSE Rch: 0.014
MAPE Eb: 0.974
MAPE Rch: 0.435
--------------------------------------------------
**************************************************
Z=8, N=9, emax=6
RMSE Eb: 1.166
RMSE Rch: 0.016
MAPE Eb: 0.912
MAPE Rch: 0.484
--------------------------------------------------
**************************************************
Z=8, N=9, emax=4
RMSE Eb: 1.159
RMSE Rch: 0.011
MAPE Eb: 1.218
MAPE Rch: 0.315
--------------------------------------------------
**************************************************
Z=8, N=9, emax=10
RMSE Eb: 1.163
RMSE Rch: 0.012
MAPE Eb: 0.840
MAPE Rch: 0.343
--------------------------------------------------
**************************************************
Z=8, N=10, emax=4
RMSE Eb: 1.254
RMSE Rch: 0.012
MAPE Eb: 1.189
MAPE Rch: 0.331
--------------------------------------------------
**************************************************
Z=8, N=10, emax=10
RMSE Eb: 1.054
RMSE Rch: 0.012
MAPE Eb: 0.741
MAPE Rch: 0.331
--------------------------------------------------
**************************************************
Z=8, N=10, emax=6
RMSE Eb: 1.604
RMSE Rch: 0.018
MAPE Eb: 1.417
MAPE Rch: 0.565
--------------------------------------------------
**************************************************
Z=8, N=10, emax=8
RMSE Eb: 1.336
RMSE Rch: 0.018
MAPE Eb: 0.903
MAPE Rch: 0.532
--------------------------------------------------
**************************************************
Z=8, N=11, emax=4
RMSE Eb: 1.204
RMSE Rch: 0.010
MAPE Eb: 1.253
MAPE Rch: 0.255
--------------------------------------------------
**************************************************
Z=8, N=11, emax=6
RMSE Eb: 1.250
RMSE Rch: 0.016
MAPE Eb: 0.936
MAPE Rch: 0.477
--------------------------------------------------
**************************************************
Z=8, N=11, emax=8
RMSE Eb: 1.274
RMSE Rch: 0.012
MAPE Eb: 0.880
MAPE Rch: 0.355
--------------------------------------------------
**************************************************
Z=8, N=11, emax=10
RMSE Eb: 1.478
RMSE Rch: 0.013
MAPE Eb: 0.981
MAPE Rch: 0.399
--------------------------------------------------
**************************************************
Z=8, N=12, emax=6
RMSE Eb: 1.432
RMSE Rch: 0.015
MAPE Eb: 1.121
MAPE Rch: 0.446
--------------------------------------------------
**************************************************
Z=8, N=12, emax=4
RMSE Eb: 1.279
RMSE Rch: 0.011
MAPE Eb: 1.328
MAPE Rch: 0.313
--------------------------------------------------
**************************************************
Z=8, N=12, emax=8
RMSE Eb: 1.288
RMSE Rch: 0.012
MAPE Eb: 0.860
MAPE Rch: 0.284
--------------------------------------------------
**************************************************
Z=8, N=12, emax=10
RMSE Eb: 1.690
RMSE Rch: 0.011
MAPE Eb: 1.155
MAPE Rch: 0.316
--------------------------------------------------
**************************************************
Z=8, N=13, emax=8
RMSE Eb: 1.191
RMSE Rch: 0.012
MAPE Eb: 0.809
MAPE Rch: 0.318
--------------------------------------------------
**************************************************
Z=8, N=13, emax=4
RMSE Eb: 1.072
RMSE Rch: 0.011
MAPE Eb: 1.068
MAPE Rch: 0.298
--------------------------------------------------
**************************************************
Z=8, N=13, emax=10
RMSE Eb: 1.343
RMSE Rch: 0.010
MAPE Eb: 0.811
MAPE Rch: 0.307
--------------------------------------------------
**************************************************
Z=8, N=13, emax=6
RMSE Eb: 1.339
RMSE Rch: 0.017
MAPE Eb: 1.039
MAPE Rch: 0.519
--------------------------------------------------
**************************************************
Z=8, N=14, emax=8
RMSE Eb: 1.352
RMSE Rch: 0.016
MAPE Eb: 0.824
MAPE Rch: 0.441
--------------------------------------------------
**************************************************
Z=8, N=14, emax=4
RMSE Eb: 1.307
RMSE Rch: 0.011
MAPE Eb: 1.266
MAPE Rch: 0.321
--------------------------------------------------
**************************************************
Z=8, N=14, emax=6
RMSE Eb: 1.640
RMSE Rch: 0.019
MAPE Eb: 1.221
MAPE Rch: 0.599
--------------------------------------------------
**************************************************
Z=8, N=14, emax=10
RMSE Eb: 1.256
RMSE Rch: 0.012
MAPE Eb: 0.841
MAPE Rch: 0.308
--------------------------------------------------
**************************************************
Z=8, N=15, emax=8
RMSE Eb: 1.454
RMSE Rch: 0.012
MAPE Eb: 0.864
MAPE Rch: 0.330
--------------------------------------------------
**************************************************
Z=8, N=15, emax=4
RMSE Eb: 1.441
RMSE Rch: 0.011
MAPE Eb: 1.363
MAPE Rch: 0.300
--------------------------------------------------
**************************************************
Z=8, N=15, emax=6
RMSE Eb: 1.506
RMSE Rch: 0.014
MAPE Eb: 1.055
MAPE Rch: 0.416
--------------------------------------------------
**************************************************
Z=8, N=15, emax=10
RMSE Eb: 1.066
RMSE Rch: 0.011
MAPE Eb: 0.592
MAPE Rch: 0.319
--------------------------------------------------
**************************************************
Z=8, N=16, emax=8
RMSE Eb: 1.474
RMSE Rch: 0.015
MAPE Eb: 0.924
MAPE Rch: 0.429
--------------------------------------------------
**************************************************
Z=8, N=16, emax=6
RMSE Eb: 2.221
RMSE Rch: 0.022
MAPE Eb: 1.631
MAPE Rch: 0.669
--------------------------------------------------
**************************************************
Z=8, N=16, emax=10
RMSE Eb: 1.351
RMSE Rch: 0.012
MAPE Eb: 0.793
MAPE Rch: 0.322
--------------------------------------------------
**************************************************
Z=8, N=16, emax=4
RMSE Eb: 1.595
RMSE Rch: 0.011
MAPE Eb: 1.615
MAPE Rch: 0.283
--------------------------------------------------
Finished VAL for AE n=192
**************************************************
Z=8, N=4, emax=6
RMSE Eb: 1.117
RMSE Rch: 0.018
MAPE Eb: 2.155
MAPE Rch: 0.880
--------------------------------------------------
**************************************************
Z=8, N=4, emax=8
RMSE Eb: 0.839
RMSE Rch: 0.020
MAPE Eb: 1.346
MAPE Rch: 0.935
--------------------------------------------------
**************************************************
Z=8, N=4, emax=4
RMSE Eb: 0.596
RMSE Rch: 0.009
MAPE Eb: 1.673
MAPE Rch: 0.392
--------------------------------------------------
**************************************************
Z=8, N=4, emax=10
RMSE Eb: 1.093
RMSE Rch: 0.035
MAPE Eb: 1.585
MAPE Rch: 1.742
--------------------------------------------------
**************************************************
Z=8, N=5, emax=4
RMSE Eb: 0.756
RMSE Rch: 0.013
MAPE Eb: 1.466
MAPE Rch: 0.641
--------------------------------------------------
**************************************************
Z=8, N=5, emax=8
RMSE Eb: 0.900
RMSE Rch: 0.019
MAPE Eb: 1.135
MAPE Rch: 0.924
--------------------------------------------------
**************************************************
Z=8, N=5, emax=6
RMSE Eb: 1.268
RMSE Rch: 0.020
MAPE Eb: 2.003
MAPE Rch: 1.044
--------------------------------------------------
**************************************************
Z=8, N=5, emax=10
RMSE Eb: 1.134
RMSE Rch: 0.018
MAPE Eb: 1.160
MAPE Rch: 0.803
--------------------------------------------------
**************************************************
Z=8, N=6, emax=4
RMSE Eb: 0.683
RMSE Rch: 0.011
MAPE Eb: 0.895
MAPE Rch: 0.489
--------------------------------------------------
**************************************************
Z=8, N=6, emax=8
RMSE Eb: 1.274
RMSE Rch: 0.018
MAPE Eb: 1.199
MAPE Rch: 0.856
--------------------------------------------------
**************************************************
Z=8, N=6, emax=6
RMSE Eb: 1.327
RMSE Rch: 0.020
MAPE Eb: 1.395
MAPE Rch: 1.051
--------------------------------------------------
**************************************************
Z=8, N=6, emax=10
RMSE Eb: 0.927
RMSE Rch: 0.014
MAPE Eb: 0.859
MAPE Rch: 0.725
--------------------------------------------------
**************************************************
Z=8, N=7, emax=4
RMSE Eb: 0.963
RMSE Rch: 0.011
MAPE Eb: 1.044
MAPE Rch: 0.547
--------------------------------------------------
**************************************************
Z=8, N=7, emax=8
RMSE Eb: 1.576
RMSE Rch: 0.014
MAPE Eb: 1.284
MAPE Rch: 0.666
--------------------------------------------------
**************************************************
Z=8, N=7, emax=6
RMSE Eb: 1.429
RMSE Rch: 0.015
MAPE Eb: 1.441
MAPE Rch: 0.793
--------------------------------------------------
**************************************************
Z=8, N=7, emax=10
RMSE Eb: 1.032
RMSE Rch: 0.012
MAPE Eb: 0.834
MAPE Rch: 0.718
--------------------------------------------------
**************************************************
Z=8, N=8, emax=4
RMSE Eb: 0.943
RMSE Rch: 0.011
MAPE Eb: 0.992
MAPE Rch: 0.323
--------------------------------------------------
**************************************************
Z=8, N=8, emax=6
RMSE Eb: 1.372
RMSE Rch: 0.017
MAPE Eb: 1.136
MAPE Rch: 0.462
--------------------------------------------------
**************************************************
Z=8, N=8, emax=8
RMSE Eb: 1.005
RMSE Rch: 0.014
MAPE Eb: 0.813
MAPE Rch: 0.390
--------------------------------------------------
**************************************************
Z=8, N=8, emax=10
RMSE Eb: 1.571
RMSE Rch: 0.012
MAPE Eb: 1.209
MAPE Rch: 0.341
--------------------------------------------------
**************************************************
Z=8, N=9, emax=4
RMSE Eb: 1.173
RMSE Rch: 0.012
MAPE Eb: 1.261
MAPE Rch: 0.330
--------------------------------------------------
**************************************************
Z=8, N=9, emax=8
RMSE Eb: 1.547
RMSE Rch: 0.014
MAPE Eb: 1.125
MAPE Rch: 0.433
--------------------------------------------------
**************************************************
Z=8, N=9, emax=6
RMSE Eb: 1.159
RMSE Rch: 0.016
MAPE Eb: 0.887
MAPE Rch: 0.463
--------------------------------------------------
**************************************************
Z=8, N=9, emax=10
RMSE Eb: 1.540
RMSE Rch: 0.015
MAPE Eb: 1.098
MAPE Rch: 0.485
--------------------------------------------------
**************************************************
Z=8, N=10, emax=4
RMSE Eb: 0.938
RMSE Rch: 0.012
MAPE Eb: 0.961
MAPE Rch: 0.337
--------------------------------------------------
**************************************************
Z=8, N=10, emax=6
RMSE Eb: 1.722
RMSE Rch: 0.017
MAPE Eb: 1.461
MAPE Rch: 0.524
--------------------------------------------------
**************************************************
Z=8, N=10, emax=8
RMSE Eb: 1.092
RMSE Rch: 0.015
MAPE Eb: 0.728
MAPE Rch: 0.438
--------------------------------------------------
**************************************************
Z=8, N=10, emax=10
RMSE Eb: 1.203
RMSE Rch: 0.014
MAPE Eb: 0.830
MAPE Rch: 0.420
--------------------------------------------------
**************************************************
Z=8, N=11, emax=8
RMSE Eb: 1.365
RMSE Rch: 0.013
MAPE Eb: 0.934
MAPE Rch: 0.380
--------------------------------------------------
**************************************************
Z=8, N=11, emax=4
RMSE Eb: 1.284
RMSE Rch: 0.011
MAPE Eb: 1.344
MAPE Rch: 0.294
--------------------------------------------------
**************************************************
Z=8, N=11, emax=6
RMSE Eb: 1.268
RMSE Rch: 0.016
MAPE Eb: 1.095
MAPE Rch: 0.493
--------------------------------------------------
**************************************************
Z=8, N=11, emax=10
RMSE Eb: 1.013
RMSE Rch: 0.013
MAPE Eb: 0.658
MAPE Rch: 0.387
--------------------------------------------------
**************************************************
Z=8, N=12, emax=6
RMSE Eb: 1.300
RMSE Rch: 0.013
MAPE Eb: 1.026
MAPE Rch: 0.397
--------------------------------------------------
**************************************************
Z=8, N=12, emax=8
RMSE Eb: 1.452
RMSE Rch: 0.012
MAPE Eb: 0.946
MAPE Rch: 0.328
--------------------------------------------------
**************************************************
Z=8, N=12, emax=4
RMSE Eb: 1.140
RMSE Rch: 0.011
MAPE Eb: 1.163
MAPE Rch: 0.291
--------------------------------------------------
**************************************************
Z=8, N=12, emax=10
RMSE Eb: 1.053
RMSE Rch: 0.010
MAPE Eb: 0.647
MAPE Rch: 0.291
--------------------------------------------------
**************************************************
Z=8, N=13, emax=8
RMSE Eb: 1.199
RMSE Rch: 0.012
MAPE Eb: 0.793
MAPE Rch: 0.356
--------------------------------------------------
**************************************************
Z=8, N=13, emax=4
RMSE Eb: 1.136
RMSE Rch: 0.011
MAPE Eb: 1.166
MAPE Rch: 0.286
--------------------------------------------------
**************************************************
Z=8, N=13, emax=6
RMSE Eb: 1.693
RMSE Rch: 0.016
MAPE Eb: 1.274
MAPE Rch: 0.516
--------------------------------------------------
**************************************************
Z=8, N=13, emax=10
RMSE Eb: 0.991
RMSE Rch: 0.008
MAPE Eb: 0.627
MAPE Rch: 0.232
--------------------------------------------------
**************************************************
Z=8, N=14, emax=6
RMSE Eb: 1.787
RMSE Rch: 0.023
MAPE Eb: 1.306
MAPE Rch: 0.718
--------------------------------------------------
**************************************************
Z=8, N=14, emax=10
RMSE Eb: 1.143
RMSE Rch: 0.014
MAPE Eb: 0.694
MAPE Rch: 0.388
--------------------------------------------------
**************************************************
Z=8, N=14, emax=4
RMSE Eb: 1.318
RMSE Rch: 0.010
MAPE Eb: 1.436
MAPE Rch: 0.276
--------------------------------------------------
**************************************************
Z=8, N=14, emax=8
RMSE Eb: 1.396
RMSE Rch: 0.017
MAPE Eb: 0.915
MAPE Rch: 0.489
--------------------------------------------------
**************************************************
Z=8, N=15, emax=8
RMSE Eb: 1.487
RMSE Rch: 0.015
MAPE Eb: 0.862
MAPE Rch: 0.428
--------------------------------------------------
**************************************************
Z=8, N=15, emax=6
RMSE Eb: 1.593
RMSE Rch: 0.017
MAPE Eb: 1.121
MAPE Rch: 0.526
--------------------------------------------------
**************************************************
Z=8, N=15, emax=4
RMSE Eb: 1.283
RMSE Rch: 0.009
MAPE Eb: 1.288
MAPE Rch: 0.269
--------------------------------------------------
**************************************************
Z=8, N=15, emax=10
RMSE Eb: 1.140
RMSE Rch: 0.009
MAPE Eb: 0.690
MAPE Rch: 0.247
--------------------------------------------------
**************************************************
Z=8, N=16, emax=4
RMSE Eb: 1.459
RMSE Rch: 0.010
MAPE Eb: 1.401
MAPE Rch: 0.282
--------------------------------------------------
**************************************************
Z=8, N=16, emax=8
RMSE Eb: 1.432
RMSE Rch: 0.014
MAPE Eb: 0.881
MAPE Rch: 0.416
--------------------------------------------------
**************************************************
Z=8, N=16, emax=6
RMSE Eb: 2.121
RMSE Rch: 0.022
MAPE Eb: 1.631
MAPE Rch: 0.662
--------------------------------------------------
**************************************************
Z=8, N=16, emax=10
RMSE Eb: 1.171
RMSE Rch: 0.008
MAPE Eb: 0.644
MAPE Rch: 0.234
--------------------------------------------------
