Activated conda environment
[DataLoader] Found 13 files matching the pattern.
[DataLoader] Combined data shape: (17234, 35)
[Preprocess] Data split => train: (11029, 35), val: (2758, 35), test: (3447, 35)
[Preprocess] Processed fidelity 4 (index 0): 3758 samples.
[Preprocess] Processed fidelity 6 (index 1): 3346 samples.
[Preprocess] Processed fidelity 8 (index 2): 3194 samples.
[Preprocess] Processed fidelity 10 (index 3): 731 samples.
[Preprocess] Processed fidelity 4 (index 0): 949 samples.
[Preprocess] Processed fidelity 6 (index 1): 833 samples.
[Preprocess] Processed fidelity 8 (index 2): 801 samples.
[Preprocess] Processed fidelity 10 (index 3): 175 samples.
Fidelity levels: [4, 6, 8, 10]
[Trainer] Starting BNN training...
[Trainer] No improvement. Iteration 9100. Early stopping counter: 1, LR counter: 1
[Trainer] No improvement. Iteration 9200. Early stopping counter: 2, LR counter: 2
[Trainer] No improvement. Iteration 9300. Early stopping counter: 3, LR counter: 3
[Trainer] No improvement. Iteration 9400. Early stopping counter: 4, LR counter: 4
[Trainer] No improvement. Iteration 9500. Early stopping counter: 5, LR counter: 5
[Trainer] No improvement. Iteration 9600. Early stopping counter: 6, LR counter: 6
[Trainer] No improvement. Iteration 9700. Early stopping counter: 7, LR counter: 7
[Trainer] No improvement. Iteration 9800. Early stopping counter: 8, LR counter: 8
[Trainer] No improvement. Iteration 9900. Early stopping counter: 9, LR counter: 9
[Trainer] No improvement. Iteration 10000. Early stopping counter: 10, LR counter: 10
[Trainer] No improvement. Iteration 10100. Early stopping counter: 11, LR counter: 11
[Trainer] No improvement. Iteration 10200. Early stopping counter: 12, LR counter: 12
[Trainer] No improvement. Iteration 10300. Early stopping counter: 13, LR counter: 13
[Trainer] No improvement. Iteration 10400. Early stopping counter: 14, LR counter: 14
[Trainer] No improvement. Iteration 10500. Early stopping counter: 15, LR counter: 15
[Trainer] No improvement. Iteration 10900. Early stopping counter: 1, LR counter: 1
[Trainer] No improvement. Iteration 11000. Early stopping counter: 2, LR counter: 2
[Trainer] No improvement. Iteration 11100. Early stopping counter: 3, LR counter: 3
[Trainer] No improvement. Iteration 11200. Early stopping counter: 4, LR counter: 4
[Trainer] No improvement. Iteration 11300. Early stopping counter: 5, LR counter: 5
[Trainer] No improvement. Iteration 11400. Early stopping counter: 6, LR counter: 6
[Trainer] No improvement. Iteration 11500. Early stopping counter: 7, LR counter: 7
[Trainer] No improvement. Iteration 11600. Early stopping counter: 8, LR counter: 8
[Trainer] No improvement. Iteration 11700. Early stopping counter: 9, LR counter: 9
[Trainer] No improvement. Iteration 11800. Early stopping counter: 10, LR counter: 10
[Trainer] No improvement. Iteration 11900. Early stopping counter: 11, LR counter: 11
[Trainer] No improvement. Iteration 12000. Early stopping counter: 12, LR counter: 12
[Trainer] No improvement. Iteration 12100. Early stopping counter: 13, LR counter: 13
[Trainer] No improvement. Iteration 12200. Early stopping counter: 14, LR counter: 14
[Trainer] No improvement. Iteration 12300. Early stopping counter: 15, LR counter: 15
[Trainer] No improvement. Iteration 12400. Early stopping counter: 16, LR counter: 16
[Trainer] No improvement. Iteration 12500. Early stopping counter: 17, LR counter: 17
[Trainer] No improvement. Iteration 12600. Early stopping counter: 18, LR counter: 18
[Trainer] No improvement. Iteration 12700. Early stopping counter: 19, LR counter: 19
[Trainer] No improvement. Iteration 12800. Early stopping counter: 20, LR counter: 20
[Trainer] No improvement. Iteration 12900. Early stopping counter: 21, LR counter: 21
[Trainer] No improvement. Iteration 13000. Early stopping counter: 22, LR counter: 22
[Trainer] No improvement. Iteration 13100. Early stopping counter: 23, LR counter: 23
[Trainer] No improvement. Iteration 13400. Early stopping counter: 1, LR counter: 1
[Trainer] No improvement. Iteration 13600. Early stopping counter: 1, LR counter: 1
[Trainer] No improvement. Iteration 13900. Early stopping counter: 1, LR counter: 1
[Trainer] No improvement. Iteration 14500. Early stopping counter: 1, LR counter: 1
[Trainer] No improvement. Iteration 14600. Early stopping counter: 2, LR counter: 2
[Trainer] No improvement. Iteration 15000. Early stopping counter: 1, LR counter: 1
[Trainer] No improvement. Iteration 15400. Early stopping counter: 1, LR counter: 1
[Trainer] No improvement. Iteration 15700. Early stopping counter: 1, LR counter: 1
[Trainer] No improvement. Iteration 15800. Early stopping counter: 2, LR counter: 2
[Trainer] No improvement. Iteration 15900. Early stopping counter: 3, LR counter: 3
[Trainer] No improvement. Iteration 16100. Early stopping counter: 1, LR counter: 1
[Trainer] No improvement. Iteration 16200. Early stopping counter: 2, LR counter: 2
[Trainer] No improvement. Iteration 16400. Early stopping counter: 1, LR counter: 1
[Trainer] No improvement. Iteration 16500. Early stopping counter: 2, LR counter: 2
[Trainer] No improvement. Iteration 16900. Early stopping counter: 1, LR counter: 1
[Trainer] No improvement. Iteration 17000. Early stopping counter: 2, LR counter: 2
[Trainer] No improvement. Iteration 17200. Early stopping counter: 1, LR counter: 1
[Trainer] No improvement. Iteration 17400. Early stopping counter: 1, LR counter: 1
[Trainer] No improvement. Iteration 17500. Early stopping counter: 2, LR counter: 2
[Trainer] No improvement. Iteration 17700. Early stopping counter: 1, LR counter: 1
[Trainer] No improvement. Iteration 17800. Early stopping counter: 2, LR counter: 2
[Trainer] No improvement. Iteration 18100. Early stopping counter: 1, LR counter: 1
[Trainer] No improvement. Iteration 18300. Early stopping counter: 1, LR counter: 1
[Trainer] No improvement. Iteration 18400. Early stopping counter: 2, LR counter: 2
[Trainer] No improvement. Iteration 18500. Early stopping counter: 3, LR counter: 3
[Trainer] No improvement. Iteration 18600. Early stopping counter: 4, LR counter: 4
[Trainer] No improvement. Iteration 18700. Early stopping counter: 5, LR counter: 5
[Trainer] No improvement. Iteration 18800. Early stopping counter: 6, LR counter: 6
[Trainer] No improvement. Iteration 18900. Early stopping counter: 7, LR counter: 7
[Trainer] No improvement. Iteration 19000. Early stopping counter: 8, LR counter: 8
[Trainer] No improvement. Iteration 19100. Early stopping counter: 9, LR counter: 9
[Trainer] No improvement. Iteration 19200. Early stopping counter: 10, LR counter: 10
[Trainer] No improvement. Iteration 19300. Early stopping counter: 11, LR counter: 11
[Trainer] No improvement. Iteration 19400. Early stopping counter: 12, LR counter: 12
[Trainer] No improvement. Iteration 19500. Early stopping counter: 13, LR counter: 13
[Trainer] No improvement. Iteration 19600. Early stopping counter: 14, LR counter: 14
[Trainer] No improvement. Iteration 19700. Early stopping counter: 15, LR counter: 15
[Trainer] No improvement. Iteration 19800. Early stopping counter: 16, LR counter: 16
[Trainer] No improvement. Iteration 19900. Early stopping counter: 17, LR counter: 17
[Trainer] No improvement. Iteration 20000. Early stopping counter: 18, LR counter: 18
[Trainer] No improvement. Iteration 20100. Early stopping counter: 19, LR counter: 19
[Trainer] No improvement. Iteration 20200. Early stopping counter: 20, LR counter: 20
[Trainer] No improvement. Iteration 20300. Early stopping counter: 21, LR counter: 21
[Trainer] No improvement. Iteration 20400. Early stopping counter: 22, LR counter: 22
[Trainer] No improvement. Iteration 20500. Early stopping counter: 23, LR counter: 23
[Trainer] No improvement. Iteration 20600. Early stopping counter: 24, LR counter: 24
[Trainer] No improvement. Iteration 20700. Early stopping counter: 25, LR counter: 25
[Trainer] Learning rate reduced to: 0.000010
[Trainer] No improvement. Iteration 20800. Early stopping counter: 26, LR counter: 1
[Trainer] No improvement. Iteration 20900. Early stopping counter: 27, LR counter: 2
[Trainer] No improvement. Iteration 21000. Early stopping counter: 28, LR counter: 3
[Trainer] No improvement. Iteration 21100. Early stopping counter: 29, LR counter: 4
[Trainer] No improvement. Iteration 21200. Early stopping counter: 30, LR counter: 5
[Trainer] No improvement. Iteration 21300. Early stopping counter: 31, LR counter: 6
[Trainer] No improvement. Iteration 21400. Early stopping counter: 32, LR counter: 7
[Trainer] No improvement. Iteration 21500. Early stopping counter: 33, LR counter: 8
[Trainer] No improvement. Iteration 21600. Early stopping counter: 34, LR counter: 9
[Trainer] No improvement. Iteration 21700. Early stopping counter: 35, LR counter: 10
[Trainer] No improvement. Iteration 21800. Early stopping counter: 36, LR counter: 11
[Trainer] No improvement. Iteration 21900. Early stopping counter: 37, LR counter: 12
[Trainer] No improvement. Iteration 22000. Early stopping counter: 38, LR counter: 13
[Trainer] No improvement. Iteration 22100. Early stopping counter: 39, LR counter: 14
[Trainer] No improvement. Iteration 22200. Early stopping counter: 40, LR counter: 15
[Trainer] No improvement. Iteration 22300. Early stopping counter: 41, LR counter: 16
[Trainer] No improvement. Iteration 22400. Early stopping counter: 42, LR counter: 17
[Trainer] No improvement. Iteration 22500. Early stopping counter: 43, LR counter: 18
[Trainer] No improvement. Iteration 22600. Early stopping counter: 44, LR counter: 19
[Trainer] No improvement. Iteration 22700. Early stopping counter: 45, LR counter: 20
[Trainer] No improvement. Iteration 22800. Early stopping counter: 46, LR counter: 21
[Trainer] No improvement. Iteration 22900. Early stopping counter: 47, LR counter: 22
[Trainer] No improvement. Iteration 23000. Early stopping counter: 48, LR counter: 23
[Trainer] No improvement. Iteration 23100. Early stopping counter: 49, LR counter: 24
[Trainer] No improvement. Iteration 23200. Early stopping counter: 50, LR counter: 25
[Trainer] Learning rate reduced to: 0.000001
[Trainer] Early stopping triggered.
[Trainer] Training completed.
[Trainer] Calibrating temperatures on validation set...
[Trainer] Temperature calibration finished. Calibrated temperatures: {4: 1.063053011894226, 6: 0.9149085879325867, 8: 1.0133450031280518, 10: 1.0195719003677368}
[Trainer] BNN training completed.
**************************************************
Z=8, N=4, emax=4
RMSE Eb: 0.620
RMSE Rch: 0.010
MAPE Eb: 1.813
MAPE Rch: 0.486
--------------------------------------------------
**************************************************
Z=8, N=4, emax=10
RMSE Eb: 0.837
RMSE Rch: 0.048
MAPE Eb: 1.365
MAPE Rch: 2.145
--------------------------------------------------
**************************************************
Z=8, N=4, emax=6
RMSE Eb: 1.011
RMSE Rch: 0.018
MAPE Eb: 1.863
MAPE Rch: 0.860
--------------------------------------------------
**************************************************
Z=8, N=4, emax=8
RMSE Eb: 0.802
RMSE Rch: 0.027
MAPE Eb: 1.308
MAPE Rch: 1.281
--------------------------------------------------
**************************************************
Z=8, N=5, emax=8
RMSE Eb: 1.065
RMSE Rch: 0.023
MAPE Eb: 1.321
MAPE Rch: 1.096
--------------------------------------------------
**************************************************
Z=8, N=5, emax=6
RMSE Eb: 0.706
RMSE Rch: 0.013
MAPE Eb: 0.996
MAPE Rch: 0.561
--------------------------------------------------
**************************************************
Z=8, N=5, emax=4
RMSE Eb: 0.906
RMSE Rch: 0.014
MAPE Eb: 1.789
MAPE Rch: 0.614
--------------------------------------------------
**************************************************
Z=8, N=5, emax=10
RMSE Eb: 1.200
RMSE Rch: 0.012
MAPE Eb: 1.532
MAPE Rch: 0.596
--------------------------------------------------
**************************************************
Z=8, N=6, emax=4
RMSE Eb: 0.763
RMSE Rch: 0.012
MAPE Eb: 1.109
MAPE Rch: 0.542
--------------------------------------------------
**************************************************
Z=8, N=6, emax=6
RMSE Eb: 0.750
RMSE Rch: 0.010
MAPE Eb: 0.812
MAPE Rch: 0.438
--------------------------------------------------
**************************************************
Z=8, N=6, emax=8
RMSE Eb: 1.127
RMSE Rch: 0.023
MAPE Eb: 1.110
MAPE Rch: 1.075
--------------------------------------------------
**************************************************
Z=8, N=6, emax=10
RMSE Eb: 1.133
RMSE Rch: 0.019
MAPE Eb: 1.014
MAPE Rch: 0.887
--------------------------------------------------
**************************************************
Z=8, N=7, emax=8
RMSE Eb: 1.331
RMSE Rch: 0.023
MAPE Eb: 1.074
MAPE Rch: 1.155
--------------------------------------------------
**************************************************
Z=8, N=7, emax=10
RMSE Eb: 1.102
RMSE Rch: 0.019
MAPE Eb: 0.718
MAPE Rch: 1.074
--------------------------------------------------
**************************************************
Z=8, N=7, emax=6
RMSE Eb: 1.105
RMSE Rch: 0.018
MAPE Eb: 1.031
MAPE Rch: 0.938
--------------------------------------------------
**************************************************
Z=8, N=7, emax=4
RMSE Eb: 0.940
RMSE Rch: 0.011
MAPE Eb: 1.121
MAPE Rch: 0.516
--------------------------------------------------
**************************************************
Z=8, N=8, emax=4
RMSE Eb: 0.885
RMSE Rch: 0.011
MAPE Eb: 0.960
MAPE Rch: 0.279
--------------------------------------------------
**************************************************
Z=8, N=8, emax=8
RMSE Eb: 1.886
RMSE Rch: 0.032
MAPE Eb: 1.312
MAPE Rch: 0.891
--------------------------------------------------
**************************************************
Z=8, N=8, emax=6
RMSE Eb: 1.120
RMSE Rch: 0.012
MAPE Eb: 0.953
MAPE Rch: 0.325
--------------------------------------------------
**************************************************
Z=8, N=8, emax=10
RMSE Eb: 1.353
RMSE Rch: 0.015
MAPE Eb: 1.047
MAPE Rch: 0.469
--------------------------------------------------
**************************************************
Z=8, N=9, emax=8
RMSE Eb: 1.358
RMSE Rch: 0.018
MAPE Eb: 1.036
MAPE Rch: 0.542
--------------------------------------------------
**************************************************
Z=8, N=9, emax=6
RMSE Eb: 1.010
RMSE Rch: 0.010
MAPE Eb: 0.862
MAPE Rch: 0.274
--------------------------------------------------
**************************************************
Z=8, N=9, emax=4
RMSE Eb: 1.180
RMSE Rch: 0.010
MAPE Eb: 1.277
MAPE Rch: 0.294
--------------------------------------------------
**************************************************
Z=8, N=9, emax=10
RMSE Eb: 1.278
RMSE Rch: 0.013
MAPE Eb: 0.999
MAPE Rch: 0.405
--------------------------------------------------
**************************************************
Z=8, N=10, emax=4
RMSE Eb: 1.040
RMSE Rch: 0.008
MAPE Eb: 1.094
MAPE Rch: 0.201
--------------------------------------------------
**************************************************
Z=8, N=10, emax=10
RMSE Eb: 1.641
RMSE Rch: 0.010
MAPE Eb: 1.073
MAPE Rch: 0.323
--------------------------------------------------
**************************************************
Z=8, N=10, emax=6
RMSE Eb: 1.004
RMSE Rch: 0.010
MAPE Eb: 0.799
MAPE Rch: 0.283
--------------------------------------------------
**************************************************
Z=8, N=10, emax=8
RMSE Eb: 1.228
RMSE Rch: 0.013
MAPE Eb: 0.846
MAPE Rch: 0.375
--------------------------------------------------
**************************************************
Z=8, N=11, emax=4
RMSE Eb: 0.936
RMSE Rch: 0.009
MAPE Eb: 0.942
MAPE Rch: 0.239
--------------------------------------------------
**************************************************
Z=8, N=11, emax=6
RMSE Eb: 1.172
RMSE Rch: 0.010
MAPE Eb: 0.889
MAPE Rch: 0.279
--------------------------------------------------
**************************************************
Z=8, N=11, emax=8
RMSE Eb: 1.492
RMSE Rch: 0.012
MAPE Eb: 1.042
MAPE Rch: 0.302
--------------------------------------------------
**************************************************
Z=8, N=11, emax=10
RMSE Eb: 1.118
RMSE Rch: 0.009
MAPE Eb: 0.517
MAPE Rch: 0.251
--------------------------------------------------
**************************************************
Z=8, N=12, emax=6
RMSE Eb: 1.422
RMSE Rch: 0.013
MAPE Eb: 1.029
MAPE Rch: 0.365
--------------------------------------------------
**************************************************
Z=8, N=12, emax=4
RMSE Eb: 1.118
RMSE Rch: 0.010
MAPE Eb: 1.164
MAPE Rch: 0.273
--------------------------------------------------
**************************************************
Z=8, N=12, emax=8
RMSE Eb: 1.372
RMSE Rch: 0.014
MAPE Eb: 0.895
MAPE Rch: 0.375
--------------------------------------------------
**************************************************
Z=8, N=12, emax=10
RMSE Eb: 1.713
RMSE Rch: 0.013
MAPE Eb: 1.201
MAPE Rch: 0.371
--------------------------------------------------
**************************************************
Z=8, N=13, emax=8
RMSE Eb: 1.845
RMSE Rch: 0.017
MAPE Eb: 1.180
MAPE Rch: 0.523
--------------------------------------------------
**************************************************
Z=8, N=13, emax=4
RMSE Eb: 1.012
RMSE Rch: 0.008
MAPE Eb: 0.982
MAPE Rch: 0.223
--------------------------------------------------
**************************************************
Z=8, N=13, emax=10
RMSE Eb: 1.180
RMSE Rch: 0.023
MAPE Eb: 0.755
MAPE Rch: 0.657
--------------------------------------------------
**************************************************
Z=8, N=13, emax=6
RMSE Eb: 0.892
RMSE Rch: 0.013
MAPE Eb: 0.720
MAPE Rch: 0.359
--------------------------------------------------
**************************************************
Z=8, N=14, emax=8
RMSE Eb: 1.863
RMSE Rch: 0.016
MAPE Eb: 1.078
MAPE Rch: 0.434
--------------------------------------------------
**************************************************
Z=8, N=14, emax=4
RMSE Eb: 1.322
RMSE Rch: 0.011
MAPE Eb: 1.290
MAPE Rch: 0.314
--------------------------------------------------
**************************************************
Z=8, N=14, emax=6
RMSE Eb: 1.179
RMSE Rch: 0.011
MAPE Eb: 0.890
MAPE Rch: 0.297
--------------------------------------------------
**************************************************
Z=8, N=14, emax=10
RMSE Eb: 1.139
RMSE Rch: 0.016
MAPE Eb: 0.717
MAPE Rch: 0.483
--------------------------------------------------
**************************************************
Z=8, N=15, emax=8
RMSE Eb: 1.745
RMSE Rch: 0.014
MAPE Eb: 1.058
MAPE Rch: 0.394
--------------------------------------------------
**************************************************
Z=8, N=15, emax=4
RMSE Eb: 1.288
RMSE Rch: 0.009
MAPE Eb: 1.253
MAPE Rch: 0.259
--------------------------------------------------
**************************************************
Z=8, N=15, emax=6
RMSE Eb: 1.235
RMSE Rch: 0.011
MAPE Eb: 0.899
MAPE Rch: 0.316
--------------------------------------------------
**************************************************
Z=8, N=15, emax=10
RMSE Eb: 1.604
RMSE Rch: 0.012
MAPE Eb: 0.828
MAPE Rch: 0.371
--------------------------------------------------
**************************************************
Z=8, N=16, emax=8
RMSE Eb: 1.513
RMSE Rch: 0.017
MAPE Eb: 0.910
MAPE Rch: 0.480
--------------------------------------------------
**************************************************
Z=8, N=16, emax=6
RMSE Eb: 1.488
RMSE Rch: 0.011
MAPE Eb: 0.988
MAPE Rch: 0.320
--------------------------------------------------
**************************************************
Z=8, N=16, emax=10
RMSE Eb: 1.884
RMSE Rch: 0.012
MAPE Eb: 1.131
MAPE Rch: 0.339
--------------------------------------------------
**************************************************
Z=8, N=16, emax=4
RMSE Eb: 1.545
RMSE Rch: 0.013
MAPE Eb: 1.605
MAPE Rch: 0.335
--------------------------------------------------
Finished VAL for AE n=222
**************************************************
Z=8, N=4, emax=6
RMSE Eb: 0.904
RMSE Rch: 0.019
MAPE Eb: 1.733
MAPE Rch: 0.943
--------------------------------------------------
**************************************************
Z=8, N=4, emax=8
RMSE Eb: 0.749
RMSE Rch: 0.025
MAPE Eb: 1.282
MAPE Rch: 1.268
--------------------------------------------------
**************************************************
Z=8, N=4, emax=4
RMSE Eb: 0.733
RMSE Rch: 0.010
MAPE Eb: 1.889
MAPE Rch: 0.448
--------------------------------------------------
**************************************************
Z=8, N=4, emax=10
RMSE Eb: 0.872
RMSE Rch: 0.037
MAPE Eb: 1.186
MAPE Rch: 1.622
--------------------------------------------------
**************************************************
Z=8, N=5, emax=4
RMSE Eb: 0.879
RMSE Rch: 0.014
MAPE Eb: 1.705
MAPE Rch: 0.640
--------------------------------------------------
**************************************************
Z=8, N=5, emax=8
RMSE Eb: 1.051
RMSE Rch: 0.021
MAPE Eb: 1.305
MAPE Rch: 0.965
--------------------------------------------------
**************************************************
Z=8, N=5, emax=6
RMSE Eb: 0.828
RMSE Rch: 0.014
MAPE Eb: 1.096
MAPE Rch: 0.710
--------------------------------------------------
**************************************************
Z=8, N=5, emax=10
RMSE Eb: 1.041
RMSE Rch: 0.021
MAPE Eb: 1.269
MAPE Rch: 1.082
--------------------------------------------------
**************************************************
Z=8, N=6, emax=4
RMSE Eb: 0.779
RMSE Rch: 0.012
MAPE Eb: 1.090
MAPE Rch: 0.575
--------------------------------------------------
**************************************************
Z=8, N=6, emax=8
RMSE Eb: 1.073
RMSE Rch: 0.031
MAPE Eb: 0.998
MAPE Rch: 1.533
--------------------------------------------------
**************************************************
Z=8, N=6, emax=6
RMSE Eb: 0.800
RMSE Rch: 0.013
MAPE Eb: 0.799
MAPE Rch: 0.610
--------------------------------------------------
**************************************************
Z=8, N=6, emax=10
RMSE Eb: 1.242
RMSE Rch: 0.022
MAPE Eb: 1.163
MAPE Rch: 1.077
--------------------------------------------------
**************************************************
Z=8, N=7, emax=4
RMSE Eb: 0.991
RMSE Rch: 0.009
MAPE Eb: 1.184
MAPE Rch: 0.438
--------------------------------------------------
**************************************************
Z=8, N=7, emax=8
RMSE Eb: 1.363
RMSE Rch: 0.018
MAPE Eb: 1.084
MAPE Rch: 0.940
--------------------------------------------------
**************************************************
Z=8, N=7, emax=6
RMSE Eb: 1.028
RMSE Rch: 0.020
MAPE Eb: 0.957
MAPE Rch: 1.007
--------------------------------------------------
**************************************************
Z=8, N=7, emax=10
RMSE Eb: 0.930
RMSE Rch: 0.018
MAPE Eb: 0.752
MAPE Rch: 0.975
--------------------------------------------------
**************************************************
Z=8, N=8, emax=4
RMSE Eb: 1.144
RMSE Rch: 0.012
MAPE Eb: 1.073
MAPE Rch: 0.338
--------------------------------------------------
**************************************************
Z=8, N=8, emax=6
RMSE Eb: 1.240
RMSE Rch: 0.010
MAPE Eb: 1.013
MAPE Rch: 0.274
--------------------------------------------------
**************************************************
Z=8, N=8, emax=8
RMSE Eb: 1.715
RMSE Rch: 0.027
MAPE Eb: 1.316
MAPE Rch: 0.781
--------------------------------------------------
**************************************************
Z=8, N=8, emax=10
RMSE Eb: 1.215
RMSE Rch: 0.016
MAPE Eb: 0.922
MAPE Rch: 0.489
--------------------------------------------------
**************************************************
Z=8, N=9, emax=4
RMSE Eb: 0.908
RMSE Rch: 0.009
MAPE Eb: 0.931
MAPE Rch: 0.256
--------------------------------------------------
**************************************************
Z=8, N=9, emax=8
RMSE Eb: 1.599
RMSE Rch: 0.020
MAPE Eb: 1.076
MAPE Rch: 0.589
--------------------------------------------------
**************************************************
Z=8, N=9, emax=6
RMSE Eb: 1.010
RMSE Rch: 0.011
MAPE Eb: 0.863
MAPE Rch: 0.308
--------------------------------------------------
**************************************************
Z=8, N=9, emax=10
RMSE Eb: 0.907
RMSE Rch: 0.016
MAPE Eb: 0.598
MAPE Rch: 0.433
--------------------------------------------------
**************************************************
Z=8, N=10, emax=4
RMSE Eb: 1.146
RMSE Rch: 0.008
MAPE Eb: 1.098
MAPE Rch: 0.228
--------------------------------------------------
**************************************************
Z=8, N=10, emax=6
RMSE Eb: 0.997
RMSE Rch: 0.010
MAPE Eb: 0.776
MAPE Rch: 0.272
--------------------------------------------------
**************************************************
Z=8, N=10, emax=8
RMSE Eb: 1.092
RMSE Rch: 0.016
MAPE Eb: 0.765
MAPE Rch: 0.423
--------------------------------------------------
**************************************************
Z=8, N=10, emax=10
RMSE Eb: 1.706
RMSE Rch: 0.009
MAPE Eb: 0.999
MAPE Rch: 0.266
--------------------------------------------------
**************************************************
Z=8, N=11, emax=8
RMSE Eb: 1.427
RMSE Rch: 0.011
MAPE Eb: 0.944
MAPE Rch: 0.272
--------------------------------------------------
**************************************************
Z=8, N=11, emax=4
RMSE Eb: 0.984
RMSE Rch: 0.008
MAPE Eb: 0.978
MAPE Rch: 0.211
--------------------------------------------------
**************************************************
Z=8, N=11, emax=6
RMSE Eb: 0.879
RMSE Rch: 0.010
MAPE Eb: 0.729
MAPE Rch: 0.281
--------------------------------------------------
**************************************************
Z=8, N=11, emax=10
RMSE Eb: 0.947
RMSE Rch: 0.014
MAPE Eb: 0.633
MAPE Rch: 0.430
--------------------------------------------------
**************************************************
Z=8, N=12, emax=6
RMSE Eb: 1.039
RMSE Rch: 0.009
MAPE Eb: 0.794
MAPE Rch: 0.254
--------------------------------------------------
**************************************************
Z=8, N=12, emax=8
RMSE Eb: 1.549
RMSE Rch: 0.012
MAPE Eb: 0.987
MAPE Rch: 0.341
--------------------------------------------------
**************************************************
Z=8, N=12, emax=4
RMSE Eb: 1.028
RMSE Rch: 0.008
MAPE Eb: 1.076
MAPE Rch: 0.224
--------------------------------------------------
**************************************************
Z=8, N=12, emax=10
RMSE Eb: 1.489
RMSE Rch: 0.014
MAPE Eb: 1.038
MAPE Rch: 0.352
--------------------------------------------------
**************************************************
Z=8, N=13, emax=8
RMSE Eb: 1.698
RMSE Rch: 0.017
MAPE Eb: 1.124
MAPE Rch: 0.504
--------------------------------------------------
**************************************************
Z=8, N=13, emax=4
RMSE Eb: 1.106
RMSE Rch: 0.009
MAPE Eb: 1.044
MAPE Rch: 0.232
--------------------------------------------------
**************************************************
Z=8, N=13, emax=6
RMSE Eb: 1.171
RMSE Rch: 0.011
MAPE Eb: 0.864
MAPE Rch: 0.324
--------------------------------------------------
**************************************************
Z=8, N=13, emax=10
RMSE Eb: 1.906
RMSE Rch: 0.021
MAPE Eb: 1.316
MAPE Rch: 0.618
--------------------------------------------------
**************************************************
Z=8, N=14, emax=6
RMSE Eb: 1.153
RMSE Rch: 0.011
MAPE Eb: 0.794
MAPE Rch: 0.319
--------------------------------------------------
**************************************************
Z=8, N=14, emax=10
RMSE Eb: 1.471
RMSE Rch: 0.018
MAPE Eb: 0.872
MAPE Rch: 0.497
--------------------------------------------------
**************************************************
Z=8, N=14, emax=4
RMSE Eb: 1.142
RMSE Rch: 0.010
MAPE Eb: 1.082
MAPE Rch: 0.265
--------------------------------------------------
**************************************************
Z=8, N=14, emax=8
RMSE Eb: 1.930
RMSE Rch: 0.018
MAPE Eb: 1.217
MAPE Rch: 0.530
--------------------------------------------------
**************************************************
Z=8, N=15, emax=8
RMSE Eb: 1.587
RMSE Rch: 0.017
MAPE Eb: 0.989
MAPE Rch: 0.454
--------------------------------------------------
**************************************************
Z=8, N=15, emax=6
RMSE Eb: 1.239
RMSE Rch: 0.012
MAPE Eb: 0.862
MAPE Rch: 0.327
--------------------------------------------------
**************************************************
Z=8, N=15, emax=4
RMSE Eb: 1.266
RMSE Rch: 0.009
MAPE Eb: 1.292
MAPE Rch: 0.257
--------------------------------------------------
**************************************************
Z=8, N=15, emax=10
RMSE Eb: 1.413
RMSE Rch: 0.010
MAPE Eb: 0.839
MAPE Rch: 0.308
--------------------------------------------------
**************************************************
Z=8, N=16, emax=4
RMSE Eb: 1.281
RMSE Rch: 0.009
MAPE Eb: 1.264
MAPE Rch: 0.251
--------------------------------------------------
**************************************************
Z=8, N=16, emax=8
RMSE Eb: 1.582
RMSE Rch: 0.019
MAPE Eb: 0.852
MAPE Rch: 0.534
--------------------------------------------------
**************************************************
Z=8, N=16, emax=6
RMSE Eb: 1.551
RMSE Rch: 0.012
MAPE Eb: 1.104
MAPE Rch: 0.341
--------------------------------------------------
**************************************************
Z=8, N=16, emax=10
RMSE Eb: 1.641
RMSE Rch: 0.008
MAPE Eb: 0.862
MAPE Rch: 0.253
--------------------------------------------------
