Activated conda environment
[DataLoader] Found 13 files matching the pattern.
[DataLoader] Combined data shape: (17234, 35)
[Preprocess] Data split => train: (11029, 35), val: (2758, 35), test: (3447, 35)
[Preprocess] Processed fidelity 4 (index 0): 3758 samples.
[Preprocess] Processed fidelity 6 (index 1): 3346 samples.
[Preprocess] Processed fidelity 8 (index 2): 3194 samples.
[Preprocess] Processed fidelity 10 (index 3): 731 samples.
[Preprocess] Processed fidelity 4 (index 0): 949 samples.
[Preprocess] Processed fidelity 6 (index 1): 833 samples.
[Preprocess] Processed fidelity 8 (index 2): 801 samples.
[Preprocess] Processed fidelity 10 (index 3): 175 samples.
Fidelity levels: [4, 6, 8, 10]
[Trainer] Starting BNN training...
[Trainer] No improvement. Iteration 8800. Early stopping counter: 1, LR counter: 1
[Trainer] No improvement. Iteration 8900. Early stopping counter: 2, LR counter: 2
[Trainer] No improvement. Iteration 9300. Early stopping counter: 1, LR counter: 1
[Trainer] No improvement. Iteration 9600. Early stopping counter: 1, LR counter: 1
[Trainer] No improvement. Iteration 9700. Early stopping counter: 2, LR counter: 2
[Trainer] No improvement. Iteration 9800. Early stopping counter: 3, LR counter: 3
[Trainer] No improvement. Iteration 9900. Early stopping counter: 4, LR counter: 4
[Trainer] No improvement. Iteration 10000. Early stopping counter: 5, LR counter: 5
[Trainer] No improvement. Iteration 10100. Early stopping counter: 6, LR counter: 6
[Trainer] No improvement. Iteration 10200. Early stopping counter: 7, LR counter: 7
[Trainer] No improvement. Iteration 10400. Early stopping counter: 1, LR counter: 1
[Trainer] No improvement. Iteration 10500. Early stopping counter: 2, LR counter: 2
[Trainer] No improvement. Iteration 10600. Early stopping counter: 3, LR counter: 3
[Trainer] No improvement. Iteration 10700. Early stopping counter: 4, LR counter: 4
[Trainer] No improvement. Iteration 10800. Early stopping counter: 5, LR counter: 5
[Trainer] No improvement. Iteration 10900. Early stopping counter: 6, LR counter: 6
[Trainer] No improvement. Iteration 11000. Early stopping counter: 7, LR counter: 7
[Trainer] No improvement. Iteration 11100. Early stopping counter: 8, LR counter: 8
[Trainer] No improvement. Iteration 11200. Early stopping counter: 9, LR counter: 9
[Trainer] No improvement. Iteration 11300. Early stopping counter: 10, LR counter: 10
[Trainer] No improvement. Iteration 11400. Early stopping counter: 11, LR counter: 11
[Trainer] No improvement. Iteration 11500. Early stopping counter: 12, LR counter: 12
[Trainer] No improvement. Iteration 11600. Early stopping counter: 13, LR counter: 13
[Trainer] No improvement. Iteration 11700. Early stopping counter: 14, LR counter: 14
[Trainer] No improvement. Iteration 11800. Early stopping counter: 15, LR counter: 15
[Trainer] No improvement. Iteration 11900. Early stopping counter: 16, LR counter: 16
[Trainer] No improvement. Iteration 12000. Early stopping counter: 17, LR counter: 17
[Trainer] No improvement. Iteration 12100. Early stopping counter: 18, LR counter: 18
[Trainer] No improvement. Iteration 12200. Early stopping counter: 19, LR counter: 19
[Trainer] No improvement. Iteration 12300. Early stopping counter: 20, LR counter: 20
[Trainer] No improvement. Iteration 12400. Early stopping counter: 21, LR counter: 21
[Trainer] No improvement. Iteration 12500. Early stopping counter: 22, LR counter: 22
[Trainer] No improvement. Iteration 12600. Early stopping counter: 23, LR counter: 23
[Trainer] No improvement. Iteration 12700. Early stopping counter: 24, LR counter: 24
[Trainer] No improvement. Iteration 12800. Early stopping counter: 25, LR counter: 25
[Trainer] Learning rate reduced to: 0.000010
[Trainer] No improvement. Iteration 12900. Early stopping counter: 26, LR counter: 1
[Trainer] No improvement. Iteration 13000. Early stopping counter: 27, LR counter: 2
[Trainer] No improvement. Iteration 13100. Early stopping counter: 28, LR counter: 3
[Trainer] No improvement. Iteration 13200. Early stopping counter: 29, LR counter: 4
[Trainer] No improvement. Iteration 13300. Early stopping counter: 30, LR counter: 5
[Trainer] No improvement. Iteration 13400. Early stopping counter: 31, LR counter: 6
[Trainer] No improvement. Iteration 13500. Early stopping counter: 32, LR counter: 7
[Trainer] No improvement. Iteration 13600. Early stopping counter: 33, LR counter: 8
[Trainer] No improvement. Iteration 13700. Early stopping counter: 34, LR counter: 9
[Trainer] No improvement. Iteration 13800. Early stopping counter: 35, LR counter: 10
[Trainer] No improvement. Iteration 13900. Early stopping counter: 36, LR counter: 11
[Trainer] No improvement. Iteration 14000. Early stopping counter: 37, LR counter: 12
[Trainer] No improvement. Iteration 14100. Early stopping counter: 38, LR counter: 13
[Trainer] No improvement. Iteration 14200. Early stopping counter: 39, LR counter: 14
[Trainer] No improvement. Iteration 14400. Early stopping counter: 1, LR counter: 1
[Trainer] No improvement. Iteration 14500. Early stopping counter: 2, LR counter: 2
[Trainer] No improvement. Iteration 14600. Early stopping counter: 3, LR counter: 3
[Trainer] No improvement. Iteration 14700. Early stopping counter: 4, LR counter: 4
[Trainer] No improvement. Iteration 14800. Early stopping counter: 5, LR counter: 5
[Trainer] No improvement. Iteration 14900. Early stopping counter: 6, LR counter: 6
[Trainer] No improvement. Iteration 15000. Early stopping counter: 7, LR counter: 7
[Trainer] No improvement. Iteration 15100. Early stopping counter: 8, LR counter: 8
[Trainer] No improvement. Iteration 15200. Early stopping counter: 9, LR counter: 9
[Trainer] No improvement. Iteration 15300. Early stopping counter: 10, LR counter: 10
[Trainer] No improvement. Iteration 15400. Early stopping counter: 11, LR counter: 11
[Trainer] No improvement. Iteration 15500. Early stopping counter: 12, LR counter: 12
[Trainer] No improvement. Iteration 15600. Early stopping counter: 13, LR counter: 13
[Trainer] No improvement. Iteration 15700. Early stopping counter: 14, LR counter: 14
[Trainer] No improvement. Iteration 15800. Early stopping counter: 15, LR counter: 15
[Trainer] No improvement. Iteration 15900. Early stopping counter: 16, LR counter: 16
[Trainer] No improvement. Iteration 16000. Early stopping counter: 17, LR counter: 17
[Trainer] No improvement. Iteration 16100. Early stopping counter: 18, LR counter: 18
[Trainer] No improvement. Iteration 16200. Early stopping counter: 19, LR counter: 19
[Trainer] No improvement. Iteration 16300. Early stopping counter: 20, LR counter: 20
[Trainer] No improvement. Iteration 16400. Early stopping counter: 21, LR counter: 21
[Trainer] No improvement. Iteration 16500. Early stopping counter: 22, LR counter: 22
[Trainer] No improvement. Iteration 16600. Early stopping counter: 23, LR counter: 23
[Trainer] No improvement. Iteration 16700. Early stopping counter: 24, LR counter: 24
[Trainer] No improvement. Iteration 16800. Early stopping counter: 25, LR counter: 25
[Trainer] Learning rate reduced to: 0.000001
[Trainer] No improvement. Iteration 16900. Early stopping counter: 26, LR counter: 1
[Trainer] No improvement. Iteration 17000. Early stopping counter: 27, LR counter: 2
[Trainer] No improvement. Iteration 17100. Early stopping counter: 28, LR counter: 3
[Trainer] No improvement. Iteration 17200. Early stopping counter: 29, LR counter: 4
[Trainer] No improvement. Iteration 17300. Early stopping counter: 30, LR counter: 5
[Trainer] No improvement. Iteration 17400. Early stopping counter: 31, LR counter: 6
[Trainer] No improvement. Iteration 17500. Early stopping counter: 32, LR counter: 7
[Trainer] No improvement. Iteration 17600. Early stopping counter: 33, LR counter: 8
[Trainer] No improvement. Iteration 17700. Early stopping counter: 34, LR counter: 9
[Trainer] No improvement. Iteration 17800. Early stopping counter: 35, LR counter: 10
[Trainer] No improvement. Iteration 17900. Early stopping counter: 36, LR counter: 11
[Trainer] No improvement. Iteration 18000. Early stopping counter: 37, LR counter: 12
[Trainer] No improvement. Iteration 18100. Early stopping counter: 38, LR counter: 13
[Trainer] No improvement. Iteration 18200. Early stopping counter: 39, LR counter: 14
[Trainer] No improvement. Iteration 18300. Early stopping counter: 40, LR counter: 15
[Trainer] No improvement. Iteration 18400. Early stopping counter: 41, LR counter: 16
[Trainer] No improvement. Iteration 18500. Early stopping counter: 42, LR counter: 17
[Trainer] No improvement. Iteration 18600. Early stopping counter: 43, LR counter: 18
[Trainer] No improvement. Iteration 18700. Early stopping counter: 44, LR counter: 19
[Trainer] No improvement. Iteration 18800. Early stopping counter: 45, LR counter: 20
[Trainer] No improvement. Iteration 18900. Early stopping counter: 46, LR counter: 21
[Trainer] No improvement. Iteration 19000. Early stopping counter: 47, LR counter: 22
[Trainer] No improvement. Iteration 19100. Early stopping counter: 48, LR counter: 23
[Trainer] No improvement. Iteration 19200. Early stopping counter: 49, LR counter: 24
[Trainer] No improvement. Iteration 19300. Early stopping counter: 50, LR counter: 25
[Trainer] Learning rate reduced to: 0.000000
[Trainer] Early stopping triggered.
[Trainer] Training completed.
[Trainer] Calibrating temperatures on validation set...
[Trainer] Temperature calibration finished. Calibrated temperatures: {4: 1.5279065370559692, 6: 1.410845160484314, 8: 1.5946650505065918, 10: 1.712833285331726}
[Trainer] BNN training completed.
**************************************************
Z=8, N=4, emax=4
RMSE Eb: 0.732
RMSE Rch: 0.010
MAPE Eb: 2.164
MAPE Rch: 0.436
--------------------------------------------------
**************************************************
Z=8, N=4, emax=10
RMSE Eb: 1.885
RMSE Rch: 0.031
MAPE Eb: 3.155
MAPE Rch: 1.536
--------------------------------------------------
**************************************************
Z=8, N=4, emax=6
RMSE Eb: 0.715
RMSE Rch: 0.009
MAPE Eb: 1.335
MAPE Rch: 0.428
--------------------------------------------------
**************************************************
Z=8, N=4, emax=8
RMSE Eb: 0.919
RMSE Rch: 0.022
MAPE Eb: 1.438
MAPE Rch: 1.053
--------------------------------------------------
**************************************************
Z=8, N=5, emax=8
RMSE Eb: 0.836
RMSE Rch: 0.017
MAPE Eb: 1.058
MAPE Rch: 0.909
--------------------------------------------------
**************************************************
Z=8, N=5, emax=6
RMSE Eb: 0.723
RMSE Rch: 0.010
MAPE Eb: 1.056
MAPE Rch: 0.491
--------------------------------------------------
**************************************************
Z=8, N=5, emax=4
RMSE Eb: 0.825
RMSE Rch: 0.008
MAPE Eb: 1.779
MAPE Rch: 0.381
--------------------------------------------------
**************************************************
Z=8, N=5, emax=10
RMSE Eb: 1.817
RMSE Rch: 0.009
MAPE Eb: 2.227
MAPE Rch: 0.563
--------------------------------------------------
**************************************************
Z=8, N=6, emax=4
RMSE Eb: 0.871
RMSE Rch: 0.008
MAPE Eb: 1.333
MAPE Rch: 0.391
--------------------------------------------------
**************************************************
Z=8, N=6, emax=6
RMSE Eb: 0.844
RMSE Rch: 0.009
MAPE Eb: 0.939
MAPE Rch: 0.452
--------------------------------------------------
**************************************************
Z=8, N=6, emax=8
RMSE Eb: 1.107
RMSE Rch: 0.014
MAPE Eb: 1.082
MAPE Rch: 0.714
--------------------------------------------------
**************************************************
Z=8, N=6, emax=10
RMSE Eb: 1.238
RMSE Rch: 0.017
MAPE Eb: 1.194
MAPE Rch: 0.832
--------------------------------------------------
**************************************************
Z=8, N=7, emax=8
RMSE Eb: 1.010
RMSE Rch: 0.016
MAPE Eb: 0.879
MAPE Rch: 0.889
--------------------------------------------------
**************************************************
Z=8, N=7, emax=10
RMSE Eb: 1.510
RMSE Rch: 0.010
MAPE Eb: 1.185
MAPE Rch: 0.550
--------------------------------------------------
**************************************************
Z=8, N=7, emax=6
RMSE Eb: 0.923
RMSE Rch: 0.008
MAPE Eb: 0.855
MAPE Rch: 0.436
--------------------------------------------------
**************************************************
Z=8, N=7, emax=4
RMSE Eb: 0.973
RMSE Rch: 0.009
MAPE Eb: 1.241
MAPE Rch: 0.425
--------------------------------------------------
**************************************************
Z=8, N=8, emax=4
RMSE Eb: 0.710
RMSE Rch: 0.006
MAPE Eb: 0.718
MAPE Rch: 0.167
--------------------------------------------------
**************************************************
Z=8, N=8, emax=8
RMSE Eb: 1.404
RMSE Rch: 0.010
MAPE Eb: 1.092
MAPE Rch: 0.279
--------------------------------------------------
**************************************************
Z=8, N=8, emax=6
RMSE Eb: 0.643
RMSE Rch: 0.009
MAPE Eb: 0.549
MAPE Rch: 0.267
--------------------------------------------------
**************************************************
Z=8, N=8, emax=10
RMSE Eb: 1.198
RMSE Rch: 0.009
MAPE Eb: 0.789
MAPE Rch: 0.246
--------------------------------------------------
**************************************************
Z=8, N=9, emax=8
RMSE Eb: 1.017
RMSE Rch: 0.009
MAPE Eb: 0.777
MAPE Rch: 0.250
--------------------------------------------------
**************************************************
Z=8, N=9, emax=6
RMSE Eb: 0.625
RMSE Rch: 0.009
MAPE Eb: 0.553
MAPE Rch: 0.285
--------------------------------------------------
**************************************************
Z=8, N=9, emax=4
RMSE Eb: 0.647
RMSE Rch: 0.005
MAPE Eb: 0.698
MAPE Rch: 0.139
--------------------------------------------------
**************************************************
Z=8, N=9, emax=10
RMSE Eb: 1.015
RMSE Rch: 0.011
MAPE Eb: 0.810
MAPE Rch: 0.317
--------------------------------------------------
**************************************************
Z=8, N=10, emax=4
RMSE Eb: 0.529
RMSE Rch: 0.006
MAPE Eb: 0.555
MAPE Rch: 0.161
--------------------------------------------------
**************************************************
Z=8, N=10, emax=10
RMSE Eb: 1.162
RMSE Rch: 0.005
MAPE Eb: 0.868
MAPE Rch: 0.142
--------------------------------------------------
**************************************************
Z=8, N=10, emax=6
RMSE Eb: 0.598
RMSE Rch: 0.006
MAPE Eb: 0.489
MAPE Rch: 0.184
--------------------------------------------------
**************************************************
Z=8, N=10, emax=8
RMSE Eb: 0.834
RMSE Rch: 0.008
MAPE Eb: 0.623
MAPE Rch: 0.241
--------------------------------------------------
**************************************************
Z=8, N=11, emax=4
RMSE Eb: 0.735
RMSE Rch: 0.006
MAPE Eb: 0.814
MAPE Rch: 0.167
--------------------------------------------------
**************************************************
Z=8, N=11, emax=6
RMSE Eb: 0.612
RMSE Rch: 0.005
MAPE Eb: 0.445
MAPE Rch: 0.157
--------------------------------------------------
**************************************************
Z=8, N=11, emax=8
RMSE Eb: 0.937
RMSE Rch: 0.008
MAPE Eb: 0.659
MAPE Rch: 0.226
--------------------------------------------------
**************************************************
Z=8, N=11, emax=10
RMSE Eb: 0.612
RMSE Rch: 0.011
MAPE Eb: 0.411
MAPE Rch: 0.329
--------------------------------------------------
**************************************************
Z=8, N=12, emax=6
RMSE Eb: 0.684
RMSE Rch: 0.007
MAPE Eb: 0.492
MAPE Rch: 0.205
--------------------------------------------------
**************************************************
Z=8, N=12, emax=4
RMSE Eb: 0.710
RMSE Rch: 0.005
MAPE Eb: 0.759
MAPE Rch: 0.128
--------------------------------------------------
**************************************************
Z=8, N=12, emax=8
RMSE Eb: 0.856
RMSE Rch: 0.009
MAPE Eb: 0.562
MAPE Rch: 0.258
--------------------------------------------------
**************************************************
Z=8, N=12, emax=10
RMSE Eb: 0.791
RMSE Rch: 0.010
MAPE Eb: 0.547
MAPE Rch: 0.294
--------------------------------------------------
**************************************************
Z=8, N=13, emax=8
RMSE Eb: 0.826
RMSE Rch: 0.007
MAPE Eb: 0.523
MAPE Rch: 0.203
--------------------------------------------------
**************************************************
Z=8, N=13, emax=4
RMSE Eb: 0.727
RMSE Rch: 0.007
MAPE Eb: 0.790
MAPE Rch: 0.172
--------------------------------------------------
**************************************************
Z=8, N=13, emax=10
RMSE Eb: 0.945
RMSE Rch: 0.007
MAPE Eb: 0.601
MAPE Rch: 0.207
--------------------------------------------------
**************************************************
Z=8, N=13, emax=6
RMSE Eb: 0.941
RMSE Rch: 0.008
MAPE Eb: 0.787
MAPE Rch: 0.219
--------------------------------------------------
**************************************************
Z=8, N=14, emax=8
RMSE Eb: 0.916
RMSE Rch: 0.013
MAPE Eb: 0.593
MAPE Rch: 0.311
--------------------------------------------------
**************************************************
Z=8, N=14, emax=4
RMSE Eb: 0.784
RMSE Rch: 0.006
MAPE Eb: 0.805
MAPE Rch: 0.185
--------------------------------------------------
**************************************************
Z=8, N=14, emax=6
RMSE Eb: 0.731
RMSE Rch: 0.006
MAPE Eb: 0.593
MAPE Rch: 0.173
--------------------------------------------------
**************************************************
Z=8, N=14, emax=10
RMSE Eb: 1.033
RMSE Rch: 0.011
MAPE Eb: 0.696
MAPE Rch: 0.282
--------------------------------------------------
**************************************************
Z=8, N=15, emax=8
RMSE Eb: 0.840
RMSE Rch: 0.008
MAPE Eb: 0.514
MAPE Rch: 0.218
--------------------------------------------------
**************************************************
Z=8, N=15, emax=4
RMSE Eb: 1.008
RMSE Rch: 0.006
MAPE Eb: 1.090
MAPE Rch: 0.146
--------------------------------------------------
**************************************************
Z=8, N=15, emax=6
RMSE Eb: 0.770
RMSE Rch: 0.008
MAPE Eb: 0.587
MAPE Rch: 0.232
--------------------------------------------------
**************************************************
Z=8, N=15, emax=10
RMSE Eb: 0.689
RMSE Rch: 0.007
MAPE Eb: 0.384
MAPE Rch: 0.194
--------------------------------------------------
**************************************************
Z=8, N=16, emax=8
RMSE Eb: 0.810
RMSE Rch: 0.011
MAPE Eb: 0.498
MAPE Rch: 0.309
--------------------------------------------------
**************************************************
Z=8, N=16, emax=6
RMSE Eb: 0.920
RMSE Rch: 0.009
MAPE Eb: 0.656
MAPE Rch: 0.250
--------------------------------------------------
**************************************************
Z=8, N=16, emax=10
RMSE Eb: 1.059
RMSE Rch: 0.009
MAPE Eb: 0.603
MAPE Rch: 0.255
--------------------------------------------------
**************************************************
Z=8, N=16, emax=4
RMSE Eb: 0.995
RMSE Rch: 0.007
MAPE Eb: 1.113
MAPE Rch: 0.198
--------------------------------------------------
Finished VAL for AE n=432
**************************************************
Z=8, N=4, emax=6
RMSE Eb: 0.771
RMSE Rch: 0.009
MAPE Eb: 1.363
MAPE Rch: 0.436
--------------------------------------------------
**************************************************
Z=8, N=4, emax=8
RMSE Eb: 0.974
RMSE Rch: 0.018
MAPE Eb: 1.569
MAPE Rch: 0.916
--------------------------------------------------
**************************************************
Z=8, N=4, emax=4
RMSE Eb: 0.846
RMSE Rch: 0.008
MAPE Eb: 2.300
MAPE Rch: 0.388
--------------------------------------------------
**************************************************
Z=8, N=4, emax=10
RMSE Eb: 1.220
RMSE Rch: 0.020
MAPE Eb: 1.922
MAPE Rch: 0.955
--------------------------------------------------
**************************************************
Z=8, N=5, emax=4
RMSE Eb: 0.825
RMSE Rch: 0.009
MAPE Eb: 1.792
MAPE Rch: 0.422
--------------------------------------------------
**************************************************
Z=8, N=5, emax=8
RMSE Eb: 0.970
RMSE Rch: 0.016
MAPE Eb: 1.271
MAPE Rch: 0.876
--------------------------------------------------
**************************************************
Z=8, N=5, emax=6
RMSE Eb: 0.727
RMSE Rch: 0.010
MAPE Eb: 1.067
MAPE Rch: 0.510
--------------------------------------------------
**************************************************
Z=8, N=5, emax=10
RMSE Eb: 1.205
RMSE Rch: 0.015
MAPE Eb: 1.473
MAPE Rch: 0.738
--------------------------------------------------
**************************************************
Z=8, N=6, emax=4
RMSE Eb: 0.933
RMSE Rch: 0.008
MAPE Eb: 1.397
MAPE Rch: 0.375
--------------------------------------------------
**************************************************
Z=8, N=6, emax=8
RMSE Eb: 1.109
RMSE Rch: 0.018
MAPE Eb: 1.097
MAPE Rch: 0.899
--------------------------------------------------
**************************************************
Z=8, N=6, emax=6
RMSE Eb: 0.818
RMSE Rch: 0.010
MAPE Eb: 0.911
MAPE Rch: 0.465
--------------------------------------------------
**************************************************
Z=8, N=6, emax=10
RMSE Eb: 1.750
RMSE Rch: 0.016
MAPE Eb: 1.541
MAPE Rch: 0.707
--------------------------------------------------
**************************************************
Z=8, N=7, emax=4
RMSE Eb: 0.945
RMSE Rch: 0.009
MAPE Eb: 1.165
MAPE Rch: 0.454
--------------------------------------------------
**************************************************
Z=8, N=7, emax=8
RMSE Eb: 1.027
RMSE Rch: 0.015
MAPE Eb: 0.831
MAPE Rch: 0.847
--------------------------------------------------
**************************************************
Z=8, N=7, emax=6
RMSE Eb: 0.943
RMSE Rch: 0.008
MAPE Eb: 0.902
MAPE Rch: 0.399
--------------------------------------------------
**************************************************
Z=8, N=7, emax=10
RMSE Eb: 1.211
RMSE Rch: 0.014
MAPE Eb: 0.990
MAPE Rch: 0.850
--------------------------------------------------
**************************************************
Z=8, N=8, emax=4
RMSE Eb: 0.724
RMSE Rch: 0.006
MAPE Eb: 0.748
MAPE Rch: 0.149
--------------------------------------------------
**************************************************
Z=8, N=8, emax=6
RMSE Eb: 0.690
RMSE Rch: 0.009
MAPE Eb: 0.553
MAPE Rch: 0.274
--------------------------------------------------
**************************************************
Z=8, N=8, emax=8
RMSE Eb: 1.232
RMSE Rch: 0.010
MAPE Eb: 1.000
MAPE Rch: 0.298
--------------------------------------------------
**************************************************
Z=8, N=8, emax=10
RMSE Eb: 1.712
RMSE Rch: 0.013
MAPE Eb: 1.260
MAPE Rch: 0.339
--------------------------------------------------
**************************************************
Z=8, N=9, emax=4
RMSE Eb: 0.738
RMSE Rch: 0.005
MAPE Eb: 0.809
MAPE Rch: 0.127
--------------------------------------------------
**************************************************
Z=8, N=9, emax=8
RMSE Eb: 1.140
RMSE Rch: 0.010
MAPE Eb: 0.931
MAPE Rch: 0.279
--------------------------------------------------
**************************************************
Z=8, N=9, emax=6
RMSE Eb: 0.742
RMSE Rch: 0.009
MAPE Eb: 0.657
MAPE Rch: 0.252
--------------------------------------------------
**************************************************
Z=8, N=9, emax=10
RMSE Eb: 1.568
RMSE Rch: 0.010
MAPE Eb: 1.205
MAPE Rch: 0.274
--------------------------------------------------
**************************************************
Z=8, N=10, emax=4
RMSE Eb: 0.576
RMSE Rch: 0.006
MAPE Eb: 0.593
MAPE Rch: 0.175
--------------------------------------------------
**************************************************
Z=8, N=10, emax=6
RMSE Eb: 0.544
RMSE Rch: 0.005
MAPE Eb: 0.413
MAPE Rch: 0.157
--------------------------------------------------
**************************************************
Z=8, N=10, emax=8
RMSE Eb: 0.764
RMSE Rch: 0.008
MAPE Eb: 0.574
MAPE Rch: 0.241
--------------------------------------------------
**************************************************
Z=8, N=10, emax=10
RMSE Eb: 0.959
RMSE Rch: 0.006
MAPE Eb: 0.669
MAPE Rch: 0.198
--------------------------------------------------
**************************************************
Z=8, N=11, emax=8
RMSE Eb: 1.047
RMSE Rch: 0.006
MAPE Eb: 0.763
MAPE Rch: 0.186
--------------------------------------------------
**************************************************
Z=8, N=11, emax=4
RMSE Eb: 0.638
RMSE Rch: 0.006
MAPE Eb: 0.721
MAPE Rch: 0.167
--------------------------------------------------
**************************************************
Z=8, N=11, emax=6
RMSE Eb: 0.710
RMSE Rch: 0.006
MAPE Eb: 0.568
MAPE Rch: 0.163
--------------------------------------------------
**************************************************
Z=8, N=11, emax=10
RMSE Eb: 0.852
RMSE Rch: 0.006
MAPE Eb: 0.537
MAPE Rch: 0.176
--------------------------------------------------
**************************************************
Z=8, N=12, emax=6
RMSE Eb: 0.730
RMSE Rch: 0.007
MAPE Eb: 0.553
MAPE Rch: 0.204
--------------------------------------------------
**************************************************
Z=8, N=12, emax=8
RMSE Eb: 0.869
RMSE Rch: 0.009
MAPE Eb: 0.580
MAPE Rch: 0.260
--------------------------------------------------
**************************************************
Z=8, N=12, emax=4
RMSE Eb: 0.731
RMSE Rch: 0.005
MAPE Eb: 0.785
MAPE Rch: 0.140
--------------------------------------------------
**************************************************
Z=8, N=12, emax=10
RMSE Eb: 0.694
RMSE Rch: 0.007
MAPE Eb: 0.479
MAPE Rch: 0.208
--------------------------------------------------
**************************************************
Z=8, N=13, emax=8
RMSE Eb: 0.753
RMSE Rch: 0.008
MAPE Eb: 0.511
MAPE Rch: 0.226
--------------------------------------------------
**************************************************
Z=8, N=13, emax=4
RMSE Eb: 0.822
RMSE Rch: 0.005
MAPE Eb: 0.905
MAPE Rch: 0.152
--------------------------------------------------
**************************************************
Z=8, N=13, emax=6
RMSE Eb: 0.842
RMSE Rch: 0.007
MAPE Eb: 0.684
MAPE Rch: 0.203
--------------------------------------------------
**************************************************
Z=8, N=13, emax=10
RMSE Eb: 0.769
RMSE Rch: 0.012
MAPE Eb: 0.528
MAPE Rch: 0.276
--------------------------------------------------
**************************************************
Z=8, N=14, emax=6
RMSE Eb: 0.754
RMSE Rch: 0.007
MAPE Eb: 0.555
MAPE Rch: 0.196
--------------------------------------------------
**************************************************
Z=8, N=14, emax=10
RMSE Eb: 0.831
RMSE Rch: 0.008
MAPE Eb: 0.484
MAPE Rch: 0.239
--------------------------------------------------
**************************************************
Z=8, N=14, emax=4
RMSE Eb: 0.803
RMSE Rch: 0.006
MAPE Eb: 0.829
MAPE Rch: 0.157
--------------------------------------------------
**************************************************
Z=8, N=14, emax=8
RMSE Eb: 0.852
RMSE Rch: 0.009
MAPE Eb: 0.536
MAPE Rch: 0.202
--------------------------------------------------
**************************************************
Z=8, N=15, emax=8
RMSE Eb: 0.727
RMSE Rch: 0.008
MAPE Eb: 0.468
MAPE Rch: 0.224
--------------------------------------------------
**************************************************
Z=8, N=15, emax=6
RMSE Eb: 0.739
RMSE Rch: 0.009
MAPE Eb: 0.555
MAPE Rch: 0.242
--------------------------------------------------
**************************************************
Z=8, N=15, emax=4
RMSE Eb: 0.902
RMSE Rch: 0.005
MAPE Eb: 0.991
MAPE Rch: 0.136
--------------------------------------------------
**************************************************
Z=8, N=15, emax=10
RMSE Eb: 0.962
RMSE Rch: 0.007
MAPE Eb: 0.591
MAPE Rch: 0.178
--------------------------------------------------
**************************************************
Z=8, N=16, emax=4
RMSE Eb: 1.061
RMSE Rch: 0.007
MAPE Eb: 1.119
MAPE Rch: 0.188
--------------------------------------------------
**************************************************
Z=8, N=16, emax=8
RMSE Eb: 0.970
RMSE Rch: 0.010
MAPE Eb: 0.579
MAPE Rch: 0.252
--------------------------------------------------
**************************************************
Z=8, N=16, emax=6
RMSE Eb: 0.828
RMSE Rch: 0.010
MAPE Eb: 0.626
MAPE Rch: 0.305
--------------------------------------------------
**************************************************
Z=8, N=16, emax=10
RMSE Eb: 1.332
RMSE Rch: 0.007
MAPE Eb: 0.758
MAPE Rch: 0.191
--------------------------------------------------
