Activated conda environment
[DataLoader] Found 13 files matching the pattern.
[DataLoader] Combined data shape: (17234, 35)
[Preprocess] Data split => train: (11029, 35), val: (2758, 35), test: (3447, 35)
[Preprocess] Processed fidelity 4 (index 0): 3758 samples.
[Preprocess] Processed fidelity 6 (index 1): 3346 samples.
[Preprocess] Processed fidelity 8 (index 2): 3194 samples.
[Preprocess] Processed fidelity 10 (index 3): 731 samples.
[Preprocess] Processed fidelity 4 (index 0): 949 samples.
[Preprocess] Processed fidelity 6 (index 1): 833 samples.
[Preprocess] Processed fidelity 8 (index 2): 801 samples.
[Preprocess] Processed fidelity 10 (index 3): 175 samples.
Fidelity levels: [4, 6, 8, 10]
[Trainer] Starting BNN training...
[Trainer] No improvement. Iteration 8300. Early stopping counter: 1, LR counter: 1
[Trainer] No improvement. Iteration 9200. Early stopping counter: 1, LR counter: 1
[Trainer] No improvement. Iteration 9300. Early stopping counter: 2, LR counter: 2
[Trainer] No improvement. Iteration 9400. Early stopping counter: 3, LR counter: 3
[Trainer] No improvement. Iteration 9500. Early stopping counter: 4, LR counter: 4
[Trainer] No improvement. Iteration 9600. Early stopping counter: 5, LR counter: 5
[Trainer] No improvement. Iteration 9700. Early stopping counter: 6, LR counter: 6
[Trainer] No improvement. Iteration 9800. Early stopping counter: 7, LR counter: 7
[Trainer] No improvement. Iteration 9900. Early stopping counter: 8, LR counter: 8
[Trainer] No improvement. Iteration 10000. Early stopping counter: 9, LR counter: 9
[Trainer] No improvement. Iteration 10100. Early stopping counter: 10, LR counter: 10
[Trainer] No improvement. Iteration 10200. Early stopping counter: 11, LR counter: 11
[Trainer] No improvement. Iteration 10300. Early stopping counter: 12, LR counter: 12
[Trainer] No improvement. Iteration 10500. Early stopping counter: 1, LR counter: 1
[Trainer] No improvement. Iteration 10800. Early stopping counter: 1, LR counter: 1
[Trainer] No improvement. Iteration 10900. Early stopping counter: 2, LR counter: 2
[Trainer] No improvement. Iteration 11100. Early stopping counter: 1, LR counter: 1
[Trainer] No improvement. Iteration 11200. Early stopping counter: 2, LR counter: 2
[Trainer] No improvement. Iteration 11300. Early stopping counter: 3, LR counter: 3
[Trainer] No improvement. Iteration 11900. Early stopping counter: 1, LR counter: 1
[Trainer] No improvement. Iteration 12000. Early stopping counter: 2, LR counter: 2
[Trainer] No improvement. Iteration 12100. Early stopping counter: 3, LR counter: 3
[Trainer] No improvement. Iteration 12300. Early stopping counter: 1, LR counter: 1
[Trainer] No improvement. Iteration 12400. Early stopping counter: 2, LR counter: 2
[Trainer] No improvement. Iteration 12700. Early stopping counter: 1, LR counter: 1
[Trainer] No improvement. Iteration 12800. Early stopping counter: 2, LR counter: 2
[Trainer] No improvement. Iteration 12900. Early stopping counter: 3, LR counter: 3
[Trainer] No improvement. Iteration 13000. Early stopping counter: 4, LR counter: 4
[Trainer] No improvement. Iteration 13100. Early stopping counter: 5, LR counter: 5
[Trainer] No improvement. Iteration 13200. Early stopping counter: 6, LR counter: 6
[Trainer] No improvement. Iteration 13300. Early stopping counter: 7, LR counter: 7
[Trainer] No improvement. Iteration 13400. Early stopping counter: 8, LR counter: 8
[Trainer] No improvement. Iteration 13500. Early stopping counter: 9, LR counter: 9
[Trainer] No improvement. Iteration 13600. Early stopping counter: 10, LR counter: 10
[Trainer] No improvement. Iteration 13700. Early stopping counter: 11, LR counter: 11
[Trainer] No improvement. Iteration 13800. Early stopping counter: 12, LR counter: 12
[Trainer] No improvement. Iteration 13900. Early stopping counter: 13, LR counter: 13
[Trainer] No improvement. Iteration 14000. Early stopping counter: 14, LR counter: 14
[Trainer] No improvement. Iteration 14100. Early stopping counter: 15, LR counter: 15
[Trainer] No improvement. Iteration 14200. Early stopping counter: 16, LR counter: 16
[Trainer] No improvement. Iteration 14300. Early stopping counter: 17, LR counter: 17
[Trainer] No improvement. Iteration 14400. Early stopping counter: 18, LR counter: 18
[Trainer] No improvement. Iteration 14900. Early stopping counter: 1, LR counter: 1
[Trainer] No improvement. Iteration 15000. Early stopping counter: 2, LR counter: 2
[Trainer] No improvement. Iteration 15100. Early stopping counter: 3, LR counter: 3
[Trainer] No improvement. Iteration 15200. Early stopping counter: 4, LR counter: 4
[Trainer] No improvement. Iteration 15300. Early stopping counter: 5, LR counter: 5
[Trainer] No improvement. Iteration 15400. Early stopping counter: 6, LR counter: 6
[Trainer] No improvement. Iteration 15500. Early stopping counter: 7, LR counter: 7
[Trainer] No improvement. Iteration 15600. Early stopping counter: 8, LR counter: 8
[Trainer] No improvement. Iteration 15700. Early stopping counter: 9, LR counter: 9
[Trainer] No improvement. Iteration 15800. Early stopping counter: 10, LR counter: 10
[Trainer] No improvement. Iteration 15900. Early stopping counter: 11, LR counter: 11
[Trainer] No improvement. Iteration 16000. Early stopping counter: 12, LR counter: 12
[Trainer] No improvement. Iteration 16100. Early stopping counter: 13, LR counter: 13
[Trainer] No improvement. Iteration 16200. Early stopping counter: 14, LR counter: 14
[Trainer] No improvement. Iteration 16300. Early stopping counter: 15, LR counter: 15
[Trainer] No improvement. Iteration 16400. Early stopping counter: 16, LR counter: 16
[Trainer] No improvement. Iteration 16500. Early stopping counter: 17, LR counter: 17
[Trainer] No improvement. Iteration 16600. Early stopping counter: 18, LR counter: 18
[Trainer] No improvement. Iteration 16700. Early stopping counter: 19, LR counter: 19
[Trainer] No improvement. Iteration 16800. Early stopping counter: 20, LR counter: 20
[Trainer] No improvement. Iteration 16900. Early stopping counter: 21, LR counter: 21
[Trainer] No improvement. Iteration 17000. Early stopping counter: 22, LR counter: 22
[Trainer] No improvement. Iteration 17100. Early stopping counter: 23, LR counter: 23
[Trainer] No improvement. Iteration 17200. Early stopping counter: 24, LR counter: 24
[Trainer] No improvement. Iteration 17300. Early stopping counter: 25, LR counter: 25
[Trainer] Learning rate reduced to: 0.000010
[Trainer] No improvement. Iteration 17400. Early stopping counter: 26, LR counter: 1
[Trainer] No improvement. Iteration 17500. Early stopping counter: 27, LR counter: 2
[Trainer] No improvement. Iteration 17600. Early stopping counter: 28, LR counter: 3
[Trainer] No improvement. Iteration 17700. Early stopping counter: 29, LR counter: 4
[Trainer] No improvement. Iteration 17800. Early stopping counter: 30, LR counter: 5
[Trainer] No improvement. Iteration 17900. Early stopping counter: 31, LR counter: 6
[Trainer] No improvement. Iteration 18000. Early stopping counter: 32, LR counter: 7
[Trainer] No improvement. Iteration 18100. Early stopping counter: 33, LR counter: 8
[Trainer] No improvement. Iteration 18200. Early stopping counter: 34, LR counter: 9
[Trainer] No improvement. Iteration 18300. Early stopping counter: 35, LR counter: 10
[Trainer] No improvement. Iteration 18400. Early stopping counter: 36, LR counter: 11
[Trainer] No improvement. Iteration 18500. Early stopping counter: 37, LR counter: 12
[Trainer] No improvement. Iteration 18600. Early stopping counter: 38, LR counter: 13
[Trainer] No improvement. Iteration 18700. Early stopping counter: 39, LR counter: 14
[Trainer] No improvement. Iteration 18800. Early stopping counter: 40, LR counter: 15
[Trainer] No improvement. Iteration 18900. Early stopping counter: 41, LR counter: 16
[Trainer] No improvement. Iteration 19000. Early stopping counter: 42, LR counter: 17
[Trainer] No improvement. Iteration 19100. Early stopping counter: 43, LR counter: 18
[Trainer] No improvement. Iteration 19200. Early stopping counter: 44, LR counter: 19
[Trainer] No improvement. Iteration 19300. Early stopping counter: 45, LR counter: 20
[Trainer] No improvement. Iteration 19400. Early stopping counter: 46, LR counter: 21
[Trainer] No improvement. Iteration 19500. Early stopping counter: 47, LR counter: 22
[Trainer] No improvement. Iteration 19600. Early stopping counter: 48, LR counter: 23
[Trainer] No improvement. Iteration 19700. Early stopping counter: 49, LR counter: 24
[Trainer] No improvement. Iteration 19900. Early stopping counter: 1, LR counter: 1
[Trainer] No improvement. Iteration 20000. Early stopping counter: 2, LR counter: 2
[Trainer] No improvement. Iteration 20100. Early stopping counter: 3, LR counter: 3
[Trainer] No improvement. Iteration 20200. Early stopping counter: 4, LR counter: 4
[Trainer] No improvement. Iteration 20300. Early stopping counter: 5, LR counter: 5
[Trainer] No improvement. Iteration 20400. Early stopping counter: 6, LR counter: 6
[Trainer] No improvement. Iteration 20500. Early stopping counter: 7, LR counter: 7
[Trainer] No improvement. Iteration 20600. Early stopping counter: 8, LR counter: 8
[Trainer] No improvement. Iteration 20700. Early stopping counter: 9, LR counter: 9
[Trainer] No improvement. Iteration 20800. Early stopping counter: 10, LR counter: 10
[Trainer] No improvement. Iteration 20900. Early stopping counter: 11, LR counter: 11
[Trainer] No improvement. Iteration 21000. Early stopping counter: 12, LR counter: 12
[Trainer] No improvement. Iteration 21100. Early stopping counter: 13, LR counter: 13
[Trainer] No improvement. Iteration 21200. Early stopping counter: 14, LR counter: 14
[Trainer] No improvement. Iteration 21300. Early stopping counter: 15, LR counter: 15
[Trainer] No improvement. Iteration 21500. Early stopping counter: 1, LR counter: 1
[Trainer] No improvement. Iteration 21600. Early stopping counter: 2, LR counter: 2
[Trainer] No improvement. Iteration 21700. Early stopping counter: 3, LR counter: 3
[Trainer] No improvement. Iteration 21800. Early stopping counter: 4, LR counter: 4
[Trainer] No improvement. Iteration 21900. Early stopping counter: 5, LR counter: 5
[Trainer] No improvement. Iteration 22000. Early stopping counter: 6, LR counter: 6
[Trainer] No improvement. Iteration 22100. Early stopping counter: 7, LR counter: 7
[Trainer] No improvement. Iteration 22200. Early stopping counter: 8, LR counter: 8
[Trainer] No improvement. Iteration 22300. Early stopping counter: 9, LR counter: 9
[Trainer] No improvement. Iteration 22400. Early stopping counter: 10, LR counter: 10
[Trainer] No improvement. Iteration 22500. Early stopping counter: 11, LR counter: 11
[Trainer] No improvement. Iteration 22600. Early stopping counter: 12, LR counter: 12
[Trainer] No improvement. Iteration 22700. Early stopping counter: 13, LR counter: 13
[Trainer] No improvement. Iteration 22800. Early stopping counter: 14, LR counter: 14
[Trainer] No improvement. Iteration 22900. Early stopping counter: 15, LR counter: 15
[Trainer] No improvement. Iteration 23000. Early stopping counter: 16, LR counter: 16
[Trainer] No improvement. Iteration 23100. Early stopping counter: 17, LR counter: 17
[Trainer] No improvement. Iteration 23200. Early stopping counter: 18, LR counter: 18
[Trainer] No improvement. Iteration 23300. Early stopping counter: 19, LR counter: 19
[Trainer] No improvement. Iteration 23400. Early stopping counter: 20, LR counter: 20
[Trainer] No improvement. Iteration 23500. Early stopping counter: 21, LR counter: 21
[Trainer] No improvement. Iteration 23600. Early stopping counter: 22, LR counter: 22
[Trainer] No improvement. Iteration 23700. Early stopping counter: 23, LR counter: 23
[Trainer] No improvement. Iteration 23800. Early stopping counter: 24, LR counter: 24
[Trainer] No improvement. Iteration 23900. Early stopping counter: 25, LR counter: 25
[Trainer] Learning rate reduced to: 0.000001
[Trainer] No improvement. Iteration 24000. Early stopping counter: 26, LR counter: 1
[Trainer] No improvement. Iteration 24100. Early stopping counter: 27, LR counter: 2
[Trainer] No improvement. Iteration 24200. Early stopping counter: 28, LR counter: 3
[Trainer] No improvement. Iteration 24300. Early stopping counter: 29, LR counter: 4
[Trainer] No improvement. Iteration 24400. Early stopping counter: 30, LR counter: 5
[Trainer] No improvement. Iteration 24500. Early stopping counter: 31, LR counter: 6
[Trainer] No improvement. Iteration 24600. Early stopping counter: 32, LR counter: 7
[Trainer] No improvement. Iteration 24700. Early stopping counter: 33, LR counter: 8
[Trainer] No improvement. Iteration 24800. Early stopping counter: 34, LR counter: 9
[Trainer] No improvement. Iteration 24900. Early stopping counter: 35, LR counter: 10
[Trainer] No improvement. Iteration 25000. Early stopping counter: 36, LR counter: 11
[Trainer] No improvement. Iteration 25100. Early stopping counter: 37, LR counter: 12
[Trainer] No improvement. Iteration 25200. Early stopping counter: 38, LR counter: 13
[Trainer] No improvement. Iteration 25300. Early stopping counter: 39, LR counter: 14
[Trainer] No improvement. Iteration 25400. Early stopping counter: 40, LR counter: 15
[Trainer] No improvement. Iteration 25500. Early stopping counter: 41, LR counter: 16
[Trainer] No improvement. Iteration 25600. Early stopping counter: 42, LR counter: 17
[Trainer] No improvement. Iteration 25700. Early stopping counter: 43, LR counter: 18
[Trainer] No improvement. Iteration 25800. Early stopping counter: 44, LR counter: 19
[Trainer] No improvement. Iteration 25900. Early stopping counter: 45, LR counter: 20
[Trainer] No improvement. Iteration 26000. Early stopping counter: 46, LR counter: 21
[Trainer] No improvement. Iteration 26100. Early stopping counter: 47, LR counter: 22
[Trainer] No improvement. Iteration 26200. Early stopping counter: 48, LR counter: 23
[Trainer] No improvement. Iteration 26300. Early stopping counter: 49, LR counter: 24
[Trainer] No improvement. Iteration 26400. Early stopping counter: 50, LR counter: 25
[Trainer] Learning rate reduced to: 0.000000
[Trainer] Early stopping triggered.
[Trainer] Training completed.
[Trainer] Calibrating temperatures on validation set...
[Trainer] Temperature calibration finished. Calibrated temperatures: {4: 1.21094810962677, 6: 1.2148149013519287, 8: 1.1923258304595947, 10: 1.3800041675567627}
[Trainer] BNN training completed.
**************************************************
Z=8, N=4, emax=4
RMSE Eb: 0.802
RMSE Rch: 0.007
MAPE Eb: 2.348
MAPE Rch: 0.330
--------------------------------------------------
**************************************************
Z=8, N=4, emax=10
RMSE Eb: 0.941
RMSE Rch: 0.045
MAPE Eb: 1.478
MAPE Rch: 2.037
--------------------------------------------------
**************************************************
Z=8, N=4, emax=6
RMSE Eb: 0.772
RMSE Rch: 0.015
MAPE Eb: 1.516
MAPE Rch: 0.758
--------------------------------------------------
**************************************************
Z=8, N=4, emax=8
RMSE Eb: 0.698
RMSE Rch: 0.022
MAPE Eb: 1.135
MAPE Rch: 1.051
--------------------------------------------------
**************************************************
Z=8, N=5, emax=8
RMSE Eb: 0.776
RMSE Rch: 0.013
MAPE Eb: 0.969
MAPE Rch: 0.659
--------------------------------------------------
**************************************************
Z=8, N=5, emax=6
RMSE Eb: 0.667
RMSE Rch: 0.011
MAPE Eb: 0.905
MAPE Rch: 0.562
--------------------------------------------------
**************************************************
Z=8, N=5, emax=4
RMSE Eb: 0.598
RMSE Rch: 0.011
MAPE Eb: 1.215
MAPE Rch: 0.474
--------------------------------------------------
**************************************************
Z=8, N=5, emax=10
RMSE Eb: 1.448
RMSE Rch: 0.011
MAPE Eb: 1.770
MAPE Rch: 0.634
--------------------------------------------------
**************************************************
Z=8, N=6, emax=4
RMSE Eb: 0.575
RMSE Rch: 0.007
MAPE Eb: 0.794
MAPE Rch: 0.325
--------------------------------------------------
**************************************************
Z=8, N=6, emax=6
RMSE Eb: 0.710
RMSE Rch: 0.012
MAPE Eb: 0.744
MAPE Rch: 0.595
--------------------------------------------------
**************************************************
Z=8, N=6, emax=8
RMSE Eb: 0.868
RMSE Rch: 0.011
MAPE Eb: 0.726
MAPE Rch: 0.548
--------------------------------------------------
**************************************************
Z=8, N=6, emax=10
RMSE Eb: 0.804
RMSE Rch: 0.013
MAPE Eb: 0.715
MAPE Rch: 0.696
--------------------------------------------------
**************************************************
Z=8, N=7, emax=8
RMSE Eb: 0.943
RMSE Rch: 0.009
MAPE Eb: 0.743
MAPE Rch: 0.440
--------------------------------------------------
**************************************************
Z=8, N=7, emax=10
RMSE Eb: 0.820
RMSE Rch: 0.012
MAPE Eb: 0.638
MAPE Rch: 0.680
--------------------------------------------------
**************************************************
Z=8, N=7, emax=6
RMSE Eb: 0.826
RMSE Rch: 0.010
MAPE Eb: 0.751
MAPE Rch: 0.466
--------------------------------------------------
**************************************************
Z=8, N=7, emax=4
RMSE Eb: 0.700
RMSE Rch: 0.012
MAPE Eb: 0.862
MAPE Rch: 0.589
--------------------------------------------------
**************************************************
Z=8, N=8, emax=4
RMSE Eb: 0.677
RMSE Rch: 0.008
MAPE Eb: 0.743
MAPE Rch: 0.219
--------------------------------------------------
**************************************************
Z=8, N=8, emax=8
RMSE Eb: 0.781
RMSE Rch: 0.008
MAPE Eb: 0.608
MAPE Rch: 0.225
--------------------------------------------------
**************************************************
Z=8, N=8, emax=6
RMSE Eb: 0.757
RMSE Rch: 0.006
MAPE Eb: 0.628
MAPE Rch: 0.169
--------------------------------------------------
**************************************************
Z=8, N=8, emax=10
RMSE Eb: 1.080
RMSE Rch: 0.010
MAPE Eb: 0.853
MAPE Rch: 0.262
--------------------------------------------------
**************************************************
Z=8, N=9, emax=8
RMSE Eb: 0.824
RMSE Rch: 0.010
MAPE Eb: 0.586
MAPE Rch: 0.291
--------------------------------------------------
**************************************************
Z=8, N=9, emax=6
RMSE Eb: 0.737
RMSE Rch: 0.007
MAPE Eb: 0.643
MAPE Rch: 0.192
--------------------------------------------------
**************************************************
Z=8, N=9, emax=4
RMSE Eb: 0.696
RMSE Rch: 0.010
MAPE Eb: 0.701
MAPE Rch: 0.289
--------------------------------------------------
**************************************************
Z=8, N=9, emax=10
RMSE Eb: 0.717
RMSE Rch: 0.009
MAPE Eb: 0.501
MAPE Rch: 0.240
--------------------------------------------------
**************************************************
Z=8, N=10, emax=4
RMSE Eb: 0.755
RMSE Rch: 0.009
MAPE Eb: 0.799
MAPE Rch: 0.250
--------------------------------------------------
**************************************************
Z=8, N=10, emax=10
RMSE Eb: 0.652
RMSE Rch: 0.012
MAPE Eb: 0.423
MAPE Rch: 0.322
--------------------------------------------------
**************************************************
Z=8, N=10, emax=6
RMSE Eb: 0.676
RMSE Rch: 0.009
MAPE Eb: 0.503
MAPE Rch: 0.243
--------------------------------------------------
**************************************************
Z=8, N=10, emax=8
RMSE Eb: 0.838
RMSE Rch: 0.007
MAPE Eb: 0.593
MAPE Rch: 0.194
--------------------------------------------------
**************************************************
Z=8, N=11, emax=4
RMSE Eb: 0.519
RMSE Rch: 0.007
MAPE Eb: 0.506
MAPE Rch: 0.200
--------------------------------------------------
**************************************************
Z=8, N=11, emax=6
RMSE Eb: 0.747
RMSE Rch: 0.005
MAPE Eb: 0.612
MAPE Rch: 0.139
--------------------------------------------------
**************************************************
Z=8, N=11, emax=8
RMSE Eb: 0.870
RMSE Rch: 0.007
MAPE Eb: 0.512
MAPE Rch: 0.205
--------------------------------------------------
**************************************************
Z=8, N=11, emax=10
RMSE Eb: 0.728
RMSE Rch: 0.008
MAPE Eb: 0.482
MAPE Rch: 0.210
--------------------------------------------------
**************************************************
Z=8, N=12, emax=6
RMSE Eb: 0.726
RMSE Rch: 0.006
MAPE Eb: 0.552
MAPE Rch: 0.180
--------------------------------------------------
**************************************************
Z=8, N=12, emax=4
RMSE Eb: 0.601
RMSE Rch: 0.008
MAPE Eb: 0.623
MAPE Rch: 0.222
--------------------------------------------------
**************************************************
Z=8, N=12, emax=8
RMSE Eb: 0.746
RMSE Rch: 0.007
MAPE Eb: 0.485
MAPE Rch: 0.185
--------------------------------------------------
**************************************************
Z=8, N=12, emax=10
RMSE Eb: 0.613
RMSE Rch: 0.007
MAPE Eb: 0.412
MAPE Rch: 0.225
--------------------------------------------------
**************************************************
Z=8, N=13, emax=8
RMSE Eb: 0.876
RMSE Rch: 0.006
MAPE Eb: 0.559
MAPE Rch: 0.180
--------------------------------------------------
**************************************************
Z=8, N=13, emax=4
RMSE Eb: 0.789
RMSE Rch: 0.009
MAPE Eb: 0.833
MAPE Rch: 0.250
--------------------------------------------------
**************************************************
Z=8, N=13, emax=10
RMSE Eb: 0.715
RMSE Rch: 0.009
MAPE Eb: 0.456
MAPE Rch: 0.268
--------------------------------------------------
**************************************************
Z=8, N=13, emax=6
RMSE Eb: 0.854
RMSE Rch: 0.006
MAPE Eb: 0.657
MAPE Rch: 0.148
--------------------------------------------------
**************************************************
Z=8, N=14, emax=8
RMSE Eb: 1.024
RMSE Rch: 0.013
MAPE Eb: 0.633
MAPE Rch: 0.369
--------------------------------------------------
**************************************************
Z=8, N=14, emax=4
RMSE Eb: 0.660
RMSE Rch: 0.010
MAPE Eb: 0.640
MAPE Rch: 0.280
--------------------------------------------------
**************************************************
Z=8, N=14, emax=6
RMSE Eb: 0.676
RMSE Rch: 0.007
MAPE Eb: 0.472
MAPE Rch: 0.202
--------------------------------------------------
**************************************************
Z=8, N=14, emax=10
RMSE Eb: 0.823
RMSE Rch: 0.011
MAPE Eb: 0.536
MAPE Rch: 0.341
--------------------------------------------------
**************************************************
Z=8, N=15, emax=8
RMSE Eb: 0.922
RMSE Rch: 0.009
MAPE Eb: 0.562
MAPE Rch: 0.232
--------------------------------------------------
**************************************************
Z=8, N=15, emax=4
RMSE Eb: 0.757
RMSE Rch: 0.008
MAPE Eb: 0.674
MAPE Rch: 0.226
--------------------------------------------------
**************************************************
Z=8, N=15, emax=6
RMSE Eb: 0.733
RMSE Rch: 0.007
MAPE Eb: 0.530
MAPE Rch: 0.178
--------------------------------------------------
**************************************************
Z=8, N=15, emax=10
RMSE Eb: 1.030
RMSE Rch: 0.006
MAPE Eb: 0.538
MAPE Rch: 0.179
--------------------------------------------------
**************************************************
Z=8, N=16, emax=8
RMSE Eb: 0.859
RMSE Rch: 0.011
MAPE Eb: 0.495
MAPE Rch: 0.287
--------------------------------------------------
**************************************************
Z=8, N=16, emax=6
RMSE Eb: 0.848
RMSE Rch: 0.009
MAPE Eb: 0.619
MAPE Rch: 0.259
--------------------------------------------------
**************************************************
Z=8, N=16, emax=10
RMSE Eb: 0.902
RMSE Rch: 0.008
MAPE Eb: 0.525
MAPE Rch: 0.251
--------------------------------------------------
**************************************************
Z=8, N=16, emax=4
RMSE Eb: 0.856
RMSE Rch: 0.010
MAPE Eb: 0.890
MAPE Rch: 0.280
--------------------------------------------------
Finished VAL for AE n=138
**************************************************
Z=8, N=4, emax=6
RMSE Eb: 0.787
RMSE Rch: 0.016
MAPE Eb: 1.459
MAPE Rch: 0.754
--------------------------------------------------
**************************************************
Z=8, N=4, emax=8
RMSE Eb: 0.648
RMSE Rch: 0.017
MAPE Eb: 1.091
MAPE Rch: 0.834
--------------------------------------------------
**************************************************
Z=8, N=4, emax=4
RMSE Eb: 0.737
RMSE Rch: 0.007
MAPE Eb: 2.043
MAPE Rch: 0.289
--------------------------------------------------
**************************************************
Z=8, N=4, emax=10
RMSE Eb: 0.680
RMSE Rch: 0.028
MAPE Eb: 1.075
MAPE Rch: 1.173
--------------------------------------------------
**************************************************
Z=8, N=5, emax=4
RMSE Eb: 0.569
RMSE Rch: 0.010
MAPE Eb: 1.158
MAPE Rch: 0.497
--------------------------------------------------
**************************************************
Z=8, N=5, emax=8
RMSE Eb: 0.776
RMSE Rch: 0.012
MAPE Eb: 1.013
MAPE Rch: 0.629
--------------------------------------------------
**************************************************
Z=8, N=5, emax=6
RMSE Eb: 0.744
RMSE Rch: 0.011
MAPE Eb: 1.001
MAPE Rch: 0.604
--------------------------------------------------
**************************************************
Z=8, N=5, emax=10
RMSE Eb: 1.002
RMSE Rch: 0.017
MAPE Eb: 1.340
MAPE Rch: 0.992
--------------------------------------------------
**************************************************
Z=8, N=6, emax=4
RMSE Eb: 0.603
RMSE Rch: 0.008
MAPE Eb: 0.840
MAPE Rch: 0.338
--------------------------------------------------
**************************************************
Z=8, N=6, emax=8
RMSE Eb: 0.973
RMSE Rch: 0.016
MAPE Eb: 0.727
MAPE Rch: 0.796
--------------------------------------------------
**************************************************
Z=8, N=6, emax=6
RMSE Eb: 0.734
RMSE Rch: 0.010
MAPE Eb: 0.811
MAPE Rch: 0.502
--------------------------------------------------
**************************************************
Z=8, N=6, emax=10
RMSE Eb: 0.698
RMSE Rch: 0.012
MAPE Eb: 0.578
MAPE Rch: 0.645
--------------------------------------------------
**************************************************
Z=8, N=7, emax=4
RMSE Eb: 0.774
RMSE Rch: 0.010
MAPE Eb: 1.012
MAPE Rch: 0.494
--------------------------------------------------
**************************************************
Z=8, N=7, emax=8
RMSE Eb: 0.985
RMSE Rch: 0.009
MAPE Eb: 0.752
MAPE Rch: 0.492
--------------------------------------------------
**************************************************
Z=8, N=7, emax=6
RMSE Eb: 0.890
RMSE Rch: 0.010
MAPE Eb: 0.827
MAPE Rch: 0.487
--------------------------------------------------
**************************************************
Z=8, N=7, emax=10
RMSE Eb: 0.581
RMSE Rch: 0.011
MAPE Eb: 0.430
MAPE Rch: 0.583
--------------------------------------------------
**************************************************
Z=8, N=8, emax=4
RMSE Eb: 0.674
RMSE Rch: 0.008
MAPE Eb: 0.672
MAPE Rch: 0.212
--------------------------------------------------
**************************************************
Z=8, N=8, emax=6
RMSE Eb: 0.843
RMSE Rch: 0.007
MAPE Eb: 0.648
MAPE Rch: 0.217
--------------------------------------------------
**************************************************
Z=8, N=8, emax=8
RMSE Eb: 0.768
RMSE Rch: 0.009
MAPE Eb: 0.561
MAPE Rch: 0.254
--------------------------------------------------
**************************************************
Z=8, N=8, emax=10
RMSE Eb: 0.681
RMSE Rch: 0.009
MAPE Eb: 0.445
MAPE Rch: 0.187
--------------------------------------------------
**************************************************
Z=8, N=9, emax=4
RMSE Eb: 0.614
RMSE Rch: 0.010
MAPE Eb: 0.694
MAPE Rch: 0.271
--------------------------------------------------
**************************************************
Z=8, N=9, emax=8
RMSE Eb: 0.857
RMSE Rch: 0.010
MAPE Eb: 0.585
MAPE Rch: 0.279
--------------------------------------------------
**************************************************
Z=8, N=9, emax=6
RMSE Eb: 0.648
RMSE Rch: 0.008
MAPE Eb: 0.551
MAPE Rch: 0.228
--------------------------------------------------
**************************************************
Z=8, N=9, emax=10
RMSE Eb: 0.674
RMSE Rch: 0.006
MAPE Eb: 0.470
MAPE Rch: 0.175
--------------------------------------------------
**************************************************
Z=8, N=10, emax=4
RMSE Eb: 0.772
RMSE Rch: 0.008
MAPE Eb: 0.777
MAPE Rch: 0.232
--------------------------------------------------
**************************************************
Z=8, N=10, emax=6
RMSE Eb: 0.761
RMSE Rch: 0.007
MAPE Eb: 0.595
MAPE Rch: 0.187
--------------------------------------------------
**************************************************
Z=8, N=10, emax=8
RMSE Eb: 0.836
RMSE Rch: 0.007
MAPE Eb: 0.606
MAPE Rch: 0.180
--------------------------------------------------
**************************************************
Z=8, N=10, emax=10
RMSE Eb: 0.709
RMSE Rch: 0.009
MAPE Eb: 0.462
MAPE Rch: 0.262
--------------------------------------------------
**************************************************
Z=8, N=11, emax=8
RMSE Eb: 0.809
RMSE Rch: 0.009
MAPE Eb: 0.575
MAPE Rch: 0.255
--------------------------------------------------
**************************************************
Z=8, N=11, emax=4
RMSE Eb: 0.549
RMSE Rch: 0.009
MAPE Eb: 0.562
MAPE Rch: 0.241
--------------------------------------------------
**************************************************
Z=8, N=11, emax=6
RMSE Eb: 0.666
RMSE Rch: 0.006
MAPE Eb: 0.530
MAPE Rch: 0.178
--------------------------------------------------
**************************************************
Z=8, N=11, emax=10
RMSE Eb: 0.559
RMSE Rch: 0.008
MAPE Eb: 0.358
MAPE Rch: 0.206
--------------------------------------------------
**************************************************
Z=8, N=12, emax=6
RMSE Eb: 0.693
RMSE Rch: 0.006
MAPE Eb: 0.566
MAPE Rch: 0.170
--------------------------------------------------
**************************************************
Z=8, N=12, emax=8
RMSE Eb: 0.912
RMSE Rch: 0.007
MAPE Eb: 0.579
MAPE Rch: 0.185
--------------------------------------------------
**************************************************
Z=8, N=12, emax=4
RMSE Eb: 0.714
RMSE Rch: 0.008
MAPE Eb: 0.737
MAPE Rch: 0.228
--------------------------------------------------
**************************************************
Z=8, N=12, emax=10
RMSE Eb: 0.723
RMSE Rch: 0.007
MAPE Eb: 0.478
MAPE Rch: 0.221
--------------------------------------------------
**************************************************
Z=8, N=13, emax=8
RMSE Eb: 0.898
RMSE Rch: 0.007
MAPE Eb: 0.588
MAPE Rch: 0.194
--------------------------------------------------
**************************************************
Z=8, N=13, emax=4
RMSE Eb: 0.628
RMSE Rch: 0.009
MAPE Eb: 0.665
MAPE Rch: 0.250
--------------------------------------------------
**************************************************
Z=8, N=13, emax=6
RMSE Eb: 0.637
RMSE Rch: 0.006
MAPE Eb: 0.481
MAPE Rch: 0.154
--------------------------------------------------
**************************************************
Z=8, N=13, emax=10
RMSE Eb: 0.735
RMSE Rch: 0.008
MAPE Eb: 0.426
MAPE Rch: 0.215
--------------------------------------------------
**************************************************
Z=8, N=14, emax=6
RMSE Eb: 0.802
RMSE Rch: 0.007
MAPE Eb: 0.574
MAPE Rch: 0.208
--------------------------------------------------
**************************************************
Z=8, N=14, emax=10
RMSE Eb: 0.900
RMSE Rch: 0.011
MAPE Eb: 0.532
MAPE Rch: 0.306
--------------------------------------------------
**************************************************
Z=8, N=14, emax=4
RMSE Eb: 0.689
RMSE Rch: 0.009
MAPE Eb: 0.707
MAPE Rch: 0.253
--------------------------------------------------
**************************************************
Z=8, N=14, emax=8
RMSE Eb: 0.907
RMSE Rch: 0.012
MAPE Eb: 0.579
MAPE Rch: 0.354
--------------------------------------------------
**************************************************
Z=8, N=15, emax=8
RMSE Eb: 0.691
RMSE Rch: 0.008
MAPE Eb: 0.407
MAPE Rch: 0.230
--------------------------------------------------
**************************************************
Z=8, N=15, emax=6
RMSE Eb: 0.614
RMSE Rch: 0.007
MAPE Eb: 0.444
MAPE Rch: 0.203
--------------------------------------------------
**************************************************
Z=8, N=15, emax=4
RMSE Eb: 0.666
RMSE Rch: 0.007
MAPE Eb: 0.642
MAPE Rch: 0.180
--------------------------------------------------
**************************************************
Z=8, N=15, emax=10
RMSE Eb: 0.691
RMSE Rch: 0.007
MAPE Eb: 0.389
MAPE Rch: 0.182
--------------------------------------------------
**************************************************
Z=8, N=16, emax=4
RMSE Eb: 1.082
RMSE Rch: 0.010
MAPE Eb: 1.037
MAPE Rch: 0.259
--------------------------------------------------
**************************************************
Z=8, N=16, emax=8
RMSE Eb: 0.980
RMSE Rch: 0.010
MAPE Eb: 0.585
MAPE Rch: 0.296
--------------------------------------------------
**************************************************
Z=8, N=16, emax=6
RMSE Eb: 0.751
RMSE Rch: 0.009
MAPE Eb: 0.528
MAPE Rch: 0.239
--------------------------------------------------
**************************************************
Z=8, N=16, emax=10
RMSE Eb: 0.796
RMSE Rch: 0.008
MAPE Eb: 0.462
MAPE Rch: 0.193
--------------------------------------------------
