Activated conda environment
[DataLoader] Found 13 files matching the pattern.
[DataLoader] Combined data shape: (17234, 35)
[Preprocess] Data split => train: (11029, 35), val: (2758, 35), test: (3447, 35)
[Preprocess] Processed fidelity 4 (index 0): 3758 samples.
[Preprocess] Processed fidelity 6 (index 1): 3346 samples.
[Preprocess] Processed fidelity 8 (index 2): 3194 samples.
[Preprocess] Processed fidelity 10 (index 3): 731 samples.
[Preprocess] Processed fidelity 4 (index 0): 949 samples.
[Preprocess] Processed fidelity 6 (index 1): 833 samples.
[Preprocess] Processed fidelity 8 (index 2): 801 samples.
[Preprocess] Processed fidelity 10 (index 3): 175 samples.
Fidelity levels: [4, 6, 8, 10]
[Trainer] Starting BNN training...
[Trainer] No improvement. Iteration 7300. Early stopping counter: 1, LR counter: 1
[Trainer] No improvement. Iteration 7400. Early stopping counter: 2, LR counter: 2
[Trainer] No improvement. Iteration 7600. Early stopping counter: 1, LR counter: 1
[Trainer] No improvement. Iteration 7700. Early stopping counter: 2, LR counter: 2
[Trainer] No improvement. Iteration 8000. Early stopping counter: 1, LR counter: 1
[Trainer] No improvement. Iteration 8100. Early stopping counter: 2, LR counter: 2
[Trainer] No improvement. Iteration 8200. Early stopping counter: 3, LR counter: 3
[Trainer] No improvement. Iteration 8300. Early stopping counter: 4, LR counter: 4
[Trainer] No improvement. Iteration 8500. Early stopping counter: 1, LR counter: 1
[Trainer] No improvement. Iteration 8600. Early stopping counter: 2, LR counter: 2
[Trainer] No improvement. Iteration 8700. Early stopping counter: 3, LR counter: 3
[Trainer] No improvement. Iteration 8800. Early stopping counter: 4, LR counter: 4
[Trainer] No improvement. Iteration 8900. Early stopping counter: 5, LR counter: 5
[Trainer] No improvement. Iteration 9000. Early stopping counter: 6, LR counter: 6
[Trainer] No improvement. Iteration 9100. Early stopping counter: 7, LR counter: 7
[Trainer] No improvement. Iteration 9200. Early stopping counter: 8, LR counter: 8
[Trainer] No improvement. Iteration 9300. Early stopping counter: 9, LR counter: 9
[Trainer] No improvement. Iteration 9400. Early stopping counter: 10, LR counter: 10
[Trainer] No improvement. Iteration 9500. Early stopping counter: 11, LR counter: 11
[Trainer] No improvement. Iteration 9600. Early stopping counter: 12, LR counter: 12
[Trainer] No improvement. Iteration 9700. Early stopping counter: 13, LR counter: 13
[Trainer] No improvement. Iteration 9800. Early stopping counter: 14, LR counter: 14
[Trainer] No improvement. Iteration 9900. Early stopping counter: 15, LR counter: 15
[Trainer] No improvement. Iteration 10000. Early stopping counter: 16, LR counter: 16
[Trainer] No improvement. Iteration 10100. Early stopping counter: 17, LR counter: 17
[Trainer] No improvement. Iteration 10200. Early stopping counter: 18, LR counter: 18
[Trainer] No improvement. Iteration 10300. Early stopping counter: 19, LR counter: 19
[Trainer] No improvement. Iteration 10400. Early stopping counter: 20, LR counter: 20
[Trainer] No improvement. Iteration 10500. Early stopping counter: 21, LR counter: 21
[Trainer] No improvement. Iteration 10600. Early stopping counter: 22, LR counter: 22
[Trainer] No improvement. Iteration 10700. Early stopping counter: 23, LR counter: 23
[Trainer] No improvement. Iteration 10800. Early stopping counter: 24, LR counter: 24
[Trainer] No improvement. Iteration 10900. Early stopping counter: 25, LR counter: 25
[Trainer] Learning rate reduced to: 0.000010
[Trainer] No improvement. Iteration 11000. Early stopping counter: 26, LR counter: 1
[Trainer] No improvement. Iteration 11100. Early stopping counter: 27, LR counter: 2
[Trainer] No improvement. Iteration 11200. Early stopping counter: 28, LR counter: 3
[Trainer] No improvement. Iteration 11300. Early stopping counter: 29, LR counter: 4
[Trainer] No improvement. Iteration 11400. Early stopping counter: 30, LR counter: 5
[Trainer] No improvement. Iteration 11500. Early stopping counter: 31, LR counter: 6
[Trainer] No improvement. Iteration 11600. Early stopping counter: 32, LR counter: 7
[Trainer] No improvement. Iteration 11700. Early stopping counter: 33, LR counter: 8
[Trainer] No improvement. Iteration 11800. Early stopping counter: 34, LR counter: 9
[Trainer] No improvement. Iteration 11900. Early stopping counter: 35, LR counter: 10
[Trainer] No improvement. Iteration 12000. Early stopping counter: 36, LR counter: 11
[Trainer] No improvement. Iteration 12100. Early stopping counter: 37, LR counter: 12
[Trainer] No improvement. Iteration 12200. Early stopping counter: 38, LR counter: 13
[Trainer] No improvement. Iteration 12300. Early stopping counter: 39, LR counter: 14
[Trainer] No improvement. Iteration 12400. Early stopping counter: 40, LR counter: 15
[Trainer] No improvement. Iteration 12500. Early stopping counter: 41, LR counter: 16
[Trainer] No improvement. Iteration 12600. Early stopping counter: 42, LR counter: 17
[Trainer] No improvement. Iteration 12700. Early stopping counter: 43, LR counter: 18
[Trainer] No improvement. Iteration 12800. Early stopping counter: 44, LR counter: 19
[Trainer] No improvement. Iteration 12900. Early stopping counter: 45, LR counter: 20
[Trainer] No improvement. Iteration 13000. Early stopping counter: 46, LR counter: 21
[Trainer] No improvement. Iteration 13100. Early stopping counter: 47, LR counter: 22
[Trainer] No improvement. Iteration 13200. Early stopping counter: 48, LR counter: 23
[Trainer] No improvement. Iteration 13300. Early stopping counter: 49, LR counter: 24
[Trainer] No improvement. Iteration 13400. Early stopping counter: 50, LR counter: 25
[Trainer] Learning rate reduced to: 0.000001
[Trainer] Early stopping triggered.
[Trainer] Training completed.
[Trainer] Calibrating temperatures on validation set...
[Trainer] Temperature calibration finished. Calibrated temperatures: {4: 1.131525993347168, 6: 1.038946509361267, 8: 1.0963853597640991, 10: 1.2550088167190552}
[Trainer] BNN training completed.
**************************************************
Z=8, N=4, emax=4
RMSE Eb: 0.619
RMSE Rch: 0.013
MAPE Eb: 1.710
MAPE Rch: 0.627
--------------------------------------------------
**************************************************
Z=8, N=4, emax=10
RMSE Eb: 0.792
RMSE Rch: 0.048
MAPE Eb: 1.147
MAPE Rch: 1.982
--------------------------------------------------
**************************************************
Z=8, N=4, emax=6
RMSE Eb: 0.703
RMSE Rch: 0.016
MAPE Eb: 1.252
MAPE Rch: 0.800
--------------------------------------------------
**************************************************
Z=8, N=4, emax=8
RMSE Eb: 0.721
RMSE Rch: 0.022
MAPE Eb: 1.179
MAPE Rch: 1.005
--------------------------------------------------
**************************************************
Z=8, N=5, emax=8
RMSE Eb: 0.721
RMSE Rch: 0.015
MAPE Eb: 0.913
MAPE Rch: 0.702
--------------------------------------------------
**************************************************
Z=8, N=5, emax=6
RMSE Eb: 0.729
RMSE Rch: 0.018
MAPE Eb: 1.026
MAPE Rch: 0.931
--------------------------------------------------
**************************************************
Z=8, N=5, emax=4
RMSE Eb: 0.715
RMSE Rch: 0.016
MAPE Eb: 1.508
MAPE Rch: 0.821
--------------------------------------------------
**************************************************
Z=8, N=5, emax=10
RMSE Eb: 0.738
RMSE Rch: 0.018
MAPE Eb: 0.899
MAPE Rch: 1.027
--------------------------------------------------
**************************************************
Z=8, N=6, emax=4
RMSE Eb: 0.604
RMSE Rch: 0.019
MAPE Eb: 0.921
MAPE Rch: 1.001
--------------------------------------------------
**************************************************
Z=8, N=6, emax=6
RMSE Eb: 0.703
RMSE Rch: 0.012
MAPE Eb: 0.773
MAPE Rch: 0.541
--------------------------------------------------
**************************************************
Z=8, N=6, emax=8
RMSE Eb: 0.841
RMSE Rch: 0.013
MAPE Eb: 0.858
MAPE Rch: 0.616
--------------------------------------------------
**************************************************
Z=8, N=6, emax=10
RMSE Eb: 1.034
RMSE Rch: 0.018
MAPE Eb: 0.959
MAPE Rch: 1.027
--------------------------------------------------
**************************************************
Z=8, N=7, emax=8
RMSE Eb: 0.951
RMSE Rch: 0.017
MAPE Eb: 0.759
MAPE Rch: 1.002
--------------------------------------------------
**************************************************
Z=8, N=7, emax=10
RMSE Eb: 0.613
RMSE Rch: 0.024
MAPE Eb: 0.490
MAPE Rch: 1.445
--------------------------------------------------
**************************************************
Z=8, N=7, emax=6
RMSE Eb: 0.919
RMSE Rch: 0.011
MAPE Eb: 0.880
MAPE Rch: 0.542
--------------------------------------------------
**************************************************
Z=8, N=7, emax=4
RMSE Eb: 0.731
RMSE Rch: 0.030
MAPE Eb: 0.895
MAPE Rch: 1.741
--------------------------------------------------
**************************************************
Z=8, N=8, emax=4
RMSE Eb: 0.932
RMSE Rch: 0.012
MAPE Eb: 0.924
MAPE Rch: 0.334
--------------------------------------------------
**************************************************
Z=8, N=8, emax=8
RMSE Eb: 0.886
RMSE Rch: 0.024
MAPE Eb: 0.635
MAPE Rch: 0.760
--------------------------------------------------
**************************************************
Z=8, N=8, emax=6
RMSE Eb: 0.801
RMSE Rch: 0.021
MAPE Eb: 0.594
MAPE Rch: 0.660
--------------------------------------------------
**************************************************
Z=8, N=8, emax=10
RMSE Eb: 1.301
RMSE Rch: 0.023
MAPE Eb: 0.991
MAPE Rch: 0.644
--------------------------------------------------
**************************************************
Z=8, N=9, emax=8
RMSE Eb: 0.832
RMSE Rch: 0.012
MAPE Eb: 0.612
MAPE Rch: 0.355
--------------------------------------------------
**************************************************
Z=8, N=9, emax=6
RMSE Eb: 0.594
RMSE Rch: 0.016
MAPE Eb: 0.500
MAPE Rch: 0.508
--------------------------------------------------
**************************************************
Z=8, N=9, emax=4
RMSE Eb: 0.593
RMSE Rch: 0.008
MAPE Eb: 0.612
MAPE Rch: 0.221
--------------------------------------------------
**************************************************
Z=8, N=9, emax=10
RMSE Eb: 0.827
RMSE Rch: 0.008
MAPE Eb: 0.603
MAPE Rch: 0.251
--------------------------------------------------
**************************************************
Z=8, N=10, emax=4
RMSE Eb: 0.836
RMSE Rch: 0.007
MAPE Eb: 0.784
MAPE Rch: 0.186
--------------------------------------------------
**************************************************
Z=8, N=10, emax=10
RMSE Eb: 1.122
RMSE Rch: 0.011
MAPE Eb: 0.767
MAPE Rch: 0.338
--------------------------------------------------
**************************************************
Z=8, N=10, emax=6
RMSE Eb: 0.749
RMSE Rch: 0.011
MAPE Eb: 0.626
MAPE Rch: 0.314
--------------------------------------------------
**************************************************
Z=8, N=10, emax=8
RMSE Eb: 0.982
RMSE Rch: 0.010
MAPE Eb: 0.655
MAPE Rch: 0.268
--------------------------------------------------
**************************************************
Z=8, N=11, emax=4
RMSE Eb: 0.626
RMSE Rch: 0.007
MAPE Eb: 0.627
MAPE Rch: 0.203
--------------------------------------------------
**************************************************
Z=8, N=11, emax=6
RMSE Eb: 0.856
RMSE Rch: 0.008
MAPE Eb: 0.645
MAPE Rch: 0.207
--------------------------------------------------
**************************************************
Z=8, N=11, emax=8
RMSE Eb: 0.810
RMSE Rch: 0.009
MAPE Eb: 0.551
MAPE Rch: 0.264
--------------------------------------------------
**************************************************
Z=8, N=11, emax=10
RMSE Eb: 0.647
RMSE Rch: 0.009
MAPE Eb: 0.455
MAPE Rch: 0.254
--------------------------------------------------
**************************************************
Z=8, N=12, emax=6
RMSE Eb: 0.739
RMSE Rch: 0.007
MAPE Eb: 0.544
MAPE Rch: 0.202
--------------------------------------------------
**************************************************
Z=8, N=12, emax=4
RMSE Eb: 0.834
RMSE Rch: 0.008
MAPE Eb: 0.888
MAPE Rch: 0.215
--------------------------------------------------
**************************************************
Z=8, N=12, emax=8
RMSE Eb: 0.758
RMSE Rch: 0.007
MAPE Eb: 0.521
MAPE Rch: 0.197
--------------------------------------------------
**************************************************
Z=8, N=12, emax=10
RMSE Eb: 0.816
RMSE Rch: 0.006
MAPE Eb: 0.510
MAPE Rch: 0.183
--------------------------------------------------
**************************************************
Z=8, N=13, emax=8
RMSE Eb: 0.814
RMSE Rch: 0.008
MAPE Eb: 0.523
MAPE Rch: 0.194
--------------------------------------------------
**************************************************
Z=8, N=13, emax=4
RMSE Eb: 0.654
RMSE Rch: 0.009
MAPE Eb: 0.597
MAPE Rch: 0.257
--------------------------------------------------
**************************************************
Z=8, N=13, emax=10
RMSE Eb: 1.545
RMSE Rch: 0.011
MAPE Eb: 0.951
MAPE Rch: 0.307
--------------------------------------------------
**************************************************
Z=8, N=13, emax=6
RMSE Eb: 0.742
RMSE Rch: 0.008
MAPE Eb: 0.575
MAPE Rch: 0.222
--------------------------------------------------
**************************************************
Z=8, N=14, emax=8
RMSE Eb: 1.092
RMSE Rch: 0.013
MAPE Eb: 0.669
MAPE Rch: 0.332
--------------------------------------------------
**************************************************
Z=8, N=14, emax=4
RMSE Eb: 0.926
RMSE Rch: 0.011
MAPE Eb: 0.884
MAPE Rch: 0.310
--------------------------------------------------
**************************************************
Z=8, N=14, emax=6
RMSE Eb: 0.736
RMSE Rch: 0.008
MAPE Eb: 0.528
MAPE Rch: 0.214
--------------------------------------------------
**************************************************
Z=8, N=14, emax=10
RMSE Eb: 0.929
RMSE Rch: 0.016
MAPE Eb: 0.592
MAPE Rch: 0.424
--------------------------------------------------
**************************************************
Z=8, N=15, emax=8
RMSE Eb: 0.926
RMSE Rch: 0.007
MAPE Eb: 0.528
MAPE Rch: 0.194
--------------------------------------------------
**************************************************
Z=8, N=15, emax=4
RMSE Eb: 1.083
RMSE Rch: 0.010
MAPE Eb: 1.128
MAPE Rch: 0.272
--------------------------------------------------
**************************************************
Z=8, N=15, emax=6
RMSE Eb: 0.754
RMSE Rch: 0.008
MAPE Eb: 0.526
MAPE Rch: 0.235
--------------------------------------------------
**************************************************
Z=8, N=15, emax=10
RMSE Eb: 1.143
RMSE Rch: 0.011
MAPE Eb: 0.593
MAPE Rch: 0.336
--------------------------------------------------
**************************************************
Z=8, N=16, emax=8
RMSE Eb: 1.119
RMSE Rch: 0.010
MAPE Eb: 0.681
MAPE Rch: 0.269
--------------------------------------------------
**************************************************
Z=8, N=16, emax=6
RMSE Eb: 0.854
RMSE Rch: 0.009
MAPE Eb: 0.595
MAPE Rch: 0.254
--------------------------------------------------
**************************************************
Z=8, N=16, emax=10
RMSE Eb: 1.160
RMSE Rch: 0.014
MAPE Eb: 0.671
MAPE Rch: 0.365
--------------------------------------------------
**************************************************
Z=8, N=16, emax=4
RMSE Eb: 0.930
RMSE Rch: 0.008
MAPE Eb: 0.942
MAPE Rch: 0.208
--------------------------------------------------
Finished VAL for AE n=339
**************************************************
Z=8, N=4, emax=6
RMSE Eb: 0.772
RMSE Rch: 0.018
MAPE Eb: 1.415
MAPE Rch: 0.912
--------------------------------------------------
**************************************************
Z=8, N=4, emax=8
RMSE Eb: 0.827
RMSE Rch: 0.022
MAPE Eb: 1.311
MAPE Rch: 0.998
--------------------------------------------------
**************************************************
Z=8, N=4, emax=4
RMSE Eb: 0.739
RMSE Rch: 0.015
MAPE Eb: 1.918
MAPE Rch: 0.785
--------------------------------------------------
**************************************************
Z=8, N=4, emax=10
RMSE Eb: 0.653
RMSE Rch: 0.032
MAPE Eb: 0.954
MAPE Rch: 1.766
--------------------------------------------------
**************************************************
Z=8, N=5, emax=4
RMSE Eb: 0.730
RMSE Rch: 0.016
MAPE Eb: 1.488
MAPE Rch: 0.847
--------------------------------------------------
**************************************************
Z=8, N=5, emax=8
RMSE Eb: 0.648
RMSE Rch: 0.020
MAPE Eb: 0.840
MAPE Rch: 0.930
--------------------------------------------------
**************************************************
Z=8, N=5, emax=6
RMSE Eb: 0.778
RMSE Rch: 0.016
MAPE Eb: 1.163
MAPE Rch: 0.822
--------------------------------------------------
**************************************************
Z=8, N=5, emax=10
RMSE Eb: 0.882
RMSE Rch: 0.026
MAPE Eb: 1.139
MAPE Rch: 1.461
--------------------------------------------------
**************************************************
Z=8, N=6, emax=4
RMSE Eb: 0.676
RMSE Rch: 0.020
MAPE Eb: 0.990
MAPE Rch: 1.095
--------------------------------------------------
**************************************************
Z=8, N=6, emax=8
RMSE Eb: 0.979
RMSE Rch: 0.019
MAPE Eb: 0.901
MAPE Rch: 0.762
--------------------------------------------------
**************************************************
Z=8, N=6, emax=6
RMSE Eb: 0.745
RMSE Rch: 0.014
MAPE Eb: 0.839
MAPE Rch: 0.628
--------------------------------------------------
**************************************************
Z=8, N=6, emax=10
RMSE Eb: 0.876
RMSE Rch: 0.019
MAPE Eb: 0.846
MAPE Rch: 1.058
--------------------------------------------------
**************************************************
Z=8, N=7, emax=4
RMSE Eb: 0.677
RMSE Rch: 0.028
MAPE Eb: 0.786
MAPE Rch: 1.628
--------------------------------------------------
**************************************************
Z=8, N=7, emax=8
RMSE Eb: 0.857
RMSE Rch: 0.018
MAPE Eb: 0.722
MAPE Rch: 0.976
--------------------------------------------------
**************************************************
Z=8, N=7, emax=6
RMSE Eb: 0.832
RMSE Rch: 0.012
MAPE Eb: 0.789
MAPE Rch: 0.644
--------------------------------------------------
**************************************************
Z=8, N=7, emax=10
RMSE Eb: 0.982
RMSE Rch: 0.026
MAPE Eb: 0.780
MAPE Rch: 1.557
--------------------------------------------------
**************************************************
Z=8, N=8, emax=4
RMSE Eb: 0.689
RMSE Rch: 0.011
MAPE Eb: 0.651
MAPE Rch: 0.324
--------------------------------------------------
**************************************************
Z=8, N=8, emax=6
RMSE Eb: 0.736
RMSE Rch: 0.023
MAPE Eb: 0.577
MAPE Rch: 0.746
--------------------------------------------------
**************************************************
Z=8, N=8, emax=8
RMSE Eb: 0.707
RMSE Rch: 0.021
MAPE Eb: 0.544
MAPE Rch: 0.642
--------------------------------------------------
**************************************************
Z=8, N=8, emax=10
RMSE Eb: 1.118
RMSE Rch: 0.019
MAPE Eb: 0.847
MAPE Rch: 0.566
--------------------------------------------------
**************************************************
Z=8, N=9, emax=4
RMSE Eb: 0.707
RMSE Rch: 0.008
MAPE Eb: 0.795
MAPE Rch: 0.210
--------------------------------------------------
**************************************************
Z=8, N=9, emax=8
RMSE Eb: 0.948
RMSE Rch: 0.011
MAPE Eb: 0.691
MAPE Rch: 0.340
--------------------------------------------------
**************************************************
Z=8, N=9, emax=6
RMSE Eb: 0.628
RMSE Rch: 0.013
MAPE Eb: 0.506
MAPE Rch: 0.396
--------------------------------------------------
**************************************************
Z=8, N=9, emax=10
RMSE Eb: 1.321
RMSE Rch: 0.010
MAPE Eb: 0.900
MAPE Rch: 0.236
--------------------------------------------------
**************************************************
Z=8, N=10, emax=4
RMSE Eb: 0.788
RMSE Rch: 0.006
MAPE Eb: 0.746
MAPE Rch: 0.168
--------------------------------------------------
**************************************************
Z=8, N=10, emax=6
RMSE Eb: 0.730
RMSE Rch: 0.009
MAPE Eb: 0.554
MAPE Rch: 0.270
--------------------------------------------------
**************************************************
Z=8, N=10, emax=8
RMSE Eb: 0.775
RMSE Rch: 0.008
MAPE Eb: 0.566
MAPE Rch: 0.243
--------------------------------------------------
**************************************************
Z=8, N=10, emax=10
RMSE Eb: 1.072
RMSE Rch: 0.007
MAPE Eb: 0.691
MAPE Rch: 0.197
--------------------------------------------------
**************************************************
Z=8, N=11, emax=8
RMSE Eb: 0.766
RMSE Rch: 0.009
MAPE Eb: 0.521
MAPE Rch: 0.275
--------------------------------------------------
**************************************************
Z=8, N=11, emax=4
RMSE Eb: 0.598
RMSE Rch: 0.007
MAPE Eb: 0.645
MAPE Rch: 0.171
--------------------------------------------------
**************************************************
Z=8, N=11, emax=6
RMSE Eb: 0.592
RMSE Rch: 0.006
MAPE Eb: 0.456
MAPE Rch: 0.171
--------------------------------------------------
**************************************************
Z=8, N=11, emax=10
RMSE Eb: 0.845
RMSE Rch: 0.009
MAPE Eb: 0.566
MAPE Rch: 0.248
--------------------------------------------------
**************************************************
Z=8, N=12, emax=6
RMSE Eb: 0.665
RMSE Rch: 0.007
MAPE Eb: 0.475
MAPE Rch: 0.205
--------------------------------------------------
**************************************************
Z=8, N=12, emax=8
RMSE Eb: 0.657
RMSE Rch: 0.007
MAPE Eb: 0.427
MAPE Rch: 0.197
--------------------------------------------------
**************************************************
Z=8, N=12, emax=4
RMSE Eb: 0.718
RMSE Rch: 0.007
MAPE Eb: 0.720
MAPE Rch: 0.196
--------------------------------------------------
**************************************************
Z=8, N=12, emax=10
RMSE Eb: 0.800
RMSE Rch: 0.013
MAPE Eb: 0.501
MAPE Rch: 0.394
--------------------------------------------------
**************************************************
Z=8, N=13, emax=8
RMSE Eb: 0.812
RMSE Rch: 0.008
MAPE Eb: 0.519
MAPE Rch: 0.222
--------------------------------------------------
**************************************************
Z=8, N=13, emax=4
RMSE Eb: 0.804
RMSE Rch: 0.009
MAPE Eb: 0.812
MAPE Rch: 0.257
--------------------------------------------------
**************************************************
Z=8, N=13, emax=6
RMSE Eb: 0.704
RMSE Rch: 0.006
MAPE Eb: 0.480
MAPE Rch: 0.170
--------------------------------------------------
**************************************************
Z=8, N=13, emax=10
RMSE Eb: 1.068
RMSE Rch: 0.009
MAPE Eb: 0.654
MAPE Rch: 0.273
--------------------------------------------------
**************************************************
Z=8, N=14, emax=6
RMSE Eb: 0.807
RMSE Rch: 0.008
MAPE Eb: 0.558
MAPE Rch: 0.223
--------------------------------------------------
**************************************************
Z=8, N=14, emax=10
RMSE Eb: 1.133
RMSE Rch: 0.012
MAPE Eb: 0.658
MAPE Rch: 0.353
--------------------------------------------------
**************************************************
Z=8, N=14, emax=4
RMSE Eb: 0.883
RMSE Rch: 0.009
MAPE Eb: 0.892
MAPE Rch: 0.241
--------------------------------------------------
**************************************************
Z=8, N=14, emax=8
RMSE Eb: 1.041
RMSE Rch: 0.009
MAPE Eb: 0.628
MAPE Rch: 0.233
--------------------------------------------------
**************************************************
Z=8, N=15, emax=8
RMSE Eb: 0.980
RMSE Rch: 0.008
MAPE Eb: 0.607
MAPE Rch: 0.220
--------------------------------------------------
**************************************************
Z=8, N=15, emax=6
RMSE Eb: 0.784
RMSE Rch: 0.007
MAPE Eb: 0.555
MAPE Rch: 0.209
--------------------------------------------------
**************************************************
Z=8, N=15, emax=4
RMSE Eb: 0.781
RMSE Rch: 0.009
MAPE Eb: 0.806
MAPE Rch: 0.235
--------------------------------------------------
**************************************************
Z=8, N=15, emax=10
RMSE Eb: 1.274
RMSE Rch: 0.009
MAPE Eb: 0.874
MAPE Rch: 0.262
--------------------------------------------------
**************************************************
Z=8, N=16, emax=4
RMSE Eb: 1.023
RMSE Rch: 0.008
MAPE Eb: 0.932
MAPE Rch: 0.225
--------------------------------------------------
**************************************************
Z=8, N=16, emax=8
RMSE Eb: 1.044
RMSE Rch: 0.010
MAPE Eb: 0.633
MAPE Rch: 0.286
--------------------------------------------------
**************************************************
Z=8, N=16, emax=6
RMSE Eb: 0.867
RMSE Rch: 0.010
MAPE Eb: 0.586
MAPE Rch: 0.258
--------------------------------------------------
**************************************************
Z=8, N=16, emax=10
RMSE Eb: 1.445
RMSE Rch: 0.012
MAPE Eb: 0.817
MAPE Rch: 0.309
--------------------------------------------------
