Activated conda environment
[DataLoader] Found 13 files matching the pattern.
[DataLoader] Combined data shape: (17234, 35)
[Preprocess] Data split => train: (11029, 35), val: (2758, 35), test: (3447, 35)
[Preprocess] Processed fidelity 4 (index 0): 3758 samples.
[Preprocess] Processed fidelity 6 (index 1): 3346 samples.
[Preprocess] Processed fidelity 8 (index 2): 3194 samples.
[Preprocess] Processed fidelity 10 (index 3): 731 samples.
[Preprocess] Processed fidelity 4 (index 0): 949 samples.
[Preprocess] Processed fidelity 6 (index 1): 833 samples.
[Preprocess] Processed fidelity 8 (index 2): 801 samples.
[Preprocess] Processed fidelity 10 (index 3): 175 samples.
Fidelity levels: [4, 6, 8, 10]
[Trainer] Starting BNN training...
[Trainer] No improvement. Iteration 8900. Early stopping counter: 1, LR counter: 1
[Trainer] No improvement. Iteration 9000. Early stopping counter: 2, LR counter: 2
[Trainer] No improvement. Iteration 9100. Early stopping counter: 3, LR counter: 3
[Trainer] No improvement. Iteration 9200. Early stopping counter: 4, LR counter: 4
[Trainer] No improvement. Iteration 9300. Early stopping counter: 5, LR counter: 5
[Trainer] No improvement. Iteration 9400. Early stopping counter: 6, LR counter: 6
[Trainer] No improvement. Iteration 9700. Early stopping counter: 1, LR counter: 1
[Trainer] No improvement. Iteration 9800. Early stopping counter: 2, LR counter: 2
[Trainer] No improvement. Iteration 9900. Early stopping counter: 3, LR counter: 3
[Trainer] No improvement. Iteration 10300. Early stopping counter: 1, LR counter: 1
[Trainer] No improvement. Iteration 10500. Early stopping counter: 1, LR counter: 1
[Trainer] No improvement. Iteration 10800. Early stopping counter: 1, LR counter: 1
[Trainer] No improvement. Iteration 10900. Early stopping counter: 2, LR counter: 2
[Trainer] No improvement. Iteration 11000. Early stopping counter: 3, LR counter: 3
[Trainer] No improvement. Iteration 11300. Early stopping counter: 1, LR counter: 1
[Trainer] No improvement. Iteration 11400. Early stopping counter: 2, LR counter: 2
[Trainer] No improvement. Iteration 11800. Early stopping counter: 1, LR counter: 1
[Trainer] No improvement. Iteration 12000. Early stopping counter: 1, LR counter: 1
[Trainer] No improvement. Iteration 12500. Early stopping counter: 1, LR counter: 1
[Trainer] No improvement. Iteration 12600. Early stopping counter: 2, LR counter: 2
[Trainer] No improvement. Iteration 12700. Early stopping counter: 3, LR counter: 3
[Trainer] No improvement. Iteration 12800. Early stopping counter: 4, LR counter: 4
[Trainer] No improvement. Iteration 12900. Early stopping counter: 5, LR counter: 5
[Trainer] No improvement. Iteration 13000. Early stopping counter: 6, LR counter: 6
[Trainer] No improvement. Iteration 13100. Early stopping counter: 7, LR counter: 7
[Trainer] No improvement. Iteration 13200. Early stopping counter: 8, LR counter: 8
[Trainer] No improvement. Iteration 13300. Early stopping counter: 9, LR counter: 9
[Trainer] No improvement. Iteration 13400. Early stopping counter: 10, LR counter: 10
[Trainer] No improvement. Iteration 13500. Early stopping counter: 11, LR counter: 11
[Trainer] No improvement. Iteration 13600. Early stopping counter: 12, LR counter: 12
[Trainer] No improvement. Iteration 13700. Early stopping counter: 13, LR counter: 13
[Trainer] No improvement. Iteration 13800. Early stopping counter: 14, LR counter: 14
[Trainer] No improvement. Iteration 13900. Early stopping counter: 15, LR counter: 15
[Trainer] No improvement. Iteration 14000. Early stopping counter: 16, LR counter: 16
[Trainer] No improvement. Iteration 14100. Early stopping counter: 17, LR counter: 17
[Trainer] No improvement. Iteration 14200. Early stopping counter: 18, LR counter: 18
[Trainer] No improvement. Iteration 14300. Early stopping counter: 19, LR counter: 19
[Trainer] No improvement. Iteration 14400. Early stopping counter: 20, LR counter: 20
[Trainer] No improvement. Iteration 14500. Early stopping counter: 21, LR counter: 21
[Trainer] No improvement. Iteration 14600. Early stopping counter: 22, LR counter: 22
[Trainer] No improvement. Iteration 14700. Early stopping counter: 23, LR counter: 23
[Trainer] No improvement. Iteration 14800. Early stopping counter: 24, LR counter: 24
[Trainer] No improvement. Iteration 14900. Early stopping counter: 25, LR counter: 25
[Trainer] Learning rate reduced to: 0.000010
[Trainer] No improvement. Iteration 15000. Early stopping counter: 26, LR counter: 1
[Trainer] No improvement. Iteration 15100. Early stopping counter: 27, LR counter: 2
[Trainer] No improvement. Iteration 15300. Early stopping counter: 1, LR counter: 1
[Trainer] No improvement. Iteration 15600. Early stopping counter: 1, LR counter: 1
[Trainer] No improvement. Iteration 15700. Early stopping counter: 2, LR counter: 2
[Trainer] No improvement. Iteration 15800. Early stopping counter: 3, LR counter: 3
[Trainer] No improvement. Iteration 15900. Early stopping counter: 4, LR counter: 4
[Trainer] No improvement. Iteration 16000. Early stopping counter: 5, LR counter: 5
[Trainer] No improvement. Iteration 16100. Early stopping counter: 6, LR counter: 6
[Trainer] No improvement. Iteration 16200. Early stopping counter: 7, LR counter: 7
[Trainer] No improvement. Iteration 16300. Early stopping counter: 8, LR counter: 8
[Trainer] No improvement. Iteration 16400. Early stopping counter: 9, LR counter: 9
[Trainer] No improvement. Iteration 16500. Early stopping counter: 10, LR counter: 10
[Trainer] No improvement. Iteration 16700. Early stopping counter: 1, LR counter: 1
[Trainer] No improvement. Iteration 16800. Early stopping counter: 2, LR counter: 2
[Trainer] No improvement. Iteration 17000. Early stopping counter: 1, LR counter: 1
[Trainer] No improvement. Iteration 17100. Early stopping counter: 2, LR counter: 2
[Trainer] No improvement. Iteration 17200. Early stopping counter: 3, LR counter: 3
[Trainer] No improvement. Iteration 17300. Early stopping counter: 4, LR counter: 4
[Trainer] No improvement. Iteration 17400. Early stopping counter: 5, LR counter: 5
[Trainer] No improvement. Iteration 17500. Early stopping counter: 6, LR counter: 6
[Trainer] No improvement. Iteration 17600. Early stopping counter: 7, LR counter: 7
[Trainer] No improvement. Iteration 17700. Early stopping counter: 8, LR counter: 8
[Trainer] No improvement. Iteration 17800. Early stopping counter: 9, LR counter: 9
[Trainer] No improvement. Iteration 18000. Early stopping counter: 1, LR counter: 1
[Trainer] No improvement. Iteration 18100. Early stopping counter: 2, LR counter: 2
[Trainer] No improvement. Iteration 18200. Early stopping counter: 3, LR counter: 3
[Trainer] No improvement. Iteration 18300. Early stopping counter: 4, LR counter: 4
[Trainer] No improvement. Iteration 18400. Early stopping counter: 5, LR counter: 5
[Trainer] No improvement. Iteration 18500. Early stopping counter: 6, LR counter: 6
[Trainer] No improvement. Iteration 18600. Early stopping counter: 7, LR counter: 7
[Trainer] No improvement. Iteration 18700. Early stopping counter: 8, LR counter: 8
[Trainer] No improvement. Iteration 18800. Early stopping counter: 9, LR counter: 9
[Trainer] No improvement. Iteration 18900. Early stopping counter: 10, LR counter: 10
[Trainer] No improvement. Iteration 19000. Early stopping counter: 11, LR counter: 11
[Trainer] No improvement. Iteration 19100. Early stopping counter: 12, LR counter: 12
[Trainer] No improvement. Iteration 19200. Early stopping counter: 13, LR counter: 13
[Trainer] No improvement. Iteration 19300. Early stopping counter: 14, LR counter: 14
[Trainer] No improvement. Iteration 19400. Early stopping counter: 15, LR counter: 15
[Trainer] No improvement. Iteration 19500. Early stopping counter: 16, LR counter: 16
[Trainer] No improvement. Iteration 19600. Early stopping counter: 17, LR counter: 17
[Trainer] No improvement. Iteration 19700. Early stopping counter: 18, LR counter: 18
[Trainer] No improvement. Iteration 19800. Early stopping counter: 19, LR counter: 19
[Trainer] No improvement. Iteration 19900. Early stopping counter: 20, LR counter: 20
[Trainer] No improvement. Iteration 20000. Early stopping counter: 21, LR counter: 21
[Trainer] No improvement. Iteration 20100. Early stopping counter: 22, LR counter: 22
[Trainer] No improvement. Iteration 20200. Early stopping counter: 23, LR counter: 23
[Trainer] No improvement. Iteration 20300. Early stopping counter: 24, LR counter: 24
[Trainer] No improvement. Iteration 20400. Early stopping counter: 25, LR counter: 25
[Trainer] Learning rate reduced to: 0.000001
[Trainer] No improvement. Iteration 20500. Early stopping counter: 26, LR counter: 1
[Trainer] No improvement. Iteration 20600. Early stopping counter: 27, LR counter: 2
[Trainer] No improvement. Iteration 20700. Early stopping counter: 28, LR counter: 3
[Trainer] No improvement. Iteration 20800. Early stopping counter: 29, LR counter: 4
[Trainer] No improvement. Iteration 20900. Early stopping counter: 30, LR counter: 5
[Trainer] No improvement. Iteration 21000. Early stopping counter: 31, LR counter: 6
[Trainer] No improvement. Iteration 21100. Early stopping counter: 32, LR counter: 7
[Trainer] No improvement. Iteration 21200. Early stopping counter: 33, LR counter: 8
[Trainer] No improvement. Iteration 21300. Early stopping counter: 34, LR counter: 9
[Trainer] No improvement. Iteration 21400. Early stopping counter: 35, LR counter: 10
[Trainer] No improvement. Iteration 21500. Early stopping counter: 36, LR counter: 11
[Trainer] No improvement. Iteration 21600. Early stopping counter: 37, LR counter: 12
[Trainer] No improvement. Iteration 21700. Early stopping counter: 38, LR counter: 13
[Trainer] No improvement. Iteration 21800. Early stopping counter: 39, LR counter: 14
[Trainer] No improvement. Iteration 21900. Early stopping counter: 40, LR counter: 15
[Trainer] No improvement. Iteration 22000. Early stopping counter: 41, LR counter: 16
[Trainer] No improvement. Iteration 22100. Early stopping counter: 42, LR counter: 17
[Trainer] No improvement. Iteration 22200. Early stopping counter: 43, LR counter: 18
[Trainer] No improvement. Iteration 22300. Early stopping counter: 44, LR counter: 19
[Trainer] No improvement. Iteration 22400. Early stopping counter: 45, LR counter: 20
[Trainer] No improvement. Iteration 22500. Early stopping counter: 46, LR counter: 21
[Trainer] No improvement. Iteration 22600. Early stopping counter: 47, LR counter: 22
[Trainer] No improvement. Iteration 22700. Early stopping counter: 48, LR counter: 23
[Trainer] No improvement. Iteration 22800. Early stopping counter: 49, LR counter: 24
[Trainer] No improvement. Iteration 22900. Early stopping counter: 50, LR counter: 25
[Trainer] Learning rate reduced to: 0.000000
[Trainer] Early stopping triggered.
[Trainer] Training completed.
[Trainer] Calibrating temperatures on validation set...
[Trainer] Temperature calibration finished. Calibrated temperatures: {4: 1.272388219833374, 6: 1.2375729084014893, 8: 1.2896499633789062, 10: 1.4716905355453491}
[Trainer] BNN training completed.
**************************************************
Z=8, N=4, emax=4
RMSE Eb: 0.771
RMSE Rch: 0.011
MAPE Eb: 2.305
MAPE Rch: 0.484
--------------------------------------------------
**************************************************
Z=8, N=4, emax=10
RMSE Eb: 1.185
RMSE Rch: 0.054
MAPE Eb: 1.885
MAPE Rch: 2.544
--------------------------------------------------
**************************************************
Z=8, N=4, emax=6
RMSE Eb: 0.684
RMSE Rch: 0.013
MAPE Eb: 1.337
MAPE Rch: 0.619
--------------------------------------------------
**************************************************
Z=8, N=4, emax=8
RMSE Eb: 0.970
RMSE Rch: 0.021
MAPE Eb: 1.639
MAPE Rch: 0.902
--------------------------------------------------
**************************************************
Z=8, N=5, emax=8
RMSE Eb: 0.961
RMSE Rch: 0.014
MAPE Eb: 1.127
MAPE Rch: 0.687
--------------------------------------------------
**************************************************
Z=8, N=5, emax=6
RMSE Eb: 0.695
RMSE Rch: 0.009
MAPE Eb: 0.989
MAPE Rch: 0.450
--------------------------------------------------
**************************************************
Z=8, N=5, emax=4
RMSE Eb: 0.825
RMSE Rch: 0.010
MAPE Eb: 1.475
MAPE Rch: 0.441
--------------------------------------------------
**************************************************
Z=8, N=5, emax=10
RMSE Eb: 0.804
RMSE Rch: 0.015
MAPE Eb: 1.072
MAPE Rch: 0.880
--------------------------------------------------
**************************************************
Z=8, N=6, emax=4
RMSE Eb: 0.725
RMSE Rch: 0.011
MAPE Eb: 0.997
MAPE Rch: 0.506
--------------------------------------------------
**************************************************
Z=8, N=6, emax=6
RMSE Eb: 0.958
RMSE Rch: 0.009
MAPE Eb: 0.983
MAPE Rch: 0.438
--------------------------------------------------
**************************************************
Z=8, N=6, emax=8
RMSE Eb: 1.097
RMSE Rch: 0.012
MAPE Eb: 0.886
MAPE Rch: 0.540
--------------------------------------------------
**************************************************
Z=8, N=6, emax=10
RMSE Eb: 0.994
RMSE Rch: 0.012
MAPE Eb: 0.972
MAPE Rch: 0.541
--------------------------------------------------
**************************************************
Z=8, N=7, emax=8
RMSE Eb: 0.986
RMSE Rch: 0.009
MAPE Eb: 0.790
MAPE Rch: 0.477
--------------------------------------------------
**************************************************
Z=8, N=7, emax=10
RMSE Eb: 1.217
RMSE Rch: 0.013
MAPE Eb: 0.930
MAPE Rch: 0.810
--------------------------------------------------
**************************************************
Z=8, N=7, emax=6
RMSE Eb: 1.061
RMSE Rch: 0.008
MAPE Eb: 0.877
MAPE Rch: 0.389
--------------------------------------------------
**************************************************
Z=8, N=7, emax=4
RMSE Eb: 0.889
RMSE Rch: 0.012
MAPE Eb: 1.049
MAPE Rch: 0.569
--------------------------------------------------
**************************************************
Z=8, N=8, emax=4
RMSE Eb: 0.715
RMSE Rch: 0.008
MAPE Eb: 0.749
MAPE Rch: 0.209
--------------------------------------------------
**************************************************
Z=8, N=8, emax=8
RMSE Eb: 1.305
RMSE Rch: 0.011
MAPE Eb: 0.921
MAPE Rch: 0.339
--------------------------------------------------
**************************************************
Z=8, N=8, emax=6
RMSE Eb: 0.726
RMSE Rch: 0.011
MAPE Eb: 0.585
MAPE Rch: 0.315
--------------------------------------------------
**************************************************
Z=8, N=8, emax=10
RMSE Eb: 1.299
RMSE Rch: 0.010
MAPE Eb: 1.107
MAPE Rch: 0.317
--------------------------------------------------
**************************************************
Z=8, N=9, emax=8
RMSE Eb: 0.852
RMSE Rch: 0.009
MAPE Eb: 0.595
MAPE Rch: 0.255
--------------------------------------------------
**************************************************
Z=8, N=9, emax=6
RMSE Eb: 0.856
RMSE Rch: 0.008
MAPE Eb: 0.709
MAPE Rch: 0.220
--------------------------------------------------
**************************************************
Z=8, N=9, emax=4
RMSE Eb: 0.817
RMSE Rch: 0.008
MAPE Eb: 0.856
MAPE Rch: 0.225
--------------------------------------------------
**************************************************
Z=8, N=9, emax=10
RMSE Eb: 0.903
RMSE Rch: 0.006
MAPE Eb: 0.591
MAPE Rch: 0.174
--------------------------------------------------
**************************************************
Z=8, N=10, emax=4
RMSE Eb: 0.495
RMSE Rch: 0.008
MAPE Eb: 0.522
MAPE Rch: 0.215
--------------------------------------------------
**************************************************
Z=8, N=10, emax=10
RMSE Eb: 0.979
RMSE Rch: 0.006
MAPE Eb: 0.664
MAPE Rch: 0.206
--------------------------------------------------
**************************************************
Z=8, N=10, emax=6
RMSE Eb: 0.892
RMSE Rch: 0.007
MAPE Eb: 0.708
MAPE Rch: 0.191
--------------------------------------------------
**************************************************
Z=8, N=10, emax=8
RMSE Eb: 1.057
RMSE Rch: 0.007
MAPE Eb: 0.738
MAPE Rch: 0.206
--------------------------------------------------
**************************************************
Z=8, N=11, emax=4
RMSE Eb: 0.640
RMSE Rch: 0.006
MAPE Eb: 0.687
MAPE Rch: 0.169
--------------------------------------------------
**************************************************
Z=8, N=11, emax=6
RMSE Eb: 1.052
RMSE Rch: 0.008
MAPE Eb: 0.705
MAPE Rch: 0.218
--------------------------------------------------
**************************************************
Z=8, N=11, emax=8
RMSE Eb: 1.058
RMSE Rch: 0.006
MAPE Eb: 0.671
MAPE Rch: 0.170
--------------------------------------------------
**************************************************
Z=8, N=11, emax=10
RMSE Eb: 1.012
RMSE Rch: 0.005
MAPE Eb: 0.701
MAPE Rch: 0.150
--------------------------------------------------
**************************************************
Z=8, N=12, emax=6
RMSE Eb: 0.854
RMSE Rch: 0.007
MAPE Eb: 0.647
MAPE Rch: 0.211
--------------------------------------------------
**************************************************
Z=8, N=12, emax=4
RMSE Eb: 0.762
RMSE Rch: 0.007
MAPE Eb: 0.783
MAPE Rch: 0.180
--------------------------------------------------
**************************************************
Z=8, N=12, emax=8
RMSE Eb: 0.925
RMSE Rch: 0.007
MAPE Eb: 0.612
MAPE Rch: 0.199
--------------------------------------------------
**************************************************
Z=8, N=12, emax=10
RMSE Eb: 0.484
RMSE Rch: 0.006
MAPE Eb: 0.350
MAPE Rch: 0.180
--------------------------------------------------
**************************************************
Z=8, N=13, emax=8
RMSE Eb: 1.223
RMSE Rch: 0.008
MAPE Eb: 0.868
MAPE Rch: 0.234
--------------------------------------------------
**************************************************
Z=8, N=13, emax=4
RMSE Eb: 0.870
RMSE Rch: 0.007
MAPE Eb: 0.935
MAPE Rch: 0.192
--------------------------------------------------
**************************************************
Z=8, N=13, emax=10
RMSE Eb: 1.127
RMSE Rch: 0.008
MAPE Eb: 0.724
MAPE Rch: 0.237
--------------------------------------------------
**************************************************
Z=8, N=13, emax=6
RMSE Eb: 1.100
RMSE Rch: 0.009
MAPE Eb: 0.829
MAPE Rch: 0.249
--------------------------------------------------
**************************************************
Z=8, N=14, emax=8
RMSE Eb: 1.426
RMSE Rch: 0.012
MAPE Eb: 0.893
MAPE Rch: 0.297
--------------------------------------------------
**************************************************
Z=8, N=14, emax=4
RMSE Eb: 0.984
RMSE Rch: 0.010
MAPE Eb: 0.957
MAPE Rch: 0.267
--------------------------------------------------
**************************************************
Z=8, N=14, emax=6
RMSE Eb: 0.861
RMSE Rch: 0.010
MAPE Eb: 0.639
MAPE Rch: 0.292
--------------------------------------------------
**************************************************
Z=8, N=14, emax=10
RMSE Eb: 1.230
RMSE Rch: 0.011
MAPE Eb: 0.701
MAPE Rch: 0.295
--------------------------------------------------
**************************************************
Z=8, N=15, emax=8
RMSE Eb: 1.270
RMSE Rch: 0.007
MAPE Eb: 0.715
MAPE Rch: 0.218
--------------------------------------------------
**************************************************
Z=8, N=15, emax=4
RMSE Eb: 0.891
RMSE Rch: 0.009
MAPE Eb: 0.884
MAPE Rch: 0.230
--------------------------------------------------
**************************************************
Z=8, N=15, emax=6
RMSE Eb: 1.227
RMSE Rch: 0.010
MAPE Eb: 0.821
MAPE Rch: 0.278
--------------------------------------------------
**************************************************
Z=8, N=15, emax=10
RMSE Eb: 1.007
RMSE Rch: 0.009
MAPE Eb: 0.542
MAPE Rch: 0.248
--------------------------------------------------
**************************************************
Z=8, N=16, emax=8
RMSE Eb: 1.568
RMSE Rch: 0.009
MAPE Eb: 0.976
MAPE Rch: 0.263
--------------------------------------------------
**************************************************
Z=8, N=16, emax=6
RMSE Eb: 1.318
RMSE Rch: 0.010
MAPE Eb: 0.930
MAPE Rch: 0.266
--------------------------------------------------
**************************************************
Z=8, N=16, emax=10
RMSE Eb: 1.417
RMSE Rch: 0.008
MAPE Eb: 0.884
MAPE Rch: 0.227
--------------------------------------------------
**************************************************
Z=8, N=16, emax=4
RMSE Eb: 1.109
RMSE Rch: 0.010
MAPE Eb: 1.176
MAPE Rch: 0.257
--------------------------------------------------
Finished VAL for AE n=94
**************************************************
Z=8, N=4, emax=6
RMSE Eb: 0.836
RMSE Rch: 0.016
MAPE Eb: 1.513
MAPE Rch: 0.766
--------------------------------------------------
**************************************************
Z=8, N=4, emax=8
RMSE Eb: 1.029
RMSE Rch: 0.018
MAPE Eb: 1.582
MAPE Rch: 0.822
--------------------------------------------------
**************************************************
Z=8, N=4, emax=4
RMSE Eb: 0.956
RMSE Rch: 0.010
MAPE Eb: 2.546
MAPE Rch: 0.457
--------------------------------------------------
**************************************************
Z=8, N=4, emax=10
RMSE Eb: 1.458
RMSE Rch: 0.029
MAPE Eb: 2.252
MAPE Rch: 1.337
--------------------------------------------------
**************************************************
Z=8, N=5, emax=4
RMSE Eb: 0.807
RMSE Rch: 0.010
MAPE Eb: 1.456
MAPE Rch: 0.467
--------------------------------------------------
**************************************************
Z=8, N=5, emax=8
RMSE Eb: 0.928
RMSE Rch: 0.017
MAPE Eb: 1.117
MAPE Rch: 0.769
--------------------------------------------------
**************************************************
Z=8, N=5, emax=6
RMSE Eb: 0.640
RMSE Rch: 0.010
MAPE Eb: 0.926
MAPE Rch: 0.508
--------------------------------------------------
**************************************************
Z=8, N=5, emax=10
RMSE Eb: 1.546
RMSE Rch: 0.012
MAPE Eb: 1.675
MAPE Rch: 0.638
--------------------------------------------------
**************************************************
Z=8, N=6, emax=4
RMSE Eb: 0.747
RMSE Rch: 0.012
MAPE Eb: 0.925
MAPE Rch: 0.567
--------------------------------------------------
**************************************************
Z=8, N=6, emax=8
RMSE Eb: 1.043
RMSE Rch: 0.018
MAPE Eb: 0.919
MAPE Rch: 0.787
--------------------------------------------------
**************************************************
Z=8, N=6, emax=6
RMSE Eb: 0.939
RMSE Rch: 0.011
MAPE Eb: 0.991
MAPE Rch: 0.465
--------------------------------------------------
**************************************************
Z=8, N=6, emax=10
RMSE Eb: 0.497
RMSE Rch: 0.015
MAPE Eb: 0.492
MAPE Rch: 0.826
--------------------------------------------------
**************************************************
Z=8, N=7, emax=4
RMSE Eb: 0.882
RMSE Rch: 0.010
MAPE Eb: 1.017
MAPE Rch: 0.479
--------------------------------------------------
**************************************************
Z=8, N=7, emax=8
RMSE Eb: 1.187
RMSE Rch: 0.009
MAPE Eb: 0.863
MAPE Rch: 0.451
--------------------------------------------------
**************************************************
Z=8, N=7, emax=6
RMSE Eb: 0.872
RMSE Rch: 0.008
MAPE Eb: 0.755
MAPE Rch: 0.391
--------------------------------------------------
**************************************************
Z=8, N=7, emax=10
RMSE Eb: 0.891
RMSE Rch: 0.008
MAPE Eb: 0.665
MAPE Rch: 0.442
--------------------------------------------------
**************************************************
Z=8, N=8, emax=4
RMSE Eb: 0.812
RMSE Rch: 0.009
MAPE Eb: 0.752
MAPE Rch: 0.253
--------------------------------------------------
**************************************************
Z=8, N=8, emax=6
RMSE Eb: 0.986
RMSE Rch: 0.011
MAPE Eb: 0.823
MAPE Rch: 0.328
--------------------------------------------------
**************************************************
Z=8, N=8, emax=8
RMSE Eb: 0.968
RMSE Rch: 0.010
MAPE Eb: 0.736
MAPE Rch: 0.295
--------------------------------------------------
**************************************************
Z=8, N=8, emax=10
RMSE Eb: 1.045
RMSE Rch: 0.010
MAPE Eb: 0.722
MAPE Rch: 0.276
--------------------------------------------------
**************************************************
Z=8, N=9, emax=4
RMSE Eb: 0.652
RMSE Rch: 0.009
MAPE Eb: 0.686
MAPE Rch: 0.259
--------------------------------------------------
**************************************************
Z=8, N=9, emax=8
RMSE Eb: 0.995
RMSE Rch: 0.009
MAPE Eb: 0.716
MAPE Rch: 0.256
--------------------------------------------------
**************************************************
Z=8, N=9, emax=6
RMSE Eb: 0.907
RMSE Rch: 0.007
MAPE Eb: 0.712
MAPE Rch: 0.208
--------------------------------------------------
**************************************************
Z=8, N=9, emax=10
RMSE Eb: 1.073
RMSE Rch: 0.006
MAPE Eb: 0.631
MAPE Rch: 0.192
--------------------------------------------------
**************************************************
Z=8, N=10, emax=4
RMSE Eb: 0.777
RMSE Rch: 0.009
MAPE Eb: 0.769
MAPE Rch: 0.258
--------------------------------------------------
**************************************************
Z=8, N=10, emax=6
RMSE Eb: 0.896
RMSE Rch: 0.008
MAPE Eb: 0.630
MAPE Rch: 0.209
--------------------------------------------------
**************************************************
Z=8, N=10, emax=8
RMSE Eb: 0.830
RMSE Rch: 0.006
MAPE Eb: 0.587
MAPE Rch: 0.181
--------------------------------------------------
**************************************************
Z=8, N=10, emax=10
RMSE Eb: 0.553
RMSE Rch: 0.004
MAPE Eb: 0.404
MAPE Rch: 0.133
--------------------------------------------------
**************************************************
Z=8, N=11, emax=8
RMSE Eb: 1.012
RMSE Rch: 0.008
MAPE Eb: 0.635
MAPE Rch: 0.208
--------------------------------------------------
**************************************************
Z=8, N=11, emax=4
RMSE Eb: 0.758
RMSE Rch: 0.007
MAPE Eb: 0.762
MAPE Rch: 0.194
--------------------------------------------------
**************************************************
Z=8, N=11, emax=6
RMSE Eb: 0.932
RMSE Rch: 0.007
MAPE Eb: 0.728
MAPE Rch: 0.213
--------------------------------------------------
**************************************************
Z=8, N=11, emax=10
RMSE Eb: 0.793
RMSE Rch: 0.005
MAPE Eb: 0.502
MAPE Rch: 0.145
--------------------------------------------------
**************************************************
Z=8, N=12, emax=6
RMSE Eb: 0.948
RMSE Rch: 0.007
MAPE Eb: 0.741
MAPE Rch: 0.205
--------------------------------------------------
**************************************************
Z=8, N=12, emax=8
RMSE Eb: 1.132
RMSE Rch: 0.007
MAPE Eb: 0.730
MAPE Rch: 0.217
--------------------------------------------------
**************************************************
Z=8, N=12, emax=4
RMSE Eb: 0.815
RMSE Rch: 0.007
MAPE Eb: 0.783
MAPE Rch: 0.184
--------------------------------------------------
**************************************************
Z=8, N=12, emax=10
RMSE Eb: 1.015
RMSE Rch: 0.006
MAPE Eb: 0.609
MAPE Rch: 0.189
--------------------------------------------------
**************************************************
Z=8, N=13, emax=8
RMSE Eb: 1.227
RMSE Rch: 0.008
MAPE Eb: 0.787
MAPE Rch: 0.236
--------------------------------------------------
**************************************************
Z=8, N=13, emax=4
RMSE Eb: 0.736
RMSE Rch: 0.009
MAPE Eb: 0.732
MAPE Rch: 0.250
--------------------------------------------------
**************************************************
Z=8, N=13, emax=6
RMSE Eb: 1.098
RMSE Rch: 0.008
MAPE Eb: 0.770
MAPE Rch: 0.224
--------------------------------------------------
**************************************************
Z=8, N=13, emax=10
RMSE Eb: 1.498
RMSE Rch: 0.006
MAPE Eb: 0.929
MAPE Rch: 0.157
--------------------------------------------------
**************************************************
Z=8, N=14, emax=6
RMSE Eb: 1.050
RMSE Rch: 0.009
MAPE Eb: 0.702
MAPE Rch: 0.256
--------------------------------------------------
**************************************************
Z=8, N=14, emax=10
RMSE Eb: 0.762
RMSE Rch: 0.010
MAPE Eb: 0.483
MAPE Rch: 0.272
--------------------------------------------------
**************************************************
Z=8, N=14, emax=4
RMSE Eb: 0.862
RMSE Rch: 0.009
MAPE Eb: 0.856
MAPE Rch: 0.245
--------------------------------------------------
**************************************************
Z=8, N=14, emax=8
RMSE Eb: 1.152
RMSE Rch: 0.009
MAPE Eb: 0.722
MAPE Rch: 0.226
--------------------------------------------------
**************************************************
Z=8, N=15, emax=8
RMSE Eb: 1.104
RMSE Rch: 0.008
MAPE Eb: 0.704
MAPE Rch: 0.224
--------------------------------------------------
**************************************************
Z=8, N=15, emax=6
RMSE Eb: 1.145
RMSE Rch: 0.011
MAPE Eb: 0.833
MAPE Rch: 0.298
--------------------------------------------------
**************************************************
Z=8, N=15, emax=4
RMSE Eb: 1.059
RMSE Rch: 0.009
MAPE Eb: 1.061
MAPE Rch: 0.249
--------------------------------------------------
**************************************************
Z=8, N=15, emax=10
RMSE Eb: 1.193
RMSE Rch: 0.010
MAPE Eb: 0.743
MAPE Rch: 0.308
--------------------------------------------------
**************************************************
Z=8, N=16, emax=4
RMSE Eb: 1.151
RMSE Rch: 0.010
MAPE Eb: 1.212
MAPE Rch: 0.259
--------------------------------------------------
**************************************************
Z=8, N=16, emax=8
RMSE Eb: 1.262
RMSE Rch: 0.010
MAPE Eb: 0.766
MAPE Rch: 0.266
--------------------------------------------------
**************************************************
Z=8, N=16, emax=6
RMSE Eb: 1.224
RMSE Rch: 0.010
MAPE Eb: 0.923
MAPE Rch: 0.242
--------------------------------------------------
**************************************************
Z=8, N=16, emax=10
RMSE Eb: 1.597
RMSE Rch: 0.009
MAPE Eb: 0.973
MAPE Rch: 0.247
--------------------------------------------------
