Activated conda environment
[DataLoader] Found 13 files matching the pattern.
[DataLoader] Combined data shape: (17234, 35)
[Preprocess] Data split => train: (11029, 35), val: (2758, 35), test: (3447, 35)
[Preprocess] Processed fidelity 4 (index 0): 3758 samples.
[Preprocess] Processed fidelity 6 (index 1): 3346 samples.
[Preprocess] Processed fidelity 8 (index 2): 3194 samples.
[Preprocess] Processed fidelity 10 (index 3): 731 samples.
[Preprocess] Processed fidelity 4 (index 0): 949 samples.
[Preprocess] Processed fidelity 6 (index 1): 833 samples.
[Preprocess] Processed fidelity 8 (index 2): 801 samples.
[Preprocess] Processed fidelity 10 (index 3): 175 samples.
Fidelity levels: [4, 6, 8, 10]
[Trainer] Starting BNN training...
[Trainer] No improvement. Iteration 9200. Early stopping counter: 1, LR counter: 1
[Trainer] No improvement. Iteration 9300. Early stopping counter: 2, LR counter: 2
[Trainer] No improvement. Iteration 9400. Early stopping counter: 3, LR counter: 3
[Trainer] No improvement. Iteration 9500. Early stopping counter: 4, LR counter: 4
[Trainer] No improvement. Iteration 9600. Early stopping counter: 5, LR counter: 5
[Trainer] No improvement. Iteration 9700. Early stopping counter: 6, LR counter: 6
[Trainer] No improvement. Iteration 9800. Early stopping counter: 7, LR counter: 7
[Trainer] No improvement. Iteration 9900. Early stopping counter: 8, LR counter: 8
[Trainer] No improvement. Iteration 10000. Early stopping counter: 9, LR counter: 9
[Trainer] No improvement. Iteration 10100. Early stopping counter: 10, LR counter: 10
[Trainer] No improvement. Iteration 10200. Early stopping counter: 11, LR counter: 11
[Trainer] No improvement. Iteration 10300. Early stopping counter: 12, LR counter: 12
[Trainer] No improvement. Iteration 10400. Early stopping counter: 13, LR counter: 13
[Trainer] No improvement. Iteration 10500. Early stopping counter: 14, LR counter: 14
[Trainer] No improvement. Iteration 10600. Early stopping counter: 15, LR counter: 15
[Trainer] No improvement. Iteration 10700. Early stopping counter: 16, LR counter: 16
[Trainer] No improvement. Iteration 10800. Early stopping counter: 17, LR counter: 17
[Trainer] No improvement. Iteration 10900. Early stopping counter: 18, LR counter: 18
[Trainer] No improvement. Iteration 11000. Early stopping counter: 19, LR counter: 19
[Trainer] No improvement. Iteration 11100. Early stopping counter: 20, LR counter: 20
[Trainer] No improvement. Iteration 11200. Early stopping counter: 21, LR counter: 21
[Trainer] No improvement. Iteration 11300. Early stopping counter: 22, LR counter: 22
[Trainer] No improvement. Iteration 11400. Early stopping counter: 23, LR counter: 23
[Trainer] No improvement. Iteration 11500. Early stopping counter: 24, LR counter: 24
[Trainer] No improvement. Iteration 11600. Early stopping counter: 25, LR counter: 25
[Trainer] Learning rate reduced to: 0.000010
[Trainer] No improvement. Iteration 11700. Early stopping counter: 26, LR counter: 1
[Trainer] No improvement. Iteration 11800. Early stopping counter: 27, LR counter: 2
[Trainer] No improvement. Iteration 11900. Early stopping counter: 28, LR counter: 3
[Trainer] No improvement. Iteration 12000. Early stopping counter: 29, LR counter: 4
[Trainer] No improvement. Iteration 12100. Early stopping counter: 30, LR counter: 5
[Trainer] No improvement. Iteration 12200. Early stopping counter: 31, LR counter: 6
[Trainer] No improvement. Iteration 12300. Early stopping counter: 32, LR counter: 7
[Trainer] No improvement. Iteration 12400. Early stopping counter: 33, LR counter: 8
[Trainer] No improvement. Iteration 12500. Early stopping counter: 34, LR counter: 9
[Trainer] No improvement. Iteration 12600. Early stopping counter: 35, LR counter: 10
[Trainer] No improvement. Iteration 12700. Early stopping counter: 36, LR counter: 11
[Trainer] No improvement. Iteration 12800. Early stopping counter: 37, LR counter: 12
[Trainer] No improvement. Iteration 12900. Early stopping counter: 38, LR counter: 13
[Trainer] No improvement. Iteration 13000. Early stopping counter: 39, LR counter: 14
[Trainer] No improvement. Iteration 13100. Early stopping counter: 40, LR counter: 15
[Trainer] No improvement. Iteration 13200. Early stopping counter: 41, LR counter: 16
[Trainer] No improvement. Iteration 13300. Early stopping counter: 42, LR counter: 17
[Trainer] No improvement. Iteration 13400. Early stopping counter: 43, LR counter: 18
[Trainer] No improvement. Iteration 13500. Early stopping counter: 44, LR counter: 19
[Trainer] No improvement. Iteration 13600. Early stopping counter: 45, LR counter: 20
[Trainer] No improvement. Iteration 13700. Early stopping counter: 46, LR counter: 21
[Trainer] No improvement. Iteration 13800. Early stopping counter: 47, LR counter: 22
[Trainer] No improvement. Iteration 13900. Early stopping counter: 48, LR counter: 23
[Trainer] No improvement. Iteration 14000. Early stopping counter: 49, LR counter: 24
[Trainer] No improvement. Iteration 14100. Early stopping counter: 50, LR counter: 25
[Trainer] Learning rate reduced to: 0.000001
[Trainer] Early stopping triggered.
[Trainer] Training completed.
[Trainer] Calibrating temperatures on validation set...
[Trainer] Temperature calibration finished. Calibrated temperatures: {4: 1.067367672920227, 6: 1.0581657886505127, 8: 1.166486382484436, 10: 1.3814194202423096}
[Trainer] BNN training completed.
**************************************************
Z=8, N=4, emax=4
RMSE Eb: 0.907
RMSE Rch: 0.012
MAPE Eb: 2.625
MAPE Rch: 0.564
--------------------------------------------------
**************************************************
Z=8, N=4, emax=10
RMSE Eb: 1.950
RMSE Rch: 0.060
MAPE Eb: 3.098
MAPE Rch: 2.589
--------------------------------------------------
**************************************************
Z=8, N=4, emax=6
RMSE Eb: 1.147
RMSE Rch: 0.019
MAPE Eb: 2.174
MAPE Rch: 0.864
--------------------------------------------------
**************************************************
Z=8, N=4, emax=8
RMSE Eb: 1.337
RMSE Rch: 0.026
MAPE Eb: 2.189
MAPE Rch: 1.271
--------------------------------------------------
**************************************************
Z=8, N=5, emax=8
RMSE Eb: 1.499
RMSE Rch: 0.018
MAPE Eb: 1.815
MAPE Rch: 0.878
--------------------------------------------------
**************************************************
Z=8, N=5, emax=6
RMSE Eb: 1.082
RMSE Rch: 0.011
MAPE Eb: 1.488
MAPE Rch: 0.555
--------------------------------------------------
**************************************************
Z=8, N=5, emax=4
RMSE Eb: 1.099
RMSE Rch: 0.010
MAPE Eb: 2.145
MAPE Rch: 0.493
--------------------------------------------------
**************************************************
Z=8, N=5, emax=10
RMSE Eb: 1.378
RMSE Rch: 0.022
MAPE Eb: 1.908
MAPE Rch: 1.097
--------------------------------------------------
**************************************************
Z=8, N=6, emax=4
RMSE Eb: 0.969
RMSE Rch: 0.013
MAPE Eb: 1.443
MAPE Rch: 0.625
--------------------------------------------------
**************************************************
Z=8, N=6, emax=6
RMSE Eb: 1.090
RMSE Rch: 0.013
MAPE Eb: 1.141
MAPE Rch: 0.606
--------------------------------------------------
**************************************************
Z=8, N=6, emax=8
RMSE Eb: 1.441
RMSE Rch: 0.019
MAPE Eb: 1.403
MAPE Rch: 0.977
--------------------------------------------------
**************************************************
Z=8, N=6, emax=10
RMSE Eb: 1.616
RMSE Rch: 0.026
MAPE Eb: 1.565
MAPE Rch: 1.406
--------------------------------------------------
**************************************************
Z=8, N=7, emax=8
RMSE Eb: 1.829
RMSE Rch: 0.021
MAPE Eb: 1.529
MAPE Rch: 1.085
--------------------------------------------------
**************************************************
Z=8, N=7, emax=10
RMSE Eb: 1.517
RMSE Rch: 0.027
MAPE Eb: 1.223
MAPE Rch: 1.345
--------------------------------------------------
**************************************************
Z=8, N=7, emax=6
RMSE Eb: 1.274
RMSE Rch: 0.014
MAPE Eb: 1.137
MAPE Rch: 0.667
--------------------------------------------------
**************************************************
Z=8, N=7, emax=4
RMSE Eb: 1.242
RMSE Rch: 0.013
MAPE Eb: 1.448
MAPE Rch: 0.642
--------------------------------------------------
**************************************************
Z=8, N=8, emax=4
RMSE Eb: 1.136
RMSE Rch: 0.016
MAPE Eb: 1.201
MAPE Rch: 0.431
--------------------------------------------------
**************************************************
Z=8, N=8, emax=8
RMSE Eb: 1.385
RMSE Rch: 0.020
MAPE Eb: 0.987
MAPE Rch: 0.562
--------------------------------------------------
**************************************************
Z=8, N=8, emax=6
RMSE Eb: 1.143
RMSE Rch: 0.016
MAPE Eb: 0.866
MAPE Rch: 0.444
--------------------------------------------------
**************************************************
Z=8, N=8, emax=10
RMSE Eb: 1.645
RMSE Rch: 0.023
MAPE Eb: 1.283
MAPE Rch: 0.731
--------------------------------------------------
**************************************************
Z=8, N=9, emax=8
RMSE Eb: 1.542
RMSE Rch: 0.014
MAPE Eb: 1.134
MAPE Rch: 0.401
--------------------------------------------------
**************************************************
Z=8, N=9, emax=6
RMSE Eb: 1.325
RMSE Rch: 0.014
MAPE Eb: 1.094
MAPE Rch: 0.392
--------------------------------------------------
**************************************************
Z=8, N=9, emax=4
RMSE Eb: 1.123
RMSE Rch: 0.011
MAPE Eb: 1.212
MAPE Rch: 0.291
--------------------------------------------------
**************************************************
Z=8, N=9, emax=10
RMSE Eb: 1.609
RMSE Rch: 0.016
MAPE Eb: 1.108
MAPE Rch: 0.524
--------------------------------------------------
**************************************************
Z=8, N=10, emax=4
RMSE Eb: 0.809
RMSE Rch: 0.010
MAPE Eb: 0.881
MAPE Rch: 0.283
--------------------------------------------------
**************************************************
Z=8, N=10, emax=10
RMSE Eb: 1.610
RMSE Rch: 0.012
MAPE Eb: 0.898
MAPE Rch: 0.318
--------------------------------------------------
**************************************************
Z=8, N=10, emax=6
RMSE Eb: 1.033
RMSE Rch: 0.011
MAPE Eb: 0.899
MAPE Rch: 0.319
--------------------------------------------------
**************************************************
Z=8, N=10, emax=8
RMSE Eb: 1.792
RMSE Rch: 0.012
MAPE Eb: 1.284
MAPE Rch: 0.350
--------------------------------------------------
**************************************************
Z=8, N=11, emax=4
RMSE Eb: 0.907
RMSE Rch: 0.009
MAPE Eb: 0.995
MAPE Rch: 0.250
--------------------------------------------------
**************************************************
Z=8, N=11, emax=6
RMSE Eb: 0.988
RMSE Rch: 0.010
MAPE Eb: 0.791
MAPE Rch: 0.286
--------------------------------------------------
**************************************************
Z=8, N=11, emax=8
RMSE Eb: 1.322
RMSE Rch: 0.009
MAPE Eb: 0.921
MAPE Rch: 0.265
--------------------------------------------------
**************************************************
Z=8, N=11, emax=10
RMSE Eb: 0.881
RMSE Rch: 0.012
MAPE Eb: 0.616
MAPE Rch: 0.332
--------------------------------------------------
**************************************************
Z=8, N=12, emax=6
RMSE Eb: 1.305
RMSE Rch: 0.011
MAPE Eb: 0.914
MAPE Rch: 0.294
--------------------------------------------------
**************************************************
Z=8, N=12, emax=4
RMSE Eb: 1.050
RMSE Rch: 0.009
MAPE Eb: 0.972
MAPE Rch: 0.236
--------------------------------------------------
**************************************************
Z=8, N=12, emax=8
RMSE Eb: 1.153
RMSE Rch: 0.011
MAPE Eb: 0.794
MAPE Rch: 0.306
--------------------------------------------------
**************************************************
Z=8, N=12, emax=10
RMSE Eb: 1.272
RMSE Rch: 0.009
MAPE Eb: 0.788
MAPE Rch: 0.239
--------------------------------------------------
**************************************************
Z=8, N=13, emax=8
RMSE Eb: 1.283
RMSE Rch: 0.013
MAPE Eb: 0.817
MAPE Rch: 0.327
--------------------------------------------------
**************************************************
Z=8, N=13, emax=4
RMSE Eb: 1.224
RMSE Rch: 0.010
MAPE Eb: 1.252
MAPE Rch: 0.261
--------------------------------------------------
**************************************************
Z=8, N=13, emax=10
RMSE Eb: 1.175
RMSE Rch: 0.010
MAPE Eb: 0.568
MAPE Rch: 0.283
--------------------------------------------------
**************************************************
Z=8, N=13, emax=6
RMSE Eb: 1.145
RMSE Rch: 0.013
MAPE Eb: 0.861
MAPE Rch: 0.353
--------------------------------------------------
**************************************************
Z=8, N=14, emax=8
RMSE Eb: 1.493
RMSE Rch: 0.013
MAPE Eb: 0.926
MAPE Rch: 0.375
--------------------------------------------------
**************************************************
Z=8, N=14, emax=4
RMSE Eb: 1.272
RMSE Rch: 0.013
MAPE Eb: 1.319
MAPE Rch: 0.364
--------------------------------------------------
**************************************************
Z=8, N=14, emax=6
RMSE Eb: 1.343
RMSE Rch: 0.013
MAPE Eb: 1.000
MAPE Rch: 0.357
--------------------------------------------------
**************************************************
Z=8, N=14, emax=10
RMSE Eb: 0.638
RMSE Rch: 0.015
MAPE Eb: 0.398
MAPE Rch: 0.407
--------------------------------------------------
**************************************************
Z=8, N=15, emax=8
RMSE Eb: 1.745
RMSE Rch: 0.016
MAPE Eb: 1.080
MAPE Rch: 0.434
--------------------------------------------------
**************************************************
Z=8, N=15, emax=4
RMSE Eb: 1.476
RMSE Rch: 0.013
MAPE Eb: 1.449
MAPE Rch: 0.367
--------------------------------------------------
**************************************************
Z=8, N=15, emax=6
RMSE Eb: 1.407
RMSE Rch: 0.013
MAPE Eb: 1.010
MAPE Rch: 0.365
--------------------------------------------------
**************************************************
Z=8, N=15, emax=10
RMSE Eb: 1.342
RMSE Rch: 0.015
MAPE Eb: 0.573
MAPE Rch: 0.461
--------------------------------------------------
**************************************************
Z=8, N=16, emax=8
RMSE Eb: 1.832
RMSE Rch: 0.016
MAPE Eb: 1.127
MAPE Rch: 0.448
--------------------------------------------------
**************************************************
Z=8, N=16, emax=6
RMSE Eb: 1.508
RMSE Rch: 0.014
MAPE Eb: 1.017
MAPE Rch: 0.396
--------------------------------------------------
**************************************************
Z=8, N=16, emax=10
RMSE Eb: 1.531
RMSE Rch: 0.016
MAPE Eb: 0.880
MAPE Rch: 0.426
--------------------------------------------------
**************************************************
Z=8, N=16, emax=4
RMSE Eb: 1.284
RMSE Rch: 0.014
MAPE Eb: 1.323
MAPE Rch: 0.386
--------------------------------------------------
Finished VAL for AE n=179
**************************************************
Z=8, N=4, emax=6
RMSE Eb: 1.074
RMSE Rch: 0.016
MAPE Eb: 2.051
MAPE Rch: 0.735
--------------------------------------------------
**************************************************
Z=8, N=4, emax=8
RMSE Eb: 1.310
RMSE Rch: 0.024
MAPE Eb: 2.114
MAPE Rch: 0.999
--------------------------------------------------
**************************************************
Z=8, N=4, emax=4
RMSE Eb: 0.810
RMSE Rch: 0.011
MAPE Eb: 2.327
MAPE Rch: 0.502
--------------------------------------------------
**************************************************
Z=8, N=4, emax=10
RMSE Eb: 1.221
RMSE Rch: 0.038
MAPE Eb: 1.784
MAPE Rch: 1.959
--------------------------------------------------
**************************************************
Z=8, N=5, emax=4
RMSE Eb: 1.037
RMSE Rch: 0.011
MAPE Eb: 2.000
MAPE Rch: 0.490
--------------------------------------------------
**************************************************
Z=8, N=5, emax=8
RMSE Eb: 1.306
RMSE Rch: 0.017
MAPE Eb: 1.644
MAPE Rch: 0.842
--------------------------------------------------
**************************************************
Z=8, N=5, emax=6
RMSE Eb: 1.063
RMSE Rch: 0.013
MAPE Eb: 1.512
MAPE Rch: 0.612
--------------------------------------------------
**************************************************
Z=8, N=5, emax=10
RMSE Eb: 1.150
RMSE Rch: 0.026
MAPE Eb: 1.316
MAPE Rch: 1.300
--------------------------------------------------
**************************************************
Z=8, N=6, emax=4
RMSE Eb: 1.067
RMSE Rch: 0.014
MAPE Eb: 1.523
MAPE Rch: 0.689
--------------------------------------------------
**************************************************
Z=8, N=6, emax=8
RMSE Eb: 1.504
RMSE Rch: 0.025
MAPE Eb: 1.317
MAPE Rch: 1.181
--------------------------------------------------
**************************************************
Z=8, N=6, emax=6
RMSE Eb: 1.219
RMSE Rch: 0.013
MAPE Eb: 1.363
MAPE Rch: 0.619
--------------------------------------------------
**************************************************
Z=8, N=6, emax=10
RMSE Eb: 1.732
RMSE Rch: 0.024
MAPE Eb: 1.559
MAPE Rch: 1.346
--------------------------------------------------
**************************************************
Z=8, N=7, emax=4
RMSE Eb: 1.066
RMSE Rch: 0.013
MAPE Eb: 1.257
MAPE Rch: 0.664
--------------------------------------------------
**************************************************
Z=8, N=7, emax=8
RMSE Eb: 1.828
RMSE Rch: 0.022
MAPE Eb: 1.493
MAPE Rch: 1.189
--------------------------------------------------
**************************************************
Z=8, N=7, emax=6
RMSE Eb: 1.216
RMSE Rch: 0.013
MAPE Eb: 1.139
MAPE Rch: 0.657
--------------------------------------------------
**************************************************
Z=8, N=7, emax=10
RMSE Eb: 1.687
RMSE Rch: 0.026
MAPE Eb: 1.275
MAPE Rch: 1.299
--------------------------------------------------
**************************************************
Z=8, N=8, emax=4
RMSE Eb: 1.096
RMSE Rch: 0.015
MAPE Eb: 1.131
MAPE Rch: 0.416
--------------------------------------------------
**************************************************
Z=8, N=8, emax=6
RMSE Eb: 1.447
RMSE Rch: 0.016
MAPE Eb: 1.209
MAPE Rch: 0.454
--------------------------------------------------
**************************************************
Z=8, N=8, emax=8
RMSE Eb: 1.519
RMSE Rch: 0.019
MAPE Eb: 1.122
MAPE Rch: 0.514
--------------------------------------------------
**************************************************
Z=8, N=8, emax=10
RMSE Eb: 1.738
RMSE Rch: 0.014
MAPE Eb: 1.257
MAPE Rch: 0.431
--------------------------------------------------
**************************************************
Z=8, N=9, emax=4
RMSE Eb: 1.092
RMSE Rch: 0.011
MAPE Eb: 1.119
MAPE Rch: 0.322
--------------------------------------------------
**************************************************
Z=8, N=9, emax=8
RMSE Eb: 1.559
RMSE Rch: 0.014
MAPE Eb: 1.155
MAPE Rch: 0.390
--------------------------------------------------
**************************************************
Z=8, N=9, emax=6
RMSE Eb: 1.011
RMSE Rch: 0.012
MAPE Eb: 0.858
MAPE Rch: 0.344
--------------------------------------------------
**************************************************
Z=8, N=9, emax=10
RMSE Eb: 0.896
RMSE Rch: 0.010
MAPE Eb: 0.680
MAPE Rch: 0.308
--------------------------------------------------
**************************************************
Z=8, N=10, emax=4
RMSE Eb: 1.094
RMSE Rch: 0.010
MAPE Eb: 1.078
MAPE Rch: 0.271
--------------------------------------------------
**************************************************
Z=8, N=10, emax=6
RMSE Eb: 1.123
RMSE Rch: 0.013
MAPE Eb: 0.891
MAPE Rch: 0.372
--------------------------------------------------
**************************************************
Z=8, N=10, emax=8
RMSE Eb: 1.637
RMSE Rch: 0.013
MAPE Eb: 1.190
MAPE Rch: 0.378
--------------------------------------------------
**************************************************
Z=8, N=10, emax=10
RMSE Eb: 1.612
RMSE Rch: 0.015
MAPE Eb: 1.007
MAPE Rch: 0.409
--------------------------------------------------
**************************************************
Z=8, N=11, emax=8
RMSE Eb: 1.425
RMSE Rch: 0.014
MAPE Eb: 0.986
MAPE Rch: 0.400
--------------------------------------------------
**************************************************
Z=8, N=11, emax=4
RMSE Eb: 1.130
RMSE Rch: 0.009
MAPE Eb: 1.142
MAPE Rch: 0.257
--------------------------------------------------
**************************************************
Z=8, N=11, emax=6
RMSE Eb: 0.970
RMSE Rch: 0.012
MAPE Eb: 0.772
MAPE Rch: 0.321
--------------------------------------------------
**************************************************
Z=8, N=11, emax=10
RMSE Eb: 1.229
RMSE Rch: 0.012
MAPE Eb: 0.833
MAPE Rch: 0.330
--------------------------------------------------
**************************************************
Z=8, N=12, emax=6
RMSE Eb: 0.996
RMSE Rch: 0.009
MAPE Eb: 0.740
MAPE Rch: 0.237
--------------------------------------------------
**************************************************
Z=8, N=12, emax=8
RMSE Eb: 1.293
RMSE Rch: 0.013
MAPE Eb: 0.830
MAPE Rch: 0.371
--------------------------------------------------
**************************************************
Z=8, N=12, emax=4
RMSE Eb: 1.047
RMSE Rch: 0.009
MAPE Eb: 1.040
MAPE Rch: 0.254
--------------------------------------------------
**************************************************
Z=8, N=12, emax=10
RMSE Eb: 0.694
RMSE Rch: 0.016
MAPE Eb: 0.450
MAPE Rch: 0.458
--------------------------------------------------
**************************************************
Z=8, N=13, emax=8
RMSE Eb: 1.394
RMSE Rch: 0.013
MAPE Eb: 0.869
MAPE Rch: 0.361
--------------------------------------------------
**************************************************
Z=8, N=13, emax=4
RMSE Eb: 1.058
RMSE Rch: 0.011
MAPE Eb: 1.134
MAPE Rch: 0.292
--------------------------------------------------
**************************************************
Z=8, N=13, emax=6
RMSE Eb: 1.232
RMSE Rch: 0.010
MAPE Eb: 0.905
MAPE Rch: 0.290
--------------------------------------------------
**************************************************
Z=8, N=13, emax=10
RMSE Eb: 1.047
RMSE Rch: 0.014
MAPE Eb: 0.693
MAPE Rch: 0.408
--------------------------------------------------
**************************************************
Z=8, N=14, emax=6
RMSE Eb: 1.237
RMSE Rch: 0.013
MAPE Eb: 0.914
MAPE Rch: 0.361
--------------------------------------------------
**************************************************
Z=8, N=14, emax=10
RMSE Eb: 1.630
RMSE Rch: 0.013
MAPE Eb: 0.726
MAPE Rch: 0.378
--------------------------------------------------
**************************************************
Z=8, N=14, emax=4
RMSE Eb: 1.236
RMSE Rch: 0.011
MAPE Eb: 1.313
MAPE Rch: 0.324
--------------------------------------------------
**************************************************
Z=8, N=14, emax=8
RMSE Eb: 1.510
RMSE Rch: 0.016
MAPE Eb: 0.903
MAPE Rch: 0.445
--------------------------------------------------
**************************************************
Z=8, N=15, emax=8
RMSE Eb: 1.759
RMSE Rch: 0.015
MAPE Eb: 1.081
MAPE Rch: 0.409
--------------------------------------------------
**************************************************
Z=8, N=15, emax=6
RMSE Eb: 1.313
RMSE Rch: 0.014
MAPE Eb: 0.948
MAPE Rch: 0.415
--------------------------------------------------
**************************************************
Z=8, N=15, emax=4
RMSE Eb: 1.393
RMSE Rch: 0.011
MAPE Eb: 1.381
MAPE Rch: 0.309
--------------------------------------------------
**************************************************
Z=8, N=15, emax=10
RMSE Eb: 1.112
RMSE Rch: 0.013
MAPE Eb: 0.621
MAPE Rch: 0.361
--------------------------------------------------
**************************************************
Z=8, N=16, emax=4
RMSE Eb: 1.458
RMSE Rch: 0.012
MAPE Eb: 1.421
MAPE Rch: 0.341
--------------------------------------------------
**************************************************
Z=8, N=16, emax=8
RMSE Eb: 1.831
RMSE Rch: 0.017
MAPE Eb: 1.107
MAPE Rch: 0.481
--------------------------------------------------
**************************************************
Z=8, N=16, emax=6
RMSE Eb: 1.301
RMSE Rch: 0.013
MAPE Eb: 0.923
MAPE Rch: 0.377
--------------------------------------------------
**************************************************
Z=8, N=16, emax=10
RMSE Eb: 1.333
RMSE Rch: 0.013
MAPE Eb: 0.792
MAPE Rch: 0.323
--------------------------------------------------
