Activated conda environment
[DataLoader] Found 13 files matching the pattern.
[DataLoader] Combined data shape: (17234, 35)
[Preprocess] Data split => train: (11029, 35), val: (2758, 35), test: (3447, 35)
[Preprocess] Processed fidelity 4 (index 0): 3758 samples.
[Preprocess] Processed fidelity 6 (index 1): 3346 samples.
[Preprocess] Processed fidelity 8 (index 2): 3194 samples.
[Preprocess] Processed fidelity 10 (index 3): 731 samples.
[Preprocess] Processed fidelity 4 (index 0): 949 samples.
[Preprocess] Processed fidelity 6 (index 1): 833 samples.
[Preprocess] Processed fidelity 8 (index 2): 801 samples.
[Preprocess] Processed fidelity 10 (index 3): 175 samples.
Fidelity levels: [4, 6, 8, 10]
[Trainer] Starting BNN training...
[Trainer] No improvement. Iteration 7300. Early stopping counter: 1, LR counter: 1
[Trainer] No improvement. Iteration 8100. Early stopping counter: 1, LR counter: 1
[Trainer] No improvement. Iteration 8300. Early stopping counter: 1, LR counter: 1
[Trainer] No improvement. Iteration 8400. Early stopping counter: 2, LR counter: 2
[Trainer] No improvement. Iteration 8500. Early stopping counter: 3, LR counter: 3
[Trainer] No improvement. Iteration 8600. Early stopping counter: 4, LR counter: 4
[Trainer] No improvement. Iteration 8700. Early stopping counter: 5, LR counter: 5
[Trainer] No improvement. Iteration 9200. Early stopping counter: 1, LR counter: 1
[Trainer] No improvement. Iteration 9300. Early stopping counter: 2, LR counter: 2
[Trainer] No improvement. Iteration 9400. Early stopping counter: 3, LR counter: 3
[Trainer] No improvement. Iteration 9500. Early stopping counter: 4, LR counter: 4
[Trainer] No improvement. Iteration 9600. Early stopping counter: 5, LR counter: 5
[Trainer] No improvement. Iteration 9700. Early stopping counter: 6, LR counter: 6
[Trainer] No improvement. Iteration 9800. Early stopping counter: 7, LR counter: 7
[Trainer] No improvement. Iteration 9900. Early stopping counter: 8, LR counter: 8
[Trainer] No improvement. Iteration 10000. Early stopping counter: 9, LR counter: 9
[Trainer] No improvement. Iteration 10100. Early stopping counter: 10, LR counter: 10
[Trainer] No improvement. Iteration 10400. Early stopping counter: 1, LR counter: 1
[Trainer] No improvement. Iteration 10600. Early stopping counter: 1, LR counter: 1
[Trainer] No improvement. Iteration 10700. Early stopping counter: 2, LR counter: 2
[Trainer] No improvement. Iteration 10800. Early stopping counter: 3, LR counter: 3
[Trainer] No improvement. Iteration 10900. Early stopping counter: 4, LR counter: 4
[Trainer] No improvement. Iteration 11000. Early stopping counter: 5, LR counter: 5
[Trainer] No improvement. Iteration 11100. Early stopping counter: 6, LR counter: 6
[Trainer] No improvement. Iteration 11200. Early stopping counter: 7, LR counter: 7
[Trainer] No improvement. Iteration 11300. Early stopping counter: 8, LR counter: 8
[Trainer] No improvement. Iteration 11400. Early stopping counter: 9, LR counter: 9
[Trainer] No improvement. Iteration 11500. Early stopping counter: 10, LR counter: 10
[Trainer] No improvement. Iteration 11600. Early stopping counter: 11, LR counter: 11
[Trainer] No improvement. Iteration 11700. Early stopping counter: 12, LR counter: 12
[Trainer] No improvement. Iteration 11800. Early stopping counter: 13, LR counter: 13
[Trainer] No improvement. Iteration 12300. Early stopping counter: 1, LR counter: 1
[Trainer] No improvement. Iteration 12400. Early stopping counter: 2, LR counter: 2
[Trainer] No improvement. Iteration 12500. Early stopping counter: 3, LR counter: 3
[Trainer] No improvement. Iteration 12900. Early stopping counter: 1, LR counter: 1
[Trainer] No improvement. Iteration 13000. Early stopping counter: 2, LR counter: 2
[Trainer] No improvement. Iteration 13200. Early stopping counter: 1, LR counter: 1
[Trainer] No improvement. Iteration 13300. Early stopping counter: 2, LR counter: 2
[Trainer] No improvement. Iteration 13400. Early stopping counter: 3, LR counter: 3
[Trainer] No improvement. Iteration 13500. Early stopping counter: 4, LR counter: 4
[Trainer] No improvement. Iteration 13600. Early stopping counter: 5, LR counter: 5
[Trainer] No improvement. Iteration 13700. Early stopping counter: 6, LR counter: 6
[Trainer] No improvement. Iteration 13800. Early stopping counter: 7, LR counter: 7
[Trainer] No improvement. Iteration 13900. Early stopping counter: 8, LR counter: 8
[Trainer] No improvement. Iteration 14000. Early stopping counter: 9, LR counter: 9
[Trainer] No improvement. Iteration 14100. Early stopping counter: 10, LR counter: 10
[Trainer] No improvement. Iteration 14200. Early stopping counter: 11, LR counter: 11
[Trainer] No improvement. Iteration 14300. Early stopping counter: 12, LR counter: 12
[Trainer] No improvement. Iteration 14400. Early stopping counter: 13, LR counter: 13
[Trainer] No improvement. Iteration 14500. Early stopping counter: 14, LR counter: 14
[Trainer] No improvement. Iteration 14600. Early stopping counter: 15, LR counter: 15
[Trainer] No improvement. Iteration 14700. Early stopping counter: 16, LR counter: 16
[Trainer] No improvement. Iteration 14800. Early stopping counter: 17, LR counter: 17
[Trainer] No improvement. Iteration 14900. Early stopping counter: 18, LR counter: 18
[Trainer] No improvement. Iteration 15000. Early stopping counter: 19, LR counter: 19
[Trainer] No improvement. Iteration 15100. Early stopping counter: 20, LR counter: 20
[Trainer] No improvement. Iteration 15200. Early stopping counter: 21, LR counter: 21
[Trainer] No improvement. Iteration 15300. Early stopping counter: 22, LR counter: 22
[Trainer] No improvement. Iteration 15400. Early stopping counter: 23, LR counter: 23
[Trainer] No improvement. Iteration 15500. Early stopping counter: 24, LR counter: 24
[Trainer] No improvement. Iteration 15600. Early stopping counter: 25, LR counter: 25
[Trainer] Learning rate reduced to: 0.000010
[Trainer] No improvement. Iteration 15700. Early stopping counter: 26, LR counter: 1
[Trainer] No improvement. Iteration 15800. Early stopping counter: 27, LR counter: 2
[Trainer] No improvement. Iteration 15900. Early stopping counter: 28, LR counter: 3
[Trainer] No improvement. Iteration 16000. Early stopping counter: 29, LR counter: 4
[Trainer] No improvement. Iteration 16100. Early stopping counter: 30, LR counter: 5
[Trainer] No improvement. Iteration 16200. Early stopping counter: 31, LR counter: 6
[Trainer] No improvement. Iteration 16300. Early stopping counter: 32, LR counter: 7
[Trainer] No improvement. Iteration 16500. Early stopping counter: 1, LR counter: 1
[Trainer] No improvement. Iteration 16600. Early stopping counter: 2, LR counter: 2
[Trainer] No improvement. Iteration 16900. Early stopping counter: 1, LR counter: 1
[Trainer] No improvement. Iteration 17000. Early stopping counter: 2, LR counter: 2
[Trainer] No improvement. Iteration 17500. Early stopping counter: 1, LR counter: 1
[Trainer] No improvement. Iteration 17600. Early stopping counter: 2, LR counter: 2
[Trainer] No improvement. Iteration 17700. Early stopping counter: 3, LR counter: 3
[Trainer] No improvement. Iteration 17800. Early stopping counter: 4, LR counter: 4
[Trainer] No improvement. Iteration 17900. Early stopping counter: 5, LR counter: 5
[Trainer] No improvement. Iteration 18000. Early stopping counter: 6, LR counter: 6
[Trainer] No improvement. Iteration 18100. Early stopping counter: 7, LR counter: 7
[Trainer] No improvement. Iteration 18200. Early stopping counter: 8, LR counter: 8
[Trainer] No improvement. Iteration 18300. Early stopping counter: 9, LR counter: 9
[Trainer] No improvement. Iteration 18700. Early stopping counter: 1, LR counter: 1
[Trainer] No improvement. Iteration 18800. Early stopping counter: 2, LR counter: 2
[Trainer] No improvement. Iteration 18900. Early stopping counter: 3, LR counter: 3
[Trainer] No improvement. Iteration 19000. Early stopping counter: 4, LR counter: 4
[Trainer] No improvement. Iteration 19100. Early stopping counter: 5, LR counter: 5
[Trainer] No improvement. Iteration 19200. Early stopping counter: 6, LR counter: 6
[Trainer] No improvement. Iteration 19300. Early stopping counter: 7, LR counter: 7
[Trainer] No improvement. Iteration 19400. Early stopping counter: 8, LR counter: 8
[Trainer] No improvement. Iteration 19500. Early stopping counter: 9, LR counter: 9
[Trainer] No improvement. Iteration 19600. Early stopping counter: 10, LR counter: 10
[Trainer] No improvement. Iteration 19700. Early stopping counter: 11, LR counter: 11
[Trainer] No improvement. Iteration 19800. Early stopping counter: 12, LR counter: 12
[Trainer] No improvement. Iteration 19900. Early stopping counter: 13, LR counter: 13
[Trainer] No improvement. Iteration 20000. Early stopping counter: 14, LR counter: 14
[Trainer] No improvement. Iteration 20100. Early stopping counter: 15, LR counter: 15
[Trainer] No improvement. Iteration 20200. Early stopping counter: 16, LR counter: 16
[Trainer] No improvement. Iteration 20300. Early stopping counter: 17, LR counter: 17
[Trainer] No improvement. Iteration 20400. Early stopping counter: 18, LR counter: 18
[Trainer] No improvement. Iteration 20500. Early stopping counter: 19, LR counter: 19
[Trainer] No improvement. Iteration 20600. Early stopping counter: 20, LR counter: 20
[Trainer] No improvement. Iteration 20700. Early stopping counter: 21, LR counter: 21
[Trainer] No improvement. Iteration 20900. Early stopping counter: 1, LR counter: 1
[Trainer] No improvement. Iteration 21000. Early stopping counter: 2, LR counter: 2
[Trainer] No improvement. Iteration 21200. Early stopping counter: 1, LR counter: 1
[Trainer] No improvement. Iteration 21300. Early stopping counter: 2, LR counter: 2
[Trainer] No improvement. Iteration 21500. Early stopping counter: 1, LR counter: 1
[Trainer] No improvement. Iteration 22100. Early stopping counter: 1, LR counter: 1
[Trainer] No improvement. Iteration 22200. Early stopping counter: 2, LR counter: 2
[Trainer] No improvement. Iteration 22300. Early stopping counter: 3, LR counter: 3
[Trainer] No improvement. Iteration 22400. Early stopping counter: 4, LR counter: 4
[Trainer] No improvement. Iteration 22500. Early stopping counter: 5, LR counter: 5
[Trainer] No improvement. Iteration 22600. Early stopping counter: 6, LR counter: 6
[Trainer] No improvement. Iteration 22700. Early stopping counter: 7, LR counter: 7
[Trainer] No improvement. Iteration 22800. Early stopping counter: 8, LR counter: 8
[Trainer] No improvement. Iteration 22900. Early stopping counter: 9, LR counter: 9
[Trainer] No improvement. Iteration 23000. Early stopping counter: 10, LR counter: 10
[Trainer] No improvement. Iteration 23100. Early stopping counter: 11, LR counter: 11
[Trainer] No improvement. Iteration 23200. Early stopping counter: 12, LR counter: 12
[Trainer] No improvement. Iteration 23300. Early stopping counter: 13, LR counter: 13
[Trainer] No improvement. Iteration 23400. Early stopping counter: 14, LR counter: 14
[Trainer] No improvement. Iteration 23500. Early stopping counter: 15, LR counter: 15
[Trainer] No improvement. Iteration 23600. Early stopping counter: 16, LR counter: 16
[Trainer] No improvement. Iteration 23700. Early stopping counter: 17, LR counter: 17
[Trainer] No improvement. Iteration 23800. Early stopping counter: 18, LR counter: 18
[Trainer] No improvement. Iteration 23900. Early stopping counter: 19, LR counter: 19
[Trainer] No improvement. Iteration 24000. Early stopping counter: 20, LR counter: 20
[Trainer] No improvement. Iteration 24100. Early stopping counter: 21, LR counter: 21
[Trainer] No improvement. Iteration 24200. Early stopping counter: 22, LR counter: 22
[Trainer] No improvement. Iteration 24300. Early stopping counter: 23, LR counter: 23
[Trainer] No improvement. Iteration 24400. Early stopping counter: 24, LR counter: 24
[Trainer] No improvement. Iteration 24500. Early stopping counter: 25, LR counter: 25
[Trainer] Learning rate reduced to: 0.000001
[Trainer] No improvement. Iteration 24600. Early stopping counter: 26, LR counter: 1
[Trainer] No improvement. Iteration 24700. Early stopping counter: 27, LR counter: 2
[Trainer] No improvement. Iteration 24800. Early stopping counter: 28, LR counter: 3
[Trainer] No improvement. Iteration 24900. Early stopping counter: 29, LR counter: 4
[Trainer] No improvement. Iteration 25000. Early stopping counter: 30, LR counter: 5
[Trainer] No improvement. Iteration 25100. Early stopping counter: 31, LR counter: 6
[Trainer] No improvement. Iteration 25200. Early stopping counter: 32, LR counter: 7
[Trainer] No improvement. Iteration 25300. Early stopping counter: 33, LR counter: 8
[Trainer] No improvement. Iteration 25400. Early stopping counter: 34, LR counter: 9
[Trainer] No improvement. Iteration 25500. Early stopping counter: 35, LR counter: 10
[Trainer] No improvement. Iteration 25600. Early stopping counter: 36, LR counter: 11
[Trainer] No improvement. Iteration 25700. Early stopping counter: 37, LR counter: 12
[Trainer] No improvement. Iteration 25800. Early stopping counter: 38, LR counter: 13
[Trainer] No improvement. Iteration 25900. Early stopping counter: 39, LR counter: 14
[Trainer] No improvement. Iteration 26000. Early stopping counter: 40, LR counter: 15
[Trainer] No improvement. Iteration 26100. Early stopping counter: 41, LR counter: 16
[Trainer] No improvement. Iteration 26200. Early stopping counter: 42, LR counter: 17
[Trainer] No improvement. Iteration 26300. Early stopping counter: 43, LR counter: 18
[Trainer] No improvement. Iteration 26400. Early stopping counter: 44, LR counter: 19
[Trainer] No improvement. Iteration 26500. Early stopping counter: 45, LR counter: 20
[Trainer] No improvement. Iteration 26600. Early stopping counter: 46, LR counter: 21
[Trainer] No improvement. Iteration 26700. Early stopping counter: 47, LR counter: 22
[Trainer] No improvement. Iteration 26800. Early stopping counter: 48, LR counter: 23
[Trainer] No improvement. Iteration 26900. Early stopping counter: 49, LR counter: 24
[Trainer] No improvement. Iteration 27000. Early stopping counter: 50, LR counter: 25
[Trainer] Learning rate reduced to: 0.000000
[Trainer] Early stopping triggered.
[Trainer] Training completed.
[Trainer] Calibrating temperatures on validation set...
[Trainer] Temperature calibration finished. Calibrated temperatures: {4: 0.8740512132644653, 6: 0.9376839995384216, 8: 1.1300830841064453, 10: 1.1882133483886719}
[Trainer] BNN training completed.
**************************************************
Z=8, N=4, emax=4
RMSE Eb: 0.796
RMSE Rch: 0.013
MAPE Eb: 2.325
MAPE Rch: 0.549
--------------------------------------------------
**************************************************
Z=8, N=4, emax=10
RMSE Eb: 1.121
RMSE Rch: 0.049
MAPE Eb: 1.751
MAPE Rch: 2.062
--------------------------------------------------
**************************************************
Z=8, N=4, emax=6
RMSE Eb: 1.557
RMSE Rch: 0.013
MAPE Eb: 3.384
MAPE Rch: 0.655
--------------------------------------------------
**************************************************
Z=8, N=4, emax=8
RMSE Eb: 1.126
RMSE Rch: 0.021
MAPE Eb: 1.978
MAPE Rch: 0.976
--------------------------------------------------
**************************************************
Z=8, N=5, emax=8
RMSE Eb: 1.452
RMSE Rch: 0.018
MAPE Eb: 1.883
MAPE Rch: 0.878
--------------------------------------------------
**************************************************
Z=8, N=5, emax=6
RMSE Eb: 1.466
RMSE Rch: 0.012
MAPE Eb: 2.339
MAPE Rch: 0.555
--------------------------------------------------
**************************************************
Z=8, N=5, emax=4
RMSE Eb: 0.772
RMSE Rch: 0.008
MAPE Eb: 1.495
MAPE Rch: 0.402
--------------------------------------------------
**************************************************
Z=8, N=5, emax=10
RMSE Eb: 1.231
RMSE Rch: 0.018
MAPE Eb: 1.796
MAPE Rch: 0.901
--------------------------------------------------
**************************************************
Z=8, N=6, emax=4
RMSE Eb: 0.631
RMSE Rch: 0.008
MAPE Eb: 0.874
MAPE Rch: 0.382
--------------------------------------------------
**************************************************
Z=8, N=6, emax=6
RMSE Eb: 1.594
RMSE Rch: 0.011
MAPE Eb: 1.972
MAPE Rch: 0.573
--------------------------------------------------
**************************************************
Z=8, N=6, emax=8
RMSE Eb: 1.500
RMSE Rch: 0.018
MAPE Eb: 1.448
MAPE Rch: 0.940
--------------------------------------------------
**************************************************
Z=8, N=6, emax=10
RMSE Eb: 0.827
RMSE Rch: 0.020
MAPE Eb: 0.639
MAPE Rch: 1.023
--------------------------------------------------
**************************************************
Z=8, N=7, emax=8
RMSE Eb: 1.168
RMSE Rch: 0.017
MAPE Eb: 0.948
MAPE Rch: 0.963
--------------------------------------------------
**************************************************
Z=8, N=7, emax=10
RMSE Eb: 1.216
RMSE Rch: 0.013
MAPE Eb: 0.928
MAPE Rch: 0.724
--------------------------------------------------
**************************************************
Z=8, N=7, emax=6
RMSE Eb: 1.184
RMSE Rch: 0.025
MAPE Eb: 1.117
MAPE Rch: 1.489
--------------------------------------------------
**************************************************
Z=8, N=7, emax=4
RMSE Eb: 0.958
RMSE Rch: 0.024
MAPE Eb: 1.122
MAPE Rch: 1.320
--------------------------------------------------
**************************************************
Z=8, N=8, emax=4
RMSE Eb: 0.731
RMSE Rch: 0.013
MAPE Eb: 0.859
MAPE Rch: 0.371
--------------------------------------------------
**************************************************
Z=8, N=8, emax=8
RMSE Eb: 1.246
RMSE Rch: 0.020
MAPE Eb: 0.976
MAPE Rch: 0.576
--------------------------------------------------
**************************************************
Z=8, N=8, emax=6
RMSE Eb: 1.208
RMSE Rch: 0.014
MAPE Eb: 1.063
MAPE Rch: 0.405
--------------------------------------------------
**************************************************
Z=8, N=8, emax=10
RMSE Eb: 1.333
RMSE Rch: 0.009
MAPE Eb: 0.707
MAPE Rch: 0.303
--------------------------------------------------
**************************************************
Z=8, N=9, emax=8
RMSE Eb: 1.085
RMSE Rch: 0.012
MAPE Eb: 0.778
MAPE Rch: 0.353
--------------------------------------------------
**************************************************
Z=8, N=9, emax=6
RMSE Eb: 1.048
RMSE Rch: 0.008
MAPE Eb: 0.865
MAPE Rch: 0.219
--------------------------------------------------
**************************************************
Z=8, N=9, emax=4
RMSE Eb: 0.578
RMSE Rch: 0.015
MAPE Eb: 0.535
MAPE Rch: 0.428
--------------------------------------------------
**************************************************
Z=8, N=9, emax=10
RMSE Eb: 0.838
RMSE Rch: 0.011
MAPE Eb: 0.564
MAPE Rch: 0.360
--------------------------------------------------
**************************************************
Z=8, N=10, emax=4
RMSE Eb: 0.792
RMSE Rch: 0.016
MAPE Eb: 0.868
MAPE Rch: 0.507
--------------------------------------------------
**************************************************
Z=8, N=10, emax=10
RMSE Eb: 0.846
RMSE Rch: 0.007
MAPE Eb: 0.655
MAPE Rch: 0.204
--------------------------------------------------
**************************************************
Z=8, N=10, emax=6
RMSE Eb: 1.239
RMSE Rch: 0.010
MAPE Eb: 1.013
MAPE Rch: 0.287
--------------------------------------------------
**************************************************
Z=8, N=10, emax=8
RMSE Eb: 1.357
RMSE Rch: 0.011
MAPE Eb: 0.946
MAPE Rch: 0.333
--------------------------------------------------
**************************************************
Z=8, N=11, emax=4
RMSE Eb: 0.593
RMSE Rch: 0.015
MAPE Eb: 0.596
MAPE Rch: 0.477
--------------------------------------------------
**************************************************
Z=8, N=11, emax=6
RMSE Eb: 0.929
RMSE Rch: 0.008
MAPE Eb: 0.717
MAPE Rch: 0.224
--------------------------------------------------
**************************************************
Z=8, N=11, emax=8
RMSE Eb: 0.848
RMSE Rch: 0.007
MAPE Eb: 0.601
MAPE Rch: 0.222
--------------------------------------------------
**************************************************
Z=8, N=11, emax=10
RMSE Eb: 0.790
RMSE Rch: 0.014
MAPE Eb: 0.489
MAPE Rch: 0.396
--------------------------------------------------
**************************************************
Z=8, N=12, emax=6
RMSE Eb: 0.895
RMSE Rch: 0.008
MAPE Eb: 0.642
MAPE Rch: 0.238
--------------------------------------------------
**************************************************
Z=8, N=12, emax=4
RMSE Eb: 0.782
RMSE Rch: 0.015
MAPE Eb: 0.864
MAPE Rch: 0.462
--------------------------------------------------
**************************************************
Z=8, N=12, emax=8
RMSE Eb: 0.929
RMSE Rch: 0.009
MAPE Eb: 0.629
MAPE Rch: 0.255
--------------------------------------------------
**************************************************
Z=8, N=12, emax=10
RMSE Eb: 0.780
RMSE Rch: 0.010
MAPE Eb: 0.491
MAPE Rch: 0.267
--------------------------------------------------
**************************************************
Z=8, N=13, emax=8
RMSE Eb: 1.006
RMSE Rch: 0.009
MAPE Eb: 0.620
MAPE Rch: 0.247
--------------------------------------------------
**************************************************
Z=8, N=13, emax=4
RMSE Eb: 0.979
RMSE Rch: 0.009
MAPE Eb: 1.080
MAPE Rch: 0.261
--------------------------------------------------
**************************************************
Z=8, N=13, emax=10
RMSE Eb: 0.957
RMSE Rch: 0.006
MAPE Eb: 0.523
MAPE Rch: 0.172
--------------------------------------------------
**************************************************
Z=8, N=13, emax=6
RMSE Eb: 1.003
RMSE Rch: 0.009
MAPE Eb: 0.751
MAPE Rch: 0.245
--------------------------------------------------
**************************************************
Z=8, N=14, emax=8
RMSE Eb: 1.095
RMSE Rch: 0.012
MAPE Eb: 0.679
MAPE Rch: 0.296
--------------------------------------------------
**************************************************
Z=8, N=14, emax=4
RMSE Eb: 0.918
RMSE Rch: 0.012
MAPE Eb: 0.931
MAPE Rch: 0.355
--------------------------------------------------
**************************************************
Z=8, N=14, emax=6
RMSE Eb: 1.021
RMSE Rch: 0.009
MAPE Eb: 0.743
MAPE Rch: 0.249
--------------------------------------------------
**************************************************
Z=8, N=14, emax=10
RMSE Eb: 0.849
RMSE Rch: 0.013
MAPE Eb: 0.513
MAPE Rch: 0.391
--------------------------------------------------
**************************************************
Z=8, N=15, emax=8
RMSE Eb: 1.108
RMSE Rch: 0.009
MAPE Eb: 0.644
MAPE Rch: 0.241
--------------------------------------------------
**************************************************
Z=8, N=15, emax=4
RMSE Eb: 1.032
RMSE Rch: 0.009
MAPE Eb: 1.071
MAPE Rch: 0.257
--------------------------------------------------
**************************************************
Z=8, N=15, emax=6
RMSE Eb: 1.049
RMSE Rch: 0.010
MAPE Eb: 0.676
MAPE Rch: 0.264
--------------------------------------------------
**************************************************
Z=8, N=15, emax=10
RMSE Eb: 1.397
RMSE Rch: 0.007
MAPE Eb: 0.739
MAPE Rch: 0.238
--------------------------------------------------
**************************************************
Z=8, N=16, emax=8
RMSE Eb: 0.998
RMSE Rch: 0.010
MAPE Eb: 0.636
MAPE Rch: 0.269
--------------------------------------------------
**************************************************
Z=8, N=16, emax=6
RMSE Eb: 1.047
RMSE Rch: 0.009
MAPE Eb: 0.713
MAPE Rch: 0.241
--------------------------------------------------
**************************************************
Z=8, N=16, emax=10
RMSE Eb: 0.712
RMSE Rch: 0.009
MAPE Eb: 0.426
MAPE Rch: 0.239
--------------------------------------------------
**************************************************
Z=8, N=16, emax=4
RMSE Eb: 1.095
RMSE Rch: 0.011
MAPE Eb: 1.110
MAPE Rch: 0.318
--------------------------------------------------
Finished VAL for AE n=284
**************************************************
Z=8, N=4, emax=6
RMSE Eb: 1.558
RMSE Rch: 0.011
MAPE Eb: 3.302
MAPE Rch: 0.483
--------------------------------------------------
**************************************************
Z=8, N=4, emax=8
RMSE Eb: 1.273
RMSE Rch: 0.018
MAPE Eb: 2.095
MAPE Rch: 0.844
--------------------------------------------------
**************************************************
Z=8, N=4, emax=4
RMSE Eb: 0.745
RMSE Rch: 0.011
MAPE Eb: 2.127
MAPE Rch: 0.537
--------------------------------------------------
**************************************************
Z=8, N=4, emax=10
RMSE Eb: 1.091
RMSE Rch: 0.032
MAPE Eb: 1.735
MAPE Rch: 1.348
--------------------------------------------------
**************************************************
Z=8, N=5, emax=4
RMSE Eb: 0.804
RMSE Rch: 0.008
MAPE Eb: 1.523
MAPE Rch: 0.385
--------------------------------------------------
**************************************************
Z=8, N=5, emax=8
RMSE Eb: 1.550
RMSE Rch: 0.017
MAPE Eb: 2.089
MAPE Rch: 0.850
--------------------------------------------------
**************************************************
Z=8, N=5, emax=6
RMSE Eb: 1.615
RMSE Rch: 0.012
MAPE Eb: 2.568
MAPE Rch: 0.555
--------------------------------------------------
**************************************************
Z=8, N=5, emax=10
RMSE Eb: 1.811
RMSE Rch: 0.015
MAPE Eb: 2.463
MAPE Rch: 0.843
--------------------------------------------------
**************************************************
Z=8, N=6, emax=4
RMSE Eb: 0.613
RMSE Rch: 0.009
MAPE Eb: 0.840
MAPE Rch: 0.402
--------------------------------------------------
**************************************************
Z=8, N=6, emax=8
RMSE Eb: 1.542
RMSE Rch: 0.022
MAPE Eb: 1.543
MAPE Rch: 1.111
--------------------------------------------------
**************************************************
Z=8, N=6, emax=6
RMSE Eb: 1.477
RMSE Rch: 0.015
MAPE Eb: 1.749
MAPE Rch: 0.650
--------------------------------------------------
**************************************************
Z=8, N=6, emax=10
RMSE Eb: 1.133
RMSE Rch: 0.024
MAPE Eb: 1.047
MAPE Rch: 1.397
--------------------------------------------------
**************************************************
Z=8, N=7, emax=4
RMSE Eb: 0.973
RMSE Rch: 0.022
MAPE Eb: 0.949
MAPE Rch: 1.172
--------------------------------------------------
**************************************************
Z=8, N=7, emax=8
RMSE Eb: 1.294
RMSE Rch: 0.017
MAPE Eb: 1.090
MAPE Rch: 0.937
--------------------------------------------------
**************************************************
Z=8, N=7, emax=6
RMSE Eb: 1.099
RMSE Rch: 0.026
MAPE Eb: 1.096
MAPE Rch: 1.504
--------------------------------------------------
**************************************************
Z=8, N=7, emax=10
RMSE Eb: 0.884
RMSE Rch: 0.014
MAPE Eb: 0.713
MAPE Rch: 0.803
--------------------------------------------------
**************************************************
Z=8, N=8, emax=4
RMSE Eb: 0.727
RMSE Rch: 0.015
MAPE Eb: 0.730
MAPE Rch: 0.468
--------------------------------------------------
**************************************************
Z=8, N=8, emax=6
RMSE Eb: 1.149
RMSE Rch: 0.013
MAPE Eb: 0.981
MAPE Rch: 0.359
--------------------------------------------------
**************************************************
Z=8, N=8, emax=8
RMSE Eb: 1.323
RMSE Rch: 0.017
MAPE Eb: 1.025
MAPE Rch: 0.488
--------------------------------------------------
**************************************************
Z=8, N=8, emax=10
RMSE Eb: 1.098
RMSE Rch: 0.018
MAPE Eb: 0.856
MAPE Rch: 0.479
--------------------------------------------------
**************************************************
Z=8, N=9, emax=4
RMSE Eb: 0.701
RMSE Rch: 0.014
MAPE Eb: 0.707
MAPE Rch: 0.420
--------------------------------------------------
**************************************************
Z=8, N=9, emax=8
RMSE Eb: 1.096
RMSE Rch: 0.012
MAPE Eb: 0.748
MAPE Rch: 0.324
--------------------------------------------------
**************************************************
Z=8, N=9, emax=6
RMSE Eb: 1.034
RMSE Rch: 0.010
MAPE Eb: 0.831
MAPE Rch: 0.289
--------------------------------------------------
**************************************************
Z=8, N=9, emax=10
RMSE Eb: 1.236
RMSE Rch: 0.006
MAPE Eb: 0.776
MAPE Rch: 0.187
--------------------------------------------------
**************************************************
Z=8, N=10, emax=4
RMSE Eb: 0.789
RMSE Rch: 0.016
MAPE Eb: 0.786
MAPE Rch: 0.508
--------------------------------------------------
**************************************************
Z=8, N=10, emax=6
RMSE Eb: 1.089
RMSE Rch: 0.011
MAPE Eb: 0.886
MAPE Rch: 0.331
--------------------------------------------------
**************************************************
Z=8, N=10, emax=8
RMSE Eb: 1.108
RMSE Rch: 0.010
MAPE Eb: 0.820
MAPE Rch: 0.285
--------------------------------------------------
**************************************************
Z=8, N=10, emax=10
RMSE Eb: 1.027
RMSE Rch: 0.006
MAPE Eb: 0.752
MAPE Rch: 0.183
--------------------------------------------------
**************************************************
Z=8, N=11, emax=8
RMSE Eb: 0.946
RMSE Rch: 0.009
MAPE Eb: 0.577
MAPE Rch: 0.253
--------------------------------------------------
**************************************************
Z=8, N=11, emax=4
RMSE Eb: 0.716
RMSE Rch: 0.016
MAPE Eb: 0.758
MAPE Rch: 0.519
--------------------------------------------------
**************************************************
Z=8, N=11, emax=6
RMSE Eb: 1.009
RMSE Rch: 0.009
MAPE Eb: 0.803
MAPE Rch: 0.265
--------------------------------------------------
**************************************************
Z=8, N=11, emax=10
RMSE Eb: 0.617
RMSE Rch: 0.008
MAPE Eb: 0.402
MAPE Rch: 0.241
--------------------------------------------------
**************************************************
Z=8, N=12, emax=6
RMSE Eb: 0.788
RMSE Rch: 0.007
MAPE Eb: 0.570
MAPE Rch: 0.198
--------------------------------------------------
**************************************************
Z=8, N=12, emax=8
RMSE Eb: 0.783
RMSE Rch: 0.009
MAPE Eb: 0.527
MAPE Rch: 0.266
--------------------------------------------------
**************************************************
Z=8, N=12, emax=4
RMSE Eb: 0.814
RMSE Rch: 0.014
MAPE Eb: 0.829
MAPE Rch: 0.441
--------------------------------------------------
**************************************************
Z=8, N=12, emax=10
RMSE Eb: 0.855
RMSE Rch: 0.009
MAPE Eb: 0.505
MAPE Rch: 0.265
--------------------------------------------------
**************************************************
Z=8, N=13, emax=8
RMSE Eb: 0.806
RMSE Rch: 0.009
MAPE Eb: 0.513
MAPE Rch: 0.244
--------------------------------------------------
**************************************************
Z=8, N=13, emax=4
RMSE Eb: 0.886
RMSE Rch: 0.011
MAPE Eb: 0.957
MAPE Rch: 0.312
--------------------------------------------------
**************************************************
Z=8, N=13, emax=6
RMSE Eb: 0.887
RMSE Rch: 0.008
MAPE Eb: 0.629
MAPE Rch: 0.244
--------------------------------------------------
**************************************************
Z=8, N=13, emax=10
RMSE Eb: 1.156
RMSE Rch: 0.007
MAPE Eb: 0.757
MAPE Rch: 0.206
--------------------------------------------------
**************************************************
Z=8, N=14, emax=6
RMSE Eb: 1.027
RMSE Rch: 0.010
MAPE Eb: 0.671
MAPE Rch: 0.282
--------------------------------------------------
**************************************************
Z=8, N=14, emax=10
RMSE Eb: 1.309
RMSE Rch: 0.016
MAPE Eb: 0.767
MAPE Rch: 0.491
--------------------------------------------------
**************************************************
Z=8, N=14, emax=4
RMSE Eb: 0.918
RMSE Rch: 0.011
MAPE Eb: 0.986
MAPE Rch: 0.319
--------------------------------------------------
**************************************************
Z=8, N=14, emax=8
RMSE Eb: 1.063
RMSE Rch: 0.010
MAPE Eb: 0.639
MAPE Rch: 0.253
--------------------------------------------------
**************************************************
Z=8, N=15, emax=8
RMSE Eb: 1.091
RMSE Rch: 0.008
MAPE Eb: 0.653
MAPE Rch: 0.223
--------------------------------------------------
**************************************************
Z=8, N=15, emax=6
RMSE Eb: 0.995
RMSE Rch: 0.009
MAPE Eb: 0.630
MAPE Rch: 0.265
--------------------------------------------------
**************************************************
Z=8, N=15, emax=4
RMSE Eb: 1.170
RMSE Rch: 0.010
MAPE Eb: 1.230
MAPE Rch: 0.286
--------------------------------------------------
**************************************************
Z=8, N=15, emax=10
RMSE Eb: 1.057
RMSE Rch: 0.010
MAPE Eb: 0.618
MAPE Rch: 0.284
--------------------------------------------------
**************************************************
Z=8, N=16, emax=4
RMSE Eb: 1.139
RMSE Rch: 0.011
MAPE Eb: 1.186
MAPE Rch: 0.315
--------------------------------------------------
**************************************************
Z=8, N=16, emax=8
RMSE Eb: 1.413
RMSE Rch: 0.010
MAPE Eb: 0.891
MAPE Rch: 0.301
--------------------------------------------------
**************************************************
Z=8, N=16, emax=6
RMSE Eb: 1.010
RMSE Rch: 0.009
MAPE Eb: 0.682
MAPE Rch: 0.264
--------------------------------------------------
**************************************************
Z=8, N=16, emax=10
RMSE Eb: 1.152
RMSE Rch: 0.014
MAPE Eb: 0.526
MAPE Rch: 0.343
--------------------------------------------------
