Activated conda environment
[DataLoader] Found 13 files matching the pattern.
[DataLoader] Combined data shape: (17234, 35)
[Preprocess] Data split => train: (11029, 35), val: (2758, 35), test: (3447, 35)
[Preprocess] Processed fidelity 4 (index 0): 3758 samples.
[Preprocess] Processed fidelity 6 (index 1): 3346 samples.
[Preprocess] Processed fidelity 8 (index 2): 3194 samples.
[Preprocess] Processed fidelity 10 (index 3): 731 samples.
[Preprocess] Processed fidelity 4 (index 0): 949 samples.
[Preprocess] Processed fidelity 6 (index 1): 833 samples.
[Preprocess] Processed fidelity 8 (index 2): 801 samples.
[Preprocess] Processed fidelity 10 (index 3): 175 samples.
Fidelity levels: [4, 6, 8, 10]
[Trainer] Starting BNN training...
[Trainer] No improvement. Iteration 9000. Early stopping counter: 1, LR counter: 1
[Trainer] No improvement. Iteration 9100. Early stopping counter: 2, LR counter: 2
[Trainer] No improvement. Iteration 9400. Early stopping counter: 1, LR counter: 1
[Trainer] No improvement. Iteration 9700. Early stopping counter: 1, LR counter: 1
[Trainer] No improvement. Iteration 9800. Early stopping counter: 2, LR counter: 2
[Trainer] No improvement. Iteration 9900. Early stopping counter: 3, LR counter: 3
[Trainer] No improvement. Iteration 10000. Early stopping counter: 4, LR counter: 4
[Trainer] No improvement. Iteration 10100. Early stopping counter: 5, LR counter: 5
[Trainer] No improvement. Iteration 10200. Early stopping counter: 6, LR counter: 6
[Trainer] No improvement. Iteration 10300. Early stopping counter: 7, LR counter: 7
[Trainer] No improvement. Iteration 10400. Early stopping counter: 8, LR counter: 8
[Trainer] No improvement. Iteration 10500. Early stopping counter: 9, LR counter: 9
[Trainer] No improvement. Iteration 10600. Early stopping counter: 10, LR counter: 10
[Trainer] No improvement. Iteration 10700. Early stopping counter: 11, LR counter: 11
[Trainer] No improvement. Iteration 10800. Early stopping counter: 12, LR counter: 12
[Trainer] No improvement. Iteration 10900. Early stopping counter: 13, LR counter: 13
[Trainer] No improvement. Iteration 11000. Early stopping counter: 14, LR counter: 14
[Trainer] No improvement. Iteration 11100. Early stopping counter: 15, LR counter: 15
[Trainer] No improvement. Iteration 11200. Early stopping counter: 16, LR counter: 16
[Trainer] No improvement. Iteration 11300. Early stopping counter: 17, LR counter: 17
[Trainer] No improvement. Iteration 11400. Early stopping counter: 18, LR counter: 18
[Trainer] No improvement. Iteration 11500. Early stopping counter: 19, LR counter: 19
[Trainer] No improvement. Iteration 11600. Early stopping counter: 20, LR counter: 20
[Trainer] No improvement. Iteration 11700. Early stopping counter: 21, LR counter: 21
[Trainer] No improvement. Iteration 11800. Early stopping counter: 22, LR counter: 22
[Trainer] No improvement. Iteration 11900. Early stopping counter: 23, LR counter: 23
[Trainer] No improvement. Iteration 12000. Early stopping counter: 24, LR counter: 24
[Trainer] No improvement. Iteration 12100. Early stopping counter: 25, LR counter: 25
[Trainer] Learning rate reduced to: 0.000010
[Trainer] No improvement. Iteration 12200. Early stopping counter: 26, LR counter: 1
[Trainer] No improvement. Iteration 12300. Early stopping counter: 27, LR counter: 2
[Trainer] No improvement. Iteration 12400. Early stopping counter: 28, LR counter: 3
[Trainer] No improvement. Iteration 12500. Early stopping counter: 29, LR counter: 4
[Trainer] No improvement. Iteration 12600. Early stopping counter: 30, LR counter: 5
[Trainer] No improvement. Iteration 12700. Early stopping counter: 31, LR counter: 6
[Trainer] No improvement. Iteration 12800. Early stopping counter: 32, LR counter: 7
[Trainer] No improvement. Iteration 12900. Early stopping counter: 33, LR counter: 8
[Trainer] No improvement. Iteration 13000. Early stopping counter: 34, LR counter: 9
[Trainer] No improvement. Iteration 13100. Early stopping counter: 35, LR counter: 10
[Trainer] No improvement. Iteration 13200. Early stopping counter: 36, LR counter: 11
[Trainer] No improvement. Iteration 13300. Early stopping counter: 37, LR counter: 12
[Trainer] No improvement. Iteration 13400. Early stopping counter: 38, LR counter: 13
[Trainer] No improvement. Iteration 13500. Early stopping counter: 39, LR counter: 14
[Trainer] No improvement. Iteration 13600. Early stopping counter: 40, LR counter: 15
[Trainer] No improvement. Iteration 13700. Early stopping counter: 41, LR counter: 16
[Trainer] No improvement. Iteration 13800. Early stopping counter: 42, LR counter: 17
[Trainer] No improvement. Iteration 13900. Early stopping counter: 43, LR counter: 18
[Trainer] No improvement. Iteration 14000. Early stopping counter: 44, LR counter: 19
[Trainer] No improvement. Iteration 14100. Early stopping counter: 45, LR counter: 20
[Trainer] No improvement. Iteration 14200. Early stopping counter: 46, LR counter: 21
[Trainer] No improvement. Iteration 14300. Early stopping counter: 47, LR counter: 22
[Trainer] No improvement. Iteration 14400. Early stopping counter: 48, LR counter: 23
[Trainer] No improvement. Iteration 14500. Early stopping counter: 49, LR counter: 24
[Trainer] No improvement. Iteration 14600. Early stopping counter: 50, LR counter: 25
[Trainer] Learning rate reduced to: 0.000001
[Trainer] Early stopping triggered.
[Trainer] Training completed.
[Trainer] Calibrating temperatures on validation set...
[Trainer] Temperature calibration finished. Calibrated temperatures: {4: 1.7350112199783325, 6: 1.7012667655944824, 8: 1.5657347440719604, 10: 1.64961838722229}
[Trainer] BNN training completed.
**************************************************
Z=8, N=4, emax=4
RMSE Eb: 0.959
RMSE Rch: 0.012
MAPE Eb: 3.089
MAPE Rch: 0.576
--------------------------------------------------
**************************************************
Z=8, N=4, emax=10
RMSE Eb: 0.882
RMSE Rch: 0.032
MAPE Eb: 1.348
MAPE Rch: 1.504
--------------------------------------------------
**************************************************
Z=8, N=4, emax=6
RMSE Eb: 0.835
RMSE Rch: 0.013
MAPE Eb: 1.659
MAPE Rch: 0.627
--------------------------------------------------
**************************************************
Z=8, N=4, emax=8
RMSE Eb: 0.741
RMSE Rch: 0.015
MAPE Eb: 1.259
MAPE Rch: 0.694
--------------------------------------------------
**************************************************
Z=8, N=5, emax=8
RMSE Eb: 0.715
RMSE Rch: 0.013
MAPE Eb: 0.909
MAPE Rch: 0.686
--------------------------------------------------
**************************************************
Z=8, N=5, emax=6
RMSE Eb: 0.781
RMSE Rch: 0.016
MAPE Eb: 1.181
MAPE Rch: 0.863
--------------------------------------------------
**************************************************
Z=8, N=5, emax=4
RMSE Eb: 0.650
RMSE Rch: 0.014
MAPE Eb: 1.312
MAPE Rch: 0.738
--------------------------------------------------
**************************************************
Z=8, N=5, emax=10
RMSE Eb: 0.768
RMSE Rch: 0.009
MAPE Eb: 0.938
MAPE Rch: 0.482
--------------------------------------------------
**************************************************
Z=8, N=6, emax=4
RMSE Eb: 0.779
RMSE Rch: 0.013
MAPE Eb: 1.135
MAPE Rch: 0.694
--------------------------------------------------
**************************************************
Z=8, N=6, emax=6
RMSE Eb: 0.993
RMSE Rch: 0.016
MAPE Eb: 1.123
MAPE Rch: 0.794
--------------------------------------------------
**************************************************
Z=8, N=6, emax=8
RMSE Eb: 1.006
RMSE Rch: 0.013
MAPE Eb: 0.983
MAPE Rch: 0.697
--------------------------------------------------
**************************************************
Z=8, N=6, emax=10
RMSE Eb: 0.826
RMSE Rch: 0.018
MAPE Eb: 0.772
MAPE Rch: 0.814
--------------------------------------------------
**************************************************
Z=8, N=7, emax=8
RMSE Eb: 1.190
RMSE Rch: 0.010
MAPE Eb: 0.870
MAPE Rch: 0.535
--------------------------------------------------
**************************************************
Z=8, N=7, emax=10
RMSE Eb: 0.874
RMSE Rch: 0.013
MAPE Eb: 0.622
MAPE Rch: 0.640
--------------------------------------------------
**************************************************
Z=8, N=7, emax=6
RMSE Eb: 1.012
RMSE Rch: 0.010
MAPE Eb: 0.890
MAPE Rch: 0.524
--------------------------------------------------
**************************************************
Z=8, N=7, emax=4
RMSE Eb: 0.694
RMSE Rch: 0.007
MAPE Eb: 0.830
MAPE Rch: 0.321
--------------------------------------------------
**************************************************
Z=8, N=8, emax=4
RMSE Eb: 0.433
RMSE Rch: 0.008
MAPE Eb: 0.458
MAPE Rch: 0.203
--------------------------------------------------
**************************************************
Z=8, N=8, emax=8
RMSE Eb: 0.658
RMSE Rch: 0.008
MAPE Eb: 0.524
MAPE Rch: 0.230
--------------------------------------------------
**************************************************
Z=8, N=8, emax=6
RMSE Eb: 0.564
RMSE Rch: 0.013
MAPE Eb: 0.508
MAPE Rch: 0.322
--------------------------------------------------
**************************************************
Z=8, N=8, emax=10
RMSE Eb: 0.815
RMSE Rch: 0.007
MAPE Eb: 0.651
MAPE Rch: 0.218
--------------------------------------------------
**************************************************
Z=8, N=9, emax=8
RMSE Eb: 0.624
RMSE Rch: 0.005
MAPE Eb: 0.449
MAPE Rch: 0.148
--------------------------------------------------
**************************************************
Z=8, N=9, emax=6
RMSE Eb: 0.463
RMSE Rch: 0.009
MAPE Eb: 0.379
MAPE Rch: 0.239
--------------------------------------------------
**************************************************
Z=8, N=9, emax=4
RMSE Eb: 0.528
RMSE Rch: 0.007
MAPE Eb: 0.514
MAPE Rch: 0.204
--------------------------------------------------
**************************************************
Z=8, N=9, emax=10
RMSE Eb: 0.481
RMSE Rch: 0.007
MAPE Eb: 0.387
MAPE Rch: 0.234
--------------------------------------------------
**************************************************
Z=8, N=10, emax=4
RMSE Eb: 0.322
RMSE Rch: 0.006
MAPE Eb: 0.329
MAPE Rch: 0.171
--------------------------------------------------
**************************************************
Z=8, N=10, emax=10
RMSE Eb: 0.669
RMSE Rch: 0.007
MAPE Eb: 0.408
MAPE Rch: 0.201
--------------------------------------------------
**************************************************
Z=8, N=10, emax=6
RMSE Eb: 0.421
RMSE Rch: 0.013
MAPE Eb: 0.328
MAPE Rch: 0.402
--------------------------------------------------
**************************************************
Z=8, N=10, emax=8
RMSE Eb: 0.462
RMSE Rch: 0.006
MAPE Eb: 0.335
MAPE Rch: 0.185
--------------------------------------------------
**************************************************
Z=8, N=11, emax=4
RMSE Eb: 0.439
RMSE Rch: 0.005
MAPE Eb: 0.450
MAPE Rch: 0.139
--------------------------------------------------
**************************************************
Z=8, N=11, emax=6
RMSE Eb: 0.429
RMSE Rch: 0.011
MAPE Eb: 0.342
MAPE Rch: 0.333
--------------------------------------------------
**************************************************
Z=8, N=11, emax=8
RMSE Eb: 0.496
RMSE Rch: 0.007
MAPE Eb: 0.334
MAPE Rch: 0.201
--------------------------------------------------
**************************************************
Z=8, N=11, emax=10
RMSE Eb: 0.526
RMSE Rch: 0.014
MAPE Eb: 0.384
MAPE Rch: 0.375
--------------------------------------------------
**************************************************
Z=8, N=12, emax=6
RMSE Eb: 0.463
RMSE Rch: 0.010
MAPE Eb: 0.336
MAPE Rch: 0.298
--------------------------------------------------
**************************************************
Z=8, N=12, emax=4
RMSE Eb: 0.459
RMSE Rch: 0.007
MAPE Eb: 0.452
MAPE Rch: 0.166
--------------------------------------------------
**************************************************
Z=8, N=12, emax=8
RMSE Eb: 0.478
RMSE Rch: 0.008
MAPE Eb: 0.325
MAPE Rch: 0.220
--------------------------------------------------
**************************************************
Z=8, N=12, emax=10
RMSE Eb: 0.717
RMSE Rch: 0.008
MAPE Eb: 0.449
MAPE Rch: 0.223
--------------------------------------------------
**************************************************
Z=8, N=13, emax=8
RMSE Eb: 0.540
RMSE Rch: 0.007
MAPE Eb: 0.355
MAPE Rch: 0.208
--------------------------------------------------
**************************************************
Z=8, N=13, emax=4
RMSE Eb: 0.472
RMSE Rch: 0.006
MAPE Eb: 0.436
MAPE Rch: 0.160
--------------------------------------------------
**************************************************
Z=8, N=13, emax=10
RMSE Eb: 1.013
RMSE Rch: 0.007
MAPE Eb: 0.644
MAPE Rch: 0.185
--------------------------------------------------
**************************************************
Z=8, N=13, emax=6
RMSE Eb: 0.385
RMSE Rch: 0.010
MAPE Eb: 0.305
MAPE Rch: 0.292
--------------------------------------------------
**************************************************
Z=8, N=14, emax=8
RMSE Eb: 0.525
RMSE Rch: 0.014
MAPE Eb: 0.322
MAPE Rch: 0.326
--------------------------------------------------
**************************************************
Z=8, N=14, emax=4
RMSE Eb: 0.484
RMSE Rch: 0.007
MAPE Eb: 0.472
MAPE Rch: 0.190
--------------------------------------------------
**************************************************
Z=8, N=14, emax=6
RMSE Eb: 0.452
RMSE Rch: 0.010
MAPE Eb: 0.334
MAPE Rch: 0.281
--------------------------------------------------
**************************************************
Z=8, N=14, emax=10
RMSE Eb: 0.761
RMSE Rch: 0.011
MAPE Eb: 0.499
MAPE Rch: 0.287
--------------------------------------------------
**************************************************
Z=8, N=15, emax=8
RMSE Eb: 0.651
RMSE Rch: 0.008
MAPE Eb: 0.414
MAPE Rch: 0.233
--------------------------------------------------
**************************************************
Z=8, N=15, emax=4
RMSE Eb: 0.610
RMSE Rch: 0.006
MAPE Eb: 0.528
MAPE Rch: 0.155
--------------------------------------------------
**************************************************
Z=8, N=15, emax=6
RMSE Eb: 0.486
RMSE Rch: 0.011
MAPE Eb: 0.370
MAPE Rch: 0.332
--------------------------------------------------
**************************************************
Z=8, N=15, emax=10
RMSE Eb: 0.364
RMSE Rch: 0.009
MAPE Eb: 0.219
MAPE Rch: 0.266
--------------------------------------------------
**************************************************
Z=8, N=16, emax=8
RMSE Eb: 0.566
RMSE Rch: 0.007
MAPE Eb: 0.354
MAPE Rch: 0.191
--------------------------------------------------
**************************************************
Z=8, N=16, emax=6
RMSE Eb: 0.575
RMSE Rch: 0.008
MAPE Eb: 0.378
MAPE Rch: 0.230
--------------------------------------------------
**************************************************
Z=8, N=16, emax=10
RMSE Eb: 0.618
RMSE Rch: 0.010
MAPE Eb: 0.379
MAPE Rch: 0.288
--------------------------------------------------
**************************************************
Z=8, N=16, emax=4
RMSE Eb: 0.635
RMSE Rch: 0.009
MAPE Eb: 0.654
MAPE Rch: 0.229
--------------------------------------------------
Finished VAL for AE n=479
**************************************************
Z=8, N=4, emax=6
RMSE Eb: 0.752
RMSE Rch: 0.012
MAPE Eb: 1.447
MAPE Rch: 0.597
--------------------------------------------------
**************************************************
Z=8, N=4, emax=8
RMSE Eb: 0.886
RMSE Rch: 0.016
MAPE Eb: 1.456
MAPE Rch: 0.738
--------------------------------------------------
**************************************************
Z=8, N=4, emax=4
RMSE Eb: 0.882
RMSE Rch: 0.010
MAPE Eb: 2.594
MAPE Rch: 0.445
--------------------------------------------------
**************************************************
Z=8, N=4, emax=10
RMSE Eb: 0.871
RMSE Rch: 0.034
MAPE Eb: 1.178
MAPE Rch: 1.718
--------------------------------------------------
**************************************************
Z=8, N=5, emax=4
RMSE Eb: 0.601
RMSE Rch: 0.013
MAPE Eb: 1.221
MAPE Rch: 0.703
--------------------------------------------------
**************************************************
Z=8, N=5, emax=8
RMSE Eb: 0.694
RMSE Rch: 0.012
MAPE Eb: 0.940
MAPE Rch: 0.625
--------------------------------------------------
**************************************************
Z=8, N=5, emax=6
RMSE Eb: 0.659
RMSE Rch: 0.017
MAPE Eb: 0.996
MAPE Rch: 0.892
--------------------------------------------------
**************************************************
Z=8, N=5, emax=10
RMSE Eb: 1.059
RMSE Rch: 0.014
MAPE Eb: 1.249
MAPE Rch: 0.620
--------------------------------------------------
**************************************************
Z=8, N=6, emax=4
RMSE Eb: 0.795
RMSE Rch: 0.013
MAPE Eb: 1.093
MAPE Rch: 0.674
--------------------------------------------------
**************************************************
Z=8, N=6, emax=8
RMSE Eb: 1.103
RMSE Rch: 0.017
MAPE Eb: 1.105
MAPE Rch: 0.813
--------------------------------------------------
**************************************************
Z=8, N=6, emax=6
RMSE Eb: 0.914
RMSE Rch: 0.015
MAPE Eb: 1.013
MAPE Rch: 0.791
--------------------------------------------------
**************************************************
Z=8, N=6, emax=10
RMSE Eb: 0.733
RMSE Rch: 0.018
MAPE Eb: 0.747
MAPE Rch: 0.962
--------------------------------------------------
**************************************************
Z=8, N=7, emax=4
RMSE Eb: 0.735
RMSE Rch: 0.007
MAPE Eb: 0.896
MAPE Rch: 0.373
--------------------------------------------------
**************************************************
Z=8, N=7, emax=8
RMSE Eb: 1.056
RMSE Rch: 0.011
MAPE Eb: 0.787
MAPE Rch: 0.603
--------------------------------------------------
**************************************************
Z=8, N=7, emax=6
RMSE Eb: 0.744
RMSE Rch: 0.010
MAPE Eb: 0.707
MAPE Rch: 0.446
--------------------------------------------------
**************************************************
Z=8, N=7, emax=10
RMSE Eb: 0.669
RMSE Rch: 0.014
MAPE Eb: 0.579
MAPE Rch: 0.692
--------------------------------------------------
**************************************************
Z=8, N=8, emax=4
RMSE Eb: 0.569
RMSE Rch: 0.009
MAPE Eb: 0.497
MAPE Rch: 0.236
--------------------------------------------------
**************************************************
Z=8, N=8, emax=6
RMSE Eb: 0.617
RMSE Rch: 0.010
MAPE Eb: 0.509
MAPE Rch: 0.273
--------------------------------------------------
**************************************************
Z=8, N=8, emax=8
RMSE Eb: 0.434
RMSE Rch: 0.008
MAPE Eb: 0.340
MAPE Rch: 0.231
--------------------------------------------------
**************************************************
Z=8, N=8, emax=10
RMSE Eb: 0.762
RMSE Rch: 0.009
MAPE Eb: 0.504
MAPE Rch: 0.296
--------------------------------------------------
**************************************************
Z=8, N=9, emax=4
RMSE Eb: 0.536
RMSE Rch: 0.008
MAPE Eb: 0.544
MAPE Rch: 0.217
--------------------------------------------------
**************************************************
Z=8, N=9, emax=8
RMSE Eb: 0.568
RMSE Rch: 0.007
MAPE Eb: 0.422
MAPE Rch: 0.180
--------------------------------------------------
**************************************************
Z=8, N=9, emax=6
RMSE Eb: 0.528
RMSE Rch: 0.008
MAPE Eb: 0.450
MAPE Rch: 0.214
--------------------------------------------------
**************************************************
Z=8, N=9, emax=10
RMSE Eb: 0.675
RMSE Rch: 0.010
MAPE Eb: 0.443
MAPE Rch: 0.250
--------------------------------------------------
**************************************************
Z=8, N=10, emax=4
RMSE Eb: 0.435
RMSE Rch: 0.007
MAPE Eb: 0.433
MAPE Rch: 0.197
--------------------------------------------------
**************************************************
Z=8, N=10, emax=6
RMSE Eb: 0.497
RMSE Rch: 0.012
MAPE Eb: 0.386
MAPE Rch: 0.360
--------------------------------------------------
**************************************************
Z=8, N=10, emax=8
RMSE Eb: 0.522
RMSE Rch: 0.006
MAPE Eb: 0.390
MAPE Rch: 0.174
--------------------------------------------------
**************************************************
Z=8, N=10, emax=10
RMSE Eb: 0.794
RMSE Rch: 0.011
MAPE Eb: 0.442
MAPE Rch: 0.297
--------------------------------------------------
**************************************************
Z=8, N=11, emax=8
RMSE Eb: 0.504
RMSE Rch: 0.006
MAPE Eb: 0.364
MAPE Rch: 0.178
--------------------------------------------------
**************************************************
Z=8, N=11, emax=4
RMSE Eb: 0.450
RMSE Rch: 0.007
MAPE Eb: 0.461
MAPE Rch: 0.176
--------------------------------------------------
**************************************************
Z=8, N=11, emax=6
RMSE Eb: 0.418
RMSE Rch: 0.010
MAPE Eb: 0.337
MAPE Rch: 0.318
--------------------------------------------------
**************************************************
Z=8, N=11, emax=10
RMSE Eb: 0.860
RMSE Rch: 0.010
MAPE Eb: 0.597
MAPE Rch: 0.271
--------------------------------------------------
**************************************************
Z=8, N=12, emax=6
RMSE Eb: 0.447
RMSE Rch: 0.012
MAPE Eb: 0.340
MAPE Rch: 0.359
--------------------------------------------------
**************************************************
Z=8, N=12, emax=8
RMSE Eb: 0.509
RMSE Rch: 0.008
MAPE Eb: 0.324
MAPE Rch: 0.218
--------------------------------------------------
**************************************************
Z=8, N=12, emax=4
RMSE Eb: 0.495
RMSE Rch: 0.006
MAPE Eb: 0.470
MAPE Rch: 0.145
--------------------------------------------------
**************************************************
Z=8, N=12, emax=10
RMSE Eb: 0.565
RMSE Rch: 0.009
MAPE Eb: 0.372
MAPE Rch: 0.238
--------------------------------------------------
**************************************************
Z=8, N=13, emax=8
RMSE Eb: 0.527
RMSE Rch: 0.008
MAPE Eb: 0.364
MAPE Rch: 0.226
--------------------------------------------------
**************************************************
Z=8, N=13, emax=4
RMSE Eb: 0.416
RMSE Rch: 0.007
MAPE Eb: 0.420
MAPE Rch: 0.175
--------------------------------------------------
**************************************************
Z=8, N=13, emax=6
RMSE Eb: 0.380
RMSE Rch: 0.010
MAPE Eb: 0.291
MAPE Rch: 0.292
--------------------------------------------------
**************************************************
Z=8, N=13, emax=10
RMSE Eb: 0.561
RMSE Rch: 0.012
MAPE Eb: 0.373
MAPE Rch: 0.284
--------------------------------------------------
**************************************************
Z=8, N=14, emax=6
RMSE Eb: 0.505
RMSE Rch: 0.010
MAPE Eb: 0.345
MAPE Rch: 0.262
--------------------------------------------------
**************************************************
Z=8, N=14, emax=10
RMSE Eb: 0.507
RMSE Rch: 0.010
MAPE Eb: 0.297
MAPE Rch: 0.295
--------------------------------------------------
**************************************************
Z=8, N=14, emax=4
RMSE Eb: 0.449
RMSE Rch: 0.007
MAPE Eb: 0.463
MAPE Rch: 0.165
--------------------------------------------------
**************************************************
Z=8, N=14, emax=8
RMSE Eb: 0.574
RMSE Rch: 0.010
MAPE Eb: 0.345
MAPE Rch: 0.234
--------------------------------------------------
**************************************************
Z=8, N=15, emax=8
RMSE Eb: 0.575
RMSE Rch: 0.007
MAPE Eb: 0.361
MAPE Rch: 0.200
--------------------------------------------------
**************************************************
Z=8, N=15, emax=6
RMSE Eb: 0.491
RMSE Rch: 0.011
MAPE Eb: 0.324
MAPE Rch: 0.299
--------------------------------------------------
**************************************************
Z=8, N=15, emax=4
RMSE Eb: 0.475
RMSE Rch: 0.006
MAPE Eb: 0.448
MAPE Rch: 0.160
--------------------------------------------------
**************************************************
Z=8, N=15, emax=10
RMSE Eb: 0.545
RMSE Rch: 0.009
MAPE Eb: 0.357
MAPE Rch: 0.258
--------------------------------------------------
**************************************************
Z=8, N=16, emax=4
RMSE Eb: 0.719
RMSE Rch: 0.009
MAPE Eb: 0.725
MAPE Rch: 0.235
--------------------------------------------------
**************************************************
Z=8, N=16, emax=8
RMSE Eb: 0.773
RMSE Rch: 0.008
MAPE Eb: 0.465
MAPE Rch: 0.230
--------------------------------------------------
**************************************************
Z=8, N=16, emax=6
RMSE Eb: 0.641
RMSE Rch: 0.010
MAPE Eb: 0.435
MAPE Rch: 0.305
--------------------------------------------------
**************************************************
Z=8, N=16, emax=10
RMSE Eb: 0.578
RMSE Rch: 0.011
MAPE Eb: 0.357
MAPE Rch: 0.320
--------------------------------------------------
