Activated conda environment
[DataLoader] Found 13 files matching the pattern.
[DataLoader] Combined data shape: (17234, 35)
[Preprocess] Data split => train: (11029, 35), val: (2758, 35), test: (3447, 35)
[Preprocess] Processed fidelity 4 (index 0): 3758 samples.
[Preprocess] Processed fidelity 6 (index 1): 3346 samples.
[Preprocess] Processed fidelity 8 (index 2): 3194 samples.
[Preprocess] Processed fidelity 10 (index 3): 731 samples.
[Preprocess] Processed fidelity 4 (index 0): 949 samples.
[Preprocess] Processed fidelity 6 (index 1): 833 samples.
[Preprocess] Processed fidelity 8 (index 2): 801 samples.
[Preprocess] Processed fidelity 10 (index 3): 175 samples.
Fidelity levels: [4, 6, 8, 10]
[Trainer] Starting BNN training...
[Trainer] No improvement. Iteration 8200. Early stopping counter: 1, LR counter: 1
[Trainer] No improvement. Iteration 8700. Early stopping counter: 1, LR counter: 1
[Trainer] No improvement. Iteration 9100. Early stopping counter: 1, LR counter: 1
[Trainer] No improvement. Iteration 9200. Early stopping counter: 2, LR counter: 2
[Trainer] No improvement. Iteration 9600. Early stopping counter: 1, LR counter: 1
[Trainer] No improvement. Iteration 10300. Early stopping counter: 1, LR counter: 1
[Trainer] No improvement. Iteration 10400. Early stopping counter: 2, LR counter: 2
[Trainer] No improvement. Iteration 10500. Early stopping counter: 3, LR counter: 3
[Trainer] No improvement. Iteration 10600. Early stopping counter: 4, LR counter: 4
[Trainer] No improvement. Iteration 10700. Early stopping counter: 5, LR counter: 5
[Trainer] No improvement. Iteration 11700. Early stopping counter: 1, LR counter: 1
[Trainer] No improvement. Iteration 11800. Early stopping counter: 2, LR counter: 2
[Trainer] No improvement. Iteration 11900. Early stopping counter: 3, LR counter: 3
[Trainer] No improvement. Iteration 12000. Early stopping counter: 4, LR counter: 4
[Trainer] No improvement. Iteration 12100. Early stopping counter: 5, LR counter: 5
[Trainer] No improvement. Iteration 12200. Early stopping counter: 6, LR counter: 6
[Trainer] No improvement. Iteration 12300. Early stopping counter: 7, LR counter: 7
[Trainer] No improvement. Iteration 12400. Early stopping counter: 8, LR counter: 8
[Trainer] No improvement. Iteration 12500. Early stopping counter: 9, LR counter: 9
[Trainer] No improvement. Iteration 12600. Early stopping counter: 10, LR counter: 10
[Trainer] No improvement. Iteration 12700. Early stopping counter: 11, LR counter: 11
[Trainer] No improvement. Iteration 12800. Early stopping counter: 12, LR counter: 12
[Trainer] No improvement. Iteration 12900. Early stopping counter: 13, LR counter: 13
[Trainer] No improvement. Iteration 13000. Early stopping counter: 14, LR counter: 14
[Trainer] No improvement. Iteration 13100. Early stopping counter: 15, LR counter: 15
[Trainer] No improvement. Iteration 13200. Early stopping counter: 16, LR counter: 16
[Trainer] No improvement. Iteration 13300. Early stopping counter: 17, LR counter: 17
[Trainer] No improvement. Iteration 13400. Early stopping counter: 18, LR counter: 18
[Trainer] No improvement. Iteration 13500. Early stopping counter: 19, LR counter: 19
[Trainer] No improvement. Iteration 13600. Early stopping counter: 20, LR counter: 20
[Trainer] No improvement. Iteration 13700. Early stopping counter: 21, LR counter: 21
[Trainer] No improvement. Iteration 13800. Early stopping counter: 22, LR counter: 22
[Trainer] No improvement. Iteration 13900. Early stopping counter: 23, LR counter: 23
[Trainer] No improvement. Iteration 14400. Early stopping counter: 1, LR counter: 1
[Trainer] No improvement. Iteration 14500. Early stopping counter: 2, LR counter: 2
[Trainer] No improvement. Iteration 14600. Early stopping counter: 3, LR counter: 3
[Trainer] No improvement. Iteration 14700. Early stopping counter: 4, LR counter: 4
[Trainer] No improvement. Iteration 14900. Early stopping counter: 1, LR counter: 1
[Trainer] No improvement. Iteration 15200. Early stopping counter: 1, LR counter: 1
[Trainer] No improvement. Iteration 15300. Early stopping counter: 2, LR counter: 2
[Trainer] No improvement. Iteration 15400. Early stopping counter: 3, LR counter: 3
[Trainer] No improvement. Iteration 15500. Early stopping counter: 4, LR counter: 4
[Trainer] No improvement. Iteration 15600. Early stopping counter: 5, LR counter: 5
[Trainer] No improvement. Iteration 15700. Early stopping counter: 6, LR counter: 6
[Trainer] No improvement. Iteration 15800. Early stopping counter: 7, LR counter: 7
[Trainer] No improvement. Iteration 15900. Early stopping counter: 8, LR counter: 8
[Trainer] No improvement. Iteration 16000. Early stopping counter: 9, LR counter: 9
[Trainer] No improvement. Iteration 16100. Early stopping counter: 10, LR counter: 10
[Trainer] No improvement. Iteration 16200. Early stopping counter: 11, LR counter: 11
[Trainer] No improvement. Iteration 16300. Early stopping counter: 12, LR counter: 12
[Trainer] No improvement. Iteration 16400. Early stopping counter: 13, LR counter: 13
[Trainer] No improvement. Iteration 16500. Early stopping counter: 14, LR counter: 14
[Trainer] No improvement. Iteration 16600. Early stopping counter: 15, LR counter: 15
[Trainer] No improvement. Iteration 16700. Early stopping counter: 16, LR counter: 16
[Trainer] No improvement. Iteration 16800. Early stopping counter: 17, LR counter: 17
[Trainer] No improvement. Iteration 16900. Early stopping counter: 18, LR counter: 18
[Trainer] No improvement. Iteration 17000. Early stopping counter: 19, LR counter: 19
[Trainer] No improvement. Iteration 17100. Early stopping counter: 20, LR counter: 20
[Trainer] No improvement. Iteration 17200. Early stopping counter: 21, LR counter: 21
[Trainer] No improvement. Iteration 17300. Early stopping counter: 22, LR counter: 22
[Trainer] No improvement. Iteration 17400. Early stopping counter: 23, LR counter: 23
[Trainer] No improvement. Iteration 17500. Early stopping counter: 24, LR counter: 24
[Trainer] No improvement. Iteration 17600. Early stopping counter: 25, LR counter: 25
[Trainer] Learning rate reduced to: 0.000010
[Trainer] No improvement. Iteration 17700. Early stopping counter: 26, LR counter: 1
[Trainer] No improvement. Iteration 17800. Early stopping counter: 27, LR counter: 2
[Trainer] No improvement. Iteration 17900. Early stopping counter: 28, LR counter: 3
[Trainer] No improvement. Iteration 18000. Early stopping counter: 29, LR counter: 4
[Trainer] No improvement. Iteration 18100. Early stopping counter: 30, LR counter: 5
[Trainer] No improvement. Iteration 18200. Early stopping counter: 31, LR counter: 6
[Trainer] No improvement. Iteration 18300. Early stopping counter: 32, LR counter: 7
[Trainer] No improvement. Iteration 18400. Early stopping counter: 33, LR counter: 8
[Trainer] No improvement. Iteration 18500. Early stopping counter: 34, LR counter: 9
[Trainer] No improvement. Iteration 18600. Early stopping counter: 35, LR counter: 10
[Trainer] No improvement. Iteration 18700. Early stopping counter: 36, LR counter: 11
[Trainer] No improvement. Iteration 18800. Early stopping counter: 37, LR counter: 12
[Trainer] No improvement. Iteration 18900. Early stopping counter: 38, LR counter: 13
[Trainer] No improvement. Iteration 19000. Early stopping counter: 39, LR counter: 14
[Trainer] No improvement. Iteration 19100. Early stopping counter: 40, LR counter: 15
[Trainer] No improvement. Iteration 19200. Early stopping counter: 41, LR counter: 16
[Trainer] No improvement. Iteration 19300. Early stopping counter: 42, LR counter: 17
[Trainer] No improvement. Iteration 19400. Early stopping counter: 43, LR counter: 18
[Trainer] No improvement. Iteration 19500. Early stopping counter: 44, LR counter: 19
[Trainer] No improvement. Iteration 19600. Early stopping counter: 45, LR counter: 20
[Trainer] No improvement. Iteration 19700. Early stopping counter: 46, LR counter: 21
[Trainer] No improvement. Iteration 19800. Early stopping counter: 47, LR counter: 22
[Trainer] No improvement. Iteration 19900. Early stopping counter: 48, LR counter: 23
[Trainer] No improvement. Iteration 20000. Early stopping counter: 49, LR counter: 24
[Trainer] No improvement. Iteration 20100. Early stopping counter: 50, LR counter: 25
[Trainer] Learning rate reduced to: 0.000001
[Trainer] Early stopping triggered.
[Trainer] Training completed.
[Trainer] Calibrating temperatures on validation set...
[Trainer] Temperature calibration finished. Calibrated temperatures: {4: 1.0491943359375, 6: 1.041501522064209, 8: 1.1462030410766602, 10: 1.328798532485962}
[Trainer] BNN training completed.
**************************************************
Z=8, N=4, emax=4
RMSE Eb: 0.728
RMSE Rch: 0.007
MAPE Eb: 2.064
MAPE Rch: 0.323
--------------------------------------------------
**************************************************
Z=8, N=4, emax=10
RMSE Eb: 1.209
RMSE Rch: 0.051
MAPE Eb: 1.998
MAPE Rch: 2.374
--------------------------------------------------
**************************************************
Z=8, N=4, emax=6
RMSE Eb: 1.048
RMSE Rch: 0.018
MAPE Eb: 2.034
MAPE Rch: 0.854
--------------------------------------------------
**************************************************
Z=8, N=4, emax=8
RMSE Eb: 1.153
RMSE Rch: 0.027
MAPE Eb: 1.920
MAPE Rch: 1.249
--------------------------------------------------
**************************************************
Z=8, N=5, emax=8
RMSE Eb: 1.307
RMSE Rch: 0.017
MAPE Eb: 1.598
MAPE Rch: 0.850
--------------------------------------------------
**************************************************
Z=8, N=5, emax=6
RMSE Eb: 0.873
RMSE Rch: 0.014
MAPE Eb: 1.259
MAPE Rch: 0.733
--------------------------------------------------
**************************************************
Z=8, N=5, emax=4
RMSE Eb: 0.692
RMSE Rch: 0.010
MAPE Eb: 1.427
MAPE Rch: 0.422
--------------------------------------------------
**************************************************
Z=8, N=5, emax=10
RMSE Eb: 1.439
RMSE Rch: 0.011
MAPE Eb: 1.801
MAPE Rch: 0.643
--------------------------------------------------
**************************************************
Z=8, N=6, emax=4
RMSE Eb: 0.669
RMSE Rch: 0.009
MAPE Eb: 0.986
MAPE Rch: 0.411
--------------------------------------------------
**************************************************
Z=8, N=6, emax=6
RMSE Eb: 0.892
RMSE Rch: 0.014
MAPE Eb: 0.982
MAPE Rch: 0.690
--------------------------------------------------
**************************************************
Z=8, N=6, emax=8
RMSE Eb: 1.473
RMSE Rch: 0.015
MAPE Eb: 1.405
MAPE Rch: 0.767
--------------------------------------------------
**************************************************
Z=8, N=6, emax=10
RMSE Eb: 1.834
RMSE Rch: 0.023
MAPE Eb: 1.859
MAPE Rch: 1.288
--------------------------------------------------
**************************************************
Z=8, N=7, emax=8
RMSE Eb: 1.418
RMSE Rch: 0.011
MAPE Eb: 1.136
MAPE Rch: 0.608
--------------------------------------------------
**************************************************
Z=8, N=7, emax=10
RMSE Eb: 1.278
RMSE Rch: 0.017
MAPE Eb: 1.055
MAPE Rch: 0.903
--------------------------------------------------
**************************************************
Z=8, N=7, emax=6
RMSE Eb: 0.983
RMSE Rch: 0.013
MAPE Eb: 0.937
MAPE Rch: 0.607
--------------------------------------------------
**************************************************
Z=8, N=7, emax=4
RMSE Eb: 0.688
RMSE Rch: 0.012
MAPE Eb: 0.815
MAPE Rch: 0.553
--------------------------------------------------
**************************************************
Z=8, N=8, emax=4
RMSE Eb: 1.151
RMSE Rch: 0.011
MAPE Eb: 1.245
MAPE Rch: 0.289
--------------------------------------------------
**************************************************
Z=8, N=8, emax=8
RMSE Eb: 1.501
RMSE Rch: 0.014
MAPE Eb: 1.192
MAPE Rch: 0.370
--------------------------------------------------
**************************************************
Z=8, N=8, emax=6
RMSE Eb: 1.118
RMSE Rch: 0.013
MAPE Eb: 0.910
MAPE Rch: 0.329
--------------------------------------------------
**************************************************
Z=8, N=8, emax=10
RMSE Eb: 1.832
RMSE Rch: 0.013
MAPE Eb: 1.038
MAPE Rch: 0.409
--------------------------------------------------
**************************************************
Z=8, N=9, emax=8
RMSE Eb: 1.500
RMSE Rch: 0.012
MAPE Eb: 1.110
MAPE Rch: 0.359
--------------------------------------------------
**************************************************
Z=8, N=9, emax=6
RMSE Eb: 0.934
RMSE Rch: 0.012
MAPE Eb: 0.786
MAPE Rch: 0.353
--------------------------------------------------
**************************************************
Z=8, N=9, emax=4
RMSE Eb: 0.998
RMSE Rch: 0.009
MAPE Eb: 1.090
MAPE Rch: 0.264
--------------------------------------------------
**************************************************
Z=8, N=9, emax=10
RMSE Eb: 0.937
RMSE Rch: 0.012
MAPE Eb: 0.733
MAPE Rch: 0.312
--------------------------------------------------
**************************************************
Z=8, N=10, emax=4
RMSE Eb: 1.001
RMSE Rch: 0.006
MAPE Eb: 1.051
MAPE Rch: 0.186
--------------------------------------------------
**************************************************
Z=8, N=10, emax=10
RMSE Eb: 1.338
RMSE Rch: 0.012
MAPE Eb: 0.949
MAPE Rch: 0.328
--------------------------------------------------
**************************************************
Z=8, N=10, emax=6
RMSE Eb: 0.975
RMSE Rch: 0.010
MAPE Eb: 0.749
MAPE Rch: 0.300
--------------------------------------------------
**************************************************
Z=8, N=10, emax=8
RMSE Eb: 1.440
RMSE Rch: 0.010
MAPE Eb: 1.000
MAPE Rch: 0.285
--------------------------------------------------
**************************************************
Z=8, N=11, emax=4
RMSE Eb: 0.863
RMSE Rch: 0.006
MAPE Eb: 0.876
MAPE Rch: 0.170
--------------------------------------------------
**************************************************
Z=8, N=11, emax=6
RMSE Eb: 0.843
RMSE Rch: 0.008
MAPE Eb: 0.622
MAPE Rch: 0.237
--------------------------------------------------
**************************************************
Z=8, N=11, emax=8
RMSE Eb: 1.069
RMSE Rch: 0.007
MAPE Eb: 0.730
MAPE Rch: 0.222
--------------------------------------------------
**************************************************
Z=8, N=11, emax=10
RMSE Eb: 1.375
RMSE Rch: 0.012
MAPE Eb: 1.012
MAPE Rch: 0.302
--------------------------------------------------
**************************************************
Z=8, N=12, emax=6
RMSE Eb: 0.939
RMSE Rch: 0.011
MAPE Eb: 0.681
MAPE Rch: 0.288
--------------------------------------------------
**************************************************
Z=8, N=12, emax=4
RMSE Eb: 0.846
RMSE Rch: 0.007
MAPE Eb: 0.868
MAPE Rch: 0.177
--------------------------------------------------
**************************************************
Z=8, N=12, emax=8
RMSE Eb: 1.125
RMSE Rch: 0.008
MAPE Eb: 0.730
MAPE Rch: 0.211
--------------------------------------------------
**************************************************
Z=8, N=12, emax=10
RMSE Eb: 1.242
RMSE Rch: 0.010
MAPE Eb: 0.904
MAPE Rch: 0.293
--------------------------------------------------
**************************************************
Z=8, N=13, emax=8
RMSE Eb: 1.059
RMSE Rch: 0.010
MAPE Eb: 0.687
MAPE Rch: 0.277
--------------------------------------------------
**************************************************
Z=8, N=13, emax=4
RMSE Eb: 0.941
RMSE Rch: 0.008
MAPE Eb: 1.018
MAPE Rch: 0.192
--------------------------------------------------
**************************************************
Z=8, N=13, emax=10
RMSE Eb: 1.152
RMSE Rch: 0.010
MAPE Eb: 0.757
MAPE Rch: 0.320
--------------------------------------------------
**************************************************
Z=8, N=13, emax=6
RMSE Eb: 1.065
RMSE Rch: 0.009
MAPE Eb: 0.847
MAPE Rch: 0.237
--------------------------------------------------
**************************************************
Z=8, N=14, emax=8
RMSE Eb: 1.729
RMSE Rch: 0.013
MAPE Eb: 1.116
MAPE Rch: 0.323
--------------------------------------------------
**************************************************
Z=8, N=14, emax=4
RMSE Eb: 0.921
RMSE Rch: 0.010
MAPE Eb: 0.941
MAPE Rch: 0.285
--------------------------------------------------
**************************************************
Z=8, N=14, emax=6
RMSE Eb: 1.014
RMSE Rch: 0.011
MAPE Eb: 0.696
MAPE Rch: 0.310
--------------------------------------------------
**************************************************
Z=8, N=14, emax=10
RMSE Eb: 1.533
RMSE Rch: 0.013
MAPE Eb: 0.961
MAPE Rch: 0.397
--------------------------------------------------
**************************************************
Z=8, N=15, emax=8
RMSE Eb: 1.695
RMSE Rch: 0.008
MAPE Eb: 1.046
MAPE Rch: 0.216
--------------------------------------------------
**************************************************
Z=8, N=15, emax=4
RMSE Eb: 1.075
RMSE Rch: 0.010
MAPE Eb: 1.082
MAPE Rch: 0.262
--------------------------------------------------
**************************************************
Z=8, N=15, emax=6
RMSE Eb: 1.133
RMSE Rch: 0.008
MAPE Eb: 0.815
MAPE Rch: 0.224
--------------------------------------------------
**************************************************
Z=8, N=15, emax=10
RMSE Eb: 1.442
RMSE Rch: 0.008
MAPE Eb: 0.841
MAPE Rch: 0.196
--------------------------------------------------
**************************************************
Z=8, N=16, emax=8
RMSE Eb: 1.440
RMSE Rch: 0.009
MAPE Eb: 0.827
MAPE Rch: 0.263
--------------------------------------------------
**************************************************
Z=8, N=16, emax=6
RMSE Eb: 1.293
RMSE Rch: 0.011
MAPE Eb: 0.844
MAPE Rch: 0.295
--------------------------------------------------
**************************************************
Z=8, N=16, emax=10
RMSE Eb: 1.747
RMSE Rch: 0.012
MAPE Eb: 1.018
MAPE Rch: 0.327
--------------------------------------------------
**************************************************
Z=8, N=16, emax=4
RMSE Eb: 1.439
RMSE Rch: 0.009
MAPE Eb: 1.526
MAPE Rch: 0.223
--------------------------------------------------
Finished VAL for AE n=87
**************************************************
Z=8, N=4, emax=6
RMSE Eb: 0.878
RMSE Rch: 0.019
MAPE Eb: 1.718
MAPE Rch: 0.884
--------------------------------------------------
**************************************************
Z=8, N=4, emax=8
RMSE Eb: 1.230
RMSE Rch: 0.021
MAPE Eb: 1.982
MAPE Rch: 0.965
--------------------------------------------------
**************************************************
Z=8, N=4, emax=4
RMSE Eb: 0.683
RMSE Rch: 0.009
MAPE Eb: 1.902
MAPE Rch: 0.392
--------------------------------------------------
**************************************************
Z=8, N=4, emax=10
RMSE Eb: 1.520
RMSE Rch: 0.037
MAPE Eb: 2.032
MAPE Rch: 1.835
--------------------------------------------------
**************************************************
Z=8, N=5, emax=4
RMSE Eb: 0.741
RMSE Rch: 0.009
MAPE Eb: 1.443
MAPE Rch: 0.428
--------------------------------------------------
**************************************************
Z=8, N=5, emax=8
RMSE Eb: 1.213
RMSE Rch: 0.022
MAPE Eb: 1.481
MAPE Rch: 0.977
--------------------------------------------------
**************************************************
Z=8, N=5, emax=6
RMSE Eb: 0.730
RMSE Rch: 0.012
MAPE Eb: 1.010
MAPE Rch: 0.544
--------------------------------------------------
**************************************************
Z=8, N=5, emax=10
RMSE Eb: 1.506
RMSE Rch: 0.022
MAPE Eb: 1.875
MAPE Rch: 1.197
--------------------------------------------------
**************************************************
Z=8, N=6, emax=4
RMSE Eb: 0.713
RMSE Rch: 0.010
MAPE Eb: 1.007
MAPE Rch: 0.471
--------------------------------------------------
**************************************************
Z=8, N=6, emax=8
RMSE Eb: 1.399
RMSE Rch: 0.022
MAPE Eb: 1.291
MAPE Rch: 0.973
--------------------------------------------------
**************************************************
Z=8, N=6, emax=6
RMSE Eb: 1.085
RMSE Rch: 0.019
MAPE Eb: 1.133
MAPE Rch: 0.887
--------------------------------------------------
**************************************************
Z=8, N=6, emax=10
RMSE Eb: 1.025
RMSE Rch: 0.020
MAPE Eb: 1.031
MAPE Rch: 1.050
--------------------------------------------------
**************************************************
Z=8, N=7, emax=4
RMSE Eb: 0.741
RMSE Rch: 0.009
MAPE Eb: 0.905
MAPE Rch: 0.428
--------------------------------------------------
**************************************************
Z=8, N=7, emax=8
RMSE Eb: 1.568
RMSE Rch: 0.013
MAPE Eb: 1.294
MAPE Rch: 0.658
--------------------------------------------------
**************************************************
Z=8, N=7, emax=6
RMSE Eb: 0.930
RMSE Rch: 0.012
MAPE Eb: 0.819
MAPE Rch: 0.557
--------------------------------------------------
**************************************************
Z=8, N=7, emax=10
RMSE Eb: 0.928
RMSE Rch: 0.014
MAPE Eb: 0.783
MAPE Rch: 0.827
--------------------------------------------------
**************************************************
Z=8, N=8, emax=4
RMSE Eb: 0.913
RMSE Rch: 0.012
MAPE Eb: 0.942
MAPE Rch: 0.318
--------------------------------------------------
**************************************************
Z=8, N=8, emax=6
RMSE Eb: 1.137
RMSE Rch: 0.010
MAPE Eb: 0.919
MAPE Rch: 0.285
--------------------------------------------------
**************************************************
Z=8, N=8, emax=8
RMSE Eb: 1.335
RMSE Rch: 0.013
MAPE Eb: 1.052
MAPE Rch: 0.358
--------------------------------------------------
**************************************************
Z=8, N=8, emax=10
RMSE Eb: 1.524
RMSE Rch: 0.013
MAPE Eb: 1.207
MAPE Rch: 0.386
--------------------------------------------------
**************************************************
Z=8, N=9, emax=4
RMSE Eb: 1.026
RMSE Rch: 0.010
MAPE Eb: 1.106
MAPE Rch: 0.275
--------------------------------------------------
**************************************************
Z=8, N=9, emax=8
RMSE Eb: 1.575
RMSE Rch: 0.012
MAPE Eb: 1.192
MAPE Rch: 0.334
--------------------------------------------------
**************************************************
Z=8, N=9, emax=6
RMSE Eb: 0.868
RMSE Rch: 0.013
MAPE Eb: 0.697
MAPE Rch: 0.384
--------------------------------------------------
**************************************************
Z=8, N=9, emax=10
RMSE Eb: 1.005
RMSE Rch: 0.009
MAPE Eb: 0.670
MAPE Rch: 0.261
--------------------------------------------------
**************************************************
Z=8, N=10, emax=4
RMSE Eb: 1.031
RMSE Rch: 0.008
MAPE Eb: 1.081
MAPE Rch: 0.216
--------------------------------------------------
**************************************************
Z=8, N=10, emax=6
RMSE Eb: 0.854
RMSE Rch: 0.009
MAPE Eb: 0.648
MAPE Rch: 0.249
--------------------------------------------------
**************************************************
Z=8, N=10, emax=8
RMSE Eb: 1.284
RMSE Rch: 0.008
MAPE Eb: 0.915
MAPE Rch: 0.235
--------------------------------------------------
**************************************************
Z=8, N=10, emax=10
RMSE Eb: 2.151
RMSE Rch: 0.009
MAPE Eb: 1.397
MAPE Rch: 0.273
--------------------------------------------------
**************************************************
Z=8, N=11, emax=8
RMSE Eb: 1.297
RMSE Rch: 0.009
MAPE Eb: 0.885
MAPE Rch: 0.261
--------------------------------------------------
**************************************************
Z=8, N=11, emax=4
RMSE Eb: 0.828
RMSE Rch: 0.007
MAPE Eb: 0.927
MAPE Rch: 0.182
--------------------------------------------------
**************************************************
Z=8, N=11, emax=6
RMSE Eb: 0.901
RMSE Rch: 0.009
MAPE Eb: 0.745
MAPE Rch: 0.258
--------------------------------------------------
**************************************************
Z=8, N=11, emax=10
RMSE Eb: 1.307
RMSE Rch: 0.012
MAPE Eb: 0.893
MAPE Rch: 0.356
--------------------------------------------------
**************************************************
Z=8, N=12, emax=6
RMSE Eb: 0.714
RMSE Rch: 0.009
MAPE Eb: 0.553
MAPE Rch: 0.262
--------------------------------------------------
**************************************************
Z=8, N=12, emax=8
RMSE Eb: 1.131
RMSE Rch: 0.007
MAPE Eb: 0.728
MAPE Rch: 0.214
--------------------------------------------------
**************************************************
Z=8, N=12, emax=4
RMSE Eb: 0.961
RMSE Rch: 0.006
MAPE Eb: 1.003
MAPE Rch: 0.168
--------------------------------------------------
**************************************************
Z=8, N=12, emax=10
RMSE Eb: 0.812
RMSE Rch: 0.012
MAPE Eb: 0.518
MAPE Rch: 0.316
--------------------------------------------------
**************************************************
Z=8, N=13, emax=8
RMSE Eb: 1.461
RMSE Rch: 0.009
MAPE Eb: 0.958
MAPE Rch: 0.262
--------------------------------------------------
**************************************************
Z=8, N=13, emax=4
RMSE Eb: 0.947
RMSE Rch: 0.007
MAPE Eb: 0.978
MAPE Rch: 0.188
--------------------------------------------------
**************************************************
Z=8, N=13, emax=6
RMSE Eb: 0.882
RMSE Rch: 0.010
MAPE Eb: 0.616
MAPE Rch: 0.280
--------------------------------------------------
**************************************************
Z=8, N=13, emax=10
RMSE Eb: 1.095
RMSE Rch: 0.008
MAPE Eb: 0.687
MAPE Rch: 0.244
--------------------------------------------------
**************************************************
Z=8, N=14, emax=6
RMSE Eb: 1.182
RMSE Rch: 0.010
MAPE Eb: 0.787
MAPE Rch: 0.282
--------------------------------------------------
**************************************************
Z=8, N=14, emax=10
RMSE Eb: 1.236
RMSE Rch: 0.012
MAPE Eb: 0.524
MAPE Rch: 0.391
--------------------------------------------------
**************************************************
Z=8, N=14, emax=4
RMSE Eb: 1.174
RMSE Rch: 0.007
MAPE Eb: 1.208
MAPE Rch: 0.202
--------------------------------------------------
**************************************************
Z=8, N=14, emax=8
RMSE Eb: 1.521
RMSE Rch: 0.010
MAPE Eb: 0.909
MAPE Rch: 0.250
--------------------------------------------------
**************************************************
Z=8, N=15, emax=8
RMSE Eb: 1.549
RMSE Rch: 0.008
MAPE Eb: 0.962
MAPE Rch: 0.231
--------------------------------------------------
**************************************************
Z=8, N=15, emax=6
RMSE Eb: 1.293
RMSE Rch: 0.009
MAPE Eb: 0.923
MAPE Rch: 0.255
--------------------------------------------------
**************************************************
Z=8, N=15, emax=4
RMSE Eb: 1.021
RMSE Rch: 0.008
MAPE Eb: 1.048
MAPE Rch: 0.211
--------------------------------------------------
**************************************************
Z=8, N=15, emax=10
RMSE Eb: 1.182
RMSE Rch: 0.010
MAPE Eb: 0.749
MAPE Rch: 0.281
--------------------------------------------------
**************************************************
Z=8, N=16, emax=4
RMSE Eb: 1.528
RMSE Rch: 0.010
MAPE Eb: 1.530
MAPE Rch: 0.249
--------------------------------------------------
**************************************************
Z=8, N=16, emax=8
RMSE Eb: 1.201
RMSE Rch: 0.011
MAPE Eb: 0.676
MAPE Rch: 0.299
--------------------------------------------------
**************************************************
Z=8, N=16, emax=6
RMSE Eb: 1.303
RMSE Rch: 0.010
MAPE Eb: 0.893
MAPE Rch: 0.263
--------------------------------------------------
**************************************************
Z=8, N=16, emax=10
RMSE Eb: 1.357
RMSE Rch: 0.011
MAPE Eb: 0.861
MAPE Rch: 0.316
--------------------------------------------------
