Activated conda environment
[DataLoader] Found 13 files matching the pattern.
[DataLoader] Combined data shape: (17234, 35)
[Preprocess] Data split => train: (11029, 35), val: (2758, 35), test: (3447, 35)
[Preprocess] Processed fidelity 4 (index 0): 3758 samples.
[Preprocess] Processed fidelity 6 (index 1): 3346 samples.
[Preprocess] Processed fidelity 8 (index 2): 3194 samples.
[Preprocess] Processed fidelity 10 (index 3): 731 samples.
[Preprocess] Processed fidelity 4 (index 0): 949 samples.
[Preprocess] Processed fidelity 6 (index 1): 833 samples.
[Preprocess] Processed fidelity 8 (index 2): 801 samples.
[Preprocess] Processed fidelity 10 (index 3): 175 samples.
Fidelity levels: [4, 6, 8, 10]
[Trainer] Starting BNN training...
[Trainer] No improvement. Iteration 10400. Early stopping counter: 1, LR counter: 1
[Trainer] No improvement. Iteration 10500. Early stopping counter: 2, LR counter: 2
[Trainer] No improvement. Iteration 10600. Early stopping counter: 3, LR counter: 3
[Trainer] No improvement. Iteration 10700. Early stopping counter: 4, LR counter: 4
[Trainer] No improvement. Iteration 10800. Early stopping counter: 5, LR counter: 5
[Trainer] No improvement. Iteration 10900. Early stopping counter: 6, LR counter: 6
[Trainer] No improvement. Iteration 11000. Early stopping counter: 7, LR counter: 7
[Trainer] No improvement. Iteration 11100. Early stopping counter: 8, LR counter: 8
[Trainer] No improvement. Iteration 11200. Early stopping counter: 9, LR counter: 9
[Trainer] No improvement. Iteration 11300. Early stopping counter: 10, LR counter: 10
[Trainer] No improvement. Iteration 11400. Early stopping counter: 11, LR counter: 11
[Trainer] No improvement. Iteration 11500. Early stopping counter: 12, LR counter: 12
[Trainer] No improvement. Iteration 11600. Early stopping counter: 13, LR counter: 13
[Trainer] No improvement. Iteration 11700. Early stopping counter: 14, LR counter: 14
[Trainer] No improvement. Iteration 11800. Early stopping counter: 15, LR counter: 15
[Trainer] No improvement. Iteration 11900. Early stopping counter: 16, LR counter: 16
[Trainer] No improvement. Iteration 12000. Early stopping counter: 17, LR counter: 17
[Trainer] No improvement. Iteration 12100. Early stopping counter: 18, LR counter: 18
[Trainer] No improvement. Iteration 12200. Early stopping counter: 19, LR counter: 19
[Trainer] No improvement. Iteration 12300. Early stopping counter: 20, LR counter: 20
[Trainer] No improvement. Iteration 12400. Early stopping counter: 21, LR counter: 21
[Trainer] No improvement. Iteration 12500. Early stopping counter: 22, LR counter: 22
[Trainer] No improvement. Iteration 12600. Early stopping counter: 23, LR counter: 23
[Trainer] No improvement. Iteration 12700. Early stopping counter: 24, LR counter: 24
[Trainer] No improvement. Iteration 12800. Early stopping counter: 25, LR counter: 25
[Trainer] Learning rate reduced to: 0.000010
[Trainer] No improvement. Iteration 12900. Early stopping counter: 26, LR counter: 1
[Trainer] No improvement. Iteration 13000. Early stopping counter: 27, LR counter: 2
[Trainer] No improvement. Iteration 13100. Early stopping counter: 28, LR counter: 3
[Trainer] No improvement. Iteration 13200. Early stopping counter: 29, LR counter: 4
[Trainer] No improvement. Iteration 13300. Early stopping counter: 30, LR counter: 5
[Trainer] No improvement. Iteration 13400. Early stopping counter: 31, LR counter: 6
[Trainer] No improvement. Iteration 13500. Early stopping counter: 32, LR counter: 7
[Trainer] No improvement. Iteration 13600. Early stopping counter: 33, LR counter: 8
[Trainer] No improvement. Iteration 13700. Early stopping counter: 34, LR counter: 9
[Trainer] No improvement. Iteration 13800. Early stopping counter: 35, LR counter: 10
[Trainer] No improvement. Iteration 13900. Early stopping counter: 36, LR counter: 11
[Trainer] No improvement. Iteration 14000. Early stopping counter: 37, LR counter: 12
[Trainer] No improvement. Iteration 14100. Early stopping counter: 38, LR counter: 13
[Trainer] No improvement. Iteration 14200. Early stopping counter: 39, LR counter: 14
[Trainer] No improvement. Iteration 14300. Early stopping counter: 40, LR counter: 15
[Trainer] No improvement. Iteration 14400. Early stopping counter: 41, LR counter: 16
[Trainer] No improvement. Iteration 14500. Early stopping counter: 42, LR counter: 17
[Trainer] No improvement. Iteration 14600. Early stopping counter: 43, LR counter: 18
[Trainer] No improvement. Iteration 14700. Early stopping counter: 44, LR counter: 19
[Trainer] No improvement. Iteration 14800. Early stopping counter: 45, LR counter: 20
[Trainer] No improvement. Iteration 14900. Early stopping counter: 46, LR counter: 21
[Trainer] No improvement. Iteration 15000. Early stopping counter: 47, LR counter: 22
[Trainer] No improvement. Iteration 15100. Early stopping counter: 48, LR counter: 23
[Trainer] No improvement. Iteration 15200. Early stopping counter: 49, LR counter: 24
[Trainer] No improvement. Iteration 15300. Early stopping counter: 50, LR counter: 25
[Trainer] Learning rate reduced to: 0.000001
[Trainer] Early stopping triggered.
[Trainer] Training completed.
[Trainer] Calibrating temperatures on validation set...
[Trainer] Temperature calibration finished. Calibrated temperatures: {4: 1.1340564489364624, 6: 0.9801064729690552, 8: 1.0814502239227295, 10: 1.3244445323944092}
[Trainer] BNN training completed.
**************************************************
Z=8, N=4, emax=4
RMSE Eb: 0.881
RMSE Rch: 0.012
MAPE Eb: 2.671
MAPE Rch: 0.552
--------------------------------------------------
**************************************************
Z=8, N=4, emax=10
RMSE Eb: 1.239
RMSE Rch: 0.048
MAPE Eb: 2.011
MAPE Rch: 2.335
--------------------------------------------------
**************************************************
Z=8, N=4, emax=6
RMSE Eb: 0.973
RMSE Rch: 0.018
MAPE Eb: 1.795
MAPE Rch: 0.851
--------------------------------------------------
**************************************************
Z=8, N=4, emax=8
RMSE Eb: 1.365
RMSE Rch: 0.028
MAPE Eb: 2.261
MAPE Rch: 1.281
--------------------------------------------------
**************************************************
Z=8, N=5, emax=8
RMSE Eb: 1.008
RMSE Rch: 0.016
MAPE Eb: 1.335
MAPE Rch: 0.813
--------------------------------------------------
**************************************************
Z=8, N=5, emax=6
RMSE Eb: 0.900
RMSE Rch: 0.012
MAPE Eb: 1.250
MAPE Rch: 0.612
--------------------------------------------------
**************************************************
Z=8, N=5, emax=4
RMSE Eb: 1.174
RMSE Rch: 0.012
MAPE Eb: 2.350
MAPE Rch: 0.535
--------------------------------------------------
**************************************************
Z=8, N=5, emax=10
RMSE Eb: 1.011
RMSE Rch: 0.014
MAPE Eb: 1.346
MAPE Rch: 0.774
--------------------------------------------------
**************************************************
Z=8, N=6, emax=4
RMSE Eb: 0.999
RMSE Rch: 0.015
MAPE Eb: 1.424
MAPE Rch: 0.699
--------------------------------------------------
**************************************************
Z=8, N=6, emax=6
RMSE Eb: 0.920
RMSE Rch: 0.011
MAPE Eb: 0.910
MAPE Rch: 0.537
--------------------------------------------------
**************************************************
Z=8, N=6, emax=8
RMSE Eb: 1.370
RMSE Rch: 0.015
MAPE Eb: 1.232
MAPE Rch: 0.744
--------------------------------------------------
**************************************************
Z=8, N=6, emax=10
RMSE Eb: 1.839
RMSE Rch: 0.020
MAPE Eb: 1.782
MAPE Rch: 0.974
--------------------------------------------------
**************************************************
Z=8, N=7, emax=8
RMSE Eb: 1.468
RMSE Rch: 0.012
MAPE Eb: 1.198
MAPE Rch: 0.610
--------------------------------------------------
**************************************************
Z=8, N=7, emax=10
RMSE Eb: 1.900
RMSE Rch: 0.019
MAPE Eb: 1.622
MAPE Rch: 1.077
--------------------------------------------------
**************************************************
Z=8, N=7, emax=6
RMSE Eb: 1.166
RMSE Rch: 0.009
MAPE Eb: 1.061
MAPE Rch: 0.429
--------------------------------------------------
**************************************************
Z=8, N=7, emax=4
RMSE Eb: 1.196
RMSE Rch: 0.013
MAPE Eb: 1.541
MAPE Rch: 0.657
--------------------------------------------------
**************************************************
Z=8, N=8, emax=4
RMSE Eb: 1.567
RMSE Rch: 0.015
MAPE Eb: 1.710
MAPE Rch: 0.437
--------------------------------------------------
**************************************************
Z=8, N=8, emax=8
RMSE Eb: 1.299
RMSE Rch: 0.017
MAPE Eb: 1.005
MAPE Rch: 0.490
--------------------------------------------------
**************************************************
Z=8, N=8, emax=6
RMSE Eb: 0.971
RMSE Rch: 0.011
MAPE Eb: 0.765
MAPE Rch: 0.323
--------------------------------------------------
**************************************************
Z=8, N=8, emax=10
RMSE Eb: 1.745
RMSE Rch: 0.013
MAPE Eb: 1.195
MAPE Rch: 0.387
--------------------------------------------------
**************************************************
Z=8, N=9, emax=8
RMSE Eb: 1.251
RMSE Rch: 0.011
MAPE Eb: 0.942
MAPE Rch: 0.303
--------------------------------------------------
**************************************************
Z=8, N=9, emax=6
RMSE Eb: 0.907
RMSE Rch: 0.010
MAPE Eb: 0.730
MAPE Rch: 0.288
--------------------------------------------------
**************************************************
Z=8, N=9, emax=4
RMSE Eb: 1.043
RMSE Rch: 0.011
MAPE Eb: 1.054
MAPE Rch: 0.311
--------------------------------------------------
**************************************************
Z=8, N=9, emax=10
RMSE Eb: 1.092
RMSE Rch: 0.011
MAPE Eb: 0.690
MAPE Rch: 0.367
--------------------------------------------------
**************************************************
Z=8, N=10, emax=4
RMSE Eb: 1.355
RMSE Rch: 0.010
MAPE Eb: 1.399
MAPE Rch: 0.261
--------------------------------------------------
**************************************************
Z=8, N=10, emax=10
RMSE Eb: 1.478
RMSE Rch: 0.013
MAPE Eb: 0.950
MAPE Rch: 0.361
--------------------------------------------------
**************************************************
Z=8, N=10, emax=6
RMSE Eb: 0.860
RMSE Rch: 0.011
MAPE Eb: 0.700
MAPE Rch: 0.289
--------------------------------------------------
**************************************************
Z=8, N=10, emax=8
RMSE Eb: 1.211
RMSE Rch: 0.010
MAPE Eb: 0.833
MAPE Rch: 0.282
--------------------------------------------------
**************************************************
Z=8, N=11, emax=4
RMSE Eb: 1.291
RMSE Rch: 0.010
MAPE Eb: 1.378
MAPE Rch: 0.270
--------------------------------------------------
**************************************************
Z=8, N=11, emax=6
RMSE Eb: 0.933
RMSE Rch: 0.008
MAPE Eb: 0.689
MAPE Rch: 0.238
--------------------------------------------------
**************************************************
Z=8, N=11, emax=8
RMSE Eb: 1.648
RMSE Rch: 0.011
MAPE Eb: 1.180
MAPE Rch: 0.314
--------------------------------------------------
**************************************************
Z=8, N=11, emax=10
RMSE Eb: 2.042
RMSE Rch: 0.016
MAPE Eb: 1.307
MAPE Rch: 0.403
--------------------------------------------------
**************************************************
Z=8, N=12, emax=6
RMSE Eb: 0.952
RMSE Rch: 0.007
MAPE Eb: 0.691
MAPE Rch: 0.174
--------------------------------------------------
**************************************************
Z=8, N=12, emax=4
RMSE Eb: 1.644
RMSE Rch: 0.011
MAPE Eb: 1.675
MAPE Rch: 0.286
--------------------------------------------------
**************************************************
Z=8, N=12, emax=8
RMSE Eb: 1.111
RMSE Rch: 0.009
MAPE Eb: 0.712
MAPE Rch: 0.270
--------------------------------------------------
**************************************************
Z=8, N=12, emax=10
RMSE Eb: 1.628
RMSE Rch: 0.016
MAPE Eb: 1.155
MAPE Rch: 0.462
--------------------------------------------------
**************************************************
Z=8, N=13, emax=8
RMSE Eb: 1.353
RMSE Rch: 0.010
MAPE Eb: 0.857
MAPE Rch: 0.314
--------------------------------------------------
**************************************************
Z=8, N=13, emax=4
RMSE Eb: 1.683
RMSE Rch: 0.010
MAPE Eb: 1.665
MAPE Rch: 0.282
--------------------------------------------------
**************************************************
Z=8, N=13, emax=10
RMSE Eb: 1.190
RMSE Rch: 0.010
MAPE Eb: 0.688
MAPE Rch: 0.273
--------------------------------------------------
**************************************************
Z=8, N=13, emax=6
RMSE Eb: 0.996
RMSE Rch: 0.009
MAPE Eb: 0.731
MAPE Rch: 0.278
--------------------------------------------------
**************************************************
Z=8, N=14, emax=8
RMSE Eb: 1.391
RMSE Rch: 0.013
MAPE Eb: 0.877
MAPE Rch: 0.355
--------------------------------------------------
**************************************************
Z=8, N=14, emax=4
RMSE Eb: 1.933
RMSE Rch: 0.011
MAPE Eb: 1.762
MAPE Rch: 0.283
--------------------------------------------------
**************************************************
Z=8, N=14, emax=6
RMSE Eb: 0.968
RMSE Rch: 0.009
MAPE Eb: 0.721
MAPE Rch: 0.246
--------------------------------------------------
**************************************************
Z=8, N=14, emax=10
RMSE Eb: 1.646
RMSE Rch: 0.010
MAPE Eb: 1.078
MAPE Rch: 0.271
--------------------------------------------------
**************************************************
Z=8, N=15, emax=8
RMSE Eb: 1.267
RMSE Rch: 0.010
MAPE Eb: 0.759
MAPE Rch: 0.257
--------------------------------------------------
**************************************************
Z=8, N=15, emax=4
RMSE Eb: 2.044
RMSE Rch: 0.012
MAPE Eb: 1.934
MAPE Rch: 0.324
--------------------------------------------------
**************************************************
Z=8, N=15, emax=6
RMSE Eb: 1.235
RMSE Rch: 0.007
MAPE Eb: 0.886
MAPE Rch: 0.173
--------------------------------------------------
**************************************************
Z=8, N=15, emax=10
RMSE Eb: 1.091
RMSE Rch: 0.015
MAPE Eb: 0.549
MAPE Rch: 0.419
--------------------------------------------------
**************************************************
Z=8, N=16, emax=8
RMSE Eb: 1.404
RMSE Rch: 0.010
MAPE Eb: 0.784
MAPE Rch: 0.293
--------------------------------------------------
**************************************************
Z=8, N=16, emax=6
RMSE Eb: 1.571
RMSE Rch: 0.013
MAPE Eb: 1.004
MAPE Rch: 0.303
--------------------------------------------------
**************************************************
Z=8, N=16, emax=10
RMSE Eb: 1.517
RMSE Rch: 0.012
MAPE Eb: 0.878
MAPE Rch: 0.342
--------------------------------------------------
**************************************************
Z=8, N=16, emax=4
RMSE Eb: 2.281
RMSE Rch: 0.013
MAPE Eb: 2.284
MAPE Rch: 0.335
--------------------------------------------------
Finished VAL for AE n=44
**************************************************
Z=8, N=4, emax=6
RMSE Eb: 0.824
RMSE Rch: 0.015
MAPE Eb: 1.582
MAPE Rch: 0.719
--------------------------------------------------
**************************************************
Z=8, N=4, emax=8
RMSE Eb: 1.381
RMSE Rch: 0.029
MAPE Eb: 2.342
MAPE Rch: 1.381
--------------------------------------------------
**************************************************
Z=8, N=4, emax=4
RMSE Eb: 1.014
RMSE Rch: 0.013
MAPE Eb: 2.736
MAPE Rch: 0.580
--------------------------------------------------
**************************************************
Z=8, N=4, emax=10
RMSE Eb: 1.253
RMSE Rch: 0.040
MAPE Eb: 1.860
MAPE Rch: 1.820
--------------------------------------------------
**************************************************
Z=8, N=5, emax=4
RMSE Eb: 1.253
RMSE Rch: 0.013
MAPE Eb: 2.524
MAPE Rch: 0.595
--------------------------------------------------
**************************************************
Z=8, N=5, emax=8
RMSE Eb: 1.169
RMSE Rch: 0.024
MAPE Eb: 1.457
MAPE Rch: 1.066
--------------------------------------------------
**************************************************
Z=8, N=5, emax=6
RMSE Eb: 0.908
RMSE Rch: 0.012
MAPE Eb: 1.288
MAPE Rch: 0.570
--------------------------------------------------
**************************************************
Z=8, N=5, emax=10
RMSE Eb: 2.033
RMSE Rch: 0.016
MAPE Eb: 2.413
MAPE Rch: 0.807
--------------------------------------------------
**************************************************
Z=8, N=6, emax=4
RMSE Eb: 1.112
RMSE Rch: 0.015
MAPE Eb: 1.653
MAPE Rch: 0.704
--------------------------------------------------
**************************************************
Z=8, N=6, emax=8
RMSE Eb: 1.547
RMSE Rch: 0.023
MAPE Eb: 1.400
MAPE Rch: 0.931
--------------------------------------------------
**************************************************
Z=8, N=6, emax=6
RMSE Eb: 1.117
RMSE Rch: 0.015
MAPE Eb: 1.273
MAPE Rch: 0.683
--------------------------------------------------
**************************************************
Z=8, N=6, emax=10
RMSE Eb: 1.372
RMSE Rch: 0.021
MAPE Eb: 1.329
MAPE Rch: 1.158
--------------------------------------------------
**************************************************
Z=8, N=7, emax=4
RMSE Eb: 1.223
RMSE Rch: 0.012
MAPE Eb: 1.448
MAPE Rch: 0.578
--------------------------------------------------
**************************************************
Z=8, N=7, emax=8
RMSE Eb: 1.341
RMSE Rch: 0.010
MAPE Eb: 1.019
MAPE Rch: 0.507
--------------------------------------------------
**************************************************
Z=8, N=7, emax=6
RMSE Eb: 1.129
RMSE Rch: 0.011
MAPE Eb: 1.047
MAPE Rch: 0.501
--------------------------------------------------
**************************************************
Z=8, N=7, emax=10
RMSE Eb: 1.419
RMSE Rch: 0.015
MAPE Eb: 1.095
MAPE Rch: 0.943
--------------------------------------------------
**************************************************
Z=8, N=8, emax=4
RMSE Eb: 1.592
RMSE Rch: 0.016
MAPE Eb: 1.636
MAPE Rch: 0.459
--------------------------------------------------
**************************************************
Z=8, N=8, emax=6
RMSE Eb: 1.196
RMSE Rch: 0.013
MAPE Eb: 0.968
MAPE Rch: 0.376
--------------------------------------------------
**************************************************
Z=8, N=8, emax=8
RMSE Eb: 1.486
RMSE Rch: 0.014
MAPE Eb: 1.183
MAPE Rch: 0.390
--------------------------------------------------
**************************************************
Z=8, N=8, emax=10
RMSE Eb: 1.750
RMSE Rch: 0.012
MAPE Eb: 1.295
MAPE Rch: 0.368
--------------------------------------------------
**************************************************
Z=8, N=9, emax=4
RMSE Eb: 1.199
RMSE Rch: 0.010
MAPE Eb: 1.234
MAPE Rch: 0.289
--------------------------------------------------
**************************************************
Z=8, N=9, emax=8
RMSE Eb: 1.402
RMSE Rch: 0.012
MAPE Eb: 0.996
MAPE Rch: 0.321
--------------------------------------------------
**************************************************
Z=8, N=9, emax=6
RMSE Eb: 1.000
RMSE Rch: 0.010
MAPE Eb: 0.848
MAPE Rch: 0.281
--------------------------------------------------
**************************************************
Z=8, N=9, emax=10
RMSE Eb: 1.003
RMSE Rch: 0.008
MAPE Eb: 0.711
MAPE Rch: 0.202
--------------------------------------------------
**************************************************
Z=8, N=10, emax=4
RMSE Eb: 1.290
RMSE Rch: 0.012
MAPE Eb: 1.252
MAPE Rch: 0.309
--------------------------------------------------
**************************************************
Z=8, N=10, emax=6
RMSE Eb: 0.723
RMSE Rch: 0.008
MAPE Eb: 0.552
MAPE Rch: 0.234
--------------------------------------------------
**************************************************
Z=8, N=10, emax=8
RMSE Eb: 1.278
RMSE Rch: 0.010
MAPE Eb: 0.865
MAPE Rch: 0.305
--------------------------------------------------
**************************************************
Z=8, N=10, emax=10
RMSE Eb: 1.203
RMSE Rch: 0.014
MAPE Eb: 0.885
MAPE Rch: 0.340
--------------------------------------------------
**************************************************
Z=8, N=11, emax=8
RMSE Eb: 1.384
RMSE Rch: 0.010
MAPE Eb: 0.941
MAPE Rch: 0.263
--------------------------------------------------
**************************************************
Z=8, N=11, emax=4
RMSE Eb: 1.544
RMSE Rch: 0.011
MAPE Eb: 1.659
MAPE Rch: 0.296
--------------------------------------------------
**************************************************
Z=8, N=11, emax=6
RMSE Eb: 0.874
RMSE Rch: 0.010
MAPE Eb: 0.670
MAPE Rch: 0.270
--------------------------------------------------
**************************************************
Z=8, N=11, emax=10
RMSE Eb: 1.512
RMSE Rch: 0.010
MAPE Eb: 0.941
MAPE Rch: 0.307
--------------------------------------------------
**************************************************
Z=8, N=12, emax=6
RMSE Eb: 0.975
RMSE Rch: 0.007
MAPE Eb: 0.715
MAPE Rch: 0.196
--------------------------------------------------
**************************************************
Z=8, N=12, emax=8
RMSE Eb: 1.099
RMSE Rch: 0.010
MAPE Eb: 0.735
MAPE Rch: 0.261
--------------------------------------------------
**************************************************
Z=8, N=12, emax=4
RMSE Eb: 1.534
RMSE Rch: 0.010
MAPE Eb: 1.516
MAPE Rch: 0.251
--------------------------------------------------
**************************************************
Z=8, N=12, emax=10
RMSE Eb: 1.785
RMSE Rch: 0.011
MAPE Eb: 0.988
MAPE Rch: 0.350
--------------------------------------------------
**************************************************
Z=8, N=13, emax=8
RMSE Eb: 1.292
RMSE Rch: 0.009
MAPE Eb: 0.864
MAPE Rch: 0.280
--------------------------------------------------
**************************************************
Z=8, N=13, emax=4
RMSE Eb: 1.775
RMSE Rch: 0.009
MAPE Eb: 1.901
MAPE Rch: 0.215
--------------------------------------------------
**************************************************
Z=8, N=13, emax=6
RMSE Eb: 0.922
RMSE Rch: 0.009
MAPE Eb: 0.631
MAPE Rch: 0.269
--------------------------------------------------
**************************************************
Z=8, N=13, emax=10
RMSE Eb: 1.414
RMSE Rch: 0.009
MAPE Eb: 0.985
MAPE Rch: 0.256
--------------------------------------------------
**************************************************
Z=8, N=14, emax=6
RMSE Eb: 1.329
RMSE Rch: 0.008
MAPE Eb: 0.935
MAPE Rch: 0.236
--------------------------------------------------
**************************************************
Z=8, N=14, emax=10
RMSE Eb: 1.094
RMSE Rch: 0.010
MAPE Eb: 0.582
MAPE Rch: 0.290
--------------------------------------------------
**************************************************
Z=8, N=14, emax=4
RMSE Eb: 1.737
RMSE Rch: 0.012
MAPE Eb: 1.828
MAPE Rch: 0.306
--------------------------------------------------
**************************************************
Z=8, N=14, emax=8
RMSE Eb: 1.422
RMSE Rch: 0.011
MAPE Eb: 0.909
MAPE Rch: 0.269
--------------------------------------------------
**************************************************
Z=8, N=15, emax=8
RMSE Eb: 1.138
RMSE Rch: 0.008
MAPE Eb: 0.712
MAPE Rch: 0.219
--------------------------------------------------
**************************************************
Z=8, N=15, emax=6
RMSE Eb: 1.382
RMSE Rch: 0.009
MAPE Eb: 0.926
MAPE Rch: 0.227
--------------------------------------------------
**************************************************
Z=8, N=15, emax=4
RMSE Eb: 1.902
RMSE Rch: 0.011
MAPE Eb: 2.011
MAPE Rch: 0.294
--------------------------------------------------
**************************************************
Z=8, N=15, emax=10
RMSE Eb: 1.543
RMSE Rch: 0.015
MAPE Eb: 0.757
MAPE Rch: 0.476
--------------------------------------------------
**************************************************
Z=8, N=16, emax=4
RMSE Eb: 2.397
RMSE Rch: 0.014
MAPE Eb: 2.241
MAPE Rch: 0.371
--------------------------------------------------
**************************************************
Z=8, N=16, emax=8
RMSE Eb: 1.393
RMSE Rch: 0.011
MAPE Eb: 0.868
MAPE Rch: 0.304
--------------------------------------------------
**************************************************
Z=8, N=16, emax=6
RMSE Eb: 1.257
RMSE Rch: 0.009
MAPE Eb: 0.890
MAPE Rch: 0.238
--------------------------------------------------
**************************************************
Z=8, N=16, emax=10
RMSE Eb: 1.516
RMSE Rch: 0.012
MAPE Eb: 0.900
MAPE Rch: 0.383
--------------------------------------------------
