Activated conda environment
[DataLoader] Found 13 files matching the pattern.
[DataLoader] Combined data shape: (17234, 35)
[Preprocess] Data split => train: (11029, 35), val: (2758, 35), test: (3447, 35)
[Preprocess] Processed fidelity 4 (index 0): 3758 samples.
[Preprocess] Processed fidelity 6 (index 1): 3346 samples.
[Preprocess] Processed fidelity 8 (index 2): 3194 samples.
[Preprocess] Processed fidelity 10 (index 3): 731 samples.
[Preprocess] Processed fidelity 4 (index 0): 949 samples.
[Preprocess] Processed fidelity 6 (index 1): 833 samples.
[Preprocess] Processed fidelity 8 (index 2): 801 samples.
[Preprocess] Processed fidelity 10 (index 3): 175 samples.
Fidelity levels: [4, 6, 8, 10]
[Trainer] Starting BNN training...
[Trainer] No improvement. Iteration 8500. Early stopping counter: 1, LR counter: 1
[Trainer] No improvement. Iteration 8800. Early stopping counter: 1, LR counter: 1
[Trainer] No improvement. Iteration 8900. Early stopping counter: 2, LR counter: 2
[Trainer] No improvement. Iteration 9000. Early stopping counter: 3, LR counter: 3
[Trainer] No improvement. Iteration 9100. Early stopping counter: 4, LR counter: 4
[Trainer] No improvement. Iteration 9200. Early stopping counter: 5, LR counter: 5
[Trainer] No improvement. Iteration 9300. Early stopping counter: 6, LR counter: 6
[Trainer] No improvement. Iteration 9400. Early stopping counter: 7, LR counter: 7
[Trainer] No improvement. Iteration 9500. Early stopping counter: 8, LR counter: 8
[Trainer] No improvement. Iteration 9600. Early stopping counter: 9, LR counter: 9
[Trainer] No improvement. Iteration 9700. Early stopping counter: 10, LR counter: 10
[Trainer] No improvement. Iteration 9800. Early stopping counter: 11, LR counter: 11
[Trainer] No improvement. Iteration 9900. Early stopping counter: 12, LR counter: 12
[Trainer] No improvement. Iteration 10000. Early stopping counter: 13, LR counter: 13
[Trainer] No improvement. Iteration 10100. Early stopping counter: 14, LR counter: 14
[Trainer] No improvement. Iteration 10200. Early stopping counter: 15, LR counter: 15
[Trainer] No improvement. Iteration 10300. Early stopping counter: 16, LR counter: 16
[Trainer] No improvement. Iteration 10400. Early stopping counter: 17, LR counter: 17
[Trainer] No improvement. Iteration 10500. Early stopping counter: 18, LR counter: 18
[Trainer] No improvement. Iteration 10600. Early stopping counter: 19, LR counter: 19
[Trainer] No improvement. Iteration 10700. Early stopping counter: 20, LR counter: 20
[Trainer] No improvement. Iteration 10800. Early stopping counter: 21, LR counter: 21
[Trainer] No improvement. Iteration 10900. Early stopping counter: 22, LR counter: 22
[Trainer] No improvement. Iteration 11000. Early stopping counter: 23, LR counter: 23
[Trainer] No improvement. Iteration 11100. Early stopping counter: 24, LR counter: 24
[Trainer] No improvement. Iteration 11200. Early stopping counter: 25, LR counter: 25
[Trainer] Learning rate reduced to: 0.000010
[Trainer] No improvement. Iteration 11300. Early stopping counter: 26, LR counter: 1
[Trainer] No improvement. Iteration 11400. Early stopping counter: 27, LR counter: 2
[Trainer] No improvement. Iteration 11500. Early stopping counter: 28, LR counter: 3
[Trainer] No improvement. Iteration 11600. Early stopping counter: 29, LR counter: 4
[Trainer] No improvement. Iteration 11700. Early stopping counter: 30, LR counter: 5
[Trainer] No improvement. Iteration 11800. Early stopping counter: 31, LR counter: 6
[Trainer] No improvement. Iteration 11900. Early stopping counter: 32, LR counter: 7
[Trainer] No improvement. Iteration 12000. Early stopping counter: 33, LR counter: 8
[Trainer] No improvement. Iteration 12100. Early stopping counter: 34, LR counter: 9
[Trainer] No improvement. Iteration 12200. Early stopping counter: 35, LR counter: 10
[Trainer] No improvement. Iteration 12300. Early stopping counter: 36, LR counter: 11
[Trainer] No improvement. Iteration 12400. Early stopping counter: 37, LR counter: 12
[Trainer] No improvement. Iteration 12500. Early stopping counter: 38, LR counter: 13
[Trainer] No improvement. Iteration 12600. Early stopping counter: 39, LR counter: 14
[Trainer] No improvement. Iteration 12700. Early stopping counter: 40, LR counter: 15
[Trainer] No improvement. Iteration 12800. Early stopping counter: 41, LR counter: 16
[Trainer] No improvement. Iteration 12900. Early stopping counter: 42, LR counter: 17
[Trainer] No improvement. Iteration 13000. Early stopping counter: 43, LR counter: 18
[Trainer] No improvement. Iteration 13100. Early stopping counter: 44, LR counter: 19
[Trainer] No improvement. Iteration 13200. Early stopping counter: 45, LR counter: 20
[Trainer] No improvement. Iteration 13300. Early stopping counter: 46, LR counter: 21
[Trainer] No improvement. Iteration 13400. Early stopping counter: 47, LR counter: 22
[Trainer] No improvement. Iteration 13500. Early stopping counter: 48, LR counter: 23
[Trainer] No improvement. Iteration 13600. Early stopping counter: 49, LR counter: 24
[Trainer] No improvement. Iteration 13700. Early stopping counter: 50, LR counter: 25
[Trainer] Learning rate reduced to: 0.000001
[Trainer] Early stopping triggered.
[Trainer] Training completed.
[Trainer] Calibrating temperatures on validation set...
[Trainer] Temperature calibration finished. Calibrated temperatures: {4: 1.378548502922058, 6: 1.2417006492614746, 8: 1.2824782133102417, 10: 1.536625623703003}
[Trainer] BNN training completed.
**************************************************
Z=8, N=4, emax=4
RMSE Eb: 0.523
RMSE Rch: 0.010
MAPE Eb: 1.429
MAPE Rch: 0.440
--------------------------------------------------
**************************************************
Z=8, N=4, emax=10
RMSE Eb: 0.834
RMSE Rch: 0.047
MAPE Eb: 1.413
MAPE Rch: 2.071
--------------------------------------------------
**************************************************
Z=8, N=4, emax=6
RMSE Eb: 0.577
RMSE Rch: 0.015
MAPE Eb: 1.119
MAPE Rch: 0.660
--------------------------------------------------
**************************************************
Z=8, N=4, emax=8
RMSE Eb: 0.851
RMSE Rch: 0.020
MAPE Eb: 1.340
MAPE Rch: 0.960
--------------------------------------------------
**************************************************
Z=8, N=5, emax=8
RMSE Eb: 0.809
RMSE Rch: 0.015
MAPE Eb: 0.993
MAPE Rch: 0.668
--------------------------------------------------
**************************************************
Z=8, N=5, emax=6
RMSE Eb: 0.554
RMSE Rch: 0.011
MAPE Eb: 0.795
MAPE Rch: 0.524
--------------------------------------------------
**************************************************
Z=8, N=5, emax=4
RMSE Eb: 0.611
RMSE Rch: 0.008
MAPE Eb: 1.248
MAPE Rch: 0.357
--------------------------------------------------
**************************************************
Z=8, N=5, emax=10
RMSE Eb: 0.747
RMSE Rch: 0.011
MAPE Eb: 0.945
MAPE Rch: 0.540
--------------------------------------------------
**************************************************
Z=8, N=6, emax=4
RMSE Eb: 0.578
RMSE Rch: 0.009
MAPE Eb: 0.844
MAPE Rch: 0.447
--------------------------------------------------
**************************************************
Z=8, N=6, emax=6
RMSE Eb: 0.678
RMSE Rch: 0.009
MAPE Eb: 0.769
MAPE Rch: 0.415
--------------------------------------------------
**************************************************
Z=8, N=6, emax=8
RMSE Eb: 0.824
RMSE Rch: 0.013
MAPE Eb: 0.760
MAPE Rch: 0.618
--------------------------------------------------
**************************************************
Z=8, N=6, emax=10
RMSE Eb: 1.084
RMSE Rch: 0.011
MAPE Eb: 1.128
MAPE Rch: 0.594
--------------------------------------------------
**************************************************
Z=8, N=7, emax=8
RMSE Eb: 1.098
RMSE Rch: 0.011
MAPE Eb: 0.934
MAPE Rch: 0.569
--------------------------------------------------
**************************************************
Z=8, N=7, emax=10
RMSE Eb: 0.817
RMSE Rch: 0.015
MAPE Eb: 0.589
MAPE Rch: 0.787
--------------------------------------------------
**************************************************
Z=8, N=7, emax=6
RMSE Eb: 0.769
RMSE Rch: 0.010
MAPE Eb: 0.679
MAPE Rch: 0.478
--------------------------------------------------
**************************************************
Z=8, N=7, emax=4
RMSE Eb: 0.618
RMSE Rch: 0.010
MAPE Eb: 0.708
MAPE Rch: 0.413
--------------------------------------------------
**************************************************
Z=8, N=8, emax=4
RMSE Eb: 0.819
RMSE Rch: 0.017
MAPE Eb: 0.856
MAPE Rch: 0.550
--------------------------------------------------
**************************************************
Z=8, N=8, emax=8
RMSE Eb: 0.911
RMSE Rch: 0.011
MAPE Eb: 0.686
MAPE Rch: 0.339
--------------------------------------------------
**************************************************
Z=8, N=8, emax=6
RMSE Eb: 0.679
RMSE Rch: 0.012
MAPE Eb: 0.594
MAPE Rch: 0.381
--------------------------------------------------
**************************************************
Z=8, N=8, emax=10
RMSE Eb: 1.208
RMSE Rch: 0.011
MAPE Eb: 0.821
MAPE Rch: 0.326
--------------------------------------------------
**************************************************
Z=8, N=9, emax=8
RMSE Eb: 0.790
RMSE Rch: 0.007
MAPE Eb: 0.524
MAPE Rch: 0.186
--------------------------------------------------
**************************************************
Z=8, N=9, emax=6
RMSE Eb: 0.594
RMSE Rch: 0.007
MAPE Eb: 0.514
MAPE Rch: 0.189
--------------------------------------------------
**************************************************
Z=8, N=9, emax=4
RMSE Eb: 0.780
RMSE Rch: 0.013
MAPE Eb: 0.732
MAPE Rch: 0.382
--------------------------------------------------
**************************************************
Z=8, N=9, emax=10
RMSE Eb: 0.777
RMSE Rch: 0.006
MAPE Eb: 0.567
MAPE Rch: 0.218
--------------------------------------------------
**************************************************
Z=8, N=10, emax=4
RMSE Eb: 0.578
RMSE Rch: 0.008
MAPE Eb: 0.633
MAPE Rch: 0.222
--------------------------------------------------
**************************************************
Z=8, N=10, emax=10
RMSE Eb: 0.813
RMSE Rch: 0.006
MAPE Eb: 0.531
MAPE Rch: 0.166
--------------------------------------------------
**************************************************
Z=8, N=10, emax=6
RMSE Eb: 0.637
RMSE Rch: 0.005
MAPE Eb: 0.505
MAPE Rch: 0.151
--------------------------------------------------
**************************************************
Z=8, N=10, emax=8
RMSE Eb: 1.143
RMSE Rch: 0.008
MAPE Eb: 0.815
MAPE Rch: 0.222
--------------------------------------------------
**************************************************
Z=8, N=11, emax=4
RMSE Eb: 0.700
RMSE Rch: 0.008
MAPE Eb: 0.777
MAPE Rch: 0.225
--------------------------------------------------
**************************************************
Z=8, N=11, emax=6
RMSE Eb: 0.778
RMSE Rch: 0.008
MAPE Eb: 0.580
MAPE Rch: 0.235
--------------------------------------------------
**************************************************
Z=8, N=11, emax=8
RMSE Eb: 0.945
RMSE Rch: 0.006
MAPE Eb: 0.594
MAPE Rch: 0.185
--------------------------------------------------
**************************************************
Z=8, N=11, emax=10
RMSE Eb: 0.954
RMSE Rch: 0.010
MAPE Eb: 0.686
MAPE Rch: 0.296
--------------------------------------------------
**************************************************
Z=8, N=12, emax=6
RMSE Eb: 0.737
RMSE Rch: 0.006
MAPE Eb: 0.550
MAPE Rch: 0.149
--------------------------------------------------
**************************************************
Z=8, N=12, emax=4
RMSE Eb: 0.669
RMSE Rch: 0.009
MAPE Eb: 0.632
MAPE Rch: 0.266
--------------------------------------------------
**************************************************
Z=8, N=12, emax=8
RMSE Eb: 1.080
RMSE Rch: 0.006
MAPE Eb: 0.755
MAPE Rch: 0.167
--------------------------------------------------
**************************************************
Z=8, N=12, emax=10
RMSE Eb: 0.955
RMSE Rch: 0.005
MAPE Eb: 0.723
MAPE Rch: 0.127
--------------------------------------------------
**************************************************
Z=8, N=13, emax=8
RMSE Eb: 0.997
RMSE Rch: 0.008
MAPE Eb: 0.621
MAPE Rch: 0.219
--------------------------------------------------
**************************************************
Z=8, N=13, emax=4
RMSE Eb: 0.851
RMSE Rch: 0.008
MAPE Eb: 0.850
MAPE Rch: 0.209
--------------------------------------------------
**************************************************
Z=8, N=13, emax=10
RMSE Eb: 0.863
RMSE Rch: 0.007
MAPE Eb: 0.502
MAPE Rch: 0.216
--------------------------------------------------
**************************************************
Z=8, N=13, emax=6
RMSE Eb: 0.851
RMSE Rch: 0.009
MAPE Eb: 0.594
MAPE Rch: 0.271
--------------------------------------------------
**************************************************
Z=8, N=14, emax=8
RMSE Eb: 1.574
RMSE Rch: 0.012
MAPE Eb: 0.903
MAPE Rch: 0.301
--------------------------------------------------
**************************************************
Z=8, N=14, emax=4
RMSE Eb: 0.904
RMSE Rch: 0.010
MAPE Eb: 0.851
MAPE Rch: 0.261
--------------------------------------------------
**************************************************
Z=8, N=14, emax=6
RMSE Eb: 0.698
RMSE Rch: 0.006
MAPE Eb: 0.468
MAPE Rch: 0.183
--------------------------------------------------
**************************************************
Z=8, N=14, emax=10
RMSE Eb: 1.007
RMSE Rch: 0.010
MAPE Eb: 0.683
MAPE Rch: 0.285
--------------------------------------------------
**************************************************
Z=8, N=15, emax=8
RMSE Eb: 1.149
RMSE Rch: 0.006
MAPE Eb: 0.658
MAPE Rch: 0.170
--------------------------------------------------
**************************************************
Z=8, N=15, emax=4
RMSE Eb: 0.975
RMSE Rch: 0.010
MAPE Eb: 0.761
MAPE Rch: 0.287
--------------------------------------------------
**************************************************
Z=8, N=15, emax=6
RMSE Eb: 0.628
RMSE Rch: 0.007
MAPE Eb: 0.468
MAPE Rch: 0.188
--------------------------------------------------
**************************************************
Z=8, N=15, emax=10
RMSE Eb: 1.415
RMSE Rch: 0.007
MAPE Eb: 0.800
MAPE Rch: 0.240
--------------------------------------------------
**************************************************
Z=8, N=16, emax=8
RMSE Eb: 1.269
RMSE Rch: 0.009
MAPE Eb: 0.738
MAPE Rch: 0.242
--------------------------------------------------
**************************************************
Z=8, N=16, emax=6
RMSE Eb: 0.858
RMSE Rch: 0.009
MAPE Eb: 0.605
MAPE Rch: 0.244
--------------------------------------------------
**************************************************
Z=8, N=16, emax=10
RMSE Eb: 1.029
RMSE Rch: 0.006
MAPE Eb: 0.583
MAPE Rch: 0.178
--------------------------------------------------
**************************************************
Z=8, N=16, emax=4
RMSE Eb: 1.053
RMSE Rch: 0.012
MAPE Eb: 1.151
MAPE Rch: 0.341
--------------------------------------------------
Finished VAL for AE n=147
**************************************************
Z=8, N=4, emax=6
RMSE Eb: 0.577
RMSE Rch: 0.012
MAPE Eb: 1.063
MAPE Rch: 0.557
--------------------------------------------------
**************************************************
Z=8, N=4, emax=8
RMSE Eb: 0.823
RMSE Rch: 0.019
MAPE Eb: 1.392
MAPE Rch: 0.898
--------------------------------------------------
**************************************************
Z=8, N=4, emax=4
RMSE Eb: 0.690
RMSE Rch: 0.011
MAPE Eb: 1.765
MAPE Rch: 0.535
--------------------------------------------------
**************************************************
Z=8, N=4, emax=10
RMSE Eb: 0.799
RMSE Rch: 0.025
MAPE Eb: 1.145
MAPE Rch: 1.378
--------------------------------------------------
**************************************************
Z=8, N=5, emax=4
RMSE Eb: 0.669
RMSE Rch: 0.009
MAPE Eb: 1.297
MAPE Rch: 0.409
--------------------------------------------------
**************************************************
Z=8, N=5, emax=8
RMSE Eb: 0.757
RMSE Rch: 0.019
MAPE Eb: 0.928
MAPE Rch: 0.817
--------------------------------------------------
**************************************************
Z=8, N=5, emax=6
RMSE Eb: 0.652
RMSE Rch: 0.011
MAPE Eb: 0.899
MAPE Rch: 0.538
--------------------------------------------------
**************************************************
Z=8, N=5, emax=10
RMSE Eb: 0.806
RMSE Rch: 0.007
MAPE Eb: 1.038
MAPE Rch: 0.360
--------------------------------------------------
**************************************************
Z=8, N=6, emax=4
RMSE Eb: 0.589
RMSE Rch: 0.009
MAPE Eb: 0.835
MAPE Rch: 0.435
--------------------------------------------------
**************************************************
Z=8, N=6, emax=8
RMSE Eb: 1.034
RMSE Rch: 0.021
MAPE Eb: 1.044
MAPE Rch: 0.762
--------------------------------------------------
**************************************************
Z=8, N=6, emax=6
RMSE Eb: 0.700
RMSE Rch: 0.012
MAPE Eb: 0.750
MAPE Rch: 0.528
--------------------------------------------------
**************************************************
Z=8, N=6, emax=10
RMSE Eb: 0.760
RMSE Rch: 0.015
MAPE Eb: 0.632
MAPE Rch: 0.728
--------------------------------------------------
**************************************************
Z=8, N=7, emax=4
RMSE Eb: 0.573
RMSE Rch: 0.008
MAPE Eb: 0.684
MAPE Rch: 0.386
--------------------------------------------------
**************************************************
Z=8, N=7, emax=8
RMSE Eb: 1.231
RMSE Rch: 0.012
MAPE Eb: 0.984
MAPE Rch: 0.632
--------------------------------------------------
**************************************************
Z=8, N=7, emax=6
RMSE Eb: 0.843
RMSE Rch: 0.011
MAPE Eb: 0.678
MAPE Rch: 0.561
--------------------------------------------------
**************************************************
Z=8, N=7, emax=10
RMSE Eb: 0.683
RMSE Rch: 0.015
MAPE Eb: 0.567
MAPE Rch: 0.754
--------------------------------------------------
**************************************************
Z=8, N=8, emax=4
RMSE Eb: 0.883
RMSE Rch: 0.016
MAPE Eb: 0.843
MAPE Rch: 0.488
--------------------------------------------------
**************************************************
Z=8, N=8, emax=6
RMSE Eb: 0.653
RMSE Rch: 0.011
MAPE Eb: 0.530
MAPE Rch: 0.353
--------------------------------------------------
**************************************************
Z=8, N=8, emax=8
RMSE Eb: 0.826
RMSE Rch: 0.014
MAPE Eb: 0.625
MAPE Rch: 0.426
--------------------------------------------------
**************************************************
Z=8, N=8, emax=10
RMSE Eb: 0.730
RMSE Rch: 0.014
MAPE Eb: 0.530
MAPE Rch: 0.458
--------------------------------------------------
**************************************************
Z=8, N=9, emax=4
RMSE Eb: 0.706
RMSE Rch: 0.011
MAPE Eb: 0.773
MAPE Rch: 0.315
--------------------------------------------------
**************************************************
Z=8, N=9, emax=8
RMSE Eb: 0.957
RMSE Rch: 0.008
MAPE Eb: 0.723
MAPE Rch: 0.222
--------------------------------------------------
**************************************************
Z=8, N=9, emax=6
RMSE Eb: 0.572
RMSE Rch: 0.007
MAPE Eb: 0.486
MAPE Rch: 0.210
--------------------------------------------------
**************************************************
Z=8, N=9, emax=10
RMSE Eb: 0.832
RMSE Rch: 0.008
MAPE Eb: 0.567
MAPE Rch: 0.237
--------------------------------------------------
**************************************************
Z=8, N=10, emax=4
RMSE Eb: 0.623
RMSE Rch: 0.009
MAPE Eb: 0.654
MAPE Rch: 0.243
--------------------------------------------------
**************************************************
Z=8, N=10, emax=6
RMSE Eb: 0.642
RMSE Rch: 0.005
MAPE Eb: 0.494
MAPE Rch: 0.145
--------------------------------------------------
**************************************************
Z=8, N=10, emax=8
RMSE Eb: 1.200
RMSE Rch: 0.007
MAPE Eb: 0.924
MAPE Rch: 0.202
--------------------------------------------------
**************************************************
Z=8, N=10, emax=10
RMSE Eb: 1.171
RMSE Rch: 0.008
MAPE Eb: 0.753
MAPE Rch: 0.242
--------------------------------------------------
**************************************************
Z=8, N=11, emax=8
RMSE Eb: 0.872
RMSE Rch: 0.007
MAPE Eb: 0.572
MAPE Rch: 0.186
--------------------------------------------------
**************************************************
Z=8, N=11, emax=4
RMSE Eb: 0.777
RMSE Rch: 0.008
MAPE Eb: 0.870
MAPE Rch: 0.220
--------------------------------------------------
**************************************************
Z=8, N=11, emax=6
RMSE Eb: 0.722
RMSE Rch: 0.008
MAPE Eb: 0.578
MAPE Rch: 0.224
--------------------------------------------------
**************************************************
Z=8, N=11, emax=10
RMSE Eb: 0.812
RMSE Rch: 0.008
MAPE Eb: 0.534
MAPE Rch: 0.253
--------------------------------------------------
**************************************************
Z=8, N=12, emax=6
RMSE Eb: 0.610
RMSE Rch: 0.006
MAPE Eb: 0.459
MAPE Rch: 0.172
--------------------------------------------------
**************************************************
Z=8, N=12, emax=8
RMSE Eb: 0.992
RMSE Rch: 0.006
MAPE Eb: 0.647
MAPE Rch: 0.141
--------------------------------------------------
**************************************************
Z=8, N=12, emax=4
RMSE Eb: 0.722
RMSE Rch: 0.007
MAPE Eb: 0.717
MAPE Rch: 0.220
--------------------------------------------------
**************************************************
Z=8, N=12, emax=10
RMSE Eb: 1.016
RMSE Rch: 0.008
MAPE Eb: 0.663
MAPE Rch: 0.258
--------------------------------------------------
**************************************************
Z=8, N=13, emax=8
RMSE Eb: 0.964
RMSE Rch: 0.007
MAPE Eb: 0.629
MAPE Rch: 0.190
--------------------------------------------------
**************************************************
Z=8, N=13, emax=4
RMSE Eb: 0.628
RMSE Rch: 0.008
MAPE Eb: 0.627
MAPE Rch: 0.213
--------------------------------------------------
**************************************************
Z=8, N=13, emax=6
RMSE Eb: 0.701
RMSE Rch: 0.007
MAPE Eb: 0.500
MAPE Rch: 0.215
--------------------------------------------------
**************************************************
Z=8, N=13, emax=10
RMSE Eb: 1.186
RMSE Rch: 0.007
MAPE Eb: 0.710
MAPE Rch: 0.206
--------------------------------------------------
**************************************************
Z=8, N=14, emax=6
RMSE Eb: 0.881
RMSE Rch: 0.007
MAPE Eb: 0.612
MAPE Rch: 0.202
--------------------------------------------------
**************************************************
Z=8, N=14, emax=10
RMSE Eb: 1.289
RMSE Rch: 0.013
MAPE Eb: 0.804
MAPE Rch: 0.333
--------------------------------------------------
**************************************************
Z=8, N=14, emax=4
RMSE Eb: 0.766
RMSE Rch: 0.009
MAPE Eb: 0.794
MAPE Rch: 0.250
--------------------------------------------------
**************************************************
Z=8, N=14, emax=8
RMSE Eb: 1.239
RMSE Rch: 0.009
MAPE Eb: 0.750
MAPE Rch: 0.216
--------------------------------------------------
**************************************************
Z=8, N=15, emax=8
RMSE Eb: 1.171
RMSE Rch: 0.008
MAPE Eb: 0.766
MAPE Rch: 0.198
--------------------------------------------------
**************************************************
Z=8, N=15, emax=6
RMSE Eb: 0.623
RMSE Rch: 0.007
MAPE Eb: 0.436
MAPE Rch: 0.199
--------------------------------------------------
**************************************************
Z=8, N=15, emax=4
RMSE Eb: 0.800
RMSE Rch: 0.009
MAPE Eb: 0.803
MAPE Rch: 0.256
--------------------------------------------------
**************************************************
Z=8, N=15, emax=10
RMSE Eb: 1.541
RMSE Rch: 0.009
MAPE Eb: 0.798
MAPE Rch: 0.264
--------------------------------------------------
**************************************************
Z=8, N=16, emax=4
RMSE Eb: 1.049
RMSE Rch: 0.012
MAPE Eb: 1.073
MAPE Rch: 0.313
--------------------------------------------------
**************************************************
Z=8, N=16, emax=8
RMSE Eb: 1.274
RMSE Rch: 0.008
MAPE Eb: 0.757
MAPE Rch: 0.239
--------------------------------------------------
**************************************************
Z=8, N=16, emax=6
RMSE Eb: 0.951
RMSE Rch: 0.009
MAPE Eb: 0.698
MAPE Rch: 0.226
--------------------------------------------------
**************************************************
Z=8, N=16, emax=10
RMSE Eb: 1.416
RMSE Rch: 0.013
MAPE Eb: 0.801
MAPE Rch: 0.313
--------------------------------------------------
