Activated conda environment
[DataLoader] Found 13 files matching the pattern.
[DataLoader] Combined data shape: (17234, 35)
[Preprocess] Data split => train: (11029, 35), val: (2758, 35), test: (3447, 35)
[Preprocess] Processed fidelity 4 (index 0): 3758 samples.
[Preprocess] Processed fidelity 6 (index 1): 3346 samples.
[Preprocess] Processed fidelity 8 (index 2): 3194 samples.
[Preprocess] Processed fidelity 10 (index 3): 731 samples.
[Preprocess] Processed fidelity 4 (index 0): 949 samples.
[Preprocess] Processed fidelity 6 (index 1): 833 samples.
[Preprocess] Processed fidelity 8 (index 2): 801 samples.
[Preprocess] Processed fidelity 10 (index 3): 175 samples.
Fidelity levels: [4, 6, 8, 10]
[Trainer] Starting BNN training...
[Trainer] No improvement. Iteration 8000. Early stopping counter: 1, LR counter: 1
[Trainer] No improvement. Iteration 8100. Early stopping counter: 2, LR counter: 2
[Trainer] No improvement. Iteration 8600. Early stopping counter: 1, LR counter: 1
[Trainer] No improvement. Iteration 8700. Early stopping counter: 2, LR counter: 2
[Trainer] No improvement. Iteration 8900. Early stopping counter: 1, LR counter: 1
[Trainer] No improvement. Iteration 9300. Early stopping counter: 1, LR counter: 1
[Trainer] No improvement. Iteration 9400. Early stopping counter: 2, LR counter: 2
[Trainer] No improvement. Iteration 9500. Early stopping counter: 3, LR counter: 3
[Trainer] No improvement. Iteration 9800. Early stopping counter: 1, LR counter: 1
[Trainer] No improvement. Iteration 9900. Early stopping counter: 2, LR counter: 2
[Trainer] No improvement. Iteration 10400. Early stopping counter: 1, LR counter: 1
[Trainer] No improvement. Iteration 10500. Early stopping counter: 2, LR counter: 2
[Trainer] No improvement. Iteration 10600. Early stopping counter: 3, LR counter: 3
[Trainer] No improvement. Iteration 10700. Early stopping counter: 4, LR counter: 4
[Trainer] No improvement. Iteration 10800. Early stopping counter: 5, LR counter: 5
[Trainer] No improvement. Iteration 10900. Early stopping counter: 6, LR counter: 6
[Trainer] No improvement. Iteration 11000. Early stopping counter: 7, LR counter: 7
[Trainer] No improvement. Iteration 11100. Early stopping counter: 8, LR counter: 8
[Trainer] No improvement. Iteration 11200. Early stopping counter: 9, LR counter: 9
[Trainer] No improvement. Iteration 11300. Early stopping counter: 10, LR counter: 10
[Trainer] No improvement. Iteration 11400. Early stopping counter: 11, LR counter: 11
[Trainer] No improvement. Iteration 11500. Early stopping counter: 12, LR counter: 12
[Trainer] No improvement. Iteration 11600. Early stopping counter: 13, LR counter: 13
[Trainer] No improvement. Iteration 11700. Early stopping counter: 14, LR counter: 14
[Trainer] No improvement. Iteration 11800. Early stopping counter: 15, LR counter: 15
[Trainer] No improvement. Iteration 11900. Early stopping counter: 16, LR counter: 16
[Trainer] No improvement. Iteration 12000. Early stopping counter: 17, LR counter: 17
[Trainer] No improvement. Iteration 12100. Early stopping counter: 18, LR counter: 18
[Trainer] No improvement. Iteration 12200. Early stopping counter: 19, LR counter: 19
[Trainer] No improvement. Iteration 12300. Early stopping counter: 20, LR counter: 20
[Trainer] No improvement. Iteration 12400. Early stopping counter: 21, LR counter: 21
[Trainer] No improvement. Iteration 12500. Early stopping counter: 22, LR counter: 22
[Trainer] No improvement. Iteration 12600. Early stopping counter: 23, LR counter: 23
[Trainer] No improvement. Iteration 12700. Early stopping counter: 24, LR counter: 24
[Trainer] No improvement. Iteration 12800. Early stopping counter: 25, LR counter: 25
[Trainer] Learning rate reduced to: 0.000010
[Trainer] No improvement. Iteration 12900. Early stopping counter: 26, LR counter: 1
[Trainer] No improvement. Iteration 13000. Early stopping counter: 27, LR counter: 2
[Trainer] No improvement. Iteration 13100. Early stopping counter: 28, LR counter: 3
[Trainer] No improvement. Iteration 13200. Early stopping counter: 29, LR counter: 4
[Trainer] No improvement. Iteration 13300. Early stopping counter: 30, LR counter: 5
[Trainer] No improvement. Iteration 13400. Early stopping counter: 31, LR counter: 6
[Trainer] No improvement. Iteration 13500. Early stopping counter: 32, LR counter: 7
[Trainer] No improvement. Iteration 13600. Early stopping counter: 33, LR counter: 8
[Trainer] No improvement. Iteration 13700. Early stopping counter: 34, LR counter: 9
[Trainer] No improvement. Iteration 13800. Early stopping counter: 35, LR counter: 10
[Trainer] No improvement. Iteration 13900. Early stopping counter: 36, LR counter: 11
[Trainer] No improvement. Iteration 14000. Early stopping counter: 37, LR counter: 12
[Trainer] No improvement. Iteration 14100. Early stopping counter: 38, LR counter: 13
[Trainer] No improvement. Iteration 14200. Early stopping counter: 39, LR counter: 14
[Trainer] No improvement. Iteration 14300. Early stopping counter: 40, LR counter: 15
[Trainer] No improvement. Iteration 14400. Early stopping counter: 41, LR counter: 16
[Trainer] No improvement. Iteration 14500. Early stopping counter: 42, LR counter: 17
[Trainer] No improvement. Iteration 14600. Early stopping counter: 43, LR counter: 18
[Trainer] No improvement. Iteration 14700. Early stopping counter: 44, LR counter: 19
[Trainer] No improvement. Iteration 14800. Early stopping counter: 45, LR counter: 20
[Trainer] No improvement. Iteration 14900. Early stopping counter: 46, LR counter: 21
[Trainer] No improvement. Iteration 15000. Early stopping counter: 47, LR counter: 22
[Trainer] No improvement. Iteration 15100. Early stopping counter: 48, LR counter: 23
[Trainer] No improvement. Iteration 15200. Early stopping counter: 49, LR counter: 24
[Trainer] No improvement. Iteration 15300. Early stopping counter: 50, LR counter: 25
[Trainer] Learning rate reduced to: 0.000001
[Trainer] Early stopping triggered.
[Trainer] Training completed.
[Trainer] Calibrating temperatures on validation set...
[Trainer] Temperature calibration finished. Calibrated temperatures: {4: 1.0797051191329956, 6: 1.0182015895843506, 8: 1.1079553365707397, 10: 1.2979562282562256}
[Trainer] BNN training completed.
**************************************************
Z=8, N=4, emax=4
RMSE Eb: 1.229
RMSE Rch: 0.011
MAPE Eb: 3.788
MAPE Rch: 0.487
--------------------------------------------------
**************************************************
Z=8, N=4, emax=10
RMSE Eb: 1.784
RMSE Rch: 0.054
MAPE Eb: 2.879
MAPE Rch: 2.421
--------------------------------------------------
**************************************************
Z=8, N=4, emax=6
RMSE Eb: 1.221
RMSE Rch: 0.015
MAPE Eb: 2.393
MAPE Rch: 0.714
--------------------------------------------------
**************************************************
Z=8, N=4, emax=8
RMSE Eb: 1.400
RMSE Rch: 0.025
MAPE Eb: 2.123
MAPE Rch: 1.193
--------------------------------------------------
**************************************************
Z=8, N=5, emax=8
RMSE Eb: 1.755
RMSE Rch: 0.020
MAPE Eb: 2.219
MAPE Rch: 0.955
--------------------------------------------------
**************************************************
Z=8, N=5, emax=6
RMSE Eb: 1.275
RMSE Rch: 0.014
MAPE Eb: 1.870
MAPE Rch: 0.673
--------------------------------------------------
**************************************************
Z=8, N=5, emax=4
RMSE Eb: 1.260
RMSE Rch: 0.012
MAPE Eb: 2.484
MAPE Rch: 0.537
--------------------------------------------------
**************************************************
Z=8, N=5, emax=10
RMSE Eb: 0.868
RMSE Rch: 0.017
MAPE Eb: 0.937
MAPE Rch: 0.958
--------------------------------------------------
**************************************************
Z=8, N=6, emax=4
RMSE Eb: 1.080
RMSE Rch: 0.009
MAPE Eb: 1.564
MAPE Rch: 0.395
--------------------------------------------------
**************************************************
Z=8, N=6, emax=6
RMSE Eb: 1.017
RMSE Rch: 0.010
MAPE Eb: 1.132
MAPE Rch: 0.451
--------------------------------------------------
**************************************************
Z=8, N=6, emax=8
RMSE Eb: 1.576
RMSE Rch: 0.016
MAPE Eb: 1.507
MAPE Rch: 0.806
--------------------------------------------------
**************************************************
Z=8, N=6, emax=10
RMSE Eb: 1.886
RMSE Rch: 0.018
MAPE Eb: 1.843
MAPE Rch: 0.983
--------------------------------------------------
**************************************************
Z=8, N=7, emax=8
RMSE Eb: 1.708
RMSE Rch: 0.015
MAPE Eb: 1.450
MAPE Rch: 0.778
--------------------------------------------------
**************************************************
Z=8, N=7, emax=10
RMSE Eb: 1.504
RMSE Rch: 0.013
MAPE Eb: 1.132
MAPE Rch: 0.741
--------------------------------------------------
**************************************************
Z=8, N=7, emax=6
RMSE Eb: 1.309
RMSE Rch: 0.012
MAPE Eb: 1.269
MAPE Rch: 0.592
--------------------------------------------------
**************************************************
Z=8, N=7, emax=4
RMSE Eb: 1.181
RMSE Rch: 0.011
MAPE Eb: 1.242
MAPE Rch: 0.496
--------------------------------------------------
**************************************************
Z=8, N=8, emax=4
RMSE Eb: 1.542
RMSE Rch: 0.009
MAPE Eb: 1.458
MAPE Rch: 0.263
--------------------------------------------------
**************************************************
Z=8, N=8, emax=8
RMSE Eb: 1.433
RMSE Rch: 0.014
MAPE Eb: 1.168
MAPE Rch: 0.381
--------------------------------------------------
**************************************************
Z=8, N=8, emax=6
RMSE Eb: 1.177
RMSE Rch: 0.009
MAPE Eb: 1.047
MAPE Rch: 0.265
--------------------------------------------------
**************************************************
Z=8, N=8, emax=10
RMSE Eb: 1.782
RMSE Rch: 0.013
MAPE Eb: 1.350
MAPE Rch: 0.397
--------------------------------------------------
**************************************************
Z=8, N=9, emax=8
RMSE Eb: 1.799
RMSE Rch: 0.011
MAPE Eb: 1.318
MAPE Rch: 0.315
--------------------------------------------------
**************************************************
Z=8, N=9, emax=6
RMSE Eb: 1.368
RMSE Rch: 0.009
MAPE Eb: 1.092
MAPE Rch: 0.259
--------------------------------------------------
**************************************************
Z=8, N=9, emax=4
RMSE Eb: 1.276
RMSE Rch: 0.011
MAPE Eb: 1.068
MAPE Rch: 0.324
--------------------------------------------------
**************************************************
Z=8, N=9, emax=10
RMSE Eb: 0.947
RMSE Rch: 0.011
MAPE Eb: 0.609
MAPE Rch: 0.333
--------------------------------------------------
**************************************************
Z=8, N=10, emax=4
RMSE Eb: 1.130
RMSE Rch: 0.009
MAPE Eb: 1.070
MAPE Rch: 0.246
--------------------------------------------------
**************************************************
Z=8, N=10, emax=10
RMSE Eb: 1.049
RMSE Rch: 0.008
MAPE Eb: 0.756
MAPE Rch: 0.258
--------------------------------------------------
**************************************************
Z=8, N=10, emax=6
RMSE Eb: 1.076
RMSE Rch: 0.009
MAPE Eb: 0.867
MAPE Rch: 0.261
--------------------------------------------------
**************************************************
Z=8, N=10, emax=8
RMSE Eb: 1.776
RMSE Rch: 0.009
MAPE Eb: 1.197
MAPE Rch: 0.246
--------------------------------------------------
**************************************************
Z=8, N=11, emax=4
RMSE Eb: 1.102
RMSE Rch: 0.009
MAPE Eb: 1.140
MAPE Rch: 0.253
--------------------------------------------------
**************************************************
Z=8, N=11, emax=6
RMSE Eb: 1.586
RMSE Rch: 0.009
MAPE Eb: 1.151
MAPE Rch: 0.236
--------------------------------------------------
**************************************************
Z=8, N=11, emax=8
RMSE Eb: 1.662
RMSE Rch: 0.007
MAPE Eb: 1.111
MAPE Rch: 0.190
--------------------------------------------------
**************************************************
Z=8, N=11, emax=10
RMSE Eb: 0.961
RMSE Rch: 0.011
MAPE Eb: 0.645
MAPE Rch: 0.271
--------------------------------------------------
**************************************************
Z=8, N=12, emax=6
RMSE Eb: 1.371
RMSE Rch: 0.008
MAPE Eb: 0.969
MAPE Rch: 0.201
--------------------------------------------------
**************************************************
Z=8, N=12, emax=4
RMSE Eb: 1.703
RMSE Rch: 0.008
MAPE Eb: 1.640
MAPE Rch: 0.223
--------------------------------------------------
**************************************************
Z=8, N=12, emax=8
RMSE Eb: 1.592
RMSE Rch: 0.006
MAPE Eb: 1.044
MAPE Rch: 0.166
--------------------------------------------------
**************************************************
Z=8, N=12, emax=10
RMSE Eb: 1.489
RMSE Rch: 0.011
MAPE Eb: 0.998
MAPE Rch: 0.291
--------------------------------------------------
**************************************************
Z=8, N=13, emax=8
RMSE Eb: 1.670
RMSE Rch: 0.007
MAPE Eb: 1.070
MAPE Rch: 0.195
--------------------------------------------------
**************************************************
Z=8, N=13, emax=4
RMSE Eb: 1.173
RMSE Rch: 0.007
MAPE Eb: 1.216
MAPE Rch: 0.188
--------------------------------------------------
**************************************************
Z=8, N=13, emax=10
RMSE Eb: 2.105
RMSE Rch: 0.012
MAPE Eb: 1.336
MAPE Rch: 0.364
--------------------------------------------------
**************************************************
Z=8, N=13, emax=6
RMSE Eb: 1.354
RMSE Rch: 0.008
MAPE Eb: 1.035
MAPE Rch: 0.224
--------------------------------------------------
**************************************************
Z=8, N=14, emax=8
RMSE Eb: 2.218
RMSE Rch: 0.012
MAPE Eb: 1.276
MAPE Rch: 0.328
--------------------------------------------------
**************************************************
Z=8, N=14, emax=4
RMSE Eb: 1.647
RMSE Rch: 0.010
MAPE Eb: 1.564
MAPE Rch: 0.250
--------------------------------------------------
**************************************************
Z=8, N=14, emax=6
RMSE Eb: 1.657
RMSE Rch: 0.009
MAPE Eb: 1.249
MAPE Rch: 0.240
--------------------------------------------------
**************************************************
Z=8, N=14, emax=10
RMSE Eb: 1.581
RMSE Rch: 0.012
MAPE Eb: 1.026
MAPE Rch: 0.352
--------------------------------------------------
**************************************************
Z=8, N=15, emax=8
RMSE Eb: 1.757
RMSE Rch: 0.009
MAPE Eb: 1.002
MAPE Rch: 0.270
--------------------------------------------------
**************************************************
Z=8, N=15, emax=4
RMSE Eb: 2.196
RMSE Rch: 0.008
MAPE Eb: 1.969
MAPE Rch: 0.226
--------------------------------------------------
**************************************************
Z=8, N=15, emax=6
RMSE Eb: 1.988
RMSE Rch: 0.008
MAPE Eb: 1.360
MAPE Rch: 0.211
--------------------------------------------------
**************************************************
Z=8, N=15, emax=10
RMSE Eb: 1.879
RMSE Rch: 0.010
MAPE Eb: 0.942
MAPE Rch: 0.264
--------------------------------------------------
**************************************************
Z=8, N=16, emax=8
RMSE Eb: 2.128
RMSE Rch: 0.011
MAPE Eb: 1.252
MAPE Rch: 0.285
--------------------------------------------------
**************************************************
Z=8, N=16, emax=6
RMSE Eb: 1.948
RMSE Rch: 0.009
MAPE Eb: 1.327
MAPE Rch: 0.242
--------------------------------------------------
**************************************************
Z=8, N=16, emax=10
RMSE Eb: 1.776
RMSE Rch: 0.008
MAPE Eb: 1.051
MAPE Rch: 0.242
--------------------------------------------------
**************************************************
Z=8, N=16, emax=4
RMSE Eb: 1.570
RMSE Rch: 0.010
MAPE Eb: 1.646
MAPE Rch: 0.269
--------------------------------------------------
Finished VAL for AE n=22
**************************************************
Z=8, N=4, emax=6
RMSE Eb: 1.073
RMSE Rch: 0.017
MAPE Eb: 1.917
MAPE Rch: 0.798
--------------------------------------------------
**************************************************
Z=8, N=4, emax=8
RMSE Eb: 1.596
RMSE Rch: 0.025
MAPE Eb: 2.660
MAPE Rch: 1.232
--------------------------------------------------
**************************************************
Z=8, N=4, emax=4
RMSE Eb: 1.656
RMSE Rch: 0.012
MAPE Eb: 4.800
MAPE Rch: 0.556
--------------------------------------------------
**************************************************
Z=8, N=4, emax=10
RMSE Eb: 1.488
RMSE Rch: 0.043
MAPE Eb: 2.379
MAPE Rch: 1.877
--------------------------------------------------
**************************************************
Z=8, N=5, emax=4
RMSE Eb: 1.324
RMSE Rch: 0.016
MAPE Eb: 2.776
MAPE Rch: 0.687
--------------------------------------------------
**************************************************
Z=8, N=5, emax=8
RMSE Eb: 1.559
RMSE Rch: 0.019
MAPE Eb: 2.078
MAPE Rch: 0.967
--------------------------------------------------
**************************************************
Z=8, N=5, emax=6
RMSE Eb: 1.273
RMSE Rch: 0.013
MAPE Eb: 1.846
MAPE Rch: 0.565
--------------------------------------------------
**************************************************
Z=8, N=5, emax=10
RMSE Eb: 1.608
RMSE Rch: 0.026
MAPE Eb: 1.753
MAPE Rch: 1.424
--------------------------------------------------
**************************************************
Z=8, N=6, emax=4
RMSE Eb: 1.254
RMSE Rch: 0.012
MAPE Eb: 1.737
MAPE Rch: 0.540
--------------------------------------------------
**************************************************
Z=8, N=6, emax=8
RMSE Eb: 1.650
RMSE Rch: 0.016
MAPE Eb: 1.522
MAPE Rch: 0.734
--------------------------------------------------
**************************************************
Z=8, N=6, emax=6
RMSE Eb: 1.238
RMSE Rch: 0.012
MAPE Eb: 1.293
MAPE Rch: 0.575
--------------------------------------------------
**************************************************
Z=8, N=6, emax=10
RMSE Eb: 1.299
RMSE Rch: 0.016
MAPE Eb: 1.243
MAPE Rch: 0.832
--------------------------------------------------
**************************************************
Z=8, N=7, emax=4
RMSE Eb: 1.187
RMSE Rch: 0.010
MAPE Eb: 1.368
MAPE Rch: 0.492
--------------------------------------------------
**************************************************
Z=8, N=7, emax=8
RMSE Eb: 1.889
RMSE Rch: 0.016
MAPE Eb: 1.659
MAPE Rch: 0.759
--------------------------------------------------
**************************************************
Z=8, N=7, emax=6
RMSE Eb: 1.310
RMSE Rch: 0.013
MAPE Eb: 1.289
MAPE Rch: 0.671
--------------------------------------------------
**************************************************
Z=8, N=7, emax=10
RMSE Eb: 1.379
RMSE Rch: 0.013
MAPE Eb: 1.020
MAPE Rch: 0.723
--------------------------------------------------
**************************************************
Z=8, N=8, emax=4
RMSE Eb: 1.400
RMSE Rch: 0.008
MAPE Eb: 1.420
MAPE Rch: 0.229
--------------------------------------------------
**************************************************
Z=8, N=8, emax=6
RMSE Eb: 1.496
RMSE Rch: 0.012
MAPE Eb: 1.212
MAPE Rch: 0.329
--------------------------------------------------
**************************************************
Z=8, N=8, emax=8
RMSE Eb: 1.347
RMSE Rch: 0.012
MAPE Eb: 1.026
MAPE Rch: 0.359
--------------------------------------------------
**************************************************
Z=8, N=8, emax=10
RMSE Eb: 1.685
RMSE Rch: 0.010
MAPE Eb: 1.354
MAPE Rch: 0.299
--------------------------------------------------
**************************************************
Z=8, N=9, emax=4
RMSE Eb: 1.348
RMSE Rch: 0.011
MAPE Eb: 1.338
MAPE Rch: 0.293
--------------------------------------------------
**************************************************
Z=8, N=9, emax=8
RMSE Eb: 1.622
RMSE Rch: 0.011
MAPE Eb: 1.167
MAPE Rch: 0.302
--------------------------------------------------
**************************************************
Z=8, N=9, emax=6
RMSE Eb: 1.366
RMSE Rch: 0.011
MAPE Eb: 1.078
MAPE Rch: 0.315
--------------------------------------------------
**************************************************
Z=8, N=9, emax=10
RMSE Eb: 1.904
RMSE Rch: 0.009
MAPE Eb: 1.423
MAPE Rch: 0.277
--------------------------------------------------
**************************************************
Z=8, N=10, emax=4
RMSE Eb: 1.698
RMSE Rch: 0.010
MAPE Eb: 1.421
MAPE Rch: 0.274
--------------------------------------------------
**************************************************
Z=8, N=10, emax=6
RMSE Eb: 1.112
RMSE Rch: 0.008
MAPE Eb: 0.821
MAPE Rch: 0.233
--------------------------------------------------
**************************************************
Z=8, N=10, emax=8
RMSE Eb: 1.422
RMSE Rch: 0.010
MAPE Eb: 1.038
MAPE Rch: 0.314
--------------------------------------------------
**************************************************
Z=8, N=10, emax=10
RMSE Eb: 1.621
RMSE Rch: 0.008
MAPE Eb: 1.180
MAPE Rch: 0.231
--------------------------------------------------
**************************************************
Z=8, N=11, emax=8
RMSE Eb: 1.649
RMSE Rch: 0.010
MAPE Eb: 1.152
MAPE Rch: 0.268
--------------------------------------------------
**************************************************
Z=8, N=11, emax=4
RMSE Eb: 1.456
RMSE Rch: 0.008
MAPE Eb: 1.370
MAPE Rch: 0.222
--------------------------------------------------
**************************************************
Z=8, N=11, emax=6
RMSE Eb: 0.946
RMSE Rch: 0.009
MAPE Eb: 0.780
MAPE Rch: 0.241
--------------------------------------------------
**************************************************
Z=8, N=11, emax=10
RMSE Eb: 1.886
RMSE Rch: 0.008
MAPE Eb: 1.268
MAPE Rch: 0.252
--------------------------------------------------
**************************************************
Z=8, N=12, emax=6
RMSE Eb: 1.199
RMSE Rch: 0.008
MAPE Eb: 0.939
MAPE Rch: 0.208
--------------------------------------------------
**************************************************
Z=8, N=12, emax=8
RMSE Eb: 1.621
RMSE Rch: 0.008
MAPE Eb: 1.055
MAPE Rch: 0.206
--------------------------------------------------
**************************************************
Z=8, N=12, emax=4
RMSE Eb: 1.394
RMSE Rch: 0.007
MAPE Eb: 1.438
MAPE Rch: 0.179
--------------------------------------------------
**************************************************
Z=8, N=12, emax=10
RMSE Eb: 1.655
RMSE Rch: 0.011
MAPE Eb: 1.117
MAPE Rch: 0.354
--------------------------------------------------
**************************************************
Z=8, N=13, emax=8
RMSE Eb: 1.645
RMSE Rch: 0.008
MAPE Eb: 1.015
MAPE Rch: 0.238
--------------------------------------------------
**************************************************
Z=8, N=13, emax=4
RMSE Eb: 1.724
RMSE Rch: 0.009
MAPE Eb: 1.713
MAPE Rch: 0.252
--------------------------------------------------
**************************************************
Z=8, N=13, emax=6
RMSE Eb: 1.354
RMSE Rch: 0.007
MAPE Eb: 0.949
MAPE Rch: 0.200
--------------------------------------------------
**************************************************
Z=8, N=13, emax=10
RMSE Eb: 1.402
RMSE Rch: 0.006
MAPE Eb: 0.955
MAPE Rch: 0.173
--------------------------------------------------
**************************************************
Z=8, N=14, emax=6
RMSE Eb: 1.811
RMSE Rch: 0.009
MAPE Eb: 1.140
MAPE Rch: 0.252
--------------------------------------------------
**************************************************
Z=8, N=14, emax=10
RMSE Eb: 2.199
RMSE Rch: 0.016
MAPE Eb: 1.134
MAPE Rch: 0.438
--------------------------------------------------
**************************************************
Z=8, N=14, emax=4
RMSE Eb: 2.070
RMSE Rch: 0.009
MAPE Eb: 1.982
MAPE Rch: 0.251
--------------------------------------------------
**************************************************
Z=8, N=14, emax=8
RMSE Eb: 1.943
RMSE Rch: 0.011
MAPE Eb: 1.168
MAPE Rch: 0.288
--------------------------------------------------
**************************************************
Z=8, N=15, emax=8
RMSE Eb: 1.990
RMSE Rch: 0.011
MAPE Eb: 1.183
MAPE Rch: 0.307
--------------------------------------------------
**************************************************
Z=8, N=15, emax=6
RMSE Eb: 1.691
RMSE Rch: 0.009
MAPE Eb: 1.239
MAPE Rch: 0.235
--------------------------------------------------
**************************************************
Z=8, N=15, emax=4
RMSE Eb: 1.710
RMSE Rch: 0.009
MAPE Eb: 1.736
MAPE Rch: 0.245
--------------------------------------------------
**************************************************
Z=8, N=15, emax=10
RMSE Eb: 2.157
RMSE Rch: 0.012
MAPE Eb: 1.283
MAPE Rch: 0.335
--------------------------------------------------
**************************************************
Z=8, N=16, emax=4
RMSE Eb: 2.052
RMSE Rch: 0.011
MAPE Eb: 1.966
MAPE Rch: 0.293
--------------------------------------------------
**************************************************
Z=8, N=16, emax=8
RMSE Eb: 2.518
RMSE Rch: 0.010
MAPE Eb: 1.420
MAPE Rch: 0.296
--------------------------------------------------
**************************************************
Z=8, N=16, emax=6
RMSE Eb: 1.706
RMSE Rch: 0.008
MAPE Eb: 1.204
MAPE Rch: 0.213
--------------------------------------------------
**************************************************
Z=8, N=16, emax=10
RMSE Eb: 2.195
RMSE Rch: 0.015
MAPE Eb: 1.212
MAPE Rch: 0.428
--------------------------------------------------
