Activated conda environment
[DataLoader] Found 13 files matching the pattern.
[DataLoader] Combined data shape: (17234, 35)
[Preprocess] Data split => train: (11029, 35), val: (2758, 35), test: (3447, 35)
[Preprocess] Processed fidelity 4 (index 0): 3758 samples.
[Preprocess] Processed fidelity 6 (index 1): 3346 samples.
[Preprocess] Processed fidelity 8 (index 2): 3194 samples.
[Preprocess] Processed fidelity 10 (index 3): 731 samples.
[Preprocess] Processed fidelity 4 (index 0): 949 samples.
[Preprocess] Processed fidelity 6 (index 1): 833 samples.
[Preprocess] Processed fidelity 8 (index 2): 801 samples.
[Preprocess] Processed fidelity 10 (index 3): 175 samples.
Fidelity levels: [4, 6, 8, 10]
[Trainer] Starting BNN training...
[Trainer] No improvement. Iteration 7300. Early stopping counter: 1, LR counter: 1
[Trainer] No improvement. Iteration 7400. Early stopping counter: 2, LR counter: 2
[Trainer] No improvement. Iteration 7600. Early stopping counter: 1, LR counter: 1
[Trainer] No improvement. Iteration 8000. Early stopping counter: 1, LR counter: 1
[Trainer] No improvement. Iteration 8200. Early stopping counter: 1, LR counter: 1
[Trainer] No improvement. Iteration 8300. Early stopping counter: 2, LR counter: 2
[Trainer] No improvement. Iteration 8500. Early stopping counter: 1, LR counter: 1
[Trainer] No improvement. Iteration 8600. Early stopping counter: 2, LR counter: 2
[Trainer] No improvement. Iteration 8700. Early stopping counter: 3, LR counter: 3
[Trainer] No improvement. Iteration 8800. Early stopping counter: 4, LR counter: 4
[Trainer] No improvement. Iteration 9300. Early stopping counter: 1, LR counter: 1
[Trainer] No improvement. Iteration 9400. Early stopping counter: 2, LR counter: 2
[Trainer] No improvement. Iteration 9500. Early stopping counter: 3, LR counter: 3
[Trainer] No improvement. Iteration 9900. Early stopping counter: 1, LR counter: 1
[Trainer] No improvement. Iteration 10000. Early stopping counter: 2, LR counter: 2
[Trainer] No improvement. Iteration 10100. Early stopping counter: 3, LR counter: 3
[Trainer] No improvement. Iteration 10200. Early stopping counter: 4, LR counter: 4
[Trainer] No improvement. Iteration 10300. Early stopping counter: 5, LR counter: 5
[Trainer] No improvement. Iteration 10400. Early stopping counter: 6, LR counter: 6
[Trainer] No improvement. Iteration 10500. Early stopping counter: 7, LR counter: 7
[Trainer] No improvement. Iteration 10600. Early stopping counter: 8, LR counter: 8
[Trainer] No improvement. Iteration 10700. Early stopping counter: 9, LR counter: 9
[Trainer] No improvement. Iteration 10800. Early stopping counter: 10, LR counter: 10
[Trainer] No improvement. Iteration 10900. Early stopping counter: 11, LR counter: 11
[Trainer] No improvement. Iteration 11000. Early stopping counter: 12, LR counter: 12
[Trainer] No improvement. Iteration 11100. Early stopping counter: 13, LR counter: 13
[Trainer] No improvement. Iteration 11200. Early stopping counter: 14, LR counter: 14
[Trainer] No improvement. Iteration 11300. Early stopping counter: 15, LR counter: 15
[Trainer] No improvement. Iteration 11400. Early stopping counter: 16, LR counter: 16
[Trainer] No improvement. Iteration 11500. Early stopping counter: 17, LR counter: 17
[Trainer] No improvement. Iteration 11600. Early stopping counter: 18, LR counter: 18
[Trainer] No improvement. Iteration 11700. Early stopping counter: 19, LR counter: 19
[Trainer] No improvement. Iteration 11800. Early stopping counter: 20, LR counter: 20
[Trainer] No improvement. Iteration 11900. Early stopping counter: 21, LR counter: 21
[Trainer] No improvement. Iteration 12000. Early stopping counter: 22, LR counter: 22
[Trainer] No improvement. Iteration 12100. Early stopping counter: 23, LR counter: 23
[Trainer] No improvement. Iteration 12200. Early stopping counter: 24, LR counter: 24
[Trainer] No improvement. Iteration 12300. Early stopping counter: 25, LR counter: 25
[Trainer] Learning rate reduced to: 0.000010
[Trainer] No improvement. Iteration 12400. Early stopping counter: 26, LR counter: 1
[Trainer] No improvement. Iteration 12500. Early stopping counter: 27, LR counter: 2
[Trainer] No improvement. Iteration 12600. Early stopping counter: 28, LR counter: 3
[Trainer] No improvement. Iteration 12700. Early stopping counter: 29, LR counter: 4
[Trainer] No improvement. Iteration 12800. Early stopping counter: 30, LR counter: 5
[Trainer] No improvement. Iteration 12900. Early stopping counter: 31, LR counter: 6
[Trainer] No improvement. Iteration 13000. Early stopping counter: 32, LR counter: 7
[Trainer] No improvement. Iteration 13100. Early stopping counter: 33, LR counter: 8
[Trainer] No improvement. Iteration 13200. Early stopping counter: 34, LR counter: 9
[Trainer] No improvement. Iteration 13300. Early stopping counter: 35, LR counter: 10
[Trainer] No improvement. Iteration 13400. Early stopping counter: 36, LR counter: 11
[Trainer] No improvement. Iteration 13500. Early stopping counter: 37, LR counter: 12
[Trainer] No improvement. Iteration 13600. Early stopping counter: 38, LR counter: 13
[Trainer] No improvement. Iteration 13700. Early stopping counter: 39, LR counter: 14
[Trainer] No improvement. Iteration 13800. Early stopping counter: 40, LR counter: 15
[Trainer] No improvement. Iteration 13900. Early stopping counter: 41, LR counter: 16
[Trainer] No improvement. Iteration 14000. Early stopping counter: 42, LR counter: 17
[Trainer] No improvement. Iteration 14100. Early stopping counter: 43, LR counter: 18
[Trainer] No improvement. Iteration 14200. Early stopping counter: 44, LR counter: 19
[Trainer] No improvement. Iteration 14300. Early stopping counter: 45, LR counter: 20
[Trainer] No improvement. Iteration 14400. Early stopping counter: 46, LR counter: 21
[Trainer] No improvement. Iteration 14500. Early stopping counter: 47, LR counter: 22
[Trainer] No improvement. Iteration 14600. Early stopping counter: 48, LR counter: 23
[Trainer] No improvement. Iteration 14700. Early stopping counter: 49, LR counter: 24
[Trainer] No improvement. Iteration 14800. Early stopping counter: 50, LR counter: 25
[Trainer] Learning rate reduced to: 0.000001
[Trainer] Early stopping triggered.
[Trainer] Training completed.
[Trainer] Calibrating temperatures on validation set...
[Trainer] Temperature calibration finished. Calibrated temperatures: {4: 1.4635802507400513, 6: 1.2316787242889404, 8: 1.542464017868042, 10: 1.8453130722045898}
[Trainer] BNN training completed.
**************************************************
Z=8, N=4, emax=4
RMSE Eb: 0.660
RMSE Rch: 0.008
MAPE Eb: 2.004
MAPE Rch: 0.365
--------------------------------------------------
**************************************************
Z=8, N=4, emax=10
RMSE Eb: 1.703
RMSE Rch: 0.048
MAPE Eb: 2.629
MAPE Rch: 2.391
--------------------------------------------------
**************************************************
Z=8, N=4, emax=6
RMSE Eb: 0.873
RMSE Rch: 0.012
MAPE Eb: 1.594
MAPE Rch: 0.562
--------------------------------------------------
**************************************************
Z=8, N=4, emax=8
RMSE Eb: 1.031
RMSE Rch: 0.019
MAPE Eb: 1.587
MAPE Rch: 0.880
--------------------------------------------------
**************************************************
Z=8, N=5, emax=8
RMSE Eb: 0.983
RMSE Rch: 0.016
MAPE Eb: 1.289
MAPE Rch: 0.812
--------------------------------------------------
**************************************************
Z=8, N=5, emax=6
RMSE Eb: 0.871
RMSE Rch: 0.011
MAPE Eb: 1.238
MAPE Rch: 0.489
--------------------------------------------------
**************************************************
Z=8, N=5, emax=4
RMSE Eb: 0.683
RMSE Rch: 0.007
MAPE Eb: 1.180
MAPE Rch: 0.345
--------------------------------------------------
**************************************************
Z=8, N=5, emax=10
RMSE Eb: 0.877
RMSE Rch: 0.017
MAPE Eb: 1.142
MAPE Rch: 0.950
--------------------------------------------------
**************************************************
Z=8, N=6, emax=4
RMSE Eb: 0.867
RMSE Rch: 0.008
MAPE Eb: 1.337
MAPE Rch: 0.343
--------------------------------------------------
**************************************************
Z=8, N=6, emax=6
RMSE Eb: 0.747
RMSE Rch: 0.011
MAPE Eb: 0.810
MAPE Rch: 0.511
--------------------------------------------------
**************************************************
Z=8, N=6, emax=8
RMSE Eb: 1.016
RMSE Rch: 0.016
MAPE Eb: 0.943
MAPE Rch: 0.851
--------------------------------------------------
**************************************************
Z=8, N=6, emax=10
RMSE Eb: 1.413
RMSE Rch: 0.023
MAPE Eb: 1.079
MAPE Rch: 1.095
--------------------------------------------------
**************************************************
Z=8, N=7, emax=8
RMSE Eb: 1.383
RMSE Rch: 0.015
MAPE Eb: 1.105
MAPE Rch: 0.776
--------------------------------------------------
**************************************************
Z=8, N=7, emax=10
RMSE Eb: 1.483
RMSE Rch: 0.021
MAPE Eb: 1.002
MAPE Rch: 1.133
--------------------------------------------------
**************************************************
Z=8, N=7, emax=6
RMSE Eb: 1.102
RMSE Rch: 0.011
MAPE Eb: 1.020
MAPE Rch: 0.594
--------------------------------------------------
**************************************************
Z=8, N=7, emax=4
RMSE Eb: 1.006
RMSE Rch: 0.010
MAPE Eb: 1.226
MAPE Rch: 0.516
--------------------------------------------------
**************************************************
Z=8, N=8, emax=4
RMSE Eb: 0.556
RMSE Rch: 0.009
MAPE Eb: 0.611
MAPE Rch: 0.264
--------------------------------------------------
**************************************************
Z=8, N=8, emax=8
RMSE Eb: 0.768
RMSE Rch: 0.015
MAPE Eb: 0.573
MAPE Rch: 0.397
--------------------------------------------------
**************************************************
Z=8, N=8, emax=6
RMSE Eb: 0.650
RMSE Rch: 0.011
MAPE Eb: 0.549
MAPE Rch: 0.308
--------------------------------------------------
**************************************************
Z=8, N=8, emax=10
RMSE Eb: 0.992
RMSE Rch: 0.021
MAPE Eb: 0.795
MAPE Rch: 0.462
--------------------------------------------------
**************************************************
Z=8, N=9, emax=8
RMSE Eb: 0.609
RMSE Rch: 0.010
MAPE Eb: 0.453
MAPE Rch: 0.294
--------------------------------------------------
**************************************************
Z=8, N=9, emax=6
RMSE Eb: 0.540
RMSE Rch: 0.008
MAPE Eb: 0.466
MAPE Rch: 0.237
--------------------------------------------------
**************************************************
Z=8, N=9, emax=4
RMSE Eb: 0.424
RMSE Rch: 0.007
MAPE Eb: 0.412
MAPE Rch: 0.195
--------------------------------------------------
**************************************************
Z=8, N=9, emax=10
RMSE Eb: 0.870
RMSE Rch: 0.007
MAPE Eb: 0.702
MAPE Rch: 0.225
--------------------------------------------------
**************************************************
Z=8, N=10, emax=4
RMSE Eb: 0.436
RMSE Rch: 0.005
MAPE Eb: 0.447
MAPE Rch: 0.149
--------------------------------------------------
**************************************************
Z=8, N=10, emax=10
RMSE Eb: 0.432
RMSE Rch: 0.007
MAPE Eb: 0.299
MAPE Rch: 0.198
--------------------------------------------------
**************************************************
Z=8, N=10, emax=6
RMSE Eb: 0.527
RMSE Rch: 0.007
MAPE Eb: 0.407
MAPE Rch: 0.174
--------------------------------------------------
**************************************************
Z=8, N=10, emax=8
RMSE Eb: 0.545
RMSE Rch: 0.008
MAPE Eb: 0.372
MAPE Rch: 0.216
--------------------------------------------------
**************************************************
Z=8, N=11, emax=4
RMSE Eb: 0.506
RMSE Rch: 0.007
MAPE Eb: 0.535
MAPE Rch: 0.202
--------------------------------------------------
**************************************************
Z=8, N=11, emax=6
RMSE Eb: 0.545
RMSE Rch: 0.005
MAPE Eb: 0.455
MAPE Rch: 0.154
--------------------------------------------------
**************************************************
Z=8, N=11, emax=8
RMSE Eb: 0.570
RMSE Rch: 0.008
MAPE Eb: 0.373
MAPE Rch: 0.239
--------------------------------------------------
**************************************************
Z=8, N=11, emax=10
RMSE Eb: 0.581
RMSE Rch: 0.007
MAPE Eb: 0.440
MAPE Rch: 0.234
--------------------------------------------------
**************************************************
Z=8, N=12, emax=6
RMSE Eb: 0.406
RMSE Rch: 0.006
MAPE Eb: 0.283
MAPE Rch: 0.186
--------------------------------------------------
**************************************************
Z=8, N=12, emax=4
RMSE Eb: 0.521
RMSE Rch: 0.005
MAPE Eb: 0.553
MAPE Rch: 0.141
--------------------------------------------------
**************************************************
Z=8, N=12, emax=8
RMSE Eb: 0.536
RMSE Rch: 0.008
MAPE Eb: 0.338
MAPE Rch: 0.212
--------------------------------------------------
**************************************************
Z=8, N=12, emax=10
RMSE Eb: 0.660
RMSE Rch: 0.007
MAPE Eb: 0.482
MAPE Rch: 0.173
--------------------------------------------------
**************************************************
Z=8, N=13, emax=8
RMSE Eb: 0.507
RMSE Rch: 0.008
MAPE Eb: 0.339
MAPE Rch: 0.202
--------------------------------------------------
**************************************************
Z=8, N=13, emax=4
RMSE Eb: 0.600
RMSE Rch: 0.006
MAPE Eb: 0.673
MAPE Rch: 0.165
--------------------------------------------------
**************************************************
Z=8, N=13, emax=10
RMSE Eb: 0.422
RMSE Rch: 0.008
MAPE Eb: 0.271
MAPE Rch: 0.244
--------------------------------------------------
**************************************************
Z=8, N=13, emax=6
RMSE Eb: 0.452
RMSE Rch: 0.006
MAPE Eb: 0.343
MAPE Rch: 0.163
--------------------------------------------------
**************************************************
Z=8, N=14, emax=8
RMSE Eb: 0.636
RMSE Rch: 0.011
MAPE Eb: 0.394
MAPE Rch: 0.277
--------------------------------------------------
**************************************************
Z=8, N=14, emax=4
RMSE Eb: 0.579
RMSE Rch: 0.006
MAPE Eb: 0.626
MAPE Rch: 0.172
--------------------------------------------------
**************************************************
Z=8, N=14, emax=6
RMSE Eb: 0.452
RMSE Rch: 0.005
MAPE Eb: 0.299
MAPE Rch: 0.139
--------------------------------------------------
**************************************************
Z=8, N=14, emax=10
RMSE Eb: 0.365
RMSE Rch: 0.009
MAPE Eb: 0.240
MAPE Rch: 0.230
--------------------------------------------------
**************************************************
Z=8, N=15, emax=8
RMSE Eb: 0.580
RMSE Rch: 0.006
MAPE Eb: 0.343
MAPE Rch: 0.162
--------------------------------------------------
**************************************************
Z=8, N=15, emax=4
RMSE Eb: 0.598
RMSE Rch: 0.006
MAPE Eb: 0.639
MAPE Rch: 0.163
--------------------------------------------------
**************************************************
Z=8, N=15, emax=6
RMSE Eb: 0.498
RMSE Rch: 0.006
MAPE Eb: 0.367
MAPE Rch: 0.144
--------------------------------------------------
**************************************************
Z=8, N=15, emax=10
RMSE Eb: 0.590
RMSE Rch: 0.010
MAPE Eb: 0.353
MAPE Rch: 0.291
--------------------------------------------------
**************************************************
Z=8, N=16, emax=8
RMSE Eb: 0.662
RMSE Rch: 0.009
MAPE Eb: 0.392
MAPE Rch: 0.239
--------------------------------------------------
**************************************************
Z=8, N=16, emax=6
RMSE Eb: 0.524
RMSE Rch: 0.007
MAPE Eb: 0.355
MAPE Rch: 0.210
--------------------------------------------------
**************************************************
Z=8, N=16, emax=10
RMSE Eb: 0.917
RMSE Rch: 0.011
MAPE Eb: 0.545
MAPE Rch: 0.299
--------------------------------------------------
**************************************************
Z=8, N=16, emax=4
RMSE Eb: 0.700
RMSE Rch: 0.005
MAPE Eb: 0.754
MAPE Rch: 0.136
--------------------------------------------------
Finished VAL for AE n=638
**************************************************
Z=8, N=4, emax=6
RMSE Eb: 0.808
RMSE Rch: 0.010
MAPE Eb: 1.515
MAPE Rch: 0.478
--------------------------------------------------
**************************************************
Z=8, N=4, emax=8
RMSE Eb: 1.042
RMSE Rch: 0.018
MAPE Eb: 1.819
MAPE Rch: 0.779
--------------------------------------------------
**************************************************
Z=8, N=4, emax=4
RMSE Eb: 0.791
RMSE Rch: 0.007
MAPE Eb: 2.288
MAPE Rch: 0.334
--------------------------------------------------
**************************************************
Z=8, N=4, emax=10
RMSE Eb: 1.491
RMSE Rch: 0.038
MAPE Eb: 2.267
MAPE Rch: 2.160
--------------------------------------------------
**************************************************
Z=8, N=5, emax=4
RMSE Eb: 0.616
RMSE Rch: 0.008
MAPE Eb: 1.238
MAPE Rch: 0.389
--------------------------------------------------
**************************************************
Z=8, N=5, emax=8
RMSE Eb: 0.869
RMSE Rch: 0.016
MAPE Eb: 1.098
MAPE Rch: 0.809
--------------------------------------------------
**************************************************
Z=8, N=5, emax=6
RMSE Eb: 0.861
RMSE Rch: 0.010
MAPE Eb: 1.222
MAPE Rch: 0.496
--------------------------------------------------
**************************************************
Z=8, N=5, emax=10
RMSE Eb: 1.081
RMSE Rch: 0.026
MAPE Eb: 1.237
MAPE Rch: 1.454
--------------------------------------------------
**************************************************
Z=8, N=6, emax=4
RMSE Eb: 0.879
RMSE Rch: 0.008
MAPE Eb: 1.243
MAPE Rch: 0.362
--------------------------------------------------
**************************************************
Z=8, N=6, emax=8
RMSE Eb: 1.112
RMSE Rch: 0.017
MAPE Eb: 1.028
MAPE Rch: 0.823
--------------------------------------------------
**************************************************
Z=8, N=6, emax=6
RMSE Eb: 1.077
RMSE Rch: 0.012
MAPE Eb: 1.141
MAPE Rch: 0.592
--------------------------------------------------
**************************************************
Z=8, N=6, emax=10
RMSE Eb: 1.198
RMSE Rch: 0.021
MAPE Eb: 1.089
MAPE Rch: 1.102
--------------------------------------------------
**************************************************
Z=8, N=7, emax=4
RMSE Eb: 0.872
RMSE Rch: 0.008
MAPE Eb: 1.112
MAPE Rch: 0.405
--------------------------------------------------
**************************************************
Z=8, N=7, emax=8
RMSE Eb: 1.178
RMSE Rch: 0.015
MAPE Eb: 0.948
MAPE Rch: 0.740
--------------------------------------------------
**************************************************
Z=8, N=7, emax=6
RMSE Eb: 1.040
RMSE Rch: 0.014
MAPE Eb: 0.976
MAPE Rch: 0.712
--------------------------------------------------
**************************************************
Z=8, N=7, emax=10
RMSE Eb: 1.073
RMSE Rch: 0.029
MAPE Eb: 0.937
MAPE Rch: 1.565
--------------------------------------------------
**************************************************
Z=8, N=8, emax=4
RMSE Eb: 0.523
RMSE Rch: 0.009
MAPE Eb: 0.526
MAPE Rch: 0.272
--------------------------------------------------
**************************************************
Z=8, N=8, emax=6
RMSE Eb: 0.701
RMSE Rch: 0.010
MAPE Eb: 0.548
MAPE Rch: 0.292
--------------------------------------------------
**************************************************
Z=8, N=8, emax=8
RMSE Eb: 0.776
RMSE Rch: 0.012
MAPE Eb: 0.587
MAPE Rch: 0.356
--------------------------------------------------
**************************************************
Z=8, N=8, emax=10
RMSE Eb: 1.510
RMSE Rch: 0.010
MAPE Eb: 1.172
MAPE Rch: 0.286
--------------------------------------------------
**************************************************
Z=8, N=9, emax=4
RMSE Eb: 0.458
RMSE Rch: 0.007
MAPE Eb: 0.492
MAPE Rch: 0.190
--------------------------------------------------
**************************************************
Z=8, N=9, emax=8
RMSE Eb: 0.615
RMSE Rch: 0.011
MAPE Eb: 0.443
MAPE Rch: 0.308
--------------------------------------------------
**************************************************
Z=8, N=9, emax=6
RMSE Eb: 0.571
RMSE Rch: 0.009
MAPE Eb: 0.471
MAPE Rch: 0.292
--------------------------------------------------
**************************************************
Z=8, N=9, emax=10
RMSE Eb: 0.623
RMSE Rch: 0.010
MAPE Eb: 0.443
MAPE Rch: 0.289
--------------------------------------------------
**************************************************
Z=8, N=10, emax=4
RMSE Eb: 0.429
RMSE Rch: 0.006
MAPE Eb: 0.442
MAPE Rch: 0.171
--------------------------------------------------
**************************************************
Z=8, N=10, emax=6
RMSE Eb: 0.475
RMSE Rch: 0.006
MAPE Eb: 0.383
MAPE Rch: 0.174
--------------------------------------------------
**************************************************
Z=8, N=10, emax=8
RMSE Eb: 0.470
RMSE Rch: 0.007
MAPE Eb: 0.335
MAPE Rch: 0.203
--------------------------------------------------
**************************************************
Z=8, N=10, emax=10
RMSE Eb: 0.629
RMSE Rch: 0.009
MAPE Eb: 0.447
MAPE Rch: 0.290
--------------------------------------------------
**************************************************
Z=8, N=11, emax=8
RMSE Eb: 0.532
RMSE Rch: 0.007
MAPE Eb: 0.364
MAPE Rch: 0.199
--------------------------------------------------
**************************************************
Z=8, N=11, emax=4
RMSE Eb: 0.527
RMSE Rch: 0.006
MAPE Eb: 0.592
MAPE Rch: 0.170
--------------------------------------------------
**************************************************
Z=8, N=11, emax=6
RMSE Eb: 0.525
RMSE Rch: 0.006
MAPE Eb: 0.416
MAPE Rch: 0.153
--------------------------------------------------
**************************************************
Z=8, N=11, emax=10
RMSE Eb: 0.585
RMSE Rch: 0.008
MAPE Eb: 0.371
MAPE Rch: 0.242
--------------------------------------------------
**************************************************
Z=8, N=12, emax=6
RMSE Eb: 0.426
RMSE Rch: 0.006
MAPE Eb: 0.312
MAPE Rch: 0.154
--------------------------------------------------
**************************************************
Z=8, N=12, emax=8
RMSE Eb: 0.549
RMSE Rch: 0.007
MAPE Eb: 0.359
MAPE Rch: 0.205
--------------------------------------------------
**************************************************
Z=8, N=12, emax=4
RMSE Eb: 0.581
RMSE Rch: 0.006
MAPE Eb: 0.610
MAPE Rch: 0.167
--------------------------------------------------
**************************************************
Z=8, N=12, emax=10
RMSE Eb: 0.566
RMSE Rch: 0.008
MAPE Eb: 0.366
MAPE Rch: 0.234
--------------------------------------------------
**************************************************
Z=8, N=13, emax=8
RMSE Eb: 0.488
RMSE Rch: 0.008
MAPE Eb: 0.321
MAPE Rch: 0.213
--------------------------------------------------
**************************************************
Z=8, N=13, emax=4
RMSE Eb: 0.549
RMSE Rch: 0.006
MAPE Eb: 0.605
MAPE Rch: 0.175
--------------------------------------------------
**************************************************
Z=8, N=13, emax=6
RMSE Eb: 0.533
RMSE Rch: 0.006
MAPE Eb: 0.389
MAPE Rch: 0.162
--------------------------------------------------
**************************************************
Z=8, N=13, emax=10
RMSE Eb: 0.425
RMSE Rch: 0.017
MAPE Eb: 0.246
MAPE Rch: 0.306
--------------------------------------------------
**************************************************
Z=8, N=14, emax=6
RMSE Eb: 0.476
RMSE Rch: 0.006
MAPE Eb: 0.343
MAPE Rch: 0.163
--------------------------------------------------
**************************************************
Z=8, N=14, emax=10
RMSE Eb: 0.649
RMSE Rch: 0.008
MAPE Eb: 0.403
MAPE Rch: 0.262
--------------------------------------------------
**************************************************
Z=8, N=14, emax=4
RMSE Eb: 0.613
RMSE Rch: 0.006
MAPE Eb: 0.661
MAPE Rch: 0.160
--------------------------------------------------
**************************************************
Z=8, N=14, emax=8
RMSE Eb: 0.579
RMSE Rch: 0.011
MAPE Eb: 0.363
MAPE Rch: 0.258
--------------------------------------------------
**************************************************
Z=8, N=15, emax=8
RMSE Eb: 0.528
RMSE Rch: 0.008
MAPE Eb: 0.320
MAPE Rch: 0.211
--------------------------------------------------
**************************************************
Z=8, N=15, emax=6
RMSE Eb: 0.443
RMSE Rch: 0.006
MAPE Eb: 0.315
MAPE Rch: 0.165
--------------------------------------------------
**************************************************
Z=8, N=15, emax=4
RMSE Eb: 0.610
RMSE Rch: 0.007
MAPE Eb: 0.640
MAPE Rch: 0.184
--------------------------------------------------
**************************************************
Z=8, N=15, emax=10
RMSE Eb: 0.593
RMSE Rch: 0.008
MAPE Eb: 0.363
MAPE Rch: 0.218
--------------------------------------------------
**************************************************
Z=8, N=16, emax=4
RMSE Eb: 0.850
RMSE Rch: 0.006
MAPE Eb: 0.867
MAPE Rch: 0.156
--------------------------------------------------
**************************************************
Z=8, N=16, emax=8
RMSE Eb: 0.624
RMSE Rch: 0.008
MAPE Eb: 0.356
MAPE Rch: 0.220
--------------------------------------------------
**************************************************
Z=8, N=16, emax=6
RMSE Eb: 0.523
RMSE Rch: 0.006
MAPE Eb: 0.374
MAPE Rch: 0.155
--------------------------------------------------
**************************************************
Z=8, N=16, emax=10
RMSE Eb: 0.926
RMSE Rch: 0.010
MAPE Eb: 0.548
MAPE Rch: 0.285
--------------------------------------------------
