Activated conda environment
[DataLoader] Found 13 files matching the pattern.
[DataLoader] Combined data shape: (17234, 35)
[Preprocess] Data split => train: (11029, 35), val: (2758, 35), test: (3447, 35)
[Preprocess] Processed fidelity 4 (index 0): 3758 samples.
[Preprocess] Processed fidelity 6 (index 1): 3346 samples.
[Preprocess] Processed fidelity 8 (index 2): 3194 samples.
[Preprocess] Processed fidelity 10 (index 3): 731 samples.
[Preprocess] Processed fidelity 4 (index 0): 949 samples.
[Preprocess] Processed fidelity 6 (index 1): 833 samples.
[Preprocess] Processed fidelity 8 (index 2): 801 samples.
[Preprocess] Processed fidelity 10 (index 3): 175 samples.
Fidelity levels: [4, 6, 8, 10]
[Trainer] Starting BNN training...
[Trainer] No improvement. Iteration 7300. Early stopping counter: 1, LR counter: 1
[Trainer] No improvement. Iteration 7500. Early stopping counter: 1, LR counter: 1
[Trainer] No improvement. Iteration 8000. Early stopping counter: 1, LR counter: 1
[Trainer] No improvement. Iteration 8100. Early stopping counter: 2, LR counter: 2
[Trainer] No improvement. Iteration 8400. Early stopping counter: 1, LR counter: 1
[Trainer] No improvement. Iteration 8500. Early stopping counter: 2, LR counter: 2
[Trainer] No improvement. Iteration 8600. Early stopping counter: 3, LR counter: 3
[Trainer] No improvement. Iteration 8700. Early stopping counter: 4, LR counter: 4
[Trainer] No improvement. Iteration 8800. Early stopping counter: 5, LR counter: 5
[Trainer] No improvement. Iteration 8900. Early stopping counter: 6, LR counter: 6
[Trainer] No improvement. Iteration 9000. Early stopping counter: 7, LR counter: 7
[Trainer] No improvement. Iteration 9100. Early stopping counter: 8, LR counter: 8
[Trainer] No improvement. Iteration 9200. Early stopping counter: 9, LR counter: 9
[Trainer] No improvement. Iteration 9300. Early stopping counter: 10, LR counter: 10
[Trainer] No improvement. Iteration 9500. Early stopping counter: 1, LR counter: 1
[Trainer] No improvement. Iteration 9600. Early stopping counter: 2, LR counter: 2
[Trainer] No improvement. Iteration 10300. Early stopping counter: 1, LR counter: 1
[Trainer] No improvement. Iteration 10400. Early stopping counter: 2, LR counter: 2
[Trainer] No improvement. Iteration 10500. Early stopping counter: 3, LR counter: 3
[Trainer] No improvement. Iteration 10600. Early stopping counter: 4, LR counter: 4
[Trainer] No improvement. Iteration 11100. Early stopping counter: 1, LR counter: 1
[Trainer] No improvement. Iteration 11200. Early stopping counter: 2, LR counter: 2
[Trainer] No improvement. Iteration 11300. Early stopping counter: 3, LR counter: 3
[Trainer] No improvement. Iteration 11400. Early stopping counter: 4, LR counter: 4
[Trainer] No improvement. Iteration 11600. Early stopping counter: 1, LR counter: 1
[Trainer] No improvement. Iteration 11900. Early stopping counter: 1, LR counter: 1
[Trainer] No improvement. Iteration 12000. Early stopping counter: 2, LR counter: 2
[Trainer] No improvement. Iteration 12100. Early stopping counter: 3, LR counter: 3
[Trainer] No improvement. Iteration 12200. Early stopping counter: 4, LR counter: 4
[Trainer] No improvement. Iteration 12300. Early stopping counter: 5, LR counter: 5
[Trainer] No improvement. Iteration 12400. Early stopping counter: 6, LR counter: 6
[Trainer] No improvement. Iteration 12500. Early stopping counter: 7, LR counter: 7
[Trainer] No improvement. Iteration 12900. Early stopping counter: 1, LR counter: 1
[Trainer] No improvement. Iteration 13000. Early stopping counter: 2, LR counter: 2
[Trainer] No improvement. Iteration 13100. Early stopping counter: 3, LR counter: 3
[Trainer] No improvement. Iteration 13200. Early stopping counter: 4, LR counter: 4
[Trainer] No improvement. Iteration 13300. Early stopping counter: 5, LR counter: 5
[Trainer] No improvement. Iteration 13400. Early stopping counter: 6, LR counter: 6
[Trainer] No improvement. Iteration 13500. Early stopping counter: 7, LR counter: 7
[Trainer] No improvement. Iteration 13600. Early stopping counter: 8, LR counter: 8
[Trainer] No improvement. Iteration 13700. Early stopping counter: 9, LR counter: 9
[Trainer] No improvement. Iteration 13800. Early stopping counter: 10, LR counter: 10
[Trainer] No improvement. Iteration 13900. Early stopping counter: 11, LR counter: 11
[Trainer] No improvement. Iteration 14000. Early stopping counter: 12, LR counter: 12
[Trainer] No improvement. Iteration 14100. Early stopping counter: 13, LR counter: 13
[Trainer] No improvement. Iteration 14200. Early stopping counter: 14, LR counter: 14
[Trainer] No improvement. Iteration 14500. Early stopping counter: 1, LR counter: 1
[Trainer] No improvement. Iteration 15000. Early stopping counter: 1, LR counter: 1
[Trainer] No improvement. Iteration 15100. Early stopping counter: 2, LR counter: 2
[Trainer] No improvement. Iteration 15200. Early stopping counter: 3, LR counter: 3
[Trainer] No improvement. Iteration 15300. Early stopping counter: 4, LR counter: 4
[Trainer] No improvement. Iteration 15400. Early stopping counter: 5, LR counter: 5
[Trainer] No improvement. Iteration 15500. Early stopping counter: 6, LR counter: 6
[Trainer] No improvement. Iteration 15600. Early stopping counter: 7, LR counter: 7
[Trainer] No improvement. Iteration 15700. Early stopping counter: 8, LR counter: 8
[Trainer] No improvement. Iteration 15800. Early stopping counter: 9, LR counter: 9
[Trainer] No improvement. Iteration 15900. Early stopping counter: 10, LR counter: 10
[Trainer] No improvement. Iteration 16000. Early stopping counter: 11, LR counter: 11
[Trainer] No improvement. Iteration 16100. Early stopping counter: 12, LR counter: 12
[Trainer] No improvement. Iteration 16200. Early stopping counter: 13, LR counter: 13
[Trainer] No improvement. Iteration 16300. Early stopping counter: 14, LR counter: 14
[Trainer] No improvement. Iteration 16400. Early stopping counter: 15, LR counter: 15
[Trainer] No improvement. Iteration 16500. Early stopping counter: 16, LR counter: 16
[Trainer] No improvement. Iteration 16600. Early stopping counter: 17, LR counter: 17
[Trainer] No improvement. Iteration 16700. Early stopping counter: 18, LR counter: 18
[Trainer] No improvement. Iteration 16800. Early stopping counter: 19, LR counter: 19
[Trainer] No improvement. Iteration 16900. Early stopping counter: 20, LR counter: 20
[Trainer] No improvement. Iteration 17000. Early stopping counter: 21, LR counter: 21
[Trainer] No improvement. Iteration 17100. Early stopping counter: 22, LR counter: 22
[Trainer] No improvement. Iteration 17200. Early stopping counter: 23, LR counter: 23
[Trainer] No improvement. Iteration 17300. Early stopping counter: 24, LR counter: 24
[Trainer] No improvement. Iteration 17400. Early stopping counter: 25, LR counter: 25
[Trainer] Learning rate reduced to: 0.000010
[Trainer] No improvement. Iteration 17500. Early stopping counter: 26, LR counter: 1
[Trainer] No improvement. Iteration 17600. Early stopping counter: 27, LR counter: 2
[Trainer] No improvement. Iteration 17700. Early stopping counter: 28, LR counter: 3
[Trainer] No improvement. Iteration 17800. Early stopping counter: 29, LR counter: 4
[Trainer] No improvement. Iteration 17900. Early stopping counter: 30, LR counter: 5
[Trainer] No improvement. Iteration 18000. Early stopping counter: 31, LR counter: 6
[Trainer] No improvement. Iteration 18100. Early stopping counter: 32, LR counter: 7
[Trainer] No improvement. Iteration 18200. Early stopping counter: 33, LR counter: 8
[Trainer] No improvement. Iteration 18300. Early stopping counter: 34, LR counter: 9
[Trainer] No improvement. Iteration 18400. Early stopping counter: 35, LR counter: 10
[Trainer] No improvement. Iteration 18500. Early stopping counter: 36, LR counter: 11
[Trainer] No improvement. Iteration 18600. Early stopping counter: 37, LR counter: 12
[Trainer] No improvement. Iteration 18700. Early stopping counter: 38, LR counter: 13
[Trainer] No improvement. Iteration 18800. Early stopping counter: 39, LR counter: 14
[Trainer] No improvement. Iteration 18900. Early stopping counter: 40, LR counter: 15
[Trainer] No improvement. Iteration 19000. Early stopping counter: 41, LR counter: 16
[Trainer] No improvement. Iteration 19100. Early stopping counter: 42, LR counter: 17
[Trainer] No improvement. Iteration 19200. Early stopping counter: 43, LR counter: 18
[Trainer] No improvement. Iteration 19300. Early stopping counter: 44, LR counter: 19
[Trainer] No improvement. Iteration 19400. Early stopping counter: 45, LR counter: 20
[Trainer] No improvement. Iteration 19500. Early stopping counter: 46, LR counter: 21
[Trainer] No improvement. Iteration 19600. Early stopping counter: 47, LR counter: 22
[Trainer] No improvement. Iteration 19700. Early stopping counter: 48, LR counter: 23
[Trainer] No improvement. Iteration 19800. Early stopping counter: 49, LR counter: 24
[Trainer] No improvement. Iteration 19900. Early stopping counter: 50, LR counter: 25
[Trainer] Learning rate reduced to: 0.000001
[Trainer] Early stopping triggered.
[Trainer] Training completed.
[Trainer] Calibrating temperatures on validation set...
[Trainer] Temperature calibration finished. Calibrated temperatures: {4: 1.5244474411010742, 6: 1.3554552793502808, 8: 1.401979923248291, 10: 1.653686761856079}
[Trainer] BNN training completed.
**************************************************
Z=8, N=4, emax=4
RMSE Eb: 0.691
RMSE Rch: 0.007
MAPE Eb: 2.056
MAPE Rch: 0.309
--------------------------------------------------
**************************************************
Z=8, N=4, emax=10
RMSE Eb: 0.684
RMSE Rch: 0.036
MAPE Eb: 1.136
MAPE Rch: 1.645
--------------------------------------------------
**************************************************
Z=8, N=4, emax=6
RMSE Eb: 0.558
RMSE Rch: 0.011
MAPE Eb: 1.081
MAPE Rch: 0.537
--------------------------------------------------
**************************************************
Z=8, N=4, emax=8
RMSE Eb: 0.506
RMSE Rch: 0.015
MAPE Eb: 0.863
MAPE Rch: 0.687
--------------------------------------------------
**************************************************
Z=8, N=5, emax=8
RMSE Eb: 0.642
RMSE Rch: 0.013
MAPE Eb: 0.797
MAPE Rch: 0.620
--------------------------------------------------
**************************************************
Z=8, N=5, emax=6
RMSE Eb: 0.597
RMSE Rch: 0.011
MAPE Eb: 0.830
MAPE Rch: 0.476
--------------------------------------------------
**************************************************
Z=8, N=5, emax=4
RMSE Eb: 0.538
RMSE Rch: 0.006
MAPE Eb: 1.127
MAPE Rch: 0.295
--------------------------------------------------
**************************************************
Z=8, N=5, emax=10
RMSE Eb: 0.742
RMSE Rch: 0.007
MAPE Eb: 0.901
MAPE Rch: 0.374
--------------------------------------------------
**************************************************
Z=8, N=6, emax=4
RMSE Eb: 0.471
RMSE Rch: 0.007
MAPE Eb: 0.690
MAPE Rch: 0.324
--------------------------------------------------
**************************************************
Z=8, N=6, emax=6
RMSE Eb: 0.619
RMSE Rch: 0.009
MAPE Eb: 0.642
MAPE Rch: 0.416
--------------------------------------------------
**************************************************
Z=8, N=6, emax=8
RMSE Eb: 0.627
RMSE Rch: 0.009
MAPE Eb: 0.549
MAPE Rch: 0.451
--------------------------------------------------
**************************************************
Z=8, N=6, emax=10
RMSE Eb: 0.743
RMSE Rch: 0.011
MAPE Eb: 0.762
MAPE Rch: 0.541
--------------------------------------------------
**************************************************
Z=8, N=7, emax=8
RMSE Eb: 0.700
RMSE Rch: 0.010
MAPE Eb: 0.593
MAPE Rch: 0.500
--------------------------------------------------
**************************************************
Z=8, N=7, emax=10
RMSE Eb: 1.054
RMSE Rch: 0.011
MAPE Eb: 0.808
MAPE Rch: 0.580
--------------------------------------------------
**************************************************
Z=8, N=7, emax=6
RMSE Eb: 0.703
RMSE Rch: 0.009
MAPE Eb: 0.684
MAPE Rch: 0.433
--------------------------------------------------
**************************************************
Z=8, N=7, emax=4
RMSE Eb: 0.621
RMSE Rch: 0.008
MAPE Eb: 0.716
MAPE Rch: 0.409
--------------------------------------------------
**************************************************
Z=8, N=8, emax=4
RMSE Eb: 0.694
RMSE Rch: 0.007
MAPE Eb: 0.765
MAPE Rch: 0.196
--------------------------------------------------
**************************************************
Z=8, N=8, emax=8
RMSE Eb: 0.763
RMSE Rch: 0.009
MAPE Eb: 0.543
MAPE Rch: 0.272
--------------------------------------------------
**************************************************
Z=8, N=8, emax=6
RMSE Eb: 0.608
RMSE Rch: 0.008
MAPE Eb: 0.520
MAPE Rch: 0.220
--------------------------------------------------
**************************************************
Z=8, N=8, emax=10
RMSE Eb: 0.589
RMSE Rch: 0.014
MAPE Eb: 0.486
MAPE Rch: 0.405
--------------------------------------------------
**************************************************
Z=8, N=9, emax=8
RMSE Eb: 0.574
RMSE Rch: 0.005
MAPE Eb: 0.416
MAPE Rch: 0.159
--------------------------------------------------
**************************************************
Z=8, N=9, emax=6
RMSE Eb: 0.661
RMSE Rch: 0.006
MAPE Eb: 0.566
MAPE Rch: 0.182
--------------------------------------------------
**************************************************
Z=8, N=9, emax=4
RMSE Eb: 0.639
RMSE Rch: 0.009
MAPE Eb: 0.679
MAPE Rch: 0.246
--------------------------------------------------
**************************************************
Z=8, N=9, emax=10
RMSE Eb: 0.574
RMSE Rch: 0.007
MAPE Eb: 0.424
MAPE Rch: 0.206
--------------------------------------------------
**************************************************
Z=8, N=10, emax=4
RMSE Eb: 0.603
RMSE Rch: 0.006
MAPE Eb: 0.659
MAPE Rch: 0.173
--------------------------------------------------
**************************************************
Z=8, N=10, emax=10
RMSE Eb: 0.599
RMSE Rch: 0.005
MAPE Eb: 0.370
MAPE Rch: 0.178
--------------------------------------------------
**************************************************
Z=8, N=10, emax=6
RMSE Eb: 0.686
RMSE Rch: 0.008
MAPE Eb: 0.594
MAPE Rch: 0.230
--------------------------------------------------
**************************************************
Z=8, N=10, emax=8
RMSE Eb: 0.786
RMSE Rch: 0.005
MAPE Eb: 0.550
MAPE Rch: 0.155
--------------------------------------------------
**************************************************
Z=8, N=11, emax=4
RMSE Eb: 0.737
RMSE Rch: 0.008
MAPE Eb: 0.760
MAPE Rch: 0.227
--------------------------------------------------
**************************************************
Z=8, N=11, emax=6
RMSE Eb: 0.579
RMSE Rch: 0.008
MAPE Eb: 0.468
MAPE Rch: 0.236
--------------------------------------------------
**************************************************
Z=8, N=11, emax=8
RMSE Eb: 0.633
RMSE Rch: 0.006
MAPE Eb: 0.423
MAPE Rch: 0.167
--------------------------------------------------
**************************************************
Z=8, N=11, emax=10
RMSE Eb: 0.761
RMSE Rch: 0.004
MAPE Eb: 0.567
MAPE Rch: 0.116
--------------------------------------------------
**************************************************
Z=8, N=12, emax=6
RMSE Eb: 0.495
RMSE Rch: 0.005
MAPE Eb: 0.338
MAPE Rch: 0.127
--------------------------------------------------
**************************************************
Z=8, N=12, emax=4
RMSE Eb: 0.650
RMSE Rch: 0.008
MAPE Eb: 0.663
MAPE Rch: 0.237
--------------------------------------------------
**************************************************
Z=8, N=12, emax=8
RMSE Eb: 0.664
RMSE Rch: 0.005
MAPE Eb: 0.467
MAPE Rch: 0.144
--------------------------------------------------
**************************************************
Z=8, N=12, emax=10
RMSE Eb: 0.437
RMSE Rch: 0.007
MAPE Eb: 0.308
MAPE Rch: 0.219
--------------------------------------------------
**************************************************
Z=8, N=13, emax=8
RMSE Eb: 0.840
RMSE Rch: 0.005
MAPE Eb: 0.559
MAPE Rch: 0.134
--------------------------------------------------
**************************************************
Z=8, N=13, emax=4
RMSE Eb: 0.845
RMSE Rch: 0.006
MAPE Eb: 0.917
MAPE Rch: 0.165
--------------------------------------------------
**************************************************
Z=8, N=13, emax=10
RMSE Eb: 0.749
RMSE Rch: 0.007
MAPE Eb: 0.507
MAPE Rch: 0.211
--------------------------------------------------
**************************************************
Z=8, N=13, emax=6
RMSE Eb: 0.678
RMSE Rch: 0.006
MAPE Eb: 0.508
MAPE Rch: 0.170
--------------------------------------------------
**************************************************
Z=8, N=14, emax=8
RMSE Eb: 0.876
RMSE Rch: 0.010
MAPE Eb: 0.525
MAPE Rch: 0.226
--------------------------------------------------
**************************************************
Z=8, N=14, emax=4
RMSE Eb: 0.796
RMSE Rch: 0.008
MAPE Eb: 0.807
MAPE Rch: 0.222
--------------------------------------------------
**************************************************
Z=8, N=14, emax=6
RMSE Eb: 0.588
RMSE Rch: 0.005
MAPE Eb: 0.407
MAPE Rch: 0.135
--------------------------------------------------
**************************************************
Z=8, N=14, emax=10
RMSE Eb: 0.699
RMSE Rch: 0.010
MAPE Eb: 0.460
MAPE Rch: 0.267
--------------------------------------------------
**************************************************
Z=8, N=15, emax=8
RMSE Eb: 0.783
RMSE Rch: 0.004
MAPE Eb: 0.483
MAPE Rch: 0.119
--------------------------------------------------
**************************************************
Z=8, N=15, emax=4
RMSE Eb: 0.998
RMSE Rch: 0.007
MAPE Eb: 0.912
MAPE Rch: 0.200
--------------------------------------------------
**************************************************
Z=8, N=15, emax=6
RMSE Eb: 0.616
RMSE Rch: 0.006
MAPE Eb: 0.428
MAPE Rch: 0.160
--------------------------------------------------
**************************************************
Z=8, N=15, emax=10
RMSE Eb: 0.951
RMSE Rch: 0.009
MAPE Eb: 0.476
MAPE Rch: 0.244
--------------------------------------------------
**************************************************
Z=8, N=16, emax=8
RMSE Eb: 0.827
RMSE Rch: 0.007
MAPE Eb: 0.514
MAPE Rch: 0.198
--------------------------------------------------
**************************************************
Z=8, N=16, emax=6
RMSE Eb: 0.681
RMSE Rch: 0.006
MAPE Eb: 0.454
MAPE Rch: 0.176
--------------------------------------------------
**************************************************
Z=8, N=16, emax=10
RMSE Eb: 0.924
RMSE Rch: 0.006
MAPE Eb: 0.481
MAPE Rch: 0.174
--------------------------------------------------
**************************************************
Z=8, N=16, emax=4
RMSE Eb: 1.106
RMSE Rch: 0.010
MAPE Eb: 1.092
MAPE Rch: 0.277
--------------------------------------------------
Finished VAL for AE n=175
**************************************************
Z=8, N=4, emax=6
RMSE Eb: 0.554
RMSE Rch: 0.010
MAPE Eb: 0.997
MAPE Rch: 0.474
--------------------------------------------------
**************************************************
Z=8, N=4, emax=8
RMSE Eb: 0.653
RMSE Rch: 0.018
MAPE Eb: 1.005
MAPE Rch: 0.800
--------------------------------------------------
**************************************************
Z=8, N=4, emax=4
RMSE Eb: 0.544
RMSE Rch: 0.007
MAPE Eb: 1.508
MAPE Rch: 0.340
--------------------------------------------------
**************************************************
Z=8, N=4, emax=10
RMSE Eb: 0.719
RMSE Rch: 0.023
MAPE Eb: 0.985
MAPE Rch: 1.133
--------------------------------------------------
**************************************************
Z=8, N=5, emax=4
RMSE Eb: 0.566
RMSE Rch: 0.007
MAPE Eb: 1.183
MAPE Rch: 0.319
--------------------------------------------------
**************************************************
Z=8, N=5, emax=8
RMSE Eb: 0.709
RMSE Rch: 0.014
MAPE Eb: 0.876
MAPE Rch: 0.664
--------------------------------------------------
**************************************************
Z=8, N=5, emax=6
RMSE Eb: 0.506
RMSE Rch: 0.009
MAPE Eb: 0.765
MAPE Rch: 0.422
--------------------------------------------------
**************************************************
Z=8, N=5, emax=10
RMSE Eb: 0.777
RMSE Rch: 0.017
MAPE Eb: 0.741
MAPE Rch: 0.825
--------------------------------------------------
**************************************************
Z=8, N=6, emax=4
RMSE Eb: 0.573
RMSE Rch: 0.007
MAPE Eb: 0.815
MAPE Rch: 0.314
--------------------------------------------------
**************************************************
Z=8, N=6, emax=8
RMSE Eb: 0.809
RMSE Rch: 0.012
MAPE Eb: 0.590
MAPE Rch: 0.551
--------------------------------------------------
**************************************************
Z=8, N=6, emax=6
RMSE Eb: 0.571
RMSE Rch: 0.009
MAPE Eb: 0.643
MAPE Rch: 0.405
--------------------------------------------------
**************************************************
Z=8, N=6, emax=10
RMSE Eb: 0.651
RMSE Rch: 0.009
MAPE Eb: 0.618
MAPE Rch: 0.446
--------------------------------------------------
**************************************************
Z=8, N=7, emax=4
RMSE Eb: 0.606
RMSE Rch: 0.008
MAPE Eb: 0.748
MAPE Rch: 0.392
--------------------------------------------------
**************************************************
Z=8, N=7, emax=8
RMSE Eb: 0.841
RMSE Rch: 0.009
MAPE Eb: 0.695
MAPE Rch: 0.456
--------------------------------------------------
**************************************************
Z=8, N=7, emax=6
RMSE Eb: 0.552
RMSE Rch: 0.007
MAPE Eb: 0.528
MAPE Rch: 0.341
--------------------------------------------------
**************************************************
Z=8, N=7, emax=10
RMSE Eb: 0.571
RMSE Rch: 0.008
MAPE Eb: 0.457
MAPE Rch: 0.494
--------------------------------------------------
**************************************************
Z=8, N=8, emax=4
RMSE Eb: 0.640
RMSE Rch: 0.008
MAPE Eb: 0.651
MAPE Rch: 0.211
--------------------------------------------------
**************************************************
Z=8, N=8, emax=6
RMSE Eb: 0.585
RMSE Rch: 0.008
MAPE Eb: 0.461
MAPE Rch: 0.214
--------------------------------------------------
**************************************************
Z=8, N=8, emax=8
RMSE Eb: 0.651
RMSE Rch: 0.008
MAPE Eb: 0.497
MAPE Rch: 0.211
--------------------------------------------------
**************************************************
Z=8, N=8, emax=10
RMSE Eb: 0.650
RMSE Rch: 0.013
MAPE Eb: 0.409
MAPE Rch: 0.374
--------------------------------------------------
**************************************************
Z=8, N=9, emax=4
RMSE Eb: 0.765
RMSE Rch: 0.007
MAPE Eb: 0.854
MAPE Rch: 0.206
--------------------------------------------------
**************************************************
Z=8, N=9, emax=8
RMSE Eb: 0.674
RMSE Rch: 0.007
MAPE Eb: 0.509
MAPE Rch: 0.204
--------------------------------------------------
**************************************************
Z=8, N=9, emax=6
RMSE Eb: 0.648
RMSE Rch: 0.006
MAPE Eb: 0.566
MAPE Rch: 0.156
--------------------------------------------------
**************************************************
Z=8, N=9, emax=10
RMSE Eb: 0.713
RMSE Rch: 0.006
MAPE Eb: 0.396
MAPE Rch: 0.145
--------------------------------------------------
**************************************************
Z=8, N=10, emax=4
RMSE Eb: 0.792
RMSE Rch: 0.007
MAPE Eb: 0.825
MAPE Rch: 0.201
--------------------------------------------------
**************************************************
Z=8, N=10, emax=6
RMSE Eb: 0.641
RMSE Rch: 0.007
MAPE Eb: 0.524
MAPE Rch: 0.226
--------------------------------------------------
**************************************************
Z=8, N=10, emax=8
RMSE Eb: 0.692
RMSE Rch: 0.006
MAPE Eb: 0.471
MAPE Rch: 0.175
--------------------------------------------------
**************************************************
Z=8, N=10, emax=10
RMSE Eb: 0.773
RMSE Rch: 0.003
MAPE Eb: 0.448
MAPE Rch: 0.092
--------------------------------------------------
**************************************************
Z=8, N=11, emax=8
RMSE Eb: 0.656
RMSE Rch: 0.007
MAPE Eb: 0.431
MAPE Rch: 0.188
--------------------------------------------------
**************************************************
Z=8, N=11, emax=4
RMSE Eb: 0.627
RMSE Rch: 0.006
MAPE Eb: 0.689
MAPE Rch: 0.174
--------------------------------------------------
**************************************************
Z=8, N=11, emax=6
RMSE Eb: 0.565
RMSE Rch: 0.008
MAPE Eb: 0.430
MAPE Rch: 0.214
--------------------------------------------------
**************************************************
Z=8, N=11, emax=10
RMSE Eb: 0.664
RMSE Rch: 0.005
MAPE Eb: 0.420
MAPE Rch: 0.131
--------------------------------------------------
**************************************************
Z=8, N=12, emax=6
RMSE Eb: 0.528
RMSE Rch: 0.005
MAPE Eb: 0.386
MAPE Rch: 0.137
--------------------------------------------------
**************************************************
Z=8, N=12, emax=8
RMSE Eb: 0.786
RMSE Rch: 0.005
MAPE Eb: 0.507
MAPE Rch: 0.135
--------------------------------------------------
**************************************************
Z=8, N=12, emax=4
RMSE Eb: 0.768
RMSE Rch: 0.007
MAPE Eb: 0.802
MAPE Rch: 0.208
--------------------------------------------------
**************************************************
Z=8, N=12, emax=10
RMSE Eb: 0.847
RMSE Rch: 0.006
MAPE Eb: 0.594
MAPE Rch: 0.180
--------------------------------------------------
**************************************************
Z=8, N=13, emax=8
RMSE Eb: 0.787
RMSE Rch: 0.006
MAPE Eb: 0.502
MAPE Rch: 0.167
--------------------------------------------------
**************************************************
Z=8, N=13, emax=4
RMSE Eb: 0.708
RMSE Rch: 0.007
MAPE Eb: 0.716
MAPE Rch: 0.199
--------------------------------------------------
**************************************************
Z=8, N=13, emax=6
RMSE Eb: 0.548
RMSE Rch: 0.005
MAPE Eb: 0.416
MAPE Rch: 0.135
--------------------------------------------------
**************************************************
Z=8, N=13, emax=10
RMSE Eb: 0.820
RMSE Rch: 0.010
MAPE Eb: 0.505
MAPE Rch: 0.290
--------------------------------------------------
**************************************************
Z=8, N=14, emax=6
RMSE Eb: 0.776
RMSE Rch: 0.005
MAPE Eb: 0.497
MAPE Rch: 0.140
--------------------------------------------------
**************************************************
Z=8, N=14, emax=10
RMSE Eb: 0.900
RMSE Rch: 0.012
MAPE Eb: 0.525
MAPE Rch: 0.333
--------------------------------------------------
**************************************************
Z=8, N=14, emax=4
RMSE Eb: 0.692
RMSE Rch: 0.009
MAPE Eb: 0.646
MAPE Rch: 0.233
--------------------------------------------------
**************************************************
Z=8, N=14, emax=8
RMSE Eb: 0.761
RMSE Rch: 0.008
MAPE Eb: 0.454
MAPE Rch: 0.200
--------------------------------------------------
**************************************************
Z=8, N=15, emax=8
RMSE Eb: 0.819
RMSE Rch: 0.006
MAPE Eb: 0.515
MAPE Rch: 0.153
--------------------------------------------------
**************************************************
Z=8, N=15, emax=6
RMSE Eb: 0.827
RMSE Rch: 0.006
MAPE Eb: 0.592
MAPE Rch: 0.166
--------------------------------------------------
**************************************************
Z=8, N=15, emax=4
RMSE Eb: 0.815
RMSE Rch: 0.006
MAPE Eb: 0.794
MAPE Rch: 0.168
--------------------------------------------------
**************************************************
Z=8, N=15, emax=10
RMSE Eb: 0.917
RMSE Rch: 0.010
MAPE Eb: 0.538
MAPE Rch: 0.252
--------------------------------------------------
**************************************************
Z=8, N=16, emax=4
RMSE Eb: 1.002
RMSE Rch: 0.008
MAPE Eb: 0.976
MAPE Rch: 0.221
--------------------------------------------------
**************************************************
Z=8, N=16, emax=8
RMSE Eb: 0.888
RMSE Rch: 0.007
MAPE Eb: 0.538
MAPE Rch: 0.190
--------------------------------------------------
**************************************************
Z=8, N=16, emax=6
RMSE Eb: 0.776
RMSE Rch: 0.006
MAPE Eb: 0.553
MAPE Rch: 0.166
--------------------------------------------------
**************************************************
Z=8, N=16, emax=10
RMSE Eb: 1.020
RMSE Rch: 0.012
MAPE Eb: 0.587
MAPE Rch: 0.286
--------------------------------------------------
