Activated conda environment
[DataLoader] Found 13 files matching the pattern.
[DataLoader] Combined data shape: (17234, 35)
[Preprocess] Data split => train: (11029, 35), val: (2758, 35), test: (3447, 35)
[Preprocess] Processed fidelity 4 (index 0): 3758 samples.
[Preprocess] Processed fidelity 6 (index 1): 3346 samples.
[Preprocess] Processed fidelity 8 (index 2): 3194 samples.
[Preprocess] Processed fidelity 10 (index 3): 731 samples.
[Preprocess] Processed fidelity 4 (index 0): 949 samples.
[Preprocess] Processed fidelity 6 (index 1): 833 samples.
[Preprocess] Processed fidelity 8 (index 2): 801 samples.
[Preprocess] Processed fidelity 10 (index 3): 175 samples.
Fidelity levels: [4, 6, 8, 10]
[Trainer] Starting BNN training...
[Trainer] No improvement. Iteration 7100. Early stopping counter: 1, LR counter: 1
[Trainer] No improvement. Iteration 7400. Early stopping counter: 1, LR counter: 1
[Trainer] No improvement. Iteration 7500. Early stopping counter: 2, LR counter: 2
[Trainer] No improvement. Iteration 7600. Early stopping counter: 3, LR counter: 3
[Trainer] No improvement. Iteration 7700. Early stopping counter: 4, LR counter: 4
[Trainer] No improvement. Iteration 7800. Early stopping counter: 5, LR counter: 5
[Trainer] No improvement. Iteration 7900. Early stopping counter: 6, LR counter: 6
[Trainer] No improvement. Iteration 8200. Early stopping counter: 1, LR counter: 1
[Trainer] No improvement. Iteration 8300. Early stopping counter: 2, LR counter: 2
[Trainer] No improvement. Iteration 8900. Early stopping counter: 1, LR counter: 1
[Trainer] No improvement. Iteration 9000. Early stopping counter: 2, LR counter: 2
[Trainer] No improvement. Iteration 9100. Early stopping counter: 3, LR counter: 3
[Trainer] No improvement. Iteration 9200. Early stopping counter: 4, LR counter: 4
[Trainer] No improvement. Iteration 9300. Early stopping counter: 5, LR counter: 5
[Trainer] No improvement. Iteration 9400. Early stopping counter: 6, LR counter: 6
[Trainer] No improvement. Iteration 9800. Early stopping counter: 1, LR counter: 1
[Trainer] No improvement. Iteration 10100. Early stopping counter: 1, LR counter: 1
[Trainer] No improvement. Iteration 10200. Early stopping counter: 2, LR counter: 2
[Trainer] No improvement. Iteration 10300. Early stopping counter: 3, LR counter: 3
[Trainer] No improvement. Iteration 10400. Early stopping counter: 4, LR counter: 4
[Trainer] No improvement. Iteration 10600. Early stopping counter: 1, LR counter: 1
[Trainer] No improvement. Iteration 10700. Early stopping counter: 2, LR counter: 2
[Trainer] No improvement. Iteration 10800. Early stopping counter: 3, LR counter: 3
[Trainer] No improvement. Iteration 10900. Early stopping counter: 4, LR counter: 4
[Trainer] No improvement. Iteration 11000. Early stopping counter: 5, LR counter: 5
[Trainer] No improvement. Iteration 11300. Early stopping counter: 1, LR counter: 1
[Trainer] No improvement. Iteration 11500. Early stopping counter: 1, LR counter: 1
[Trainer] No improvement. Iteration 11600. Early stopping counter: 2, LR counter: 2
[Trainer] No improvement. Iteration 11700. Early stopping counter: 3, LR counter: 3
[Trainer] No improvement. Iteration 11800. Early stopping counter: 4, LR counter: 4
[Trainer] No improvement. Iteration 11900. Early stopping counter: 5, LR counter: 5
[Trainer] No improvement. Iteration 12000. Early stopping counter: 6, LR counter: 6
[Trainer] No improvement. Iteration 12100. Early stopping counter: 7, LR counter: 7
[Trainer] No improvement. Iteration 12200. Early stopping counter: 8, LR counter: 8
[Trainer] No improvement. Iteration 12300. Early stopping counter: 9, LR counter: 9
[Trainer] No improvement. Iteration 12400. Early stopping counter: 10, LR counter: 10
[Trainer] No improvement. Iteration 12500. Early stopping counter: 11, LR counter: 11
[Trainer] No improvement. Iteration 12600. Early stopping counter: 12, LR counter: 12
[Trainer] No improvement. Iteration 12700. Early stopping counter: 13, LR counter: 13
[Trainer] No improvement. Iteration 12800. Early stopping counter: 14, LR counter: 14
[Trainer] No improvement. Iteration 12900. Early stopping counter: 15, LR counter: 15
[Trainer] No improvement. Iteration 13000. Early stopping counter: 16, LR counter: 16
[Trainer] No improvement. Iteration 13100. Early stopping counter: 17, LR counter: 17
[Trainer] No improvement. Iteration 13200. Early stopping counter: 18, LR counter: 18
[Trainer] No improvement. Iteration 13300. Early stopping counter: 19, LR counter: 19
[Trainer] No improvement. Iteration 13400. Early stopping counter: 20, LR counter: 20
[Trainer] No improvement. Iteration 13500. Early stopping counter: 21, LR counter: 21
[Trainer] No improvement. Iteration 13600. Early stopping counter: 22, LR counter: 22
[Trainer] No improvement. Iteration 13700. Early stopping counter: 23, LR counter: 23
[Trainer] No improvement. Iteration 13800. Early stopping counter: 24, LR counter: 24
[Trainer] No improvement. Iteration 13900. Early stopping counter: 25, LR counter: 25
[Trainer] Learning rate reduced to: 0.000010
[Trainer] No improvement. Iteration 14000. Early stopping counter: 26, LR counter: 1
[Trainer] No improvement. Iteration 14100. Early stopping counter: 27, LR counter: 2
[Trainer] No improvement. Iteration 14200. Early stopping counter: 28, LR counter: 3
[Trainer] No improvement. Iteration 14300. Early stopping counter: 29, LR counter: 4
[Trainer] No improvement. Iteration 14400. Early stopping counter: 30, LR counter: 5
[Trainer] No improvement. Iteration 14500. Early stopping counter: 31, LR counter: 6
[Trainer] No improvement. Iteration 14600. Early stopping counter: 32, LR counter: 7
[Trainer] No improvement. Iteration 14700. Early stopping counter: 33, LR counter: 8
[Trainer] No improvement. Iteration 15000. Early stopping counter: 1, LR counter: 1
[Trainer] No improvement. Iteration 15300. Early stopping counter: 1, LR counter: 1
[Trainer] No improvement. Iteration 15400. Early stopping counter: 2, LR counter: 2
[Trainer] No improvement. Iteration 15500. Early stopping counter: 3, LR counter: 3
[Trainer] No improvement. Iteration 15800. Early stopping counter: 1, LR counter: 1
[Trainer] No improvement. Iteration 15900. Early stopping counter: 2, LR counter: 2
[Trainer] No improvement. Iteration 16000. Early stopping counter: 3, LR counter: 3
[Trainer] No improvement. Iteration 16100. Early stopping counter: 4, LR counter: 4
[Trainer] No improvement. Iteration 16200. Early stopping counter: 5, LR counter: 5
[Trainer] No improvement. Iteration 16300. Early stopping counter: 6, LR counter: 6
[Trainer] No improvement. Iteration 16400. Early stopping counter: 7, LR counter: 7
[Trainer] No improvement. Iteration 16500. Early stopping counter: 8, LR counter: 8
[Trainer] No improvement. Iteration 16600. Early stopping counter: 9, LR counter: 9
[Trainer] No improvement. Iteration 16700. Early stopping counter: 10, LR counter: 10
[Trainer] No improvement. Iteration 16800. Early stopping counter: 11, LR counter: 11
[Trainer] No improvement. Iteration 16900. Early stopping counter: 12, LR counter: 12
[Trainer] No improvement. Iteration 17000. Early stopping counter: 13, LR counter: 13
[Trainer] No improvement. Iteration 17100. Early stopping counter: 14, LR counter: 14
[Trainer] No improvement. Iteration 17200. Early stopping counter: 15, LR counter: 15
[Trainer] No improvement. Iteration 17300. Early stopping counter: 16, LR counter: 16
[Trainer] No improvement. Iteration 17400. Early stopping counter: 17, LR counter: 17
[Trainer] No improvement. Iteration 17500. Early stopping counter: 18, LR counter: 18
[Trainer] No improvement. Iteration 17900. Early stopping counter: 1, LR counter: 1
[Trainer] No improvement. Iteration 18000. Early stopping counter: 2, LR counter: 2
[Trainer] No improvement. Iteration 18100. Early stopping counter: 3, LR counter: 3
[Trainer] No improvement. Iteration 18200. Early stopping counter: 4, LR counter: 4
[Trainer] No improvement. Iteration 18300. Early stopping counter: 5, LR counter: 5
[Trainer] No improvement. Iteration 18400. Early stopping counter: 6, LR counter: 6
[Trainer] No improvement. Iteration 18500. Early stopping counter: 7, LR counter: 7
[Trainer] No improvement. Iteration 18600. Early stopping counter: 8, LR counter: 8
[Trainer] No improvement. Iteration 18700. Early stopping counter: 9, LR counter: 9
[Trainer] No improvement. Iteration 18800. Early stopping counter: 10, LR counter: 10
[Trainer] No improvement. Iteration 18900. Early stopping counter: 11, LR counter: 11
[Trainer] No improvement. Iteration 19000. Early stopping counter: 12, LR counter: 12
[Trainer] No improvement. Iteration 19100. Early stopping counter: 13, LR counter: 13
[Trainer] No improvement. Iteration 19200. Early stopping counter: 14, LR counter: 14
[Trainer] No improvement. Iteration 19300. Early stopping counter: 15, LR counter: 15
[Trainer] No improvement. Iteration 19500. Early stopping counter: 1, LR counter: 1
[Trainer] No improvement. Iteration 19600. Early stopping counter: 2, LR counter: 2
[Trainer] No improvement. Iteration 19700. Early stopping counter: 3, LR counter: 3
[Trainer] No improvement. Iteration 19800. Early stopping counter: 4, LR counter: 4
[Trainer] No improvement. Iteration 19900. Early stopping counter: 5, LR counter: 5
[Trainer] No improvement. Iteration 20000. Early stopping counter: 6, LR counter: 6
[Trainer] No improvement. Iteration 20100. Early stopping counter: 7, LR counter: 7
[Trainer] No improvement. Iteration 20500. Early stopping counter: 1, LR counter: 1
[Trainer] No improvement. Iteration 20600. Early stopping counter: 2, LR counter: 2
[Trainer] No improvement. Iteration 20700. Early stopping counter: 3, LR counter: 3
[Trainer] No improvement. Iteration 20800. Early stopping counter: 4, LR counter: 4
[Trainer] No improvement. Iteration 20900. Early stopping counter: 5, LR counter: 5
[Trainer] No improvement. Iteration 21000. Early stopping counter: 6, LR counter: 6
[Trainer] No improvement. Iteration 21100. Early stopping counter: 7, LR counter: 7
[Trainer] No improvement. Iteration 21200. Early stopping counter: 8, LR counter: 8
[Trainer] No improvement. Iteration 21300. Early stopping counter: 9, LR counter: 9
[Trainer] No improvement. Iteration 21400. Early stopping counter: 10, LR counter: 10
[Trainer] No improvement. Iteration 21500. Early stopping counter: 11, LR counter: 11
[Trainer] No improvement. Iteration 21600. Early stopping counter: 12, LR counter: 12
[Trainer] No improvement. Iteration 21700. Early stopping counter: 13, LR counter: 13
[Trainer] No improvement. Iteration 21800. Early stopping counter: 14, LR counter: 14
[Trainer] No improvement. Iteration 21900. Early stopping counter: 15, LR counter: 15
[Trainer] No improvement. Iteration 22000. Early stopping counter: 16, LR counter: 16
[Trainer] No improvement. Iteration 22100. Early stopping counter: 17, LR counter: 17
[Trainer] No improvement. Iteration 22200. Early stopping counter: 18, LR counter: 18
[Trainer] No improvement. Iteration 22300. Early stopping counter: 19, LR counter: 19
[Trainer] No improvement. Iteration 22400. Early stopping counter: 20, LR counter: 20
[Trainer] No improvement. Iteration 22500. Early stopping counter: 21, LR counter: 21
[Trainer] No improvement. Iteration 22600. Early stopping counter: 22, LR counter: 22
[Trainer] No improvement. Iteration 22700. Early stopping counter: 23, LR counter: 23
[Trainer] No improvement. Iteration 22800. Early stopping counter: 24, LR counter: 24
[Trainer] No improvement. Iteration 22900. Early stopping counter: 25, LR counter: 25
[Trainer] Learning rate reduced to: 0.000001
[Trainer] No improvement. Iteration 23000. Early stopping counter: 26, LR counter: 1
[Trainer] No improvement. Iteration 23100. Early stopping counter: 27, LR counter: 2
[Trainer] No improvement. Iteration 23200. Early stopping counter: 28, LR counter: 3
[Trainer] No improvement. Iteration 23400. Early stopping counter: 1, LR counter: 1
[Trainer] No improvement. Iteration 23500. Early stopping counter: 2, LR counter: 2
[Trainer] No improvement. Iteration 23800. Early stopping counter: 1, LR counter: 1
[Trainer] No improvement. Iteration 23900. Early stopping counter: 2, LR counter: 2
[Trainer] No improvement. Iteration 24000. Early stopping counter: 3, LR counter: 3
[Trainer] No improvement. Iteration 24100. Early stopping counter: 4, LR counter: 4
[Trainer] No improvement. Iteration 24200. Early stopping counter: 5, LR counter: 5
[Trainer] No improvement. Iteration 24300. Early stopping counter: 6, LR counter: 6
[Trainer] No improvement. Iteration 24400. Early stopping counter: 7, LR counter: 7
[Trainer] No improvement. Iteration 24500. Early stopping counter: 8, LR counter: 8
[Trainer] No improvement. Iteration 24600. Early stopping counter: 9, LR counter: 9
[Trainer] No improvement. Iteration 24700. Early stopping counter: 10, LR counter: 10
[Trainer] No improvement. Iteration 24800. Early stopping counter: 11, LR counter: 11
[Trainer] No improvement. Iteration 24900. Early stopping counter: 12, LR counter: 12
[Trainer] No improvement. Iteration 25000. Early stopping counter: 13, LR counter: 13
[Trainer] No improvement. Iteration 25100. Early stopping counter: 14, LR counter: 14
[Trainer] No improvement. Iteration 25200. Early stopping counter: 15, LR counter: 15
[Trainer] No improvement. Iteration 25300. Early stopping counter: 16, LR counter: 16
[Trainer] No improvement. Iteration 25400. Early stopping counter: 17, LR counter: 17
[Trainer] No improvement. Iteration 25500. Early stopping counter: 18, LR counter: 18
[Trainer] No improvement. Iteration 25600. Early stopping counter: 19, LR counter: 19
[Trainer] No improvement. Iteration 25700. Early stopping counter: 20, LR counter: 20
[Trainer] No improvement. Iteration 25800. Early stopping counter: 21, LR counter: 21
[Trainer] No improvement. Iteration 25900. Early stopping counter: 22, LR counter: 22
[Trainer] No improvement. Iteration 26000. Early stopping counter: 23, LR counter: 23
[Trainer] No improvement. Iteration 26100. Early stopping counter: 24, LR counter: 24
[Trainer] No improvement. Iteration 26200. Early stopping counter: 25, LR counter: 25
[Trainer] Learning rate reduced to: 0.000000
[Trainer] No improvement. Iteration 26300. Early stopping counter: 26, LR counter: 1
[Trainer] No improvement. Iteration 26400. Early stopping counter: 27, LR counter: 2
[Trainer] No improvement. Iteration 26500. Early stopping counter: 28, LR counter: 3
[Trainer] No improvement. Iteration 26600. Early stopping counter: 29, LR counter: 4
[Trainer] No improvement. Iteration 26700. Early stopping counter: 30, LR counter: 5
[Trainer] No improvement. Iteration 26800. Early stopping counter: 31, LR counter: 6
[Trainer] No improvement. Iteration 26900. Early stopping counter: 32, LR counter: 7
[Trainer] No improvement. Iteration 27000. Early stopping counter: 33, LR counter: 8
[Trainer] No improvement. Iteration 27100. Early stopping counter: 34, LR counter: 9
[Trainer] No improvement. Iteration 27200. Early stopping counter: 35, LR counter: 10
[Trainer] No improvement. Iteration 27300. Early stopping counter: 36, LR counter: 11
[Trainer] No improvement. Iteration 27400. Early stopping counter: 37, LR counter: 12
[Trainer] No improvement. Iteration 27500. Early stopping counter: 38, LR counter: 13
[Trainer] No improvement. Iteration 27600. Early stopping counter: 39, LR counter: 14
[Trainer] No improvement. Iteration 27700. Early stopping counter: 40, LR counter: 15
[Trainer] No improvement. Iteration 27800. Early stopping counter: 41, LR counter: 16
[Trainer] No improvement. Iteration 27900. Early stopping counter: 42, LR counter: 17
[Trainer] No improvement. Iteration 28000. Early stopping counter: 43, LR counter: 18
[Trainer] No improvement. Iteration 28100. Early stopping counter: 44, LR counter: 19
[Trainer] No improvement. Iteration 28200. Early stopping counter: 45, LR counter: 20
[Trainer] No improvement. Iteration 28300. Early stopping counter: 46, LR counter: 21
[Trainer] No improvement. Iteration 28400. Early stopping counter: 47, LR counter: 22
[Trainer] No improvement. Iteration 28500. Early stopping counter: 48, LR counter: 23
[Trainer] No improvement. Iteration 28600. Early stopping counter: 49, LR counter: 24
[Trainer] No improvement. Iteration 28700. Early stopping counter: 50, LR counter: 25
[Trainer] Learning rate reduced to: 0.000000
[Trainer] Early stopping triggered.
[Trainer] Training completed.
[Trainer] Calibrating temperatures on validation set...
[Trainer] Temperature calibration finished. Calibrated temperatures: {4: 1.2102445363998413, 6: 1.1225684881210327, 8: 1.1905664205551147, 10: 1.4632790088653564}
[Trainer] BNN training completed.
**************************************************
Z=8, N=4, emax=4
RMSE Eb: 0.422
RMSE Rch: 0.019
MAPE Eb: 1.342
MAPE Rch: 0.992
--------------------------------------------------
**************************************************
Z=8, N=4, emax=10
RMSE Eb: 0.814
RMSE Rch: 0.040
MAPE Eb: 1.126
MAPE Rch: 1.807
--------------------------------------------------
**************************************************
Z=8, N=4, emax=6
RMSE Eb: 0.831
RMSE Rch: 0.026
MAPE Eb: 1.616
MAPE Rch: 1.467
--------------------------------------------------
**************************************************
Z=8, N=4, emax=8
RMSE Eb: 0.966
RMSE Rch: 0.031
MAPE Eb: 1.637
MAPE Rch: 1.501
--------------------------------------------------
**************************************************
Z=8, N=5, emax=8
RMSE Eb: 0.944
RMSE Rch: 0.029
MAPE Eb: 1.230
MAPE Rch: 1.560
--------------------------------------------------
**************************************************
Z=8, N=5, emax=6
RMSE Eb: 1.005
RMSE Rch: 0.025
MAPE Eb: 1.607
MAPE Rch: 1.400
--------------------------------------------------
**************************************************
Z=8, N=5, emax=4
RMSE Eb: 0.507
RMSE Rch: 0.022
MAPE Eb: 1.083
MAPE Rch: 1.208
--------------------------------------------------
**************************************************
Z=8, N=5, emax=10
RMSE Eb: 1.141
RMSE Rch: 0.018
MAPE Eb: 1.295
MAPE Rch: 0.902
--------------------------------------------------
**************************************************
Z=8, N=6, emax=4
RMSE Eb: 0.464
RMSE Rch: 0.015
MAPE Eb: 0.680
MAPE Rch: 0.827
--------------------------------------------------
**************************************************
Z=8, N=6, emax=6
RMSE Eb: 0.844
RMSE Rch: 0.021
MAPE Eb: 0.987
MAPE Rch: 1.111
--------------------------------------------------
**************************************************
Z=8, N=6, emax=8
RMSE Eb: 1.022
RMSE Rch: 0.022
MAPE Eb: 0.891
MAPE Rch: 1.237
--------------------------------------------------
**************************************************
Z=8, N=6, emax=10
RMSE Eb: 0.871
RMSE Rch: 0.018
MAPE Eb: 0.815
MAPE Rch: 0.892
--------------------------------------------------
**************************************************
Z=8, N=7, emax=8
RMSE Eb: 1.260
RMSE Rch: 0.013
MAPE Eb: 1.045
MAPE Rch: 0.712
--------------------------------------------------
**************************************************
Z=8, N=7, emax=10
RMSE Eb: 1.049
RMSE Rch: 0.013
MAPE Eb: 0.812
MAPE Rch: 0.739
--------------------------------------------------
**************************************************
Z=8, N=7, emax=6
RMSE Eb: 0.777
RMSE Rch: 0.016
MAPE Eb: 0.681
MAPE Rch: 0.899
--------------------------------------------------
**************************************************
Z=8, N=7, emax=4
RMSE Eb: 0.678
RMSE Rch: 0.010
MAPE Eb: 0.768
MAPE Rch: 0.489
--------------------------------------------------
**************************************************
Z=8, N=8, emax=4
RMSE Eb: 0.495
RMSE Rch: 0.007
MAPE Eb: 0.533
MAPE Rch: 0.191
--------------------------------------------------
**************************************************
Z=8, N=8, emax=8
RMSE Eb: 0.840
RMSE Rch: 0.016
MAPE Eb: 0.630
MAPE Rch: 0.440
--------------------------------------------------
**************************************************
Z=8, N=8, emax=6
RMSE Eb: 0.741
RMSE Rch: 0.008
MAPE Eb: 0.650
MAPE Rch: 0.210
--------------------------------------------------
**************************************************
Z=8, N=8, emax=10
RMSE Eb: 0.759
RMSE Rch: 0.013
MAPE Eb: 0.561
MAPE Rch: 0.399
--------------------------------------------------
**************************************************
Z=8, N=9, emax=8
RMSE Eb: 1.159
RMSE Rch: 0.008
MAPE Eb: 0.929
MAPE Rch: 0.222
--------------------------------------------------
**************************************************
Z=8, N=9, emax=6
RMSE Eb: 1.089
RMSE Rch: 0.007
MAPE Eb: 0.969
MAPE Rch: 0.195
--------------------------------------------------
**************************************************
Z=8, N=9, emax=4
RMSE Eb: 0.669
RMSE Rch: 0.005
MAPE Eb: 0.647
MAPE Rch: 0.145
--------------------------------------------------
**************************************************
Z=8, N=9, emax=10
RMSE Eb: 0.583
RMSE Rch: 0.007
MAPE Eb: 0.391
MAPE Rch: 0.214
--------------------------------------------------
**************************************************
Z=8, N=10, emax=4
RMSE Eb: 0.565
RMSE Rch: 0.005
MAPE Eb: 0.534
MAPE Rch: 0.137
--------------------------------------------------
**************************************************
Z=8, N=10, emax=10
RMSE Eb: 1.111
RMSE Rch: 0.007
MAPE Eb: 0.815
MAPE Rch: 0.211
--------------------------------------------------
**************************************************
Z=8, N=10, emax=6
RMSE Eb: 1.007
RMSE Rch: 0.009
MAPE Eb: 0.816
MAPE Rch: 0.247
--------------------------------------------------
**************************************************
Z=8, N=10, emax=8
RMSE Eb: 1.111
RMSE Rch: 0.008
MAPE Eb: 0.818
MAPE Rch: 0.213
--------------------------------------------------
**************************************************
Z=8, N=11, emax=4
RMSE Eb: 0.619
RMSE Rch: 0.006
MAPE Eb: 0.643
MAPE Rch: 0.158
--------------------------------------------------
**************************************************
Z=8, N=11, emax=6
RMSE Eb: 1.014
RMSE Rch: 0.008
MAPE Eb: 0.845
MAPE Rch: 0.216
--------------------------------------------------
**************************************************
Z=8, N=11, emax=8
RMSE Eb: 0.968
RMSE Rch: 0.008
MAPE Eb: 0.647
MAPE Rch: 0.235
--------------------------------------------------
**************************************************
Z=8, N=11, emax=10
RMSE Eb: 0.851
RMSE Rch: 0.009
MAPE Eb: 0.615
MAPE Rch: 0.257
--------------------------------------------------
**************************************************
Z=8, N=12, emax=6
RMSE Eb: 0.730
RMSE Rch: 0.007
MAPE Eb: 0.509
MAPE Rch: 0.200
--------------------------------------------------
**************************************************
Z=8, N=12, emax=4
RMSE Eb: 0.478
RMSE Rch: 0.007
MAPE Eb: 0.472
MAPE Rch: 0.196
--------------------------------------------------
**************************************************
Z=8, N=12, emax=8
RMSE Eb: 0.823
RMSE Rch: 0.007
MAPE Eb: 0.586
MAPE Rch: 0.215
--------------------------------------------------
**************************************************
Z=8, N=12, emax=10
RMSE Eb: 0.863
RMSE Rch: 0.009
MAPE Eb: 0.606
MAPE Rch: 0.266
--------------------------------------------------
**************************************************
Z=8, N=13, emax=8
RMSE Eb: 0.870
RMSE Rch: 0.009
MAPE Eb: 0.549
MAPE Rch: 0.266
--------------------------------------------------
**************************************************
Z=8, N=13, emax=4
RMSE Eb: 0.440
RMSE Rch: 0.006
MAPE Eb: 0.435
MAPE Rch: 0.169
--------------------------------------------------
**************************************************
Z=8, N=13, emax=10
RMSE Eb: 1.095
RMSE Rch: 0.013
MAPE Eb: 0.645
MAPE Rch: 0.371
--------------------------------------------------
**************************************************
Z=8, N=13, emax=6
RMSE Eb: 0.734
RMSE Rch: 0.008
MAPE Eb: 0.523
MAPE Rch: 0.222
--------------------------------------------------
**************************************************
Z=8, N=14, emax=8
RMSE Eb: 0.975
RMSE Rch: 0.014
MAPE Eb: 0.619
MAPE Rch: 0.398
--------------------------------------------------
**************************************************
Z=8, N=14, emax=4
RMSE Eb: 0.692
RMSE Rch: 0.009
MAPE Eb: 0.672
MAPE Rch: 0.221
--------------------------------------------------
**************************************************
Z=8, N=14, emax=6
RMSE Eb: 0.662
RMSE Rch: 0.006
MAPE Eb: 0.473
MAPE Rch: 0.162
--------------------------------------------------
**************************************************
Z=8, N=14, emax=10
RMSE Eb: 1.013
RMSE Rch: 0.010
MAPE Eb: 0.689
MAPE Rch: 0.273
--------------------------------------------------
**************************************************
Z=8, N=15, emax=8
RMSE Eb: 0.825
RMSE Rch: 0.011
MAPE Eb: 0.494
MAPE Rch: 0.339
--------------------------------------------------
**************************************************
Z=8, N=15, emax=4
RMSE Eb: 0.738
RMSE Rch: 0.007
MAPE Eb: 0.685
MAPE Rch: 0.173
--------------------------------------------------
**************************************************
Z=8, N=15, emax=6
RMSE Eb: 0.709
RMSE Rch: 0.008
MAPE Eb: 0.494
MAPE Rch: 0.233
--------------------------------------------------
**************************************************
Z=8, N=15, emax=10
RMSE Eb: 0.949
RMSE Rch: 0.014
MAPE Eb: 0.620
MAPE Rch: 0.430
--------------------------------------------------
**************************************************
Z=8, N=16, emax=8
RMSE Eb: 0.931
RMSE Rch: 0.015
MAPE Eb: 0.554
MAPE Rch: 0.459
--------------------------------------------------
**************************************************
Z=8, N=16, emax=6
RMSE Eb: 0.661
RMSE Rch: 0.011
MAPE Eb: 0.432
MAPE Rch: 0.333
--------------------------------------------------
**************************************************
Z=8, N=16, emax=10
RMSE Eb: 1.018
RMSE Rch: 0.009
MAPE Eb: 0.510
MAPE Rch: 0.232
--------------------------------------------------
**************************************************
Z=8, N=16, emax=4
RMSE Eb: 0.883
RMSE Rch: 0.009
MAPE Eb: 0.908
MAPE Rch: 0.241
--------------------------------------------------
Finished VAL for AE n=203
**************************************************
Z=8, N=4, emax=6
RMSE Eb: 0.862
RMSE Rch: 0.026
MAPE Eb: 1.683
MAPE Rch: 1.444
--------------------------------------------------
**************************************************
Z=8, N=4, emax=8
RMSE Eb: 1.093
RMSE Rch: 0.029
MAPE Eb: 1.877
MAPE Rch: 1.527
--------------------------------------------------
**************************************************
Z=8, N=4, emax=4
RMSE Eb: 0.438
RMSE Rch: 0.019
MAPE Eb: 1.143
MAPE Rch: 0.975
--------------------------------------------------
**************************************************
Z=8, N=4, emax=10
RMSE Eb: 1.032
RMSE Rch: 0.029
MAPE Eb: 1.612
MAPE Rch: 1.271
--------------------------------------------------
**************************************************
Z=8, N=5, emax=4
RMSE Eb: 0.652
RMSE Rch: 0.021
MAPE Eb: 1.423
MAPE Rch: 1.102
--------------------------------------------------
**************************************************
Z=8, N=5, emax=8
RMSE Eb: 0.954
RMSE Rch: 0.027
MAPE Eb: 1.251
MAPE Rch: 1.443
--------------------------------------------------
**************************************************
Z=8, N=5, emax=6
RMSE Eb: 0.893
RMSE Rch: 0.029
MAPE Eb: 1.379
MAPE Rch: 1.591
--------------------------------------------------
**************************************************
Z=8, N=5, emax=10
RMSE Eb: 1.176
RMSE Rch: 0.012
MAPE Eb: 1.514
MAPE Rch: 0.561
--------------------------------------------------
**************************************************
Z=8, N=6, emax=4
RMSE Eb: 0.519
RMSE Rch: 0.015
MAPE Eb: 0.790
MAPE Rch: 0.786
--------------------------------------------------
**************************************************
Z=8, N=6, emax=8
RMSE Eb: 1.273
RMSE Rch: 0.021
MAPE Eb: 1.106
MAPE Rch: 1.135
--------------------------------------------------
**************************************************
Z=8, N=6, emax=6
RMSE Eb: 0.762
RMSE Rch: 0.024
MAPE Eb: 0.842
MAPE Rch: 1.335
--------------------------------------------------
**************************************************
Z=8, N=6, emax=10
RMSE Eb: 0.796
RMSE Rch: 0.017
MAPE Eb: 0.814
MAPE Rch: 0.958
--------------------------------------------------
**************************************************
Z=8, N=7, emax=4
RMSE Eb: 0.787
RMSE Rch: 0.011
MAPE Eb: 0.916
MAPE Rch: 0.556
--------------------------------------------------
**************************************************
Z=8, N=7, emax=8
RMSE Eb: 1.186
RMSE Rch: 0.012
MAPE Eb: 0.979
MAPE Rch: 0.675
--------------------------------------------------
**************************************************
Z=8, N=7, emax=6
RMSE Eb: 0.816
RMSE Rch: 0.019
MAPE Eb: 0.780
MAPE Rch: 1.026
--------------------------------------------------
**************************************************
Z=8, N=7, emax=10
RMSE Eb: 0.932
RMSE Rch: 0.013
MAPE Eb: 0.722
MAPE Rch: 0.632
--------------------------------------------------
**************************************************
Z=8, N=8, emax=4
RMSE Eb: 0.587
RMSE Rch: 0.009
MAPE Eb: 0.538
MAPE Rch: 0.201
--------------------------------------------------
**************************************************
Z=8, N=8, emax=6
RMSE Eb: 0.741
RMSE Rch: 0.008
MAPE Eb: 0.614
MAPE Rch: 0.236
--------------------------------------------------
**************************************************
Z=8, N=8, emax=8
RMSE Eb: 0.579
RMSE Rch: 0.012
MAPE Eb: 0.445
MAPE Rch: 0.328
--------------------------------------------------
**************************************************
Z=8, N=8, emax=10
RMSE Eb: 1.178
RMSE Rch: 0.013
MAPE Eb: 0.718
MAPE Rch: 0.332
--------------------------------------------------
**************************************************
Z=8, N=9, emax=4
RMSE Eb: 0.683
RMSE Rch: 0.006
MAPE Eb: 0.691
MAPE Rch: 0.148
--------------------------------------------------
**************************************************
Z=8, N=9, emax=8
RMSE Eb: 1.265
RMSE Rch: 0.008
MAPE Eb: 1.007
MAPE Rch: 0.233
--------------------------------------------------
**************************************************
Z=8, N=9, emax=6
RMSE Eb: 0.978
RMSE Rch: 0.007
MAPE Eb: 0.916
MAPE Rch: 0.204
--------------------------------------------------
**************************************************
Z=8, N=9, emax=10
RMSE Eb: 0.887
RMSE Rch: 0.007
MAPE Eb: 0.662
MAPE Rch: 0.224
--------------------------------------------------
**************************************************
Z=8, N=10, emax=4
RMSE Eb: 0.573
RMSE Rch: 0.006
MAPE Eb: 0.596
MAPE Rch: 0.164
--------------------------------------------------
**************************************************
Z=8, N=10, emax=6
RMSE Eb: 0.967
RMSE Rch: 0.008
MAPE Eb: 0.742
MAPE Rch: 0.219
--------------------------------------------------
**************************************************
Z=8, N=10, emax=8
RMSE Eb: 1.158
RMSE Rch: 0.008
MAPE Eb: 0.878
MAPE Rch: 0.233
--------------------------------------------------
**************************************************
Z=8, N=10, emax=10
RMSE Eb: 0.673
RMSE Rch: 0.007
MAPE Eb: 0.491
MAPE Rch: 0.262
--------------------------------------------------
**************************************************
Z=8, N=11, emax=8
RMSE Eb: 1.134
RMSE Rch: 0.008
MAPE Eb: 0.819
MAPE Rch: 0.226
--------------------------------------------------
**************************************************
Z=8, N=11, emax=4
RMSE Eb: 0.568
RMSE Rch: 0.006
MAPE Eb: 0.600
MAPE Rch: 0.173
--------------------------------------------------
**************************************************
Z=8, N=11, emax=6
RMSE Eb: 0.953
RMSE Rch: 0.008
MAPE Eb: 0.827
MAPE Rch: 0.227
--------------------------------------------------
**************************************************
Z=8, N=11, emax=10
RMSE Eb: 0.829
RMSE Rch: 0.006
MAPE Eb: 0.549
MAPE Rch: 0.166
--------------------------------------------------
**************************************************
Z=8, N=12, emax=6
RMSE Eb: 0.562
RMSE Rch: 0.006
MAPE Eb: 0.416
MAPE Rch: 0.150
--------------------------------------------------
**************************************************
Z=8, N=12, emax=8
RMSE Eb: 0.905
RMSE Rch: 0.009
MAPE Eb: 0.596
MAPE Rch: 0.261
--------------------------------------------------
**************************************************
Z=8, N=12, emax=4
RMSE Eb: 0.555
RMSE Rch: 0.008
MAPE Eb: 0.536
MAPE Rch: 0.223
--------------------------------------------------
**************************************************
Z=8, N=12, emax=10
RMSE Eb: 0.980
RMSE Rch: 0.009
MAPE Eb: 0.691
MAPE Rch: 0.253
--------------------------------------------------
**************************************************
Z=8, N=13, emax=8
RMSE Eb: 0.764
RMSE Rch: 0.008
MAPE Eb: 0.510
MAPE Rch: 0.227
--------------------------------------------------
**************************************************
Z=8, N=13, emax=4
RMSE Eb: 0.608
RMSE Rch: 0.008
MAPE Eb: 0.623
MAPE Rch: 0.211
--------------------------------------------------
**************************************************
Z=8, N=13, emax=6
RMSE Eb: 0.631
RMSE Rch: 0.007
MAPE Eb: 0.478
MAPE Rch: 0.203
--------------------------------------------------
**************************************************
Z=8, N=13, emax=10
RMSE Eb: 1.008
RMSE Rch: 0.008
MAPE Eb: 0.586
MAPE Rch: 0.234
--------------------------------------------------
**************************************************
Z=8, N=14, emax=6
RMSE Eb: 0.707
RMSE Rch: 0.007
MAPE Eb: 0.471
MAPE Rch: 0.193
--------------------------------------------------
**************************************************
Z=8, N=14, emax=10
RMSE Eb: 1.156
RMSE Rch: 0.010
MAPE Eb: 0.627
MAPE Rch: 0.302
--------------------------------------------------
**************************************************
Z=8, N=14, emax=4
RMSE Eb: 0.620
RMSE Rch: 0.008
MAPE Eb: 0.638
MAPE Rch: 0.212
--------------------------------------------------
**************************************************
Z=8, N=14, emax=8
RMSE Eb: 0.975
RMSE Rch: 0.011
MAPE Eb: 0.601
MAPE Rch: 0.324
--------------------------------------------------
**************************************************
Z=8, N=15, emax=8
RMSE Eb: 0.691
RMSE Rch: 0.011
MAPE Eb: 0.404
MAPE Rch: 0.322
--------------------------------------------------
**************************************************
Z=8, N=15, emax=6
RMSE Eb: 0.806
RMSE Rch: 0.009
MAPE Eb: 0.544
MAPE Rch: 0.236
--------------------------------------------------
**************************************************
Z=8, N=15, emax=4
RMSE Eb: 0.742
RMSE Rch: 0.007
MAPE Eb: 0.684
MAPE Rch: 0.188
--------------------------------------------------
**************************************************
Z=8, N=15, emax=10
RMSE Eb: 0.977
RMSE Rch: 0.012
MAPE Eb: 0.572
MAPE Rch: 0.380
--------------------------------------------------
**************************************************
Z=8, N=16, emax=4
RMSE Eb: 0.734
RMSE Rch: 0.009
MAPE Eb: 0.739
MAPE Rch: 0.234
--------------------------------------------------
**************************************************
Z=8, N=16, emax=8
RMSE Eb: 0.980
RMSE Rch: 0.013
MAPE Eb: 0.528
MAPE Rch: 0.380
--------------------------------------------------
**************************************************
Z=8, N=16, emax=6
RMSE Eb: 0.747
RMSE Rch: 0.010
MAPE Eb: 0.494
MAPE Rch: 0.294
--------------------------------------------------
**************************************************
Z=8, N=16, emax=10
RMSE Eb: 0.730
RMSE Rch: 0.013
MAPE Eb: 0.487
MAPE Rch: 0.328
--------------------------------------------------
