Activated conda environment
[DataLoader] Found 13 files matching the pattern.
[DataLoader] Combined data shape: (17234, 35)
[Preprocess] Data split => train: (11029, 35), val: (2758, 35), test: (3447, 35)
[Preprocess] Processed fidelity 4 (index 0): 3758 samples.
[Preprocess] Processed fidelity 6 (index 1): 3346 samples.
[Preprocess] Processed fidelity 8 (index 2): 3194 samples.
[Preprocess] Processed fidelity 10 (index 3): 731 samples.
[Preprocess] Processed fidelity 4 (index 0): 949 samples.
[Preprocess] Processed fidelity 6 (index 1): 833 samples.
[Preprocess] Processed fidelity 8 (index 2): 801 samples.
[Preprocess] Processed fidelity 10 (index 3): 175 samples.
Fidelity levels: [4, 6, 8, 10]
[Trainer] Starting BNN training...
[Trainer] No improvement. Iteration 8200. Early stopping counter: 1, LR counter: 1
[Trainer] No improvement. Iteration 8400. Early stopping counter: 1, LR counter: 1
[Trainer] No improvement. Iteration 8800. Early stopping counter: 1, LR counter: 1
[Trainer] No improvement. Iteration 9100. Early stopping counter: 1, LR counter: 1
[Trainer] No improvement. Iteration 9200. Early stopping counter: 2, LR counter: 2
[Trainer] No improvement. Iteration 9300. Early stopping counter: 3, LR counter: 3
[Trainer] No improvement. Iteration 9400. Early stopping counter: 4, LR counter: 4
[Trainer] No improvement. Iteration 9500. Early stopping counter: 5, LR counter: 5
[Trainer] No improvement. Iteration 9600. Early stopping counter: 6, LR counter: 6
[Trainer] No improvement. Iteration 9700. Early stopping counter: 7, LR counter: 7
[Trainer] No improvement. Iteration 9800. Early stopping counter: 8, LR counter: 8
[Trainer] No improvement. Iteration 10200. Early stopping counter: 1, LR counter: 1
[Trainer] No improvement. Iteration 10300. Early stopping counter: 2, LR counter: 2
[Trainer] No improvement. Iteration 10400. Early stopping counter: 3, LR counter: 3
[Trainer] No improvement. Iteration 10500. Early stopping counter: 4, LR counter: 4
[Trainer] No improvement. Iteration 10600. Early stopping counter: 5, LR counter: 5
[Trainer] No improvement. Iteration 10700. Early stopping counter: 6, LR counter: 6
[Trainer] No improvement. Iteration 10800. Early stopping counter: 7, LR counter: 7
[Trainer] No improvement. Iteration 10900. Early stopping counter: 8, LR counter: 8
[Trainer] No improvement. Iteration 11000. Early stopping counter: 9, LR counter: 9
[Trainer] No improvement. Iteration 11100. Early stopping counter: 10, LR counter: 10
[Trainer] No improvement. Iteration 11200. Early stopping counter: 11, LR counter: 11
[Trainer] No improvement. Iteration 11300. Early stopping counter: 12, LR counter: 12
[Trainer] No improvement. Iteration 11400. Early stopping counter: 13, LR counter: 13
[Trainer] No improvement. Iteration 11500. Early stopping counter: 14, LR counter: 14
[Trainer] No improvement. Iteration 11600. Early stopping counter: 15, LR counter: 15
[Trainer] No improvement. Iteration 11700. Early stopping counter: 16, LR counter: 16
[Trainer] No improvement. Iteration 11800. Early stopping counter: 17, LR counter: 17
[Trainer] No improvement. Iteration 11900. Early stopping counter: 18, LR counter: 18
[Trainer] No improvement. Iteration 12000. Early stopping counter: 19, LR counter: 19
[Trainer] No improvement. Iteration 12100. Early stopping counter: 20, LR counter: 20
[Trainer] No improvement. Iteration 12200. Early stopping counter: 21, LR counter: 21
[Trainer] No improvement. Iteration 12300. Early stopping counter: 22, LR counter: 22
[Trainer] No improvement. Iteration 12400. Early stopping counter: 23, LR counter: 23
[Trainer] No improvement. Iteration 12500. Early stopping counter: 24, LR counter: 24
[Trainer] No improvement. Iteration 12600. Early stopping counter: 25, LR counter: 25
[Trainer] Learning rate reduced to: 0.000010
[Trainer] No improvement. Iteration 12700. Early stopping counter: 26, LR counter: 1
[Trainer] No improvement. Iteration 12800. Early stopping counter: 27, LR counter: 2
[Trainer] No improvement. Iteration 12900. Early stopping counter: 28, LR counter: 3
[Trainer] No improvement. Iteration 13000. Early stopping counter: 29, LR counter: 4
[Trainer] No improvement. Iteration 13100. Early stopping counter: 30, LR counter: 5
[Trainer] No improvement. Iteration 13200. Early stopping counter: 31, LR counter: 6
[Trainer] No improvement. Iteration 13300. Early stopping counter: 32, LR counter: 7
[Trainer] No improvement. Iteration 13400. Early stopping counter: 33, LR counter: 8
[Trainer] No improvement. Iteration 13500. Early stopping counter: 34, LR counter: 9
[Trainer] No improvement. Iteration 13600. Early stopping counter: 35, LR counter: 10
[Trainer] No improvement. Iteration 13700. Early stopping counter: 36, LR counter: 11
[Trainer] No improvement. Iteration 13800. Early stopping counter: 37, LR counter: 12
[Trainer] No improvement. Iteration 13900. Early stopping counter: 38, LR counter: 13
[Trainer] No improvement. Iteration 14000. Early stopping counter: 39, LR counter: 14
[Trainer] No improvement. Iteration 14100. Early stopping counter: 40, LR counter: 15
[Trainer] No improvement. Iteration 14200. Early stopping counter: 41, LR counter: 16
[Trainer] No improvement. Iteration 14300. Early stopping counter: 42, LR counter: 17
[Trainer] No improvement. Iteration 14400. Early stopping counter: 43, LR counter: 18
[Trainer] No improvement. Iteration 14500. Early stopping counter: 44, LR counter: 19
[Trainer] No improvement. Iteration 14600. Early stopping counter: 45, LR counter: 20
[Trainer] No improvement. Iteration 14700. Early stopping counter: 46, LR counter: 21
[Trainer] No improvement. Iteration 14800. Early stopping counter: 47, LR counter: 22
[Trainer] No improvement. Iteration 14900. Early stopping counter: 48, LR counter: 23
[Trainer] No improvement. Iteration 15000. Early stopping counter: 49, LR counter: 24
[Trainer] No improvement. Iteration 15100. Early stopping counter: 50, LR counter: 25
[Trainer] Learning rate reduced to: 0.000001
[Trainer] Early stopping triggered.
[Trainer] Training completed.
[Trainer] Calibrating temperatures on validation set...
[Trainer] Temperature calibration finished. Calibrated temperatures: {4: 1.2583342790603638, 6: 1.0754553079605103, 8: 1.1428214311599731, 10: 1.3503179550170898}
[Trainer] BNN training completed.
**************************************************
Z=8, N=4, emax=4
RMSE Eb: 0.575
RMSE Rch: 0.008
MAPE Eb: 1.665
MAPE Rch: 0.365
--------------------------------------------------
**************************************************
Z=8, N=4, emax=10
RMSE Eb: 1.475
RMSE Rch: 0.032
MAPE Eb: 2.496
MAPE Rch: 1.565
--------------------------------------------------
**************************************************
Z=8, N=4, emax=6
RMSE Eb: 0.632
RMSE Rch: 0.012
MAPE Eb: 1.254
MAPE Rch: 0.550
--------------------------------------------------
**************************************************
Z=8, N=4, emax=8
RMSE Eb: 1.084
RMSE Rch: 0.016
MAPE Eb: 1.856
MAPE Rch: 0.751
--------------------------------------------------
**************************************************
Z=8, N=5, emax=8
RMSE Eb: 0.912
RMSE Rch: 0.014
MAPE Eb: 1.242
MAPE Rch: 0.650
--------------------------------------------------
**************************************************
Z=8, N=5, emax=6
RMSE Eb: 0.692
RMSE Rch: 0.012
MAPE Eb: 1.044
MAPE Rch: 0.587
--------------------------------------------------
**************************************************
Z=8, N=5, emax=4
RMSE Eb: 0.645
RMSE Rch: 0.011
MAPE Eb: 1.303
MAPE Rch: 0.515
--------------------------------------------------
**************************************************
Z=8, N=5, emax=10
RMSE Eb: 0.837
RMSE Rch: 0.009
MAPE Eb: 1.265
MAPE Rch: 0.397
--------------------------------------------------
**************************************************
Z=8, N=6, emax=4
RMSE Eb: 0.721
RMSE Rch: 0.008
MAPE Eb: 0.992
MAPE Rch: 0.359
--------------------------------------------------
**************************************************
Z=8, N=6, emax=6
RMSE Eb: 0.958
RMSE Rch: 0.009
MAPE Eb: 0.996
MAPE Rch: 0.446
--------------------------------------------------
**************************************************
Z=8, N=6, emax=8
RMSE Eb: 1.194
RMSE Rch: 0.016
MAPE Eb: 1.148
MAPE Rch: 0.765
--------------------------------------------------
**************************************************
Z=8, N=6, emax=10
RMSE Eb: 1.238
RMSE Rch: 0.019
MAPE Eb: 0.951
MAPE Rch: 0.907
--------------------------------------------------
**************************************************
Z=8, N=7, emax=8
RMSE Eb: 1.318
RMSE Rch: 0.017
MAPE Eb: 1.170
MAPE Rch: 0.924
--------------------------------------------------
**************************************************
Z=8, N=7, emax=10
RMSE Eb: 1.114
RMSE Rch: 0.024
MAPE Eb: 0.884
MAPE Rch: 1.425
--------------------------------------------------
**************************************************
Z=8, N=7, emax=6
RMSE Eb: 1.023
RMSE Rch: 0.012
MAPE Eb: 0.965
MAPE Rch: 0.615
--------------------------------------------------
**************************************************
Z=8, N=7, emax=4
RMSE Eb: 0.787
RMSE Rch: 0.014
MAPE Eb: 0.985
MAPE Rch: 0.712
--------------------------------------------------
**************************************************
Z=8, N=8, emax=4
RMSE Eb: 0.670
RMSE Rch: 0.027
MAPE Eb: 0.690
MAPE Rch: 0.871
--------------------------------------------------
**************************************************
Z=8, N=8, emax=8
RMSE Eb: 0.980
RMSE Rch: 0.031
MAPE Eb: 0.746
MAPE Rch: 0.964
--------------------------------------------------
**************************************************
Z=8, N=8, emax=6
RMSE Eb: 0.801
RMSE Rch: 0.020
MAPE Eb: 0.652
MAPE Rch: 0.595
--------------------------------------------------
**************************************************
Z=8, N=8, emax=10
RMSE Eb: 1.723
RMSE Rch: 0.022
MAPE Eb: 1.319
MAPE Rch: 0.601
--------------------------------------------------
**************************************************
Z=8, N=9, emax=8
RMSE Eb: 0.777
RMSE Rch: 0.012
MAPE Eb: 0.559
MAPE Rch: 0.370
--------------------------------------------------
**************************************************
Z=8, N=9, emax=6
RMSE Eb: 0.704
RMSE Rch: 0.011
MAPE Eb: 0.575
MAPE Rch: 0.327
--------------------------------------------------
**************************************************
Z=8, N=9, emax=4
RMSE Eb: 0.593
RMSE Rch: 0.011
MAPE Eb: 0.648
MAPE Rch: 0.299
--------------------------------------------------
**************************************************
Z=8, N=9, emax=10
RMSE Eb: 1.388
RMSE Rch: 0.013
MAPE Eb: 1.097
MAPE Rch: 0.426
--------------------------------------------------
**************************************************
Z=8, N=10, emax=4
RMSE Eb: 0.526
RMSE Rch: 0.011
MAPE Eb: 0.574
MAPE Rch: 0.308
--------------------------------------------------
**************************************************
Z=8, N=10, emax=10
RMSE Eb: 1.422
RMSE Rch: 0.018
MAPE Eb: 1.039
MAPE Rch: 0.558
--------------------------------------------------
**************************************************
Z=8, N=10, emax=6
RMSE Eb: 0.872
RMSE Rch: 0.012
MAPE Eb: 0.744
MAPE Rch: 0.330
--------------------------------------------------
**************************************************
Z=8, N=10, emax=8
RMSE Eb: 1.583
RMSE Rch: 0.017
MAPE Eb: 1.275
MAPE Rch: 0.513
--------------------------------------------------
**************************************************
Z=8, N=11, emax=4
RMSE Eb: 0.567
RMSE Rch: 0.011
MAPE Eb: 0.625
MAPE Rch: 0.325
--------------------------------------------------
**************************************************
Z=8, N=11, emax=6
RMSE Eb: 0.686
RMSE Rch: 0.009
MAPE Eb: 0.538
MAPE Rch: 0.243
--------------------------------------------------
**************************************************
Z=8, N=11, emax=8
RMSE Eb: 0.848
RMSE Rch: 0.011
MAPE Eb: 0.584
MAPE Rch: 0.341
--------------------------------------------------
**************************************************
Z=8, N=11, emax=10
RMSE Eb: 1.357
RMSE Rch: 0.014
MAPE Eb: 1.056
MAPE Rch: 0.417
--------------------------------------------------
**************************************************
Z=8, N=12, emax=6
RMSE Eb: 0.774
RMSE Rch: 0.007
MAPE Eb: 0.605
MAPE Rch: 0.218
--------------------------------------------------
**************************************************
Z=8, N=12, emax=4
RMSE Eb: 0.628
RMSE Rch: 0.008
MAPE Eb: 0.635
MAPE Rch: 0.208
--------------------------------------------------
**************************************************
Z=8, N=12, emax=8
RMSE Eb: 1.384
RMSE Rch: 0.013
MAPE Eb: 1.032
MAPE Rch: 0.388
--------------------------------------------------
**************************************************
Z=8, N=12, emax=10
RMSE Eb: 1.809
RMSE Rch: 0.010
MAPE Eb: 1.440
MAPE Rch: 0.306
--------------------------------------------------
**************************************************
Z=8, N=13, emax=8
RMSE Eb: 1.240
RMSE Rch: 0.012
MAPE Eb: 0.855
MAPE Rch: 0.361
--------------------------------------------------
**************************************************
Z=8, N=13, emax=4
RMSE Eb: 0.496
RMSE Rch: 0.008
MAPE Eb: 0.511
MAPE Rch: 0.219
--------------------------------------------------
**************************************************
Z=8, N=13, emax=10
RMSE Eb: 1.748
RMSE Rch: 0.012
MAPE Eb: 1.218
MAPE Rch: 0.373
--------------------------------------------------
**************************************************
Z=8, N=13, emax=6
RMSE Eb: 0.708
RMSE Rch: 0.009
MAPE Eb: 0.528
MAPE Rch: 0.254
--------------------------------------------------
**************************************************
Z=8, N=14, emax=8
RMSE Eb: 1.409
RMSE Rch: 0.016
MAPE Eb: 0.887
MAPE Rch: 0.472
--------------------------------------------------
**************************************************
Z=8, N=14, emax=4
RMSE Eb: 0.704
RMSE Rch: 0.013
MAPE Eb: 0.735
MAPE Rch: 0.344
--------------------------------------------------
**************************************************
Z=8, N=14, emax=6
RMSE Eb: 1.001
RMSE Rch: 0.010
MAPE Eb: 0.789
MAPE Rch: 0.290
--------------------------------------------------
**************************************************
Z=8, N=14, emax=10
RMSE Eb: 1.685
RMSE Rch: 0.014
MAPE Eb: 1.218
MAPE Rch: 0.376
--------------------------------------------------
**************************************************
Z=8, N=15, emax=8
RMSE Eb: 1.659
RMSE Rch: 0.014
MAPE Eb: 1.130
MAPE Rch: 0.423
--------------------------------------------------
**************************************************
Z=8, N=15, emax=4
RMSE Eb: 0.683
RMSE Rch: 0.011
MAPE Eb: 0.632
MAPE Rch: 0.315
--------------------------------------------------
**************************************************
Z=8, N=15, emax=6
RMSE Eb: 1.107
RMSE Rch: 0.011
MAPE Eb: 0.848
MAPE Rch: 0.324
--------------------------------------------------
**************************************************
Z=8, N=15, emax=10
RMSE Eb: 1.862
RMSE Rch: 0.010
MAPE Eb: 1.179
MAPE Rch: 0.309
--------------------------------------------------
**************************************************
Z=8, N=16, emax=8
RMSE Eb: 1.784
RMSE Rch: 0.016
MAPE Eb: 1.198
MAPE Rch: 0.437
--------------------------------------------------
**************************************************
Z=8, N=16, emax=6
RMSE Eb: 1.071
RMSE Rch: 0.009
MAPE Eb: 0.771
MAPE Rch: 0.268
--------------------------------------------------
**************************************************
Z=8, N=16, emax=10
RMSE Eb: 2.076
RMSE Rch: 0.013
MAPE Eb: 1.356
MAPE Rch: 0.328
--------------------------------------------------
**************************************************
Z=8, N=16, emax=4
RMSE Eb: 0.574
RMSE Rch: 0.009
MAPE Eb: 0.558
MAPE Rch: 0.244
--------------------------------------------------
Finished VAL for AE n=549
**************************************************
Z=8, N=4, emax=6
RMSE Eb: 0.684
RMSE Rch: 0.012
MAPE Eb: 1.289
MAPE Rch: 0.553
--------------------------------------------------
**************************************************
Z=8, N=4, emax=8
RMSE Eb: 1.052
RMSE Rch: 0.016
MAPE Eb: 1.733
MAPE Rch: 0.807
--------------------------------------------------
**************************************************
Z=8, N=4, emax=4
RMSE Eb: 0.619
RMSE Rch: 0.009
MAPE Eb: 1.709
MAPE Rch: 0.437
--------------------------------------------------
**************************************************
Z=8, N=4, emax=10
RMSE Eb: 1.466
RMSE Rch: 0.032
MAPE Eb: 2.352
MAPE Rch: 1.479
--------------------------------------------------
**************************************************
Z=8, N=5, emax=4
RMSE Eb: 0.655
RMSE Rch: 0.009
MAPE Eb: 1.258
MAPE Rch: 0.443
--------------------------------------------------
**************************************************
Z=8, N=5, emax=8
RMSE Eb: 1.055
RMSE Rch: 0.017
MAPE Eb: 1.350
MAPE Rch: 0.842
--------------------------------------------------
**************************************************
Z=8, N=5, emax=6
RMSE Eb: 0.802
RMSE Rch: 0.012
MAPE Eb: 1.132
MAPE Rch: 0.619
--------------------------------------------------
**************************************************
Z=8, N=5, emax=10
RMSE Eb: 0.788
RMSE Rch: 0.023
MAPE Eb: 1.077
MAPE Rch: 1.172
--------------------------------------------------
**************************************************
Z=8, N=6, emax=4
RMSE Eb: 0.700
RMSE Rch: 0.008
MAPE Eb: 0.976
MAPE Rch: 0.379
--------------------------------------------------
**************************************************
Z=8, N=6, emax=8
RMSE Eb: 1.380
RMSE Rch: 0.019
MAPE Eb: 1.332
MAPE Rch: 0.882
--------------------------------------------------
**************************************************
Z=8, N=6, emax=6
RMSE Eb: 0.894
RMSE Rch: 0.011
MAPE Eb: 0.954
MAPE Rch: 0.535
--------------------------------------------------
**************************************************
Z=8, N=6, emax=10
RMSE Eb: 1.100
RMSE Rch: 0.011
MAPE Eb: 0.995
MAPE Rch: 0.522
--------------------------------------------------
**************************************************
Z=8, N=7, emax=4
RMSE Eb: 0.811
RMSE Rch: 0.016
MAPE Eb: 1.025
MAPE Rch: 0.806
--------------------------------------------------
**************************************************
Z=8, N=7, emax=8
RMSE Eb: 1.222
RMSE Rch: 0.017
MAPE Eb: 0.976
MAPE Rch: 0.881
--------------------------------------------------
**************************************************
Z=8, N=7, emax=6
RMSE Eb: 0.957
RMSE Rch: 0.013
MAPE Eb: 0.869
MAPE Rch: 0.727
--------------------------------------------------
**************************************************
Z=8, N=7, emax=10
RMSE Eb: 1.709
RMSE Rch: 0.021
MAPE Eb: 1.526
MAPE Rch: 1.204
--------------------------------------------------
**************************************************
Z=8, N=8, emax=4
RMSE Eb: 0.706
RMSE Rch: 0.028
MAPE Eb: 0.708
MAPE Rch: 0.885
--------------------------------------------------
**************************************************
Z=8, N=8, emax=6
RMSE Eb: 0.805
RMSE Rch: 0.020
MAPE Eb: 0.620
MAPE Rch: 0.547
--------------------------------------------------
**************************************************
Z=8, N=8, emax=8
RMSE Eb: 1.103
RMSE Rch: 0.031
MAPE Eb: 0.861
MAPE Rch: 0.986
--------------------------------------------------
**************************************************
Z=8, N=8, emax=10
RMSE Eb: 1.506
RMSE Rch: 0.023
MAPE Eb: 1.014
MAPE Rch: 0.645
--------------------------------------------------
**************************************************
Z=8, N=9, emax=4
RMSE Eb: 0.533
RMSE Rch: 0.011
MAPE Eb: 0.577
MAPE Rch: 0.308
--------------------------------------------------
**************************************************
Z=8, N=9, emax=8
RMSE Eb: 1.076
RMSE Rch: 0.014
MAPE Eb: 0.805
MAPE Rch: 0.434
--------------------------------------------------
**************************************************
Z=8, N=9, emax=6
RMSE Eb: 0.742
RMSE Rch: 0.012
MAPE Eb: 0.614
MAPE Rch: 0.351
--------------------------------------------------
**************************************************
Z=8, N=9, emax=10
RMSE Eb: 1.489
RMSE Rch: 0.016
MAPE Eb: 1.178
MAPE Rch: 0.452
--------------------------------------------------
**************************************************
Z=8, N=10, emax=4
RMSE Eb: 0.617
RMSE Rch: 0.011
MAPE Eb: 0.650
MAPE Rch: 0.307
--------------------------------------------------
**************************************************
Z=8, N=10, emax=6
RMSE Eb: 0.730
RMSE Rch: 0.011
MAPE Eb: 0.584
MAPE Rch: 0.302
--------------------------------------------------
**************************************************
Z=8, N=10, emax=8
RMSE Eb: 1.488
RMSE Rch: 0.016
MAPE Eb: 1.194
MAPE Rch: 0.477
--------------------------------------------------
**************************************************
Z=8, N=10, emax=10
RMSE Eb: 1.477
RMSE Rch: 0.017
MAPE Eb: 1.164
MAPE Rch: 0.481
--------------------------------------------------
**************************************************
Z=8, N=11, emax=8
RMSE Eb: 1.190
RMSE Rch: 0.014
MAPE Eb: 0.817
MAPE Rch: 0.428
--------------------------------------------------
**************************************************
Z=8, N=11, emax=4
RMSE Eb: 0.464
RMSE Rch: 0.011
MAPE Eb: 0.499
MAPE Rch: 0.319
--------------------------------------------------
**************************************************
Z=8, N=11, emax=6
RMSE Eb: 0.846
RMSE Rch: 0.009
MAPE Eb: 0.696
MAPE Rch: 0.266
--------------------------------------------------
**************************************************
Z=8, N=11, emax=10
RMSE Eb: 1.356
RMSE Rch: 0.016
MAPE Eb: 1.016
MAPE Rch: 0.416
--------------------------------------------------
**************************************************
Z=8, N=12, emax=6
RMSE Eb: 0.781
RMSE Rch: 0.009
MAPE Eb: 0.572
MAPE Rch: 0.256
--------------------------------------------------
**************************************************
Z=8, N=12, emax=8
RMSE Eb: 1.361
RMSE Rch: 0.012
MAPE Eb: 0.969
MAPE Rch: 0.326
--------------------------------------------------
**************************************************
Z=8, N=12, emax=4
RMSE Eb: 0.532
RMSE Rch: 0.008
MAPE Eb: 0.540
MAPE Rch: 0.236
--------------------------------------------------
**************************************************
Z=8, N=12, emax=10
RMSE Eb: 1.668
RMSE Rch: 0.010
MAPE Eb: 1.265
MAPE Rch: 0.291
--------------------------------------------------
**************************************************
Z=8, N=13, emax=8
RMSE Eb: 1.041
RMSE Rch: 0.012
MAPE Eb: 0.718
MAPE Rch: 0.344
--------------------------------------------------
**************************************************
Z=8, N=13, emax=4
RMSE Eb: 0.619
RMSE Rch: 0.008
MAPE Eb: 0.638
MAPE Rch: 0.226
--------------------------------------------------
**************************************************
Z=8, N=13, emax=6
RMSE Eb: 0.846
RMSE Rch: 0.007
MAPE Eb: 0.624
MAPE Rch: 0.199
--------------------------------------------------
**************************************************
Z=8, N=13, emax=10
RMSE Eb: 1.613
RMSE Rch: 0.013
MAPE Eb: 1.179
MAPE Rch: 0.336
--------------------------------------------------
**************************************************
Z=8, N=14, emax=6
RMSE Eb: 0.950
RMSE Rch: 0.010
MAPE Eb: 0.699
MAPE Rch: 0.287
--------------------------------------------------
**************************************************
Z=8, N=14, emax=10
RMSE Eb: 1.775
RMSE Rch: 0.013
MAPE Eb: 1.161
MAPE Rch: 0.372
--------------------------------------------------
**************************************************
Z=8, N=14, emax=4
RMSE Eb: 0.646
RMSE Rch: 0.012
MAPE Eb: 0.666
MAPE Rch: 0.330
--------------------------------------------------
**************************************************
Z=8, N=14, emax=8
RMSE Eb: 1.388
RMSE Rch: 0.018
MAPE Eb: 0.929
MAPE Rch: 0.513
--------------------------------------------------
**************************************************
Z=8, N=15, emax=8
RMSE Eb: 1.581
RMSE Rch: 0.014
MAPE Eb: 1.060
MAPE Rch: 0.406
--------------------------------------------------
**************************************************
Z=8, N=15, emax=6
RMSE Eb: 0.957
RMSE Rch: 0.012
MAPE Eb: 0.730
MAPE Rch: 0.338
--------------------------------------------------
**************************************************
Z=8, N=15, emax=4
RMSE Eb: 0.563
RMSE Rch: 0.009
MAPE Eb: 0.540
MAPE Rch: 0.259
--------------------------------------------------
**************************************************
Z=8, N=15, emax=10
RMSE Eb: 1.845
RMSE Rch: 0.007
MAPE Eb: 1.285
MAPE Rch: 0.217
--------------------------------------------------
**************************************************
Z=8, N=16, emax=4
RMSE Eb: 0.774
RMSE Rch: 0.011
MAPE Eb: 0.730
MAPE Rch: 0.292
--------------------------------------------------
**************************************************
Z=8, N=16, emax=8
RMSE Eb: 1.828
RMSE Rch: 0.013
MAPE Eb: 1.216
MAPE Rch: 0.381
--------------------------------------------------
**************************************************
Z=8, N=16, emax=6
RMSE Eb: 1.124
RMSE Rch: 0.010
MAPE Eb: 0.827
MAPE Rch: 0.264
--------------------------------------------------
**************************************************
Z=8, N=16, emax=10
RMSE Eb: 1.814
RMSE Rch: 0.011
MAPE Eb: 1.217
MAPE Rch: 0.334
--------------------------------------------------
