Activated conda environment
[DataLoader] Found 13 files matching the pattern.
[DataLoader] Combined data shape: (17234, 35)
[Preprocess] Data split => train: (11029, 35), val: (2758, 35), test: (3447, 35)
[Preprocess] Processed fidelity 4 (index 0): 3758 samples.
[Preprocess] Processed fidelity 6 (index 1): 3346 samples.
[Preprocess] Processed fidelity 8 (index 2): 3194 samples.
[Preprocess] Processed fidelity 10 (index 3): 731 samples.
[Preprocess] Processed fidelity 4 (index 0): 949 samples.
[Preprocess] Processed fidelity 6 (index 1): 833 samples.
[Preprocess] Processed fidelity 8 (index 2): 801 samples.
[Preprocess] Processed fidelity 10 (index 3): 175 samples.
Fidelity levels: [4, 6, 8, 10]
[Trainer] Starting BNN training...
[Trainer] No improvement. Iteration 8500. Early stopping counter: 1, LR counter: 1
[Trainer] No improvement. Iteration 9000. Early stopping counter: 1, LR counter: 1
[Trainer] No improvement. Iteration 9100. Early stopping counter: 2, LR counter: 2
[Trainer] No improvement. Iteration 9200. Early stopping counter: 3, LR counter: 3
[Trainer] No improvement. Iteration 9300. Early stopping counter: 4, LR counter: 4
[Trainer] No improvement. Iteration 9400. Early stopping counter: 5, LR counter: 5
[Trainer] No improvement. Iteration 9500. Early stopping counter: 6, LR counter: 6
[Trainer] No improvement. Iteration 9600. Early stopping counter: 7, LR counter: 7
[Trainer] No improvement. Iteration 9700. Early stopping counter: 8, LR counter: 8
[Trainer] No improvement. Iteration 9800. Early stopping counter: 9, LR counter: 9
[Trainer] No improvement. Iteration 9900. Early stopping counter: 10, LR counter: 10
[Trainer] No improvement. Iteration 10000. Early stopping counter: 11, LR counter: 11
[Trainer] No improvement. Iteration 10100. Early stopping counter: 12, LR counter: 12
[Trainer] No improvement. Iteration 10400. Early stopping counter: 1, LR counter: 1
[Trainer] No improvement. Iteration 10500. Early stopping counter: 2, LR counter: 2
[Trainer] No improvement. Iteration 10600. Early stopping counter: 3, LR counter: 3
[Trainer] No improvement. Iteration 10700. Early stopping counter: 4, LR counter: 4
[Trainer] No improvement. Iteration 10800. Early stopping counter: 5, LR counter: 5
[Trainer] No improvement. Iteration 10900. Early stopping counter: 6, LR counter: 6
[Trainer] No improvement. Iteration 11000. Early stopping counter: 7, LR counter: 7
[Trainer] No improvement. Iteration 11100. Early stopping counter: 8, LR counter: 8
[Trainer] No improvement. Iteration 11200. Early stopping counter: 9, LR counter: 9
[Trainer] No improvement. Iteration 11300. Early stopping counter: 10, LR counter: 10
[Trainer] No improvement. Iteration 11400. Early stopping counter: 11, LR counter: 11
[Trainer] No improvement. Iteration 11500. Early stopping counter: 12, LR counter: 12
[Trainer] No improvement. Iteration 11600. Early stopping counter: 13, LR counter: 13
[Trainer] No improvement. Iteration 11700. Early stopping counter: 14, LR counter: 14
[Trainer] No improvement. Iteration 11800. Early stopping counter: 15, LR counter: 15
[Trainer] No improvement. Iteration 11900. Early stopping counter: 16, LR counter: 16
[Trainer] No improvement. Iteration 12000. Early stopping counter: 17, LR counter: 17
[Trainer] No improvement. Iteration 12100. Early stopping counter: 18, LR counter: 18
[Trainer] No improvement. Iteration 12200. Early stopping counter: 19, LR counter: 19
[Trainer] No improvement. Iteration 12300. Early stopping counter: 20, LR counter: 20
[Trainer] No improvement. Iteration 12400. Early stopping counter: 21, LR counter: 21
[Trainer] No improvement. Iteration 12500. Early stopping counter: 22, LR counter: 22
[Trainer] No improvement. Iteration 12600. Early stopping counter: 23, LR counter: 23
[Trainer] No improvement. Iteration 12700. Early stopping counter: 24, LR counter: 24
[Trainer] No improvement. Iteration 12800. Early stopping counter: 25, LR counter: 25
[Trainer] Learning rate reduced to: 0.000010
[Trainer] No improvement. Iteration 12900. Early stopping counter: 26, LR counter: 1
[Trainer] No improvement. Iteration 13000. Early stopping counter: 27, LR counter: 2
[Trainer] No improvement. Iteration 13100. Early stopping counter: 28, LR counter: 3
[Trainer] No improvement. Iteration 13200. Early stopping counter: 29, LR counter: 4
[Trainer] No improvement. Iteration 13300. Early stopping counter: 30, LR counter: 5
[Trainer] No improvement. Iteration 13400. Early stopping counter: 31, LR counter: 6
[Trainer] No improvement. Iteration 13500. Early stopping counter: 32, LR counter: 7
[Trainer] No improvement. Iteration 13600. Early stopping counter: 33, LR counter: 8
[Trainer] No improvement. Iteration 13700. Early stopping counter: 34, LR counter: 9
[Trainer] No improvement. Iteration 13800. Early stopping counter: 35, LR counter: 10
[Trainer] No improvement. Iteration 13900. Early stopping counter: 36, LR counter: 11
[Trainer] No improvement. Iteration 14000. Early stopping counter: 37, LR counter: 12
[Trainer] No improvement. Iteration 14100. Early stopping counter: 38, LR counter: 13
[Trainer] No improvement. Iteration 14200. Early stopping counter: 39, LR counter: 14
[Trainer] No improvement. Iteration 14300. Early stopping counter: 40, LR counter: 15
[Trainer] No improvement. Iteration 14400. Early stopping counter: 41, LR counter: 16
[Trainer] No improvement. Iteration 14500. Early stopping counter: 42, LR counter: 17
[Trainer] No improvement. Iteration 14600. Early stopping counter: 43, LR counter: 18
[Trainer] No improvement. Iteration 14700. Early stopping counter: 44, LR counter: 19
[Trainer] No improvement. Iteration 14800. Early stopping counter: 45, LR counter: 20
[Trainer] No improvement. Iteration 14900. Early stopping counter: 46, LR counter: 21
[Trainer] No improvement. Iteration 15000. Early stopping counter: 47, LR counter: 22
[Trainer] No improvement. Iteration 15100. Early stopping counter: 48, LR counter: 23
[Trainer] No improvement. Iteration 15200. Early stopping counter: 49, LR counter: 24
[Trainer] No improvement. Iteration 15300. Early stopping counter: 50, LR counter: 25
[Trainer] Learning rate reduced to: 0.000001
[Trainer] Early stopping triggered.
[Trainer] Training completed.
[Trainer] Calibrating temperatures on validation set...
[Trainer] Temperature calibration finished. Calibrated temperatures: {4: 1.0567734241485596, 6: 0.9568958878517151, 8: 1.0157259702682495, 10: 1.122969627380371}
[Trainer] BNN training completed.
**************************************************
Z=8, N=4, emax=4
RMSE Eb: 0.649
RMSE Rch: 0.012
MAPE Eb: 1.967
MAPE Rch: 0.559
--------------------------------------------------
**************************************************
Z=8, N=4, emax=10
RMSE Eb: 1.105
RMSE Rch: 0.051
MAPE Eb: 1.687
MAPE Rch: 2.406
--------------------------------------------------
**************************************************
Z=8, N=4, emax=6
RMSE Eb: 0.759
RMSE Rch: 0.016
MAPE Eb: 1.409
MAPE Rch: 0.820
--------------------------------------------------
**************************************************
Z=8, N=4, emax=8
RMSE Eb: 0.905
RMSE Rch: 0.023
MAPE Eb: 1.460
MAPE Rch: 1.131
--------------------------------------------------
**************************************************
Z=8, N=5, emax=8
RMSE Eb: 0.943
RMSE Rch: 0.018
MAPE Eb: 1.126
MAPE Rch: 0.895
--------------------------------------------------
**************************************************
Z=8, N=5, emax=6
RMSE Eb: 1.083
RMSE Rch: 0.015
MAPE Eb: 1.518
MAPE Rch: 0.760
--------------------------------------------------
**************************************************
Z=8, N=5, emax=4
RMSE Eb: 0.849
RMSE Rch: 0.011
MAPE Eb: 1.692
MAPE Rch: 0.496
--------------------------------------------------
**************************************************
Z=8, N=5, emax=10
RMSE Eb: 0.604
RMSE Rch: 0.013
MAPE Eb: 0.747
MAPE Rch: 0.731
--------------------------------------------------
**************************************************
Z=8, N=6, emax=4
RMSE Eb: 0.792
RMSE Rch: 0.012
MAPE Eb: 1.089
MAPE Rch: 0.555
--------------------------------------------------
**************************************************
Z=8, N=6, emax=6
RMSE Eb: 0.969
RMSE Rch: 0.015
MAPE Eb: 0.968
MAPE Rch: 0.762
--------------------------------------------------
**************************************************
Z=8, N=6, emax=8
RMSE Eb: 1.088
RMSE Rch: 0.020
MAPE Eb: 1.056
MAPE Rch: 0.939
--------------------------------------------------
**************************************************
Z=8, N=6, emax=10
RMSE Eb: 1.052
RMSE Rch: 0.021
MAPE Eb: 1.005
MAPE Rch: 1.046
--------------------------------------------------
**************************************************
Z=8, N=7, emax=8
RMSE Eb: 1.390
RMSE Rch: 0.018
MAPE Eb: 1.109
MAPE Rch: 0.939
--------------------------------------------------
**************************************************
Z=8, N=7, emax=10
RMSE Eb: 1.034
RMSE Rch: 0.021
MAPE Eb: 0.819
MAPE Rch: 1.141
--------------------------------------------------
**************************************************
Z=8, N=7, emax=6
RMSE Eb: 1.307
RMSE Rch: 0.015
MAPE Eb: 1.131
MAPE Rch: 0.769
--------------------------------------------------
**************************************************
Z=8, N=7, emax=4
RMSE Eb: 1.098
RMSE Rch: 0.011
MAPE Eb: 1.279
MAPE Rch: 0.516
--------------------------------------------------
**************************************************
Z=8, N=8, emax=4
RMSE Eb: 1.151
RMSE Rch: 0.013
MAPE Eb: 1.204
MAPE Rch: 0.357
--------------------------------------------------
**************************************************
Z=8, N=8, emax=8
RMSE Eb: 1.287
RMSE Rch: 0.019
MAPE Eb: 0.931
MAPE Rch: 0.499
--------------------------------------------------
**************************************************
Z=8, N=8, emax=6
RMSE Eb: 1.042
RMSE Rch: 0.014
MAPE Eb: 0.890
MAPE Rch: 0.418
--------------------------------------------------
**************************************************
Z=8, N=8, emax=10
RMSE Eb: 1.413
RMSE Rch: 0.020
MAPE Eb: 1.005
MAPE Rch: 0.624
--------------------------------------------------
**************************************************
Z=8, N=9, emax=8
RMSE Eb: 1.110
RMSE Rch: 0.013
MAPE Eb: 0.769
MAPE Rch: 0.398
--------------------------------------------------
**************************************************
Z=8, N=9, emax=6
RMSE Eb: 0.996
RMSE Rch: 0.010
MAPE Eb: 0.787
MAPE Rch: 0.294
--------------------------------------------------
**************************************************
Z=8, N=9, emax=4
RMSE Eb: 0.991
RMSE Rch: 0.008
MAPE Eb: 0.991
MAPE Rch: 0.221
--------------------------------------------------
**************************************************
Z=8, N=9, emax=10
RMSE Eb: 0.730
RMSE Rch: 0.014
MAPE Eb: 0.546
MAPE Rch: 0.430
--------------------------------------------------
**************************************************
Z=8, N=10, emax=4
RMSE Eb: 0.965
RMSE Rch: 0.008
MAPE Eb: 0.966
MAPE Rch: 0.220
--------------------------------------------------
**************************************************
Z=8, N=10, emax=10
RMSE Eb: 0.932
RMSE Rch: 0.012
MAPE Eb: 0.675
MAPE Rch: 0.371
--------------------------------------------------
**************************************************
Z=8, N=10, emax=6
RMSE Eb: 1.142
RMSE Rch: 0.011
MAPE Eb: 0.887
MAPE Rch: 0.316
--------------------------------------------------
**************************************************
Z=8, N=10, emax=8
RMSE Eb: 1.213
RMSE Rch: 0.015
MAPE Eb: 0.815
MAPE Rch: 0.421
--------------------------------------------------
**************************************************
Z=8, N=11, emax=4
RMSE Eb: 0.888
RMSE Rch: 0.009
MAPE Eb: 0.947
MAPE Rch: 0.245
--------------------------------------------------
**************************************************
Z=8, N=11, emax=6
RMSE Eb: 1.188
RMSE Rch: 0.011
MAPE Eb: 0.923
MAPE Rch: 0.288
--------------------------------------------------
**************************************************
Z=8, N=11, emax=8
RMSE Eb: 1.396
RMSE Rch: 0.014
MAPE Eb: 0.954
MAPE Rch: 0.415
--------------------------------------------------
**************************************************
Z=8, N=11, emax=10
RMSE Eb: 0.871
RMSE Rch: 0.018
MAPE Eb: 0.564
MAPE Rch: 0.554
--------------------------------------------------
**************************************************
Z=8, N=12, emax=6
RMSE Eb: 1.337
RMSE Rch: 0.011
MAPE Eb: 1.018
MAPE Rch: 0.303
--------------------------------------------------
**************************************************
Z=8, N=12, emax=4
RMSE Eb: 1.100
RMSE Rch: 0.009
MAPE Eb: 1.108
MAPE Rch: 0.226
--------------------------------------------------
**************************************************
Z=8, N=12, emax=8
RMSE Eb: 1.292
RMSE Rch: 0.013
MAPE Eb: 0.911
MAPE Rch: 0.386
--------------------------------------------------
**************************************************
Z=8, N=12, emax=10
RMSE Eb: 1.435
RMSE Rch: 0.012
MAPE Eb: 1.003
MAPE Rch: 0.394
--------------------------------------------------
**************************************************
Z=8, N=13, emax=8
RMSE Eb: 1.740
RMSE Rch: 0.013
MAPE Eb: 1.060
MAPE Rch: 0.341
--------------------------------------------------
**************************************************
Z=8, N=13, emax=4
RMSE Eb: 0.892
RMSE Rch: 0.010
MAPE Eb: 0.854
MAPE Rch: 0.257
--------------------------------------------------
**************************************************
Z=8, N=13, emax=10
RMSE Eb: 1.295
RMSE Rch: 0.019
MAPE Eb: 0.800
MAPE Rch: 0.577
--------------------------------------------------
**************************************************
Z=8, N=13, emax=6
RMSE Eb: 1.186
RMSE Rch: 0.012
MAPE Eb: 0.865
MAPE Rch: 0.312
--------------------------------------------------
**************************************************
Z=8, N=14, emax=8
RMSE Eb: 1.934
RMSE Rch: 0.017
MAPE Eb: 1.125
MAPE Rch: 0.459
--------------------------------------------------
**************************************************
Z=8, N=14, emax=4
RMSE Eb: 1.101
RMSE Rch: 0.007
MAPE Eb: 1.055
MAPE Rch: 0.188
--------------------------------------------------
**************************************************
Z=8, N=14, emax=6
RMSE Eb: 1.252
RMSE Rch: 0.014
MAPE Eb: 0.874
MAPE Rch: 0.380
--------------------------------------------------
**************************************************
Z=8, N=14, emax=10
RMSE Eb: 1.254
RMSE Rch: 0.020
MAPE Eb: 0.776
MAPE Rch: 0.556
--------------------------------------------------
**************************************************
Z=8, N=15, emax=8
RMSE Eb: 1.357
RMSE Rch: 0.012
MAPE Eb: 0.787
MAPE Rch: 0.320
--------------------------------------------------
**************************************************
Z=8, N=15, emax=4
RMSE Eb: 1.108
RMSE Rch: 0.009
MAPE Eb: 0.997
MAPE Rch: 0.231
--------------------------------------------------
**************************************************
Z=8, N=15, emax=6
RMSE Eb: 1.320
RMSE Rch: 0.009
MAPE Eb: 0.925
MAPE Rch: 0.241
--------------------------------------------------
**************************************************
Z=8, N=15, emax=10
RMSE Eb: 1.354
RMSE Rch: 0.017
MAPE Eb: 0.778
MAPE Rch: 0.501
--------------------------------------------------
**************************************************
Z=8, N=16, emax=8
RMSE Eb: 1.759
RMSE Rch: 0.016
MAPE Eb: 0.978
MAPE Rch: 0.452
--------------------------------------------------
**************************************************
Z=8, N=16, emax=6
RMSE Eb: 1.550
RMSE Rch: 0.011
MAPE Eb: 1.100
MAPE Rch: 0.260
--------------------------------------------------
**************************************************
Z=8, N=16, emax=10
RMSE Eb: 1.687
RMSE Rch: 0.011
MAPE Eb: 0.989
MAPE Rch: 0.346
--------------------------------------------------
**************************************************
Z=8, N=16, emax=4
RMSE Eb: 1.110
RMSE Rch: 0.009
MAPE Eb: 1.094
MAPE Rch: 0.248
--------------------------------------------------
Finished VAL for AE n=381
**************************************************
Z=8, N=4, emax=6
RMSE Eb: 0.901
RMSE Rch: 0.016
MAPE Eb: 1.614
MAPE Rch: 0.742
--------------------------------------------------
**************************************************
Z=8, N=4, emax=8
RMSE Eb: 1.076
RMSE Rch: 0.020
MAPE Eb: 1.783
MAPE Rch: 0.910
--------------------------------------------------
**************************************************
Z=8, N=4, emax=4
RMSE Eb: 0.872
RMSE Rch: 0.012
MAPE Eb: 2.246
MAPE Rch: 0.567
--------------------------------------------------
**************************************************
Z=8, N=4, emax=10
RMSE Eb: 1.073
RMSE Rch: 0.031
MAPE Eb: 1.606
MAPE Rch: 1.566
--------------------------------------------------
**************************************************
Z=8, N=5, emax=4
RMSE Eb: 0.959
RMSE Rch: 0.011
MAPE Eb: 1.700
MAPE Rch: 0.511
--------------------------------------------------
**************************************************
Z=8, N=5, emax=8
RMSE Eb: 1.036
RMSE Rch: 0.021
MAPE Eb: 1.304
MAPE Rch: 0.988
--------------------------------------------------
**************************************************
Z=8, N=5, emax=6
RMSE Eb: 0.752
RMSE Rch: 0.014
MAPE Eb: 1.125
MAPE Rch: 0.695
--------------------------------------------------
**************************************************
Z=8, N=5, emax=10
RMSE Eb: 0.882
RMSE Rch: 0.024
MAPE Eb: 1.062
MAPE Rch: 1.230
--------------------------------------------------
**************************************************
Z=8, N=6, emax=4
RMSE Eb: 0.849
RMSE Rch: 0.013
MAPE Eb: 1.157
MAPE Rch: 0.595
--------------------------------------------------
**************************************************
Z=8, N=6, emax=8
RMSE Eb: 1.383
RMSE Rch: 0.024
MAPE Eb: 1.159
MAPE Rch: 1.128
--------------------------------------------------
**************************************************
Z=8, N=6, emax=6
RMSE Eb: 1.001
RMSE Rch: 0.016
MAPE Eb: 1.005
MAPE Rch: 0.750
--------------------------------------------------
**************************************************
Z=8, N=6, emax=10
RMSE Eb: 0.904
RMSE Rch: 0.019
MAPE Eb: 0.919
MAPE Rch: 1.020
--------------------------------------------------
**************************************************
Z=8, N=7, emax=4
RMSE Eb: 1.076
RMSE Rch: 0.013
MAPE Eb: 1.271
MAPE Rch: 0.667
--------------------------------------------------
**************************************************
Z=8, N=7, emax=8
RMSE Eb: 1.559
RMSE Rch: 0.018
MAPE Eb: 1.237
MAPE Rch: 1.008
--------------------------------------------------
**************************************************
Z=8, N=7, emax=6
RMSE Eb: 0.992
RMSE Rch: 0.012
MAPE Eb: 0.947
MAPE Rch: 0.631
--------------------------------------------------
**************************************************
Z=8, N=7, emax=10
RMSE Eb: 1.100
RMSE Rch: 0.018
MAPE Eb: 0.877
MAPE Rch: 0.929
--------------------------------------------------
**************************************************
Z=8, N=8, emax=4
RMSE Eb: 0.790
RMSE Rch: 0.012
MAPE Eb: 0.808
MAPE Rch: 0.325
--------------------------------------------------
**************************************************
Z=8, N=8, emax=6
RMSE Eb: 1.364
RMSE Rch: 0.013
MAPE Eb: 1.098
MAPE Rch: 0.377
--------------------------------------------------
**************************************************
Z=8, N=8, emax=8
RMSE Eb: 1.272
RMSE Rch: 0.015
MAPE Eb: 0.920
MAPE Rch: 0.417
--------------------------------------------------
**************************************************
Z=8, N=8, emax=10
RMSE Eb: 1.076
RMSE Rch: 0.014
MAPE Eb: 0.773
MAPE Rch: 0.339
--------------------------------------------------
**************************************************
Z=8, N=9, emax=4
RMSE Eb: 1.114
RMSE Rch: 0.009
MAPE Eb: 1.173
MAPE Rch: 0.257
--------------------------------------------------
**************************************************
Z=8, N=9, emax=8
RMSE Eb: 1.076
RMSE Rch: 0.015
MAPE Eb: 0.763
MAPE Rch: 0.434
--------------------------------------------------
**************************************************
Z=8, N=9, emax=6
RMSE Eb: 1.126
RMSE Rch: 0.011
MAPE Eb: 0.945
MAPE Rch: 0.317
--------------------------------------------------
**************************************************
Z=8, N=9, emax=10
RMSE Eb: 1.228
RMSE Rch: 0.011
MAPE Eb: 0.901
MAPE Rch: 0.331
--------------------------------------------------
**************************************************
Z=8, N=10, emax=4
RMSE Eb: 1.054
RMSE Rch: 0.007
MAPE Eb: 1.026
MAPE Rch: 0.216
--------------------------------------------------
**************************************************
Z=8, N=10, emax=6
RMSE Eb: 1.145
RMSE Rch: 0.012
MAPE Eb: 0.893
MAPE Rch: 0.332
--------------------------------------------------
**************************************************
Z=8, N=10, emax=8
RMSE Eb: 1.077
RMSE Rch: 0.015
MAPE Eb: 0.785
MAPE Rch: 0.380
--------------------------------------------------
**************************************************
Z=8, N=10, emax=10
RMSE Eb: 0.506
RMSE Rch: 0.012
MAPE Eb: 0.351
MAPE Rch: 0.316
--------------------------------------------------
**************************************************
Z=8, N=11, emax=8
RMSE Eb: 1.122
RMSE Rch: 0.012
MAPE Eb: 0.763
MAPE Rch: 0.340
--------------------------------------------------
**************************************************
Z=8, N=11, emax=4
RMSE Eb: 1.040
RMSE Rch: 0.008
MAPE Eb: 1.103
MAPE Rch: 0.219
--------------------------------------------------
**************************************************
Z=8, N=11, emax=6
RMSE Eb: 1.125
RMSE Rch: 0.011
MAPE Eb: 0.908
MAPE Rch: 0.309
--------------------------------------------------
**************************************************
Z=8, N=11, emax=10
RMSE Eb: 1.153
RMSE Rch: 0.017
MAPE Eb: 0.678
MAPE Rch: 0.547
--------------------------------------------------
**************************************************
Z=8, N=12, emax=6
RMSE Eb: 1.262
RMSE Rch: 0.011
MAPE Eb: 1.037
MAPE Rch: 0.308
--------------------------------------------------
**************************************************
Z=8, N=12, emax=8
RMSE Eb: 1.319
RMSE Rch: 0.013
MAPE Eb: 0.819
MAPE Rch: 0.382
--------------------------------------------------
**************************************************
Z=8, N=12, emax=4
RMSE Eb: 0.920
RMSE Rch: 0.009
MAPE Eb: 0.888
MAPE Rch: 0.240
--------------------------------------------------
**************************************************
Z=8, N=12, emax=10
RMSE Eb: 1.219
RMSE Rch: 0.013
MAPE Eb: 0.815
MAPE Rch: 0.366
--------------------------------------------------
**************************************************
Z=8, N=13, emax=8
RMSE Eb: 1.376
RMSE Rch: 0.012
MAPE Eb: 0.893
MAPE Rch: 0.352
--------------------------------------------------
**************************************************
Z=8, N=13, emax=4
RMSE Eb: 0.775
RMSE Rch: 0.008
MAPE Eb: 0.747
MAPE Rch: 0.229
--------------------------------------------------
**************************************************
Z=8, N=13, emax=6
RMSE Eb: 1.032
RMSE Rch: 0.010
MAPE Eb: 0.786
MAPE Rch: 0.279
--------------------------------------------------
**************************************************
Z=8, N=13, emax=10
RMSE Eb: 0.905
RMSE Rch: 0.015
MAPE Eb: 0.597
MAPE Rch: 0.412
--------------------------------------------------
**************************************************
Z=8, N=14, emax=6
RMSE Eb: 1.367
RMSE Rch: 0.013
MAPE Eb: 0.987
MAPE Rch: 0.373
--------------------------------------------------
**************************************************
Z=8, N=14, emax=10
RMSE Eb: 1.194
RMSE Rch: 0.021
MAPE Eb: 0.686
MAPE Rch: 0.656
--------------------------------------------------
**************************************************
Z=8, N=14, emax=4
RMSE Eb: 0.981
RMSE Rch: 0.009
MAPE Eb: 0.978
MAPE Rch: 0.239
--------------------------------------------------
**************************************************
Z=8, N=14, emax=8
RMSE Eb: 1.550
RMSE Rch: 0.013
MAPE Eb: 0.949
MAPE Rch: 0.378
--------------------------------------------------
**************************************************
Z=8, N=15, emax=8
RMSE Eb: 1.516
RMSE Rch: 0.013
MAPE Eb: 0.895
MAPE Rch: 0.378
--------------------------------------------------
**************************************************
Z=8, N=15, emax=6
RMSE Eb: 1.415
RMSE Rch: 0.012
MAPE Eb: 0.982
MAPE Rch: 0.317
--------------------------------------------------
**************************************************
Z=8, N=15, emax=4
RMSE Eb: 1.108
RMSE Rch: 0.009
MAPE Eb: 1.142
MAPE Rch: 0.221
--------------------------------------------------
**************************************************
Z=8, N=15, emax=10
RMSE Eb: 1.726
RMSE Rch: 0.015
MAPE Eb: 1.074
MAPE Rch: 0.367
--------------------------------------------------
**************************************************
Z=8, N=16, emax=4
RMSE Eb: 1.246
RMSE Rch: 0.010
MAPE Eb: 1.179
MAPE Rch: 0.244
--------------------------------------------------
**************************************************
Z=8, N=16, emax=8
RMSE Eb: 1.732
RMSE Rch: 0.015
MAPE Eb: 1.004
MAPE Rch: 0.435
--------------------------------------------------
**************************************************
Z=8, N=16, emax=6
RMSE Eb: 1.295
RMSE Rch: 0.011
MAPE Eb: 0.949
MAPE Rch: 0.311
--------------------------------------------------
**************************************************
Z=8, N=16, emax=10
RMSE Eb: 1.858
RMSE Rch: 0.014
MAPE Eb: 1.174
MAPE Rch: 0.396
--------------------------------------------------
