Activated conda environment
[DataLoader] Found 13 files matching the pattern.
[DataLoader] Combined data shape: (17234, 35)
[Preprocess] Data split => train: (11029, 35), val: (2758, 35), test: (3447, 35)
[Preprocess] Processed fidelity 4 (index 0): 3758 samples.
[Preprocess] Processed fidelity 6 (index 1): 3346 samples.
[Preprocess] Processed fidelity 8 (index 2): 3194 samples.
[Preprocess] Processed fidelity 10 (index 3): 731 samples.
[Preprocess] Processed fidelity 4 (index 0): 949 samples.
[Preprocess] Processed fidelity 6 (index 1): 833 samples.
[Preprocess] Processed fidelity 8 (index 2): 801 samples.
[Preprocess] Processed fidelity 10 (index 3): 175 samples.
Fidelity levels: [4, 6, 8, 10]
[Trainer] Starting BNN training...
[Trainer] No improvement. Iteration 8300. Early stopping counter: 1, LR counter: 1
[Trainer] No improvement. Iteration 8600. Early stopping counter: 1, LR counter: 1
[Trainer] No improvement. Iteration 8700. Early stopping counter: 2, LR counter: 2
[Trainer] No improvement. Iteration 9000. Early stopping counter: 1, LR counter: 1
[Trainer] No improvement. Iteration 9100. Early stopping counter: 2, LR counter: 2
[Trainer] No improvement. Iteration 9200. Early stopping counter: 3, LR counter: 3
[Trainer] No improvement. Iteration 9300. Early stopping counter: 4, LR counter: 4
[Trainer] No improvement. Iteration 9400. Early stopping counter: 5, LR counter: 5
[Trainer] No improvement. Iteration 9500. Early stopping counter: 6, LR counter: 6
[Trainer] No improvement. Iteration 9600. Early stopping counter: 7, LR counter: 7
[Trainer] No improvement. Iteration 9700. Early stopping counter: 8, LR counter: 8
[Trainer] No improvement. Iteration 9800. Early stopping counter: 9, LR counter: 9
[Trainer] No improvement. Iteration 9900. Early stopping counter: 10, LR counter: 10
[Trainer] No improvement. Iteration 10100. Early stopping counter: 1, LR counter: 1
[Trainer] No improvement. Iteration 10400. Early stopping counter: 1, LR counter: 1
[Trainer] No improvement. Iteration 10500. Early stopping counter: 2, LR counter: 2
[Trainer] No improvement. Iteration 10600. Early stopping counter: 3, LR counter: 3
[Trainer] No improvement. Iteration 10700. Early stopping counter: 4, LR counter: 4
[Trainer] No improvement. Iteration 10800. Early stopping counter: 5, LR counter: 5
[Trainer] No improvement. Iteration 10900. Early stopping counter: 6, LR counter: 6
[Trainer] No improvement. Iteration 11000. Early stopping counter: 7, LR counter: 7
[Trainer] No improvement. Iteration 11100. Early stopping counter: 8, LR counter: 8
[Trainer] No improvement. Iteration 11200. Early stopping counter: 9, LR counter: 9
[Trainer] No improvement. Iteration 11300. Early stopping counter: 10, LR counter: 10
[Trainer] No improvement. Iteration 11400. Early stopping counter: 11, LR counter: 11
[Trainer] No improvement. Iteration 11500. Early stopping counter: 12, LR counter: 12
[Trainer] No improvement. Iteration 11600. Early stopping counter: 13, LR counter: 13
[Trainer] No improvement. Iteration 11700. Early stopping counter: 14, LR counter: 14
[Trainer] No improvement. Iteration 11800. Early stopping counter: 15, LR counter: 15
[Trainer] No improvement. Iteration 11900. Early stopping counter: 16, LR counter: 16
[Trainer] No improvement. Iteration 12000. Early stopping counter: 17, LR counter: 17
[Trainer] No improvement. Iteration 12100. Early stopping counter: 18, LR counter: 18
[Trainer] No improvement. Iteration 12200. Early stopping counter: 19, LR counter: 19
[Trainer] No improvement. Iteration 12300. Early stopping counter: 20, LR counter: 20
[Trainer] No improvement. Iteration 12400. Early stopping counter: 21, LR counter: 21
[Trainer] No improvement. Iteration 12500. Early stopping counter: 22, LR counter: 22
[Trainer] No improvement. Iteration 12600. Early stopping counter: 23, LR counter: 23
[Trainer] No improvement. Iteration 12700. Early stopping counter: 24, LR counter: 24
[Trainer] No improvement. Iteration 12800. Early stopping counter: 25, LR counter: 25
[Trainer] Learning rate reduced to: 0.000010
[Trainer] No improvement. Iteration 12900. Early stopping counter: 26, LR counter: 1
[Trainer] No improvement. Iteration 13000. Early stopping counter: 27, LR counter: 2
[Trainer] No improvement. Iteration 13100. Early stopping counter: 28, LR counter: 3
[Trainer] No improvement. Iteration 13200. Early stopping counter: 29, LR counter: 4
[Trainer] No improvement. Iteration 13300. Early stopping counter: 30, LR counter: 5
[Trainer] No improvement. Iteration 13400. Early stopping counter: 31, LR counter: 6
[Trainer] No improvement. Iteration 13500. Early stopping counter: 32, LR counter: 7
[Trainer] No improvement. Iteration 13600. Early stopping counter: 33, LR counter: 8
[Trainer] No improvement. Iteration 13700. Early stopping counter: 34, LR counter: 9
[Trainer] No improvement. Iteration 13800. Early stopping counter: 35, LR counter: 10
[Trainer] No improvement. Iteration 13900. Early stopping counter: 36, LR counter: 11
[Trainer] No improvement. Iteration 14000. Early stopping counter: 37, LR counter: 12
[Trainer] No improvement. Iteration 14100. Early stopping counter: 38, LR counter: 13
[Trainer] No improvement. Iteration 14200. Early stopping counter: 39, LR counter: 14
[Trainer] No improvement. Iteration 14300. Early stopping counter: 40, LR counter: 15
[Trainer] No improvement. Iteration 14400. Early stopping counter: 41, LR counter: 16
[Trainer] No improvement. Iteration 14500. Early stopping counter: 42, LR counter: 17
[Trainer] No improvement. Iteration 14600. Early stopping counter: 43, LR counter: 18
[Trainer] No improvement. Iteration 14700. Early stopping counter: 44, LR counter: 19
[Trainer] No improvement. Iteration 14800. Early stopping counter: 45, LR counter: 20
[Trainer] No improvement. Iteration 14900. Early stopping counter: 46, LR counter: 21
[Trainer] No improvement. Iteration 15000. Early stopping counter: 47, LR counter: 22
[Trainer] No improvement. Iteration 15100. Early stopping counter: 48, LR counter: 23
[Trainer] No improvement. Iteration 15200. Early stopping counter: 49, LR counter: 24
[Trainer] No improvement. Iteration 15300. Early stopping counter: 50, LR counter: 25
[Trainer] Learning rate reduced to: 0.000001
[Trainer] Early stopping triggered.
[Trainer] Training completed.
[Trainer] Calibrating temperatures on validation set...
[Trainer] Temperature calibration finished. Calibrated temperatures: {4: 1.2252452373504639, 6: 1.1768876314163208, 8: 1.524672269821167, 10: 1.5497114658355713}
[Trainer] BNN training completed.
**************************************************
Z=8, N=4, emax=4
RMSE Eb: 0.909
RMSE Rch: 0.010
MAPE Eb: 2.864
MAPE Rch: 0.457
--------------------------------------------------
**************************************************
Z=8, N=4, emax=10
RMSE Eb: 1.053
RMSE Rch: 0.058
MAPE Eb: 1.743
MAPE Rch: 2.372
--------------------------------------------------
**************************************************
Z=8, N=4, emax=6
RMSE Eb: 0.759
RMSE Rch: 0.016
MAPE Eb: 1.589
MAPE Rch: 0.786
--------------------------------------------------
**************************************************
Z=8, N=4, emax=8
RMSE Eb: 1.128
RMSE Rch: 0.025
MAPE Eb: 2.067
MAPE Rch: 1.127
--------------------------------------------------
**************************************************
Z=8, N=5, emax=8
RMSE Eb: 1.068
RMSE Rch: 0.017
MAPE Eb: 1.423
MAPE Rch: 0.840
--------------------------------------------------
**************************************************
Z=8, N=5, emax=6
RMSE Eb: 0.791
RMSE Rch: 0.014
MAPE Eb: 1.213
MAPE Rch: 0.693
--------------------------------------------------
**************************************************
Z=8, N=5, emax=4
RMSE Eb: 0.866
RMSE Rch: 0.008
MAPE Eb: 1.954
MAPE Rch: 0.397
--------------------------------------------------
**************************************************
Z=8, N=5, emax=10
RMSE Eb: 1.309
RMSE Rch: 0.019
MAPE Eb: 1.863
MAPE Rch: 0.979
--------------------------------------------------
**************************************************
Z=8, N=6, emax=4
RMSE Eb: 0.809
RMSE Rch: 0.010
MAPE Eb: 1.219
MAPE Rch: 0.459
--------------------------------------------------
**************************************************
Z=8, N=6, emax=6
RMSE Eb: 0.840
RMSE Rch: 0.011
MAPE Eb: 0.914
MAPE Rch: 0.558
--------------------------------------------------
**************************************************
Z=8, N=6, emax=8
RMSE Eb: 1.209
RMSE Rch: 0.014
MAPE Eb: 1.028
MAPE Rch: 0.718
--------------------------------------------------
**************************************************
Z=8, N=6, emax=10
RMSE Eb: 1.416
RMSE Rch: 0.018
MAPE Eb: 1.371
MAPE Rch: 0.935
--------------------------------------------------
**************************************************
Z=8, N=7, emax=8
RMSE Eb: 0.914
RMSE Rch: 0.012
MAPE Eb: 0.750
MAPE Rch: 0.658
--------------------------------------------------
**************************************************
Z=8, N=7, emax=10
RMSE Eb: 0.706
RMSE Rch: 0.014
MAPE Eb: 0.599
MAPE Rch: 0.699
--------------------------------------------------
**************************************************
Z=8, N=7, emax=6
RMSE Eb: 0.762
RMSE Rch: 0.009
MAPE Eb: 0.755
MAPE Rch: 0.434
--------------------------------------------------
**************************************************
Z=8, N=7, emax=4
RMSE Eb: 0.847
RMSE Rch: 0.009
MAPE Eb: 1.021
MAPE Rch: 0.428
--------------------------------------------------
**************************************************
Z=8, N=8, emax=4
RMSE Eb: 0.942
RMSE Rch: 0.011
MAPE Eb: 1.011
MAPE Rch: 0.331
--------------------------------------------------
**************************************************
Z=8, N=8, emax=8
RMSE Eb: 1.110
RMSE Rch: 0.014
MAPE Eb: 0.767
MAPE Rch: 0.432
--------------------------------------------------
**************************************************
Z=8, N=8, emax=6
RMSE Eb: 0.562
RMSE Rch: 0.007
MAPE Eb: 0.482
MAPE Rch: 0.210
--------------------------------------------------
**************************************************
Z=8, N=8, emax=10
RMSE Eb: 1.312
RMSE Rch: 0.021
MAPE Eb: 0.915
MAPE Rch: 0.608
--------------------------------------------------
**************************************************
Z=8, N=9, emax=8
RMSE Eb: 1.122
RMSE Rch: 0.012
MAPE Eb: 0.860
MAPE Rch: 0.380
--------------------------------------------------
**************************************************
Z=8, N=9, emax=6
RMSE Eb: 0.697
RMSE Rch: 0.008
MAPE Eb: 0.567
MAPE Rch: 0.206
--------------------------------------------------
**************************************************
Z=8, N=9, emax=4
RMSE Eb: 0.728
RMSE Rch: 0.010
MAPE Eb: 0.729
MAPE Rch: 0.282
--------------------------------------------------
**************************************************
Z=8, N=9, emax=10
RMSE Eb: 1.007
RMSE Rch: 0.009
MAPE Eb: 0.708
MAPE Rch: 0.294
--------------------------------------------------
**************************************************
Z=8, N=10, emax=4
RMSE Eb: 0.835
RMSE Rch: 0.007
MAPE Eb: 0.898
MAPE Rch: 0.193
--------------------------------------------------
**************************************************
Z=8, N=10, emax=10
RMSE Eb: 0.751
RMSE Rch: 0.013
MAPE Eb: 0.534
MAPE Rch: 0.385
--------------------------------------------------
**************************************************
Z=8, N=10, emax=6
RMSE Eb: 0.724
RMSE Rch: 0.008
MAPE Eb: 0.557
MAPE Rch: 0.243
--------------------------------------------------
**************************************************
Z=8, N=10, emax=8
RMSE Eb: 1.252
RMSE Rch: 0.012
MAPE Eb: 0.878
MAPE Rch: 0.393
--------------------------------------------------
**************************************************
Z=8, N=11, emax=4
RMSE Eb: 0.710
RMSE Rch: 0.007
MAPE Eb: 0.712
MAPE Rch: 0.189
--------------------------------------------------
**************************************************
Z=8, N=11, emax=6
RMSE Eb: 0.651
RMSE Rch: 0.007
MAPE Eb: 0.515
MAPE Rch: 0.210
--------------------------------------------------
**************************************************
Z=8, N=11, emax=8
RMSE Eb: 0.995
RMSE Rch: 0.013
MAPE Eb: 0.690
MAPE Rch: 0.389
--------------------------------------------------
**************************************************
Z=8, N=11, emax=10
RMSE Eb: 0.826
RMSE Rch: 0.008
MAPE Eb: 0.612
MAPE Rch: 0.245
--------------------------------------------------
**************************************************
Z=8, N=12, emax=6
RMSE Eb: 0.665
RMSE Rch: 0.007
MAPE Eb: 0.523
MAPE Rch: 0.190
--------------------------------------------------
**************************************************
Z=8, N=12, emax=4
RMSE Eb: 0.758
RMSE Rch: 0.007
MAPE Eb: 0.801
MAPE Rch: 0.194
--------------------------------------------------
**************************************************
Z=8, N=12, emax=8
RMSE Eb: 1.066
RMSE Rch: 0.009
MAPE Eb: 0.733
MAPE Rch: 0.271
--------------------------------------------------
**************************************************
Z=8, N=12, emax=10
RMSE Eb: 0.706
RMSE Rch: 0.009
MAPE Eb: 0.456
MAPE Rch: 0.284
--------------------------------------------------
**************************************************
Z=8, N=13, emax=8
RMSE Eb: 1.134
RMSE Rch: 0.010
MAPE Eb: 0.773
MAPE Rch: 0.274
--------------------------------------------------
**************************************************
Z=8, N=13, emax=4
RMSE Eb: 1.019
RMSE Rch: 0.008
MAPE Eb: 1.095
MAPE Rch: 0.217
--------------------------------------------------
**************************************************
Z=8, N=13, emax=10
RMSE Eb: 0.990
RMSE Rch: 0.008
MAPE Eb: 0.597
MAPE Rch: 0.221
--------------------------------------------------
**************************************************
Z=8, N=13, emax=6
RMSE Eb: 0.830
RMSE Rch: 0.008
MAPE Eb: 0.632
MAPE Rch: 0.216
--------------------------------------------------
**************************************************
Z=8, N=14, emax=8
RMSE Eb: 1.268
RMSE Rch: 0.014
MAPE Eb: 0.823
MAPE Rch: 0.342
--------------------------------------------------
**************************************************
Z=8, N=14, emax=4
RMSE Eb: 0.964
RMSE Rch: 0.009
MAPE Eb: 0.918
MAPE Rch: 0.242
--------------------------------------------------
**************************************************
Z=8, N=14, emax=6
RMSE Eb: 0.759
RMSE Rch: 0.007
MAPE Eb: 0.571
MAPE Rch: 0.184
--------------------------------------------------
**************************************************
Z=8, N=14, emax=10
RMSE Eb: 0.974
RMSE Rch: 0.011
MAPE Eb: 0.610
MAPE Rch: 0.315
--------------------------------------------------
**************************************************
Z=8, N=15, emax=8
RMSE Eb: 1.087
RMSE Rch: 0.010
MAPE Eb: 0.685
MAPE Rch: 0.279
--------------------------------------------------
**************************************************
Z=8, N=15, emax=4
RMSE Eb: 0.988
RMSE Rch: 0.010
MAPE Eb: 1.028
MAPE Rch: 0.275
--------------------------------------------------
**************************************************
Z=8, N=15, emax=6
RMSE Eb: 0.908
RMSE Rch: 0.007
MAPE Eb: 0.597
MAPE Rch: 0.209
--------------------------------------------------
**************************************************
Z=8, N=15, emax=10
RMSE Eb: 0.933
RMSE Rch: 0.014
MAPE Eb: 0.499
MAPE Rch: 0.408
--------------------------------------------------
**************************************************
Z=8, N=16, emax=8
RMSE Eb: 1.397
RMSE Rch: 0.011
MAPE Eb: 0.838
MAPE Rch: 0.287
--------------------------------------------------
**************************************************
Z=8, N=16, emax=6
RMSE Eb: 0.853
RMSE Rch: 0.009
MAPE Eb: 0.586
MAPE Rch: 0.227
--------------------------------------------------
**************************************************
Z=8, N=16, emax=10
RMSE Eb: 1.087
RMSE Rch: 0.012
MAPE Eb: 0.596
MAPE Rch: 0.331
--------------------------------------------------
**************************************************
Z=8, N=16, emax=4
RMSE Eb: 1.036
RMSE Rch: 0.010
MAPE Eb: 1.072
MAPE Rch: 0.286
--------------------------------------------------
Finished VAL for AE n=64
**************************************************
Z=8, N=4, emax=6
RMSE Eb: 0.805
RMSE Rch: 0.016
MAPE Eb: 1.500
MAPE Rch: 0.735
--------------------------------------------------
**************************************************
Z=8, N=4, emax=8
RMSE Eb: 1.167
RMSE Rch: 0.022
MAPE Eb: 1.949
MAPE Rch: 0.939
--------------------------------------------------
**************************************************
Z=8, N=4, emax=4
RMSE Eb: 0.846
RMSE Rch: 0.009
MAPE Eb: 2.452
MAPE Rch: 0.409
--------------------------------------------------
**************************************************
Z=8, N=4, emax=10
RMSE Eb: 1.315
RMSE Rch: 0.039
MAPE Eb: 2.017
MAPE Rch: 1.990
--------------------------------------------------
**************************************************
Z=8, N=5, emax=4
RMSE Eb: 0.909
RMSE Rch: 0.010
MAPE Eb: 1.930
MAPE Rch: 0.479
--------------------------------------------------
**************************************************
Z=8, N=5, emax=8
RMSE Eb: 1.095
RMSE Rch: 0.015
MAPE Eb: 1.394
MAPE Rch: 0.713
--------------------------------------------------
**************************************************
Z=8, N=5, emax=6
RMSE Eb: 0.989
RMSE Rch: 0.014
MAPE Eb: 1.350
MAPE Rch: 0.630
--------------------------------------------------
**************************************************
Z=8, N=5, emax=10
RMSE Eb: 1.244
RMSE Rch: 0.014
MAPE Eb: 1.466
MAPE Rch: 0.722
--------------------------------------------------
**************************************************
Z=8, N=6, emax=4
RMSE Eb: 0.798
RMSE Rch: 0.010
MAPE Eb: 1.136
MAPE Rch: 0.456
--------------------------------------------------
**************************************************
Z=8, N=6, emax=8
RMSE Eb: 1.159
RMSE Rch: 0.017
MAPE Eb: 0.952
MAPE Rch: 0.744
--------------------------------------------------
**************************************************
Z=8, N=6, emax=6
RMSE Eb: 0.847
RMSE Rch: 0.013
MAPE Eb: 0.929
MAPE Rch: 0.615
--------------------------------------------------
**************************************************
Z=8, N=6, emax=10
RMSE Eb: 1.091
RMSE Rch: 0.018
MAPE Eb: 0.987
MAPE Rch: 0.908
--------------------------------------------------
**************************************************
Z=8, N=7, emax=4
RMSE Eb: 0.948
RMSE Rch: 0.009
MAPE Eb: 1.163
MAPE Rch: 0.440
--------------------------------------------------
**************************************************
Z=8, N=7, emax=8
RMSE Eb: 0.909
RMSE Rch: 0.014
MAPE Eb: 0.714
MAPE Rch: 0.741
--------------------------------------------------
**************************************************
Z=8, N=7, emax=6
RMSE Eb: 0.845
RMSE Rch: 0.008
MAPE Eb: 0.775
MAPE Rch: 0.417
--------------------------------------------------
**************************************************
Z=8, N=7, emax=10
RMSE Eb: 1.045
RMSE Rch: 0.011
MAPE Eb: 0.841
MAPE Rch: 0.570
--------------------------------------------------
**************************************************
Z=8, N=8, emax=4
RMSE Eb: 0.757
RMSE Rch: 0.010
MAPE Eb: 0.820
MAPE Rch: 0.295
--------------------------------------------------
**************************************************
Z=8, N=8, emax=6
RMSE Eb: 0.854
RMSE Rch: 0.009
MAPE Eb: 0.678
MAPE Rch: 0.245
--------------------------------------------------
**************************************************
Z=8, N=8, emax=8
RMSE Eb: 0.953
RMSE Rch: 0.015
MAPE Eb: 0.761
MAPE Rch: 0.452
--------------------------------------------------
**************************************************
Z=8, N=8, emax=10
RMSE Eb: 1.074
RMSE Rch: 0.011
MAPE Eb: 0.783
MAPE Rch: 0.313
--------------------------------------------------
**************************************************
Z=8, N=9, emax=4
RMSE Eb: 0.784
RMSE Rch: 0.010
MAPE Eb: 0.759
MAPE Rch: 0.291
--------------------------------------------------
**************************************************
Z=8, N=9, emax=8
RMSE Eb: 1.072
RMSE Rch: 0.012
MAPE Eb: 0.829
MAPE Rch: 0.345
--------------------------------------------------
**************************************************
Z=8, N=9, emax=6
RMSE Eb: 0.823
RMSE Rch: 0.009
MAPE Eb: 0.683
MAPE Rch: 0.234
--------------------------------------------------
**************************************************
Z=8, N=9, emax=10
RMSE Eb: 0.983
RMSE Rch: 0.009
MAPE Eb: 0.767
MAPE Rch: 0.273
--------------------------------------------------
**************************************************
Z=8, N=10, emax=4
RMSE Eb: 0.907
RMSE Rch: 0.009
MAPE Eb: 0.879
MAPE Rch: 0.247
--------------------------------------------------
**************************************************
Z=8, N=10, emax=6
RMSE Eb: 0.805
RMSE Rch: 0.009
MAPE Eb: 0.627
MAPE Rch: 0.266
--------------------------------------------------
**************************************************
Z=8, N=10, emax=8
RMSE Eb: 1.033
RMSE Rch: 0.012
MAPE Eb: 0.752
MAPE Rch: 0.369
--------------------------------------------------
**************************************************
Z=8, N=10, emax=10
RMSE Eb: 0.914
RMSE Rch: 0.012
MAPE Eb: 0.652
MAPE Rch: 0.345
--------------------------------------------------
**************************************************
Z=8, N=11, emax=8
RMSE Eb: 1.044
RMSE Rch: 0.013
MAPE Eb: 0.726
MAPE Rch: 0.385
--------------------------------------------------
**************************************************
Z=8, N=11, emax=4
RMSE Eb: 0.858
RMSE Rch: 0.007
MAPE Eb: 0.929
MAPE Rch: 0.193
--------------------------------------------------
**************************************************
Z=8, N=11, emax=6
RMSE Eb: 0.760
RMSE Rch: 0.007
MAPE Eb: 0.608
MAPE Rch: 0.181
--------------------------------------------------
**************************************************
Z=8, N=11, emax=10
RMSE Eb: 0.878
RMSE Rch: 0.006
MAPE Eb: 0.557
MAPE Rch: 0.183
--------------------------------------------------
**************************************************
Z=8, N=12, emax=6
RMSE Eb: 0.671
RMSE Rch: 0.006
MAPE Eb: 0.520
MAPE Rch: 0.178
--------------------------------------------------
**************************************************
Z=8, N=12, emax=8
RMSE Eb: 1.052
RMSE Rch: 0.010
MAPE Eb: 0.726
MAPE Rch: 0.284
--------------------------------------------------
**************************************************
Z=8, N=12, emax=4
RMSE Eb: 0.866
RMSE Rch: 0.007
MAPE Eb: 0.876
MAPE Rch: 0.215
--------------------------------------------------
**************************************************
Z=8, N=12, emax=10
RMSE Eb: 0.825
RMSE Rch: 0.008
MAPE Eb: 0.500
MAPE Rch: 0.240
--------------------------------------------------
**************************************************
Z=8, N=13, emax=8
RMSE Eb: 1.142
RMSE Rch: 0.010
MAPE Eb: 0.773
MAPE Rch: 0.281
--------------------------------------------------
**************************************************
Z=8, N=13, emax=4
RMSE Eb: 0.839
RMSE Rch: 0.009
MAPE Eb: 0.883
MAPE Rch: 0.231
--------------------------------------------------
**************************************************
Z=8, N=13, emax=6
RMSE Eb: 0.816
RMSE Rch: 0.007
MAPE Eb: 0.581
MAPE Rch: 0.184
--------------------------------------------------
**************************************************
Z=8, N=13, emax=10
RMSE Eb: 1.182
RMSE Rch: 0.012
MAPE Eb: 0.697
MAPE Rch: 0.292
--------------------------------------------------
**************************************************
Z=8, N=14, emax=6
RMSE Eb: 0.866
RMSE Rch: 0.008
MAPE Eb: 0.589
MAPE Rch: 0.229
--------------------------------------------------
**************************************************
Z=8, N=14, emax=10
RMSE Eb: 1.240
RMSE Rch: 0.013
MAPE Eb: 0.686
MAPE Rch: 0.350
--------------------------------------------------
**************************************************
Z=8, N=14, emax=4
RMSE Eb: 0.979
RMSE Rch: 0.009
MAPE Eb: 0.953
MAPE Rch: 0.252
--------------------------------------------------
**************************************************
Z=8, N=14, emax=8
RMSE Eb: 1.183
RMSE Rch: 0.011
MAPE Eb: 0.746
MAPE Rch: 0.295
--------------------------------------------------
**************************************************
Z=8, N=15, emax=8
RMSE Eb: 1.243
RMSE Rch: 0.010
MAPE Eb: 0.821
MAPE Rch: 0.287
--------------------------------------------------
**************************************************
Z=8, N=15, emax=6
RMSE Eb: 0.763
RMSE Rch: 0.007
MAPE Eb: 0.549
MAPE Rch: 0.187
--------------------------------------------------
**************************************************
Z=8, N=15, emax=4
RMSE Eb: 0.894
RMSE Rch: 0.008
MAPE Eb: 0.962
MAPE Rch: 0.232
--------------------------------------------------
**************************************************
Z=8, N=15, emax=10
RMSE Eb: 1.188
RMSE Rch: 0.009
MAPE Eb: 0.718
MAPE Rch: 0.260
--------------------------------------------------
**************************************************
Z=8, N=16, emax=4
RMSE Eb: 0.946
RMSE Rch: 0.010
MAPE Eb: 0.924
MAPE Rch: 0.267
--------------------------------------------------
**************************************************
Z=8, N=16, emax=8
RMSE Eb: 1.447
RMSE Rch: 0.011
MAPE Eb: 0.930
MAPE Rch: 0.317
--------------------------------------------------
**************************************************
Z=8, N=16, emax=6
RMSE Eb: 0.974
RMSE Rch: 0.009
MAPE Eb: 0.642
MAPE Rch: 0.251
--------------------------------------------------
**************************************************
Z=8, N=16, emax=10
RMSE Eb: 1.317
RMSE Rch: 0.010
MAPE Eb: 0.676
MAPE Rch: 0.239
--------------------------------------------------
