Activated conda environment
[DataLoader] Found 13 files matching the pattern.
[DataLoader] Combined data shape: (17234, 35)
[Preprocess] Data split => train: (11029, 35), val: (2758, 35), test: (3447, 35)
[Preprocess] Processed fidelity 4 (index 0): 3758 samples.
[Preprocess] Processed fidelity 6 (index 1): 3346 samples.
[Preprocess] Processed fidelity 8 (index 2): 3194 samples.
[Preprocess] Processed fidelity 10 (index 3): 731 samples.
[Preprocess] Processed fidelity 4 (index 0): 949 samples.
[Preprocess] Processed fidelity 6 (index 1): 833 samples.
[Preprocess] Processed fidelity 8 (index 2): 801 samples.
[Preprocess] Processed fidelity 10 (index 3): 175 samples.
Fidelity levels: [4, 6, 8, 10]
[Trainer] Starting BNN training...
[Trainer] No improvement. Iteration 7200. Early stopping counter: 1, LR counter: 1
[Trainer] No improvement. Iteration 7300. Early stopping counter: 2, LR counter: 2
[Trainer] No improvement. Iteration 8500. Early stopping counter: 1, LR counter: 1
[Trainer] No improvement. Iteration 8600. Early stopping counter: 2, LR counter: 2
[Trainer] No improvement. Iteration 8700. Early stopping counter: 3, LR counter: 3
[Trainer] No improvement. Iteration 8800. Early stopping counter: 4, LR counter: 4
[Trainer] No improvement. Iteration 8900. Early stopping counter: 5, LR counter: 5
[Trainer] No improvement. Iteration 9000. Early stopping counter: 6, LR counter: 6
[Trainer] No improvement. Iteration 9100. Early stopping counter: 7, LR counter: 7
[Trainer] No improvement. Iteration 9200. Early stopping counter: 8, LR counter: 8
[Trainer] No improvement. Iteration 9300. Early stopping counter: 9, LR counter: 9
[Trainer] No improvement. Iteration 9500. Early stopping counter: 1, LR counter: 1
[Trainer] No improvement. Iteration 9600. Early stopping counter: 2, LR counter: 2
[Trainer] No improvement. Iteration 9700. Early stopping counter: 3, LR counter: 3
[Trainer] No improvement. Iteration 9800. Early stopping counter: 4, LR counter: 4
[Trainer] No improvement. Iteration 9900. Early stopping counter: 5, LR counter: 5
[Trainer] No improvement. Iteration 10000. Early stopping counter: 6, LR counter: 6
[Trainer] No improvement. Iteration 10100. Early stopping counter: 7, LR counter: 7
[Trainer] No improvement. Iteration 10200. Early stopping counter: 8, LR counter: 8
[Trainer] No improvement. Iteration 10300. Early stopping counter: 9, LR counter: 9
[Trainer] No improvement. Iteration 10400. Early stopping counter: 10, LR counter: 10
[Trainer] No improvement. Iteration 10500. Early stopping counter: 11, LR counter: 11
[Trainer] No improvement. Iteration 10700. Early stopping counter: 1, LR counter: 1
[Trainer] No improvement. Iteration 10800. Early stopping counter: 2, LR counter: 2
[Trainer] No improvement. Iteration 10900. Early stopping counter: 3, LR counter: 3
[Trainer] No improvement. Iteration 11000. Early stopping counter: 4, LR counter: 4
[Trainer] No improvement. Iteration 11100. Early stopping counter: 5, LR counter: 5
[Trainer] No improvement. Iteration 11200. Early stopping counter: 6, LR counter: 6
[Trainer] No improvement. Iteration 11300. Early stopping counter: 7, LR counter: 7
[Trainer] No improvement. Iteration 11400. Early stopping counter: 8, LR counter: 8
[Trainer] No improvement. Iteration 11500. Early stopping counter: 9, LR counter: 9
[Trainer] No improvement. Iteration 11600. Early stopping counter: 10, LR counter: 10
[Trainer] No improvement. Iteration 11700. Early stopping counter: 11, LR counter: 11
[Trainer] No improvement. Iteration 11800. Early stopping counter: 12, LR counter: 12
[Trainer] No improvement. Iteration 11900. Early stopping counter: 13, LR counter: 13
[Trainer] No improvement. Iteration 12000. Early stopping counter: 14, LR counter: 14
[Trainer] No improvement. Iteration 12100. Early stopping counter: 15, LR counter: 15
[Trainer] No improvement. Iteration 12200. Early stopping counter: 16, LR counter: 16
[Trainer] No improvement. Iteration 12300. Early stopping counter: 17, LR counter: 17
[Trainer] No improvement. Iteration 12400. Early stopping counter: 18, LR counter: 18
[Trainer] No improvement. Iteration 12500. Early stopping counter: 19, LR counter: 19
[Trainer] No improvement. Iteration 12600. Early stopping counter: 20, LR counter: 20
[Trainer] No improvement. Iteration 12700. Early stopping counter: 21, LR counter: 21
[Trainer] No improvement. Iteration 12800. Early stopping counter: 22, LR counter: 22
[Trainer] No improvement. Iteration 12900. Early stopping counter: 23, LR counter: 23
[Trainer] No improvement. Iteration 13000. Early stopping counter: 24, LR counter: 24
[Trainer] No improvement. Iteration 13100. Early stopping counter: 25, LR counter: 25
[Trainer] Learning rate reduced to: 0.000010
[Trainer] No improvement. Iteration 13200. Early stopping counter: 26, LR counter: 1
[Trainer] No improvement. Iteration 13300. Early stopping counter: 27, LR counter: 2
[Trainer] No improvement. Iteration 13400. Early stopping counter: 28, LR counter: 3
[Trainer] No improvement. Iteration 13500. Early stopping counter: 29, LR counter: 4
[Trainer] No improvement. Iteration 13600. Early stopping counter: 30, LR counter: 5
[Trainer] No improvement. Iteration 13700. Early stopping counter: 31, LR counter: 6
[Trainer] No improvement. Iteration 13800. Early stopping counter: 32, LR counter: 7
[Trainer] No improvement. Iteration 13900. Early stopping counter: 33, LR counter: 8
[Trainer] No improvement. Iteration 14000. Early stopping counter: 34, LR counter: 9
[Trainer] No improvement. Iteration 14100. Early stopping counter: 35, LR counter: 10
[Trainer] No improvement. Iteration 14200. Early stopping counter: 36, LR counter: 11
[Trainer] No improvement. Iteration 14300. Early stopping counter: 37, LR counter: 12
[Trainer] No improvement. Iteration 14400. Early stopping counter: 38, LR counter: 13
[Trainer] No improvement. Iteration 14500. Early stopping counter: 39, LR counter: 14
[Trainer] No improvement. Iteration 14600. Early stopping counter: 40, LR counter: 15
[Trainer] No improvement. Iteration 14700. Early stopping counter: 41, LR counter: 16
[Trainer] No improvement. Iteration 14800. Early stopping counter: 42, LR counter: 17
[Trainer] No improvement. Iteration 14900. Early stopping counter: 43, LR counter: 18
[Trainer] No improvement. Iteration 15000. Early stopping counter: 44, LR counter: 19
[Trainer] No improvement. Iteration 15100. Early stopping counter: 45, LR counter: 20
[Trainer] No improvement. Iteration 15200. Early stopping counter: 46, LR counter: 21
[Trainer] No improvement. Iteration 15300. Early stopping counter: 47, LR counter: 22
[Trainer] No improvement. Iteration 15400. Early stopping counter: 48, LR counter: 23
[Trainer] No improvement. Iteration 15500. Early stopping counter: 49, LR counter: 24
[Trainer] No improvement. Iteration 15600. Early stopping counter: 50, LR counter: 25
[Trainer] Learning rate reduced to: 0.000001
[Trainer] Early stopping triggered.
[Trainer] Training completed.
[Trainer] Calibrating temperatures on validation set...
[Trainer] Temperature calibration finished. Calibrated temperatures: {4: 1.3875521421432495, 6: 1.291245698928833, 8: 1.224268913269043, 10: 1.530396580696106}
[Trainer] BNN training completed.
**************************************************
Z=8, N=4, emax=4
RMSE Eb: 0.682
RMSE Rch: 0.020
MAPE Eb: 1.953
MAPE Rch: 0.975
--------------------------------------------------
**************************************************
Z=8, N=4, emax=10
RMSE Eb: 1.475
RMSE Rch: 0.057
MAPE Eb: 2.277
MAPE Rch: 2.507
--------------------------------------------------
**************************************************
Z=8, N=4, emax=6
RMSE Eb: 0.775
RMSE Rch: 0.017
MAPE Eb: 1.506
MAPE Rch: 0.861
--------------------------------------------------
**************************************************
Z=8, N=4, emax=8
RMSE Eb: 0.722
RMSE Rch: 0.027
MAPE Eb: 1.158
MAPE Rch: 1.314
--------------------------------------------------
**************************************************
Z=8, N=5, emax=8
RMSE Eb: 0.810
RMSE Rch: 0.025
MAPE Eb: 0.962
MAPE Rch: 1.304
--------------------------------------------------
**************************************************
Z=8, N=5, emax=6
RMSE Eb: 0.755
RMSE Rch: 0.020
MAPE Eb: 0.940
MAPE Rch: 1.011
--------------------------------------------------
**************************************************
Z=8, N=5, emax=4
RMSE Eb: 0.524
RMSE Rch: 0.022
MAPE Eb: 1.097
MAPE Rch: 1.215
--------------------------------------------------
**************************************************
Z=8, N=5, emax=10
RMSE Eb: 1.308
RMSE Rch: 0.019
MAPE Eb: 1.810
MAPE Rch: 1.210
--------------------------------------------------
**************************************************
Z=8, N=6, emax=4
RMSE Eb: 0.474
RMSE Rch: 0.016
MAPE Eb: 0.687
MAPE Rch: 0.888
--------------------------------------------------
**************************************************
Z=8, N=6, emax=6
RMSE Eb: 0.735
RMSE Rch: 0.014
MAPE Eb: 0.824
MAPE Rch: 0.678
--------------------------------------------------
**************************************************
Z=8, N=6, emax=8
RMSE Eb: 1.056
RMSE Rch: 0.017
MAPE Eb: 0.809
MAPE Rch: 0.852
--------------------------------------------------
**************************************************
Z=8, N=6, emax=10
RMSE Eb: 1.044
RMSE Rch: 0.013
MAPE Eb: 1.050
MAPE Rch: 0.751
--------------------------------------------------
**************************************************
Z=8, N=7, emax=8
RMSE Eb: 0.923
RMSE Rch: 0.011
MAPE Eb: 0.708
MAPE Rch: 0.589
--------------------------------------------------
**************************************************
Z=8, N=7, emax=10
RMSE Eb: 0.614
RMSE Rch: 0.010
MAPE Eb: 0.471
MAPE Rch: 0.561
--------------------------------------------------
**************************************************
Z=8, N=7, emax=6
RMSE Eb: 0.906
RMSE Rch: 0.009
MAPE Eb: 0.781
MAPE Rch: 0.481
--------------------------------------------------
**************************************************
Z=8, N=7, emax=4
RMSE Eb: 0.647
RMSE Rch: 0.013
MAPE Eb: 0.785
MAPE Rch: 0.609
--------------------------------------------------
**************************************************
Z=8, N=8, emax=4
RMSE Eb: 0.529
RMSE Rch: 0.009
MAPE Eb: 0.604
MAPE Rch: 0.277
--------------------------------------------------
**************************************************
Z=8, N=8, emax=8
RMSE Eb: 0.720
RMSE Rch: 0.008
MAPE Eb: 0.564
MAPE Rch: 0.253
--------------------------------------------------
**************************************************
Z=8, N=8, emax=6
RMSE Eb: 0.761
RMSE Rch: 0.008
MAPE Eb: 0.684
MAPE Rch: 0.216
--------------------------------------------------
**************************************************
Z=8, N=8, emax=10
RMSE Eb: 1.793
RMSE Rch: 0.015
MAPE Eb: 1.257
MAPE Rch: 0.413
--------------------------------------------------
**************************************************
Z=8, N=9, emax=8
RMSE Eb: 0.916
RMSE Rch: 0.006
MAPE Eb: 0.700
MAPE Rch: 0.171
--------------------------------------------------
**************************************************
Z=8, N=9, emax=6
RMSE Eb: 0.939
RMSE Rch: 0.007
MAPE Eb: 0.779
MAPE Rch: 0.208
--------------------------------------------------
**************************************************
Z=8, N=9, emax=4
RMSE Eb: 0.539
RMSE Rch: 0.009
MAPE Eb: 0.628
MAPE Rch: 0.259
--------------------------------------------------
**************************************************
Z=8, N=9, emax=10
RMSE Eb: 0.941
RMSE Rch: 0.012
MAPE Eb: 0.580
MAPE Rch: 0.339
--------------------------------------------------
**************************************************
Z=8, N=10, emax=4
RMSE Eb: 0.644
RMSE Rch: 0.005
MAPE Eb: 0.607
MAPE Rch: 0.148
--------------------------------------------------
**************************************************
Z=8, N=10, emax=10
RMSE Eb: 0.667
RMSE Rch: 0.010
MAPE Eb: 0.490
MAPE Rch: 0.290
--------------------------------------------------
**************************************************
Z=8, N=10, emax=6
RMSE Eb: 1.150
RMSE Rch: 0.006
MAPE Eb: 0.973
MAPE Rch: 0.157
--------------------------------------------------
**************************************************
Z=8, N=10, emax=8
RMSE Eb: 0.754
RMSE Rch: 0.006
MAPE Eb: 0.472
MAPE Rch: 0.155
--------------------------------------------------
**************************************************
Z=8, N=11, emax=4
RMSE Eb: 0.668
RMSE Rch: 0.006
MAPE Eb: 0.656
MAPE Rch: 0.185
--------------------------------------------------
**************************************************
Z=8, N=11, emax=6
RMSE Eb: 0.911
RMSE Rch: 0.005
MAPE Eb: 0.704
MAPE Rch: 0.129
--------------------------------------------------
**************************************************
Z=8, N=11, emax=8
RMSE Eb: 0.955
RMSE Rch: 0.006
MAPE Eb: 0.646
MAPE Rch: 0.163
--------------------------------------------------
**************************************************
Z=8, N=11, emax=10
RMSE Eb: 0.900
RMSE Rch: 0.010
MAPE Eb: 0.595
MAPE Rch: 0.294
--------------------------------------------------
**************************************************
Z=8, N=12, emax=6
RMSE Eb: 0.892
RMSE Rch: 0.007
MAPE Eb: 0.699
MAPE Rch: 0.187
--------------------------------------------------
**************************************************
Z=8, N=12, emax=4
RMSE Eb: 0.585
RMSE Rch: 0.009
MAPE Eb: 0.567
MAPE Rch: 0.226
--------------------------------------------------
**************************************************
Z=8, N=12, emax=8
RMSE Eb: 0.770
RMSE Rch: 0.007
MAPE Eb: 0.526
MAPE Rch: 0.187
--------------------------------------------------
**************************************************
Z=8, N=12, emax=10
RMSE Eb: 0.775
RMSE Rch: 0.008
MAPE Eb: 0.484
MAPE Rch: 0.183
--------------------------------------------------
**************************************************
Z=8, N=13, emax=8
RMSE Eb: 0.942
RMSE Rch: 0.006
MAPE Eb: 0.602
MAPE Rch: 0.181
--------------------------------------------------
**************************************************
Z=8, N=13, emax=4
RMSE Eb: 0.624
RMSE Rch: 0.006
MAPE Eb: 0.607
MAPE Rch: 0.159
--------------------------------------------------
**************************************************
Z=8, N=13, emax=10
RMSE Eb: 0.892
RMSE Rch: 0.009
MAPE Eb: 0.579
MAPE Rch: 0.256
--------------------------------------------------
**************************************************
Z=8, N=13, emax=6
RMSE Eb: 0.893
RMSE Rch: 0.006
MAPE Eb: 0.671
MAPE Rch: 0.183
--------------------------------------------------
**************************************************
Z=8, N=14, emax=8
RMSE Eb: 0.864
RMSE Rch: 0.012
MAPE Eb: 0.529
MAPE Rch: 0.335
--------------------------------------------------
**************************************************
Z=8, N=14, emax=4
RMSE Eb: 0.625
RMSE Rch: 0.008
MAPE Eb: 0.605
MAPE Rch: 0.206
--------------------------------------------------
**************************************************
Z=8, N=14, emax=6
RMSE Eb: 0.926
RMSE Rch: 0.007
MAPE Eb: 0.678
MAPE Rch: 0.185
--------------------------------------------------
**************************************************
Z=8, N=14, emax=10
RMSE Eb: 0.966
RMSE Rch: 0.010
MAPE Eb: 0.638
MAPE Rch: 0.216
--------------------------------------------------
**************************************************
Z=8, N=15, emax=8
RMSE Eb: 0.942
RMSE Rch: 0.006
MAPE Eb: 0.547
MAPE Rch: 0.162
--------------------------------------------------
**************************************************
Z=8, N=15, emax=4
RMSE Eb: 0.848
RMSE Rch: 0.007
MAPE Eb: 0.697
MAPE Rch: 0.190
--------------------------------------------------
**************************************************
Z=8, N=15, emax=6
RMSE Eb: 1.128
RMSE Rch: 0.007
MAPE Eb: 0.765
MAPE Rch: 0.206
--------------------------------------------------
**************************************************
Z=8, N=15, emax=10
RMSE Eb: 0.953
RMSE Rch: 0.009
MAPE Eb: 0.612
MAPE Rch: 0.236
--------------------------------------------------
**************************************************
Z=8, N=16, emax=8
RMSE Eb: 1.154
RMSE Rch: 0.009
MAPE Eb: 0.686
MAPE Rch: 0.246
--------------------------------------------------
**************************************************
Z=8, N=16, emax=6
RMSE Eb: 0.964
RMSE Rch: 0.008
MAPE Eb: 0.700
MAPE Rch: 0.234
--------------------------------------------------
**************************************************
Z=8, N=16, emax=10
RMSE Eb: 1.096
RMSE Rch: 0.009
MAPE Eb: 0.621
MAPE Rch: 0.243
--------------------------------------------------
**************************************************
Z=8, N=16, emax=4
RMSE Eb: 0.591
RMSE Rch: 0.011
MAPE Eb: 0.597
MAPE Rch: 0.293
--------------------------------------------------
Finished VAL for AE n=286
**************************************************
Z=8, N=4, emax=6
RMSE Eb: 0.781
RMSE Rch: 0.015
MAPE Eb: 1.428
MAPE Rch: 0.740
--------------------------------------------------
**************************************************
Z=8, N=4, emax=8
RMSE Eb: 0.696
RMSE Rch: 0.026
MAPE Eb: 1.140
MAPE Rch: 1.271
--------------------------------------------------
**************************************************
Z=8, N=4, emax=4
RMSE Eb: 0.772
RMSE Rch: 0.021
MAPE Eb: 2.082
MAPE Rch: 1.002
--------------------------------------------------
**************************************************
Z=8, N=4, emax=10
RMSE Eb: 1.414
RMSE Rch: 0.029
MAPE Eb: 2.086
MAPE Rch: 1.605
--------------------------------------------------
**************************************************
Z=8, N=5, emax=4
RMSE Eb: 0.607
RMSE Rch: 0.024
MAPE Eb: 1.242
MAPE Rch: 1.283
--------------------------------------------------
**************************************************
Z=8, N=5, emax=8
RMSE Eb: 0.825
RMSE Rch: 0.024
MAPE Eb: 1.044
MAPE Rch: 1.325
--------------------------------------------------
**************************************************
Z=8, N=5, emax=6
RMSE Eb: 0.809
RMSE Rch: 0.018
MAPE Eb: 1.101
MAPE Rch: 0.953
--------------------------------------------------
**************************************************
Z=8, N=5, emax=10
RMSE Eb: 1.137
RMSE Rch: 0.025
MAPE Eb: 1.353
MAPE Rch: 1.292
--------------------------------------------------
**************************************************
Z=8, N=6, emax=4
RMSE Eb: 0.520
RMSE Rch: 0.017
MAPE Eb: 0.694
MAPE Rch: 0.891
--------------------------------------------------
**************************************************
Z=8, N=6, emax=8
RMSE Eb: 0.800
RMSE Rch: 0.020
MAPE Eb: 0.732
MAPE Rch: 0.938
--------------------------------------------------
**************************************************
Z=8, N=6, emax=6
RMSE Eb: 0.757
RMSE Rch: 0.014
MAPE Eb: 0.826
MAPE Rch: 0.717
--------------------------------------------------
**************************************************
Z=8, N=6, emax=10
RMSE Eb: 0.782
RMSE Rch: 0.016
MAPE Eb: 0.754
MAPE Rch: 0.992
--------------------------------------------------
**************************************************
Z=8, N=7, emax=4
RMSE Eb: 0.608
RMSE Rch: 0.013
MAPE Eb: 0.758
MAPE Rch: 0.637
--------------------------------------------------
**************************************************
Z=8, N=7, emax=8
RMSE Eb: 1.058
RMSE Rch: 0.011
MAPE Eb: 0.743
MAPE Rch: 0.587
--------------------------------------------------
**************************************************
Z=8, N=7, emax=6
RMSE Eb: 0.790
RMSE Rch: 0.009
MAPE Eb: 0.733
MAPE Rch: 0.465
--------------------------------------------------
**************************************************
Z=8, N=7, emax=10
RMSE Eb: 0.502
RMSE Rch: 0.013
MAPE Eb: 0.395
MAPE Rch: 0.653
--------------------------------------------------
**************************************************
Z=8, N=8, emax=4
RMSE Eb: 0.634
RMSE Rch: 0.011
MAPE Eb: 0.659
MAPE Rch: 0.294
--------------------------------------------------
**************************************************
Z=8, N=8, emax=6
RMSE Eb: 0.825
RMSE Rch: 0.009
MAPE Eb: 0.684
MAPE Rch: 0.271
--------------------------------------------------
**************************************************
Z=8, N=8, emax=8
RMSE Eb: 0.718
RMSE Rch: 0.008
MAPE Eb: 0.538
MAPE Rch: 0.244
--------------------------------------------------
**************************************************
Z=8, N=8, emax=10
RMSE Eb: 1.166
RMSE Rch: 0.018
MAPE Eb: 0.871
MAPE Rch: 0.573
--------------------------------------------------
**************************************************
Z=8, N=9, emax=4
RMSE Eb: 0.545
RMSE Rch: 0.008
MAPE Eb: 0.549
MAPE Rch: 0.233
--------------------------------------------------
**************************************************
Z=8, N=9, emax=8
RMSE Eb: 0.889
RMSE Rch: 0.007
MAPE Eb: 0.616
MAPE Rch: 0.195
--------------------------------------------------
**************************************************
Z=8, N=9, emax=6
RMSE Eb: 0.960
RMSE Rch: 0.007
MAPE Eb: 0.829
MAPE Rch: 0.185
--------------------------------------------------
**************************************************
Z=8, N=9, emax=10
RMSE Eb: 0.996
RMSE Rch: 0.009
MAPE Eb: 0.646
MAPE Rch: 0.280
--------------------------------------------------
**************************************************
Z=8, N=10, emax=4
RMSE Eb: 0.719
RMSE Rch: 0.005
MAPE Eb: 0.738
MAPE Rch: 0.134
--------------------------------------------------
**************************************************
Z=8, N=10, emax=6
RMSE Eb: 0.848
RMSE Rch: 0.005
MAPE Eb: 0.681
MAPE Rch: 0.154
--------------------------------------------------
**************************************************
Z=8, N=10, emax=8
RMSE Eb: 0.804
RMSE Rch: 0.006
MAPE Eb: 0.611
MAPE Rch: 0.161
--------------------------------------------------
**************************************************
Z=8, N=10, emax=10
RMSE Eb: 0.962
RMSE Rch: 0.009
MAPE Eb: 0.673
MAPE Rch: 0.299
--------------------------------------------------
**************************************************
Z=8, N=11, emax=8
RMSE Eb: 1.108
RMSE Rch: 0.006
MAPE Eb: 0.739
MAPE Rch: 0.161
--------------------------------------------------
**************************************************
Z=8, N=11, emax=4
RMSE Eb: 0.635
RMSE Rch: 0.007
MAPE Eb: 0.646
MAPE Rch: 0.185
--------------------------------------------------
**************************************************
Z=8, N=11, emax=6
RMSE Eb: 0.953
RMSE Rch: 0.006
MAPE Eb: 0.814
MAPE Rch: 0.177
--------------------------------------------------
**************************************************
Z=8, N=11, emax=10
RMSE Eb: 0.756
RMSE Rch: 0.008
MAPE Eb: 0.484
MAPE Rch: 0.250
--------------------------------------------------
**************************************************
Z=8, N=12, emax=6
RMSE Eb: 0.815
RMSE Rch: 0.005
MAPE Eb: 0.615
MAPE Rch: 0.145
--------------------------------------------------
**************************************************
Z=8, N=12, emax=8
RMSE Eb: 0.734
RMSE Rch: 0.007
MAPE Eb: 0.475
MAPE Rch: 0.196
--------------------------------------------------
**************************************************
Z=8, N=12, emax=4
RMSE Eb: 0.634
RMSE Rch: 0.006
MAPE Eb: 0.619
MAPE Rch: 0.180
--------------------------------------------------
**************************************************
Z=8, N=12, emax=10
RMSE Eb: 0.844
RMSE Rch: 0.009
MAPE Eb: 0.577
MAPE Rch: 0.250
--------------------------------------------------
**************************************************
Z=8, N=13, emax=8
RMSE Eb: 0.729
RMSE Rch: 0.006
MAPE Eb: 0.476
MAPE Rch: 0.174
--------------------------------------------------
**************************************************
Z=8, N=13, emax=4
RMSE Eb: 0.538
RMSE Rch: 0.008
MAPE Eb: 0.585
MAPE Rch: 0.202
--------------------------------------------------
**************************************************
Z=8, N=13, emax=6
RMSE Eb: 0.795
RMSE Rch: 0.006
MAPE Eb: 0.597
MAPE Rch: 0.176
--------------------------------------------------
**************************************************
Z=8, N=13, emax=10
RMSE Eb: 1.085
RMSE Rch: 0.007
MAPE Eb: 0.686
MAPE Rch: 0.214
--------------------------------------------------
**************************************************
Z=8, N=14, emax=6
RMSE Eb: 0.768
RMSE Rch: 0.007
MAPE Eb: 0.544
MAPE Rch: 0.196
--------------------------------------------------
**************************************************
Z=8, N=14, emax=10
RMSE Eb: 0.704
RMSE Rch: 0.011
MAPE Eb: 0.433
MAPE Rch: 0.275
--------------------------------------------------
**************************************************
Z=8, N=14, emax=4
RMSE Eb: 0.630
RMSE Rch: 0.007
MAPE Eb: 0.668
MAPE Rch: 0.190
--------------------------------------------------
**************************************************
Z=8, N=14, emax=8
RMSE Eb: 0.858
RMSE Rch: 0.012
MAPE Eb: 0.519
MAPE Rch: 0.354
--------------------------------------------------
**************************************************
Z=8, N=15, emax=8
RMSE Eb: 1.001
RMSE Rch: 0.007
MAPE Eb: 0.617
MAPE Rch: 0.191
--------------------------------------------------
**************************************************
Z=8, N=15, emax=6
RMSE Eb: 0.898
RMSE Rch: 0.008
MAPE Eb: 0.647
MAPE Rch: 0.217
--------------------------------------------------
**************************************************
Z=8, N=15, emax=4
RMSE Eb: 0.658
RMSE Rch: 0.006
MAPE Eb: 0.658
MAPE Rch: 0.162
--------------------------------------------------
**************************************************
Z=8, N=15, emax=10
RMSE Eb: 1.093
RMSE Rch: 0.012
MAPE Eb: 0.709
MAPE Rch: 0.366
--------------------------------------------------
**************************************************
Z=8, N=16, emax=4
RMSE Eb: 0.727
RMSE Rch: 0.010
MAPE Eb: 0.732
MAPE Rch: 0.248
--------------------------------------------------
**************************************************
Z=8, N=16, emax=8
RMSE Eb: 1.170
RMSE Rch: 0.009
MAPE Eb: 0.726
MAPE Rch: 0.275
--------------------------------------------------
**************************************************
Z=8, N=16, emax=6
RMSE Eb: 0.939
RMSE Rch: 0.009
MAPE Eb: 0.696
MAPE Rch: 0.228
--------------------------------------------------
**************************************************
Z=8, N=16, emax=10
RMSE Eb: 1.003
RMSE Rch: 0.011
MAPE Eb: 0.625
MAPE Rch: 0.312
--------------------------------------------------
