Activated conda environment
[DataLoader] Found 13 files matching the pattern.
[DataLoader] Combined data shape: (17234, 35)
[Preprocess] Data split => train: (11029, 35), val: (2758, 35), test: (3447, 35)
[Preprocess] Processed fidelity 4 (index 0): 3758 samples.
[Preprocess] Processed fidelity 6 (index 1): 3346 samples.
[Preprocess] Processed fidelity 8 (index 2): 3194 samples.
[Preprocess] Processed fidelity 10 (index 3): 731 samples.
[Preprocess] Processed fidelity 4 (index 0): 949 samples.
[Preprocess] Processed fidelity 6 (index 1): 833 samples.
[Preprocess] Processed fidelity 8 (index 2): 801 samples.
[Preprocess] Processed fidelity 10 (index 3): 175 samples.
Fidelity levels: [4, 6, 8, 10]
[Trainer] Starting BNN training...
[Trainer] No improvement. Iteration 8100. Early stopping counter: 1, LR counter: 1
[Trainer] No improvement. Iteration 8400. Early stopping counter: 1, LR counter: 1
[Trainer] No improvement. Iteration 8500. Early stopping counter: 2, LR counter: 2
[Trainer] No improvement. Iteration 8700. Early stopping counter: 1, LR counter: 1
[Trainer] No improvement. Iteration 8800. Early stopping counter: 2, LR counter: 2
[Trainer] No improvement. Iteration 8900. Early stopping counter: 3, LR counter: 3
[Trainer] No improvement. Iteration 9200. Early stopping counter: 1, LR counter: 1
[Trainer] No improvement. Iteration 9300. Early stopping counter: 2, LR counter: 2
[Trainer] No improvement. Iteration 9800. Early stopping counter: 1, LR counter: 1
[Trainer] No improvement. Iteration 10100. Early stopping counter: 1, LR counter: 1
[Trainer] No improvement. Iteration 10700. Early stopping counter: 1, LR counter: 1
[Trainer] No improvement. Iteration 10900. Early stopping counter: 1, LR counter: 1
[Trainer] No improvement. Iteration 11100. Early stopping counter: 1, LR counter: 1
[Trainer] No improvement. Iteration 11200. Early stopping counter: 2, LR counter: 2
[Trainer] No improvement. Iteration 11300. Early stopping counter: 3, LR counter: 3
[Trainer] No improvement. Iteration 11400. Early stopping counter: 4, LR counter: 4
[Trainer] No improvement. Iteration 11500. Early stopping counter: 5, LR counter: 5
[Trainer] No improvement. Iteration 11600. Early stopping counter: 6, LR counter: 6
[Trainer] No improvement. Iteration 11700. Early stopping counter: 7, LR counter: 7
[Trainer] No improvement. Iteration 11800. Early stopping counter: 8, LR counter: 8
[Trainer] No improvement. Iteration 11900. Early stopping counter: 9, LR counter: 9
[Trainer] No improvement. Iteration 12000. Early stopping counter: 10, LR counter: 10
[Trainer] No improvement. Iteration 12100. Early stopping counter: 11, LR counter: 11
[Trainer] No improvement. Iteration 12200. Early stopping counter: 12, LR counter: 12
[Trainer] No improvement. Iteration 12300. Early stopping counter: 13, LR counter: 13
[Trainer] No improvement. Iteration 12400. Early stopping counter: 14, LR counter: 14
[Trainer] No improvement. Iteration 12500. Early stopping counter: 15, LR counter: 15
[Trainer] No improvement. Iteration 12600. Early stopping counter: 16, LR counter: 16
[Trainer] No improvement. Iteration 12700. Early stopping counter: 17, LR counter: 17
[Trainer] No improvement. Iteration 12800. Early stopping counter: 18, LR counter: 18
[Trainer] No improvement. Iteration 12900. Early stopping counter: 19, LR counter: 19
[Trainer] No improvement. Iteration 13000. Early stopping counter: 20, LR counter: 20
[Trainer] No improvement. Iteration 13100. Early stopping counter: 21, LR counter: 21
[Trainer] No improvement. Iteration 13200. Early stopping counter: 22, LR counter: 22
[Trainer] No improvement. Iteration 13300. Early stopping counter: 23, LR counter: 23
[Trainer] No improvement. Iteration 13400. Early stopping counter: 24, LR counter: 24
[Trainer] No improvement. Iteration 13500. Early stopping counter: 25, LR counter: 25
[Trainer] Learning rate reduced to: 0.000010
[Trainer] No improvement. Iteration 13600. Early stopping counter: 26, LR counter: 1
[Trainer] No improvement. Iteration 13700. Early stopping counter: 27, LR counter: 2
[Trainer] No improvement. Iteration 13800. Early stopping counter: 28, LR counter: 3
[Trainer] No improvement. Iteration 13900. Early stopping counter: 29, LR counter: 4
[Trainer] No improvement. Iteration 14000. Early stopping counter: 30, LR counter: 5
[Trainer] No improvement. Iteration 14100. Early stopping counter: 31, LR counter: 6
[Trainer] No improvement. Iteration 14200. Early stopping counter: 32, LR counter: 7
[Trainer] No improvement. Iteration 14300. Early stopping counter: 33, LR counter: 8
[Trainer] No improvement. Iteration 14400. Early stopping counter: 34, LR counter: 9
[Trainer] No improvement. Iteration 14500. Early stopping counter: 35, LR counter: 10
[Trainer] No improvement. Iteration 14600. Early stopping counter: 36, LR counter: 11
[Trainer] No improvement. Iteration 14700. Early stopping counter: 37, LR counter: 12
[Trainer] No improvement. Iteration 14800. Early stopping counter: 38, LR counter: 13
[Trainer] No improvement. Iteration 14900. Early stopping counter: 39, LR counter: 14
[Trainer] No improvement. Iteration 15000. Early stopping counter: 40, LR counter: 15
[Trainer] No improvement. Iteration 15100. Early stopping counter: 41, LR counter: 16
[Trainer] No improvement. Iteration 15200. Early stopping counter: 42, LR counter: 17
[Trainer] No improvement. Iteration 15300. Early stopping counter: 43, LR counter: 18
[Trainer] No improvement. Iteration 15400. Early stopping counter: 44, LR counter: 19
[Trainer] No improvement. Iteration 15500. Early stopping counter: 45, LR counter: 20
[Trainer] No improvement. Iteration 15600. Early stopping counter: 46, LR counter: 21
[Trainer] No improvement. Iteration 15700. Early stopping counter: 47, LR counter: 22
[Trainer] No improvement. Iteration 15800. Early stopping counter: 48, LR counter: 23
[Trainer] No improvement. Iteration 15900. Early stopping counter: 49, LR counter: 24
[Trainer] No improvement. Iteration 16000. Early stopping counter: 50, LR counter: 25
[Trainer] Learning rate reduced to: 0.000001
[Trainer] Early stopping triggered.
[Trainer] Training completed.
[Trainer] Calibrating temperatures on validation set...
[Trainer] Temperature calibration finished. Calibrated temperatures: {4: 1.4527615308761597, 6: 1.137885570526123, 8: 1.2063990831375122, 10: 1.340128779411316}
[Trainer] BNN training completed.
**************************************************
Z=8, N=4, emax=4
RMSE Eb: 0.796
RMSE Rch: 0.011
MAPE Eb: 2.450
MAPE Rch: 0.469
--------------------------------------------------
**************************************************
Z=8, N=4, emax=10
RMSE Eb: 1.031
RMSE Rch: 0.035
MAPE Eb: 1.601
MAPE Rch: 1.870
--------------------------------------------------
**************************************************
Z=8, N=4, emax=6
RMSE Eb: 0.791
RMSE Rch: 0.016
MAPE Eb: 1.581
MAPE Rch: 0.793
--------------------------------------------------
**************************************************
Z=8, N=4, emax=8
RMSE Eb: 0.995
RMSE Rch: 0.019
MAPE Eb: 1.669
MAPE Rch: 0.990
--------------------------------------------------
**************************************************
Z=8, N=5, emax=8
RMSE Eb: 0.978
RMSE Rch: 0.016
MAPE Eb: 1.280
MAPE Rch: 0.818
--------------------------------------------------
**************************************************
Z=8, N=5, emax=6
RMSE Eb: 0.853
RMSE Rch: 0.014
MAPE Eb: 1.202
MAPE Rch: 0.687
--------------------------------------------------
**************************************************
Z=8, N=5, emax=4
RMSE Eb: 0.776
RMSE Rch: 0.009
MAPE Eb: 1.545
MAPE Rch: 0.433
--------------------------------------------------
**************************************************
Z=8, N=5, emax=10
RMSE Eb: 1.129
RMSE Rch: 0.017
MAPE Eb: 1.582
MAPE Rch: 0.836
--------------------------------------------------
**************************************************
Z=8, N=6, emax=4
RMSE Eb: 0.684
RMSE Rch: 0.008
MAPE Eb: 1.043
MAPE Rch: 0.390
--------------------------------------------------
**************************************************
Z=8, N=6, emax=6
RMSE Eb: 0.835
RMSE Rch: 0.010
MAPE Eb: 0.974
MAPE Rch: 0.547
--------------------------------------------------
**************************************************
Z=8, N=6, emax=8
RMSE Eb: 1.054
RMSE Rch: 0.014
MAPE Eb: 0.986
MAPE Rch: 0.671
--------------------------------------------------
**************************************************
Z=8, N=6, emax=10
RMSE Eb: 0.733
RMSE Rch: 0.017
MAPE Eb: 0.699
MAPE Rch: 0.937
--------------------------------------------------
**************************************************
Z=8, N=7, emax=8
RMSE Eb: 0.943
RMSE Rch: 0.011
MAPE Eb: 0.753
MAPE Rch: 0.604
--------------------------------------------------
**************************************************
Z=8, N=7, emax=10
RMSE Eb: 0.829
RMSE Rch: 0.017
MAPE Eb: 0.587
MAPE Rch: 0.881
--------------------------------------------------
**************************************************
Z=8, N=7, emax=6
RMSE Eb: 0.739
RMSE Rch: 0.011
MAPE Eb: 0.664
MAPE Rch: 0.587
--------------------------------------------------
**************************************************
Z=8, N=7, emax=4
RMSE Eb: 0.827
RMSE Rch: 0.009
MAPE Eb: 0.922
MAPE Rch: 0.435
--------------------------------------------------
**************************************************
Z=8, N=8, emax=4
RMSE Eb: 0.546
RMSE Rch: 0.009
MAPE Eb: 0.609
MAPE Rch: 0.260
--------------------------------------------------
**************************************************
Z=8, N=8, emax=8
RMSE Eb: 0.892
RMSE Rch: 0.013
MAPE Eb: 0.626
MAPE Rch: 0.351
--------------------------------------------------
**************************************************
Z=8, N=8, emax=6
RMSE Eb: 0.516
RMSE Rch: 0.010
MAPE Eb: 0.439
MAPE Rch: 0.283
--------------------------------------------------
**************************************************
Z=8, N=8, emax=10
RMSE Eb: 1.110
RMSE Rch: 0.022
MAPE Eb: 0.797
MAPE Rch: 0.756
--------------------------------------------------
**************************************************
Z=8, N=9, emax=8
RMSE Eb: 0.753
RMSE Rch: 0.010
MAPE Eb: 0.561
MAPE Rch: 0.262
--------------------------------------------------
**************************************************
Z=8, N=9, emax=6
RMSE Eb: 0.573
RMSE Rch: 0.008
MAPE Eb: 0.461
MAPE Rch: 0.227
--------------------------------------------------
**************************************************
Z=8, N=9, emax=4
RMSE Eb: 0.588
RMSE Rch: 0.006
MAPE Eb: 0.597
MAPE Rch: 0.165
--------------------------------------------------
**************************************************
Z=8, N=9, emax=10
RMSE Eb: 0.468
RMSE Rch: 0.018
MAPE Eb: 0.328
MAPE Rch: 0.492
--------------------------------------------------
**************************************************
Z=8, N=10, emax=4
RMSE Eb: 0.624
RMSE Rch: 0.007
MAPE Eb: 0.660
MAPE Rch: 0.194
--------------------------------------------------
**************************************************
Z=8, N=10, emax=10
RMSE Eb: 0.562
RMSE Rch: 0.011
MAPE Eb: 0.382
MAPE Rch: 0.315
--------------------------------------------------
**************************************************
Z=8, N=10, emax=6
RMSE Eb: 0.638
RMSE Rch: 0.008
MAPE Eb: 0.495
MAPE Rch: 0.214
--------------------------------------------------
**************************************************
Z=8, N=10, emax=8
RMSE Eb: 0.706
RMSE Rch: 0.009
MAPE Eb: 0.475
MAPE Rch: 0.244
--------------------------------------------------
**************************************************
Z=8, N=11, emax=4
RMSE Eb: 0.560
RMSE Rch: 0.006
MAPE Eb: 0.590
MAPE Rch: 0.165
--------------------------------------------------
**************************************************
Z=8, N=11, emax=6
RMSE Eb: 0.669
RMSE Rch: 0.006
MAPE Eb: 0.515
MAPE Rch: 0.160
--------------------------------------------------
**************************************************
Z=8, N=11, emax=8
RMSE Eb: 0.849
RMSE Rch: 0.006
MAPE Eb: 0.595
MAPE Rch: 0.172
--------------------------------------------------
**************************************************
Z=8, N=11, emax=10
RMSE Eb: 0.605
RMSE Rch: 0.014
MAPE Eb: 0.439
MAPE Rch: 0.386
--------------------------------------------------
**************************************************
Z=8, N=12, emax=6
RMSE Eb: 0.617
RMSE Rch: 0.006
MAPE Eb: 0.470
MAPE Rch: 0.176
--------------------------------------------------
**************************************************
Z=8, N=12, emax=4
RMSE Eb: 0.601
RMSE Rch: 0.005
MAPE Eb: 0.592
MAPE Rch: 0.149
--------------------------------------------------
**************************************************
Z=8, N=12, emax=8
RMSE Eb: 0.731
RMSE Rch: 0.008
MAPE Eb: 0.500
MAPE Rch: 0.236
--------------------------------------------------
**************************************************
Z=8, N=12, emax=10
RMSE Eb: 0.546
RMSE Rch: 0.007
MAPE Eb: 0.372
MAPE Rch: 0.214
--------------------------------------------------
**************************************************
Z=8, N=13, emax=8
RMSE Eb: 0.634
RMSE Rch: 0.007
MAPE Eb: 0.393
MAPE Rch: 0.191
--------------------------------------------------
**************************************************
Z=8, N=13, emax=4
RMSE Eb: 0.520
RMSE Rch: 0.005
MAPE Eb: 0.479
MAPE Rch: 0.133
--------------------------------------------------
**************************************************
Z=8, N=13, emax=10
RMSE Eb: 0.888
RMSE Rch: 0.009
MAPE Eb: 0.490
MAPE Rch: 0.264
--------------------------------------------------
**************************************************
Z=8, N=13, emax=6
RMSE Eb: 0.609
RMSE Rch: 0.006
MAPE Eb: 0.466
MAPE Rch: 0.144
--------------------------------------------------
**************************************************
Z=8, N=14, emax=8
RMSE Eb: 1.012
RMSE Rch: 0.012
MAPE Eb: 0.604
MAPE Rch: 0.315
--------------------------------------------------
**************************************************
Z=8, N=14, emax=4
RMSE Eb: 0.583
RMSE Rch: 0.006
MAPE Eb: 0.595
MAPE Rch: 0.179
--------------------------------------------------
**************************************************
Z=8, N=14, emax=6
RMSE Eb: 0.528
RMSE Rch: 0.006
MAPE Eb: 0.408
MAPE Rch: 0.163
--------------------------------------------------
**************************************************
Z=8, N=14, emax=10
RMSE Eb: 1.078
RMSE Rch: 0.021
MAPE Eb: 0.681
MAPE Rch: 0.551
--------------------------------------------------
**************************************************
Z=8, N=15, emax=8
RMSE Eb: 0.992
RMSE Rch: 0.007
MAPE Eb: 0.623
MAPE Rch: 0.210
--------------------------------------------------
**************************************************
Z=8, N=15, emax=4
RMSE Eb: 0.703
RMSE Rch: 0.006
MAPE Eb: 0.652
MAPE Rch: 0.154
--------------------------------------------------
**************************************************
Z=8, N=15, emax=6
RMSE Eb: 0.662
RMSE Rch: 0.006
MAPE Eb: 0.455
MAPE Rch: 0.175
--------------------------------------------------
**************************************************
Z=8, N=15, emax=10
RMSE Eb: 1.274
RMSE Rch: 0.014
MAPE Eb: 0.791
MAPE Rch: 0.411
--------------------------------------------------
**************************************************
Z=8, N=16, emax=8
RMSE Eb: 1.001
RMSE Rch: 0.009
MAPE Eb: 0.595
MAPE Rch: 0.241
--------------------------------------------------
**************************************************
Z=8, N=16, emax=6
RMSE Eb: 0.933
RMSE Rch: 0.008
MAPE Eb: 0.633
MAPE Rch: 0.220
--------------------------------------------------
**************************************************
Z=8, N=16, emax=10
RMSE Eb: 0.928
RMSE Rch: 0.014
MAPE Eb: 0.573
MAPE Rch: 0.415
--------------------------------------------------
**************************************************
Z=8, N=16, emax=4
RMSE Eb: 0.675
RMSE Rch: 0.007
MAPE Eb: 0.646
MAPE Rch: 0.173
--------------------------------------------------
Finished VAL for AE n=554
**************************************************
Z=8, N=4, emax=6
RMSE Eb: 0.825
RMSE Rch: 0.015
MAPE Eb: 1.594
MAPE Rch: 0.728
--------------------------------------------------
**************************************************
Z=8, N=4, emax=8
RMSE Eb: 0.941
RMSE Rch: 0.023
MAPE Eb: 1.502
MAPE Rch: 1.129
--------------------------------------------------
**************************************************
Z=8, N=4, emax=4
RMSE Eb: 0.771
RMSE Rch: 0.009
MAPE Eb: 2.277
MAPE Rch: 0.424
--------------------------------------------------
**************************************************
Z=8, N=4, emax=10
RMSE Eb: 0.792
RMSE Rch: 0.024
MAPE Eb: 1.265
MAPE Rch: 1.110
--------------------------------------------------
**************************************************
Z=8, N=5, emax=4
RMSE Eb: 0.760
RMSE Rch: 0.009
MAPE Eb: 1.571
MAPE Rch: 0.463
--------------------------------------------------
**************************************************
Z=8, N=5, emax=8
RMSE Eb: 1.026
RMSE Rch: 0.016
MAPE Eb: 1.365
MAPE Rch: 0.837
--------------------------------------------------
**************************************************
Z=8, N=5, emax=6
RMSE Eb: 0.859
RMSE Rch: 0.013
MAPE Eb: 1.274
MAPE Rch: 0.683
--------------------------------------------------
**************************************************
Z=8, N=5, emax=10
RMSE Eb: 1.140
RMSE Rch: 0.009
MAPE Eb: 1.376
MAPE Rch: 0.477
--------------------------------------------------
**************************************************
Z=8, N=6, emax=4
RMSE Eb: 0.685
RMSE Rch: 0.008
MAPE Eb: 0.987
MAPE Rch: 0.415
--------------------------------------------------
**************************************************
Z=8, N=6, emax=8
RMSE Eb: 1.163
RMSE Rch: 0.018
MAPE Eb: 1.013
MAPE Rch: 0.869
--------------------------------------------------
**************************************************
Z=8, N=6, emax=6
RMSE Eb: 0.877
RMSE Rch: 0.012
MAPE Eb: 0.929
MAPE Rch: 0.559
--------------------------------------------------
**************************************************
Z=8, N=6, emax=10
RMSE Eb: 0.757
RMSE Rch: 0.018
MAPE Eb: 0.688
MAPE Rch: 0.965
--------------------------------------------------
**************************************************
Z=8, N=7, emax=4
RMSE Eb: 0.699
RMSE Rch: 0.008
MAPE Eb: 0.807
MAPE Rch: 0.400
--------------------------------------------------
**************************************************
Z=8, N=7, emax=8
RMSE Eb: 1.050
RMSE Rch: 0.013
MAPE Eb: 0.904
MAPE Rch: 0.639
--------------------------------------------------
**************************************************
Z=8, N=7, emax=6
RMSE Eb: 0.674
RMSE Rch: 0.012
MAPE Eb: 0.640
MAPE Rch: 0.637
--------------------------------------------------
**************************************************
Z=8, N=7, emax=10
RMSE Eb: 1.068
RMSE Rch: 0.024
MAPE Eb: 0.841
MAPE Rch: 1.068
--------------------------------------------------
**************************************************
Z=8, N=8, emax=4
RMSE Eb: 0.482
RMSE Rch: 0.008
MAPE Eb: 0.492
MAPE Rch: 0.204
--------------------------------------------------
**************************************************
Z=8, N=8, emax=6
RMSE Eb: 0.593
RMSE Rch: 0.009
MAPE Eb: 0.480
MAPE Rch: 0.258
--------------------------------------------------
**************************************************
Z=8, N=8, emax=8
RMSE Eb: 0.822
RMSE Rch: 0.013
MAPE Eb: 0.621
MAPE Rch: 0.366
--------------------------------------------------
**************************************************
Z=8, N=8, emax=10
RMSE Eb: 0.709
RMSE Rch: 0.022
MAPE Eb: 0.489
MAPE Rch: 0.671
--------------------------------------------------
**************************************************
Z=8, N=9, emax=4
RMSE Eb: 0.618
RMSE Rch: 0.008
MAPE Eb: 0.668
MAPE Rch: 0.210
--------------------------------------------------
**************************************************
Z=8, N=9, emax=8
RMSE Eb: 0.634
RMSE Rch: 0.010
MAPE Eb: 0.440
MAPE Rch: 0.274
--------------------------------------------------
**************************************************
Z=8, N=9, emax=6
RMSE Eb: 0.589
RMSE Rch: 0.007
MAPE Eb: 0.484
MAPE Rch: 0.198
--------------------------------------------------
**************************************************
Z=8, N=9, emax=10
RMSE Eb: 0.618
RMSE Rch: 0.013
MAPE Eb: 0.397
MAPE Rch: 0.425
--------------------------------------------------
**************************************************
Z=8, N=10, emax=4
RMSE Eb: 0.674
RMSE Rch: 0.007
MAPE Eb: 0.678
MAPE Rch: 0.200
--------------------------------------------------
**************************************************
Z=8, N=10, emax=6
RMSE Eb: 0.554
RMSE Rch: 0.009
MAPE Eb: 0.409
MAPE Rch: 0.273
--------------------------------------------------
**************************************************
Z=8, N=10, emax=8
RMSE Eb: 0.701
RMSE Rch: 0.010
MAPE Eb: 0.470
MAPE Rch: 0.292
--------------------------------------------------
**************************************************
Z=8, N=10, emax=10
RMSE Eb: 0.705
RMSE Rch: 0.019
MAPE Eb: 0.456
MAPE Rch: 0.579
--------------------------------------------------
**************************************************
Z=8, N=11, emax=8
RMSE Eb: 0.798
RMSE Rch: 0.008
MAPE Eb: 0.540
MAPE Rch: 0.222
--------------------------------------------------
**************************************************
Z=8, N=11, emax=4
RMSE Eb: 0.575
RMSE Rch: 0.006
MAPE Eb: 0.610
MAPE Rch: 0.176
--------------------------------------------------
**************************************************
Z=8, N=11, emax=6
RMSE Eb: 0.511
RMSE Rch: 0.006
MAPE Eb: 0.413
MAPE Rch: 0.155
--------------------------------------------------
**************************************************
Z=8, N=11, emax=10
RMSE Eb: 0.769
RMSE Rch: 0.010
MAPE Eb: 0.520
MAPE Rch: 0.289
--------------------------------------------------
**************************************************
Z=8, N=12, emax=6
RMSE Eb: 0.704
RMSE Rch: 0.007
MAPE Eb: 0.550
MAPE Rch: 0.186
--------------------------------------------------
**************************************************
Z=8, N=12, emax=8
RMSE Eb: 0.807
RMSE Rch: 0.008
MAPE Eb: 0.537
MAPE Rch: 0.235
--------------------------------------------------
**************************************************
Z=8, N=12, emax=4
RMSE Eb: 0.681
RMSE Rch: 0.005
MAPE Eb: 0.706
MAPE Rch: 0.131
--------------------------------------------------
**************************************************
Z=8, N=12, emax=10
RMSE Eb: 0.603
RMSE Rch: 0.009
MAPE Eb: 0.399
MAPE Rch: 0.229
--------------------------------------------------
**************************************************
Z=8, N=13, emax=8
RMSE Eb: 0.675
RMSE Rch: 0.008
MAPE Eb: 0.420
MAPE Rch: 0.219
--------------------------------------------------
**************************************************
Z=8, N=13, emax=4
RMSE Eb: 0.550
RMSE Rch: 0.005
MAPE Eb: 0.546
MAPE Rch: 0.140
--------------------------------------------------
**************************************************
Z=8, N=13, emax=6
RMSE Eb: 0.748
RMSE Rch: 0.005
MAPE Eb: 0.534
MAPE Rch: 0.142
--------------------------------------------------
**************************************************
Z=8, N=13, emax=10
RMSE Eb: 0.785
RMSE Rch: 0.016
MAPE Eb: 0.540
MAPE Rch: 0.310
--------------------------------------------------
**************************************************
Z=8, N=14, emax=6
RMSE Eb: 0.745
RMSE Rch: 0.007
MAPE Eb: 0.533
MAPE Rch: 0.202
--------------------------------------------------
**************************************************
Z=8, N=14, emax=10
RMSE Eb: 0.989
RMSE Rch: 0.014
MAPE Eb: 0.581
MAPE Rch: 0.402
--------------------------------------------------
**************************************************
Z=8, N=14, emax=4
RMSE Eb: 0.620
RMSE Rch: 0.005
MAPE Eb: 0.672
MAPE Rch: 0.140
--------------------------------------------------
**************************************************
Z=8, N=14, emax=8
RMSE Eb: 0.793
RMSE Rch: 0.010
MAPE Eb: 0.517
MAPE Rch: 0.266
--------------------------------------------------
**************************************************
Z=8, N=15, emax=8
RMSE Eb: 0.882
RMSE Rch: 0.007
MAPE Eb: 0.549
MAPE Rch: 0.202
--------------------------------------------------
**************************************************
Z=8, N=15, emax=6
RMSE Eb: 0.759
RMSE Rch: 0.006
MAPE Eb: 0.532
MAPE Rch: 0.175
--------------------------------------------------
**************************************************
Z=8, N=15, emax=4
RMSE Eb: 0.612
RMSE Rch: 0.005
MAPE Eb: 0.628
MAPE Rch: 0.133
--------------------------------------------------
**************************************************
Z=8, N=15, emax=10
RMSE Eb: 0.671
RMSE Rch: 0.012
MAPE Eb: 0.398
MAPE Rch: 0.356
--------------------------------------------------
**************************************************
Z=8, N=16, emax=4
RMSE Eb: 0.802
RMSE Rch: 0.007
MAPE Eb: 0.755
MAPE Rch: 0.180
--------------------------------------------------
**************************************************
Z=8, N=16, emax=8
RMSE Eb: 1.064
RMSE Rch: 0.008
MAPE Eb: 0.628
MAPE Rch: 0.217
--------------------------------------------------
**************************************************
Z=8, N=16, emax=6
RMSE Eb: 0.844
RMSE Rch: 0.007
MAPE Eb: 0.578
MAPE Rch: 0.189
--------------------------------------------------
**************************************************
Z=8, N=16, emax=10
RMSE Eb: 0.875
RMSE Rch: 0.013
MAPE Eb: 0.544
MAPE Rch: 0.389
--------------------------------------------------
