Activated conda environment
[DataLoader] Found 13 files matching the pattern.
[DataLoader] Combined data shape: (17234, 35)
[Preprocess] Data split => train: (11029, 35), val: (2758, 35), test: (3447, 35)
[Preprocess] Processed fidelity 4 (index 0): 3758 samples.
[Preprocess] Processed fidelity 6 (index 1): 3346 samples.
[Preprocess] Processed fidelity 8 (index 2): 3194 samples.
[Preprocess] Processed fidelity 10 (index 3): 731 samples.
[Preprocess] Processed fidelity 4 (index 0): 949 samples.
[Preprocess] Processed fidelity 6 (index 1): 833 samples.
[Preprocess] Processed fidelity 8 (index 2): 801 samples.
[Preprocess] Processed fidelity 10 (index 3): 175 samples.
Fidelity levels: [4, 6, 8, 10]
[Trainer] Starting BNN training...
[Trainer] No improvement. Iteration 8700. Early stopping counter: 1, LR counter: 1
[Trainer] No improvement. Iteration 8800. Early stopping counter: 2, LR counter: 2
[Trainer] No improvement. Iteration 8900. Early stopping counter: 3, LR counter: 3
[Trainer] No improvement. Iteration 9000. Early stopping counter: 4, LR counter: 4
[Trainer] No improvement. Iteration 9100. Early stopping counter: 5, LR counter: 5
[Trainer] No improvement. Iteration 9200. Early stopping counter: 6, LR counter: 6
[Trainer] No improvement. Iteration 9300. Early stopping counter: 7, LR counter: 7
[Trainer] No improvement. Iteration 9400. Early stopping counter: 8, LR counter: 8
[Trainer] No improvement. Iteration 9500. Early stopping counter: 9, LR counter: 9
[Trainer] No improvement. Iteration 9600. Early stopping counter: 10, LR counter: 10
[Trainer] No improvement. Iteration 9700. Early stopping counter: 11, LR counter: 11
[Trainer] No improvement. Iteration 10100. Early stopping counter: 1, LR counter: 1
[Trainer] No improvement. Iteration 10200. Early stopping counter: 2, LR counter: 2
[Trainer] No improvement. Iteration 10300. Early stopping counter: 3, LR counter: 3
[Trainer] No improvement. Iteration 10400. Early stopping counter: 4, LR counter: 4
[Trainer] No improvement. Iteration 10600. Early stopping counter: 1, LR counter: 1
[Trainer] No improvement. Iteration 10700. Early stopping counter: 2, LR counter: 2
[Trainer] No improvement. Iteration 11200. Early stopping counter: 1, LR counter: 1
[Trainer] No improvement. Iteration 11300. Early stopping counter: 2, LR counter: 2
[Trainer] No improvement. Iteration 11400. Early stopping counter: 3, LR counter: 3
[Trainer] No improvement. Iteration 11500. Early stopping counter: 4, LR counter: 4
[Trainer] No improvement. Iteration 11600. Early stopping counter: 5, LR counter: 5
[Trainer] No improvement. Iteration 11700. Early stopping counter: 6, LR counter: 6
[Trainer] No improvement. Iteration 11800. Early stopping counter: 7, LR counter: 7
[Trainer] No improvement. Iteration 11900. Early stopping counter: 8, LR counter: 8
[Trainer] No improvement. Iteration 12000. Early stopping counter: 9, LR counter: 9
[Trainer] No improvement. Iteration 12100. Early stopping counter: 10, LR counter: 10
[Trainer] No improvement. Iteration 12200. Early stopping counter: 11, LR counter: 11
[Trainer] No improvement. Iteration 12300. Early stopping counter: 12, LR counter: 12
[Trainer] No improvement. Iteration 12400. Early stopping counter: 13, LR counter: 13
[Trainer] No improvement. Iteration 12500. Early stopping counter: 14, LR counter: 14
[Trainer] No improvement. Iteration 12600. Early stopping counter: 15, LR counter: 15
[Trainer] No improvement. Iteration 12900. Early stopping counter: 1, LR counter: 1
[Trainer] No improvement. Iteration 13000. Early stopping counter: 2, LR counter: 2
[Trainer] No improvement. Iteration 13100. Early stopping counter: 3, LR counter: 3
[Trainer] No improvement. Iteration 13200. Early stopping counter: 4, LR counter: 4
[Trainer] No improvement. Iteration 13300. Early stopping counter: 5, LR counter: 5
[Trainer] No improvement. Iteration 13400. Early stopping counter: 6, LR counter: 6
[Trainer] No improvement. Iteration 13500. Early stopping counter: 7, LR counter: 7
[Trainer] No improvement. Iteration 13600. Early stopping counter: 8, LR counter: 8
[Trainer] No improvement. Iteration 13700. Early stopping counter: 9, LR counter: 9
[Trainer] No improvement. Iteration 13800. Early stopping counter: 10, LR counter: 10
[Trainer] No improvement. Iteration 13900. Early stopping counter: 11, LR counter: 11
[Trainer] No improvement. Iteration 14000. Early stopping counter: 12, LR counter: 12
[Trainer] No improvement. Iteration 14100. Early stopping counter: 13, LR counter: 13
[Trainer] No improvement. Iteration 14200. Early stopping counter: 14, LR counter: 14
[Trainer] No improvement. Iteration 14300. Early stopping counter: 15, LR counter: 15
[Trainer] No improvement. Iteration 14400. Early stopping counter: 16, LR counter: 16
[Trainer] No improvement. Iteration 14500. Early stopping counter: 17, LR counter: 17
[Trainer] No improvement. Iteration 14600. Early stopping counter: 18, LR counter: 18
[Trainer] No improvement. Iteration 14700. Early stopping counter: 19, LR counter: 19
[Trainer] No improvement. Iteration 14800. Early stopping counter: 20, LR counter: 20
[Trainer] No improvement. Iteration 14900. Early stopping counter: 21, LR counter: 21
[Trainer] No improvement. Iteration 15000. Early stopping counter: 22, LR counter: 22
[Trainer] No improvement. Iteration 15100. Early stopping counter: 23, LR counter: 23
[Trainer] No improvement. Iteration 15200. Early stopping counter: 24, LR counter: 24
[Trainer] No improvement. Iteration 15300. Early stopping counter: 25, LR counter: 25
[Trainer] Learning rate reduced to: 0.000010
[Trainer] No improvement. Iteration 15400. Early stopping counter: 26, LR counter: 1
[Trainer] No improvement. Iteration 15500. Early stopping counter: 27, LR counter: 2
[Trainer] No improvement. Iteration 16100. Early stopping counter: 1, LR counter: 1
[Trainer] No improvement. Iteration 16200. Early stopping counter: 2, LR counter: 2
[Trainer] No improvement. Iteration 16300. Early stopping counter: 3, LR counter: 3
[Trainer] No improvement. Iteration 16400. Early stopping counter: 4, LR counter: 4
[Trainer] No improvement. Iteration 16500. Early stopping counter: 5, LR counter: 5
[Trainer] No improvement. Iteration 16600. Early stopping counter: 6, LR counter: 6
[Trainer] No improvement. Iteration 16700. Early stopping counter: 7, LR counter: 7
[Trainer] No improvement. Iteration 16800. Early stopping counter: 8, LR counter: 8
[Trainer] No improvement. Iteration 16900. Early stopping counter: 9, LR counter: 9
[Trainer] No improvement. Iteration 17000. Early stopping counter: 10, LR counter: 10
[Trainer] No improvement. Iteration 17100. Early stopping counter: 11, LR counter: 11
[Trainer] No improvement. Iteration 17200. Early stopping counter: 12, LR counter: 12
[Trainer] No improvement. Iteration 17300. Early stopping counter: 13, LR counter: 13
[Trainer] No improvement. Iteration 17400. Early stopping counter: 14, LR counter: 14
[Trainer] No improvement. Iteration 17500. Early stopping counter: 15, LR counter: 15
[Trainer] No improvement. Iteration 17600. Early stopping counter: 16, LR counter: 16
[Trainer] No improvement. Iteration 17700. Early stopping counter: 17, LR counter: 17
[Trainer] No improvement. Iteration 17800. Early stopping counter: 18, LR counter: 18
[Trainer] No improvement. Iteration 17900. Early stopping counter: 19, LR counter: 19
[Trainer] No improvement. Iteration 18000. Early stopping counter: 20, LR counter: 20
[Trainer] No improvement. Iteration 18100. Early stopping counter: 21, LR counter: 21
[Trainer] No improvement. Iteration 18200. Early stopping counter: 22, LR counter: 22
[Trainer] No improvement. Iteration 18300. Early stopping counter: 23, LR counter: 23
[Trainer] No improvement. Iteration 18400. Early stopping counter: 24, LR counter: 24
[Trainer] No improvement. Iteration 18500. Early stopping counter: 25, LR counter: 25
[Trainer] Learning rate reduced to: 0.000001
[Trainer] No improvement. Iteration 18600. Early stopping counter: 26, LR counter: 1
[Trainer] No improvement. Iteration 18700. Early stopping counter: 27, LR counter: 2
[Trainer] No improvement. Iteration 18800. Early stopping counter: 28, LR counter: 3
[Trainer] No improvement. Iteration 18900. Early stopping counter: 29, LR counter: 4
[Trainer] No improvement. Iteration 19000. Early stopping counter: 30, LR counter: 5
[Trainer] No improvement. Iteration 19100. Early stopping counter: 31, LR counter: 6
[Trainer] No improvement. Iteration 19200. Early stopping counter: 32, LR counter: 7
[Trainer] No improvement. Iteration 19300. Early stopping counter: 33, LR counter: 8
[Trainer] No improvement. Iteration 19400. Early stopping counter: 34, LR counter: 9
[Trainer] No improvement. Iteration 19500. Early stopping counter: 35, LR counter: 10
[Trainer] No improvement. Iteration 19600. Early stopping counter: 36, LR counter: 11
[Trainer] No improvement. Iteration 19700. Early stopping counter: 37, LR counter: 12
[Trainer] No improvement. Iteration 19800. Early stopping counter: 38, LR counter: 13
[Trainer] No improvement. Iteration 19900. Early stopping counter: 39, LR counter: 14
[Trainer] No improvement. Iteration 20000. Early stopping counter: 40, LR counter: 15
[Trainer] No improvement. Iteration 20100. Early stopping counter: 41, LR counter: 16
[Trainer] No improvement. Iteration 20200. Early stopping counter: 42, LR counter: 17
[Trainer] No improvement. Iteration 20300. Early stopping counter: 43, LR counter: 18
[Trainer] No improvement. Iteration 20400. Early stopping counter: 44, LR counter: 19
[Trainer] No improvement. Iteration 20500. Early stopping counter: 45, LR counter: 20
[Trainer] No improvement. Iteration 20600. Early stopping counter: 46, LR counter: 21
[Trainer] No improvement. Iteration 20700. Early stopping counter: 47, LR counter: 22
[Trainer] No improvement. Iteration 21000. Early stopping counter: 1, LR counter: 1
[Trainer] No improvement. Iteration 21100. Early stopping counter: 2, LR counter: 2
[Trainer] No improvement. Iteration 21200. Early stopping counter: 3, LR counter: 3
[Trainer] No improvement. Iteration 21300. Early stopping counter: 4, LR counter: 4
[Trainer] No improvement. Iteration 21400. Early stopping counter: 5, LR counter: 5
[Trainer] No improvement. Iteration 21500. Early stopping counter: 6, LR counter: 6
[Trainer] No improvement. Iteration 21600. Early stopping counter: 7, LR counter: 7
[Trainer] No improvement. Iteration 21700. Early stopping counter: 8, LR counter: 8
[Trainer] No improvement. Iteration 21800. Early stopping counter: 9, LR counter: 9
[Trainer] No improvement. Iteration 21900. Early stopping counter: 10, LR counter: 10
[Trainer] No improvement. Iteration 22000. Early stopping counter: 11, LR counter: 11
[Trainer] No improvement. Iteration 22100. Early stopping counter: 12, LR counter: 12
[Trainer] No improvement. Iteration 22200. Early stopping counter: 13, LR counter: 13
[Trainer] No improvement. Iteration 22300. Early stopping counter: 14, LR counter: 14
[Trainer] No improvement. Iteration 22400. Early stopping counter: 15, LR counter: 15
[Trainer] No improvement. Iteration 22500. Early stopping counter: 16, LR counter: 16
[Trainer] No improvement. Iteration 22600. Early stopping counter: 17, LR counter: 17
[Trainer] No improvement. Iteration 22700. Early stopping counter: 18, LR counter: 18
[Trainer] No improvement. Iteration 22800. Early stopping counter: 19, LR counter: 19
[Trainer] No improvement. Iteration 22900. Early stopping counter: 20, LR counter: 20
[Trainer] No improvement. Iteration 23000. Early stopping counter: 21, LR counter: 21
[Trainer] No improvement. Iteration 23100. Early stopping counter: 22, LR counter: 22
[Trainer] No improvement. Iteration 23200. Early stopping counter: 23, LR counter: 23
[Trainer] No improvement. Iteration 23300. Early stopping counter: 24, LR counter: 24
[Trainer] No improvement. Iteration 23400. Early stopping counter: 25, LR counter: 25
[Trainer] Learning rate reduced to: 0.000000
[Trainer] No improvement. Iteration 23500. Early stopping counter: 26, LR counter: 1
[Trainer] No improvement. Iteration 23600. Early stopping counter: 27, LR counter: 2
[Trainer] No improvement. Iteration 23700. Early stopping counter: 28, LR counter: 3
[Trainer] No improvement. Iteration 23800. Early stopping counter: 29, LR counter: 4
[Trainer] No improvement. Iteration 23900. Early stopping counter: 30, LR counter: 5
[Trainer] No improvement. Iteration 24000. Early stopping counter: 31, LR counter: 6
[Trainer] No improvement. Iteration 24100. Early stopping counter: 32, LR counter: 7
[Trainer] No improvement. Iteration 24200. Early stopping counter: 33, LR counter: 8
[Trainer] No improvement. Iteration 24300. Early stopping counter: 34, LR counter: 9
[Trainer] No improvement. Iteration 24400. Early stopping counter: 35, LR counter: 10
[Trainer] No improvement. Iteration 24500. Early stopping counter: 36, LR counter: 11
[Trainer] No improvement. Iteration 24600. Early stopping counter: 37, LR counter: 12
[Trainer] No improvement. Iteration 24700. Early stopping counter: 38, LR counter: 13
[Trainer] No improvement. Iteration 24800. Early stopping counter: 39, LR counter: 14
[Trainer] No improvement. Iteration 24900. Early stopping counter: 40, LR counter: 15
[Trainer] No improvement. Iteration 25000. Early stopping counter: 41, LR counter: 16
[Trainer] No improvement. Iteration 25100. Early stopping counter: 42, LR counter: 17
[Trainer] No improvement. Iteration 25200. Early stopping counter: 43, LR counter: 18
[Trainer] No improvement. Iteration 25300. Early stopping counter: 44, LR counter: 19
[Trainer] No improvement. Iteration 25400. Early stopping counter: 45, LR counter: 20
[Trainer] No improvement. Iteration 25500. Early stopping counter: 46, LR counter: 21
[Trainer] No improvement. Iteration 25600. Early stopping counter: 47, LR counter: 22
[Trainer] No improvement. Iteration 25900. Early stopping counter: 1, LR counter: 1
[Trainer] No improvement. Iteration 26000. Early stopping counter: 2, LR counter: 2
[Trainer] No improvement. Iteration 26100. Early stopping counter: 3, LR counter: 3
[Trainer] No improvement. Iteration 26200. Early stopping counter: 4, LR counter: 4
[Trainer] No improvement. Iteration 26300. Early stopping counter: 5, LR counter: 5
[Trainer] No improvement. Iteration 26400. Early stopping counter: 6, LR counter: 6
[Trainer] No improvement. Iteration 26500. Early stopping counter: 7, LR counter: 7
[Trainer] No improvement. Iteration 26600. Early stopping counter: 8, LR counter: 8
[Trainer] No improvement. Iteration 26700. Early stopping counter: 9, LR counter: 9
[Trainer] No improvement. Iteration 26800. Early stopping counter: 10, LR counter: 10
[Trainer] No improvement. Iteration 26900. Early stopping counter: 11, LR counter: 11
[Trainer] No improvement. Iteration 27000. Early stopping counter: 12, LR counter: 12
[Trainer] No improvement. Iteration 27100. Early stopping counter: 13, LR counter: 13
[Trainer] No improvement. Iteration 27200. Early stopping counter: 14, LR counter: 14
[Trainer] No improvement. Iteration 27300. Early stopping counter: 15, LR counter: 15
[Trainer] No improvement. Iteration 27400. Early stopping counter: 16, LR counter: 16
[Trainer] No improvement. Iteration 27500. Early stopping counter: 17, LR counter: 17
[Trainer] No improvement. Iteration 27600. Early stopping counter: 18, LR counter: 18
[Trainer] No improvement. Iteration 27700. Early stopping counter: 19, LR counter: 19
[Trainer] No improvement. Iteration 27800. Early stopping counter: 20, LR counter: 20
[Trainer] No improvement. Iteration 27900. Early stopping counter: 21, LR counter: 21
[Trainer] No improvement. Iteration 28300. Early stopping counter: 1, LR counter: 1
[Trainer] No improvement. Iteration 28400. Early stopping counter: 2, LR counter: 2
[Trainer] No improvement. Iteration 28500. Early stopping counter: 3, LR counter: 3
[Trainer] No improvement. Iteration 28600. Early stopping counter: 4, LR counter: 4
[Trainer] No improvement. Iteration 28700. Early stopping counter: 5, LR counter: 5
[Trainer] No improvement. Iteration 28800. Early stopping counter: 6, LR counter: 6
[Trainer] No improvement. Iteration 28900. Early stopping counter: 7, LR counter: 7
[Trainer] No improvement. Iteration 29200. Early stopping counter: 1, LR counter: 1
[Trainer] No improvement. Iteration 29300. Early stopping counter: 2, LR counter: 2
[Trainer] No improvement. Iteration 29400. Early stopping counter: 3, LR counter: 3
[Trainer] No improvement. Iteration 29500. Early stopping counter: 4, LR counter: 4
[Trainer] No improvement. Iteration 29600. Early stopping counter: 5, LR counter: 5
[Trainer] No improvement. Iteration 29700. Early stopping counter: 6, LR counter: 6
[Trainer] No improvement. Iteration 29800. Early stopping counter: 7, LR counter: 7
[Trainer] Training completed.
[Trainer] Calibrating temperatures on validation set...
[Trainer] Temperature calibration finished. Calibrated temperatures: {4: 1.2167401313781738, 6: 1.0805059671401978, 8: 1.0638571977615356, 10: 1.2239257097244263}
[Trainer] BNN training completed.
**************************************************
Z=8, N=4, emax=4
RMSE Eb: 0.753
RMSE Rch: 0.005
MAPE Eb: 2.418
MAPE Rch: 0.254
--------------------------------------------------
**************************************************
Z=8, N=4, emax=10
RMSE Eb: 0.794
RMSE Rch: 0.039
MAPE Eb: 1.366
MAPE Rch: 1.927
--------------------------------------------------
**************************************************
Z=8, N=4, emax=6
RMSE Eb: 0.832
RMSE Rch: 0.016
MAPE Eb: 1.565
MAPE Rch: 0.831
--------------------------------------------------
**************************************************
Z=8, N=4, emax=8
RMSE Eb: 0.696
RMSE Rch: 0.020
MAPE Eb: 1.183
MAPE Rch: 0.856
--------------------------------------------------
**************************************************
Z=8, N=5, emax=8
RMSE Eb: 0.651
RMSE Rch: 0.014
MAPE Eb: 0.813
MAPE Rch: 0.677
--------------------------------------------------
**************************************************
Z=8, N=5, emax=6
RMSE Eb: 0.484
RMSE Rch: 0.011
MAPE Eb: 0.709
MAPE Rch: 0.562
--------------------------------------------------
**************************************************
Z=8, N=5, emax=4
RMSE Eb: 0.685
RMSE Rch: 0.008
MAPE Eb: 1.492
MAPE Rch: 0.351
--------------------------------------------------
**************************************************
Z=8, N=5, emax=10
RMSE Eb: 0.402
RMSE Rch: 0.014
MAPE Eb: 0.560
MAPE Rch: 0.870
--------------------------------------------------
**************************************************
Z=8, N=6, emax=4
RMSE Eb: 0.660
RMSE Rch: 0.007
MAPE Eb: 0.962
MAPE Rch: 0.303
--------------------------------------------------
**************************************************
Z=8, N=6, emax=6
RMSE Eb: 0.593
RMSE Rch: 0.011
MAPE Eb: 0.635
MAPE Rch: 0.526
--------------------------------------------------
**************************************************
Z=8, N=6, emax=8
RMSE Eb: 0.899
RMSE Rch: 0.011
MAPE Eb: 0.721
MAPE Rch: 0.533
--------------------------------------------------
**************************************************
Z=8, N=6, emax=10
RMSE Eb: 0.624
RMSE Rch: 0.013
MAPE Eb: 0.597
MAPE Rch: 0.716
--------------------------------------------------
**************************************************
Z=8, N=7, emax=8
RMSE Eb: 0.793
RMSE Rch: 0.010
MAPE Eb: 0.652
MAPE Rch: 0.529
--------------------------------------------------
**************************************************
Z=8, N=7, emax=10
RMSE Eb: 0.864
RMSE Rch: 0.016
MAPE Eb: 0.719
MAPE Rch: 0.933
--------------------------------------------------
**************************************************
Z=8, N=7, emax=6
RMSE Eb: 1.051
RMSE Rch: 0.013
MAPE Eb: 1.047
MAPE Rch: 0.712
--------------------------------------------------
**************************************************
Z=8, N=7, emax=4
RMSE Eb: 0.454
RMSE Rch: 0.006
MAPE Eb: 0.580
MAPE Rch: 0.311
--------------------------------------------------
**************************************************
Z=8, N=8, emax=4
RMSE Eb: 0.583
RMSE Rch: 0.009
MAPE Eb: 0.634
MAPE Rch: 0.219
--------------------------------------------------
**************************************************
Z=8, N=8, emax=8
RMSE Eb: 0.953
RMSE Rch: 0.013
MAPE Eb: 0.707
MAPE Rch: 0.335
--------------------------------------------------
**************************************************
Z=8, N=8, emax=6
RMSE Eb: 0.671
RMSE Rch: 0.008
MAPE Eb: 0.547
MAPE Rch: 0.233
--------------------------------------------------
**************************************************
Z=8, N=8, emax=10
RMSE Eb: 1.072
RMSE Rch: 0.013
MAPE Eb: 0.719
MAPE Rch: 0.414
--------------------------------------------------
**************************************************
Z=8, N=9, emax=8
RMSE Eb: 0.731
RMSE Rch: 0.013
MAPE Eb: 0.497
MAPE Rch: 0.410
--------------------------------------------------
**************************************************
Z=8, N=9, emax=6
RMSE Eb: 0.600
RMSE Rch: 0.010
MAPE Eb: 0.500
MAPE Rch: 0.275
--------------------------------------------------
**************************************************
Z=8, N=9, emax=4
RMSE Eb: 0.746
RMSE Rch: 0.011
MAPE Eb: 0.751
MAPE Rch: 0.352
--------------------------------------------------
**************************************************
Z=8, N=9, emax=10
RMSE Eb: 0.677
RMSE Rch: 0.013
MAPE Eb: 0.521
MAPE Rch: 0.435
--------------------------------------------------
**************************************************
Z=8, N=10, emax=4
RMSE Eb: 0.591
RMSE Rch: 0.009
MAPE Eb: 0.621
MAPE Rch: 0.268
--------------------------------------------------
**************************************************
Z=8, N=10, emax=10
RMSE Eb: 0.697
RMSE Rch: 0.016
MAPE Eb: 0.420
MAPE Rch: 0.529
--------------------------------------------------
**************************************************
Z=8, N=10, emax=6
RMSE Eb: 0.640
RMSE Rch: 0.009
MAPE Eb: 0.523
MAPE Rch: 0.259
--------------------------------------------------
**************************************************
Z=8, N=10, emax=8
RMSE Eb: 0.763
RMSE Rch: 0.014
MAPE Eb: 0.527
MAPE Rch: 0.451
--------------------------------------------------
**************************************************
Z=8, N=11, emax=4
RMSE Eb: 0.525
RMSE Rch: 0.010
MAPE Eb: 0.566
MAPE Rch: 0.308
--------------------------------------------------
**************************************************
Z=8, N=11, emax=6
RMSE Eb: 0.790
RMSE Rch: 0.007
MAPE Eb: 0.577
MAPE Rch: 0.211
--------------------------------------------------
**************************************************
Z=8, N=11, emax=8
RMSE Eb: 0.726
RMSE Rch: 0.010
MAPE Eb: 0.481
MAPE Rch: 0.293
--------------------------------------------------
**************************************************
Z=8, N=11, emax=10
RMSE Eb: 0.711
RMSE Rch: 0.014
MAPE Eb: 0.482
MAPE Rch: 0.483
--------------------------------------------------
**************************************************
Z=8, N=12, emax=6
RMSE Eb: 0.729
RMSE Rch: 0.006
MAPE Eb: 0.566
MAPE Rch: 0.170
--------------------------------------------------
**************************************************
Z=8, N=12, emax=4
RMSE Eb: 0.648
RMSE Rch: 0.009
MAPE Eb: 0.681
MAPE Rch: 0.257
--------------------------------------------------
**************************************************
Z=8, N=12, emax=8
RMSE Eb: 0.767
RMSE Rch: 0.008
MAPE Eb: 0.547
MAPE Rch: 0.233
--------------------------------------------------
**************************************************
Z=8, N=12, emax=10
RMSE Eb: 0.752
RMSE Rch: 0.008
MAPE Eb: 0.572
MAPE Rch: 0.255
--------------------------------------------------
**************************************************
Z=8, N=13, emax=8
RMSE Eb: 0.918
RMSE Rch: 0.010
MAPE Eb: 0.613
MAPE Rch: 0.281
--------------------------------------------------
**************************************************
Z=8, N=13, emax=4
RMSE Eb: 0.623
RMSE Rch: 0.010
MAPE Eb: 0.581
MAPE Rch: 0.291
--------------------------------------------------
**************************************************
Z=8, N=13, emax=10
RMSE Eb: 0.583
RMSE Rch: 0.012
MAPE Eb: 0.374
MAPE Rch: 0.349
--------------------------------------------------
**************************************************
Z=8, N=13, emax=6
RMSE Eb: 0.578
RMSE Rch: 0.006
MAPE Eb: 0.437
MAPE Rch: 0.158
--------------------------------------------------
**************************************************
Z=8, N=14, emax=8
RMSE Eb: 1.029
RMSE Rch: 0.014
MAPE Eb: 0.663
MAPE Rch: 0.405
--------------------------------------------------
**************************************************
Z=8, N=14, emax=4
RMSE Eb: 0.887
RMSE Rch: 0.013
MAPE Eb: 0.848
MAPE Rch: 0.386
--------------------------------------------------
**************************************************
Z=8, N=14, emax=6
RMSE Eb: 0.777
RMSE Rch: 0.006
MAPE Eb: 0.568
MAPE Rch: 0.173
--------------------------------------------------
**************************************************
Z=8, N=14, emax=10
RMSE Eb: 1.129
RMSE Rch: 0.015
MAPE Eb: 0.726
MAPE Rch: 0.491
--------------------------------------------------
**************************************************
Z=8, N=15, emax=8
RMSE Eb: 1.013
RMSE Rch: 0.009
MAPE Eb: 0.606
MAPE Rch: 0.284
--------------------------------------------------
**************************************************
Z=8, N=15, emax=4
RMSE Eb: 0.820
RMSE Rch: 0.011
MAPE Eb: 0.692
MAPE Rch: 0.315
--------------------------------------------------
**************************************************
Z=8, N=15, emax=6
RMSE Eb: 0.788
RMSE Rch: 0.008
MAPE Eb: 0.556
MAPE Rch: 0.200
--------------------------------------------------
**************************************************
Z=8, N=15, emax=10
RMSE Eb: 0.562
RMSE Rch: 0.013
MAPE Eb: 0.320
MAPE Rch: 0.386
--------------------------------------------------
**************************************************
Z=8, N=16, emax=8
RMSE Eb: 0.946
RMSE Rch: 0.010
MAPE Eb: 0.577
MAPE Rch: 0.285
--------------------------------------------------
**************************************************
Z=8, N=16, emax=6
RMSE Eb: 0.744
RMSE Rch: 0.007
MAPE Eb: 0.495
MAPE Rch: 0.184
--------------------------------------------------
**************************************************
Z=8, N=16, emax=10
RMSE Eb: 0.721
RMSE Rch: 0.013
MAPE Eb: 0.455
MAPE Rch: 0.381
--------------------------------------------------
**************************************************
Z=8, N=16, emax=4
RMSE Eb: 0.686
RMSE Rch: 0.009
MAPE Eb: 0.746
MAPE Rch: 0.238
--------------------------------------------------
Finished VAL for AE n=301
**************************************************
Z=8, N=4, emax=6
RMSE Eb: 0.643
RMSE Rch: 0.015
MAPE Eb: 1.253
MAPE Rch: 0.750
--------------------------------------------------
**************************************************
Z=8, N=4, emax=8
RMSE Eb: 0.753
RMSE Rch: 0.020
MAPE Eb: 1.207
MAPE Rch: 0.896
--------------------------------------------------
**************************************************
Z=8, N=4, emax=4
RMSE Eb: 0.637
RMSE Rch: 0.006
MAPE Eb: 1.772
MAPE Rch: 0.288
--------------------------------------------------
**************************************************
Z=8, N=4, emax=10
RMSE Eb: 0.794
RMSE Rch: 0.025
MAPE Eb: 1.192
MAPE Rch: 1.346
--------------------------------------------------
**************************************************
Z=8, N=5, emax=4
RMSE Eb: 0.678
RMSE Rch: 0.009
MAPE Eb: 1.480
MAPE Rch: 0.430
--------------------------------------------------
**************************************************
Z=8, N=5, emax=8
RMSE Eb: 0.729
RMSE Rch: 0.013
MAPE Eb: 0.935
MAPE Rch: 0.633
--------------------------------------------------
**************************************************
Z=8, N=5, emax=6
RMSE Eb: 0.633
RMSE Rch: 0.011
MAPE Eb: 0.914
MAPE Rch: 0.546
--------------------------------------------------
**************************************************
Z=8, N=5, emax=10
RMSE Eb: 0.756
RMSE Rch: 0.018
MAPE Eb: 0.923
MAPE Rch: 0.808
--------------------------------------------------
**************************************************
Z=8, N=6, emax=4
RMSE Eb: 0.726
RMSE Rch: 0.008
MAPE Eb: 1.042
MAPE Rch: 0.351
--------------------------------------------------
**************************************************
Z=8, N=6, emax=8
RMSE Eb: 0.964
RMSE Rch: 0.015
MAPE Eb: 0.886
MAPE Rch: 0.650
--------------------------------------------------
**************************************************
Z=8, N=6, emax=6
RMSE Eb: 0.679
RMSE Rch: 0.013
MAPE Eb: 0.778
MAPE Rch: 0.632
--------------------------------------------------
**************************************************
Z=8, N=6, emax=10
RMSE Eb: 0.788
RMSE Rch: 0.012
MAPE Eb: 0.745
MAPE Rch: 0.649
--------------------------------------------------
**************************************************
Z=8, N=7, emax=4
RMSE Eb: 0.628
RMSE Rch: 0.007
MAPE Eb: 0.757
MAPE Rch: 0.305
--------------------------------------------------
**************************************************
Z=8, N=7, emax=8
RMSE Eb: 0.810
RMSE Rch: 0.011
MAPE Eb: 0.697
MAPE Rch: 0.577
--------------------------------------------------
**************************************************
Z=8, N=7, emax=6
RMSE Eb: 0.893
RMSE Rch: 0.013
MAPE Eb: 0.901
MAPE Rch: 0.734
--------------------------------------------------
**************************************************
Z=8, N=7, emax=10
RMSE Eb: 0.812
RMSE Rch: 0.017
MAPE Eb: 0.604
MAPE Rch: 1.010
--------------------------------------------------
**************************************************
Z=8, N=8, emax=4
RMSE Eb: 0.636
RMSE Rch: 0.008
MAPE Eb: 0.625
MAPE Rch: 0.225
--------------------------------------------------
**************************************************
Z=8, N=8, emax=6
RMSE Eb: 0.731
RMSE Rch: 0.011
MAPE Eb: 0.618
MAPE Rch: 0.289
--------------------------------------------------
**************************************************
Z=8, N=8, emax=8
RMSE Eb: 0.913
RMSE Rch: 0.009
MAPE Eb: 0.642
MAPE Rch: 0.262
--------------------------------------------------
**************************************************
Z=8, N=8, emax=10
RMSE Eb: 0.629
RMSE Rch: 0.013
MAPE Eb: 0.443
MAPE Rch: 0.366
--------------------------------------------------
**************************************************
Z=8, N=9, emax=4
RMSE Eb: 0.744
RMSE Rch: 0.012
MAPE Eb: 0.745
MAPE Rch: 0.380
--------------------------------------------------
**************************************************
Z=8, N=9, emax=8
RMSE Eb: 0.735
RMSE Rch: 0.014
MAPE Eb: 0.533
MAPE Rch: 0.432
--------------------------------------------------
**************************************************
Z=8, N=9, emax=6
RMSE Eb: 0.703
RMSE Rch: 0.010
MAPE Eb: 0.570
MAPE Rch: 0.293
--------------------------------------------------
**************************************************
Z=8, N=9, emax=10
RMSE Eb: 0.484
RMSE Rch: 0.014
MAPE Eb: 0.312
MAPE Rch: 0.438
--------------------------------------------------
**************************************************
Z=8, N=10, emax=4
RMSE Eb: 0.736
RMSE Rch: 0.010
MAPE Eb: 0.777
MAPE Rch: 0.319
--------------------------------------------------
**************************************************
Z=8, N=10, emax=6
RMSE Eb: 0.579
RMSE Rch: 0.010
MAPE Eb: 0.437
MAPE Rch: 0.302
--------------------------------------------------
**************************************************
Z=8, N=10, emax=8
RMSE Eb: 0.623
RMSE Rch: 0.013
MAPE Eb: 0.435
MAPE Rch: 0.416
--------------------------------------------------
**************************************************
Z=8, N=10, emax=10
RMSE Eb: 0.709
RMSE Rch: 0.015
MAPE Eb: 0.510
MAPE Rch: 0.454
--------------------------------------------------
**************************************************
Z=8, N=11, emax=8
RMSE Eb: 0.794
RMSE Rch: 0.012
MAPE Eb: 0.553
MAPE Rch: 0.367
--------------------------------------------------
**************************************************
Z=8, N=11, emax=4
RMSE Eb: 0.536
RMSE Rch: 0.010
MAPE Eb: 0.593
MAPE Rch: 0.301
--------------------------------------------------
**************************************************
Z=8, N=11, emax=6
RMSE Eb: 0.967
RMSE Rch: 0.006
MAPE Eb: 0.788
MAPE Rch: 0.172
--------------------------------------------------
**************************************************
Z=8, N=11, emax=10
RMSE Eb: 0.797
RMSE Rch: 0.017
MAPE Eb: 0.521
MAPE Rch: 0.555
--------------------------------------------------
**************************************************
Z=8, N=12, emax=6
RMSE Eb: 0.666
RMSE Rch: 0.004
MAPE Eb: 0.485
MAPE Rch: 0.121
--------------------------------------------------
**************************************************
Z=8, N=12, emax=8
RMSE Eb: 0.734
RMSE Rch: 0.007
MAPE Eb: 0.497
MAPE Rch: 0.218
--------------------------------------------------
**************************************************
Z=8, N=12, emax=4
RMSE Eb: 0.552
RMSE Rch: 0.009
MAPE Eb: 0.549
MAPE Rch: 0.263
--------------------------------------------------
**************************************************
Z=8, N=12, emax=10
RMSE Eb: 0.757
RMSE Rch: 0.008
MAPE Eb: 0.503
MAPE Rch: 0.217
--------------------------------------------------
**************************************************
Z=8, N=13, emax=8
RMSE Eb: 0.850
RMSE Rch: 0.008
MAPE Eb: 0.517
MAPE Rch: 0.217
--------------------------------------------------
**************************************************
Z=8, N=13, emax=4
RMSE Eb: 0.535
RMSE Rch: 0.008
MAPE Eb: 0.541
MAPE Rch: 0.227
--------------------------------------------------
**************************************************
Z=8, N=13, emax=6
RMSE Eb: 0.710
RMSE Rch: 0.006
MAPE Eb: 0.480
MAPE Rch: 0.182
--------------------------------------------------
**************************************************
Z=8, N=13, emax=10
RMSE Eb: 0.717
RMSE Rch: 0.011
MAPE Eb: 0.432
MAPE Rch: 0.325
--------------------------------------------------
**************************************************
Z=8, N=14, emax=6
RMSE Eb: 0.710
RMSE Rch: 0.007
MAPE Eb: 0.454
MAPE Rch: 0.201
--------------------------------------------------
**************************************************
Z=8, N=14, emax=10
RMSE Eb: 0.853
RMSE Rch: 0.015
MAPE Eb: 0.434
MAPE Rch: 0.467
--------------------------------------------------
**************************************************
Z=8, N=14, emax=4
RMSE Eb: 0.771
RMSE Rch: 0.011
MAPE Eb: 0.783
MAPE Rch: 0.310
--------------------------------------------------
**************************************************
Z=8, N=14, emax=8
RMSE Eb: 0.855
RMSE Rch: 0.013
MAPE Eb: 0.539
MAPE Rch: 0.394
--------------------------------------------------
**************************************************
Z=8, N=15, emax=8
RMSE Eb: 1.104
RMSE Rch: 0.010
MAPE Eb: 0.682
MAPE Rch: 0.307
--------------------------------------------------
**************************************************
Z=8, N=15, emax=6
RMSE Eb: 0.834
RMSE Rch: 0.006
MAPE Eb: 0.584
MAPE Rch: 0.163
--------------------------------------------------
**************************************************
Z=8, N=15, emax=4
RMSE Eb: 0.792
RMSE Rch: 0.010
MAPE Eb: 0.760
MAPE Rch: 0.278
--------------------------------------------------
**************************************************
Z=8, N=15, emax=10
RMSE Eb: 0.889
RMSE Rch: 0.012
MAPE Eb: 0.505
MAPE Rch: 0.373
--------------------------------------------------
**************************************************
Z=8, N=16, emax=4
RMSE Eb: 0.754
RMSE Rch: 0.009
MAPE Eb: 0.694
MAPE Rch: 0.263
--------------------------------------------------
**************************************************
Z=8, N=16, emax=8
RMSE Eb: 1.052
RMSE Rch: 0.009
MAPE Eb: 0.623
MAPE Rch: 0.244
--------------------------------------------------
**************************************************
Z=8, N=16, emax=6
RMSE Eb: 0.982
RMSE Rch: 0.008
MAPE Eb: 0.662
MAPE Rch: 0.205
--------------------------------------------------
**************************************************
Z=8, N=16, emax=10
RMSE Eb: 1.339
RMSE Rch: 0.013
MAPE Eb: 0.706
MAPE Rch: 0.381
--------------------------------------------------
