Activated conda environment
[DataLoader] Found 13 files matching the pattern.
[DataLoader] Combined data shape: (17234, 35)
[Preprocess] Data split => train: (11029, 35), val: (2758, 35), test: (3447, 35)
[Preprocess] Processed fidelity 4 (index 0): 3758 samples.
[Preprocess] Processed fidelity 6 (index 1): 3346 samples.
[Preprocess] Processed fidelity 8 (index 2): 3194 samples.
[Preprocess] Processed fidelity 10 (index 3): 731 samples.
[Preprocess] Processed fidelity 4 (index 0): 949 samples.
[Preprocess] Processed fidelity 6 (index 1): 833 samples.
[Preprocess] Processed fidelity 8 (index 2): 801 samples.
[Preprocess] Processed fidelity 10 (index 3): 175 samples.
Fidelity levels: [4, 6, 8, 10]
[Trainer] Starting BNN training...
[Trainer] No improvement. Iteration 9000. Early stopping counter: 1, LR counter: 1
[Trainer] No improvement. Iteration 9400. Early stopping counter: 1, LR counter: 1
[Trainer] No improvement. Iteration 9900. Early stopping counter: 1, LR counter: 1
[Trainer] No improvement. Iteration 10000. Early stopping counter: 2, LR counter: 2
[Trainer] No improvement. Iteration 10100. Early stopping counter: 3, LR counter: 3
[Trainer] No improvement. Iteration 10200. Early stopping counter: 4, LR counter: 4
[Trainer] No improvement. Iteration 10300. Early stopping counter: 5, LR counter: 5
[Trainer] No improvement. Iteration 10400. Early stopping counter: 6, LR counter: 6
[Trainer] No improvement. Iteration 10500. Early stopping counter: 7, LR counter: 7
[Trainer] No improvement. Iteration 10600. Early stopping counter: 8, LR counter: 8
[Trainer] No improvement. Iteration 10700. Early stopping counter: 9, LR counter: 9
[Trainer] No improvement. Iteration 10800. Early stopping counter: 10, LR counter: 10
[Trainer] No improvement. Iteration 10900. Early stopping counter: 11, LR counter: 11
[Trainer] No improvement. Iteration 11000. Early stopping counter: 12, LR counter: 12
[Trainer] No improvement. Iteration 11100. Early stopping counter: 13, LR counter: 13
[Trainer] No improvement. Iteration 11200. Early stopping counter: 14, LR counter: 14
[Trainer] No improvement. Iteration 11300. Early stopping counter: 15, LR counter: 15
[Trainer] No improvement. Iteration 11400. Early stopping counter: 16, LR counter: 16
[Trainer] No improvement. Iteration 11500. Early stopping counter: 17, LR counter: 17
[Trainer] No improvement. Iteration 11600. Early stopping counter: 18, LR counter: 18
[Trainer] No improvement. Iteration 11700. Early stopping counter: 19, LR counter: 19
[Trainer] No improvement. Iteration 11800. Early stopping counter: 20, LR counter: 20
[Trainer] No improvement. Iteration 11900. Early stopping counter: 21, LR counter: 21
[Trainer] No improvement. Iteration 12000. Early stopping counter: 22, LR counter: 22
[Trainer] No improvement. Iteration 12100. Early stopping counter: 23, LR counter: 23
[Trainer] No improvement. Iteration 12200. Early stopping counter: 24, LR counter: 24
[Trainer] No improvement. Iteration 12300. Early stopping counter: 25, LR counter: 25
[Trainer] Learning rate reduced to: 0.000010
[Trainer] No improvement. Iteration 12400. Early stopping counter: 26, LR counter: 1
[Trainer] No improvement. Iteration 12500. Early stopping counter: 27, LR counter: 2
[Trainer] No improvement. Iteration 12600. Early stopping counter: 28, LR counter: 3
[Trainer] No improvement. Iteration 12700. Early stopping counter: 29, LR counter: 4
[Trainer] No improvement. Iteration 12800. Early stopping counter: 30, LR counter: 5
[Trainer] No improvement. Iteration 12900. Early stopping counter: 31, LR counter: 6
[Trainer] No improvement. Iteration 13000. Early stopping counter: 32, LR counter: 7
[Trainer] No improvement. Iteration 13100. Early stopping counter: 33, LR counter: 8
[Trainer] No improvement. Iteration 13200. Early stopping counter: 34, LR counter: 9
[Trainer] No improvement. Iteration 13300. Early stopping counter: 35, LR counter: 10
[Trainer] No improvement. Iteration 13400. Early stopping counter: 36, LR counter: 11
[Trainer] No improvement. Iteration 13500. Early stopping counter: 37, LR counter: 12
[Trainer] No improvement. Iteration 13600. Early stopping counter: 38, LR counter: 13
[Trainer] No improvement. Iteration 13700. Early stopping counter: 39, LR counter: 14
[Trainer] No improvement. Iteration 13800. Early stopping counter: 40, LR counter: 15
[Trainer] No improvement. Iteration 13900. Early stopping counter: 41, LR counter: 16
[Trainer] No improvement. Iteration 14000. Early stopping counter: 42, LR counter: 17
[Trainer] No improvement. Iteration 14100. Early stopping counter: 43, LR counter: 18
[Trainer] No improvement. Iteration 14200. Early stopping counter: 44, LR counter: 19
[Trainer] No improvement. Iteration 14300. Early stopping counter: 45, LR counter: 20
[Trainer] No improvement. Iteration 14400. Early stopping counter: 46, LR counter: 21
[Trainer] No improvement. Iteration 14500. Early stopping counter: 47, LR counter: 22
[Trainer] No improvement. Iteration 14600. Early stopping counter: 48, LR counter: 23
[Trainer] No improvement. Iteration 14700. Early stopping counter: 49, LR counter: 24
[Trainer] No improvement. Iteration 14800. Early stopping counter: 50, LR counter: 25
[Trainer] Learning rate reduced to: 0.000001
[Trainer] Early stopping triggered.
[Trainer] Training completed.
[Trainer] Calibrating temperatures on validation set...
[Trainer] Temperature calibration finished. Calibrated temperatures: {4: 1.140446662902832, 6: 0.9389248490333557, 8: 0.9647811651229858, 10: 1.2598750591278076}
[Trainer] BNN training completed.
**************************************************
Z=8, N=4, emax=4
RMSE Eb: 0.991
RMSE Rch: 0.010
MAPE Eb: 2.748
MAPE Rch: 0.429
--------------------------------------------------
**************************************************
Z=8, N=4, emax=10
RMSE Eb: 1.637
RMSE Rch: 0.050
MAPE Eb: 2.775
MAPE Rch: 2.385
--------------------------------------------------
**************************************************
Z=8, N=4, emax=6
RMSE Eb: 1.187
RMSE Rch: 0.015
MAPE Eb: 2.254
MAPE Rch: 0.729
--------------------------------------------------
**************************************************
Z=8, N=4, emax=8
RMSE Eb: 1.541
RMSE Rch: 0.022
MAPE Eb: 2.489
MAPE Rch: 1.041
--------------------------------------------------
**************************************************
Z=8, N=5, emax=8
RMSE Eb: 1.486
RMSE Rch: 0.017
MAPE Eb: 1.777
MAPE Rch: 0.823
--------------------------------------------------
**************************************************
Z=8, N=5, emax=6
RMSE Eb: 1.051
RMSE Rch: 0.012
MAPE Eb: 1.481
MAPE Rch: 0.578
--------------------------------------------------
**************************************************
Z=8, N=5, emax=4
RMSE Eb: 0.936
RMSE Rch: 0.008
MAPE Eb: 1.842
MAPE Rch: 0.338
--------------------------------------------------
**************************************************
Z=8, N=5, emax=10
RMSE Eb: 1.266
RMSE Rch: 0.026
MAPE Eb: 1.763
MAPE Rch: 1.411
--------------------------------------------------
**************************************************
Z=8, N=6, emax=4
RMSE Eb: 1.143
RMSE Rch: 0.010
MAPE Eb: 1.607
MAPE Rch: 0.489
--------------------------------------------------
**************************************************
Z=8, N=6, emax=6
RMSE Eb: 1.250
RMSE Rch: 0.010
MAPE Eb: 1.322
MAPE Rch: 0.487
--------------------------------------------------
**************************************************
Z=8, N=6, emax=8
RMSE Eb: 1.386
RMSE Rch: 0.013
MAPE Eb: 1.344
MAPE Rch: 0.687
--------------------------------------------------
**************************************************
Z=8, N=6, emax=10
RMSE Eb: 1.601
RMSE Rch: 0.019
MAPE Eb: 1.428
MAPE Rch: 0.968
--------------------------------------------------
**************************************************
Z=8, N=7, emax=8
RMSE Eb: 1.348
RMSE Rch: 0.013
MAPE Eb: 1.158
MAPE Rch: 0.628
--------------------------------------------------
**************************************************
Z=8, N=7, emax=10
RMSE Eb: 1.093
RMSE Rch: 0.026
MAPE Eb: 0.864
MAPE Rch: 1.294
--------------------------------------------------
**************************************************
Z=8, N=7, emax=6
RMSE Eb: 1.534
RMSE Rch: 0.012
MAPE Eb: 1.481
MAPE Rch: 0.595
--------------------------------------------------
**************************************************
Z=8, N=7, emax=4
RMSE Eb: 1.478
RMSE Rch: 0.011
MAPE Eb: 1.840
MAPE Rch: 0.524
--------------------------------------------------
**************************************************
Z=8, N=8, emax=4
RMSE Eb: 1.222
RMSE Rch: 0.012
MAPE Eb: 1.265
MAPE Rch: 0.334
--------------------------------------------------
**************************************************
Z=8, N=8, emax=8
RMSE Eb: 1.585
RMSE Rch: 0.013
MAPE Eb: 1.197
MAPE Rch: 0.379
--------------------------------------------------
**************************************************
Z=8, N=8, emax=6
RMSE Eb: 1.446
RMSE Rch: 0.013
MAPE Eb: 1.055
MAPE Rch: 0.383
--------------------------------------------------
**************************************************
Z=8, N=8, emax=10
RMSE Eb: 1.804
RMSE Rch: 0.016
MAPE Eb: 1.388
MAPE Rch: 0.479
--------------------------------------------------
**************************************************
Z=8, N=9, emax=8
RMSE Eb: 1.648
RMSE Rch: 0.014
MAPE Eb: 1.118
MAPE Rch: 0.406
--------------------------------------------------
**************************************************
Z=8, N=9, emax=6
RMSE Eb: 1.292
RMSE Rch: 0.009
MAPE Eb: 1.008
MAPE Rch: 0.270
--------------------------------------------------
**************************************************
Z=8, N=9, emax=4
RMSE Eb: 1.314
RMSE Rch: 0.008
MAPE Eb: 1.430
MAPE Rch: 0.206
--------------------------------------------------
**************************************************
Z=8, N=9, emax=10
RMSE Eb: 0.961
RMSE Rch: 0.014
MAPE Eb: 0.727
MAPE Rch: 0.349
--------------------------------------------------
**************************************************
Z=8, N=10, emax=4
RMSE Eb: 1.367
RMSE Rch: 0.011
MAPE Eb: 1.424
MAPE Rch: 0.286
--------------------------------------------------
**************************************************
Z=8, N=10, emax=10
RMSE Eb: 1.401
RMSE Rch: 0.012
MAPE Eb: 1.015
MAPE Rch: 0.378
--------------------------------------------------
**************************************************
Z=8, N=10, emax=6
RMSE Eb: 1.471
RMSE Rch: 0.010
MAPE Eb: 1.160
MAPE Rch: 0.278
--------------------------------------------------
**************************************************
Z=8, N=10, emax=8
RMSE Eb: 1.375
RMSE Rch: 0.011
MAPE Eb: 0.989
MAPE Rch: 0.300
--------------------------------------------------
**************************************************
Z=8, N=11, emax=4
RMSE Eb: 1.042
RMSE Rch: 0.012
MAPE Eb: 1.010
MAPE Rch: 0.352
--------------------------------------------------
**************************************************
Z=8, N=11, emax=6
RMSE Eb: 1.560
RMSE Rch: 0.008
MAPE Eb: 1.141
MAPE Rch: 0.252
--------------------------------------------------
**************************************************
Z=8, N=11, emax=8
RMSE Eb: 1.540
RMSE Rch: 0.011
MAPE Eb: 1.089
MAPE Rch: 0.327
--------------------------------------------------
**************************************************
Z=8, N=11, emax=10
RMSE Eb: 1.666
RMSE Rch: 0.017
MAPE Eb: 1.277
MAPE Rch: 0.429
--------------------------------------------------
**************************************************
Z=8, N=12, emax=6
RMSE Eb: 1.333
RMSE Rch: 0.010
MAPE Eb: 0.963
MAPE Rch: 0.295
--------------------------------------------------
**************************************************
Z=8, N=12, emax=4
RMSE Eb: 1.342
RMSE Rch: 0.011
MAPE Eb: 1.333
MAPE Rch: 0.290
--------------------------------------------------
**************************************************
Z=8, N=12, emax=8
RMSE Eb: 1.558
RMSE Rch: 0.014
MAPE Eb: 1.049
MAPE Rch: 0.405
--------------------------------------------------
**************************************************
Z=8, N=12, emax=10
RMSE Eb: 1.851
RMSE Rch: 0.010
MAPE Eb: 1.371
MAPE Rch: 0.269
--------------------------------------------------
**************************************************
Z=8, N=13, emax=8
RMSE Eb: 1.792
RMSE Rch: 0.014
MAPE Eb: 1.137
MAPE Rch: 0.427
--------------------------------------------------
**************************************************
Z=8, N=13, emax=4
RMSE Eb: 1.435
RMSE Rch: 0.011
MAPE Eb: 1.457
MAPE Rch: 0.311
--------------------------------------------------
**************************************************
Z=8, N=13, emax=10
RMSE Eb: 1.738
RMSE Rch: 0.011
MAPE Eb: 1.008
MAPE Rch: 0.359
--------------------------------------------------
**************************************************
Z=8, N=13, emax=6
RMSE Eb: 1.693
RMSE Rch: 0.012
MAPE Eb: 1.387
MAPE Rch: 0.346
--------------------------------------------------
**************************************************
Z=8, N=14, emax=8
RMSE Eb: 1.981
RMSE Rch: 0.017
MAPE Eb: 1.245
MAPE Rch: 0.496
--------------------------------------------------
**************************************************
Z=8, N=14, emax=4
RMSE Eb: 1.629
RMSE Rch: 0.012
MAPE Eb: 1.609
MAPE Rch: 0.346
--------------------------------------------------
**************************************************
Z=8, N=14, emax=6
RMSE Eb: 1.659
RMSE Rch: 0.014
MAPE Eb: 1.206
MAPE Rch: 0.411
--------------------------------------------------
**************************************************
Z=8, N=14, emax=10
RMSE Eb: 1.662
RMSE Rch: 0.016
MAPE Eb: 0.973
MAPE Rch: 0.471
--------------------------------------------------
**************************************************
Z=8, N=15, emax=8
RMSE Eb: 2.222
RMSE Rch: 0.010
MAPE Eb: 1.427
MAPE Rch: 0.280
--------------------------------------------------
**************************************************
Z=8, N=15, emax=4
RMSE Eb: 1.977
RMSE Rch: 0.011
MAPE Eb: 1.941
MAPE Rch: 0.296
--------------------------------------------------
**************************************************
Z=8, N=15, emax=6
RMSE Eb: 1.813
RMSE Rch: 0.012
MAPE Eb: 1.340
MAPE Rch: 0.322
--------------------------------------------------
**************************************************
Z=8, N=15, emax=10
RMSE Eb: 2.612
RMSE Rch: 0.014
MAPE Eb: 1.589
MAPE Rch: 0.399
--------------------------------------------------
**************************************************
Z=8, N=16, emax=8
RMSE Eb: 2.042
RMSE Rch: 0.011
MAPE Eb: 1.257
MAPE Rch: 0.314
--------------------------------------------------
**************************************************
Z=8, N=16, emax=6
RMSE Eb: 1.863
RMSE Rch: 0.012
MAPE Eb: 1.289
MAPE Rch: 0.335
--------------------------------------------------
**************************************************
Z=8, N=16, emax=10
RMSE Eb: 2.469
RMSE Rch: 0.014
MAPE Eb: 1.527
MAPE Rch: 0.398
--------------------------------------------------
**************************************************
Z=8, N=16, emax=4
RMSE Eb: 1.409
RMSE Rch: 0.011
MAPE Eb: 1.390
MAPE Rch: 0.288
--------------------------------------------------
Finished VAL for AE n=299
**************************************************
Z=8, N=4, emax=6
RMSE Eb: 1.343
RMSE Rch: 0.013
MAPE Eb: 2.470
MAPE Rch: 0.628
--------------------------------------------------
**************************************************
Z=8, N=4, emax=8
RMSE Eb: 1.629
RMSE Rch: 0.017
MAPE Eb: 2.369
MAPE Rch: 0.804
--------------------------------------------------
**************************************************
Z=8, N=4, emax=4
RMSE Eb: 0.958
RMSE Rch: 0.009
MAPE Eb: 2.550
MAPE Rch: 0.415
--------------------------------------------------
**************************************************
Z=8, N=4, emax=10
RMSE Eb: 1.232
RMSE Rch: 0.022
MAPE Eb: 1.853
MAPE Rch: 1.112
--------------------------------------------------
**************************************************
Z=8, N=5, emax=4
RMSE Eb: 1.118
RMSE Rch: 0.009
MAPE Eb: 2.228
MAPE Rch: 0.426
--------------------------------------------------
**************************************************
Z=8, N=5, emax=8
RMSE Eb: 1.257
RMSE Rch: 0.019
MAPE Eb: 1.610
MAPE Rch: 0.878
--------------------------------------------------
**************************************************
Z=8, N=5, emax=6
RMSE Eb: 1.249
RMSE Rch: 0.010
MAPE Eb: 1.879
MAPE Rch: 0.449
--------------------------------------------------
**************************************************
Z=8, N=5, emax=10
RMSE Eb: 1.148
RMSE Rch: 0.017
MAPE Eb: 1.396
MAPE Rch: 0.877
--------------------------------------------------
**************************************************
Z=8, N=6, emax=4
RMSE Eb: 1.161
RMSE Rch: 0.011
MAPE Eb: 1.644
MAPE Rch: 0.522
--------------------------------------------------
**************************************************
Z=8, N=6, emax=8
RMSE Eb: 1.615
RMSE Rch: 0.017
MAPE Eb: 1.487
MAPE Rch: 0.792
--------------------------------------------------
**************************************************
Z=8, N=6, emax=6
RMSE Eb: 1.200
RMSE Rch: 0.011
MAPE Eb: 1.370
MAPE Rch: 0.502
--------------------------------------------------
**************************************************
Z=8, N=6, emax=10
RMSE Eb: 1.343
RMSE Rch: 0.017
MAPE Eb: 1.321
MAPE Rch: 0.845
--------------------------------------------------
**************************************************
Z=8, N=7, emax=4
RMSE Eb: 1.328
RMSE Rch: 0.010
MAPE Eb: 1.640
MAPE Rch: 0.486
--------------------------------------------------
**************************************************
Z=8, N=7, emax=8
RMSE Eb: 1.944
RMSE Rch: 0.013
MAPE Eb: 1.592
MAPE Rch: 0.716
--------------------------------------------------
**************************************************
Z=8, N=7, emax=6
RMSE Eb: 1.408
RMSE Rch: 0.011
MAPE Eb: 1.323
MAPE Rch: 0.566
--------------------------------------------------
**************************************************
Z=8, N=7, emax=10
RMSE Eb: 1.710
RMSE Rch: 0.026
MAPE Eb: 1.272
MAPE Rch: 1.383
--------------------------------------------------
**************************************************
Z=8, N=8, emax=4
RMSE Eb: 1.579
RMSE Rch: 0.011
MAPE Eb: 1.641
MAPE Rch: 0.297
--------------------------------------------------
**************************************************
Z=8, N=8, emax=6
RMSE Eb: 1.483
RMSE Rch: 0.012
MAPE Eb: 1.188
MAPE Rch: 0.332
--------------------------------------------------
**************************************************
Z=8, N=8, emax=8
RMSE Eb: 1.299
RMSE Rch: 0.011
MAPE Eb: 0.973
MAPE Rch: 0.323
--------------------------------------------------
**************************************************
Z=8, N=8, emax=10
RMSE Eb: 1.443
RMSE Rch: 0.015
MAPE Eb: 0.989
MAPE Rch: 0.458
--------------------------------------------------
**************************************************
Z=8, N=9, emax=4
RMSE Eb: 1.278
RMSE Rch: 0.010
MAPE Eb: 1.318
MAPE Rch: 0.271
--------------------------------------------------
**************************************************
Z=8, N=9, emax=8
RMSE Eb: 1.370
RMSE Rch: 0.012
MAPE Eb: 0.992
MAPE Rch: 0.339
--------------------------------------------------
**************************************************
Z=8, N=9, emax=6
RMSE Eb: 1.217
RMSE Rch: 0.009
MAPE Eb: 1.041
MAPE Rch: 0.259
--------------------------------------------------
**************************************************
Z=8, N=9, emax=10
RMSE Eb: 1.183
RMSE Rch: 0.013
MAPE Eb: 0.815
MAPE Rch: 0.397
--------------------------------------------------
**************************************************
Z=8, N=10, emax=4
RMSE Eb: 1.297
RMSE Rch: 0.010
MAPE Eb: 1.268
MAPE Rch: 0.269
--------------------------------------------------
**************************************************
Z=8, N=10, emax=6
RMSE Eb: 1.283
RMSE Rch: 0.009
MAPE Eb: 1.013
MAPE Rch: 0.250
--------------------------------------------------
**************************************************
Z=8, N=10, emax=8
RMSE Eb: 1.324
RMSE Rch: 0.011
MAPE Eb: 0.988
MAPE Rch: 0.308
--------------------------------------------------
**************************************************
Z=8, N=10, emax=10
RMSE Eb: 1.425
RMSE Rch: 0.013
MAPE Eb: 1.038
MAPE Rch: 0.355
--------------------------------------------------
**************************************************
Z=8, N=11, emax=8
RMSE Eb: 1.629
RMSE Rch: 0.015
MAPE Eb: 1.059
MAPE Rch: 0.440
--------------------------------------------------
**************************************************
Z=8, N=11, emax=4
RMSE Eb: 1.307
RMSE Rch: 0.013
MAPE Eb: 1.396
MAPE Rch: 0.386
--------------------------------------------------
**************************************************
Z=8, N=11, emax=6
RMSE Eb: 1.317
RMSE Rch: 0.012
MAPE Eb: 1.069
MAPE Rch: 0.342
--------------------------------------------------
**************************************************
Z=8, N=11, emax=10
RMSE Eb: 1.379
RMSE Rch: 0.016
MAPE Eb: 0.901
MAPE Rch: 0.490
--------------------------------------------------
**************************************************
Z=8, N=12, emax=6
RMSE Eb: 1.269
RMSE Rch: 0.010
MAPE Eb: 0.955
MAPE Rch: 0.287
--------------------------------------------------
**************************************************
Z=8, N=12, emax=8
RMSE Eb: 1.467
RMSE Rch: 0.011
MAPE Eb: 0.940
MAPE Rch: 0.316
--------------------------------------------------
**************************************************
Z=8, N=12, emax=4
RMSE Eb: 1.199
RMSE Rch: 0.011
MAPE Eb: 1.231
MAPE Rch: 0.304
--------------------------------------------------
**************************************************
Z=8, N=12, emax=10
RMSE Eb: 1.411
RMSE Rch: 0.011
MAPE Eb: 0.858
MAPE Rch: 0.336
--------------------------------------------------
**************************************************
Z=8, N=13, emax=8
RMSE Eb: 1.326
RMSE Rch: 0.012
MAPE Eb: 0.896
MAPE Rch: 0.347
--------------------------------------------------
**************************************************
Z=8, N=13, emax=4
RMSE Eb: 1.485
RMSE Rch: 0.010
MAPE Eb: 1.518
MAPE Rch: 0.308
--------------------------------------------------
**************************************************
Z=8, N=13, emax=6
RMSE Eb: 1.495
RMSE Rch: 0.010
MAPE Eb: 1.098
MAPE Rch: 0.307
--------------------------------------------------
**************************************************
Z=8, N=13, emax=10
RMSE Eb: 1.504
RMSE Rch: 0.015
MAPE Eb: 0.968
MAPE Rch: 0.425
--------------------------------------------------
**************************************************
Z=8, N=14, emax=6
RMSE Eb: 1.729
RMSE Rch: 0.014
MAPE Eb: 1.295
MAPE Rch: 0.414
--------------------------------------------------
**************************************************
Z=8, N=14, emax=10
RMSE Eb: 1.663
RMSE Rch: 0.012
MAPE Eb: 0.882
MAPE Rch: 0.361
--------------------------------------------------
**************************************************
Z=8, N=14, emax=4
RMSE Eb: 1.672
RMSE Rch: 0.010
MAPE Eb: 1.599
MAPE Rch: 0.277
--------------------------------------------------
**************************************************
Z=8, N=14, emax=8
RMSE Eb: 1.939
RMSE Rch: 0.016
MAPE Eb: 1.278
MAPE Rch: 0.476
--------------------------------------------------
**************************************************
Z=8, N=15, emax=8
RMSE Eb: 2.435
RMSE Rch: 0.011
MAPE Eb: 1.589
MAPE Rch: 0.319
--------------------------------------------------
**************************************************
Z=8, N=15, emax=6
RMSE Eb: 1.830
RMSE Rch: 0.010
MAPE Eb: 1.329
MAPE Rch: 0.299
--------------------------------------------------
**************************************************
Z=8, N=15, emax=4
RMSE Eb: 1.841
RMSE Rch: 0.011
MAPE Eb: 1.874
MAPE Rch: 0.308
--------------------------------------------------
**************************************************
Z=8, N=15, emax=10
RMSE Eb: 2.112
RMSE Rch: 0.011
MAPE Eb: 1.380
MAPE Rch: 0.298
--------------------------------------------------
**************************************************
Z=8, N=16, emax=4
RMSE Eb: 1.754
RMSE Rch: 0.010
MAPE Eb: 1.736
MAPE Rch: 0.259
--------------------------------------------------
**************************************************
Z=8, N=16, emax=8
RMSE Eb: 2.278
RMSE Rch: 0.011
MAPE Eb: 1.403
MAPE Rch: 0.311
--------------------------------------------------
**************************************************
Z=8, N=16, emax=6
RMSE Eb: 2.012
RMSE Rch: 0.011
MAPE Eb: 1.488
MAPE Rch: 0.314
--------------------------------------------------
**************************************************
Z=8, N=16, emax=10
RMSE Eb: 3.168
RMSE Rch: 0.014
MAPE Eb: 1.970
MAPE Rch: 0.389
--------------------------------------------------
