Activated conda environment
[DataLoader] Found 13 files matching the pattern.
[DataLoader] Combined data shape: (17234, 35)
[Preprocess] Data split => train: (11029, 35), val: (2758, 35), test: (3447, 35)
[Preprocess] Processed fidelity 4 (index 0): 3758 samples.
[Preprocess] Processed fidelity 6 (index 1): 3346 samples.
[Preprocess] Processed fidelity 8 (index 2): 3194 samples.
[Preprocess] Processed fidelity 10 (index 3): 731 samples.
[Preprocess] Processed fidelity 4 (index 0): 949 samples.
[Preprocess] Processed fidelity 6 (index 1): 833 samples.
[Preprocess] Processed fidelity 8 (index 2): 801 samples.
[Preprocess] Processed fidelity 10 (index 3): 175 samples.
Fidelity levels: [4, 6, 8, 10]
[Trainer] Starting BNN training...
[Trainer] No improvement. Iteration 10100. Early stopping counter: 1, LR counter: 1
[Trainer] No improvement. Iteration 10200. Early stopping counter: 2, LR counter: 2
[Trainer] No improvement. Iteration 10300. Early stopping counter: 3, LR counter: 3
[Trainer] No improvement. Iteration 10400. Early stopping counter: 4, LR counter: 4
[Trainer] No improvement. Iteration 10500. Early stopping counter: 5, LR counter: 5
[Trainer] No improvement. Iteration 10600. Early stopping counter: 6, LR counter: 6
[Trainer] No improvement. Iteration 10700. Early stopping counter: 7, LR counter: 7
[Trainer] No improvement. Iteration 10800. Early stopping counter: 8, LR counter: 8
[Trainer] No improvement. Iteration 10900. Early stopping counter: 9, LR counter: 9
[Trainer] No improvement. Iteration 11000. Early stopping counter: 10, LR counter: 10
[Trainer] No improvement. Iteration 11100. Early stopping counter: 11, LR counter: 11
[Trainer] No improvement. Iteration 11200. Early stopping counter: 12, LR counter: 12
[Trainer] No improvement. Iteration 11300. Early stopping counter: 13, LR counter: 13
[Trainer] No improvement. Iteration 11400. Early stopping counter: 14, LR counter: 14
[Trainer] No improvement. Iteration 11500. Early stopping counter: 15, LR counter: 15
[Trainer] No improvement. Iteration 11600. Early stopping counter: 16, LR counter: 16
[Trainer] No improvement. Iteration 11700. Early stopping counter: 17, LR counter: 17
[Trainer] No improvement. Iteration 11800. Early stopping counter: 18, LR counter: 18
[Trainer] No improvement. Iteration 11900. Early stopping counter: 19, LR counter: 19
[Trainer] No improvement. Iteration 12000. Early stopping counter: 20, LR counter: 20
[Trainer] No improvement. Iteration 12100. Early stopping counter: 21, LR counter: 21
[Trainer] No improvement. Iteration 12200. Early stopping counter: 22, LR counter: 22
[Trainer] No improvement. Iteration 12300. Early stopping counter: 23, LR counter: 23
[Trainer] No improvement. Iteration 12400. Early stopping counter: 24, LR counter: 24
[Trainer] No improvement. Iteration 12500. Early stopping counter: 25, LR counter: 25
[Trainer] Learning rate reduced to: 0.000010
[Trainer] No improvement. Iteration 12600. Early stopping counter: 26, LR counter: 1
[Trainer] No improvement. Iteration 12700. Early stopping counter: 27, LR counter: 2
[Trainer] No improvement. Iteration 12800. Early stopping counter: 28, LR counter: 3
[Trainer] No improvement. Iteration 12900. Early stopping counter: 29, LR counter: 4
[Trainer] No improvement. Iteration 13000. Early stopping counter: 30, LR counter: 5
[Trainer] No improvement. Iteration 13100. Early stopping counter: 31, LR counter: 6
[Trainer] No improvement. Iteration 13200. Early stopping counter: 32, LR counter: 7
[Trainer] No improvement. Iteration 13300. Early stopping counter: 33, LR counter: 8
[Trainer] No improvement. Iteration 13400. Early stopping counter: 34, LR counter: 9
[Trainer] No improvement. Iteration 13500. Early stopping counter: 35, LR counter: 10
[Trainer] No improvement. Iteration 15700. Early stopping counter: 1, LR counter: 1
[Trainer] No improvement. Iteration 16000. Early stopping counter: 1, LR counter: 1
[Trainer] No improvement. Iteration 16100. Early stopping counter: 2, LR counter: 2
[Trainer] No improvement. Iteration 16200. Early stopping counter: 3, LR counter: 3
[Trainer] No improvement. Iteration 16300. Early stopping counter: 4, LR counter: 4
[Trainer] No improvement. Iteration 16400. Early stopping counter: 5, LR counter: 5
[Trainer] No improvement. Iteration 16500. Early stopping counter: 6, LR counter: 6
[Trainer] No improvement. Iteration 16600. Early stopping counter: 7, LR counter: 7
[Trainer] No improvement. Iteration 16700. Early stopping counter: 8, LR counter: 8
[Trainer] No improvement. Iteration 16800. Early stopping counter: 9, LR counter: 9
[Trainer] No improvement. Iteration 16900. Early stopping counter: 10, LR counter: 10
[Trainer] No improvement. Iteration 17000. Early stopping counter: 11, LR counter: 11
[Trainer] No improvement. Iteration 17400. Early stopping counter: 1, LR counter: 1
[Trainer] No improvement. Iteration 17500. Early stopping counter: 2, LR counter: 2
[Trainer] No improvement. Iteration 17600. Early stopping counter: 3, LR counter: 3
[Trainer] No improvement. Iteration 18200. Early stopping counter: 1, LR counter: 1
[Trainer] No improvement. Iteration 18300. Early stopping counter: 2, LR counter: 2
[Trainer] No improvement. Iteration 18500. Early stopping counter: 1, LR counter: 1
[Trainer] No improvement. Iteration 18600. Early stopping counter: 2, LR counter: 2
[Trainer] No improvement. Iteration 18700. Early stopping counter: 3, LR counter: 3
[Trainer] No improvement. Iteration 18800. Early stopping counter: 4, LR counter: 4
[Trainer] No improvement. Iteration 19200. Early stopping counter: 1, LR counter: 1
[Trainer] No improvement. Iteration 19300. Early stopping counter: 2, LR counter: 2
[Trainer] No improvement. Iteration 19400. Early stopping counter: 3, LR counter: 3
[Trainer] No improvement. Iteration 19500. Early stopping counter: 4, LR counter: 4
[Trainer] No improvement. Iteration 19600. Early stopping counter: 5, LR counter: 5
[Trainer] No improvement. Iteration 19700. Early stopping counter: 6, LR counter: 6
[Trainer] No improvement. Iteration 19800. Early stopping counter: 7, LR counter: 7
[Trainer] No improvement. Iteration 19900. Early stopping counter: 8, LR counter: 8
[Trainer] No improvement. Iteration 20000. Early stopping counter: 9, LR counter: 9
[Trainer] No improvement. Iteration 20100. Early stopping counter: 10, LR counter: 10
[Trainer] No improvement. Iteration 20200. Early stopping counter: 11, LR counter: 11
[Trainer] No improvement. Iteration 20300. Early stopping counter: 12, LR counter: 12
[Trainer] No improvement. Iteration 20400. Early stopping counter: 13, LR counter: 13
[Trainer] No improvement. Iteration 20600. Early stopping counter: 1, LR counter: 1
[Trainer] No improvement. Iteration 20700. Early stopping counter: 2, LR counter: 2
[Trainer] No improvement. Iteration 20800. Early stopping counter: 3, LR counter: 3
[Trainer] No improvement. Iteration 20900. Early stopping counter: 4, LR counter: 4
[Trainer] No improvement. Iteration 21000. Early stopping counter: 5, LR counter: 5
[Trainer] No improvement. Iteration 21100. Early stopping counter: 6, LR counter: 6
[Trainer] No improvement. Iteration 21200. Early stopping counter: 7, LR counter: 7
[Trainer] No improvement. Iteration 21300. Early stopping counter: 8, LR counter: 8
[Trainer] No improvement. Iteration 21400. Early stopping counter: 9, LR counter: 9
[Trainer] No improvement. Iteration 22000. Early stopping counter: 1, LR counter: 1
[Trainer] No improvement. Iteration 22100. Early stopping counter: 2, LR counter: 2
[Trainer] No improvement. Iteration 22200. Early stopping counter: 3, LR counter: 3
[Trainer] No improvement. Iteration 22300. Early stopping counter: 4, LR counter: 4
[Trainer] No improvement. Iteration 22700. Early stopping counter: 1, LR counter: 1
[Trainer] No improvement. Iteration 22800. Early stopping counter: 2, LR counter: 2
[Trainer] No improvement. Iteration 22900. Early stopping counter: 3, LR counter: 3
[Trainer] No improvement. Iteration 23000. Early stopping counter: 4, LR counter: 4
[Trainer] No improvement. Iteration 23100. Early stopping counter: 5, LR counter: 5
[Trainer] No improvement. Iteration 23200. Early stopping counter: 6, LR counter: 6
[Trainer] No improvement. Iteration 23300. Early stopping counter: 7, LR counter: 7
[Trainer] No improvement. Iteration 23400. Early stopping counter: 8, LR counter: 8
[Trainer] No improvement. Iteration 23500. Early stopping counter: 9, LR counter: 9
[Trainer] No improvement. Iteration 23600. Early stopping counter: 10, LR counter: 10
[Trainer] No improvement. Iteration 23700. Early stopping counter: 11, LR counter: 11
[Trainer] No improvement. Iteration 23800. Early stopping counter: 12, LR counter: 12
[Trainer] No improvement. Iteration 23900. Early stopping counter: 13, LR counter: 13
[Trainer] No improvement. Iteration 24000. Early stopping counter: 14, LR counter: 14
[Trainer] No improvement. Iteration 24100. Early stopping counter: 15, LR counter: 15
[Trainer] No improvement. Iteration 24200. Early stopping counter: 16, LR counter: 16
[Trainer] No improvement. Iteration 24300. Early stopping counter: 17, LR counter: 17
[Trainer] No improvement. Iteration 24400. Early stopping counter: 18, LR counter: 18
[Trainer] No improvement. Iteration 24500. Early stopping counter: 19, LR counter: 19
[Trainer] No improvement. Iteration 24600. Early stopping counter: 20, LR counter: 20
[Trainer] No improvement. Iteration 24700. Early stopping counter: 21, LR counter: 21
[Trainer] No improvement. Iteration 24800. Early stopping counter: 22, LR counter: 22
[Trainer] No improvement. Iteration 24900. Early stopping counter: 23, LR counter: 23
[Trainer] No improvement. Iteration 25000. Early stopping counter: 24, LR counter: 24
[Trainer] No improvement. Iteration 25100. Early stopping counter: 25, LR counter: 25
[Trainer] Learning rate reduced to: 0.000001
[Trainer] No improvement. Iteration 25200. Early stopping counter: 26, LR counter: 1
[Trainer] No improvement. Iteration 25300. Early stopping counter: 27, LR counter: 2
[Trainer] No improvement. Iteration 25400. Early stopping counter: 28, LR counter: 3
[Trainer] No improvement. Iteration 25500. Early stopping counter: 29, LR counter: 4
[Trainer] No improvement. Iteration 25600. Early stopping counter: 30, LR counter: 5
[Trainer] No improvement. Iteration 25700. Early stopping counter: 31, LR counter: 6
[Trainer] No improvement. Iteration 25800. Early stopping counter: 32, LR counter: 7
[Trainer] No improvement. Iteration 25900. Early stopping counter: 33, LR counter: 8
[Trainer] No improvement. Iteration 26000. Early stopping counter: 34, LR counter: 9
[Trainer] No improvement. Iteration 26100. Early stopping counter: 35, LR counter: 10
[Trainer] No improvement. Iteration 26200. Early stopping counter: 36, LR counter: 11
[Trainer] No improvement. Iteration 26300. Early stopping counter: 37, LR counter: 12
[Trainer] No improvement. Iteration 26400. Early stopping counter: 38, LR counter: 13
[Trainer] No improvement. Iteration 26500. Early stopping counter: 39, LR counter: 14
[Trainer] No improvement. Iteration 26600. Early stopping counter: 40, LR counter: 15
[Trainer] No improvement. Iteration 26700. Early stopping counter: 41, LR counter: 16
[Trainer] No improvement. Iteration 26800. Early stopping counter: 42, LR counter: 17
[Trainer] No improvement. Iteration 26900. Early stopping counter: 43, LR counter: 18
[Trainer] No improvement. Iteration 27000. Early stopping counter: 44, LR counter: 19
[Trainer] No improvement. Iteration 27100. Early stopping counter: 45, LR counter: 20
[Trainer] No improvement. Iteration 27200. Early stopping counter: 46, LR counter: 21
[Trainer] No improvement. Iteration 27300. Early stopping counter: 47, LR counter: 22
[Trainer] No improvement. Iteration 27400. Early stopping counter: 48, LR counter: 23
[Trainer] No improvement. Iteration 27500. Early stopping counter: 49, LR counter: 24
[Trainer] No improvement. Iteration 27600. Early stopping counter: 50, LR counter: 25
[Trainer] Learning rate reduced to: 0.000000
[Trainer] Early stopping triggered.
[Trainer] Training completed.
[Trainer] Calibrating temperatures on validation set...
[Trainer] Temperature calibration finished. Calibrated temperatures: {4: 1.4276621341705322, 6: 1.330717921257019, 8: 1.3526582717895508, 10: 1.4418041706085205}
[Trainer] BNN training completed.
**************************************************
Z=8, N=4, emax=4
RMSE Eb: 0.743
RMSE Rch: 0.009
MAPE Eb: 2.181
MAPE Rch: 0.392
--------------------------------------------------
**************************************************
Z=8, N=4, emax=10
RMSE Eb: 0.942
RMSE Rch: 0.044
MAPE Eb: 1.577
MAPE Rch: 2.119
--------------------------------------------------
**************************************************
Z=8, N=4, emax=6
RMSE Eb: 0.776
RMSE Rch: 0.010
MAPE Eb: 1.528
MAPE Rch: 0.491
--------------------------------------------------
**************************************************
Z=8, N=4, emax=8
RMSE Eb: 0.881
RMSE Rch: 0.020
MAPE Eb: 1.475
MAPE Rch: 0.915
--------------------------------------------------
**************************************************
Z=8, N=5, emax=8
RMSE Eb: 0.799
RMSE Rch: 0.015
MAPE Eb: 1.019
MAPE Rch: 0.756
--------------------------------------------------
**************************************************
Z=8, N=5, emax=6
RMSE Eb: 0.672
RMSE Rch: 0.010
MAPE Eb: 0.941
MAPE Rch: 0.459
--------------------------------------------------
**************************************************
Z=8, N=5, emax=4
RMSE Eb: 0.619
RMSE Rch: 0.009
MAPE Eb: 1.264
MAPE Rch: 0.418
--------------------------------------------------
**************************************************
Z=8, N=5, emax=10
RMSE Eb: 0.574
RMSE Rch: 0.015
MAPE Eb: 0.716
MAPE Rch: 0.748
--------------------------------------------------
**************************************************
Z=8, N=6, emax=4
RMSE Eb: 0.518
RMSE Rch: 0.009
MAPE Eb: 0.724
MAPE Rch: 0.414
--------------------------------------------------
**************************************************
Z=8, N=6, emax=6
RMSE Eb: 0.516
RMSE Rch: 0.007
MAPE Eb: 0.566
MAPE Rch: 0.358
--------------------------------------------------
**************************************************
Z=8, N=6, emax=8
RMSE Eb: 0.813
RMSE Rch: 0.012
MAPE Eb: 0.682
MAPE Rch: 0.599
--------------------------------------------------
**************************************************
Z=8, N=6, emax=10
RMSE Eb: 0.812
RMSE Rch: 0.012
MAPE Eb: 0.758
MAPE Rch: 0.630
--------------------------------------------------
**************************************************
Z=8, N=7, emax=8
RMSE Eb: 0.882
RMSE Rch: 0.010
MAPE Eb: 0.683
MAPE Rch: 0.486
--------------------------------------------------
**************************************************
Z=8, N=7, emax=10
RMSE Eb: 0.742
RMSE Rch: 0.011
MAPE Eb: 0.648
MAPE Rch: 0.597
--------------------------------------------------
**************************************************
Z=8, N=7, emax=6
RMSE Eb: 0.703
RMSE Rch: 0.008
MAPE Eb: 0.599
MAPE Rch: 0.374
--------------------------------------------------
**************************************************
Z=8, N=7, emax=4
RMSE Eb: 0.630
RMSE Rch: 0.012
MAPE Eb: 0.759
MAPE Rch: 0.525
--------------------------------------------------
**************************************************
Z=8, N=8, emax=4
RMSE Eb: 0.708
RMSE Rch: 0.008
MAPE Eb: 0.747
MAPE Rch: 0.203
--------------------------------------------------
**************************************************
Z=8, N=8, emax=8
RMSE Eb: 1.014
RMSE Rch: 0.013
MAPE Eb: 0.733
MAPE Rch: 0.318
--------------------------------------------------
**************************************************
Z=8, N=8, emax=6
RMSE Eb: 0.661
RMSE Rch: 0.005
MAPE Eb: 0.518
MAPE Rch: 0.143
--------------------------------------------------
**************************************************
Z=8, N=8, emax=10
RMSE Eb: 0.770
RMSE Rch: 0.009
MAPE Eb: 0.624
MAPE Rch: 0.278
--------------------------------------------------
**************************************************
Z=8, N=9, emax=8
RMSE Eb: 0.909
RMSE Rch: 0.006
MAPE Eb: 0.694
MAPE Rch: 0.161
--------------------------------------------------
**************************************************
Z=8, N=9, emax=6
RMSE Eb: 0.771
RMSE Rch: 0.005
MAPE Eb: 0.629
MAPE Rch: 0.147
--------------------------------------------------
**************************************************
Z=8, N=9, emax=4
RMSE Eb: 0.638
RMSE Rch: 0.007
MAPE Eb: 0.620
MAPE Rch: 0.187
--------------------------------------------------
**************************************************
Z=8, N=9, emax=10
RMSE Eb: 0.781
RMSE Rch: 0.005
MAPE Eb: 0.592
MAPE Rch: 0.159
--------------------------------------------------
**************************************************
Z=8, N=10, emax=4
RMSE Eb: 0.717
RMSE Rch: 0.006
MAPE Eb: 0.763
MAPE Rch: 0.156
--------------------------------------------------
**************************************************
Z=8, N=10, emax=10
RMSE Eb: 0.533
RMSE Rch: 0.004
MAPE Eb: 0.394
MAPE Rch: 0.116
--------------------------------------------------
**************************************************
Z=8, N=10, emax=6
RMSE Eb: 0.752
RMSE Rch: 0.005
MAPE Eb: 0.593
MAPE Rch: 0.146
--------------------------------------------------
**************************************************
Z=8, N=10, emax=8
RMSE Eb: 1.000
RMSE Rch: 0.006
MAPE Eb: 0.681
MAPE Rch: 0.158
--------------------------------------------------
**************************************************
Z=8, N=11, emax=4
RMSE Eb: 0.718
RMSE Rch: 0.006
MAPE Eb: 0.751
MAPE Rch: 0.154
--------------------------------------------------
**************************************************
Z=8, N=11, emax=6
RMSE Eb: 0.707
RMSE Rch: 0.005
MAPE Eb: 0.512
MAPE Rch: 0.146
--------------------------------------------------
**************************************************
Z=8, N=11, emax=8
RMSE Eb: 0.872
RMSE Rch: 0.005
MAPE Eb: 0.534
MAPE Rch: 0.156
--------------------------------------------------
**************************************************
Z=8, N=11, emax=10
RMSE Eb: 0.868
RMSE Rch: 0.006
MAPE Eb: 0.598
MAPE Rch: 0.157
--------------------------------------------------
**************************************************
Z=8, N=12, emax=6
RMSE Eb: 0.734
RMSE Rch: 0.006
MAPE Eb: 0.469
MAPE Rch: 0.146
--------------------------------------------------
**************************************************
Z=8, N=12, emax=4
RMSE Eb: 0.779
RMSE Rch: 0.006
MAPE Eb: 0.764
MAPE Rch: 0.173
--------------------------------------------------
**************************************************
Z=8, N=12, emax=8
RMSE Eb: 0.679
RMSE Rch: 0.006
MAPE Eb: 0.441
MAPE Rch: 0.156
--------------------------------------------------
**************************************************
Z=8, N=12, emax=10
RMSE Eb: 0.963
RMSE Rch: 0.006
MAPE Eb: 0.667
MAPE Rch: 0.170
--------------------------------------------------
**************************************************
Z=8, N=13, emax=8
RMSE Eb: 1.113
RMSE Rch: 0.006
MAPE Eb: 0.695
MAPE Rch: 0.181
--------------------------------------------------
**************************************************
Z=8, N=13, emax=4
RMSE Eb: 0.758
RMSE Rch: 0.006
MAPE Eb: 0.787
MAPE Rch: 0.167
--------------------------------------------------
**************************************************
Z=8, N=13, emax=10
RMSE Eb: 0.855
RMSE Rch: 0.008
MAPE Eb: 0.498
MAPE Rch: 0.228
--------------------------------------------------
**************************************************
Z=8, N=13, emax=6
RMSE Eb: 0.969
RMSE Rch: 0.006
MAPE Eb: 0.741
MAPE Rch: 0.171
--------------------------------------------------
**************************************************
Z=8, N=14, emax=8
RMSE Eb: 1.446
RMSE Rch: 0.011
MAPE Eb: 0.863
MAPE Rch: 0.284
--------------------------------------------------
**************************************************
Z=8, N=14, emax=4
RMSE Eb: 1.003
RMSE Rch: 0.008
MAPE Eb: 0.961
MAPE Rch: 0.222
--------------------------------------------------
**************************************************
Z=8, N=14, emax=6
RMSE Eb: 1.197
RMSE Rch: 0.008
MAPE Eb: 0.881
MAPE Rch: 0.198
--------------------------------------------------
**************************************************
Z=8, N=14, emax=10
RMSE Eb: 0.803
RMSE Rch: 0.011
MAPE Eb: 0.521
MAPE Rch: 0.270
--------------------------------------------------
**************************************************
Z=8, N=15, emax=8
RMSE Eb: 1.276
RMSE Rch: 0.006
MAPE Eb: 0.811
MAPE Rch: 0.171
--------------------------------------------------
**************************************************
Z=8, N=15, emax=4
RMSE Eb: 1.094
RMSE Rch: 0.006
MAPE Eb: 1.077
MAPE Rch: 0.169
--------------------------------------------------
**************************************************
Z=8, N=15, emax=6
RMSE Eb: 1.229
RMSE Rch: 0.006
MAPE Eb: 0.901
MAPE Rch: 0.149
--------------------------------------------------
**************************************************
Z=8, N=15, emax=10
RMSE Eb: 1.283
RMSE Rch: 0.006
MAPE Eb: 0.725
MAPE Rch: 0.188
--------------------------------------------------
**************************************************
Z=8, N=16, emax=8
RMSE Eb: 1.377
RMSE Rch: 0.008
MAPE Eb: 0.814
MAPE Rch: 0.213
--------------------------------------------------
**************************************************
Z=8, N=16, emax=6
RMSE Eb: 1.126
RMSE Rch: 0.006
MAPE Eb: 0.757
MAPE Rch: 0.163
--------------------------------------------------
**************************************************
Z=8, N=16, emax=10
RMSE Eb: 1.058
RMSE Rch: 0.006
MAPE Eb: 0.565
MAPE Rch: 0.164
--------------------------------------------------
**************************************************
Z=8, N=16, emax=4
RMSE Eb: 0.970
RMSE Rch: 0.009
MAPE Eb: 0.981
MAPE Rch: 0.242
--------------------------------------------------
Finished VAL for AE n=33
**************************************************
Z=8, N=4, emax=6
RMSE Eb: 0.750
RMSE Rch: 0.011
MAPE Eb: 1.428
MAPE Rch: 0.523
--------------------------------------------------
**************************************************
Z=8, N=4, emax=8
RMSE Eb: 0.953
RMSE Rch: 0.017
MAPE Eb: 1.554
MAPE Rch: 0.832
--------------------------------------------------
**************************************************
Z=8, N=4, emax=4
RMSE Eb: 0.713
RMSE Rch: 0.009
MAPE Eb: 1.921
MAPE Rch: 0.411
--------------------------------------------------
**************************************************
Z=8, N=4, emax=10
RMSE Eb: 0.937
RMSE Rch: 0.027
MAPE Eb: 1.465
MAPE Rch: 1.403
--------------------------------------------------
**************************************************
Z=8, N=5, emax=4
RMSE Eb: 0.611
RMSE Rch: 0.010
MAPE Eb: 1.218
MAPE Rch: 0.447
--------------------------------------------------
**************************************************
Z=8, N=5, emax=8
RMSE Eb: 0.861
RMSE Rch: 0.015
MAPE Eb: 1.128
MAPE Rch: 0.773
--------------------------------------------------
**************************************************
Z=8, N=5, emax=6
RMSE Eb: 0.738
RMSE Rch: 0.008
MAPE Eb: 1.094
MAPE Rch: 0.398
--------------------------------------------------
**************************************************
Z=8, N=5, emax=10
RMSE Eb: 1.122
RMSE Rch: 0.018
MAPE Eb: 1.318
MAPE Rch: 1.000
--------------------------------------------------
**************************************************
Z=8, N=6, emax=4
RMSE Eb: 0.545
RMSE Rch: 0.010
MAPE Eb: 0.760
MAPE Rch: 0.485
--------------------------------------------------
**************************************************
Z=8, N=6, emax=8
RMSE Eb: 0.906
RMSE Rch: 0.014
MAPE Eb: 0.857
MAPE Rch: 0.659
--------------------------------------------------
**************************************************
Z=8, N=6, emax=6
RMSE Eb: 0.716
RMSE Rch: 0.010
MAPE Eb: 0.787
MAPE Rch: 0.454
--------------------------------------------------
**************************************************
Z=8, N=6, emax=10
RMSE Eb: 0.699
RMSE Rch: 0.012
MAPE Eb: 0.593
MAPE Rch: 0.677
--------------------------------------------------
**************************************************
Z=8, N=7, emax=4
RMSE Eb: 0.575
RMSE Rch: 0.008
MAPE Eb: 0.685
MAPE Rch: 0.397
--------------------------------------------------
**************************************************
Z=8, N=7, emax=8
RMSE Eb: 0.968
RMSE Rch: 0.011
MAPE Eb: 0.797
MAPE Rch: 0.530
--------------------------------------------------
**************************************************
Z=8, N=7, emax=6
RMSE Eb: 0.741
RMSE Rch: 0.008
MAPE Eb: 0.716
MAPE Rch: 0.381
--------------------------------------------------
**************************************************
Z=8, N=7, emax=10
RMSE Eb: 0.816
RMSE Rch: 0.009
MAPE Eb: 0.662
MAPE Rch: 0.498
--------------------------------------------------
**************************************************
Z=8, N=8, emax=4
RMSE Eb: 0.758
RMSE Rch: 0.008
MAPE Eb: 0.771
MAPE Rch: 0.226
--------------------------------------------------
**************************************************
Z=8, N=8, emax=6
RMSE Eb: 0.840
RMSE Rch: 0.006
MAPE Eb: 0.709
MAPE Rch: 0.168
--------------------------------------------------
**************************************************
Z=8, N=8, emax=8
RMSE Eb: 1.143
RMSE Rch: 0.008
MAPE Eb: 0.866
MAPE Rch: 0.214
--------------------------------------------------
**************************************************
Z=8, N=8, emax=10
RMSE Eb: 0.803
RMSE Rch: 0.007
MAPE Eb: 0.562
MAPE Rch: 0.206
--------------------------------------------------
**************************************************
Z=8, N=9, emax=4
RMSE Eb: 0.691
RMSE Rch: 0.006
MAPE Eb: 0.778
MAPE Rch: 0.153
--------------------------------------------------
**************************************************
Z=8, N=9, emax=8
RMSE Eb: 0.956
RMSE Rch: 0.007
MAPE Eb: 0.670
MAPE Rch: 0.193
--------------------------------------------------
**************************************************
Z=8, N=9, emax=6
RMSE Eb: 0.741
RMSE Rch: 0.005
MAPE Eb: 0.577
MAPE Rch: 0.150
--------------------------------------------------
**************************************************
Z=8, N=9, emax=10
RMSE Eb: 0.770
RMSE Rch: 0.010
MAPE Eb: 0.522
MAPE Rch: 0.287
--------------------------------------------------
**************************************************
Z=8, N=10, emax=4
RMSE Eb: 0.655
RMSE Rch: 0.006
MAPE Eb: 0.648
MAPE Rch: 0.168
--------------------------------------------------
**************************************************
Z=8, N=10, emax=6
RMSE Eb: 0.697
RMSE Rch: 0.005
MAPE Eb: 0.489
MAPE Rch: 0.140
--------------------------------------------------
**************************************************
Z=8, N=10, emax=8
RMSE Eb: 0.727
RMSE Rch: 0.005
MAPE Eb: 0.514
MAPE Rch: 0.151
--------------------------------------------------
**************************************************
Z=8, N=10, emax=10
RMSE Eb: 0.978
RMSE Rch: 0.008
MAPE Eb: 0.722
MAPE Rch: 0.218
--------------------------------------------------
**************************************************
Z=8, N=11, emax=8
RMSE Eb: 0.849
RMSE Rch: 0.007
MAPE Eb: 0.582
MAPE Rch: 0.198
--------------------------------------------------
**************************************************
Z=8, N=11, emax=4
RMSE Eb: 0.668
RMSE Rch: 0.005
MAPE Eb: 0.684
MAPE Rch: 0.147
--------------------------------------------------
**************************************************
Z=8, N=11, emax=6
RMSE Eb: 0.713
RMSE Rch: 0.006
MAPE Eb: 0.548
MAPE Rch: 0.169
--------------------------------------------------
**************************************************
Z=8, N=11, emax=10
RMSE Eb: 0.707
RMSE Rch: 0.006
MAPE Eb: 0.426
MAPE Rch: 0.175
--------------------------------------------------
**************************************************
Z=8, N=12, emax=6
RMSE Eb: 0.805
RMSE Rch: 0.005
MAPE Eb: 0.572
MAPE Rch: 0.144
--------------------------------------------------
**************************************************
Z=8, N=12, emax=8
RMSE Eb: 0.834
RMSE Rch: 0.006
MAPE Eb: 0.534
MAPE Rch: 0.170
--------------------------------------------------
**************************************************
Z=8, N=12, emax=4
RMSE Eb: 0.900
RMSE Rch: 0.005
MAPE Eb: 0.931
MAPE Rch: 0.142
--------------------------------------------------
**************************************************
Z=8, N=12, emax=10
RMSE Eb: 0.663
RMSE Rch: 0.004
MAPE Eb: 0.437
MAPE Rch: 0.126
--------------------------------------------------
**************************************************
Z=8, N=13, emax=8
RMSE Eb: 0.913
RMSE Rch: 0.006
MAPE Eb: 0.571
MAPE Rch: 0.170
--------------------------------------------------
**************************************************
Z=8, N=13, emax=4
RMSE Eb: 0.699
RMSE Rch: 0.008
MAPE Eb: 0.705
MAPE Rch: 0.203
--------------------------------------------------
**************************************************
Z=8, N=13, emax=6
RMSE Eb: 1.124
RMSE Rch: 0.006
MAPE Eb: 0.858
MAPE Rch: 0.169
--------------------------------------------------
**************************************************
Z=8, N=13, emax=10
RMSE Eb: 0.687
RMSE Rch: 0.006
MAPE Eb: 0.416
MAPE Rch: 0.169
--------------------------------------------------
**************************************************
Z=8, N=14, emax=6
RMSE Eb: 1.137
RMSE Rch: 0.007
MAPE Eb: 0.783
MAPE Rch: 0.189
--------------------------------------------------
**************************************************
Z=8, N=14, emax=10
RMSE Eb: 1.275
RMSE Rch: 0.010
MAPE Eb: 0.733
MAPE Rch: 0.287
--------------------------------------------------
**************************************************
Z=8, N=14, emax=4
RMSE Eb: 1.112
RMSE Rch: 0.007
MAPE Eb: 1.114
MAPE Rch: 0.179
--------------------------------------------------
**************************************************
Z=8, N=14, emax=8
RMSE Eb: 1.138
RMSE Rch: 0.009
MAPE Eb: 0.689
MAPE Rch: 0.226
--------------------------------------------------
**************************************************
Z=8, N=15, emax=8
RMSE Eb: 1.277
RMSE Rch: 0.007
MAPE Eb: 0.818
MAPE Rch: 0.199
--------------------------------------------------
**************************************************
Z=8, N=15, emax=6
RMSE Eb: 1.212
RMSE Rch: 0.005
MAPE Eb: 0.836
MAPE Rch: 0.149
--------------------------------------------------
**************************************************
Z=8, N=15, emax=4
RMSE Eb: 1.024
RMSE Rch: 0.006
MAPE Eb: 1.047
MAPE Rch: 0.163
--------------------------------------------------
**************************************************
Z=8, N=15, emax=10
RMSE Eb: 1.351
RMSE Rch: 0.007
MAPE Eb: 0.848
MAPE Rch: 0.202
--------------------------------------------------
**************************************************
Z=8, N=16, emax=4
RMSE Eb: 1.106
RMSE Rch: 0.007
MAPE Eb: 1.021
MAPE Rch: 0.199
--------------------------------------------------
**************************************************
Z=8, N=16, emax=8
RMSE Eb: 1.488
RMSE Rch: 0.009
MAPE Eb: 0.910
MAPE Rch: 0.231
--------------------------------------------------
**************************************************
Z=8, N=16, emax=6
RMSE Eb: 1.129
RMSE Rch: 0.009
MAPE Eb: 0.815
MAPE Rch: 0.241
--------------------------------------------------
**************************************************
Z=8, N=16, emax=10
RMSE Eb: 1.236
RMSE Rch: 0.008
MAPE Eb: 0.801
MAPE Rch: 0.210
--------------------------------------------------
