Activated conda environment
[DataLoader] Found 13 files matching the pattern.
[DataLoader] Combined data shape: (17234, 35)
[Preprocess] Data split => train: (11029, 35), val: (2758, 35), test: (3447, 35)
[Preprocess] Processed fidelity 4 (index 0): 3758 samples.
[Preprocess] Processed fidelity 6 (index 1): 3346 samples.
[Preprocess] Processed fidelity 8 (index 2): 3194 samples.
[Preprocess] Processed fidelity 10 (index 3): 731 samples.
[Preprocess] Processed fidelity 4 (index 0): 949 samples.
[Preprocess] Processed fidelity 6 (index 1): 833 samples.
[Preprocess] Processed fidelity 8 (index 2): 801 samples.
[Preprocess] Processed fidelity 10 (index 3): 175 samples.
Fidelity levels: [4, 6, 8, 10]
[Trainer] Starting BNN training...
[Trainer] No improvement. Iteration 9800. Early stopping counter: 1, LR counter: 1
[Trainer] No improvement. Iteration 9900. Early stopping counter: 2, LR counter: 2
[Trainer] No improvement. Iteration 10000. Early stopping counter: 3, LR counter: 3
[Trainer] No improvement. Iteration 10100. Early stopping counter: 4, LR counter: 4
[Trainer] No improvement. Iteration 10200. Early stopping counter: 5, LR counter: 5
[Trainer] No improvement. Iteration 10300. Early stopping counter: 6, LR counter: 6
[Trainer] No improvement. Iteration 10500. Early stopping counter: 1, LR counter: 1
[Trainer] No improvement. Iteration 10600. Early stopping counter: 2, LR counter: 2
[Trainer] No improvement. Iteration 10700. Early stopping counter: 3, LR counter: 3
[Trainer] No improvement. Iteration 10800. Early stopping counter: 4, LR counter: 4
[Trainer] No improvement. Iteration 10900. Early stopping counter: 5, LR counter: 5
[Trainer] No improvement. Iteration 11000. Early stopping counter: 6, LR counter: 6
[Trainer] No improvement. Iteration 11100. Early stopping counter: 7, LR counter: 7
[Trainer] No improvement. Iteration 11200. Early stopping counter: 8, LR counter: 8
[Trainer] No improvement. Iteration 11300. Early stopping counter: 9, LR counter: 9
[Trainer] No improvement. Iteration 11400. Early stopping counter: 10, LR counter: 10
[Trainer] No improvement. Iteration 11500. Early stopping counter: 11, LR counter: 11
[Trainer] No improvement. Iteration 11600. Early stopping counter: 12, LR counter: 12
[Trainer] No improvement. Iteration 11700. Early stopping counter: 13, LR counter: 13
[Trainer] No improvement. Iteration 11800. Early stopping counter: 14, LR counter: 14
[Trainer] No improvement. Iteration 12100. Early stopping counter: 1, LR counter: 1
[Trainer] No improvement. Iteration 12200. Early stopping counter: 2, LR counter: 2
[Trainer] No improvement. Iteration 12300. Early stopping counter: 3, LR counter: 3
[Trainer] No improvement. Iteration 12400. Early stopping counter: 4, LR counter: 4
[Trainer] No improvement. Iteration 12500. Early stopping counter: 5, LR counter: 5
[Trainer] No improvement. Iteration 12900. Early stopping counter: 1, LR counter: 1
[Trainer] No improvement. Iteration 13200. Early stopping counter: 1, LR counter: 1
[Trainer] No improvement. Iteration 13400. Early stopping counter: 1, LR counter: 1
[Trainer] No improvement. Iteration 13500. Early stopping counter: 2, LR counter: 2
[Trainer] No improvement. Iteration 13600. Early stopping counter: 3, LR counter: 3
[Trainer] No improvement. Iteration 13700. Early stopping counter: 4, LR counter: 4
[Trainer] No improvement. Iteration 13800. Early stopping counter: 5, LR counter: 5
[Trainer] No improvement. Iteration 13900. Early stopping counter: 6, LR counter: 6
[Trainer] No improvement. Iteration 14000. Early stopping counter: 7, LR counter: 7
[Trainer] No improvement. Iteration 14100. Early stopping counter: 8, LR counter: 8
[Trainer] No improvement. Iteration 14200. Early stopping counter: 9, LR counter: 9
[Trainer] No improvement. Iteration 14300. Early stopping counter: 10, LR counter: 10
[Trainer] No improvement. Iteration 14400. Early stopping counter: 11, LR counter: 11
[Trainer] No improvement. Iteration 14500. Early stopping counter: 12, LR counter: 12
[Trainer] No improvement. Iteration 14600. Early stopping counter: 13, LR counter: 13
[Trainer] No improvement. Iteration 14700. Early stopping counter: 14, LR counter: 14
[Trainer] No improvement. Iteration 14800. Early stopping counter: 15, LR counter: 15
[Trainer] No improvement. Iteration 14900. Early stopping counter: 16, LR counter: 16
[Trainer] No improvement. Iteration 15000. Early stopping counter: 17, LR counter: 17
[Trainer] No improvement. Iteration 15100. Early stopping counter: 18, LR counter: 18
[Trainer] No improvement. Iteration 15200. Early stopping counter: 19, LR counter: 19
[Trainer] No improvement. Iteration 15300. Early stopping counter: 20, LR counter: 20
[Trainer] No improvement. Iteration 15400. Early stopping counter: 21, LR counter: 21
[Trainer] No improvement. Iteration 15500. Early stopping counter: 22, LR counter: 22
[Trainer] No improvement. Iteration 15600. Early stopping counter: 23, LR counter: 23
[Trainer] No improvement. Iteration 15700. Early stopping counter: 24, LR counter: 24
[Trainer] No improvement. Iteration 15800. Early stopping counter: 25, LR counter: 25
[Trainer] Learning rate reduced to: 0.000010
[Trainer] No improvement. Iteration 15900. Early stopping counter: 26, LR counter: 1
[Trainer] No improvement. Iteration 16000. Early stopping counter: 27, LR counter: 2
[Trainer] No improvement. Iteration 16100. Early stopping counter: 28, LR counter: 3
[Trainer] No improvement. Iteration 16200. Early stopping counter: 29, LR counter: 4
[Trainer] No improvement. Iteration 16300. Early stopping counter: 30, LR counter: 5
[Trainer] No improvement. Iteration 16400. Early stopping counter: 31, LR counter: 6
[Trainer] No improvement. Iteration 16500. Early stopping counter: 32, LR counter: 7
[Trainer] No improvement. Iteration 16600. Early stopping counter: 33, LR counter: 8
[Trainer] No improvement. Iteration 16700. Early stopping counter: 34, LR counter: 9
[Trainer] No improvement. Iteration 16800. Early stopping counter: 35, LR counter: 10
[Trainer] No improvement. Iteration 16900. Early stopping counter: 36, LR counter: 11
[Trainer] No improvement. Iteration 17000. Early stopping counter: 37, LR counter: 12
[Trainer] No improvement. Iteration 17100. Early stopping counter: 38, LR counter: 13
[Trainer] No improvement. Iteration 17200. Early stopping counter: 39, LR counter: 14
[Trainer] No improvement. Iteration 17300. Early stopping counter: 40, LR counter: 15
[Trainer] No improvement. Iteration 17400. Early stopping counter: 41, LR counter: 16
[Trainer] No improvement. Iteration 17500. Early stopping counter: 42, LR counter: 17
[Trainer] No improvement. Iteration 17600. Early stopping counter: 43, LR counter: 18
[Trainer] No improvement. Iteration 17700. Early stopping counter: 44, LR counter: 19
[Trainer] No improvement. Iteration 17800. Early stopping counter: 45, LR counter: 20
[Trainer] No improvement. Iteration 17900. Early stopping counter: 46, LR counter: 21
[Trainer] No improvement. Iteration 18000. Early stopping counter: 47, LR counter: 22
[Trainer] No improvement. Iteration 18100. Early stopping counter: 48, LR counter: 23
[Trainer] No improvement. Iteration 18300. Early stopping counter: 1, LR counter: 1
[Trainer] No improvement. Iteration 18400. Early stopping counter: 2, LR counter: 2
[Trainer] No improvement. Iteration 18500. Early stopping counter: 3, LR counter: 3
[Trainer] No improvement. Iteration 18600. Early stopping counter: 4, LR counter: 4
[Trainer] No improvement. Iteration 18700. Early stopping counter: 5, LR counter: 5
[Trainer] No improvement. Iteration 18800. Early stopping counter: 6, LR counter: 6
[Trainer] No improvement. Iteration 18900. Early stopping counter: 7, LR counter: 7
[Trainer] No improvement. Iteration 19000. Early stopping counter: 8, LR counter: 8
[Trainer] No improvement. Iteration 19100. Early stopping counter: 9, LR counter: 9
[Trainer] No improvement. Iteration 19200. Early stopping counter: 10, LR counter: 10
[Trainer] No improvement. Iteration 19300. Early stopping counter: 11, LR counter: 11
[Trainer] No improvement. Iteration 19400. Early stopping counter: 12, LR counter: 12
[Trainer] No improvement. Iteration 19500. Early stopping counter: 13, LR counter: 13
[Trainer] No improvement. Iteration 19600. Early stopping counter: 14, LR counter: 14
[Trainer] No improvement. Iteration 19700. Early stopping counter: 15, LR counter: 15
[Trainer] No improvement. Iteration 19800. Early stopping counter: 16, LR counter: 16
[Trainer] No improvement. Iteration 19900. Early stopping counter: 17, LR counter: 17
[Trainer] No improvement. Iteration 20000. Early stopping counter: 18, LR counter: 18
[Trainer] No improvement. Iteration 20100. Early stopping counter: 19, LR counter: 19
[Trainer] No improvement. Iteration 20200. Early stopping counter: 20, LR counter: 20
[Trainer] No improvement. Iteration 20500. Early stopping counter: 1, LR counter: 1
[Trainer] No improvement. Iteration 20600. Early stopping counter: 2, LR counter: 2
[Trainer] No improvement. Iteration 20700. Early stopping counter: 3, LR counter: 3
[Trainer] No improvement. Iteration 20800. Early stopping counter: 4, LR counter: 4
[Trainer] No improvement. Iteration 21000. Early stopping counter: 1, LR counter: 1
[Trainer] No improvement. Iteration 21100. Early stopping counter: 2, LR counter: 2
[Trainer] No improvement. Iteration 21200. Early stopping counter: 3, LR counter: 3
[Trainer] No improvement. Iteration 21300. Early stopping counter: 4, LR counter: 4
[Trainer] No improvement. Iteration 21400. Early stopping counter: 5, LR counter: 5
[Trainer] No improvement. Iteration 21500. Early stopping counter: 6, LR counter: 6
[Trainer] No improvement. Iteration 21600. Early stopping counter: 7, LR counter: 7
[Trainer] No improvement. Iteration 21700. Early stopping counter: 8, LR counter: 8
[Trainer] No improvement. Iteration 21800. Early stopping counter: 9, LR counter: 9
[Trainer] No improvement. Iteration 21900. Early stopping counter: 10, LR counter: 10
[Trainer] No improvement. Iteration 22000. Early stopping counter: 11, LR counter: 11
[Trainer] No improvement. Iteration 22100. Early stopping counter: 12, LR counter: 12
[Trainer] No improvement. Iteration 22200. Early stopping counter: 13, LR counter: 13
[Trainer] No improvement. Iteration 22300. Early stopping counter: 14, LR counter: 14
[Trainer] No improvement. Iteration 22400. Early stopping counter: 15, LR counter: 15
[Trainer] No improvement. Iteration 22500. Early stopping counter: 16, LR counter: 16
[Trainer] No improvement. Iteration 22600. Early stopping counter: 17, LR counter: 17
[Trainer] No improvement. Iteration 22700. Early stopping counter: 18, LR counter: 18
[Trainer] No improvement. Iteration 22800. Early stopping counter: 19, LR counter: 19
[Trainer] No improvement. Iteration 22900. Early stopping counter: 20, LR counter: 20
[Trainer] No improvement. Iteration 23000. Early stopping counter: 21, LR counter: 21
[Trainer] No improvement. Iteration 23100. Early stopping counter: 22, LR counter: 22
[Trainer] No improvement. Iteration 23200. Early stopping counter: 23, LR counter: 23
[Trainer] No improvement. Iteration 23300. Early stopping counter: 24, LR counter: 24
[Trainer] No improvement. Iteration 23400. Early stopping counter: 25, LR counter: 25
[Trainer] Learning rate reduced to: 0.000001
[Trainer] No improvement. Iteration 23500. Early stopping counter: 26, LR counter: 1
[Trainer] No improvement. Iteration 23600. Early stopping counter: 27, LR counter: 2
[Trainer] No improvement. Iteration 23700. Early stopping counter: 28, LR counter: 3
[Trainer] No improvement. Iteration 23800. Early stopping counter: 29, LR counter: 4
[Trainer] No improvement. Iteration 23900. Early stopping counter: 30, LR counter: 5
[Trainer] No improvement. Iteration 24000. Early stopping counter: 31, LR counter: 6
[Trainer] No improvement. Iteration 24100. Early stopping counter: 32, LR counter: 7
[Trainer] No improvement. Iteration 24200. Early stopping counter: 33, LR counter: 8
[Trainer] No improvement. Iteration 24300. Early stopping counter: 34, LR counter: 9
[Trainer] No improvement. Iteration 24400. Early stopping counter: 35, LR counter: 10
[Trainer] No improvement. Iteration 24500. Early stopping counter: 36, LR counter: 11
[Trainer] No improvement. Iteration 24600. Early stopping counter: 37, LR counter: 12
[Trainer] No improvement. Iteration 24700. Early stopping counter: 38, LR counter: 13
[Trainer] No improvement. Iteration 24800. Early stopping counter: 39, LR counter: 14
[Trainer] No improvement. Iteration 24900. Early stopping counter: 40, LR counter: 15
[Trainer] No improvement. Iteration 25000. Early stopping counter: 41, LR counter: 16
[Trainer] No improvement. Iteration 25100. Early stopping counter: 42, LR counter: 17
[Trainer] No improvement. Iteration 25200. Early stopping counter: 43, LR counter: 18
[Trainer] No improvement. Iteration 25300. Early stopping counter: 44, LR counter: 19
[Trainer] No improvement. Iteration 25400. Early stopping counter: 45, LR counter: 20
[Trainer] No improvement. Iteration 25500. Early stopping counter: 46, LR counter: 21
[Trainer] No improvement. Iteration 25600. Early stopping counter: 47, LR counter: 22
[Trainer] No improvement. Iteration 25700. Early stopping counter: 48, LR counter: 23
[Trainer] No improvement. Iteration 25800. Early stopping counter: 49, LR counter: 24
[Trainer] No improvement. Iteration 25900. Early stopping counter: 50, LR counter: 25
[Trainer] Learning rate reduced to: 0.000000
[Trainer] Early stopping triggered.
[Trainer] Training completed.
[Trainer] Calibrating temperatures on validation set...
[Trainer] Temperature calibration finished. Calibrated temperatures: {4: 0.9192714095115662, 6: 0.8434358835220337, 8: 0.9520516395568848, 10: 1.1118422746658325}
[Trainer] BNN training completed.
**************************************************
Z=8, N=4, emax=4
RMSE Eb: 1.089
RMSE Rch: 0.010
MAPE Eb: 3.176
MAPE Rch: 0.452
--------------------------------------------------
**************************************************
Z=8, N=4, emax=10
RMSE Eb: 1.127
RMSE Rch: 0.062
MAPE Eb: 1.833
MAPE Rch: 2.803
--------------------------------------------------
**************************************************
Z=8, N=4, emax=6
RMSE Eb: 1.289
RMSE Rch: 0.014
MAPE Eb: 2.398
MAPE Rch: 0.680
--------------------------------------------------
**************************************************
Z=8, N=4, emax=8
RMSE Eb: 1.400
RMSE Rch: 0.023
MAPE Eb: 2.107
MAPE Rch: 0.971
--------------------------------------------------
**************************************************
Z=8, N=5, emax=8
RMSE Eb: 1.365
RMSE Rch: 0.017
MAPE Eb: 1.675
MAPE Rch: 0.770
--------------------------------------------------
**************************************************
Z=8, N=5, emax=6
RMSE Eb: 1.152
RMSE Rch: 0.012
MAPE Eb: 1.709
MAPE Rch: 0.589
--------------------------------------------------
**************************************************
Z=8, N=5, emax=4
RMSE Eb: 1.485
RMSE Rch: 0.013
MAPE Eb: 3.189
MAPE Rch: 0.593
--------------------------------------------------
**************************************************
Z=8, N=5, emax=10
RMSE Eb: 1.161
RMSE Rch: 0.017
MAPE Eb: 1.712
MAPE Rch: 0.853
--------------------------------------------------
**************************************************
Z=8, N=6, emax=4
RMSE Eb: 1.259
RMSE Rch: 0.012
MAPE Eb: 1.861
MAPE Rch: 0.586
--------------------------------------------------
**************************************************
Z=8, N=6, emax=6
RMSE Eb: 1.437
RMSE Rch: 0.017
MAPE Eb: 1.543
MAPE Rch: 0.861
--------------------------------------------------
**************************************************
Z=8, N=6, emax=8
RMSE Eb: 1.278
RMSE Rch: 0.016
MAPE Eb: 1.223
MAPE Rch: 0.809
--------------------------------------------------
**************************************************
Z=8, N=6, emax=10
RMSE Eb: 1.264
RMSE Rch: 0.021
MAPE Eb: 1.097
MAPE Rch: 1.208
--------------------------------------------------
**************************************************
Z=8, N=7, emax=8
RMSE Eb: 1.591
RMSE Rch: 0.013
MAPE Eb: 1.251
MAPE Rch: 0.695
--------------------------------------------------
**************************************************
Z=8, N=7, emax=10
RMSE Eb: 1.635
RMSE Rch: 0.019
MAPE Eb: 1.212
MAPE Rch: 1.074
--------------------------------------------------
**************************************************
Z=8, N=7, emax=6
RMSE Eb: 1.155
RMSE Rch: 0.013
MAPE Eb: 1.153
MAPE Rch: 0.618
--------------------------------------------------
**************************************************
Z=8, N=7, emax=4
RMSE Eb: 1.659
RMSE Rch: 0.015
MAPE Eb: 2.050
MAPE Rch: 0.688
--------------------------------------------------
**************************************************
Z=8, N=8, emax=4
RMSE Eb: 1.319
RMSE Rch: 0.015
MAPE Eb: 1.402
MAPE Rch: 0.386
--------------------------------------------------
**************************************************
Z=8, N=8, emax=8
RMSE Eb: 1.638
RMSE Rch: 0.017
MAPE Eb: 1.220
MAPE Rch: 0.483
--------------------------------------------------
**************************************************
Z=8, N=8, emax=6
RMSE Eb: 1.174
RMSE Rch: 0.011
MAPE Eb: 0.972
MAPE Rch: 0.307
--------------------------------------------------
**************************************************
Z=8, N=8, emax=10
RMSE Eb: 0.806
RMSE Rch: 0.014
MAPE Eb: 0.501
MAPE Rch: 0.392
--------------------------------------------------
**************************************************
Z=8, N=9, emax=8
RMSE Eb: 1.934
RMSE Rch: 0.015
MAPE Eb: 1.465
MAPE Rch: 0.432
--------------------------------------------------
**************************************************
Z=8, N=9, emax=6
RMSE Eb: 1.856
RMSE Rch: 0.011
MAPE Eb: 1.458
MAPE Rch: 0.314
--------------------------------------------------
**************************************************
Z=8, N=9, emax=4
RMSE Eb: 1.521
RMSE Rch: 0.012
MAPE Eb: 1.429
MAPE Rch: 0.345
--------------------------------------------------
**************************************************
Z=8, N=9, emax=10
RMSE Eb: 1.401
RMSE Rch: 0.006
MAPE Eb: 1.016
MAPE Rch: 0.173
--------------------------------------------------
**************************************************
Z=8, N=10, emax=4
RMSE Eb: 1.213
RMSE Rch: 0.010
MAPE Eb: 1.235
MAPE Rch: 0.287
--------------------------------------------------
**************************************************
Z=8, N=10, emax=10
RMSE Eb: 1.355
RMSE Rch: 0.010
MAPE Eb: 0.931
MAPE Rch: 0.277
--------------------------------------------------
**************************************************
Z=8, N=10, emax=6
RMSE Eb: 1.661
RMSE Rch: 0.018
MAPE Eb: 1.344
MAPE Rch: 0.497
--------------------------------------------------
**************************************************
Z=8, N=10, emax=8
RMSE Eb: 1.529
RMSE Rch: 0.019
MAPE Eb: 1.113
MAPE Rch: 0.582
--------------------------------------------------
**************************************************
Z=8, N=11, emax=4
RMSE Eb: 1.214
RMSE Rch: 0.011
MAPE Eb: 1.172
MAPE Rch: 0.335
--------------------------------------------------
**************************************************
Z=8, N=11, emax=6
RMSE Eb: 1.380
RMSE Rch: 0.011
MAPE Eb: 1.007
MAPE Rch: 0.298
--------------------------------------------------
**************************************************
Z=8, N=11, emax=8
RMSE Eb: 1.879
RMSE Rch: 0.014
MAPE Eb: 1.323
MAPE Rch: 0.397
--------------------------------------------------
**************************************************
Z=8, N=11, emax=10
RMSE Eb: 1.886
RMSE Rch: 0.015
MAPE Eb: 1.388
MAPE Rch: 0.405
--------------------------------------------------
**************************************************
Z=8, N=12, emax=6
RMSE Eb: 1.952
RMSE Rch: 0.011
MAPE Eb: 1.377
MAPE Rch: 0.323
--------------------------------------------------
**************************************************
Z=8, N=12, emax=4
RMSE Eb: 1.549
RMSE Rch: 0.011
MAPE Eb: 1.559
MAPE Rch: 0.323
--------------------------------------------------
**************************************************
Z=8, N=12, emax=8
RMSE Eb: 1.442
RMSE Rch: 0.014
MAPE Eb: 1.020
MAPE Rch: 0.395
--------------------------------------------------
**************************************************
Z=8, N=12, emax=10
RMSE Eb: 1.246
RMSE Rch: 0.011
MAPE Eb: 0.835
MAPE Rch: 0.284
--------------------------------------------------
**************************************************
Z=8, N=13, emax=8
RMSE Eb: 1.362
RMSE Rch: 0.016
MAPE Eb: 0.843
MAPE Rch: 0.459
--------------------------------------------------
**************************************************
Z=8, N=13, emax=4
RMSE Eb: 1.462
RMSE Rch: 0.011
MAPE Eb: 1.473
MAPE Rch: 0.328
--------------------------------------------------
**************************************************
Z=8, N=13, emax=10
RMSE Eb: 1.741
RMSE Rch: 0.012
MAPE Eb: 1.023
MAPE Rch: 0.346
--------------------------------------------------
**************************************************
Z=8, N=13, emax=6
RMSE Eb: 1.996
RMSE Rch: 0.016
MAPE Eb: 1.461
MAPE Rch: 0.449
--------------------------------------------------
**************************************************
Z=8, N=14, emax=8
RMSE Eb: 1.626
RMSE Rch: 0.020
MAPE Eb: 0.997
MAPE Rch: 0.506
--------------------------------------------------
**************************************************
Z=8, N=14, emax=4
RMSE Eb: 1.658
RMSE Rch: 0.014
MAPE Eb: 1.679
MAPE Rch: 0.393
--------------------------------------------------
**************************************************
Z=8, N=14, emax=6
RMSE Eb: 1.868
RMSE Rch: 0.013
MAPE Eb: 1.289
MAPE Rch: 0.351
--------------------------------------------------
**************************************************
Z=8, N=14, emax=10
RMSE Eb: 1.967
RMSE Rch: 0.014
MAPE Eb: 1.333
MAPE Rch: 0.443
--------------------------------------------------
**************************************************
Z=8, N=15, emax=8
RMSE Eb: 1.614
RMSE Rch: 0.019
MAPE Eb: 0.963
MAPE Rch: 0.560
--------------------------------------------------
**************************************************
Z=8, N=15, emax=4
RMSE Eb: 2.135
RMSE Rch: 0.012
MAPE Eb: 1.954
MAPE Rch: 0.353
--------------------------------------------------
**************************************************
Z=8, N=15, emax=6
RMSE Eb: 1.719
RMSE Rch: 0.014
MAPE Eb: 1.298
MAPE Rch: 0.392
--------------------------------------------------
**************************************************
Z=8, N=15, emax=10
RMSE Eb: 1.544
RMSE Rch: 0.017
MAPE Eb: 0.860
MAPE Rch: 0.556
--------------------------------------------------
**************************************************
Z=8, N=16, emax=8
RMSE Eb: 1.689
RMSE Rch: 0.014
MAPE Eb: 0.996
MAPE Rch: 0.387
--------------------------------------------------
**************************************************
Z=8, N=16, emax=6
RMSE Eb: 2.153
RMSE Rch: 0.013
MAPE Eb: 1.556
MAPE Rch: 0.357
--------------------------------------------------
**************************************************
Z=8, N=16, emax=10
RMSE Eb: 1.371
RMSE Rch: 0.011
MAPE Eb: 0.748
MAPE Rch: 0.317
--------------------------------------------------
**************************************************
Z=8, N=16, emax=4
RMSE Eb: 1.738
RMSE Rch: 0.015
MAPE Eb: 1.843
MAPE Rch: 0.407
--------------------------------------------------
Finished VAL for AE n=67
**************************************************
Z=8, N=4, emax=6
RMSE Eb: 1.253
RMSE Rch: 0.016
MAPE Eb: 2.455
MAPE Rch: 0.725
--------------------------------------------------
**************************************************
Z=8, N=4, emax=8
RMSE Eb: 1.213
RMSE Rch: 0.023
MAPE Eb: 1.918
MAPE Rch: 1.076
--------------------------------------------------
**************************************************
Z=8, N=4, emax=4
RMSE Eb: 1.066
RMSE Rch: 0.011
MAPE Eb: 2.601
MAPE Rch: 0.498
--------------------------------------------------
**************************************************
Z=8, N=4, emax=10
RMSE Eb: 0.989
RMSE Rch: 0.039
MAPE Eb: 1.379
MAPE Rch: 1.828
--------------------------------------------------
**************************************************
Z=8, N=5, emax=4
RMSE Eb: 1.609
RMSE Rch: 0.013
MAPE Eb: 3.460
MAPE Rch: 0.616
--------------------------------------------------
**************************************************
Z=8, N=5, emax=8
RMSE Eb: 1.273
RMSE Rch: 0.017
MAPE Eb: 1.621
MAPE Rch: 0.859
--------------------------------------------------
**************************************************
Z=8, N=5, emax=6
RMSE Eb: 1.433
RMSE Rch: 0.012
MAPE Eb: 2.141
MAPE Rch: 0.563
--------------------------------------------------
**************************************************
Z=8, N=5, emax=10
RMSE Eb: 1.354
RMSE Rch: 0.024
MAPE Eb: 1.738
MAPE Rch: 1.449
--------------------------------------------------
**************************************************
Z=8, N=6, emax=4
RMSE Eb: 1.185
RMSE Rch: 0.014
MAPE Eb: 1.704
MAPE Rch: 0.647
--------------------------------------------------
**************************************************
Z=8, N=6, emax=8
RMSE Eb: 1.469
RMSE Rch: 0.023
MAPE Eb: 1.457
MAPE Rch: 1.074
--------------------------------------------------
**************************************************
Z=8, N=6, emax=6
RMSE Eb: 1.517
RMSE Rch: 0.016
MAPE Eb: 1.735
MAPE Rch: 0.748
--------------------------------------------------
**************************************************
Z=8, N=6, emax=10
RMSE Eb: 0.901
RMSE Rch: 0.016
MAPE Eb: 0.892
MAPE Rch: 0.765
--------------------------------------------------
**************************************************
Z=8, N=7, emax=4
RMSE Eb: 1.585
RMSE Rch: 0.012
MAPE Eb: 1.994
MAPE Rch: 0.601
--------------------------------------------------
**************************************************
Z=8, N=7, emax=8
RMSE Eb: 1.514
RMSE Rch: 0.012
MAPE Eb: 1.206
MAPE Rch: 0.604
--------------------------------------------------
**************************************************
Z=8, N=7, emax=6
RMSE Eb: 1.339
RMSE Rch: 0.012
MAPE Eb: 1.238
MAPE Rch: 0.583
--------------------------------------------------
**************************************************
Z=8, N=7, emax=10
RMSE Eb: 1.504
RMSE Rch: 0.015
MAPE Eb: 1.327
MAPE Rch: 0.786
--------------------------------------------------
**************************************************
Z=8, N=8, emax=4
RMSE Eb: 1.401
RMSE Rch: 0.015
MAPE Eb: 1.336
MAPE Rch: 0.400
--------------------------------------------------
**************************************************
Z=8, N=8, emax=6
RMSE Eb: 1.482
RMSE Rch: 0.014
MAPE Eb: 1.194
MAPE Rch: 0.388
--------------------------------------------------
**************************************************
Z=8, N=8, emax=8
RMSE Eb: 1.454
RMSE Rch: 0.013
MAPE Eb: 1.046
MAPE Rch: 0.389
--------------------------------------------------
**************************************************
Z=8, N=8, emax=10
RMSE Eb: 2.058
RMSE Rch: 0.012
MAPE Eb: 1.419
MAPE Rch: 0.407
--------------------------------------------------
**************************************************
Z=8, N=9, emax=4
RMSE Eb: 1.473
RMSE Rch: 0.012
MAPE Eb: 1.454
MAPE Rch: 0.331
--------------------------------------------------
**************************************************
Z=8, N=9, emax=8
RMSE Eb: 1.900
RMSE Rch: 0.016
MAPE Eb: 1.446
MAPE Rch: 0.480
--------------------------------------------------
**************************************************
Z=8, N=9, emax=6
RMSE Eb: 1.808
RMSE Rch: 0.012
MAPE Eb: 1.431
MAPE Rch: 0.332
--------------------------------------------------
**************************************************
Z=8, N=9, emax=10
RMSE Eb: 0.935
RMSE Rch: 0.010
MAPE Eb: 0.611
MAPE Rch: 0.294
--------------------------------------------------
**************************************************
Z=8, N=10, emax=4
RMSE Eb: 1.374
RMSE Rch: 0.011
MAPE Eb: 1.423
MAPE Rch: 0.306
--------------------------------------------------
**************************************************
Z=8, N=10, emax=6
RMSE Eb: 1.947
RMSE Rch: 0.020
MAPE Eb: 1.591
MAPE Rch: 0.572
--------------------------------------------------
**************************************************
Z=8, N=10, emax=8
RMSE Eb: 1.482
RMSE Rch: 0.020
MAPE Eb: 1.116
MAPE Rch: 0.560
--------------------------------------------------
**************************************************
Z=8, N=10, emax=10
RMSE Eb: 2.072
RMSE Rch: 0.013
MAPE Eb: 1.390
MAPE Rch: 0.385
--------------------------------------------------
**************************************************
Z=8, N=11, emax=8
RMSE Eb: 1.640
RMSE Rch: 0.017
MAPE Eb: 1.063
MAPE Rch: 0.466
--------------------------------------------------
**************************************************
Z=8, N=11, emax=4
RMSE Eb: 1.316
RMSE Rch: 0.013
MAPE Eb: 1.273
MAPE Rch: 0.372
--------------------------------------------------
**************************************************
Z=8, N=11, emax=6
RMSE Eb: 1.495
RMSE Rch: 0.012
MAPE Eb: 1.259
MAPE Rch: 0.328
--------------------------------------------------
**************************************************
Z=8, N=11, emax=10
RMSE Eb: 1.283
RMSE Rch: 0.014
MAPE Eb: 0.914
MAPE Rch: 0.422
--------------------------------------------------
**************************************************
Z=8, N=12, emax=6
RMSE Eb: 1.556
RMSE Rch: 0.013
MAPE Eb: 1.058
MAPE Rch: 0.372
--------------------------------------------------
**************************************************
Z=8, N=12, emax=8
RMSE Eb: 1.497
RMSE Rch: 0.013
MAPE Eb: 0.941
MAPE Rch: 0.383
--------------------------------------------------
**************************************************
Z=8, N=12, emax=4
RMSE Eb: 1.211
RMSE Rch: 0.010
MAPE Eb: 1.191
MAPE Rch: 0.272
--------------------------------------------------
**************************************************
Z=8, N=12, emax=10
RMSE Eb: 1.291
RMSE Rch: 0.010
MAPE Eb: 0.831
MAPE Rch: 0.292
--------------------------------------------------
**************************************************
Z=8, N=13, emax=8
RMSE Eb: 1.504
RMSE Rch: 0.014
MAPE Eb: 1.014
MAPE Rch: 0.392
--------------------------------------------------
**************************************************
Z=8, N=13, emax=4
RMSE Eb: 1.368
RMSE Rch: 0.011
MAPE Eb: 1.358
MAPE Rch: 0.300
--------------------------------------------------
**************************************************
Z=8, N=13, emax=6
RMSE Eb: 2.000
RMSE Rch: 0.018
MAPE Eb: 1.420
MAPE Rch: 0.552
--------------------------------------------------
**************************************************
Z=8, N=13, emax=10
RMSE Eb: 1.554
RMSE Rch: 0.009
MAPE Eb: 0.909
MAPE Rch: 0.280
--------------------------------------------------
**************************************************
Z=8, N=14, emax=6
RMSE Eb: 2.220
RMSE Rch: 0.015
MAPE Eb: 1.430
MAPE Rch: 0.424
--------------------------------------------------
**************************************************
Z=8, N=14, emax=10
RMSE Eb: 1.885
RMSE Rch: 0.015
MAPE Eb: 0.983
MAPE Rch: 0.457
--------------------------------------------------
**************************************************
Z=8, N=14, emax=4
RMSE Eb: 1.450
RMSE Rch: 0.011
MAPE Eb: 1.530
MAPE Rch: 0.300
--------------------------------------------------
**************************************************
Z=8, N=14, emax=8
RMSE Eb: 1.619
RMSE Rch: 0.018
MAPE Eb: 1.004
MAPE Rch: 0.492
--------------------------------------------------
**************************************************
Z=8, N=15, emax=8
RMSE Eb: 1.735
RMSE Rch: 0.015
MAPE Eb: 1.086
MAPE Rch: 0.429
--------------------------------------------------
**************************************************
Z=8, N=15, emax=6
RMSE Eb: 1.500
RMSE Rch: 0.016
MAPE Eb: 1.072
MAPE Rch: 0.432
--------------------------------------------------
**************************************************
Z=8, N=15, emax=4
RMSE Eb: 1.751
RMSE Rch: 0.013
MAPE Eb: 1.713
MAPE Rch: 0.345
--------------------------------------------------
**************************************************
Z=8, N=15, emax=10
RMSE Eb: 1.305
RMSE Rch: 0.014
MAPE Eb: 0.799
MAPE Rch: 0.415
--------------------------------------------------
**************************************************
Z=8, N=16, emax=4
RMSE Eb: 1.912
RMSE Rch: 0.014
MAPE Eb: 1.874
MAPE Rch: 0.396
--------------------------------------------------
**************************************************
Z=8, N=16, emax=8
RMSE Eb: 1.954
RMSE Rch: 0.015
MAPE Eb: 1.187
MAPE Rch: 0.388
--------------------------------------------------
**************************************************
Z=8, N=16, emax=6
RMSE Eb: 2.309
RMSE Rch: 0.016
MAPE Eb: 1.708
MAPE Rch: 0.435
--------------------------------------------------
**************************************************
Z=8, N=16, emax=10
RMSE Eb: 1.824
RMSE Rch: 0.018
MAPE Eb: 1.166
MAPE Rch: 0.516
--------------------------------------------------
