Activated conda environment
[DataLoader] Found 13 files matching the pattern.
[DataLoader] Combined data shape: (17234, 35)
[Preprocess] Data split => train: (11029, 35), val: (2758, 35), test: (3447, 35)
[Preprocess] Processed fidelity 4 (index 0): 3758 samples.
[Preprocess] Processed fidelity 6 (index 1): 3346 samples.
[Preprocess] Processed fidelity 8 (index 2): 3194 samples.
[Preprocess] Processed fidelity 10 (index 3): 731 samples.
[Preprocess] Processed fidelity 4 (index 0): 949 samples.
[Preprocess] Processed fidelity 6 (index 1): 833 samples.
[Preprocess] Processed fidelity 8 (index 2): 801 samples.
[Preprocess] Processed fidelity 10 (index 3): 175 samples.
Fidelity levels: [4, 6, 8, 10]
[Trainer] Starting BNN training...
[Trainer] No improvement. Iteration 6400. Early stopping counter: 1, LR counter: 1
[Trainer] No improvement. Iteration 8700. Early stopping counter: 1, LR counter: 1
[Trainer] No improvement. Iteration 9100. Early stopping counter: 1, LR counter: 1
[Trainer] No improvement. Iteration 9600. Early stopping counter: 1, LR counter: 1
[Trainer] No improvement. Iteration 9700. Early stopping counter: 2, LR counter: 2
[Trainer] No improvement. Iteration 9800. Early stopping counter: 3, LR counter: 3
[Trainer] No improvement. Iteration 10100. Early stopping counter: 1, LR counter: 1
[Trainer] No improvement. Iteration 10200. Early stopping counter: 2, LR counter: 2
[Trainer] No improvement. Iteration 10300. Early stopping counter: 3, LR counter: 3
[Trainer] No improvement. Iteration 10400. Early stopping counter: 4, LR counter: 4
[Trainer] No improvement. Iteration 10500. Early stopping counter: 5, LR counter: 5
[Trainer] No improvement. Iteration 10600. Early stopping counter: 6, LR counter: 6
[Trainer] No improvement. Iteration 10700. Early stopping counter: 7, LR counter: 7
[Trainer] No improvement. Iteration 10800. Early stopping counter: 8, LR counter: 8
[Trainer] No improvement. Iteration 11700. Early stopping counter: 1, LR counter: 1
[Trainer] No improvement. Iteration 11800. Early stopping counter: 2, LR counter: 2
[Trainer] No improvement. Iteration 11900. Early stopping counter: 3, LR counter: 3
[Trainer] No improvement. Iteration 12000. Early stopping counter: 4, LR counter: 4
[Trainer] No improvement. Iteration 12100. Early stopping counter: 5, LR counter: 5
[Trainer] No improvement. Iteration 12200. Early stopping counter: 6, LR counter: 6
[Trainer] No improvement. Iteration 12300. Early stopping counter: 7, LR counter: 7
[Trainer] No improvement. Iteration 12400. Early stopping counter: 8, LR counter: 8
[Trainer] No improvement. Iteration 12500. Early stopping counter: 9, LR counter: 9
[Trainer] No improvement. Iteration 12600. Early stopping counter: 10, LR counter: 10
[Trainer] No improvement. Iteration 12700. Early stopping counter: 11, LR counter: 11
[Trainer] No improvement. Iteration 12800. Early stopping counter: 12, LR counter: 12
[Trainer] No improvement. Iteration 12900. Early stopping counter: 13, LR counter: 13
[Trainer] No improvement. Iteration 13000. Early stopping counter: 14, LR counter: 14
[Trainer] No improvement. Iteration 13100. Early stopping counter: 15, LR counter: 15
[Trainer] No improvement. Iteration 13200. Early stopping counter: 16, LR counter: 16
[Trainer] No improvement. Iteration 13300. Early stopping counter: 17, LR counter: 17
[Trainer] No improvement. Iteration 13400. Early stopping counter: 18, LR counter: 18
[Trainer] No improvement. Iteration 13500. Early stopping counter: 19, LR counter: 19
[Trainer] No improvement. Iteration 13600. Early stopping counter: 20, LR counter: 20
[Trainer] No improvement. Iteration 13700. Early stopping counter: 21, LR counter: 21
[Trainer] No improvement. Iteration 13800. Early stopping counter: 22, LR counter: 22
[Trainer] No improvement. Iteration 13900. Early stopping counter: 23, LR counter: 23
[Trainer] No improvement. Iteration 14000. Early stopping counter: 24, LR counter: 24
[Trainer] No improvement. Iteration 14100. Early stopping counter: 25, LR counter: 25
[Trainer] Learning rate reduced to: 0.000010
[Trainer] No improvement. Iteration 14200. Early stopping counter: 26, LR counter: 1
[Trainer] No improvement. Iteration 14300. Early stopping counter: 27, LR counter: 2
[Trainer] No improvement. Iteration 14400. Early stopping counter: 28, LR counter: 3
[Trainer] No improvement. Iteration 14500. Early stopping counter: 29, LR counter: 4
[Trainer] No improvement. Iteration 14600. Early stopping counter: 30, LR counter: 5
[Trainer] No improvement. Iteration 14700. Early stopping counter: 31, LR counter: 6
[Trainer] No improvement. Iteration 14800. Early stopping counter: 32, LR counter: 7
[Trainer] No improvement. Iteration 14900. Early stopping counter: 33, LR counter: 8
[Trainer] No improvement. Iteration 15000. Early stopping counter: 34, LR counter: 9
[Trainer] No improvement. Iteration 15100. Early stopping counter: 35, LR counter: 10
[Trainer] No improvement. Iteration 15200. Early stopping counter: 36, LR counter: 11
[Trainer] No improvement. Iteration 15300. Early stopping counter: 37, LR counter: 12
[Trainer] No improvement. Iteration 15400. Early stopping counter: 38, LR counter: 13
[Trainer] No improvement. Iteration 15500. Early stopping counter: 39, LR counter: 14
[Trainer] No improvement. Iteration 15600. Early stopping counter: 40, LR counter: 15
[Trainer] No improvement. Iteration 15700. Early stopping counter: 41, LR counter: 16
[Trainer] No improvement. Iteration 15800. Early stopping counter: 42, LR counter: 17
[Trainer] No improvement. Iteration 15900. Early stopping counter: 43, LR counter: 18
[Trainer] No improvement. Iteration 16000. Early stopping counter: 44, LR counter: 19
[Trainer] No improvement. Iteration 16100. Early stopping counter: 45, LR counter: 20
[Trainer] No improvement. Iteration 16200. Early stopping counter: 46, LR counter: 21
[Trainer] No improvement. Iteration 16300. Early stopping counter: 47, LR counter: 22
[Trainer] No improvement. Iteration 16400. Early stopping counter: 48, LR counter: 23
[Trainer] No improvement. Iteration 16500. Early stopping counter: 49, LR counter: 24
[Trainer] No improvement. Iteration 16600. Early stopping counter: 50, LR counter: 25
[Trainer] Learning rate reduced to: 0.000001
[Trainer] Early stopping triggered.
[Trainer] Training completed.
[Trainer] Calibrating temperatures on validation set...
[Trainer] Temperature calibration finished. Calibrated temperatures: {4: 1.1404309272766113, 6: 1.0454180240631104, 8: 1.0816103219985962, 10: 1.214881181716919}
[Trainer] BNN training completed.
**************************************************
Z=8, N=4, emax=4
RMSE Eb: 0.835
RMSE Rch: 0.010
MAPE Eb: 2.355
MAPE Rch: 0.471
--------------------------------------------------
**************************************************
Z=8, N=4, emax=10
RMSE Eb: 1.443
RMSE Rch: 0.036
MAPE Eb: 2.351
MAPE Rch: 1.772
--------------------------------------------------
**************************************************
Z=8, N=4, emax=6
RMSE Eb: 1.476
RMSE Rch: 0.014
MAPE Eb: 3.000
MAPE Rch: 0.697
--------------------------------------------------
**************************************************
Z=8, N=4, emax=8
RMSE Eb: 1.179
RMSE Rch: 0.019
MAPE Eb: 1.831
MAPE Rch: 0.891
--------------------------------------------------
**************************************************
Z=8, N=5, emax=8
RMSE Eb: 0.948
RMSE Rch: 0.017
MAPE Eb: 1.194
MAPE Rch: 0.880
--------------------------------------------------
**************************************************
Z=8, N=5, emax=6
RMSE Eb: 1.311
RMSE Rch: 0.013
MAPE Eb: 2.109
MAPE Rch: 0.655
--------------------------------------------------
**************************************************
Z=8, N=5, emax=4
RMSE Eb: 0.865
RMSE Rch: 0.011
MAPE Eb: 1.797
MAPE Rch: 0.520
--------------------------------------------------
**************************************************
Z=8, N=5, emax=10
RMSE Eb: 0.407
RMSE Rch: 0.017
MAPE Eb: 0.461
MAPE Rch: 0.982
--------------------------------------------------
**************************************************
Z=8, N=6, emax=4
RMSE Eb: 0.786
RMSE Rch: 0.013
MAPE Eb: 1.164
MAPE Rch: 0.633
--------------------------------------------------
**************************************************
Z=8, N=6, emax=6
RMSE Eb: 1.196
RMSE Rch: 0.013
MAPE Eb: 1.360
MAPE Rch: 0.588
--------------------------------------------------
**************************************************
Z=8, N=6, emax=8
RMSE Eb: 1.233
RMSE Rch: 0.016
MAPE Eb: 1.244
MAPE Rch: 0.849
--------------------------------------------------
**************************************************
Z=8, N=6, emax=10
RMSE Eb: 1.338
RMSE Rch: 0.010
MAPE Eb: 1.207
MAPE Rch: 0.547
--------------------------------------------------
**************************************************
Z=8, N=7, emax=8
RMSE Eb: 1.202
RMSE Rch: 0.015
MAPE Eb: 1.014
MAPE Rch: 0.781
--------------------------------------------------
**************************************************
Z=8, N=7, emax=10
RMSE Eb: 1.326
RMSE Rch: 0.009
MAPE Eb: 0.932
MAPE Rch: 0.535
--------------------------------------------------
**************************************************
Z=8, N=7, emax=6
RMSE Eb: 1.162
RMSE Rch: 0.012
MAPE Eb: 1.139
MAPE Rch: 0.620
--------------------------------------------------
**************************************************
Z=8, N=7, emax=4
RMSE Eb: 0.850
RMSE Rch: 0.012
MAPE Eb: 1.011
MAPE Rch: 0.556
--------------------------------------------------
**************************************************
Z=8, N=8, emax=4
RMSE Eb: 0.746
RMSE Rch: 0.022
MAPE Eb: 0.833
MAPE Rch: 0.660
--------------------------------------------------
**************************************************
Z=8, N=8, emax=8
RMSE Eb: 1.022
RMSE Rch: 0.014
MAPE Eb: 0.843
MAPE Rch: 0.402
--------------------------------------------------
**************************************************
Z=8, N=8, emax=6
RMSE Eb: 1.097
RMSE Rch: 0.018
MAPE Eb: 0.959
MAPE Rch: 0.505
--------------------------------------------------
**************************************************
Z=8, N=8, emax=10
RMSE Eb: 1.298
RMSE Rch: 0.020
MAPE Eb: 0.784
MAPE Rch: 0.630
--------------------------------------------------
**************************************************
Z=8, N=9, emax=8
RMSE Eb: 1.296
RMSE Rch: 0.011
MAPE Eb: 1.005
MAPE Rch: 0.309
--------------------------------------------------
**************************************************
Z=8, N=9, emax=6
RMSE Eb: 1.097
RMSE Rch: 0.014
MAPE Eb: 0.924
MAPE Rch: 0.425
--------------------------------------------------
**************************************************
Z=8, N=9, emax=4
RMSE Eb: 0.807
RMSE Rch: 0.016
MAPE Eb: 0.853
MAPE Rch: 0.490
--------------------------------------------------
**************************************************
Z=8, N=9, emax=10
RMSE Eb: 0.874
RMSE Rch: 0.010
MAPE Eb: 0.573
MAPE Rch: 0.270
--------------------------------------------------
**************************************************
Z=8, N=10, emax=4
RMSE Eb: 0.752
RMSE Rch: 0.017
MAPE Eb: 0.768
MAPE Rch: 0.515
--------------------------------------------------
**************************************************
Z=8, N=10, emax=10
RMSE Eb: 1.096
RMSE Rch: 0.011
MAPE Eb: 0.587
MAPE Rch: 0.362
--------------------------------------------------
**************************************************
Z=8, N=10, emax=6
RMSE Eb: 1.094
RMSE Rch: 0.010
MAPE Eb: 0.904
MAPE Rch: 0.301
--------------------------------------------------
**************************************************
Z=8, N=10, emax=8
RMSE Eb: 1.040
RMSE Rch: 0.010
MAPE Eb: 0.721
MAPE Rch: 0.278
--------------------------------------------------
**************************************************
Z=8, N=11, emax=4
RMSE Eb: 1.082
RMSE Rch: 0.015
MAPE Eb: 1.156
MAPE Rch: 0.449
--------------------------------------------------
**************************************************
Z=8, N=11, emax=6
RMSE Eb: 1.059
RMSE Rch: 0.013
MAPE Eb: 0.857
MAPE Rch: 0.401
--------------------------------------------------
**************************************************
Z=8, N=11, emax=8
RMSE Eb: 1.115
RMSE Rch: 0.009
MAPE Eb: 0.782
MAPE Rch: 0.276
--------------------------------------------------
**************************************************
Z=8, N=11, emax=10
RMSE Eb: 1.420
RMSE Rch: 0.012
MAPE Eb: 1.040
MAPE Rch: 0.326
--------------------------------------------------
**************************************************
Z=8, N=12, emax=6
RMSE Eb: 1.293
RMSE Rch: 0.010
MAPE Eb: 1.039
MAPE Rch: 0.304
--------------------------------------------------
**************************************************
Z=8, N=12, emax=4
RMSE Eb: 0.886
RMSE Rch: 0.014
MAPE Eb: 0.942
MAPE Rch: 0.380
--------------------------------------------------
**************************************************
Z=8, N=12, emax=8
RMSE Eb: 1.089
RMSE Rch: 0.010
MAPE Eb: 0.738
MAPE Rch: 0.258
--------------------------------------------------
**************************************************
Z=8, N=12, emax=10
RMSE Eb: 0.524
RMSE Rch: 0.013
MAPE Eb: 0.359
MAPE Rch: 0.415
--------------------------------------------------
**************************************************
Z=8, N=13, emax=8
RMSE Eb: 0.986
RMSE Rch: 0.009
MAPE Eb: 0.631
MAPE Rch: 0.265
--------------------------------------------------
**************************************************
Z=8, N=13, emax=4
RMSE Eb: 1.193
RMSE Rch: 0.016
MAPE Eb: 1.245
MAPE Rch: 0.500
--------------------------------------------------
**************************************************
Z=8, N=13, emax=10
RMSE Eb: 1.040
RMSE Rch: 0.013
MAPE Eb: 0.681
MAPE Rch: 0.392
--------------------------------------------------
**************************************************
Z=8, N=13, emax=6
RMSE Eb: 1.488
RMSE Rch: 0.012
MAPE Eb: 1.229
MAPE Rch: 0.381
--------------------------------------------------
**************************************************
Z=8, N=14, emax=8
RMSE Eb: 1.402
RMSE Rch: 0.014
MAPE Eb: 0.887
MAPE Rch: 0.357
--------------------------------------------------
**************************************************
Z=8, N=14, emax=4
RMSE Eb: 1.136
RMSE Rch: 0.020
MAPE Eb: 1.127
MAPE Rch: 0.568
--------------------------------------------------
**************************************************
Z=8, N=14, emax=6
RMSE Eb: 1.459
RMSE Rch: 0.012
MAPE Eb: 1.174
MAPE Rch: 0.373
--------------------------------------------------
**************************************************
Z=8, N=14, emax=10
RMSE Eb: 0.901
RMSE Rch: 0.018
MAPE Eb: 0.577
MAPE Rch: 0.492
--------------------------------------------------
**************************************************
Z=8, N=15, emax=8
RMSE Eb: 1.093
RMSE Rch: 0.011
MAPE Eb: 0.689
MAPE Rch: 0.308
--------------------------------------------------
**************************************************
Z=8, N=15, emax=4
RMSE Eb: 0.943
RMSE Rch: 0.014
MAPE Eb: 0.963
MAPE Rch: 0.365
--------------------------------------------------
**************************************************
Z=8, N=15, emax=6
RMSE Eb: 1.055
RMSE Rch: 0.011
MAPE Eb: 0.806
MAPE Rch: 0.318
--------------------------------------------------
**************************************************
Z=8, N=15, emax=10
RMSE Eb: 1.135
RMSE Rch: 0.014
MAPE Eb: 0.657
MAPE Rch: 0.403
--------------------------------------------------
**************************************************
Z=8, N=16, emax=8
RMSE Eb: 1.199
RMSE Rch: 0.009
MAPE Eb: 0.724
MAPE Rch: 0.260
--------------------------------------------------
**************************************************
Z=8, N=16, emax=6
RMSE Eb: 1.240
RMSE Rch: 0.015
MAPE Eb: 0.924
MAPE Rch: 0.464
--------------------------------------------------
**************************************************
Z=8, N=16, emax=10
RMSE Eb: 0.999
RMSE Rch: 0.012
MAPE Eb: 0.598
MAPE Rch: 0.344
--------------------------------------------------
**************************************************
Z=8, N=16, emax=4
RMSE Eb: 1.156
RMSE Rch: 0.017
MAPE Eb: 1.225
MAPE Rch: 0.494
--------------------------------------------------
Finished VAL for AE n=408
**************************************************
Z=8, N=4, emax=6
RMSE Eb: 1.365
RMSE Rch: 0.015
MAPE Eb: 2.750
MAPE Rch: 0.732
--------------------------------------------------
**************************************************
Z=8, N=4, emax=8
RMSE Eb: 1.096
RMSE Rch: 0.017
MAPE Eb: 1.890
MAPE Rch: 0.860
--------------------------------------------------
**************************************************
Z=8, N=4, emax=4
RMSE Eb: 0.870
RMSE Rch: 0.010
MAPE Eb: 2.430
MAPE Rch: 0.447
--------------------------------------------------
**************************************************
Z=8, N=4, emax=10
RMSE Eb: 1.289
RMSE Rch: 0.023
MAPE Eb: 1.974
MAPE Rch: 1.007
--------------------------------------------------
**************************************************
Z=8, N=5, emax=4
RMSE Eb: 0.957
RMSE Rch: 0.011
MAPE Eb: 2.065
MAPE Rch: 0.552
--------------------------------------------------
**************************************************
Z=8, N=5, emax=8
RMSE Eb: 1.104
RMSE Rch: 0.018
MAPE Eb: 1.483
MAPE Rch: 0.934
--------------------------------------------------
**************************************************
Z=8, N=5, emax=6
RMSE Eb: 1.301
RMSE Rch: 0.012
MAPE Eb: 2.013
MAPE Rch: 0.581
--------------------------------------------------
**************************************************
Z=8, N=5, emax=10
RMSE Eb: 0.745
RMSE Rch: 0.013
MAPE Eb: 0.744
MAPE Rch: 0.693
--------------------------------------------------
**************************************************
Z=8, N=6, emax=4
RMSE Eb: 0.764
RMSE Rch: 0.013
MAPE Eb: 1.096
MAPE Rch: 0.645
--------------------------------------------------
**************************************************
Z=8, N=6, emax=8
RMSE Eb: 1.391
RMSE Rch: 0.020
MAPE Eb: 1.286
MAPE Rch: 0.885
--------------------------------------------------
**************************************************
Z=8, N=6, emax=6
RMSE Eb: 1.369
RMSE Rch: 0.017
MAPE Eb: 1.577
MAPE Rch: 0.818
--------------------------------------------------
**************************************************
Z=8, N=6, emax=10
RMSE Eb: 1.129
RMSE Rch: 0.011
MAPE Eb: 1.138
MAPE Rch: 0.612
--------------------------------------------------
**************************************************
Z=8, N=7, emax=4
RMSE Eb: 0.815
RMSE Rch: 0.009
MAPE Eb: 0.972
MAPE Rch: 0.473
--------------------------------------------------
**************************************************
Z=8, N=7, emax=8
RMSE Eb: 1.147
RMSE Rch: 0.015
MAPE Eb: 0.976
MAPE Rch: 0.804
--------------------------------------------------
**************************************************
Z=8, N=7, emax=6
RMSE Eb: 1.116
RMSE Rch: 0.011
MAPE Eb: 1.068
MAPE Rch: 0.541
--------------------------------------------------
**************************************************
Z=8, N=7, emax=10
RMSE Eb: 1.112
RMSE Rch: 0.010
MAPE Eb: 0.935
MAPE Rch: 0.530
--------------------------------------------------
**************************************************
Z=8, N=8, emax=4
RMSE Eb: 0.776
RMSE Rch: 0.019
MAPE Eb: 0.818
MAPE Rch: 0.548
--------------------------------------------------
**************************************************
Z=8, N=8, emax=6
RMSE Eb: 0.961
RMSE Rch: 0.016
MAPE Eb: 0.751
MAPE Rch: 0.442
--------------------------------------------------
**************************************************
Z=8, N=8, emax=8
RMSE Eb: 1.176
RMSE Rch: 0.012
MAPE Eb: 0.852
MAPE Rch: 0.380
--------------------------------------------------
**************************************************
Z=8, N=8, emax=10
RMSE Eb: 1.449
RMSE Rch: 0.015
MAPE Eb: 1.081
MAPE Rch: 0.428
--------------------------------------------------
**************************************************
Z=8, N=9, emax=4
RMSE Eb: 0.925
RMSE Rch: 0.016
MAPE Eb: 1.031
MAPE Rch: 0.480
--------------------------------------------------
**************************************************
Z=8, N=9, emax=8
RMSE Eb: 1.138
RMSE Rch: 0.009
MAPE Eb: 0.776
MAPE Rch: 0.254
--------------------------------------------------
**************************************************
Z=8, N=9, emax=6
RMSE Eb: 1.032
RMSE Rch: 0.013
MAPE Eb: 0.847
MAPE Rch: 0.366
--------------------------------------------------
**************************************************
Z=8, N=9, emax=10
RMSE Eb: 1.126
RMSE Rch: 0.009
MAPE Eb: 0.599
MAPE Rch: 0.267
--------------------------------------------------
**************************************************
Z=8, N=10, emax=4
RMSE Eb: 0.615
RMSE Rch: 0.016
MAPE Eb: 0.620
MAPE Rch: 0.493
--------------------------------------------------
**************************************************
Z=8, N=10, emax=6
RMSE Eb: 0.903
RMSE Rch: 0.011
MAPE Eb: 0.699
MAPE Rch: 0.332
--------------------------------------------------
**************************************************
Z=8, N=10, emax=8
RMSE Eb: 1.073
RMSE Rch: 0.010
MAPE Eb: 0.750
MAPE Rch: 0.303
--------------------------------------------------
**************************************************
Z=8, N=10, emax=10
RMSE Eb: 0.760
RMSE Rch: 0.010
MAPE Eb: 0.521
MAPE Rch: 0.308
--------------------------------------------------
**************************************************
Z=8, N=11, emax=8
RMSE Eb: 1.051
RMSE Rch: 0.008
MAPE Eb: 0.700
MAPE Rch: 0.229
--------------------------------------------------
**************************************************
Z=8, N=11, emax=4
RMSE Eb: 1.033
RMSE Rch: 0.015
MAPE Eb: 1.175
MAPE Rch: 0.453
--------------------------------------------------
**************************************************
Z=8, N=11, emax=6
RMSE Eb: 1.108
RMSE Rch: 0.011
MAPE Eb: 0.942
MAPE Rch: 0.334
--------------------------------------------------
**************************************************
Z=8, N=11, emax=10
RMSE Eb: 1.083
RMSE Rch: 0.013
MAPE Eb: 0.703
MAPE Rch: 0.345
--------------------------------------------------
**************************************************
Z=8, N=12, emax=6
RMSE Eb: 1.339
RMSE Rch: 0.012
MAPE Eb: 1.077
MAPE Rch: 0.333
--------------------------------------------------
**************************************************
Z=8, N=12, emax=8
RMSE Eb: 0.993
RMSE Rch: 0.009
MAPE Eb: 0.641
MAPE Rch: 0.268
--------------------------------------------------
**************************************************
Z=8, N=12, emax=4
RMSE Eb: 0.838
RMSE Rch: 0.012
MAPE Eb: 0.813
MAPE Rch: 0.357
--------------------------------------------------
**************************************************
Z=8, N=12, emax=10
RMSE Eb: 0.641
RMSE Rch: 0.015
MAPE Eb: 0.400
MAPE Rch: 0.441
--------------------------------------------------
**************************************************
Z=8, N=13, emax=8
RMSE Eb: 1.092
RMSE Rch: 0.007
MAPE Eb: 0.720
MAPE Rch: 0.216
--------------------------------------------------
**************************************************
Z=8, N=13, emax=4
RMSE Eb: 1.285
RMSE Rch: 0.016
MAPE Eb: 1.250
MAPE Rch: 0.481
--------------------------------------------------
**************************************************
Z=8, N=13, emax=6
RMSE Eb: 1.326
RMSE Rch: 0.013
MAPE Eb: 1.010
MAPE Rch: 0.376
--------------------------------------------------
**************************************************
Z=8, N=13, emax=10
RMSE Eb: 1.121
RMSE Rch: 0.014
MAPE Eb: 0.695
MAPE Rch: 0.413
--------------------------------------------------
**************************************************
Z=8, N=14, emax=6
RMSE Eb: 1.438
RMSE Rch: 0.013
MAPE Eb: 1.098
MAPE Rch: 0.394
--------------------------------------------------
**************************************************
Z=8, N=14, emax=10
RMSE Eb: 1.555
RMSE Rch: 0.014
MAPE Eb: 0.857
MAPE Rch: 0.400
--------------------------------------------------
**************************************************
Z=8, N=14, emax=4
RMSE Eb: 1.079
RMSE Rch: 0.020
MAPE Eb: 1.166
MAPE Rch: 0.607
--------------------------------------------------
**************************************************
Z=8, N=14, emax=8
RMSE Eb: 1.119
RMSE Rch: 0.010
MAPE Eb: 0.720
MAPE Rch: 0.282
--------------------------------------------------
**************************************************
Z=8, N=15, emax=8
RMSE Eb: 1.063
RMSE Rch: 0.013
MAPE Eb: 0.640
MAPE Rch: 0.379
--------------------------------------------------
**************************************************
Z=8, N=15, emax=6
RMSE Eb: 1.074
RMSE Rch: 0.013
MAPE Eb: 0.800
MAPE Rch: 0.368
--------------------------------------------------
**************************************************
Z=8, N=15, emax=4
RMSE Eb: 1.019
RMSE Rch: 0.015
MAPE Eb: 1.051
MAPE Rch: 0.436
--------------------------------------------------
**************************************************
Z=8, N=15, emax=10
RMSE Eb: 0.911
RMSE Rch: 0.016
MAPE Eb: 0.575
MAPE Rch: 0.479
--------------------------------------------------
**************************************************
Z=8, N=16, emax=4
RMSE Eb: 1.103
RMSE Rch: 0.015
MAPE Eb: 1.177
MAPE Rch: 0.420
--------------------------------------------------
**************************************************
Z=8, N=16, emax=8
RMSE Eb: 1.139
RMSE Rch: 0.010
MAPE Eb: 0.700
MAPE Rch: 0.266
--------------------------------------------------
**************************************************
Z=8, N=16, emax=6
RMSE Eb: 1.111
RMSE Rch: 0.015
MAPE Eb: 0.814
MAPE Rch: 0.433
--------------------------------------------------
**************************************************
Z=8, N=16, emax=10
RMSE Eb: 1.025
RMSE Rch: 0.014
MAPE Eb: 0.454
MAPE Rch: 0.361
--------------------------------------------------
