Activated conda environment
[DataLoader] Found 13 files matching the pattern.
[DataLoader] Combined data shape: (17234, 35)
[Preprocess] Data split => train: (11029, 35), val: (2758, 35), test: (3447, 35)
[Preprocess] Processed fidelity 4 (index 0): 3758 samples.
[Preprocess] Processed fidelity 6 (index 1): 3346 samples.
[Preprocess] Processed fidelity 8 (index 2): 3194 samples.
[Preprocess] Processed fidelity 10 (index 3): 731 samples.
[Preprocess] Processed fidelity 4 (index 0): 949 samples.
[Preprocess] Processed fidelity 6 (index 1): 833 samples.
[Preprocess] Processed fidelity 8 (index 2): 801 samples.
[Preprocess] Processed fidelity 10 (index 3): 175 samples.
Fidelity levels: [4, 6, 8, 10]
[Trainer] Starting BNN training...
[Trainer] No improvement. Iteration 8000. Early stopping counter: 1, LR counter: 1
[Trainer] No improvement. Iteration 8300. Early stopping counter: 1, LR counter: 1
[Trainer] No improvement. Iteration 8400. Early stopping counter: 2, LR counter: 2
[Trainer] No improvement. Iteration 8500. Early stopping counter: 3, LR counter: 3
[Trainer] No improvement. Iteration 8600. Early stopping counter: 4, LR counter: 4
[Trainer] No improvement. Iteration 9000. Early stopping counter: 1, LR counter: 1
[Trainer] No improvement. Iteration 9100. Early stopping counter: 2, LR counter: 2
[Trainer] No improvement. Iteration 9200. Early stopping counter: 3, LR counter: 3
[Trainer] No improvement. Iteration 9300. Early stopping counter: 4, LR counter: 4
[Trainer] No improvement. Iteration 9400. Early stopping counter: 5, LR counter: 5
[Trainer] No improvement. Iteration 9500. Early stopping counter: 6, LR counter: 6
[Trainer] No improvement. Iteration 9600. Early stopping counter: 7, LR counter: 7
[Trainer] No improvement. Iteration 9700. Early stopping counter: 8, LR counter: 8
[Trainer] No improvement. Iteration 9800. Early stopping counter: 9, LR counter: 9
[Trainer] No improvement. Iteration 9900. Early stopping counter: 10, LR counter: 10
[Trainer] No improvement. Iteration 10000. Early stopping counter: 11, LR counter: 11
[Trainer] No improvement. Iteration 10100. Early stopping counter: 12, LR counter: 12
[Trainer] No improvement. Iteration 10200. Early stopping counter: 13, LR counter: 13
[Trainer] No improvement. Iteration 10300. Early stopping counter: 14, LR counter: 14
[Trainer] No improvement. Iteration 10400. Early stopping counter: 15, LR counter: 15
[Trainer] No improvement. Iteration 10500. Early stopping counter: 16, LR counter: 16
[Trainer] No improvement. Iteration 10600. Early stopping counter: 17, LR counter: 17
[Trainer] No improvement. Iteration 10700. Early stopping counter: 18, LR counter: 18
[Trainer] No improvement. Iteration 10800. Early stopping counter: 19, LR counter: 19
[Trainer] No improvement. Iteration 10900. Early stopping counter: 20, LR counter: 20
[Trainer] No improvement. Iteration 11000. Early stopping counter: 21, LR counter: 21
[Trainer] No improvement. Iteration 11100. Early stopping counter: 22, LR counter: 22
[Trainer] No improvement. Iteration 11200. Early stopping counter: 23, LR counter: 23
[Trainer] No improvement. Iteration 11300. Early stopping counter: 24, LR counter: 24
[Trainer] No improvement. Iteration 11400. Early stopping counter: 25, LR counter: 25
[Trainer] Learning rate reduced to: 0.000010
[Trainer] No improvement. Iteration 11500. Early stopping counter: 26, LR counter: 1
[Trainer] No improvement. Iteration 11600. Early stopping counter: 27, LR counter: 2
[Trainer] No improvement. Iteration 11700. Early stopping counter: 28, LR counter: 3
[Trainer] No improvement. Iteration 11800. Early stopping counter: 29, LR counter: 4
[Trainer] No improvement. Iteration 11900. Early stopping counter: 30, LR counter: 5
[Trainer] No improvement. Iteration 12000. Early stopping counter: 31, LR counter: 6
[Trainer] No improvement. Iteration 12100. Early stopping counter: 32, LR counter: 7
[Trainer] No improvement. Iteration 12200. Early stopping counter: 33, LR counter: 8
[Trainer] No improvement. Iteration 12300. Early stopping counter: 34, LR counter: 9
[Trainer] No improvement. Iteration 12400. Early stopping counter: 35, LR counter: 10
[Trainer] No improvement. Iteration 12500. Early stopping counter: 36, LR counter: 11
[Trainer] No improvement. Iteration 12600. Early stopping counter: 37, LR counter: 12
[Trainer] No improvement. Iteration 12700. Early stopping counter: 38, LR counter: 13
[Trainer] No improvement. Iteration 12800. Early stopping counter: 39, LR counter: 14
[Trainer] No improvement. Iteration 12900. Early stopping counter: 40, LR counter: 15
[Trainer] No improvement. Iteration 13000. Early stopping counter: 41, LR counter: 16
[Trainer] No improvement. Iteration 13100. Early stopping counter: 42, LR counter: 17
[Trainer] No improvement. Iteration 13200. Early stopping counter: 43, LR counter: 18
[Trainer] No improvement. Iteration 13300. Early stopping counter: 44, LR counter: 19
[Trainer] No improvement. Iteration 13400. Early stopping counter: 45, LR counter: 20
[Trainer] No improvement. Iteration 13500. Early stopping counter: 46, LR counter: 21
[Trainer] No improvement. Iteration 13600. Early stopping counter: 47, LR counter: 22
[Trainer] No improvement. Iteration 13700. Early stopping counter: 48, LR counter: 23
[Trainer] No improvement. Iteration 13800. Early stopping counter: 49, LR counter: 24
[Trainer] No improvement. Iteration 13900. Early stopping counter: 50, LR counter: 25
[Trainer] Learning rate reduced to: 0.000001
[Trainer] Early stopping triggered.
[Trainer] Training completed.
[Trainer] Calibrating temperatures on validation set...
[Trainer] Temperature calibration finished. Calibrated temperatures: {4: 1.704800009727478, 6: 1.3850159645080566, 8: 1.5129355192184448, 10: 1.7568868398666382}
[Trainer] BNN training completed.
**************************************************
Z=8, N=4, emax=4
RMSE Eb: 0.732
RMSE Rch: 0.016
MAPE Eb: 2.124
MAPE Rch: 0.802
--------------------------------------------------
**************************************************
Z=8, N=4, emax=10
RMSE Eb: 1.365
RMSE Rch: 0.043
MAPE Eb: 2.218
MAPE Rch: 2.207
--------------------------------------------------
**************************************************
Z=8, N=4, emax=6
RMSE Eb: 0.759
RMSE Rch: 0.015
MAPE Eb: 1.379
MAPE Rch: 0.698
--------------------------------------------------
**************************************************
Z=8, N=4, emax=8
RMSE Eb: 0.911
RMSE Rch: 0.026
MAPE Eb: 1.466
MAPE Rch: 1.266
--------------------------------------------------
**************************************************
Z=8, N=5, emax=8
RMSE Eb: 0.933
RMSE Rch: 0.021
MAPE Eb: 1.168
MAPE Rch: 1.101
--------------------------------------------------
**************************************************
Z=8, N=5, emax=6
RMSE Eb: 0.744
RMSE Rch: 0.016
MAPE Eb: 1.013
MAPE Rch: 0.854
--------------------------------------------------
**************************************************
Z=8, N=5, emax=4
RMSE Eb: 0.666
RMSE Rch: 0.019
MAPE Eb: 1.353
MAPE Rch: 1.025
--------------------------------------------------
**************************************************
Z=8, N=5, emax=10
RMSE Eb: 1.117
RMSE Rch: 0.014
MAPE Eb: 1.206
MAPE Rch: 0.688
--------------------------------------------------
**************************************************
Z=8, N=6, emax=4
RMSE Eb: 0.782
RMSE Rch: 0.017
MAPE Eb: 1.119
MAPE Rch: 0.929
--------------------------------------------------
**************************************************
Z=8, N=6, emax=6
RMSE Eb: 0.919
RMSE Rch: 0.014
MAPE Eb: 1.017
MAPE Rch: 0.756
--------------------------------------------------
**************************************************
Z=8, N=6, emax=8
RMSE Eb: 0.935
RMSE Rch: 0.019
MAPE Eb: 0.913
MAPE Rch: 1.018
--------------------------------------------------
**************************************************
Z=8, N=6, emax=10
RMSE Eb: 0.715
RMSE Rch: 0.030
MAPE Eb: 0.685
MAPE Rch: 1.547
--------------------------------------------------
**************************************************
Z=8, N=7, emax=8
RMSE Eb: 1.098
RMSE Rch: 0.012
MAPE Eb: 0.882
MAPE Rch: 0.603
--------------------------------------------------
**************************************************
Z=8, N=7, emax=10
RMSE Eb: 1.051
RMSE Rch: 0.023
MAPE Eb: 0.841
MAPE Rch: 1.176
--------------------------------------------------
**************************************************
Z=8, N=7, emax=6
RMSE Eb: 0.899
RMSE Rch: 0.011
MAPE Eb: 0.811
MAPE Rch: 0.576
--------------------------------------------------
**************************************************
Z=8, N=7, emax=4
RMSE Eb: 0.668
RMSE Rch: 0.011
MAPE Eb: 0.828
MAPE Rch: 0.558
--------------------------------------------------
**************************************************
Z=8, N=8, emax=4
RMSE Eb: 0.587
RMSE Rch: 0.018
MAPE Eb: 0.639
MAPE Rch: 0.558
--------------------------------------------------
**************************************************
Z=8, N=8, emax=8
RMSE Eb: 0.654
RMSE Rch: 0.024
MAPE Eb: 0.486
MAPE Rch: 0.775
--------------------------------------------------
**************************************************
Z=8, N=8, emax=6
RMSE Eb: 0.544
RMSE Rch: 0.021
MAPE Eb: 0.475
MAPE Rch: 0.707
--------------------------------------------------
**************************************************
Z=8, N=8, emax=10
RMSE Eb: 1.151
RMSE Rch: 0.024
MAPE Eb: 0.764
MAPE Rch: 0.708
--------------------------------------------------
**************************************************
Z=8, N=9, emax=8
RMSE Eb: 0.625
RMSE Rch: 0.013
MAPE Eb: 0.440
MAPE Rch: 0.405
--------------------------------------------------
**************************************************
Z=8, N=9, emax=6
RMSE Eb: 0.485
RMSE Rch: 0.012
MAPE Eb: 0.372
MAPE Rch: 0.357
--------------------------------------------------
**************************************************
Z=8, N=9, emax=4
RMSE Eb: 0.496
RMSE Rch: 0.013
MAPE Eb: 0.490
MAPE Rch: 0.409
--------------------------------------------------
**************************************************
Z=8, N=9, emax=10
RMSE Eb: 0.974
RMSE Rch: 0.019
MAPE Eb: 0.657
MAPE Rch: 0.638
--------------------------------------------------
**************************************************
Z=8, N=10, emax=4
RMSE Eb: 0.480
RMSE Rch: 0.013
MAPE Eb: 0.524
MAPE Rch: 0.395
--------------------------------------------------
**************************************************
Z=8, N=10, emax=10
RMSE Eb: 0.639
RMSE Rch: 0.011
MAPE Eb: 0.396
MAPE Rch: 0.311
--------------------------------------------------
**************************************************
Z=8, N=10, emax=6
RMSE Eb: 0.441
RMSE Rch: 0.009
MAPE Eb: 0.352
MAPE Rch: 0.264
--------------------------------------------------
**************************************************
Z=8, N=10, emax=8
RMSE Eb: 0.580
RMSE Rch: 0.013
MAPE Eb: 0.406
MAPE Rch: 0.411
--------------------------------------------------
**************************************************
Z=8, N=11, emax=4
RMSE Eb: 0.563
RMSE Rch: 0.010
MAPE Eb: 0.631
MAPE Rch: 0.314
--------------------------------------------------
**************************************************
Z=8, N=11, emax=6
RMSE Eb: 0.471
RMSE Rch: 0.008
MAPE Eb: 0.377
MAPE Rch: 0.226
--------------------------------------------------
**************************************************
Z=8, N=11, emax=8
RMSE Eb: 0.547
RMSE Rch: 0.010
MAPE Eb: 0.356
MAPE Rch: 0.285
--------------------------------------------------
**************************************************
Z=8, N=11, emax=10
RMSE Eb: 0.721
RMSE Rch: 0.010
MAPE Eb: 0.384
MAPE Rch: 0.333
--------------------------------------------------
**************************************************
Z=8, N=12, emax=6
RMSE Eb: 0.398
RMSE Rch: 0.007
MAPE Eb: 0.298
MAPE Rch: 0.216
--------------------------------------------------
**************************************************
Z=8, N=12, emax=4
RMSE Eb: 0.450
RMSE Rch: 0.012
MAPE Eb: 0.442
MAPE Rch: 0.370
--------------------------------------------------
**************************************************
Z=8, N=12, emax=8
RMSE Eb: 0.495
RMSE Rch: 0.011
MAPE Eb: 0.303
MAPE Rch: 0.328
--------------------------------------------------
**************************************************
Z=8, N=12, emax=10
RMSE Eb: 0.615
RMSE Rch: 0.010
MAPE Eb: 0.329
MAPE Rch: 0.252
--------------------------------------------------
**************************************************
Z=8, N=13, emax=8
RMSE Eb: 0.535
RMSE Rch: 0.012
MAPE Eb: 0.348
MAPE Rch: 0.338
--------------------------------------------------
**************************************************
Z=8, N=13, emax=4
RMSE Eb: 0.500
RMSE Rch: 0.012
MAPE Eb: 0.535
MAPE Rch: 0.361
--------------------------------------------------
**************************************************
Z=8, N=13, emax=10
RMSE Eb: 0.573
RMSE Rch: 0.014
MAPE Eb: 0.347
MAPE Rch: 0.423
--------------------------------------------------
**************************************************
Z=8, N=13, emax=6
RMSE Eb: 0.444
RMSE Rch: 0.010
MAPE Eb: 0.343
MAPE Rch: 0.297
--------------------------------------------------
**************************************************
Z=8, N=14, emax=8
RMSE Eb: 0.639
RMSE Rch: 0.014
MAPE Eb: 0.397
MAPE Rch: 0.344
--------------------------------------------------
**************************************************
Z=8, N=14, emax=4
RMSE Eb: 0.536
RMSE Rch: 0.011
MAPE Eb: 0.543
MAPE Rch: 0.331
--------------------------------------------------
**************************************************
Z=8, N=14, emax=6
RMSE Eb: 0.406
RMSE Rch: 0.009
MAPE Eb: 0.313
MAPE Rch: 0.250
--------------------------------------------------
**************************************************
Z=8, N=14, emax=10
RMSE Eb: 0.581
RMSE Rch: 0.011
MAPE Eb: 0.368
MAPE Rch: 0.280
--------------------------------------------------
**************************************************
Z=8, N=15, emax=8
RMSE Eb: 0.588
RMSE Rch: 0.010
MAPE Eb: 0.345
MAPE Rch: 0.289
--------------------------------------------------
**************************************************
Z=8, N=15, emax=4
RMSE Eb: 0.628
RMSE Rch: 0.008
MAPE Eb: 0.634
MAPE Rch: 0.253
--------------------------------------------------
**************************************************
Z=8, N=15, emax=6
RMSE Eb: 0.471
RMSE Rch: 0.008
MAPE Eb: 0.333
MAPE Rch: 0.248
--------------------------------------------------
**************************************************
Z=8, N=15, emax=10
RMSE Eb: 0.829
RMSE Rch: 0.012
MAPE Eb: 0.406
MAPE Rch: 0.373
--------------------------------------------------
**************************************************
Z=8, N=16, emax=8
RMSE Eb: 0.739
RMSE Rch: 0.010
MAPE Eb: 0.422
MAPE Rch: 0.289
--------------------------------------------------
**************************************************
Z=8, N=16, emax=6
RMSE Eb: 0.594
RMSE Rch: 0.007
MAPE Eb: 0.411
MAPE Rch: 0.200
--------------------------------------------------
**************************************************
Z=8, N=16, emax=10
RMSE Eb: 0.867
RMSE Rch: 0.013
MAPE Eb: 0.507
MAPE Rch: 0.388
--------------------------------------------------
**************************************************
Z=8, N=16, emax=4
RMSE Eb: 0.753
RMSE Rch: 0.011
MAPE Eb: 0.812
MAPE Rch: 0.304
--------------------------------------------------
Finished VAL for AE n=681
**************************************************
Z=8, N=4, emax=6
RMSE Eb: 0.822
RMSE Rch: 0.016
MAPE Eb: 1.551
MAPE Rch: 0.780
--------------------------------------------------
**************************************************
Z=8, N=4, emax=8
RMSE Eb: 0.878
RMSE Rch: 0.024
MAPE Eb: 1.403
MAPE Rch: 1.164
--------------------------------------------------
**************************************************
Z=8, N=4, emax=4
RMSE Eb: 0.587
RMSE Rch: 0.015
MAPE Eb: 1.631
MAPE Rch: 0.747
--------------------------------------------------
**************************************************
Z=8, N=4, emax=10
RMSE Eb: 1.055
RMSE Rch: 0.028
MAPE Eb: 1.592
MAPE Rch: 1.458
--------------------------------------------------
**************************************************
Z=8, N=5, emax=4
RMSE Eb: 0.734
RMSE Rch: 0.018
MAPE Eb: 1.355
MAPE Rch: 0.937
--------------------------------------------------
**************************************************
Z=8, N=5, emax=8
RMSE Eb: 0.830
RMSE Rch: 0.020
MAPE Eb: 1.043
MAPE Rch: 1.066
--------------------------------------------------
**************************************************
Z=8, N=5, emax=6
RMSE Eb: 0.849
RMSE Rch: 0.015
MAPE Eb: 1.302
MAPE Rch: 0.796
--------------------------------------------------
**************************************************
Z=8, N=5, emax=10
RMSE Eb: 1.555
RMSE Rch: 0.025
MAPE Eb: 1.646
MAPE Rch: 1.469
--------------------------------------------------
**************************************************
Z=8, N=6, emax=4
RMSE Eb: 0.826
RMSE Rch: 0.018
MAPE Eb: 1.147
MAPE Rch: 0.956
--------------------------------------------------
**************************************************
Z=8, N=6, emax=8
RMSE Eb: 0.990
RMSE Rch: 0.021
MAPE Eb: 0.926
MAPE Rch: 1.110
--------------------------------------------------
**************************************************
Z=8, N=6, emax=6
RMSE Eb: 0.923
RMSE Rch: 0.015
MAPE Eb: 1.010
MAPE Rch: 0.795
--------------------------------------------------
**************************************************
Z=8, N=6, emax=10
RMSE Eb: 1.160
RMSE Rch: 0.022
MAPE Eb: 0.980
MAPE Rch: 1.112
--------------------------------------------------
**************************************************
Z=8, N=7, emax=4
RMSE Eb: 0.827
RMSE Rch: 0.008
MAPE Eb: 1.011
MAPE Rch: 0.401
--------------------------------------------------
**************************************************
Z=8, N=7, emax=8
RMSE Eb: 1.084
RMSE Rch: 0.014
MAPE Eb: 0.871
MAPE Rch: 0.778
--------------------------------------------------
**************************************************
Z=8, N=7, emax=6
RMSE Eb: 0.846
RMSE Rch: 0.009
MAPE Eb: 0.783
MAPE Rch: 0.486
--------------------------------------------------
**************************************************
Z=8, N=7, emax=10
RMSE Eb: 1.164
RMSE Rch: 0.020
MAPE Eb: 0.961
MAPE Rch: 1.189
--------------------------------------------------
**************************************************
Z=8, N=8, emax=4
RMSE Eb: 0.627
RMSE Rch: 0.019
MAPE Eb: 0.659
MAPE Rch: 0.598
--------------------------------------------------
**************************************************
Z=8, N=8, emax=6
RMSE Eb: 0.567
RMSE Rch: 0.021
MAPE Eb: 0.458
MAPE Rch: 0.687
--------------------------------------------------
**************************************************
Z=8, N=8, emax=8
RMSE Eb: 0.657
RMSE Rch: 0.023
MAPE Eb: 0.501
MAPE Rch: 0.747
--------------------------------------------------
**************************************************
Z=8, N=8, emax=10
RMSE Eb: 1.414
RMSE Rch: 0.017
MAPE Eb: 0.945
MAPE Rch: 0.498
--------------------------------------------------
**************************************************
Z=8, N=9, emax=4
RMSE Eb: 0.542
RMSE Rch: 0.012
MAPE Eb: 0.603
MAPE Rch: 0.369
--------------------------------------------------
**************************************************
Z=8, N=9, emax=8
RMSE Eb: 0.587
RMSE Rch: 0.015
MAPE Eb: 0.404
MAPE Rch: 0.444
--------------------------------------------------
**************************************************
Z=8, N=9, emax=6
RMSE Eb: 0.530
RMSE Rch: 0.010
MAPE Eb: 0.459
MAPE Rch: 0.286
--------------------------------------------------
**************************************************
Z=8, N=9, emax=10
RMSE Eb: 0.882
RMSE Rch: 0.010
MAPE Eb: 0.661
MAPE Rch: 0.279
--------------------------------------------------
**************************************************
Z=8, N=10, emax=4
RMSE Eb: 0.607
RMSE Rch: 0.012
MAPE Eb: 0.646
MAPE Rch: 0.369
--------------------------------------------------
**************************************************
Z=8, N=10, emax=6
RMSE Eb: 0.465
RMSE Rch: 0.008
MAPE Eb: 0.365
MAPE Rch: 0.243
--------------------------------------------------
**************************************************
Z=8, N=10, emax=8
RMSE Eb: 0.531
RMSE Rch: 0.010
MAPE Eb: 0.378
MAPE Rch: 0.308
--------------------------------------------------
**************************************************
Z=8, N=10, emax=10
RMSE Eb: 0.618
RMSE Rch: 0.012
MAPE Eb: 0.399
MAPE Rch: 0.343
--------------------------------------------------
**************************************************
Z=8, N=11, emax=8
RMSE Eb: 0.539
RMSE Rch: 0.009
MAPE Eb: 0.348
MAPE Rch: 0.279
--------------------------------------------------
**************************************************
Z=8, N=11, emax=4
RMSE Eb: 0.559
RMSE Rch: 0.010
MAPE Eb: 0.615
MAPE Rch: 0.305
--------------------------------------------------
**************************************************
Z=8, N=11, emax=6
RMSE Eb: 0.499
RMSE Rch: 0.007
MAPE Eb: 0.401
MAPE Rch: 0.208
--------------------------------------------------
**************************************************
Z=8, N=11, emax=10
RMSE Eb: 0.820
RMSE Rch: 0.010
MAPE Eb: 0.504
MAPE Rch: 0.305
--------------------------------------------------
**************************************************
Z=8, N=12, emax=6
RMSE Eb: 0.435
RMSE Rch: 0.009
MAPE Eb: 0.341
MAPE Rch: 0.261
--------------------------------------------------
**************************************************
Z=8, N=12, emax=8
RMSE Eb: 0.549
RMSE Rch: 0.011
MAPE Eb: 0.379
MAPE Rch: 0.324
--------------------------------------------------
**************************************************
Z=8, N=12, emax=4
RMSE Eb: 0.442
RMSE Rch: 0.011
MAPE Eb: 0.443
MAPE Rch: 0.334
--------------------------------------------------
**************************************************
Z=8, N=12, emax=10
RMSE Eb: 0.488
RMSE Rch: 0.010
MAPE Eb: 0.312
MAPE Rch: 0.298
--------------------------------------------------
**************************************************
Z=8, N=13, emax=8
RMSE Eb: 0.616
RMSE Rch: 0.011
MAPE Eb: 0.397
MAPE Rch: 0.338
--------------------------------------------------
**************************************************
Z=8, N=13, emax=4
RMSE Eb: 0.517
RMSE Rch: 0.012
MAPE Eb: 0.563
MAPE Rch: 0.364
--------------------------------------------------
**************************************************
Z=8, N=13, emax=6
RMSE Eb: 0.389
RMSE Rch: 0.009
MAPE Eb: 0.278
MAPE Rch: 0.266
--------------------------------------------------
**************************************************
Z=8, N=13, emax=10
RMSE Eb: 0.632
RMSE Rch: 0.029
MAPE Eb: 0.395
MAPE Rch: 0.598
--------------------------------------------------
**************************************************
Z=8, N=14, emax=6
RMSE Eb: 0.413
RMSE Rch: 0.009
MAPE Eb: 0.294
MAPE Rch: 0.260
--------------------------------------------------
**************************************************
Z=8, N=14, emax=10
RMSE Eb: 0.766
RMSE Rch: 0.012
MAPE Eb: 0.448
MAPE Rch: 0.354
--------------------------------------------------
**************************************************
Z=8, N=14, emax=4
RMSE Eb: 0.582
RMSE Rch: 0.012
MAPE Eb: 0.596
MAPE Rch: 0.351
--------------------------------------------------
**************************************************
Z=8, N=14, emax=8
RMSE Eb: 0.628
RMSE Rch: 0.012
MAPE Eb: 0.370
MAPE Rch: 0.277
--------------------------------------------------
**************************************************
Z=8, N=15, emax=8
RMSE Eb: 0.635
RMSE Rch: 0.011
MAPE Eb: 0.372
MAPE Rch: 0.330
--------------------------------------------------
**************************************************
Z=8, N=15, emax=6
RMSE Eb: 0.526
RMSE Rch: 0.009
MAPE Eb: 0.324
MAPE Rch: 0.278
--------------------------------------------------
**************************************************
Z=8, N=15, emax=4
RMSE Eb: 0.612
RMSE Rch: 0.010
MAPE Eb: 0.638
MAPE Rch: 0.280
--------------------------------------------------
**************************************************
Z=8, N=15, emax=10
RMSE Eb: 0.701
RMSE Rch: 0.011
MAPE Eb: 0.403
MAPE Rch: 0.293
--------------------------------------------------
**************************************************
Z=8, N=16, emax=4
RMSE Eb: 0.840
RMSE Rch: 0.011
MAPE Eb: 0.888
MAPE Rch: 0.330
--------------------------------------------------
**************************************************
Z=8, N=16, emax=8
RMSE Eb: 0.727
RMSE Rch: 0.010
MAPE Eb: 0.432
MAPE Rch: 0.276
--------------------------------------------------
**************************************************
Z=8, N=16, emax=6
RMSE Eb: 0.580
RMSE Rch: 0.007
MAPE Eb: 0.389
MAPE Rch: 0.194
--------------------------------------------------
**************************************************
Z=8, N=16, emax=10
RMSE Eb: 0.994
RMSE Rch: 0.019
MAPE Eb: 0.553
MAPE Rch: 0.514
--------------------------------------------------
