Activated conda environment
[DataLoader] Found 13 files matching the pattern.
[DataLoader] Combined data shape: (17234, 35)
[Preprocess] Data split => train: (11029, 35), val: (2758, 35), test: (3447, 35)
[Preprocess] Processed fidelity 4 (index 0): 3758 samples.
[Preprocess] Processed fidelity 6 (index 1): 3346 samples.
[Preprocess] Processed fidelity 8 (index 2): 3194 samples.
[Preprocess] Processed fidelity 10 (index 3): 731 samples.
[Preprocess] Processed fidelity 4 (index 0): 949 samples.
[Preprocess] Processed fidelity 6 (index 1): 833 samples.
[Preprocess] Processed fidelity 8 (index 2): 801 samples.
[Preprocess] Processed fidelity 10 (index 3): 175 samples.
Fidelity levels: [4, 6, 8, 10]
[Trainer] Starting BNN training...
[Trainer] No improvement. Iteration 8500. Early stopping counter: 1, LR counter: 1
[Trainer] No improvement. Iteration 8600. Early stopping counter: 2, LR counter: 2
[Trainer] No improvement. Iteration 9200. Early stopping counter: 1, LR counter: 1
[Trainer] No improvement. Iteration 9300. Early stopping counter: 2, LR counter: 2
[Trainer] No improvement. Iteration 9400. Early stopping counter: 3, LR counter: 3
[Trainer] No improvement. Iteration 10300. Early stopping counter: 1, LR counter: 1
[Trainer] No improvement. Iteration 10400. Early stopping counter: 2, LR counter: 2
[Trainer] No improvement. Iteration 10500. Early stopping counter: 3, LR counter: 3
[Trainer] No improvement. Iteration 10600. Early stopping counter: 4, LR counter: 4
[Trainer] No improvement. Iteration 10700. Early stopping counter: 5, LR counter: 5
[Trainer] No improvement. Iteration 10800. Early stopping counter: 6, LR counter: 6
[Trainer] No improvement. Iteration 10900. Early stopping counter: 7, LR counter: 7
[Trainer] No improvement. Iteration 11000. Early stopping counter: 8, LR counter: 8
[Trainer] No improvement. Iteration 11100. Early stopping counter: 9, LR counter: 9
[Trainer] No improvement. Iteration 11200. Early stopping counter: 10, LR counter: 10
[Trainer] No improvement. Iteration 11300. Early stopping counter: 11, LR counter: 11
[Trainer] No improvement. Iteration 11400. Early stopping counter: 12, LR counter: 12
[Trainer] No improvement. Iteration 11500. Early stopping counter: 13, LR counter: 13
[Trainer] No improvement. Iteration 11600. Early stopping counter: 14, LR counter: 14
[Trainer] No improvement. Iteration 11700. Early stopping counter: 15, LR counter: 15
[Trainer] No improvement. Iteration 11800. Early stopping counter: 16, LR counter: 16
[Trainer] No improvement. Iteration 11900. Early stopping counter: 17, LR counter: 17
[Trainer] No improvement. Iteration 12000. Early stopping counter: 18, LR counter: 18
[Trainer] No improvement. Iteration 12100. Early stopping counter: 19, LR counter: 19
[Trainer] No improvement. Iteration 12200. Early stopping counter: 20, LR counter: 20
[Trainer] No improvement. Iteration 12300. Early stopping counter: 21, LR counter: 21
[Trainer] No improvement. Iteration 12400. Early stopping counter: 22, LR counter: 22
[Trainer] No improvement. Iteration 12500. Early stopping counter: 23, LR counter: 23
[Trainer] No improvement. Iteration 12600. Early stopping counter: 24, LR counter: 24
[Trainer] No improvement. Iteration 12700. Early stopping counter: 25, LR counter: 25
[Trainer] Learning rate reduced to: 0.000010
[Trainer] No improvement. Iteration 12800. Early stopping counter: 26, LR counter: 1
[Trainer] No improvement. Iteration 12900. Early stopping counter: 27, LR counter: 2
[Trainer] No improvement. Iteration 13000. Early stopping counter: 28, LR counter: 3
[Trainer] No improvement. Iteration 13100. Early stopping counter: 29, LR counter: 4
[Trainer] No improvement. Iteration 13200. Early stopping counter: 30, LR counter: 5
[Trainer] No improvement. Iteration 13300. Early stopping counter: 31, LR counter: 6
[Trainer] No improvement. Iteration 13400. Early stopping counter: 32, LR counter: 7
[Trainer] No improvement. Iteration 13500. Early stopping counter: 33, LR counter: 8
[Trainer] No improvement. Iteration 13600. Early stopping counter: 34, LR counter: 9
[Trainer] No improvement. Iteration 13700. Early stopping counter: 35, LR counter: 10
[Trainer] No improvement. Iteration 13800. Early stopping counter: 36, LR counter: 11
[Trainer] No improvement. Iteration 13900. Early stopping counter: 37, LR counter: 12
[Trainer] No improvement. Iteration 14000. Early stopping counter: 38, LR counter: 13
[Trainer] No improvement. Iteration 14100. Early stopping counter: 39, LR counter: 14
[Trainer] No improvement. Iteration 14200. Early stopping counter: 40, LR counter: 15
[Trainer] No improvement. Iteration 14300. Early stopping counter: 41, LR counter: 16
[Trainer] No improvement. Iteration 14400. Early stopping counter: 42, LR counter: 17
[Trainer] No improvement. Iteration 14500. Early stopping counter: 43, LR counter: 18
[Trainer] No improvement. Iteration 14600. Early stopping counter: 44, LR counter: 19
[Trainer] No improvement. Iteration 14700. Early stopping counter: 45, LR counter: 20
[Trainer] No improvement. Iteration 14800. Early stopping counter: 46, LR counter: 21
[Trainer] No improvement. Iteration 14900. Early stopping counter: 47, LR counter: 22
[Trainer] No improvement. Iteration 15000. Early stopping counter: 48, LR counter: 23
[Trainer] No improvement. Iteration 15100. Early stopping counter: 49, LR counter: 24
[Trainer] No improvement. Iteration 15200. Early stopping counter: 50, LR counter: 25
[Trainer] Learning rate reduced to: 0.000001
[Trainer] Early stopping triggered.
[Trainer] Training completed.
[Trainer] Calibrating temperatures on validation set...
[Trainer] Temperature calibration finished. Calibrated temperatures: {4: 1.1091502904891968, 6: 1.0326179265975952, 8: 1.2744015455245972, 10: 1.2205169200897217}
[Trainer] BNN training completed.
**************************************************
Z=8, N=4, emax=4
RMSE Eb: 1.007
RMSE Rch: 0.021
MAPE Eb: 2.838
MAPE Rch: 1.048
--------------------------------------------------
**************************************************
Z=8, N=4, emax=10
RMSE Eb: 2.233
RMSE Rch: 0.041
MAPE Eb: 3.631
MAPE Rch: 1.853
--------------------------------------------------
**************************************************
Z=8, N=4, emax=6
RMSE Eb: 1.288
RMSE Rch: 0.021
MAPE Eb: 2.498
MAPE Rch: 1.031
--------------------------------------------------
**************************************************
Z=8, N=4, emax=8
RMSE Eb: 1.623
RMSE Rch: 0.023
MAPE Eb: 2.668
MAPE Rch: 1.128
--------------------------------------------------
**************************************************
Z=8, N=5, emax=8
RMSE Eb: 1.869
RMSE Rch: 0.024
MAPE Eb: 2.429
MAPE Rch: 1.292
--------------------------------------------------
**************************************************
Z=8, N=5, emax=6
RMSE Eb: 1.224
RMSE Rch: 0.019
MAPE Eb: 1.792
MAPE Rch: 1.038
--------------------------------------------------
**************************************************
Z=8, N=5, emax=4
RMSE Eb: 1.010
RMSE Rch: 0.017
MAPE Eb: 2.026
MAPE Rch: 0.814
--------------------------------------------------
**************************************************
Z=8, N=5, emax=10
RMSE Eb: 1.068
RMSE Rch: 0.011
MAPE Eb: 1.343
MAPE Rch: 0.571
--------------------------------------------------
**************************************************
Z=8, N=6, emax=4
RMSE Eb: 0.778
RMSE Rch: 0.022
MAPE Eb: 1.133
MAPE Rch: 1.047
--------------------------------------------------
**************************************************
Z=8, N=6, emax=6
RMSE Eb: 1.051
RMSE Rch: 0.018
MAPE Eb: 1.216
MAPE Rch: 0.861
--------------------------------------------------
**************************************************
Z=8, N=6, emax=8
RMSE Eb: 1.805
RMSE Rch: 0.024
MAPE Eb: 1.781
MAPE Rch: 1.227
--------------------------------------------------
**************************************************
Z=8, N=6, emax=10
RMSE Eb: 1.607
RMSE Rch: 0.027
MAPE Eb: 1.190
MAPE Rch: 1.421
--------------------------------------------------
**************************************************
Z=8, N=7, emax=8
RMSE Eb: 1.604
RMSE Rch: 0.018
MAPE Eb: 1.228
MAPE Rch: 0.917
--------------------------------------------------
**************************************************
Z=8, N=7, emax=10
RMSE Eb: 1.780
RMSE Rch: 0.016
MAPE Eb: 1.562
MAPE Rch: 0.856
--------------------------------------------------
**************************************************
Z=8, N=7, emax=6
RMSE Eb: 1.260
RMSE Rch: 0.014
MAPE Eb: 1.228
MAPE Rch: 0.670
--------------------------------------------------
**************************************************
Z=8, N=7, emax=4
RMSE Eb: 0.842
RMSE Rch: 0.017
MAPE Eb: 0.958
MAPE Rch: 0.828
--------------------------------------------------
**************************************************
Z=8, N=8, emax=4
RMSE Eb: 0.885
RMSE Rch: 0.013
MAPE Eb: 0.915
MAPE Rch: 0.379
--------------------------------------------------
**************************************************
Z=8, N=8, emax=8
RMSE Eb: 1.708
RMSE Rch: 0.022
MAPE Eb: 1.366
MAPE Rch: 0.660
--------------------------------------------------
**************************************************
Z=8, N=8, emax=6
RMSE Eb: 1.181
RMSE Rch: 0.011
MAPE Eb: 0.990
MAPE Rch: 0.320
--------------------------------------------------
**************************************************
Z=8, N=8, emax=10
RMSE Eb: 1.225
RMSE Rch: 0.012
MAPE Eb: 0.852
MAPE Rch: 0.336
--------------------------------------------------
**************************************************
Z=8, N=9, emax=8
RMSE Eb: 1.695
RMSE Rch: 0.019
MAPE Eb: 1.348
MAPE Rch: 0.596
--------------------------------------------------
**************************************************
Z=8, N=9, emax=6
RMSE Eb: 1.099
RMSE Rch: 0.009
MAPE Eb: 0.934
MAPE Rch: 0.256
--------------------------------------------------
**************************************************
Z=8, N=9, emax=4
RMSE Eb: 0.887
RMSE Rch: 0.011
MAPE Eb: 0.812
MAPE Rch: 0.303
--------------------------------------------------
**************************************************
Z=8, N=9, emax=10
RMSE Eb: 1.384
RMSE Rch: 0.008
MAPE Eb: 1.023
MAPE Rch: 0.231
--------------------------------------------------
**************************************************
Z=8, N=10, emax=4
RMSE Eb: 0.948
RMSE Rch: 0.011
MAPE Eb: 1.011
MAPE Rch: 0.319
--------------------------------------------------
**************************************************
Z=8, N=10, emax=10
RMSE Eb: 2.083
RMSE Rch: 0.011
MAPE Eb: 1.593
MAPE Rch: 0.359
--------------------------------------------------
**************************************************
Z=8, N=10, emax=6
RMSE Eb: 1.021
RMSE Rch: 0.011
MAPE Eb: 0.829
MAPE Rch: 0.292
--------------------------------------------------
**************************************************
Z=8, N=10, emax=8
RMSE Eb: 1.978
RMSE Rch: 0.014
MAPE Eb: 1.425
MAPE Rch: 0.409
--------------------------------------------------
**************************************************
Z=8, N=11, emax=4
RMSE Eb: 0.974
RMSE Rch: 0.009
MAPE Eb: 0.962
MAPE Rch: 0.256
--------------------------------------------------
**************************************************
Z=8, N=11, emax=6
RMSE Eb: 1.071
RMSE Rch: 0.012
MAPE Eb: 0.778
MAPE Rch: 0.343
--------------------------------------------------
**************************************************
Z=8, N=11, emax=8
RMSE Eb: 2.218
RMSE Rch: 0.019
MAPE Eb: 1.683
MAPE Rch: 0.611
--------------------------------------------------
**************************************************
Z=8, N=11, emax=10
RMSE Eb: 1.389
RMSE Rch: 0.012
MAPE Eb: 0.720
MAPE Rch: 0.367
--------------------------------------------------
**************************************************
Z=8, N=12, emax=6
RMSE Eb: 1.428
RMSE Rch: 0.011
MAPE Eb: 1.066
MAPE Rch: 0.293
--------------------------------------------------
**************************************************
Z=8, N=12, emax=4
RMSE Eb: 0.831
RMSE Rch: 0.010
MAPE Eb: 0.851
MAPE Rch: 0.269
--------------------------------------------------
**************************************************
Z=8, N=12, emax=8
RMSE Eb: 2.531
RMSE Rch: 0.013
MAPE Eb: 1.887
MAPE Rch: 0.393
--------------------------------------------------
**************************************************
Z=8, N=12, emax=10
RMSE Eb: 1.442
RMSE Rch: 0.010
MAPE Eb: 1.036
MAPE Rch: 0.295
--------------------------------------------------
**************************************************
Z=8, N=13, emax=8
RMSE Eb: 1.625
RMSE Rch: 0.017
MAPE Eb: 1.070
MAPE Rch: 0.510
--------------------------------------------------
**************************************************
Z=8, N=13, emax=4
RMSE Eb: 0.902
RMSE Rch: 0.010
MAPE Eb: 0.922
MAPE Rch: 0.285
--------------------------------------------------
**************************************************
Z=8, N=13, emax=10
RMSE Eb: 1.459
RMSE Rch: 0.009
MAPE Eb: 0.860
MAPE Rch: 0.256
--------------------------------------------------
**************************************************
Z=8, N=13, emax=6
RMSE Eb: 1.093
RMSE Rch: 0.012
MAPE Eb: 0.867
MAPE Rch: 0.351
--------------------------------------------------
**************************************************
Z=8, N=14, emax=8
RMSE Eb: 2.406
RMSE Rch: 0.022
MAPE Eb: 1.610
MAPE Rch: 0.612
--------------------------------------------------
**************************************************
Z=8, N=14, emax=4
RMSE Eb: 1.071
RMSE Rch: 0.011
MAPE Eb: 0.954
MAPE Rch: 0.285
--------------------------------------------------
**************************************************
Z=8, N=14, emax=6
RMSE Eb: 1.164
RMSE Rch: 0.010
MAPE Eb: 0.847
MAPE Rch: 0.271
--------------------------------------------------
**************************************************
Z=8, N=14, emax=10
RMSE Eb: 1.528
RMSE Rch: 0.015
MAPE Eb: 1.038
MAPE Rch: 0.357
--------------------------------------------------
**************************************************
Z=8, N=15, emax=8
RMSE Eb: 2.109
RMSE Rch: 0.017
MAPE Eb: 1.342
MAPE Rch: 0.495
--------------------------------------------------
**************************************************
Z=8, N=15, emax=4
RMSE Eb: 1.134
RMSE Rch: 0.011
MAPE Eb: 1.034
MAPE Rch: 0.283
--------------------------------------------------
**************************************************
Z=8, N=15, emax=6
RMSE Eb: 1.134
RMSE Rch: 0.011
MAPE Eb: 0.797
MAPE Rch: 0.302
--------------------------------------------------
**************************************************
Z=8, N=15, emax=10
RMSE Eb: 0.918
RMSE Rch: 0.008
MAPE Eb: 0.485
MAPE Rch: 0.253
--------------------------------------------------
**************************************************
Z=8, N=16, emax=8
RMSE Eb: 2.355
RMSE Rch: 0.015
MAPE Eb: 1.424
MAPE Rch: 0.416
--------------------------------------------------
**************************************************
Z=8, N=16, emax=6
RMSE Eb: 1.258
RMSE Rch: 0.014
MAPE Eb: 0.850
MAPE Rch: 0.417
--------------------------------------------------
**************************************************
Z=8, N=16, emax=10
RMSE Eb: 1.120
RMSE Rch: 0.009
MAPE Eb: 0.639
MAPE Rch: 0.252
--------------------------------------------------
**************************************************
Z=8, N=16, emax=4
RMSE Eb: 1.120
RMSE Rch: 0.014
MAPE Eb: 1.216
MAPE Rch: 0.379
--------------------------------------------------
Finished VAL for AE n=389
**************************************************
Z=8, N=4, emax=6
RMSE Eb: 1.273
RMSE Rch: 0.020
MAPE Eb: 2.281
MAPE Rch: 1.017
--------------------------------------------------
**************************************************
Z=8, N=4, emax=8
RMSE Eb: 1.646
RMSE Rch: 0.026
MAPE Eb: 2.657
MAPE Rch: 1.285
--------------------------------------------------
**************************************************
Z=8, N=4, emax=4
RMSE Eb: 0.902
RMSE Rch: 0.016
MAPE Eb: 2.591
MAPE Rch: 0.741
--------------------------------------------------
**************************************************
Z=8, N=4, emax=10
RMSE Eb: 1.705
RMSE Rch: 0.039
MAPE Eb: 2.633
MAPE Rch: 1.971
--------------------------------------------------
**************************************************
Z=8, N=5, emax=4
RMSE Eb: 0.923
RMSE Rch: 0.015
MAPE Eb: 1.879
MAPE Rch: 0.724
--------------------------------------------------
**************************************************
Z=8, N=5, emax=8
RMSE Eb: 2.008
RMSE Rch: 0.026
MAPE Eb: 2.671
MAPE Rch: 1.312
--------------------------------------------------
**************************************************
Z=8, N=5, emax=6
RMSE Eb: 1.297
RMSE Rch: 0.020
MAPE Eb: 1.922
MAPE Rch: 1.019
--------------------------------------------------
**************************************************
Z=8, N=5, emax=10
RMSE Eb: 2.963
RMSE Rch: 0.019
MAPE Eb: 4.129
MAPE Rch: 0.946
--------------------------------------------------
**************************************************
Z=8, N=6, emax=4
RMSE Eb: 0.826
RMSE Rch: 0.020
MAPE Eb: 1.191
MAPE Rch: 0.977
--------------------------------------------------
**************************************************
Z=8, N=6, emax=8
RMSE Eb: 1.666
RMSE Rch: 0.024
MAPE Eb: 1.604
MAPE Rch: 1.198
--------------------------------------------------
**************************************************
Z=8, N=6, emax=6
RMSE Eb: 1.171
RMSE Rch: 0.018
MAPE Eb: 1.225
MAPE Rch: 0.925
--------------------------------------------------
**************************************************
Z=8, N=6, emax=10
RMSE Eb: 1.767
RMSE Rch: 0.026
MAPE Eb: 1.647
MAPE Rch: 1.406
--------------------------------------------------
**************************************************
Z=8, N=7, emax=4
RMSE Eb: 1.224
RMSE Rch: 0.016
MAPE Eb: 1.302
MAPE Rch: 0.755
--------------------------------------------------
**************************************************
Z=8, N=7, emax=8
RMSE Eb: 1.626
RMSE Rch: 0.018
MAPE Eb: 1.299
MAPE Rch: 0.974
--------------------------------------------------
**************************************************
Z=8, N=7, emax=6
RMSE Eb: 1.423
RMSE Rch: 0.016
MAPE Eb: 1.268
MAPE Rch: 0.778
--------------------------------------------------
**************************************************
Z=8, N=7, emax=10
RMSE Eb: 1.627
RMSE Rch: 0.019
MAPE Eb: 1.326
MAPE Rch: 1.045
--------------------------------------------------
**************************************************
Z=8, N=8, emax=4
RMSE Eb: 0.888
RMSE Rch: 0.013
MAPE Eb: 0.886
MAPE Rch: 0.340
--------------------------------------------------
**************************************************
Z=8, N=8, emax=6
RMSE Eb: 1.102
RMSE Rch: 0.012
MAPE Eb: 0.943
MAPE Rch: 0.328
--------------------------------------------------
**************************************************
Z=8, N=8, emax=8
RMSE Eb: 1.830
RMSE Rch: 0.022
MAPE Eb: 1.487
MAPE Rch: 0.658
--------------------------------------------------
**************************************************
Z=8, N=8, emax=10
RMSE Eb: 0.992
RMSE Rch: 0.012
MAPE Eb: 0.740
MAPE Rch: 0.359
--------------------------------------------------
**************************************************
Z=8, N=9, emax=4
RMSE Eb: 0.902
RMSE Rch: 0.009
MAPE Eb: 0.916
MAPE Rch: 0.250
--------------------------------------------------
**************************************************
Z=8, N=9, emax=8
RMSE Eb: 2.004
RMSE Rch: 0.019
MAPE Eb: 1.420
MAPE Rch: 0.572
--------------------------------------------------
**************************************************
Z=8, N=9, emax=6
RMSE Eb: 1.228
RMSE Rch: 0.009
MAPE Eb: 0.988
MAPE Rch: 0.261
--------------------------------------------------
**************************************************
Z=8, N=9, emax=10
RMSE Eb: 1.855
RMSE Rch: 0.007
MAPE Eb: 1.253
MAPE Rch: 0.225
--------------------------------------------------
**************************************************
Z=8, N=10, emax=4
RMSE Eb: 0.938
RMSE Rch: 0.010
MAPE Eb: 0.931
MAPE Rch: 0.282
--------------------------------------------------
**************************************************
Z=8, N=10, emax=6
RMSE Eb: 1.120
RMSE Rch: 0.010
MAPE Eb: 0.871
MAPE Rch: 0.271
--------------------------------------------------
**************************************************
Z=8, N=10, emax=8
RMSE Eb: 1.667
RMSE Rch: 0.014
MAPE Eb: 1.222
MAPE Rch: 0.401
--------------------------------------------------
**************************************************
Z=8, N=10, emax=10
RMSE Eb: 1.386
RMSE Rch: 0.008
MAPE Eb: 0.766
MAPE Rch: 0.246
--------------------------------------------------
**************************************************
Z=8, N=11, emax=8
RMSE Eb: 2.073
RMSE Rch: 0.016
MAPE Eb: 1.469
MAPE Rch: 0.482
--------------------------------------------------
**************************************************
Z=8, N=11, emax=4
RMSE Eb: 0.887
RMSE Rch: 0.008
MAPE Eb: 0.947
MAPE Rch: 0.240
--------------------------------------------------
**************************************************
Z=8, N=11, emax=6
RMSE Eb: 1.095
RMSE Rch: 0.009
MAPE Eb: 0.862
MAPE Rch: 0.259
--------------------------------------------------
**************************************************
Z=8, N=11, emax=10
RMSE Eb: 1.388
RMSE Rch: 0.009
MAPE Eb: 0.864
MAPE Rch: 0.261
--------------------------------------------------
**************************************************
Z=8, N=12, emax=6
RMSE Eb: 1.291
RMSE Rch: 0.010
MAPE Eb: 1.007
MAPE Rch: 0.285
--------------------------------------------------
**************************************************
Z=8, N=12, emax=8
RMSE Eb: 2.596
RMSE Rch: 0.015
MAPE Eb: 1.838
MAPE Rch: 0.445
--------------------------------------------------
**************************************************
Z=8, N=12, emax=4
RMSE Eb: 1.035
RMSE Rch: 0.009
MAPE Eb: 1.031
MAPE Rch: 0.248
--------------------------------------------------
**************************************************
Z=8, N=12, emax=10
RMSE Eb: 1.439
RMSE Rch: 0.007
MAPE Eb: 0.877
MAPE Rch: 0.207
--------------------------------------------------
**************************************************
Z=8, N=13, emax=8
RMSE Eb: 1.656
RMSE Rch: 0.015
MAPE Eb: 1.074
MAPE Rch: 0.419
--------------------------------------------------
**************************************************
Z=8, N=13, emax=4
RMSE Eb: 1.017
RMSE Rch: 0.012
MAPE Eb: 1.062
MAPE Rch: 0.315
--------------------------------------------------
**************************************************
Z=8, N=13, emax=6
RMSE Eb: 1.224
RMSE Rch: 0.013
MAPE Eb: 0.891
MAPE Rch: 0.389
--------------------------------------------------
**************************************************
Z=8, N=13, emax=10
RMSE Eb: 0.849
RMSE Rch: 0.010
MAPE Eb: 0.435
MAPE Rch: 0.281
--------------------------------------------------
**************************************************
Z=8, N=14, emax=6
RMSE Eb: 1.466
RMSE Rch: 0.010
MAPE Eb: 1.057
MAPE Rch: 0.262
--------------------------------------------------
**************************************************
Z=8, N=14, emax=10
RMSE Eb: 1.518
RMSE Rch: 0.011
MAPE Eb: 0.853
MAPE Rch: 0.306
--------------------------------------------------
**************************************************
Z=8, N=14, emax=4
RMSE Eb: 0.976
RMSE Rch: 0.009
MAPE Eb: 1.003
MAPE Rch: 0.252
--------------------------------------------------
**************************************************
Z=8, N=14, emax=8
RMSE Eb: 2.088
RMSE Rch: 0.017
MAPE Eb: 1.375
MAPE Rch: 0.492
--------------------------------------------------
**************************************************
Z=8, N=15, emax=8
RMSE Eb: 2.163
RMSE Rch: 0.014
MAPE Eb: 1.468
MAPE Rch: 0.424
--------------------------------------------------
**************************************************
Z=8, N=15, emax=6
RMSE Eb: 1.307
RMSE Rch: 0.011
MAPE Eb: 0.930
MAPE Rch: 0.313
--------------------------------------------------
**************************************************
Z=8, N=15, emax=4
RMSE Eb: 0.998
RMSE Rch: 0.009
MAPE Eb: 1.063
MAPE Rch: 0.241
--------------------------------------------------
**************************************************
Z=8, N=15, emax=10
RMSE Eb: 1.300
RMSE Rch: 0.012
MAPE Eb: 0.833
MAPE Rch: 0.330
--------------------------------------------------
**************************************************
Z=8, N=16, emax=4
RMSE Eb: 1.028
RMSE Rch: 0.013
MAPE Eb: 1.051
MAPE Rch: 0.335
--------------------------------------------------
**************************************************
Z=8, N=16, emax=8
RMSE Eb: 2.308
RMSE Rch: 0.016
MAPE Eb: 1.424
MAPE Rch: 0.469
--------------------------------------------------
**************************************************
Z=8, N=16, emax=6
RMSE Eb: 1.411
RMSE Rch: 0.014
MAPE Eb: 1.015
MAPE Rch: 0.402
--------------------------------------------------
**************************************************
Z=8, N=16, emax=10
RMSE Eb: 2.147
RMSE Rch: 0.007
MAPE Eb: 1.050
MAPE Rch: 0.208
--------------------------------------------------
