Activated conda environment
[DataLoader] Found 13 files matching the pattern.
[DataLoader] Combined data shape: (17234, 35)
[Preprocess] Data split => train: (11029, 35), val: (2758, 35), test: (3447, 35)
[Preprocess] Processed fidelity 4 (index 0): 3758 samples.
[Preprocess] Processed fidelity 6 (index 1): 3346 samples.
[Preprocess] Processed fidelity 8 (index 2): 3194 samples.
[Preprocess] Processed fidelity 10 (index 3): 731 samples.
[Preprocess] Processed fidelity 4 (index 0): 949 samples.
[Preprocess] Processed fidelity 6 (index 1): 833 samples.
[Preprocess] Processed fidelity 8 (index 2): 801 samples.
[Preprocess] Processed fidelity 10 (index 3): 175 samples.
Fidelity levels: [4, 6, 8, 10]
[Trainer] Starting BNN training...
[Trainer] No improvement. Iteration 6900. Early stopping counter: 1, LR counter: 1
[Trainer] No improvement. Iteration 7000. Early stopping counter: 2, LR counter: 2
[Trainer] No improvement. Iteration 7500. Early stopping counter: 1, LR counter: 1
[Trainer] No improvement. Iteration 7600. Early stopping counter: 2, LR counter: 2
[Trainer] No improvement. Iteration 7700. Early stopping counter: 3, LR counter: 3
[Trainer] No improvement. Iteration 7900. Early stopping counter: 1, LR counter: 1
[Trainer] No improvement. Iteration 8000. Early stopping counter: 2, LR counter: 2
[Trainer] No improvement. Iteration 8100. Early stopping counter: 3, LR counter: 3
[Trainer] No improvement. Iteration 8200. Early stopping counter: 4, LR counter: 4
[Trainer] No improvement. Iteration 8300. Early stopping counter: 5, LR counter: 5
[Trainer] No improvement. Iteration 8400. Early stopping counter: 6, LR counter: 6
[Trainer] No improvement. Iteration 8500. Early stopping counter: 7, LR counter: 7
[Trainer] No improvement. Iteration 8600. Early stopping counter: 8, LR counter: 8
[Trainer] No improvement. Iteration 8700. Early stopping counter: 9, LR counter: 9
[Trainer] No improvement. Iteration 8800. Early stopping counter: 10, LR counter: 10
[Trainer] No improvement. Iteration 8900. Early stopping counter: 11, LR counter: 11
[Trainer] No improvement. Iteration 9000. Early stopping counter: 12, LR counter: 12
[Trainer] No improvement. Iteration 9100. Early stopping counter: 13, LR counter: 13
[Trainer] No improvement. Iteration 9200. Early stopping counter: 14, LR counter: 14
[Trainer] No improvement. Iteration 9300. Early stopping counter: 15, LR counter: 15
[Trainer] No improvement. Iteration 9400. Early stopping counter: 16, LR counter: 16
[Trainer] No improvement. Iteration 9500. Early stopping counter: 17, LR counter: 17
[Trainer] No improvement. Iteration 9600. Early stopping counter: 18, LR counter: 18
[Trainer] No improvement. Iteration 9700. Early stopping counter: 19, LR counter: 19
[Trainer] No improvement. Iteration 9800. Early stopping counter: 20, LR counter: 20
[Trainer] No improvement. Iteration 9900. Early stopping counter: 21, LR counter: 21
[Trainer] No improvement. Iteration 10000. Early stopping counter: 22, LR counter: 22
[Trainer] No improvement. Iteration 10100. Early stopping counter: 23, LR counter: 23
[Trainer] No improvement. Iteration 10200. Early stopping counter: 24, LR counter: 24
[Trainer] No improvement. Iteration 10300. Early stopping counter: 25, LR counter: 25
[Trainer] Learning rate reduced to: 0.000010
[Trainer] No improvement. Iteration 10400. Early stopping counter: 26, LR counter: 1
[Trainer] No improvement. Iteration 10500. Early stopping counter: 27, LR counter: 2
[Trainer] No improvement. Iteration 10600. Early stopping counter: 28, LR counter: 3
[Trainer] No improvement. Iteration 10700. Early stopping counter: 29, LR counter: 4
[Trainer] No improvement. Iteration 10800. Early stopping counter: 30, LR counter: 5
[Trainer] No improvement. Iteration 10900. Early stopping counter: 31, LR counter: 6
[Trainer] No improvement. Iteration 11000. Early stopping counter: 32, LR counter: 7
[Trainer] No improvement. Iteration 11100. Early stopping counter: 33, LR counter: 8
[Trainer] No improvement. Iteration 11200. Early stopping counter: 34, LR counter: 9
[Trainer] No improvement. Iteration 11300. Early stopping counter: 35, LR counter: 10
[Trainer] No improvement. Iteration 11400. Early stopping counter: 36, LR counter: 11
[Trainer] No improvement. Iteration 11500. Early stopping counter: 37, LR counter: 12
[Trainer] No improvement. Iteration 11600. Early stopping counter: 38, LR counter: 13
[Trainer] No improvement. Iteration 11700. Early stopping counter: 39, LR counter: 14
[Trainer] No improvement. Iteration 11800. Early stopping counter: 40, LR counter: 15
[Trainer] No improvement. Iteration 11900. Early stopping counter: 41, LR counter: 16
[Trainer] No improvement. Iteration 12000. Early stopping counter: 42, LR counter: 17
[Trainer] No improvement. Iteration 12100. Early stopping counter: 43, LR counter: 18
[Trainer] No improvement. Iteration 12200. Early stopping counter: 44, LR counter: 19
[Trainer] No improvement. Iteration 12300. Early stopping counter: 45, LR counter: 20
[Trainer] No improvement. Iteration 12400. Early stopping counter: 46, LR counter: 21
[Trainer] No improvement. Iteration 12500. Early stopping counter: 47, LR counter: 22
[Trainer] No improvement. Iteration 12600. Early stopping counter: 48, LR counter: 23
[Trainer] No improvement. Iteration 12700. Early stopping counter: 49, LR counter: 24
[Trainer] No improvement. Iteration 12800. Early stopping counter: 50, LR counter: 25
[Trainer] Learning rate reduced to: 0.000001
[Trainer] Early stopping triggered.
[Trainer] Training completed.
[Trainer] Calibrating temperatures on validation set...
[Trainer] Temperature calibration finished. Calibrated temperatures: {4: 1.1344683170318604, 6: 1.010587215423584, 8: 1.2131458520889282, 10: 1.4356530904769897}
[Trainer] BNN training completed.
**************************************************
Z=8, N=4, emax=4
RMSE Eb: 0.682
RMSE Rch: 0.012
MAPE Eb: 2.064
MAPE Rch: 0.520
--------------------------------------------------
**************************************************
Z=8, N=4, emax=10
RMSE Eb: 1.141
RMSE Rch: 0.041
MAPE Eb: 1.884
MAPE Rch: 2.140
--------------------------------------------------
**************************************************
Z=8, N=4, emax=6
RMSE Eb: 0.894
RMSE Rch: 0.014
MAPE Eb: 1.684
MAPE Rch: 0.690
--------------------------------------------------
**************************************************
Z=8, N=4, emax=8
RMSE Eb: 0.702
RMSE Rch: 0.018
MAPE Eb: 1.173
MAPE Rch: 0.830
--------------------------------------------------
**************************************************
Z=8, N=5, emax=8
RMSE Eb: 0.802
RMSE Rch: 0.012
MAPE Eb: 1.008
MAPE Rch: 0.562
--------------------------------------------------
**************************************************
Z=8, N=5, emax=6
RMSE Eb: 0.767
RMSE Rch: 0.008
MAPE Eb: 1.071
MAPE Rch: 0.377
--------------------------------------------------
**************************************************
Z=8, N=5, emax=4
RMSE Eb: 0.498
RMSE Rch: 0.006
MAPE Eb: 1.010
MAPE Rch: 0.288
--------------------------------------------------
**************************************************
Z=8, N=5, emax=10
RMSE Eb: 0.879
RMSE Rch: 0.012
MAPE Eb: 1.132
MAPE Rch: 0.715
--------------------------------------------------
**************************************************
Z=8, N=6, emax=4
RMSE Eb: 0.712
RMSE Rch: 0.009
MAPE Eb: 1.079
MAPE Rch: 0.457
--------------------------------------------------
**************************************************
Z=8, N=6, emax=6
RMSE Eb: 0.806
RMSE Rch: 0.009
MAPE Eb: 0.818
MAPE Rch: 0.396
--------------------------------------------------
**************************************************
Z=8, N=6, emax=8
RMSE Eb: 0.878
RMSE Rch: 0.011
MAPE Eb: 0.790
MAPE Rch: 0.546
--------------------------------------------------
**************************************************
Z=8, N=6, emax=10
RMSE Eb: 0.783
RMSE Rch: 0.028
MAPE Eb: 0.735
MAPE Rch: 1.540
--------------------------------------------------
**************************************************
Z=8, N=7, emax=8
RMSE Eb: 0.916
RMSE Rch: 0.015
MAPE Eb: 0.805
MAPE Rch: 0.816
--------------------------------------------------
**************************************************
Z=8, N=7, emax=10
RMSE Eb: 1.204
RMSE Rch: 0.021
MAPE Eb: 0.906
MAPE Rch: 0.986
--------------------------------------------------
**************************************************
Z=8, N=7, emax=6
RMSE Eb: 0.936
RMSE Rch: 0.013
MAPE Eb: 0.906
MAPE Rch: 0.666
--------------------------------------------------
**************************************************
Z=8, N=7, emax=4
RMSE Eb: 0.856
RMSE Rch: 0.013
MAPE Eb: 1.109
MAPE Rch: 0.701
--------------------------------------------------
**************************************************
Z=8, N=8, emax=4
RMSE Eb: 0.542
RMSE Rch: 0.007
MAPE Eb: 0.601
MAPE Rch: 0.184
--------------------------------------------------
**************************************************
Z=8, N=8, emax=8
RMSE Eb: 0.581
RMSE Rch: 0.009
MAPE Eb: 0.451
MAPE Rch: 0.241
--------------------------------------------------
**************************************************
Z=8, N=8, emax=6
RMSE Eb: 0.629
RMSE Rch: 0.006
MAPE Eb: 0.490
MAPE Rch: 0.173
--------------------------------------------------
**************************************************
Z=8, N=8, emax=10
RMSE Eb: 1.144
RMSE Rch: 0.010
MAPE Eb: 0.696
MAPE Rch: 0.360
--------------------------------------------------
**************************************************
Z=8, N=9, emax=8
RMSE Eb: 0.666
RMSE Rch: 0.008
MAPE Eb: 0.501
MAPE Rch: 0.236
--------------------------------------------------
**************************************************
Z=8, N=9, emax=6
RMSE Eb: 0.637
RMSE Rch: 0.011
MAPE Eb: 0.540
MAPE Rch: 0.343
--------------------------------------------------
**************************************************
Z=8, N=9, emax=4
RMSE Eb: 0.705
RMSE Rch: 0.008
MAPE Eb: 0.782
MAPE Rch: 0.199
--------------------------------------------------
**************************************************
Z=8, N=9, emax=10
RMSE Eb: 0.917
RMSE Rch: 0.005
MAPE Eb: 0.643
MAPE Rch: 0.140
--------------------------------------------------
**************************************************
Z=8, N=10, emax=4
RMSE Eb: 0.654
RMSE Rch: 0.010
MAPE Eb: 0.670
MAPE Rch: 0.278
--------------------------------------------------
**************************************************
Z=8, N=10, emax=10
RMSE Eb: 0.570
RMSE Rch: 0.007
MAPE Eb: 0.422
MAPE Rch: 0.197
--------------------------------------------------
**************************************************
Z=8, N=10, emax=6
RMSE Eb: 0.531
RMSE Rch: 0.012
MAPE Eb: 0.438
MAPE Rch: 0.358
--------------------------------------------------
**************************************************
Z=8, N=10, emax=8
RMSE Eb: 0.526
RMSE Rch: 0.014
MAPE Eb: 0.340
MAPE Rch: 0.448
--------------------------------------------------
**************************************************
Z=8, N=11, emax=4
RMSE Eb: 0.725
RMSE Rch: 0.009
MAPE Eb: 0.769
MAPE Rch: 0.245
--------------------------------------------------
**************************************************
Z=8, N=11, emax=6
RMSE Eb: 0.736
RMSE Rch: 0.010
MAPE Eb: 0.629
MAPE Rch: 0.319
--------------------------------------------------
**************************************************
Z=8, N=11, emax=8
RMSE Eb: 0.625
RMSE Rch: 0.010
MAPE Eb: 0.411
MAPE Rch: 0.303
--------------------------------------------------
**************************************************
Z=8, N=11, emax=10
RMSE Eb: 0.605
RMSE Rch: 0.006
MAPE Eb: 0.399
MAPE Rch: 0.185
--------------------------------------------------
**************************************************
Z=8, N=12, emax=6
RMSE Eb: 0.570
RMSE Rch: 0.010
MAPE Eb: 0.429
MAPE Rch: 0.303
--------------------------------------------------
**************************************************
Z=8, N=12, emax=4
RMSE Eb: 0.694
RMSE Rch: 0.007
MAPE Eb: 0.717
MAPE Rch: 0.193
--------------------------------------------------
**************************************************
Z=8, N=12, emax=8
RMSE Eb: 0.639
RMSE Rch: 0.010
MAPE Eb: 0.436
MAPE Rch: 0.299
--------------------------------------------------
**************************************************
Z=8, N=12, emax=10
RMSE Eb: 0.431
RMSE Rch: 0.005
MAPE Eb: 0.305
MAPE Rch: 0.127
--------------------------------------------------
**************************************************
Z=8, N=13, emax=8
RMSE Eb: 0.537
RMSE Rch: 0.007
MAPE Eb: 0.329
MAPE Rch: 0.207
--------------------------------------------------
**************************************************
Z=8, N=13, emax=4
RMSE Eb: 0.666
RMSE Rch: 0.008
MAPE Eb: 0.675
MAPE Rch: 0.233
--------------------------------------------------
**************************************************
Z=8, N=13, emax=10
RMSE Eb: 0.724
RMSE Rch: 0.008
MAPE Eb: 0.530
MAPE Rch: 0.215
--------------------------------------------------
**************************************************
Z=8, N=13, emax=6
RMSE Eb: 0.513
RMSE Rch: 0.010
MAPE Eb: 0.362
MAPE Rch: 0.275
--------------------------------------------------
**************************************************
Z=8, N=14, emax=8
RMSE Eb: 0.793
RMSE Rch: 0.014
MAPE Eb: 0.468
MAPE Rch: 0.411
--------------------------------------------------
**************************************************
Z=8, N=14, emax=4
RMSE Eb: 0.696
RMSE Rch: 0.007
MAPE Eb: 0.698
MAPE Rch: 0.197
--------------------------------------------------
**************************************************
Z=8, N=14, emax=6
RMSE Eb: 0.536
RMSE Rch: 0.007
MAPE Eb: 0.403
MAPE Rch: 0.224
--------------------------------------------------
**************************************************
Z=8, N=14, emax=10
RMSE Eb: 0.685
RMSE Rch: 0.015
MAPE Eb: 0.438
MAPE Rch: 0.384
--------------------------------------------------
**************************************************
Z=8, N=15, emax=8
RMSE Eb: 0.718
RMSE Rch: 0.012
MAPE Eb: 0.451
MAPE Rch: 0.363
--------------------------------------------------
**************************************************
Z=8, N=15, emax=4
RMSE Eb: 0.683
RMSE Rch: 0.010
MAPE Eb: 0.723
MAPE Rch: 0.280
--------------------------------------------------
**************************************************
Z=8, N=15, emax=6
RMSE Eb: 0.576
RMSE Rch: 0.010
MAPE Eb: 0.432
MAPE Rch: 0.319
--------------------------------------------------
**************************************************
Z=8, N=15, emax=10
RMSE Eb: 0.975
RMSE Rch: 0.007
MAPE Eb: 0.536
MAPE Rch: 0.199
--------------------------------------------------
**************************************************
Z=8, N=16, emax=8
RMSE Eb: 0.683
RMSE Rch: 0.011
MAPE Eb: 0.417
MAPE Rch: 0.341
--------------------------------------------------
**************************************************
Z=8, N=16, emax=6
RMSE Eb: 0.584
RMSE Rch: 0.012
MAPE Eb: 0.397
MAPE Rch: 0.371
--------------------------------------------------
**************************************************
Z=8, N=16, emax=10
RMSE Eb: 0.745
RMSE Rch: 0.006
MAPE Eb: 0.468
MAPE Rch: 0.173
--------------------------------------------------
**************************************************
Z=8, N=16, emax=4
RMSE Eb: 0.830
RMSE Rch: 0.009
MAPE Eb: 0.872
MAPE Rch: 0.240
--------------------------------------------------
Finished VAL for AE n=590
**************************************************
Z=8, N=4, emax=6
RMSE Eb: 0.779
RMSE Rch: 0.012
MAPE Eb: 1.479
MAPE Rch: 0.614
--------------------------------------------------
**************************************************
Z=8, N=4, emax=8
RMSE Eb: 0.810
RMSE Rch: 0.013
MAPE Eb: 1.268
MAPE Rch: 0.649
--------------------------------------------------
**************************************************
Z=8, N=4, emax=4
RMSE Eb: 0.721
RMSE Rch: 0.010
MAPE Eb: 2.072
MAPE Rch: 0.470
--------------------------------------------------
**************************************************
Z=8, N=4, emax=10
RMSE Eb: 0.768
RMSE Rch: 0.034
MAPE Eb: 1.102
MAPE Rch: 1.660
--------------------------------------------------
**************************************************
Z=8, N=5, emax=4
RMSE Eb: 0.524
RMSE Rch: 0.008
MAPE Eb: 1.103
MAPE Rch: 0.348
--------------------------------------------------
**************************************************
Z=8, N=5, emax=8
RMSE Eb: 0.702
RMSE Rch: 0.015
MAPE Eb: 0.863
MAPE Rch: 0.710
--------------------------------------------------
**************************************************
Z=8, N=5, emax=6
RMSE Eb: 0.789
RMSE Rch: 0.008
MAPE Eb: 1.176
MAPE Rch: 0.404
--------------------------------------------------
**************************************************
Z=8, N=5, emax=10
RMSE Eb: 0.896
RMSE Rch: 0.012
MAPE Eb: 1.095
MAPE Rch: 0.664
--------------------------------------------------
**************************************************
Z=8, N=6, emax=4
RMSE Eb: 0.753
RMSE Rch: 0.010
MAPE Eb: 1.108
MAPE Rch: 0.490
--------------------------------------------------
**************************************************
Z=8, N=6, emax=8
RMSE Eb: 0.926
RMSE Rch: 0.015
MAPE Eb: 0.918
MAPE Rch: 0.652
--------------------------------------------------
**************************************************
Z=8, N=6, emax=6
RMSE Eb: 0.929
RMSE Rch: 0.009
MAPE Eb: 1.006
MAPE Rch: 0.425
--------------------------------------------------
**************************************************
Z=8, N=6, emax=10
RMSE Eb: 0.794
RMSE Rch: 0.018
MAPE Eb: 0.602
MAPE Rch: 1.018
--------------------------------------------------
**************************************************
Z=8, N=7, emax=4
RMSE Eb: 0.789
RMSE Rch: 0.012
MAPE Eb: 1.021
MAPE Rch: 0.619
--------------------------------------------------
**************************************************
Z=8, N=7, emax=8
RMSE Eb: 0.878
RMSE Rch: 0.017
MAPE Eb: 0.735
MAPE Rch: 0.963
--------------------------------------------------
**************************************************
Z=8, N=7, emax=6
RMSE Eb: 0.787
RMSE Rch: 0.013
MAPE Eb: 0.732
MAPE Rch: 0.689
--------------------------------------------------
**************************************************
Z=8, N=7, emax=10
RMSE Eb: 0.641
RMSE Rch: 0.026
MAPE Eb: 0.511
MAPE Rch: 1.459
--------------------------------------------------
**************************************************
Z=8, N=8, emax=4
RMSE Eb: 0.583
RMSE Rch: 0.006
MAPE Eb: 0.575
MAPE Rch: 0.177
--------------------------------------------------
**************************************************
Z=8, N=8, emax=6
RMSE Eb: 0.579
RMSE Rch: 0.006
MAPE Eb: 0.455
MAPE Rch: 0.169
--------------------------------------------------
**************************************************
Z=8, N=8, emax=8
RMSE Eb: 0.595
RMSE Rch: 0.008
MAPE Eb: 0.434
MAPE Rch: 0.239
--------------------------------------------------
**************************************************
Z=8, N=8, emax=10
RMSE Eb: 0.695
RMSE Rch: 0.014
MAPE Eb: 0.535
MAPE Rch: 0.429
--------------------------------------------------
**************************************************
Z=8, N=9, emax=4
RMSE Eb: 0.758
RMSE Rch: 0.007
MAPE Eb: 0.833
MAPE Rch: 0.184
--------------------------------------------------
**************************************************
Z=8, N=9, emax=8
RMSE Eb: 0.612
RMSE Rch: 0.010
MAPE Eb: 0.441
MAPE Rch: 0.291
--------------------------------------------------
**************************************************
Z=8, N=9, emax=6
RMSE Eb: 0.732
RMSE Rch: 0.012
MAPE Eb: 0.643
MAPE Rch: 0.368
--------------------------------------------------
**************************************************
Z=8, N=9, emax=10
RMSE Eb: 0.558
RMSE Rch: 0.008
MAPE Eb: 0.392
MAPE Rch: 0.180
--------------------------------------------------
**************************************************
Z=8, N=10, emax=4
RMSE Eb: 0.732
RMSE Rch: 0.011
MAPE Eb: 0.746
MAPE Rch: 0.308
--------------------------------------------------
**************************************************
Z=8, N=10, emax=6
RMSE Eb: 0.554
RMSE Rch: 0.011
MAPE Eb: 0.423
MAPE Rch: 0.338
--------------------------------------------------
**************************************************
Z=8, N=10, emax=8
RMSE Eb: 0.528
RMSE Rch: 0.012
MAPE Eb: 0.368
MAPE Rch: 0.356
--------------------------------------------------
**************************************************
Z=8, N=10, emax=10
RMSE Eb: 0.587
RMSE Rch: 0.005
MAPE Eb: 0.444
MAPE Rch: 0.130
--------------------------------------------------
**************************************************
Z=8, N=11, emax=8
RMSE Eb: 0.474
RMSE Rch: 0.011
MAPE Eb: 0.310
MAPE Rch: 0.333
--------------------------------------------------
**************************************************
Z=8, N=11, emax=4
RMSE Eb: 0.669
RMSE Rch: 0.009
MAPE Eb: 0.728
MAPE Rch: 0.261
--------------------------------------------------
**************************************************
Z=8, N=11, emax=6
RMSE Eb: 0.707
RMSE Rch: 0.011
MAPE Eb: 0.586
MAPE Rch: 0.348
--------------------------------------------------
**************************************************
Z=8, N=11, emax=10
RMSE Eb: 0.581
RMSE Rch: 0.008
MAPE Eb: 0.416
MAPE Rch: 0.203
--------------------------------------------------
**************************************************
Z=8, N=12, emax=6
RMSE Eb: 0.508
RMSE Rch: 0.011
MAPE Eb: 0.391
MAPE Rch: 0.336
--------------------------------------------------
**************************************************
Z=8, N=12, emax=8
RMSE Eb: 0.617
RMSE Rch: 0.009
MAPE Eb: 0.413
MAPE Rch: 0.277
--------------------------------------------------
**************************************************
Z=8, N=12, emax=4
RMSE Eb: 0.619
RMSE Rch: 0.007
MAPE Eb: 0.616
MAPE Rch: 0.209
--------------------------------------------------
**************************************************
Z=8, N=12, emax=10
RMSE Eb: 0.555
RMSE Rch: 0.006
MAPE Eb: 0.370
MAPE Rch: 0.135
--------------------------------------------------
**************************************************
Z=8, N=13, emax=8
RMSE Eb: 0.516
RMSE Rch: 0.007
MAPE Eb: 0.343
MAPE Rch: 0.205
--------------------------------------------------
**************************************************
Z=8, N=13, emax=4
RMSE Eb: 0.607
RMSE Rch: 0.008
MAPE Eb: 0.626
MAPE Rch: 0.231
--------------------------------------------------
**************************************************
Z=8, N=13, emax=6
RMSE Eb: 0.474
RMSE Rch: 0.008
MAPE Eb: 0.338
MAPE Rch: 0.258
--------------------------------------------------
**************************************************
Z=8, N=13, emax=10
RMSE Eb: 0.609
RMSE Rch: 0.021
MAPE Eb: 0.399
MAPE Rch: 0.363
--------------------------------------------------
**************************************************
Z=8, N=14, emax=6
RMSE Eb: 0.545
RMSE Rch: 0.009
MAPE Eb: 0.373
MAPE Rch: 0.267
--------------------------------------------------
**************************************************
Z=8, N=14, emax=10
RMSE Eb: 1.013
RMSE Rch: 0.013
MAPE Eb: 0.553
MAPE Rch: 0.329
--------------------------------------------------
**************************************************
Z=8, N=14, emax=4
RMSE Eb: 0.666
RMSE Rch: 0.007
MAPE Eb: 0.699
MAPE Rch: 0.202
--------------------------------------------------
**************************************************
Z=8, N=14, emax=8
RMSE Eb: 0.802
RMSE Rch: 0.015
MAPE Eb: 0.489
MAPE Rch: 0.437
--------------------------------------------------
**************************************************
Z=8, N=15, emax=8
RMSE Eb: 0.583
RMSE Rch: 0.012
MAPE Eb: 0.371
MAPE Rch: 0.378
--------------------------------------------------
**************************************************
Z=8, N=15, emax=6
RMSE Eb: 0.561
RMSE Rch: 0.009
MAPE Eb: 0.399
MAPE Rch: 0.277
--------------------------------------------------
**************************************************
Z=8, N=15, emax=4
RMSE Eb: 0.741
RMSE Rch: 0.008
MAPE Eb: 0.775
MAPE Rch: 0.237
--------------------------------------------------
**************************************************
Z=8, N=15, emax=10
RMSE Eb: 0.830
RMSE Rch: 0.009
MAPE Eb: 0.499
MAPE Rch: 0.234
--------------------------------------------------
**************************************************
Z=8, N=16, emax=4
RMSE Eb: 0.926
RMSE Rch: 0.010
MAPE Eb: 0.993
MAPE Rch: 0.281
--------------------------------------------------
**************************************************
Z=8, N=16, emax=8
RMSE Eb: 0.730
RMSE Rch: 0.011
MAPE Eb: 0.458
MAPE Rch: 0.334
--------------------------------------------------
**************************************************
Z=8, N=16, emax=6
RMSE Eb: 0.610
RMSE Rch: 0.011
MAPE Eb: 0.400
MAPE Rch: 0.327
--------------------------------------------------
**************************************************
Z=8, N=16, emax=10
RMSE Eb: 0.971
RMSE Rch: 0.009
MAPE Eb: 0.556
MAPE Rch: 0.208
--------------------------------------------------
