Activated conda environment
[DataLoader] Found 13 files matching the pattern.
[DataLoader] Combined data shape: (17234, 35)
[Preprocess] Data split => train: (11029, 35), val: (2758, 35), test: (3447, 35)
[Preprocess] Processed fidelity 4 (index 0): 3758 samples.
[Preprocess] Processed fidelity 6 (index 1): 3346 samples.
[Preprocess] Processed fidelity 8 (index 2): 3194 samples.
[Preprocess] Processed fidelity 10 (index 3): 731 samples.
[Preprocess] Processed fidelity 4 (index 0): 949 samples.
[Preprocess] Processed fidelity 6 (index 1): 833 samples.
[Preprocess] Processed fidelity 8 (index 2): 801 samples.
[Preprocess] Processed fidelity 10 (index 3): 175 samples.
Fidelity levels: [4, 6, 8, 10]
[Trainer] Starting BNN training...
[Trainer] No improvement. Iteration 8400. Early stopping counter: 1, LR counter: 1
[Trainer] No improvement. Iteration 8900. Early stopping counter: 1, LR counter: 1
[Trainer] No improvement. Iteration 9300. Early stopping counter: 1, LR counter: 1
[Trainer] No improvement. Iteration 9400. Early stopping counter: 2, LR counter: 2
[Trainer] No improvement. Iteration 9500. Early stopping counter: 3, LR counter: 3
[Trainer] No improvement. Iteration 10300. Early stopping counter: 1, LR counter: 1
[Trainer] No improvement. Iteration 10400. Early stopping counter: 2, LR counter: 2
[Trainer] No improvement. Iteration 10500. Early stopping counter: 3, LR counter: 3
[Trainer] No improvement. Iteration 10600. Early stopping counter: 4, LR counter: 4
[Trainer] No improvement. Iteration 10700. Early stopping counter: 5, LR counter: 5
[Trainer] No improvement. Iteration 10800. Early stopping counter: 6, LR counter: 6
[Trainer] No improvement. Iteration 10900. Early stopping counter: 7, LR counter: 7
[Trainer] No improvement. Iteration 11000. Early stopping counter: 8, LR counter: 8
[Trainer] No improvement. Iteration 11100. Early stopping counter: 9, LR counter: 9
[Trainer] No improvement. Iteration 11200. Early stopping counter: 10, LR counter: 10
[Trainer] No improvement. Iteration 11300. Early stopping counter: 11, LR counter: 11
[Trainer] No improvement. Iteration 11400. Early stopping counter: 12, LR counter: 12
[Trainer] No improvement. Iteration 11500. Early stopping counter: 13, LR counter: 13
[Trainer] No improvement. Iteration 11600. Early stopping counter: 14, LR counter: 14
[Trainer] No improvement. Iteration 11700. Early stopping counter: 15, LR counter: 15
[Trainer] No improvement. Iteration 11800. Early stopping counter: 16, LR counter: 16
[Trainer] No improvement. Iteration 11900. Early stopping counter: 17, LR counter: 17
[Trainer] No improvement. Iteration 12000. Early stopping counter: 18, LR counter: 18
[Trainer] No improvement. Iteration 12100. Early stopping counter: 19, LR counter: 19
[Trainer] No improvement. Iteration 12200. Early stopping counter: 20, LR counter: 20
[Trainer] No improvement. Iteration 12300. Early stopping counter: 21, LR counter: 21
[Trainer] No improvement. Iteration 12400. Early stopping counter: 22, LR counter: 22
[Trainer] No improvement. Iteration 12500. Early stopping counter: 23, LR counter: 23
[Trainer] No improvement. Iteration 12600. Early stopping counter: 24, LR counter: 24
[Trainer] No improvement. Iteration 12800. Early stopping counter: 1, LR counter: 1
[Trainer] No improvement. Iteration 12900. Early stopping counter: 2, LR counter: 2
[Trainer] No improvement. Iteration 13000. Early stopping counter: 3, LR counter: 3
[Trainer] No improvement. Iteration 13200. Early stopping counter: 1, LR counter: 1
[Trainer] No improvement. Iteration 13300. Early stopping counter: 2, LR counter: 2
[Trainer] No improvement. Iteration 13800. Early stopping counter: 1, LR counter: 1
[Trainer] No improvement. Iteration 13900. Early stopping counter: 2, LR counter: 2
[Trainer] No improvement. Iteration 14000. Early stopping counter: 3, LR counter: 3
[Trainer] No improvement. Iteration 14100. Early stopping counter: 4, LR counter: 4
[Trainer] No improvement. Iteration 14200. Early stopping counter: 5, LR counter: 5
[Trainer] No improvement. Iteration 14300. Early stopping counter: 6, LR counter: 6
[Trainer] No improvement. Iteration 14400. Early stopping counter: 7, LR counter: 7
[Trainer] No improvement. Iteration 14500. Early stopping counter: 8, LR counter: 8
[Trainer] No improvement. Iteration 14600. Early stopping counter: 9, LR counter: 9
[Trainer] No improvement. Iteration 14700. Early stopping counter: 10, LR counter: 10
[Trainer] No improvement. Iteration 14800. Early stopping counter: 11, LR counter: 11
[Trainer] No improvement. Iteration 14900. Early stopping counter: 12, LR counter: 12
[Trainer] No improvement. Iteration 15400. Early stopping counter: 1, LR counter: 1
[Trainer] No improvement. Iteration 15500. Early stopping counter: 2, LR counter: 2
[Trainer] No improvement. Iteration 15600. Early stopping counter: 3, LR counter: 3
[Trainer] No improvement. Iteration 15700. Early stopping counter: 4, LR counter: 4
[Trainer] No improvement. Iteration 15800. Early stopping counter: 5, LR counter: 5
[Trainer] No improvement. Iteration 15900. Early stopping counter: 6, LR counter: 6
[Trainer] No improvement. Iteration 16000. Early stopping counter: 7, LR counter: 7
[Trainer] No improvement. Iteration 16100. Early stopping counter: 8, LR counter: 8
[Trainer] No improvement. Iteration 16200. Early stopping counter: 9, LR counter: 9
[Trainer] No improvement. Iteration 16300. Early stopping counter: 10, LR counter: 10
[Trainer] No improvement. Iteration 16400. Early stopping counter: 11, LR counter: 11
[Trainer] No improvement. Iteration 16600. Early stopping counter: 1, LR counter: 1
[Trainer] No improvement. Iteration 17300. Early stopping counter: 1, LR counter: 1
[Trainer] No improvement. Iteration 17400. Early stopping counter: 2, LR counter: 2
[Trainer] No improvement. Iteration 17800. Early stopping counter: 1, LR counter: 1
[Trainer] No improvement. Iteration 18100. Early stopping counter: 1, LR counter: 1
[Trainer] No improvement. Iteration 18200. Early stopping counter: 2, LR counter: 2
[Trainer] No improvement. Iteration 18300. Early stopping counter: 3, LR counter: 3
[Trainer] No improvement. Iteration 18400. Early stopping counter: 4, LR counter: 4
[Trainer] No improvement. Iteration 18500. Early stopping counter: 5, LR counter: 5
[Trainer] No improvement. Iteration 18600. Early stopping counter: 6, LR counter: 6
[Trainer] No improvement. Iteration 18700. Early stopping counter: 7, LR counter: 7
[Trainer] No improvement. Iteration 18800. Early stopping counter: 8, LR counter: 8
[Trainer] No improvement. Iteration 18900. Early stopping counter: 9, LR counter: 9
[Trainer] No improvement. Iteration 19000. Early stopping counter: 10, LR counter: 10
[Trainer] No improvement. Iteration 19400. Early stopping counter: 1, LR counter: 1
[Trainer] No improvement. Iteration 19600. Early stopping counter: 1, LR counter: 1
[Trainer] No improvement. Iteration 19700. Early stopping counter: 2, LR counter: 2
[Trainer] No improvement. Iteration 19800. Early stopping counter: 3, LR counter: 3
[Trainer] No improvement. Iteration 19900. Early stopping counter: 4, LR counter: 4
[Trainer] No improvement. Iteration 20000. Early stopping counter: 5, LR counter: 5
[Trainer] No improvement. Iteration 20100. Early stopping counter: 6, LR counter: 6
[Trainer] No improvement. Iteration 20200. Early stopping counter: 7, LR counter: 7
[Trainer] No improvement. Iteration 20300. Early stopping counter: 8, LR counter: 8
[Trainer] No improvement. Iteration 20400. Early stopping counter: 9, LR counter: 9
[Trainer] No improvement. Iteration 20500. Early stopping counter: 10, LR counter: 10
[Trainer] No improvement. Iteration 20600. Early stopping counter: 11, LR counter: 11
[Trainer] No improvement. Iteration 20700. Early stopping counter: 12, LR counter: 12
[Trainer] No improvement. Iteration 20800. Early stopping counter: 13, LR counter: 13
[Trainer] No improvement. Iteration 20900. Early stopping counter: 14, LR counter: 14
[Trainer] No improvement. Iteration 21000. Early stopping counter: 15, LR counter: 15
[Trainer] No improvement. Iteration 21100. Early stopping counter: 16, LR counter: 16
[Trainer] No improvement. Iteration 21200. Early stopping counter: 17, LR counter: 17
[Trainer] No improvement. Iteration 21300. Early stopping counter: 18, LR counter: 18
[Trainer] No improvement. Iteration 21400. Early stopping counter: 19, LR counter: 19
[Trainer] No improvement. Iteration 21500. Early stopping counter: 20, LR counter: 20
[Trainer] No improvement. Iteration 21600. Early stopping counter: 21, LR counter: 21
[Trainer] No improvement. Iteration 21700. Early stopping counter: 22, LR counter: 22
[Trainer] No improvement. Iteration 21800. Early stopping counter: 23, LR counter: 23
[Trainer] No improvement. Iteration 21900. Early stopping counter: 24, LR counter: 24
[Trainer] No improvement. Iteration 22000. Early stopping counter: 25, LR counter: 25
[Trainer] Learning rate reduced to: 0.000010
[Trainer] No improvement. Iteration 22100. Early stopping counter: 26, LR counter: 1
[Trainer] No improvement. Iteration 22200. Early stopping counter: 27, LR counter: 2
[Trainer] No improvement. Iteration 22300. Early stopping counter: 28, LR counter: 3
[Trainer] No improvement. Iteration 22400. Early stopping counter: 29, LR counter: 4
[Trainer] No improvement. Iteration 22500. Early stopping counter: 30, LR counter: 5
[Trainer] No improvement. Iteration 22600. Early stopping counter: 31, LR counter: 6
[Trainer] No improvement. Iteration 22700. Early stopping counter: 32, LR counter: 7
[Trainer] No improvement. Iteration 22800. Early stopping counter: 33, LR counter: 8
[Trainer] No improvement. Iteration 22900. Early stopping counter: 34, LR counter: 9
[Trainer] No improvement. Iteration 23000. Early stopping counter: 35, LR counter: 10
[Trainer] No improvement. Iteration 23100. Early stopping counter: 36, LR counter: 11
[Trainer] No improvement. Iteration 23200. Early stopping counter: 37, LR counter: 12
[Trainer] No improvement. Iteration 23300. Early stopping counter: 38, LR counter: 13
[Trainer] No improvement. Iteration 23400. Early stopping counter: 39, LR counter: 14
[Trainer] No improvement. Iteration 23500. Early stopping counter: 40, LR counter: 15
[Trainer] No improvement. Iteration 23600. Early stopping counter: 41, LR counter: 16
[Trainer] No improvement. Iteration 23700. Early stopping counter: 42, LR counter: 17
[Trainer] No improvement. Iteration 23800. Early stopping counter: 43, LR counter: 18
[Trainer] No improvement. Iteration 23900. Early stopping counter: 44, LR counter: 19
[Trainer] No improvement. Iteration 24000. Early stopping counter: 45, LR counter: 20
[Trainer] No improvement. Iteration 24100. Early stopping counter: 46, LR counter: 21
[Trainer] No improvement. Iteration 24200. Early stopping counter: 47, LR counter: 22
[Trainer] No improvement. Iteration 24300. Early stopping counter: 48, LR counter: 23
[Trainer] No improvement. Iteration 24400. Early stopping counter: 49, LR counter: 24
[Trainer] No improvement. Iteration 24500. Early stopping counter: 50, LR counter: 25
[Trainer] Learning rate reduced to: 0.000001
[Trainer] Early stopping triggered.
[Trainer] Training completed.
[Trainer] Calibrating temperatures on validation set...
[Trainer] Temperature calibration finished. Calibrated temperatures: {4: 1.059612512588501, 6: 1.2024617195129395, 8: 1.0292747020721436, 10: 1.1919465065002441}
[Trainer] BNN training completed.
**************************************************
Z=8, N=4, emax=4
RMSE Eb: 0.842
RMSE Rch: 0.010
MAPE Eb: 2.421
MAPE Rch: 0.459
--------------------------------------------------
**************************************************
Z=8, N=4, emax=10
RMSE Eb: 1.447
RMSE Rch: 0.051
MAPE Eb: 2.363
MAPE Rch: 2.588
--------------------------------------------------
**************************************************
Z=8, N=4, emax=6
RMSE Eb: 0.909
RMSE Rch: 0.014
MAPE Eb: 1.766
MAPE Rch: 0.614
--------------------------------------------------
**************************************************
Z=8, N=4, emax=8
RMSE Eb: 0.935
RMSE Rch: 0.027
MAPE Eb: 1.511
MAPE Rch: 1.309
--------------------------------------------------
**************************************************
Z=8, N=5, emax=8
RMSE Eb: 1.318
RMSE Rch: 0.014
MAPE Eb: 1.768
MAPE Rch: 0.696
--------------------------------------------------
**************************************************
Z=8, N=5, emax=6
RMSE Eb: 0.925
RMSE Rch: 0.012
MAPE Eb: 1.298
MAPE Rch: 0.568
--------------------------------------------------
**************************************************
Z=8, N=5, emax=4
RMSE Eb: 0.816
RMSE Rch: 0.008
MAPE Eb: 1.709
MAPE Rch: 0.356
--------------------------------------------------
**************************************************
Z=8, N=5, emax=10
RMSE Eb: 0.751
RMSE Rch: 0.013
MAPE Eb: 1.119
MAPE Rch: 0.725
--------------------------------------------------
**************************************************
Z=8, N=6, emax=4
RMSE Eb: 0.807
RMSE Rch: 0.009
MAPE Eb: 1.175
MAPE Rch: 0.427
--------------------------------------------------
**************************************************
Z=8, N=6, emax=6
RMSE Eb: 0.691
RMSE Rch: 0.010
MAPE Eb: 0.753
MAPE Rch: 0.479
--------------------------------------------------
**************************************************
Z=8, N=6, emax=8
RMSE Eb: 1.232
RMSE Rch: 0.013
MAPE Eb: 1.168
MAPE Rch: 0.647
--------------------------------------------------
**************************************************
Z=8, N=6, emax=10
RMSE Eb: 0.786
RMSE Rch: 0.011
MAPE Eb: 0.795
MAPE Rch: 0.626
--------------------------------------------------
**************************************************
Z=8, N=7, emax=8
RMSE Eb: 1.175
RMSE Rch: 0.012
MAPE Eb: 0.983
MAPE Rch: 0.660
--------------------------------------------------
**************************************************
Z=8, N=7, emax=10
RMSE Eb: 0.732
RMSE Rch: 0.015
MAPE Eb: 0.539
MAPE Rch: 0.816
--------------------------------------------------
**************************************************
Z=8, N=7, emax=6
RMSE Eb: 0.938
RMSE Rch: 0.008
MAPE Eb: 0.855
MAPE Rch: 0.409
--------------------------------------------------
**************************************************
Z=8, N=7, emax=4
RMSE Eb: 1.268
RMSE Rch: 0.010
MAPE Eb: 1.589
MAPE Rch: 0.477
--------------------------------------------------
**************************************************
Z=8, N=8, emax=4
RMSE Eb: 1.118
RMSE Rch: 0.010
MAPE Eb: 1.286
MAPE Rch: 0.257
--------------------------------------------------
**************************************************
Z=8, N=8, emax=8
RMSE Eb: 1.234
RMSE Rch: 0.018
MAPE Eb: 0.942
MAPE Rch: 0.505
--------------------------------------------------
**************************************************
Z=8, N=8, emax=6
RMSE Eb: 1.165
RMSE Rch: 0.013
MAPE Eb: 1.041
MAPE Rch: 0.373
--------------------------------------------------
**************************************************
Z=8, N=8, emax=10
RMSE Eb: 1.780
RMSE Rch: 0.021
MAPE Eb: 1.351
MAPE Rch: 0.661
--------------------------------------------------
**************************************************
Z=8, N=9, emax=8
RMSE Eb: 1.151
RMSE Rch: 0.010
MAPE Eb: 0.808
MAPE Rch: 0.262
--------------------------------------------------
**************************************************
Z=8, N=9, emax=6
RMSE Eb: 1.095
RMSE Rch: 0.010
MAPE Eb: 0.915
MAPE Rch: 0.284
--------------------------------------------------
**************************************************
Z=8, N=9, emax=4
RMSE Eb: 1.018
RMSE Rch: 0.007
MAPE Eb: 0.975
MAPE Rch: 0.192
--------------------------------------------------
**************************************************
Z=8, N=9, emax=10
RMSE Eb: 1.175
RMSE Rch: 0.009
MAPE Eb: 0.901
MAPE Rch: 0.275
--------------------------------------------------
**************************************************
Z=8, N=10, emax=4
RMSE Eb: 1.141
RMSE Rch: 0.007
MAPE Eb: 1.204
MAPE Rch: 0.187
--------------------------------------------------
**************************************************
Z=8, N=10, emax=10
RMSE Eb: 1.372
RMSE Rch: 0.011
MAPE Eb: 0.980
MAPE Rch: 0.320
--------------------------------------------------
**************************************************
Z=8, N=10, emax=6
RMSE Eb: 1.160
RMSE Rch: 0.010
MAPE Eb: 0.891
MAPE Rch: 0.283
--------------------------------------------------
**************************************************
Z=8, N=10, emax=8
RMSE Eb: 1.089
RMSE Rch: 0.008
MAPE Eb: 0.739
MAPE Rch: 0.241
--------------------------------------------------
**************************************************
Z=8, N=11, emax=4
RMSE Eb: 1.102
RMSE Rch: 0.007
MAPE Eb: 1.064
MAPE Rch: 0.180
--------------------------------------------------
**************************************************
Z=8, N=11, emax=6
RMSE Eb: 1.641
RMSE Rch: 0.013
MAPE Eb: 1.262
MAPE Rch: 0.420
--------------------------------------------------
**************************************************
Z=8, N=11, emax=8
RMSE Eb: 1.265
RMSE Rch: 0.007
MAPE Eb: 0.900
MAPE Rch: 0.192
--------------------------------------------------
**************************************************
Z=8, N=11, emax=10
RMSE Eb: 1.085
RMSE Rch: 0.009
MAPE Eb: 0.759
MAPE Rch: 0.278
--------------------------------------------------
**************************************************
Z=8, N=12, emax=6
RMSE Eb: 1.359
RMSE Rch: 0.010
MAPE Eb: 0.971
MAPE Rch: 0.272
--------------------------------------------------
**************************************************
Z=8, N=12, emax=4
RMSE Eb: 1.153
RMSE Rch: 0.011
MAPE Eb: 1.082
MAPE Rch: 0.284
--------------------------------------------------
**************************************************
Z=8, N=12, emax=8
RMSE Eb: 0.959
RMSE Rch: 0.008
MAPE Eb: 0.659
MAPE Rch: 0.234
--------------------------------------------------
**************************************************
Z=8, N=12, emax=10
RMSE Eb: 1.776
RMSE Rch: 0.012
MAPE Eb: 1.256
MAPE Rch: 0.307
--------------------------------------------------
**************************************************
Z=8, N=13, emax=8
RMSE Eb: 1.392
RMSE Rch: 0.011
MAPE Eb: 0.836
MAPE Rch: 0.314
--------------------------------------------------
**************************************************
Z=8, N=13, emax=4
RMSE Eb: 1.152
RMSE Rch: 0.009
MAPE Eb: 1.186
MAPE Rch: 0.251
--------------------------------------------------
**************************************************
Z=8, N=13, emax=10
RMSE Eb: 1.388
RMSE Rch: 0.009
MAPE Eb: 0.871
MAPE Rch: 0.249
--------------------------------------------------
**************************************************
Z=8, N=13, emax=6
RMSE Eb: 1.238
RMSE Rch: 0.012
MAPE Eb: 0.927
MAPE Rch: 0.346
--------------------------------------------------
**************************************************
Z=8, N=14, emax=8
RMSE Eb: 1.618
RMSE Rch: 0.013
MAPE Eb: 0.987
MAPE Rch: 0.381
--------------------------------------------------
**************************************************
Z=8, N=14, emax=4
RMSE Eb: 1.031
RMSE Rch: 0.010
MAPE Eb: 1.028
MAPE Rch: 0.265
--------------------------------------------------
**************************************************
Z=8, N=14, emax=6
RMSE Eb: 1.236
RMSE Rch: 0.010
MAPE Eb: 0.828
MAPE Rch: 0.279
--------------------------------------------------
**************************************************
Z=8, N=14, emax=10
RMSE Eb: 1.881
RMSE Rch: 0.013
MAPE Eb: 1.243
MAPE Rch: 0.313
--------------------------------------------------
**************************************************
Z=8, N=15, emax=8
RMSE Eb: 2.023
RMSE Rch: 0.012
MAPE Eb: 1.307
MAPE Rch: 0.336
--------------------------------------------------
**************************************************
Z=8, N=15, emax=4
RMSE Eb: 1.318
RMSE Rch: 0.008
MAPE Eb: 1.295
MAPE Rch: 0.209
--------------------------------------------------
**************************************************
Z=8, N=15, emax=6
RMSE Eb: 1.449
RMSE Rch: 0.012
MAPE Eb: 0.929
MAPE Rch: 0.358
--------------------------------------------------
**************************************************
Z=8, N=15, emax=10
RMSE Eb: 1.571
RMSE Rch: 0.015
MAPE Eb: 0.941
MAPE Rch: 0.495
--------------------------------------------------
**************************************************
Z=8, N=16, emax=8
RMSE Eb: 1.541
RMSE Rch: 0.012
MAPE Eb: 0.929
MAPE Rch: 0.336
--------------------------------------------------
**************************************************
Z=8, N=16, emax=6
RMSE Eb: 1.159
RMSE Rch: 0.012
MAPE Eb: 0.779
MAPE Rch: 0.344
--------------------------------------------------
**************************************************
Z=8, N=16, emax=10
RMSE Eb: 1.270
RMSE Rch: 0.019
MAPE Eb: 0.712
MAPE Rch: 0.524
--------------------------------------------------
**************************************************
Z=8, N=16, emax=4
RMSE Eb: 1.363
RMSE Rch: 0.011
MAPE Eb: 1.367
MAPE Rch: 0.289
--------------------------------------------------
Finished VAL for AE n=235
**************************************************
Z=8, N=4, emax=6
RMSE Eb: 0.789
RMSE Rch: 0.013
MAPE Eb: 1.540
MAPE Rch: 0.628
--------------------------------------------------
**************************************************
Z=8, N=4, emax=8
RMSE Eb: 1.335
RMSE Rch: 0.024
MAPE Eb: 2.126
MAPE Rch: 1.041
--------------------------------------------------
**************************************************
Z=8, N=4, emax=4
RMSE Eb: 0.861
RMSE Rch: 0.008
MAPE Eb: 2.260
MAPE Rch: 0.346
--------------------------------------------------
**************************************************
Z=8, N=4, emax=10
RMSE Eb: 1.572
RMSE Rch: 0.044
MAPE Eb: 2.140
MAPE Rch: 2.126
--------------------------------------------------
**************************************************
Z=8, N=5, emax=4
RMSE Eb: 0.807
RMSE Rch: 0.010
MAPE Eb: 1.562
MAPE Rch: 0.444
--------------------------------------------------
**************************************************
Z=8, N=5, emax=8
RMSE Eb: 1.217
RMSE Rch: 0.019
MAPE Eb: 1.586
MAPE Rch: 0.898
--------------------------------------------------
**************************************************
Z=8, N=5, emax=6
RMSE Eb: 0.839
RMSE Rch: 0.011
MAPE Eb: 1.249
MAPE Rch: 0.512
--------------------------------------------------
**************************************************
Z=8, N=5, emax=10
RMSE Eb: 1.233
RMSE Rch: 0.017
MAPE Eb: 1.110
MAPE Rch: 0.976
--------------------------------------------------
**************************************************
Z=8, N=6, emax=4
RMSE Eb: 0.828
RMSE Rch: 0.010
MAPE Eb: 1.126
MAPE Rch: 0.450
--------------------------------------------------
**************************************************
Z=8, N=6, emax=8
RMSE Eb: 1.159
RMSE Rch: 0.018
MAPE Eb: 1.058
MAPE Rch: 0.763
--------------------------------------------------
**************************************************
Z=8, N=6, emax=6
RMSE Eb: 0.745
RMSE Rch: 0.010
MAPE Eb: 0.801
MAPE Rch: 0.476
--------------------------------------------------
**************************************************
Z=8, N=6, emax=10
RMSE Eb: 0.783
RMSE Rch: 0.013
MAPE Eb: 0.806
MAPE Rch: 0.633
--------------------------------------------------
**************************************************
Z=8, N=7, emax=4
RMSE Eb: 1.147
RMSE Rch: 0.010
MAPE Eb: 1.451
MAPE Rch: 0.528
--------------------------------------------------
**************************************************
Z=8, N=7, emax=8
RMSE Eb: 1.206
RMSE Rch: 0.013
MAPE Eb: 1.008
MAPE Rch: 0.691
--------------------------------------------------
**************************************************
Z=8, N=7, emax=6
RMSE Eb: 0.972
RMSE Rch: 0.009
MAPE Eb: 0.896
MAPE Rch: 0.474
--------------------------------------------------
**************************************************
Z=8, N=7, emax=10
RMSE Eb: 1.110
RMSE Rch: 0.016
MAPE Eb: 0.903
MAPE Rch: 0.853
--------------------------------------------------
**************************************************
Z=8, N=8, emax=4
RMSE Eb: 1.108
RMSE Rch: 0.010
MAPE Eb: 1.172
MAPE Rch: 0.280
--------------------------------------------------
**************************************************
Z=8, N=8, emax=6
RMSE Eb: 1.166
RMSE Rch: 0.013
MAPE Eb: 0.993
MAPE Rch: 0.371
--------------------------------------------------
**************************************************
Z=8, N=8, emax=8
RMSE Eb: 1.258
RMSE Rch: 0.013
MAPE Eb: 0.922
MAPE Rch: 0.374
--------------------------------------------------
**************************************************
Z=8, N=8, emax=10
RMSE Eb: 2.263
RMSE Rch: 0.014
MAPE Eb: 1.716
MAPE Rch: 0.426
--------------------------------------------------
**************************************************
Z=8, N=9, emax=4
RMSE Eb: 1.030
RMSE Rch: 0.007
MAPE Eb: 1.136
MAPE Rch: 0.204
--------------------------------------------------
**************************************************
Z=8, N=9, emax=8
RMSE Eb: 1.330
RMSE Rch: 0.009
MAPE Eb: 0.916
MAPE Rch: 0.254
--------------------------------------------------
**************************************************
Z=8, N=9, emax=6
RMSE Eb: 1.008
RMSE Rch: 0.010
MAPE Eb: 0.833
MAPE Rch: 0.285
--------------------------------------------------
**************************************************
Z=8, N=9, emax=10
RMSE Eb: 1.673
RMSE Rch: 0.009
MAPE Eb: 1.216
MAPE Rch: 0.281
--------------------------------------------------
**************************************************
Z=8, N=10, emax=4
RMSE Eb: 1.018
RMSE Rch: 0.007
MAPE Eb: 1.082
MAPE Rch: 0.179
--------------------------------------------------
**************************************************
Z=8, N=10, emax=6
RMSE Eb: 1.190
RMSE Rch: 0.010
MAPE Eb: 0.932
MAPE Rch: 0.313
--------------------------------------------------
**************************************************
Z=8, N=10, emax=8
RMSE Eb: 0.913
RMSE Rch: 0.009
MAPE Eb: 0.686
MAPE Rch: 0.251
--------------------------------------------------
**************************************************
Z=8, N=10, emax=10
RMSE Eb: 1.251
RMSE Rch: 0.011
MAPE Eb: 0.817
MAPE Rch: 0.361
--------------------------------------------------
**************************************************
Z=8, N=11, emax=8
RMSE Eb: 1.150
RMSE Rch: 0.008
MAPE Eb: 0.775
MAPE Rch: 0.227
--------------------------------------------------
**************************************************
Z=8, N=11, emax=4
RMSE Eb: 0.958
RMSE Rch: 0.006
MAPE Eb: 0.982
MAPE Rch: 0.152
--------------------------------------------------
**************************************************
Z=8, N=11, emax=6
RMSE Eb: 1.469
RMSE Rch: 0.014
MAPE Eb: 1.170
MAPE Rch: 0.414
--------------------------------------------------
**************************************************
Z=8, N=11, emax=10
RMSE Eb: 1.382
RMSE Rch: 0.014
MAPE Eb: 0.856
MAPE Rch: 0.389
--------------------------------------------------
**************************************************
Z=8, N=12, emax=6
RMSE Eb: 1.332
RMSE Rch: 0.010
MAPE Eb: 0.963
MAPE Rch: 0.281
--------------------------------------------------
**************************************************
Z=8, N=12, emax=8
RMSE Eb: 1.047
RMSE Rch: 0.008
MAPE Eb: 0.674
MAPE Rch: 0.230
--------------------------------------------------
**************************************************
Z=8, N=12, emax=4
RMSE Eb: 0.939
RMSE Rch: 0.008
MAPE Eb: 0.890
MAPE Rch: 0.214
--------------------------------------------------
**************************************************
Z=8, N=12, emax=10
RMSE Eb: 1.319
RMSE Rch: 0.008
MAPE Eb: 0.916
MAPE Rch: 0.237
--------------------------------------------------
**************************************************
Z=8, N=13, emax=8
RMSE Eb: 1.129
RMSE Rch: 0.009
MAPE Eb: 0.706
MAPE Rch: 0.280
--------------------------------------------------
**************************************************
Z=8, N=13, emax=4
RMSE Eb: 1.102
RMSE Rch: 0.009
MAPE Eb: 1.145
MAPE Rch: 0.244
--------------------------------------------------
**************************************************
Z=8, N=13, emax=6
RMSE Eb: 1.168
RMSE Rch: 0.010
MAPE Eb: 0.825
MAPE Rch: 0.306
--------------------------------------------------
**************************************************
Z=8, N=13, emax=10
RMSE Eb: 0.953
RMSE Rch: 0.010
MAPE Eb: 0.610
MAPE Rch: 0.261
--------------------------------------------------
**************************************************
Z=8, N=14, emax=6
RMSE Eb: 1.620
RMSE Rch: 0.010
MAPE Eb: 0.964
MAPE Rch: 0.273
--------------------------------------------------
**************************************************
Z=8, N=14, emax=10
RMSE Eb: 1.676
RMSE Rch: 0.011
MAPE Eb: 0.976
MAPE Rch: 0.308
--------------------------------------------------
**************************************************
Z=8, N=14, emax=4
RMSE Eb: 1.058
RMSE Rch: 0.010
MAPE Eb: 1.079
MAPE Rch: 0.286
--------------------------------------------------
**************************************************
Z=8, N=14, emax=8
RMSE Eb: 1.646
RMSE Rch: 0.013
MAPE Eb: 0.998
MAPE Rch: 0.351
--------------------------------------------------
**************************************************
Z=8, N=15, emax=8
RMSE Eb: 1.648
RMSE Rch: 0.013
MAPE Eb: 1.074
MAPE Rch: 0.356
--------------------------------------------------
**************************************************
Z=8, N=15, emax=6
RMSE Eb: 1.372
RMSE Rch: 0.012
MAPE Eb: 0.864
MAPE Rch: 0.343
--------------------------------------------------
**************************************************
Z=8, N=15, emax=4
RMSE Eb: 1.236
RMSE Rch: 0.009
MAPE Eb: 1.201
MAPE Rch: 0.240
--------------------------------------------------
**************************************************
Z=8, N=15, emax=10
RMSE Eb: 1.672
RMSE Rch: 0.016
MAPE Eb: 1.130
MAPE Rch: 0.477
--------------------------------------------------
**************************************************
Z=8, N=16, emax=4
RMSE Eb: 1.321
RMSE Rch: 0.010
MAPE Eb: 1.295
MAPE Rch: 0.258
--------------------------------------------------
**************************************************
Z=8, N=16, emax=8
RMSE Eb: 1.708
RMSE Rch: 0.009
MAPE Eb: 0.985
MAPE Rch: 0.266
--------------------------------------------------
**************************************************
Z=8, N=16, emax=6
RMSE Eb: 1.174
RMSE Rch: 0.013
MAPE Eb: 0.769
MAPE Rch: 0.360
--------------------------------------------------
**************************************************
Z=8, N=16, emax=10
RMSE Eb: 1.247
RMSE Rch: 0.020
MAPE Eb: 0.672
MAPE Rch: 0.614
--------------------------------------------------
