Activated conda environment
[DataLoader] Found 13 files matching the pattern.
[DataLoader] Combined data shape: (17234, 35)
[Preprocess] Data split => train: (11029, 35), val: (2758, 35), test: (3447, 35)
[Preprocess] Processed fidelity 4 (index 0): 3758 samples.
[Preprocess] Processed fidelity 6 (index 1): 3346 samples.
[Preprocess] Processed fidelity 8 (index 2): 3194 samples.
[Preprocess] Processed fidelity 10 (index 3): 731 samples.
[Preprocess] Processed fidelity 4 (index 0): 949 samples.
[Preprocess] Processed fidelity 6 (index 1): 833 samples.
[Preprocess] Processed fidelity 8 (index 2): 801 samples.
[Preprocess] Processed fidelity 10 (index 3): 175 samples.
Fidelity levels: [4, 6, 8, 10]
[Trainer] Starting BNN training...
[Trainer] No improvement. Iteration 8700. Early stopping counter: 1, LR counter: 1
[Trainer] No improvement. Iteration 9000. Early stopping counter: 1, LR counter: 1
[Trainer] No improvement. Iteration 9100. Early stopping counter: 2, LR counter: 2
[Trainer] No improvement. Iteration 9300. Early stopping counter: 1, LR counter: 1
[Trainer] No improvement. Iteration 9400. Early stopping counter: 2, LR counter: 2
[Trainer] No improvement. Iteration 9500. Early stopping counter: 3, LR counter: 3
[Trainer] No improvement. Iteration 9600. Early stopping counter: 4, LR counter: 4
[Trainer] No improvement. Iteration 9700. Early stopping counter: 5, LR counter: 5
[Trainer] No improvement. Iteration 9800. Early stopping counter: 6, LR counter: 6
[Trainer] No improvement. Iteration 9900. Early stopping counter: 7, LR counter: 7
[Trainer] No improvement. Iteration 10000. Early stopping counter: 8, LR counter: 8
[Trainer] No improvement. Iteration 10100. Early stopping counter: 9, LR counter: 9
[Trainer] No improvement. Iteration 10200. Early stopping counter: 10, LR counter: 10
[Trainer] No improvement. Iteration 10300. Early stopping counter: 11, LR counter: 11
[Trainer] No improvement. Iteration 10400. Early stopping counter: 12, LR counter: 12
[Trainer] No improvement. Iteration 10500. Early stopping counter: 13, LR counter: 13
[Trainer] No improvement. Iteration 10600. Early stopping counter: 14, LR counter: 14
[Trainer] No improvement. Iteration 10700. Early stopping counter: 15, LR counter: 15
[Trainer] No improvement. Iteration 10800. Early stopping counter: 16, LR counter: 16
[Trainer] No improvement. Iteration 10900. Early stopping counter: 17, LR counter: 17
[Trainer] No improvement. Iteration 11000. Early stopping counter: 18, LR counter: 18
[Trainer] No improvement. Iteration 11100. Early stopping counter: 19, LR counter: 19
[Trainer] No improvement. Iteration 11200. Early stopping counter: 20, LR counter: 20
[Trainer] No improvement. Iteration 11300. Early stopping counter: 21, LR counter: 21
[Trainer] No improvement. Iteration 11400. Early stopping counter: 22, LR counter: 22
[Trainer] No improvement. Iteration 11500. Early stopping counter: 23, LR counter: 23
[Trainer] No improvement. Iteration 11600. Early stopping counter: 24, LR counter: 24
[Trainer] No improvement. Iteration 11700. Early stopping counter: 25, LR counter: 25
[Trainer] Learning rate reduced to: 0.000010
[Trainer] No improvement. Iteration 11800. Early stopping counter: 26, LR counter: 1
[Trainer] No improvement. Iteration 11900. Early stopping counter: 27, LR counter: 2
[Trainer] No improvement. Iteration 12000. Early stopping counter: 28, LR counter: 3
[Trainer] No improvement. Iteration 12100. Early stopping counter: 29, LR counter: 4
[Trainer] No improvement. Iteration 12200. Early stopping counter: 30, LR counter: 5
[Trainer] No improvement. Iteration 12300. Early stopping counter: 31, LR counter: 6
[Trainer] No improvement. Iteration 12400. Early stopping counter: 32, LR counter: 7
[Trainer] No improvement. Iteration 12500. Early stopping counter: 33, LR counter: 8
[Trainer] No improvement. Iteration 12600. Early stopping counter: 34, LR counter: 9
[Trainer] No improvement. Iteration 12700. Early stopping counter: 35, LR counter: 10
[Trainer] No improvement. Iteration 12800. Early stopping counter: 36, LR counter: 11
[Trainer] No improvement. Iteration 12900. Early stopping counter: 37, LR counter: 12
[Trainer] No improvement. Iteration 13000. Early stopping counter: 38, LR counter: 13
[Trainer] No improvement. Iteration 13100. Early stopping counter: 39, LR counter: 14
[Trainer] No improvement. Iteration 13200. Early stopping counter: 40, LR counter: 15
[Trainer] No improvement. Iteration 13300. Early stopping counter: 41, LR counter: 16
[Trainer] No improvement. Iteration 13400. Early stopping counter: 42, LR counter: 17
[Trainer] No improvement. Iteration 13500. Early stopping counter: 43, LR counter: 18
[Trainer] No improvement. Iteration 13600. Early stopping counter: 44, LR counter: 19
[Trainer] No improvement. Iteration 13700. Early stopping counter: 45, LR counter: 20
[Trainer] No improvement. Iteration 13800. Early stopping counter: 46, LR counter: 21
[Trainer] No improvement. Iteration 13900. Early stopping counter: 47, LR counter: 22
[Trainer] No improvement. Iteration 14000. Early stopping counter: 48, LR counter: 23
[Trainer] No improvement. Iteration 14100. Early stopping counter: 49, LR counter: 24
[Trainer] No improvement. Iteration 14200. Early stopping counter: 50, LR counter: 25
[Trainer] Learning rate reduced to: 0.000001
[Trainer] Early stopping triggered.
[Trainer] Training completed.
[Trainer] Calibrating temperatures on validation set...
[Trainer] Temperature calibration finished. Calibrated temperatures: {4: 1.6716710329055786, 6: 1.3160573244094849, 8: 1.481134295463562, 10: 1.9234479665756226}
[Trainer] BNN training completed.
**************************************************
Z=8, N=4, emax=4
RMSE Eb: 0.613
RMSE Rch: 0.009
MAPE Eb: 1.747
MAPE Rch: 0.381
--------------------------------------------------
**************************************************
Z=8, N=4, emax=10
RMSE Eb: 0.954
RMSE Rch: 0.051
MAPE Eb: 1.580
MAPE Rch: 2.469
--------------------------------------------------
**************************************************
Z=8, N=4, emax=6
RMSE Eb: 0.752
RMSE Rch: 0.013
MAPE Eb: 1.415
MAPE Rch: 0.642
--------------------------------------------------
**************************************************
Z=8, N=4, emax=8
RMSE Eb: 0.812
RMSE Rch: 0.018
MAPE Eb: 1.312
MAPE Rch: 0.797
--------------------------------------------------
**************************************************
Z=8, N=5, emax=8
RMSE Eb: 0.891
RMSE Rch: 0.015
MAPE Eb: 1.162
MAPE Rch: 0.744
--------------------------------------------------
**************************************************
Z=8, N=5, emax=6
RMSE Eb: 0.689
RMSE Rch: 0.009
MAPE Eb: 0.934
MAPE Rch: 0.451
--------------------------------------------------
**************************************************
Z=8, N=5, emax=4
RMSE Eb: 0.546
RMSE Rch: 0.007
MAPE Eb: 1.130
MAPE Rch: 0.345
--------------------------------------------------
**************************************************
Z=8, N=5, emax=10
RMSE Eb: 1.170
RMSE Rch: 0.025
MAPE Eb: 1.607
MAPE Rch: 1.542
--------------------------------------------------
**************************************************
Z=8, N=6, emax=4
RMSE Eb: 0.844
RMSE Rch: 0.008
MAPE Eb: 1.274
MAPE Rch: 0.379
--------------------------------------------------
**************************************************
Z=8, N=6, emax=6
RMSE Eb: 0.809
RMSE Rch: 0.009
MAPE Eb: 0.859
MAPE Rch: 0.418
--------------------------------------------------
**************************************************
Z=8, N=6, emax=8
RMSE Eb: 1.061
RMSE Rch: 0.015
MAPE Eb: 1.002
MAPE Rch: 0.727
--------------------------------------------------
**************************************************
Z=8, N=6, emax=10
RMSE Eb: 1.521
RMSE Rch: 0.025
MAPE Eb: 1.199
MAPE Rch: 1.310
--------------------------------------------------
**************************************************
Z=8, N=7, emax=8
RMSE Eb: 1.031
RMSE Rch: 0.014
MAPE Eb: 0.796
MAPE Rch: 0.752
--------------------------------------------------
**************************************************
Z=8, N=7, emax=10
RMSE Eb: 1.285
RMSE Rch: 0.026
MAPE Eb: 0.874
MAPE Rch: 1.437
--------------------------------------------------
**************************************************
Z=8, N=7, emax=6
RMSE Eb: 0.825
RMSE Rch: 0.011
MAPE Eb: 0.756
MAPE Rch: 0.574
--------------------------------------------------
**************************************************
Z=8, N=7, emax=4
RMSE Eb: 0.788
RMSE Rch: 0.008
MAPE Eb: 0.933
MAPE Rch: 0.420
--------------------------------------------------
**************************************************
Z=8, N=8, emax=4
RMSE Eb: 0.524
RMSE Rch: 0.010
MAPE Eb: 0.581
MAPE Rch: 0.280
--------------------------------------------------
**************************************************
Z=8, N=8, emax=8
RMSE Eb: 0.787
RMSE Rch: 0.014
MAPE Eb: 0.620
MAPE Rch: 0.377
--------------------------------------------------
**************************************************
Z=8, N=8, emax=6
RMSE Eb: 0.715
RMSE Rch: 0.009
MAPE Eb: 0.604
MAPE Rch: 0.254
--------------------------------------------------
**************************************************
Z=8, N=8, emax=10
RMSE Eb: 1.091
RMSE Rch: 0.033
MAPE Eb: 0.725
MAPE Rch: 1.001
--------------------------------------------------
**************************************************
Z=8, N=9, emax=8
RMSE Eb: 0.750
RMSE Rch: 0.011
MAPE Eb: 0.591
MAPE Rch: 0.315
--------------------------------------------------
**************************************************
Z=8, N=9, emax=6
RMSE Eb: 0.517
RMSE Rch: 0.009
MAPE Eb: 0.419
MAPE Rch: 0.258
--------------------------------------------------
**************************************************
Z=8, N=9, emax=4
RMSE Eb: 0.444
RMSE Rch: 0.009
MAPE Eb: 0.498
MAPE Rch: 0.249
--------------------------------------------------
**************************************************
Z=8, N=9, emax=10
RMSE Eb: 1.263
RMSE Rch: 0.018
MAPE Eb: 0.809
MAPE Rch: 0.520
--------------------------------------------------
**************************************************
Z=8, N=10, emax=4
RMSE Eb: 0.384
RMSE Rch: 0.007
MAPE Eb: 0.410
MAPE Rch: 0.192
--------------------------------------------------
**************************************************
Z=8, N=10, emax=10
RMSE Eb: 0.886
RMSE Rch: 0.011
MAPE Eb: 0.588
MAPE Rch: 0.317
--------------------------------------------------
**************************************************
Z=8, N=10, emax=6
RMSE Eb: 0.564
RMSE Rch: 0.009
MAPE Eb: 0.430
MAPE Rch: 0.254
--------------------------------------------------
**************************************************
Z=8, N=10, emax=8
RMSE Eb: 0.570
RMSE Rch: 0.007
MAPE Eb: 0.418
MAPE Rch: 0.203
--------------------------------------------------
**************************************************
Z=8, N=11, emax=4
RMSE Eb: 0.473
RMSE Rch: 0.006
MAPE Eb: 0.528
MAPE Rch: 0.164
--------------------------------------------------
**************************************************
Z=8, N=11, emax=6
RMSE Eb: 0.519
RMSE Rch: 0.006
MAPE Eb: 0.387
MAPE Rch: 0.176
--------------------------------------------------
**************************************************
Z=8, N=11, emax=8
RMSE Eb: 0.653
RMSE Rch: 0.010
MAPE Eb: 0.437
MAPE Rch: 0.292
--------------------------------------------------
**************************************************
Z=8, N=11, emax=10
RMSE Eb: 0.858
RMSE Rch: 0.010
MAPE Eb: 0.561
MAPE Rch: 0.297
--------------------------------------------------
**************************************************
Z=8, N=12, emax=6
RMSE Eb: 0.596
RMSE Rch: 0.007
MAPE Eb: 0.447
MAPE Rch: 0.184
--------------------------------------------------
**************************************************
Z=8, N=12, emax=4
RMSE Eb: 0.425
RMSE Rch: 0.006
MAPE Eb: 0.402
MAPE Rch: 0.175
--------------------------------------------------
**************************************************
Z=8, N=12, emax=8
RMSE Eb: 0.642
RMSE Rch: 0.006
MAPE Eb: 0.425
MAPE Rch: 0.174
--------------------------------------------------
**************************************************
Z=8, N=12, emax=10
RMSE Eb: 0.595
RMSE Rch: 0.009
MAPE Eb: 0.377
MAPE Rch: 0.249
--------------------------------------------------
**************************************************
Z=8, N=13, emax=8
RMSE Eb: 0.641
RMSE Rch: 0.009
MAPE Eb: 0.414
MAPE Rch: 0.217
--------------------------------------------------
**************************************************
Z=8, N=13, emax=4
RMSE Eb: 0.467
RMSE Rch: 0.006
MAPE Eb: 0.456
MAPE Rch: 0.168
--------------------------------------------------
**************************************************
Z=8, N=13, emax=10
RMSE Eb: 0.533
RMSE Rch: 0.008
MAPE Eb: 0.310
MAPE Rch: 0.251
--------------------------------------------------
**************************************************
Z=8, N=13, emax=6
RMSE Eb: 0.459
RMSE Rch: 0.006
MAPE Eb: 0.341
MAPE Rch: 0.176
--------------------------------------------------
**************************************************
Z=8, N=14, emax=8
RMSE Eb: 0.638
RMSE Rch: 0.011
MAPE Eb: 0.414
MAPE Rch: 0.296
--------------------------------------------------
**************************************************
Z=8, N=14, emax=4
RMSE Eb: 0.493
RMSE Rch: 0.006
MAPE Eb: 0.489
MAPE Rch: 0.158
--------------------------------------------------
**************************************************
Z=8, N=14, emax=6
RMSE Eb: 0.447
RMSE Rch: 0.006
MAPE Eb: 0.330
MAPE Rch: 0.156
--------------------------------------------------
**************************************************
Z=8, N=14, emax=10
RMSE Eb: 0.346
RMSE Rch: 0.013
MAPE Eb: 0.197
MAPE Rch: 0.315
--------------------------------------------------
**************************************************
Z=8, N=15, emax=8
RMSE Eb: 0.666
RMSE Rch: 0.006
MAPE Eb: 0.396
MAPE Rch: 0.153
--------------------------------------------------
**************************************************
Z=8, N=15, emax=4
RMSE Eb: 0.577
RMSE Rch: 0.005
MAPE Eb: 0.582
MAPE Rch: 0.129
--------------------------------------------------
**************************************************
Z=8, N=15, emax=6
RMSE Eb: 0.521
RMSE Rch: 0.005
MAPE Eb: 0.388
MAPE Rch: 0.142
--------------------------------------------------
**************************************************
Z=8, N=15, emax=10
RMSE Eb: 0.496
RMSE Rch: 0.008
MAPE Eb: 0.316
MAPE Rch: 0.175
--------------------------------------------------
**************************************************
Z=8, N=16, emax=8
RMSE Eb: 0.925
RMSE Rch: 0.008
MAPE Eb: 0.524
MAPE Rch: 0.232
--------------------------------------------------
**************************************************
Z=8, N=16, emax=6
RMSE Eb: 0.603
RMSE Rch: 0.007
MAPE Eb: 0.393
MAPE Rch: 0.208
--------------------------------------------------
**************************************************
Z=8, N=16, emax=10
RMSE Eb: 0.574
RMSE Rch: 0.010
MAPE Eb: 0.307
MAPE Rch: 0.289
--------------------------------------------------
**************************************************
Z=8, N=16, emax=4
RMSE Eb: 0.685
RMSE Rch: 0.006
MAPE Eb: 0.692
MAPE Rch: 0.164
--------------------------------------------------
Finished VAL for AE n=570
**************************************************
Z=8, N=4, emax=6
RMSE Eb: 0.688
RMSE Rch: 0.012
MAPE Eb: 1.289
MAPE Rch: 0.589
--------------------------------------------------
**************************************************
Z=8, N=4, emax=8
RMSE Eb: 0.909
RMSE Rch: 0.021
MAPE Eb: 1.438
MAPE Rch: 0.940
--------------------------------------------------
**************************************************
Z=8, N=4, emax=4
RMSE Eb: 0.544
RMSE Rch: 0.007
MAPE Eb: 1.564
MAPE Rch: 0.320
--------------------------------------------------
**************************************************
Z=8, N=4, emax=10
RMSE Eb: 1.163
RMSE Rch: 0.040
MAPE Eb: 1.634
MAPE Rch: 1.713
--------------------------------------------------
**************************************************
Z=8, N=5, emax=4
RMSE Eb: 0.550
RMSE Rch: 0.009
MAPE Eb: 1.082
MAPE Rch: 0.409
--------------------------------------------------
**************************************************
Z=8, N=5, emax=8
RMSE Eb: 0.823
RMSE Rch: 0.015
MAPE Eb: 1.059
MAPE Rch: 0.700
--------------------------------------------------
**************************************************
Z=8, N=5, emax=6
RMSE Eb: 0.710
RMSE Rch: 0.009
MAPE Eb: 1.078
MAPE Rch: 0.447
--------------------------------------------------
**************************************************
Z=8, N=5, emax=10
RMSE Eb: 1.043
RMSE Rch: 0.025
MAPE Eb: 1.289
MAPE Rch: 1.256
--------------------------------------------------
**************************************************
Z=8, N=6, emax=4
RMSE Eb: 0.792
RMSE Rch: 0.009
MAPE Eb: 1.098
MAPE Rch: 0.403
--------------------------------------------------
**************************************************
Z=8, N=6, emax=8
RMSE Eb: 1.299
RMSE Rch: 0.016
MAPE Eb: 1.283
MAPE Rch: 0.731
--------------------------------------------------
**************************************************
Z=8, N=6, emax=6
RMSE Eb: 0.914
RMSE Rch: 0.011
MAPE Eb: 1.043
MAPE Rch: 0.510
--------------------------------------------------
**************************************************
Z=8, N=6, emax=10
RMSE Eb: 0.945
RMSE Rch: 0.032
MAPE Eb: 0.969
MAPE Rch: 1.563
--------------------------------------------------
**************************************************
Z=8, N=7, emax=4
RMSE Eb: 0.773
RMSE Rch: 0.007
MAPE Eb: 0.918
MAPE Rch: 0.370
--------------------------------------------------
**************************************************
Z=8, N=7, emax=8
RMSE Eb: 1.026
RMSE Rch: 0.012
MAPE Eb: 0.823
MAPE Rch: 0.608
--------------------------------------------------
**************************************************
Z=8, N=7, emax=6
RMSE Eb: 0.795
RMSE Rch: 0.011
MAPE Eb: 0.772
MAPE Rch: 0.506
--------------------------------------------------
**************************************************
Z=8, N=7, emax=10
RMSE Eb: 1.207
RMSE Rch: 0.032
MAPE Eb: 1.039
MAPE Rch: 1.725
--------------------------------------------------
**************************************************
Z=8, N=8, emax=4
RMSE Eb: 0.534
RMSE Rch: 0.010
MAPE Eb: 0.561
MAPE Rch: 0.261
--------------------------------------------------
**************************************************
Z=8, N=8, emax=6
RMSE Eb: 0.720
RMSE Rch: 0.010
MAPE Eb: 0.625
MAPE Rch: 0.278
--------------------------------------------------
**************************************************
Z=8, N=8, emax=8
RMSE Eb: 0.818
RMSE Rch: 0.010
MAPE Eb: 0.614
MAPE Rch: 0.273
--------------------------------------------------
**************************************************
Z=8, N=8, emax=10
RMSE Eb: 1.019
RMSE Rch: 0.021
MAPE Eb: 0.794
MAPE Rch: 0.478
--------------------------------------------------
**************************************************
Z=8, N=9, emax=4
RMSE Eb: 0.455
RMSE Rch: 0.008
MAPE Eb: 0.496
MAPE Rch: 0.219
--------------------------------------------------
**************************************************
Z=8, N=9, emax=8
RMSE Eb: 0.733
RMSE Rch: 0.008
MAPE Eb: 0.537
MAPE Rch: 0.221
--------------------------------------------------
**************************************************
Z=8, N=9, emax=6
RMSE Eb: 0.554
RMSE Rch: 0.009
MAPE Eb: 0.431
MAPE Rch: 0.280
--------------------------------------------------
**************************************************
Z=8, N=9, emax=10
RMSE Eb: 0.577
RMSE Rch: 0.019
MAPE Eb: 0.434
MAPE Rch: 0.568
--------------------------------------------------
**************************************************
Z=8, N=10, emax=4
RMSE Eb: 0.416
RMSE Rch: 0.005
MAPE Eb: 0.416
MAPE Rch: 0.132
--------------------------------------------------
**************************************************
Z=8, N=10, emax=6
RMSE Eb: 0.491
RMSE Rch: 0.008
MAPE Eb: 0.381
MAPE Rch: 0.217
--------------------------------------------------
**************************************************
Z=8, N=10, emax=8
RMSE Eb: 0.718
RMSE Rch: 0.010
MAPE Eb: 0.533
MAPE Rch: 0.272
--------------------------------------------------
**************************************************
Z=8, N=10, emax=10
RMSE Eb: 0.659
RMSE Rch: 0.017
MAPE Eb: 0.429
MAPE Rch: 0.404
--------------------------------------------------
**************************************************
Z=8, N=11, emax=8
RMSE Eb: 0.725
RMSE Rch: 0.009
MAPE Eb: 0.486
MAPE Rch: 0.260
--------------------------------------------------
**************************************************
Z=8, N=11, emax=4
RMSE Eb: 0.414
RMSE Rch: 0.007
MAPE Eb: 0.445
MAPE Rch: 0.187
--------------------------------------------------
**************************************************
Z=8, N=11, emax=6
RMSE Eb: 0.514
RMSE Rch: 0.007
MAPE Eb: 0.409
MAPE Rch: 0.178
--------------------------------------------------
**************************************************
Z=8, N=11, emax=10
RMSE Eb: 0.665
RMSE Rch: 0.013
MAPE Eb: 0.462
MAPE Rch: 0.319
--------------------------------------------------
**************************************************
Z=8, N=12, emax=6
RMSE Eb: 0.454
RMSE Rch: 0.006
MAPE Eb: 0.338
MAPE Rch: 0.188
--------------------------------------------------
**************************************************
Z=8, N=12, emax=8
RMSE Eb: 0.658
RMSE Rch: 0.007
MAPE Eb: 0.440
MAPE Rch: 0.217
--------------------------------------------------
**************************************************
Z=8, N=12, emax=4
RMSE Eb: 0.482
RMSE Rch: 0.005
MAPE Eb: 0.504
MAPE Rch: 0.153
--------------------------------------------------
**************************************************
Z=8, N=12, emax=10
RMSE Eb: 0.588
RMSE Rch: 0.008
MAPE Eb: 0.348
MAPE Rch: 0.249
--------------------------------------------------
**************************************************
Z=8, N=13, emax=8
RMSE Eb: 0.649
RMSE Rch: 0.008
MAPE Eb: 0.416
MAPE Rch: 0.225
--------------------------------------------------
**************************************************
Z=8, N=13, emax=4
RMSE Eb: 0.467
RMSE Rch: 0.006
MAPE Eb: 0.500
MAPE Rch: 0.167
--------------------------------------------------
**************************************************
Z=8, N=13, emax=6
RMSE Eb: 0.469
RMSE Rch: 0.006
MAPE Eb: 0.352
MAPE Rch: 0.162
--------------------------------------------------
**************************************************
Z=8, N=13, emax=10
RMSE Eb: 0.548
RMSE Rch: 0.020
MAPE Eb: 0.363
MAPE Rch: 0.347
--------------------------------------------------
**************************************************
Z=8, N=14, emax=6
RMSE Eb: 0.481
RMSE Rch: 0.006
MAPE Eb: 0.335
MAPE Rch: 0.170
--------------------------------------------------
**************************************************
Z=8, N=14, emax=10
RMSE Eb: 0.691
RMSE Rch: 0.012
MAPE Eb: 0.410
MAPE Rch: 0.330
--------------------------------------------------
**************************************************
Z=8, N=14, emax=4
RMSE Eb: 0.470
RMSE Rch: 0.006
MAPE Eb: 0.483
MAPE Rch: 0.158
--------------------------------------------------
**************************************************
Z=8, N=14, emax=8
RMSE Eb: 0.705
RMSE Rch: 0.009
MAPE Eb: 0.413
MAPE Rch: 0.229
--------------------------------------------------
**************************************************
Z=8, N=15, emax=8
RMSE Eb: 0.727
RMSE Rch: 0.008
MAPE Eb: 0.469
MAPE Rch: 0.206
--------------------------------------------------
**************************************************
Z=8, N=15, emax=6
RMSE Eb: 0.546
RMSE Rch: 0.005
MAPE Eb: 0.381
MAPE Rch: 0.145
--------------------------------------------------
**************************************************
Z=8, N=15, emax=4
RMSE Eb: 0.493
RMSE Rch: 0.005
MAPE Eb: 0.522
MAPE Rch: 0.132
--------------------------------------------------
**************************************************
Z=8, N=15, emax=10
RMSE Eb: 0.726
RMSE Rch: 0.008
MAPE Eb: 0.431
MAPE Rch: 0.208
--------------------------------------------------
**************************************************
Z=8, N=16, emax=4
RMSE Eb: 0.630
RMSE Rch: 0.006
MAPE Eb: 0.618
MAPE Rch: 0.171
--------------------------------------------------
**************************************************
Z=8, N=16, emax=8
RMSE Eb: 0.738
RMSE Rch: 0.007
MAPE Eb: 0.439
MAPE Rch: 0.210
--------------------------------------------------
**************************************************
Z=8, N=16, emax=6
RMSE Eb: 0.743
RMSE Rch: 0.006
MAPE Eb: 0.497
MAPE Rch: 0.164
--------------------------------------------------
**************************************************
Z=8, N=16, emax=10
RMSE Eb: 0.971
RMSE Rch: 0.010
MAPE Eb: 0.622
MAPE Rch: 0.247
--------------------------------------------------
