Activated conda environment
[DataLoader] Found 13 files matching the pattern.
[DataLoader] Combined data shape: (17234, 35)
[Preprocess] Data split => train: (11029, 35), val: (2758, 35), test: (3447, 35)
[Preprocess] Processed fidelity 4 (index 0): 3758 samples.
[Preprocess] Processed fidelity 6 (index 1): 3346 samples.
[Preprocess] Processed fidelity 8 (index 2): 3194 samples.
[Preprocess] Processed fidelity 10 (index 3): 731 samples.
[Preprocess] Processed fidelity 4 (index 0): 949 samples.
[Preprocess] Processed fidelity 6 (index 1): 833 samples.
[Preprocess] Processed fidelity 8 (index 2): 801 samples.
[Preprocess] Processed fidelity 10 (index 3): 175 samples.
Fidelity levels: [4, 6, 8, 10]
[Trainer] Starting BNN training...
[Trainer] No improvement. Iteration 10300. Early stopping counter: 1, LR counter: 1
[Trainer] No improvement. Iteration 10400. Early stopping counter: 2, LR counter: 2
[Trainer] No improvement. Iteration 10500. Early stopping counter: 3, LR counter: 3
[Trainer] No improvement. Iteration 10600. Early stopping counter: 4, LR counter: 4
[Trainer] No improvement. Iteration 12300. Early stopping counter: 1, LR counter: 1
[Trainer] No improvement. Iteration 12400. Early stopping counter: 2, LR counter: 2
[Trainer] No improvement. Iteration 12500. Early stopping counter: 3, LR counter: 3
[Trainer] No improvement. Iteration 12600. Early stopping counter: 4, LR counter: 4
[Trainer] No improvement. Iteration 12700. Early stopping counter: 5, LR counter: 5
[Trainer] No improvement. Iteration 12800. Early stopping counter: 6, LR counter: 6
[Trainer] No improvement. Iteration 12900. Early stopping counter: 7, LR counter: 7
[Trainer] No improvement. Iteration 13000. Early stopping counter: 8, LR counter: 8
[Trainer] No improvement. Iteration 13100. Early stopping counter: 9, LR counter: 9
[Trainer] No improvement. Iteration 13200. Early stopping counter: 10, LR counter: 10
[Trainer] No improvement. Iteration 13300. Early stopping counter: 11, LR counter: 11
[Trainer] No improvement. Iteration 13400. Early stopping counter: 12, LR counter: 12
[Trainer] No improvement. Iteration 13500. Early stopping counter: 13, LR counter: 13
[Trainer] No improvement. Iteration 13600. Early stopping counter: 14, LR counter: 14
[Trainer] No improvement. Iteration 13700. Early stopping counter: 15, LR counter: 15
[Trainer] No improvement. Iteration 13800. Early stopping counter: 16, LR counter: 16
[Trainer] No improvement. Iteration 13900. Early stopping counter: 17, LR counter: 17
[Trainer] No improvement. Iteration 14000. Early stopping counter: 18, LR counter: 18
[Trainer] No improvement. Iteration 14100. Early stopping counter: 19, LR counter: 19
[Trainer] No improvement. Iteration 14200. Early stopping counter: 20, LR counter: 20
[Trainer] No improvement. Iteration 14300. Early stopping counter: 21, LR counter: 21
[Trainer] No improvement. Iteration 14400. Early stopping counter: 22, LR counter: 22
[Trainer] No improvement. Iteration 14500. Early stopping counter: 23, LR counter: 23
[Trainer] No improvement. Iteration 14600. Early stopping counter: 24, LR counter: 24
[Trainer] No improvement. Iteration 14700. Early stopping counter: 25, LR counter: 25
[Trainer] Learning rate reduced to: 0.000010
[Trainer] No improvement. Iteration 14800. Early stopping counter: 26, LR counter: 1
[Trainer] No improvement. Iteration 14900. Early stopping counter: 27, LR counter: 2
[Trainer] No improvement. Iteration 15000. Early stopping counter: 28, LR counter: 3
[Trainer] No improvement. Iteration 15100. Early stopping counter: 29, LR counter: 4
[Trainer] No improvement. Iteration 15200. Early stopping counter: 30, LR counter: 5
[Trainer] No improvement. Iteration 15600. Early stopping counter: 1, LR counter: 1
[Trainer] No improvement. Iteration 15700. Early stopping counter: 2, LR counter: 2
[Trainer] No improvement. Iteration 15800. Early stopping counter: 3, LR counter: 3
[Trainer] No improvement. Iteration 16400. Early stopping counter: 1, LR counter: 1
[Trainer] No improvement. Iteration 16600. Early stopping counter: 1, LR counter: 1
[Trainer] No improvement. Iteration 16700. Early stopping counter: 2, LR counter: 2
[Trainer] No improvement. Iteration 16800. Early stopping counter: 3, LR counter: 3
[Trainer] No improvement. Iteration 16900. Early stopping counter: 4, LR counter: 4
[Trainer] No improvement. Iteration 17000. Early stopping counter: 5, LR counter: 5
[Trainer] No improvement. Iteration 17100. Early stopping counter: 6, LR counter: 6
[Trainer] No improvement. Iteration 17200. Early stopping counter: 7, LR counter: 7
[Trainer] No improvement. Iteration 17400. Early stopping counter: 1, LR counter: 1
[Trainer] No improvement. Iteration 17500. Early stopping counter: 2, LR counter: 2
[Trainer] No improvement. Iteration 17600. Early stopping counter: 3, LR counter: 3
[Trainer] No improvement. Iteration 17700. Early stopping counter: 4, LR counter: 4
[Trainer] No improvement. Iteration 17800. Early stopping counter: 5, LR counter: 5
[Trainer] No improvement. Iteration 17900. Early stopping counter: 6, LR counter: 6
[Trainer] No improvement. Iteration 18000. Early stopping counter: 7, LR counter: 7
[Trainer] No improvement. Iteration 18100. Early stopping counter: 8, LR counter: 8
[Trainer] No improvement. Iteration 18200. Early stopping counter: 9, LR counter: 9
[Trainer] No improvement. Iteration 18300. Early stopping counter: 10, LR counter: 10
[Trainer] No improvement. Iteration 18400. Early stopping counter: 11, LR counter: 11
[Trainer] No improvement. Iteration 18500. Early stopping counter: 12, LR counter: 12
[Trainer] No improvement. Iteration 18600. Early stopping counter: 13, LR counter: 13
[Trainer] No improvement. Iteration 18700. Early stopping counter: 14, LR counter: 14
[Trainer] No improvement. Iteration 18800. Early stopping counter: 15, LR counter: 15
[Trainer] No improvement. Iteration 18900. Early stopping counter: 16, LR counter: 16
[Trainer] No improvement. Iteration 19000. Early stopping counter: 17, LR counter: 17
[Trainer] No improvement. Iteration 19100. Early stopping counter: 18, LR counter: 18
[Trainer] No improvement. Iteration 19200. Early stopping counter: 19, LR counter: 19
[Trainer] No improvement. Iteration 19300. Early stopping counter: 20, LR counter: 20
[Trainer] No improvement. Iteration 19400. Early stopping counter: 21, LR counter: 21
[Trainer] No improvement. Iteration 19500. Early stopping counter: 22, LR counter: 22
[Trainer] No improvement. Iteration 19600. Early stopping counter: 23, LR counter: 23
[Trainer] No improvement. Iteration 19700. Early stopping counter: 24, LR counter: 24
[Trainer] No improvement. Iteration 19800. Early stopping counter: 25, LR counter: 25
[Trainer] Learning rate reduced to: 0.000001
[Trainer] No improvement. Iteration 19900. Early stopping counter: 26, LR counter: 1
[Trainer] No improvement. Iteration 20000. Early stopping counter: 27, LR counter: 2
[Trainer] No improvement. Iteration 20100. Early stopping counter: 28, LR counter: 3
[Trainer] No improvement. Iteration 20200. Early stopping counter: 29, LR counter: 4
[Trainer] No improvement. Iteration 20300. Early stopping counter: 30, LR counter: 5
[Trainer] No improvement. Iteration 20400. Early stopping counter: 31, LR counter: 6
[Trainer] No improvement. Iteration 20500. Early stopping counter: 32, LR counter: 7
[Trainer] No improvement. Iteration 20600. Early stopping counter: 33, LR counter: 8
[Trainer] No improvement. Iteration 20700. Early stopping counter: 34, LR counter: 9
[Trainer] No improvement. Iteration 20800. Early stopping counter: 35, LR counter: 10
[Trainer] No improvement. Iteration 20900. Early stopping counter: 36, LR counter: 11
[Trainer] No improvement. Iteration 21000. Early stopping counter: 37, LR counter: 12
[Trainer] No improvement. Iteration 21100. Early stopping counter: 38, LR counter: 13
[Trainer] No improvement. Iteration 21200. Early stopping counter: 39, LR counter: 14
[Trainer] No improvement. Iteration 21300. Early stopping counter: 40, LR counter: 15
[Trainer] No improvement. Iteration 21400. Early stopping counter: 41, LR counter: 16
[Trainer] No improvement. Iteration 21500. Early stopping counter: 42, LR counter: 17
[Trainer] No improvement. Iteration 21600. Early stopping counter: 43, LR counter: 18
[Trainer] No improvement. Iteration 21700. Early stopping counter: 44, LR counter: 19
[Trainer] No improvement. Iteration 21800. Early stopping counter: 45, LR counter: 20
[Trainer] No improvement. Iteration 21900. Early stopping counter: 46, LR counter: 21
[Trainer] No improvement. Iteration 22000. Early stopping counter: 47, LR counter: 22
[Trainer] No improvement. Iteration 22100. Early stopping counter: 48, LR counter: 23
[Trainer] No improvement. Iteration 22200. Early stopping counter: 49, LR counter: 24
[Trainer] No improvement. Iteration 22300. Early stopping counter: 50, LR counter: 25
[Trainer] Learning rate reduced to: 0.000000
[Trainer] Early stopping triggered.
[Trainer] Training completed.
[Trainer] Calibrating temperatures on validation set...
[Trainer] Temperature calibration finished. Calibrated temperatures: {4: 0.9409722685813904, 6: 0.8593867421150208, 8: 1.2418469190597534, 10: 1.0740398168563843}
[Trainer] BNN training completed.
**************************************************
Z=8, N=4, emax=4
RMSE Eb: 0.800
RMSE Rch: 0.011
MAPE Eb: 2.265
MAPE Rch: 0.510
--------------------------------------------------
**************************************************
Z=8, N=4, emax=10
RMSE Eb: 1.605
RMSE Rch: 0.049
MAPE Eb: 2.554
MAPE Rch: 2.132
--------------------------------------------------
**************************************************
Z=8, N=4, emax=6
RMSE Eb: 1.074
RMSE Rch: 0.014
MAPE Eb: 2.046
MAPE Rch: 0.635
--------------------------------------------------
**************************************************
Z=8, N=4, emax=8
RMSE Eb: 1.003
RMSE Rch: 0.021
MAPE Eb: 1.654
MAPE Rch: 0.979
--------------------------------------------------
**************************************************
Z=8, N=5, emax=8
RMSE Eb: 0.951
RMSE Rch: 0.014
MAPE Eb: 1.220
MAPE Rch: 0.675
--------------------------------------------------
**************************************************
Z=8, N=5, emax=6
RMSE Eb: 0.724
RMSE Rch: 0.010
MAPE Eb: 1.044
MAPE Rch: 0.497
--------------------------------------------------
**************************************************
Z=8, N=5, emax=4
RMSE Eb: 0.624
RMSE Rch: 0.007
MAPE Eb: 1.296
MAPE Rch: 0.322
--------------------------------------------------
**************************************************
Z=8, N=5, emax=10
RMSE Eb: 0.943
RMSE Rch: 0.010
MAPE Eb: 1.251
MAPE Rch: 0.556
--------------------------------------------------
**************************************************
Z=8, N=6, emax=4
RMSE Eb: 0.737
RMSE Rch: 0.008
MAPE Eb: 1.088
MAPE Rch: 0.393
--------------------------------------------------
**************************************************
Z=8, N=6, emax=6
RMSE Eb: 0.915
RMSE Rch: 0.009
MAPE Eb: 0.950
MAPE Rch: 0.439
--------------------------------------------------
**************************************************
Z=8, N=6, emax=8
RMSE Eb: 1.138
RMSE Rch: 0.016
MAPE Eb: 1.122
MAPE Rch: 0.803
--------------------------------------------------
**************************************************
Z=8, N=6, emax=10
RMSE Eb: 0.906
RMSE Rch: 0.018
MAPE Eb: 0.870
MAPE Rch: 0.977
--------------------------------------------------
**************************************************
Z=8, N=7, emax=8
RMSE Eb: 1.162
RMSE Rch: 0.016
MAPE Eb: 1.015
MAPE Rch: 0.789
--------------------------------------------------
**************************************************
Z=8, N=7, emax=10
RMSE Eb: 0.781
RMSE Rch: 0.011
MAPE Eb: 0.560
MAPE Rch: 0.654
--------------------------------------------------
**************************************************
Z=8, N=7, emax=6
RMSE Eb: 1.059
RMSE Rch: 0.011
MAPE Eb: 0.973
MAPE Rch: 0.588
--------------------------------------------------
**************************************************
Z=8, N=7, emax=4
RMSE Eb: 0.923
RMSE Rch: 0.008
MAPE Eb: 1.107
MAPE Rch: 0.405
--------------------------------------------------
**************************************************
Z=8, N=8, emax=4
RMSE Eb: 0.963
RMSE Rch: 0.011
MAPE Eb: 1.042
MAPE Rch: 0.301
--------------------------------------------------
**************************************************
Z=8, N=8, emax=8
RMSE Eb: 1.803
RMSE Rch: 0.016
MAPE Eb: 1.104
MAPE Rch: 0.401
--------------------------------------------------
**************************************************
Z=8, N=8, emax=6
RMSE Eb: 1.462
RMSE Rch: 0.015
MAPE Eb: 1.157
MAPE Rch: 0.388
--------------------------------------------------
**************************************************
Z=8, N=8, emax=10
RMSE Eb: 1.344
RMSE Rch: 0.018
MAPE Eb: 0.769
MAPE Rch: 0.597
--------------------------------------------------
**************************************************
Z=8, N=9, emax=8
RMSE Eb: 1.178
RMSE Rch: 0.013
MAPE Eb: 0.827
MAPE Rch: 0.392
--------------------------------------------------
**************************************************
Z=8, N=9, emax=6
RMSE Eb: 0.970
RMSE Rch: 0.009
MAPE Eb: 0.779
MAPE Rch: 0.261
--------------------------------------------------
**************************************************
Z=8, N=9, emax=4
RMSE Eb: 0.681
RMSE Rch: 0.008
MAPE Eb: 0.734
MAPE Rch: 0.218
--------------------------------------------------
**************************************************
Z=8, N=9, emax=10
RMSE Eb: 1.121
RMSE Rch: 0.007
MAPE Eb: 0.848
MAPE Rch: 0.197
--------------------------------------------------
**************************************************
Z=8, N=10, emax=4
RMSE Eb: 0.767
RMSE Rch: 0.007
MAPE Eb: 0.840
MAPE Rch: 0.192
--------------------------------------------------
**************************************************
Z=8, N=10, emax=10
RMSE Eb: 0.948
RMSE Rch: 0.010
MAPE Eb: 0.686
MAPE Rch: 0.267
--------------------------------------------------
**************************************************
Z=8, N=10, emax=6
RMSE Eb: 0.928
RMSE Rch: 0.010
MAPE Eb: 0.710
MAPE Rch: 0.260
--------------------------------------------------
**************************************************
Z=8, N=10, emax=8
RMSE Eb: 1.124
RMSE Rch: 0.018
MAPE Eb: 0.760
MAPE Rch: 0.547
--------------------------------------------------
**************************************************
Z=8, N=11, emax=4
RMSE Eb: 0.824
RMSE Rch: 0.006
MAPE Eb: 0.833
MAPE Rch: 0.160
--------------------------------------------------
**************************************************
Z=8, N=11, emax=6
RMSE Eb: 1.124
RMSE Rch: 0.016
MAPE Eb: 0.833
MAPE Rch: 0.496
--------------------------------------------------
**************************************************
Z=8, N=11, emax=8
RMSE Eb: 0.995
RMSE Rch: 0.010
MAPE Eb: 0.679
MAPE Rch: 0.288
--------------------------------------------------
**************************************************
Z=8, N=11, emax=10
RMSE Eb: 1.021
RMSE Rch: 0.010
MAPE Eb: 0.744
MAPE Rch: 0.308
--------------------------------------------------
**************************************************
Z=8, N=12, emax=6
RMSE Eb: 1.099
RMSE Rch: 0.011
MAPE Eb: 0.799
MAPE Rch: 0.317
--------------------------------------------------
**************************************************
Z=8, N=12, emax=4
RMSE Eb: 0.856
RMSE Rch: 0.010
MAPE Eb: 0.894
MAPE Rch: 0.266
--------------------------------------------------
**************************************************
Z=8, N=12, emax=8
RMSE Eb: 1.098
RMSE Rch: 0.011
MAPE Eb: 0.725
MAPE Rch: 0.322
--------------------------------------------------
**************************************************
Z=8, N=12, emax=10
RMSE Eb: 1.159
RMSE Rch: 0.011
MAPE Eb: 0.725
MAPE Rch: 0.279
--------------------------------------------------
**************************************************
Z=8, N=13, emax=8
RMSE Eb: 1.295
RMSE Rch: 0.015
MAPE Eb: 0.811
MAPE Rch: 0.464
--------------------------------------------------
**************************************************
Z=8, N=13, emax=4
RMSE Eb: 0.809
RMSE Rch: 0.008
MAPE Eb: 0.844
MAPE Rch: 0.202
--------------------------------------------------
**************************************************
Z=8, N=13, emax=10
RMSE Eb: 1.707
RMSE Rch: 0.009
MAPE Eb: 1.046
MAPE Rch: 0.255
--------------------------------------------------
**************************************************
Z=8, N=13, emax=6
RMSE Eb: 0.956
RMSE Rch: 0.012
MAPE Eb: 0.716
MAPE Rch: 0.329
--------------------------------------------------
**************************************************
Z=8, N=14, emax=8
RMSE Eb: 1.192
RMSE Rch: 0.018
MAPE Eb: 0.759
MAPE Rch: 0.509
--------------------------------------------------
**************************************************
Z=8, N=14, emax=4
RMSE Eb: 0.917
RMSE Rch: 0.009
MAPE Eb: 0.953
MAPE Rch: 0.239
--------------------------------------------------
**************************************************
Z=8, N=14, emax=6
RMSE Eb: 1.015
RMSE Rch: 0.009
MAPE Eb: 0.742
MAPE Rch: 0.264
--------------------------------------------------
**************************************************
Z=8, N=14, emax=10
RMSE Eb: 1.164
RMSE Rch: 0.012
MAPE Eb: 0.775
MAPE Rch: 0.307
--------------------------------------------------
**************************************************
Z=8, N=15, emax=8
RMSE Eb: 1.703
RMSE Rch: 0.022
MAPE Eb: 0.988
MAPE Rch: 0.707
--------------------------------------------------
**************************************************
Z=8, N=15, emax=4
RMSE Eb: 1.072
RMSE Rch: 0.011
MAPE Eb: 1.038
MAPE Rch: 0.324
--------------------------------------------------
**************************************************
Z=8, N=15, emax=6
RMSE Eb: 1.100
RMSE Rch: 0.009
MAPE Eb: 0.781
MAPE Rch: 0.252
--------------------------------------------------
**************************************************
Z=8, N=15, emax=10
RMSE Eb: 1.952
RMSE Rch: 0.009
MAPE Eb: 1.020
MAPE Rch: 0.264
--------------------------------------------------
**************************************************
Z=8, N=16, emax=8
RMSE Eb: 1.609
RMSE Rch: 0.013
MAPE Eb: 0.980
MAPE Rch: 0.350
--------------------------------------------------
**************************************************
Z=8, N=16, emax=6
RMSE Eb: 1.041
RMSE Rch: 0.016
MAPE Eb: 0.694
MAPE Rch: 0.466
--------------------------------------------------
**************************************************
Z=8, N=16, emax=10
RMSE Eb: 1.704
RMSE Rch: 0.014
MAPE Eb: 1.024
MAPE Rch: 0.416
--------------------------------------------------
**************************************************
Z=8, N=16, emax=4
RMSE Eb: 1.166
RMSE Rch: 0.010
MAPE Eb: 1.151
MAPE Rch: 0.274
--------------------------------------------------
Finished VAL for AE n=330
**************************************************
Z=8, N=4, emax=6
RMSE Eb: 1.243
RMSE Rch: 0.016
MAPE Eb: 2.409
MAPE Rch: 0.754
--------------------------------------------------
**************************************************
Z=8, N=4, emax=8
RMSE Eb: 1.028
RMSE Rch: 0.022
MAPE Eb: 1.606
MAPE Rch: 1.064
--------------------------------------------------
**************************************************
Z=8, N=4, emax=4
RMSE Eb: 0.814
RMSE Rch: 0.010
MAPE Eb: 2.232
MAPE Rch: 0.434
--------------------------------------------------
**************************************************
Z=8, N=4, emax=10
RMSE Eb: 1.347
RMSE Rch: 0.023
MAPE Eb: 2.082
MAPE Rch: 1.228
--------------------------------------------------
**************************************************
Z=8, N=5, emax=4
RMSE Eb: 0.651
RMSE Rch: 0.007
MAPE Eb: 1.308
MAPE Rch: 0.333
--------------------------------------------------
**************************************************
Z=8, N=5, emax=8
RMSE Eb: 1.077
RMSE Rch: 0.015
MAPE Eb: 1.392
MAPE Rch: 0.670
--------------------------------------------------
**************************************************
Z=8, N=5, emax=6
RMSE Eb: 0.757
RMSE Rch: 0.011
MAPE Eb: 1.149
MAPE Rch: 0.537
--------------------------------------------------
**************************************************
Z=8, N=5, emax=10
RMSE Eb: 1.412
RMSE Rch: 0.023
MAPE Eb: 1.644
MAPE Rch: 1.073
--------------------------------------------------
**************************************************
Z=8, N=6, emax=4
RMSE Eb: 0.696
RMSE Rch: 0.009
MAPE Eb: 1.018
MAPE Rch: 0.406
--------------------------------------------------
**************************************************
Z=8, N=6, emax=8
RMSE Eb: 1.070
RMSE Rch: 0.019
MAPE Eb: 1.030
MAPE Rch: 0.840
--------------------------------------------------
**************************************************
Z=8, N=6, emax=6
RMSE Eb: 1.011
RMSE Rch: 0.011
MAPE Eb: 1.136
MAPE Rch: 0.506
--------------------------------------------------
**************************************************
Z=8, N=6, emax=10
RMSE Eb: 1.026
RMSE Rch: 0.018
MAPE Eb: 0.933
MAPE Rch: 0.791
--------------------------------------------------
**************************************************
Z=8, N=7, emax=4
RMSE Eb: 0.813
RMSE Rch: 0.008
MAPE Eb: 0.954
MAPE Rch: 0.397
--------------------------------------------------
**************************************************
Z=8, N=7, emax=8
RMSE Eb: 1.260
RMSE Rch: 0.017
MAPE Eb: 1.061
MAPE Rch: 0.905
--------------------------------------------------
**************************************************
Z=8, N=7, emax=6
RMSE Eb: 1.188
RMSE Rch: 0.010
MAPE Eb: 1.073
MAPE Rch: 0.501
--------------------------------------------------
**************************************************
Z=8, N=7, emax=10
RMSE Eb: 1.014
RMSE Rch: 0.011
MAPE Eb: 0.803
MAPE Rch: 0.583
--------------------------------------------------
**************************************************
Z=8, N=8, emax=4
RMSE Eb: 0.807
RMSE Rch: 0.012
MAPE Eb: 0.811
MAPE Rch: 0.325
--------------------------------------------------
**************************************************
Z=8, N=8, emax=6
RMSE Eb: 1.446
RMSE Rch: 0.013
MAPE Eb: 1.172
MAPE Rch: 0.358
--------------------------------------------------
**************************************************
Z=8, N=8, emax=8
RMSE Eb: 1.424
RMSE Rch: 0.014
MAPE Eb: 1.113
MAPE Rch: 0.410
--------------------------------------------------
**************************************************
Z=8, N=8, emax=10
RMSE Eb: 1.372
RMSE Rch: 0.016
MAPE Eb: 0.982
MAPE Rch: 0.469
--------------------------------------------------
**************************************************
Z=8, N=9, emax=4
RMSE Eb: 0.837
RMSE Rch: 0.008
MAPE Eb: 0.884
MAPE Rch: 0.237
--------------------------------------------------
**************************************************
Z=8, N=9, emax=8
RMSE Eb: 1.050
RMSE Rch: 0.013
MAPE Eb: 0.744
MAPE Rch: 0.355
--------------------------------------------------
**************************************************
Z=8, N=9, emax=6
RMSE Eb: 1.008
RMSE Rch: 0.009
MAPE Eb: 0.849
MAPE Rch: 0.262
--------------------------------------------------
**************************************************
Z=8, N=9, emax=10
RMSE Eb: 1.100
RMSE Rch: 0.014
MAPE Eb: 0.730
MAPE Rch: 0.396
--------------------------------------------------
**************************************************
Z=8, N=10, emax=4
RMSE Eb: 0.775
RMSE Rch: 0.008
MAPE Eb: 0.842
MAPE Rch: 0.211
--------------------------------------------------
**************************************************
Z=8, N=10, emax=6
RMSE Eb: 1.181
RMSE Rch: 0.010
MAPE Eb: 0.894
MAPE Rch: 0.268
--------------------------------------------------
**************************************************
Z=8, N=10, emax=8
RMSE Eb: 1.261
RMSE Rch: 0.019
MAPE Eb: 0.929
MAPE Rch: 0.602
--------------------------------------------------
**************************************************
Z=8, N=10, emax=10
RMSE Eb: 0.574
RMSE Rch: 0.010
MAPE Eb: 0.389
MAPE Rch: 0.309
--------------------------------------------------
**************************************************
Z=8, N=11, emax=8
RMSE Eb: 1.223
RMSE Rch: 0.010
MAPE Eb: 0.861
MAPE Rch: 0.278
--------------------------------------------------
**************************************************
Z=8, N=11, emax=4
RMSE Eb: 0.890
RMSE Rch: 0.006
MAPE Eb: 0.972
MAPE Rch: 0.167
--------------------------------------------------
**************************************************
Z=8, N=11, emax=6
RMSE Eb: 1.160
RMSE Rch: 0.015
MAPE Eb: 0.909
MAPE Rch: 0.444
--------------------------------------------------
**************************************************
Z=8, N=11, emax=10
RMSE Eb: 1.146
RMSE Rch: 0.010
MAPE Eb: 0.735
MAPE Rch: 0.303
--------------------------------------------------
**************************************************
Z=8, N=12, emax=6
RMSE Eb: 0.874
RMSE Rch: 0.010
MAPE Eb: 0.631
MAPE Rch: 0.293
--------------------------------------------------
**************************************************
Z=8, N=12, emax=8
RMSE Eb: 1.057
RMSE Rch: 0.011
MAPE Eb: 0.617
MAPE Rch: 0.321
--------------------------------------------------
**************************************************
Z=8, N=12, emax=4
RMSE Eb: 0.788
RMSE Rch: 0.008
MAPE Eb: 0.789
MAPE Rch: 0.206
--------------------------------------------------
**************************************************
Z=8, N=12, emax=10
RMSE Eb: 0.731
RMSE Rch: 0.010
MAPE Eb: 0.513
MAPE Rch: 0.281
--------------------------------------------------
**************************************************
Z=8, N=13, emax=8
RMSE Eb: 1.258
RMSE Rch: 0.017
MAPE Eb: 0.821
MAPE Rch: 0.525
--------------------------------------------------
**************************************************
Z=8, N=13, emax=4
RMSE Eb: 0.870
RMSE Rch: 0.009
MAPE Eb: 0.863
MAPE Rch: 0.257
--------------------------------------------------
**************************************************
Z=8, N=13, emax=6
RMSE Eb: 0.951
RMSE Rch: 0.012
MAPE Eb: 0.693
MAPE Rch: 0.362
--------------------------------------------------
**************************************************
Z=8, N=13, emax=10
RMSE Eb: 1.287
RMSE Rch: 0.008
MAPE Eb: 0.761
MAPE Rch: 0.228
--------------------------------------------------
**************************************************
Z=8, N=14, emax=6
RMSE Eb: 1.006
RMSE Rch: 0.010
MAPE Eb: 0.732
MAPE Rch: 0.270
--------------------------------------------------
**************************************************
Z=8, N=14, emax=10
RMSE Eb: 1.501
RMSE Rch: 0.019
MAPE Eb: 0.795
MAPE Rch: 0.491
--------------------------------------------------
**************************************************
Z=8, N=14, emax=4
RMSE Eb: 0.902
RMSE Rch: 0.007
MAPE Eb: 0.882
MAPE Rch: 0.200
--------------------------------------------------
**************************************************
Z=8, N=14, emax=8
RMSE Eb: 1.151
RMSE Rch: 0.014
MAPE Eb: 0.690
MAPE Rch: 0.400
--------------------------------------------------
**************************************************
Z=8, N=15, emax=8
RMSE Eb: 1.560
RMSE Rch: 0.022
MAPE Eb: 1.025
MAPE Rch: 0.706
--------------------------------------------------
**************************************************
Z=8, N=15, emax=6
RMSE Eb: 0.960
RMSE Rch: 0.010
MAPE Eb: 0.701
MAPE Rch: 0.272
--------------------------------------------------
**************************************************
Z=8, N=15, emax=4
RMSE Eb: 0.849
RMSE Rch: 0.011
MAPE Eb: 0.852
MAPE Rch: 0.318
--------------------------------------------------
**************************************************
Z=8, N=15, emax=10
RMSE Eb: 1.234
RMSE Rch: 0.009
MAPE Eb: 0.732
MAPE Rch: 0.257
--------------------------------------------------
**************************************************
Z=8, N=16, emax=4
RMSE Eb: 1.228
RMSE Rch: 0.008
MAPE Eb: 1.307
MAPE Rch: 0.221
--------------------------------------------------
**************************************************
Z=8, N=16, emax=8
RMSE Eb: 1.506
RMSE Rch: 0.014
MAPE Eb: 0.893
MAPE Rch: 0.412
--------------------------------------------------
**************************************************
Z=8, N=16, emax=6
RMSE Eb: 0.970
RMSE Rch: 0.015
MAPE Eb: 0.684
MAPE Rch: 0.421
--------------------------------------------------
**************************************************
Z=8, N=16, emax=10
RMSE Eb: 1.290
RMSE Rch: 0.011
MAPE Eb: 0.693
MAPE Rch: 0.308
--------------------------------------------------
