Activated conda environment
[DataLoader] Found 13 files matching the pattern.
[DataLoader] Combined data shape: (17234, 35)
[Preprocess] Data split => train: (11029, 35), val: (2758, 35), test: (3447, 35)
[Preprocess] Processed fidelity 4 (index 0): 3758 samples.
[Preprocess] Processed fidelity 6 (index 1): 3346 samples.
[Preprocess] Processed fidelity 8 (index 2): 3194 samples.
[Preprocess] Processed fidelity 10 (index 3): 731 samples.
[Preprocess] Processed fidelity 4 (index 0): 949 samples.
[Preprocess] Processed fidelity 6 (index 1): 833 samples.
[Preprocess] Processed fidelity 8 (index 2): 801 samples.
[Preprocess] Processed fidelity 10 (index 3): 175 samples.
Fidelity levels: [4, 6, 8, 10]
[Trainer] Starting BNN training...
[Trainer] No improvement. Iteration 9700. Early stopping counter: 1, LR counter: 1
[Trainer] No improvement. Iteration 10600. Early stopping counter: 1, LR counter: 1
[Trainer] No improvement. Iteration 10800. Early stopping counter: 1, LR counter: 1
[Trainer] No improvement. Iteration 10900. Early stopping counter: 2, LR counter: 2
[Trainer] No improvement. Iteration 11100. Early stopping counter: 1, LR counter: 1
[Trainer] No improvement. Iteration 11600. Early stopping counter: 1, LR counter: 1
[Trainer] No improvement. Iteration 11700. Early stopping counter: 2, LR counter: 2
[Trainer] No improvement. Iteration 12500. Early stopping counter: 1, LR counter: 1
[Trainer] No improvement. Iteration 12600. Early stopping counter: 2, LR counter: 2
[Trainer] No improvement. Iteration 12700. Early stopping counter: 3, LR counter: 3
[Trainer] No improvement. Iteration 12800. Early stopping counter: 4, LR counter: 4
[Trainer] No improvement. Iteration 12900. Early stopping counter: 5, LR counter: 5
[Trainer] No improvement. Iteration 13000. Early stopping counter: 6, LR counter: 6
[Trainer] No improvement. Iteration 13100. Early stopping counter: 7, LR counter: 7
[Trainer] No improvement. Iteration 13200. Early stopping counter: 8, LR counter: 8
[Trainer] No improvement. Iteration 13300. Early stopping counter: 9, LR counter: 9
[Trainer] No improvement. Iteration 13400. Early stopping counter: 10, LR counter: 10
[Trainer] No improvement. Iteration 13500. Early stopping counter: 11, LR counter: 11
[Trainer] No improvement. Iteration 13600. Early stopping counter: 12, LR counter: 12
[Trainer] No improvement. Iteration 13700. Early stopping counter: 13, LR counter: 13
[Trainer] No improvement. Iteration 13800. Early stopping counter: 14, LR counter: 14
[Trainer] No improvement. Iteration 13900. Early stopping counter: 15, LR counter: 15
[Trainer] No improvement. Iteration 14000. Early stopping counter: 16, LR counter: 16
[Trainer] No improvement. Iteration 14300. Early stopping counter: 1, LR counter: 1
[Trainer] No improvement. Iteration 14400. Early stopping counter: 2, LR counter: 2
[Trainer] No improvement. Iteration 14500. Early stopping counter: 3, LR counter: 3
[Trainer] No improvement. Iteration 14700. Early stopping counter: 1, LR counter: 1
[Trainer] No improvement. Iteration 14800. Early stopping counter: 2, LR counter: 2
[Trainer] No improvement. Iteration 14900. Early stopping counter: 3, LR counter: 3
[Trainer] No improvement. Iteration 15100. Early stopping counter: 1, LR counter: 1
[Trainer] No improvement. Iteration 15200. Early stopping counter: 2, LR counter: 2
[Trainer] No improvement. Iteration 15300. Early stopping counter: 3, LR counter: 3
[Trainer] No improvement. Iteration 15400. Early stopping counter: 4, LR counter: 4
[Trainer] No improvement. Iteration 15500. Early stopping counter: 5, LR counter: 5
[Trainer] No improvement. Iteration 15600. Early stopping counter: 6, LR counter: 6
[Trainer] No improvement. Iteration 15700. Early stopping counter: 7, LR counter: 7
[Trainer] No improvement. Iteration 15800. Early stopping counter: 8, LR counter: 8
[Trainer] No improvement. Iteration 15900. Early stopping counter: 9, LR counter: 9
[Trainer] No improvement. Iteration 16000. Early stopping counter: 10, LR counter: 10
[Trainer] No improvement. Iteration 16100. Early stopping counter: 11, LR counter: 11
[Trainer] No improvement. Iteration 16200. Early stopping counter: 12, LR counter: 12
[Trainer] No improvement. Iteration 16300. Early stopping counter: 13, LR counter: 13
[Trainer] No improvement. Iteration 16400. Early stopping counter: 14, LR counter: 14
[Trainer] No improvement. Iteration 16500. Early stopping counter: 15, LR counter: 15
[Trainer] No improvement. Iteration 16600. Early stopping counter: 16, LR counter: 16
[Trainer] No improvement. Iteration 16700. Early stopping counter: 17, LR counter: 17
[Trainer] No improvement. Iteration 16800. Early stopping counter: 18, LR counter: 18
[Trainer] No improvement. Iteration 16900. Early stopping counter: 19, LR counter: 19
[Trainer] No improvement. Iteration 17000. Early stopping counter: 20, LR counter: 20
[Trainer] No improvement. Iteration 17100. Early stopping counter: 21, LR counter: 21
[Trainer] No improvement. Iteration 17200. Early stopping counter: 22, LR counter: 22
[Trainer] No improvement. Iteration 17300. Early stopping counter: 23, LR counter: 23
[Trainer] No improvement. Iteration 17400. Early stopping counter: 24, LR counter: 24
[Trainer] No improvement. Iteration 17500. Early stopping counter: 25, LR counter: 25
[Trainer] Learning rate reduced to: 0.000010
[Trainer] No improvement. Iteration 17600. Early stopping counter: 26, LR counter: 1
[Trainer] No improvement. Iteration 17700. Early stopping counter: 27, LR counter: 2
[Trainer] No improvement. Iteration 17800. Early stopping counter: 28, LR counter: 3
[Trainer] No improvement. Iteration 17900. Early stopping counter: 29, LR counter: 4
[Trainer] No improvement. Iteration 18000. Early stopping counter: 30, LR counter: 5
[Trainer] No improvement. Iteration 18100. Early stopping counter: 31, LR counter: 6
[Trainer] No improvement. Iteration 18200. Early stopping counter: 32, LR counter: 7
[Trainer] No improvement. Iteration 18300. Early stopping counter: 33, LR counter: 8
[Trainer] No improvement. Iteration 18400. Early stopping counter: 34, LR counter: 9
[Trainer] No improvement. Iteration 18500. Early stopping counter: 35, LR counter: 10
[Trainer] No improvement. Iteration 18600. Early stopping counter: 36, LR counter: 11
[Trainer] No improvement. Iteration 18700. Early stopping counter: 37, LR counter: 12
[Trainer] No improvement. Iteration 18800. Early stopping counter: 38, LR counter: 13
[Trainer] No improvement. Iteration 18900. Early stopping counter: 39, LR counter: 14
[Trainer] No improvement. Iteration 19000. Early stopping counter: 40, LR counter: 15
[Trainer] No improvement. Iteration 19100. Early stopping counter: 41, LR counter: 16
[Trainer] No improvement. Iteration 19200. Early stopping counter: 42, LR counter: 17
[Trainer] No improvement. Iteration 19300. Early stopping counter: 43, LR counter: 18
[Trainer] No improvement. Iteration 19400. Early stopping counter: 44, LR counter: 19
[Trainer] No improvement. Iteration 19500. Early stopping counter: 45, LR counter: 20
[Trainer] No improvement. Iteration 19600. Early stopping counter: 46, LR counter: 21
[Trainer] No improvement. Iteration 19700. Early stopping counter: 47, LR counter: 22
[Trainer] No improvement. Iteration 19800. Early stopping counter: 48, LR counter: 23
[Trainer] No improvement. Iteration 19900. Early stopping counter: 49, LR counter: 24
[Trainer] No improvement. Iteration 20000. Early stopping counter: 50, LR counter: 25
[Trainer] Learning rate reduced to: 0.000001
[Trainer] Early stopping triggered.
[Trainer] Training completed.
[Trainer] Calibrating temperatures on validation set...
[Trainer] Temperature calibration finished. Calibrated temperatures: {4: 0.989825963973999, 6: 0.9534344673156738, 8: 1.0366463661193848, 10: 1.3788721561431885}
[Trainer] BNN training completed.
**************************************************
Z=8, N=4, emax=4
RMSE Eb: 0.958
RMSE Rch: 0.008
MAPE Eb: 3.008
MAPE Rch: 0.362
--------------------------------------------------
**************************************************
Z=8, N=4, emax=10
RMSE Eb: 1.149
RMSE Rch: 0.065
MAPE Eb: 1.869
MAPE Rch: 2.967
--------------------------------------------------
**************************************************
Z=8, N=4, emax=6
RMSE Eb: 1.066
RMSE Rch: 0.019
MAPE Eb: 1.987
MAPE Rch: 0.883
--------------------------------------------------
**************************************************
Z=8, N=4, emax=8
RMSE Eb: 1.062
RMSE Rch: 0.023
MAPE Eb: 1.790
MAPE Rch: 1.088
--------------------------------------------------
**************************************************
Z=8, N=5, emax=8
RMSE Eb: 1.126
RMSE Rch: 0.020
MAPE Eb: 1.474
MAPE Rch: 0.945
--------------------------------------------------
**************************************************
Z=8, N=5, emax=6
RMSE Eb: 1.081
RMSE Rch: 0.014
MAPE Eb: 1.553
MAPE Rch: 0.701
--------------------------------------------------
**************************************************
Z=8, N=5, emax=4
RMSE Eb: 0.785
RMSE Rch: 0.009
MAPE Eb: 1.708
MAPE Rch: 0.399
--------------------------------------------------
**************************************************
Z=8, N=5, emax=10
RMSE Eb: 0.945
RMSE Rch: 0.016
MAPE Eb: 1.248
MAPE Rch: 0.853
--------------------------------------------------
**************************************************
Z=8, N=6, emax=4
RMSE Eb: 0.742
RMSE Rch: 0.011
MAPE Eb: 1.123
MAPE Rch: 0.516
--------------------------------------------------
**************************************************
Z=8, N=6, emax=6
RMSE Eb: 0.860
RMSE Rch: 0.014
MAPE Eb: 0.953
MAPE Rch: 0.645
--------------------------------------------------
**************************************************
Z=8, N=6, emax=8
RMSE Eb: 1.423
RMSE Rch: 0.016
MAPE Eb: 1.311
MAPE Rch: 0.759
--------------------------------------------------
**************************************************
Z=8, N=6, emax=10
RMSE Eb: 1.660
RMSE Rch: 0.016
MAPE Eb: 1.597
MAPE Rch: 0.735
--------------------------------------------------
**************************************************
Z=8, N=7, emax=8
RMSE Eb: 0.886
RMSE Rch: 0.014
MAPE Eb: 0.756
MAPE Rch: 0.682
--------------------------------------------------
**************************************************
Z=8, N=7, emax=10
RMSE Eb: 1.315
RMSE Rch: 0.012
MAPE Eb: 1.149
MAPE Rch: 0.703
--------------------------------------------------
**************************************************
Z=8, N=7, emax=6
RMSE Eb: 0.842
RMSE Rch: 0.014
MAPE Eb: 0.796
MAPE Rch: 0.727
--------------------------------------------------
**************************************************
Z=8, N=7, emax=4
RMSE Eb: 0.837
RMSE Rch: 0.010
MAPE Eb: 1.019
MAPE Rch: 0.506
--------------------------------------------------
**************************************************
Z=8, N=8, emax=4
RMSE Eb: 0.913
RMSE Rch: 0.014
MAPE Eb: 0.944
MAPE Rch: 0.385
--------------------------------------------------
**************************************************
Z=8, N=8, emax=8
RMSE Eb: 1.092
RMSE Rch: 0.017
MAPE Eb: 0.849
MAPE Rch: 0.497
--------------------------------------------------
**************************************************
Z=8, N=8, emax=6
RMSE Eb: 0.790
RMSE Rch: 0.014
MAPE Eb: 0.691
MAPE Rch: 0.370
--------------------------------------------------
**************************************************
Z=8, N=8, emax=10
RMSE Eb: 0.955
RMSE Rch: 0.023
MAPE Eb: 0.767
MAPE Rch: 0.736
--------------------------------------------------
**************************************************
Z=8, N=9, emax=8
RMSE Eb: 1.136
RMSE Rch: 0.010
MAPE Eb: 0.829
MAPE Rch: 0.306
--------------------------------------------------
**************************************************
Z=8, N=9, emax=6
RMSE Eb: 1.032
RMSE Rch: 0.012
MAPE Eb: 0.864
MAPE Rch: 0.348
--------------------------------------------------
**************************************************
Z=8, N=9, emax=4
RMSE Eb: 1.014
RMSE Rch: 0.013
MAPE Eb: 1.007
MAPE Rch: 0.342
--------------------------------------------------
**************************************************
Z=8, N=9, emax=10
RMSE Eb: 1.029
RMSE Rch: 0.008
MAPE Eb: 0.835
MAPE Rch: 0.248
--------------------------------------------------
**************************************************
Z=8, N=10, emax=4
RMSE Eb: 0.976
RMSE Rch: 0.011
MAPE Eb: 1.040
MAPE Rch: 0.323
--------------------------------------------------
**************************************************
Z=8, N=10, emax=10
RMSE Eb: 1.777
RMSE Rch: 0.009
MAPE Eb: 1.276
MAPE Rch: 0.287
--------------------------------------------------
**************************************************
Z=8, N=10, emax=6
RMSE Eb: 1.190
RMSE Rch: 0.011
MAPE Eb: 0.858
MAPE Rch: 0.283
--------------------------------------------------
**************************************************
Z=8, N=10, emax=8
RMSE Eb: 1.139
RMSE Rch: 0.007
MAPE Eb: 0.812
MAPE Rch: 0.204
--------------------------------------------------
**************************************************
Z=8, N=11, emax=4
RMSE Eb: 0.910
RMSE Rch: 0.010
MAPE Eb: 0.962
MAPE Rch: 0.285
--------------------------------------------------
**************************************************
Z=8, N=11, emax=6
RMSE Eb: 1.128
RMSE Rch: 0.010
MAPE Eb: 0.866
MAPE Rch: 0.278
--------------------------------------------------
**************************************************
Z=8, N=11, emax=8
RMSE Eb: 1.245
RMSE Rch: 0.011
MAPE Eb: 0.839
MAPE Rch: 0.334
--------------------------------------------------
**************************************************
Z=8, N=11, emax=10
RMSE Eb: 1.567
RMSE Rch: 0.011
MAPE Eb: 1.080
MAPE Rch: 0.348
--------------------------------------------------
**************************************************
Z=8, N=12, emax=6
RMSE Eb: 1.547
RMSE Rch: 0.008
MAPE Eb: 1.092
MAPE Rch: 0.238
--------------------------------------------------
**************************************************
Z=8, N=12, emax=4
RMSE Eb: 0.787
RMSE Rch: 0.012
MAPE Eb: 0.784
MAPE Rch: 0.370
--------------------------------------------------
**************************************************
Z=8, N=12, emax=8
RMSE Eb: 1.216
RMSE Rch: 0.006
MAPE Eb: 0.811
MAPE Rch: 0.182
--------------------------------------------------
**************************************************
Z=8, N=12, emax=10
RMSE Eb: 1.367
RMSE Rch: 0.015
MAPE Eb: 0.788
MAPE Rch: 0.451
--------------------------------------------------
**************************************************
Z=8, N=13, emax=8
RMSE Eb: 1.171
RMSE Rch: 0.009
MAPE Eb: 0.731
MAPE Rch: 0.281
--------------------------------------------------
**************************************************
Z=8, N=13, emax=4
RMSE Eb: 0.740
RMSE Rch: 0.009
MAPE Eb: 0.767
MAPE Rch: 0.251
--------------------------------------------------
**************************************************
Z=8, N=13, emax=10
RMSE Eb: 1.315
RMSE Rch: 0.007
MAPE Eb: 0.772
MAPE Rch: 0.212
--------------------------------------------------
**************************************************
Z=8, N=13, emax=6
RMSE Eb: 1.014
RMSE Rch: 0.011
MAPE Eb: 0.775
MAPE Rch: 0.303
--------------------------------------------------
**************************************************
Z=8, N=14, emax=8
RMSE Eb: 1.545
RMSE Rch: 0.015
MAPE Eb: 0.952
MAPE Rch: 0.366
--------------------------------------------------
**************************************************
Z=8, N=14, emax=4
RMSE Eb: 0.949
RMSE Rch: 0.015
MAPE Eb: 0.992
MAPE Rch: 0.405
--------------------------------------------------
**************************************************
Z=8, N=14, emax=6
RMSE Eb: 0.982
RMSE Rch: 0.010
MAPE Eb: 0.774
MAPE Rch: 0.299
--------------------------------------------------
**************************************************
Z=8, N=14, emax=10
RMSE Eb: 1.467
RMSE Rch: 0.015
MAPE Eb: 0.914
MAPE Rch: 0.355
--------------------------------------------------
**************************************************
Z=8, N=15, emax=8
RMSE Eb: 1.282
RMSE Rch: 0.010
MAPE Eb: 0.821
MAPE Rch: 0.272
--------------------------------------------------
**************************************************
Z=8, N=15, emax=4
RMSE Eb: 1.205
RMSE Rch: 0.015
MAPE Eb: 1.238
MAPE Rch: 0.443
--------------------------------------------------
**************************************************
Z=8, N=15, emax=6
RMSE Eb: 1.362
RMSE Rch: 0.011
MAPE Eb: 0.923
MAPE Rch: 0.315
--------------------------------------------------
**************************************************
Z=8, N=15, emax=10
RMSE Eb: 1.273
RMSE Rch: 0.012
MAPE Eb: 0.697
MAPE Rch: 0.382
--------------------------------------------------
**************************************************
Z=8, N=16, emax=8
RMSE Eb: 1.621
RMSE Rch: 0.012
MAPE Eb: 0.907
MAPE Rch: 0.348
--------------------------------------------------
**************************************************
Z=8, N=16, emax=6
RMSE Eb: 1.799
RMSE Rch: 0.010
MAPE Eb: 1.329
MAPE Rch: 0.283
--------------------------------------------------
**************************************************
Z=8, N=16, emax=10
RMSE Eb: 2.100
RMSE Rch: 0.008
MAPE Eb: 1.346
MAPE Rch: 0.232
--------------------------------------------------
**************************************************
Z=8, N=16, emax=4
RMSE Eb: 1.232
RMSE Rch: 0.017
MAPE Eb: 1.127
MAPE Rch: 0.461
--------------------------------------------------
Finished VAL for AE n=70
**************************************************
Z=8, N=4, emax=6
RMSE Eb: 0.925
RMSE Rch: 0.019
MAPE Eb: 1.767
MAPE Rch: 0.922
--------------------------------------------------
**************************************************
Z=8, N=4, emax=8
RMSE Eb: 1.148
RMSE Rch: 0.025
MAPE Eb: 1.882
MAPE Rch: 1.181
--------------------------------------------------
**************************************************
Z=8, N=4, emax=4
RMSE Eb: 1.004
RMSE Rch: 0.008
MAPE Eb: 2.810
MAPE Rch: 0.396
--------------------------------------------------
**************************************************
Z=8, N=4, emax=10
RMSE Eb: 1.345
RMSE Rch: 0.046
MAPE Eb: 1.840
MAPE Rch: 2.195
--------------------------------------------------
**************************************************
Z=8, N=5, emax=4
RMSE Eb: 0.821
RMSE Rch: 0.009
MAPE Eb: 1.673
MAPE Rch: 0.428
--------------------------------------------------
**************************************************
Z=8, N=5, emax=8
RMSE Eb: 1.206
RMSE Rch: 0.019
MAPE Eb: 1.519
MAPE Rch: 0.873
--------------------------------------------------
**************************************************
Z=8, N=5, emax=6
RMSE Eb: 1.401
RMSE Rch: 0.013
MAPE Eb: 2.100
MAPE Rch: 0.689
--------------------------------------------------
**************************************************
Z=8, N=5, emax=10
RMSE Eb: 0.855
RMSE Rch: 0.012
MAPE Eb: 0.878
MAPE Rch: 0.643
--------------------------------------------------
**************************************************
Z=8, N=6, emax=4
RMSE Eb: 0.717
RMSE Rch: 0.010
MAPE Eb: 1.052
MAPE Rch: 0.472
--------------------------------------------------
**************************************************
Z=8, N=6, emax=8
RMSE Eb: 1.376
RMSE Rch: 0.019
MAPE Eb: 1.297
MAPE Rch: 0.838
--------------------------------------------------
**************************************************
Z=8, N=6, emax=6
RMSE Eb: 0.893
RMSE Rch: 0.018
MAPE Eb: 0.971
MAPE Rch: 0.865
--------------------------------------------------
**************************************************
Z=8, N=6, emax=10
RMSE Eb: 1.476
RMSE Rch: 0.020
MAPE Eb: 1.523
MAPE Rch: 1.065
--------------------------------------------------
**************************************************
Z=8, N=7, emax=4
RMSE Eb: 0.846
RMSE Rch: 0.009
MAPE Eb: 1.047
MAPE Rch: 0.465
--------------------------------------------------
**************************************************
Z=8, N=7, emax=8
RMSE Eb: 1.101
RMSE Rch: 0.015
MAPE Eb: 0.879
MAPE Rch: 0.751
--------------------------------------------------
**************************************************
Z=8, N=7, emax=6
RMSE Eb: 0.898
RMSE Rch: 0.013
MAPE Eb: 0.877
MAPE Rch: 0.673
--------------------------------------------------
**************************************************
Z=8, N=7, emax=10
RMSE Eb: 0.858
RMSE Rch: 0.011
MAPE Eb: 0.696
MAPE Rch: 0.581
--------------------------------------------------
**************************************************
Z=8, N=8, emax=4
RMSE Eb: 1.052
RMSE Rch: 0.014
MAPE Eb: 0.989
MAPE Rch: 0.378
--------------------------------------------------
**************************************************
Z=8, N=8, emax=6
RMSE Eb: 1.015
RMSE Rch: 0.015
MAPE Eb: 0.831
MAPE Rch: 0.447
--------------------------------------------------
**************************************************
Z=8, N=8, emax=8
RMSE Eb: 0.943
RMSE Rch: 0.012
MAPE Eb: 0.717
MAPE Rch: 0.360
--------------------------------------------------
**************************************************
Z=8, N=8, emax=10
RMSE Eb: 1.825
RMSE Rch: 0.019
MAPE Eb: 1.390
MAPE Rch: 0.591
--------------------------------------------------
**************************************************
Z=8, N=9, emax=4
RMSE Eb: 0.906
RMSE Rch: 0.010
MAPE Eb: 0.956
MAPE Rch: 0.285
--------------------------------------------------
**************************************************
Z=8, N=9, emax=8
RMSE Eb: 1.246
RMSE Rch: 0.011
MAPE Eb: 0.908
MAPE Rch: 0.315
--------------------------------------------------
**************************************************
Z=8, N=9, emax=6
RMSE Eb: 0.892
RMSE Rch: 0.011
MAPE Eb: 0.786
MAPE Rch: 0.310
--------------------------------------------------
**************************************************
Z=8, N=9, emax=10
RMSE Eb: 0.825
RMSE Rch: 0.013
MAPE Eb: 0.621
MAPE Rch: 0.401
--------------------------------------------------
**************************************************
Z=8, N=10, emax=4
RMSE Eb: 0.874
RMSE Rch: 0.012
MAPE Eb: 0.929
MAPE Rch: 0.325
--------------------------------------------------
**************************************************
Z=8, N=10, emax=6
RMSE Eb: 0.988
RMSE Rch: 0.010
MAPE Eb: 0.762
MAPE Rch: 0.279
--------------------------------------------------
**************************************************
Z=8, N=10, emax=8
RMSE Eb: 0.903
RMSE Rch: 0.007
MAPE Eb: 0.626
MAPE Rch: 0.204
--------------------------------------------------
**************************************************
Z=8, N=10, emax=10
RMSE Eb: 2.195
RMSE Rch: 0.012
MAPE Eb: 1.587
MAPE Rch: 0.384
--------------------------------------------------
**************************************************
Z=8, N=11, emax=8
RMSE Eb: 1.330
RMSE Rch: 0.011
MAPE Eb: 0.908
MAPE Rch: 0.326
--------------------------------------------------
**************************************************
Z=8, N=11, emax=4
RMSE Eb: 1.007
RMSE Rch: 0.010
MAPE Eb: 1.090
MAPE Rch: 0.291
--------------------------------------------------
**************************************************
Z=8, N=11, emax=6
RMSE Eb: 1.089
RMSE Rch: 0.010
MAPE Eb: 0.877
MAPE Rch: 0.277
--------------------------------------------------
**************************************************
Z=8, N=11, emax=10
RMSE Eb: 1.813
RMSE Rch: 0.009
MAPE Eb: 1.287
MAPE Rch: 0.307
--------------------------------------------------
**************************************************
Z=8, N=12, emax=6
RMSE Eb: 1.363
RMSE Rch: 0.012
MAPE Eb: 1.091
MAPE Rch: 0.345
--------------------------------------------------
**************************************************
Z=8, N=12, emax=8
RMSE Eb: 1.178
RMSE Rch: 0.008
MAPE Eb: 0.754
MAPE Rch: 0.203
--------------------------------------------------
**************************************************
Z=8, N=12, emax=4
RMSE Eb: 0.747
RMSE Rch: 0.011
MAPE Eb: 0.732
MAPE Rch: 0.332
--------------------------------------------------
**************************************************
Z=8, N=12, emax=10
RMSE Eb: 1.245
RMSE Rch: 0.012
MAPE Eb: 0.868
MAPE Rch: 0.350
--------------------------------------------------
**************************************************
Z=8, N=13, emax=8
RMSE Eb: 1.274
RMSE Rch: 0.011
MAPE Eb: 0.824
MAPE Rch: 0.309
--------------------------------------------------
**************************************************
Z=8, N=13, emax=4
RMSE Eb: 0.917
RMSE Rch: 0.009
MAPE Eb: 0.926
MAPE Rch: 0.227
--------------------------------------------------
**************************************************
Z=8, N=13, emax=6
RMSE Eb: 1.012
RMSE Rch: 0.009
MAPE Eb: 0.754
MAPE Rch: 0.265
--------------------------------------------------
**************************************************
Z=8, N=13, emax=10
RMSE Eb: 1.647
RMSE Rch: 0.006
MAPE Eb: 0.997
MAPE Rch: 0.174
--------------------------------------------------
**************************************************
Z=8, N=14, emax=6
RMSE Eb: 1.150
RMSE Rch: 0.011
MAPE Eb: 0.750
MAPE Rch: 0.313
--------------------------------------------------
**************************************************
Z=8, N=14, emax=10
RMSE Eb: 1.135
RMSE Rch: 0.015
MAPE Eb: 0.652
MAPE Rch: 0.393
--------------------------------------------------
**************************************************
Z=8, N=14, emax=4
RMSE Eb: 1.054
RMSE Rch: 0.013
MAPE Eb: 1.067
MAPE Rch: 0.357
--------------------------------------------------
**************************************************
Z=8, N=14, emax=8
RMSE Eb: 1.252
RMSE Rch: 0.011
MAPE Eb: 0.783
MAPE Rch: 0.311
--------------------------------------------------
**************************************************
Z=8, N=15, emax=8
RMSE Eb: 1.405
RMSE Rch: 0.010
MAPE Eb: 0.820
MAPE Rch: 0.293
--------------------------------------------------
**************************************************
Z=8, N=15, emax=6
RMSE Eb: 1.387
RMSE Rch: 0.011
MAPE Eb: 0.942
MAPE Rch: 0.287
--------------------------------------------------
**************************************************
Z=8, N=15, emax=4
RMSE Eb: 1.059
RMSE Rch: 0.016
MAPE Eb: 0.994
MAPE Rch: 0.448
--------------------------------------------------
**************************************************
Z=8, N=15, emax=10
RMSE Eb: 1.786
RMSE Rch: 0.013
MAPE Eb: 1.129
MAPE Rch: 0.371
--------------------------------------------------
**************************************************
Z=8, N=16, emax=4
RMSE Eb: 1.314
RMSE Rch: 0.015
MAPE Eb: 1.288
MAPE Rch: 0.409
--------------------------------------------------
**************************************************
Z=8, N=16, emax=8
RMSE Eb: 1.488
RMSE Rch: 0.012
MAPE Eb: 0.887
MAPE Rch: 0.335
--------------------------------------------------
**************************************************
Z=8, N=16, emax=6
RMSE Eb: 1.969
RMSE Rch: 0.012
MAPE Eb: 1.435
MAPE Rch: 0.343
--------------------------------------------------
**************************************************
Z=8, N=16, emax=10
RMSE Eb: 2.502
RMSE Rch: 0.013
MAPE Eb: 1.587
MAPE Rch: 0.392
--------------------------------------------------
