Activated conda environment
[DataLoader] Found 13 files matching the pattern.
[DataLoader] Combined data shape: (17234, 35)
[Preprocess] Data split => train: (11029, 35), val: (2758, 35), test: (3447, 35)
[Preprocess] Processed fidelity 4 (index 0): 3758 samples.
[Preprocess] Processed fidelity 6 (index 1): 3346 samples.
[Preprocess] Processed fidelity 8 (index 2): 3194 samples.
[Preprocess] Processed fidelity 10 (index 3): 731 samples.
[Preprocess] Processed fidelity 4 (index 0): 949 samples.
[Preprocess] Processed fidelity 6 (index 1): 833 samples.
[Preprocess] Processed fidelity 8 (index 2): 801 samples.
[Preprocess] Processed fidelity 10 (index 3): 175 samples.
Fidelity levels: [4, 6, 8, 10]
[Trainer] Starting BNN training...
[Trainer] No improvement. Iteration 6400. Early stopping counter: 1, LR counter: 1
[Trainer] No improvement. Iteration 6600. Early stopping counter: 1, LR counter: 1
[Trainer] No improvement. Iteration 7700. Early stopping counter: 1, LR counter: 1
[Trainer] No improvement. Iteration 7800. Early stopping counter: 2, LR counter: 2
[Trainer] No improvement. Iteration 7900. Early stopping counter: 3, LR counter: 3
[Trainer] No improvement. Iteration 8300. Early stopping counter: 1, LR counter: 1
[Trainer] No improvement. Iteration 8400. Early stopping counter: 2, LR counter: 2
[Trainer] No improvement. Iteration 8500. Early stopping counter: 3, LR counter: 3
[Trainer] No improvement. Iteration 8600. Early stopping counter: 4, LR counter: 4
[Trainer] No improvement. Iteration 8700. Early stopping counter: 5, LR counter: 5
[Trainer] No improvement. Iteration 9600. Early stopping counter: 1, LR counter: 1
[Trainer] No improvement. Iteration 9700. Early stopping counter: 2, LR counter: 2
[Trainer] No improvement. Iteration 9800. Early stopping counter: 3, LR counter: 3
[Trainer] No improvement. Iteration 9900. Early stopping counter: 4, LR counter: 4
[Trainer] No improvement. Iteration 10500. Early stopping counter: 1, LR counter: 1
[Trainer] No improvement. Iteration 10600. Early stopping counter: 2, LR counter: 2
[Trainer] No improvement. Iteration 10700. Early stopping counter: 3, LR counter: 3
[Trainer] No improvement. Iteration 10800. Early stopping counter: 4, LR counter: 4
[Trainer] No improvement. Iteration 10900. Early stopping counter: 5, LR counter: 5
[Trainer] No improvement. Iteration 11000. Early stopping counter: 6, LR counter: 6
[Trainer] No improvement. Iteration 11100. Early stopping counter: 7, LR counter: 7
[Trainer] No improvement. Iteration 11200. Early stopping counter: 8, LR counter: 8
[Trainer] No improvement. Iteration 11300. Early stopping counter: 9, LR counter: 9
[Trainer] No improvement. Iteration 11400. Early stopping counter: 10, LR counter: 10
[Trainer] No improvement. Iteration 11500. Early stopping counter: 11, LR counter: 11
[Trainer] No improvement. Iteration 11600. Early stopping counter: 12, LR counter: 12
[Trainer] No improvement. Iteration 11700. Early stopping counter: 13, LR counter: 13
[Trainer] No improvement. Iteration 11800. Early stopping counter: 14, LR counter: 14
[Trainer] No improvement. Iteration 11900. Early stopping counter: 15, LR counter: 15
[Trainer] No improvement. Iteration 12000. Early stopping counter: 16, LR counter: 16
[Trainer] No improvement. Iteration 12100. Early stopping counter: 17, LR counter: 17
[Trainer] No improvement. Iteration 12200. Early stopping counter: 18, LR counter: 18
[Trainer] No improvement. Iteration 12300. Early stopping counter: 19, LR counter: 19
[Trainer] No improvement. Iteration 12400. Early stopping counter: 20, LR counter: 20
[Trainer] No improvement. Iteration 12500. Early stopping counter: 21, LR counter: 21
[Trainer] No improvement. Iteration 12600. Early stopping counter: 22, LR counter: 22
[Trainer] No improvement. Iteration 12700. Early stopping counter: 23, LR counter: 23
[Trainer] No improvement. Iteration 12800. Early stopping counter: 24, LR counter: 24
[Trainer] No improvement. Iteration 12900. Early stopping counter: 25, LR counter: 25
[Trainer] Learning rate reduced to: 0.000010
[Trainer] No improvement. Iteration 13000. Early stopping counter: 26, LR counter: 1
[Trainer] No improvement. Iteration 13100. Early stopping counter: 27, LR counter: 2
[Trainer] No improvement. Iteration 13200. Early stopping counter: 28, LR counter: 3
[Trainer] No improvement. Iteration 13300. Early stopping counter: 29, LR counter: 4
[Trainer] No improvement. Iteration 13400. Early stopping counter: 30, LR counter: 5
[Trainer] No improvement. Iteration 13500. Early stopping counter: 31, LR counter: 6
[Trainer] No improvement. Iteration 13600. Early stopping counter: 32, LR counter: 7
[Trainer] No improvement. Iteration 13700. Early stopping counter: 33, LR counter: 8
[Trainer] No improvement. Iteration 13900. Early stopping counter: 1, LR counter: 1
[Trainer] No improvement. Iteration 14200. Early stopping counter: 1, LR counter: 1
[Trainer] No improvement. Iteration 14300. Early stopping counter: 2, LR counter: 2
[Trainer] No improvement. Iteration 14400. Early stopping counter: 3, LR counter: 3
[Trainer] No improvement. Iteration 14500. Early stopping counter: 4, LR counter: 4
[Trainer] No improvement. Iteration 14600. Early stopping counter: 5, LR counter: 5
[Trainer] No improvement. Iteration 14700. Early stopping counter: 6, LR counter: 6
[Trainer] No improvement. Iteration 14800. Early stopping counter: 7, LR counter: 7
[Trainer] No improvement. Iteration 15100. Early stopping counter: 1, LR counter: 1
[Trainer] No improvement. Iteration 15300. Early stopping counter: 1, LR counter: 1
[Trainer] No improvement. Iteration 15600. Early stopping counter: 1, LR counter: 1
[Trainer] No improvement. Iteration 15700. Early stopping counter: 2, LR counter: 2
[Trainer] No improvement. Iteration 15800. Early stopping counter: 3, LR counter: 3
[Trainer] No improvement. Iteration 15900. Early stopping counter: 4, LR counter: 4
[Trainer] No improvement. Iteration 16000. Early stopping counter: 5, LR counter: 5
[Trainer] No improvement. Iteration 16100. Early stopping counter: 6, LR counter: 6
[Trainer] No improvement. Iteration 16200. Early stopping counter: 7, LR counter: 7
[Trainer] No improvement. Iteration 16300. Early stopping counter: 8, LR counter: 8
[Trainer] No improvement. Iteration 16400. Early stopping counter: 9, LR counter: 9
[Trainer] No improvement. Iteration 16500. Early stopping counter: 10, LR counter: 10
[Trainer] No improvement. Iteration 16600. Early stopping counter: 11, LR counter: 11
[Trainer] No improvement. Iteration 16700. Early stopping counter: 12, LR counter: 12
[Trainer] No improvement. Iteration 17000. Early stopping counter: 1, LR counter: 1
[Trainer] No improvement. Iteration 17100. Early stopping counter: 2, LR counter: 2
[Trainer] No improvement. Iteration 17200. Early stopping counter: 3, LR counter: 3
[Trainer] No improvement. Iteration 17300. Early stopping counter: 4, LR counter: 4
[Trainer] No improvement. Iteration 17400. Early stopping counter: 5, LR counter: 5
[Trainer] No improvement. Iteration 17500. Early stopping counter: 6, LR counter: 6
[Trainer] No improvement. Iteration 17600. Early stopping counter: 7, LR counter: 7
[Trainer] No improvement. Iteration 17700. Early stopping counter: 8, LR counter: 8
[Trainer] No improvement. Iteration 17800. Early stopping counter: 9, LR counter: 9
[Trainer] No improvement. Iteration 18000. Early stopping counter: 1, LR counter: 1
[Trainer] No improvement. Iteration 18300. Early stopping counter: 1, LR counter: 1
[Trainer] No improvement. Iteration 18400. Early stopping counter: 2, LR counter: 2
[Trainer] No improvement. Iteration 18500. Early stopping counter: 3, LR counter: 3
[Trainer] No improvement. Iteration 18600. Early stopping counter: 4, LR counter: 4
[Trainer] No improvement. Iteration 18700. Early stopping counter: 5, LR counter: 5
[Trainer] No improvement. Iteration 18800. Early stopping counter: 6, LR counter: 6
[Trainer] No improvement. Iteration 18900. Early stopping counter: 7, LR counter: 7
[Trainer] No improvement. Iteration 19000. Early stopping counter: 8, LR counter: 8
[Trainer] No improvement. Iteration 19100. Early stopping counter: 9, LR counter: 9
[Trainer] No improvement. Iteration 19200. Early stopping counter: 10, LR counter: 10
[Trainer] No improvement. Iteration 19300. Early stopping counter: 11, LR counter: 11
[Trainer] No improvement. Iteration 19400. Early stopping counter: 12, LR counter: 12
[Trainer] No improvement. Iteration 19500. Early stopping counter: 13, LR counter: 13
[Trainer] No improvement. Iteration 19600. Early stopping counter: 14, LR counter: 14
[Trainer] No improvement. Iteration 19700. Early stopping counter: 15, LR counter: 15
[Trainer] No improvement. Iteration 19800. Early stopping counter: 16, LR counter: 16
[Trainer] No improvement. Iteration 19900. Early stopping counter: 17, LR counter: 17
[Trainer] No improvement. Iteration 20000. Early stopping counter: 18, LR counter: 18
[Trainer] No improvement. Iteration 20100. Early stopping counter: 19, LR counter: 19
[Trainer] No improvement. Iteration 20200. Early stopping counter: 20, LR counter: 20
[Trainer] No improvement. Iteration 20300. Early stopping counter: 21, LR counter: 21
[Trainer] No improvement. Iteration 20400. Early stopping counter: 22, LR counter: 22
[Trainer] No improvement. Iteration 20500. Early stopping counter: 23, LR counter: 23
[Trainer] No improvement. Iteration 20600. Early stopping counter: 24, LR counter: 24
[Trainer] No improvement. Iteration 20700. Early stopping counter: 25, LR counter: 25
[Trainer] Learning rate reduced to: 0.000001
[Trainer] No improvement. Iteration 20800. Early stopping counter: 26, LR counter: 1
[Trainer] No improvement. Iteration 20900. Early stopping counter: 27, LR counter: 2
[Trainer] No improvement. Iteration 21000. Early stopping counter: 28, LR counter: 3
[Trainer] No improvement. Iteration 21100. Early stopping counter: 29, LR counter: 4
[Trainer] No improvement. Iteration 21200. Early stopping counter: 30, LR counter: 5
[Trainer] No improvement. Iteration 21300. Early stopping counter: 31, LR counter: 6
[Trainer] No improvement. Iteration 21400. Early stopping counter: 32, LR counter: 7
[Trainer] No improvement. Iteration 21500. Early stopping counter: 33, LR counter: 8
[Trainer] No improvement. Iteration 21600. Early stopping counter: 34, LR counter: 9
[Trainer] No improvement. Iteration 21700. Early stopping counter: 35, LR counter: 10
[Trainer] No improvement. Iteration 21800. Early stopping counter: 36, LR counter: 11
[Trainer] No improvement. Iteration 21900. Early stopping counter: 37, LR counter: 12
[Trainer] No improvement. Iteration 22000. Early stopping counter: 38, LR counter: 13
[Trainer] No improvement. Iteration 22100. Early stopping counter: 39, LR counter: 14
[Trainer] No improvement. Iteration 22200. Early stopping counter: 40, LR counter: 15
[Trainer] No improvement. Iteration 22300. Early stopping counter: 41, LR counter: 16
[Trainer] No improvement. Iteration 22400. Early stopping counter: 42, LR counter: 17
[Trainer] No improvement. Iteration 22500. Early stopping counter: 43, LR counter: 18
[Trainer] No improvement. Iteration 22600. Early stopping counter: 44, LR counter: 19
[Trainer] No improvement. Iteration 22700. Early stopping counter: 45, LR counter: 20
[Trainer] No improvement. Iteration 22800. Early stopping counter: 46, LR counter: 21
[Trainer] No improvement. Iteration 22900. Early stopping counter: 47, LR counter: 22
[Trainer] No improvement. Iteration 23000. Early stopping counter: 48, LR counter: 23
[Trainer] No improvement. Iteration 23100. Early stopping counter: 49, LR counter: 24
[Trainer] No improvement. Iteration 23200. Early stopping counter: 50, LR counter: 25
[Trainer] Learning rate reduced to: 0.000000
[Trainer] Early stopping triggered.
[Trainer] Training completed.
[Trainer] Calibrating temperatures on validation set...
[Trainer] Temperature calibration finished. Calibrated temperatures: {4: 1.7157962322235107, 6: 1.4579654932022095, 8: 1.310274600982666, 10: 1.4846835136413574}
[Trainer] BNN training completed.
**************************************************
Z=8, N=4, emax=4
RMSE Eb: 0.591
RMSE Rch: 0.008
MAPE Eb: 1.755
MAPE Rch: 0.355
--------------------------------------------------
**************************************************
Z=8, N=4, emax=10
RMSE Eb: 1.046
RMSE Rch: 0.039
MAPE Eb: 1.530
MAPE Rch: 1.755
--------------------------------------------------
**************************************************
Z=8, N=4, emax=6
RMSE Eb: 0.639
RMSE Rch: 0.007
MAPE Eb: 1.187
MAPE Rch: 0.341
--------------------------------------------------
**************************************************
Z=8, N=4, emax=8
RMSE Eb: 0.655
RMSE Rch: 0.014
MAPE Eb: 1.096
MAPE Rch: 0.627
--------------------------------------------------
**************************************************
Z=8, N=5, emax=8
RMSE Eb: 0.702
RMSE Rch: 0.012
MAPE Eb: 0.923
MAPE Rch: 0.571
--------------------------------------------------
**************************************************
Z=8, N=5, emax=6
RMSE Eb: 0.591
RMSE Rch: 0.006
MAPE Eb: 0.837
MAPE Rch: 0.294
--------------------------------------------------
**************************************************
Z=8, N=5, emax=4
RMSE Eb: 0.570
RMSE Rch: 0.006
MAPE Eb: 1.126
MAPE Rch: 0.267
--------------------------------------------------
**************************************************
Z=8, N=5, emax=10
RMSE Eb: 0.634
RMSE Rch: 0.009
MAPE Eb: 0.848
MAPE Rch: 0.498
--------------------------------------------------
**************************************************
Z=8, N=6, emax=4
RMSE Eb: 0.582
RMSE Rch: 0.006
MAPE Eb: 0.847
MAPE Rch: 0.285
--------------------------------------------------
**************************************************
Z=8, N=6, emax=6
RMSE Eb: 0.693
RMSE Rch: 0.007
MAPE Eb: 0.779
MAPE Rch: 0.320
--------------------------------------------------
**************************************************
Z=8, N=6, emax=8
RMSE Eb: 0.756
RMSE Rch: 0.010
MAPE Eb: 0.700
MAPE Rch: 0.448
--------------------------------------------------
**************************************************
Z=8, N=6, emax=10
RMSE Eb: 1.002
RMSE Rch: 0.022
MAPE Eb: 0.977
MAPE Rch: 1.220
--------------------------------------------------
**************************************************
Z=8, N=7, emax=8
RMSE Eb: 0.879
RMSE Rch: 0.013
MAPE Eb: 0.731
MAPE Rch: 0.612
--------------------------------------------------
**************************************************
Z=8, N=7, emax=10
RMSE Eb: 0.638
RMSE Rch: 0.016
MAPE Eb: 0.522
MAPE Rch: 0.889
--------------------------------------------------
**************************************************
Z=8, N=7, emax=6
RMSE Eb: 0.764
RMSE Rch: 0.011
MAPE Eb: 0.713
MAPE Rch: 0.500
--------------------------------------------------
**************************************************
Z=8, N=7, emax=4
RMSE Eb: 0.612
RMSE Rch: 0.009
MAPE Eb: 0.794
MAPE Rch: 0.449
--------------------------------------------------
**************************************************
Z=8, N=8, emax=4
RMSE Eb: 0.576
RMSE Rch: 0.007
MAPE Eb: 0.669
MAPE Rch: 0.208
--------------------------------------------------
**************************************************
Z=8, N=8, emax=8
RMSE Eb: 0.685
RMSE Rch: 0.008
MAPE Eb: 0.551
MAPE Rch: 0.235
--------------------------------------------------
**************************************************
Z=8, N=8, emax=6
RMSE Eb: 0.741
RMSE Rch: 0.007
MAPE Eb: 0.597
MAPE Rch: 0.218
--------------------------------------------------
**************************************************
Z=8, N=8, emax=10
RMSE Eb: 0.641
RMSE Rch: 0.010
MAPE Eb: 0.478
MAPE Rch: 0.314
--------------------------------------------------
**************************************************
Z=8, N=9, emax=8
RMSE Eb: 0.421
RMSE Rch: 0.007
MAPE Eb: 0.316
MAPE Rch: 0.190
--------------------------------------------------
**************************************************
Z=8, N=9, emax=6
RMSE Eb: 0.633
RMSE Rch: 0.006
MAPE Eb: 0.507
MAPE Rch: 0.167
--------------------------------------------------
**************************************************
Z=8, N=9, emax=4
RMSE Eb: 0.503
RMSE Rch: 0.007
MAPE Eb: 0.534
MAPE Rch: 0.177
--------------------------------------------------
**************************************************
Z=8, N=9, emax=10
RMSE Eb: 0.699
RMSE Rch: 0.008
MAPE Eb: 0.528
MAPE Rch: 0.235
--------------------------------------------------
**************************************************
Z=8, N=10, emax=4
RMSE Eb: 0.425
RMSE Rch: 0.006
MAPE Eb: 0.458
MAPE Rch: 0.163
--------------------------------------------------
**************************************************
Z=8, N=10, emax=10
RMSE Eb: 0.721
RMSE Rch: 0.010
MAPE Eb: 0.467
MAPE Rch: 0.265
--------------------------------------------------
**************************************************
Z=8, N=10, emax=6
RMSE Eb: 0.653
RMSE Rch: 0.006
MAPE Eb: 0.557
MAPE Rch: 0.160
--------------------------------------------------
**************************************************
Z=8, N=10, emax=8
RMSE Eb: 0.620
RMSE Rch: 0.006
MAPE Eb: 0.416
MAPE Rch: 0.187
--------------------------------------------------
**************************************************
Z=8, N=11, emax=4
RMSE Eb: 0.492
RMSE Rch: 0.005
MAPE Eb: 0.524
MAPE Rch: 0.139
--------------------------------------------------
**************************************************
Z=8, N=11, emax=6
RMSE Eb: 0.598
RMSE Rch: 0.006
MAPE Eb: 0.417
MAPE Rch: 0.169
--------------------------------------------------
**************************************************
Z=8, N=11, emax=8
RMSE Eb: 0.721
RMSE Rch: 0.008
MAPE Eb: 0.485
MAPE Rch: 0.219
--------------------------------------------------
**************************************************
Z=8, N=11, emax=10
RMSE Eb: 0.595
RMSE Rch: 0.010
MAPE Eb: 0.435
MAPE Rch: 0.329
--------------------------------------------------
**************************************************
Z=8, N=12, emax=6
RMSE Eb: 0.675
RMSE Rch: 0.007
MAPE Eb: 0.502
MAPE Rch: 0.224
--------------------------------------------------
**************************************************
Z=8, N=12, emax=4
RMSE Eb: 0.559
RMSE Rch: 0.006
MAPE Eb: 0.572
MAPE Rch: 0.170
--------------------------------------------------
**************************************************
Z=8, N=12, emax=8
RMSE Eb: 0.608
RMSE Rch: 0.007
MAPE Eb: 0.389
MAPE Rch: 0.197
--------------------------------------------------
**************************************************
Z=8, N=12, emax=10
RMSE Eb: 0.580
RMSE Rch: 0.008
MAPE Eb: 0.418
MAPE Rch: 0.234
--------------------------------------------------
**************************************************
Z=8, N=13, emax=8
RMSE Eb: 0.746
RMSE Rch: 0.009
MAPE Eb: 0.452
MAPE Rch: 0.255
--------------------------------------------------
**************************************************
Z=8, N=13, emax=4
RMSE Eb: 0.557
RMSE Rch: 0.006
MAPE Eb: 0.571
MAPE Rch: 0.156
--------------------------------------------------
**************************************************
Z=8, N=13, emax=10
RMSE Eb: 0.815
RMSE Rch: 0.006
MAPE Eb: 0.499
MAPE Rch: 0.181
--------------------------------------------------
**************************************************
Z=8, N=13, emax=6
RMSE Eb: 0.548
RMSE Rch: 0.006
MAPE Eb: 0.409
MAPE Rch: 0.158
--------------------------------------------------
**************************************************
Z=8, N=14, emax=8
RMSE Eb: 0.918
RMSE Rch: 0.011
MAPE Eb: 0.532
MAPE Rch: 0.257
--------------------------------------------------
**************************************************
Z=8, N=14, emax=4
RMSE Eb: 0.469
RMSE Rch: 0.007
MAPE Eb: 0.487
MAPE Rch: 0.179
--------------------------------------------------
**************************************************
Z=8, N=14, emax=6
RMSE Eb: 0.697
RMSE Rch: 0.006
MAPE Eb: 0.481
MAPE Rch: 0.160
--------------------------------------------------
**************************************************
Z=8, N=14, emax=10
RMSE Eb: 0.761
RMSE Rch: 0.013
MAPE Eb: 0.488
MAPE Rch: 0.348
--------------------------------------------------
**************************************************
Z=8, N=15, emax=8
RMSE Eb: 0.756
RMSE Rch: 0.008
MAPE Eb: 0.454
MAPE Rch: 0.234
--------------------------------------------------
**************************************************
Z=8, N=15, emax=4
RMSE Eb: 0.736
RMSE Rch: 0.007
MAPE Eb: 0.728
MAPE Rch: 0.201
--------------------------------------------------
**************************************************
Z=8, N=15, emax=6
RMSE Eb: 0.590
RMSE Rch: 0.006
MAPE Eb: 0.415
MAPE Rch: 0.165
--------------------------------------------------
**************************************************
Z=8, N=15, emax=10
RMSE Eb: 0.645
RMSE Rch: 0.008
MAPE Eb: 0.396
MAPE Rch: 0.261
--------------------------------------------------
**************************************************
Z=8, N=16, emax=8
RMSE Eb: 0.924
RMSE Rch: 0.007
MAPE Eb: 0.576
MAPE Rch: 0.214
--------------------------------------------------
**************************************************
Z=8, N=16, emax=6
RMSE Eb: 0.851
RMSE Rch: 0.005
MAPE Eb: 0.603
MAPE Rch: 0.143
--------------------------------------------------
**************************************************
Z=8, N=16, emax=10
RMSE Eb: 0.785
RMSE Rch: 0.009
MAPE Eb: 0.426
MAPE Rch: 0.250
--------------------------------------------------
**************************************************
Z=8, N=16, emax=4
RMSE Eb: 0.835
RMSE Rch: 0.008
MAPE Eb: 0.841
MAPE Rch: 0.226
--------------------------------------------------
Finished VAL for AE n=495
**************************************************
Z=8, N=4, emax=6
RMSE Eb: 0.527
RMSE Rch: 0.008
MAPE Eb: 0.974
MAPE Rch: 0.364
--------------------------------------------------
**************************************************
Z=8, N=4, emax=8
RMSE Eb: 0.743
RMSE Rch: 0.013
MAPE Eb: 1.191
MAPE Rch: 0.623
--------------------------------------------------
**************************************************
Z=8, N=4, emax=4
RMSE Eb: 0.557
RMSE Rch: 0.007
MAPE Eb: 1.632
MAPE Rch: 0.305
--------------------------------------------------
**************************************************
Z=8, N=4, emax=10
RMSE Eb: 0.759
RMSE Rch: 0.030
MAPE Eb: 1.181
MAPE Rch: 1.463
--------------------------------------------------
**************************************************
Z=8, N=5, emax=4
RMSE Eb: 0.592
RMSE Rch: 0.006
MAPE Eb: 1.185
MAPE Rch: 0.284
--------------------------------------------------
**************************************************
Z=8, N=5, emax=8
RMSE Eb: 0.711
RMSE Rch: 0.011
MAPE Eb: 0.910
MAPE Rch: 0.569
--------------------------------------------------
**************************************************
Z=8, N=5, emax=6
RMSE Eb: 0.670
RMSE Rch: 0.007
MAPE Eb: 1.010
MAPE Rch: 0.337
--------------------------------------------------
**************************************************
Z=8, N=5, emax=10
RMSE Eb: 1.495
RMSE Rch: 0.024
MAPE Eb: 1.869
MAPE Rch: 1.154
--------------------------------------------------
**************************************************
Z=8, N=6, emax=4
RMSE Eb: 0.632
RMSE Rch: 0.006
MAPE Eb: 0.894
MAPE Rch: 0.273
--------------------------------------------------
**************************************************
Z=8, N=6, emax=8
RMSE Eb: 0.992
RMSE Rch: 0.012
MAPE Eb: 0.904
MAPE Rch: 0.530
--------------------------------------------------
**************************************************
Z=8, N=6, emax=6
RMSE Eb: 0.772
RMSE Rch: 0.008
MAPE Eb: 0.828
MAPE Rch: 0.345
--------------------------------------------------
**************************************************
Z=8, N=6, emax=10
RMSE Eb: 0.788
RMSE Rch: 0.016
MAPE Eb: 0.743
MAPE Rch: 0.822
--------------------------------------------------
**************************************************
Z=8, N=7, emax=4
RMSE Eb: 0.791
RMSE Rch: 0.009
MAPE Eb: 0.966
MAPE Rch: 0.434
--------------------------------------------------
**************************************************
Z=8, N=7, emax=8
RMSE Eb: 0.940
RMSE Rch: 0.012
MAPE Eb: 0.755
MAPE Rch: 0.645
--------------------------------------------------
**************************************************
Z=8, N=7, emax=6
RMSE Eb: 0.765
RMSE Rch: 0.010
MAPE Eb: 0.709
MAPE Rch: 0.503
--------------------------------------------------
**************************************************
Z=8, N=7, emax=10
RMSE Eb: 1.012
RMSE Rch: 0.016
MAPE Eb: 0.845
MAPE Rch: 0.899
--------------------------------------------------
**************************************************
Z=8, N=8, emax=4
RMSE Eb: 0.685
RMSE Rch: 0.007
MAPE Eb: 0.710
MAPE Rch: 0.209
--------------------------------------------------
**************************************************
Z=8, N=8, emax=6
RMSE Eb: 0.814
RMSE Rch: 0.007
MAPE Eb: 0.620
MAPE Rch: 0.204
--------------------------------------------------
**************************************************
Z=8, N=8, emax=8
RMSE Eb: 0.592
RMSE Rch: 0.009
MAPE Eb: 0.442
MAPE Rch: 0.270
--------------------------------------------------
**************************************************
Z=8, N=8, emax=10
RMSE Eb: 0.819
RMSE Rch: 0.009
MAPE Eb: 0.580
MAPE Rch: 0.237
--------------------------------------------------
**************************************************
Z=8, N=9, emax=4
RMSE Eb: 0.513
RMSE Rch: 0.006
MAPE Eb: 0.560
MAPE Rch: 0.160
--------------------------------------------------
**************************************************
Z=8, N=9, emax=8
RMSE Eb: 0.546
RMSE Rch: 0.008
MAPE Eb: 0.390
MAPE Rch: 0.237
--------------------------------------------------
**************************************************
Z=8, N=9, emax=6
RMSE Eb: 0.641
RMSE Rch: 0.006
MAPE Eb: 0.563
MAPE Rch: 0.164
--------------------------------------------------
**************************************************
Z=8, N=9, emax=10
RMSE Eb: 0.904
RMSE Rch: 0.011
MAPE Eb: 0.642
MAPE Rch: 0.334
--------------------------------------------------
**************************************************
Z=8, N=10, emax=4
RMSE Eb: 0.552
RMSE Rch: 0.006
MAPE Eb: 0.574
MAPE Rch: 0.177
--------------------------------------------------
**************************************************
Z=8, N=10, emax=6
RMSE Eb: 0.654
RMSE Rch: 0.006
MAPE Eb: 0.550
MAPE Rch: 0.165
--------------------------------------------------
**************************************************
Z=8, N=10, emax=8
RMSE Eb: 0.570
RMSE Rch: 0.007
MAPE Eb: 0.406
MAPE Rch: 0.195
--------------------------------------------------
**************************************************
Z=8, N=10, emax=10
RMSE Eb: 0.550
RMSE Rch: 0.012
MAPE Eb: 0.381
MAPE Rch: 0.349
--------------------------------------------------
**************************************************
Z=8, N=11, emax=8
RMSE Eb: 0.624
RMSE Rch: 0.008
MAPE Eb: 0.428
MAPE Rch: 0.225
--------------------------------------------------
**************************************************
Z=8, N=11, emax=4
RMSE Eb: 0.467
RMSE Rch: 0.006
MAPE Eb: 0.510
MAPE Rch: 0.148
--------------------------------------------------
**************************************************
Z=8, N=11, emax=6
RMSE Eb: 0.491
RMSE Rch: 0.005
MAPE Eb: 0.405
MAPE Rch: 0.141
--------------------------------------------------
**************************************************
Z=8, N=11, emax=10
RMSE Eb: 0.593
RMSE Rch: 0.009
MAPE Eb: 0.433
MAPE Rch: 0.279
--------------------------------------------------
**************************************************
Z=8, N=12, emax=6
RMSE Eb: 0.576
RMSE Rch: 0.008
MAPE Eb: 0.451
MAPE Rch: 0.239
--------------------------------------------------
**************************************************
Z=8, N=12, emax=8
RMSE Eb: 0.588
RMSE Rch: 0.007
MAPE Eb: 0.339
MAPE Rch: 0.189
--------------------------------------------------
**************************************************
Z=8, N=12, emax=4
RMSE Eb: 0.522
RMSE Rch: 0.006
MAPE Eb: 0.511
MAPE Rch: 0.152
--------------------------------------------------
**************************************************
Z=8, N=12, emax=10
RMSE Eb: 0.719
RMSE Rch: 0.008
MAPE Eb: 0.504
MAPE Rch: 0.223
--------------------------------------------------
**************************************************
Z=8, N=13, emax=8
RMSE Eb: 0.649
RMSE Rch: 0.008
MAPE Eb: 0.404
MAPE Rch: 0.228
--------------------------------------------------
**************************************************
Z=8, N=13, emax=4
RMSE Eb: 0.504
RMSE Rch: 0.006
MAPE Eb: 0.536
MAPE Rch: 0.162
--------------------------------------------------
**************************************************
Z=8, N=13, emax=6
RMSE Eb: 0.692
RMSE Rch: 0.007
MAPE Eb: 0.492
MAPE Rch: 0.210
--------------------------------------------------
**************************************************
Z=8, N=13, emax=10
RMSE Eb: 0.656
RMSE Rch: 0.012
MAPE Eb: 0.419
MAPE Rch: 0.265
--------------------------------------------------
**************************************************
Z=8, N=14, emax=6
RMSE Eb: 0.738
RMSE Rch: 0.006
MAPE Eb: 0.525
MAPE Rch: 0.185
--------------------------------------------------
**************************************************
Z=8, N=14, emax=10
RMSE Eb: 0.479
RMSE Rch: 0.014
MAPE Eb: 0.274
MAPE Rch: 0.434
--------------------------------------------------
**************************************************
Z=8, N=14, emax=4
RMSE Eb: 0.567
RMSE Rch: 0.006
MAPE Eb: 0.576
MAPE Rch: 0.155
--------------------------------------------------
**************************************************
Z=8, N=14, emax=8
RMSE Eb: 0.702
RMSE Rch: 0.009
MAPE Eb: 0.417
MAPE Rch: 0.213
--------------------------------------------------
**************************************************
Z=8, N=15, emax=8
RMSE Eb: 0.648
RMSE Rch: 0.007
MAPE Eb: 0.404
MAPE Rch: 0.207
--------------------------------------------------
**************************************************
Z=8, N=15, emax=6
RMSE Eb: 0.642
RMSE Rch: 0.005
MAPE Eb: 0.459
MAPE Rch: 0.147
--------------------------------------------------
**************************************************
Z=8, N=15, emax=4
RMSE Eb: 0.729
RMSE Rch: 0.005
MAPE Eb: 0.788
MAPE Rch: 0.145
--------------------------------------------------
**************************************************
Z=8, N=15, emax=10
RMSE Eb: 0.630
RMSE Rch: 0.008
MAPE Eb: 0.392
MAPE Rch: 0.221
--------------------------------------------------
**************************************************
Z=8, N=16, emax=4
RMSE Eb: 0.825
RMSE Rch: 0.008
MAPE Eb: 0.841
MAPE Rch: 0.209
--------------------------------------------------
**************************************************
Z=8, N=16, emax=8
RMSE Eb: 0.932
RMSE Rch: 0.008
MAPE Eb: 0.552
MAPE Rch: 0.217
--------------------------------------------------
**************************************************
Z=8, N=16, emax=6
RMSE Eb: 0.776
RMSE Rch: 0.007
MAPE Eb: 0.578
MAPE Rch: 0.194
--------------------------------------------------
**************************************************
Z=8, N=16, emax=10
RMSE Eb: 0.776
RMSE Rch: 0.010
MAPE Eb: 0.439
MAPE Rch: 0.262
--------------------------------------------------
