Activated conda environment
[DataLoader] Found 13 files matching the pattern.
[DataLoader] Combined data shape: (17234, 35)
[Preprocess] Data split => train: (11029, 35), val: (2758, 35), test: (3447, 35)
[Preprocess] Processed fidelity 4 (index 0): 3758 samples.
[Preprocess] Processed fidelity 6 (index 1): 3346 samples.
[Preprocess] Processed fidelity 8 (index 2): 3194 samples.
[Preprocess] Processed fidelity 10 (index 3): 731 samples.
[Preprocess] Processed fidelity 4 (index 0): 949 samples.
[Preprocess] Processed fidelity 6 (index 1): 833 samples.
[Preprocess] Processed fidelity 8 (index 2): 801 samples.
[Preprocess] Processed fidelity 10 (index 3): 175 samples.
Fidelity levels: [4, 6, 8, 10]
[Trainer] Starting BNN training...
[Trainer] No improvement. Iteration 7100. Early stopping counter: 1, LR counter: 1
[Trainer] No improvement. Iteration 7600. Early stopping counter: 1, LR counter: 1
[Trainer] No improvement. Iteration 8100. Early stopping counter: 1, LR counter: 1
[Trainer] No improvement. Iteration 8200. Early stopping counter: 2, LR counter: 2
[Trainer] No improvement. Iteration 8300. Early stopping counter: 3, LR counter: 3
[Trainer] No improvement. Iteration 8400. Early stopping counter: 4, LR counter: 4
[Trainer] No improvement. Iteration 8500. Early stopping counter: 5, LR counter: 5
[Trainer] No improvement. Iteration 8600. Early stopping counter: 6, LR counter: 6
[Trainer] No improvement. Iteration 8700. Early stopping counter: 7, LR counter: 7
[Trainer] No improvement. Iteration 8800. Early stopping counter: 8, LR counter: 8
[Trainer] No improvement. Iteration 9100. Early stopping counter: 1, LR counter: 1
[Trainer] No improvement. Iteration 9200. Early stopping counter: 2, LR counter: 2
[Trainer] No improvement. Iteration 9300. Early stopping counter: 3, LR counter: 3
[Trainer] No improvement. Iteration 9400. Early stopping counter: 4, LR counter: 4
[Trainer] No improvement. Iteration 9500. Early stopping counter: 5, LR counter: 5
[Trainer] No improvement. Iteration 9800. Early stopping counter: 1, LR counter: 1
[Trainer] No improvement. Iteration 9900. Early stopping counter: 2, LR counter: 2
[Trainer] No improvement. Iteration 10000. Early stopping counter: 3, LR counter: 3
[Trainer] No improvement. Iteration 10100. Early stopping counter: 4, LR counter: 4
[Trainer] No improvement. Iteration 10300. Early stopping counter: 1, LR counter: 1
[Trainer] No improvement. Iteration 10400. Early stopping counter: 2, LR counter: 2
[Trainer] No improvement. Iteration 10500. Early stopping counter: 3, LR counter: 3
[Trainer] No improvement. Iteration 10600. Early stopping counter: 4, LR counter: 4
[Trainer] No improvement. Iteration 10700. Early stopping counter: 5, LR counter: 5
[Trainer] No improvement. Iteration 10800. Early stopping counter: 6, LR counter: 6
[Trainer] No improvement. Iteration 10900. Early stopping counter: 7, LR counter: 7
[Trainer] No improvement. Iteration 11000. Early stopping counter: 8, LR counter: 8
[Trainer] No improvement. Iteration 11100. Early stopping counter: 9, LR counter: 9
[Trainer] No improvement. Iteration 11200. Early stopping counter: 10, LR counter: 10
[Trainer] No improvement. Iteration 11300. Early stopping counter: 11, LR counter: 11
[Trainer] No improvement. Iteration 11400. Early stopping counter: 12, LR counter: 12
[Trainer] No improvement. Iteration 11500. Early stopping counter: 13, LR counter: 13
[Trainer] No improvement. Iteration 11600. Early stopping counter: 14, LR counter: 14
[Trainer] No improvement. Iteration 11700. Early stopping counter: 15, LR counter: 15
[Trainer] No improvement. Iteration 11800. Early stopping counter: 16, LR counter: 16
[Trainer] No improvement. Iteration 11900. Early stopping counter: 17, LR counter: 17
[Trainer] No improvement. Iteration 12000. Early stopping counter: 18, LR counter: 18
[Trainer] No improvement. Iteration 12100. Early stopping counter: 19, LR counter: 19
[Trainer] No improvement. Iteration 12200. Early stopping counter: 20, LR counter: 20
[Trainer] No improvement. Iteration 12300. Early stopping counter: 21, LR counter: 21
[Trainer] No improvement. Iteration 12400. Early stopping counter: 22, LR counter: 22
[Trainer] No improvement. Iteration 12500. Early stopping counter: 23, LR counter: 23
[Trainer] No improvement. Iteration 12600. Early stopping counter: 24, LR counter: 24
[Trainer] No improvement. Iteration 12700. Early stopping counter: 25, LR counter: 25
[Trainer] Learning rate reduced to: 0.000010
[Trainer] No improvement. Iteration 12800. Early stopping counter: 26, LR counter: 1
[Trainer] No improvement. Iteration 12900. Early stopping counter: 27, LR counter: 2
[Trainer] No improvement. Iteration 13000. Early stopping counter: 28, LR counter: 3
[Trainer] No improvement. Iteration 13100. Early stopping counter: 29, LR counter: 4
[Trainer] No improvement. Iteration 13200. Early stopping counter: 30, LR counter: 5
[Trainer] No improvement. Iteration 13300. Early stopping counter: 31, LR counter: 6
[Trainer] No improvement. Iteration 13400. Early stopping counter: 32, LR counter: 7
[Trainer] No improvement. Iteration 13500. Early stopping counter: 33, LR counter: 8
[Trainer] No improvement. Iteration 13600. Early stopping counter: 34, LR counter: 9
[Trainer] No improvement. Iteration 13700. Early stopping counter: 35, LR counter: 10
[Trainer] No improvement. Iteration 13800. Early stopping counter: 36, LR counter: 11
[Trainer] No improvement. Iteration 13900. Early stopping counter: 37, LR counter: 12
[Trainer] No improvement. Iteration 14000. Early stopping counter: 38, LR counter: 13
[Trainer] No improvement. Iteration 14100. Early stopping counter: 39, LR counter: 14
[Trainer] No improvement. Iteration 14200. Early stopping counter: 40, LR counter: 15
[Trainer] No improvement. Iteration 14300. Early stopping counter: 41, LR counter: 16
[Trainer] No improvement. Iteration 14400. Early stopping counter: 42, LR counter: 17
[Trainer] No improvement. Iteration 14500. Early stopping counter: 43, LR counter: 18
[Trainer] No improvement. Iteration 14600. Early stopping counter: 44, LR counter: 19
[Trainer] No improvement. Iteration 14700. Early stopping counter: 45, LR counter: 20
[Trainer] No improvement. Iteration 14800. Early stopping counter: 46, LR counter: 21
[Trainer] No improvement. Iteration 14900. Early stopping counter: 47, LR counter: 22
[Trainer] No improvement. Iteration 15000. Early stopping counter: 48, LR counter: 23
[Trainer] No improvement. Iteration 15100. Early stopping counter: 49, LR counter: 24
[Trainer] No improvement. Iteration 15200. Early stopping counter: 50, LR counter: 25
[Trainer] Learning rate reduced to: 0.000001
[Trainer] Early stopping triggered.
[Trainer] Training completed.
[Trainer] Calibrating temperatures on validation set...
[Trainer] Temperature calibration finished. Calibrated temperatures: {4: 1.5047082901000977, 6: 1.1175129413604736, 8: 1.115224003791809, 10: 1.2021193504333496}
[Trainer] BNN training completed.
**************************************************
Z=8, N=4, emax=4
RMSE Eb: 0.870
RMSE Rch: 0.010
MAPE Eb: 2.546
MAPE Rch: 0.450
--------------------------------------------------
**************************************************
Z=8, N=4, emax=10
RMSE Eb: 1.321
RMSE Rch: 0.035
MAPE Eb: 1.990
MAPE Rch: 1.905
--------------------------------------------------
**************************************************
Z=8, N=4, emax=6
RMSE Eb: 0.809
RMSE Rch: 0.011
MAPE Eb: 1.559
MAPE Rch: 0.535
--------------------------------------------------
**************************************************
Z=8, N=4, emax=8
RMSE Eb: 0.956
RMSE Rch: 0.020
MAPE Eb: 1.568
MAPE Rch: 0.925
--------------------------------------------------
**************************************************
Z=8, N=5, emax=8
RMSE Eb: 0.695
RMSE Rch: 0.013
MAPE Eb: 0.888
MAPE Rch: 0.650
--------------------------------------------------
**************************************************
Z=8, N=5, emax=6
RMSE Eb: 0.707
RMSE Rch: 0.011
MAPE Eb: 1.057
MAPE Rch: 0.563
--------------------------------------------------
**************************************************
Z=8, N=5, emax=4
RMSE Eb: 0.763
RMSE Rch: 0.008
MAPE Eb: 1.569
MAPE Rch: 0.381
--------------------------------------------------
**************************************************
Z=8, N=5, emax=10
RMSE Eb: 0.581
RMSE Rch: 0.014
MAPE Eb: 0.758
MAPE Rch: 0.653
--------------------------------------------------
**************************************************
Z=8, N=6, emax=4
RMSE Eb: 0.813
RMSE Rch: 0.008
MAPE Eb: 1.142
MAPE Rch: 0.370
--------------------------------------------------
**************************************************
Z=8, N=6, emax=6
RMSE Eb: 0.745
RMSE Rch: 0.008
MAPE Eb: 0.780
MAPE Rch: 0.391
--------------------------------------------------
**************************************************
Z=8, N=6, emax=8
RMSE Eb: 0.937
RMSE Rch: 0.014
MAPE Eb: 0.895
MAPE Rch: 0.701
--------------------------------------------------
**************************************************
Z=8, N=6, emax=10
RMSE Eb: 0.836
RMSE Rch: 0.017
MAPE Eb: 0.746
MAPE Rch: 0.850
--------------------------------------------------
**************************************************
Z=8, N=7, emax=8
RMSE Eb: 1.399
RMSE Rch: 0.009
MAPE Eb: 1.161
MAPE Rch: 0.492
--------------------------------------------------
**************************************************
Z=8, N=7, emax=10
RMSE Eb: 0.733
RMSE Rch: 0.013
MAPE Eb: 0.586
MAPE Rch: 0.718
--------------------------------------------------
**************************************************
Z=8, N=7, emax=6
RMSE Eb: 1.134
RMSE Rch: 0.014
MAPE Eb: 1.095
MAPE Rch: 0.674
--------------------------------------------------
**************************************************
Z=8, N=7, emax=4
RMSE Eb: 1.049
RMSE Rch: 0.013
MAPE Eb: 1.214
MAPE Rch: 0.634
--------------------------------------------------
**************************************************
Z=8, N=8, emax=4
RMSE Eb: 0.726
RMSE Rch: 0.009
MAPE Eb: 0.790
MAPE Rch: 0.232
--------------------------------------------------
**************************************************
Z=8, N=8, emax=8
RMSE Eb: 0.958
RMSE Rch: 0.019
MAPE Eb: 0.706
MAPE Rch: 0.543
--------------------------------------------------
**************************************************
Z=8, N=8, emax=6
RMSE Eb: 0.899
RMSE Rch: 0.013
MAPE Eb: 0.714
MAPE Rch: 0.377
--------------------------------------------------
**************************************************
Z=8, N=8, emax=10
RMSE Eb: 1.904
RMSE Rch: 0.030
MAPE Eb: 1.356
MAPE Rch: 0.774
--------------------------------------------------
**************************************************
Z=8, N=9, emax=8
RMSE Eb: 0.600
RMSE Rch: 0.007
MAPE Eb: 0.452
MAPE Rch: 0.203
--------------------------------------------------
**************************************************
Z=8, N=9, emax=6
RMSE Eb: 0.694
RMSE Rch: 0.008
MAPE Eb: 0.574
MAPE Rch: 0.238
--------------------------------------------------
**************************************************
Z=8, N=9, emax=4
RMSE Eb: 0.480
RMSE Rch: 0.008
MAPE Eb: 0.533
MAPE Rch: 0.233
--------------------------------------------------
**************************************************
Z=8, N=9, emax=10
RMSE Eb: 0.583
RMSE Rch: 0.007
MAPE Eb: 0.448
MAPE Rch: 0.219
--------------------------------------------------
**************************************************
Z=8, N=10, emax=4
RMSE Eb: 0.515
RMSE Rch: 0.006
MAPE Eb: 0.534
MAPE Rch: 0.169
--------------------------------------------------
**************************************************
Z=8, N=10, emax=10
RMSE Eb: 0.669
RMSE Rch: 0.007
MAPE Eb: 0.417
MAPE Rch: 0.192
--------------------------------------------------
**************************************************
Z=8, N=10, emax=6
RMSE Eb: 0.597
RMSE Rch: 0.009
MAPE Eb: 0.489
MAPE Rch: 0.276
--------------------------------------------------
**************************************************
Z=8, N=10, emax=8
RMSE Eb: 0.518
RMSE Rch: 0.008
MAPE Eb: 0.378
MAPE Rch: 0.213
--------------------------------------------------
**************************************************
Z=8, N=11, emax=4
RMSE Eb: 0.594
RMSE Rch: 0.005
MAPE Eb: 0.559
MAPE Rch: 0.135
--------------------------------------------------
**************************************************
Z=8, N=11, emax=6
RMSE Eb: 0.639
RMSE Rch: 0.006
MAPE Eb: 0.482
MAPE Rch: 0.185
--------------------------------------------------
**************************************************
Z=8, N=11, emax=8
RMSE Eb: 0.823
RMSE Rch: 0.007
MAPE Eb: 0.557
MAPE Rch: 0.197
--------------------------------------------------
**************************************************
Z=8, N=11, emax=10
RMSE Eb: 0.588
RMSE Rch: 0.006
MAPE Eb: 0.389
MAPE Rch: 0.178
--------------------------------------------------
**************************************************
Z=8, N=12, emax=6
RMSE Eb: 0.500
RMSE Rch: 0.005
MAPE Eb: 0.372
MAPE Rch: 0.145
--------------------------------------------------
**************************************************
Z=8, N=12, emax=4
RMSE Eb: 0.534
RMSE Rch: 0.006
MAPE Eb: 0.520
MAPE Rch: 0.178
--------------------------------------------------
**************************************************
Z=8, N=12, emax=8
RMSE Eb: 0.728
RMSE Rch: 0.006
MAPE Eb: 0.480
MAPE Rch: 0.170
--------------------------------------------------
**************************************************
Z=8, N=12, emax=10
RMSE Eb: 0.715
RMSE Rch: 0.006
MAPE Eb: 0.488
MAPE Rch: 0.173
--------------------------------------------------
**************************************************
Z=8, N=13, emax=8
RMSE Eb: 0.870
RMSE Rch: 0.006
MAPE Eb: 0.547
MAPE Rch: 0.168
--------------------------------------------------
**************************************************
Z=8, N=13, emax=4
RMSE Eb: 0.837
RMSE Rch: 0.006
MAPE Eb: 0.904
MAPE Rch: 0.166
--------------------------------------------------
**************************************************
Z=8, N=13, emax=10
RMSE Eb: 0.809
RMSE Rch: 0.009
MAPE Eb: 0.484
MAPE Rch: 0.269
--------------------------------------------------
**************************************************
Z=8, N=13, emax=6
RMSE Eb: 0.559
RMSE Rch: 0.006
MAPE Eb: 0.398
MAPE Rch: 0.175
--------------------------------------------------
**************************************************
Z=8, N=14, emax=8
RMSE Eb: 0.767
RMSE Rch: 0.012
MAPE Eb: 0.456
MAPE Rch: 0.312
--------------------------------------------------
**************************************************
Z=8, N=14, emax=4
RMSE Eb: 0.834
RMSE Rch: 0.007
MAPE Eb: 0.831
MAPE Rch: 0.193
--------------------------------------------------
**************************************************
Z=8, N=14, emax=6
RMSE Eb: 0.601
RMSE Rch: 0.006
MAPE Eb: 0.432
MAPE Rch: 0.175
--------------------------------------------------
**************************************************
Z=8, N=14, emax=10
RMSE Eb: 0.547
RMSE Rch: 0.011
MAPE Eb: 0.354
MAPE Rch: 0.293
--------------------------------------------------
**************************************************
Z=8, N=15, emax=8
RMSE Eb: 0.888
RMSE Rch: 0.007
MAPE Eb: 0.537
MAPE Rch: 0.178
--------------------------------------------------
**************************************************
Z=8, N=15, emax=4
RMSE Eb: 0.882
RMSE Rch: 0.006
MAPE Eb: 0.833
MAPE Rch: 0.168
--------------------------------------------------
**************************************************
Z=8, N=15, emax=6
RMSE Eb: 0.602
RMSE Rch: 0.005
MAPE Eb: 0.453
MAPE Rch: 0.141
--------------------------------------------------
**************************************************
Z=8, N=15, emax=10
RMSE Eb: 0.869
RMSE Rch: 0.008
MAPE Eb: 0.457
MAPE Rch: 0.211
--------------------------------------------------
**************************************************
Z=8, N=16, emax=8
RMSE Eb: 0.878
RMSE Rch: 0.008
MAPE Eb: 0.530
MAPE Rch: 0.194
--------------------------------------------------
**************************************************
Z=8, N=16, emax=6
RMSE Eb: 0.788
RMSE Rch: 0.006
MAPE Eb: 0.573
MAPE Rch: 0.161
--------------------------------------------------
**************************************************
Z=8, N=16, emax=10
RMSE Eb: 0.865
RMSE Rch: 0.009
MAPE Eb: 0.499
MAPE Rch: 0.232
--------------------------------------------------
**************************************************
Z=8, N=16, emax=4
RMSE Eb: 0.777
RMSE Rch: 0.007
MAPE Eb: 0.809
MAPE Rch: 0.202
--------------------------------------------------
Finished VAL for AE n=655
**************************************************
Z=8, N=4, emax=6
RMSE Eb: 0.698
RMSE Rch: 0.012
MAPE Eb: 1.279
MAPE Rch: 0.584
--------------------------------------------------
**************************************************
Z=8, N=4, emax=8
RMSE Eb: 0.951
RMSE Rch: 0.018
MAPE Eb: 1.536
MAPE Rch: 0.831
--------------------------------------------------
**************************************************
Z=8, N=4, emax=4
RMSE Eb: 0.722
RMSE Rch: 0.009
MAPE Eb: 2.052
MAPE Rch: 0.420
--------------------------------------------------
**************************************************
Z=8, N=4, emax=10
RMSE Eb: 1.372
RMSE Rch: 0.027
MAPE Eb: 2.013
MAPE Rch: 1.516
--------------------------------------------------
**************************************************
Z=8, N=5, emax=4
RMSE Eb: 0.670
RMSE Rch: 0.007
MAPE Eb: 1.300
MAPE Rch: 0.324
--------------------------------------------------
**************************************************
Z=8, N=5, emax=8
RMSE Eb: 0.799
RMSE Rch: 0.015
MAPE Eb: 1.031
MAPE Rch: 0.745
--------------------------------------------------
**************************************************
Z=8, N=5, emax=6
RMSE Eb: 0.728
RMSE Rch: 0.010
MAPE Eb: 1.076
MAPE Rch: 0.486
--------------------------------------------------
**************************************************
Z=8, N=5, emax=10
RMSE Eb: 1.456
RMSE Rch: 0.021
MAPE Eb: 1.842
MAPE Rch: 0.899
--------------------------------------------------
**************************************************
Z=8, N=6, emax=4
RMSE Eb: 0.753
RMSE Rch: 0.008
MAPE Eb: 1.033
MAPE Rch: 0.377
--------------------------------------------------
**************************************************
Z=8, N=6, emax=8
RMSE Eb: 0.970
RMSE Rch: 0.013
MAPE Eb: 0.841
MAPE Rch: 0.662
--------------------------------------------------
**************************************************
Z=8, N=6, emax=6
RMSE Eb: 0.750
RMSE Rch: 0.009
MAPE Eb: 0.850
MAPE Rch: 0.408
--------------------------------------------------
**************************************************
Z=8, N=6, emax=10
RMSE Eb: 0.927
RMSE Rch: 0.013
MAPE Eb: 0.848
MAPE Rch: 0.631
--------------------------------------------------
**************************************************
Z=8, N=7, emax=4
RMSE Eb: 1.029
RMSE Rch: 0.011
MAPE Eb: 1.200
MAPE Rch: 0.564
--------------------------------------------------
**************************************************
Z=8, N=7, emax=8
RMSE Eb: 1.189
RMSE Rch: 0.009
MAPE Eb: 1.014
MAPE Rch: 0.493
--------------------------------------------------
**************************************************
Z=8, N=7, emax=6
RMSE Eb: 1.049
RMSE Rch: 0.013
MAPE Eb: 0.954
MAPE Rch: 0.652
--------------------------------------------------
**************************************************
Z=8, N=7, emax=10
RMSE Eb: 0.969
RMSE Rch: 0.017
MAPE Eb: 0.800
MAPE Rch: 0.910
--------------------------------------------------
**************************************************
Z=8, N=8, emax=4
RMSE Eb: 0.558
RMSE Rch: 0.010
MAPE Eb: 0.563
MAPE Rch: 0.278
--------------------------------------------------
**************************************************
Z=8, N=8, emax=6
RMSE Eb: 0.789
RMSE Rch: 0.012
MAPE Eb: 0.657
MAPE Rch: 0.362
--------------------------------------------------
**************************************************
Z=8, N=8, emax=8
RMSE Eb: 0.988
RMSE Rch: 0.017
MAPE Eb: 0.792
MAPE Rch: 0.496
--------------------------------------------------
**************************************************
Z=8, N=8, emax=10
RMSE Eb: 1.417
RMSE Rch: 0.021
MAPE Eb: 1.124
MAPE Rch: 0.571
--------------------------------------------------
**************************************************
Z=8, N=9, emax=4
RMSE Eb: 0.598
RMSE Rch: 0.008
MAPE Eb: 0.647
MAPE Rch: 0.202
--------------------------------------------------
**************************************************
Z=8, N=9, emax=8
RMSE Eb: 0.597
RMSE Rch: 0.008
MAPE Eb: 0.425
MAPE Rch: 0.230
--------------------------------------------------
**************************************************
Z=8, N=9, emax=6
RMSE Eb: 0.646
RMSE Rch: 0.007
MAPE Eb: 0.530
MAPE Rch: 0.204
--------------------------------------------------
**************************************************
Z=8, N=9, emax=10
RMSE Eb: 0.696
RMSE Rch: 0.008
MAPE Eb: 0.547
MAPE Rch: 0.236
--------------------------------------------------
**************************************************
Z=8, N=10, emax=4
RMSE Eb: 0.526
RMSE Rch: 0.009
MAPE Eb: 0.540
MAPE Rch: 0.253
--------------------------------------------------
**************************************************
Z=8, N=10, emax=6
RMSE Eb: 0.648
RMSE Rch: 0.009
MAPE Eb: 0.497
MAPE Rch: 0.267
--------------------------------------------------
**************************************************
Z=8, N=10, emax=8
RMSE Eb: 0.556
RMSE Rch: 0.008
MAPE Eb: 0.389
MAPE Rch: 0.220
--------------------------------------------------
**************************************************
Z=8, N=10, emax=10
RMSE Eb: 0.568
RMSE Rch: 0.005
MAPE Eb: 0.393
MAPE Rch: 0.162
--------------------------------------------------
**************************************************
Z=8, N=11, emax=8
RMSE Eb: 0.710
RMSE Rch: 0.007
MAPE Eb: 0.471
MAPE Rch: 0.210
--------------------------------------------------
**************************************************
Z=8, N=11, emax=4
RMSE Eb: 0.539
RMSE Rch: 0.006
MAPE Eb: 0.592
MAPE Rch: 0.151
--------------------------------------------------
**************************************************
Z=8, N=11, emax=6
RMSE Eb: 0.598
RMSE Rch: 0.006
MAPE Eb: 0.482
MAPE Rch: 0.171
--------------------------------------------------
**************************************************
Z=8, N=11, emax=10
RMSE Eb: 0.584
RMSE Rch: 0.007
MAPE Eb: 0.392
MAPE Rch: 0.209
--------------------------------------------------
**************************************************
Z=8, N=12, emax=6
RMSE Eb: 0.538
RMSE Rch: 0.005
MAPE Eb: 0.412
MAPE Rch: 0.136
--------------------------------------------------
**************************************************
Z=8, N=12, emax=8
RMSE Eb: 0.784
RMSE Rch: 0.006
MAPE Eb: 0.481
MAPE Rch: 0.161
--------------------------------------------------
**************************************************
Z=8, N=12, emax=4
RMSE Eb: 0.571
RMSE Rch: 0.006
MAPE Eb: 0.558
MAPE Rch: 0.159
--------------------------------------------------
**************************************************
Z=8, N=12, emax=10
RMSE Eb: 0.744
RMSE Rch: 0.007
MAPE Eb: 0.450
MAPE Rch: 0.194
--------------------------------------------------
**************************************************
Z=8, N=13, emax=8
RMSE Eb: 0.900
RMSE Rch: 0.007
MAPE Eb: 0.594
MAPE Rch: 0.176
--------------------------------------------------
**************************************************
Z=8, N=13, emax=4
RMSE Eb: 0.817
RMSE Rch: 0.007
MAPE Eb: 0.866
MAPE Rch: 0.190
--------------------------------------------------
**************************************************
Z=8, N=13, emax=6
RMSE Eb: 0.696
RMSE Rch: 0.006
MAPE Eb: 0.515
MAPE Rch: 0.166
--------------------------------------------------
**************************************************
Z=8, N=13, emax=10
RMSE Eb: 0.712
RMSE Rch: 0.021
MAPE Eb: 0.505
MAPE Rch: 0.335
--------------------------------------------------
**************************************************
Z=8, N=14, emax=6
RMSE Eb: 0.633
RMSE Rch: 0.006
MAPE Eb: 0.421
MAPE Rch: 0.173
--------------------------------------------------
**************************************************
Z=8, N=14, emax=10
RMSE Eb: 0.784
RMSE Rch: 0.014
MAPE Eb: 0.426
MAPE Rch: 0.401
--------------------------------------------------
**************************************************
Z=8, N=14, emax=4
RMSE Eb: 0.928
RMSE Rch: 0.007
MAPE Eb: 0.954
MAPE Rch: 0.184
--------------------------------------------------
**************************************************
Z=8, N=14, emax=8
RMSE Eb: 0.743
RMSE Rch: 0.011
MAPE Eb: 0.469
MAPE Rch: 0.298
--------------------------------------------------
**************************************************
Z=8, N=15, emax=8
RMSE Eb: 0.823
RMSE Rch: 0.008
MAPE Eb: 0.507
MAPE Rch: 0.206
--------------------------------------------------
**************************************************
Z=8, N=15, emax=6
RMSE Eb: 0.619
RMSE Rch: 0.006
MAPE Eb: 0.437
MAPE Rch: 0.156
--------------------------------------------------
**************************************************
Z=8, N=15, emax=4
RMSE Eb: 0.637
RMSE Rch: 0.006
MAPE Eb: 0.663
MAPE Rch: 0.159
--------------------------------------------------
**************************************************
Z=8, N=15, emax=10
RMSE Eb: 0.876
RMSE Rch: 0.008
MAPE Eb: 0.556
MAPE Rch: 0.246
--------------------------------------------------
**************************************************
Z=8, N=16, emax=4
RMSE Eb: 0.893
RMSE Rch: 0.007
MAPE Eb: 0.842
MAPE Rch: 0.179
--------------------------------------------------
**************************************************
Z=8, N=16, emax=8
RMSE Eb: 0.988
RMSE Rch: 0.006
MAPE Eb: 0.579
MAPE Rch: 0.181
--------------------------------------------------
**************************************************
Z=8, N=16, emax=6
RMSE Eb: 0.874
RMSE Rch: 0.006
MAPE Eb: 0.587
MAPE Rch: 0.155
--------------------------------------------------
**************************************************
Z=8, N=16, emax=10
RMSE Eb: 1.225
RMSE Rch: 0.010
MAPE Eb: 0.760
MAPE Rch: 0.277
--------------------------------------------------
