Activated conda environment
[DataLoader] Found 13 files matching the pattern.
[DataLoader] Combined data shape: (17234, 35)
[Preprocess] Data split => train: (11029, 35), val: (2758, 35), test: (3447, 35)
[Preprocess] Processed fidelity 4 (index 0): 3758 samples.
[Preprocess] Processed fidelity 6 (index 1): 3346 samples.
[Preprocess] Processed fidelity 8 (index 2): 3194 samples.
[Preprocess] Processed fidelity 10 (index 3): 731 samples.
[Preprocess] Processed fidelity 4 (index 0): 949 samples.
[Preprocess] Processed fidelity 6 (index 1): 833 samples.
[Preprocess] Processed fidelity 8 (index 2): 801 samples.
[Preprocess] Processed fidelity 10 (index 3): 175 samples.
Fidelity levels: [4, 6, 8, 10]
[Trainer] Starting BNN training...
[Trainer] No improvement. Iteration 8300. Early stopping counter: 1, LR counter: 1
[Trainer] No improvement. Iteration 8400. Early stopping counter: 2, LR counter: 2
[Trainer] No improvement. Iteration 8700. Early stopping counter: 1, LR counter: 1
[Trainer] No improvement. Iteration 8800. Early stopping counter: 2, LR counter: 2
[Trainer] No improvement. Iteration 8900. Early stopping counter: 3, LR counter: 3
[Trainer] No improvement. Iteration 9000. Early stopping counter: 4, LR counter: 4
[Trainer] No improvement. Iteration 9100. Early stopping counter: 5, LR counter: 5
[Trainer] No improvement. Iteration 9200. Early stopping counter: 6, LR counter: 6
[Trainer] No improvement. Iteration 9300. Early stopping counter: 7, LR counter: 7
[Trainer] No improvement. Iteration 9400. Early stopping counter: 8, LR counter: 8
[Trainer] No improvement. Iteration 9500. Early stopping counter: 9, LR counter: 9
[Trainer] No improvement. Iteration 9600. Early stopping counter: 10, LR counter: 10
[Trainer] No improvement. Iteration 9700. Early stopping counter: 11, LR counter: 11
[Trainer] No improvement. Iteration 9800. Early stopping counter: 12, LR counter: 12
[Trainer] No improvement. Iteration 9900. Early stopping counter: 13, LR counter: 13
[Trainer] No improvement. Iteration 10000. Early stopping counter: 14, LR counter: 14
[Trainer] No improvement. Iteration 10100. Early stopping counter: 15, LR counter: 15
[Trainer] No improvement. Iteration 10200. Early stopping counter: 16, LR counter: 16
[Trainer] No improvement. Iteration 10300. Early stopping counter: 17, LR counter: 17
[Trainer] No improvement. Iteration 10400. Early stopping counter: 18, LR counter: 18
[Trainer] No improvement. Iteration 10500. Early stopping counter: 19, LR counter: 19
[Trainer] No improvement. Iteration 10600. Early stopping counter: 20, LR counter: 20
[Trainer] No improvement. Iteration 10700. Early stopping counter: 21, LR counter: 21
[Trainer] No improvement. Iteration 10800. Early stopping counter: 22, LR counter: 22
[Trainer] No improvement. Iteration 10900. Early stopping counter: 23, LR counter: 23
[Trainer] No improvement. Iteration 11000. Early stopping counter: 24, LR counter: 24
[Trainer] No improvement. Iteration 11100. Early stopping counter: 25, LR counter: 25
[Trainer] Learning rate reduced to: 0.000010
[Trainer] No improvement. Iteration 11200. Early stopping counter: 26, LR counter: 1
[Trainer] No improvement. Iteration 11300. Early stopping counter: 27, LR counter: 2
[Trainer] No improvement. Iteration 11400. Early stopping counter: 28, LR counter: 3
[Trainer] No improvement. Iteration 11500. Early stopping counter: 29, LR counter: 4
[Trainer] No improvement. Iteration 11600. Early stopping counter: 30, LR counter: 5
[Trainer] No improvement. Iteration 11700. Early stopping counter: 31, LR counter: 6
[Trainer] No improvement. Iteration 11800. Early stopping counter: 32, LR counter: 7
[Trainer] No improvement. Iteration 11900. Early stopping counter: 33, LR counter: 8
[Trainer] No improvement. Iteration 12000. Early stopping counter: 34, LR counter: 9
[Trainer] No improvement. Iteration 12100. Early stopping counter: 35, LR counter: 10
[Trainer] No improvement. Iteration 12200. Early stopping counter: 36, LR counter: 11
[Trainer] No improvement. Iteration 12300. Early stopping counter: 37, LR counter: 12
[Trainer] No improvement. Iteration 12400. Early stopping counter: 38, LR counter: 13
[Trainer] No improvement. Iteration 12500. Early stopping counter: 39, LR counter: 14
[Trainer] No improvement. Iteration 12600. Early stopping counter: 40, LR counter: 15
[Trainer] No improvement. Iteration 12700. Early stopping counter: 41, LR counter: 16
[Trainer] No improvement. Iteration 12800. Early stopping counter: 42, LR counter: 17
[Trainer] No improvement. Iteration 12900. Early stopping counter: 43, LR counter: 18
[Trainer] No improvement. Iteration 13000. Early stopping counter: 44, LR counter: 19
[Trainer] No improvement. Iteration 13100. Early stopping counter: 45, LR counter: 20
[Trainer] No improvement. Iteration 13200. Early stopping counter: 46, LR counter: 21
[Trainer] No improvement. Iteration 13300. Early stopping counter: 47, LR counter: 22
[Trainer] No improvement. Iteration 13400. Early stopping counter: 48, LR counter: 23
[Trainer] No improvement. Iteration 13500. Early stopping counter: 49, LR counter: 24
[Trainer] No improvement. Iteration 13600. Early stopping counter: 50, LR counter: 25
[Trainer] Learning rate reduced to: 0.000001
[Trainer] Early stopping triggered.
[Trainer] Training completed.
[Trainer] Calibrating temperatures on validation set...
[Trainer] Temperature calibration finished. Calibrated temperatures: {4: 1.6395748853683472, 6: 1.3649988174438477, 8: 1.574855923652649, 10: 1.691027283668518}
[Trainer] BNN training completed.
**************************************************
Z=8, N=4, emax=4
RMSE Eb: 0.544
RMSE Rch: 0.007
MAPE Eb: 1.632
MAPE Rch: 0.306
--------------------------------------------------
**************************************************
Z=8, N=4, emax=10
RMSE Eb: 1.113
RMSE Rch: 0.029
MAPE Eb: 1.674
MAPE Rch: 1.509
--------------------------------------------------
**************************************************
Z=8, N=4, emax=6
RMSE Eb: 0.586
RMSE Rch: 0.011
MAPE Eb: 1.136
MAPE Rch: 0.538
--------------------------------------------------
**************************************************
Z=8, N=4, emax=8
RMSE Eb: 0.801
RMSE Rch: 0.014
MAPE Eb: 1.345
MAPE Rch: 0.654
--------------------------------------------------
**************************************************
Z=8, N=5, emax=8
RMSE Eb: 0.719
RMSE Rch: 0.012
MAPE Eb: 0.912
MAPE Rch: 0.586
--------------------------------------------------
**************************************************
Z=8, N=5, emax=6
RMSE Eb: 0.519
RMSE Rch: 0.010
MAPE Eb: 0.703
MAPE Rch: 0.476
--------------------------------------------------
**************************************************
Z=8, N=5, emax=4
RMSE Eb: 0.621
RMSE Rch: 0.007
MAPE Eb: 1.291
MAPE Rch: 0.329
--------------------------------------------------
**************************************************
Z=8, N=5, emax=10
RMSE Eb: 0.593
RMSE Rch: 0.013
MAPE Eb: 0.882
MAPE Rch: 0.767
--------------------------------------------------
**************************************************
Z=8, N=6, emax=4
RMSE Eb: 0.776
RMSE Rch: 0.007
MAPE Eb: 1.148
MAPE Rch: 0.289
--------------------------------------------------
**************************************************
Z=8, N=6, emax=6
RMSE Eb: 0.729
RMSE Rch: 0.008
MAPE Eb: 0.803
MAPE Rch: 0.383
--------------------------------------------------
**************************************************
Z=8, N=6, emax=8
RMSE Eb: 0.911
RMSE Rch: 0.011
MAPE Eb: 0.884
MAPE Rch: 0.527
--------------------------------------------------
**************************************************
Z=8, N=6, emax=10
RMSE Eb: 0.929
RMSE Rch: 0.019
MAPE Eb: 0.808
MAPE Rch: 1.039
--------------------------------------------------
**************************************************
Z=8, N=7, emax=8
RMSE Eb: 0.868
RMSE Rch: 0.012
MAPE Eb: 0.681
MAPE Rch: 0.610
--------------------------------------------------
**************************************************
Z=8, N=7, emax=10
RMSE Eb: 0.724
RMSE Rch: 0.031
MAPE Eb: 0.537
MAPE Rch: 1.660
--------------------------------------------------
**************************************************
Z=8, N=7, emax=6
RMSE Eb: 0.746
RMSE Rch: 0.011
MAPE Eb: 0.744
MAPE Rch: 0.533
--------------------------------------------------
**************************************************
Z=8, N=7, emax=4
RMSE Eb: 0.782
RMSE Rch: 0.006
MAPE Eb: 0.957
MAPE Rch: 0.304
--------------------------------------------------
**************************************************
Z=8, N=8, emax=4
RMSE Eb: 0.688
RMSE Rch: 0.008
MAPE Eb: 0.659
MAPE Rch: 0.204
--------------------------------------------------
**************************************************
Z=8, N=8, emax=8
RMSE Eb: 0.778
RMSE Rch: 0.014
MAPE Eb: 0.578
MAPE Rch: 0.381
--------------------------------------------------
**************************************************
Z=8, N=8, emax=6
RMSE Eb: 0.617
RMSE Rch: 0.011
MAPE Eb: 0.514
MAPE Rch: 0.308
--------------------------------------------------
**************************************************
Z=8, N=8, emax=10
RMSE Eb: 0.959
RMSE Rch: 0.030
MAPE Eb: 0.816
MAPE Rch: 0.869
--------------------------------------------------
**************************************************
Z=8, N=9, emax=8
RMSE Eb: 0.766
RMSE Rch: 0.010
MAPE Eb: 0.591
MAPE Rch: 0.302
--------------------------------------------------
**************************************************
Z=8, N=9, emax=6
RMSE Eb: 0.472
RMSE Rch: 0.009
MAPE Eb: 0.395
MAPE Rch: 0.264
--------------------------------------------------
**************************************************
Z=8, N=9, emax=4
RMSE Eb: 0.638
RMSE Rch: 0.010
MAPE Eb: 0.683
MAPE Rch: 0.306
--------------------------------------------------
**************************************************
Z=8, N=9, emax=10
RMSE Eb: 0.807
RMSE Rch: 0.012
MAPE Eb: 0.622
MAPE Rch: 0.347
--------------------------------------------------
**************************************************
Z=8, N=10, emax=4
RMSE Eb: 0.700
RMSE Rch: 0.012
MAPE Eb: 0.724
MAPE Rch: 0.382
--------------------------------------------------
**************************************************
Z=8, N=10, emax=10
RMSE Eb: 0.460
RMSE Rch: 0.016
MAPE Eb: 0.303
MAPE Rch: 0.460
--------------------------------------------------
**************************************************
Z=8, N=10, emax=6
RMSE Eb: 0.552
RMSE Rch: 0.010
MAPE Eb: 0.449
MAPE Rch: 0.310
--------------------------------------------------
**************************************************
Z=8, N=10, emax=8
RMSE Eb: 0.655
RMSE Rch: 0.014
MAPE Eb: 0.476
MAPE Rch: 0.423
--------------------------------------------------
**************************************************
Z=8, N=11, emax=4
RMSE Eb: 0.603
RMSE Rch: 0.011
MAPE Eb: 0.662
MAPE Rch: 0.329
--------------------------------------------------
**************************************************
Z=8, N=11, emax=6
RMSE Eb: 0.505
RMSE Rch: 0.012
MAPE Eb: 0.375
MAPE Rch: 0.381
--------------------------------------------------
**************************************************
Z=8, N=11, emax=8
RMSE Eb: 0.668
RMSE Rch: 0.011
MAPE Eb: 0.466
MAPE Rch: 0.335
--------------------------------------------------
**************************************************
Z=8, N=11, emax=10
RMSE Eb: 0.546
RMSE Rch: 0.019
MAPE Eb: 0.394
MAPE Rch: 0.567
--------------------------------------------------
**************************************************
Z=8, N=12, emax=6
RMSE Eb: 0.600
RMSE Rch: 0.012
MAPE Eb: 0.438
MAPE Rch: 0.390
--------------------------------------------------
**************************************************
Z=8, N=12, emax=4
RMSE Eb: 0.557
RMSE Rch: 0.010
MAPE Eb: 0.526
MAPE Rch: 0.319
--------------------------------------------------
**************************************************
Z=8, N=12, emax=8
RMSE Eb: 0.638
RMSE Rch: 0.012
MAPE Eb: 0.414
MAPE Rch: 0.361
--------------------------------------------------
**************************************************
Z=8, N=12, emax=10
RMSE Eb: 0.505
RMSE Rch: 0.019
MAPE Eb: 0.382
MAPE Rch: 0.602
--------------------------------------------------
**************************************************
Z=8, N=13, emax=8
RMSE Eb: 0.704
RMSE Rch: 0.014
MAPE Eb: 0.480
MAPE Rch: 0.403
--------------------------------------------------
**************************************************
Z=8, N=13, emax=4
RMSE Eb: 0.730
RMSE Rch: 0.011
MAPE Eb: 0.821
MAPE Rch: 0.358
--------------------------------------------------
**************************************************
Z=8, N=13, emax=10
RMSE Eb: 0.781
RMSE Rch: 0.015
MAPE Eb: 0.538
MAPE Rch: 0.455
--------------------------------------------------
**************************************************
Z=8, N=13, emax=6
RMSE Eb: 0.566
RMSE Rch: 0.012
MAPE Eb: 0.432
MAPE Rch: 0.370
--------------------------------------------------
**************************************************
Z=8, N=14, emax=8
RMSE Eb: 0.950
RMSE Rch: 0.016
MAPE Eb: 0.618
MAPE Rch: 0.466
--------------------------------------------------
**************************************************
Z=8, N=14, emax=4
RMSE Eb: 0.807
RMSE Rch: 0.010
MAPE Eb: 0.811
MAPE Rch: 0.316
--------------------------------------------------
**************************************************
Z=8, N=14, emax=6
RMSE Eb: 0.683
RMSE Rch: 0.013
MAPE Eb: 0.481
MAPE Rch: 0.401
--------------------------------------------------
**************************************************
Z=8, N=14, emax=10
RMSE Eb: 0.487
RMSE Rch: 0.015
MAPE Eb: 0.319
MAPE Rch: 0.449
--------------------------------------------------
**************************************************
Z=8, N=15, emax=8
RMSE Eb: 1.000
RMSE Rch: 0.011
MAPE Eb: 0.645
MAPE Rch: 0.325
--------------------------------------------------
**************************************************
Z=8, N=15, emax=4
RMSE Eb: 0.864
RMSE Rch: 0.010
MAPE Eb: 0.931
MAPE Rch: 0.301
--------------------------------------------------
**************************************************
Z=8, N=15, emax=6
RMSE Eb: 0.715
RMSE Rch: 0.014
MAPE Eb: 0.537
MAPE Rch: 0.424
--------------------------------------------------
**************************************************
Z=8, N=15, emax=10
RMSE Eb: 0.640
RMSE Rch: 0.011
MAPE Eb: 0.383
MAPE Rch: 0.335
--------------------------------------------------
**************************************************
Z=8, N=16, emax=8
RMSE Eb: 0.789
RMSE Rch: 0.010
MAPE Eb: 0.492
MAPE Rch: 0.273
--------------------------------------------------
**************************************************
Z=8, N=16, emax=6
RMSE Eb: 0.659
RMSE Rch: 0.011
MAPE Eb: 0.456
MAPE Rch: 0.323
--------------------------------------------------
**************************************************
Z=8, N=16, emax=10
RMSE Eb: 0.797
RMSE Rch: 0.015
MAPE Eb: 0.448
MAPE Rch: 0.401
--------------------------------------------------
**************************************************
Z=8, N=16, emax=4
RMSE Eb: 0.765
RMSE Rch: 0.011
MAPE Eb: 0.839
MAPE Rch: 0.324
--------------------------------------------------
Finished VAL for AE n=615
**************************************************
Z=8, N=4, emax=6
RMSE Eb: 0.632
RMSE Rch: 0.009
MAPE Eb: 1.106
MAPE Rch: 0.451
--------------------------------------------------
**************************************************
Z=8, N=4, emax=8
RMSE Eb: 1.064
RMSE Rch: 0.014
MAPE Eb: 1.642
MAPE Rch: 0.632
--------------------------------------------------
**************************************************
Z=8, N=4, emax=4
RMSE Eb: 0.643
RMSE Rch: 0.006
MAPE Eb: 1.776
MAPE Rch: 0.288
--------------------------------------------------
**************************************************
Z=8, N=4, emax=10
RMSE Eb: 1.403
RMSE Rch: 0.022
MAPE Eb: 2.340
MAPE Rch: 1.203
--------------------------------------------------
**************************************************
Z=8, N=5, emax=4
RMSE Eb: 0.624
RMSE Rch: 0.008
MAPE Eb: 1.250
MAPE Rch: 0.363
--------------------------------------------------
**************************************************
Z=8, N=5, emax=8
RMSE Eb: 0.851
RMSE Rch: 0.013
MAPE Eb: 1.120
MAPE Rch: 0.638
--------------------------------------------------
**************************************************
Z=8, N=5, emax=6
RMSE Eb: 0.664
RMSE Rch: 0.008
MAPE Eb: 0.973
MAPE Rch: 0.426
--------------------------------------------------
**************************************************
Z=8, N=5, emax=10
RMSE Eb: 1.020
RMSE Rch: 0.012
MAPE Eb: 1.075
MAPE Rch: 0.605
--------------------------------------------------
**************************************************
Z=8, N=6, emax=4
RMSE Eb: 0.733
RMSE Rch: 0.007
MAPE Eb: 1.078
MAPE Rch: 0.338
--------------------------------------------------
**************************************************
Z=8, N=6, emax=8
RMSE Eb: 0.944
RMSE Rch: 0.012
MAPE Eb: 0.924
MAPE Rch: 0.613
--------------------------------------------------
**************************************************
Z=8, N=6, emax=6
RMSE Eb: 0.745
RMSE Rch: 0.009
MAPE Eb: 0.818
MAPE Rch: 0.394
--------------------------------------------------
**************************************************
Z=8, N=6, emax=10
RMSE Eb: 0.691
RMSE Rch: 0.020
MAPE Eb: 0.682
MAPE Rch: 0.979
--------------------------------------------------
**************************************************
Z=8, N=7, emax=4
RMSE Eb: 0.714
RMSE Rch: 0.007
MAPE Eb: 0.862
MAPE Rch: 0.341
--------------------------------------------------
**************************************************
Z=8, N=7, emax=8
RMSE Eb: 0.976
RMSE Rch: 0.014
MAPE Eb: 0.798
MAPE Rch: 0.776
--------------------------------------------------
**************************************************
Z=8, N=7, emax=6
RMSE Eb: 0.727
RMSE Rch: 0.010
MAPE Eb: 0.635
MAPE Rch: 0.493
--------------------------------------------------
**************************************************
Z=8, N=7, emax=10
RMSE Eb: 0.940
RMSE Rch: 0.019
MAPE Eb: 0.772
MAPE Rch: 1.108
--------------------------------------------------
**************************************************
Z=8, N=8, emax=4
RMSE Eb: 0.730
RMSE Rch: 0.010
MAPE Eb: 0.635
MAPE Rch: 0.281
--------------------------------------------------
**************************************************
Z=8, N=8, emax=6
RMSE Eb: 0.695
RMSE Rch: 0.011
MAPE Eb: 0.543
MAPE Rch: 0.293
--------------------------------------------------
**************************************************
Z=8, N=8, emax=8
RMSE Eb: 0.794
RMSE Rch: 0.012
MAPE Eb: 0.604
MAPE Rch: 0.331
--------------------------------------------------
**************************************************
Z=8, N=8, emax=10
RMSE Eb: 0.704
RMSE Rch: 0.020
MAPE Eb: 0.506
MAPE Rch: 0.606
--------------------------------------------------
**************************************************
Z=8, N=9, emax=4
RMSE Eb: 0.630
RMSE Rch: 0.010
MAPE Eb: 0.681
MAPE Rch: 0.306
--------------------------------------------------
**************************************************
Z=8, N=9, emax=8
RMSE Eb: 0.722
RMSE Rch: 0.013
MAPE Eb: 0.504
MAPE Rch: 0.357
--------------------------------------------------
**************************************************
Z=8, N=9, emax=6
RMSE Eb: 0.606
RMSE Rch: 0.009
MAPE Eb: 0.526
MAPE Rch: 0.274
--------------------------------------------------
**************************************************
Z=8, N=9, emax=10
RMSE Eb: 0.736
RMSE Rch: 0.015
MAPE Eb: 0.557
MAPE Rch: 0.473
--------------------------------------------------
**************************************************
Z=8, N=10, emax=4
RMSE Eb: 0.647
RMSE Rch: 0.011
MAPE Eb: 0.693
MAPE Rch: 0.332
--------------------------------------------------
**************************************************
Z=8, N=10, emax=6
RMSE Eb: 0.562
RMSE Rch: 0.010
MAPE Eb: 0.445
MAPE Rch: 0.310
--------------------------------------------------
**************************************************
Z=8, N=10, emax=8
RMSE Eb: 0.662
RMSE Rch: 0.013
MAPE Eb: 0.503
MAPE Rch: 0.367
--------------------------------------------------
**************************************************
Z=8, N=10, emax=10
RMSE Eb: 0.765
RMSE Rch: 0.015
MAPE Eb: 0.570
MAPE Rch: 0.459
--------------------------------------------------
**************************************************
Z=8, N=11, emax=8
RMSE Eb: 0.679
RMSE Rch: 0.013
MAPE Eb: 0.460
MAPE Rch: 0.375
--------------------------------------------------
**************************************************
Z=8, N=11, emax=4
RMSE Eb: 0.596
RMSE Rch: 0.012
MAPE Eb: 0.638
MAPE Rch: 0.368
--------------------------------------------------
**************************************************
Z=8, N=11, emax=6
RMSE Eb: 0.579
RMSE Rch: 0.014
MAPE Eb: 0.463
MAPE Rch: 0.440
--------------------------------------------------
**************************************************
Z=8, N=11, emax=10
RMSE Eb: 0.541
RMSE Rch: 0.015
MAPE Eb: 0.349
MAPE Rch: 0.444
--------------------------------------------------
**************************************************
Z=8, N=12, emax=6
RMSE Eb: 0.475
RMSE Rch: 0.013
MAPE Eb: 0.348
MAPE Rch: 0.382
--------------------------------------------------
**************************************************
Z=8, N=12, emax=8
RMSE Eb: 0.641
RMSE Rch: 0.012
MAPE Eb: 0.412
MAPE Rch: 0.348
--------------------------------------------------
**************************************************
Z=8, N=12, emax=4
RMSE Eb: 0.632
RMSE Rch: 0.011
MAPE Eb: 0.653
MAPE Rch: 0.325
--------------------------------------------------
**************************************************
Z=8, N=12, emax=10
RMSE Eb: 0.447
RMSE Rch: 0.016
MAPE Eb: 0.285
MAPE Rch: 0.426
--------------------------------------------------
**************************************************
Z=8, N=13, emax=8
RMSE Eb: 0.747
RMSE Rch: 0.015
MAPE Eb: 0.500
MAPE Rch: 0.415
--------------------------------------------------
**************************************************
Z=8, N=13, emax=4
RMSE Eb: 0.774
RMSE Rch: 0.011
MAPE Eb: 0.890
MAPE Rch: 0.341
--------------------------------------------------
**************************************************
Z=8, N=13, emax=6
RMSE Eb: 0.592
RMSE Rch: 0.011
MAPE Eb: 0.456
MAPE Rch: 0.345
--------------------------------------------------
**************************************************
Z=8, N=13, emax=10
RMSE Eb: 0.547
RMSE Rch: 0.022
MAPE Eb: 0.339
MAPE Rch: 0.404
--------------------------------------------------
**************************************************
Z=8, N=14, emax=6
RMSE Eb: 0.621
RMSE Rch: 0.013
MAPE Eb: 0.412
MAPE Rch: 0.382
--------------------------------------------------
**************************************************
Z=8, N=14, emax=10
RMSE Eb: 0.471
RMSE Rch: 0.016
MAPE Eb: 0.278
MAPE Rch: 0.425
--------------------------------------------------
**************************************************
Z=8, N=14, emax=4
RMSE Eb: 0.681
RMSE Rch: 0.010
MAPE Eb: 0.698
MAPE Rch: 0.299
--------------------------------------------------
**************************************************
Z=8, N=14, emax=8
RMSE Eb: 0.867
RMSE Rch: 0.016
MAPE Eb: 0.576
MAPE Rch: 0.483
--------------------------------------------------
**************************************************
Z=8, N=15, emax=8
RMSE Eb: 0.858
RMSE Rch: 0.010
MAPE Eb: 0.582
MAPE Rch: 0.281
--------------------------------------------------
**************************************************
Z=8, N=15, emax=6
RMSE Eb: 0.669
RMSE Rch: 0.011
MAPE Eb: 0.479
MAPE Rch: 0.328
--------------------------------------------------
**************************************************
Z=8, N=15, emax=4
RMSE Eb: 0.713
RMSE Rch: 0.010
MAPE Eb: 0.795
MAPE Rch: 0.314
--------------------------------------------------
**************************************************
Z=8, N=15, emax=10
RMSE Eb: 0.454
RMSE Rch: 0.008
MAPE Eb: 0.297
MAPE Rch: 0.241
--------------------------------------------------
**************************************************
Z=8, N=16, emax=4
RMSE Eb: 0.772
RMSE Rch: 0.011
MAPE Eb: 0.824
MAPE Rch: 0.327
--------------------------------------------------
**************************************************
Z=8, N=16, emax=8
RMSE Eb: 0.735
RMSE Rch: 0.010
MAPE Eb: 0.446
MAPE Rch: 0.287
--------------------------------------------------
**************************************************
Z=8, N=16, emax=6
RMSE Eb: 0.568
RMSE Rch: 0.011
MAPE Eb: 0.389
MAPE Rch: 0.317
--------------------------------------------------
**************************************************
Z=8, N=16, emax=10
RMSE Eb: 0.592
RMSE Rch: 0.011
MAPE Eb: 0.352
MAPE Rch: 0.328
--------------------------------------------------
