Activated conda environment
[DataLoader] Found 13 files matching the pattern.
[DataLoader] Combined data shape: (17234, 35)
[Preprocess] Data split => train: (11029, 35), val: (2758, 35), test: (3447, 35)
[Preprocess] Processed fidelity 4 (index 0): 3758 samples.
[Preprocess] Processed fidelity 6 (index 1): 3346 samples.
[Preprocess] Processed fidelity 8 (index 2): 3194 samples.
[Preprocess] Processed fidelity 10 (index 3): 731 samples.
[Preprocess] Processed fidelity 4 (index 0): 949 samples.
[Preprocess] Processed fidelity 6 (index 1): 833 samples.
[Preprocess] Processed fidelity 8 (index 2): 801 samples.
[Preprocess] Processed fidelity 10 (index 3): 175 samples.
Fidelity levels: [4, 6, 8, 10]
[Trainer] Starting BNN training...
[Trainer] No improvement. Iteration 7500. Early stopping counter: 1, LR counter: 1
[Trainer] No improvement. Iteration 7600. Early stopping counter: 2, LR counter: 2
[Trainer] No improvement. Iteration 7900. Early stopping counter: 1, LR counter: 1
[Trainer] No improvement. Iteration 8000. Early stopping counter: 2, LR counter: 2
[Trainer] No improvement. Iteration 8100. Early stopping counter: 3, LR counter: 3
[Trainer] No improvement. Iteration 8200. Early stopping counter: 4, LR counter: 4
[Trainer] No improvement. Iteration 8300. Early stopping counter: 5, LR counter: 5
[Trainer] No improvement. Iteration 8400. Early stopping counter: 6, LR counter: 6
[Trainer] No improvement. Iteration 8500. Early stopping counter: 7, LR counter: 7
[Trainer] No improvement. Iteration 8600. Early stopping counter: 8, LR counter: 8
[Trainer] No improvement. Iteration 8800. Early stopping counter: 1, LR counter: 1
[Trainer] No improvement. Iteration 8900. Early stopping counter: 2, LR counter: 2
[Trainer] No improvement. Iteration 9000. Early stopping counter: 3, LR counter: 3
[Trainer] No improvement. Iteration 9100. Early stopping counter: 4, LR counter: 4
[Trainer] No improvement. Iteration 9200. Early stopping counter: 5, LR counter: 5
[Trainer] No improvement. Iteration 9300. Early stopping counter: 6, LR counter: 6
[Trainer] No improvement. Iteration 9400. Early stopping counter: 7, LR counter: 7
[Trainer] No improvement. Iteration 9500. Early stopping counter: 8, LR counter: 8
[Trainer] No improvement. Iteration 9600. Early stopping counter: 9, LR counter: 9
[Trainer] No improvement. Iteration 9700. Early stopping counter: 10, LR counter: 10
[Trainer] No improvement. Iteration 9800. Early stopping counter: 11, LR counter: 11
[Trainer] No improvement. Iteration 10000. Early stopping counter: 1, LR counter: 1
[Trainer] No improvement. Iteration 10100. Early stopping counter: 2, LR counter: 2
[Trainer] No improvement. Iteration 10200. Early stopping counter: 3, LR counter: 3
[Trainer] No improvement. Iteration 10300. Early stopping counter: 4, LR counter: 4
[Trainer] No improvement. Iteration 10400. Early stopping counter: 5, LR counter: 5
[Trainer] No improvement. Iteration 10500. Early stopping counter: 6, LR counter: 6
[Trainer] No improvement. Iteration 10600. Early stopping counter: 7, LR counter: 7
[Trainer] No improvement. Iteration 10700. Early stopping counter: 8, LR counter: 8
[Trainer] No improvement. Iteration 10800. Early stopping counter: 9, LR counter: 9
[Trainer] No improvement. Iteration 10900. Early stopping counter: 10, LR counter: 10
[Trainer] No improvement. Iteration 11000. Early stopping counter: 11, LR counter: 11
[Trainer] No improvement. Iteration 11100. Early stopping counter: 12, LR counter: 12
[Trainer] No improvement. Iteration 11200. Early stopping counter: 13, LR counter: 13
[Trainer] No improvement. Iteration 11300. Early stopping counter: 14, LR counter: 14
[Trainer] No improvement. Iteration 11400. Early stopping counter: 15, LR counter: 15
[Trainer] No improvement. Iteration 11500. Early stopping counter: 16, LR counter: 16
[Trainer] No improvement. Iteration 11600. Early stopping counter: 17, LR counter: 17
[Trainer] No improvement. Iteration 11700. Early stopping counter: 18, LR counter: 18
[Trainer] No improvement. Iteration 11800. Early stopping counter: 19, LR counter: 19
[Trainer] No improvement. Iteration 11900. Early stopping counter: 20, LR counter: 20
[Trainer] No improvement. Iteration 12000. Early stopping counter: 21, LR counter: 21
[Trainer] No improvement. Iteration 12100. Early stopping counter: 22, LR counter: 22
[Trainer] No improvement. Iteration 12200. Early stopping counter: 23, LR counter: 23
[Trainer] No improvement. Iteration 12300. Early stopping counter: 24, LR counter: 24
[Trainer] No improvement. Iteration 12400. Early stopping counter: 25, LR counter: 25
[Trainer] Learning rate reduced to: 0.000010
[Trainer] No improvement. Iteration 12500. Early stopping counter: 26, LR counter: 1
[Trainer] No improvement. Iteration 12600. Early stopping counter: 27, LR counter: 2
[Trainer] No improvement. Iteration 12700. Early stopping counter: 28, LR counter: 3
[Trainer] No improvement. Iteration 12800. Early stopping counter: 29, LR counter: 4
[Trainer] No improvement. Iteration 12900. Early stopping counter: 30, LR counter: 5
[Trainer] No improvement. Iteration 13000. Early stopping counter: 31, LR counter: 6
[Trainer] No improvement. Iteration 13100. Early stopping counter: 32, LR counter: 7
[Trainer] No improvement. Iteration 13200. Early stopping counter: 33, LR counter: 8
[Trainer] No improvement. Iteration 13300. Early stopping counter: 34, LR counter: 9
[Trainer] No improvement. Iteration 13400. Early stopping counter: 35, LR counter: 10
[Trainer] No improvement. Iteration 13500. Early stopping counter: 36, LR counter: 11
[Trainer] No improvement. Iteration 13600. Early stopping counter: 37, LR counter: 12
[Trainer] No improvement. Iteration 13700. Early stopping counter: 38, LR counter: 13
[Trainer] No improvement. Iteration 13800. Early stopping counter: 39, LR counter: 14
[Trainer] No improvement. Iteration 13900. Early stopping counter: 40, LR counter: 15
[Trainer] No improvement. Iteration 14000. Early stopping counter: 41, LR counter: 16
[Trainer] No improvement. Iteration 14100. Early stopping counter: 42, LR counter: 17
[Trainer] No improvement. Iteration 14200. Early stopping counter: 43, LR counter: 18
[Trainer] No improvement. Iteration 14300. Early stopping counter: 44, LR counter: 19
[Trainer] No improvement. Iteration 14400. Early stopping counter: 45, LR counter: 20
[Trainer] No improvement. Iteration 14500. Early stopping counter: 46, LR counter: 21
[Trainer] No improvement. Iteration 14600. Early stopping counter: 47, LR counter: 22
[Trainer] No improvement. Iteration 14700. Early stopping counter: 48, LR counter: 23
[Trainer] No improvement. Iteration 14800. Early stopping counter: 49, LR counter: 24
[Trainer] No improvement. Iteration 14900. Early stopping counter: 50, LR counter: 25
[Trainer] Learning rate reduced to: 0.000001
[Trainer] Early stopping triggered.
[Trainer] Training completed.
[Trainer] Calibrating temperatures on validation set...
[Trainer] Temperature calibration finished. Calibrated temperatures: {4: 1.0583990812301636, 6: 1.0964088439941406, 8: 1.1911306381225586, 10: 1.3177196979522705}
[Trainer] BNN training completed.
**************************************************
Z=8, N=4, emax=4
RMSE Eb: 0.550
RMSE Rch: 0.010
MAPE Eb: 1.549
MAPE Rch: 0.421
--------------------------------------------------
**************************************************
Z=8, N=4, emax=10
RMSE Eb: 1.383
RMSE Rch: 0.043
MAPE Eb: 2.378
MAPE Rch: 2.292
--------------------------------------------------
**************************************************
Z=8, N=4, emax=6
RMSE Eb: 1.114
RMSE Rch: 0.016
MAPE Eb: 1.997
MAPE Rch: 0.734
--------------------------------------------------
**************************************************
Z=8, N=4, emax=8
RMSE Eb: 1.352
RMSE Rch: 0.027
MAPE Eb: 2.336
MAPE Rch: 1.435
--------------------------------------------------
**************************************************
Z=8, N=5, emax=8
RMSE Eb: 1.021
RMSE Rch: 0.018
MAPE Eb: 1.279
MAPE Rch: 0.868
--------------------------------------------------
**************************************************
Z=8, N=5, emax=6
RMSE Eb: 0.798
RMSE Rch: 0.016
MAPE Eb: 1.138
MAPE Rch: 0.754
--------------------------------------------------
**************************************************
Z=8, N=5, emax=4
RMSE Eb: 0.465
RMSE Rch: 0.010
MAPE Eb: 0.953
MAPE Rch: 0.482
--------------------------------------------------
**************************************************
Z=8, N=5, emax=10
RMSE Eb: 0.734
RMSE Rch: 0.031
MAPE Eb: 1.134
MAPE Rch: 1.842
--------------------------------------------------
**************************************************
Z=8, N=6, emax=4
RMSE Eb: 0.637
RMSE Rch: 0.010
MAPE Eb: 0.895
MAPE Rch: 0.454
--------------------------------------------------
**************************************************
Z=8, N=6, emax=6
RMSE Eb: 0.786
RMSE Rch: 0.008
MAPE Eb: 0.851
MAPE Rch: 0.398
--------------------------------------------------
**************************************************
Z=8, N=6, emax=8
RMSE Eb: 1.319
RMSE Rch: 0.013
MAPE Eb: 1.196
MAPE Rch: 0.677
--------------------------------------------------
**************************************************
Z=8, N=6, emax=10
RMSE Eb: 1.218
RMSE Rch: 0.016
MAPE Eb: 1.155
MAPE Rch: 0.881
--------------------------------------------------
**************************************************
Z=8, N=7, emax=8
RMSE Eb: 0.913
RMSE Rch: 0.009
MAPE Eb: 0.758
MAPE Rch: 0.470
--------------------------------------------------
**************************************************
Z=8, N=7, emax=10
RMSE Eb: 0.819
RMSE Rch: 0.016
MAPE Eb: 0.741
MAPE Rch: 0.839
--------------------------------------------------
**************************************************
Z=8, N=7, emax=6
RMSE Eb: 0.742
RMSE Rch: 0.011
MAPE Eb: 0.693
MAPE Rch: 0.543
--------------------------------------------------
**************************************************
Z=8, N=7, emax=4
RMSE Eb: 0.664
RMSE Rch: 0.013
MAPE Eb: 0.827
MAPE Rch: 0.600
--------------------------------------------------
**************************************************
Z=8, N=8, emax=4
RMSE Eb: 0.873
RMSE Rch: 0.017
MAPE Eb: 0.933
MAPE Rch: 0.485
--------------------------------------------------
**************************************************
Z=8, N=8, emax=8
RMSE Eb: 1.048
RMSE Rch: 0.016
MAPE Eb: 0.747
MAPE Rch: 0.467
--------------------------------------------------
**************************************************
Z=8, N=8, emax=6
RMSE Eb: 0.769
RMSE Rch: 0.017
MAPE Eb: 0.621
MAPE Rch: 0.545
--------------------------------------------------
**************************************************
Z=8, N=8, emax=10
RMSE Eb: 1.444
RMSE Rch: 0.012
MAPE Eb: 0.945
MAPE Rch: 0.375
--------------------------------------------------
**************************************************
Z=8, N=9, emax=8
RMSE Eb: 0.789
RMSE Rch: 0.016
MAPE Eb: 0.561
MAPE Rch: 0.480
--------------------------------------------------
**************************************************
Z=8, N=9, emax=6
RMSE Eb: 0.820
RMSE Rch: 0.016
MAPE Eb: 0.644
MAPE Rch: 0.443
--------------------------------------------------
**************************************************
Z=8, N=9, emax=4
RMSE Eb: 0.540
RMSE Rch: 0.013
MAPE Eb: 0.552
MAPE Rch: 0.374
--------------------------------------------------
**************************************************
Z=8, N=9, emax=10
RMSE Eb: 1.108
RMSE Rch: 0.016
MAPE Eb: 0.828
MAPE Rch: 0.528
--------------------------------------------------
**************************************************
Z=8, N=10, emax=4
RMSE Eb: 0.798
RMSE Rch: 0.008
MAPE Eb: 0.877
MAPE Rch: 0.227
--------------------------------------------------
**************************************************
Z=8, N=10, emax=10
RMSE Eb: 1.205
RMSE Rch: 0.018
MAPE Eb: 0.895
MAPE Rch: 0.543
--------------------------------------------------
**************************************************
Z=8, N=10, emax=6
RMSE Eb: 0.864
RMSE Rch: 0.014
MAPE Eb: 0.667
MAPE Rch: 0.391
--------------------------------------------------
**************************************************
Z=8, N=10, emax=8
RMSE Eb: 0.927
RMSE Rch: 0.010
MAPE Eb: 0.652
MAPE Rch: 0.310
--------------------------------------------------
**************************************************
Z=8, N=11, emax=4
RMSE Eb: 0.788
RMSE Rch: 0.009
MAPE Eb: 0.826
MAPE Rch: 0.240
--------------------------------------------------
**************************************************
Z=8, N=11, emax=6
RMSE Eb: 0.868
RMSE Rch: 0.014
MAPE Eb: 0.637
MAPE Rch: 0.412
--------------------------------------------------
**************************************************
Z=8, N=11, emax=8
RMSE Eb: 0.891
RMSE Rch: 0.012
MAPE Eb: 0.629
MAPE Rch: 0.364
--------------------------------------------------
**************************************************
Z=8, N=11, emax=10
RMSE Eb: 1.032
RMSE Rch: 0.018
MAPE Eb: 0.751
MAPE Rch: 0.533
--------------------------------------------------
**************************************************
Z=8, N=12, emax=6
RMSE Eb: 0.899
RMSE Rch: 0.012
MAPE Eb: 0.630
MAPE Rch: 0.359
--------------------------------------------------
**************************************************
Z=8, N=12, emax=4
RMSE Eb: 0.766
RMSE Rch: 0.008
MAPE Eb: 0.776
MAPE Rch: 0.210
--------------------------------------------------
**************************************************
Z=8, N=12, emax=8
RMSE Eb: 1.048
RMSE Rch: 0.011
MAPE Eb: 0.687
MAPE Rch: 0.314
--------------------------------------------------
**************************************************
Z=8, N=12, emax=10
RMSE Eb: 0.962
RMSE Rch: 0.014
MAPE Eb: 0.670
MAPE Rch: 0.425
--------------------------------------------------
**************************************************
Z=8, N=13, emax=8
RMSE Eb: 1.292
RMSE Rch: 0.015
MAPE Eb: 0.846
MAPE Rch: 0.424
--------------------------------------------------
**************************************************
Z=8, N=13, emax=4
RMSE Eb: 0.933
RMSE Rch: 0.010
MAPE Eb: 0.909
MAPE Rch: 0.266
--------------------------------------------------
**************************************************
Z=8, N=13, emax=10
RMSE Eb: 0.913
RMSE Rch: 0.015
MAPE Eb: 0.504
MAPE Rch: 0.429
--------------------------------------------------
**************************************************
Z=8, N=13, emax=6
RMSE Eb: 0.883
RMSE Rch: 0.013
MAPE Eb: 0.657
MAPE Rch: 0.415
--------------------------------------------------
**************************************************
Z=8, N=14, emax=8
RMSE Eb: 1.259
RMSE Rch: 0.017
MAPE Eb: 0.759
MAPE Rch: 0.422
--------------------------------------------------
**************************************************
Z=8, N=14, emax=4
RMSE Eb: 1.142
RMSE Rch: 0.011
MAPE Eb: 1.072
MAPE Rch: 0.312
--------------------------------------------------
**************************************************
Z=8, N=14, emax=6
RMSE Eb: 0.783
RMSE Rch: 0.012
MAPE Eb: 0.586
MAPE Rch: 0.337
--------------------------------------------------
**************************************************
Z=8, N=14, emax=10
RMSE Eb: 0.530
RMSE Rch: 0.014
MAPE Eb: 0.358
MAPE Rch: 0.383
--------------------------------------------------
**************************************************
Z=8, N=15, emax=8
RMSE Eb: 1.059
RMSE Rch: 0.014
MAPE Eb: 0.656
MAPE Rch: 0.366
--------------------------------------------------
**************************************************
Z=8, N=15, emax=4
RMSE Eb: 1.061
RMSE Rch: 0.012
MAPE Eb: 0.857
MAPE Rch: 0.320
--------------------------------------------------
**************************************************
Z=8, N=15, emax=6
RMSE Eb: 0.983
RMSE Rch: 0.010
MAPE Eb: 0.716
MAPE Rch: 0.296
--------------------------------------------------
**************************************************
Z=8, N=15, emax=10
RMSE Eb: 1.171
RMSE Rch: 0.021
MAPE Eb: 0.579
MAPE Rch: 0.653
--------------------------------------------------
**************************************************
Z=8, N=16, emax=8
RMSE Eb: 1.156
RMSE Rch: 0.017
MAPE Eb: 0.721
MAPE Rch: 0.456
--------------------------------------------------
**************************************************
Z=8, N=16, emax=6
RMSE Eb: 1.132
RMSE Rch: 0.011
MAPE Eb: 0.725
MAPE Rch: 0.316
--------------------------------------------------
**************************************************
Z=8, N=16, emax=10
RMSE Eb: 0.877
RMSE Rch: 0.012
MAPE Eb: 0.522
MAPE Rch: 0.333
--------------------------------------------------
**************************************************
Z=8, N=16, emax=4
RMSE Eb: 1.207
RMSE Rch: 0.016
MAPE Eb: 1.216
MAPE Rch: 0.430
--------------------------------------------------
Finished VAL for AE n=139
**************************************************
Z=8, N=4, emax=6
RMSE Eb: 1.042
RMSE Rch: 0.013
MAPE Eb: 1.787
MAPE Rch: 0.591
--------------------------------------------------
**************************************************
Z=8, N=4, emax=8
RMSE Eb: 1.275
RMSE Rch: 0.027
MAPE Eb: 2.104
MAPE Rch: 1.445
--------------------------------------------------
**************************************************
Z=8, N=4, emax=4
RMSE Eb: 0.598
RMSE Rch: 0.010
MAPE Eb: 1.588
MAPE Rch: 0.453
--------------------------------------------------
**************************************************
Z=8, N=4, emax=10
RMSE Eb: 1.237
RMSE Rch: 0.032
MAPE Eb: 1.901
MAPE Rch: 1.533
--------------------------------------------------
**************************************************
Z=8, N=5, emax=4
RMSE Eb: 0.458
RMSE Rch: 0.012
MAPE Eb: 0.955
MAPE Rch: 0.526
--------------------------------------------------
**************************************************
Z=8, N=5, emax=8
RMSE Eb: 1.282
RMSE Rch: 0.017
MAPE Eb: 1.740
MAPE Rch: 0.839
--------------------------------------------------
**************************************************
Z=8, N=5, emax=6
RMSE Eb: 0.923
RMSE Rch: 0.012
MAPE Eb: 1.375
MAPE Rch: 0.536
--------------------------------------------------
**************************************************
Z=8, N=5, emax=10
RMSE Eb: 1.125
RMSE Rch: 0.020
MAPE Eb: 1.202
MAPE Rch: 1.100
--------------------------------------------------
**************************************************
Z=8, N=6, emax=4
RMSE Eb: 0.575
RMSE Rch: 0.011
MAPE Eb: 0.831
MAPE Rch: 0.490
--------------------------------------------------
**************************************************
Z=8, N=6, emax=8
RMSE Eb: 1.190
RMSE Rch: 0.016
MAPE Eb: 1.049
MAPE Rch: 0.705
--------------------------------------------------
**************************************************
Z=8, N=6, emax=6
RMSE Eb: 0.892
RMSE Rch: 0.013
MAPE Eb: 1.006
MAPE Rch: 0.518
--------------------------------------------------
**************************************************
Z=8, N=6, emax=10
RMSE Eb: 0.578
RMSE Rch: 0.016
MAPE Eb: 0.551
MAPE Rch: 0.863
--------------------------------------------------
**************************************************
Z=8, N=7, emax=4
RMSE Eb: 0.648
RMSE Rch: 0.012
MAPE Eb: 0.790
MAPE Rch: 0.642
--------------------------------------------------
**************************************************
Z=8, N=7, emax=8
RMSE Eb: 1.088
RMSE Rch: 0.011
MAPE Eb: 0.868
MAPE Rch: 0.598
--------------------------------------------------
**************************************************
Z=8, N=7, emax=6
RMSE Eb: 0.869
RMSE Rch: 0.011
MAPE Eb: 0.864
MAPE Rch: 0.558
--------------------------------------------------
**************************************************
Z=8, N=7, emax=10
RMSE Eb: 0.896
RMSE Rch: 0.009
MAPE Eb: 0.707
MAPE Rch: 0.508
--------------------------------------------------
**************************************************
Z=8, N=8, emax=4
RMSE Eb: 0.747
RMSE Rch: 0.015
MAPE Eb: 0.737
MAPE Rch: 0.425
--------------------------------------------------
**************************************************
Z=8, N=8, emax=6
RMSE Eb: 0.749
RMSE Rch: 0.018
MAPE Eb: 0.627
MAPE Rch: 0.539
--------------------------------------------------
**************************************************
Z=8, N=8, emax=8
RMSE Eb: 1.048
RMSE Rch: 0.013
MAPE Eb: 0.807
MAPE Rch: 0.379
--------------------------------------------------
**************************************************
Z=8, N=8, emax=10
RMSE Eb: 1.001
RMSE Rch: 0.019
MAPE Eb: 0.758
MAPE Rch: 0.612
--------------------------------------------------
**************************************************
Z=8, N=9, emax=4
RMSE Eb: 0.590
RMSE Rch: 0.010
MAPE Eb: 0.628
MAPE Rch: 0.290
--------------------------------------------------
**************************************************
Z=8, N=9, emax=8
RMSE Eb: 0.928
RMSE Rch: 0.015
MAPE Eb: 0.638
MAPE Rch: 0.444
--------------------------------------------------
**************************************************
Z=8, N=9, emax=6
RMSE Eb: 0.801
RMSE Rch: 0.013
MAPE Eb: 0.632
MAPE Rch: 0.388
--------------------------------------------------
**************************************************
Z=8, N=9, emax=10
RMSE Eb: 0.739
RMSE Rch: 0.018
MAPE Eb: 0.480
MAPE Rch: 0.571
--------------------------------------------------
**************************************************
Z=8, N=10, emax=4
RMSE Eb: 0.886
RMSE Rch: 0.010
MAPE Eb: 0.912
MAPE Rch: 0.274
--------------------------------------------------
**************************************************
Z=8, N=10, emax=6
RMSE Eb: 0.878
RMSE Rch: 0.013
MAPE Eb: 0.664
MAPE Rch: 0.386
--------------------------------------------------
**************************************************
Z=8, N=10, emax=8
RMSE Eb: 0.733
RMSE Rch: 0.013
MAPE Eb: 0.535
MAPE Rch: 0.375
--------------------------------------------------
**************************************************
Z=8, N=10, emax=10
RMSE Eb: 0.822
RMSE Rch: 0.016
MAPE Eb: 0.528
MAPE Rch: 0.460
--------------------------------------------------
**************************************************
Z=8, N=11, emax=8
RMSE Eb: 1.004
RMSE Rch: 0.010
MAPE Eb: 0.678
MAPE Rch: 0.294
--------------------------------------------------
**************************************************
Z=8, N=11, emax=4
RMSE Eb: 0.763
RMSE Rch: 0.008
MAPE Eb: 0.840
MAPE Rch: 0.222
--------------------------------------------------
**************************************************
Z=8, N=11, emax=6
RMSE Eb: 0.847
RMSE Rch: 0.013
MAPE Eb: 0.614
MAPE Rch: 0.372
--------------------------------------------------
**************************************************
Z=8, N=11, emax=10
RMSE Eb: 0.777
RMSE Rch: 0.012
MAPE Eb: 0.543
MAPE Rch: 0.333
--------------------------------------------------
**************************************************
Z=8, N=12, emax=6
RMSE Eb: 0.736
RMSE Rch: 0.012
MAPE Eb: 0.576
MAPE Rch: 0.360
--------------------------------------------------
**************************************************
Z=8, N=12, emax=8
RMSE Eb: 0.918
RMSE Rch: 0.013
MAPE Eb: 0.649
MAPE Rch: 0.357
--------------------------------------------------
**************************************************
Z=8, N=12, emax=4
RMSE Eb: 0.767
RMSE Rch: 0.008
MAPE Eb: 0.801
MAPE Rch: 0.209
--------------------------------------------------
**************************************************
Z=8, N=12, emax=10
RMSE Eb: 0.804
RMSE Rch: 0.016
MAPE Eb: 0.534
MAPE Rch: 0.469
--------------------------------------------------
**************************************************
Z=8, N=13, emax=8
RMSE Eb: 1.012
RMSE Rch: 0.014
MAPE Eb: 0.674
MAPE Rch: 0.407
--------------------------------------------------
**************************************************
Z=8, N=13, emax=4
RMSE Eb: 0.788
RMSE Rch: 0.010
MAPE Eb: 0.826
MAPE Rch: 0.254
--------------------------------------------------
**************************************************
Z=8, N=13, emax=6
RMSE Eb: 0.761
RMSE Rch: 0.013
MAPE Eb: 0.573
MAPE Rch: 0.399
--------------------------------------------------
**************************************************
Z=8, N=13, emax=10
RMSE Eb: 0.946
RMSE Rch: 0.007
MAPE Eb: 0.556
MAPE Rch: 0.223
--------------------------------------------------
**************************************************
Z=8, N=14, emax=6
RMSE Eb: 0.820
RMSE Rch: 0.011
MAPE Eb: 0.573
MAPE Rch: 0.297
--------------------------------------------------
**************************************************
Z=8, N=14, emax=10
RMSE Eb: 1.167
RMSE Rch: 0.017
MAPE Eb: 0.562
MAPE Rch: 0.501
--------------------------------------------------
**************************************************
Z=8, N=14, emax=4
RMSE Eb: 1.044
RMSE Rch: 0.013
MAPE Eb: 1.024
MAPE Rch: 0.324
--------------------------------------------------
**************************************************
Z=8, N=14, emax=8
RMSE Eb: 1.027
RMSE Rch: 0.014
MAPE Eb: 0.632
MAPE Rch: 0.358
--------------------------------------------------
**************************************************
Z=8, N=15, emax=8
RMSE Eb: 1.050
RMSE Rch: 0.012
MAPE Eb: 0.658
MAPE Rch: 0.325
--------------------------------------------------
**************************************************
Z=8, N=15, emax=6
RMSE Eb: 1.006
RMSE Rch: 0.010
MAPE Eb: 0.665
MAPE Rch: 0.289
--------------------------------------------------
**************************************************
Z=8, N=15, emax=4
RMSE Eb: 0.842
RMSE Rch: 0.013
MAPE Eb: 0.844
MAPE Rch: 0.339
--------------------------------------------------
**************************************************
Z=8, N=15, emax=10
RMSE Eb: 1.000
RMSE Rch: 0.019
MAPE Eb: 0.623
MAPE Rch: 0.543
--------------------------------------------------
**************************************************
Z=8, N=16, emax=4
RMSE Eb: 1.173
RMSE Rch: 0.014
MAPE Eb: 1.183
MAPE Rch: 0.380
--------------------------------------------------
**************************************************
Z=8, N=16, emax=8
RMSE Eb: 1.301
RMSE Rch: 0.016
MAPE Eb: 0.795
MAPE Rch: 0.461
--------------------------------------------------
**************************************************
Z=8, N=16, emax=6
RMSE Eb: 1.007
RMSE Rch: 0.010
MAPE Eb: 0.729
MAPE Rch: 0.255
--------------------------------------------------
**************************************************
Z=8, N=16, emax=10
RMSE Eb: 0.881
RMSE Rch: 0.016
MAPE Eb: 0.521
MAPE Rch: 0.474
--------------------------------------------------
