Activated conda environment
[DataLoader] Found 13 files matching the pattern.
[DataLoader] Combined data shape: (17234, 35)
[Preprocess] Data split => train: (11029, 35), val: (2758, 35), test: (3447, 35)
[Preprocess] Processed fidelity 4 (index 0): 3758 samples.
[Preprocess] Processed fidelity 6 (index 1): 3346 samples.
[Preprocess] Processed fidelity 8 (index 2): 3194 samples.
[Preprocess] Processed fidelity 10 (index 3): 731 samples.
[Preprocess] Processed fidelity 4 (index 0): 949 samples.
[Preprocess] Processed fidelity 6 (index 1): 833 samples.
[Preprocess] Processed fidelity 8 (index 2): 801 samples.
[Preprocess] Processed fidelity 10 (index 3): 175 samples.
Fidelity levels: [4, 6, 8, 10]
[Trainer] Starting BNN training...
[Trainer] No improvement. Iteration 6400. Early stopping counter: 1, LR counter: 1
[Trainer] No improvement. Iteration 7100. Early stopping counter: 1, LR counter: 1
[Trainer] No improvement. Iteration 7300. Early stopping counter: 1, LR counter: 1
[Trainer] No improvement. Iteration 7400. Early stopping counter: 2, LR counter: 2
[Trainer] No improvement. Iteration 7500. Early stopping counter: 3, LR counter: 3
[Trainer] No improvement. Iteration 7600. Early stopping counter: 4, LR counter: 4
[Trainer] No improvement. Iteration 7700. Early stopping counter: 5, LR counter: 5
[Trainer] No improvement. Iteration 7800. Early stopping counter: 6, LR counter: 6
[Trainer] No improvement. Iteration 7900. Early stopping counter: 7, LR counter: 7
[Trainer] No improvement. Iteration 8100. Early stopping counter: 1, LR counter: 1
[Trainer] No improvement. Iteration 8200. Early stopping counter: 2, LR counter: 2
[Trainer] No improvement. Iteration 8300. Early stopping counter: 3, LR counter: 3
[Trainer] No improvement. Iteration 8400. Early stopping counter: 4, LR counter: 4
[Trainer] No improvement. Iteration 8500. Early stopping counter: 5, LR counter: 5
[Trainer] No improvement. Iteration 8600. Early stopping counter: 6, LR counter: 6
[Trainer] No improvement. Iteration 8700. Early stopping counter: 7, LR counter: 7
[Trainer] No improvement. Iteration 8800. Early stopping counter: 8, LR counter: 8
[Trainer] No improvement. Iteration 8900. Early stopping counter: 9, LR counter: 9
[Trainer] No improvement. Iteration 9000. Early stopping counter: 10, LR counter: 10
[Trainer] No improvement. Iteration 9100. Early stopping counter: 11, LR counter: 11
[Trainer] No improvement. Iteration 9200. Early stopping counter: 12, LR counter: 12
[Trainer] No improvement. Iteration 9300. Early stopping counter: 13, LR counter: 13
[Trainer] No improvement. Iteration 9400. Early stopping counter: 14, LR counter: 14
[Trainer] No improvement. Iteration 9500. Early stopping counter: 15, LR counter: 15
[Trainer] No improvement. Iteration 9600. Early stopping counter: 16, LR counter: 16
[Trainer] No improvement. Iteration 9700. Early stopping counter: 17, LR counter: 17
[Trainer] No improvement. Iteration 9800. Early stopping counter: 18, LR counter: 18
[Trainer] No improvement. Iteration 9900. Early stopping counter: 19, LR counter: 19
[Trainer] No improvement. Iteration 10000. Early stopping counter: 20, LR counter: 20
[Trainer] No improvement. Iteration 10100. Early stopping counter: 21, LR counter: 21
[Trainer] No improvement. Iteration 10200. Early stopping counter: 22, LR counter: 22
[Trainer] No improvement. Iteration 10300. Early stopping counter: 23, LR counter: 23
[Trainer] No improvement. Iteration 10400. Early stopping counter: 24, LR counter: 24
[Trainer] No improvement. Iteration 10500. Early stopping counter: 25, LR counter: 25
[Trainer] Learning rate reduced to: 0.000010
[Trainer] No improvement. Iteration 10600. Early stopping counter: 26, LR counter: 1
[Trainer] No improvement. Iteration 10700. Early stopping counter: 27, LR counter: 2
[Trainer] No improvement. Iteration 10800. Early stopping counter: 28, LR counter: 3
[Trainer] No improvement. Iteration 10900. Early stopping counter: 29, LR counter: 4
[Trainer] No improvement. Iteration 11000. Early stopping counter: 30, LR counter: 5
[Trainer] No improvement. Iteration 11100. Early stopping counter: 31, LR counter: 6
[Trainer] No improvement. Iteration 11200. Early stopping counter: 32, LR counter: 7
[Trainer] No improvement. Iteration 11300. Early stopping counter: 33, LR counter: 8
[Trainer] No improvement. Iteration 11400. Early stopping counter: 34, LR counter: 9
[Trainer] No improvement. Iteration 11500. Early stopping counter: 35, LR counter: 10
[Trainer] No improvement. Iteration 11600. Early stopping counter: 36, LR counter: 11
[Trainer] No improvement. Iteration 11700. Early stopping counter: 37, LR counter: 12
[Trainer] No improvement. Iteration 11800. Early stopping counter: 38, LR counter: 13
[Trainer] No improvement. Iteration 11900. Early stopping counter: 39, LR counter: 14
[Trainer] No improvement. Iteration 12000. Early stopping counter: 40, LR counter: 15
[Trainer] No improvement. Iteration 12100. Early stopping counter: 41, LR counter: 16
[Trainer] No improvement. Iteration 12200. Early stopping counter: 42, LR counter: 17
[Trainer] No improvement. Iteration 12300. Early stopping counter: 43, LR counter: 18
[Trainer] No improvement. Iteration 12400. Early stopping counter: 44, LR counter: 19
[Trainer] No improvement. Iteration 12500. Early stopping counter: 45, LR counter: 20
[Trainer] No improvement. Iteration 12600. Early stopping counter: 46, LR counter: 21
[Trainer] No improvement. Iteration 12700. Early stopping counter: 47, LR counter: 22
[Trainer] No improvement. Iteration 12800. Early stopping counter: 48, LR counter: 23
[Trainer] No improvement. Iteration 12900. Early stopping counter: 49, LR counter: 24
[Trainer] No improvement. Iteration 13000. Early stopping counter: 50, LR counter: 25
[Trainer] Learning rate reduced to: 0.000001
[Trainer] Early stopping triggered.
[Trainer] Training completed.
[Trainer] Calibrating temperatures on validation set...
[Trainer] Temperature calibration finished. Calibrated temperatures: {4: 1.3229864835739136, 6: 1.492236852645874, 8: 2.165100574493408, 10: 2.3276991844177246}
[Trainer] BNN training completed.
**************************************************
Z=8, N=4, emax=4
RMSE Eb: 0.823
RMSE Rch: 0.008
MAPE Eb: 2.537
MAPE Rch: 0.346
--------------------------------------------------
**************************************************
Z=8, N=4, emax=10
RMSE Eb: 1.581
RMSE Rch: 0.034
MAPE Eb: 2.116
MAPE Rch: 1.708
--------------------------------------------------
**************************************************
Z=8, N=4, emax=6
RMSE Eb: 0.963
RMSE Rch: 0.011
MAPE Eb: 1.950
MAPE Rch: 0.534
--------------------------------------------------
**************************************************
Z=8, N=4, emax=8
RMSE Eb: 0.877
RMSE Rch: 0.017
MAPE Eb: 1.482
MAPE Rch: 0.814
--------------------------------------------------
**************************************************
Z=8, N=5, emax=8
RMSE Eb: 1.108
RMSE Rch: 0.015
MAPE Eb: 1.425
MAPE Rch: 0.680
--------------------------------------------------
**************************************************
Z=8, N=5, emax=6
RMSE Eb: 0.731
RMSE Rch: 0.010
MAPE Eb: 1.006
MAPE Rch: 0.483
--------------------------------------------------
**************************************************
Z=8, N=5, emax=4
RMSE Eb: 1.102
RMSE Rch: 0.008
MAPE Eb: 2.580
MAPE Rch: 0.385
--------------------------------------------------
**************************************************
Z=8, N=5, emax=10
RMSE Eb: 0.900
RMSE Rch: 0.019
MAPE Eb: 1.235
MAPE Rch: 1.027
--------------------------------------------------
**************************************************
Z=8, N=6, emax=4
RMSE Eb: 1.237
RMSE Rch: 0.008
MAPE Eb: 2.055
MAPE Rch: 0.357
--------------------------------------------------
**************************************************
Z=8, N=6, emax=6
RMSE Eb: 0.900
RMSE Rch: 0.008
MAPE Eb: 0.917
MAPE Rch: 0.368
--------------------------------------------------
**************************************************
Z=8, N=6, emax=8
RMSE Eb: 0.983
RMSE Rch: 0.015
MAPE Eb: 0.882
MAPE Rch: 0.755
--------------------------------------------------
**************************************************
Z=8, N=6, emax=10
RMSE Eb: 1.101
RMSE Rch: 0.026
MAPE Eb: 1.113
MAPE Rch: 1.369
--------------------------------------------------
**************************************************
Z=8, N=7, emax=8
RMSE Eb: 0.805
RMSE Rch: 0.018
MAPE Eb: 0.636
MAPE Rch: 0.910
--------------------------------------------------
**************************************************
Z=8, N=7, emax=10
RMSE Eb: 1.716
RMSE Rch: 0.033
MAPE Eb: 1.235
MAPE Rch: 1.855
--------------------------------------------------
**************************************************
Z=8, N=7, emax=6
RMSE Eb: 0.860
RMSE Rch: 0.019
MAPE Eb: 0.782
MAPE Rch: 0.981
--------------------------------------------------
**************************************************
Z=8, N=7, emax=4
RMSE Eb: 1.448
RMSE Rch: 0.015
MAPE Eb: 1.877
MAPE Rch: 0.776
--------------------------------------------------
**************************************************
Z=8, N=8, emax=4
RMSE Eb: 1.344
RMSE Rch: 0.012
MAPE Eb: 1.627
MAPE Rch: 0.348
--------------------------------------------------
**************************************************
Z=8, N=8, emax=8
RMSE Eb: 0.890
RMSE Rch: 0.028
MAPE Eb: 0.693
MAPE Rch: 0.884
--------------------------------------------------
**************************************************
Z=8, N=8, emax=6
RMSE Eb: 0.713
RMSE Rch: 0.013
MAPE Eb: 0.602
MAPE Rch: 0.369
--------------------------------------------------
**************************************************
Z=8, N=8, emax=10
RMSE Eb: 1.591
RMSE Rch: 0.029
MAPE Eb: 1.073
MAPE Rch: 0.900
--------------------------------------------------
**************************************************
Z=8, N=9, emax=8
RMSE Eb: 1.336
RMSE Rch: 0.010
MAPE Eb: 1.071
MAPE Rch: 0.287
--------------------------------------------------
**************************************************
Z=8, N=9, emax=6
RMSE Eb: 0.479
RMSE Rch: 0.009
MAPE Eb: 0.401
MAPE Rch: 0.270
--------------------------------------------------
**************************************************
Z=8, N=9, emax=4
RMSE Eb: 1.409
RMSE Rch: 0.006
MAPE Eb: 1.713
MAPE Rch: 0.161
--------------------------------------------------
**************************************************
Z=8, N=9, emax=10
RMSE Eb: 1.349
RMSE Rch: 0.016
MAPE Eb: 1.022
MAPE Rch: 0.530
--------------------------------------------------
**************************************************
Z=8, N=10, emax=4
RMSE Eb: 1.572
RMSE Rch: 0.005
MAPE Eb: 1.894
MAPE Rch: 0.140
--------------------------------------------------
**************************************************
Z=8, N=10, emax=10
RMSE Eb: 1.573
RMSE Rch: 0.014
MAPE Eb: 1.202
MAPE Rch: 0.432
--------------------------------------------------
**************************************************
Z=8, N=10, emax=6
RMSE Eb: 0.726
RMSE Rch: 0.007
MAPE Eb: 0.599
MAPE Rch: 0.186
--------------------------------------------------
**************************************************
Z=8, N=10, emax=8
RMSE Eb: 1.675
RMSE Rch: 0.010
MAPE Eb: 1.330
MAPE Rch: 0.268
--------------------------------------------------
**************************************************
Z=8, N=11, emax=4
RMSE Eb: 1.408
RMSE Rch: 0.006
MAPE Eb: 1.759
MAPE Rch: 0.161
--------------------------------------------------
**************************************************
Z=8, N=11, emax=6
RMSE Eb: 0.850
RMSE Rch: 0.006
MAPE Eb: 0.713
MAPE Rch: 0.178
--------------------------------------------------
**************************************************
Z=8, N=11, emax=8
RMSE Eb: 1.770
RMSE Rch: 0.010
MAPE Eb: 1.363
MAPE Rch: 0.293
--------------------------------------------------
**************************************************
Z=8, N=11, emax=10
RMSE Eb: 1.837
RMSE Rch: 0.018
MAPE Eb: 1.437
MAPE Rch: 0.562
--------------------------------------------------
**************************************************
Z=8, N=12, emax=6
RMSE Eb: 0.802
RMSE Rch: 0.006
MAPE Eb: 0.631
MAPE Rch: 0.162
--------------------------------------------------
**************************************************
Z=8, N=12, emax=4
RMSE Eb: 1.406
RMSE Rch: 0.006
MAPE Eb: 1.662
MAPE Rch: 0.155
--------------------------------------------------
**************************************************
Z=8, N=12, emax=8
RMSE Eb: 1.512
RMSE Rch: 0.007
MAPE Eb: 1.173
MAPE Rch: 0.213
--------------------------------------------------
**************************************************
Z=8, N=12, emax=10
RMSE Eb: 1.363
RMSE Rch: 0.012
MAPE Eb: 1.020
MAPE Rch: 0.338
--------------------------------------------------
**************************************************
Z=8, N=13, emax=8
RMSE Eb: 1.566
RMSE Rch: 0.010
MAPE Eb: 1.111
MAPE Rch: 0.264
--------------------------------------------------
**************************************************
Z=8, N=13, emax=4
RMSE Eb: 1.645
RMSE Rch: 0.005
MAPE Eb: 1.994
MAPE Rch: 0.148
--------------------------------------------------
**************************************************
Z=8, N=13, emax=10
RMSE Eb: 1.841
RMSE Rch: 0.013
MAPE Eb: 1.323
MAPE Rch: 0.317
--------------------------------------------------
**************************************************
Z=8, N=13, emax=6
RMSE Eb: 0.832
RMSE Rch: 0.006
MAPE Eb: 0.684
MAPE Rch: 0.154
--------------------------------------------------
**************************************************
Z=8, N=14, emax=8
RMSE Eb: 1.548
RMSE Rch: 0.013
MAPE Eb: 1.041
MAPE Rch: 0.309
--------------------------------------------------
**************************************************
Z=8, N=14, emax=4
RMSE Eb: 1.560
RMSE Rch: 0.006
MAPE Eb: 1.833
MAPE Rch: 0.183
--------------------------------------------------
**************************************************
Z=8, N=14, emax=6
RMSE Eb: 0.701
RMSE Rch: 0.007
MAPE Eb: 0.551
MAPE Rch: 0.185
--------------------------------------------------
**************************************************
Z=8, N=14, emax=10
RMSE Eb: 1.686
RMSE Rch: 0.016
MAPE Eb: 1.208
MAPE Rch: 0.513
--------------------------------------------------
**************************************************
Z=8, N=15, emax=8
RMSE Eb: 1.463
RMSE Rch: 0.008
MAPE Eb: 1.008
MAPE Rch: 0.207
--------------------------------------------------
**************************************************
Z=8, N=15, emax=4
RMSE Eb: 1.557
RMSE Rch: 0.005
MAPE Eb: 1.829
MAPE Rch: 0.129
--------------------------------------------------
**************************************************
Z=8, N=15, emax=6
RMSE Eb: 0.746
RMSE Rch: 0.006
MAPE Eb: 0.591
MAPE Rch: 0.152
--------------------------------------------------
**************************************************
Z=8, N=15, emax=10
RMSE Eb: 1.814
RMSE Rch: 0.011
MAPE Eb: 1.162
MAPE Rch: 0.343
--------------------------------------------------
**************************************************
Z=8, N=16, emax=8
RMSE Eb: 1.591
RMSE Rch: 0.011
MAPE Eb: 1.063
MAPE Rch: 0.271
--------------------------------------------------
**************************************************
Z=8, N=16, emax=6
RMSE Eb: 0.805
RMSE Rch: 0.007
MAPE Eb: 0.575
MAPE Rch: 0.200
--------------------------------------------------
**************************************************
Z=8, N=16, emax=10
RMSE Eb: 1.706
RMSE Rch: 0.017
MAPE Eb: 1.090
MAPE Rch: 0.527
--------------------------------------------------
**************************************************
Z=8, N=16, emax=4
RMSE Eb: 1.764
RMSE Rch: 0.005
MAPE Eb: 2.117
MAPE Rch: 0.150
--------------------------------------------------
Finished VAL for AE n=704
**************************************************
Z=8, N=4, emax=6
RMSE Eb: 0.945
RMSE Rch: 0.012
MAPE Eb: 1.802
MAPE Rch: 0.554
--------------------------------------------------
**************************************************
Z=8, N=4, emax=8
RMSE Eb: 1.014
RMSE Rch: 0.017
MAPE Eb: 1.625
MAPE Rch: 0.797
--------------------------------------------------
**************************************************
Z=8, N=4, emax=4
RMSE Eb: 0.892
RMSE Rch: 0.007
MAPE Eb: 2.618
MAPE Rch: 0.311
--------------------------------------------------
**************************************************
Z=8, N=4, emax=10
RMSE Eb: 0.992
RMSE Rch: 0.029
MAPE Eb: 1.619
MAPE Rch: 1.433
--------------------------------------------------
**************************************************
Z=8, N=5, emax=4
RMSE Eb: 1.126
RMSE Rch: 0.008
MAPE Eb: 2.539
MAPE Rch: 0.369
--------------------------------------------------
**************************************************
Z=8, N=5, emax=8
RMSE Eb: 0.903
RMSE Rch: 0.013
MAPE Eb: 1.149
MAPE Rch: 0.584
--------------------------------------------------
**************************************************
Z=8, N=5, emax=6
RMSE Eb: 0.822
RMSE Rch: 0.009
MAPE Eb: 1.140
MAPE Rch: 0.425
--------------------------------------------------
**************************************************
Z=8, N=5, emax=10
RMSE Eb: 1.216
RMSE Rch: 0.029
MAPE Eb: 1.560
MAPE Rch: 1.445
--------------------------------------------------
**************************************************
Z=8, N=6, emax=4
RMSE Eb: 1.178
RMSE Rch: 0.008
MAPE Eb: 1.849
MAPE Rch: 0.350
--------------------------------------------------
**************************************************
Z=8, N=6, emax=8
RMSE Eb: 1.149
RMSE Rch: 0.015
MAPE Eb: 1.097
MAPE Rch: 0.732
--------------------------------------------------
**************************************************
Z=8, N=6, emax=6
RMSE Eb: 0.906
RMSE Rch: 0.010
MAPE Eb: 0.990
MAPE Rch: 0.490
--------------------------------------------------
**************************************************
Z=8, N=6, emax=10
RMSE Eb: 0.861
RMSE Rch: 0.018
MAPE Eb: 0.706
MAPE Rch: 1.023
--------------------------------------------------
**************************************************
Z=8, N=7, emax=4
RMSE Eb: 1.579
RMSE Rch: 0.013
MAPE Eb: 2.139
MAPE Rch: 0.657
--------------------------------------------------
**************************************************
Z=8, N=7, emax=8
RMSE Eb: 0.973
RMSE Rch: 0.015
MAPE Eb: 0.790
MAPE Rch: 0.833
--------------------------------------------------
**************************************************
Z=8, N=7, emax=6
RMSE Eb: 0.790
RMSE Rch: 0.017
MAPE Eb: 0.674
MAPE Rch: 0.898
--------------------------------------------------
**************************************************
Z=8, N=7, emax=10
RMSE Eb: 1.278
RMSE Rch: 0.032
MAPE Eb: 1.011
MAPE Rch: 1.790
--------------------------------------------------
**************************************************
Z=8, N=8, emax=4
RMSE Eb: 1.205
RMSE Rch: 0.010
MAPE Eb: 1.359
MAPE Rch: 0.283
--------------------------------------------------
**************************************************
Z=8, N=8, emax=6
RMSE Eb: 0.586
RMSE Rch: 0.013
MAPE Eb: 0.471
MAPE Rch: 0.369
--------------------------------------------------
**************************************************
Z=8, N=8, emax=8
RMSE Eb: 0.831
RMSE Rch: 0.029
MAPE Eb: 0.618
MAPE Rch: 0.914
--------------------------------------------------
**************************************************
Z=8, N=8, emax=10
RMSE Eb: 1.169
RMSE Rch: 0.029
MAPE Eb: 0.694
MAPE Rch: 0.842
--------------------------------------------------
**************************************************
Z=8, N=9, emax=4
RMSE Eb: 1.483
RMSE Rch: 0.007
MAPE Eb: 1.886
MAPE Rch: 0.203
--------------------------------------------------
**************************************************
Z=8, N=9, emax=8
RMSE Eb: 1.359
RMSE Rch: 0.009
MAPE Eb: 1.072
MAPE Rch: 0.262
--------------------------------------------------
**************************************************
Z=8, N=9, emax=6
RMSE Eb: 0.525
RMSE Rch: 0.009
MAPE Eb: 0.425
MAPE Rch: 0.257
--------------------------------------------------
**************************************************
Z=8, N=9, emax=10
RMSE Eb: 1.229
RMSE Rch: 0.022
MAPE Eb: 0.945
MAPE Rch: 0.656
--------------------------------------------------
**************************************************
Z=8, N=10, emax=4
RMSE Eb: 1.534
RMSE Rch: 0.007
MAPE Eb: 1.800
MAPE Rch: 0.193
--------------------------------------------------
**************************************************
Z=8, N=10, emax=6
RMSE Eb: 0.912
RMSE Rch: 0.009
MAPE Eb: 0.716
MAPE Rch: 0.246
--------------------------------------------------
**************************************************
Z=8, N=10, emax=8
RMSE Eb: 1.552
RMSE Rch: 0.007
MAPE Eb: 1.249
MAPE Rch: 0.200
--------------------------------------------------
**************************************************
Z=8, N=10, emax=10
RMSE Eb: 1.689
RMSE Rch: 0.018
MAPE Eb: 1.303
MAPE Rch: 0.560
--------------------------------------------------
**************************************************
Z=8, N=11, emax=8
RMSE Eb: 1.735
RMSE Rch: 0.008
MAPE Eb: 1.390
MAPE Rch: 0.243
--------------------------------------------------
**************************************************
Z=8, N=11, emax=4
RMSE Eb: 1.409
RMSE Rch: 0.006
MAPE Eb: 1.800
MAPE Rch: 0.146
--------------------------------------------------
**************************************************
Z=8, N=11, emax=6
RMSE Eb: 0.789
RMSE Rch: 0.006
MAPE Eb: 0.657
MAPE Rch: 0.170
--------------------------------------------------
**************************************************
Z=8, N=11, emax=10
RMSE Eb: 2.092
RMSE Rch: 0.010
MAPE Eb: 1.570
MAPE Rch: 0.291
--------------------------------------------------
**************************************************
Z=8, N=12, emax=6
RMSE Eb: 0.742
RMSE Rch: 0.007
MAPE Eb: 0.601
MAPE Rch: 0.186
--------------------------------------------------
**************************************************
Z=8, N=12, emax=8
RMSE Eb: 1.513
RMSE Rch: 0.010
MAPE Eb: 1.140
MAPE Rch: 0.287
--------------------------------------------------
**************************************************
Z=8, N=12, emax=4
RMSE Eb: 1.516
RMSE Rch: 0.007
MAPE Eb: 1.801
MAPE Rch: 0.189
--------------------------------------------------
**************************************************
Z=8, N=12, emax=10
RMSE Eb: 1.453
RMSE Rch: 0.013
MAPE Eb: 1.110
MAPE Rch: 0.414
--------------------------------------------------
**************************************************
Z=8, N=13, emax=8
RMSE Eb: 1.418
RMSE Rch: 0.009
MAPE Eb: 1.031
MAPE Rch: 0.259
--------------------------------------------------
**************************************************
Z=8, N=13, emax=4
RMSE Eb: 1.507
RMSE Rch: 0.006
MAPE Eb: 1.829
MAPE Rch: 0.144
--------------------------------------------------
**************************************************
Z=8, N=13, emax=6
RMSE Eb: 0.712
RMSE Rch: 0.006
MAPE Eb: 0.577
MAPE Rch: 0.179
--------------------------------------------------
**************************************************
Z=8, N=13, emax=10
RMSE Eb: 1.748
RMSE Rch: 0.029
MAPE Eb: 1.304
MAPE Rch: 0.546
--------------------------------------------------
**************************************************
Z=8, N=14, emax=6
RMSE Eb: 0.763
RMSE Rch: 0.007
MAPE Eb: 0.536
MAPE Rch: 0.208
--------------------------------------------------
**************************************************
Z=8, N=14, emax=10
RMSE Eb: 1.824
RMSE Rch: 0.015
MAPE Eb: 1.215
MAPE Rch: 0.377
--------------------------------------------------
**************************************************
Z=8, N=14, emax=4
RMSE Eb: 1.561
RMSE Rch: 0.006
MAPE Eb: 1.871
MAPE Rch: 0.170
--------------------------------------------------
**************************************************
Z=8, N=14, emax=8
RMSE Eb: 1.408
RMSE Rch: 0.011
MAPE Eb: 0.963
MAPE Rch: 0.281
--------------------------------------------------
**************************************************
Z=8, N=15, emax=8
RMSE Eb: 1.412
RMSE Rch: 0.009
MAPE Eb: 0.990
MAPE Rch: 0.221
--------------------------------------------------
**************************************************
Z=8, N=15, emax=6
RMSE Eb: 0.721
RMSE Rch: 0.005
MAPE Eb: 0.548
MAPE Rch: 0.153
--------------------------------------------------
**************************************************
Z=8, N=15, emax=4
RMSE Eb: 1.655
RMSE Rch: 0.005
MAPE Eb: 2.012
MAPE Rch: 0.132
--------------------------------------------------
**************************************************
Z=8, N=15, emax=10
RMSE Eb: 1.471
RMSE Rch: 0.012
MAPE Eb: 0.975
MAPE Rch: 0.329
--------------------------------------------------
**************************************************
Z=8, N=16, emax=4
RMSE Eb: 1.734
RMSE Rch: 0.007
MAPE Eb: 2.045
MAPE Rch: 0.178
--------------------------------------------------
**************************************************
Z=8, N=16, emax=8
RMSE Eb: 1.340
RMSE Rch: 0.009
MAPE Eb: 0.907
MAPE Rch: 0.262
--------------------------------------------------
**************************************************
Z=8, N=16, emax=6
RMSE Eb: 0.753
RMSE Rch: 0.007
MAPE Eb: 0.527
MAPE Rch: 0.172
--------------------------------------------------
**************************************************
Z=8, N=16, emax=10
RMSE Eb: 1.600
RMSE Rch: 0.015
MAPE Eb: 1.005
MAPE Rch: 0.457
--------------------------------------------------
