Activated conda environment
[DataLoader] Found 13 files matching the pattern.
[DataLoader] Combined data shape: (17234, 35)
[Preprocess] Data split => train: (11029, 35), val: (2758, 35), test: (3447, 35)
[Preprocess] Processed fidelity 4 (index 0): 3758 samples.
[Preprocess] Processed fidelity 6 (index 1): 3346 samples.
[Preprocess] Processed fidelity 8 (index 2): 3194 samples.
[Preprocess] Processed fidelity 10 (index 3): 731 samples.
[Preprocess] Processed fidelity 4 (index 0): 949 samples.
[Preprocess] Processed fidelity 6 (index 1): 833 samples.
[Preprocess] Processed fidelity 8 (index 2): 801 samples.
[Preprocess] Processed fidelity 10 (index 3): 175 samples.
Fidelity levels: [4, 6, 8, 10]
[Trainer] Starting BNN training...
[Trainer] No improvement. Iteration 9100. Early stopping counter: 1, LR counter: 1
[Trainer] No improvement. Iteration 9200. Early stopping counter: 2, LR counter: 2
[Trainer] No improvement. Iteration 9300. Early stopping counter: 3, LR counter: 3
[Trainer] No improvement. Iteration 9800. Early stopping counter: 1, LR counter: 1
[Trainer] No improvement. Iteration 9900. Early stopping counter: 2, LR counter: 2
[Trainer] No improvement. Iteration 10000. Early stopping counter: 3, LR counter: 3
[Trainer] No improvement. Iteration 10100. Early stopping counter: 4, LR counter: 4
[Trainer] No improvement. Iteration 10200. Early stopping counter: 5, LR counter: 5
[Trainer] No improvement. Iteration 10300. Early stopping counter: 6, LR counter: 6
[Trainer] No improvement. Iteration 10400. Early stopping counter: 7, LR counter: 7
[Trainer] No improvement. Iteration 10500. Early stopping counter: 8, LR counter: 8
[Trainer] No improvement. Iteration 10600. Early stopping counter: 9, LR counter: 9
[Trainer] No improvement. Iteration 10700. Early stopping counter: 10, LR counter: 10
[Trainer] No improvement. Iteration 10800. Early stopping counter: 11, LR counter: 11
[Trainer] No improvement. Iteration 10900. Early stopping counter: 12, LR counter: 12
[Trainer] No improvement. Iteration 11000. Early stopping counter: 13, LR counter: 13
[Trainer] No improvement. Iteration 11100. Early stopping counter: 14, LR counter: 14
[Trainer] No improvement. Iteration 11200. Early stopping counter: 15, LR counter: 15
[Trainer] No improvement. Iteration 11300. Early stopping counter: 16, LR counter: 16
[Trainer] No improvement. Iteration 11400. Early stopping counter: 17, LR counter: 17
[Trainer] No improvement. Iteration 11500. Early stopping counter: 18, LR counter: 18
[Trainer] No improvement. Iteration 11600. Early stopping counter: 19, LR counter: 19
[Trainer] No improvement. Iteration 11700. Early stopping counter: 20, LR counter: 20
[Trainer] No improvement. Iteration 11800. Early stopping counter: 21, LR counter: 21
[Trainer] No improvement. Iteration 11900. Early stopping counter: 22, LR counter: 22
[Trainer] No improvement. Iteration 12000. Early stopping counter: 23, LR counter: 23
[Trainer] No improvement. Iteration 12100. Early stopping counter: 24, LR counter: 24
[Trainer] No improvement. Iteration 12200. Early stopping counter: 25, LR counter: 25
[Trainer] Learning rate reduced to: 0.000010
[Trainer] No improvement. Iteration 12300. Early stopping counter: 26, LR counter: 1
[Trainer] No improvement. Iteration 12400. Early stopping counter: 27, LR counter: 2
[Trainer] No improvement. Iteration 12500. Early stopping counter: 28, LR counter: 3
[Trainer] No improvement. Iteration 12600. Early stopping counter: 29, LR counter: 4
[Trainer] No improvement. Iteration 12700. Early stopping counter: 30, LR counter: 5
[Trainer] No improvement. Iteration 12800. Early stopping counter: 31, LR counter: 6
[Trainer] No improvement. Iteration 12900. Early stopping counter: 32, LR counter: 7
[Trainer] No improvement. Iteration 13000. Early stopping counter: 33, LR counter: 8
[Trainer] No improvement. Iteration 13100. Early stopping counter: 34, LR counter: 9
[Trainer] No improvement. Iteration 13200. Early stopping counter: 35, LR counter: 10
[Trainer] No improvement. Iteration 13300. Early stopping counter: 36, LR counter: 11
[Trainer] No improvement. Iteration 13400. Early stopping counter: 37, LR counter: 12
[Trainer] No improvement. Iteration 13500. Early stopping counter: 38, LR counter: 13
[Trainer] No improvement. Iteration 13600. Early stopping counter: 39, LR counter: 14
[Trainer] No improvement. Iteration 13700. Early stopping counter: 40, LR counter: 15
[Trainer] No improvement. Iteration 13800. Early stopping counter: 41, LR counter: 16
[Trainer] No improvement. Iteration 13900. Early stopping counter: 42, LR counter: 17
[Trainer] No improvement. Iteration 14000. Early stopping counter: 43, LR counter: 18
[Trainer] No improvement. Iteration 14100. Early stopping counter: 44, LR counter: 19
[Trainer] No improvement. Iteration 14200. Early stopping counter: 45, LR counter: 20
[Trainer] No improvement. Iteration 14300. Early stopping counter: 46, LR counter: 21
[Trainer] No improvement. Iteration 14400. Early stopping counter: 47, LR counter: 22
[Trainer] No improvement. Iteration 14500. Early stopping counter: 48, LR counter: 23
[Trainer] No improvement. Iteration 14600. Early stopping counter: 49, LR counter: 24
[Trainer] No improvement. Iteration 14700. Early stopping counter: 50, LR counter: 25
[Trainer] Learning rate reduced to: 0.000001
[Trainer] Early stopping triggered.
[Trainer] Training completed.
[Trainer] Calibrating temperatures on validation set...
[Trainer] Temperature calibration finished. Calibrated temperatures: {4: 1.143494725227356, 6: 1.1464109420776367, 8: 1.2295501232147217, 10: 1.240480899810791}
[Trainer] BNN training completed.
**************************************************
Z=8, N=4, emax=4
RMSE Eb: 1.091
RMSE Rch: 0.013
MAPE Eb: 3.375
MAPE Rch: 0.615
--------------------------------------------------
**************************************************
Z=8, N=4, emax=10
RMSE Eb: 2.042
RMSE Rch: 0.046
MAPE Eb: 3.618
MAPE Rch: 2.357
--------------------------------------------------
**************************************************
Z=8, N=4, emax=6
RMSE Eb: 1.250
RMSE Rch: 0.017
MAPE Eb: 2.488
MAPE Rch: 0.813
--------------------------------------------------
**************************************************
Z=8, N=4, emax=8
RMSE Eb: 1.551
RMSE Rch: 0.026
MAPE Eb: 2.524
MAPE Rch: 1.294
--------------------------------------------------
**************************************************
Z=8, N=5, emax=8
RMSE Eb: 1.371
RMSE Rch: 0.019
MAPE Eb: 1.769
MAPE Rch: 0.935
--------------------------------------------------
**************************************************
Z=8, N=5, emax=6
RMSE Eb: 1.491
RMSE Rch: 0.016
MAPE Eb: 2.136
MAPE Rch: 0.780
--------------------------------------------------
**************************************************
Z=8, N=5, emax=4
RMSE Eb: 1.091
RMSE Rch: 0.011
MAPE Eb: 2.280
MAPE Rch: 0.507
--------------------------------------------------
**************************************************
Z=8, N=5, emax=10
RMSE Eb: 1.754
RMSE Rch: 0.027
MAPE Eb: 1.982
MAPE Rch: 1.302
--------------------------------------------------
**************************************************
Z=8, N=6, emax=4
RMSE Eb: 1.231
RMSE Rch: 0.013
MAPE Eb: 1.790
MAPE Rch: 0.611
--------------------------------------------------
**************************************************
Z=8, N=6, emax=6
RMSE Eb: 1.480
RMSE Rch: 0.014
MAPE Eb: 1.667
MAPE Rch: 0.721
--------------------------------------------------
**************************************************
Z=8, N=6, emax=8
RMSE Eb: 1.504
RMSE Rch: 0.018
MAPE Eb: 1.439
MAPE Rch: 0.843
--------------------------------------------------
**************************************************
Z=8, N=6, emax=10
RMSE Eb: 1.502
RMSE Rch: 0.017
MAPE Eb: 1.223
MAPE Rch: 0.886
--------------------------------------------------
**************************************************
Z=8, N=7, emax=8
RMSE Eb: 2.310
RMSE Rch: 0.019
MAPE Eb: 1.799
MAPE Rch: 0.995
--------------------------------------------------
**************************************************
Z=8, N=7, emax=10
RMSE Eb: 1.975
RMSE Rch: 0.022
MAPE Eb: 1.533
MAPE Rch: 1.077
--------------------------------------------------
**************************************************
Z=8, N=7, emax=6
RMSE Eb: 1.505
RMSE Rch: 0.023
MAPE Eb: 1.384
MAPE Rch: 1.155
--------------------------------------------------
**************************************************
Z=8, N=7, emax=4
RMSE Eb: 1.462
RMSE Rch: 0.013
MAPE Eb: 1.836
MAPE Rch: 0.680
--------------------------------------------------
**************************************************
Z=8, N=8, emax=4
RMSE Eb: 0.957
RMSE Rch: 0.012
MAPE Eb: 1.036
MAPE Rch: 0.355
--------------------------------------------------
**************************************************
Z=8, N=8, emax=8
RMSE Eb: 1.306
RMSE Rch: 0.017
MAPE Eb: 1.049
MAPE Rch: 0.438
--------------------------------------------------
**************************************************
Z=8, N=8, emax=6
RMSE Eb: 1.097
RMSE Rch: 0.015
MAPE Eb: 0.976
MAPE Rch: 0.428
--------------------------------------------------
**************************************************
Z=8, N=8, emax=10
RMSE Eb: 1.690
RMSE Rch: 0.016
MAPE Eb: 1.310
MAPE Rch: 0.470
--------------------------------------------------
**************************************************
Z=8, N=9, emax=8
RMSE Eb: 0.988
RMSE Rch: 0.011
MAPE Eb: 0.734
MAPE Rch: 0.311
--------------------------------------------------
**************************************************
Z=8, N=9, emax=6
RMSE Eb: 0.832
RMSE Rch: 0.012
MAPE Eb: 0.692
MAPE Rch: 0.353
--------------------------------------------------
**************************************************
Z=8, N=9, emax=4
RMSE Eb: 0.968
RMSE Rch: 0.010
MAPE Eb: 1.006
MAPE Rch: 0.278
--------------------------------------------------
**************************************************
Z=8, N=9, emax=10
RMSE Eb: 1.494
RMSE Rch: 0.021
MAPE Eb: 1.059
MAPE Rch: 0.566
--------------------------------------------------
**************************************************
Z=8, N=10, emax=4
RMSE Eb: 0.961
RMSE Rch: 0.011
MAPE Eb: 0.962
MAPE Rch: 0.297
--------------------------------------------------
**************************************************
Z=8, N=10, emax=10
RMSE Eb: 1.302
RMSE Rch: 0.019
MAPE Eb: 0.926
MAPE Rch: 0.520
--------------------------------------------------
**************************************************
Z=8, N=10, emax=6
RMSE Eb: 0.874
RMSE Rch: 0.011
MAPE Eb: 0.698
MAPE Rch: 0.294
--------------------------------------------------
**************************************************
Z=8, N=10, emax=8
RMSE Eb: 1.230
RMSE Rch: 0.010
MAPE Eb: 0.843
MAPE Rch: 0.294
--------------------------------------------------
**************************************************
Z=8, N=11, emax=4
RMSE Eb: 0.757
RMSE Rch: 0.008
MAPE Eb: 0.833
MAPE Rch: 0.214
--------------------------------------------------
**************************************************
Z=8, N=11, emax=6
RMSE Eb: 0.750
RMSE Rch: 0.011
MAPE Eb: 0.536
MAPE Rch: 0.316
--------------------------------------------------
**************************************************
Z=8, N=11, emax=8
RMSE Eb: 1.035
RMSE Rch: 0.011
MAPE Eb: 0.738
MAPE Rch: 0.308
--------------------------------------------------
**************************************************
Z=8, N=11, emax=10
RMSE Eb: 1.253
RMSE Rch: 0.013
MAPE Eb: 0.940
MAPE Rch: 0.402
--------------------------------------------------
**************************************************
Z=8, N=12, emax=6
RMSE Eb: 0.900
RMSE Rch: 0.008
MAPE Eb: 0.635
MAPE Rch: 0.245
--------------------------------------------------
**************************************************
Z=8, N=12, emax=4
RMSE Eb: 0.855
RMSE Rch: 0.010
MAPE Eb: 0.871
MAPE Rch: 0.267
--------------------------------------------------
**************************************************
Z=8, N=12, emax=8
RMSE Eb: 1.223
RMSE Rch: 0.010
MAPE Eb: 0.812
MAPE Rch: 0.268
--------------------------------------------------
**************************************************
Z=8, N=12, emax=10
RMSE Eb: 1.757
RMSE Rch: 0.007
MAPE Eb: 1.251
MAPE Rch: 0.182
--------------------------------------------------
**************************************************
Z=8, N=13, emax=8
RMSE Eb: 1.143
RMSE Rch: 0.013
MAPE Eb: 0.721
MAPE Rch: 0.380
--------------------------------------------------
**************************************************
Z=8, N=13, emax=4
RMSE Eb: 0.958
RMSE Rch: 0.010
MAPE Eb: 0.934
MAPE Rch: 0.272
--------------------------------------------------
**************************************************
Z=8, N=13, emax=10
RMSE Eb: 1.667
RMSE Rch: 0.013
MAPE Eb: 1.158
MAPE Rch: 0.438
--------------------------------------------------
**************************************************
Z=8, N=13, emax=6
RMSE Eb: 0.904
RMSE Rch: 0.010
MAPE Eb: 0.700
MAPE Rch: 0.306
--------------------------------------------------
**************************************************
Z=8, N=14, emax=8
RMSE Eb: 1.058
RMSE Rch: 0.015
MAPE Eb: 0.660
MAPE Rch: 0.379
--------------------------------------------------
**************************************************
Z=8, N=14, emax=4
RMSE Eb: 0.821
RMSE Rch: 0.010
MAPE Eb: 0.848
MAPE Rch: 0.263
--------------------------------------------------
**************************************************
Z=8, N=14, emax=6
RMSE Eb: 0.822
RMSE Rch: 0.011
MAPE Eb: 0.579
MAPE Rch: 0.318
--------------------------------------------------
**************************************************
Z=8, N=14, emax=10
RMSE Eb: 1.765
RMSE Rch: 0.011
MAPE Eb: 1.014
MAPE Rch: 0.314
--------------------------------------------------
**************************************************
Z=8, N=15, emax=8
RMSE Eb: 1.245
RMSE Rch: 0.011
MAPE Eb: 0.772
MAPE Rch: 0.332
--------------------------------------------------
**************************************************
Z=8, N=15, emax=4
RMSE Eb: 1.188
RMSE Rch: 0.010
MAPE Eb: 1.198
MAPE Rch: 0.262
--------------------------------------------------
**************************************************
Z=8, N=15, emax=6
RMSE Eb: 1.017
RMSE Rch: 0.011
MAPE Eb: 0.740
MAPE Rch: 0.303
--------------------------------------------------
**************************************************
Z=8, N=15, emax=10
RMSE Eb: 2.412
RMSE Rch: 0.013
MAPE Eb: 1.216
MAPE Rch: 0.387
--------------------------------------------------
**************************************************
Z=8, N=16, emax=8
RMSE Eb: 1.361
RMSE Rch: 0.016
MAPE Eb: 0.875
MAPE Rch: 0.476
--------------------------------------------------
**************************************************
Z=8, N=16, emax=6
RMSE Eb: 1.296
RMSE Rch: 0.012
MAPE Eb: 0.856
MAPE Rch: 0.349
--------------------------------------------------
**************************************************
Z=8, N=16, emax=10
RMSE Eb: 2.399
RMSE Rch: 0.015
MAPE Eb: 1.409
MAPE Rch: 0.365
--------------------------------------------------
**************************************************
Z=8, N=16, emax=4
RMSE Eb: 1.209
RMSE Rch: 0.012
MAPE Eb: 1.260
MAPE Rch: 0.316
--------------------------------------------------
Finished VAL for AE n=439
**************************************************
Z=8, N=4, emax=6
RMSE Eb: 1.658
RMSE Rch: 0.017
MAPE Eb: 2.945
MAPE Rch: 0.849
--------------------------------------------------
**************************************************
Z=8, N=4, emax=8
RMSE Eb: 1.824
RMSE Rch: 0.025
MAPE Eb: 2.850
MAPE Rch: 1.123
--------------------------------------------------
**************************************************
Z=8, N=4, emax=4
RMSE Eb: 1.097
RMSE Rch: 0.013
MAPE Eb: 2.792
MAPE Rch: 0.601
--------------------------------------------------
**************************************************
Z=8, N=4, emax=10
RMSE Eb: 1.998
RMSE Rch: 0.030
MAPE Eb: 3.090
MAPE Rch: 1.377
--------------------------------------------------
**************************************************
Z=8, N=5, emax=4
RMSE Eb: 1.080
RMSE Rch: 0.011
MAPE Eb: 2.158
MAPE Rch: 0.524
--------------------------------------------------
**************************************************
Z=8, N=5, emax=8
RMSE Eb: 1.597
RMSE Rch: 0.019
MAPE Eb: 2.044
MAPE Rch: 0.992
--------------------------------------------------
**************************************************
Z=8, N=5, emax=6
RMSE Eb: 1.296
RMSE Rch: 0.013
MAPE Eb: 1.794
MAPE Rch: 0.658
--------------------------------------------------
**************************************************
Z=8, N=5, emax=10
RMSE Eb: 1.641
RMSE Rch: 0.025
MAPE Eb: 2.139
MAPE Rch: 1.349
--------------------------------------------------
**************************************************
Z=8, N=6, emax=4
RMSE Eb: 1.253
RMSE Rch: 0.013
MAPE Eb: 1.836
MAPE Rch: 0.620
--------------------------------------------------
**************************************************
Z=8, N=6, emax=8
RMSE Eb: 2.082
RMSE Rch: 0.024
MAPE Eb: 1.992
MAPE Rch: 1.163
--------------------------------------------------
**************************************************
Z=8, N=6, emax=6
RMSE Eb: 1.515
RMSE Rch: 0.018
MAPE Eb: 1.558
MAPE Rch: 0.872
--------------------------------------------------
**************************************************
Z=8, N=6, emax=10
RMSE Eb: 1.811
RMSE Rch: 0.022
MAPE Eb: 1.675
MAPE Rch: 1.209
--------------------------------------------------
**************************************************
Z=8, N=7, emax=4
RMSE Eb: 1.352
RMSE Rch: 0.012
MAPE Eb: 1.587
MAPE Rch: 0.610
--------------------------------------------------
**************************************************
Z=8, N=7, emax=8
RMSE Eb: 2.002
RMSE Rch: 0.022
MAPE Eb: 1.535
MAPE Rch: 1.125
--------------------------------------------------
**************************************************
Z=8, N=7, emax=6
RMSE Eb: 1.494
RMSE Rch: 0.021
MAPE Eb: 1.399
MAPE Rch: 1.058
--------------------------------------------------
**************************************************
Z=8, N=7, emax=10
RMSE Eb: 1.302
RMSE Rch: 0.027
MAPE Eb: 0.892
MAPE Rch: 1.375
--------------------------------------------------
**************************************************
Z=8, N=8, emax=4
RMSE Eb: 0.906
RMSE Rch: 0.010
MAPE Eb: 0.952
MAPE Rch: 0.269
--------------------------------------------------
**************************************************
Z=8, N=8, emax=6
RMSE Eb: 1.158
RMSE Rch: 0.016
MAPE Eb: 0.929
MAPE Rch: 0.473
--------------------------------------------------
**************************************************
Z=8, N=8, emax=8
RMSE Eb: 1.263
RMSE Rch: 0.013
MAPE Eb: 0.929
MAPE Rch: 0.397
--------------------------------------------------
**************************************************
Z=8, N=8, emax=10
RMSE Eb: 1.844
RMSE Rch: 0.025
MAPE Eb: 1.416
MAPE Rch: 0.676
--------------------------------------------------
**************************************************
Z=8, N=9, emax=4
RMSE Eb: 0.831
RMSE Rch: 0.011
MAPE Eb: 0.881
MAPE Rch: 0.285
--------------------------------------------------
**************************************************
Z=8, N=9, emax=8
RMSE Eb: 1.080
RMSE Rch: 0.010
MAPE Eb: 0.783
MAPE Rch: 0.293
--------------------------------------------------
**************************************************
Z=8, N=9, emax=6
RMSE Eb: 0.878
RMSE Rch: 0.012
MAPE Eb: 0.758
MAPE Rch: 0.341
--------------------------------------------------
**************************************************
Z=8, N=9, emax=10
RMSE Eb: 1.326
RMSE Rch: 0.018
MAPE Eb: 0.886
MAPE Rch: 0.454
--------------------------------------------------
**************************************************
Z=8, N=10, emax=4
RMSE Eb: 0.792
RMSE Rch: 0.008
MAPE Eb: 0.794
MAPE Rch: 0.235
--------------------------------------------------
**************************************************
Z=8, N=10, emax=6
RMSE Eb: 0.834
RMSE Rch: 0.010
MAPE Eb: 0.661
MAPE Rch: 0.276
--------------------------------------------------
**************************************************
Z=8, N=10, emax=8
RMSE Eb: 1.050
RMSE Rch: 0.011
MAPE Eb: 0.786
MAPE Rch: 0.302
--------------------------------------------------
**************************************************
Z=8, N=10, emax=10
RMSE Eb: 1.767
RMSE Rch: 0.015
MAPE Eb: 1.297
MAPE Rch: 0.482
--------------------------------------------------
**************************************************
Z=8, N=11, emax=8
RMSE Eb: 1.039
RMSE Rch: 0.010
MAPE Eb: 0.704
MAPE Rch: 0.282
--------------------------------------------------
**************************************************
Z=8, N=11, emax=4
RMSE Eb: 0.827
RMSE Rch: 0.009
MAPE Eb: 0.830
MAPE Rch: 0.259
--------------------------------------------------
**************************************************
Z=8, N=11, emax=6
RMSE Eb: 0.742
RMSE Rch: 0.010
MAPE Eb: 0.589
MAPE Rch: 0.305
--------------------------------------------------
**************************************************
Z=8, N=11, emax=10
RMSE Eb: 1.046
RMSE Rch: 0.012
MAPE Eb: 0.666
MAPE Rch: 0.342
--------------------------------------------------
**************************************************
Z=8, N=12, emax=6
RMSE Eb: 0.838
RMSE Rch: 0.009
MAPE Eb: 0.626
MAPE Rch: 0.245
--------------------------------------------------
**************************************************
Z=8, N=12, emax=8
RMSE Eb: 1.170
RMSE Rch: 0.011
MAPE Eb: 0.723
MAPE Rch: 0.307
--------------------------------------------------
**************************************************
Z=8, N=12, emax=4
RMSE Eb: 0.867
RMSE Rch: 0.008
MAPE Eb: 0.850
MAPE Rch: 0.215
--------------------------------------------------
**************************************************
Z=8, N=12, emax=10
RMSE Eb: 1.199
RMSE Rch: 0.009
MAPE Eb: 0.799
MAPE Rch: 0.266
--------------------------------------------------
**************************************************
Z=8, N=13, emax=8
RMSE Eb: 0.912
RMSE Rch: 0.011
MAPE Eb: 0.572
MAPE Rch: 0.331
--------------------------------------------------
**************************************************
Z=8, N=13, emax=4
RMSE Eb: 0.951
RMSE Rch: 0.008
MAPE Eb: 0.979
MAPE Rch: 0.214
--------------------------------------------------
**************************************************
Z=8, N=13, emax=6
RMSE Eb: 0.886
RMSE Rch: 0.009
MAPE Eb: 0.667
MAPE Rch: 0.257
--------------------------------------------------
**************************************************
Z=8, N=13, emax=10
RMSE Eb: 1.814
RMSE Rch: 0.017
MAPE Eb: 1.177
MAPE Rch: 0.526
--------------------------------------------------
**************************************************
Z=8, N=14, emax=6
RMSE Eb: 1.008
RMSE Rch: 0.011
MAPE Eb: 0.733
MAPE Rch: 0.304
--------------------------------------------------
**************************************************
Z=8, N=14, emax=10
RMSE Eb: 1.709
RMSE Rch: 0.013
MAPE Eb: 0.951
MAPE Rch: 0.392
--------------------------------------------------
**************************************************
Z=8, N=14, emax=4
RMSE Eb: 0.951
RMSE Rch: 0.010
MAPE Eb: 0.980
MAPE Rch: 0.268
--------------------------------------------------
**************************************************
Z=8, N=14, emax=8
RMSE Eb: 1.131
RMSE Rch: 0.013
MAPE Eb: 0.717
MAPE Rch: 0.368
--------------------------------------------------
**************************************************
Z=8, N=15, emax=8
RMSE Eb: 1.156
RMSE Rch: 0.011
MAPE Eb: 0.725
MAPE Rch: 0.322
--------------------------------------------------
**************************************************
Z=8, N=15, emax=6
RMSE Eb: 1.115
RMSE Rch: 0.012
MAPE Eb: 0.799
MAPE Rch: 0.320
--------------------------------------------------
**************************************************
Z=8, N=15, emax=4
RMSE Eb: 1.007
RMSE Rch: 0.010
MAPE Eb: 1.081
MAPE Rch: 0.246
--------------------------------------------------
**************************************************
Z=8, N=15, emax=10
RMSE Eb: 1.944
RMSE Rch: 0.011
MAPE Eb: 1.244
MAPE Rch: 0.302
--------------------------------------------------
**************************************************
Z=8, N=16, emax=4
RMSE Eb: 1.371
RMSE Rch: 0.012
MAPE Eb: 1.372
MAPE Rch: 0.328
--------------------------------------------------
**************************************************
Z=8, N=16, emax=8
RMSE Eb: 1.213
RMSE Rch: 0.012
MAPE Eb: 0.666
MAPE Rch: 0.342
--------------------------------------------------
**************************************************
Z=8, N=16, emax=6
RMSE Eb: 1.325
RMSE Rch: 0.011
MAPE Eb: 0.912
MAPE Rch: 0.312
--------------------------------------------------
**************************************************
Z=8, N=16, emax=10
RMSE Eb: 2.180
RMSE Rch: 0.009
MAPE Eb: 1.378
MAPE Rch: 0.237
--------------------------------------------------
