Activated conda environment
[DataLoader] Found 13 files matching the pattern.
[DataLoader] Combined data shape: (17234, 35)
[Preprocess] Data split => train: (11029, 35), val: (2758, 35), test: (3447, 35)
[Preprocess] Processed fidelity 4 (index 0): 3758 samples.
[Preprocess] Processed fidelity 6 (index 1): 3346 samples.
[Preprocess] Processed fidelity 8 (index 2): 3194 samples.
[Preprocess] Processed fidelity 10 (index 3): 731 samples.
[Preprocess] Processed fidelity 4 (index 0): 949 samples.
[Preprocess] Processed fidelity 6 (index 1): 833 samples.
[Preprocess] Processed fidelity 8 (index 2): 801 samples.
[Preprocess] Processed fidelity 10 (index 3): 175 samples.
Fidelity levels: [4, 6, 8, 10]
[Trainer] Starting BNN training...
[Trainer] No improvement. Iteration 8500. Early stopping counter: 1, LR counter: 1
[Trainer] No improvement. Iteration 8600. Early stopping counter: 2, LR counter: 2
[Trainer] No improvement. Iteration 8700. Early stopping counter: 3, LR counter: 3
[Trainer] No improvement. Iteration 9100. Early stopping counter: 1, LR counter: 1
[Trainer] No improvement. Iteration 9200. Early stopping counter: 2, LR counter: 2
[Trainer] No improvement. Iteration 9300. Early stopping counter: 3, LR counter: 3
[Trainer] No improvement. Iteration 9400. Early stopping counter: 4, LR counter: 4
[Trainer] No improvement. Iteration 9500. Early stopping counter: 5, LR counter: 5
[Trainer] No improvement. Iteration 9600. Early stopping counter: 6, LR counter: 6
[Trainer] No improvement. Iteration 9800. Early stopping counter: 1, LR counter: 1
[Trainer] No improvement. Iteration 9900. Early stopping counter: 2, LR counter: 2
[Trainer] No improvement. Iteration 10000. Early stopping counter: 3, LR counter: 3
[Trainer] No improvement. Iteration 10100. Early stopping counter: 4, LR counter: 4
[Trainer] No improvement. Iteration 10200. Early stopping counter: 5, LR counter: 5
[Trainer] No improvement. Iteration 10300. Early stopping counter: 6, LR counter: 6
[Trainer] No improvement. Iteration 10400. Early stopping counter: 7, LR counter: 7
[Trainer] No improvement. Iteration 10600. Early stopping counter: 1, LR counter: 1
[Trainer] No improvement. Iteration 11000. Early stopping counter: 1, LR counter: 1
[Trainer] No improvement. Iteration 11100. Early stopping counter: 2, LR counter: 2
[Trainer] No improvement. Iteration 11600. Early stopping counter: 1, LR counter: 1
[Trainer] No improvement. Iteration 11700. Early stopping counter: 2, LR counter: 2
[Trainer] No improvement. Iteration 11900. Early stopping counter: 1, LR counter: 1
[Trainer] No improvement. Iteration 12000. Early stopping counter: 2, LR counter: 2
[Trainer] No improvement. Iteration 12100. Early stopping counter: 3, LR counter: 3
[Trainer] No improvement. Iteration 12200. Early stopping counter: 4, LR counter: 4
[Trainer] No improvement. Iteration 12300. Early stopping counter: 5, LR counter: 5
[Trainer] No improvement. Iteration 12400. Early stopping counter: 6, LR counter: 6
[Trainer] No improvement. Iteration 12500. Early stopping counter: 7, LR counter: 7
[Trainer] No improvement. Iteration 12600. Early stopping counter: 8, LR counter: 8
[Trainer] No improvement. Iteration 12700. Early stopping counter: 9, LR counter: 9
[Trainer] No improvement. Iteration 12800. Early stopping counter: 10, LR counter: 10
[Trainer] No improvement. Iteration 12900. Early stopping counter: 11, LR counter: 11
[Trainer] No improvement. Iteration 13000. Early stopping counter: 12, LR counter: 12
[Trainer] No improvement. Iteration 13100. Early stopping counter: 13, LR counter: 13
[Trainer] No improvement. Iteration 13200. Early stopping counter: 14, LR counter: 14
[Trainer] No improvement. Iteration 13300. Early stopping counter: 15, LR counter: 15
[Trainer] No improvement. Iteration 13400. Early stopping counter: 16, LR counter: 16
[Trainer] No improvement. Iteration 13500. Early stopping counter: 17, LR counter: 17
[Trainer] No improvement. Iteration 13600. Early stopping counter: 18, LR counter: 18
[Trainer] No improvement. Iteration 13700. Early stopping counter: 19, LR counter: 19
[Trainer] No improvement. Iteration 13800. Early stopping counter: 20, LR counter: 20
[Trainer] No improvement. Iteration 13900. Early stopping counter: 21, LR counter: 21
[Trainer] No improvement. Iteration 14000. Early stopping counter: 22, LR counter: 22
[Trainer] No improvement. Iteration 14100. Early stopping counter: 23, LR counter: 23
[Trainer] No improvement. Iteration 14200. Early stopping counter: 24, LR counter: 24
[Trainer] No improvement. Iteration 14300. Early stopping counter: 25, LR counter: 25
[Trainer] Learning rate reduced to: 0.000010
[Trainer] No improvement. Iteration 14400. Early stopping counter: 26, LR counter: 1
[Trainer] No improvement. Iteration 14700. Early stopping counter: 1, LR counter: 1
[Trainer] No improvement. Iteration 14800. Early stopping counter: 2, LR counter: 2
[Trainer] No improvement. Iteration 14900. Early stopping counter: 3, LR counter: 3
[Trainer] No improvement. Iteration 15000. Early stopping counter: 4, LR counter: 4
[Trainer] No improvement. Iteration 15100. Early stopping counter: 5, LR counter: 5
[Trainer] No improvement. Iteration 15200. Early stopping counter: 6, LR counter: 6
[Trainer] No improvement. Iteration 15300. Early stopping counter: 7, LR counter: 7
[Trainer] No improvement. Iteration 15500. Early stopping counter: 1, LR counter: 1
[Trainer] No improvement. Iteration 15600. Early stopping counter: 2, LR counter: 2
[Trainer] No improvement. Iteration 15700. Early stopping counter: 3, LR counter: 3
[Trainer] No improvement. Iteration 15800. Early stopping counter: 4, LR counter: 4
[Trainer] No improvement. Iteration 15900. Early stopping counter: 5, LR counter: 5
[Trainer] No improvement. Iteration 16000. Early stopping counter: 6, LR counter: 6
[Trainer] No improvement. Iteration 16100. Early stopping counter: 7, LR counter: 7
[Trainer] No improvement. Iteration 16200. Early stopping counter: 8, LR counter: 8
[Trainer] No improvement. Iteration 16300. Early stopping counter: 9, LR counter: 9
[Trainer] No improvement. Iteration 16400. Early stopping counter: 10, LR counter: 10
[Trainer] No improvement. Iteration 16500. Early stopping counter: 11, LR counter: 11
[Trainer] No improvement. Iteration 16600. Early stopping counter: 12, LR counter: 12
[Trainer] No improvement. Iteration 16700. Early stopping counter: 13, LR counter: 13
[Trainer] No improvement. Iteration 16800. Early stopping counter: 14, LR counter: 14
[Trainer] No improvement. Iteration 16900. Early stopping counter: 15, LR counter: 15
[Trainer] No improvement. Iteration 17000. Early stopping counter: 16, LR counter: 16
[Trainer] No improvement. Iteration 17100. Early stopping counter: 17, LR counter: 17
[Trainer] No improvement. Iteration 17200. Early stopping counter: 18, LR counter: 18
[Trainer] No improvement. Iteration 17300. Early stopping counter: 19, LR counter: 19
[Trainer] No improvement. Iteration 17400. Early stopping counter: 20, LR counter: 20
[Trainer] No improvement. Iteration 17500. Early stopping counter: 21, LR counter: 21
[Trainer] No improvement. Iteration 17600. Early stopping counter: 22, LR counter: 22
[Trainer] No improvement. Iteration 17700. Early stopping counter: 23, LR counter: 23
[Trainer] No improvement. Iteration 17800. Early stopping counter: 24, LR counter: 24
[Trainer] No improvement. Iteration 17900. Early stopping counter: 25, LR counter: 25
[Trainer] Learning rate reduced to: 0.000001
[Trainer] No improvement. Iteration 18000. Early stopping counter: 26, LR counter: 1
[Trainer] No improvement. Iteration 18100. Early stopping counter: 27, LR counter: 2
[Trainer] No improvement. Iteration 18200. Early stopping counter: 28, LR counter: 3
[Trainer] No improvement. Iteration 18300. Early stopping counter: 29, LR counter: 4
[Trainer] No improvement. Iteration 18400. Early stopping counter: 30, LR counter: 5
[Trainer] No improvement. Iteration 18500. Early stopping counter: 31, LR counter: 6
[Trainer] No improvement. Iteration 18600. Early stopping counter: 32, LR counter: 7
[Trainer] No improvement. Iteration 18700. Early stopping counter: 33, LR counter: 8
[Trainer] No improvement. Iteration 18800. Early stopping counter: 34, LR counter: 9
[Trainer] No improvement. Iteration 18900. Early stopping counter: 35, LR counter: 10
[Trainer] No improvement. Iteration 19000. Early stopping counter: 36, LR counter: 11
[Trainer] No improvement. Iteration 19100. Early stopping counter: 37, LR counter: 12
[Trainer] No improvement. Iteration 19200. Early stopping counter: 38, LR counter: 13
[Trainer] No improvement. Iteration 19300. Early stopping counter: 39, LR counter: 14
[Trainer] No improvement. Iteration 19400. Early stopping counter: 40, LR counter: 15
[Trainer] No improvement. Iteration 19500. Early stopping counter: 41, LR counter: 16
[Trainer] No improvement. Iteration 19600. Early stopping counter: 42, LR counter: 17
[Trainer] No improvement. Iteration 19700. Early stopping counter: 43, LR counter: 18
[Trainer] No improvement. Iteration 19800. Early stopping counter: 44, LR counter: 19
[Trainer] No improvement. Iteration 19900. Early stopping counter: 45, LR counter: 20
[Trainer] No improvement. Iteration 20000. Early stopping counter: 46, LR counter: 21
[Trainer] No improvement. Iteration 20100. Early stopping counter: 47, LR counter: 22
[Trainer] No improvement. Iteration 20200. Early stopping counter: 48, LR counter: 23
[Trainer] No improvement. Iteration 20300. Early stopping counter: 49, LR counter: 24
[Trainer] No improvement. Iteration 20400. Early stopping counter: 50, LR counter: 25
[Trainer] Learning rate reduced to: 0.000000
[Trainer] Early stopping triggered.
[Trainer] Training completed.
[Trainer] Calibrating temperatures on validation set...
[Trainer] Temperature calibration finished. Calibrated temperatures: {4: 1.283858299255371, 6: 1.109663724899292, 8: 1.192491054534912, 10: 1.3355225324630737}
[Trainer] BNN training completed.
**************************************************
Z=8, N=4, emax=4
RMSE Eb: 1.028
RMSE Rch: 0.009
MAPE Eb: 3.090
MAPE Rch: 0.396
--------------------------------------------------
**************************************************
Z=8, N=4, emax=10
RMSE Eb: 0.762
RMSE Rch: 0.039
MAPE Eb: 1.180
MAPE Rch: 2.109
--------------------------------------------------
**************************************************
Z=8, N=4, emax=6
RMSE Eb: 0.606
RMSE Rch: 0.011
MAPE Eb: 1.170
MAPE Rch: 0.560
--------------------------------------------------
**************************************************
Z=8, N=4, emax=8
RMSE Eb: 0.871
RMSE Rch: 0.018
MAPE Eb: 1.416
MAPE Rch: 0.873
--------------------------------------------------
**************************************************
Z=8, N=5, emax=8
RMSE Eb: 0.748
RMSE Rch: 0.013
MAPE Eb: 0.910
MAPE Rch: 0.609
--------------------------------------------------
**************************************************
Z=8, N=5, emax=6
RMSE Eb: 0.559
RMSE Rch: 0.010
MAPE Eb: 0.719
MAPE Rch: 0.499
--------------------------------------------------
**************************************************
Z=8, N=5, emax=4
RMSE Eb: 0.869
RMSE Rch: 0.012
MAPE Eb: 1.841
MAPE Rch: 0.551
--------------------------------------------------
**************************************************
Z=8, N=5, emax=10
RMSE Eb: 0.962
RMSE Rch: 0.009
MAPE Eb: 1.358
MAPE Rch: 0.468
--------------------------------------------------
**************************************************
Z=8, N=6, emax=4
RMSE Eb: 0.642
RMSE Rch: 0.007
MAPE Eb: 0.913
MAPE Rch: 0.331
--------------------------------------------------
**************************************************
Z=8, N=6, emax=6
RMSE Eb: 0.549
RMSE Rch: 0.008
MAPE Eb: 0.608
MAPE Rch: 0.351
--------------------------------------------------
**************************************************
Z=8, N=6, emax=8
RMSE Eb: 1.021
RMSE Rch: 0.011
MAPE Eb: 0.879
MAPE Rch: 0.527
--------------------------------------------------
**************************************************
Z=8, N=6, emax=10
RMSE Eb: 0.711
RMSE Rch: 0.013
MAPE Eb: 0.680
MAPE Rch: 0.734
--------------------------------------------------
**************************************************
Z=8, N=7, emax=8
RMSE Eb: 0.841
RMSE Rch: 0.011
MAPE Eb: 0.703
MAPE Rch: 0.564
--------------------------------------------------
**************************************************
Z=8, N=7, emax=10
RMSE Eb: 0.632
RMSE Rch: 0.010
MAPE Eb: 0.456
MAPE Rch: 0.547
--------------------------------------------------
**************************************************
Z=8, N=7, emax=6
RMSE Eb: 0.553
RMSE Rch: 0.007
MAPE Eb: 0.520
MAPE Rch: 0.386
--------------------------------------------------
**************************************************
Z=8, N=7, emax=4
RMSE Eb: 0.485
RMSE Rch: 0.010
MAPE Eb: 0.597
MAPE Rch: 0.530
--------------------------------------------------
**************************************************
Z=8, N=8, emax=4
RMSE Eb: 0.683
RMSE Rch: 0.009
MAPE Eb: 0.788
MAPE Rch: 0.255
--------------------------------------------------
**************************************************
Z=8, N=8, emax=8
RMSE Eb: 0.938
RMSE Rch: 0.010
MAPE Eb: 0.740
MAPE Rch: 0.277
--------------------------------------------------
**************************************************
Z=8, N=8, emax=6
RMSE Eb: 0.670
RMSE Rch: 0.008
MAPE Eb: 0.499
MAPE Rch: 0.222
--------------------------------------------------
**************************************************
Z=8, N=8, emax=10
RMSE Eb: 1.207
RMSE Rch: 0.011
MAPE Eb: 0.849
MAPE Rch: 0.279
--------------------------------------------------
**************************************************
Z=8, N=9, emax=8
RMSE Eb: 0.862
RMSE Rch: 0.012
MAPE Eb: 0.663
MAPE Rch: 0.361
--------------------------------------------------
**************************************************
Z=8, N=9, emax=6
RMSE Eb: 0.590
RMSE Rch: 0.013
MAPE Eb: 0.455
MAPE Rch: 0.406
--------------------------------------------------
**************************************************
Z=8, N=9, emax=4
RMSE Eb: 0.633
RMSE Rch: 0.014
MAPE Eb: 0.600
MAPE Rch: 0.464
--------------------------------------------------
**************************************************
Z=8, N=9, emax=10
RMSE Eb: 0.459
RMSE Rch: 0.012
MAPE Eb: 0.359
MAPE Rch: 0.387
--------------------------------------------------
**************************************************
Z=8, N=10, emax=4
RMSE Eb: 0.528
RMSE Rch: 0.018
MAPE Eb: 0.555
MAPE Rch: 0.601
--------------------------------------------------
**************************************************
Z=8, N=10, emax=10
RMSE Eb: 0.714
RMSE Rch: 0.016
MAPE Eb: 0.495
MAPE Rch: 0.526
--------------------------------------------------
**************************************************
Z=8, N=10, emax=6
RMSE Eb: 0.618
RMSE Rch: 0.016
MAPE Eb: 0.515
MAPE Rch: 0.514
--------------------------------------------------
**************************************************
Z=8, N=10, emax=8
RMSE Eb: 0.768
RMSE Rch: 0.017
MAPE Eb: 0.512
MAPE Rch: 0.557
--------------------------------------------------
**************************************************
Z=8, N=11, emax=4
RMSE Eb: 0.439
RMSE Rch: 0.015
MAPE Eb: 0.481
MAPE Rch: 0.487
--------------------------------------------------
**************************************************
Z=8, N=11, emax=6
RMSE Eb: 0.635
RMSE Rch: 0.014
MAPE Eb: 0.472
MAPE Rch: 0.427
--------------------------------------------------
**************************************************
Z=8, N=11, emax=8
RMSE Eb: 0.724
RMSE Rch: 0.013
MAPE Eb: 0.493
MAPE Rch: 0.422
--------------------------------------------------
**************************************************
Z=8, N=11, emax=10
RMSE Eb: 0.426
RMSE Rch: 0.013
MAPE Eb: 0.241
MAPE Rch: 0.378
--------------------------------------------------
**************************************************
Z=8, N=12, emax=6
RMSE Eb: 0.742
RMSE Rch: 0.012
MAPE Eb: 0.536
MAPE Rch: 0.391
--------------------------------------------------
**************************************************
Z=8, N=12, emax=4
RMSE Eb: 0.682
RMSE Rch: 0.012
MAPE Eb: 0.685
MAPE Rch: 0.388
--------------------------------------------------
**************************************************
Z=8, N=12, emax=8
RMSE Eb: 0.874
RMSE Rch: 0.013
MAPE Eb: 0.590
MAPE Rch: 0.372
--------------------------------------------------
**************************************************
Z=8, N=12, emax=10
RMSE Eb: 1.110
RMSE Rch: 0.015
MAPE Eb: 0.812
MAPE Rch: 0.476
--------------------------------------------------
**************************************************
Z=8, N=13, emax=8
RMSE Eb: 1.144
RMSE Rch: 0.013
MAPE Eb: 0.758
MAPE Rch: 0.406
--------------------------------------------------
**************************************************
Z=8, N=13, emax=4
RMSE Eb: 0.826
RMSE Rch: 0.014
MAPE Eb: 0.860
MAPE Rch: 0.446
--------------------------------------------------
**************************************************
Z=8, N=13, emax=10
RMSE Eb: 1.461
RMSE Rch: 0.014
MAPE Eb: 0.899
MAPE Rch: 0.430
--------------------------------------------------
**************************************************
Z=8, N=13, emax=6
RMSE Eb: 0.588
RMSE Rch: 0.011
MAPE Eb: 0.414
MAPE Rch: 0.332
--------------------------------------------------
**************************************************
Z=8, N=14, emax=8
RMSE Eb: 1.208
RMSE Rch: 0.017
MAPE Eb: 0.770
MAPE Rch: 0.492
--------------------------------------------------
**************************************************
Z=8, N=14, emax=4
RMSE Eb: 0.802
RMSE Rch: 0.017
MAPE Eb: 0.828
MAPE Rch: 0.522
--------------------------------------------------
**************************************************
Z=8, N=14, emax=6
RMSE Eb: 0.743
RMSE Rch: 0.012
MAPE Eb: 0.560
MAPE Rch: 0.358
--------------------------------------------------
**************************************************
Z=8, N=14, emax=10
RMSE Eb: 1.122
RMSE Rch: 0.016
MAPE Eb: 0.732
MAPE Rch: 0.474
--------------------------------------------------
**************************************************
Z=8, N=15, emax=8
RMSE Eb: 1.254
RMSE Rch: 0.013
MAPE Eb: 0.787
MAPE Rch: 0.419
--------------------------------------------------
**************************************************
Z=8, N=15, emax=4
RMSE Eb: 0.747
RMSE Rch: 0.015
MAPE Eb: 0.713
MAPE Rch: 0.447
--------------------------------------------------
**************************************************
Z=8, N=15, emax=6
RMSE Eb: 0.834
RMSE Rch: 0.013
MAPE Eb: 0.582
MAPE Rch: 0.405
--------------------------------------------------
**************************************************
Z=8, N=15, emax=10
RMSE Eb: 1.464
RMSE Rch: 0.015
MAPE Eb: 0.888
MAPE Rch: 0.433
--------------------------------------------------
**************************************************
Z=8, N=16, emax=8
RMSE Eb: 1.203
RMSE Rch: 0.012
MAPE Eb: 0.734
MAPE Rch: 0.343
--------------------------------------------------
**************************************************
Z=8, N=16, emax=6
RMSE Eb: 0.908
RMSE Rch: 0.012
MAPE Eb: 0.553
MAPE Rch: 0.347
--------------------------------------------------
**************************************************
Z=8, N=16, emax=10
RMSE Eb: 1.037
RMSE Rch: 0.017
MAPE Eb: 0.651
MAPE Rch: 0.536
--------------------------------------------------
**************************************************
Z=8, N=16, emax=4
RMSE Eb: 0.723
RMSE Rch: 0.014
MAPE Eb: 0.705
MAPE Rch: 0.389
--------------------------------------------------
Finished VAL for AE n=217
**************************************************
Z=8, N=4, emax=6
RMSE Eb: 0.527
RMSE Rch: 0.011
MAPE Eb: 0.968
MAPE Rch: 0.529
--------------------------------------------------
**************************************************
Z=8, N=4, emax=8
RMSE Eb: 0.936
RMSE Rch: 0.017
MAPE Eb: 1.564
MAPE Rch: 0.831
--------------------------------------------------
**************************************************
Z=8, N=4, emax=4
RMSE Eb: 0.917
RMSE Rch: 0.009
MAPE Eb: 2.629
MAPE Rch: 0.415
--------------------------------------------------
**************************************************
Z=8, N=4, emax=10
RMSE Eb: 0.721
RMSE Rch: 0.028
MAPE Eb: 1.042
MAPE Rch: 1.244
--------------------------------------------------
**************************************************
Z=8, N=5, emax=4
RMSE Eb: 0.904
RMSE Rch: 0.013
MAPE Eb: 1.813
MAPE Rch: 0.539
--------------------------------------------------
**************************************************
Z=8, N=5, emax=8
RMSE Eb: 0.791
RMSE Rch: 0.018
MAPE Eb: 0.978
MAPE Rch: 0.854
--------------------------------------------------
**************************************************
Z=8, N=5, emax=6
RMSE Eb: 0.514
RMSE Rch: 0.010
MAPE Eb: 0.764
MAPE Rch: 0.486
--------------------------------------------------
**************************************************
Z=8, N=5, emax=10
RMSE Eb: 1.133
RMSE Rch: 0.011
MAPE Eb: 1.360
MAPE Rch: 0.589
--------------------------------------------------
**************************************************
Z=8, N=6, emax=4
RMSE Eb: 0.671
RMSE Rch: 0.009
MAPE Eb: 0.893
MAPE Rch: 0.382
--------------------------------------------------
**************************************************
Z=8, N=6, emax=8
RMSE Eb: 1.042
RMSE Rch: 0.015
MAPE Eb: 0.813
MAPE Rch: 0.729
--------------------------------------------------
**************************************************
Z=8, N=6, emax=6
RMSE Eb: 0.540
RMSE Rch: 0.009
MAPE Eb: 0.589
MAPE Rch: 0.412
--------------------------------------------------
**************************************************
Z=8, N=6, emax=10
RMSE Eb: 0.707
RMSE Rch: 0.008
MAPE Eb: 0.768
MAPE Rch: 0.398
--------------------------------------------------
**************************************************
Z=8, N=7, emax=4
RMSE Eb: 0.506
RMSE Rch: 0.009
MAPE Eb: 0.617
MAPE Rch: 0.460
--------------------------------------------------
**************************************************
Z=8, N=7, emax=8
RMSE Eb: 0.943
RMSE Rch: 0.008
MAPE Eb: 0.759
MAPE Rch: 0.389
--------------------------------------------------
**************************************************
Z=8, N=7, emax=6
RMSE Eb: 0.554
RMSE Rch: 0.008
MAPE Eb: 0.486
MAPE Rch: 0.393
--------------------------------------------------
**************************************************
Z=8, N=7, emax=10
RMSE Eb: 0.614
RMSE Rch: 0.009
MAPE Eb: 0.468
MAPE Rch: 0.493
--------------------------------------------------
**************************************************
Z=8, N=8, emax=4
RMSE Eb: 0.645
RMSE Rch: 0.010
MAPE Eb: 0.663
MAPE Rch: 0.263
--------------------------------------------------
**************************************************
Z=8, N=8, emax=6
RMSE Eb: 0.785
RMSE Rch: 0.008
MAPE Eb: 0.601
MAPE Rch: 0.226
--------------------------------------------------
**************************************************
Z=8, N=8, emax=8
RMSE Eb: 0.861
RMSE Rch: 0.009
MAPE Eb: 0.677
MAPE Rch: 0.243
--------------------------------------------------
**************************************************
Z=8, N=8, emax=10
RMSE Eb: 0.934
RMSE Rch: 0.008
MAPE Eb: 0.721
MAPE Rch: 0.194
--------------------------------------------------
**************************************************
Z=8, N=9, emax=4
RMSE Eb: 0.600
RMSE Rch: 0.015
MAPE Eb: 0.586
MAPE Rch: 0.473
--------------------------------------------------
**************************************************
Z=8, N=9, emax=8
RMSE Eb: 0.948
RMSE Rch: 0.013
MAPE Eb: 0.708
MAPE Rch: 0.396
--------------------------------------------------
**************************************************
Z=8, N=9, emax=6
RMSE Eb: 0.586
RMSE Rch: 0.015
MAPE Eb: 0.492
MAPE Rch: 0.459
--------------------------------------------------
**************************************************
Z=8, N=9, emax=10
RMSE Eb: 0.743
RMSE Rch: 0.013
MAPE Eb: 0.510
MAPE Rch: 0.424
--------------------------------------------------
**************************************************
Z=8, N=10, emax=4
RMSE Eb: 0.506
RMSE Rch: 0.019
MAPE Eb: 0.526
MAPE Rch: 0.631
--------------------------------------------------
**************************************************
Z=8, N=10, emax=6
RMSE Eb: 0.623
RMSE Rch: 0.016
MAPE Eb: 0.484
MAPE Rch: 0.496
--------------------------------------------------
**************************************************
Z=8, N=10, emax=8
RMSE Eb: 0.767
RMSE Rch: 0.014
MAPE Eb: 0.558
MAPE Rch: 0.479
--------------------------------------------------
**************************************************
Z=8, N=10, emax=10
RMSE Eb: 0.585
RMSE Rch: 0.015
MAPE Eb: 0.417
MAPE Rch: 0.468
--------------------------------------------------
**************************************************
Z=8, N=11, emax=8
RMSE Eb: 0.719
RMSE Rch: 0.015
MAPE Eb: 0.480
MAPE Rch: 0.480
--------------------------------------------------
**************************************************
Z=8, N=11, emax=4
RMSE Eb: 0.572
RMSE Rch: 0.016
MAPE Eb: 0.565
MAPE Rch: 0.518
--------------------------------------------------
**************************************************
Z=8, N=11, emax=6
RMSE Eb: 0.598
RMSE Rch: 0.014
MAPE Eb: 0.488
MAPE Rch: 0.452
--------------------------------------------------
**************************************************
Z=8, N=11, emax=10
RMSE Eb: 0.772
RMSE Rch: 0.016
MAPE Eb: 0.499
MAPE Rch: 0.527
--------------------------------------------------
**************************************************
Z=8, N=12, emax=6
RMSE Eb: 0.663
RMSE Rch: 0.011
MAPE Eb: 0.504
MAPE Rch: 0.337
--------------------------------------------------
**************************************************
Z=8, N=12, emax=8
RMSE Eb: 0.771
RMSE Rch: 0.014
MAPE Eb: 0.501
MAPE Rch: 0.420
--------------------------------------------------
**************************************************
Z=8, N=12, emax=4
RMSE Eb: 0.527
RMSE Rch: 0.014
MAPE Eb: 0.525
MAPE Rch: 0.447
--------------------------------------------------
**************************************************
Z=8, N=12, emax=10
RMSE Eb: 1.020
RMSE Rch: 0.014
MAPE Eb: 0.712
MAPE Rch: 0.425
--------------------------------------------------
**************************************************
Z=8, N=13, emax=8
RMSE Eb: 0.994
RMSE Rch: 0.012
MAPE Eb: 0.652
MAPE Rch: 0.385
--------------------------------------------------
**************************************************
Z=8, N=13, emax=4
RMSE Eb: 0.722
RMSE Rch: 0.015
MAPE Eb: 0.764
MAPE Rch: 0.470
--------------------------------------------------
**************************************************
Z=8, N=13, emax=6
RMSE Eb: 0.681
RMSE Rch: 0.010
MAPE Eb: 0.479
MAPE Rch: 0.319
--------------------------------------------------
**************************************************
Z=8, N=13, emax=10
RMSE Eb: 1.082
RMSE Rch: 0.014
MAPE Eb: 0.720
MAPE Rch: 0.464
--------------------------------------------------
**************************************************
Z=8, N=14, emax=6
RMSE Eb: 0.709
RMSE Rch: 0.012
MAPE Eb: 0.511
MAPE Rch: 0.368
--------------------------------------------------
**************************************************
Z=8, N=14, emax=10
RMSE Eb: 1.107
RMSE Rch: 0.020
MAPE Eb: 0.640
MAPE Rch: 0.624
--------------------------------------------------
**************************************************
Z=8, N=14, emax=4
RMSE Eb: 0.881
RMSE Rch: 0.014
MAPE Eb: 0.933
MAPE Rch: 0.420
--------------------------------------------------
**************************************************
Z=8, N=14, emax=8
RMSE Eb: 1.084
RMSE Rch: 0.016
MAPE Eb: 0.710
MAPE Rch: 0.485
--------------------------------------------------
**************************************************
Z=8, N=15, emax=8
RMSE Eb: 1.258
RMSE Rch: 0.013
MAPE Eb: 0.788
MAPE Rch: 0.396
--------------------------------------------------
**************************************************
Z=8, N=15, emax=6
RMSE Eb: 0.748
RMSE Rch: 0.013
MAPE Eb: 0.527
MAPE Rch: 0.394
--------------------------------------------------
**************************************************
Z=8, N=15, emax=4
RMSE Eb: 0.705
RMSE Rch: 0.016
MAPE Eb: 0.731
MAPE Rch: 0.479
--------------------------------------------------
**************************************************
Z=8, N=15, emax=10
RMSE Eb: 1.260
RMSE Rch: 0.013
MAPE Eb: 0.717
MAPE Rch: 0.397
--------------------------------------------------
**************************************************
Z=8, N=16, emax=4
RMSE Eb: 0.831
RMSE Rch: 0.014
MAPE Eb: 0.771
MAPE Rch: 0.407
--------------------------------------------------
**************************************************
Z=8, N=16, emax=8
RMSE Eb: 1.102
RMSE Rch: 0.012
MAPE Eb: 0.656
MAPE Rch: 0.356
--------------------------------------------------
**************************************************
Z=8, N=16, emax=6
RMSE Eb: 0.791
RMSE Rch: 0.013
MAPE Eb: 0.536
MAPE Rch: 0.404
--------------------------------------------------
**************************************************
Z=8, N=16, emax=10
RMSE Eb: 0.879
RMSE Rch: 0.019
MAPE Eb: 0.504
MAPE Rch: 0.596
--------------------------------------------------
