Activated conda environment
[DataLoader] Found 13 files matching the pattern.
[DataLoader] Combined data shape: (17234, 35)
[Preprocess] Data split => train: (11029, 35), val: (2758, 35), test: (3447, 35)
[Preprocess] Processed fidelity 4 (index 0): 3758 samples.
[Preprocess] Processed fidelity 6 (index 1): 3346 samples.
[Preprocess] Processed fidelity 8 (index 2): 3194 samples.
[Preprocess] Processed fidelity 10 (index 3): 731 samples.
[Preprocess] Processed fidelity 4 (index 0): 949 samples.
[Preprocess] Processed fidelity 6 (index 1): 833 samples.
[Preprocess] Processed fidelity 8 (index 2): 801 samples.
[Preprocess] Processed fidelity 10 (index 3): 175 samples.
Fidelity levels: [4, 6, 8, 10]
[Trainer] Starting BNN training...
[Trainer] No improvement. Iteration 9100. Early stopping counter: 1, LR counter: 1
[Trainer] No improvement. Iteration 9200. Early stopping counter: 2, LR counter: 2
[Trainer] No improvement. Iteration 9300. Early stopping counter: 3, LR counter: 3
[Trainer] No improvement. Iteration 9400. Early stopping counter: 4, LR counter: 4
[Trainer] No improvement. Iteration 9500. Early stopping counter: 5, LR counter: 5
[Trainer] No improvement. Iteration 9600. Early stopping counter: 6, LR counter: 6
[Trainer] No improvement. Iteration 9700. Early stopping counter: 7, LR counter: 7
[Trainer] No improvement. Iteration 9800. Early stopping counter: 8, LR counter: 8
[Trainer] No improvement. Iteration 9900. Early stopping counter: 9, LR counter: 9
[Trainer] No improvement. Iteration 10200. Early stopping counter: 1, LR counter: 1
[Trainer] No improvement. Iteration 10500. Early stopping counter: 1, LR counter: 1
[Trainer] No improvement. Iteration 10900. Early stopping counter: 1, LR counter: 1
[Trainer] No improvement. Iteration 11400. Early stopping counter: 1, LR counter: 1
[Trainer] No improvement. Iteration 11500. Early stopping counter: 2, LR counter: 2
[Trainer] No improvement. Iteration 11600. Early stopping counter: 3, LR counter: 3
[Trainer] No improvement. Iteration 11700. Early stopping counter: 4, LR counter: 4
[Trainer] No improvement. Iteration 11800. Early stopping counter: 5, LR counter: 5
[Trainer] No improvement. Iteration 11900. Early stopping counter: 6, LR counter: 6
[Trainer] No improvement. Iteration 12000. Early stopping counter: 7, LR counter: 7
[Trainer] No improvement. Iteration 12100. Early stopping counter: 8, LR counter: 8
[Trainer] No improvement. Iteration 12200. Early stopping counter: 9, LR counter: 9
[Trainer] No improvement. Iteration 12300. Early stopping counter: 10, LR counter: 10
[Trainer] No improvement. Iteration 12400. Early stopping counter: 11, LR counter: 11
[Trainer] No improvement. Iteration 12500. Early stopping counter: 12, LR counter: 12
[Trainer] No improvement. Iteration 12600. Early stopping counter: 13, LR counter: 13
[Trainer] No improvement. Iteration 12700. Early stopping counter: 14, LR counter: 14
[Trainer] No improvement. Iteration 12800. Early stopping counter: 15, LR counter: 15
[Trainer] No improvement. Iteration 12900. Early stopping counter: 16, LR counter: 16
[Trainer] No improvement. Iteration 13000. Early stopping counter: 17, LR counter: 17
[Trainer] No improvement. Iteration 13100. Early stopping counter: 18, LR counter: 18
[Trainer] No improvement. Iteration 13200. Early stopping counter: 19, LR counter: 19
[Trainer] No improvement. Iteration 13300. Early stopping counter: 20, LR counter: 20
[Trainer] No improvement. Iteration 13400. Early stopping counter: 21, LR counter: 21
[Trainer] No improvement. Iteration 13500. Early stopping counter: 22, LR counter: 22
[Trainer] No improvement. Iteration 13600. Early stopping counter: 23, LR counter: 23
[Trainer] No improvement. Iteration 13700. Early stopping counter: 24, LR counter: 24
[Trainer] No improvement. Iteration 13800. Early stopping counter: 25, LR counter: 25
[Trainer] Learning rate reduced to: 0.000010
[Trainer] No improvement. Iteration 13900. Early stopping counter: 26, LR counter: 1
[Trainer] No improvement. Iteration 14000. Early stopping counter: 27, LR counter: 2
[Trainer] No improvement. Iteration 14100. Early stopping counter: 28, LR counter: 3
[Trainer] No improvement. Iteration 14200. Early stopping counter: 29, LR counter: 4
[Trainer] No improvement. Iteration 14300. Early stopping counter: 30, LR counter: 5
[Trainer] No improvement. Iteration 14400. Early stopping counter: 31, LR counter: 6
[Trainer] No improvement. Iteration 14500. Early stopping counter: 32, LR counter: 7
[Trainer] No improvement. Iteration 14600. Early stopping counter: 33, LR counter: 8
[Trainer] No improvement. Iteration 14700. Early stopping counter: 34, LR counter: 9
[Trainer] No improvement. Iteration 14800. Early stopping counter: 35, LR counter: 10
[Trainer] No improvement. Iteration 14900. Early stopping counter: 36, LR counter: 11
[Trainer] No improvement. Iteration 15000. Early stopping counter: 37, LR counter: 12
[Trainer] No improvement. Iteration 15100. Early stopping counter: 38, LR counter: 13
[Trainer] No improvement. Iteration 15200. Early stopping counter: 39, LR counter: 14
[Trainer] No improvement. Iteration 15300. Early stopping counter: 40, LR counter: 15
[Trainer] No improvement. Iteration 15400. Early stopping counter: 41, LR counter: 16
[Trainer] No improvement. Iteration 15500. Early stopping counter: 42, LR counter: 17
[Trainer] No improvement. Iteration 15600. Early stopping counter: 43, LR counter: 18
[Trainer] No improvement. Iteration 15700. Early stopping counter: 44, LR counter: 19
[Trainer] No improvement. Iteration 15800. Early stopping counter: 45, LR counter: 20
[Trainer] No improvement. Iteration 15900. Early stopping counter: 46, LR counter: 21
[Trainer] No improvement. Iteration 16000. Early stopping counter: 47, LR counter: 22
[Trainer] No improvement. Iteration 16100. Early stopping counter: 48, LR counter: 23
[Trainer] No improvement. Iteration 16200. Early stopping counter: 49, LR counter: 24
[Trainer] No improvement. Iteration 16300. Early stopping counter: 50, LR counter: 25
[Trainer] Learning rate reduced to: 0.000001
[Trainer] Early stopping triggered.
[Trainer] Training completed.
[Trainer] Calibrating temperatures on validation set...
[Trainer] Temperature calibration finished. Calibrated temperatures: {4: 1.0537954568862915, 6: 0.943421483039856, 8: 1.0350251197814941, 10: 1.2061482667922974}
[Trainer] BNN training completed.
**************************************************
Z=8, N=4, emax=4
RMSE Eb: 1.042
RMSE Rch: 0.014
MAPE Eb: 2.865
MAPE Rch: 0.666
--------------------------------------------------
**************************************************
Z=8, N=4, emax=10
RMSE Eb: 2.035
RMSE Rch: 0.066
MAPE Eb: 3.454
MAPE Rch: 2.969
--------------------------------------------------
**************************************************
Z=8, N=4, emax=6
RMSE Eb: 1.257
RMSE Rch: 0.016
MAPE Eb: 2.330
MAPE Rch: 0.781
--------------------------------------------------
**************************************************
Z=8, N=4, emax=8
RMSE Eb: 1.302
RMSE Rch: 0.027
MAPE Eb: 2.149
MAPE Rch: 1.190
--------------------------------------------------
**************************************************
Z=8, N=5, emax=8
RMSE Eb: 1.562
RMSE Rch: 0.018
MAPE Eb: 1.994
MAPE Rch: 0.840
--------------------------------------------------
**************************************************
Z=8, N=5, emax=6
RMSE Eb: 0.838
RMSE Rch: 0.014
MAPE Eb: 1.197
MAPE Rch: 0.632
--------------------------------------------------
**************************************************
Z=8, N=5, emax=4
RMSE Eb: 1.022
RMSE Rch: 0.011
MAPE Eb: 1.950
MAPE Rch: 0.448
--------------------------------------------------
**************************************************
Z=8, N=5, emax=10
RMSE Eb: 0.943
RMSE Rch: 0.019
MAPE Eb: 1.395
MAPE Rch: 1.066
--------------------------------------------------
**************************************************
Z=8, N=6, emax=4
RMSE Eb: 0.918
RMSE Rch: 0.016
MAPE Eb: 1.382
MAPE Rch: 0.757
--------------------------------------------------
**************************************************
Z=8, N=6, emax=6
RMSE Eb: 1.277
RMSE Rch: 0.015
MAPE Eb: 1.482
MAPE Rch: 0.714
--------------------------------------------------
**************************************************
Z=8, N=6, emax=8
RMSE Eb: 1.732
RMSE Rch: 0.017
MAPE Eb: 1.610
MAPE Rch: 0.842
--------------------------------------------------
**************************************************
Z=8, N=6, emax=10
RMSE Eb: 1.997
RMSE Rch: 0.019
MAPE Eb: 1.871
MAPE Rch: 1.052
--------------------------------------------------
**************************************************
Z=8, N=7, emax=8
RMSE Eb: 1.637
RMSE Rch: 0.014
MAPE Eb: 1.372
MAPE Rch: 0.751
--------------------------------------------------
**************************************************
Z=8, N=7, emax=10
RMSE Eb: 2.013
RMSE Rch: 0.013
MAPE Eb: 1.692
MAPE Rch: 0.792
--------------------------------------------------
**************************************************
Z=8, N=7, emax=6
RMSE Eb: 1.322
RMSE Rch: 0.012
MAPE Eb: 1.299
MAPE Rch: 0.589
--------------------------------------------------
**************************************************
Z=8, N=7, emax=4
RMSE Eb: 1.136
RMSE Rch: 0.016
MAPE Eb: 1.398
MAPE Rch: 0.779
--------------------------------------------------
**************************************************
Z=8, N=8, emax=4
RMSE Eb: 1.320
RMSE Rch: 0.013
MAPE Eb: 1.541
MAPE Rch: 0.353
--------------------------------------------------
**************************************************
Z=8, N=8, emax=8
RMSE Eb: 1.384
RMSE Rch: 0.010
MAPE Eb: 1.081
MAPE Rch: 0.280
--------------------------------------------------
**************************************************
Z=8, N=8, emax=6
RMSE Eb: 1.038
RMSE Rch: 0.009
MAPE Eb: 0.817
MAPE Rch: 0.257
--------------------------------------------------
**************************************************
Z=8, N=8, emax=10
RMSE Eb: 2.459
RMSE Rch: 0.005
MAPE Eb: 1.630
MAPE Rch: 0.153
--------------------------------------------------
**************************************************
Z=8, N=9, emax=8
RMSE Eb: 1.641
RMSE Rch: 0.013
MAPE Eb: 1.260
MAPE Rch: 0.364
--------------------------------------------------
**************************************************
Z=8, N=9, emax=6
RMSE Eb: 1.334
RMSE Rch: 0.011
MAPE Eb: 1.066
MAPE Rch: 0.310
--------------------------------------------------
**************************************************
Z=8, N=9, emax=4
RMSE Eb: 1.381
RMSE Rch: 0.011
MAPE Eb: 1.342
MAPE Rch: 0.329
--------------------------------------------------
**************************************************
Z=8, N=9, emax=10
RMSE Eb: 1.718
RMSE Rch: 0.008
MAPE Eb: 1.309
MAPE Rch: 0.209
--------------------------------------------------
**************************************************
Z=8, N=10, emax=4
RMSE Eb: 1.187
RMSE Rch: 0.010
MAPE Eb: 1.341
MAPE Rch: 0.285
--------------------------------------------------
**************************************************
Z=8, N=10, emax=10
RMSE Eb: 1.480
RMSE Rch: 0.011
MAPE Eb: 1.038
MAPE Rch: 0.379
--------------------------------------------------
**************************************************
Z=8, N=10, emax=6
RMSE Eb: 1.296
RMSE Rch: 0.009
MAPE Eb: 1.014
MAPE Rch: 0.240
--------------------------------------------------
**************************************************
Z=8, N=10, emax=8
RMSE Eb: 1.803
RMSE Rch: 0.015
MAPE Eb: 1.224
MAPE Rch: 0.473
--------------------------------------------------
**************************************************
Z=8, N=11, emax=4
RMSE Eb: 1.239
RMSE Rch: 0.008
MAPE Eb: 1.253
MAPE Rch: 0.218
--------------------------------------------------
**************************************************
Z=8, N=11, emax=6
RMSE Eb: 1.152
RMSE Rch: 0.009
MAPE Eb: 0.873
MAPE Rch: 0.253
--------------------------------------------------
**************************************************
Z=8, N=11, emax=8
RMSE Eb: 1.907
RMSE Rch: 0.011
MAPE Eb: 1.275
MAPE Rch: 0.327
--------------------------------------------------
**************************************************
Z=8, N=11, emax=10
RMSE Eb: 1.329
RMSE Rch: 0.013
MAPE Eb: 0.875
MAPE Rch: 0.350
--------------------------------------------------
**************************************************
Z=8, N=12, emax=6
RMSE Eb: 1.030
RMSE Rch: 0.010
MAPE Eb: 0.744
MAPE Rch: 0.283
--------------------------------------------------
**************************************************
Z=8, N=12, emax=4
RMSE Eb: 1.088
RMSE Rch: 0.007
MAPE Eb: 1.137
MAPE Rch: 0.182
--------------------------------------------------
**************************************************
Z=8, N=12, emax=8
RMSE Eb: 1.585
RMSE Rch: 0.010
MAPE Eb: 0.934
MAPE Rch: 0.302
--------------------------------------------------
**************************************************
Z=8, N=12, emax=10
RMSE Eb: 1.401
RMSE Rch: 0.011
MAPE Eb: 1.000
MAPE Rch: 0.334
--------------------------------------------------
**************************************************
Z=8, N=13, emax=8
RMSE Eb: 1.640
RMSE Rch: 0.013
MAPE Eb: 0.928
MAPE Rch: 0.370
--------------------------------------------------
**************************************************
Z=8, N=13, emax=4
RMSE Eb: 1.001
RMSE Rch: 0.007
MAPE Eb: 1.042
MAPE Rch: 0.186
--------------------------------------------------
**************************************************
Z=8, N=13, emax=10
RMSE Eb: 1.174
RMSE Rch: 0.013
MAPE Eb: 0.738
MAPE Rch: 0.409
--------------------------------------------------
**************************************************
Z=8, N=13, emax=6
RMSE Eb: 1.170
RMSE Rch: 0.011
MAPE Eb: 0.854
MAPE Rch: 0.307
--------------------------------------------------
**************************************************
Z=8, N=14, emax=8
RMSE Eb: 1.693
RMSE Rch: 0.015
MAPE Eb: 1.025
MAPE Rch: 0.396
--------------------------------------------------
**************************************************
Z=8, N=14, emax=4
RMSE Eb: 1.147
RMSE Rch: 0.011
MAPE Eb: 1.099
MAPE Rch: 0.296
--------------------------------------------------
**************************************************
Z=8, N=14, emax=6
RMSE Eb: 1.315
RMSE Rch: 0.011
MAPE Eb: 0.931
MAPE Rch: 0.310
--------------------------------------------------
**************************************************
Z=8, N=14, emax=10
RMSE Eb: 1.705
RMSE Rch: 0.015
MAPE Eb: 1.113
MAPE Rch: 0.463
--------------------------------------------------
**************************************************
Z=8, N=15, emax=8
RMSE Eb: 1.639
RMSE Rch: 0.010
MAPE Eb: 0.993
MAPE Rch: 0.267
--------------------------------------------------
**************************************************
Z=8, N=15, emax=4
RMSE Eb: 1.729
RMSE Rch: 0.012
MAPE Eb: 1.756
MAPE Rch: 0.340
--------------------------------------------------
**************************************************
Z=8, N=15, emax=6
RMSE Eb: 1.699
RMSE Rch: 0.012
MAPE Eb: 1.025
MAPE Rch: 0.326
--------------------------------------------------
**************************************************
Z=8, N=15, emax=10
RMSE Eb: 2.053
RMSE Rch: 0.009
MAPE Eb: 1.210
MAPE Rch: 0.226
--------------------------------------------------
**************************************************
Z=8, N=16, emax=8
RMSE Eb: 1.858
RMSE Rch: 0.016
MAPE Eb: 1.042
MAPE Rch: 0.448
--------------------------------------------------
**************************************************
Z=8, N=16, emax=6
RMSE Eb: 1.641
RMSE Rch: 0.014
MAPE Eb: 0.999
MAPE Rch: 0.394
--------------------------------------------------
**************************************************
Z=8, N=16, emax=10
RMSE Eb: 1.352
RMSE Rch: 0.011
MAPE Eb: 0.690
MAPE Rch: 0.303
--------------------------------------------------
**************************************************
Z=8, N=16, emax=4
RMSE Eb: 1.734
RMSE Rch: 0.015
MAPE Eb: 1.716
MAPE Rch: 0.412
--------------------------------------------------
Finished VAL for AE n=9
**************************************************
Z=8, N=4, emax=6
RMSE Eb: 1.175
RMSE Rch: 0.018
MAPE Eb: 2.214
MAPE Rch: 0.822
--------------------------------------------------
**************************************************
Z=8, N=4, emax=8
RMSE Eb: 1.439
RMSE Rch: 0.024
MAPE Eb: 2.322
MAPE Rch: 1.002
--------------------------------------------------
**************************************************
Z=8, N=4, emax=4
RMSE Eb: 1.456
RMSE Rch: 0.019
MAPE Eb: 4.230
MAPE Rch: 0.896
--------------------------------------------------
**************************************************
Z=8, N=4, emax=10
RMSE Eb: 1.938
RMSE Rch: 0.036
MAPE Eb: 2.656
MAPE Rch: 1.773
--------------------------------------------------
**************************************************
Z=8, N=5, emax=4
RMSE Eb: 0.960
RMSE Rch: 0.012
MAPE Eb: 1.931
MAPE Rch: 0.542
--------------------------------------------------
**************************************************
Z=8, N=5, emax=8
RMSE Eb: 1.793
RMSE Rch: 0.022
MAPE Eb: 2.351
MAPE Rch: 0.873
--------------------------------------------------
**************************************************
Z=8, N=5, emax=6
RMSE Eb: 0.933
RMSE Rch: 0.013
MAPE Eb: 1.425
MAPE Rch: 0.613
--------------------------------------------------
**************************************************
Z=8, N=5, emax=10
RMSE Eb: 1.820
RMSE Rch: 0.020
MAPE Eb: 2.213
MAPE Rch: 1.128
--------------------------------------------------
**************************************************
Z=8, N=6, emax=4
RMSE Eb: 0.937
RMSE Rch: 0.016
MAPE Eb: 1.292
MAPE Rch: 0.741
--------------------------------------------------
**************************************************
Z=8, N=6, emax=8
RMSE Eb: 2.035
RMSE Rch: 0.022
MAPE Eb: 1.806
MAPE Rch: 1.031
--------------------------------------------------
**************************************************
Z=8, N=6, emax=6
RMSE Eb: 1.309
RMSE Rch: 0.018
MAPE Eb: 1.267
MAPE Rch: 0.827
--------------------------------------------------
**************************************************
Z=8, N=6, emax=10
RMSE Eb: 1.223
RMSE Rch: 0.014
MAPE Eb: 1.140
MAPE Rch: 0.812
--------------------------------------------------
**************************************************
Z=8, N=7, emax=4
RMSE Eb: 1.115
RMSE Rch: 0.018
MAPE Eb: 1.338
MAPE Rch: 0.894
--------------------------------------------------
**************************************************
Z=8, N=7, emax=8
RMSE Eb: 1.858
RMSE Rch: 0.015
MAPE Eb: 1.471
MAPE Rch: 0.840
--------------------------------------------------
**************************************************
Z=8, N=7, emax=6
RMSE Eb: 1.468
RMSE Rch: 0.015
MAPE Eb: 1.421
MAPE Rch: 0.724
--------------------------------------------------
**************************************************
Z=8, N=7, emax=10
RMSE Eb: 1.249
RMSE Rch: 0.013
MAPE Eb: 1.006
MAPE Rch: 0.697
--------------------------------------------------
**************************************************
Z=8, N=8, emax=4
RMSE Eb: 1.267
RMSE Rch: 0.013
MAPE Eb: 1.231
MAPE Rch: 0.388
--------------------------------------------------
**************************************************
Z=8, N=8, emax=6
RMSE Eb: 1.412
RMSE Rch: 0.012
MAPE Eb: 1.198
MAPE Rch: 0.322
--------------------------------------------------
**************************************************
Z=8, N=8, emax=8
RMSE Eb: 1.584
RMSE Rch: 0.010
MAPE Eb: 1.220
MAPE Rch: 0.306
--------------------------------------------------
**************************************************
Z=8, N=8, emax=10
RMSE Eb: 1.903
RMSE Rch: 0.009
MAPE Eb: 1.278
MAPE Rch: 0.263
--------------------------------------------------
**************************************************
Z=8, N=9, emax=4
RMSE Eb: 1.313
RMSE Rch: 0.012
MAPE Eb: 1.264
MAPE Rch: 0.330
--------------------------------------------------
**************************************************
Z=8, N=9, emax=8
RMSE Eb: 1.398
RMSE Rch: 0.013
MAPE Eb: 1.078
MAPE Rch: 0.369
--------------------------------------------------
**************************************************
Z=8, N=9, emax=6
RMSE Eb: 1.422
RMSE Rch: 0.014
MAPE Eb: 1.112
MAPE Rch: 0.378
--------------------------------------------------
**************************************************
Z=8, N=9, emax=10
RMSE Eb: 1.853
RMSE Rch: 0.008
MAPE Eb: 1.286
MAPE Rch: 0.251
--------------------------------------------------
**************************************************
Z=8, N=10, emax=4
RMSE Eb: 1.276
RMSE Rch: 0.010
MAPE Eb: 1.263
MAPE Rch: 0.283
--------------------------------------------------
**************************************************
Z=8, N=10, emax=6
RMSE Eb: 1.203
RMSE Rch: 0.009
MAPE Eb: 0.948
MAPE Rch: 0.270
--------------------------------------------------
**************************************************
Z=8, N=10, emax=8
RMSE Eb: 1.632
RMSE Rch: 0.015
MAPE Eb: 1.079
MAPE Rch: 0.452
--------------------------------------------------
**************************************************
Z=8, N=10, emax=10
RMSE Eb: 2.316
RMSE Rch: 0.010
MAPE Eb: 1.661
MAPE Rch: 0.323
--------------------------------------------------
**************************************************
Z=8, N=11, emax=8
RMSE Eb: 1.727
RMSE Rch: 0.014
MAPE Eb: 1.073
MAPE Rch: 0.405
--------------------------------------------------
**************************************************
Z=8, N=11, emax=4
RMSE Eb: 1.225
RMSE Rch: 0.009
MAPE Eb: 1.334
MAPE Rch: 0.253
--------------------------------------------------
**************************************************
Z=8, N=11, emax=6
RMSE Eb: 1.194
RMSE Rch: 0.009
MAPE Eb: 0.921
MAPE Rch: 0.271
--------------------------------------------------
**************************************************
Z=8, N=11, emax=10
RMSE Eb: 1.653
RMSE Rch: 0.009
MAPE Eb: 1.176
MAPE Rch: 0.253
--------------------------------------------------
**************************************************
Z=8, N=12, emax=6
RMSE Eb: 1.026
RMSE Rch: 0.009
MAPE Eb: 0.748
MAPE Rch: 0.252
--------------------------------------------------
**************************************************
Z=8, N=12, emax=8
RMSE Eb: 1.616
RMSE Rch: 0.009
MAPE Eb: 1.034
MAPE Rch: 0.250
--------------------------------------------------
**************************************************
Z=8, N=12, emax=4
RMSE Eb: 1.105
RMSE Rch: 0.007
MAPE Eb: 1.144
MAPE Rch: 0.186
--------------------------------------------------
**************************************************
Z=8, N=12, emax=10
RMSE Eb: 1.215
RMSE Rch: 0.009
MAPE Eb: 0.831
MAPE Rch: 0.290
--------------------------------------------------
**************************************************
Z=8, N=13, emax=8
RMSE Eb: 1.511
RMSE Rch: 0.012
MAPE Eb: 0.995
MAPE Rch: 0.363
--------------------------------------------------
**************************************************
Z=8, N=13, emax=4
RMSE Eb: 1.081
RMSE Rch: 0.008
MAPE Eb: 1.045
MAPE Rch: 0.219
--------------------------------------------------
**************************************************
Z=8, N=13, emax=6
RMSE Eb: 1.030
RMSE Rch: 0.011
MAPE Eb: 0.753
MAPE Rch: 0.293
--------------------------------------------------
**************************************************
Z=8, N=13, emax=10
RMSE Eb: 1.709
RMSE Rch: 0.010
MAPE Eb: 1.085
MAPE Rch: 0.308
--------------------------------------------------
**************************************************
Z=8, N=14, emax=6
RMSE Eb: 1.341
RMSE Rch: 0.012
MAPE Eb: 0.875
MAPE Rch: 0.336
--------------------------------------------------
**************************************************
Z=8, N=14, emax=10
RMSE Eb: 1.161
RMSE Rch: 0.011
MAPE Eb: 0.690
MAPE Rch: 0.312
--------------------------------------------------
**************************************************
Z=8, N=14, emax=4
RMSE Eb: 1.421
RMSE Rch: 0.010
MAPE Eb: 1.491
MAPE Rch: 0.261
--------------------------------------------------
**************************************************
Z=8, N=14, emax=8
RMSE Eb: 1.541
RMSE Rch: 0.013
MAPE Eb: 0.945
MAPE Rch: 0.368
--------------------------------------------------
**************************************************
Z=8, N=15, emax=8
RMSE Eb: 1.565
RMSE Rch: 0.010
MAPE Eb: 0.930
MAPE Rch: 0.268
--------------------------------------------------
**************************************************
Z=8, N=15, emax=6
RMSE Eb: 1.498
RMSE Rch: 0.011
MAPE Eb: 0.959
MAPE Rch: 0.302
--------------------------------------------------
**************************************************
Z=8, N=15, emax=4
RMSE Eb: 1.515
RMSE Rch: 0.010
MAPE Eb: 1.549
MAPE Rch: 0.269
--------------------------------------------------
**************************************************
Z=8, N=15, emax=10
RMSE Eb: 1.575
RMSE Rch: 0.010
MAPE Eb: 0.964
MAPE Rch: 0.278
--------------------------------------------------
**************************************************
Z=8, N=16, emax=4
RMSE Eb: 2.075
RMSE Rch: 0.012
MAPE Eb: 2.128
MAPE Rch: 0.335
--------------------------------------------------
**************************************************
Z=8, N=16, emax=8
RMSE Eb: 2.372
RMSE Rch: 0.018
MAPE Eb: 1.308
MAPE Rch: 0.515
--------------------------------------------------
**************************************************
Z=8, N=16, emax=6
RMSE Eb: 1.764
RMSE Rch: 0.012
MAPE Eb: 1.068
MAPE Rch: 0.307
--------------------------------------------------
**************************************************
Z=8, N=16, emax=10
RMSE Eb: 2.153
RMSE Rch: 0.017
MAPE Eb: 0.927
MAPE Rch: 0.417
--------------------------------------------------
