Activated conda environment
[DataLoader] Found 13 files matching the pattern.
[DataLoader] Combined data shape: (17234, 35)
[Preprocess] Data split => train: (11029, 35), val: (2758, 35), test: (3447, 35)
[Preprocess] Processed fidelity 4 (index 0): 3758 samples.
[Preprocess] Processed fidelity 6 (index 1): 3346 samples.
[Preprocess] Processed fidelity 8 (index 2): 3194 samples.
[Preprocess] Processed fidelity 10 (index 3): 731 samples.
[Preprocess] Processed fidelity 4 (index 0): 949 samples.
[Preprocess] Processed fidelity 6 (index 1): 833 samples.
[Preprocess] Processed fidelity 8 (index 2): 801 samples.
[Preprocess] Processed fidelity 10 (index 3): 175 samples.
Fidelity levels: [4, 6, 8, 10]
[Trainer] Starting BNN training...
[Trainer] No improvement. Iteration 7400. Early stopping counter: 1, LR counter: 1
[Trainer] No improvement. Iteration 7700. Early stopping counter: 1, LR counter: 1
[Trainer] No improvement. Iteration 8100. Early stopping counter: 1, LR counter: 1
[Trainer] No improvement. Iteration 8200. Early stopping counter: 2, LR counter: 2
[Trainer] No improvement. Iteration 8500. Early stopping counter: 1, LR counter: 1
[Trainer] No improvement. Iteration 8900. Early stopping counter: 1, LR counter: 1
[Trainer] No improvement. Iteration 9000. Early stopping counter: 2, LR counter: 2
[Trainer] No improvement. Iteration 9100. Early stopping counter: 3, LR counter: 3
[Trainer] No improvement. Iteration 9200. Early stopping counter: 4, LR counter: 4
[Trainer] No improvement. Iteration 9300. Early stopping counter: 5, LR counter: 5
[Trainer] No improvement. Iteration 9400. Early stopping counter: 6, LR counter: 6
[Trainer] No improvement. Iteration 9500. Early stopping counter: 7, LR counter: 7
[Trainer] No improvement. Iteration 9600. Early stopping counter: 8, LR counter: 8
[Trainer] No improvement. Iteration 9700. Early stopping counter: 9, LR counter: 9
[Trainer] No improvement. Iteration 9800. Early stopping counter: 10, LR counter: 10
[Trainer] No improvement. Iteration 9900. Early stopping counter: 11, LR counter: 11
[Trainer] No improvement. Iteration 10000. Early stopping counter: 12, LR counter: 12
[Trainer] No improvement. Iteration 10100. Early stopping counter: 13, LR counter: 13
[Trainer] No improvement. Iteration 10200. Early stopping counter: 14, LR counter: 14
[Trainer] No improvement. Iteration 10300. Early stopping counter: 15, LR counter: 15
[Trainer] No improvement. Iteration 10400. Early stopping counter: 16, LR counter: 16
[Trainer] No improvement. Iteration 10500. Early stopping counter: 17, LR counter: 17
[Trainer] No improvement. Iteration 10600. Early stopping counter: 18, LR counter: 18
[Trainer] No improvement. Iteration 10700. Early stopping counter: 19, LR counter: 19
[Trainer] No improvement. Iteration 10800. Early stopping counter: 20, LR counter: 20
[Trainer] No improvement. Iteration 10900. Early stopping counter: 21, LR counter: 21
[Trainer] No improvement. Iteration 11100. Early stopping counter: 1, LR counter: 1
[Trainer] No improvement. Iteration 11200. Early stopping counter: 2, LR counter: 2
[Trainer] No improvement. Iteration 11300. Early stopping counter: 3, LR counter: 3
[Trainer] No improvement. Iteration 11400. Early stopping counter: 4, LR counter: 4
[Trainer] No improvement. Iteration 11500. Early stopping counter: 5, LR counter: 5
[Trainer] No improvement. Iteration 11600. Early stopping counter: 6, LR counter: 6
[Trainer] No improvement. Iteration 11700. Early stopping counter: 7, LR counter: 7
[Trainer] No improvement. Iteration 11800. Early stopping counter: 8, LR counter: 8
[Trainer] No improvement. Iteration 12000. Early stopping counter: 1, LR counter: 1
[Trainer] No improvement. Iteration 12100. Early stopping counter: 2, LR counter: 2
[Trainer] No improvement. Iteration 12400. Early stopping counter: 1, LR counter: 1
[Trainer] No improvement. Iteration 12600. Early stopping counter: 1, LR counter: 1
[Trainer] No improvement. Iteration 12800. Early stopping counter: 1, LR counter: 1
[Trainer] No improvement. Iteration 12900. Early stopping counter: 2, LR counter: 2
[Trainer] No improvement. Iteration 13000. Early stopping counter: 3, LR counter: 3
[Trainer] No improvement. Iteration 13100. Early stopping counter: 4, LR counter: 4
[Trainer] No improvement. Iteration 13200. Early stopping counter: 5, LR counter: 5
[Trainer] No improvement. Iteration 13300. Early stopping counter: 6, LR counter: 6
[Trainer] No improvement. Iteration 13400. Early stopping counter: 7, LR counter: 7
[Trainer] No improvement. Iteration 13500. Early stopping counter: 8, LR counter: 8
[Trainer] No improvement. Iteration 13600. Early stopping counter: 9, LR counter: 9
[Trainer] No improvement. Iteration 13700. Early stopping counter: 10, LR counter: 10
[Trainer] No improvement. Iteration 13800. Early stopping counter: 11, LR counter: 11
[Trainer] No improvement. Iteration 13900. Early stopping counter: 12, LR counter: 12
[Trainer] No improvement. Iteration 14000. Early stopping counter: 13, LR counter: 13
[Trainer] No improvement. Iteration 14100. Early stopping counter: 14, LR counter: 14
[Trainer] No improvement. Iteration 14200. Early stopping counter: 15, LR counter: 15
[Trainer] No improvement. Iteration 14300. Early stopping counter: 16, LR counter: 16
[Trainer] No improvement. Iteration 14400. Early stopping counter: 17, LR counter: 17
[Trainer] No improvement. Iteration 14500. Early stopping counter: 18, LR counter: 18
[Trainer] No improvement. Iteration 14600. Early stopping counter: 19, LR counter: 19
[Trainer] No improvement. Iteration 14700. Early stopping counter: 20, LR counter: 20
[Trainer] No improvement. Iteration 14800. Early stopping counter: 21, LR counter: 21
[Trainer] No improvement. Iteration 14900. Early stopping counter: 22, LR counter: 22
[Trainer] No improvement. Iteration 15000. Early stopping counter: 23, LR counter: 23
[Trainer] No improvement. Iteration 15100. Early stopping counter: 24, LR counter: 24
[Trainer] No improvement. Iteration 15200. Early stopping counter: 25, LR counter: 25
[Trainer] Learning rate reduced to: 0.000010
[Trainer] No improvement. Iteration 15300. Early stopping counter: 26, LR counter: 1
[Trainer] No improvement. Iteration 15400. Early stopping counter: 27, LR counter: 2
[Trainer] No improvement. Iteration 15500. Early stopping counter: 28, LR counter: 3
[Trainer] No improvement. Iteration 15600. Early stopping counter: 29, LR counter: 4
[Trainer] No improvement. Iteration 15700. Early stopping counter: 30, LR counter: 5
[Trainer] No improvement. Iteration 15800. Early stopping counter: 31, LR counter: 6
[Trainer] No improvement. Iteration 15900. Early stopping counter: 32, LR counter: 7
[Trainer] No improvement. Iteration 16000. Early stopping counter: 33, LR counter: 8
[Trainer] No improvement. Iteration 16100. Early stopping counter: 34, LR counter: 9
[Trainer] No improvement. Iteration 16200. Early stopping counter: 35, LR counter: 10
[Trainer] No improvement. Iteration 16300. Early stopping counter: 36, LR counter: 11
[Trainer] No improvement. Iteration 16400. Early stopping counter: 37, LR counter: 12
[Trainer] No improvement. Iteration 16500. Early stopping counter: 38, LR counter: 13
[Trainer] No improvement. Iteration 16600. Early stopping counter: 39, LR counter: 14
[Trainer] No improvement. Iteration 16700. Early stopping counter: 40, LR counter: 15
[Trainer] No improvement. Iteration 16800. Early stopping counter: 41, LR counter: 16
[Trainer] No improvement. Iteration 16900. Early stopping counter: 42, LR counter: 17
[Trainer] No improvement. Iteration 17000. Early stopping counter: 43, LR counter: 18
[Trainer] No improvement. Iteration 17100. Early stopping counter: 44, LR counter: 19
[Trainer] No improvement. Iteration 17200. Early stopping counter: 45, LR counter: 20
[Trainer] No improvement. Iteration 17300. Early stopping counter: 46, LR counter: 21
[Trainer] No improvement. Iteration 17400. Early stopping counter: 47, LR counter: 22
[Trainer] No improvement. Iteration 17500. Early stopping counter: 48, LR counter: 23
[Trainer] No improvement. Iteration 17600. Early stopping counter: 49, LR counter: 24
[Trainer] No improvement. Iteration 17700. Early stopping counter: 50, LR counter: 25
[Trainer] Learning rate reduced to: 0.000001
[Trainer] Early stopping triggered.
[Trainer] Training completed.
[Trainer] Calibrating temperatures on validation set...
[Trainer] Temperature calibration finished. Calibrated temperatures: {4: 1.5029836893081665, 6: 1.3473819494247437, 8: 1.4195654392242432, 10: 1.5279144048690796}
[Trainer] BNN training completed.
**************************************************
Z=8, N=4, emax=4
RMSE Eb: 0.784
RMSE Rch: 0.011
MAPE Eb: 2.411
MAPE Rch: 0.532
--------------------------------------------------
**************************************************
Z=8, N=4, emax=10
RMSE Eb: 1.823
RMSE Rch: 0.038
MAPE Eb: 3.242
MAPE Rch: 1.938
--------------------------------------------------
**************************************************
Z=8, N=4, emax=6
RMSE Eb: 1.083
RMSE Rch: 0.016
MAPE Eb: 2.174
MAPE Rch: 0.780
--------------------------------------------------
**************************************************
Z=8, N=4, emax=8
RMSE Eb: 1.281
RMSE Rch: 0.019
MAPE Eb: 2.182
MAPE Rch: 0.926
--------------------------------------------------
**************************************************
Z=8, N=5, emax=8
RMSE Eb: 1.281
RMSE Rch: 0.019
MAPE Eb: 1.742
MAPE Rch: 0.937
--------------------------------------------------
**************************************************
Z=8, N=5, emax=6
RMSE Eb: 0.872
RMSE Rch: 0.016
MAPE Eb: 1.269
MAPE Rch: 0.812
--------------------------------------------------
**************************************************
Z=8, N=5, emax=4
RMSE Eb: 0.674
RMSE Rch: 0.008
MAPE Eb: 1.338
MAPE Rch: 0.381
--------------------------------------------------
**************************************************
Z=8, N=5, emax=10
RMSE Eb: 1.697
RMSE Rch: 0.023
MAPE Eb: 1.993
MAPE Rch: 1.148
--------------------------------------------------
**************************************************
Z=8, N=6, emax=4
RMSE Eb: 0.914
RMSE Rch: 0.009
MAPE Eb: 1.353
MAPE Rch: 0.413
--------------------------------------------------
**************************************************
Z=8, N=6, emax=6
RMSE Eb: 1.190
RMSE Rch: 0.012
MAPE Eb: 1.214
MAPE Rch: 0.602
--------------------------------------------------
**************************************************
Z=8, N=6, emax=8
RMSE Eb: 1.411
RMSE Rch: 0.015
MAPE Eb: 1.309
MAPE Rch: 0.734
--------------------------------------------------
**************************************************
Z=8, N=6, emax=10
RMSE Eb: 1.181
RMSE Rch: 0.019
MAPE Eb: 1.094
MAPE Rch: 0.927
--------------------------------------------------
**************************************************
Z=8, N=7, emax=8
RMSE Eb: 1.232
RMSE Rch: 0.014
MAPE Eb: 1.015
MAPE Rch: 0.737
--------------------------------------------------
**************************************************
Z=8, N=7, emax=10
RMSE Eb: 1.637
RMSE Rch: 0.013
MAPE Eb: 1.375
MAPE Rch: 0.729
--------------------------------------------------
**************************************************
Z=8, N=7, emax=6
RMSE Eb: 0.984
RMSE Rch: 0.011
MAPE Eb: 0.906
MAPE Rch: 0.527
--------------------------------------------------
**************************************************
Z=8, N=7, emax=4
RMSE Eb: 0.760
RMSE Rch: 0.011
MAPE Eb: 0.940
MAPE Rch: 0.522
--------------------------------------------------
**************************************************
Z=8, N=8, emax=4
RMSE Eb: 0.696
RMSE Rch: 0.012
MAPE Eb: 0.742
MAPE Rch: 0.338
--------------------------------------------------
**************************************************
Z=8, N=8, emax=8
RMSE Eb: 1.056
RMSE Rch: 0.013
MAPE Eb: 0.791
MAPE Rch: 0.340
--------------------------------------------------
**************************************************
Z=8, N=8, emax=6
RMSE Eb: 0.715
RMSE Rch: 0.013
MAPE Eb: 0.614
MAPE Rch: 0.357
--------------------------------------------------
**************************************************
Z=8, N=8, emax=10
RMSE Eb: 1.431
RMSE Rch: 0.022
MAPE Eb: 0.797
MAPE Rch: 0.595
--------------------------------------------------
**************************************************
Z=8, N=9, emax=8
RMSE Eb: 0.870
RMSE Rch: 0.009
MAPE Eb: 0.653
MAPE Rch: 0.267
--------------------------------------------------
**************************************************
Z=8, N=9, emax=6
RMSE Eb: 0.638
RMSE Rch: 0.007
MAPE Eb: 0.529
MAPE Rch: 0.204
--------------------------------------------------
**************************************************
Z=8, N=9, emax=4
RMSE Eb: 0.654
RMSE Rch: 0.009
MAPE Eb: 0.614
MAPE Rch: 0.259
--------------------------------------------------
**************************************************
Z=8, N=9, emax=10
RMSE Eb: 1.165
RMSE Rch: 0.021
MAPE Eb: 0.875
MAPE Rch: 0.651
--------------------------------------------------
**************************************************
Z=8, N=10, emax=4
RMSE Eb: 0.563
RMSE Rch: 0.008
MAPE Eb: 0.598
MAPE Rch: 0.221
--------------------------------------------------
**************************************************
Z=8, N=10, emax=10
RMSE Eb: 0.979
RMSE Rch: 0.010
MAPE Eb: 0.736
MAPE Rch: 0.288
--------------------------------------------------
**************************************************
Z=8, N=10, emax=6
RMSE Eb: 0.630
RMSE Rch: 0.008
MAPE Eb: 0.500
MAPE Rch: 0.232
--------------------------------------------------
**************************************************
Z=8, N=10, emax=8
RMSE Eb: 0.657
RMSE Rch: 0.009
MAPE Eb: 0.459
MAPE Rch: 0.251
--------------------------------------------------
**************************************************
Z=8, N=11, emax=4
RMSE Eb: 0.550
RMSE Rch: 0.008
MAPE Eb: 0.578
MAPE Rch: 0.230
--------------------------------------------------
**************************************************
Z=8, N=11, emax=6
RMSE Eb: 0.687
RMSE Rch: 0.008
MAPE Eb: 0.519
MAPE Rch: 0.221
--------------------------------------------------
**************************************************
Z=8, N=11, emax=8
RMSE Eb: 0.829
RMSE Rch: 0.010
MAPE Eb: 0.599
MAPE Rch: 0.294
--------------------------------------------------
**************************************************
Z=8, N=11, emax=10
RMSE Eb: 1.120
RMSE Rch: 0.011
MAPE Eb: 0.771
MAPE Rch: 0.338
--------------------------------------------------
**************************************************
Z=8, N=12, emax=6
RMSE Eb: 0.705
RMSE Rch: 0.007
MAPE Eb: 0.522
MAPE Rch: 0.211
--------------------------------------------------
**************************************************
Z=8, N=12, emax=4
RMSE Eb: 0.613
RMSE Rch: 0.011
MAPE Eb: 0.586
MAPE Rch: 0.299
--------------------------------------------------
**************************************************
Z=8, N=12, emax=8
RMSE Eb: 0.723
RMSE Rch: 0.007
MAPE Eb: 0.485
MAPE Rch: 0.186
--------------------------------------------------
**************************************************
Z=8, N=12, emax=10
RMSE Eb: 1.064
RMSE Rch: 0.015
MAPE Eb: 0.714
MAPE Rch: 0.470
--------------------------------------------------
**************************************************
Z=8, N=13, emax=8
RMSE Eb: 0.748
RMSE Rch: 0.008
MAPE Eb: 0.483
MAPE Rch: 0.233
--------------------------------------------------
**************************************************
Z=8, N=13, emax=4
RMSE Eb: 0.798
RMSE Rch: 0.008
MAPE Eb: 0.798
MAPE Rch: 0.228
--------------------------------------------------
**************************************************
Z=8, N=13, emax=10
RMSE Eb: 0.883
RMSE Rch: 0.011
MAPE Eb: 0.502
MAPE Rch: 0.317
--------------------------------------------------
**************************************************
Z=8, N=13, emax=6
RMSE Eb: 0.684
RMSE Rch: 0.007
MAPE Eb: 0.490
MAPE Rch: 0.196
--------------------------------------------------
**************************************************
Z=8, N=14, emax=8
RMSE Eb: 0.859
RMSE Rch: 0.013
MAPE Eb: 0.507
MAPE Rch: 0.328
--------------------------------------------------
**************************************************
Z=8, N=14, emax=4
RMSE Eb: 0.772
RMSE Rch: 0.008
MAPE Eb: 0.767
MAPE Rch: 0.221
--------------------------------------------------
**************************************************
Z=8, N=14, emax=6
RMSE Eb: 0.643
RMSE Rch: 0.007
MAPE Eb: 0.465
MAPE Rch: 0.209
--------------------------------------------------
**************************************************
Z=8, N=14, emax=10
RMSE Eb: 0.897
RMSE Rch: 0.013
MAPE Eb: 0.544
MAPE Rch: 0.298
--------------------------------------------------
**************************************************
Z=8, N=15, emax=8
RMSE Eb: 0.794
RMSE Rch: 0.008
MAPE Eb: 0.492
MAPE Rch: 0.209
--------------------------------------------------
**************************************************
Z=8, N=15, emax=4
RMSE Eb: 0.816
RMSE Rch: 0.010
MAPE Eb: 0.784
MAPE Rch: 0.288
--------------------------------------------------
**************************************************
Z=8, N=15, emax=6
RMSE Eb: 0.616
RMSE Rch: 0.007
MAPE Eb: 0.434
MAPE Rch: 0.198
--------------------------------------------------
**************************************************
Z=8, N=15, emax=10
RMSE Eb: 0.926
RMSE Rch: 0.012
MAPE Eb: 0.528
MAPE Rch: 0.297
--------------------------------------------------
**************************************************
Z=8, N=16, emax=8
RMSE Eb: 1.005
RMSE Rch: 0.010
MAPE Eb: 0.596
MAPE Rch: 0.278
--------------------------------------------------
**************************************************
Z=8, N=16, emax=6
RMSE Eb: 0.943
RMSE Rch: 0.009
MAPE Eb: 0.655
MAPE Rch: 0.241
--------------------------------------------------
**************************************************
Z=8, N=16, emax=10
RMSE Eb: 1.173
RMSE Rch: 0.014
MAPE Eb: 0.702
MAPE Rch: 0.428
--------------------------------------------------
**************************************************
Z=8, N=16, emax=4
RMSE Eb: 0.881
RMSE Rch: 0.009
MAPE Eb: 0.873
MAPE Rch: 0.224
--------------------------------------------------
Finished VAL for AE n=560
**************************************************
Z=8, N=4, emax=6
RMSE Eb: 1.152
RMSE Rch: 0.015
MAPE Eb: 2.213
MAPE Rch: 0.753
--------------------------------------------------
**************************************************
Z=8, N=4, emax=8
RMSE Eb: 1.206
RMSE Rch: 0.022
MAPE Eb: 1.978
MAPE Rch: 1.047
--------------------------------------------------
**************************************************
Z=8, N=4, emax=4
RMSE Eb: 0.744
RMSE Rch: 0.010
MAPE Eb: 2.159
MAPE Rch: 0.454
--------------------------------------------------
**************************************************
Z=8, N=4, emax=10
RMSE Eb: 1.485
RMSE Rch: 0.037
MAPE Eb: 2.511
MAPE Rch: 1.897
--------------------------------------------------
**************************************************
Z=8, N=5, emax=4
RMSE Eb: 0.732
RMSE Rch: 0.008
MAPE Eb: 1.411
MAPE Rch: 0.398
--------------------------------------------------
**************************************************
Z=8, N=5, emax=8
RMSE Eb: 1.168
RMSE Rch: 0.016
MAPE Eb: 1.572
MAPE Rch: 0.806
--------------------------------------------------
**************************************************
Z=8, N=5, emax=6
RMSE Eb: 0.852
RMSE Rch: 0.015
MAPE Eb: 1.249
MAPE Rch: 0.823
--------------------------------------------------
**************************************************
Z=8, N=5, emax=10
RMSE Eb: 1.577
RMSE Rch: 0.027
MAPE Eb: 1.998
MAPE Rch: 1.422
--------------------------------------------------
**************************************************
Z=8, N=6, emax=4
RMSE Eb: 0.880
RMSE Rch: 0.010
MAPE Eb: 1.241
MAPE Rch: 0.488
--------------------------------------------------
**************************************************
Z=8, N=6, emax=8
RMSE Eb: 1.309
RMSE Rch: 0.015
MAPE Eb: 1.138
MAPE Rch: 0.714
--------------------------------------------------
**************************************************
Z=8, N=6, emax=6
RMSE Eb: 1.079
RMSE Rch: 0.014
MAPE Eb: 1.152
MAPE Rch: 0.722
--------------------------------------------------
**************************************************
Z=8, N=6, emax=10
RMSE Eb: 1.578
RMSE Rch: 0.021
MAPE Eb: 1.548
MAPE Rch: 1.077
--------------------------------------------------
**************************************************
Z=8, N=7, emax=4
RMSE Eb: 0.806
RMSE Rch: 0.010
MAPE Eb: 0.987
MAPE Rch: 0.482
--------------------------------------------------
**************************************************
Z=8, N=7, emax=8
RMSE Eb: 1.307
RMSE Rch: 0.015
MAPE Eb: 1.043
MAPE Rch: 0.855
--------------------------------------------------
**************************************************
Z=8, N=7, emax=6
RMSE Eb: 1.193
RMSE Rch: 0.012
MAPE Eb: 1.157
MAPE Rch: 0.613
--------------------------------------------------
**************************************************
Z=8, N=7, emax=10
RMSE Eb: 1.160
RMSE Rch: 0.022
MAPE Eb: 0.913
MAPE Rch: 1.302
--------------------------------------------------
**************************************************
Z=8, N=8, emax=4
RMSE Eb: 0.764
RMSE Rch: 0.010
MAPE Eb: 0.784
MAPE Rch: 0.281
--------------------------------------------------
**************************************************
Z=8, N=8, emax=6
RMSE Eb: 0.905
RMSE Rch: 0.013
MAPE Eb: 0.724
MAPE Rch: 0.371
--------------------------------------------------
**************************************************
Z=8, N=8, emax=8
RMSE Eb: 1.164
RMSE Rch: 0.011
MAPE Eb: 0.916
MAPE Rch: 0.338
--------------------------------------------------
**************************************************
Z=8, N=8, emax=10
RMSE Eb: 1.046
RMSE Rch: 0.020
MAPE Eb: 0.796
MAPE Rch: 0.529
--------------------------------------------------
**************************************************
Z=8, N=9, emax=4
RMSE Eb: 0.624
RMSE Rch: 0.009
MAPE Eb: 0.664
MAPE Rch: 0.245
--------------------------------------------------
**************************************************
Z=8, N=9, emax=8
RMSE Eb: 0.844
RMSE Rch: 0.009
MAPE Eb: 0.609
MAPE Rch: 0.279
--------------------------------------------------
**************************************************
Z=8, N=9, emax=6
RMSE Eb: 0.777
RMSE Rch: 0.009
MAPE Eb: 0.640
MAPE Rch: 0.248
--------------------------------------------------
**************************************************
Z=8, N=9, emax=10
RMSE Eb: 1.286
RMSE Rch: 0.014
MAPE Eb: 0.965
MAPE Rch: 0.400
--------------------------------------------------
**************************************************
Z=8, N=10, emax=4
RMSE Eb: 0.560
RMSE Rch: 0.008
MAPE Eb: 0.556
MAPE Rch: 0.214
--------------------------------------------------
**************************************************
Z=8, N=10, emax=6
RMSE Eb: 0.689
RMSE Rch: 0.007
MAPE Eb: 0.545
MAPE Rch: 0.204
--------------------------------------------------
**************************************************
Z=8, N=10, emax=8
RMSE Eb: 0.838
RMSE Rch: 0.009
MAPE Eb: 0.624
MAPE Rch: 0.265
--------------------------------------------------
**************************************************
Z=8, N=10, emax=10
RMSE Eb: 1.333
RMSE Rch: 0.011
MAPE Eb: 0.906
MAPE Rch: 0.360
--------------------------------------------------
**************************************************
Z=8, N=11, emax=8
RMSE Eb: 0.761
RMSE Rch: 0.008
MAPE Eb: 0.543
MAPE Rch: 0.236
--------------------------------------------------
**************************************************
Z=8, N=11, emax=4
RMSE Eb: 0.713
RMSE Rch: 0.009
MAPE Eb: 0.763
MAPE Rch: 0.255
--------------------------------------------------
**************************************************
Z=8, N=11, emax=6
RMSE Eb: 0.621
RMSE Rch: 0.007
MAPE Eb: 0.492
MAPE Rch: 0.184
--------------------------------------------------
**************************************************
Z=8, N=11, emax=10
RMSE Eb: 1.081
RMSE Rch: 0.014
MAPE Eb: 0.724
MAPE Rch: 0.429
--------------------------------------------------
**************************************************
Z=8, N=12, emax=6
RMSE Eb: 0.577
RMSE Rch: 0.006
MAPE Eb: 0.442
MAPE Rch: 0.186
--------------------------------------------------
**************************************************
Z=8, N=12, emax=8
RMSE Eb: 0.681
RMSE Rch: 0.008
MAPE Eb: 0.430
MAPE Rch: 0.252
--------------------------------------------------
**************************************************
Z=8, N=12, emax=4
RMSE Eb: 0.685
RMSE Rch: 0.009
MAPE Eb: 0.639
MAPE Rch: 0.256
--------------------------------------------------
**************************************************
Z=8, N=12, emax=10
RMSE Eb: 0.853
RMSE Rch: 0.012
MAPE Eb: 0.604
MAPE Rch: 0.351
--------------------------------------------------
**************************************************
Z=8, N=13, emax=8
RMSE Eb: 0.732
RMSE Rch: 0.008
MAPE Eb: 0.456
MAPE Rch: 0.236
--------------------------------------------------
**************************************************
Z=8, N=13, emax=4
RMSE Eb: 0.737
RMSE Rch: 0.009
MAPE Eb: 0.706
MAPE Rch: 0.261
--------------------------------------------------
**************************************************
Z=8, N=13, emax=6
RMSE Eb: 0.565
RMSE Rch: 0.008
MAPE Eb: 0.381
MAPE Rch: 0.222
--------------------------------------------------
**************************************************
Z=8, N=13, emax=10
RMSE Eb: 0.919
RMSE Rch: 0.021
MAPE Eb: 0.631
MAPE Rch: 0.420
--------------------------------------------------
**************************************************
Z=8, N=14, emax=6
RMSE Eb: 0.628
RMSE Rch: 0.008
MAPE Eb: 0.425
MAPE Rch: 0.219
--------------------------------------------------
**************************************************
Z=8, N=14, emax=10
RMSE Eb: 0.787
RMSE Rch: 0.010
MAPE Eb: 0.399
MAPE Rch: 0.289
--------------------------------------------------
**************************************************
Z=8, N=14, emax=4
RMSE Eb: 0.671
RMSE Rch: 0.009
MAPE Eb: 0.698
MAPE Rch: 0.238
--------------------------------------------------
**************************************************
Z=8, N=14, emax=8
RMSE Eb: 0.698
RMSE Rch: 0.010
MAPE Eb: 0.431
MAPE Rch: 0.240
--------------------------------------------------
**************************************************
Z=8, N=15, emax=8
RMSE Eb: 0.822
RMSE Rch: 0.008
MAPE Eb: 0.512
MAPE Rch: 0.223
--------------------------------------------------
**************************************************
Z=8, N=15, emax=6
RMSE Eb: 0.711
RMSE Rch: 0.006
MAPE Eb: 0.481
MAPE Rch: 0.167
--------------------------------------------------
**************************************************
Z=8, N=15, emax=4
RMSE Eb: 0.684
RMSE Rch: 0.010
MAPE Eb: 0.715
MAPE Rch: 0.271
--------------------------------------------------
**************************************************
Z=8, N=15, emax=10
RMSE Eb: 0.932
RMSE Rch: 0.008
MAPE Eb: 0.553
MAPE Rch: 0.213
--------------------------------------------------
**************************************************
Z=8, N=16, emax=4
RMSE Eb: 0.831
RMSE Rch: 0.010
MAPE Eb: 0.818
MAPE Rch: 0.269
--------------------------------------------------
**************************************************
Z=8, N=16, emax=8
RMSE Eb: 0.907
RMSE Rch: 0.007
MAPE Eb: 0.584
MAPE Rch: 0.207
--------------------------------------------------
**************************************************
Z=8, N=16, emax=6
RMSE Eb: 0.762
RMSE Rch: 0.009
MAPE Eb: 0.552
MAPE Rch: 0.258
--------------------------------------------------
**************************************************
Z=8, N=16, emax=10
RMSE Eb: 1.108
RMSE Rch: 0.011
MAPE Eb: 0.695
MAPE Rch: 0.313
--------------------------------------------------
