Activated conda environment
[DataLoader] Found 13 files matching the pattern.
[DataLoader] Combined data shape: (17234, 35)
[Preprocess] Data split => train: (11029, 35), val: (2758, 35), test: (3447, 35)
[Preprocess] Processed fidelity 4 (index 0): 3758 samples.
[Preprocess] Processed fidelity 6 (index 1): 3346 samples.
[Preprocess] Processed fidelity 8 (index 2): 3194 samples.
[Preprocess] Processed fidelity 10 (index 3): 731 samples.
[Preprocess] Processed fidelity 4 (index 0): 949 samples.
[Preprocess] Processed fidelity 6 (index 1): 833 samples.
[Preprocess] Processed fidelity 8 (index 2): 801 samples.
[Preprocess] Processed fidelity 10 (index 3): 175 samples.
Fidelity levels: [4, 6, 8, 10]
[Trainer] Starting BNN training...
[Trainer] No improvement. Iteration 8300. Early stopping counter: 1, LR counter: 1
[Trainer] No improvement. Iteration 8400. Early stopping counter: 2, LR counter: 2
[Trainer] No improvement. Iteration 8500. Early stopping counter: 3, LR counter: 3
[Trainer] No improvement. Iteration 8600. Early stopping counter: 4, LR counter: 4
[Trainer] No improvement. Iteration 8700. Early stopping counter: 5, LR counter: 5
[Trainer] No improvement. Iteration 8900. Early stopping counter: 1, LR counter: 1
[Trainer] No improvement. Iteration 9000. Early stopping counter: 2, LR counter: 2
[Trainer] No improvement. Iteration 9100. Early stopping counter: 3, LR counter: 3
[Trainer] No improvement. Iteration 9200. Early stopping counter: 4, LR counter: 4
[Trainer] No improvement. Iteration 9300. Early stopping counter: 5, LR counter: 5
[Trainer] No improvement. Iteration 9400. Early stopping counter: 6, LR counter: 6
[Trainer] No improvement. Iteration 9500. Early stopping counter: 7, LR counter: 7
[Trainer] No improvement. Iteration 9600. Early stopping counter: 8, LR counter: 8
[Trainer] No improvement. Iteration 9700. Early stopping counter: 9, LR counter: 9
[Trainer] No improvement. Iteration 9800. Early stopping counter: 10, LR counter: 10
[Trainer] No improvement. Iteration 9900. Early stopping counter: 11, LR counter: 11
[Trainer] No improvement. Iteration 10000. Early stopping counter: 12, LR counter: 12
[Trainer] No improvement. Iteration 10100. Early stopping counter: 13, LR counter: 13
[Trainer] No improvement. Iteration 10200. Early stopping counter: 14, LR counter: 14
[Trainer] No improvement. Iteration 10300. Early stopping counter: 15, LR counter: 15
[Trainer] No improvement. Iteration 10400. Early stopping counter: 16, LR counter: 16
[Trainer] No improvement. Iteration 10500. Early stopping counter: 17, LR counter: 17
[Trainer] No improvement. Iteration 10600. Early stopping counter: 18, LR counter: 18
[Trainer] No improvement. Iteration 10700. Early stopping counter: 19, LR counter: 19
[Trainer] No improvement. Iteration 10800. Early stopping counter: 20, LR counter: 20
[Trainer] No improvement. Iteration 10900. Early stopping counter: 21, LR counter: 21
[Trainer] No improvement. Iteration 11000. Early stopping counter: 22, LR counter: 22
[Trainer] No improvement. Iteration 11100. Early stopping counter: 23, LR counter: 23
[Trainer] No improvement. Iteration 11200. Early stopping counter: 24, LR counter: 24
[Trainer] No improvement. Iteration 11300. Early stopping counter: 25, LR counter: 25
[Trainer] Learning rate reduced to: 0.000010
[Trainer] No improvement. Iteration 11400. Early stopping counter: 26, LR counter: 1
[Trainer] No improvement. Iteration 11500. Early stopping counter: 27, LR counter: 2
[Trainer] No improvement. Iteration 11600. Early stopping counter: 28, LR counter: 3
[Trainer] No improvement. Iteration 11700. Early stopping counter: 29, LR counter: 4
[Trainer] No improvement. Iteration 11800. Early stopping counter: 30, LR counter: 5
[Trainer] No improvement. Iteration 11900. Early stopping counter: 31, LR counter: 6
[Trainer] No improvement. Iteration 12000. Early stopping counter: 32, LR counter: 7
[Trainer] No improvement. Iteration 12100. Early stopping counter: 33, LR counter: 8
[Trainer] No improvement. Iteration 12200. Early stopping counter: 34, LR counter: 9
[Trainer] No improvement. Iteration 12300. Early stopping counter: 35, LR counter: 10
[Trainer] No improvement. Iteration 12400. Early stopping counter: 36, LR counter: 11
[Trainer] No improvement. Iteration 12500. Early stopping counter: 37, LR counter: 12
[Trainer] No improvement. Iteration 12600. Early stopping counter: 38, LR counter: 13
[Trainer] No improvement. Iteration 12700. Early stopping counter: 39, LR counter: 14
[Trainer] No improvement. Iteration 12800. Early stopping counter: 40, LR counter: 15
[Trainer] No improvement. Iteration 12900. Early stopping counter: 41, LR counter: 16
[Trainer] No improvement. Iteration 13000. Early stopping counter: 42, LR counter: 17
[Trainer] No improvement. Iteration 13100. Early stopping counter: 43, LR counter: 18
[Trainer] No improvement. Iteration 13200. Early stopping counter: 44, LR counter: 19
[Trainer] No improvement. Iteration 13300. Early stopping counter: 45, LR counter: 20
[Trainer] No improvement. Iteration 13400. Early stopping counter: 46, LR counter: 21
[Trainer] No improvement. Iteration 13500. Early stopping counter: 47, LR counter: 22
[Trainer] No improvement. Iteration 13600. Early stopping counter: 48, LR counter: 23
[Trainer] No improvement. Iteration 13700. Early stopping counter: 49, LR counter: 24
[Trainer] No improvement. Iteration 13800. Early stopping counter: 50, LR counter: 25
[Trainer] Learning rate reduced to: 0.000001
[Trainer] Early stopping triggered.
[Trainer] Training completed.
[Trainer] Calibrating temperatures on validation set...
[Trainer] Temperature calibration finished. Calibrated temperatures: {4: 1.2710925340652466, 6: 1.2097153663635254, 8: 1.4212580919265747, 10: 1.6735539436340332}
[Trainer] BNN training completed.
**************************************************
Z=8, N=4, emax=4
RMSE Eb: 0.795
RMSE Rch: 0.012
MAPE Eb: 2.406
MAPE Rch: 0.575
--------------------------------------------------
**************************************************
Z=8, N=4, emax=10
RMSE Eb: 1.795
RMSE Rch: 0.035
MAPE Eb: 2.641
MAPE Rch: 1.828
--------------------------------------------------
**************************************************
Z=8, N=4, emax=6
RMSE Eb: 0.905
RMSE Rch: 0.014
MAPE Eb: 1.667
MAPE Rch: 0.671
--------------------------------------------------
**************************************************
Z=8, N=4, emax=8
RMSE Eb: 0.924
RMSE Rch: 0.012
MAPE Eb: 1.449
MAPE Rch: 0.636
--------------------------------------------------
**************************************************
Z=8, N=5, emax=8
RMSE Eb: 0.897
RMSE Rch: 0.013
MAPE Eb: 1.097
MAPE Rch: 0.572
--------------------------------------------------
**************************************************
Z=8, N=5, emax=6
RMSE Eb: 0.784
RMSE Rch: 0.010
MAPE Eb: 1.119
MAPE Rch: 0.510
--------------------------------------------------
**************************************************
Z=8, N=5, emax=4
RMSE Eb: 0.684
RMSE Rch: 0.011
MAPE Eb: 1.320
MAPE Rch: 0.537
--------------------------------------------------
**************************************************
Z=8, N=5, emax=10
RMSE Eb: 1.022
RMSE Rch: 0.013
MAPE Eb: 1.368
MAPE Rch: 0.706
--------------------------------------------------
**************************************************
Z=8, N=6, emax=4
RMSE Eb: 0.781
RMSE Rch: 0.008
MAPE Eb: 1.096
MAPE Rch: 0.411
--------------------------------------------------
**************************************************
Z=8, N=6, emax=6
RMSE Eb: 0.865
RMSE Rch: 0.010
MAPE Eb: 0.902
MAPE Rch: 0.479
--------------------------------------------------
**************************************************
Z=8, N=6, emax=8
RMSE Eb: 1.000
RMSE Rch: 0.016
MAPE Eb: 0.943
MAPE Rch: 0.753
--------------------------------------------------
**************************************************
Z=8, N=6, emax=10
RMSE Eb: 1.381
RMSE Rch: 0.017
MAPE Eb: 1.150
MAPE Rch: 0.741
--------------------------------------------------
**************************************************
Z=8, N=7, emax=8
RMSE Eb: 1.026
RMSE Rch: 0.016
MAPE Eb: 0.904
MAPE Rch: 0.829
--------------------------------------------------
**************************************************
Z=8, N=7, emax=10
RMSE Eb: 1.127
RMSE Rch: 0.025
MAPE Eb: 0.874
MAPE Rch: 1.472
--------------------------------------------------
**************************************************
Z=8, N=7, emax=6
RMSE Eb: 0.911
RMSE Rch: 0.014
MAPE Eb: 0.858
MAPE Rch: 0.686
--------------------------------------------------
**************************************************
Z=8, N=7, emax=4
RMSE Eb: 0.747
RMSE Rch: 0.012
MAPE Eb: 0.871
MAPE Rch: 0.630
--------------------------------------------------
**************************************************
Z=8, N=8, emax=4
RMSE Eb: 0.820
RMSE Rch: 0.010
MAPE Eb: 0.939
MAPE Rch: 0.268
--------------------------------------------------
**************************************************
Z=8, N=8, emax=8
RMSE Eb: 0.693
RMSE Rch: 0.012
MAPE Eb: 0.523
MAPE Rch: 0.325
--------------------------------------------------
**************************************************
Z=8, N=8, emax=6
RMSE Eb: 0.727
RMSE Rch: 0.008
MAPE Eb: 0.576
MAPE Rch: 0.210
--------------------------------------------------
**************************************************
Z=8, N=8, emax=10
RMSE Eb: 1.539
RMSE Rch: 0.020
MAPE Eb: 0.979
MAPE Rch: 0.561
--------------------------------------------------
**************************************************
Z=8, N=9, emax=8
RMSE Eb: 0.595
RMSE Rch: 0.006
MAPE Eb: 0.435
MAPE Rch: 0.164
--------------------------------------------------
**************************************************
Z=8, N=9, emax=6
RMSE Eb: 0.399
RMSE Rch: 0.007
MAPE Eb: 0.338
MAPE Rch: 0.191
--------------------------------------------------
**************************************************
Z=8, N=9, emax=4
RMSE Eb: 0.876
RMSE Rch: 0.011
MAPE Eb: 1.021
MAPE Rch: 0.320
--------------------------------------------------
**************************************************
Z=8, N=9, emax=10
RMSE Eb: 0.600
RMSE Rch: 0.011
MAPE Eb: 0.413
MAPE Rch: 0.344
--------------------------------------------------
**************************************************
Z=8, N=10, emax=4
RMSE Eb: 0.840
RMSE Rch: 0.012
MAPE Eb: 0.971
MAPE Rch: 0.371
--------------------------------------------------
**************************************************
Z=8, N=10, emax=10
RMSE Eb: 1.202
RMSE Rch: 0.010
MAPE Eb: 0.702
MAPE Rch: 0.202
--------------------------------------------------
**************************************************
Z=8, N=10, emax=6
RMSE Eb: 0.552
RMSE Rch: 0.008
MAPE Eb: 0.456
MAPE Rch: 0.239
--------------------------------------------------
**************************************************
Z=8, N=10, emax=8
RMSE Eb: 0.530
RMSE Rch: 0.007
MAPE Eb: 0.356
MAPE Rch: 0.210
--------------------------------------------------
**************************************************
Z=8, N=11, emax=4
RMSE Eb: 1.037
RMSE Rch: 0.013
MAPE Eb: 1.274
MAPE Rch: 0.389
--------------------------------------------------
**************************************************
Z=8, N=11, emax=6
RMSE Eb: 0.501
RMSE Rch: 0.006
MAPE Eb: 0.355
MAPE Rch: 0.182
--------------------------------------------------
**************************************************
Z=8, N=11, emax=8
RMSE Eb: 0.549
RMSE Rch: 0.006
MAPE Eb: 0.355
MAPE Rch: 0.163
--------------------------------------------------
**************************************************
Z=8, N=11, emax=10
RMSE Eb: 0.557
RMSE Rch: 0.008
MAPE Eb: 0.366
MAPE Rch: 0.215
--------------------------------------------------
**************************************************
Z=8, N=12, emax=6
RMSE Eb: 0.587
RMSE Rch: 0.006
MAPE Eb: 0.449
MAPE Rch: 0.154
--------------------------------------------------
**************************************************
Z=8, N=12, emax=4
RMSE Eb: 0.986
RMSE Rch: 0.009
MAPE Eb: 1.144
MAPE Rch: 0.256
--------------------------------------------------
**************************************************
Z=8, N=12, emax=8
RMSE Eb: 0.510
RMSE Rch: 0.008
MAPE Eb: 0.352
MAPE Rch: 0.210
--------------------------------------------------
**************************************************
Z=8, N=12, emax=10
RMSE Eb: 0.856
RMSE Rch: 0.009
MAPE Eb: 0.580
MAPE Rch: 0.300
--------------------------------------------------
**************************************************
Z=8, N=13, emax=8
RMSE Eb: 0.460
RMSE Rch: 0.007
MAPE Eb: 0.291
MAPE Rch: 0.208
--------------------------------------------------
**************************************************
Z=8, N=13, emax=4
RMSE Eb: 1.225
RMSE Rch: 0.008
MAPE Eb: 1.435
MAPE Rch: 0.253
--------------------------------------------------
**************************************************
Z=8, N=13, emax=10
RMSE Eb: 0.624
RMSE Rch: 0.012
MAPE Eb: 0.399
MAPE Rch: 0.371
--------------------------------------------------
**************************************************
Z=8, N=13, emax=6
RMSE Eb: 0.653
RMSE Rch: 0.006
MAPE Eb: 0.545
MAPE Rch: 0.156
--------------------------------------------------
**************************************************
Z=8, N=14, emax=8
RMSE Eb: 0.592
RMSE Rch: 0.012
MAPE Eb: 0.391
MAPE Rch: 0.274
--------------------------------------------------
**************************************************
Z=8, N=14, emax=4
RMSE Eb: 1.242
RMSE Rch: 0.010
MAPE Eb: 1.451
MAPE Rch: 0.279
--------------------------------------------------
**************************************************
Z=8, N=14, emax=6
RMSE Eb: 0.650
RMSE Rch: 0.006
MAPE Eb: 0.504
MAPE Rch: 0.168
--------------------------------------------------
**************************************************
Z=8, N=14, emax=10
RMSE Eb: 0.576
RMSE Rch: 0.009
MAPE Eb: 0.395
MAPE Rch: 0.236
--------------------------------------------------
**************************************************
Z=8, N=15, emax=8
RMSE Eb: 0.652
RMSE Rch: 0.007
MAPE Eb: 0.391
MAPE Rch: 0.186
--------------------------------------------------
**************************************************
Z=8, N=15, emax=4
RMSE Eb: 1.249
RMSE Rch: 0.008
MAPE Eb: 1.444
MAPE Rch: 0.247
--------------------------------------------------
**************************************************
Z=8, N=15, emax=6
RMSE Eb: 0.815
RMSE Rch: 0.006
MAPE Eb: 0.643
MAPE Rch: 0.174
--------------------------------------------------
**************************************************
Z=8, N=15, emax=10
RMSE Eb: 0.739
RMSE Rch: 0.015
MAPE Eb: 0.426
MAPE Rch: 0.395
--------------------------------------------------
**************************************************
Z=8, N=16, emax=8
RMSE Eb: 0.723
RMSE Rch: 0.009
MAPE Eb: 0.450
MAPE Rch: 0.245
--------------------------------------------------
**************************************************
Z=8, N=16, emax=6
RMSE Eb: 0.555
RMSE Rch: 0.006
MAPE Eb: 0.391
MAPE Rch: 0.173
--------------------------------------------------
**************************************************
Z=8, N=16, emax=10
RMSE Eb: 1.240
RMSE Rch: 0.010
MAPE Eb: 0.725
MAPE Rch: 0.314
--------------------------------------------------
**************************************************
Z=8, N=16, emax=4
RMSE Eb: 1.280
RMSE Rch: 0.008
MAPE Eb: 1.477
MAPE Rch: 0.207
--------------------------------------------------
Finished VAL for AE n=684
**************************************************
Z=8, N=4, emax=6
RMSE Eb: 0.940
RMSE Rch: 0.013
MAPE Eb: 1.640
MAPE Rch: 0.616
--------------------------------------------------
**************************************************
Z=8, N=4, emax=8
RMSE Eb: 1.039
RMSE Rch: 0.019
MAPE Eb: 1.711
MAPE Rch: 0.910
--------------------------------------------------
**************************************************
Z=8, N=4, emax=4
RMSE Eb: 0.598
RMSE Rch: 0.012
MAPE Eb: 1.687
MAPE Rch: 0.584
--------------------------------------------------
**************************************************
Z=8, N=4, emax=10
RMSE Eb: 1.358
RMSE Rch: 0.028
MAPE Eb: 1.876
MAPE Rch: 1.486
--------------------------------------------------
**************************************************
Z=8, N=5, emax=4
RMSE Eb: 0.708
RMSE Rch: 0.010
MAPE Eb: 1.417
MAPE Rch: 0.495
--------------------------------------------------
**************************************************
Z=8, N=5, emax=8
RMSE Eb: 0.912
RMSE Rch: 0.014
MAPE Eb: 1.147
MAPE Rch: 0.742
--------------------------------------------------
**************************************************
Z=8, N=5, emax=6
RMSE Eb: 0.793
RMSE Rch: 0.012
MAPE Eb: 1.118
MAPE Rch: 0.597
--------------------------------------------------
**************************************************
Z=8, N=5, emax=10
RMSE Eb: 1.688
RMSE Rch: 0.027
MAPE Eb: 2.202
MAPE Rch: 1.554
--------------------------------------------------
**************************************************
Z=8, N=6, emax=4
RMSE Eb: 0.784
RMSE Rch: 0.010
MAPE Eb: 1.081
MAPE Rch: 0.457
--------------------------------------------------
**************************************************
Z=8, N=6, emax=8
RMSE Eb: 1.174
RMSE Rch: 0.015
MAPE Eb: 1.099
MAPE Rch: 0.735
--------------------------------------------------
**************************************************
Z=8, N=6, emax=6
RMSE Eb: 0.868
RMSE Rch: 0.011
MAPE Eb: 0.962
MAPE Rch: 0.521
--------------------------------------------------
**************************************************
Z=8, N=6, emax=10
RMSE Eb: 1.062
RMSE Rch: 0.012
MAPE Eb: 0.979
MAPE Rch: 0.693
--------------------------------------------------
**************************************************
Z=8, N=7, emax=4
RMSE Eb: 0.685
RMSE Rch: 0.012
MAPE Eb: 0.805
MAPE Rch: 0.582
--------------------------------------------------
**************************************************
Z=8, N=7, emax=8
RMSE Eb: 1.038
RMSE Rch: 0.015
MAPE Eb: 0.876
MAPE Rch: 0.831
--------------------------------------------------
**************************************************
Z=8, N=7, emax=6
RMSE Eb: 0.854
RMSE Rch: 0.013
MAPE Eb: 0.819
MAPE Rch: 0.678
--------------------------------------------------
**************************************************
Z=8, N=7, emax=10
RMSE Eb: 1.109
RMSE Rch: 0.024
MAPE Eb: 0.959
MAPE Rch: 1.295
--------------------------------------------------
**************************************************
Z=8, N=8, emax=4
RMSE Eb: 0.698
RMSE Rch: 0.010
MAPE Eb: 0.725
MAPE Rch: 0.287
--------------------------------------------------
**************************************************
Z=8, N=8, emax=6
RMSE Eb: 0.661
RMSE Rch: 0.009
MAPE Eb: 0.529
MAPE Rch: 0.248
--------------------------------------------------
**************************************************
Z=8, N=8, emax=8
RMSE Eb: 0.674
RMSE Rch: 0.014
MAPE Eb: 0.495
MAPE Rch: 0.391
--------------------------------------------------
**************************************************
Z=8, N=8, emax=10
RMSE Eb: 1.264
RMSE Rch: 0.023
MAPE Eb: 0.850
MAPE Rch: 0.714
--------------------------------------------------
**************************************************
Z=8, N=9, emax=4
RMSE Eb: 0.891
RMSE Rch: 0.010
MAPE Eb: 1.080
MAPE Rch: 0.287
--------------------------------------------------
**************************************************
Z=8, N=9, emax=8
RMSE Eb: 0.520
RMSE Rch: 0.007
MAPE Eb: 0.373
MAPE Rch: 0.217
--------------------------------------------------
**************************************************
Z=8, N=9, emax=6
RMSE Eb: 0.542
RMSE Rch: 0.007
MAPE Eb: 0.467
MAPE Rch: 0.207
--------------------------------------------------
**************************************************
Z=8, N=9, emax=10
RMSE Eb: 1.054
RMSE Rch: 0.008
MAPE Eb: 0.669
MAPE Rch: 0.253
--------------------------------------------------
**************************************************
Z=8, N=10, emax=4
RMSE Eb: 0.836
RMSE Rch: 0.011
MAPE Eb: 0.939
MAPE Rch: 0.346
--------------------------------------------------
**************************************************
Z=8, N=10, emax=6
RMSE Eb: 0.533
RMSE Rch: 0.008
MAPE Eb: 0.414
MAPE Rch: 0.237
--------------------------------------------------
**************************************************
Z=8, N=10, emax=8
RMSE Eb: 0.507
RMSE Rch: 0.006
MAPE Eb: 0.388
MAPE Rch: 0.181
--------------------------------------------------
**************************************************
Z=8, N=10, emax=10
RMSE Eb: 0.902
RMSE Rch: 0.005
MAPE Eb: 0.589
MAPE Rch: 0.149
--------------------------------------------------
**************************************************
Z=8, N=11, emax=8
RMSE Eb: 0.569
RMSE Rch: 0.007
MAPE Eb: 0.382
MAPE Rch: 0.194
--------------------------------------------------
**************************************************
Z=8, N=11, emax=4
RMSE Eb: 0.988
RMSE Rch: 0.013
MAPE Eb: 1.213
MAPE Rch: 0.407
--------------------------------------------------
**************************************************
Z=8, N=11, emax=6
RMSE Eb: 0.547
RMSE Rch: 0.005
MAPE Eb: 0.444
MAPE Rch: 0.145
--------------------------------------------------
**************************************************
Z=8, N=11, emax=10
RMSE Eb: 0.915
RMSE Rch: 0.007
MAPE Eb: 0.604
MAPE Rch: 0.203
--------------------------------------------------
**************************************************
Z=8, N=12, emax=6
RMSE Eb: 0.591
RMSE Rch: 0.005
MAPE Eb: 0.442
MAPE Rch: 0.139
--------------------------------------------------
**************************************************
Z=8, N=12, emax=8
RMSE Eb: 0.530
RMSE Rch: 0.007
MAPE Eb: 0.359
MAPE Rch: 0.197
--------------------------------------------------
**************************************************
Z=8, N=12, emax=4
RMSE Eb: 1.089
RMSE Rch: 0.008
MAPE Eb: 1.256
MAPE Rch: 0.220
--------------------------------------------------
**************************************************
Z=8, N=12, emax=10
RMSE Eb: 0.808
RMSE Rch: 0.010
MAPE Eb: 0.515
MAPE Rch: 0.297
--------------------------------------------------
**************************************************
Z=8, N=13, emax=8
RMSE Eb: 0.444
RMSE Rch: 0.006
MAPE Eb: 0.296
MAPE Rch: 0.179
--------------------------------------------------
**************************************************
Z=8, N=13, emax=4
RMSE Eb: 1.121
RMSE Rch: 0.008
MAPE Eb: 1.342
MAPE Rch: 0.222
--------------------------------------------------
**************************************************
Z=8, N=13, emax=6
RMSE Eb: 0.592
RMSE Rch: 0.005
MAPE Eb: 0.462
MAPE Rch: 0.151
--------------------------------------------------
**************************************************
Z=8, N=13, emax=10
RMSE Eb: 0.519
RMSE Rch: 0.009
MAPE Eb: 0.359
MAPE Rch: 0.253
--------------------------------------------------
**************************************************
Z=8, N=14, emax=6
RMSE Eb: 0.655
RMSE Rch: 0.006
MAPE Eb: 0.474
MAPE Rch: 0.139
--------------------------------------------------
**************************************************
Z=8, N=14, emax=10
RMSE Eb: 0.700
RMSE Rch: 0.012
MAPE Eb: 0.387
MAPE Rch: 0.356
--------------------------------------------------
**************************************************
Z=8, N=14, emax=4
RMSE Eb: 1.236
RMSE Rch: 0.009
MAPE Eb: 1.471
MAPE Rch: 0.268
--------------------------------------------------
**************************************************
Z=8, N=14, emax=8
RMSE Eb: 0.626
RMSE Rch: 0.009
MAPE Eb: 0.410
MAPE Rch: 0.231
--------------------------------------------------
**************************************************
Z=8, N=15, emax=8
RMSE Eb: 0.555
RMSE Rch: 0.007
MAPE Eb: 0.355
MAPE Rch: 0.191
--------------------------------------------------
**************************************************
Z=8, N=15, emax=6
RMSE Eb: 0.756
RMSE Rch: 0.006
MAPE Eb: 0.583
MAPE Rch: 0.173
--------------------------------------------------
**************************************************
Z=8, N=15, emax=4
RMSE Eb: 1.387
RMSE Rch: 0.008
MAPE Eb: 1.655
MAPE Rch: 0.223
--------------------------------------------------
**************************************************
Z=8, N=15, emax=10
RMSE Eb: 0.662
RMSE Rch: 0.009
MAPE Eb: 0.391
MAPE Rch: 0.262
--------------------------------------------------
**************************************************
Z=8, N=16, emax=4
RMSE Eb: 1.296
RMSE Rch: 0.007
MAPE Eb: 1.445
MAPE Rch: 0.204
--------------------------------------------------
**************************************************
Z=8, N=16, emax=8
RMSE Eb: 0.755
RMSE Rch: 0.007
MAPE Eb: 0.423
MAPE Rch: 0.212
--------------------------------------------------
**************************************************
Z=8, N=16, emax=6
RMSE Eb: 0.567
RMSE Rch: 0.006
MAPE Eb: 0.398
MAPE Rch: 0.174
--------------------------------------------------
**************************************************
Z=8, N=16, emax=10
RMSE Eb: 0.961
RMSE Rch: 0.013
MAPE Eb: 0.539
MAPE Rch: 0.383
--------------------------------------------------
