Activated conda environment
[DataLoader] Found 13 files matching the pattern.
[DataLoader] Combined data shape: (17234, 35)
[Preprocess] Data split => train: (11029, 35), val: (2758, 35), test: (3447, 35)
[Preprocess] Processed fidelity 4 (index 0): 3758 samples.
[Preprocess] Processed fidelity 6 (index 1): 3346 samples.
[Preprocess] Processed fidelity 8 (index 2): 3194 samples.
[Preprocess] Processed fidelity 10 (index 3): 731 samples.
[Preprocess] Processed fidelity 4 (index 0): 949 samples.
[Preprocess] Processed fidelity 6 (index 1): 833 samples.
[Preprocess] Processed fidelity 8 (index 2): 801 samples.
[Preprocess] Processed fidelity 10 (index 3): 175 samples.
Fidelity levels: [4, 6, 8, 10]
[Trainer] Starting BNN training...
[Trainer] No improvement. Iteration 8600. Early stopping counter: 1, LR counter: 1
[Trainer] No improvement. Iteration 8900. Early stopping counter: 1, LR counter: 1
[Trainer] No improvement. Iteration 9000. Early stopping counter: 2, LR counter: 2
[Trainer] No improvement. Iteration 9100. Early stopping counter: 3, LR counter: 3
[Trainer] No improvement. Iteration 9200. Early stopping counter: 4, LR counter: 4
[Trainer] No improvement. Iteration 9300. Early stopping counter: 5, LR counter: 5
[Trainer] No improvement. Iteration 9400. Early stopping counter: 6, LR counter: 6
[Trainer] No improvement. Iteration 9500. Early stopping counter: 7, LR counter: 7
[Trainer] No improvement. Iteration 9600. Early stopping counter: 8, LR counter: 8
[Trainer] No improvement. Iteration 9700. Early stopping counter: 9, LR counter: 9
[Trainer] No improvement. Iteration 9800. Early stopping counter: 10, LR counter: 10
[Trainer] No improvement. Iteration 9900. Early stopping counter: 11, LR counter: 11
[Trainer] No improvement. Iteration 10000. Early stopping counter: 12, LR counter: 12
[Trainer] No improvement. Iteration 10100. Early stopping counter: 13, LR counter: 13
[Trainer] No improvement. Iteration 10200. Early stopping counter: 14, LR counter: 14
[Trainer] No improvement. Iteration 10300. Early stopping counter: 15, LR counter: 15
[Trainer] No improvement. Iteration 10400. Early stopping counter: 16, LR counter: 16
[Trainer] No improvement. Iteration 10500. Early stopping counter: 17, LR counter: 17
[Trainer] No improvement. Iteration 10600. Early stopping counter: 18, LR counter: 18
[Trainer] No improvement. Iteration 10700. Early stopping counter: 19, LR counter: 19
[Trainer] No improvement. Iteration 10800. Early stopping counter: 20, LR counter: 20
[Trainer] No improvement. Iteration 10900. Early stopping counter: 21, LR counter: 21
[Trainer] No improvement. Iteration 11000. Early stopping counter: 22, LR counter: 22
[Trainer] No improvement. Iteration 11100. Early stopping counter: 23, LR counter: 23
[Trainer] No improvement. Iteration 11200. Early stopping counter: 24, LR counter: 24
[Trainer] No improvement. Iteration 11300. Early stopping counter: 25, LR counter: 25
[Trainer] Learning rate reduced to: 0.000010
[Trainer] No improvement. Iteration 11400. Early stopping counter: 26, LR counter: 1
[Trainer] No improvement. Iteration 11500. Early stopping counter: 27, LR counter: 2
[Trainer] No improvement. Iteration 11600. Early stopping counter: 28, LR counter: 3
[Trainer] No improvement. Iteration 11700. Early stopping counter: 29, LR counter: 4
[Trainer] No improvement. Iteration 11800. Early stopping counter: 30, LR counter: 5
[Trainer] No improvement. Iteration 11900. Early stopping counter: 31, LR counter: 6
[Trainer] No improvement. Iteration 12000. Early stopping counter: 32, LR counter: 7
[Trainer] No improvement. Iteration 12100. Early stopping counter: 33, LR counter: 8
[Trainer] No improvement. Iteration 12200. Early stopping counter: 34, LR counter: 9
[Trainer] No improvement. Iteration 12300. Early stopping counter: 35, LR counter: 10
[Trainer] No improvement. Iteration 12400. Early stopping counter: 36, LR counter: 11
[Trainer] No improvement. Iteration 12500. Early stopping counter: 37, LR counter: 12
[Trainer] No improvement. Iteration 12600. Early stopping counter: 38, LR counter: 13
[Trainer] No improvement. Iteration 12700. Early stopping counter: 39, LR counter: 14
[Trainer] No improvement. Iteration 12800. Early stopping counter: 40, LR counter: 15
[Trainer] No improvement. Iteration 12900. Early stopping counter: 41, LR counter: 16
[Trainer] No improvement. Iteration 13000. Early stopping counter: 42, LR counter: 17
[Trainer] No improvement. Iteration 13100. Early stopping counter: 43, LR counter: 18
[Trainer] No improvement. Iteration 13200. Early stopping counter: 44, LR counter: 19
[Trainer] No improvement. Iteration 13300. Early stopping counter: 45, LR counter: 20
[Trainer] No improvement. Iteration 13400. Early stopping counter: 46, LR counter: 21
[Trainer] No improvement. Iteration 13500. Early stopping counter: 47, LR counter: 22
[Trainer] No improvement. Iteration 13600. Early stopping counter: 48, LR counter: 23
[Trainer] No improvement. Iteration 13700. Early stopping counter: 49, LR counter: 24
[Trainer] No improvement. Iteration 13800. Early stopping counter: 50, LR counter: 25
[Trainer] Learning rate reduced to: 0.000001
[Trainer] Early stopping triggered.
[Trainer] Training completed.
[Trainer] Calibrating temperatures on validation set...
[Trainer] Temperature calibration finished. Calibrated temperatures: {4: 1.1004424095153809, 6: 1.0454996824264526, 8: 1.147962212562561, 10: 1.4076277017593384}
[Trainer] BNN training completed.
**************************************************
Z=8, N=4, emax=4
RMSE Eb: 0.819
RMSE Rch: 0.008
MAPE Eb: 2.268
MAPE Rch: 0.325
--------------------------------------------------
**************************************************
Z=8, N=4, emax=10
RMSE Eb: 1.177
RMSE Rch: 0.053
MAPE Eb: 1.755
MAPE Rch: 2.260
--------------------------------------------------
**************************************************
Z=8, N=4, emax=6
RMSE Eb: 0.652
RMSE Rch: 0.015
MAPE Eb: 1.298
MAPE Rch: 0.671
--------------------------------------------------
**************************************************
Z=8, N=4, emax=8
RMSE Eb: 0.758
RMSE Rch: 0.021
MAPE Eb: 1.280
MAPE Rch: 1.035
--------------------------------------------------
**************************************************
Z=8, N=5, emax=8
RMSE Eb: 0.741
RMSE Rch: 0.013
MAPE Eb: 0.937
MAPE Rch: 0.669
--------------------------------------------------
**************************************************
Z=8, N=5, emax=6
RMSE Eb: 0.696
RMSE Rch: 0.010
MAPE Eb: 0.985
MAPE Rch: 0.441
--------------------------------------------------
**************************************************
Z=8, N=5, emax=4
RMSE Eb: 0.800
RMSE Rch: 0.009
MAPE Eb: 1.585
MAPE Rch: 0.379
--------------------------------------------------
**************************************************
Z=8, N=5, emax=10
RMSE Eb: 0.645
RMSE Rch: 0.017
MAPE Eb: 0.807
MAPE Rch: 0.965
--------------------------------------------------
**************************************************
Z=8, N=6, emax=4
RMSE Eb: 0.709
RMSE Rch: 0.010
MAPE Eb: 1.060
MAPE Rch: 0.467
--------------------------------------------------
**************************************************
Z=8, N=6, emax=6
RMSE Eb: 0.835
RMSE Rch: 0.012
MAPE Eb: 0.891
MAPE Rch: 0.549
--------------------------------------------------
**************************************************
Z=8, N=6, emax=8
RMSE Eb: 1.006
RMSE Rch: 0.014
MAPE Eb: 0.973
MAPE Rch: 0.708
--------------------------------------------------
**************************************************
Z=8, N=6, emax=10
RMSE Eb: 1.474
RMSE Rch: 0.013
MAPE Eb: 1.381
MAPE Rch: 0.688
--------------------------------------------------
**************************************************
Z=8, N=7, emax=8
RMSE Eb: 0.819
RMSE Rch: 0.011
MAPE Eb: 0.684
MAPE Rch: 0.555
--------------------------------------------------
**************************************************
Z=8, N=7, emax=10
RMSE Eb: 1.576
RMSE Rch: 0.018
MAPE Eb: 1.312
MAPE Rch: 1.039
--------------------------------------------------
**************************************************
Z=8, N=7, emax=6
RMSE Eb: 0.744
RMSE Rch: 0.011
MAPE Eb: 0.755
MAPE Rch: 0.532
--------------------------------------------------
**************************************************
Z=8, N=7, emax=4
RMSE Eb: 0.894
RMSE Rch: 0.010
MAPE Eb: 1.114
MAPE Rch: 0.484
--------------------------------------------------
**************************************************
Z=8, N=8, emax=4
RMSE Eb: 1.100
RMSE Rch: 0.010
MAPE Eb: 1.173
MAPE Rch: 0.272
--------------------------------------------------
**************************************************
Z=8, N=8, emax=8
RMSE Eb: 1.242
RMSE Rch: 0.012
MAPE Eb: 1.017
MAPE Rch: 0.346
--------------------------------------------------
**************************************************
Z=8, N=8, emax=6
RMSE Eb: 0.729
RMSE Rch: 0.008
MAPE Eb: 0.610
MAPE Rch: 0.235
--------------------------------------------------
**************************************************
Z=8, N=8, emax=10
RMSE Eb: 1.767
RMSE Rch: 0.009
MAPE Eb: 1.370
MAPE Rch: 0.247
--------------------------------------------------
**************************************************
Z=8, N=9, emax=8
RMSE Eb: 0.829
RMSE Rch: 0.009
MAPE Eb: 0.587
MAPE Rch: 0.253
--------------------------------------------------
**************************************************
Z=8, N=9, emax=6
RMSE Eb: 0.765
RMSE Rch: 0.008
MAPE Eb: 0.656
MAPE Rch: 0.220
--------------------------------------------------
**************************************************
Z=8, N=9, emax=4
RMSE Eb: 1.286
RMSE Rch: 0.011
MAPE Eb: 1.386
MAPE Rch: 0.306
--------------------------------------------------
**************************************************
Z=8, N=9, emax=10
RMSE Eb: 1.229
RMSE Rch: 0.014
MAPE Eb: 0.911
MAPE Rch: 0.478
--------------------------------------------------
**************************************************
Z=8, N=10, emax=4
RMSE Eb: 1.006
RMSE Rch: 0.009
MAPE Eb: 1.028
MAPE Rch: 0.231
--------------------------------------------------
**************************************************
Z=8, N=10, emax=10
RMSE Eb: 1.022
RMSE Rch: 0.006
MAPE Eb: 0.668
MAPE Rch: 0.162
--------------------------------------------------
**************************************************
Z=8, N=10, emax=6
RMSE Eb: 0.766
RMSE Rch: 0.009
MAPE Eb: 0.587
MAPE Rch: 0.250
--------------------------------------------------
**************************************************
Z=8, N=10, emax=8
RMSE Eb: 1.011
RMSE Rch: 0.007
MAPE Eb: 0.706
MAPE Rch: 0.196
--------------------------------------------------
**************************************************
Z=8, N=11, emax=4
RMSE Eb: 1.200
RMSE Rch: 0.006
MAPE Eb: 1.323
MAPE Rch: 0.175
--------------------------------------------------
**************************************************
Z=8, N=11, emax=6
RMSE Eb: 0.825
RMSE Rch: 0.007
MAPE Eb: 0.596
MAPE Rch: 0.206
--------------------------------------------------
**************************************************
Z=8, N=11, emax=8
RMSE Eb: 0.956
RMSE Rch: 0.006
MAPE Eb: 0.671
MAPE Rch: 0.169
--------------------------------------------------
**************************************************
Z=8, N=11, emax=10
RMSE Eb: 1.215
RMSE Rch: 0.010
MAPE Eb: 0.926
MAPE Rch: 0.329
--------------------------------------------------
**************************************************
Z=8, N=12, emax=6
RMSE Eb: 0.895
RMSE Rch: 0.007
MAPE Eb: 0.664
MAPE Rch: 0.197
--------------------------------------------------
**************************************************
Z=8, N=12, emax=4
RMSE Eb: 0.998
RMSE Rch: 0.007
MAPE Eb: 0.982
MAPE Rch: 0.194
--------------------------------------------------
**************************************************
Z=8, N=12, emax=8
RMSE Eb: 0.853
RMSE Rch: 0.007
MAPE Eb: 0.582
MAPE Rch: 0.181
--------------------------------------------------
**************************************************
Z=8, N=12, emax=10
RMSE Eb: 0.822
RMSE Rch: 0.009
MAPE Eb: 0.520
MAPE Rch: 0.248
--------------------------------------------------
**************************************************
Z=8, N=13, emax=8
RMSE Eb: 0.915
RMSE Rch: 0.008
MAPE Eb: 0.577
MAPE Rch: 0.239
--------------------------------------------------
**************************************************
Z=8, N=13, emax=4
RMSE Eb: 1.471
RMSE Rch: 0.008
MAPE Eb: 1.533
MAPE Rch: 0.202
--------------------------------------------------
**************************************************
Z=8, N=13, emax=10
RMSE Eb: 1.274
RMSE Rch: 0.010
MAPE Eb: 0.677
MAPE Rch: 0.300
--------------------------------------------------
**************************************************
Z=8, N=13, emax=6
RMSE Eb: 0.972
RMSE Rch: 0.008
MAPE Eb: 0.701
MAPE Rch: 0.191
--------------------------------------------------
**************************************************
Z=8, N=14, emax=8
RMSE Eb: 1.038
RMSE Rch: 0.013
MAPE Eb: 0.627
MAPE Rch: 0.305
--------------------------------------------------
**************************************************
Z=8, N=14, emax=4
RMSE Eb: 1.303
RMSE Rch: 0.011
MAPE Eb: 1.299
MAPE Rch: 0.306
--------------------------------------------------
**************************************************
Z=8, N=14, emax=6
RMSE Eb: 0.919
RMSE Rch: 0.006
MAPE Eb: 0.695
MAPE Rch: 0.180
--------------------------------------------------
**************************************************
Z=8, N=14, emax=10
RMSE Eb: 1.234
RMSE Rch: 0.012
MAPE Eb: 0.736
MAPE Rch: 0.368
--------------------------------------------------
**************************************************
Z=8, N=15, emax=8
RMSE Eb: 0.773
RMSE Rch: 0.013
MAPE Eb: 0.487
MAPE Rch: 0.396
--------------------------------------------------
**************************************************
Z=8, N=15, emax=4
RMSE Eb: 1.539
RMSE Rch: 0.010
MAPE Eb: 1.514
MAPE Rch: 0.280
--------------------------------------------------
**************************************************
Z=8, N=15, emax=6
RMSE Eb: 0.942
RMSE Rch: 0.007
MAPE Eb: 0.634
MAPE Rch: 0.184
--------------------------------------------------
**************************************************
Z=8, N=15, emax=10
RMSE Eb: 1.218
RMSE Rch: 0.008
MAPE Eb: 0.616
MAPE Rch: 0.250
--------------------------------------------------
**************************************************
Z=8, N=16, emax=8
RMSE Eb: 1.156
RMSE Rch: 0.011
MAPE Eb: 0.713
MAPE Rch: 0.310
--------------------------------------------------
**************************************************
Z=8, N=16, emax=6
RMSE Eb: 0.965
RMSE Rch: 0.009
MAPE Eb: 0.684
MAPE Rch: 0.242
--------------------------------------------------
**************************************************
Z=8, N=16, emax=10
RMSE Eb: 1.031
RMSE Rch: 0.008
MAPE Eb: 0.528
MAPE Rch: 0.245
--------------------------------------------------
**************************************************
Z=8, N=16, emax=4
RMSE Eb: 1.493
RMSE Rch: 0.011
MAPE Eb: 1.546
MAPE Rch: 0.308
--------------------------------------------------
Finished VAL for AE n=39
**************************************************
Z=8, N=4, emax=6
RMSE Eb: 0.628
RMSE Rch: 0.014
MAPE Eb: 1.200
MAPE Rch: 0.653
--------------------------------------------------
**************************************************
Z=8, N=4, emax=8
RMSE Eb: 0.834
RMSE Rch: 0.021
MAPE Eb: 1.442
MAPE Rch: 0.896
--------------------------------------------------
**************************************************
Z=8, N=4, emax=4
RMSE Eb: 0.782
RMSE Rch: 0.009
MAPE Eb: 2.100
MAPE Rch: 0.421
--------------------------------------------------
**************************************************
Z=8, N=4, emax=10
RMSE Eb: 0.841
RMSE Rch: 0.028
MAPE Eb: 1.293
MAPE Rch: 1.518
--------------------------------------------------
**************************************************
Z=8, N=5, emax=4
RMSE Eb: 0.847
RMSE Rch: 0.012
MAPE Eb: 1.782
MAPE Rch: 0.541
--------------------------------------------------
**************************************************
Z=8, N=5, emax=8
RMSE Eb: 0.761
RMSE Rch: 0.013
MAPE Eb: 0.971
MAPE Rch: 0.633
--------------------------------------------------
**************************************************
Z=8, N=5, emax=6
RMSE Eb: 0.868
RMSE Rch: 0.009
MAPE Eb: 1.303
MAPE Rch: 0.423
--------------------------------------------------
**************************************************
Z=8, N=5, emax=10
RMSE Eb: 1.108
RMSE Rch: 0.018
MAPE Eb: 1.340
MAPE Rch: 0.877
--------------------------------------------------
**************************************************
Z=8, N=6, emax=4
RMSE Eb: 0.740
RMSE Rch: 0.010
MAPE Eb: 1.056
MAPE Rch: 0.491
--------------------------------------------------
**************************************************
Z=8, N=6, emax=8
RMSE Eb: 1.172
RMSE Rch: 0.020
MAPE Eb: 1.087
MAPE Rch: 0.829
--------------------------------------------------
**************************************************
Z=8, N=6, emax=6
RMSE Eb: 0.938
RMSE Rch: 0.013
MAPE Eb: 1.043
MAPE Rch: 0.618
--------------------------------------------------
**************************************************
Z=8, N=6, emax=10
RMSE Eb: 1.036
RMSE Rch: 0.015
MAPE Eb: 0.994
MAPE Rch: 0.717
--------------------------------------------------
**************************************************
Z=8, N=7, emax=4
RMSE Eb: 0.839
RMSE Rch: 0.008
MAPE Eb: 0.978
MAPE Rch: 0.384
--------------------------------------------------
**************************************************
Z=8, N=7, emax=8
RMSE Eb: 0.979
RMSE Rch: 0.013
MAPE Eb: 0.790
MAPE Rch: 0.685
--------------------------------------------------
**************************************************
Z=8, N=7, emax=6
RMSE Eb: 0.974
RMSE Rch: 0.010
MAPE Eb: 0.896
MAPE Rch: 0.475
--------------------------------------------------
**************************************************
Z=8, N=7, emax=10
RMSE Eb: 1.243
RMSE Rch: 0.013
MAPE Eb: 0.968
MAPE Rch: 0.740
--------------------------------------------------
**************************************************
Z=8, N=8, emax=4
RMSE Eb: 1.287
RMSE Rch: 0.009
MAPE Eb: 1.289
MAPE Rch: 0.267
--------------------------------------------------
**************************************************
Z=8, N=8, emax=6
RMSE Eb: 0.874
RMSE Rch: 0.009
MAPE Eb: 0.685
MAPE Rch: 0.284
--------------------------------------------------
**************************************************
Z=8, N=8, emax=8
RMSE Eb: 1.024
RMSE Rch: 0.012
MAPE Eb: 0.790
MAPE Rch: 0.345
--------------------------------------------------
**************************************************
Z=8, N=8, emax=10
RMSE Eb: 1.626
RMSE Rch: 0.013
MAPE Eb: 1.198
MAPE Rch: 0.401
--------------------------------------------------
**************************************************
Z=8, N=9, emax=4
RMSE Eb: 1.042
RMSE Rch: 0.010
MAPE Eb: 1.071
MAPE Rch: 0.290
--------------------------------------------------
**************************************************
Z=8, N=9, emax=8
RMSE Eb: 0.792
RMSE Rch: 0.008
MAPE Eb: 0.605
MAPE Rch: 0.230
--------------------------------------------------
**************************************************
Z=8, N=9, emax=6
RMSE Eb: 0.728
RMSE Rch: 0.008
MAPE Eb: 0.631
MAPE Rch: 0.231
--------------------------------------------------
**************************************************
Z=8, N=9, emax=10
RMSE Eb: 0.863
RMSE Rch: 0.013
MAPE Eb: 0.640
MAPE Rch: 0.341
--------------------------------------------------
**************************************************
Z=8, N=10, emax=4
RMSE Eb: 1.170
RMSE Rch: 0.007
MAPE Eb: 1.213
MAPE Rch: 0.188
--------------------------------------------------
**************************************************
Z=8, N=10, emax=6
RMSE Eb: 0.751
RMSE Rch: 0.009
MAPE Eb: 0.577
MAPE Rch: 0.241
--------------------------------------------------
**************************************************
Z=8, N=10, emax=8
RMSE Eb: 0.884
RMSE Rch: 0.008
MAPE Eb: 0.665
MAPE Rch: 0.232
--------------------------------------------------
**************************************************
Z=8, N=10, emax=10
RMSE Eb: 0.980
RMSE Rch: 0.007
MAPE Eb: 0.572
MAPE Rch: 0.209
--------------------------------------------------
**************************************************
Z=8, N=11, emax=8
RMSE Eb: 0.946
RMSE Rch: 0.008
MAPE Eb: 0.654
MAPE Rch: 0.216
--------------------------------------------------
**************************************************
Z=8, N=11, emax=4
RMSE Eb: 1.159
RMSE Rch: 0.006
MAPE Eb: 1.259
MAPE Rch: 0.157
--------------------------------------------------
**************************************************
Z=8, N=11, emax=6
RMSE Eb: 0.844
RMSE Rch: 0.008
MAPE Eb: 0.650
MAPE Rch: 0.223
--------------------------------------------------
**************************************************
Z=8, N=11, emax=10
RMSE Eb: 1.071
RMSE Rch: 0.006
MAPE Eb: 0.691
MAPE Rch: 0.203
--------------------------------------------------
**************************************************
Z=8, N=12, emax=6
RMSE Eb: 0.759
RMSE Rch: 0.006
MAPE Eb: 0.570
MAPE Rch: 0.176
--------------------------------------------------
**************************************************
Z=8, N=12, emax=8
RMSE Eb: 0.858
RMSE Rch: 0.008
MAPE Eb: 0.561
MAPE Rch: 0.224
--------------------------------------------------
**************************************************
Z=8, N=12, emax=4
RMSE Eb: 1.111
RMSE Rch: 0.007
MAPE Eb: 1.087
MAPE Rch: 0.192
--------------------------------------------------
**************************************************
Z=8, N=12, emax=10
RMSE Eb: 1.116
RMSE Rch: 0.007
MAPE Eb: 0.772
MAPE Rch: 0.218
--------------------------------------------------
**************************************************
Z=8, N=13, emax=8
RMSE Eb: 0.819
RMSE Rch: 0.009
MAPE Eb: 0.550
MAPE Rch: 0.269
--------------------------------------------------
**************************************************
Z=8, N=13, emax=4
RMSE Eb: 1.493
RMSE Rch: 0.008
MAPE Eb: 1.524
MAPE Rch: 0.222
--------------------------------------------------
**************************************************
Z=8, N=13, emax=6
RMSE Eb: 0.910
RMSE Rch: 0.005
MAPE Eb: 0.705
MAPE Rch: 0.154
--------------------------------------------------
**************************************************
Z=8, N=13, emax=10
RMSE Eb: 1.493
RMSE Rch: 0.008
MAPE Eb: 0.946
MAPE Rch: 0.206
--------------------------------------------------
**************************************************
Z=8, N=14, emax=6
RMSE Eb: 0.848
RMSE Rch: 0.007
MAPE Eb: 0.587
MAPE Rch: 0.202
--------------------------------------------------
**************************************************
Z=8, N=14, emax=10
RMSE Eb: 1.264
RMSE Rch: 0.013
MAPE Eb: 0.716
MAPE Rch: 0.391
--------------------------------------------------
**************************************************
Z=8, N=14, emax=4
RMSE Eb: 1.087
RMSE Rch: 0.011
MAPE Eb: 1.090
MAPE Rch: 0.306
--------------------------------------------------
**************************************************
Z=8, N=14, emax=8
RMSE Eb: 1.040
RMSE Rch: 0.009
MAPE Eb: 0.644
MAPE Rch: 0.250
--------------------------------------------------
**************************************************
Z=8, N=15, emax=8
RMSE Eb: 1.005
RMSE Rch: 0.013
MAPE Eb: 0.607
MAPE Rch: 0.372
--------------------------------------------------
**************************************************
Z=8, N=15, emax=6
RMSE Eb: 0.901
RMSE Rch: 0.008
MAPE Eb: 0.637
MAPE Rch: 0.223
--------------------------------------------------
**************************************************
Z=8, N=15, emax=4
RMSE Eb: 1.248
RMSE Rch: 0.010
MAPE Eb: 1.276
MAPE Rch: 0.245
--------------------------------------------------
**************************************************
Z=8, N=15, emax=10
RMSE Eb: 1.282
RMSE Rch: 0.011
MAPE Eb: 0.802
MAPE Rch: 0.306
--------------------------------------------------
**************************************************
Z=8, N=16, emax=4
RMSE Eb: 1.585
RMSE Rch: 0.012
MAPE Eb: 1.590
MAPE Rch: 0.316
--------------------------------------------------
**************************************************
Z=8, N=16, emax=8
RMSE Eb: 1.150
RMSE Rch: 0.010
MAPE Eb: 0.689
MAPE Rch: 0.290
--------------------------------------------------
**************************************************
Z=8, N=16, emax=6
RMSE Eb: 1.057
RMSE Rch: 0.009
MAPE Eb: 0.725
MAPE Rch: 0.239
--------------------------------------------------
**************************************************
Z=8, N=16, emax=10
RMSE Eb: 1.234
RMSE Rch: 0.010
MAPE Eb: 0.712
MAPE Rch: 0.268
--------------------------------------------------
