Activated conda environment
[DataLoader] Found 13 files matching the pattern.
[DataLoader] Combined data shape: (17234, 35)
[Preprocess] Data split => train: (11029, 35), val: (2758, 35), test: (3447, 35)
[Preprocess] Processed fidelity 4 (index 0): 3758 samples.
[Preprocess] Processed fidelity 6 (index 1): 3346 samples.
[Preprocess] Processed fidelity 8 (index 2): 3194 samples.
[Preprocess] Processed fidelity 10 (index 3): 731 samples.
[Preprocess] Processed fidelity 4 (index 0): 949 samples.
[Preprocess] Processed fidelity 6 (index 1): 833 samples.
[Preprocess] Processed fidelity 8 (index 2): 801 samples.
[Preprocess] Processed fidelity 10 (index 3): 175 samples.
Fidelity levels: [4, 6, 8, 10]
[Trainer] Starting BNN training...
[Trainer] No improvement. Iteration 7100. Early stopping counter: 1, LR counter: 1
[Trainer] No improvement. Iteration 7200. Early stopping counter: 2, LR counter: 2
[Trainer] No improvement. Iteration 7300. Early stopping counter: 3, LR counter: 3
[Trainer] No improvement. Iteration 7400. Early stopping counter: 4, LR counter: 4
[Trainer] No improvement. Iteration 7800. Early stopping counter: 1, LR counter: 1
[Trainer] No improvement. Iteration 8000. Early stopping counter: 1, LR counter: 1
[Trainer] No improvement. Iteration 8400. Early stopping counter: 1, LR counter: 1
[Trainer] No improvement. Iteration 8500. Early stopping counter: 2, LR counter: 2
[Trainer] No improvement. Iteration 8600. Early stopping counter: 3, LR counter: 3
[Trainer] No improvement. Iteration 8700. Early stopping counter: 4, LR counter: 4
[Trainer] No improvement. Iteration 8800. Early stopping counter: 5, LR counter: 5
[Trainer] No improvement. Iteration 8900. Early stopping counter: 6, LR counter: 6
[Trainer] No improvement. Iteration 9000. Early stopping counter: 7, LR counter: 7
[Trainer] No improvement. Iteration 9100. Early stopping counter: 8, LR counter: 8
[Trainer] No improvement. Iteration 9200. Early stopping counter: 9, LR counter: 9
[Trainer] No improvement. Iteration 9300. Early stopping counter: 10, LR counter: 10
[Trainer] No improvement. Iteration 9400. Early stopping counter: 11, LR counter: 11
[Trainer] No improvement. Iteration 9500. Early stopping counter: 12, LR counter: 12
[Trainer] No improvement. Iteration 9600. Early stopping counter: 13, LR counter: 13
[Trainer] No improvement. Iteration 9700. Early stopping counter: 14, LR counter: 14
[Trainer] No improvement. Iteration 9800. Early stopping counter: 15, LR counter: 15
[Trainer] No improvement. Iteration 9900. Early stopping counter: 16, LR counter: 16
[Trainer] No improvement. Iteration 10000. Early stopping counter: 17, LR counter: 17
[Trainer] No improvement. Iteration 10100. Early stopping counter: 18, LR counter: 18
[Trainer] No improvement. Iteration 10200. Early stopping counter: 19, LR counter: 19
[Trainer] No improvement. Iteration 10300. Early stopping counter: 20, LR counter: 20
[Trainer] No improvement. Iteration 10400. Early stopping counter: 21, LR counter: 21
[Trainer] No improvement. Iteration 10500. Early stopping counter: 22, LR counter: 22
[Trainer] No improvement. Iteration 10600. Early stopping counter: 23, LR counter: 23
[Trainer] No improvement. Iteration 10700. Early stopping counter: 24, LR counter: 24
[Trainer] No improvement. Iteration 10800. Early stopping counter: 25, LR counter: 25
[Trainer] Learning rate reduced to: 0.000010
[Trainer] No improvement. Iteration 10900. Early stopping counter: 26, LR counter: 1
[Trainer] No improvement. Iteration 11000. Early stopping counter: 27, LR counter: 2
[Trainer] No improvement. Iteration 11100. Early stopping counter: 28, LR counter: 3
[Trainer] No improvement. Iteration 11200. Early stopping counter: 29, LR counter: 4
[Trainer] No improvement. Iteration 11300. Early stopping counter: 30, LR counter: 5
[Trainer] No improvement. Iteration 11400. Early stopping counter: 31, LR counter: 6
[Trainer] No improvement. Iteration 11500. Early stopping counter: 32, LR counter: 7
[Trainer] No improvement. Iteration 11600. Early stopping counter: 33, LR counter: 8
[Trainer] No improvement. Iteration 11700. Early stopping counter: 34, LR counter: 9
[Trainer] No improvement. Iteration 11800. Early stopping counter: 35, LR counter: 10
[Trainer] No improvement. Iteration 11900. Early stopping counter: 36, LR counter: 11
[Trainer] No improvement. Iteration 12000. Early stopping counter: 37, LR counter: 12
[Trainer] No improvement. Iteration 12100. Early stopping counter: 38, LR counter: 13
[Trainer] No improvement. Iteration 12200. Early stopping counter: 39, LR counter: 14
[Trainer] No improvement. Iteration 12300. Early stopping counter: 40, LR counter: 15
[Trainer] No improvement. Iteration 12400. Early stopping counter: 41, LR counter: 16
[Trainer] No improvement. Iteration 12500. Early stopping counter: 42, LR counter: 17
[Trainer] No improvement. Iteration 12600. Early stopping counter: 43, LR counter: 18
[Trainer] No improvement. Iteration 12700. Early stopping counter: 44, LR counter: 19
[Trainer] No improvement. Iteration 12800. Early stopping counter: 45, LR counter: 20
[Trainer] No improvement. Iteration 12900. Early stopping counter: 46, LR counter: 21
[Trainer] No improvement. Iteration 13000. Early stopping counter: 47, LR counter: 22
[Trainer] No improvement. Iteration 13100. Early stopping counter: 48, LR counter: 23
[Trainer] No improvement. Iteration 13200. Early stopping counter: 49, LR counter: 24
[Trainer] No improvement. Iteration 13300. Early stopping counter: 50, LR counter: 25
[Trainer] Learning rate reduced to: 0.000001
[Trainer] Early stopping triggered.
[Trainer] Training completed.
[Trainer] Calibrating temperatures on validation set...
[Trainer] Temperature calibration finished. Calibrated temperatures: {4: 1.9566131830215454, 6: 1.5919899940490723, 8: 1.5925564765930176, 10: 1.845140814781189}
[Trainer] BNN training completed.
**************************************************
Z=8, N=4, emax=4
RMSE Eb: 0.585
RMSE Rch: 0.006
MAPE Eb: 1.821
MAPE Rch: 0.288
--------------------------------------------------
**************************************************
Z=8, N=4, emax=10
RMSE Eb: 1.154
RMSE Rch: 0.042
MAPE Eb: 1.801
MAPE Rch: 2.113
--------------------------------------------------
**************************************************
Z=8, N=4, emax=6
RMSE Eb: 0.832
RMSE Rch: 0.009
MAPE Eb: 1.642
MAPE Rch: 0.444
--------------------------------------------------
**************************************************
Z=8, N=4, emax=8
RMSE Eb: 0.930
RMSE Rch: 0.016
MAPE Eb: 1.522
MAPE Rch: 0.743
--------------------------------------------------
**************************************************
Z=8, N=5, emax=8
RMSE Eb: 1.034
RMSE Rch: 0.014
MAPE Eb: 1.313
MAPE Rch: 0.715
--------------------------------------------------
**************************************************
Z=8, N=5, emax=6
RMSE Eb: 0.812
RMSE Rch: 0.008
MAPE Eb: 1.147
MAPE Rch: 0.372
--------------------------------------------------
**************************************************
Z=8, N=5, emax=4
RMSE Eb: 0.592
RMSE Rch: 0.006
MAPE Eb: 1.230
MAPE Rch: 0.264
--------------------------------------------------
**************************************************
Z=8, N=5, emax=10
RMSE Eb: 0.759
RMSE Rch: 0.015
MAPE Eb: 0.948
MAPE Rch: 0.840
--------------------------------------------------
**************************************************
Z=8, N=6, emax=4
RMSE Eb: 0.854
RMSE Rch: 0.006
MAPE Eb: 1.208
MAPE Rch: 0.283
--------------------------------------------------
**************************************************
Z=8, N=6, emax=6
RMSE Eb: 0.880
RMSE Rch: 0.009
MAPE Eb: 0.971
MAPE Rch: 0.438
--------------------------------------------------
**************************************************
Z=8, N=6, emax=8
RMSE Eb: 1.076
RMSE Rch: 0.014
MAPE Eb: 0.982
MAPE Rch: 0.718
--------------------------------------------------
**************************************************
Z=8, N=6, emax=10
RMSE Eb: 1.150
RMSE Rch: 0.015
MAPE Eb: 1.022
MAPE Rch: 0.856
--------------------------------------------------
**************************************************
Z=8, N=7, emax=8
RMSE Eb: 1.168
RMSE Rch: 0.015
MAPE Eb: 0.933
MAPE Rch: 0.785
--------------------------------------------------
**************************************************
Z=8, N=7, emax=10
RMSE Eb: 0.960
RMSE Rch: 0.028
MAPE Eb: 0.764
MAPE Rch: 1.579
--------------------------------------------------
**************************************************
Z=8, N=7, emax=6
RMSE Eb: 0.772
RMSE Rch: 0.010
MAPE Eb: 0.727
MAPE Rch: 0.497
--------------------------------------------------
**************************************************
Z=8, N=7, emax=4
RMSE Eb: 0.895
RMSE Rch: 0.008
MAPE Eb: 1.091
MAPE Rch: 0.376
--------------------------------------------------
**************************************************
Z=8, N=8, emax=4
RMSE Eb: 0.503
RMSE Rch: 0.007
MAPE Eb: 0.555
MAPE Rch: 0.204
--------------------------------------------------
**************************************************
Z=8, N=8, emax=8
RMSE Eb: 0.596
RMSE Rch: 0.010
MAPE Eb: 0.461
MAPE Rch: 0.282
--------------------------------------------------
**************************************************
Z=8, N=8, emax=6
RMSE Eb: 0.625
RMSE Rch: 0.010
MAPE Eb: 0.537
MAPE Rch: 0.242
--------------------------------------------------
**************************************************
Z=8, N=8, emax=10
RMSE Eb: 1.142
RMSE Rch: 0.021
MAPE Eb: 0.806
MAPE Rch: 0.491
--------------------------------------------------
**************************************************
Z=8, N=9, emax=8
RMSE Eb: 0.525
RMSE Rch: 0.008
MAPE Eb: 0.388
MAPE Rch: 0.222
--------------------------------------------------
**************************************************
Z=8, N=9, emax=6
RMSE Eb: 0.489
RMSE Rch: 0.007
MAPE Eb: 0.418
MAPE Rch: 0.186
--------------------------------------------------
**************************************************
Z=8, N=9, emax=4
RMSE Eb: 0.399
RMSE Rch: 0.006
MAPE Eb: 0.384
MAPE Rch: 0.172
--------------------------------------------------
**************************************************
Z=8, N=9, emax=10
RMSE Eb: 0.819
RMSE Rch: 0.014
MAPE Eb: 0.576
MAPE Rch: 0.480
--------------------------------------------------
**************************************************
Z=8, N=10, emax=4
RMSE Eb: 0.376
RMSE Rch: 0.006
MAPE Eb: 0.401
MAPE Rch: 0.148
--------------------------------------------------
**************************************************
Z=8, N=10, emax=10
RMSE Eb: 0.862
RMSE Rch: 0.012
MAPE Eb: 0.599
MAPE Rch: 0.288
--------------------------------------------------
**************************************************
Z=8, N=10, emax=6
RMSE Eb: 0.485
RMSE Rch: 0.005
MAPE Eb: 0.384
MAPE Rch: 0.151
--------------------------------------------------
**************************************************
Z=8, N=10, emax=8
RMSE Eb: 0.606
RMSE Rch: 0.006
MAPE Eb: 0.427
MAPE Rch: 0.185
--------------------------------------------------
**************************************************
Z=8, N=11, emax=4
RMSE Eb: 0.341
RMSE Rch: 0.005
MAPE Eb: 0.376
MAPE Rch: 0.145
--------------------------------------------------
**************************************************
Z=8, N=11, emax=6
RMSE Eb: 0.565
RMSE Rch: 0.006
MAPE Eb: 0.430
MAPE Rch: 0.170
--------------------------------------------------
**************************************************
Z=8, N=11, emax=8
RMSE Eb: 0.846
RMSE Rch: 0.005
MAPE Eb: 0.592
MAPE Rch: 0.139
--------------------------------------------------
**************************************************
Z=8, N=11, emax=10
RMSE Eb: 0.850
RMSE Rch: 0.008
MAPE Eb: 0.590
MAPE Rch: 0.227
--------------------------------------------------
**************************************************
Z=8, N=12, emax=6
RMSE Eb: 0.575
RMSE Rch: 0.004
MAPE Eb: 0.437
MAPE Rch: 0.117
--------------------------------------------------
**************************************************
Z=8, N=12, emax=4
RMSE Eb: 0.370
RMSE Rch: 0.005
MAPE Eb: 0.389
MAPE Rch: 0.134
--------------------------------------------------
**************************************************
Z=8, N=12, emax=8
RMSE Eb: 0.779
RMSE Rch: 0.006
MAPE Eb: 0.550
MAPE Rch: 0.166
--------------------------------------------------
**************************************************
Z=8, N=12, emax=10
RMSE Eb: 1.046
RMSE Rch: 0.009
MAPE Eb: 0.746
MAPE Rch: 0.261
--------------------------------------------------
**************************************************
Z=8, N=13, emax=8
RMSE Eb: 0.827
RMSE Rch: 0.008
MAPE Eb: 0.580
MAPE Rch: 0.198
--------------------------------------------------
**************************************************
Z=8, N=13, emax=4
RMSE Eb: 0.327
RMSE Rch: 0.005
MAPE Eb: 0.352
MAPE Rch: 0.125
--------------------------------------------------
**************************************************
Z=8, N=13, emax=10
RMSE Eb: 1.003
RMSE Rch: 0.011
MAPE Eb: 0.703
MAPE Rch: 0.275
--------------------------------------------------
**************************************************
Z=8, N=13, emax=6
RMSE Eb: 0.529
RMSE Rch: 0.005
MAPE Eb: 0.404
MAPE Rch: 0.134
--------------------------------------------------
**************************************************
Z=8, N=14, emax=8
RMSE Eb: 1.027
RMSE Rch: 0.012
MAPE Eb: 0.661
MAPE Rch: 0.256
--------------------------------------------------
**************************************************
Z=8, N=14, emax=4
RMSE Eb: 0.336
RMSE Rch: 0.005
MAPE Eb: 0.343
MAPE Rch: 0.138
--------------------------------------------------
**************************************************
Z=8, N=14, emax=6
RMSE Eb: 0.526
RMSE Rch: 0.005
MAPE Eb: 0.395
MAPE Rch: 0.144
--------------------------------------------------
**************************************************
Z=8, N=14, emax=10
RMSE Eb: 0.892
RMSE Rch: 0.011
MAPE Eb: 0.607
MAPE Rch: 0.257
--------------------------------------------------
**************************************************
Z=8, N=15, emax=8
RMSE Eb: 0.913
RMSE Rch: 0.006
MAPE Eb: 0.577
MAPE Rch: 0.171
--------------------------------------------------
**************************************************
Z=8, N=15, emax=4
RMSE Eb: 0.487
RMSE Rch: 0.006
MAPE Eb: 0.469
MAPE Rch: 0.155
--------------------------------------------------
**************************************************
Z=8, N=15, emax=6
RMSE Eb: 0.610
RMSE Rch: 0.006
MAPE Eb: 0.450
MAPE Rch: 0.176
--------------------------------------------------
**************************************************
Z=8, N=15, emax=10
RMSE Eb: 1.061
RMSE Rch: 0.014
MAPE Eb: 0.601
MAPE Rch: 0.361
--------------------------------------------------
**************************************************
Z=8, N=16, emax=8
RMSE Eb: 1.104
RMSE Rch: 0.007
MAPE Eb: 0.696
MAPE Rch: 0.190
--------------------------------------------------
**************************************************
Z=8, N=16, emax=6
RMSE Eb: 0.694
RMSE Rch: 0.006
MAPE Eb: 0.458
MAPE Rch: 0.168
--------------------------------------------------
**************************************************
Z=8, N=16, emax=10
RMSE Eb: 1.315
RMSE Rch: 0.012
MAPE Eb: 0.741
MAPE Rch: 0.289
--------------------------------------------------
**************************************************
Z=8, N=16, emax=4
RMSE Eb: 0.452
RMSE Rch: 0.007
MAPE Eb: 0.487
MAPE Rch: 0.187
--------------------------------------------------
Finished VAL for AE n=693
**************************************************
Z=8, N=4, emax=6
RMSE Eb: 0.833
RMSE Rch: 0.010
MAPE Eb: 1.546
MAPE Rch: 0.494
--------------------------------------------------
**************************************************
Z=8, N=4, emax=8
RMSE Eb: 1.216
RMSE Rch: 0.016
MAPE Eb: 1.936
MAPE Rch: 0.785
--------------------------------------------------
**************************************************
Z=8, N=4, emax=4
RMSE Eb: 0.598
RMSE Rch: 0.007
MAPE Eb: 1.719
MAPE Rch: 0.341
--------------------------------------------------
**************************************************
Z=8, N=4, emax=10
RMSE Eb: 0.987
RMSE Rch: 0.021
MAPE Eb: 1.655
MAPE Rch: 1.118
--------------------------------------------------
**************************************************
Z=8, N=5, emax=4
RMSE Eb: 0.671
RMSE Rch: 0.006
MAPE Eb: 1.357
MAPE Rch: 0.276
--------------------------------------------------
**************************************************
Z=8, N=5, emax=8
RMSE Eb: 0.988
RMSE Rch: 0.015
MAPE Eb: 1.268
MAPE Rch: 0.697
--------------------------------------------------
**************************************************
Z=8, N=5, emax=6
RMSE Eb: 0.701
RMSE Rch: 0.009
MAPE Eb: 1.039
MAPE Rch: 0.431
--------------------------------------------------
**************************************************
Z=8, N=5, emax=10
RMSE Eb: 1.310
RMSE Rch: 0.033
MAPE Eb: 1.613
MAPE Rch: 1.750
--------------------------------------------------
**************************************************
Z=8, N=6, emax=4
RMSE Eb: 0.829
RMSE Rch: 0.007
MAPE Eb: 1.213
MAPE Rch: 0.319
--------------------------------------------------
**************************************************
Z=8, N=6, emax=8
RMSE Eb: 1.369
RMSE Rch: 0.013
MAPE Eb: 1.176
MAPE Rch: 0.628
--------------------------------------------------
**************************************************
Z=8, N=6, emax=6
RMSE Eb: 1.068
RMSE Rch: 0.011
MAPE Eb: 1.144
MAPE Rch: 0.521
--------------------------------------------------
**************************************************
Z=8, N=6, emax=10
RMSE Eb: 1.297
RMSE Rch: 0.020
MAPE Eb: 1.184
MAPE Rch: 1.118
--------------------------------------------------
**************************************************
Z=8, N=7, emax=4
RMSE Eb: 0.769
RMSE Rch: 0.009
MAPE Eb: 0.929
MAPE Rch: 0.428
--------------------------------------------------
**************************************************
Z=8, N=7, emax=8
RMSE Eb: 1.163
RMSE Rch: 0.013
MAPE Eb: 0.963
MAPE Rch: 0.674
--------------------------------------------------
**************************************************
Z=8, N=7, emax=6
RMSE Eb: 0.836
RMSE Rch: 0.011
MAPE Eb: 0.778
MAPE Rch: 0.556
--------------------------------------------------
**************************************************
Z=8, N=7, emax=10
RMSE Eb: 1.124
RMSE Rch: 0.027
MAPE Eb: 0.906
MAPE Rch: 1.567
--------------------------------------------------
**************************************************
Z=8, N=8, emax=4
RMSE Eb: 0.475
RMSE Rch: 0.009
MAPE Eb: 0.506
MAPE Rch: 0.249
--------------------------------------------------
**************************************************
Z=8, N=8, emax=6
RMSE Eb: 0.701
RMSE Rch: 0.010
MAPE Eb: 0.575
MAPE Rch: 0.290
--------------------------------------------------
**************************************************
Z=8, N=8, emax=8
RMSE Eb: 0.678
RMSE Rch: 0.010
MAPE Eb: 0.546
MAPE Rch: 0.275
--------------------------------------------------
**************************************************
Z=8, N=8, emax=10
RMSE Eb: 0.898
RMSE Rch: 0.013
MAPE Eb: 0.682
MAPE Rch: 0.379
--------------------------------------------------
**************************************************
Z=8, N=9, emax=4
RMSE Eb: 0.378
RMSE Rch: 0.007
MAPE Eb: 0.403
MAPE Rch: 0.195
--------------------------------------------------
**************************************************
Z=8, N=9, emax=8
RMSE Eb: 0.681
RMSE Rch: 0.009
MAPE Eb: 0.487
MAPE Rch: 0.237
--------------------------------------------------
**************************************************
Z=8, N=9, emax=6
RMSE Eb: 0.451
RMSE Rch: 0.007
MAPE Eb: 0.364
MAPE Rch: 0.199
--------------------------------------------------
**************************************************
Z=8, N=9, emax=10
RMSE Eb: 0.926
RMSE Rch: 0.010
MAPE Eb: 0.623
MAPE Rch: 0.295
--------------------------------------------------
**************************************************
Z=8, N=10, emax=4
RMSE Eb: 0.387
RMSE Rch: 0.007
MAPE Eb: 0.398
MAPE Rch: 0.191
--------------------------------------------------
**************************************************
Z=8, N=10, emax=6
RMSE Eb: 0.451
RMSE Rch: 0.006
MAPE Eb: 0.344
MAPE Rch: 0.168
--------------------------------------------------
**************************************************
Z=8, N=10, emax=8
RMSE Eb: 0.712
RMSE Rch: 0.006
MAPE Eb: 0.550
MAPE Rch: 0.164
--------------------------------------------------
**************************************************
Z=8, N=10, emax=10
RMSE Eb: 0.718
RMSE Rch: 0.007
MAPE Eb: 0.549
MAPE Rch: 0.202
--------------------------------------------------
**************************************************
Z=8, N=11, emax=8
RMSE Eb: 0.701
RMSE Rch: 0.006
MAPE Eb: 0.486
MAPE Rch: 0.163
--------------------------------------------------
**************************************************
Z=8, N=11, emax=4
RMSE Eb: 0.353
RMSE Rch: 0.005
MAPE Eb: 0.355
MAPE Rch: 0.145
--------------------------------------------------
**************************************************
Z=8, N=11, emax=6
RMSE Eb: 0.545
RMSE Rch: 0.005
MAPE Eb: 0.401
MAPE Rch: 0.140
--------------------------------------------------
**************************************************
Z=8, N=11, emax=10
RMSE Eb: 0.846
RMSE Rch: 0.011
MAPE Eb: 0.519
MAPE Rch: 0.264
--------------------------------------------------
**************************************************
Z=8, N=12, emax=6
RMSE Eb: 0.560
RMSE Rch: 0.005
MAPE Eb: 0.410
MAPE Rch: 0.136
--------------------------------------------------
**************************************************
Z=8, N=12, emax=8
RMSE Eb: 0.797
RMSE Rch: 0.006
MAPE Eb: 0.544
MAPE Rch: 0.170
--------------------------------------------------
**************************************************
Z=8, N=12, emax=4
RMSE Eb: 0.343
RMSE Rch: 0.005
MAPE Eb: 0.335
MAPE Rch: 0.136
--------------------------------------------------
**************************************************
Z=8, N=12, emax=10
RMSE Eb: 0.805
RMSE Rch: 0.008
MAPE Eb: 0.595
MAPE Rch: 0.248
--------------------------------------------------
**************************************************
Z=8, N=13, emax=8
RMSE Eb: 0.747
RMSE Rch: 0.007
MAPE Eb: 0.503
MAPE Rch: 0.194
--------------------------------------------------
**************************************************
Z=8, N=13, emax=4
RMSE Eb: 0.349
RMSE Rch: 0.005
MAPE Eb: 0.354
MAPE Rch: 0.130
--------------------------------------------------
**************************************************
Z=8, N=13, emax=6
RMSE Eb: 0.554
RMSE Rch: 0.005
MAPE Eb: 0.419
MAPE Rch: 0.148
--------------------------------------------------
**************************************************
Z=8, N=13, emax=10
RMSE Eb: 0.665
RMSE Rch: 0.018
MAPE Eb: 0.442
MAPE Rch: 0.285
--------------------------------------------------
**************************************************
Z=8, N=14, emax=6
RMSE Eb: 0.606
RMSE Rch: 0.006
MAPE Eb: 0.429
MAPE Rch: 0.162
--------------------------------------------------
**************************************************
Z=8, N=14, emax=10
RMSE Eb: 1.336
RMSE Rch: 0.016
MAPE Eb: 0.812
MAPE Rch: 0.384
--------------------------------------------------
**************************************************
Z=8, N=14, emax=4
RMSE Eb: 0.348
RMSE Rch: 0.005
MAPE Eb: 0.348
MAPE Rch: 0.142
--------------------------------------------------
**************************************************
Z=8, N=14, emax=8
RMSE Eb: 0.847
RMSE Rch: 0.008
MAPE Eb: 0.579
MAPE Rch: 0.195
--------------------------------------------------
**************************************************
Z=8, N=15, emax=8
RMSE Eb: 0.899
RMSE Rch: 0.007
MAPE Eb: 0.601
MAPE Rch: 0.200
--------------------------------------------------
**************************************************
Z=8, N=15, emax=6
RMSE Eb: 0.533
RMSE Rch: 0.006
MAPE Eb: 0.392
MAPE Rch: 0.163
--------------------------------------------------
**************************************************
Z=8, N=15, emax=4
RMSE Eb: 0.348
RMSE Rch: 0.005
MAPE Eb: 0.343
MAPE Rch: 0.134
--------------------------------------------------
**************************************************
Z=8, N=15, emax=10
RMSE Eb: 1.077
RMSE Rch: 0.009
MAPE Eb: 0.708
MAPE Rch: 0.257
--------------------------------------------------
**************************************************
Z=8, N=16, emax=4
RMSE Eb: 0.580
RMSE Rch: 0.007
MAPE Eb: 0.611
MAPE Rch: 0.182
--------------------------------------------------
**************************************************
Z=8, N=16, emax=8
RMSE Eb: 1.070
RMSE Rch: 0.009
MAPE Eb: 0.668
MAPE Rch: 0.251
--------------------------------------------------
**************************************************
Z=8, N=16, emax=6
RMSE Eb: 0.735
RMSE Rch: 0.006
MAPE Eb: 0.513
MAPE Rch: 0.169
--------------------------------------------------
**************************************************
Z=8, N=16, emax=10
RMSE Eb: 1.238
RMSE Rch: 0.011
MAPE Eb: 0.729
MAPE Rch: 0.326
--------------------------------------------------
