Activated conda environment
[DataLoader] Found 13 files matching the pattern.
[DataLoader] Combined data shape: (17234, 35)
[Preprocess] Data split => train: (11029, 35), val: (2758, 35), test: (3447, 35)
[Preprocess] Processed fidelity 4 (index 0): 3758 samples.
[Preprocess] Processed fidelity 6 (index 1): 3346 samples.
[Preprocess] Processed fidelity 8 (index 2): 3194 samples.
[Preprocess] Processed fidelity 10 (index 3): 731 samples.
[Preprocess] Processed fidelity 4 (index 0): 949 samples.
[Preprocess] Processed fidelity 6 (index 1): 833 samples.
[Preprocess] Processed fidelity 8 (index 2): 801 samples.
[Preprocess] Processed fidelity 10 (index 3): 175 samples.
Fidelity levels: [4, 6, 8, 10]
[Trainer] Starting BNN training...
[Trainer] No improvement. Iteration 8400. Early stopping counter: 1, LR counter: 1
[Trainer] No improvement. Iteration 8500. Early stopping counter: 2, LR counter: 2
[Trainer] No improvement. Iteration 8600. Early stopping counter: 3, LR counter: 3
[Trainer] No improvement. Iteration 8700. Early stopping counter: 4, LR counter: 4
[Trainer] No improvement. Iteration 9000. Early stopping counter: 1, LR counter: 1
[Trainer] No improvement. Iteration 9400. Early stopping counter: 1, LR counter: 1
[Trainer] No improvement. Iteration 9500. Early stopping counter: 2, LR counter: 2
[Trainer] No improvement. Iteration 9900. Early stopping counter: 1, LR counter: 1
[Trainer] No improvement. Iteration 10100. Early stopping counter: 1, LR counter: 1
[Trainer] No improvement. Iteration 10200. Early stopping counter: 2, LR counter: 2
[Trainer] No improvement. Iteration 10300. Early stopping counter: 3, LR counter: 3
[Trainer] No improvement. Iteration 10400. Early stopping counter: 4, LR counter: 4
[Trainer] No improvement. Iteration 10500. Early stopping counter: 5, LR counter: 5
[Trainer] No improvement. Iteration 10600. Early stopping counter: 6, LR counter: 6
[Trainer] No improvement. Iteration 10700. Early stopping counter: 7, LR counter: 7
[Trainer] No improvement. Iteration 10800. Early stopping counter: 8, LR counter: 8
[Trainer] No improvement. Iteration 10900. Early stopping counter: 9, LR counter: 9
[Trainer] No improvement. Iteration 11000. Early stopping counter: 10, LR counter: 10
[Trainer] No improvement. Iteration 11100. Early stopping counter: 11, LR counter: 11
[Trainer] No improvement. Iteration 11200. Early stopping counter: 12, LR counter: 12
[Trainer] No improvement. Iteration 11300. Early stopping counter: 13, LR counter: 13
[Trainer] No improvement. Iteration 11400. Early stopping counter: 14, LR counter: 14
[Trainer] No improvement. Iteration 11500. Early stopping counter: 15, LR counter: 15
[Trainer] No improvement. Iteration 11600. Early stopping counter: 16, LR counter: 16
[Trainer] No improvement. Iteration 11700. Early stopping counter: 17, LR counter: 17
[Trainer] No improvement. Iteration 11800. Early stopping counter: 18, LR counter: 18
[Trainer] No improvement. Iteration 11900. Early stopping counter: 19, LR counter: 19
[Trainer] No improvement. Iteration 12000. Early stopping counter: 20, LR counter: 20
[Trainer] No improvement. Iteration 12100. Early stopping counter: 21, LR counter: 21
[Trainer] No improvement. Iteration 12200. Early stopping counter: 22, LR counter: 22
[Trainer] No improvement. Iteration 12300. Early stopping counter: 23, LR counter: 23
[Trainer] No improvement. Iteration 12400. Early stopping counter: 24, LR counter: 24
[Trainer] No improvement. Iteration 12500. Early stopping counter: 25, LR counter: 25
[Trainer] Learning rate reduced to: 0.000010
[Trainer] No improvement. Iteration 12600. Early stopping counter: 26, LR counter: 1
[Trainer] No improvement. Iteration 12700. Early stopping counter: 27, LR counter: 2
[Trainer] No improvement. Iteration 12800. Early stopping counter: 28, LR counter: 3
[Trainer] No improvement. Iteration 12900. Early stopping counter: 29, LR counter: 4
[Trainer] No improvement. Iteration 13000. Early stopping counter: 30, LR counter: 5
[Trainer] No improvement. Iteration 13100. Early stopping counter: 31, LR counter: 6
[Trainer] No improvement. Iteration 13200. Early stopping counter: 32, LR counter: 7
[Trainer] No improvement. Iteration 13300. Early stopping counter: 33, LR counter: 8
[Trainer] No improvement. Iteration 13400. Early stopping counter: 34, LR counter: 9
[Trainer] No improvement. Iteration 13500. Early stopping counter: 35, LR counter: 10
[Trainer] No improvement. Iteration 13600. Early stopping counter: 36, LR counter: 11
[Trainer] No improvement. Iteration 13700. Early stopping counter: 37, LR counter: 12
[Trainer] No improvement. Iteration 13800. Early stopping counter: 38, LR counter: 13
[Trainer] No improvement. Iteration 13900. Early stopping counter: 39, LR counter: 14
[Trainer] No improvement. Iteration 14000. Early stopping counter: 40, LR counter: 15
[Trainer] No improvement. Iteration 14100. Early stopping counter: 41, LR counter: 16
[Trainer] No improvement. Iteration 14200. Early stopping counter: 42, LR counter: 17
[Trainer] No improvement. Iteration 14300. Early stopping counter: 43, LR counter: 18
[Trainer] No improvement. Iteration 14400. Early stopping counter: 44, LR counter: 19
[Trainer] No improvement. Iteration 14500. Early stopping counter: 45, LR counter: 20
[Trainer] No improvement. Iteration 14600. Early stopping counter: 46, LR counter: 21
[Trainer] No improvement. Iteration 14700. Early stopping counter: 47, LR counter: 22
[Trainer] No improvement. Iteration 14800. Early stopping counter: 48, LR counter: 23
[Trainer] No improvement. Iteration 14900. Early stopping counter: 49, LR counter: 24
[Trainer] No improvement. Iteration 15000. Early stopping counter: 50, LR counter: 25
[Trainer] Learning rate reduced to: 0.000001
[Trainer] Early stopping triggered.
[Trainer] Training completed.
[Trainer] Calibrating temperatures on validation set...
[Trainer] Temperature calibration finished. Calibrated temperatures: {4: 1.1559538841247559, 6: 1.1747888326644897, 8: 1.269360899925232, 10: 1.366672396659851}
[Trainer] BNN training completed.
**************************************************
Z=8, N=4, emax=4
RMSE Eb: 0.979
RMSE Rch: 0.009
MAPE Eb: 2.853
MAPE Rch: 0.416
--------------------------------------------------
**************************************************
Z=8, N=4, emax=10
RMSE Eb: 1.831
RMSE Rch: 0.055
MAPE Eb: 2.321
MAPE Rch: 2.385
--------------------------------------------------
**************************************************
Z=8, N=4, emax=6
RMSE Eb: 1.233
RMSE Rch: 0.014
MAPE Eb: 2.335
MAPE Rch: 0.681
--------------------------------------------------
**************************************************
Z=8, N=4, emax=8
RMSE Eb: 1.265
RMSE Rch: 0.025
MAPE Eb: 2.070
MAPE Rch: 1.066
--------------------------------------------------
**************************************************
Z=8, N=5, emax=8
RMSE Eb: 1.313
RMSE Rch: 0.018
MAPE Eb: 1.634
MAPE Rch: 0.816
--------------------------------------------------
**************************************************
Z=8, N=5, emax=6
RMSE Eb: 1.196
RMSE Rch: 0.013
MAPE Eb: 1.560
MAPE Rch: 0.639
--------------------------------------------------
**************************************************
Z=8, N=5, emax=4
RMSE Eb: 0.978
RMSE Rch: 0.011
MAPE Eb: 1.966
MAPE Rch: 0.503
--------------------------------------------------
**************************************************
Z=8, N=5, emax=10
RMSE Eb: 1.053
RMSE Rch: 0.022
MAPE Eb: 1.402
MAPE Rch: 1.188
--------------------------------------------------
**************************************************
Z=8, N=6, emax=4
RMSE Eb: 1.080
RMSE Rch: 0.012
MAPE Eb: 1.602
MAPE Rch: 0.561
--------------------------------------------------
**************************************************
Z=8, N=6, emax=6
RMSE Eb: 1.489
RMSE Rch: 0.012
MAPE Eb: 1.551
MAPE Rch: 0.566
--------------------------------------------------
**************************************************
Z=8, N=6, emax=8
RMSE Eb: 1.831
RMSE Rch: 0.019
MAPE Eb: 1.647
MAPE Rch: 0.927
--------------------------------------------------
**************************************************
Z=8, N=6, emax=10
RMSE Eb: 1.358
RMSE Rch: 0.016
MAPE Eb: 1.172
MAPE Rch: 0.834
--------------------------------------------------
**************************************************
Z=8, N=7, emax=8
RMSE Eb: 2.228
RMSE Rch: 0.017
MAPE Eb: 1.807
MAPE Rch: 0.841
--------------------------------------------------
**************************************************
Z=8, N=7, emax=10
RMSE Eb: 2.862
RMSE Rch: 0.024
MAPE Eb: 2.082
MAPE Rch: 1.177
--------------------------------------------------
**************************************************
Z=8, N=7, emax=6
RMSE Eb: 1.710
RMSE Rch: 0.013
MAPE Eb: 1.621
MAPE Rch: 0.666
--------------------------------------------------
**************************************************
Z=8, N=7, emax=4
RMSE Eb: 1.278
RMSE Rch: 0.011
MAPE Eb: 1.502
MAPE Rch: 0.511
--------------------------------------------------
**************************************************
Z=8, N=8, emax=4
RMSE Eb: 1.175
RMSE Rch: 0.013
MAPE Eb: 1.178
MAPE Rch: 0.346
--------------------------------------------------
**************************************************
Z=8, N=8, emax=8
RMSE Eb: 1.721
RMSE Rch: 0.014
MAPE Eb: 1.382
MAPE Rch: 0.410
--------------------------------------------------
**************************************************
Z=8, N=8, emax=6
RMSE Eb: 1.363
RMSE Rch: 0.013
MAPE Eb: 1.060
MAPE Rch: 0.375
--------------------------------------------------
**************************************************
Z=8, N=8, emax=10
RMSE Eb: 1.730
RMSE Rch: 0.016
MAPE Eb: 0.987
MAPE Rch: 0.533
--------------------------------------------------
**************************************************
Z=8, N=9, emax=8
RMSE Eb: 1.421
RMSE Rch: 0.011
MAPE Eb: 1.021
MAPE Rch: 0.313
--------------------------------------------------
**************************************************
Z=8, N=9, emax=6
RMSE Eb: 1.084
RMSE Rch: 0.011
MAPE Eb: 0.904
MAPE Rch: 0.321
--------------------------------------------------
**************************************************
Z=8, N=9, emax=4
RMSE Eb: 0.882
RMSE Rch: 0.009
MAPE Eb: 0.969
MAPE Rch: 0.275
--------------------------------------------------
**************************************************
Z=8, N=9, emax=10
RMSE Eb: 1.234
RMSE Rch: 0.014
MAPE Eb: 0.953
MAPE Rch: 0.431
--------------------------------------------------
**************************************************
Z=8, N=10, emax=4
RMSE Eb: 0.931
RMSE Rch: 0.009
MAPE Eb: 1.037
MAPE Rch: 0.239
--------------------------------------------------
**************************************************
Z=8, N=10, emax=10
RMSE Eb: 1.050
RMSE Rch: 0.013
MAPE Eb: 0.621
MAPE Rch: 0.395
--------------------------------------------------
**************************************************
Z=8, N=10, emax=6
RMSE Eb: 1.106
RMSE Rch: 0.011
MAPE Eb: 0.903
MAPE Rch: 0.293
--------------------------------------------------
**************************************************
Z=8, N=10, emax=8
RMSE Eb: 1.360
RMSE Rch: 0.012
MAPE Eb: 0.934
MAPE Rch: 0.344
--------------------------------------------------
**************************************************
Z=8, N=11, emax=4
RMSE Eb: 0.946
RMSE Rch: 0.009
MAPE Eb: 0.968
MAPE Rch: 0.255
--------------------------------------------------
**************************************************
Z=8, N=11, emax=6
RMSE Eb: 1.041
RMSE Rch: 0.011
MAPE Eb: 0.784
MAPE Rch: 0.310
--------------------------------------------------
**************************************************
Z=8, N=11, emax=8
RMSE Eb: 1.418
RMSE Rch: 0.011
MAPE Eb: 0.960
MAPE Rch: 0.323
--------------------------------------------------
**************************************************
Z=8, N=11, emax=10
RMSE Eb: 0.946
RMSE Rch: 0.006
MAPE Eb: 0.731
MAPE Rch: 0.196
--------------------------------------------------
**************************************************
Z=8, N=12, emax=6
RMSE Eb: 1.034
RMSE Rch: 0.010
MAPE Eb: 0.737
MAPE Rch: 0.280
--------------------------------------------------
**************************************************
Z=8, N=12, emax=4
RMSE Eb: 1.023
RMSE Rch: 0.007
MAPE Eb: 1.050
MAPE Rch: 0.195
--------------------------------------------------
**************************************************
Z=8, N=12, emax=8
RMSE Eb: 1.581
RMSE Rch: 0.011
MAPE Eb: 1.061
MAPE Rch: 0.312
--------------------------------------------------
**************************************************
Z=8, N=12, emax=10
RMSE Eb: 1.956
RMSE Rch: 0.010
MAPE Eb: 1.103
MAPE Rch: 0.269
--------------------------------------------------
**************************************************
Z=8, N=13, emax=8
RMSE Eb: 1.301
RMSE Rch: 0.011
MAPE Eb: 0.854
MAPE Rch: 0.314
--------------------------------------------------
**************************************************
Z=8, N=13, emax=4
RMSE Eb: 0.840
RMSE Rch: 0.008
MAPE Eb: 0.883
MAPE Rch: 0.209
--------------------------------------------------
**************************************************
Z=8, N=13, emax=10
RMSE Eb: 1.380
RMSE Rch: 0.011
MAPE Eb: 0.783
MAPE Rch: 0.338
--------------------------------------------------
**************************************************
Z=8, N=13, emax=6
RMSE Eb: 1.206
RMSE Rch: 0.012
MAPE Eb: 0.931
MAPE Rch: 0.335
--------------------------------------------------
**************************************************
Z=8, N=14, emax=8
RMSE Eb: 1.489
RMSE Rch: 0.016
MAPE Eb: 0.919
MAPE Rch: 0.423
--------------------------------------------------
**************************************************
Z=8, N=14, emax=4
RMSE Eb: 1.126
RMSE Rch: 0.010
MAPE Eb: 1.103
MAPE Rch: 0.268
--------------------------------------------------
**************************************************
Z=8, N=14, emax=6
RMSE Eb: 1.144
RMSE Rch: 0.013
MAPE Eb: 0.840
MAPE Rch: 0.335
--------------------------------------------------
**************************************************
Z=8, N=14, emax=10
RMSE Eb: 1.328
RMSE Rch: 0.010
MAPE Eb: 0.837
MAPE Rch: 0.302
--------------------------------------------------
**************************************************
Z=8, N=15, emax=8
RMSE Eb: 1.762
RMSE Rch: 0.013
MAPE Eb: 1.001
MAPE Rch: 0.340
--------------------------------------------------
**************************************************
Z=8, N=15, emax=4
RMSE Eb: 1.112
RMSE Rch: 0.012
MAPE Eb: 1.081
MAPE Rch: 0.322
--------------------------------------------------
**************************************************
Z=8, N=15, emax=6
RMSE Eb: 1.338
RMSE Rch: 0.012
MAPE Eb: 0.966
MAPE Rch: 0.331
--------------------------------------------------
**************************************************
Z=8, N=15, emax=10
RMSE Eb: 1.579
RMSE Rch: 0.013
MAPE Eb: 0.802
MAPE Rch: 0.339
--------------------------------------------------
**************************************************
Z=8, N=16, emax=8
RMSE Eb: 1.864
RMSE Rch: 0.013
MAPE Eb: 1.075
MAPE Rch: 0.365
--------------------------------------------------
**************************************************
Z=8, N=16, emax=6
RMSE Eb: 1.575
RMSE Rch: 0.013
MAPE Eb: 1.045
MAPE Rch: 0.385
--------------------------------------------------
**************************************************
Z=8, N=16, emax=10
RMSE Eb: 1.639
RMSE Rch: 0.013
MAPE Eb: 0.866
MAPE Rch: 0.387
--------------------------------------------------
**************************************************
Z=8, N=16, emax=4
RMSE Eb: 1.307
RMSE Rch: 0.012
MAPE Eb: 1.349
MAPE Rch: 0.307
--------------------------------------------------
Finished VAL for AE n=379
**************************************************
Z=8, N=4, emax=6
RMSE Eb: 1.265
RMSE Rch: 0.013
MAPE Eb: 2.154
MAPE Rch: 0.604
--------------------------------------------------
**************************************************
Z=8, N=4, emax=8
RMSE Eb: 1.487
RMSE Rch: 0.022
MAPE Eb: 2.119
MAPE Rch: 1.006
--------------------------------------------------
**************************************************
Z=8, N=4, emax=4
RMSE Eb: 0.836
RMSE Rch: 0.009
MAPE Eb: 2.326
MAPE Rch: 0.371
--------------------------------------------------
**************************************************
Z=8, N=4, emax=10
RMSE Eb: 1.446
RMSE Rch: 0.031
MAPE Eb: 2.213
MAPE Rch: 1.487
--------------------------------------------------
**************************************************
Z=8, N=5, emax=4
RMSE Eb: 1.151
RMSE Rch: 0.011
MAPE Eb: 2.381
MAPE Rch: 0.524
--------------------------------------------------
**************************************************
Z=8, N=5, emax=8
RMSE Eb: 1.504
RMSE Rch: 0.013
MAPE Eb: 1.792
MAPE Rch: 0.655
--------------------------------------------------
**************************************************
Z=8, N=5, emax=6
RMSE Eb: 1.308
RMSE Rch: 0.013
MAPE Eb: 1.937
MAPE Rch: 0.660
--------------------------------------------------
**************************************************
Z=8, N=5, emax=10
RMSE Eb: 1.489
RMSE Rch: 0.018
MAPE Eb: 1.858
MAPE Rch: 0.894
--------------------------------------------------
**************************************************
Z=8, N=6, emax=4
RMSE Eb: 1.030
RMSE Rch: 0.012
MAPE Eb: 1.426
MAPE Rch: 0.585
--------------------------------------------------
**************************************************
Z=8, N=6, emax=8
RMSE Eb: 1.688
RMSE Rch: 0.019
MAPE Eb: 1.567
MAPE Rch: 0.890
--------------------------------------------------
**************************************************
Z=8, N=6, emax=6
RMSE Eb: 1.547
RMSE Rch: 0.015
MAPE Eb: 1.724
MAPE Rch: 0.724
--------------------------------------------------
**************************************************
Z=8, N=6, emax=10
RMSE Eb: 1.927
RMSE Rch: 0.034
MAPE Eb: 1.751
MAPE Rch: 1.459
--------------------------------------------------
**************************************************
Z=8, N=7, emax=4
RMSE Eb: 1.235
RMSE Rch: 0.009
MAPE Eb: 1.554
MAPE Rch: 0.444
--------------------------------------------------
**************************************************
Z=8, N=7, emax=8
RMSE Eb: 2.097
RMSE Rch: 0.016
MAPE Eb: 1.725
MAPE Rch: 0.865
--------------------------------------------------
**************************************************
Z=8, N=7, emax=6
RMSE Eb: 1.702
RMSE Rch: 0.013
MAPE Eb: 1.688
MAPE Rch: 0.621
--------------------------------------------------
**************************************************
Z=8, N=7, emax=10
RMSE Eb: 1.440
RMSE Rch: 0.022
MAPE Eb: 1.134
MAPE Rch: 1.249
--------------------------------------------------
**************************************************
Z=8, N=8, emax=4
RMSE Eb: 1.109
RMSE Rch: 0.012
MAPE Eb: 1.142
MAPE Rch: 0.353
--------------------------------------------------
**************************************************
Z=8, N=8, emax=6
RMSE Eb: 1.514
RMSE Rch: 0.014
MAPE Eb: 1.169
MAPE Rch: 0.395
--------------------------------------------------
**************************************************
Z=8, N=8, emax=8
RMSE Eb: 1.492
RMSE Rch: 0.019
MAPE Eb: 1.127
MAPE Rch: 0.538
--------------------------------------------------
**************************************************
Z=8, N=8, emax=10
RMSE Eb: 1.872
RMSE Rch: 0.028
MAPE Eb: 1.108
MAPE Rch: 0.778
--------------------------------------------------
**************************************************
Z=8, N=9, emax=4
RMSE Eb: 1.046
RMSE Rch: 0.011
MAPE Eb: 1.140
MAPE Rch: 0.321
--------------------------------------------------
**************************************************
Z=8, N=9, emax=8
RMSE Eb: 1.480
RMSE Rch: 0.014
MAPE Eb: 1.039
MAPE Rch: 0.398
--------------------------------------------------
**************************************************
Z=8, N=9, emax=6
RMSE Eb: 1.268
RMSE Rch: 0.013
MAPE Eb: 1.035
MAPE Rch: 0.388
--------------------------------------------------
**************************************************
Z=8, N=9, emax=10
RMSE Eb: 1.419
RMSE Rch: 0.018
MAPE Eb: 0.922
MAPE Rch: 0.556
--------------------------------------------------
**************************************************
Z=8, N=10, emax=4
RMSE Eb: 1.032
RMSE Rch: 0.010
MAPE Eb: 1.038
MAPE Rch: 0.270
--------------------------------------------------
**************************************************
Z=8, N=10, emax=6
RMSE Eb: 1.054
RMSE Rch: 0.011
MAPE Eb: 0.849
MAPE Rch: 0.313
--------------------------------------------------
**************************************************
Z=8, N=10, emax=8
RMSE Eb: 1.495
RMSE Rch: 0.012
MAPE Eb: 0.994
MAPE Rch: 0.342
--------------------------------------------------
**************************************************
Z=8, N=10, emax=10
RMSE Eb: 0.951
RMSE Rch: 0.009
MAPE Eb: 0.593
MAPE Rch: 0.305
--------------------------------------------------
**************************************************
Z=8, N=11, emax=8
RMSE Eb: 1.518
RMSE Rch: 0.011
MAPE Eb: 1.034
MAPE Rch: 0.294
--------------------------------------------------
**************************************************
Z=8, N=11, emax=4
RMSE Eb: 0.882
RMSE Rch: 0.009
MAPE Eb: 0.924
MAPE Rch: 0.241
--------------------------------------------------
**************************************************
Z=8, N=11, emax=6
RMSE Eb: 1.177
RMSE Rch: 0.011
MAPE Eb: 0.932
MAPE Rch: 0.308
--------------------------------------------------
**************************************************
Z=8, N=11, emax=10
RMSE Eb: 1.026
RMSE Rch: 0.012
MAPE Eb: 0.650
MAPE Rch: 0.348
--------------------------------------------------
**************************************************
Z=8, N=12, emax=6
RMSE Eb: 0.988
RMSE Rch: 0.012
MAPE Eb: 0.693
MAPE Rch: 0.330
--------------------------------------------------
**************************************************
Z=8, N=12, emax=8
RMSE Eb: 1.370
RMSE Rch: 0.012
MAPE Eb: 0.828
MAPE Rch: 0.340
--------------------------------------------------
**************************************************
Z=8, N=12, emax=4
RMSE Eb: 0.982
RMSE Rch: 0.008
MAPE Eb: 1.002
MAPE Rch: 0.236
--------------------------------------------------
**************************************************
Z=8, N=12, emax=10
RMSE Eb: 1.188
RMSE Rch: 0.010
MAPE Eb: 0.804
MAPE Rch: 0.296
--------------------------------------------------
**************************************************
Z=8, N=13, emax=8
RMSE Eb: 1.615
RMSE Rch: 0.011
MAPE Eb: 0.986
MAPE Rch: 0.320
--------------------------------------------------
**************************************************
Z=8, N=13, emax=4
RMSE Eb: 1.012
RMSE Rch: 0.010
MAPE Eb: 1.034
MAPE Rch: 0.268
--------------------------------------------------
**************************************************
Z=8, N=13, emax=6
RMSE Eb: 1.346
RMSE Rch: 0.011
MAPE Eb: 1.006
MAPE Rch: 0.321
--------------------------------------------------
**************************************************
Z=8, N=13, emax=10
RMSE Eb: 0.904
RMSE Rch: 0.010
MAPE Eb: 0.614
MAPE Rch: 0.308
--------------------------------------------------
**************************************************
Z=8, N=14, emax=6
RMSE Eb: 1.260
RMSE Rch: 0.011
MAPE Eb: 0.898
MAPE Rch: 0.301
--------------------------------------------------
**************************************************
Z=8, N=14, emax=10
RMSE Eb: 1.685
RMSE Rch: 0.012
MAPE Eb: 0.970
MAPE Rch: 0.332
--------------------------------------------------
**************************************************
Z=8, N=14, emax=4
RMSE Eb: 0.921
RMSE Rch: 0.011
MAPE Eb: 0.918
MAPE Rch: 0.275
--------------------------------------------------
**************************************************
Z=8, N=14, emax=8
RMSE Eb: 1.841
RMSE Rch: 0.013
MAPE Eb: 1.197
MAPE Rch: 0.367
--------------------------------------------------
**************************************************
Z=8, N=15, emax=8
RMSE Eb: 1.995
RMSE Rch: 0.012
MAPE Eb: 1.179
MAPE Rch: 0.331
--------------------------------------------------
**************************************************
Z=8, N=15, emax=6
RMSE Eb: 1.444
RMSE Rch: 0.011
MAPE Eb: 1.027
MAPE Rch: 0.317
--------------------------------------------------
**************************************************
Z=8, N=15, emax=4
RMSE Eb: 0.960
RMSE Rch: 0.011
MAPE Eb: 0.966
MAPE Rch: 0.280
--------------------------------------------------
**************************************************
Z=8, N=15, emax=10
RMSE Eb: 2.022
RMSE Rch: 0.011
MAPE Eb: 1.172
MAPE Rch: 0.309
--------------------------------------------------
**************************************************
Z=8, N=16, emax=4
RMSE Eb: 1.374
RMSE Rch: 0.013
MAPE Eb: 1.268
MAPE Rch: 0.327
--------------------------------------------------
**************************************************
Z=8, N=16, emax=8
RMSE Eb: 1.943
RMSE Rch: 0.012
MAPE Eb: 1.070
MAPE Rch: 0.332
--------------------------------------------------
**************************************************
Z=8, N=16, emax=6
RMSE Eb: 1.555
RMSE Rch: 0.011
MAPE Eb: 1.136
MAPE Rch: 0.322
--------------------------------------------------
**************************************************
Z=8, N=16, emax=10
RMSE Eb: 2.256
RMSE Rch: 0.013
MAPE Eb: 1.137
MAPE Rch: 0.372
--------------------------------------------------
