Activated conda environment
[DataLoader] Found 13 files matching the pattern.
[DataLoader] Combined data shape: (17234, 35)
[Preprocess] Data split => train: (11029, 35), val: (2758, 35), test: (3447, 35)
[Preprocess] Processed fidelity 4 (index 0): 3758 samples.
[Preprocess] Processed fidelity 6 (index 1): 3346 samples.
[Preprocess] Processed fidelity 8 (index 2): 3194 samples.
[Preprocess] Processed fidelity 10 (index 3): 731 samples.
[Preprocess] Processed fidelity 4 (index 0): 949 samples.
[Preprocess] Processed fidelity 6 (index 1): 833 samples.
[Preprocess] Processed fidelity 8 (index 2): 801 samples.
[Preprocess] Processed fidelity 10 (index 3): 175 samples.
Fidelity levels: [4, 6, 8, 10]
[Trainer] Starting BNN training...
[Trainer] No improvement. Iteration 7100. Early stopping counter: 1, LR counter: 1
[Trainer] No improvement. Iteration 7700. Early stopping counter: 1, LR counter: 1
[Trainer] No improvement. Iteration 7800. Early stopping counter: 2, LR counter: 2
[Trainer] No improvement. Iteration 8100. Early stopping counter: 1, LR counter: 1
[Trainer] No improvement. Iteration 8300. Early stopping counter: 1, LR counter: 1
[Trainer] No improvement. Iteration 8400. Early stopping counter: 2, LR counter: 2
[Trainer] No improvement. Iteration 8500. Early stopping counter: 3, LR counter: 3
[Trainer] No improvement. Iteration 8600. Early stopping counter: 4, LR counter: 4
[Trainer] No improvement. Iteration 8700. Early stopping counter: 5, LR counter: 5
[Trainer] No improvement. Iteration 8800. Early stopping counter: 6, LR counter: 6
[Trainer] No improvement. Iteration 9000. Early stopping counter: 1, LR counter: 1
[Trainer] No improvement. Iteration 9900. Early stopping counter: 1, LR counter: 1
[Trainer] No improvement. Iteration 10000. Early stopping counter: 2, LR counter: 2
[Trainer] No improvement. Iteration 10100. Early stopping counter: 3, LR counter: 3
[Trainer] No improvement. Iteration 10400. Early stopping counter: 1, LR counter: 1
[Trainer] No improvement. Iteration 10500. Early stopping counter: 2, LR counter: 2
[Trainer] No improvement. Iteration 10600. Early stopping counter: 3, LR counter: 3
[Trainer] No improvement. Iteration 10700. Early stopping counter: 4, LR counter: 4
[Trainer] No improvement. Iteration 10800. Early stopping counter: 5, LR counter: 5
[Trainer] No improvement. Iteration 10900. Early stopping counter: 6, LR counter: 6
[Trainer] No improvement. Iteration 11000. Early stopping counter: 7, LR counter: 7
[Trainer] No improvement. Iteration 11100. Early stopping counter: 8, LR counter: 8
[Trainer] No improvement. Iteration 11200. Early stopping counter: 9, LR counter: 9
[Trainer] No improvement. Iteration 11300. Early stopping counter: 10, LR counter: 10
[Trainer] No improvement. Iteration 11400. Early stopping counter: 11, LR counter: 11
[Trainer] No improvement. Iteration 11500. Early stopping counter: 12, LR counter: 12
[Trainer] No improvement. Iteration 11600. Early stopping counter: 13, LR counter: 13
[Trainer] No improvement. Iteration 11700. Early stopping counter: 14, LR counter: 14
[Trainer] No improvement. Iteration 11800. Early stopping counter: 15, LR counter: 15
[Trainer] No improvement. Iteration 11900. Early stopping counter: 16, LR counter: 16
[Trainer] No improvement. Iteration 12200. Early stopping counter: 1, LR counter: 1
[Trainer] No improvement. Iteration 12300. Early stopping counter: 2, LR counter: 2
[Trainer] No improvement. Iteration 12400. Early stopping counter: 3, LR counter: 3
[Trainer] No improvement. Iteration 12500. Early stopping counter: 4, LR counter: 4
[Trainer] No improvement. Iteration 12900. Early stopping counter: 1, LR counter: 1
[Trainer] No improvement. Iteration 13000. Early stopping counter: 2, LR counter: 2
[Trainer] No improvement. Iteration 13100. Early stopping counter: 3, LR counter: 3
[Trainer] No improvement. Iteration 13200. Early stopping counter: 4, LR counter: 4
[Trainer] No improvement. Iteration 13300. Early stopping counter: 5, LR counter: 5
[Trainer] No improvement. Iteration 13400. Early stopping counter: 6, LR counter: 6
[Trainer] No improvement. Iteration 13500. Early stopping counter: 7, LR counter: 7
[Trainer] No improvement. Iteration 13600. Early stopping counter: 8, LR counter: 8
[Trainer] No improvement. Iteration 13700. Early stopping counter: 9, LR counter: 9
[Trainer] No improvement. Iteration 13800. Early stopping counter: 10, LR counter: 10
[Trainer] No improvement. Iteration 13900. Early stopping counter: 11, LR counter: 11
[Trainer] No improvement. Iteration 14000. Early stopping counter: 12, LR counter: 12
[Trainer] No improvement. Iteration 14100. Early stopping counter: 13, LR counter: 13
[Trainer] No improvement. Iteration 14200. Early stopping counter: 14, LR counter: 14
[Trainer] No improvement. Iteration 14300. Early stopping counter: 15, LR counter: 15
[Trainer] No improvement. Iteration 14400. Early stopping counter: 16, LR counter: 16
[Trainer] No improvement. Iteration 14500. Early stopping counter: 17, LR counter: 17
[Trainer] No improvement. Iteration 14600. Early stopping counter: 18, LR counter: 18
[Trainer] No improvement. Iteration 14700. Early stopping counter: 19, LR counter: 19
[Trainer] No improvement. Iteration 14800. Early stopping counter: 20, LR counter: 20
[Trainer] No improvement. Iteration 14900. Early stopping counter: 21, LR counter: 21
[Trainer] No improvement. Iteration 15000. Early stopping counter: 22, LR counter: 22
[Trainer] No improvement. Iteration 15100. Early stopping counter: 23, LR counter: 23
[Trainer] No improvement. Iteration 15200. Early stopping counter: 24, LR counter: 24
[Trainer] No improvement. Iteration 15300. Early stopping counter: 25, LR counter: 25
[Trainer] Learning rate reduced to: 0.000010
[Trainer] No improvement. Iteration 15400. Early stopping counter: 26, LR counter: 1
[Trainer] No improvement. Iteration 15500. Early stopping counter: 27, LR counter: 2
[Trainer] No improvement. Iteration 15600. Early stopping counter: 28, LR counter: 3
[Trainer] No improvement. Iteration 15700. Early stopping counter: 29, LR counter: 4
[Trainer] No improvement. Iteration 15800. Early stopping counter: 30, LR counter: 5
[Trainer] No improvement. Iteration 15900. Early stopping counter: 31, LR counter: 6
[Trainer] No improvement. Iteration 16000. Early stopping counter: 32, LR counter: 7
[Trainer] No improvement. Iteration 16100. Early stopping counter: 33, LR counter: 8
[Trainer] No improvement. Iteration 16200. Early stopping counter: 34, LR counter: 9
[Trainer] No improvement. Iteration 16300. Early stopping counter: 35, LR counter: 10
[Trainer] No improvement. Iteration 16400. Early stopping counter: 36, LR counter: 11
[Trainer] No improvement. Iteration 16500. Early stopping counter: 37, LR counter: 12
[Trainer] No improvement. Iteration 16600. Early stopping counter: 38, LR counter: 13
[Trainer] No improvement. Iteration 16700. Early stopping counter: 39, LR counter: 14
[Trainer] No improvement. Iteration 16800. Early stopping counter: 40, LR counter: 15
[Trainer] No improvement. Iteration 16900. Early stopping counter: 41, LR counter: 16
[Trainer] No improvement. Iteration 17000. Early stopping counter: 42, LR counter: 17
[Trainer] No improvement. Iteration 17100. Early stopping counter: 43, LR counter: 18
[Trainer] No improvement. Iteration 17200. Early stopping counter: 44, LR counter: 19
[Trainer] No improvement. Iteration 17300. Early stopping counter: 45, LR counter: 20
[Trainer] No improvement. Iteration 17400. Early stopping counter: 46, LR counter: 21
[Trainer] No improvement. Iteration 17500. Early stopping counter: 47, LR counter: 22
[Trainer] No improvement. Iteration 17600. Early stopping counter: 48, LR counter: 23
[Trainer] No improvement. Iteration 17700. Early stopping counter: 49, LR counter: 24
[Trainer] No improvement. Iteration 17800. Early stopping counter: 50, LR counter: 25
[Trainer] Learning rate reduced to: 0.000001
[Trainer] Early stopping triggered.
[Trainer] Training completed.
[Trainer] Calibrating temperatures on validation set...
[Trainer] Temperature calibration finished. Calibrated temperatures: {4: 1.4687973260879517, 6: 1.0377171039581299, 8: 1.1249972581863403, 10: 1.2403602600097656}
[Trainer] BNN training completed.
**************************************************
Z=8, N=4, emax=4
RMSE Eb: 0.844
RMSE Rch: 0.008
MAPE Eb: 2.521
MAPE Rch: 0.384
--------------------------------------------------
**************************************************
Z=8, N=4, emax=10
RMSE Eb: 1.340
RMSE Rch: 0.039
MAPE Eb: 2.229
MAPE Rch: 1.970
--------------------------------------------------
**************************************************
Z=8, N=4, emax=6
RMSE Eb: 1.002
RMSE Rch: 0.011
MAPE Eb: 2.088
MAPE Rch: 0.542
--------------------------------------------------
**************************************************
Z=8, N=4, emax=8
RMSE Eb: 1.767
RMSE Rch: 0.019
MAPE Eb: 3.296
MAPE Rch: 0.959
--------------------------------------------------
**************************************************
Z=8, N=5, emax=8
RMSE Eb: 1.921
RMSE Rch: 0.016
MAPE Eb: 2.810
MAPE Rch: 0.826
--------------------------------------------------
**************************************************
Z=8, N=5, emax=6
RMSE Eb: 1.199
RMSE Rch: 0.007
MAPE Eb: 1.847
MAPE Rch: 0.342
--------------------------------------------------
**************************************************
Z=8, N=5, emax=4
RMSE Eb: 0.723
RMSE Rch: 0.010
MAPE Eb: 1.385
MAPE Rch: 0.506
--------------------------------------------------
**************************************************
Z=8, N=5, emax=10
RMSE Eb: 0.928
RMSE Rch: 0.023
MAPE Eb: 1.225
MAPE Rch: 1.147
--------------------------------------------------
**************************************************
Z=8, N=6, emax=4
RMSE Eb: 0.981
RMSE Rch: 0.007
MAPE Eb: 1.477
MAPE Rch: 0.310
--------------------------------------------------
**************************************************
Z=8, N=6, emax=6
RMSE Eb: 1.234
RMSE Rch: 0.008
MAPE Eb: 1.451
MAPE Rch: 0.373
--------------------------------------------------
**************************************************
Z=8, N=6, emax=8
RMSE Eb: 2.058
RMSE Rch: 0.016
MAPE Eb: 2.175
MAPE Rch: 0.805
--------------------------------------------------
**************************************************
Z=8, N=6, emax=10
RMSE Eb: 1.995
RMSE Rch: 0.015
MAPE Eb: 1.975
MAPE Rch: 0.837
--------------------------------------------------
**************************************************
Z=8, N=7, emax=8
RMSE Eb: 1.862
RMSE Rch: 0.025
MAPE Eb: 1.692
MAPE Rch: 1.468
--------------------------------------------------
**************************************************
Z=8, N=7, emax=10
RMSE Eb: 1.974
RMSE Rch: 0.021
MAPE Eb: 1.712
MAPE Rch: 1.169
--------------------------------------------------
**************************************************
Z=8, N=7, emax=6
RMSE Eb: 1.215
RMSE Rch: 0.019
MAPE Eb: 1.198
MAPE Rch: 1.023
--------------------------------------------------
**************************************************
Z=8, N=7, emax=4
RMSE Eb: 0.727
RMSE Rch: 0.015
MAPE Eb: 0.914
MAPE Rch: 0.722
--------------------------------------------------
**************************************************
Z=8, N=8, emax=4
RMSE Eb: 0.795
RMSE Rch: 0.008
MAPE Eb: 0.923
MAPE Rch: 0.229
--------------------------------------------------
**************************************************
Z=8, N=8, emax=8
RMSE Eb: 1.309
RMSE Rch: 0.013
MAPE Eb: 1.131
MAPE Rch: 0.378
--------------------------------------------------
**************************************************
Z=8, N=8, emax=6
RMSE Eb: 1.084
RMSE Rch: 0.009
MAPE Eb: 0.918
MAPE Rch: 0.243
--------------------------------------------------
**************************************************
Z=8, N=8, emax=10
RMSE Eb: 1.749
RMSE Rch: 0.012
MAPE Eb: 1.394
MAPE Rch: 0.378
--------------------------------------------------
**************************************************
Z=8, N=9, emax=8
RMSE Eb: 1.705
RMSE Rch: 0.015
MAPE Eb: 1.484
MAPE Rch: 0.482
--------------------------------------------------
**************************************************
Z=8, N=9, emax=6
RMSE Eb: 0.882
RMSE Rch: 0.012
MAPE Eb: 0.792
MAPE Rch: 0.359
--------------------------------------------------
**************************************************
Z=8, N=9, emax=4
RMSE Eb: 0.629
RMSE Rch: 0.007
MAPE Eb: 0.665
MAPE Rch: 0.188
--------------------------------------------------
**************************************************
Z=8, N=9, emax=10
RMSE Eb: 1.029
RMSE Rch: 0.019
MAPE Eb: 0.830
MAPE Rch: 0.631
--------------------------------------------------
**************************************************
Z=8, N=10, emax=4
RMSE Eb: 0.500
RMSE Rch: 0.009
MAPE Eb: 0.494
MAPE Rch: 0.260
--------------------------------------------------
**************************************************
Z=8, N=10, emax=10
RMSE Eb: 1.264
RMSE Rch: 0.019
MAPE Eb: 0.970
MAPE Rch: 0.624
--------------------------------------------------
**************************************************
Z=8, N=10, emax=6
RMSE Eb: 0.790
RMSE Rch: 0.014
MAPE Eb: 0.673
MAPE Rch: 0.463
--------------------------------------------------
**************************************************
Z=8, N=10, emax=8
RMSE Eb: 1.616
RMSE Rch: 0.013
MAPE Eb: 1.295
MAPE Rch: 0.408
--------------------------------------------------
**************************************************
Z=8, N=11, emax=4
RMSE Eb: 0.543
RMSE Rch: 0.011
MAPE Eb: 0.502
MAPE Rch: 0.325
--------------------------------------------------
**************************************************
Z=8, N=11, emax=6
RMSE Eb: 0.701
RMSE Rch: 0.016
MAPE Eb: 0.495
MAPE Rch: 0.518
--------------------------------------------------
**************************************************
Z=8, N=11, emax=8
RMSE Eb: 1.620
RMSE Rch: 0.018
MAPE Eb: 1.297
MAPE Rch: 0.593
--------------------------------------------------
**************************************************
Z=8, N=11, emax=10
RMSE Eb: 1.199
RMSE Rch: 0.026
MAPE Eb: 0.933
MAPE Rch: 0.881
--------------------------------------------------
**************************************************
Z=8, N=12, emax=6
RMSE Eb: 0.723
RMSE Rch: 0.014
MAPE Eb: 0.551
MAPE Rch: 0.452
--------------------------------------------------
**************************************************
Z=8, N=12, emax=4
RMSE Eb: 0.444
RMSE Rch: 0.008
MAPE Eb: 0.456
MAPE Rch: 0.231
--------------------------------------------------
**************************************************
Z=8, N=12, emax=8
RMSE Eb: 1.523
RMSE Rch: 0.018
MAPE Eb: 1.225
MAPE Rch: 0.582
--------------------------------------------------
**************************************************
Z=8, N=12, emax=10
RMSE Eb: 1.245
RMSE Rch: 0.022
MAPE Eb: 0.914
MAPE Rch: 0.733
--------------------------------------------------
**************************************************
Z=8, N=13, emax=8
RMSE Eb: 1.891
RMSE Rch: 0.017
MAPE Eb: 1.449
MAPE Rch: 0.558
--------------------------------------------------
**************************************************
Z=8, N=13, emax=4
RMSE Eb: 0.478
RMSE Rch: 0.009
MAPE Eb: 0.493
MAPE Rch: 0.269
--------------------------------------------------
**************************************************
Z=8, N=13, emax=10
RMSE Eb: 1.070
RMSE Rch: 0.017
MAPE Eb: 0.730
MAPE Rch: 0.587
--------------------------------------------------
**************************************************
Z=8, N=13, emax=6
RMSE Eb: 0.573
RMSE Rch: 0.013
MAPE Eb: 0.420
MAPE Rch: 0.410
--------------------------------------------------
**************************************************
Z=8, N=14, emax=8
RMSE Eb: 1.632
RMSE Rch: 0.022
MAPE Eb: 1.165
MAPE Rch: 0.704
--------------------------------------------------
**************************************************
Z=8, N=14, emax=4
RMSE Eb: 0.504
RMSE Rch: 0.009
MAPE Eb: 0.512
MAPE Rch: 0.270
--------------------------------------------------
**************************************************
Z=8, N=14, emax=6
RMSE Eb: 0.632
RMSE Rch: 0.015
MAPE Eb: 0.477
MAPE Rch: 0.467
--------------------------------------------------
**************************************************
Z=8, N=14, emax=10
RMSE Eb: 1.392
RMSE Rch: 0.022
MAPE Eb: 1.009
MAPE Rch: 0.699
--------------------------------------------------
**************************************************
Z=8, N=15, emax=8
RMSE Eb: 1.471
RMSE Rch: 0.020
MAPE Eb: 1.019
MAPE Rch: 0.654
--------------------------------------------------
**************************************************
Z=8, N=15, emax=4
RMSE Eb: 0.668
RMSE Rch: 0.009
MAPE Eb: 0.596
MAPE Rch: 0.270
--------------------------------------------------
**************************************************
Z=8, N=15, emax=6
RMSE Eb: 0.611
RMSE Rch: 0.019
MAPE Eb: 0.435
MAPE Rch: 0.635
--------------------------------------------------
**************************************************
Z=8, N=15, emax=10
RMSE Eb: 1.535
RMSE Rch: 0.021
MAPE Eb: 1.015
MAPE Rch: 0.717
--------------------------------------------------
**************************************************
Z=8, N=16, emax=8
RMSE Eb: 1.908
RMSE Rch: 0.018
MAPE Eb: 1.341
MAPE Rch: 0.579
--------------------------------------------------
**************************************************
Z=8, N=16, emax=6
RMSE Eb: 0.589
RMSE Rch: 0.015
MAPE Eb: 0.384
MAPE Rch: 0.478
--------------------------------------------------
**************************************************
Z=8, N=16, emax=10
RMSE Eb: 1.431
RMSE Rch: 0.021
MAPE Eb: 0.897
MAPE Rch: 0.678
--------------------------------------------------
**************************************************
Z=8, N=16, emax=4
RMSE Eb: 0.578
RMSE Rch: 0.009
MAPE Eb: 0.601
MAPE Rch: 0.237
--------------------------------------------------
Finished VAL for AE n=542
**************************************************
Z=8, N=4, emax=6
RMSE Eb: 1.054
RMSE Rch: 0.011
MAPE Eb: 2.078
MAPE Rch: 0.525
--------------------------------------------------
**************************************************
Z=8, N=4, emax=8
RMSE Eb: 1.553
RMSE Rch: 0.019
MAPE Eb: 2.778
MAPE Rch: 0.931
--------------------------------------------------
**************************************************
Z=8, N=4, emax=4
RMSE Eb: 0.765
RMSE Rch: 0.008
MAPE Eb: 2.061
MAPE Rch: 0.331
--------------------------------------------------
**************************************************
Z=8, N=4, emax=10
RMSE Eb: 1.249
RMSE Rch: 0.019
MAPE Eb: 1.976
MAPE Rch: 1.077
--------------------------------------------------
**************************************************
Z=8, N=5, emax=4
RMSE Eb: 0.655
RMSE Rch: 0.010
MAPE Eb: 1.269
MAPE Rch: 0.477
--------------------------------------------------
**************************************************
Z=8, N=5, emax=8
RMSE Eb: 1.926
RMSE Rch: 0.017
MAPE Eb: 2.929
MAPE Rch: 0.889
--------------------------------------------------
**************************************************
Z=8, N=5, emax=6
RMSE Eb: 1.113
RMSE Rch: 0.007
MAPE Eb: 1.697
MAPE Rch: 0.362
--------------------------------------------------
**************************************************
Z=8, N=5, emax=10
RMSE Eb: 1.607
RMSE Rch: 0.012
MAPE Eb: 2.000
MAPE Rch: 0.666
--------------------------------------------------
**************************************************
Z=8, N=6, emax=4
RMSE Eb: 0.978
RMSE Rch: 0.007
MAPE Eb: 1.388
MAPE Rch: 0.321
--------------------------------------------------
**************************************************
Z=8, N=6, emax=8
RMSE Eb: 2.042
RMSE Rch: 0.014
MAPE Eb: 2.247
MAPE Rch: 0.681
--------------------------------------------------
**************************************************
Z=8, N=6, emax=6
RMSE Eb: 1.252
RMSE Rch: 0.010
MAPE Eb: 1.476
MAPE Rch: 0.475
--------------------------------------------------
**************************************************
Z=8, N=6, emax=10
RMSE Eb: 2.110
RMSE Rch: 0.014
MAPE Eb: 2.204
MAPE Rch: 0.833
--------------------------------------------------
**************************************************
Z=8, N=7, emax=4
RMSE Eb: 0.824
RMSE Rch: 0.013
MAPE Eb: 0.952
MAPE Rch: 0.654
--------------------------------------------------
**************************************************
Z=8, N=7, emax=8
RMSE Eb: 1.837
RMSE Rch: 0.027
MAPE Eb: 1.666
MAPE Rch: 1.659
--------------------------------------------------
**************************************************
Z=8, N=7, emax=6
RMSE Eb: 1.119
RMSE Rch: 0.017
MAPE Eb: 1.087
MAPE Rch: 0.946
--------------------------------------------------
**************************************************
Z=8, N=7, emax=10
RMSE Eb: 2.071
RMSE Rch: 0.023
MAPE Eb: 1.906
MAPE Rch: 1.306
--------------------------------------------------
**************************************************
Z=8, N=8, emax=4
RMSE Eb: 0.754
RMSE Rch: 0.007
MAPE Eb: 0.808
MAPE Rch: 0.189
--------------------------------------------------
**************************************************
Z=8, N=8, emax=6
RMSE Eb: 0.955
RMSE Rch: 0.009
MAPE Eb: 0.839
MAPE Rch: 0.267
--------------------------------------------------
**************************************************
Z=8, N=8, emax=8
RMSE Eb: 1.358
RMSE Rch: 0.014
MAPE Eb: 1.164
MAPE Rch: 0.401
--------------------------------------------------
**************************************************
Z=8, N=8, emax=10
RMSE Eb: 2.095
RMSE Rch: 0.015
MAPE Eb: 1.740
MAPE Rch: 0.378
--------------------------------------------------
**************************************************
Z=8, N=9, emax=4
RMSE Eb: 0.586
RMSE Rch: 0.007
MAPE Eb: 0.589
MAPE Rch: 0.200
--------------------------------------------------
**************************************************
Z=8, N=9, emax=8
RMSE Eb: 1.717
RMSE Rch: 0.018
MAPE Eb: 1.479
MAPE Rch: 0.564
--------------------------------------------------
**************************************************
Z=8, N=9, emax=6
RMSE Eb: 0.921
RMSE Rch: 0.012
MAPE Eb: 0.801
MAPE Rch: 0.384
--------------------------------------------------
**************************************************
Z=8, N=9, emax=10
RMSE Eb: 1.223
RMSE Rch: 0.017
MAPE Eb: 0.922
MAPE Rch: 0.538
--------------------------------------------------
**************************************************
Z=8, N=10, emax=4
RMSE Eb: 0.514
RMSE Rch: 0.008
MAPE Eb: 0.525
MAPE Rch: 0.249
--------------------------------------------------
**************************************************
Z=8, N=10, emax=6
RMSE Eb: 0.875
RMSE Rch: 0.013
MAPE Eb: 0.698
MAPE Rch: 0.431
--------------------------------------------------
**************************************************
Z=8, N=10, emax=8
RMSE Eb: 1.617
RMSE Rch: 0.013
MAPE Eb: 1.355
MAPE Rch: 0.403
--------------------------------------------------
**************************************************
Z=8, N=10, emax=10
RMSE Eb: 0.955
RMSE Rch: 0.017
MAPE Eb: 0.758
MAPE Rch: 0.582
--------------------------------------------------
**************************************************
Z=8, N=11, emax=8
RMSE Eb: 1.530
RMSE Rch: 0.017
MAPE Eb: 1.220
MAPE Rch: 0.572
--------------------------------------------------
**************************************************
Z=8, N=11, emax=4
RMSE Eb: 0.553
RMSE Rch: 0.012
MAPE Eb: 0.580
MAPE Rch: 0.382
--------------------------------------------------
**************************************************
Z=8, N=11, emax=6
RMSE Eb: 0.657
RMSE Rch: 0.016
MAPE Eb: 0.533
MAPE Rch: 0.549
--------------------------------------------------
**************************************************
Z=8, N=11, emax=10
RMSE Eb: 1.710
RMSE Rch: 0.025
MAPE Eb: 1.294
MAPE Rch: 0.836
--------------------------------------------------
**************************************************
Z=8, N=12, emax=6
RMSE Eb: 0.710
RMSE Rch: 0.013
MAPE Eb: 0.564
MAPE Rch: 0.414
--------------------------------------------------
**************************************************
Z=8, N=12, emax=8
RMSE Eb: 1.413
RMSE Rch: 0.019
MAPE Eb: 1.090
MAPE Rch: 0.634
--------------------------------------------------
**************************************************
Z=8, N=12, emax=4
RMSE Eb: 0.442
RMSE Rch: 0.008
MAPE Eb: 0.432
MAPE Rch: 0.248
--------------------------------------------------
**************************************************
Z=8, N=12, emax=10
RMSE Eb: 1.610
RMSE Rch: 0.019
MAPE Eb: 1.241
MAPE Rch: 0.654
--------------------------------------------------
**************************************************
Z=8, N=13, emax=8
RMSE Eb: 1.796
RMSE Rch: 0.016
MAPE Eb: 1.393
MAPE Rch: 0.524
--------------------------------------------------
**************************************************
Z=8, N=13, emax=4
RMSE Eb: 0.548
RMSE Rch: 0.008
MAPE Eb: 0.577
MAPE Rch: 0.222
--------------------------------------------------
**************************************************
Z=8, N=13, emax=6
RMSE Eb: 0.640
RMSE Rch: 0.013
MAPE Eb: 0.484
MAPE Rch: 0.411
--------------------------------------------------
**************************************************
Z=8, N=13, emax=10
RMSE Eb: 1.264
RMSE Rch: 0.025
MAPE Eb: 0.903
MAPE Rch: 0.708
--------------------------------------------------
**************************************************
Z=8, N=14, emax=6
RMSE Eb: 0.725
RMSE Rch: 0.016
MAPE Eb: 0.512
MAPE Rch: 0.521
--------------------------------------------------
**************************************************
Z=8, N=14, emax=10
RMSE Eb: 1.291
RMSE Rch: 0.026
MAPE Eb: 0.776
MAPE Rch: 0.819
--------------------------------------------------
**************************************************
Z=8, N=14, emax=4
RMSE Eb: 0.542
RMSE Rch: 0.009
MAPE Eb: 0.538
MAPE Rch: 0.261
--------------------------------------------------
**************************************************
Z=8, N=14, emax=8
RMSE Eb: 1.670
RMSE Rch: 0.023
MAPE Eb: 1.205
MAPE Rch: 0.763
--------------------------------------------------
**************************************************
Z=8, N=15, emax=8
RMSE Eb: 1.604
RMSE Rch: 0.019
MAPE Eb: 1.131
MAPE Rch: 0.639
--------------------------------------------------
**************************************************
Z=8, N=15, emax=6
RMSE Eb: 0.664
RMSE Rch: 0.019
MAPE Eb: 0.478
MAPE Rch: 0.610
--------------------------------------------------
**************************************************
Z=8, N=15, emax=4
RMSE Eb: 0.468
RMSE Rch: 0.010
MAPE Eb: 0.469
MAPE Rch: 0.291
--------------------------------------------------
**************************************************
Z=8, N=15, emax=10
RMSE Eb: 1.618
RMSE Rch: 0.020
MAPE Eb: 1.104
MAPE Rch: 0.669
--------------------------------------------------
**************************************************
Z=8, N=16, emax=4
RMSE Eb: 0.640
RMSE Rch: 0.011
MAPE Eb: 0.617
MAPE Rch: 0.302
--------------------------------------------------
**************************************************
Z=8, N=16, emax=8
RMSE Eb: 1.989
RMSE Rch: 0.017
MAPE Eb: 1.377
MAPE Rch: 0.550
--------------------------------------------------
**************************************************
Z=8, N=16, emax=6
RMSE Eb: 0.708
RMSE Rch: 0.014
MAPE Eb: 0.483
MAPE Rch: 0.421
--------------------------------------------------
**************************************************
Z=8, N=16, emax=10
RMSE Eb: 1.480
RMSE Rch: 0.018
MAPE Eb: 0.923
MAPE Rch: 0.622
--------------------------------------------------
