Activated conda environment
[DataLoader] Found 13 files matching the pattern.
[DataLoader] Combined data shape: (17234, 35)
[Preprocess] Data split => train: (11029, 35), val: (2758, 35), test: (3447, 35)
[Preprocess] Processed fidelity 4 (index 0): 3758 samples.
[Preprocess] Processed fidelity 6 (index 1): 3346 samples.
[Preprocess] Processed fidelity 8 (index 2): 3194 samples.
[Preprocess] Processed fidelity 10 (index 3): 731 samples.
[Preprocess] Processed fidelity 4 (index 0): 949 samples.
[Preprocess] Processed fidelity 6 (index 1): 833 samples.
[Preprocess] Processed fidelity 8 (index 2): 801 samples.
[Preprocess] Processed fidelity 10 (index 3): 175 samples.
Fidelity levels: [4, 6, 8, 10]
[Trainer] Starting BNN training...
[Trainer] No improvement. Iteration 7700. Early stopping counter: 1, LR counter: 1
[Trainer] No improvement. Iteration 7800. Early stopping counter: 2, LR counter: 2
[Trainer] No improvement. Iteration 7900. Early stopping counter: 3, LR counter: 3
[Trainer] No improvement. Iteration 8000. Early stopping counter: 4, LR counter: 4
[Trainer] No improvement. Iteration 8100. Early stopping counter: 5, LR counter: 5
[Trainer] No improvement. Iteration 8300. Early stopping counter: 1, LR counter: 1
[Trainer] No improvement. Iteration 8400. Early stopping counter: 2, LR counter: 2
[Trainer] No improvement. Iteration 9000. Early stopping counter: 1, LR counter: 1
[Trainer] No improvement. Iteration 9100. Early stopping counter: 2, LR counter: 2
[Trainer] No improvement. Iteration 9300. Early stopping counter: 1, LR counter: 1
[Trainer] No improvement. Iteration 9400. Early stopping counter: 2, LR counter: 2
[Trainer] No improvement. Iteration 9500. Early stopping counter: 3, LR counter: 3
[Trainer] No improvement. Iteration 9600. Early stopping counter: 4, LR counter: 4
[Trainer] No improvement. Iteration 9700. Early stopping counter: 5, LR counter: 5
[Trainer] No improvement. Iteration 9800. Early stopping counter: 6, LR counter: 6
[Trainer] No improvement. Iteration 10000. Early stopping counter: 1, LR counter: 1
[Trainer] No improvement. Iteration 10100. Early stopping counter: 2, LR counter: 2
[Trainer] No improvement. Iteration 10200. Early stopping counter: 3, LR counter: 3
[Trainer] No improvement. Iteration 10300. Early stopping counter: 4, LR counter: 4
[Trainer] No improvement. Iteration 10400. Early stopping counter: 5, LR counter: 5
[Trainer] No improvement. Iteration 10600. Early stopping counter: 1, LR counter: 1
[Trainer] No improvement. Iteration 10800. Early stopping counter: 1, LR counter: 1
[Trainer] No improvement. Iteration 10900. Early stopping counter: 2, LR counter: 2
[Trainer] No improvement. Iteration 11000. Early stopping counter: 3, LR counter: 3
[Trainer] No improvement. Iteration 11100. Early stopping counter: 4, LR counter: 4
[Trainer] No improvement. Iteration 11200. Early stopping counter: 5, LR counter: 5
[Trainer] No improvement. Iteration 11300. Early stopping counter: 6, LR counter: 6
[Trainer] No improvement. Iteration 11400. Early stopping counter: 7, LR counter: 7
[Trainer] No improvement. Iteration 11500. Early stopping counter: 8, LR counter: 8
[Trainer] No improvement. Iteration 11600. Early stopping counter: 9, LR counter: 9
[Trainer] No improvement. Iteration 11700. Early stopping counter: 10, LR counter: 10
[Trainer] No improvement. Iteration 11800. Early stopping counter: 11, LR counter: 11
[Trainer] No improvement. Iteration 11900. Early stopping counter: 12, LR counter: 12
[Trainer] No improvement. Iteration 12000. Early stopping counter: 13, LR counter: 13
[Trainer] No improvement. Iteration 12100. Early stopping counter: 14, LR counter: 14
[Trainer] No improvement. Iteration 12200. Early stopping counter: 15, LR counter: 15
[Trainer] No improvement. Iteration 12300. Early stopping counter: 16, LR counter: 16
[Trainer] No improvement. Iteration 12400. Early stopping counter: 17, LR counter: 17
[Trainer] No improvement. Iteration 12500. Early stopping counter: 18, LR counter: 18
[Trainer] No improvement. Iteration 12600. Early stopping counter: 19, LR counter: 19
[Trainer] No improvement. Iteration 12700. Early stopping counter: 20, LR counter: 20
[Trainer] No improvement. Iteration 12800. Early stopping counter: 21, LR counter: 21
[Trainer] No improvement. Iteration 12900. Early stopping counter: 22, LR counter: 22
[Trainer] No improvement. Iteration 13000. Early stopping counter: 23, LR counter: 23
[Trainer] No improvement. Iteration 13100. Early stopping counter: 24, LR counter: 24
[Trainer] No improvement. Iteration 13200. Early stopping counter: 25, LR counter: 25
[Trainer] Learning rate reduced to: 0.000010
[Trainer] No improvement. Iteration 13300. Early stopping counter: 26, LR counter: 1
[Trainer] No improvement. Iteration 13400. Early stopping counter: 27, LR counter: 2
[Trainer] No improvement. Iteration 13500. Early stopping counter: 28, LR counter: 3
[Trainer] No improvement. Iteration 13600. Early stopping counter: 29, LR counter: 4
[Trainer] No improvement. Iteration 13700. Early stopping counter: 30, LR counter: 5
[Trainer] No improvement. Iteration 13800. Early stopping counter: 31, LR counter: 6
[Trainer] No improvement. Iteration 13900. Early stopping counter: 32, LR counter: 7
[Trainer] No improvement. Iteration 14000. Early stopping counter: 33, LR counter: 8
[Trainer] No improvement. Iteration 14100. Early stopping counter: 34, LR counter: 9
[Trainer] No improvement. Iteration 14200. Early stopping counter: 35, LR counter: 10
[Trainer] No improvement. Iteration 14300. Early stopping counter: 36, LR counter: 11
[Trainer] No improvement. Iteration 14400. Early stopping counter: 37, LR counter: 12
[Trainer] No improvement. Iteration 14500. Early stopping counter: 38, LR counter: 13
[Trainer] No improvement. Iteration 14600. Early stopping counter: 39, LR counter: 14
[Trainer] No improvement. Iteration 14700. Early stopping counter: 40, LR counter: 15
[Trainer] No improvement. Iteration 14800. Early stopping counter: 41, LR counter: 16
[Trainer] No improvement. Iteration 14900. Early stopping counter: 42, LR counter: 17
[Trainer] No improvement. Iteration 15000. Early stopping counter: 43, LR counter: 18
[Trainer] No improvement. Iteration 15100. Early stopping counter: 44, LR counter: 19
[Trainer] No improvement. Iteration 15200. Early stopping counter: 45, LR counter: 20
[Trainer] No improvement. Iteration 15300. Early stopping counter: 46, LR counter: 21
[Trainer] No improvement. Iteration 15400. Early stopping counter: 47, LR counter: 22
[Trainer] No improvement. Iteration 15500. Early stopping counter: 48, LR counter: 23
[Trainer] No improvement. Iteration 15600. Early stopping counter: 49, LR counter: 24
[Trainer] No improvement. Iteration 15700. Early stopping counter: 50, LR counter: 25
[Trainer] Learning rate reduced to: 0.000001
[Trainer] Early stopping triggered.
[Trainer] Training completed.
[Trainer] Calibrating temperatures on validation set...
[Trainer] Temperature calibration finished. Calibrated temperatures: {4: 1.4069310426712036, 6: 1.1758930683135986, 8: 1.3155900239944458, 10: 1.330590009689331}
[Trainer] BNN training completed.
**************************************************
Z=8, N=4, emax=4
RMSE Eb: 0.649
RMSE Rch: 0.010
MAPE Eb: 1.866
MAPE Rch: 0.431
--------------------------------------------------
**************************************************
Z=8, N=4, emax=10
RMSE Eb: 1.294
RMSE Rch: 0.031
MAPE Eb: 2.290
MAPE Rch: 1.699
--------------------------------------------------
**************************************************
Z=8, N=4, emax=6
RMSE Eb: 0.750
RMSE Rch: 0.012
MAPE Eb: 1.451
MAPE Rch: 0.574
--------------------------------------------------
**************************************************
Z=8, N=4, emax=8
RMSE Eb: 1.100
RMSE Rch: 0.017
MAPE Eb: 1.857
MAPE Rch: 0.830
--------------------------------------------------
**************************************************
Z=8, N=5, emax=8
RMSE Eb: 1.151
RMSE Rch: 0.015
MAPE Eb: 1.415
MAPE Rch: 0.692
--------------------------------------------------
**************************************************
Z=8, N=5, emax=6
RMSE Eb: 0.801
RMSE Rch: 0.009
MAPE Eb: 1.106
MAPE Rch: 0.424
--------------------------------------------------
**************************************************
Z=8, N=5, emax=4
RMSE Eb: 0.746
RMSE Rch: 0.007
MAPE Eb: 1.609
MAPE Rch: 0.325
--------------------------------------------------
**************************************************
Z=8, N=5, emax=10
RMSE Eb: 1.086
RMSE Rch: 0.017
MAPE Eb: 1.486
MAPE Rch: 0.969
--------------------------------------------------
**************************************************
Z=8, N=6, emax=4
RMSE Eb: 0.764
RMSE Rch: 0.009
MAPE Eb: 1.126
MAPE Rch: 0.399
--------------------------------------------------
**************************************************
Z=8, N=6, emax=6
RMSE Eb: 0.778
RMSE Rch: 0.009
MAPE Eb: 0.877
MAPE Rch: 0.448
--------------------------------------------------
**************************************************
Z=8, N=6, emax=8
RMSE Eb: 1.147
RMSE Rch: 0.013
MAPE Eb: 1.068
MAPE Rch: 0.614
--------------------------------------------------
**************************************************
Z=8, N=6, emax=10
RMSE Eb: 1.333
RMSE Rch: 0.013
MAPE Eb: 1.286
MAPE Rch: 0.708
--------------------------------------------------
**************************************************
Z=8, N=7, emax=8
RMSE Eb: 1.371
RMSE Rch: 0.014
MAPE Eb: 1.184
MAPE Rch: 0.718
--------------------------------------------------
**************************************************
Z=8, N=7, emax=10
RMSE Eb: 0.963
RMSE Rch: 0.015
MAPE Eb: 0.784
MAPE Rch: 0.786
--------------------------------------------------
**************************************************
Z=8, N=7, emax=6
RMSE Eb: 0.963
RMSE Rch: 0.011
MAPE Eb: 0.795
MAPE Rch: 0.575
--------------------------------------------------
**************************************************
Z=8, N=7, emax=4
RMSE Eb: 0.712
RMSE Rch: 0.010
MAPE Eb: 0.867
MAPE Rch: 0.475
--------------------------------------------------
**************************************************
Z=8, N=8, emax=4
RMSE Eb: 0.750
RMSE Rch: 0.007
MAPE Eb: 0.826
MAPE Rch: 0.210
--------------------------------------------------
**************************************************
Z=8, N=8, emax=8
RMSE Eb: 1.036
RMSE Rch: 0.011
MAPE Eb: 0.810
MAPE Rch: 0.317
--------------------------------------------------
**************************************************
Z=8, N=8, emax=6
RMSE Eb: 0.843
RMSE Rch: 0.009
MAPE Eb: 0.701
MAPE Rch: 0.251
--------------------------------------------------
**************************************************
Z=8, N=8, emax=10
RMSE Eb: 0.622
RMSE Rch: 0.012
MAPE Eb: 0.487
MAPE Rch: 0.350
--------------------------------------------------
**************************************************
Z=8, N=9, emax=8
RMSE Eb: 1.026
RMSE Rch: 0.009
MAPE Eb: 0.730
MAPE Rch: 0.258
--------------------------------------------------
**************************************************
Z=8, N=9, emax=6
RMSE Eb: 0.518
RMSE Rch: 0.008
MAPE Eb: 0.433
MAPE Rch: 0.229
--------------------------------------------------
**************************************************
Z=8, N=9, emax=4
RMSE Eb: 0.593
RMSE Rch: 0.006
MAPE Eb: 0.646
MAPE Rch: 0.173
--------------------------------------------------
**************************************************
Z=8, N=9, emax=10
RMSE Eb: 0.938
RMSE Rch: 0.011
MAPE Eb: 0.677
MAPE Rch: 0.346
--------------------------------------------------
**************************************************
Z=8, N=10, emax=4
RMSE Eb: 0.436
RMSE Rch: 0.006
MAPE Eb: 0.497
MAPE Rch: 0.179
--------------------------------------------------
**************************************************
Z=8, N=10, emax=10
RMSE Eb: 1.420
RMSE Rch: 0.013
MAPE Eb: 0.909
MAPE Rch: 0.395
--------------------------------------------------
**************************************************
Z=8, N=10, emax=6
RMSE Eb: 0.621
RMSE Rch: 0.007
MAPE Eb: 0.503
MAPE Rch: 0.213
--------------------------------------------------
**************************************************
Z=8, N=10, emax=8
RMSE Eb: 0.979
RMSE Rch: 0.009
MAPE Eb: 0.695
MAPE Rch: 0.270
--------------------------------------------------
**************************************************
Z=8, N=11, emax=4
RMSE Eb: 0.532
RMSE Rch: 0.006
MAPE Eb: 0.534
MAPE Rch: 0.170
--------------------------------------------------
**************************************************
Z=8, N=11, emax=6
RMSE Eb: 0.600
RMSE Rch: 0.009
MAPE Eb: 0.442
MAPE Rch: 0.261
--------------------------------------------------
**************************************************
Z=8, N=11, emax=8
RMSE Eb: 0.785
RMSE Rch: 0.008
MAPE Eb: 0.535
MAPE Rch: 0.204
--------------------------------------------------
**************************************************
Z=8, N=11, emax=10
RMSE Eb: 1.421
RMSE Rch: 0.012
MAPE Eb: 1.051
MAPE Rch: 0.342
--------------------------------------------------
**************************************************
Z=8, N=12, emax=6
RMSE Eb: 0.542
RMSE Rch: 0.006
MAPE Eb: 0.405
MAPE Rch: 0.165
--------------------------------------------------
**************************************************
Z=8, N=12, emax=4
RMSE Eb: 0.528
RMSE Rch: 0.006
MAPE Eb: 0.558
MAPE Rch: 0.151
--------------------------------------------------
**************************************************
Z=8, N=12, emax=8
RMSE Eb: 0.819
RMSE Rch: 0.008
MAPE Eb: 0.567
MAPE Rch: 0.218
--------------------------------------------------
**************************************************
Z=8, N=12, emax=10
RMSE Eb: 0.774
RMSE Rch: 0.008
MAPE Eb: 0.465
MAPE Rch: 0.188
--------------------------------------------------
**************************************************
Z=8, N=13, emax=8
RMSE Eb: 0.867
RMSE Rch: 0.010
MAPE Eb: 0.570
MAPE Rch: 0.279
--------------------------------------------------
**************************************************
Z=8, N=13, emax=4
RMSE Eb: 0.567
RMSE Rch: 0.007
MAPE Eb: 0.571
MAPE Rch: 0.202
--------------------------------------------------
**************************************************
Z=8, N=13, emax=10
RMSE Eb: 0.711
RMSE Rch: 0.011
MAPE Eb: 0.455
MAPE Rch: 0.318
--------------------------------------------------
**************************************************
Z=8, N=13, emax=6
RMSE Eb: 0.528
RMSE Rch: 0.007
MAPE Eb: 0.408
MAPE Rch: 0.204
--------------------------------------------------
**************************************************
Z=8, N=14, emax=8
RMSE Eb: 0.943
RMSE Rch: 0.012
MAPE Eb: 0.612
MAPE Rch: 0.341
--------------------------------------------------
**************************************************
Z=8, N=14, emax=4
RMSE Eb: 0.556
RMSE Rch: 0.008
MAPE Eb: 0.571
MAPE Rch: 0.241
--------------------------------------------------
**************************************************
Z=8, N=14, emax=6
RMSE Eb: 0.589
RMSE Rch: 0.007
MAPE Eb: 0.464
MAPE Rch: 0.188
--------------------------------------------------
**************************************************
Z=8, N=14, emax=10
RMSE Eb: 0.886
RMSE Rch: 0.017
MAPE Eb: 0.595
MAPE Rch: 0.482
--------------------------------------------------
**************************************************
Z=8, N=15, emax=8
RMSE Eb: 0.888
RMSE Rch: 0.009
MAPE Eb: 0.589
MAPE Rch: 0.241
--------------------------------------------------
**************************************************
Z=8, N=15, emax=4
RMSE Eb: 0.803
RMSE Rch: 0.006
MAPE Eb: 0.781
MAPE Rch: 0.177
--------------------------------------------------
**************************************************
Z=8, N=15, emax=6
RMSE Eb: 0.621
RMSE Rch: 0.009
MAPE Eb: 0.417
MAPE Rch: 0.242
--------------------------------------------------
**************************************************
Z=8, N=15, emax=10
RMSE Eb: 0.857
RMSE Rch: 0.007
MAPE Eb: 0.487
MAPE Rch: 0.212
--------------------------------------------------
**************************************************
Z=8, N=16, emax=8
RMSE Eb: 1.041
RMSE Rch: 0.009
MAPE Eb: 0.654
MAPE Rch: 0.242
--------------------------------------------------
**************************************************
Z=8, N=16, emax=6
RMSE Eb: 0.756
RMSE Rch: 0.007
MAPE Eb: 0.489
MAPE Rch: 0.191
--------------------------------------------------
**************************************************
Z=8, N=16, emax=10
RMSE Eb: 0.879
RMSE Rch: 0.008
MAPE Eb: 0.508
MAPE Rch: 0.241
--------------------------------------------------
**************************************************
Z=8, N=16, emax=4
RMSE Eb: 0.859
RMSE Rch: 0.008
MAPE Eb: 0.875
MAPE Rch: 0.217
--------------------------------------------------
Finished VAL for AE n=511
**************************************************
Z=8, N=4, emax=6
RMSE Eb: 0.744
RMSE Rch: 0.011
MAPE Eb: 1.403
MAPE Rch: 0.504
--------------------------------------------------
**************************************************
Z=8, N=4, emax=8
RMSE Eb: 1.098
RMSE Rch: 0.016
MAPE Eb: 1.680
MAPE Rch: 0.760
--------------------------------------------------
**************************************************
Z=8, N=4, emax=4
RMSE Eb: 0.589
RMSE Rch: 0.008
MAPE Eb: 1.646
MAPE Rch: 0.357
--------------------------------------------------
**************************************************
Z=8, N=4, emax=10
RMSE Eb: 0.950
RMSE Rch: 0.022
MAPE Eb: 1.325
MAPE Rch: 1.117
--------------------------------------------------
**************************************************
Z=8, N=5, emax=4
RMSE Eb: 0.817
RMSE Rch: 0.010
MAPE Eb: 1.655
MAPE Rch: 0.489
--------------------------------------------------
**************************************************
Z=8, N=5, emax=8
RMSE Eb: 1.064
RMSE Rch: 0.013
MAPE Eb: 1.367
MAPE Rch: 0.674
--------------------------------------------------
**************************************************
Z=8, N=5, emax=6
RMSE Eb: 0.742
RMSE Rch: 0.009
MAPE Eb: 1.052
MAPE Rch: 0.459
--------------------------------------------------
**************************************************
Z=8, N=5, emax=10
RMSE Eb: 0.815
RMSE Rch: 0.014
MAPE Eb: 1.052
MAPE Rch: 0.558
--------------------------------------------------
**************************************************
Z=8, N=6, emax=4
RMSE Eb: 0.857
RMSE Rch: 0.009
MAPE Eb: 1.245
MAPE Rch: 0.406
--------------------------------------------------
**************************************************
Z=8, N=6, emax=8
RMSE Eb: 1.221
RMSE Rch: 0.014
MAPE Eb: 1.154
MAPE Rch: 0.689
--------------------------------------------------
**************************************************
Z=8, N=6, emax=6
RMSE Eb: 0.932
RMSE Rch: 0.009
MAPE Eb: 0.995
MAPE Rch: 0.431
--------------------------------------------------
**************************************************
Z=8, N=6, emax=10
RMSE Eb: 0.960
RMSE Rch: 0.022
MAPE Eb: 0.925
MAPE Rch: 1.159
--------------------------------------------------
**************************************************
Z=8, N=7, emax=4
RMSE Eb: 0.914
RMSE Rch: 0.009
MAPE Eb: 1.091
MAPE Rch: 0.431
--------------------------------------------------
**************************************************
Z=8, N=7, emax=8
RMSE Eb: 1.617
RMSE Rch: 0.013
MAPE Eb: 1.322
MAPE Rch: 0.689
--------------------------------------------------
**************************************************
Z=8, N=7, emax=6
RMSE Eb: 1.132
RMSE Rch: 0.010
MAPE Eb: 1.098
MAPE Rch: 0.518
--------------------------------------------------
**************************************************
Z=8, N=7, emax=10
RMSE Eb: 1.131
RMSE Rch: 0.028
MAPE Eb: 0.893
MAPE Rch: 1.467
--------------------------------------------------
**************************************************
Z=8, N=8, emax=4
RMSE Eb: 0.663
RMSE Rch: 0.008
MAPE Eb: 0.669
MAPE Rch: 0.214
--------------------------------------------------
**************************************************
Z=8, N=8, emax=6
RMSE Eb: 0.735
RMSE Rch: 0.008
MAPE Eb: 0.651
MAPE Rch: 0.224
--------------------------------------------------
**************************************************
Z=8, N=8, emax=8
RMSE Eb: 1.071
RMSE Rch: 0.011
MAPE Eb: 0.831
MAPE Rch: 0.335
--------------------------------------------------
**************************************************
Z=8, N=8, emax=10
RMSE Eb: 1.073
RMSE Rch: 0.024
MAPE Eb: 0.744
MAPE Rch: 0.666
--------------------------------------------------
**************************************************
Z=8, N=9, emax=4
RMSE Eb: 0.626
RMSE Rch: 0.006
MAPE Eb: 0.690
MAPE Rch: 0.175
--------------------------------------------------
**************************************************
Z=8, N=9, emax=8
RMSE Eb: 0.910
RMSE Rch: 0.011
MAPE Eb: 0.657
MAPE Rch: 0.306
--------------------------------------------------
**************************************************
Z=8, N=9, emax=6
RMSE Eb: 0.569
RMSE Rch: 0.008
MAPE Eb: 0.491
MAPE Rch: 0.218
--------------------------------------------------
**************************************************
Z=8, N=9, emax=10
RMSE Eb: 1.134
RMSE Rch: 0.017
MAPE Eb: 0.838
MAPE Rch: 0.427
--------------------------------------------------
**************************************************
Z=8, N=10, emax=4
RMSE Eb: 0.541
RMSE Rch: 0.006
MAPE Eb: 0.563
MAPE Rch: 0.165
--------------------------------------------------
**************************************************
Z=8, N=10, emax=6
RMSE Eb: 0.525
RMSE Rch: 0.008
MAPE Eb: 0.410
MAPE Rch: 0.242
--------------------------------------------------
**************************************************
Z=8, N=10, emax=8
RMSE Eb: 0.841
RMSE Rch: 0.009
MAPE Eb: 0.595
MAPE Rch: 0.237
--------------------------------------------------
**************************************************
Z=8, N=10, emax=10
RMSE Eb: 0.842
RMSE Rch: 0.011
MAPE Eb: 0.560
MAPE Rch: 0.348
--------------------------------------------------
**************************************************
Z=8, N=11, emax=8
RMSE Eb: 0.930
RMSE Rch: 0.009
MAPE Eb: 0.637
MAPE Rch: 0.261
--------------------------------------------------
**************************************************
Z=8, N=11, emax=4
RMSE Eb: 0.561
RMSE Rch: 0.006
MAPE Eb: 0.573
MAPE Rch: 0.184
--------------------------------------------------
**************************************************
Z=8, N=11, emax=6
RMSE Eb: 0.537
RMSE Rch: 0.009
MAPE Eb: 0.441
MAPE Rch: 0.277
--------------------------------------------------
**************************************************
Z=8, N=11, emax=10
RMSE Eb: 1.224
RMSE Rch: 0.013
MAPE Eb: 0.830
MAPE Rch: 0.436
--------------------------------------------------
**************************************************
Z=8, N=12, emax=6
RMSE Eb: 0.571
RMSE Rch: 0.007
MAPE Eb: 0.426
MAPE Rch: 0.215
--------------------------------------------------
**************************************************
Z=8, N=12, emax=8
RMSE Eb: 0.826
RMSE Rch: 0.009
MAPE Eb: 0.574
MAPE Rch: 0.261
--------------------------------------------------
**************************************************
Z=8, N=12, emax=4
RMSE Eb: 0.527
RMSE Rch: 0.007
MAPE Eb: 0.525
MAPE Rch: 0.181
--------------------------------------------------
**************************************************
Z=8, N=12, emax=10
RMSE Eb: 0.981
RMSE Rch: 0.012
MAPE Eb: 0.609
MAPE Rch: 0.360
--------------------------------------------------
**************************************************
Z=8, N=13, emax=8
RMSE Eb: 0.899
RMSE Rch: 0.008
MAPE Eb: 0.591
MAPE Rch: 0.219
--------------------------------------------------
**************************************************
Z=8, N=13, emax=4
RMSE Eb: 0.518
RMSE Rch: 0.007
MAPE Eb: 0.495
MAPE Rch: 0.205
--------------------------------------------------
**************************************************
Z=8, N=13, emax=6
RMSE Eb: 0.591
RMSE Rch: 0.007
MAPE Eb: 0.423
MAPE Rch: 0.219
--------------------------------------------------
**************************************************
Z=8, N=13, emax=10
RMSE Eb: 0.849
RMSE Rch: 0.019
MAPE Eb: 0.549
MAPE Rch: 0.367
--------------------------------------------------
**************************************************
Z=8, N=14, emax=6
RMSE Eb: 0.575
RMSE Rch: 0.008
MAPE Eb: 0.409
MAPE Rch: 0.205
--------------------------------------------------
**************************************************
Z=8, N=14, emax=10
RMSE Eb: 0.881
RMSE Rch: 0.013
MAPE Eb: 0.479
MAPE Rch: 0.408
--------------------------------------------------
**************************************************
Z=8, N=14, emax=4
RMSE Eb: 0.628
RMSE Rch: 0.008
MAPE Eb: 0.626
MAPE Rch: 0.217
--------------------------------------------------
**************************************************
Z=8, N=14, emax=8
RMSE Eb: 0.882
RMSE Rch: 0.011
MAPE Eb: 0.550
MAPE Rch: 0.287
--------------------------------------------------
**************************************************
Z=8, N=15, emax=8
RMSE Eb: 0.937
RMSE Rch: 0.010
MAPE Eb: 0.592
MAPE Rch: 0.273
--------------------------------------------------
**************************************************
Z=8, N=15, emax=6
RMSE Eb: 0.579
RMSE Rch: 0.007
MAPE Eb: 0.427
MAPE Rch: 0.212
--------------------------------------------------
**************************************************
Z=8, N=15, emax=4
RMSE Eb: 0.707
RMSE Rch: 0.006
MAPE Eb: 0.712
MAPE Rch: 0.182
--------------------------------------------------
**************************************************
Z=8, N=15, emax=10
RMSE Eb: 1.003
RMSE Rch: 0.008
MAPE Eb: 0.597
MAPE Rch: 0.201
--------------------------------------------------
**************************************************
Z=8, N=16, emax=4
RMSE Eb: 0.810
RMSE Rch: 0.009
MAPE Eb: 0.809
MAPE Rch: 0.230
--------------------------------------------------
**************************************************
Z=8, N=16, emax=8
RMSE Eb: 1.015
RMSE Rch: 0.008
MAPE Eb: 0.603
MAPE Rch: 0.229
--------------------------------------------------
**************************************************
Z=8, N=16, emax=6
RMSE Eb: 0.731
RMSE Rch: 0.007
MAPE Eb: 0.497
MAPE Rch: 0.204
--------------------------------------------------
**************************************************
Z=8, N=16, emax=10
RMSE Eb: 1.177
RMSE Rch: 0.010
MAPE Eb: 0.697
MAPE Rch: 0.303
--------------------------------------------------
