Activated conda environment
[DataLoader] Found 13 files matching the pattern.
[DataLoader] Combined data shape: (17234, 35)
[Preprocess] Data split => train: (11029, 35), val: (2758, 35), test: (3447, 35)
[Preprocess] Processed fidelity 4 (index 0): 3758 samples.
[Preprocess] Processed fidelity 6 (index 1): 3346 samples.
[Preprocess] Processed fidelity 8 (index 2): 3194 samples.
[Preprocess] Processed fidelity 10 (index 3): 731 samples.
[Preprocess] Processed fidelity 4 (index 0): 949 samples.
[Preprocess] Processed fidelity 6 (index 1): 833 samples.
[Preprocess] Processed fidelity 8 (index 2): 801 samples.
[Preprocess] Processed fidelity 10 (index 3): 175 samples.
Fidelity levels: [4, 6, 8, 10]
[Trainer] Starting BNN training...
[Trainer] No improvement. Iteration 7600. Early stopping counter: 1, LR counter: 1
[Trainer] No improvement. Iteration 7800. Early stopping counter: 1, LR counter: 1
[Trainer] No improvement. Iteration 7900. Early stopping counter: 2, LR counter: 2
[Trainer] No improvement. Iteration 8200. Early stopping counter: 1, LR counter: 1
[Trainer] No improvement. Iteration 8300. Early stopping counter: 2, LR counter: 2
[Trainer] No improvement. Iteration 8400. Early stopping counter: 3, LR counter: 3
[Trainer] No improvement. Iteration 8500. Early stopping counter: 4, LR counter: 4
[Trainer] No improvement. Iteration 8600. Early stopping counter: 5, LR counter: 5
[Trainer] No improvement. Iteration 8700. Early stopping counter: 6, LR counter: 6
[Trainer] No improvement. Iteration 8800. Early stopping counter: 7, LR counter: 7
[Trainer] No improvement. Iteration 8900. Early stopping counter: 8, LR counter: 8
[Trainer] No improvement. Iteration 9000. Early stopping counter: 9, LR counter: 9
[Trainer] No improvement. Iteration 9100. Early stopping counter: 10, LR counter: 10
[Trainer] No improvement. Iteration 9200. Early stopping counter: 11, LR counter: 11
[Trainer] No improvement. Iteration 9300. Early stopping counter: 12, LR counter: 12
[Trainer] No improvement. Iteration 9400. Early stopping counter: 13, LR counter: 13
[Trainer] No improvement. Iteration 9500. Early stopping counter: 14, LR counter: 14
[Trainer] No improvement. Iteration 9600. Early stopping counter: 15, LR counter: 15
[Trainer] No improvement. Iteration 9700. Early stopping counter: 16, LR counter: 16
[Trainer] No improvement. Iteration 9800. Early stopping counter: 17, LR counter: 17
[Trainer] No improvement. Iteration 9900. Early stopping counter: 18, LR counter: 18
[Trainer] No improvement. Iteration 10000. Early stopping counter: 19, LR counter: 19
[Trainer] No improvement. Iteration 10100. Early stopping counter: 20, LR counter: 20
[Trainer] No improvement. Iteration 10200. Early stopping counter: 21, LR counter: 21
[Trainer] No improvement. Iteration 10300. Early stopping counter: 22, LR counter: 22
[Trainer] No improvement. Iteration 10400. Early stopping counter: 23, LR counter: 23
[Trainer] No improvement. Iteration 10500. Early stopping counter: 24, LR counter: 24
[Trainer] No improvement. Iteration 10600. Early stopping counter: 25, LR counter: 25
[Trainer] Learning rate reduced to: 0.000010
[Trainer] No improvement. Iteration 10700. Early stopping counter: 26, LR counter: 1
[Trainer] No improvement. Iteration 10800. Early stopping counter: 27, LR counter: 2
[Trainer] No improvement. Iteration 10900. Early stopping counter: 28, LR counter: 3
[Trainer] No improvement. Iteration 11000. Early stopping counter: 29, LR counter: 4
[Trainer] No improvement. Iteration 11100. Early stopping counter: 30, LR counter: 5
[Trainer] No improvement. Iteration 11200. Early stopping counter: 31, LR counter: 6
[Trainer] No improvement. Iteration 11300. Early stopping counter: 32, LR counter: 7
[Trainer] No improvement. Iteration 11400. Early stopping counter: 33, LR counter: 8
[Trainer] No improvement. Iteration 11500. Early stopping counter: 34, LR counter: 9
[Trainer] No improvement. Iteration 11600. Early stopping counter: 35, LR counter: 10
[Trainer] No improvement. Iteration 11700. Early stopping counter: 36, LR counter: 11
[Trainer] No improvement. Iteration 11800. Early stopping counter: 37, LR counter: 12
[Trainer] No improvement. Iteration 11900. Early stopping counter: 38, LR counter: 13
[Trainer] No improvement. Iteration 12000. Early stopping counter: 39, LR counter: 14
[Trainer] No improvement. Iteration 12100. Early stopping counter: 40, LR counter: 15
[Trainer] No improvement. Iteration 12200. Early stopping counter: 41, LR counter: 16
[Trainer] No improvement. Iteration 12300. Early stopping counter: 42, LR counter: 17
[Trainer] No improvement. Iteration 12400. Early stopping counter: 43, LR counter: 18
[Trainer] No improvement. Iteration 12500. Early stopping counter: 44, LR counter: 19
[Trainer] No improvement. Iteration 12600. Early stopping counter: 45, LR counter: 20
[Trainer] No improvement. Iteration 12700. Early stopping counter: 46, LR counter: 21
[Trainer] No improvement. Iteration 12800. Early stopping counter: 47, LR counter: 22
[Trainer] No improvement. Iteration 12900. Early stopping counter: 48, LR counter: 23
[Trainer] No improvement. Iteration 13000. Early stopping counter: 49, LR counter: 24
[Trainer] No improvement. Iteration 13100. Early stopping counter: 50, LR counter: 25
[Trainer] Learning rate reduced to: 0.000001
[Trainer] Early stopping triggered.
[Trainer] Training completed.
[Trainer] Calibrating temperatures on validation set...
[Trainer] Temperature calibration finished. Calibrated temperatures: {4: 1.5090141296386719, 6: 1.4464139938354492, 8: 1.5246622562408447, 10: 1.8059096336364746}
[Trainer] BNN training completed.
**************************************************
Z=8, N=4, emax=4
RMSE Eb: 0.562
RMSE Rch: 0.008
MAPE Eb: 1.681
MAPE Rch: 0.392
--------------------------------------------------
**************************************************
Z=8, N=4, emax=10
RMSE Eb: 1.418
RMSE Rch: 0.040
MAPE Eb: 2.315
MAPE Rch: 1.889
--------------------------------------------------
**************************************************
Z=8, N=4, emax=6
RMSE Eb: 0.687
RMSE Rch: 0.011
MAPE Eb: 1.353
MAPE Rch: 0.557
--------------------------------------------------
**************************************************
Z=8, N=4, emax=8
RMSE Eb: 1.003
RMSE Rch: 0.017
MAPE Eb: 1.763
MAPE Rch: 0.801
--------------------------------------------------
**************************************************
Z=8, N=5, emax=8
RMSE Eb: 1.041
RMSE Rch: 0.013
MAPE Eb: 1.330
MAPE Rch: 0.611
--------------------------------------------------
**************************************************
Z=8, N=5, emax=6
RMSE Eb: 0.759
RMSE Rch: 0.010
MAPE Eb: 1.137
MAPE Rch: 0.460
--------------------------------------------------
**************************************************
Z=8, N=5, emax=4
RMSE Eb: 0.598
RMSE Rch: 0.008
MAPE Eb: 1.232
MAPE Rch: 0.363
--------------------------------------------------
**************************************************
Z=8, N=5, emax=10
RMSE Eb: 0.393
RMSE Rch: 0.014
MAPE Eb: 0.477
MAPE Rch: 0.809
--------------------------------------------------
**************************************************
Z=8, N=6, emax=4
RMSE Eb: 0.746
RMSE Rch: 0.009
MAPE Eb: 1.151
MAPE Rch: 0.426
--------------------------------------------------
**************************************************
Z=8, N=6, emax=6
RMSE Eb: 0.765
RMSE Rch: 0.009
MAPE Eb: 0.811
MAPE Rch: 0.434
--------------------------------------------------
**************************************************
Z=8, N=6, emax=8
RMSE Eb: 0.955
RMSE Rch: 0.013
MAPE Eb: 0.924
MAPE Rch: 0.651
--------------------------------------------------
**************************************************
Z=8, N=6, emax=10
RMSE Eb: 1.035
RMSE Rch: 0.019
MAPE Eb: 0.894
MAPE Rch: 0.962
--------------------------------------------------
**************************************************
Z=8, N=7, emax=8
RMSE Eb: 1.006
RMSE Rch: 0.013
MAPE Eb: 0.840
MAPE Rch: 0.695
--------------------------------------------------
**************************************************
Z=8, N=7, emax=10
RMSE Eb: 1.349
RMSE Rch: 0.025
MAPE Eb: 1.130
MAPE Rch: 1.405
--------------------------------------------------
**************************************************
Z=8, N=7, emax=6
RMSE Eb: 0.800
RMSE Rch: 0.011
MAPE Eb: 0.731
MAPE Rch: 0.565
--------------------------------------------------
**************************************************
Z=8, N=7, emax=4
RMSE Eb: 0.776
RMSE Rch: 0.009
MAPE Eb: 0.921
MAPE Rch: 0.446
--------------------------------------------------
**************************************************
Z=8, N=8, emax=4
RMSE Eb: 0.719
RMSE Rch: 0.008
MAPE Eb: 0.784
MAPE Rch: 0.222
--------------------------------------------------
**************************************************
Z=8, N=8, emax=8
RMSE Eb: 0.909
RMSE Rch: 0.013
MAPE Eb: 0.720
MAPE Rch: 0.373
--------------------------------------------------
**************************************************
Z=8, N=8, emax=6
RMSE Eb: 0.585
RMSE Rch: 0.012
MAPE Eb: 0.507
MAPE Rch: 0.339
--------------------------------------------------
**************************************************
Z=8, N=8, emax=10
RMSE Eb: 1.224
RMSE Rch: 0.020
MAPE Eb: 0.875
MAPE Rch: 0.650
--------------------------------------------------
**************************************************
Z=8, N=9, emax=8
RMSE Eb: 0.687
RMSE Rch: 0.010
MAPE Eb: 0.495
MAPE Rch: 0.261
--------------------------------------------------
**************************************************
Z=8, N=9, emax=6
RMSE Eb: 0.546
RMSE Rch: 0.007
MAPE Eb: 0.413
MAPE Rch: 0.203
--------------------------------------------------
**************************************************
Z=8, N=9, emax=4
RMSE Eb: 0.644
RMSE Rch: 0.006
MAPE Eb: 0.727
MAPE Rch: 0.176
--------------------------------------------------
**************************************************
Z=8, N=9, emax=10
RMSE Eb: 0.881
RMSE Rch: 0.018
MAPE Eb: 0.623
MAPE Rch: 0.478
--------------------------------------------------
**************************************************
Z=8, N=10, emax=4
RMSE Eb: 0.661
RMSE Rch: 0.005
MAPE Eb: 0.726
MAPE Rch: 0.135
--------------------------------------------------
**************************************************
Z=8, N=10, emax=10
RMSE Eb: 1.013
RMSE Rch: 0.017
MAPE Eb: 0.755
MAPE Rch: 0.401
--------------------------------------------------
**************************************************
Z=8, N=10, emax=6
RMSE Eb: 0.505
RMSE Rch: 0.005
MAPE Eb: 0.399
MAPE Rch: 0.152
--------------------------------------------------
**************************************************
Z=8, N=10, emax=8
RMSE Eb: 0.690
RMSE Rch: 0.007
MAPE Eb: 0.458
MAPE Rch: 0.199
--------------------------------------------------
**************************************************
Z=8, N=11, emax=4
RMSE Eb: 0.695
RMSE Rch: 0.005
MAPE Eb: 0.814
MAPE Rch: 0.133
--------------------------------------------------
**************************************************
Z=8, N=11, emax=6
RMSE Eb: 0.434
RMSE Rch: 0.006
MAPE Eb: 0.348
MAPE Rch: 0.174
--------------------------------------------------
**************************************************
Z=8, N=11, emax=8
RMSE Eb: 0.625
RMSE Rch: 0.008
MAPE Eb: 0.408
MAPE Rch: 0.239
--------------------------------------------------
**************************************************
Z=8, N=11, emax=10
RMSE Eb: 0.560
RMSE Rch: 0.012
MAPE Eb: 0.364
MAPE Rch: 0.338
--------------------------------------------------
**************************************************
Z=8, N=12, emax=6
RMSE Eb: 0.369
RMSE Rch: 0.006
MAPE Eb: 0.256
MAPE Rch: 0.172
--------------------------------------------------
**************************************************
Z=8, N=12, emax=4
RMSE Eb: 0.703
RMSE Rch: 0.006
MAPE Eb: 0.769
MAPE Rch: 0.162
--------------------------------------------------
**************************************************
Z=8, N=12, emax=8
RMSE Eb: 0.597
RMSE Rch: 0.008
MAPE Eb: 0.401
MAPE Rch: 0.230
--------------------------------------------------
**************************************************
Z=8, N=12, emax=10
RMSE Eb: 0.818
RMSE Rch: 0.009
MAPE Eb: 0.539
MAPE Rch: 0.306
--------------------------------------------------
**************************************************
Z=8, N=13, emax=8
RMSE Eb: 0.549
RMSE Rch: 0.010
MAPE Eb: 0.369
MAPE Rch: 0.280
--------------------------------------------------
**************************************************
Z=8, N=13, emax=4
RMSE Eb: 0.782
RMSE Rch: 0.006
MAPE Eb: 0.901
MAPE Rch: 0.164
--------------------------------------------------
**************************************************
Z=8, N=13, emax=10
RMSE Eb: 0.856
RMSE Rch: 0.010
MAPE Eb: 0.568
MAPE Rch: 0.297
--------------------------------------------------
**************************************************
Z=8, N=13, emax=6
RMSE Eb: 0.418
RMSE Rch: 0.006
MAPE Eb: 0.301
MAPE Rch: 0.161
--------------------------------------------------
**************************************************
Z=8, N=14, emax=8
RMSE Eb: 0.611
RMSE Rch: 0.012
MAPE Eb: 0.376
MAPE Rch: 0.303
--------------------------------------------------
**************************************************
Z=8, N=14, emax=4
RMSE Eb: 0.773
RMSE Rch: 0.007
MAPE Eb: 0.821
MAPE Rch: 0.186
--------------------------------------------------
**************************************************
Z=8, N=14, emax=6
RMSE Eb: 0.420
RMSE Rch: 0.007
MAPE Eb: 0.308
MAPE Rch: 0.179
--------------------------------------------------
**************************************************
Z=8, N=14, emax=10
RMSE Eb: 0.464
RMSE Rch: 0.016
MAPE Eb: 0.295
MAPE Rch: 0.379
--------------------------------------------------
**************************************************
Z=8, N=15, emax=8
RMSE Eb: 0.632
RMSE Rch: 0.008
MAPE Eb: 0.396
MAPE Rch: 0.216
--------------------------------------------------
**************************************************
Z=8, N=15, emax=4
RMSE Eb: 0.899
RMSE Rch: 0.007
MAPE Eb: 1.013
MAPE Rch: 0.188
--------------------------------------------------
**************************************************
Z=8, N=15, emax=6
RMSE Eb: 0.399
RMSE Rch: 0.006
MAPE Eb: 0.300
MAPE Rch: 0.160
--------------------------------------------------
**************************************************
Z=8, N=15, emax=10
RMSE Eb: 0.728
RMSE Rch: 0.009
MAPE Eb: 0.442
MAPE Rch: 0.298
--------------------------------------------------
**************************************************
Z=8, N=16, emax=8
RMSE Eb: 0.782
RMSE Rch: 0.009
MAPE Eb: 0.455
MAPE Rch: 0.222
--------------------------------------------------
**************************************************
Z=8, N=16, emax=6
RMSE Eb: 0.550
RMSE Rch: 0.007
MAPE Eb: 0.387
MAPE Rch: 0.182
--------------------------------------------------
**************************************************
Z=8, N=16, emax=10
RMSE Eb: 0.755
RMSE Rch: 0.013
MAPE Eb: 0.429
MAPE Rch: 0.347
--------------------------------------------------
**************************************************
Z=8, N=16, emax=4
RMSE Eb: 0.866
RMSE Rch: 0.008
MAPE Eb: 0.906
MAPE Rch: 0.211
--------------------------------------------------
Finished VAL for AE n=631
**************************************************
Z=8, N=4, emax=6
RMSE Eb: 0.718
RMSE Rch: 0.011
MAPE Eb: 1.387
MAPE Rch: 0.537
--------------------------------------------------
**************************************************
Z=8, N=4, emax=8
RMSE Eb: 0.987
RMSE Rch: 0.020
MAPE Eb: 1.577
MAPE Rch: 0.915
--------------------------------------------------
**************************************************
Z=8, N=4, emax=4
RMSE Eb: 0.479
RMSE Rch: 0.008
MAPE Eb: 1.368
MAPE Rch: 0.339
--------------------------------------------------
**************************************************
Z=8, N=4, emax=10
RMSE Eb: 1.568
RMSE Rch: 0.029
MAPE Eb: 2.497
MAPE Rch: 1.428
--------------------------------------------------
**************************************************
Z=8, N=5, emax=4
RMSE Eb: 0.530
RMSE Rch: 0.008
MAPE Eb: 1.065
MAPE Rch: 0.383
--------------------------------------------------
**************************************************
Z=8, N=5, emax=8
RMSE Eb: 0.960
RMSE Rch: 0.012
MAPE Eb: 1.319
MAPE Rch: 0.614
--------------------------------------------------
**************************************************
Z=8, N=5, emax=6
RMSE Eb: 0.760
RMSE Rch: 0.009
MAPE Eb: 1.113
MAPE Rch: 0.401
--------------------------------------------------
**************************************************
Z=8, N=5, emax=10
RMSE Eb: 0.795
RMSE Rch: 0.028
MAPE Eb: 1.028
MAPE Rch: 1.509
--------------------------------------------------
**************************************************
Z=8, N=6, emax=4
RMSE Eb: 0.716
RMSE Rch: 0.009
MAPE Eb: 1.072
MAPE Rch: 0.407
--------------------------------------------------
**************************************************
Z=8, N=6, emax=8
RMSE Eb: 1.142
RMSE Rch: 0.013
MAPE Eb: 1.023
MAPE Rch: 0.674
--------------------------------------------------
**************************************************
Z=8, N=6, emax=6
RMSE Eb: 0.972
RMSE Rch: 0.010
MAPE Eb: 0.994
MAPE Rch: 0.490
--------------------------------------------------
**************************************************
Z=8, N=6, emax=10
RMSE Eb: 1.264
RMSE Rch: 0.024
MAPE Eb: 1.073
MAPE Rch: 1.377
--------------------------------------------------
**************************************************
Z=8, N=7, emax=4
RMSE Eb: 0.868
RMSE Rch: 0.009
MAPE Eb: 0.986
MAPE Rch: 0.394
--------------------------------------------------
**************************************************
Z=8, N=7, emax=8
RMSE Eb: 1.123
RMSE Rch: 0.014
MAPE Eb: 0.943
MAPE Rch: 0.732
--------------------------------------------------
**************************************************
Z=8, N=7, emax=6
RMSE Eb: 0.849
RMSE Rch: 0.011
MAPE Eb: 0.782
MAPE Rch: 0.573
--------------------------------------------------
**************************************************
Z=8, N=7, emax=10
RMSE Eb: 1.288
RMSE Rch: 0.030
MAPE Eb: 1.067
MAPE Rch: 1.740
--------------------------------------------------
**************************************************
Z=8, N=8, emax=4
RMSE Eb: 0.759
RMSE Rch: 0.008
MAPE Eb: 0.812
MAPE Rch: 0.203
--------------------------------------------------
**************************************************
Z=8, N=8, emax=6
RMSE Eb: 0.572
RMSE Rch: 0.012
MAPE Eb: 0.463
MAPE Rch: 0.362
--------------------------------------------------
**************************************************
Z=8, N=8, emax=8
RMSE Eb: 0.748
RMSE Rch: 0.013
MAPE Eb: 0.598
MAPE Rch: 0.386
--------------------------------------------------
**************************************************
Z=8, N=8, emax=10
RMSE Eb: 1.143
RMSE Rch: 0.027
MAPE Eb: 0.903
MAPE Rch: 0.777
--------------------------------------------------
**************************************************
Z=8, N=9, emax=4
RMSE Eb: 0.729
RMSE Rch: 0.006
MAPE Eb: 0.836
MAPE Rch: 0.180
--------------------------------------------------
**************************************************
Z=8, N=9, emax=8
RMSE Eb: 0.677
RMSE Rch: 0.010
MAPE Eb: 0.497
MAPE Rch: 0.276
--------------------------------------------------
**************************************************
Z=8, N=9, emax=6
RMSE Eb: 0.538
RMSE Rch: 0.008
MAPE Eb: 0.435
MAPE Rch: 0.226
--------------------------------------------------
**************************************************
Z=8, N=9, emax=10
RMSE Eb: 1.077
RMSE Rch: 0.023
MAPE Eb: 0.714
MAPE Rch: 0.543
--------------------------------------------------
**************************************************
Z=8, N=10, emax=4
RMSE Eb: 0.650
RMSE Rch: 0.005
MAPE Eb: 0.693
MAPE Rch: 0.138
--------------------------------------------------
**************************************************
Z=8, N=10, emax=6
RMSE Eb: 0.469
RMSE Rch: 0.006
MAPE Eb: 0.364
MAPE Rch: 0.181
--------------------------------------------------
**************************************************
Z=8, N=10, emax=8
RMSE Eb: 0.616
RMSE Rch: 0.007
MAPE Eb: 0.413
MAPE Rch: 0.191
--------------------------------------------------
**************************************************
Z=8, N=10, emax=10
RMSE Eb: 0.946
RMSE Rch: 0.013
MAPE Eb: 0.631
MAPE Rch: 0.369
--------------------------------------------------
**************************************************
Z=8, N=11, emax=8
RMSE Eb: 0.612
RMSE Rch: 0.008
MAPE Eb: 0.420
MAPE Rch: 0.239
--------------------------------------------------
**************************************************
Z=8, N=11, emax=4
RMSE Eb: 0.819
RMSE Rch: 0.005
MAPE Eb: 0.956
MAPE Rch: 0.127
--------------------------------------------------
**************************************************
Z=8, N=11, emax=6
RMSE Eb: 0.366
RMSE Rch: 0.006
MAPE Eb: 0.300
MAPE Rch: 0.164
--------------------------------------------------
**************************************************
Z=8, N=11, emax=10
RMSE Eb: 0.597
RMSE Rch: 0.012
MAPE Eb: 0.413
MAPE Rch: 0.337
--------------------------------------------------
**************************************************
Z=8, N=12, emax=6
RMSE Eb: 0.359
RMSE Rch: 0.005
MAPE Eb: 0.266
MAPE Rch: 0.150
--------------------------------------------------
**************************************************
Z=8, N=12, emax=8
RMSE Eb: 0.627
RMSE Rch: 0.008
MAPE Eb: 0.376
MAPE Rch: 0.222
--------------------------------------------------
**************************************************
Z=8, N=12, emax=4
RMSE Eb: 0.706
RMSE Rch: 0.006
MAPE Eb: 0.769
MAPE Rch: 0.167
--------------------------------------------------
**************************************************
Z=8, N=12, emax=10
RMSE Eb: 0.702
RMSE Rch: 0.009
MAPE Eb: 0.439
MAPE Rch: 0.277
--------------------------------------------------
**************************************************
Z=8, N=13, emax=8
RMSE Eb: 0.570
RMSE Rch: 0.008
MAPE Eb: 0.366
MAPE Rch: 0.245
--------------------------------------------------
**************************************************
Z=8, N=13, emax=4
RMSE Eb: 0.753
RMSE Rch: 0.006
MAPE Eb: 0.839
MAPE Rch: 0.173
--------------------------------------------------
**************************************************
Z=8, N=13, emax=6
RMSE Eb: 0.436
RMSE Rch: 0.005
MAPE Eb: 0.310
MAPE Rch: 0.131
--------------------------------------------------
**************************************************
Z=8, N=13, emax=10
RMSE Eb: 0.604
RMSE Rch: 0.022
MAPE Eb: 0.348
MAPE Rch: 0.528
--------------------------------------------------
**************************************************
Z=8, N=14, emax=6
RMSE Eb: 0.414
RMSE Rch: 0.007
MAPE Eb: 0.295
MAPE Rch: 0.189
--------------------------------------------------
**************************************************
Z=8, N=14, emax=10
RMSE Eb: 0.670
RMSE Rch: 0.014
MAPE Eb: 0.394
MAPE Rch: 0.467
--------------------------------------------------
**************************************************
Z=8, N=14, emax=4
RMSE Eb: 0.708
RMSE Rch: 0.006
MAPE Eb: 0.785
MAPE Rch: 0.154
--------------------------------------------------
**************************************************
Z=8, N=14, emax=8
RMSE Eb: 0.636
RMSE Rch: 0.012
MAPE Eb: 0.394
MAPE Rch: 0.279
--------------------------------------------------
**************************************************
Z=8, N=15, emax=8
RMSE Eb: 0.563
RMSE Rch: 0.008
MAPE Eb: 0.335
MAPE Rch: 0.213
--------------------------------------------------
**************************************************
Z=8, N=15, emax=6
RMSE Eb: 0.403
RMSE Rch: 0.005
MAPE Eb: 0.295
MAPE Rch: 0.148
--------------------------------------------------
**************************************************
Z=8, N=15, emax=4
RMSE Eb: 0.837
RMSE Rch: 0.006
MAPE Eb: 0.945
MAPE Rch: 0.172
--------------------------------------------------
**************************************************
Z=8, N=15, emax=10
RMSE Eb: 0.717
RMSE Rch: 0.013
MAPE Eb: 0.462
MAPE Rch: 0.371
--------------------------------------------------
**************************************************
Z=8, N=16, emax=4
RMSE Eb: 0.789
RMSE Rch: 0.007
MAPE Eb: 0.795
MAPE Rch: 0.213
--------------------------------------------------
**************************************************
Z=8, N=16, emax=8
RMSE Eb: 0.775
RMSE Rch: 0.007
MAPE Eb: 0.472
MAPE Rch: 0.187
--------------------------------------------------
**************************************************
Z=8, N=16, emax=6
RMSE Eb: 0.494
RMSE Rch: 0.007
MAPE Eb: 0.357
MAPE Rch: 0.184
--------------------------------------------------
**************************************************
Z=8, N=16, emax=10
RMSE Eb: 0.704
RMSE Rch: 0.012
MAPE Eb: 0.416
MAPE Rch: 0.329
--------------------------------------------------
