Activated conda environment
[DataLoader] Found 13 files matching the pattern.
[DataLoader] Combined data shape: (17234, 35)
[Preprocess] Data split => train: (11029, 35), val: (2758, 35), test: (3447, 35)
[Preprocess] Processed fidelity 4 (index 0): 3758 samples.
[Preprocess] Processed fidelity 6 (index 1): 3346 samples.
[Preprocess] Processed fidelity 8 (index 2): 3194 samples.
[Preprocess] Processed fidelity 10 (index 3): 731 samples.
[Preprocess] Processed fidelity 4 (index 0): 949 samples.
[Preprocess] Processed fidelity 6 (index 1): 833 samples.
[Preprocess] Processed fidelity 8 (index 2): 801 samples.
[Preprocess] Processed fidelity 10 (index 3): 175 samples.
Fidelity levels: [4, 6, 8, 10]
[Trainer] Starting BNN training...
[Trainer] No improvement. Iteration 6600. Early stopping counter: 1, LR counter: 1
[Trainer] No improvement. Iteration 6700. Early stopping counter: 2, LR counter: 2
[Trainer] No improvement. Iteration 7100. Early stopping counter: 1, LR counter: 1
[Trainer] No improvement. Iteration 7200. Early stopping counter: 2, LR counter: 2
[Trainer] No improvement. Iteration 7800. Early stopping counter: 1, LR counter: 1
[Trainer] No improvement. Iteration 7900. Early stopping counter: 2, LR counter: 2
[Trainer] No improvement. Iteration 8700. Early stopping counter: 1, LR counter: 1
[Trainer] No improvement. Iteration 8800. Early stopping counter: 2, LR counter: 2
[Trainer] No improvement. Iteration 9000. Early stopping counter: 1, LR counter: 1
[Trainer] No improvement. Iteration 9700. Early stopping counter: 1, LR counter: 1
[Trainer] No improvement. Iteration 9800. Early stopping counter: 2, LR counter: 2
[Trainer] No improvement. Iteration 9900. Early stopping counter: 3, LR counter: 3
[Trainer] No improvement. Iteration 10000. Early stopping counter: 4, LR counter: 4
[Trainer] No improvement. Iteration 10100. Early stopping counter: 5, LR counter: 5
[Trainer] No improvement. Iteration 10200. Early stopping counter: 6, LR counter: 6
[Trainer] No improvement. Iteration 10300. Early stopping counter: 7, LR counter: 7
[Trainer] No improvement. Iteration 10400. Early stopping counter: 8, LR counter: 8
[Trainer] No improvement. Iteration 10500. Early stopping counter: 9, LR counter: 9
[Trainer] No improvement. Iteration 10600. Early stopping counter: 10, LR counter: 10
[Trainer] No improvement. Iteration 10700. Early stopping counter: 11, LR counter: 11
[Trainer] No improvement. Iteration 10800. Early stopping counter: 12, LR counter: 12
[Trainer] No improvement. Iteration 10900. Early stopping counter: 13, LR counter: 13
[Trainer] No improvement. Iteration 11000. Early stopping counter: 14, LR counter: 14
[Trainer] No improvement. Iteration 11100. Early stopping counter: 15, LR counter: 15
[Trainer] No improvement. Iteration 11200. Early stopping counter: 16, LR counter: 16
[Trainer] No improvement. Iteration 11300. Early stopping counter: 17, LR counter: 17
[Trainer] No improvement. Iteration 11400. Early stopping counter: 18, LR counter: 18
[Trainer] No improvement. Iteration 11500. Early stopping counter: 19, LR counter: 19
[Trainer] No improvement. Iteration 11600. Early stopping counter: 20, LR counter: 20
[Trainer] No improvement. Iteration 11700. Early stopping counter: 21, LR counter: 21
[Trainer] No improvement. Iteration 11800. Early stopping counter: 22, LR counter: 22
[Trainer] No improvement. Iteration 11900. Early stopping counter: 23, LR counter: 23
[Trainer] No improvement. Iteration 12000. Early stopping counter: 24, LR counter: 24
[Trainer] No improvement. Iteration 12100. Early stopping counter: 25, LR counter: 25
[Trainer] Learning rate reduced to: 0.000010
[Trainer] No improvement. Iteration 12200. Early stopping counter: 26, LR counter: 1
[Trainer] No improvement. Iteration 12300. Early stopping counter: 27, LR counter: 2
[Trainer] No improvement. Iteration 12400. Early stopping counter: 28, LR counter: 3
[Trainer] No improvement. Iteration 12500. Early stopping counter: 29, LR counter: 4
[Trainer] No improvement. Iteration 12600. Early stopping counter: 30, LR counter: 5
[Trainer] No improvement. Iteration 12700. Early stopping counter: 31, LR counter: 6
[Trainer] No improvement. Iteration 12800. Early stopping counter: 32, LR counter: 7
[Trainer] No improvement. Iteration 12900. Early stopping counter: 33, LR counter: 8
[Trainer] No improvement. Iteration 13000. Early stopping counter: 34, LR counter: 9
[Trainer] No improvement. Iteration 13100. Early stopping counter: 35, LR counter: 10
[Trainer] No improvement. Iteration 13200. Early stopping counter: 36, LR counter: 11
[Trainer] No improvement. Iteration 13300. Early stopping counter: 37, LR counter: 12
[Trainer] No improvement. Iteration 13400. Early stopping counter: 38, LR counter: 13
[Trainer] No improvement. Iteration 13500. Early stopping counter: 39, LR counter: 14
[Trainer] No improvement. Iteration 13600. Early stopping counter: 40, LR counter: 15
[Trainer] No improvement. Iteration 13700. Early stopping counter: 41, LR counter: 16
[Trainer] No improvement. Iteration 13800. Early stopping counter: 42, LR counter: 17
[Trainer] No improvement. Iteration 13900. Early stopping counter: 43, LR counter: 18
[Trainer] No improvement. Iteration 14000. Early stopping counter: 44, LR counter: 19
[Trainer] No improvement. Iteration 14100. Early stopping counter: 45, LR counter: 20
[Trainer] No improvement. Iteration 14200. Early stopping counter: 46, LR counter: 21
[Trainer] No improvement. Iteration 14300. Early stopping counter: 47, LR counter: 22
[Trainer] No improvement. Iteration 14400. Early stopping counter: 48, LR counter: 23
[Trainer] No improvement. Iteration 14500. Early stopping counter: 49, LR counter: 24
[Trainer] No improvement. Iteration 14600. Early stopping counter: 50, LR counter: 25
[Trainer] Learning rate reduced to: 0.000001
[Trainer] Early stopping triggered.
[Trainer] Training completed.
[Trainer] Calibrating temperatures on validation set...
[Trainer] Temperature calibration finished. Calibrated temperatures: {4: 1.0365549325942993, 6: 0.8709006905555725, 8: 0.9301574230194092, 10: 1.2395976781845093}
[Trainer] BNN training completed.
**************************************************
Z=8, N=4, emax=4
RMSE Eb: 1.237
RMSE Rch: 0.021
MAPE Eb: 3.663
MAPE Rch: 0.982
--------------------------------------------------
**************************************************
Z=8, N=4, emax=10
RMSE Eb: 1.086
RMSE Rch: 0.066
MAPE Eb: 1.757
MAPE Rch: 3.062
--------------------------------------------------
**************************************************
Z=8, N=4, emax=6
RMSE Eb: 1.020
RMSE Rch: 0.017
MAPE Eb: 2.034
MAPE Rch: 0.836
--------------------------------------------------
**************************************************
Z=8, N=4, emax=8
RMSE Eb: 1.288
RMSE Rch: 0.024
MAPE Eb: 2.132
MAPE Rch: 1.068
--------------------------------------------------
**************************************************
Z=8, N=5, emax=8
RMSE Eb: 1.205
RMSE Rch: 0.019
MAPE Eb: 1.489
MAPE Rch: 0.999
--------------------------------------------------
**************************************************
Z=8, N=5, emax=6
RMSE Eb: 0.867
RMSE Rch: 0.015
MAPE Eb: 1.248
MAPE Rch: 0.734
--------------------------------------------------
**************************************************
Z=8, N=5, emax=4
RMSE Eb: 1.078
RMSE Rch: 0.022
MAPE Eb: 2.086
MAPE Rch: 1.083
--------------------------------------------------
**************************************************
Z=8, N=5, emax=10
RMSE Eb: 0.527
RMSE Rch: 0.024
MAPE Eb: 0.663
MAPE Rch: 1.388
--------------------------------------------------
**************************************************
Z=8, N=6, emax=4
RMSE Eb: 0.985
RMSE Rch: 0.021
MAPE Eb: 1.524
MAPE Rch: 0.987
--------------------------------------------------
**************************************************
Z=8, N=6, emax=6
RMSE Eb: 1.189
RMSE Rch: 0.014
MAPE Eb: 1.214
MAPE Rch: 0.626
--------------------------------------------------
**************************************************
Z=8, N=6, emax=8
RMSE Eb: 1.459
RMSE Rch: 0.021
MAPE Eb: 1.335
MAPE Rch: 1.063
--------------------------------------------------
**************************************************
Z=8, N=6, emax=10
RMSE Eb: 1.473
RMSE Rch: 0.021
MAPE Eb: 1.379
MAPE Rch: 1.206
--------------------------------------------------
**************************************************
Z=8, N=7, emax=8
RMSE Eb: 1.460
RMSE Rch: 0.024
MAPE Eb: 1.255
MAPE Rch: 1.376
--------------------------------------------------
**************************************************
Z=8, N=7, emax=10
RMSE Eb: 1.021
RMSE Rch: 0.032
MAPE Eb: 0.838
MAPE Rch: 1.873
--------------------------------------------------
**************************************************
Z=8, N=7, emax=6
RMSE Eb: 1.265
RMSE Rch: 0.024
MAPE Eb: 1.158
MAPE Rch: 1.218
--------------------------------------------------
**************************************************
Z=8, N=7, emax=4
RMSE Eb: 1.054
RMSE Rch: 0.015
MAPE Eb: 1.279
MAPE Rch: 0.782
--------------------------------------------------
**************************************************
Z=8, N=8, emax=4
RMSE Eb: 0.794
RMSE Rch: 0.027
MAPE Eb: 0.840
MAPE Rch: 0.805
--------------------------------------------------
**************************************************
Z=8, N=8, emax=8
RMSE Eb: 1.292
RMSE Rch: 0.015
MAPE Eb: 0.965
MAPE Rch: 0.416
--------------------------------------------------
**************************************************
Z=8, N=8, emax=6
RMSE Eb: 0.791
RMSE Rch: 0.019
MAPE Eb: 0.674
MAPE Rch: 0.527
--------------------------------------------------
**************************************************
Z=8, N=8, emax=10
RMSE Eb: 1.283
RMSE Rch: 0.030
MAPE Eb: 0.882
MAPE Rch: 0.835
--------------------------------------------------
**************************************************
Z=8, N=9, emax=8
RMSE Eb: 0.884
RMSE Rch: 0.015
MAPE Eb: 0.645
MAPE Rch: 0.436
--------------------------------------------------
**************************************************
Z=8, N=9, emax=6
RMSE Eb: 0.908
RMSE Rch: 0.015
MAPE Eb: 0.775
MAPE Rch: 0.417
--------------------------------------------------
**************************************************
Z=8, N=9, emax=4
RMSE Eb: 0.738
RMSE Rch: 0.021
MAPE Eb: 0.715
MAPE Rch: 0.547
--------------------------------------------------
**************************************************
Z=8, N=9, emax=10
RMSE Eb: 0.690
RMSE Rch: 0.025
MAPE Eb: 0.517
MAPE Rch: 0.800
--------------------------------------------------
**************************************************
Z=8, N=10, emax=4
RMSE Eb: 0.685
RMSE Rch: 0.016
MAPE Eb: 0.731
MAPE Rch: 0.458
--------------------------------------------------
**************************************************
Z=8, N=10, emax=10
RMSE Eb: 0.990
RMSE Rch: 0.018
MAPE Eb: 0.707
MAPE Rch: 0.474
--------------------------------------------------
**************************************************
Z=8, N=10, emax=6
RMSE Eb: 0.963
RMSE Rch: 0.013
MAPE Eb: 0.751
MAPE Rch: 0.372
--------------------------------------------------
**************************************************
Z=8, N=10, emax=8
RMSE Eb: 1.145
RMSE Rch: 0.017
MAPE Eb: 0.836
MAPE Rch: 0.497
--------------------------------------------------
**************************************************
Z=8, N=11, emax=4
RMSE Eb: 0.776
RMSE Rch: 0.023
MAPE Eb: 0.792
MAPE Rch: 0.667
--------------------------------------------------
**************************************************
Z=8, N=11, emax=6
RMSE Eb: 0.805
RMSE Rch: 0.013
MAPE Eb: 0.540
MAPE Rch: 0.367
--------------------------------------------------
**************************************************
Z=8, N=11, emax=8
RMSE Eb: 0.993
RMSE Rch: 0.018
MAPE Eb: 0.692
MAPE Rch: 0.516
--------------------------------------------------
**************************************************
Z=8, N=11, emax=10
RMSE Eb: 1.390
RMSE Rch: 0.024
MAPE Eb: 0.871
MAPE Rch: 0.749
--------------------------------------------------
**************************************************
Z=8, N=12, emax=6
RMSE Eb: 0.920
RMSE Rch: 0.013
MAPE Eb: 0.673
MAPE Rch: 0.365
--------------------------------------------------
**************************************************
Z=8, N=12, emax=4
RMSE Eb: 0.778
RMSE Rch: 0.019
MAPE Eb: 0.828
MAPE Rch: 0.537
--------------------------------------------------
**************************************************
Z=8, N=12, emax=8
RMSE Eb: 1.450
RMSE Rch: 0.016
MAPE Eb: 0.977
MAPE Rch: 0.465
--------------------------------------------------
**************************************************
Z=8, N=12, emax=10
RMSE Eb: 1.430
RMSE Rch: 0.024
MAPE Eb: 1.058
MAPE Rch: 0.725
--------------------------------------------------
**************************************************
Z=8, N=13, emax=8
RMSE Eb: 1.188
RMSE Rch: 0.016
MAPE Eb: 0.748
MAPE Rch: 0.445
--------------------------------------------------
**************************************************
Z=8, N=13, emax=4
RMSE Eb: 0.953
RMSE Rch: 0.020
MAPE Eb: 1.013
MAPE Rch: 0.599
--------------------------------------------------
**************************************************
Z=8, N=13, emax=10
RMSE Eb: 0.962
RMSE Rch: 0.019
MAPE Eb: 0.573
MAPE Rch: 0.550
--------------------------------------------------
**************************************************
Z=8, N=13, emax=6
RMSE Eb: 0.665
RMSE Rch: 0.013
MAPE Eb: 0.508
MAPE Rch: 0.356
--------------------------------------------------
**************************************************
Z=8, N=14, emax=8
RMSE Eb: 1.282
RMSE Rch: 0.020
MAPE Eb: 0.798
MAPE Rch: 0.579
--------------------------------------------------
**************************************************
Z=8, N=14, emax=4
RMSE Eb: 0.770
RMSE Rch: 0.020
MAPE Eb: 0.767
MAPE Rch: 0.553
--------------------------------------------------
**************************************************
Z=8, N=14, emax=6
RMSE Eb: 0.892
RMSE Rch: 0.013
MAPE Eb: 0.634
MAPE Rch: 0.327
--------------------------------------------------
**************************************************
Z=8, N=14, emax=10
RMSE Eb: 1.035
RMSE Rch: 0.016
MAPE Eb: 0.651
MAPE Rch: 0.489
--------------------------------------------------
**************************************************
Z=8, N=15, emax=8
RMSE Eb: 1.449
RMSE Rch: 0.020
MAPE Eb: 0.891
MAPE Rch: 0.554
--------------------------------------------------
**************************************************
Z=8, N=15, emax=4
RMSE Eb: 0.998
RMSE Rch: 0.014
MAPE Eb: 1.041
MAPE Rch: 0.387
--------------------------------------------------
**************************************************
Z=8, N=15, emax=6
RMSE Eb: 0.823
RMSE Rch: 0.018
MAPE Eb: 0.567
MAPE Rch: 0.523
--------------------------------------------------
**************************************************
Z=8, N=15, emax=10
RMSE Eb: 0.796
RMSE Rch: 0.016
MAPE Eb: 0.456
MAPE Rch: 0.498
--------------------------------------------------
**************************************************
Z=8, N=16, emax=8
RMSE Eb: 1.477
RMSE Rch: 0.018
MAPE Eb: 0.840
MAPE Rch: 0.533
--------------------------------------------------
**************************************************
Z=8, N=16, emax=6
RMSE Eb: 1.022
RMSE Rch: 0.015
MAPE Eb: 0.723
MAPE Rch: 0.412
--------------------------------------------------
**************************************************
Z=8, N=16, emax=10
RMSE Eb: 1.679
RMSE Rch: 0.020
MAPE Eb: 0.925
MAPE Rch: 0.527
--------------------------------------------------
**************************************************
Z=8, N=16, emax=4
RMSE Eb: 1.040
RMSE Rch: 0.025
MAPE Eb: 1.044
MAPE Rch: 0.698
--------------------------------------------------
Finished VAL for AE n=580
**************************************************
Z=8, N=4, emax=6
RMSE Eb: 1.110
RMSE Rch: 0.017
MAPE Eb: 2.015
MAPE Rch: 0.761
--------------------------------------------------
**************************************************
Z=8, N=4, emax=8
RMSE Eb: 1.553
RMSE Rch: 0.025
MAPE Eb: 2.283
MAPE Rch: 1.150
--------------------------------------------------
**************************************************
Z=8, N=4, emax=4
RMSE Eb: 0.973
RMSE Rch: 0.018
MAPE Eb: 2.762
MAPE Rch: 0.860
--------------------------------------------------
**************************************************
Z=8, N=4, emax=10
RMSE Eb: 1.103
RMSE Rch: 0.033
MAPE Eb: 1.756
MAPE Rch: 1.455
--------------------------------------------------
**************************************************
Z=8, N=5, emax=4
RMSE Eb: 0.812
RMSE Rch: 0.022
MAPE Eb: 1.592
MAPE Rch: 1.109
--------------------------------------------------
**************************************************
Z=8, N=5, emax=8
RMSE Eb: 1.211
RMSE Rch: 0.021
MAPE Eb: 1.590
MAPE Rch: 1.038
--------------------------------------------------
**************************************************
Z=8, N=5, emax=6
RMSE Eb: 0.936
RMSE Rch: 0.017
MAPE Eb: 1.383
MAPE Rch: 0.849
--------------------------------------------------
**************************************************
Z=8, N=5, emax=10
RMSE Eb: 0.990
RMSE Rch: 0.023
MAPE Eb: 1.333
MAPE Rch: 1.143
--------------------------------------------------
**************************************************
Z=8, N=6, emax=4
RMSE Eb: 0.940
RMSE Rch: 0.019
MAPE Eb: 1.372
MAPE Rch: 0.904
--------------------------------------------------
**************************************************
Z=8, N=6, emax=8
RMSE Eb: 1.579
RMSE Rch: 0.026
MAPE Eb: 1.473
MAPE Rch: 1.159
--------------------------------------------------
**************************************************
Z=8, N=6, emax=6
RMSE Eb: 1.364
RMSE Rch: 0.017
MAPE Eb: 1.503
MAPE Rch: 0.786
--------------------------------------------------
**************************************************
Z=8, N=6, emax=10
RMSE Eb: 1.573
RMSE Rch: 0.021
MAPE Eb: 1.519
MAPE Rch: 1.103
--------------------------------------------------
**************************************************
Z=8, N=7, emax=4
RMSE Eb: 1.082
RMSE Rch: 0.015
MAPE Eb: 1.297
MAPE Rch: 0.720
--------------------------------------------------
**************************************************
Z=8, N=7, emax=8
RMSE Eb: 1.953
RMSE Rch: 0.021
MAPE Eb: 1.556
MAPE Rch: 1.149
--------------------------------------------------
**************************************************
Z=8, N=7, emax=6
RMSE Eb: 1.130
RMSE Rch: 0.020
MAPE Eb: 1.051
MAPE Rch: 1.024
--------------------------------------------------
**************************************************
Z=8, N=7, emax=10
RMSE Eb: 1.146
RMSE Rch: 0.024
MAPE Eb: 0.880
MAPE Rch: 1.343
--------------------------------------------------
**************************************************
Z=8, N=8, emax=4
RMSE Eb: 0.884
RMSE Rch: 0.030
MAPE Eb: 0.895
MAPE Rch: 0.886
--------------------------------------------------
**************************************************
Z=8, N=8, emax=6
RMSE Eb: 0.989
RMSE Rch: 0.020
MAPE Eb: 0.784
MAPE Rch: 0.549
--------------------------------------------------
**************************************************
Z=8, N=8, emax=8
RMSE Eb: 1.154
RMSE Rch: 0.020
MAPE Eb: 0.913
MAPE Rch: 0.542
--------------------------------------------------
**************************************************
Z=8, N=8, emax=10
RMSE Eb: 0.736
RMSE Rch: 0.019
MAPE Eb: 0.570
MAPE Rch: 0.547
--------------------------------------------------
**************************************************
Z=8, N=9, emax=4
RMSE Eb: 0.860
RMSE Rch: 0.020
MAPE Eb: 0.903
MAPE Rch: 0.569
--------------------------------------------------
**************************************************
Z=8, N=9, emax=8
RMSE Eb: 0.917
RMSE Rch: 0.014
MAPE Eb: 0.636
MAPE Rch: 0.425
--------------------------------------------------
**************************************************
Z=8, N=9, emax=6
RMSE Eb: 0.922
RMSE Rch: 0.013
MAPE Eb: 0.715
MAPE Rch: 0.357
--------------------------------------------------
**************************************************
Z=8, N=9, emax=10
RMSE Eb: 1.335
RMSE Rch: 0.020
MAPE Eb: 0.778
MAPE Rch: 0.494
--------------------------------------------------
**************************************************
Z=8, N=10, emax=4
RMSE Eb: 0.754
RMSE Rch: 0.018
MAPE Eb: 0.771
MAPE Rch: 0.489
--------------------------------------------------
**************************************************
Z=8, N=10, emax=6
RMSE Eb: 0.885
RMSE Rch: 0.013
MAPE Eb: 0.711
MAPE Rch: 0.389
--------------------------------------------------
**************************************************
Z=8, N=10, emax=8
RMSE Eb: 1.185
RMSE Rch: 0.017
MAPE Eb: 0.900
MAPE Rch: 0.479
--------------------------------------------------
**************************************************
Z=8, N=10, emax=10
RMSE Eb: 1.162
RMSE Rch: 0.020
MAPE Eb: 0.772
MAPE Rch: 0.663
--------------------------------------------------
**************************************************
Z=8, N=11, emax=8
RMSE Eb: 0.931
RMSE Rch: 0.016
MAPE Eb: 0.627
MAPE Rch: 0.493
--------------------------------------------------
**************************************************
Z=8, N=11, emax=4
RMSE Eb: 0.830
RMSE Rch: 0.020
MAPE Eb: 0.939
MAPE Rch: 0.566
--------------------------------------------------
**************************************************
Z=8, N=11, emax=6
RMSE Eb: 0.833
RMSE Rch: 0.013
MAPE Eb: 0.679
MAPE Rch: 0.388
--------------------------------------------------
**************************************************
Z=8, N=11, emax=10
RMSE Eb: 0.977
RMSE Rch: 0.020
MAPE Eb: 0.721
MAPE Rch: 0.528
--------------------------------------------------
**************************************************
Z=8, N=12, emax=6
RMSE Eb: 1.074
RMSE Rch: 0.014
MAPE Eb: 0.841
MAPE Rch: 0.393
--------------------------------------------------
**************************************************
Z=8, N=12, emax=8
RMSE Eb: 1.231
RMSE Rch: 0.017
MAPE Eb: 0.805
MAPE Rch: 0.496
--------------------------------------------------
**************************************************
Z=8, N=12, emax=4
RMSE Eb: 0.679
RMSE Rch: 0.020
MAPE Eb: 0.646
MAPE Rch: 0.570
--------------------------------------------------
**************************************************
Z=8, N=12, emax=10
RMSE Eb: 1.492
RMSE Rch: 0.019
MAPE Eb: 1.016
MAPE Rch: 0.556
--------------------------------------------------
**************************************************
Z=8, N=13, emax=8
RMSE Eb: 1.114
RMSE Rch: 0.013
MAPE Eb: 0.737
MAPE Rch: 0.370
--------------------------------------------------
**************************************************
Z=8, N=13, emax=4
RMSE Eb: 0.932
RMSE Rch: 0.021
MAPE Eb: 0.982
MAPE Rch: 0.572
--------------------------------------------------
**************************************************
Z=8, N=13, emax=6
RMSE Eb: 0.820
RMSE Rch: 0.013
MAPE Eb: 0.625
MAPE Rch: 0.372
--------------------------------------------------
**************************************************
Z=8, N=13, emax=10
RMSE Eb: 0.840
RMSE Rch: 0.018
MAPE Eb: 0.470
MAPE Rch: 0.553
--------------------------------------------------
**************************************************
Z=8, N=14, emax=6
RMSE Eb: 0.884
RMSE Rch: 0.013
MAPE Eb: 0.631
MAPE Rch: 0.391
--------------------------------------------------
**************************************************
Z=8, N=14, emax=10
RMSE Eb: 0.797
RMSE Rch: 0.013
MAPE Eb: 0.460
MAPE Rch: 0.385
--------------------------------------------------
**************************************************
Z=8, N=14, emax=4
RMSE Eb: 0.838
RMSE Rch: 0.018
MAPE Eb: 0.860
MAPE Rch: 0.513
--------------------------------------------------
**************************************************
Z=8, N=14, emax=8
RMSE Eb: 1.372
RMSE Rch: 0.018
MAPE Eb: 0.887
MAPE Rch: 0.526
--------------------------------------------------
**************************************************
Z=8, N=15, emax=8
RMSE Eb: 1.171
RMSE Rch: 0.016
MAPE Eb: 0.761
MAPE Rch: 0.459
--------------------------------------------------
**************************************************
Z=8, N=15, emax=6
RMSE Eb: 0.831
RMSE Rch: 0.019
MAPE Eb: 0.595
MAPE Rch: 0.549
--------------------------------------------------
**************************************************
Z=8, N=15, emax=4
RMSE Eb: 0.791
RMSE Rch: 0.015
MAPE Eb: 0.818
MAPE Rch: 0.417
--------------------------------------------------
**************************************************
Z=8, N=15, emax=10
RMSE Eb: 1.486
RMSE Rch: 0.017
MAPE Eb: 0.784
MAPE Rch: 0.518
--------------------------------------------------
**************************************************
Z=8, N=16, emax=4
RMSE Eb: 1.070
RMSE Rch: 0.022
MAPE Eb: 1.071
MAPE Rch: 0.636
--------------------------------------------------
**************************************************
Z=8, N=16, emax=8
RMSE Eb: 1.709
RMSE Rch: 0.020
MAPE Eb: 0.962
MAPE Rch: 0.579
--------------------------------------------------
**************************************************
Z=8, N=16, emax=6
RMSE Eb: 1.201
RMSE Rch: 0.014
MAPE Eb: 0.832
MAPE Rch: 0.406
--------------------------------------------------
**************************************************
Z=8, N=16, emax=10
RMSE Eb: 2.399
RMSE Rch: 0.018
MAPE Eb: 1.544
MAPE Rch: 0.517
--------------------------------------------------
