Activated conda environment
[DataLoader] Found 13 files matching the pattern.
[DataLoader] Combined data shape: (17234, 35)
[Preprocess] Data split => train: (11029, 35), val: (2758, 35), test: (3447, 35)
[Preprocess] Processed fidelity 4 (index 0): 3758 samples.
[Preprocess] Processed fidelity 6 (index 1): 3346 samples.
[Preprocess] Processed fidelity 8 (index 2): 3194 samples.
[Preprocess] Processed fidelity 10 (index 3): 731 samples.
[Preprocess] Processed fidelity 4 (index 0): 949 samples.
[Preprocess] Processed fidelity 6 (index 1): 833 samples.
[Preprocess] Processed fidelity 8 (index 2): 801 samples.
[Preprocess] Processed fidelity 10 (index 3): 175 samples.
Fidelity levels: [4, 6, 8, 10]
[Trainer] Starting BNN training...
[Trainer] No improvement. Iteration 8000. Early stopping counter: 1, LR counter: 1
[Trainer] No improvement. Iteration 8200. Early stopping counter: 1, LR counter: 1
[Trainer] No improvement. Iteration 8300. Early stopping counter: 2, LR counter: 2
[Trainer] No improvement. Iteration 8400. Early stopping counter: 3, LR counter: 3
[Trainer] No improvement. Iteration 8500. Early stopping counter: 4, LR counter: 4
[Trainer] No improvement. Iteration 9000. Early stopping counter: 1, LR counter: 1
[Trainer] No improvement. Iteration 9100. Early stopping counter: 2, LR counter: 2
[Trainer] No improvement. Iteration 9200. Early stopping counter: 3, LR counter: 3
[Trainer] No improvement. Iteration 9700. Early stopping counter: 1, LR counter: 1
[Trainer] No improvement. Iteration 10400. Early stopping counter: 1, LR counter: 1
[Trainer] No improvement. Iteration 10800. Early stopping counter: 1, LR counter: 1
[Trainer] No improvement. Iteration 10900. Early stopping counter: 2, LR counter: 2
[Trainer] No improvement. Iteration 11000. Early stopping counter: 3, LR counter: 3
[Trainer] No improvement. Iteration 11100. Early stopping counter: 4, LR counter: 4
[Trainer] No improvement. Iteration 11200. Early stopping counter: 5, LR counter: 5
[Trainer] No improvement. Iteration 11300. Early stopping counter: 6, LR counter: 6
[Trainer] No improvement. Iteration 11400. Early stopping counter: 7, LR counter: 7
[Trainer] No improvement. Iteration 11500. Early stopping counter: 8, LR counter: 8
[Trainer] No improvement. Iteration 11600. Early stopping counter: 9, LR counter: 9
[Trainer] No improvement. Iteration 11700. Early stopping counter: 10, LR counter: 10
[Trainer] No improvement. Iteration 11800. Early stopping counter: 11, LR counter: 11
[Trainer] No improvement. Iteration 11900. Early stopping counter: 12, LR counter: 12
[Trainer] No improvement. Iteration 12000. Early stopping counter: 13, LR counter: 13
[Trainer] No improvement. Iteration 12100. Early stopping counter: 14, LR counter: 14
[Trainer] No improvement. Iteration 12200. Early stopping counter: 15, LR counter: 15
[Trainer] No improvement. Iteration 12300. Early stopping counter: 16, LR counter: 16
[Trainer] No improvement. Iteration 12400. Early stopping counter: 17, LR counter: 17
[Trainer] No improvement. Iteration 12500. Early stopping counter: 18, LR counter: 18
[Trainer] No improvement. Iteration 12600. Early stopping counter: 19, LR counter: 19
[Trainer] No improvement. Iteration 12700. Early stopping counter: 20, LR counter: 20
[Trainer] No improvement. Iteration 12800. Early stopping counter: 21, LR counter: 21
[Trainer] No improvement. Iteration 12900. Early stopping counter: 22, LR counter: 22
[Trainer] No improvement. Iteration 13000. Early stopping counter: 23, LR counter: 23
[Trainer] No improvement. Iteration 13100. Early stopping counter: 24, LR counter: 24
[Trainer] No improvement. Iteration 13200. Early stopping counter: 25, LR counter: 25
[Trainer] Learning rate reduced to: 0.000010
[Trainer] No improvement. Iteration 13300. Early stopping counter: 26, LR counter: 1
[Trainer] No improvement. Iteration 13400. Early stopping counter: 27, LR counter: 2
[Trainer] No improvement. Iteration 13500. Early stopping counter: 28, LR counter: 3
[Trainer] No improvement. Iteration 13600. Early stopping counter: 29, LR counter: 4
[Trainer] No improvement. Iteration 13700. Early stopping counter: 30, LR counter: 5
[Trainer] No improvement. Iteration 13800. Early stopping counter: 31, LR counter: 6
[Trainer] No improvement. Iteration 13900. Early stopping counter: 32, LR counter: 7
[Trainer] No improvement. Iteration 14000. Early stopping counter: 33, LR counter: 8
[Trainer] No improvement. Iteration 14100. Early stopping counter: 34, LR counter: 9
[Trainer] No improvement. Iteration 14200. Early stopping counter: 35, LR counter: 10
[Trainer] No improvement. Iteration 14300. Early stopping counter: 36, LR counter: 11
[Trainer] No improvement. Iteration 14400. Early stopping counter: 37, LR counter: 12
[Trainer] No improvement. Iteration 14500. Early stopping counter: 38, LR counter: 13
[Trainer] No improvement. Iteration 14600. Early stopping counter: 39, LR counter: 14
[Trainer] No improvement. Iteration 14700. Early stopping counter: 40, LR counter: 15
[Trainer] No improvement. Iteration 14800. Early stopping counter: 41, LR counter: 16
[Trainer] No improvement. Iteration 15100. Early stopping counter: 1, LR counter: 1
[Trainer] No improvement. Iteration 15200. Early stopping counter: 2, LR counter: 2
[Trainer] No improvement. Iteration 15400. Early stopping counter: 1, LR counter: 1
[Trainer] No improvement. Iteration 15500. Early stopping counter: 2, LR counter: 2
[Trainer] No improvement. Iteration 15600. Early stopping counter: 3, LR counter: 3
[Trainer] No improvement. Iteration 15700. Early stopping counter: 4, LR counter: 4
[Trainer] No improvement. Iteration 15800. Early stopping counter: 5, LR counter: 5
[Trainer] No improvement. Iteration 15900. Early stopping counter: 6, LR counter: 6
[Trainer] No improvement. Iteration 16000. Early stopping counter: 7, LR counter: 7
[Trainer] No improvement. Iteration 16100. Early stopping counter: 8, LR counter: 8
[Trainer] No improvement. Iteration 16200. Early stopping counter: 9, LR counter: 9
[Trainer] No improvement. Iteration 16300. Early stopping counter: 10, LR counter: 10
[Trainer] No improvement. Iteration 16400. Early stopping counter: 11, LR counter: 11
[Trainer] No improvement. Iteration 16500. Early stopping counter: 12, LR counter: 12
[Trainer] No improvement. Iteration 16600. Early stopping counter: 13, LR counter: 13
[Trainer] No improvement. Iteration 16700. Early stopping counter: 14, LR counter: 14
[Trainer] No improvement. Iteration 16800. Early stopping counter: 15, LR counter: 15
[Trainer] No improvement. Iteration 16900. Early stopping counter: 16, LR counter: 16
[Trainer] No improvement. Iteration 17000. Early stopping counter: 17, LR counter: 17
[Trainer] No improvement. Iteration 17100. Early stopping counter: 18, LR counter: 18
[Trainer] No improvement. Iteration 17200. Early stopping counter: 19, LR counter: 19
[Trainer] No improvement. Iteration 17300. Early stopping counter: 20, LR counter: 20
[Trainer] No improvement. Iteration 17400. Early stopping counter: 21, LR counter: 21
[Trainer] No improvement. Iteration 17500. Early stopping counter: 22, LR counter: 22
[Trainer] No improvement. Iteration 17600. Early stopping counter: 23, LR counter: 23
[Trainer] No improvement. Iteration 18000. Early stopping counter: 1, LR counter: 1
[Trainer] No improvement. Iteration 18100. Early stopping counter: 2, LR counter: 2
[Trainer] No improvement. Iteration 18200. Early stopping counter: 3, LR counter: 3
[Trainer] No improvement. Iteration 18300. Early stopping counter: 4, LR counter: 4
[Trainer] No improvement. Iteration 18400. Early stopping counter: 5, LR counter: 5
[Trainer] No improvement. Iteration 18500. Early stopping counter: 6, LR counter: 6
[Trainer] No improvement. Iteration 18600. Early stopping counter: 7, LR counter: 7
[Trainer] No improvement. Iteration 19800. Early stopping counter: 1, LR counter: 1
[Trainer] No improvement. Iteration 20100. Early stopping counter: 1, LR counter: 1
[Trainer] No improvement. Iteration 20300. Early stopping counter: 1, LR counter: 1
[Trainer] No improvement. Iteration 20400. Early stopping counter: 2, LR counter: 2
[Trainer] No improvement. Iteration 20500. Early stopping counter: 3, LR counter: 3
[Trainer] No improvement. Iteration 20600. Early stopping counter: 4, LR counter: 4
[Trainer] No improvement. Iteration 20700. Early stopping counter: 5, LR counter: 5
[Trainer] No improvement. Iteration 20800. Early stopping counter: 6, LR counter: 6
[Trainer] No improvement. Iteration 20900. Early stopping counter: 7, LR counter: 7
[Trainer] No improvement. Iteration 21000. Early stopping counter: 8, LR counter: 8
[Trainer] No improvement. Iteration 21100. Early stopping counter: 9, LR counter: 9
[Trainer] No improvement. Iteration 21200. Early stopping counter: 10, LR counter: 10
[Trainer] No improvement. Iteration 21300. Early stopping counter: 11, LR counter: 11
[Trainer] No improvement. Iteration 21400. Early stopping counter: 12, LR counter: 12
[Trainer] No improvement. Iteration 21500. Early stopping counter: 13, LR counter: 13
[Trainer] No improvement. Iteration 21600. Early stopping counter: 14, LR counter: 14
[Trainer] No improvement. Iteration 21700. Early stopping counter: 15, LR counter: 15
[Trainer] No improvement. Iteration 21800. Early stopping counter: 16, LR counter: 16
[Trainer] No improvement. Iteration 21900. Early stopping counter: 17, LR counter: 17
[Trainer] No improvement. Iteration 22000. Early stopping counter: 18, LR counter: 18
[Trainer] No improvement. Iteration 22200. Early stopping counter: 1, LR counter: 1
[Trainer] No improvement. Iteration 22300. Early stopping counter: 2, LR counter: 2
[Trainer] No improvement. Iteration 23000. Early stopping counter: 1, LR counter: 1
[Trainer] No improvement. Iteration 23300. Early stopping counter: 1, LR counter: 1
[Trainer] No improvement. Iteration 23400. Early stopping counter: 2, LR counter: 2
[Trainer] No improvement. Iteration 23500. Early stopping counter: 3, LR counter: 3
[Trainer] No improvement. Iteration 23600. Early stopping counter: 4, LR counter: 4
[Trainer] No improvement. Iteration 23700. Early stopping counter: 5, LR counter: 5
[Trainer] No improvement. Iteration 23800. Early stopping counter: 6, LR counter: 6
[Trainer] No improvement. Iteration 23900. Early stopping counter: 7, LR counter: 7
[Trainer] No improvement. Iteration 24000. Early stopping counter: 8, LR counter: 8
[Trainer] No improvement. Iteration 24100. Early stopping counter: 9, LR counter: 9
[Trainer] No improvement. Iteration 24200. Early stopping counter: 10, LR counter: 10
[Trainer] No improvement. Iteration 24300. Early stopping counter: 11, LR counter: 11
[Trainer] No improvement. Iteration 24400. Early stopping counter: 12, LR counter: 12
[Trainer] No improvement. Iteration 24500. Early stopping counter: 13, LR counter: 13
[Trainer] No improvement. Iteration 24600. Early stopping counter: 14, LR counter: 14
[Trainer] No improvement. Iteration 24700. Early stopping counter: 15, LR counter: 15
[Trainer] No improvement. Iteration 24800. Early stopping counter: 16, LR counter: 16
[Trainer] No improvement. Iteration 24900. Early stopping counter: 17, LR counter: 17
[Trainer] No improvement. Iteration 25000. Early stopping counter: 18, LR counter: 18
[Trainer] No improvement. Iteration 25100. Early stopping counter: 19, LR counter: 19
[Trainer] No improvement. Iteration 25200. Early stopping counter: 20, LR counter: 20
[Trainer] No improvement. Iteration 25300. Early stopping counter: 21, LR counter: 21
[Trainer] No improvement. Iteration 25400. Early stopping counter: 22, LR counter: 22
[Trainer] No improvement. Iteration 25500. Early stopping counter: 23, LR counter: 23
[Trainer] No improvement. Iteration 25600. Early stopping counter: 24, LR counter: 24
[Trainer] No improvement. Iteration 25700. Early stopping counter: 25, LR counter: 25
[Trainer] Learning rate reduced to: 0.000001
[Trainer] No improvement. Iteration 25800. Early stopping counter: 26, LR counter: 1
[Trainer] No improvement. Iteration 25900. Early stopping counter: 27, LR counter: 2
[Trainer] No improvement. Iteration 26000. Early stopping counter: 28, LR counter: 3
[Trainer] No improvement. Iteration 26100. Early stopping counter: 29, LR counter: 4
[Trainer] No improvement. Iteration 26200. Early stopping counter: 30, LR counter: 5
[Trainer] No improvement. Iteration 26300. Early stopping counter: 31, LR counter: 6
[Trainer] No improvement. Iteration 26400. Early stopping counter: 32, LR counter: 7
[Trainer] No improvement. Iteration 26500. Early stopping counter: 33, LR counter: 8
[Trainer] No improvement. Iteration 26600. Early stopping counter: 34, LR counter: 9
[Trainer] No improvement. Iteration 26700. Early stopping counter: 35, LR counter: 10
[Trainer] No improvement. Iteration 26800. Early stopping counter: 36, LR counter: 11
[Trainer] No improvement. Iteration 26900. Early stopping counter: 37, LR counter: 12
[Trainer] No improvement. Iteration 27000. Early stopping counter: 38, LR counter: 13
[Trainer] No improvement. Iteration 27100. Early stopping counter: 39, LR counter: 14
[Trainer] No improvement. Iteration 27200. Early stopping counter: 40, LR counter: 15
[Trainer] No improvement. Iteration 27300. Early stopping counter: 41, LR counter: 16
[Trainer] No improvement. Iteration 27400. Early stopping counter: 42, LR counter: 17
[Trainer] No improvement. Iteration 27500. Early stopping counter: 43, LR counter: 18
[Trainer] No improvement. Iteration 27600. Early stopping counter: 44, LR counter: 19
[Trainer] No improvement. Iteration 27700. Early stopping counter: 45, LR counter: 20
[Trainer] No improvement. Iteration 27800. Early stopping counter: 46, LR counter: 21
[Trainer] No improvement. Iteration 27900. Early stopping counter: 47, LR counter: 22
[Trainer] No improvement. Iteration 28000. Early stopping counter: 48, LR counter: 23
[Trainer] No improvement. Iteration 28100. Early stopping counter: 49, LR counter: 24
[Trainer] No improvement. Iteration 28200. Early stopping counter: 50, LR counter: 25
[Trainer] Learning rate reduced to: 0.000000
[Trainer] Early stopping triggered.
[Trainer] Training completed.
[Trainer] Calibrating temperatures on validation set...
[Trainer] Temperature calibration finished. Calibrated temperatures: {4: 1.021802306175232, 6: 0.8851367235183716, 8: 0.9252374172210693, 10: 1.1299694776535034}
[Trainer] BNN training completed.
**************************************************
Z=8, N=4, emax=4
RMSE Eb: 0.836
RMSE Rch: 0.008
MAPE Eb: 2.415
MAPE Rch: 0.335
--------------------------------------------------
**************************************************
Z=8, N=4, emax=10
RMSE Eb: 1.355
RMSE Rch: 0.049
MAPE Eb: 2.098
MAPE Rch: 2.464
--------------------------------------------------
**************************************************
Z=8, N=4, emax=6
RMSE Eb: 1.223
RMSE Rch: 0.015
MAPE Eb: 2.280
MAPE Rch: 0.708
--------------------------------------------------
**************************************************
Z=8, N=4, emax=8
RMSE Eb: 0.897
RMSE Rch: 0.025
MAPE Eb: 1.468
MAPE Rch: 1.115
--------------------------------------------------
**************************************************
Z=8, N=5, emax=8
RMSE Eb: 1.056
RMSE Rch: 0.015
MAPE Eb: 1.400
MAPE Rch: 0.753
--------------------------------------------------
**************************************************
Z=8, N=5, emax=6
RMSE Eb: 0.909
RMSE Rch: 0.012
MAPE Eb: 1.326
MAPE Rch: 0.594
--------------------------------------------------
**************************************************
Z=8, N=5, emax=4
RMSE Eb: 1.080
RMSE Rch: 0.010
MAPE Eb: 2.164
MAPE Rch: 0.448
--------------------------------------------------
**************************************************
Z=8, N=5, emax=10
RMSE Eb: 1.191
RMSE Rch: 0.026
MAPE Eb: 1.465
MAPE Rch: 1.579
--------------------------------------------------
**************************************************
Z=8, N=6, emax=4
RMSE Eb: 0.807
RMSE Rch: 0.009
MAPE Eb: 1.189
MAPE Rch: 0.399
--------------------------------------------------
**************************************************
Z=8, N=6, emax=6
RMSE Eb: 0.865
RMSE Rch: 0.011
MAPE Eb: 0.886
MAPE Rch: 0.513
--------------------------------------------------
**************************************************
Z=8, N=6, emax=8
RMSE Eb: 1.108
RMSE Rch: 0.014
MAPE Eb: 1.044
MAPE Rch: 0.656
--------------------------------------------------
**************************************************
Z=8, N=6, emax=10
RMSE Eb: 1.129
RMSE Rch: 0.018
MAPE Eb: 1.068
MAPE Rch: 0.965
--------------------------------------------------
**************************************************
Z=8, N=7, emax=8
RMSE Eb: 1.520
RMSE Rch: 0.013
MAPE Eb: 1.209
MAPE Rch: 0.729
--------------------------------------------------
**************************************************
Z=8, N=7, emax=10
RMSE Eb: 1.872
RMSE Rch: 0.018
MAPE Eb: 1.378
MAPE Rch: 0.992
--------------------------------------------------
**************************************************
Z=8, N=7, emax=6
RMSE Eb: 1.128
RMSE Rch: 0.011
MAPE Eb: 1.037
MAPE Rch: 0.551
--------------------------------------------------
**************************************************
Z=8, N=7, emax=4
RMSE Eb: 1.046
RMSE Rch: 0.009
MAPE Eb: 1.265
MAPE Rch: 0.430
--------------------------------------------------
**************************************************
Z=8, N=8, emax=4
RMSE Eb: 1.099
RMSE Rch: 0.011
MAPE Eb: 1.168
MAPE Rch: 0.304
--------------------------------------------------
**************************************************
Z=8, N=8, emax=8
RMSE Eb: 1.059
RMSE Rch: 0.014
MAPE Eb: 0.805
MAPE Rch: 0.409
--------------------------------------------------
**************************************************
Z=8, N=8, emax=6
RMSE Eb: 1.138
RMSE Rch: 0.013
MAPE Eb: 0.904
MAPE Rch: 0.357
--------------------------------------------------
**************************************************
Z=8, N=8, emax=10
RMSE Eb: 1.396
RMSE Rch: 0.026
MAPE Eb: 1.096
MAPE Rch: 0.722
--------------------------------------------------
**************************************************
Z=8, N=9, emax=8
RMSE Eb: 1.056
RMSE Rch: 0.018
MAPE Eb: 0.805
MAPE Rch: 0.509
--------------------------------------------------
**************************************************
Z=8, N=9, emax=6
RMSE Eb: 1.036
RMSE Rch: 0.013
MAPE Eb: 0.870
MAPE Rch: 0.397
--------------------------------------------------
**************************************************
Z=8, N=9, emax=4
RMSE Eb: 0.890
RMSE Rch: 0.010
MAPE Eb: 0.972
MAPE Rch: 0.268
--------------------------------------------------
**************************************************
Z=8, N=9, emax=10
RMSE Eb: 1.068
RMSE Rch: 0.012
MAPE Eb: 0.744
MAPE Rch: 0.366
--------------------------------------------------
**************************************************
Z=8, N=10, emax=4
RMSE Eb: 0.860
RMSE Rch: 0.008
MAPE Eb: 0.887
MAPE Rch: 0.210
--------------------------------------------------
**************************************************
Z=8, N=10, emax=10
RMSE Eb: 1.264
RMSE Rch: 0.023
MAPE Eb: 0.804
MAPE Rch: 0.637
--------------------------------------------------
**************************************************
Z=8, N=10, emax=6
RMSE Eb: 1.194
RMSE Rch: 0.015
MAPE Eb: 0.965
MAPE Rch: 0.455
--------------------------------------------------
**************************************************
Z=8, N=10, emax=8
RMSE Eb: 1.107
RMSE Rch: 0.019
MAPE Eb: 0.770
MAPE Rch: 0.604
--------------------------------------------------
**************************************************
Z=8, N=11, emax=4
RMSE Eb: 0.925
RMSE Rch: 0.007
MAPE Eb: 0.969
MAPE Rch: 0.183
--------------------------------------------------
**************************************************
Z=8, N=11, emax=6
RMSE Eb: 0.926
RMSE Rch: 0.015
MAPE Eb: 0.662
MAPE Rch: 0.450
--------------------------------------------------
**************************************************
Z=8, N=11, emax=8
RMSE Eb: 1.235
RMSE Rch: 0.014
MAPE Eb: 0.769
MAPE Rch: 0.432
--------------------------------------------------
**************************************************
Z=8, N=11, emax=10
RMSE Eb: 1.583
RMSE Rch: 0.018
MAPE Eb: 1.009
MAPE Rch: 0.496
--------------------------------------------------
**************************************************
Z=8, N=12, emax=6
RMSE Eb: 1.011
RMSE Rch: 0.011
MAPE Eb: 0.755
MAPE Rch: 0.309
--------------------------------------------------
**************************************************
Z=8, N=12, emax=4
RMSE Eb: 0.965
RMSE Rch: 0.006
MAPE Eb: 0.981
MAPE Rch: 0.159
--------------------------------------------------
**************************************************
Z=8, N=12, emax=8
RMSE Eb: 1.173
RMSE Rch: 0.016
MAPE Eb: 0.787
MAPE Rch: 0.480
--------------------------------------------------
**************************************************
Z=8, N=12, emax=10
RMSE Eb: 0.989
RMSE Rch: 0.012
MAPE Eb: 0.645
MAPE Rch: 0.365
--------------------------------------------------
**************************************************
Z=8, N=13, emax=8
RMSE Eb: 1.147
RMSE Rch: 0.016
MAPE Eb: 0.698
MAPE Rch: 0.474
--------------------------------------------------
**************************************************
Z=8, N=13, emax=4
RMSE Eb: 0.964
RMSE Rch: 0.008
MAPE Eb: 1.024
MAPE Rch: 0.215
--------------------------------------------------
**************************************************
Z=8, N=13, emax=10
RMSE Eb: 1.308
RMSE Rch: 0.011
MAPE Eb: 0.823
MAPE Rch: 0.311
--------------------------------------------------
**************************************************
Z=8, N=13, emax=6
RMSE Eb: 0.950
RMSE Rch: 0.010
MAPE Eb: 0.743
MAPE Rch: 0.268
--------------------------------------------------
**************************************************
Z=8, N=14, emax=8
RMSE Eb: 1.322
RMSE Rch: 0.014
MAPE Eb: 0.826
MAPE Rch: 0.420
--------------------------------------------------
**************************************************
Z=8, N=14, emax=4
RMSE Eb: 1.090
RMSE Rch: 0.011
MAPE Eb: 1.048
MAPE Rch: 0.315
--------------------------------------------------
**************************************************
Z=8, N=14, emax=6
RMSE Eb: 1.127
RMSE Rch: 0.011
MAPE Eb: 0.837
MAPE Rch: 0.302
--------------------------------------------------
**************************************************
Z=8, N=14, emax=10
RMSE Eb: 1.136
RMSE Rch: 0.014
MAPE Eb: 0.758
MAPE Rch: 0.382
--------------------------------------------------
**************************************************
Z=8, N=15, emax=8
RMSE Eb: 1.411
RMSE Rch: 0.011
MAPE Eb: 0.887
MAPE Rch: 0.309
--------------------------------------------------
**************************************************
Z=8, N=15, emax=4
RMSE Eb: 1.145
RMSE Rch: 0.008
MAPE Eb: 1.092
MAPE Rch: 0.214
--------------------------------------------------
**************************************************
Z=8, N=15, emax=6
RMSE Eb: 1.247
RMSE Rch: 0.011
MAPE Eb: 0.941
MAPE Rch: 0.311
--------------------------------------------------
**************************************************
Z=8, N=15, emax=10
RMSE Eb: 1.840
RMSE Rch: 0.013
MAPE Eb: 0.950
MAPE Rch: 0.380
--------------------------------------------------
**************************************************
Z=8, N=16, emax=8
RMSE Eb: 1.305
RMSE Rch: 0.012
MAPE Eb: 0.809
MAPE Rch: 0.308
--------------------------------------------------
**************************************************
Z=8, N=16, emax=6
RMSE Eb: 1.143
RMSE Rch: 0.011
MAPE Eb: 0.813
MAPE Rch: 0.321
--------------------------------------------------
**************************************************
Z=8, N=16, emax=10
RMSE Eb: 0.934
RMSE Rch: 0.014
MAPE Eb: 0.570
MAPE Rch: 0.406
--------------------------------------------------
**************************************************
Z=8, N=16, emax=4
RMSE Eb: 1.067
RMSE Rch: 0.009
MAPE Eb: 0.995
MAPE Rch: 0.249
--------------------------------------------------
Finished VAL for AE n=255
**************************************************
Z=8, N=4, emax=6
RMSE Eb: 0.992
RMSE Rch: 0.015
MAPE Eb: 1.788
MAPE Rch: 0.685
--------------------------------------------------
**************************************************
Z=8, N=4, emax=8
RMSE Eb: 1.192
RMSE Rch: 0.023
MAPE Eb: 1.957
MAPE Rch: 0.999
--------------------------------------------------
**************************************************
Z=8, N=4, emax=4
RMSE Eb: 0.781
RMSE Rch: 0.008
MAPE Eb: 2.100
MAPE Rch: 0.358
--------------------------------------------------
**************************************************
Z=8, N=4, emax=10
RMSE Eb: 1.384
RMSE Rch: 0.038
MAPE Eb: 1.899
MAPE Rch: 1.890
--------------------------------------------------
**************************************************
Z=8, N=5, emax=4
RMSE Eb: 0.859
RMSE Rch: 0.010
MAPE Eb: 1.720
MAPE Rch: 0.484
--------------------------------------------------
**************************************************
Z=8, N=5, emax=8
RMSE Eb: 1.206
RMSE Rch: 0.018
MAPE Eb: 1.591
MAPE Rch: 0.855
--------------------------------------------------
**************************************************
Z=8, N=5, emax=6
RMSE Eb: 1.109
RMSE Rch: 0.010
MAPE Eb: 1.677
MAPE Rch: 0.512
--------------------------------------------------
**************************************************
Z=8, N=5, emax=10
RMSE Eb: 1.448
RMSE Rch: 0.019
MAPE Eb: 1.791
MAPE Rch: 1.077
--------------------------------------------------
**************************************************
Z=8, N=6, emax=4
RMSE Eb: 0.897
RMSE Rch: 0.010
MAPE Eb: 1.285
MAPE Rch: 0.486
--------------------------------------------------
**************************************************
Z=8, N=6, emax=8
RMSE Eb: 1.384
RMSE Rch: 0.017
MAPE Eb: 1.235
MAPE Rch: 0.852
--------------------------------------------------
**************************************************
Z=8, N=6, emax=6
RMSE Eb: 1.044
RMSE Rch: 0.013
MAPE Eb: 1.101
MAPE Rch: 0.603
--------------------------------------------------
**************************************************
Z=8, N=6, emax=10
RMSE Eb: 1.099
RMSE Rch: 0.015
MAPE Eb: 1.096
MAPE Rch: 0.834
--------------------------------------------------
**************************************************
Z=8, N=7, emax=4
RMSE Eb: 0.891
RMSE Rch: 0.008
MAPE Eb: 1.111
MAPE Rch: 0.384
--------------------------------------------------
**************************************************
Z=8, N=7, emax=8
RMSE Eb: 1.600
RMSE Rch: 0.013
MAPE Eb: 1.311
MAPE Rch: 0.677
--------------------------------------------------
**************************************************
Z=8, N=7, emax=6
RMSE Eb: 1.160
RMSE Rch: 0.011
MAPE Eb: 1.087
MAPE Rch: 0.575
--------------------------------------------------
**************************************************
Z=8, N=7, emax=10
RMSE Eb: 1.560
RMSE Rch: 0.016
MAPE Eb: 1.377
MAPE Rch: 0.903
--------------------------------------------------
**************************************************
Z=8, N=8, emax=4
RMSE Eb: 1.000
RMSE Rch: 0.009
MAPE Eb: 1.077
MAPE Rch: 0.268
--------------------------------------------------
**************************************************
Z=8, N=8, emax=6
RMSE Eb: 1.094
RMSE Rch: 0.012
MAPE Eb: 0.911
MAPE Rch: 0.350
--------------------------------------------------
**************************************************
Z=8, N=8, emax=8
RMSE Eb: 1.236
RMSE Rch: 0.014
MAPE Eb: 0.974
MAPE Rch: 0.373
--------------------------------------------------
**************************************************
Z=8, N=8, emax=10
RMSE Eb: 1.257
RMSE Rch: 0.015
MAPE Eb: 0.976
MAPE Rch: 0.465
--------------------------------------------------
**************************************************
Z=8, N=9, emax=4
RMSE Eb: 0.947
RMSE Rch: 0.010
MAPE Eb: 0.937
MAPE Rch: 0.276
--------------------------------------------------
**************************************************
Z=8, N=9, emax=8
RMSE Eb: 1.202
RMSE Rch: 0.017
MAPE Eb: 0.881
MAPE Rch: 0.507
--------------------------------------------------
**************************************************
Z=8, N=9, emax=6
RMSE Eb: 1.123
RMSE Rch: 0.014
MAPE Eb: 0.943
MAPE Rch: 0.404
--------------------------------------------------
**************************************************
Z=8, N=9, emax=10
RMSE Eb: 1.103
RMSE Rch: 0.013
MAPE Eb: 0.806
MAPE Rch: 0.380
--------------------------------------------------
**************************************************
Z=8, N=10, emax=4
RMSE Eb: 0.964
RMSE Rch: 0.008
MAPE Eb: 1.003
MAPE Rch: 0.227
--------------------------------------------------
**************************************************
Z=8, N=10, emax=6
RMSE Eb: 1.028
RMSE Rch: 0.016
MAPE Eb: 0.798
MAPE Rch: 0.493
--------------------------------------------------
**************************************************
Z=8, N=10, emax=8
RMSE Eb: 0.950
RMSE Rch: 0.016
MAPE Eb: 0.663
MAPE Rch: 0.488
--------------------------------------------------
**************************************************
Z=8, N=10, emax=10
RMSE Eb: 1.317
RMSE Rch: 0.019
MAPE Eb: 0.973
MAPE Rch: 0.553
--------------------------------------------------
**************************************************
Z=8, N=11, emax=8
RMSE Eb: 0.936
RMSE Rch: 0.015
MAPE Eb: 0.638
MAPE Rch: 0.469
--------------------------------------------------
**************************************************
Z=8, N=11, emax=4
RMSE Eb: 0.964
RMSE Rch: 0.008
MAPE Eb: 1.002
MAPE Rch: 0.212
--------------------------------------------------
**************************************************
Z=8, N=11, emax=6
RMSE Eb: 0.959
RMSE Rch: 0.016
MAPE Eb: 0.751
MAPE Rch: 0.483
--------------------------------------------------
**************************************************
Z=8, N=11, emax=10
RMSE Eb: 1.585
RMSE Rch: 0.017
MAPE Eb: 1.085
MAPE Rch: 0.521
--------------------------------------------------
**************************************************
Z=8, N=12, emax=6
RMSE Eb: 0.852
RMSE Rch: 0.012
MAPE Eb: 0.649
MAPE Rch: 0.358
--------------------------------------------------
**************************************************
Z=8, N=12, emax=8
RMSE Eb: 1.225
RMSE Rch: 0.016
MAPE Eb: 0.758
MAPE Rch: 0.488
--------------------------------------------------
**************************************************
Z=8, N=12, emax=4
RMSE Eb: 1.112
RMSE Rch: 0.007
MAPE Eb: 1.103
MAPE Rch: 0.204
--------------------------------------------------
**************************************************
Z=8, N=12, emax=10
RMSE Eb: 1.148
RMSE Rch: 0.011
MAPE Eb: 0.782
MAPE Rch: 0.338
--------------------------------------------------
**************************************************
Z=8, N=13, emax=8
RMSE Eb: 1.100
RMSE Rch: 0.016
MAPE Eb: 0.739
MAPE Rch: 0.503
--------------------------------------------------
**************************************************
Z=8, N=13, emax=4
RMSE Eb: 1.067
RMSE Rch: 0.009
MAPE Eb: 0.966
MAPE Rch: 0.261
--------------------------------------------------
**************************************************
Z=8, N=13, emax=6
RMSE Eb: 0.997
RMSE Rch: 0.009
MAPE Eb: 0.707
MAPE Rch: 0.256
--------------------------------------------------
**************************************************
Z=8, N=13, emax=10
RMSE Eb: 1.262
RMSE Rch: 0.013
MAPE Eb: 0.828
MAPE Rch: 0.345
--------------------------------------------------
**************************************************
Z=8, N=14, emax=6
RMSE Eb: 1.122
RMSE Rch: 0.010
MAPE Eb: 0.725
MAPE Rch: 0.294
--------------------------------------------------
**************************************************
Z=8, N=14, emax=10
RMSE Eb: 1.487
RMSE Rch: 0.016
MAPE Eb: 0.886
MAPE Rch: 0.509
--------------------------------------------------
**************************************************
Z=8, N=14, emax=4
RMSE Eb: 1.135
RMSE Rch: 0.009
MAPE Eb: 1.123
MAPE Rch: 0.252
--------------------------------------------------
**************************************************
Z=8, N=14, emax=8
RMSE Eb: 1.334
RMSE Rch: 0.014
MAPE Eb: 0.832
MAPE Rch: 0.428
--------------------------------------------------
**************************************************
Z=8, N=15, emax=8
RMSE Eb: 1.237
RMSE Rch: 0.013
MAPE Eb: 0.761
MAPE Rch: 0.370
--------------------------------------------------
**************************************************
Z=8, N=15, emax=6
RMSE Eb: 1.182
RMSE Rch: 0.011
MAPE Eb: 0.862
MAPE Rch: 0.298
--------------------------------------------------
**************************************************
Z=8, N=15, emax=4
RMSE Eb: 1.140
RMSE Rch: 0.008
MAPE Eb: 1.164
MAPE Rch: 0.217
--------------------------------------------------
**************************************************
Z=8, N=15, emax=10
RMSE Eb: 1.145
RMSE Rch: 0.011
MAPE Eb: 0.690
MAPE Rch: 0.314
--------------------------------------------------
**************************************************
Z=8, N=16, emax=4
RMSE Eb: 1.123
RMSE Rch: 0.008
MAPE Eb: 1.147
MAPE Rch: 0.212
--------------------------------------------------
**************************************************
Z=8, N=16, emax=8
RMSE Eb: 1.332
RMSE Rch: 0.010
MAPE Eb: 0.821
MAPE Rch: 0.311
--------------------------------------------------
**************************************************
Z=8, N=16, emax=6
RMSE Eb: 1.106
RMSE Rch: 0.013
MAPE Eb: 0.753
MAPE Rch: 0.364
--------------------------------------------------
**************************************************
Z=8, N=16, emax=10
RMSE Eb: 1.825
RMSE Rch: 0.014
MAPE Eb: 1.074
MAPE Rch: 0.393
--------------------------------------------------
