Activated conda environment
[DataLoader] Found 13 files matching the pattern.
[DataLoader] Combined data shape: (17234, 35)
[Preprocess] Data split => train: (11029, 35), val: (2758, 35), test: (3447, 35)
[Preprocess] Processed fidelity 4 (index 0): 3758 samples.
[Preprocess] Processed fidelity 6 (index 1): 3346 samples.
[Preprocess] Processed fidelity 8 (index 2): 3194 samples.
[Preprocess] Processed fidelity 10 (index 3): 731 samples.
[Preprocess] Processed fidelity 4 (index 0): 949 samples.
[Preprocess] Processed fidelity 6 (index 1): 833 samples.
[Preprocess] Processed fidelity 8 (index 2): 801 samples.
[Preprocess] Processed fidelity 10 (index 3): 175 samples.
Fidelity levels: [4, 6, 8, 10]
[Trainer] Starting BNN training...
[Trainer] No improvement. Iteration 7400. Early stopping counter: 1, LR counter: 1
[Trainer] No improvement. Iteration 7500. Early stopping counter: 2, LR counter: 2
[Trainer] No improvement. Iteration 7600. Early stopping counter: 3, LR counter: 3
[Trainer] No improvement. Iteration 7700. Early stopping counter: 4, LR counter: 4
[Trainer] No improvement. Iteration 7800. Early stopping counter: 5, LR counter: 5
[Trainer] No improvement. Iteration 7900. Early stopping counter: 6, LR counter: 6
[Trainer] No improvement. Iteration 8000. Early stopping counter: 7, LR counter: 7
[Trainer] No improvement. Iteration 8100. Early stopping counter: 8, LR counter: 8
[Trainer] No improvement. Iteration 8200. Early stopping counter: 9, LR counter: 9
[Trainer] No improvement. Iteration 8300. Early stopping counter: 10, LR counter: 10
[Trainer] No improvement. Iteration 8400. Early stopping counter: 11, LR counter: 11
[Trainer] No improvement. Iteration 8500. Early stopping counter: 12, LR counter: 12
[Trainer] No improvement. Iteration 8600. Early stopping counter: 13, LR counter: 13
[Trainer] No improvement. Iteration 8700. Early stopping counter: 14, LR counter: 14
[Trainer] No improvement. Iteration 8800. Early stopping counter: 15, LR counter: 15
[Trainer] No improvement. Iteration 8900. Early stopping counter: 16, LR counter: 16
[Trainer] No improvement. Iteration 9000. Early stopping counter: 17, LR counter: 17
[Trainer] No improvement. Iteration 9100. Early stopping counter: 18, LR counter: 18
[Trainer] No improvement. Iteration 9200. Early stopping counter: 19, LR counter: 19
[Trainer] No improvement. Iteration 9300. Early stopping counter: 20, LR counter: 20
[Trainer] No improvement. Iteration 9400. Early stopping counter: 21, LR counter: 21
[Trainer] No improvement. Iteration 9500. Early stopping counter: 22, LR counter: 22
[Trainer] No improvement. Iteration 9600. Early stopping counter: 23, LR counter: 23
[Trainer] No improvement. Iteration 9700. Early stopping counter: 24, LR counter: 24
[Trainer] No improvement. Iteration 9800. Early stopping counter: 25, LR counter: 25
[Trainer] Learning rate reduced to: 0.000010
[Trainer] No improvement. Iteration 9900. Early stopping counter: 26, LR counter: 1
[Trainer] No improvement. Iteration 10000. Early stopping counter: 27, LR counter: 2
[Trainer] No improvement. Iteration 10100. Early stopping counter: 28, LR counter: 3
[Trainer] No improvement. Iteration 10200. Early stopping counter: 29, LR counter: 4
[Trainer] No improvement. Iteration 10300. Early stopping counter: 30, LR counter: 5
[Trainer] No improvement. Iteration 10400. Early stopping counter: 31, LR counter: 6
[Trainer] No improvement. Iteration 10500. Early stopping counter: 32, LR counter: 7
[Trainer] No improvement. Iteration 10600. Early stopping counter: 33, LR counter: 8
[Trainer] No improvement. Iteration 10700. Early stopping counter: 34, LR counter: 9
[Trainer] No improvement. Iteration 10800. Early stopping counter: 35, LR counter: 10
[Trainer] No improvement. Iteration 10900. Early stopping counter: 36, LR counter: 11
[Trainer] No improvement. Iteration 11000. Early stopping counter: 37, LR counter: 12
[Trainer] No improvement. Iteration 11100. Early stopping counter: 38, LR counter: 13
[Trainer] No improvement. Iteration 11200. Early stopping counter: 39, LR counter: 14
[Trainer] No improvement. Iteration 11300. Early stopping counter: 40, LR counter: 15
[Trainer] No improvement. Iteration 11400. Early stopping counter: 41, LR counter: 16
[Trainer] No improvement. Iteration 11500. Early stopping counter: 42, LR counter: 17
[Trainer] No improvement. Iteration 11600. Early stopping counter: 43, LR counter: 18
[Trainer] No improvement. Iteration 11700. Early stopping counter: 44, LR counter: 19
[Trainer] No improvement. Iteration 11800. Early stopping counter: 45, LR counter: 20
[Trainer] No improvement. Iteration 11900. Early stopping counter: 46, LR counter: 21
[Trainer] No improvement. Iteration 12000. Early stopping counter: 47, LR counter: 22
[Trainer] No improvement. Iteration 12100. Early stopping counter: 48, LR counter: 23
[Trainer] No improvement. Iteration 12200. Early stopping counter: 49, LR counter: 24
[Trainer] No improvement. Iteration 12300. Early stopping counter: 50, LR counter: 25
[Trainer] Learning rate reduced to: 0.000001
[Trainer] Early stopping triggered.
[Trainer] Training completed.
[Trainer] Calibrating temperatures on validation set...
[Trainer] Temperature calibration finished. Calibrated temperatures: {4: 1.2507795095443726, 6: 1.1439564228057861, 8: 1.158408522605896, 10: 1.3537333011627197}
[Trainer] BNN training completed.
**************************************************
Z=8, N=4, emax=4
RMSE Eb: 1.028
RMSE Rch: 0.012
MAPE Eb: 2.934
MAPE Rch: 0.527
--------------------------------------------------
**************************************************
Z=8, N=4, emax=10
RMSE Eb: 1.911
RMSE Rch: 0.054
MAPE Eb: 2.847
MAPE Rch: 2.917
--------------------------------------------------
**************************************************
Z=8, N=4, emax=6
RMSE Eb: 1.172
RMSE Rch: 0.013
MAPE Eb: 2.220
MAPE Rch: 0.624
--------------------------------------------------
**************************************************
Z=8, N=4, emax=8
RMSE Eb: 1.635
RMSE Rch: 0.023
MAPE Eb: 2.805
MAPE Rch: 1.100
--------------------------------------------------
**************************************************
Z=8, N=5, emax=8
RMSE Eb: 1.523
RMSE Rch: 0.017
MAPE Eb: 1.968
MAPE Rch: 0.823
--------------------------------------------------
**************************************************
Z=8, N=5, emax=6
RMSE Eb: 1.507
RMSE Rch: 0.012
MAPE Eb: 2.251
MAPE Rch: 0.558
--------------------------------------------------
**************************************************
Z=8, N=5, emax=4
RMSE Eb: 1.219
RMSE Rch: 0.011
MAPE Eb: 2.592
MAPE Rch: 0.470
--------------------------------------------------
**************************************************
Z=8, N=5, emax=10
RMSE Eb: 1.361
RMSE Rch: 0.020
MAPE Eb: 1.956
MAPE Rch: 1.159
--------------------------------------------------
**************************************************
Z=8, N=6, emax=4
RMSE Eb: 1.019
RMSE Rch: 0.010
MAPE Eb: 1.547
MAPE Rch: 0.444
--------------------------------------------------
**************************************************
Z=8, N=6, emax=6
RMSE Eb: 1.734
RMSE Rch: 0.013
MAPE Eb: 1.933
MAPE Rch: 0.614
--------------------------------------------------
**************************************************
Z=8, N=6, emax=8
RMSE Eb: 1.557
RMSE Rch: 0.021
MAPE Eb: 1.465
MAPE Rch: 1.047
--------------------------------------------------
**************************************************
Z=8, N=6, emax=10
RMSE Eb: 1.719
RMSE Rch: 0.024
MAPE Eb: 1.649
MAPE Rch: 1.122
--------------------------------------------------
**************************************************
Z=8, N=7, emax=8
RMSE Eb: 1.766
RMSE Rch: 0.014
MAPE Eb: 1.474
MAPE Rch: 0.722
--------------------------------------------------
**************************************************
Z=8, N=7, emax=10
RMSE Eb: 1.793
RMSE Rch: 0.022
MAPE Eb: 1.385
MAPE Rch: 1.144
--------------------------------------------------
**************************************************
Z=8, N=7, emax=6
RMSE Eb: 1.756
RMSE Rch: 0.013
MAPE Eb: 1.697
MAPE Rch: 0.589
--------------------------------------------------
**************************************************
Z=8, N=7, emax=4
RMSE Eb: 1.376
RMSE Rch: 0.013
MAPE Eb: 1.516
MAPE Rch: 0.621
--------------------------------------------------
**************************************************
Z=8, N=8, emax=4
RMSE Eb: 0.905
RMSE Rch: 0.010
MAPE Eb: 0.956
MAPE Rch: 0.278
--------------------------------------------------
**************************************************
Z=8, N=8, emax=8
RMSE Eb: 1.650
RMSE Rch: 0.019
MAPE Eb: 1.310
MAPE Rch: 0.487
--------------------------------------------------
**************************************************
Z=8, N=8, emax=6
RMSE Eb: 1.240
RMSE Rch: 0.016
MAPE Eb: 1.022
MAPE Rch: 0.455
--------------------------------------------------
**************************************************
Z=8, N=8, emax=10
RMSE Eb: 3.154
RMSE Rch: 0.032
MAPE Eb: 2.231
MAPE Rch: 0.871
--------------------------------------------------
**************************************************
Z=8, N=9, emax=8
RMSE Eb: 1.174
RMSE Rch: 0.013
MAPE Eb: 0.865
MAPE Rch: 0.344
--------------------------------------------------
**************************************************
Z=8, N=9, emax=6
RMSE Eb: 1.107
RMSE Rch: 0.010
MAPE Eb: 0.899
MAPE Rch: 0.279
--------------------------------------------------
**************************************************
Z=8, N=9, emax=4
RMSE Eb: 0.785
RMSE Rch: 0.010
MAPE Eb: 0.818
MAPE Rch: 0.284
--------------------------------------------------
**************************************************
Z=8, N=9, emax=10
RMSE Eb: 1.458
RMSE Rch: 0.016
MAPE Eb: 1.121
MAPE Rch: 0.501
--------------------------------------------------
**************************************************
Z=8, N=10, emax=4
RMSE Eb: 0.722
RMSE Rch: 0.008
MAPE Eb: 0.796
MAPE Rch: 0.214
--------------------------------------------------
**************************************************
Z=8, N=10, emax=10
RMSE Eb: 0.927
RMSE Rch: 0.012
MAPE Eb: 0.659
MAPE Rch: 0.304
--------------------------------------------------
**************************************************
Z=8, N=10, emax=6
RMSE Eb: 1.184
RMSE Rch: 0.010
MAPE Eb: 1.041
MAPE Rch: 0.303
--------------------------------------------------
**************************************************
Z=8, N=10, emax=8
RMSE Eb: 1.185
RMSE Rch: 0.010
MAPE Eb: 0.810
MAPE Rch: 0.292
--------------------------------------------------
**************************************************
Z=8, N=11, emax=4
RMSE Eb: 0.590
RMSE Rch: 0.008
MAPE Eb: 0.602
MAPE Rch: 0.210
--------------------------------------------------
**************************************************
Z=8, N=11, emax=6
RMSE Eb: 1.164
RMSE Rch: 0.009
MAPE Eb: 0.906
MAPE Rch: 0.257
--------------------------------------------------
**************************************************
Z=8, N=11, emax=8
RMSE Eb: 1.422
RMSE Rch: 0.012
MAPE Eb: 1.020
MAPE Rch: 0.351
--------------------------------------------------
**************************************************
Z=8, N=11, emax=10
RMSE Eb: 1.061
RMSE Rch: 0.009
MAPE Eb: 0.684
MAPE Rch: 0.284
--------------------------------------------------
**************************************************
Z=8, N=12, emax=6
RMSE Eb: 1.184
RMSE Rch: 0.007
MAPE Eb: 0.905
MAPE Rch: 0.208
--------------------------------------------------
**************************************************
Z=8, N=12, emax=4
RMSE Eb: 0.608
RMSE Rch: 0.009
MAPE Eb: 0.638
MAPE Rch: 0.229
--------------------------------------------------
**************************************************
Z=8, N=12, emax=8
RMSE Eb: 1.172
RMSE Rch: 0.010
MAPE Eb: 0.775
MAPE Rch: 0.284
--------------------------------------------------
**************************************************
Z=8, N=12, emax=10
RMSE Eb: 1.256
RMSE Rch: 0.018
MAPE Eb: 0.821
MAPE Rch: 0.522
--------------------------------------------------
**************************************************
Z=8, N=13, emax=8
RMSE Eb: 1.306
RMSE Rch: 0.013
MAPE Eb: 0.858
MAPE Rch: 0.365
--------------------------------------------------
**************************************************
Z=8, N=13, emax=4
RMSE Eb: 0.645
RMSE Rch: 0.009
MAPE Eb: 0.632
MAPE Rch: 0.244
--------------------------------------------------
**************************************************
Z=8, N=13, emax=10
RMSE Eb: 1.167
RMSE Rch: 0.015
MAPE Eb: 0.707
MAPE Rch: 0.436
--------------------------------------------------
**************************************************
Z=8, N=13, emax=6
RMSE Eb: 1.070
RMSE Rch: 0.009
MAPE Eb: 0.872
MAPE Rch: 0.266
--------------------------------------------------
**************************************************
Z=8, N=14, emax=8
RMSE Eb: 1.440
RMSE Rch: 0.014
MAPE Eb: 0.904
MAPE Rch: 0.406
--------------------------------------------------
**************************************************
Z=8, N=14, emax=4
RMSE Eb: 0.710
RMSE Rch: 0.010
MAPE Eb: 0.692
MAPE Rch: 0.270
--------------------------------------------------
**************************************************
Z=8, N=14, emax=6
RMSE Eb: 1.110
RMSE Rch: 0.009
MAPE Eb: 0.843
MAPE Rch: 0.261
--------------------------------------------------
**************************************************
Z=8, N=14, emax=10
RMSE Eb: 0.846
RMSE Rch: 0.016
MAPE Eb: 0.554
MAPE Rch: 0.471
--------------------------------------------------
**************************************************
Z=8, N=15, emax=8
RMSE Eb: 1.460
RMSE Rch: 0.012
MAPE Eb: 0.936
MAPE Rch: 0.345
--------------------------------------------------
**************************************************
Z=8, N=15, emax=4
RMSE Eb: 0.993
RMSE Rch: 0.010
MAPE Eb: 0.955
MAPE Rch: 0.274
--------------------------------------------------
**************************************************
Z=8, N=15, emax=6
RMSE Eb: 1.213
RMSE Rch: 0.010
MAPE Eb: 0.855
MAPE Rch: 0.298
--------------------------------------------------
**************************************************
Z=8, N=15, emax=10
RMSE Eb: 1.204
RMSE Rch: 0.015
MAPE Eb: 0.769
MAPE Rch: 0.425
--------------------------------------------------
**************************************************
Z=8, N=16, emax=8
RMSE Eb: 1.745
RMSE Rch: 0.015
MAPE Eb: 1.094
MAPE Rch: 0.397
--------------------------------------------------
**************************************************
Z=8, N=16, emax=6
RMSE Eb: 1.434
RMSE Rch: 0.010
MAPE Eb: 0.974
MAPE Rch: 0.260
--------------------------------------------------
**************************************************
Z=8, N=16, emax=10
RMSE Eb: 1.347
RMSE Rch: 0.015
MAPE Eb: 0.729
MAPE Rch: 0.373
--------------------------------------------------
**************************************************
Z=8, N=16, emax=4
RMSE Eb: 1.094
RMSE Rch: 0.010
MAPE Eb: 1.069
MAPE Rch: 0.273
--------------------------------------------------
Finished VAL for AE n=505
**************************************************
Z=8, N=4, emax=6
RMSE Eb: 1.278
RMSE Rch: 0.014
MAPE Eb: 2.341
MAPE Rch: 0.640
--------------------------------------------------
**************************************************
Z=8, N=4, emax=8
RMSE Eb: 1.689
RMSE Rch: 0.021
MAPE Eb: 2.557
MAPE Rch: 0.926
--------------------------------------------------
**************************************************
Z=8, N=4, emax=4
RMSE Eb: 1.011
RMSE Rch: 0.011
MAPE Eb: 2.779
MAPE Rch: 0.495
--------------------------------------------------
**************************************************
Z=8, N=4, emax=10
RMSE Eb: 1.613
RMSE Rch: 0.036
MAPE Eb: 2.058
MAPE Rch: 1.803
--------------------------------------------------
**************************************************
Z=8, N=5, emax=4
RMSE Eb: 1.089
RMSE Rch: 0.010
MAPE Eb: 2.166
MAPE Rch: 0.477
--------------------------------------------------
**************************************************
Z=8, N=5, emax=8
RMSE Eb: 1.537
RMSE Rch: 0.018
MAPE Eb: 1.962
MAPE Rch: 0.902
--------------------------------------------------
**************************************************
Z=8, N=5, emax=6
RMSE Eb: 1.259
RMSE Rch: 0.013
MAPE Eb: 2.018
MAPE Rch: 0.618
--------------------------------------------------
**************************************************
Z=8, N=5, emax=10
RMSE Eb: 1.493
RMSE Rch: 0.039
MAPE Eb: 1.557
MAPE Rch: 1.814
--------------------------------------------------
**************************************************
Z=8, N=6, emax=4
RMSE Eb: 1.093
RMSE Rch: 0.010
MAPE Eb: 1.533
MAPE Rch: 0.473
--------------------------------------------------
**************************************************
Z=8, N=6, emax=8
RMSE Eb: 1.956
RMSE Rch: 0.021
MAPE Eb: 2.046
MAPE Rch: 1.019
--------------------------------------------------
**************************************************
Z=8, N=6, emax=6
RMSE Eb: 1.439
RMSE Rch: 0.013
MAPE Eb: 1.616
MAPE Rch: 0.627
--------------------------------------------------
**************************************************
Z=8, N=6, emax=10
RMSE Eb: 0.995
RMSE Rch: 0.025
MAPE Eb: 0.958
MAPE Rch: 1.213
--------------------------------------------------
**************************************************
Z=8, N=7, emax=4
RMSE Eb: 1.136
RMSE Rch: 0.011
MAPE Eb: 1.297
MAPE Rch: 0.553
--------------------------------------------------
**************************************************
Z=8, N=7, emax=8
RMSE Eb: 2.042
RMSE Rch: 0.018
MAPE Eb: 1.655
MAPE Rch: 0.941
--------------------------------------------------
**************************************************
Z=8, N=7, emax=6
RMSE Eb: 1.410
RMSE Rch: 0.013
MAPE Eb: 1.266
MAPE Rch: 0.694
--------------------------------------------------
**************************************************
Z=8, N=7, emax=10
RMSE Eb: 1.954
RMSE Rch: 0.029
MAPE Eb: 1.523
MAPE Rch: 1.717
--------------------------------------------------
**************************************************
Z=8, N=8, emax=4
RMSE Eb: 0.831
RMSE Rch: 0.011
MAPE Eb: 0.851
MAPE Rch: 0.324
--------------------------------------------------
**************************************************
Z=8, N=8, emax=6
RMSE Eb: 1.337
RMSE Rch: 0.014
MAPE Eb: 1.137
MAPE Rch: 0.364
--------------------------------------------------
**************************************************
Z=8, N=8, emax=8
RMSE Eb: 1.402
RMSE Rch: 0.019
MAPE Eb: 1.059
MAPE Rch: 0.549
--------------------------------------------------
**************************************************
Z=8, N=8, emax=10
RMSE Eb: 1.948
RMSE Rch: 0.031
MAPE Eb: 1.124
MAPE Rch: 0.905
--------------------------------------------------
**************************************************
Z=8, N=9, emax=4
RMSE Eb: 0.784
RMSE Rch: 0.010
MAPE Eb: 0.796
MAPE Rch: 0.277
--------------------------------------------------
**************************************************
Z=8, N=9, emax=8
RMSE Eb: 1.401
RMSE Rch: 0.014
MAPE Eb: 1.058
MAPE Rch: 0.392
--------------------------------------------------
**************************************************
Z=8, N=9, emax=6
RMSE Eb: 0.988
RMSE Rch: 0.010
MAPE Eb: 0.866
MAPE Rch: 0.288
--------------------------------------------------
**************************************************
Z=8, N=9, emax=10
RMSE Eb: 1.400
RMSE Rch: 0.018
MAPE Eb: 0.776
MAPE Rch: 0.549
--------------------------------------------------
**************************************************
Z=8, N=10, emax=4
RMSE Eb: 0.778
RMSE Rch: 0.009
MAPE Eb: 0.844
MAPE Rch: 0.236
--------------------------------------------------
**************************************************
Z=8, N=10, emax=6
RMSE Eb: 1.262
RMSE Rch: 0.011
MAPE Eb: 1.032
MAPE Rch: 0.308
--------------------------------------------------
**************************************************
Z=8, N=10, emax=8
RMSE Eb: 1.099
RMSE Rch: 0.011
MAPE Eb: 0.823
MAPE Rch: 0.320
--------------------------------------------------
**************************************************
Z=8, N=10, emax=10
RMSE Eb: 1.102
RMSE Rch: 0.016
MAPE Eb: 0.822
MAPE Rch: 0.524
--------------------------------------------------
**************************************************
Z=8, N=11, emax=8
RMSE Eb: 1.337
RMSE Rch: 0.011
MAPE Eb: 0.934
MAPE Rch: 0.303
--------------------------------------------------
**************************************************
Z=8, N=11, emax=4
RMSE Eb: 0.697
RMSE Rch: 0.008
MAPE Eb: 0.726
MAPE Rch: 0.222
--------------------------------------------------
**************************************************
Z=8, N=11, emax=6
RMSE Eb: 1.023
RMSE Rch: 0.009
MAPE Eb: 0.835
MAPE Rch: 0.244
--------------------------------------------------
**************************************************
Z=8, N=11, emax=10
RMSE Eb: 0.893
RMSE Rch: 0.016
MAPE Eb: 0.578
MAPE Rch: 0.487
--------------------------------------------------
**************************************************
Z=8, N=12, emax=6
RMSE Eb: 1.021
RMSE Rch: 0.009
MAPE Eb: 0.790
MAPE Rch: 0.249
--------------------------------------------------
**************************************************
Z=8, N=12, emax=8
RMSE Eb: 1.084
RMSE Rch: 0.010
MAPE Eb: 0.744
MAPE Rch: 0.282
--------------------------------------------------
**************************************************
Z=8, N=12, emax=4
RMSE Eb: 0.615
RMSE Rch: 0.008
MAPE Eb: 0.582
MAPE Rch: 0.217
--------------------------------------------------
**************************************************
Z=8, N=12, emax=10
RMSE Eb: 1.242
RMSE Rch: 0.013
MAPE Eb: 0.846
MAPE Rch: 0.405
--------------------------------------------------
**************************************************
Z=8, N=13, emax=8
RMSE Eb: 1.299
RMSE Rch: 0.013
MAPE Eb: 0.914
MAPE Rch: 0.372
--------------------------------------------------
**************************************************
Z=8, N=13, emax=4
RMSE Eb: 0.722
RMSE Rch: 0.008
MAPE Eb: 0.726
MAPE Rch: 0.219
--------------------------------------------------
**************************************************
Z=8, N=13, emax=6
RMSE Eb: 1.233
RMSE Rch: 0.009
MAPE Eb: 0.996
MAPE Rch: 0.241
--------------------------------------------------
**************************************************
Z=8, N=13, emax=10
RMSE Eb: 0.892
RMSE Rch: 0.018
MAPE Eb: 0.616
MAPE Rch: 0.414
--------------------------------------------------
**************************************************
Z=8, N=14, emax=6
RMSE Eb: 1.180
RMSE Rch: 0.009
MAPE Eb: 0.844
MAPE Rch: 0.253
--------------------------------------------------
**************************************************
Z=8, N=14, emax=10
RMSE Eb: 1.460
RMSE Rch: 0.017
MAPE Eb: 0.963
MAPE Rch: 0.486
--------------------------------------------------
**************************************************
Z=8, N=14, emax=4
RMSE Eb: 0.711
RMSE Rch: 0.010
MAPE Eb: 0.657
MAPE Rch: 0.263
--------------------------------------------------
**************************************************
Z=8, N=14, emax=8
RMSE Eb: 1.270
RMSE Rch: 0.014
MAPE Eb: 0.815
MAPE Rch: 0.386
--------------------------------------------------
**************************************************
Z=8, N=15, emax=8
RMSE Eb: 1.347
RMSE Rch: 0.015
MAPE Eb: 0.877
MAPE Rch: 0.391
--------------------------------------------------
**************************************************
Z=8, N=15, emax=6
RMSE Eb: 1.162
RMSE Rch: 0.010
MAPE Eb: 0.831
MAPE Rch: 0.276
--------------------------------------------------
**************************************************
Z=8, N=15, emax=4
RMSE Eb: 0.777
RMSE Rch: 0.008
MAPE Eb: 0.805
MAPE Rch: 0.225
--------------------------------------------------
**************************************************
Z=8, N=15, emax=10
RMSE Eb: 1.146
RMSE Rch: 0.008
MAPE Eb: 0.721
MAPE Rch: 0.230
--------------------------------------------------
**************************************************
Z=8, N=16, emax=4
RMSE Eb: 0.845
RMSE Rch: 0.012
MAPE Eb: 0.834
MAPE Rch: 0.319
--------------------------------------------------
**************************************************
Z=8, N=16, emax=8
RMSE Eb: 1.777
RMSE Rch: 0.013
MAPE Eb: 1.073
MAPE Rch: 0.374
--------------------------------------------------
**************************************************
Z=8, N=16, emax=6
RMSE Eb: 1.256
RMSE Rch: 0.009
MAPE Eb: 0.921
MAPE Rch: 0.241
--------------------------------------------------
**************************************************
Z=8, N=16, emax=10
RMSE Eb: 1.541
RMSE Rch: 0.014
MAPE Eb: 0.907
MAPE Rch: 0.462
--------------------------------------------------
