Activated conda environment
[DataLoader] Found 13 files matching the pattern.
[DataLoader] Combined data shape: (17234, 35)
[Preprocess] Data split => train: (11029, 35), val: (2758, 35), test: (3447, 35)
[Preprocess] Processed fidelity 4 (index 0): 3758 samples.
[Preprocess] Processed fidelity 6 (index 1): 3346 samples.
[Preprocess] Processed fidelity 8 (index 2): 3194 samples.
[Preprocess] Processed fidelity 10 (index 3): 731 samples.
[Preprocess] Processed fidelity 4 (index 0): 949 samples.
[Preprocess] Processed fidelity 6 (index 1): 833 samples.
[Preprocess] Processed fidelity 8 (index 2): 801 samples.
[Preprocess] Processed fidelity 10 (index 3): 175 samples.
Fidelity levels: [4, 6, 8, 10]
[Trainer] Starting BNN training...
[Trainer] No improvement. Iteration 9600. Early stopping counter: 1, LR counter: 1
[Trainer] No improvement. Iteration 9800. Early stopping counter: 1, LR counter: 1
[Trainer] No improvement. Iteration 9900. Early stopping counter: 2, LR counter: 2
[Trainer] No improvement. Iteration 10000. Early stopping counter: 3, LR counter: 3
[Trainer] No improvement. Iteration 10100. Early stopping counter: 4, LR counter: 4
[Trainer] No improvement. Iteration 10200. Early stopping counter: 5, LR counter: 5
[Trainer] No improvement. Iteration 10300. Early stopping counter: 6, LR counter: 6
[Trainer] No improvement. Iteration 10400. Early stopping counter: 7, LR counter: 7
[Trainer] No improvement. Iteration 10500. Early stopping counter: 8, LR counter: 8
[Trainer] No improvement. Iteration 10600. Early stopping counter: 9, LR counter: 9
[Trainer] No improvement. Iteration 10700. Early stopping counter: 10, LR counter: 10
[Trainer] No improvement. Iteration 10800. Early stopping counter: 11, LR counter: 11
[Trainer] No improvement. Iteration 10900. Early stopping counter: 12, LR counter: 12
[Trainer] No improvement. Iteration 11000. Early stopping counter: 13, LR counter: 13
[Trainer] No improvement. Iteration 11100. Early stopping counter: 14, LR counter: 14
[Trainer] No improvement. Iteration 12100. Early stopping counter: 1, LR counter: 1
[Trainer] No improvement. Iteration 12200. Early stopping counter: 2, LR counter: 2
[Trainer] No improvement. Iteration 12300. Early stopping counter: 3, LR counter: 3
[Trainer] No improvement. Iteration 12400. Early stopping counter: 4, LR counter: 4
[Trainer] No improvement. Iteration 12500. Early stopping counter: 5, LR counter: 5
[Trainer] No improvement. Iteration 12600. Early stopping counter: 6, LR counter: 6
[Trainer] No improvement. Iteration 12700. Early stopping counter: 7, LR counter: 7
[Trainer] No improvement. Iteration 12800. Early stopping counter: 8, LR counter: 8
[Trainer] No improvement. Iteration 12900. Early stopping counter: 9, LR counter: 9
[Trainer] No improvement. Iteration 13000. Early stopping counter: 10, LR counter: 10
[Trainer] No improvement. Iteration 13100. Early stopping counter: 11, LR counter: 11
[Trainer] No improvement. Iteration 13200. Early stopping counter: 12, LR counter: 12
[Trainer] No improvement. Iteration 13300. Early stopping counter: 13, LR counter: 13
[Trainer] No improvement. Iteration 13400. Early stopping counter: 14, LR counter: 14
[Trainer] No improvement. Iteration 14200. Early stopping counter: 1, LR counter: 1
[Trainer] No improvement. Iteration 14300. Early stopping counter: 2, LR counter: 2
[Trainer] No improvement. Iteration 15000. Early stopping counter: 1, LR counter: 1
[Trainer] No improvement. Iteration 15100. Early stopping counter: 2, LR counter: 2
[Trainer] No improvement. Iteration 15300. Early stopping counter: 1, LR counter: 1
[Trainer] No improvement. Iteration 15400. Early stopping counter: 2, LR counter: 2
[Trainer] No improvement. Iteration 15500. Early stopping counter: 3, LR counter: 3
[Trainer] No improvement. Iteration 15600. Early stopping counter: 4, LR counter: 4
[Trainer] No improvement. Iteration 15700. Early stopping counter: 5, LR counter: 5
[Trainer] No improvement. Iteration 15800. Early stopping counter: 6, LR counter: 6
[Trainer] No improvement. Iteration 15900. Early stopping counter: 7, LR counter: 7
[Trainer] No improvement. Iteration 16000. Early stopping counter: 8, LR counter: 8
[Trainer] No improvement. Iteration 16100. Early stopping counter: 9, LR counter: 9
[Trainer] No improvement. Iteration 16200. Early stopping counter: 10, LR counter: 10
[Trainer] No improvement. Iteration 16300. Early stopping counter: 11, LR counter: 11
[Trainer] No improvement. Iteration 16400. Early stopping counter: 12, LR counter: 12
[Trainer] No improvement. Iteration 16500. Early stopping counter: 13, LR counter: 13
[Trainer] No improvement. Iteration 17000. Early stopping counter: 1, LR counter: 1
[Trainer] No improvement. Iteration 17200. Early stopping counter: 1, LR counter: 1
[Trainer] No improvement. Iteration 17600. Early stopping counter: 1, LR counter: 1
[Trainer] No improvement. Iteration 17700. Early stopping counter: 2, LR counter: 2
[Trainer] No improvement. Iteration 17800. Early stopping counter: 3, LR counter: 3
[Trainer] No improvement. Iteration 17900. Early stopping counter: 4, LR counter: 4
[Trainer] No improvement. Iteration 18000. Early stopping counter: 5, LR counter: 5
[Trainer] No improvement. Iteration 18100. Early stopping counter: 6, LR counter: 6
[Trainer] No improvement. Iteration 18200. Early stopping counter: 7, LR counter: 7
[Trainer] No improvement. Iteration 18300. Early stopping counter: 8, LR counter: 8
[Trainer] No improvement. Iteration 18400. Early stopping counter: 9, LR counter: 9
[Trainer] No improvement. Iteration 18500. Early stopping counter: 10, LR counter: 10
[Trainer] No improvement. Iteration 18600. Early stopping counter: 11, LR counter: 11
[Trainer] No improvement. Iteration 18700. Early stopping counter: 12, LR counter: 12
[Trainer] No improvement. Iteration 18800. Early stopping counter: 13, LR counter: 13
[Trainer] No improvement. Iteration 18900. Early stopping counter: 14, LR counter: 14
[Trainer] No improvement. Iteration 19000. Early stopping counter: 15, LR counter: 15
[Trainer] No improvement. Iteration 19100. Early stopping counter: 16, LR counter: 16
[Trainer] No improvement. Iteration 19200. Early stopping counter: 17, LR counter: 17
[Trainer] No improvement. Iteration 19300. Early stopping counter: 18, LR counter: 18
[Trainer] No improvement. Iteration 19400. Early stopping counter: 19, LR counter: 19
[Trainer] No improvement. Iteration 19500. Early stopping counter: 20, LR counter: 20
[Trainer] No improvement. Iteration 19600. Early stopping counter: 21, LR counter: 21
[Trainer] No improvement. Iteration 19700. Early stopping counter: 22, LR counter: 22
[Trainer] No improvement. Iteration 19800. Early stopping counter: 23, LR counter: 23
[Trainer] No improvement. Iteration 19900. Early stopping counter: 24, LR counter: 24
[Trainer] No improvement. Iteration 20000. Early stopping counter: 25, LR counter: 25
[Trainer] Learning rate reduced to: 0.000010
[Trainer] No improvement. Iteration 20100. Early stopping counter: 26, LR counter: 1
[Trainer] No improvement. Iteration 20200. Early stopping counter: 27, LR counter: 2
[Trainer] No improvement. Iteration 20300. Early stopping counter: 28, LR counter: 3
[Trainer] No improvement. Iteration 20400. Early stopping counter: 29, LR counter: 4
[Trainer] No improvement. Iteration 20500. Early stopping counter: 30, LR counter: 5
[Trainer] No improvement. Iteration 20600. Early stopping counter: 31, LR counter: 6
[Trainer] No improvement. Iteration 20700. Early stopping counter: 32, LR counter: 7
[Trainer] No improvement. Iteration 20800. Early stopping counter: 33, LR counter: 8
[Trainer] No improvement. Iteration 20900. Early stopping counter: 34, LR counter: 9
[Trainer] No improvement. Iteration 21000. Early stopping counter: 35, LR counter: 10
[Trainer] No improvement. Iteration 21100. Early stopping counter: 36, LR counter: 11
[Trainer] No improvement. Iteration 21200. Early stopping counter: 37, LR counter: 12
[Trainer] No improvement. Iteration 21300. Early stopping counter: 38, LR counter: 13
[Trainer] No improvement. Iteration 21400. Early stopping counter: 39, LR counter: 14
[Trainer] No improvement. Iteration 21500. Early stopping counter: 40, LR counter: 15
[Trainer] No improvement. Iteration 21600. Early stopping counter: 41, LR counter: 16
[Trainer] No improvement. Iteration 21700. Early stopping counter: 42, LR counter: 17
[Trainer] No improvement. Iteration 21800. Early stopping counter: 43, LR counter: 18
[Trainer] No improvement. Iteration 21900. Early stopping counter: 44, LR counter: 19
[Trainer] No improvement. Iteration 22000. Early stopping counter: 45, LR counter: 20
[Trainer] No improvement. Iteration 22100. Early stopping counter: 46, LR counter: 21
[Trainer] No improvement. Iteration 22200. Early stopping counter: 47, LR counter: 22
[Trainer] No improvement. Iteration 22300. Early stopping counter: 48, LR counter: 23
[Trainer] No improvement. Iteration 22400. Early stopping counter: 49, LR counter: 24
[Trainer] No improvement. Iteration 22500. Early stopping counter: 50, LR counter: 25
[Trainer] Learning rate reduced to: 0.000001
[Trainer] Early stopping triggered.
[Trainer] Training completed.
[Trainer] Calibrating temperatures on validation set...
[Trainer] Temperature calibration finished. Calibrated temperatures: {4: 0.9957378506660461, 6: 0.9358187913894653, 8: 1.1104846000671387, 10: 1.324717402458191}
[Trainer] BNN training completed.
**************************************************
Z=8, N=4, emax=4
RMSE Eb: 0.701
RMSE Rch: 0.010
MAPE Eb: 2.049
MAPE Rch: 0.381
--------------------------------------------------
**************************************************
Z=8, N=4, emax=10
RMSE Eb: 1.251
RMSE Rch: 0.056
MAPE Eb: 1.836
MAPE Rch: 2.751
--------------------------------------------------
**************************************************
Z=8, N=4, emax=6
RMSE Eb: 1.168
RMSE Rch: 0.020
MAPE Eb: 2.190
MAPE Rch: 0.930
--------------------------------------------------
**************************************************
Z=8, N=4, emax=8
RMSE Eb: 1.104
RMSE Rch: 0.026
MAPE Eb: 1.793
MAPE Rch: 1.234
--------------------------------------------------
**************************************************
Z=8, N=5, emax=8
RMSE Eb: 1.153
RMSE Rch: 0.023
MAPE Eb: 1.604
MAPE Rch: 1.162
--------------------------------------------------
**************************************************
Z=8, N=5, emax=6
RMSE Eb: 1.150
RMSE Rch: 0.014
MAPE Eb: 1.702
MAPE Rch: 0.650
--------------------------------------------------
**************************************************
Z=8, N=5, emax=4
RMSE Eb: 0.908
RMSE Rch: 0.011
MAPE Eb: 1.832
MAPE Rch: 0.478
--------------------------------------------------
**************************************************
Z=8, N=5, emax=10
RMSE Eb: 0.867
RMSE Rch: 0.021
MAPE Eb: 1.133
MAPE Rch: 1.133
--------------------------------------------------
**************************************************
Z=8, N=6, emax=4
RMSE Eb: 0.822
RMSE Rch: 0.008
MAPE Eb: 1.170
MAPE Rch: 0.370
--------------------------------------------------
**************************************************
Z=8, N=6, emax=6
RMSE Eb: 0.949
RMSE Rch: 0.011
MAPE Eb: 1.043
MAPE Rch: 0.506
--------------------------------------------------
**************************************************
Z=8, N=6, emax=8
RMSE Eb: 1.508
RMSE Rch: 0.016
MAPE Eb: 1.190
MAPE Rch: 0.792
--------------------------------------------------
**************************************************
Z=8, N=6, emax=10
RMSE Eb: 1.825
RMSE Rch: 0.018
MAPE Eb: 1.602
MAPE Rch: 0.910
--------------------------------------------------
**************************************************
Z=8, N=7, emax=8
RMSE Eb: 1.194
RMSE Rch: 0.015
MAPE Eb: 0.993
MAPE Rch: 0.719
--------------------------------------------------
**************************************************
Z=8, N=7, emax=10
RMSE Eb: 1.584
RMSE Rch: 0.016
MAPE Eb: 1.188
MAPE Rch: 0.783
--------------------------------------------------
**************************************************
Z=8, N=7, emax=6
RMSE Eb: 1.189
RMSE Rch: 0.011
MAPE Eb: 0.977
MAPE Rch: 0.541
--------------------------------------------------
**************************************************
Z=8, N=7, emax=4
RMSE Eb: 0.752
RMSE Rch: 0.009
MAPE Eb: 0.843
MAPE Rch: 0.412
--------------------------------------------------
**************************************************
Z=8, N=8, emax=4
RMSE Eb: 1.021
RMSE Rch: 0.011
MAPE Eb: 0.880
MAPE Rch: 0.306
--------------------------------------------------
**************************************************
Z=8, N=8, emax=8
RMSE Eb: 1.551
RMSE Rch: 0.021
MAPE Eb: 1.199
MAPE Rch: 0.570
--------------------------------------------------
**************************************************
Z=8, N=8, emax=6
RMSE Eb: 1.380
RMSE Rch: 0.018
MAPE Eb: 0.977
MAPE Rch: 0.472
--------------------------------------------------
**************************************************
Z=8, N=8, emax=10
RMSE Eb: 1.018
RMSE Rch: 0.018
MAPE Eb: 0.758
MAPE Rch: 0.526
--------------------------------------------------
**************************************************
Z=8, N=9, emax=8
RMSE Eb: 1.416
RMSE Rch: 0.012
MAPE Eb: 0.852
MAPE Rch: 0.365
--------------------------------------------------
**************************************************
Z=8, N=9, emax=6
RMSE Eb: 1.019
RMSE Rch: 0.009
MAPE Eb: 0.857
MAPE Rch: 0.262
--------------------------------------------------
**************************************************
Z=8, N=9, emax=4
RMSE Eb: 0.956
RMSE Rch: 0.008
MAPE Eb: 0.878
MAPE Rch: 0.227
--------------------------------------------------
**************************************************
Z=8, N=9, emax=10
RMSE Eb: 1.328
RMSE Rch: 0.010
MAPE Eb: 1.011
MAPE Rch: 0.274
--------------------------------------------------
**************************************************
Z=8, N=10, emax=4
RMSE Eb: 0.941
RMSE Rch: 0.006
MAPE Eb: 0.874
MAPE Rch: 0.168
--------------------------------------------------
**************************************************
Z=8, N=10, emax=10
RMSE Eb: 1.389
RMSE Rch: 0.006
MAPE Eb: 0.944
MAPE Rch: 0.182
--------------------------------------------------
**************************************************
Z=8, N=10, emax=6
RMSE Eb: 1.028
RMSE Rch: 0.009
MAPE Eb: 0.744
MAPE Rch: 0.216
--------------------------------------------------
**************************************************
Z=8, N=10, emax=8
RMSE Eb: 1.480
RMSE Rch: 0.012
MAPE Eb: 1.045
MAPE Rch: 0.324
--------------------------------------------------
**************************************************
Z=8, N=11, emax=4
RMSE Eb: 1.076
RMSE Rch: 0.007
MAPE Eb: 1.012
MAPE Rch: 0.203
--------------------------------------------------
**************************************************
Z=8, N=11, emax=6
RMSE Eb: 1.148
RMSE Rch: 0.010
MAPE Eb: 0.781
MAPE Rch: 0.276
--------------------------------------------------
**************************************************
Z=8, N=11, emax=8
RMSE Eb: 1.361
RMSE Rch: 0.009
MAPE Eb: 0.958
MAPE Rch: 0.243
--------------------------------------------------
**************************************************
Z=8, N=11, emax=10
RMSE Eb: 2.157
RMSE Rch: 0.012
MAPE Eb: 1.462
MAPE Rch: 0.358
--------------------------------------------------
**************************************************
Z=8, N=12, emax=6
RMSE Eb: 1.187
RMSE Rch: 0.010
MAPE Eb: 0.862
MAPE Rch: 0.291
--------------------------------------------------
**************************************************
Z=8, N=12, emax=4
RMSE Eb: 0.911
RMSE Rch: 0.006
MAPE Eb: 0.905
MAPE Rch: 0.175
--------------------------------------------------
**************************************************
Z=8, N=12, emax=8
RMSE Eb: 1.206
RMSE Rch: 0.010
MAPE Eb: 0.814
MAPE Rch: 0.261
--------------------------------------------------
**************************************************
Z=8, N=12, emax=10
RMSE Eb: 1.723
RMSE Rch: 0.006
MAPE Eb: 0.947
MAPE Rch: 0.188
--------------------------------------------------
**************************************************
Z=8, N=13, emax=8
RMSE Eb: 1.244
RMSE Rch: 0.009
MAPE Eb: 0.759
MAPE Rch: 0.241
--------------------------------------------------
**************************************************
Z=8, N=13, emax=4
RMSE Eb: 0.972
RMSE Rch: 0.006
MAPE Eb: 0.922
MAPE Rch: 0.162
--------------------------------------------------
**************************************************
Z=8, N=13, emax=10
RMSE Eb: 1.505
RMSE Rch: 0.007
MAPE Eb: 0.930
MAPE Rch: 0.214
--------------------------------------------------
**************************************************
Z=8, N=13, emax=6
RMSE Eb: 1.016
RMSE Rch: 0.008
MAPE Eb: 0.766
MAPE Rch: 0.226
--------------------------------------------------
**************************************************
Z=8, N=14, emax=8
RMSE Eb: 1.850
RMSE Rch: 0.014
MAPE Eb: 1.051
MAPE Rch: 0.340
--------------------------------------------------
**************************************************
Z=8, N=14, emax=4
RMSE Eb: 1.018
RMSE Rch: 0.009
MAPE Eb: 0.939
MAPE Rch: 0.255
--------------------------------------------------
**************************************************
Z=8, N=14, emax=6
RMSE Eb: 1.148
RMSE Rch: 0.011
MAPE Eb: 0.893
MAPE Rch: 0.294
--------------------------------------------------
**************************************************
Z=8, N=14, emax=10
RMSE Eb: 1.498
RMSE Rch: 0.015
MAPE Eb: 0.881
MAPE Rch: 0.384
--------------------------------------------------
**************************************************
Z=8, N=15, emax=8
RMSE Eb: 1.721
RMSE Rch: 0.010
MAPE Eb: 0.986
MAPE Rch: 0.265
--------------------------------------------------
**************************************************
Z=8, N=15, emax=4
RMSE Eb: 1.315
RMSE Rch: 0.009
MAPE Eb: 1.214
MAPE Rch: 0.249
--------------------------------------------------
**************************************************
Z=8, N=15, emax=6
RMSE Eb: 1.342
RMSE Rch: 0.011
MAPE Eb: 0.850
MAPE Rch: 0.284
--------------------------------------------------
**************************************************
Z=8, N=15, emax=10
RMSE Eb: 1.740
RMSE Rch: 0.012
MAPE Eb: 1.047
MAPE Rch: 0.366
--------------------------------------------------
**************************************************
Z=8, N=16, emax=8
RMSE Eb: 2.250
RMSE Rch: 0.010
MAPE Eb: 1.289
MAPE Rch: 0.291
--------------------------------------------------
**************************************************
Z=8, N=16, emax=6
RMSE Eb: 1.474
RMSE Rch: 0.010
MAPE Eb: 0.947
MAPE Rch: 0.277
--------------------------------------------------
**************************************************
Z=8, N=16, emax=10
RMSE Eb: 2.101
RMSE Rch: 0.014
MAPE Eb: 1.007
MAPE Rch: 0.391
--------------------------------------------------
**************************************************
Z=8, N=16, emax=4
RMSE Eb: 1.390
RMSE Rch: 0.011
MAPE Eb: 1.336
MAPE Rch: 0.316
--------------------------------------------------
Finished VAL for AE n=113
**************************************************
Z=8, N=4, emax=6
RMSE Eb: 1.054
RMSE Rch: 0.018
MAPE Eb: 1.941
MAPE Rch: 0.862
--------------------------------------------------
**************************************************
Z=8, N=4, emax=8
RMSE Eb: 1.338
RMSE Rch: 0.022
MAPE Eb: 2.224
MAPE Rch: 1.027
--------------------------------------------------
**************************************************
Z=8, N=4, emax=4
RMSE Eb: 0.962
RMSE Rch: 0.008
MAPE Eb: 2.637
MAPE Rch: 0.349
--------------------------------------------------
**************************************************
Z=8, N=4, emax=10
RMSE Eb: 1.720
RMSE Rch: 0.038
MAPE Eb: 2.508
MAPE Rch: 1.802
--------------------------------------------------
**************************************************
Z=8, N=5, emax=4
RMSE Eb: 0.940
RMSE Rch: 0.010
MAPE Eb: 1.843
MAPE Rch: 0.454
--------------------------------------------------
**************************************************
Z=8, N=5, emax=8
RMSE Eb: 1.327
RMSE Rch: 0.024
MAPE Eb: 1.795
MAPE Rch: 1.107
--------------------------------------------------
**************************************************
Z=8, N=5, emax=6
RMSE Eb: 1.135
RMSE Rch: 0.015
MAPE Eb: 1.758
MAPE Rch: 0.682
--------------------------------------------------
**************************************************
Z=8, N=5, emax=10
RMSE Eb: 1.930
RMSE Rch: 0.021
MAPE Eb: 2.216
MAPE Rch: 1.181
--------------------------------------------------
**************************************************
Z=8, N=6, emax=4
RMSE Eb: 0.915
RMSE Rch: 0.010
MAPE Eb: 1.210
MAPE Rch: 0.452
--------------------------------------------------
**************************************************
Z=8, N=6, emax=8
RMSE Eb: 1.386
RMSE Rch: 0.018
MAPE Eb: 1.171
MAPE Rch: 0.873
--------------------------------------------------
**************************************************
Z=8, N=6, emax=6
RMSE Eb: 1.114
RMSE Rch: 0.012
MAPE Eb: 1.186
MAPE Rch: 0.601
--------------------------------------------------
**************************************************
Z=8, N=6, emax=10
RMSE Eb: 1.305
RMSE Rch: 0.016
MAPE Eb: 1.249
MAPE Rch: 0.869
--------------------------------------------------
**************************************************
Z=8, N=7, emax=4
RMSE Eb: 0.908
RMSE Rch: 0.007
MAPE Eb: 1.046
MAPE Rch: 0.321
--------------------------------------------------
**************************************************
Z=8, N=7, emax=8
RMSE Eb: 1.849
RMSE Rch: 0.017
MAPE Eb: 1.295
MAPE Rch: 0.873
--------------------------------------------------
**************************************************
Z=8, N=7, emax=6
RMSE Eb: 1.053
RMSE Rch: 0.010
MAPE Eb: 0.925
MAPE Rch: 0.469
--------------------------------------------------
**************************************************
Z=8, N=7, emax=10
RMSE Eb: 1.524
RMSE Rch: 0.015
MAPE Eb: 1.257
MAPE Rch: 0.866
--------------------------------------------------
**************************************************
Z=8, N=8, emax=4
RMSE Eb: 1.340
RMSE Rch: 0.012
MAPE Eb: 1.132
MAPE Rch: 0.334
--------------------------------------------------
**************************************************
Z=8, N=8, emax=6
RMSE Eb: 1.350
RMSE Rch: 0.014
MAPE Eb: 0.990
MAPE Rch: 0.372
--------------------------------------------------
**************************************************
Z=8, N=8, emax=8
RMSE Eb: 1.299
RMSE Rch: 0.019
MAPE Eb: 0.926
MAPE Rch: 0.564
--------------------------------------------------
**************************************************
Z=8, N=8, emax=10
RMSE Eb: 1.731
RMSE Rch: 0.018
MAPE Eb: 1.293
MAPE Rch: 0.558
--------------------------------------------------
**************************************************
Z=8, N=9, emax=4
RMSE Eb: 0.932
RMSE Rch: 0.008
MAPE Eb: 0.888
MAPE Rch: 0.225
--------------------------------------------------
**************************************************
Z=8, N=9, emax=8
RMSE Eb: 1.516
RMSE Rch: 0.013
MAPE Eb: 1.027
MAPE Rch: 0.388
--------------------------------------------------
**************************************************
Z=8, N=9, emax=6
RMSE Eb: 1.014
RMSE Rch: 0.010
MAPE Eb: 0.781
MAPE Rch: 0.289
--------------------------------------------------
**************************************************
Z=8, N=9, emax=10
RMSE Eb: 1.253
RMSE Rch: 0.010
MAPE Eb: 0.838
MAPE Rch: 0.293
--------------------------------------------------
**************************************************
Z=8, N=10, emax=4
RMSE Eb: 0.849
RMSE Rch: 0.007
MAPE Eb: 0.829
MAPE Rch: 0.202
--------------------------------------------------
**************************************************
Z=8, N=10, emax=6
RMSE Eb: 1.070
RMSE Rch: 0.008
MAPE Eb: 0.773
MAPE Rch: 0.222
--------------------------------------------------
**************************************************
Z=8, N=10, emax=8
RMSE Eb: 1.425
RMSE Rch: 0.010
MAPE Eb: 0.905
MAPE Rch: 0.278
--------------------------------------------------
**************************************************
Z=8, N=10, emax=10
RMSE Eb: 1.186
RMSE Rch: 0.010
MAPE Eb: 0.762
MAPE Rch: 0.257
--------------------------------------------------
**************************************************
Z=8, N=11, emax=8
RMSE Eb: 1.350
RMSE Rch: 0.011
MAPE Eb: 0.900
MAPE Rch: 0.307
--------------------------------------------------
**************************************************
Z=8, N=11, emax=4
RMSE Eb: 0.720
RMSE Rch: 0.007
MAPE Eb: 0.765
MAPE Rch: 0.193
--------------------------------------------------
**************************************************
Z=8, N=11, emax=6
RMSE Eb: 0.956
RMSE Rch: 0.008
MAPE Eb: 0.734
MAPE Rch: 0.238
--------------------------------------------------
**************************************************
Z=8, N=11, emax=10
RMSE Eb: 2.466
RMSE Rch: 0.011
MAPE Eb: 1.761
MAPE Rch: 0.323
--------------------------------------------------
**************************************************
Z=8, N=12, emax=6
RMSE Eb: 0.936
RMSE Rch: 0.009
MAPE Eb: 0.659
MAPE Rch: 0.253
--------------------------------------------------
**************************************************
Z=8, N=12, emax=8
RMSE Eb: 1.368
RMSE Rch: 0.010
MAPE Eb: 0.895
MAPE Rch: 0.255
--------------------------------------------------
**************************************************
Z=8, N=12, emax=4
RMSE Eb: 0.859
RMSE Rch: 0.005
MAPE Eb: 0.860
MAPE Rch: 0.139
--------------------------------------------------
**************************************************
Z=8, N=12, emax=10
RMSE Eb: 1.225
RMSE Rch: 0.011
MAPE Eb: 0.833
MAPE Rch: 0.316
--------------------------------------------------
**************************************************
Z=8, N=13, emax=8
RMSE Eb: 1.541
RMSE Rch: 0.010
MAPE Eb: 0.868
MAPE Rch: 0.271
--------------------------------------------------
**************************************************
Z=8, N=13, emax=4
RMSE Eb: 0.926
RMSE Rch: 0.007
MAPE Eb: 0.899
MAPE Rch: 0.205
--------------------------------------------------
**************************************************
Z=8, N=13, emax=6
RMSE Eb: 1.060
RMSE Rch: 0.009
MAPE Eb: 0.746
MAPE Rch: 0.253
--------------------------------------------------
**************************************************
Z=8, N=13, emax=10
RMSE Eb: 1.320
RMSE Rch: 0.007
MAPE Eb: 0.877
MAPE Rch: 0.211
--------------------------------------------------
**************************************************
Z=8, N=14, emax=6
RMSE Eb: 1.530
RMSE Rch: 0.010
MAPE Eb: 0.946
MAPE Rch: 0.296
--------------------------------------------------
**************************************************
Z=8, N=14, emax=10
RMSE Eb: 1.691
RMSE Rch: 0.012
MAPE Eb: 1.044
MAPE Rch: 0.388
--------------------------------------------------
**************************************************
Z=8, N=14, emax=4
RMSE Eb: 1.112
RMSE Rch: 0.008
MAPE Eb: 1.047
MAPE Rch: 0.203
--------------------------------------------------
**************************************************
Z=8, N=14, emax=8
RMSE Eb: 1.796
RMSE Rch: 0.012
MAPE Eb: 1.054
MAPE Rch: 0.349
--------------------------------------------------
**************************************************
Z=8, N=15, emax=8
RMSE Eb: 1.423
RMSE Rch: 0.010
MAPE Eb: 0.809
MAPE Rch: 0.285
--------------------------------------------------
**************************************************
Z=8, N=15, emax=6
RMSE Eb: 1.238
RMSE Rch: 0.012
MAPE Eb: 0.805
MAPE Rch: 0.333
--------------------------------------------------
**************************************************
Z=8, N=15, emax=4
RMSE Eb: 1.331
RMSE Rch: 0.008
MAPE Eb: 1.382
MAPE Rch: 0.215
--------------------------------------------------
**************************************************
Z=8, N=15, emax=10
RMSE Eb: 2.108
RMSE Rch: 0.013
MAPE Eb: 1.099
MAPE Rch: 0.394
--------------------------------------------------
**************************************************
Z=8, N=16, emax=4
RMSE Eb: 1.620
RMSE Rch: 0.010
MAPE Eb: 1.501
MAPE Rch: 0.277
--------------------------------------------------
**************************************************
Z=8, N=16, emax=8
RMSE Eb: 1.879
RMSE Rch: 0.011
MAPE Eb: 1.056
MAPE Rch: 0.307
--------------------------------------------------
**************************************************
Z=8, N=16, emax=6
RMSE Eb: 1.288
RMSE Rch: 0.012
MAPE Eb: 0.817
MAPE Rch: 0.317
--------------------------------------------------
**************************************************
Z=8, N=16, emax=10
RMSE Eb: 2.014
RMSE Rch: 0.011
MAPE Eb: 1.322
MAPE Rch: 0.308
--------------------------------------------------
