Activated conda environment
[DataLoader] Found 13 files matching the pattern.
[DataLoader] Combined data shape: (17234, 35)
[Preprocess] Data split => train: (11029, 35), val: (2758, 35), test: (3447, 35)
[Preprocess] Processed fidelity 4 (index 0): 3758 samples.
[Preprocess] Processed fidelity 6 (index 1): 3346 samples.
[Preprocess] Processed fidelity 8 (index 2): 3194 samples.
[Preprocess] Processed fidelity 10 (index 3): 731 samples.
[Preprocess] Processed fidelity 4 (index 0): 949 samples.
[Preprocess] Processed fidelity 6 (index 1): 833 samples.
[Preprocess] Processed fidelity 8 (index 2): 801 samples.
[Preprocess] Processed fidelity 10 (index 3): 175 samples.
Fidelity levels: [4, 6, 8, 10]
[Trainer] Starting BNN training...
[Trainer] No improvement. Iteration 7700. Early stopping counter: 1, LR counter: 1
[Trainer] No improvement. Iteration 8100. Early stopping counter: 1, LR counter: 1
[Trainer] No improvement. Iteration 8200. Early stopping counter: 2, LR counter: 2
[Trainer] No improvement. Iteration 8300. Early stopping counter: 3, LR counter: 3
[Trainer] No improvement. Iteration 8600. Early stopping counter: 1, LR counter: 1
[Trainer] No improvement. Iteration 9000. Early stopping counter: 1, LR counter: 1
[Trainer] No improvement. Iteration 9100. Early stopping counter: 2, LR counter: 2
[Trainer] No improvement. Iteration 9200. Early stopping counter: 3, LR counter: 3
[Trainer] No improvement. Iteration 9300. Early stopping counter: 4, LR counter: 4
[Trainer] No improvement. Iteration 9400. Early stopping counter: 5, LR counter: 5
[Trainer] No improvement. Iteration 9500. Early stopping counter: 6, LR counter: 6
[Trainer] No improvement. Iteration 9600. Early stopping counter: 7, LR counter: 7
[Trainer] No improvement. Iteration 9700. Early stopping counter: 8, LR counter: 8
[Trainer] No improvement. Iteration 9800. Early stopping counter: 9, LR counter: 9
[Trainer] No improvement. Iteration 9900. Early stopping counter: 10, LR counter: 10
[Trainer] No improvement. Iteration 10000. Early stopping counter: 11, LR counter: 11
[Trainer] No improvement. Iteration 10100. Early stopping counter: 12, LR counter: 12
[Trainer] No improvement. Iteration 11000. Early stopping counter: 1, LR counter: 1
[Trainer] No improvement. Iteration 11100. Early stopping counter: 2, LR counter: 2
[Trainer] No improvement. Iteration 11700. Early stopping counter: 1, LR counter: 1
[Trainer] No improvement. Iteration 11800. Early stopping counter: 2, LR counter: 2
[Trainer] No improvement. Iteration 11900. Early stopping counter: 3, LR counter: 3
[Trainer] No improvement. Iteration 12000. Early stopping counter: 4, LR counter: 4
[Trainer] No improvement. Iteration 12100. Early stopping counter: 5, LR counter: 5
[Trainer] No improvement. Iteration 12200. Early stopping counter: 6, LR counter: 6
[Trainer] No improvement. Iteration 12300. Early stopping counter: 7, LR counter: 7
[Trainer] No improvement. Iteration 12400. Early stopping counter: 8, LR counter: 8
[Trainer] No improvement. Iteration 12500. Early stopping counter: 9, LR counter: 9
[Trainer] No improvement. Iteration 12600. Early stopping counter: 10, LR counter: 10
[Trainer] No improvement. Iteration 12700. Early stopping counter: 11, LR counter: 11
[Trainer] No improvement. Iteration 12800. Early stopping counter: 12, LR counter: 12
[Trainer] No improvement. Iteration 12900. Early stopping counter: 13, LR counter: 13
[Trainer] No improvement. Iteration 13000. Early stopping counter: 14, LR counter: 14
[Trainer] No improvement. Iteration 13100. Early stopping counter: 15, LR counter: 15
[Trainer] No improvement. Iteration 13200. Early stopping counter: 16, LR counter: 16
[Trainer] No improvement. Iteration 13300. Early stopping counter: 17, LR counter: 17
[Trainer] No improvement. Iteration 13400. Early stopping counter: 18, LR counter: 18
[Trainer] No improvement. Iteration 13500. Early stopping counter: 19, LR counter: 19
[Trainer] No improvement. Iteration 13600. Early stopping counter: 20, LR counter: 20
[Trainer] No improvement. Iteration 13700. Early stopping counter: 21, LR counter: 21
[Trainer] No improvement. Iteration 13800. Early stopping counter: 22, LR counter: 22
[Trainer] No improvement. Iteration 13900. Early stopping counter: 23, LR counter: 23
[Trainer] No improvement. Iteration 14000. Early stopping counter: 24, LR counter: 24
[Trainer] No improvement. Iteration 14100. Early stopping counter: 25, LR counter: 25
[Trainer] Learning rate reduced to: 0.000010
[Trainer] No improvement. Iteration 14200. Early stopping counter: 26, LR counter: 1
[Trainer] No improvement. Iteration 14300. Early stopping counter: 27, LR counter: 2
[Trainer] No improvement. Iteration 14400. Early stopping counter: 28, LR counter: 3
[Trainer] No improvement. Iteration 14500. Early stopping counter: 29, LR counter: 4
[Trainer] No improvement. Iteration 14600. Early stopping counter: 30, LR counter: 5
[Trainer] No improvement. Iteration 14700. Early stopping counter: 31, LR counter: 6
[Trainer] No improvement. Iteration 14800. Early stopping counter: 32, LR counter: 7
[Trainer] No improvement. Iteration 14900. Early stopping counter: 33, LR counter: 8
[Trainer] No improvement. Iteration 15000. Early stopping counter: 34, LR counter: 9
[Trainer] No improvement. Iteration 15100. Early stopping counter: 35, LR counter: 10
[Trainer] No improvement. Iteration 15200. Early stopping counter: 36, LR counter: 11
[Trainer] No improvement. Iteration 15300. Early stopping counter: 37, LR counter: 12
[Trainer] No improvement. Iteration 15400. Early stopping counter: 38, LR counter: 13
[Trainer] No improvement. Iteration 15500. Early stopping counter: 39, LR counter: 14
[Trainer] No improvement. Iteration 15600. Early stopping counter: 40, LR counter: 15
[Trainer] No improvement. Iteration 15700. Early stopping counter: 41, LR counter: 16
[Trainer] No improvement. Iteration 15800. Early stopping counter: 42, LR counter: 17
[Trainer] No improvement. Iteration 15900. Early stopping counter: 43, LR counter: 18
[Trainer] No improvement. Iteration 16000. Early stopping counter: 44, LR counter: 19
[Trainer] No improvement. Iteration 16100. Early stopping counter: 45, LR counter: 20
[Trainer] No improvement. Iteration 16200. Early stopping counter: 46, LR counter: 21
[Trainer] No improvement. Iteration 16300. Early stopping counter: 47, LR counter: 22
[Trainer] No improvement. Iteration 16400. Early stopping counter: 48, LR counter: 23
[Trainer] No improvement. Iteration 16500. Early stopping counter: 49, LR counter: 24
[Trainer] No improvement. Iteration 16600. Early stopping counter: 50, LR counter: 25
[Trainer] Learning rate reduced to: 0.000001
[Trainer] Early stopping triggered.
[Trainer] Training completed.
[Trainer] Calibrating temperatures on validation set...
[Trainer] Temperature calibration finished. Calibrated temperatures: {4: 0.9178346395492554, 6: 1.0711981058120728, 8: 1.3806469440460205, 10: 1.2099652290344238}
[Trainer] BNN training completed.
**************************************************
Z=8, N=4, emax=4
RMSE Eb: 1.017
RMSE Rch: 0.010
MAPE Eb: 3.059
MAPE Rch: 0.428
--------------------------------------------------
**************************************************
Z=8, N=4, emax=10
RMSE Eb: 1.782
RMSE Rch: 0.032
MAPE Eb: 2.734
MAPE Rch: 1.522
--------------------------------------------------
**************************************************
Z=8, N=4, emax=6
RMSE Eb: 1.502
RMSE Rch: 0.015
MAPE Eb: 2.909
MAPE Rch: 0.706
--------------------------------------------------
**************************************************
Z=8, N=4, emax=8
RMSE Eb: 1.713
RMSE Rch: 0.022
MAPE Eb: 3.085
MAPE Rch: 1.104
--------------------------------------------------
**************************************************
Z=8, N=5, emax=8
RMSE Eb: 1.414
RMSE Rch: 0.015
MAPE Eb: 1.788
MAPE Rch: 0.792
--------------------------------------------------
**************************************************
Z=8, N=5, emax=6
RMSE Eb: 1.440
RMSE Rch: 0.013
MAPE Eb: 2.170
MAPE Rch: 0.607
--------------------------------------------------
**************************************************
Z=8, N=5, emax=4
RMSE Eb: 1.321
RMSE Rch: 0.010
MAPE Eb: 2.771
MAPE Rch: 0.465
--------------------------------------------------
**************************************************
Z=8, N=5, emax=10
RMSE Eb: 1.472
RMSE Rch: 0.009
MAPE Eb: 1.614
MAPE Rch: 0.422
--------------------------------------------------
**************************************************
Z=8, N=6, emax=4
RMSE Eb: 1.143
RMSE Rch: 0.011
MAPE Eb: 1.764
MAPE Rch: 0.497
--------------------------------------------------
**************************************************
Z=8, N=6, emax=6
RMSE Eb: 1.226
RMSE Rch: 0.013
MAPE Eb: 1.315
MAPE Rch: 0.639
--------------------------------------------------
**************************************************
Z=8, N=6, emax=8
RMSE Eb: 1.823
RMSE Rch: 0.021
MAPE Eb: 1.781
MAPE Rch: 1.063
--------------------------------------------------
**************************************************
Z=8, N=6, emax=10
RMSE Eb: 1.266
RMSE Rch: 0.019
MAPE Eb: 1.088
MAPE Rch: 0.982
--------------------------------------------------
**************************************************
Z=8, N=7, emax=8
RMSE Eb: 1.754
RMSE Rch: 0.021
MAPE Eb: 1.488
MAPE Rch: 0.945
--------------------------------------------------
**************************************************
Z=8, N=7, emax=10
RMSE Eb: 1.833
RMSE Rch: 0.028
MAPE Eb: 1.410
MAPE Rch: 1.489
--------------------------------------------------
**************************************************
Z=8, N=7, emax=6
RMSE Eb: 1.590
RMSE Rch: 0.014
MAPE Eb: 1.458
MAPE Rch: 0.782
--------------------------------------------------
**************************************************
Z=8, N=7, emax=4
RMSE Eb: 1.400
RMSE Rch: 0.011
MAPE Eb: 1.692
MAPE Rch: 0.561
--------------------------------------------------
**************************************************
Z=8, N=8, emax=4
RMSE Eb: 1.214
RMSE Rch: 0.008
MAPE Eb: 1.401
MAPE Rch: 0.217
--------------------------------------------------
**************************************************
Z=8, N=8, emax=8
RMSE Eb: 1.971
RMSE Rch: 0.021
MAPE Eb: 1.506
MAPE Rch: 0.576
--------------------------------------------------
**************************************************
Z=8, N=8, emax=6
RMSE Eb: 1.079
RMSE Rch: 0.013
MAPE Eb: 0.894
MAPE Rch: 0.329
--------------------------------------------------
**************************************************
Z=8, N=8, emax=10
RMSE Eb: 2.086
RMSE Rch: 0.025
MAPE Eb: 1.656
MAPE Rch: 0.759
--------------------------------------------------
**************************************************
Z=8, N=9, emax=8
RMSE Eb: 1.348
RMSE Rch: 0.013
MAPE Eb: 0.999
MAPE Rch: 0.368
--------------------------------------------------
**************************************************
Z=8, N=9, emax=6
RMSE Eb: 1.355
RMSE Rch: 0.010
MAPE Eb: 1.190
MAPE Rch: 0.262
--------------------------------------------------
**************************************************
Z=8, N=9, emax=4
RMSE Eb: 1.210
RMSE Rch: 0.008
MAPE Eb: 1.343
MAPE Rch: 0.233
--------------------------------------------------
**************************************************
Z=8, N=9, emax=10
RMSE Eb: 1.093
RMSE Rch: 0.014
MAPE Eb: 0.785
MAPE Rch: 0.480
--------------------------------------------------
**************************************************
Z=8, N=10, emax=4
RMSE Eb: 0.927
RMSE Rch: 0.007
MAPE Eb: 0.973
MAPE Rch: 0.201
--------------------------------------------------
**************************************************
Z=8, N=10, emax=10
RMSE Eb: 1.021
RMSE Rch: 0.011
MAPE Eb: 0.669
MAPE Rch: 0.327
--------------------------------------------------
**************************************************
Z=8, N=10, emax=6
RMSE Eb: 1.083
RMSE Rch: 0.011
MAPE Eb: 0.846
MAPE Rch: 0.307
--------------------------------------------------
**************************************************
Z=8, N=10, emax=8
RMSE Eb: 1.341
RMSE Rch: 0.018
MAPE Eb: 0.944
MAPE Rch: 0.523
--------------------------------------------------
**************************************************
Z=8, N=11, emax=4
RMSE Eb: 1.180
RMSE Rch: 0.007
MAPE Eb: 1.293
MAPE Rch: 0.191
--------------------------------------------------
**************************************************
Z=8, N=11, emax=6
RMSE Eb: 1.226
RMSE Rch: 0.009
MAPE Eb: 0.953
MAPE Rch: 0.249
--------------------------------------------------
**************************************************
Z=8, N=11, emax=8
RMSE Eb: 1.612
RMSE Rch: 0.014
MAPE Eb: 1.149
MAPE Rch: 0.422
--------------------------------------------------
**************************************************
Z=8, N=11, emax=10
RMSE Eb: 0.292
RMSE Rch: 0.009
MAPE Eb: 0.198
MAPE Rch: 0.269
--------------------------------------------------
**************************************************
Z=8, N=12, emax=6
RMSE Eb: 1.042
RMSE Rch: 0.009
MAPE Eb: 0.725
MAPE Rch: 0.262
--------------------------------------------------
**************************************************
Z=8, N=12, emax=4
RMSE Eb: 0.959
RMSE Rch: 0.007
MAPE Eb: 0.961
MAPE Rch: 0.183
--------------------------------------------------
**************************************************
Z=8, N=12, emax=8
RMSE Eb: 1.426
RMSE Rch: 0.014
MAPE Eb: 0.958
MAPE Rch: 0.413
--------------------------------------------------
**************************************************
Z=8, N=12, emax=10
RMSE Eb: 1.030
RMSE Rch: 0.009
MAPE Eb: 0.688
MAPE Rch: 0.281
--------------------------------------------------
**************************************************
Z=8, N=13, emax=8
RMSE Eb: 1.739
RMSE Rch: 0.015
MAPE Eb: 1.176
MAPE Rch: 0.432
--------------------------------------------------
**************************************************
Z=8, N=13, emax=4
RMSE Eb: 1.457
RMSE Rch: 0.007
MAPE Eb: 1.615
MAPE Rch: 0.176
--------------------------------------------------
**************************************************
Z=8, N=13, emax=10
RMSE Eb: 1.188
RMSE Rch: 0.016
MAPE Eb: 0.667
MAPE Rch: 0.435
--------------------------------------------------
**************************************************
Z=8, N=13, emax=6
RMSE Eb: 1.127
RMSE Rch: 0.009
MAPE Eb: 0.875
MAPE Rch: 0.232
--------------------------------------------------
**************************************************
Z=8, N=14, emax=8
RMSE Eb: 1.555
RMSE Rch: 0.019
MAPE Eb: 0.970
MAPE Rch: 0.471
--------------------------------------------------
**************************************************
Z=8, N=14, emax=4
RMSE Eb: 1.184
RMSE Rch: 0.010
MAPE Eb: 1.226
MAPE Rch: 0.268
--------------------------------------------------
**************************************************
Z=8, N=14, emax=6
RMSE Eb: 1.223
RMSE Rch: 0.010
MAPE Eb: 0.899
MAPE Rch: 0.291
--------------------------------------------------
**************************************************
Z=8, N=14, emax=10
RMSE Eb: 1.147
RMSE Rch: 0.011
MAPE Eb: 0.822
MAPE Rch: 0.309
--------------------------------------------------
**************************************************
Z=8, N=15, emax=8
RMSE Eb: 1.718
RMSE Rch: 0.011
MAPE Eb: 1.092
MAPE Rch: 0.322
--------------------------------------------------
**************************************************
Z=8, N=15, emax=4
RMSE Eb: 1.449
RMSE Rch: 0.007
MAPE Eb: 1.574
MAPE Rch: 0.190
--------------------------------------------------
**************************************************
Z=8, N=15, emax=6
RMSE Eb: 1.475
RMSE Rch: 0.010
MAPE Eb: 1.094
MAPE Rch: 0.277
--------------------------------------------------
**************************************************
Z=8, N=15, emax=10
RMSE Eb: 0.933
RMSE Rch: 0.012
MAPE Eb: 0.533
MAPE Rch: 0.367
--------------------------------------------------
**************************************************
Z=8, N=16, emax=8
RMSE Eb: 1.548
RMSE Rch: 0.016
MAPE Eb: 0.883
MAPE Rch: 0.463
--------------------------------------------------
**************************************************
Z=8, N=16, emax=6
RMSE Eb: 1.266
RMSE Rch: 0.012
MAPE Eb: 0.878
MAPE Rch: 0.323
--------------------------------------------------
**************************************************
Z=8, N=16, emax=10
RMSE Eb: 1.349
RMSE Rch: 0.013
MAPE Eb: 0.761
MAPE Rch: 0.383
--------------------------------------------------
**************************************************
Z=8, N=16, emax=4
RMSE Eb: 1.405
RMSE Rch: 0.008
MAPE Eb: 1.449
MAPE Rch: 0.239
--------------------------------------------------
Finished VAL for AE n=435
**************************************************
Z=8, N=4, emax=6
RMSE Eb: 1.591
RMSE Rch: 0.016
MAPE Eb: 2.793
MAPE Rch: 0.755
--------------------------------------------------
**************************************************
Z=8, N=4, emax=8
RMSE Eb: 2.212
RMSE Rch: 0.024
MAPE Eb: 3.756
MAPE Rch: 1.201
--------------------------------------------------
**************************************************
Z=8, N=4, emax=4
RMSE Eb: 1.023
RMSE Rch: 0.011
MAPE Eb: 2.808
MAPE Rch: 0.475
--------------------------------------------------
**************************************************
Z=8, N=4, emax=10
RMSE Eb: 1.620
RMSE Rch: 0.027
MAPE Eb: 2.356
MAPE Rch: 1.200
--------------------------------------------------
**************************************************
Z=8, N=5, emax=4
RMSE Eb: 1.171
RMSE Rch: 0.009
MAPE Eb: 2.551
MAPE Rch: 0.404
--------------------------------------------------
**************************************************
Z=8, N=5, emax=8
RMSE Eb: 1.399
RMSE Rch: 0.019
MAPE Eb: 1.897
MAPE Rch: 0.910
--------------------------------------------------
**************************************************
Z=8, N=5, emax=6
RMSE Eb: 1.390
RMSE Rch: 0.012
MAPE Eb: 2.033
MAPE Rch: 0.597
--------------------------------------------------
**************************************************
Z=8, N=5, emax=10
RMSE Eb: 1.748
RMSE Rch: 0.014
MAPE Eb: 2.357
MAPE Rch: 0.585
--------------------------------------------------
**************************************************
Z=8, N=6, emax=4
RMSE Eb: 1.279
RMSE Rch: 0.010
MAPE Eb: 1.851
MAPE Rch: 0.493
--------------------------------------------------
**************************************************
Z=8, N=6, emax=8
RMSE Eb: 1.951
RMSE Rch: 0.018
MAPE Eb: 1.941
MAPE Rch: 0.871
--------------------------------------------------
**************************************************
Z=8, N=6, emax=6
RMSE Eb: 1.694
RMSE Rch: 0.016
MAPE Eb: 1.915
MAPE Rch: 0.741
--------------------------------------------------
**************************************************
Z=8, N=6, emax=10
RMSE Eb: 1.148
RMSE Rch: 0.024
MAPE Eb: 0.971
MAPE Rch: 1.318
--------------------------------------------------
**************************************************
Z=8, N=7, emax=4
RMSE Eb: 1.326
RMSE Rch: 0.009
MAPE Eb: 1.727
MAPE Rch: 0.482
--------------------------------------------------
**************************************************
Z=8, N=7, emax=8
RMSE Eb: 2.122
RMSE Rch: 0.021
MAPE Eb: 1.660
MAPE Rch: 1.098
--------------------------------------------------
**************************************************
Z=8, N=7, emax=6
RMSE Eb: 1.718
RMSE Rch: 0.015
MAPE Eb: 1.592
MAPE Rch: 0.773
--------------------------------------------------
**************************************************
Z=8, N=7, emax=10
RMSE Eb: 1.784
RMSE Rch: 0.024
MAPE Eb: 1.490
MAPE Rch: 1.196
--------------------------------------------------
**************************************************
Z=8, N=8, emax=4
RMSE Eb: 1.317
RMSE Rch: 0.009
MAPE Eb: 1.441
MAPE Rch: 0.246
--------------------------------------------------
**************************************************
Z=8, N=8, emax=6
RMSE Eb: 1.088
RMSE Rch: 0.012
MAPE Eb: 0.935
MAPE Rch: 0.319
--------------------------------------------------
**************************************************
Z=8, N=8, emax=8
RMSE Eb: 1.731
RMSE Rch: 0.022
MAPE Eb: 1.368
MAPE Rch: 0.650
--------------------------------------------------
**************************************************
Z=8, N=8, emax=10
RMSE Eb: 1.096
RMSE Rch: 0.022
MAPE Eb: 0.897
MAPE Rch: 0.623
--------------------------------------------------
**************************************************
Z=8, N=9, emax=4
RMSE Eb: 1.166
RMSE Rch: 0.009
MAPE Eb: 1.213
MAPE Rch: 0.261
--------------------------------------------------
**************************************************
Z=8, N=9, emax=8
RMSE Eb: 1.414
RMSE Rch: 0.011
MAPE Eb: 1.072
MAPE Rch: 0.317
--------------------------------------------------
**************************************************
Z=8, N=9, emax=6
RMSE Eb: 1.577
RMSE Rch: 0.008
MAPE Eb: 1.399
MAPE Rch: 0.225
--------------------------------------------------
**************************************************
Z=8, N=9, emax=10
RMSE Eb: 1.243
RMSE Rch: 0.011
MAPE Eb: 0.889
MAPE Rch: 0.339
--------------------------------------------------
**************************************************
Z=8, N=10, emax=4
RMSE Eb: 1.034
RMSE Rch: 0.009
MAPE Eb: 1.075
MAPE Rch: 0.232
--------------------------------------------------
**************************************************
Z=8, N=10, emax=6
RMSE Eb: 1.213
RMSE Rch: 0.011
MAPE Eb: 0.983
MAPE Rch: 0.312
--------------------------------------------------
**************************************************
Z=8, N=10, emax=8
RMSE Eb: 1.363
RMSE Rch: 0.017
MAPE Eb: 0.982
MAPE Rch: 0.493
--------------------------------------------------
**************************************************
Z=8, N=10, emax=10
RMSE Eb: 0.880
RMSE Rch: 0.012
MAPE Eb: 0.508
MAPE Rch: 0.360
--------------------------------------------------
**************************************************
Z=8, N=11, emax=8
RMSE Eb: 1.311
RMSE Rch: 0.014
MAPE Eb: 0.878
MAPE Rch: 0.396
--------------------------------------------------
**************************************************
Z=8, N=11, emax=4
RMSE Eb: 1.107
RMSE Rch: 0.008
MAPE Eb: 1.223
MAPE Rch: 0.236
--------------------------------------------------
**************************************************
Z=8, N=11, emax=6
RMSE Eb: 1.126
RMSE Rch: 0.008
MAPE Eb: 0.887
MAPE Rch: 0.221
--------------------------------------------------
**************************************************
Z=8, N=11, emax=10
RMSE Eb: 0.995
RMSE Rch: 0.014
MAPE Eb: 0.680
MAPE Rch: 0.378
--------------------------------------------------
**************************************************
Z=8, N=12, emax=6
RMSE Eb: 0.987
RMSE Rch: 0.009
MAPE Eb: 0.714
MAPE Rch: 0.253
--------------------------------------------------
**************************************************
Z=8, N=12, emax=8
RMSE Eb: 1.486
RMSE Rch: 0.013
MAPE Eb: 0.974
MAPE Rch: 0.369
--------------------------------------------------
**************************************************
Z=8, N=12, emax=4
RMSE Eb: 1.136
RMSE Rch: 0.007
MAPE Eb: 1.178
MAPE Rch: 0.182
--------------------------------------------------
**************************************************
Z=8, N=12, emax=10
RMSE Eb: 1.050
RMSE Rch: 0.010
MAPE Eb: 0.656
MAPE Rch: 0.274
--------------------------------------------------
**************************************************
Z=8, N=13, emax=8
RMSE Eb: 1.695
RMSE Rch: 0.013
MAPE Eb: 1.126
MAPE Rch: 0.373
--------------------------------------------------
**************************************************
Z=8, N=13, emax=4
RMSE Eb: 1.391
RMSE Rch: 0.008
MAPE Eb: 1.584
MAPE Rch: 0.213
--------------------------------------------------
**************************************************
Z=8, N=13, emax=6
RMSE Eb: 1.004
RMSE Rch: 0.009
MAPE Eb: 0.764
MAPE Rch: 0.258
--------------------------------------------------
**************************************************
Z=8, N=13, emax=10
RMSE Eb: 1.295
RMSE Rch: 0.019
MAPE Eb: 0.765
MAPE Rch: 0.505
--------------------------------------------------
**************************************************
Z=8, N=14, emax=6
RMSE Eb: 1.116
RMSE Rch: 0.011
MAPE Eb: 0.786
MAPE Rch: 0.290
--------------------------------------------------
**************************************************
Z=8, N=14, emax=10
RMSE Eb: 1.251
RMSE Rch: 0.018
MAPE Eb: 0.622
MAPE Rch: 0.510
--------------------------------------------------
**************************************************
Z=8, N=14, emax=4
RMSE Eb: 1.147
RMSE Rch: 0.009
MAPE Eb: 1.153
MAPE Rch: 0.233
--------------------------------------------------
**************************************************
Z=8, N=14, emax=8
RMSE Eb: 1.516
RMSE Rch: 0.014
MAPE Eb: 0.964
MAPE Rch: 0.379
--------------------------------------------------
**************************************************
Z=8, N=15, emax=8
RMSE Eb: 1.652
RMSE Rch: 0.015
MAPE Eb: 1.038
MAPE Rch: 0.422
--------------------------------------------------
**************************************************
Z=8, N=15, emax=6
RMSE Eb: 1.588
RMSE Rch: 0.011
MAPE Eb: 1.186
MAPE Rch: 0.316
--------------------------------------------------
**************************************************
Z=8, N=15, emax=4
RMSE Eb: 1.440
RMSE Rch: 0.009
MAPE Eb: 1.575
MAPE Rch: 0.236
--------------------------------------------------
**************************************************
Z=8, N=15, emax=10
RMSE Eb: 1.298
RMSE Rch: 0.011
MAPE Eb: 0.837
MAPE Rch: 0.305
--------------------------------------------------
**************************************************
Z=8, N=16, emax=4
RMSE Eb: 1.348
RMSE Rch: 0.011
MAPE Eb: 1.337
MAPE Rch: 0.300
--------------------------------------------------
**************************************************
Z=8, N=16, emax=8
RMSE Eb: 1.375
RMSE Rch: 0.015
MAPE Eb: 0.794
MAPE Rch: 0.424
--------------------------------------------------
**************************************************
Z=8, N=16, emax=6
RMSE Eb: 1.302
RMSE Rch: 0.011
MAPE Eb: 0.929
MAPE Rch: 0.281
--------------------------------------------------
**************************************************
Z=8, N=16, emax=10
RMSE Eb: 1.183
RMSE Rch: 0.017
MAPE Eb: 0.707
MAPE Rch: 0.475
--------------------------------------------------
