Activated conda environment
[DataLoader] Found 13 files matching the pattern.
[DataLoader] Combined data shape: (17234, 35)
[Preprocess] Data split => train: (11029, 35), val: (2758, 35), test: (3447, 35)
[Preprocess] Processed fidelity 4 (index 0): 3758 samples.
[Preprocess] Processed fidelity 6 (index 1): 3346 samples.
[Preprocess] Processed fidelity 8 (index 2): 3194 samples.
[Preprocess] Processed fidelity 10 (index 3): 731 samples.
[Preprocess] Processed fidelity 4 (index 0): 949 samples.
[Preprocess] Processed fidelity 6 (index 1): 833 samples.
[Preprocess] Processed fidelity 8 (index 2): 801 samples.
[Preprocess] Processed fidelity 10 (index 3): 175 samples.
Fidelity levels: [4, 6, 8, 10]
[Trainer] Starting BNN training...
[Trainer] No improvement. Iteration 7500. Early stopping counter: 1, LR counter: 1
[Trainer] No improvement. Iteration 7900. Early stopping counter: 1, LR counter: 1
[Trainer] No improvement. Iteration 8000. Early stopping counter: 2, LR counter: 2
[Trainer] No improvement. Iteration 8400. Early stopping counter: 1, LR counter: 1
[Trainer] No improvement. Iteration 8500. Early stopping counter: 2, LR counter: 2
[Trainer] No improvement. Iteration 8600. Early stopping counter: 3, LR counter: 3
[Trainer] No improvement. Iteration 8700. Early stopping counter: 4, LR counter: 4
[Trainer] No improvement. Iteration 8800. Early stopping counter: 5, LR counter: 5
[Trainer] No improvement. Iteration 8900. Early stopping counter: 6, LR counter: 6
[Trainer] No improvement. Iteration 9000. Early stopping counter: 7, LR counter: 7
[Trainer] No improvement. Iteration 9100. Early stopping counter: 8, LR counter: 8
[Trainer] No improvement. Iteration 9200. Early stopping counter: 9, LR counter: 9
[Trainer] No improvement. Iteration 9300. Early stopping counter: 10, LR counter: 10
[Trainer] No improvement. Iteration 9400. Early stopping counter: 11, LR counter: 11
[Trainer] No improvement. Iteration 9500. Early stopping counter: 12, LR counter: 12
[Trainer] No improvement. Iteration 9600. Early stopping counter: 13, LR counter: 13
[Trainer] No improvement. Iteration 9700. Early stopping counter: 14, LR counter: 14
[Trainer] No improvement. Iteration 9800. Early stopping counter: 15, LR counter: 15
[Trainer] No improvement. Iteration 9900. Early stopping counter: 16, LR counter: 16
[Trainer] No improvement. Iteration 10000. Early stopping counter: 17, LR counter: 17
[Trainer] No improvement. Iteration 10100. Early stopping counter: 18, LR counter: 18
[Trainer] No improvement. Iteration 10200. Early stopping counter: 19, LR counter: 19
[Trainer] No improvement. Iteration 10300. Early stopping counter: 20, LR counter: 20
[Trainer] No improvement. Iteration 10400. Early stopping counter: 21, LR counter: 21
[Trainer] No improvement. Iteration 10500. Early stopping counter: 22, LR counter: 22
[Trainer] No improvement. Iteration 10600. Early stopping counter: 23, LR counter: 23
[Trainer] No improvement. Iteration 10700. Early stopping counter: 24, LR counter: 24
[Trainer] No improvement. Iteration 10800. Early stopping counter: 25, LR counter: 25
[Trainer] Learning rate reduced to: 0.000010
[Trainer] No improvement. Iteration 10900. Early stopping counter: 26, LR counter: 1
[Trainer] No improvement. Iteration 11000. Early stopping counter: 27, LR counter: 2
[Trainer] No improvement. Iteration 11100. Early stopping counter: 28, LR counter: 3
[Trainer] No improvement. Iteration 11200. Early stopping counter: 29, LR counter: 4
[Trainer] No improvement. Iteration 11300. Early stopping counter: 30, LR counter: 5
[Trainer] No improvement. Iteration 11400. Early stopping counter: 31, LR counter: 6
[Trainer] No improvement. Iteration 11500. Early stopping counter: 32, LR counter: 7
[Trainer] No improvement. Iteration 11600. Early stopping counter: 33, LR counter: 8
[Trainer] No improvement. Iteration 11700. Early stopping counter: 34, LR counter: 9
[Trainer] No improvement. Iteration 11800. Early stopping counter: 35, LR counter: 10
[Trainer] No improvement. Iteration 11900. Early stopping counter: 36, LR counter: 11
[Trainer] No improvement. Iteration 12000. Early stopping counter: 37, LR counter: 12
[Trainer] No improvement. Iteration 12100. Early stopping counter: 38, LR counter: 13
[Trainer] No improvement. Iteration 12200. Early stopping counter: 39, LR counter: 14
[Trainer] No improvement. Iteration 12300. Early stopping counter: 40, LR counter: 15
[Trainer] No improvement. Iteration 12400. Early stopping counter: 41, LR counter: 16
[Trainer] No improvement. Iteration 12500. Early stopping counter: 42, LR counter: 17
[Trainer] No improvement. Iteration 12600. Early stopping counter: 43, LR counter: 18
[Trainer] No improvement. Iteration 12700. Early stopping counter: 44, LR counter: 19
[Trainer] No improvement. Iteration 12800. Early stopping counter: 45, LR counter: 20
[Trainer] No improvement. Iteration 12900. Early stopping counter: 46, LR counter: 21
[Trainer] No improvement. Iteration 13000. Early stopping counter: 47, LR counter: 22
[Trainer] No improvement. Iteration 13100. Early stopping counter: 48, LR counter: 23
[Trainer] No improvement. Iteration 13200. Early stopping counter: 49, LR counter: 24
[Trainer] No improvement. Iteration 13300. Early stopping counter: 50, LR counter: 25
[Trainer] Learning rate reduced to: 0.000001
[Trainer] Early stopping triggered.
[Trainer] Training completed.
[Trainer] Calibrating temperatures on validation set...
[Trainer] Temperature calibration finished. Calibrated temperatures: {4: 1.3926256895065308, 6: 1.2420283555984497, 8: 1.4195398092269897, 10: 1.5796881914138794}
[Trainer] BNN training completed.
**************************************************
Z=8, N=4, emax=4
RMSE Eb: 0.882
RMSE Rch: 0.010
MAPE Eb: 2.539
MAPE Rch: 0.468
--------------------------------------------------
**************************************************
Z=8, N=4, emax=10
RMSE Eb: 0.913
RMSE Rch: 0.056
MAPE Eb: 1.500
MAPE Rch: 2.921
--------------------------------------------------
**************************************************
Z=8, N=4, emax=6
RMSE Eb: 0.896
RMSE Rch: 0.013
MAPE Eb: 1.822
MAPE Rch: 0.621
--------------------------------------------------
**************************************************
Z=8, N=4, emax=8
RMSE Eb: 0.797
RMSE Rch: 0.024
MAPE Eb: 1.383
MAPE Rch: 1.060
--------------------------------------------------
**************************************************
Z=8, N=5, emax=8
RMSE Eb: 1.043
RMSE Rch: 0.015
MAPE Eb: 1.233
MAPE Rch: 0.782
--------------------------------------------------
**************************************************
Z=8, N=5, emax=6
RMSE Eb: 0.745
RMSE Rch: 0.011
MAPE Eb: 1.063
MAPE Rch: 0.529
--------------------------------------------------
**************************************************
Z=8, N=5, emax=4
RMSE Eb: 0.850
RMSE Rch: 0.009
MAPE Eb: 1.780
MAPE Rch: 0.401
--------------------------------------------------
**************************************************
Z=8, N=5, emax=10
RMSE Eb: 1.031
RMSE Rch: 0.012
MAPE Eb: 1.012
MAPE Rch: 0.609
--------------------------------------------------
**************************************************
Z=8, N=6, emax=4
RMSE Eb: 0.828
RMSE Rch: 0.010
MAPE Eb: 1.208
MAPE Rch: 0.461
--------------------------------------------------
**************************************************
Z=8, N=6, emax=6
RMSE Eb: 1.049
RMSE Rch: 0.010
MAPE Eb: 1.140
MAPE Rch: 0.469
--------------------------------------------------
**************************************************
Z=8, N=6, emax=8
RMSE Eb: 1.374
RMSE Rch: 0.013
MAPE Eb: 1.162
MAPE Rch: 0.705
--------------------------------------------------
**************************************************
Z=8, N=6, emax=10
RMSE Eb: 1.158
RMSE Rch: 0.015
MAPE Eb: 0.796
MAPE Rch: 0.789
--------------------------------------------------
**************************************************
Z=8, N=7, emax=8
RMSE Eb: 1.451
RMSE Rch: 0.013
MAPE Eb: 1.159
MAPE Rch: 0.660
--------------------------------------------------
**************************************************
Z=8, N=7, emax=10
RMSE Eb: 1.240
RMSE Rch: 0.020
MAPE Eb: 1.005
MAPE Rch: 1.134
--------------------------------------------------
**************************************************
Z=8, N=7, emax=6
RMSE Eb: 1.168
RMSE Rch: 0.012
MAPE Eb: 1.070
MAPE Rch: 0.581
--------------------------------------------------
**************************************************
Z=8, N=7, emax=4
RMSE Eb: 0.941
RMSE Rch: 0.012
MAPE Eb: 1.182
MAPE Rch: 0.536
--------------------------------------------------
**************************************************
Z=8, N=8, emax=4
RMSE Eb: 0.765
RMSE Rch: 0.009
MAPE Eb: 0.854
MAPE Rch: 0.265
--------------------------------------------------
**************************************************
Z=8, N=8, emax=8
RMSE Eb: 1.211
RMSE Rch: 0.016
MAPE Eb: 0.950
MAPE Rch: 0.473
--------------------------------------------------
**************************************************
Z=8, N=8, emax=6
RMSE Eb: 0.926
RMSE Rch: 0.011
MAPE Eb: 0.794
MAPE Rch: 0.299
--------------------------------------------------
**************************************************
Z=8, N=8, emax=10
RMSE Eb: 2.010
RMSE Rch: 0.018
MAPE Eb: 1.564
MAPE Rch: 0.540
--------------------------------------------------
**************************************************
Z=8, N=9, emax=8
RMSE Eb: 0.806
RMSE Rch: 0.010
MAPE Eb: 0.609
MAPE Rch: 0.309
--------------------------------------------------
**************************************************
Z=8, N=9, emax=6
RMSE Eb: 0.705
RMSE Rch: 0.008
MAPE Eb: 0.569
MAPE Rch: 0.228
--------------------------------------------------
**************************************************
Z=8, N=9, emax=4
RMSE Eb: 0.712
RMSE Rch: 0.009
MAPE Eb: 0.727
MAPE Rch: 0.268
--------------------------------------------------
**************************************************
Z=8, N=9, emax=10
RMSE Eb: 0.555
RMSE Rch: 0.012
MAPE Eb: 0.413
MAPE Rch: 0.334
--------------------------------------------------
**************************************************
Z=8, N=10, emax=4
RMSE Eb: 0.703
RMSE Rch: 0.008
MAPE Eb: 0.775
MAPE Rch: 0.219
--------------------------------------------------
**************************************************
Z=8, N=10, emax=10
RMSE Eb: 0.783
RMSE Rch: 0.010
MAPE Eb: 0.571
MAPE Rch: 0.293
--------------------------------------------------
**************************************************
Z=8, N=10, emax=6
RMSE Eb: 0.904
RMSE Rch: 0.009
MAPE Eb: 0.739
MAPE Rch: 0.248
--------------------------------------------------
**************************************************
Z=8, N=10, emax=8
RMSE Eb: 0.780
RMSE Rch: 0.010
MAPE Eb: 0.515
MAPE Rch: 0.280
--------------------------------------------------
**************************************************
Z=8, N=11, emax=4
RMSE Eb: 0.662
RMSE Rch: 0.008
MAPE Eb: 0.721
MAPE Rch: 0.195
--------------------------------------------------
**************************************************
Z=8, N=11, emax=6
RMSE Eb: 0.761
RMSE Rch: 0.008
MAPE Eb: 0.570
MAPE Rch: 0.220
--------------------------------------------------
**************************************************
Z=8, N=11, emax=8
RMSE Eb: 0.915
RMSE Rch: 0.009
MAPE Eb: 0.653
MAPE Rch: 0.253
--------------------------------------------------
**************************************************
Z=8, N=11, emax=10
RMSE Eb: 0.640
RMSE Rch: 0.010
MAPE Eb: 0.428
MAPE Rch: 0.249
--------------------------------------------------
**************************************************
Z=8, N=12, emax=6
RMSE Eb: 0.874
RMSE Rch: 0.009
MAPE Eb: 0.655
MAPE Rch: 0.255
--------------------------------------------------
**************************************************
Z=8, N=12, emax=4
RMSE Eb: 0.612
RMSE Rch: 0.005
MAPE Eb: 0.625
MAPE Rch: 0.148
--------------------------------------------------
**************************************************
Z=8, N=12, emax=8
RMSE Eb: 0.817
RMSE Rch: 0.008
MAPE Eb: 0.564
MAPE Rch: 0.217
--------------------------------------------------
**************************************************
Z=8, N=12, emax=10
RMSE Eb: 0.738
RMSE Rch: 0.008
MAPE Eb: 0.532
MAPE Rch: 0.243
--------------------------------------------------
**************************************************
Z=8, N=13, emax=8
RMSE Eb: 0.893
RMSE Rch: 0.010
MAPE Eb: 0.548
MAPE Rch: 0.296
--------------------------------------------------
**************************************************
Z=8, N=13, emax=4
RMSE Eb: 0.668
RMSE Rch: 0.008
MAPE Eb: 0.628
MAPE Rch: 0.241
--------------------------------------------------
**************************************************
Z=8, N=13, emax=10
RMSE Eb: 0.651
RMSE Rch: 0.008
MAPE Eb: 0.412
MAPE Rch: 0.195
--------------------------------------------------
**************************************************
Z=8, N=13, emax=6
RMSE Eb: 0.614
RMSE Rch: 0.008
MAPE Eb: 0.476
MAPE Rch: 0.220
--------------------------------------------------
**************************************************
Z=8, N=14, emax=8
RMSE Eb: 0.976
RMSE Rch: 0.012
MAPE Eb: 0.598
MAPE Rch: 0.309
--------------------------------------------------
**************************************************
Z=8, N=14, emax=4
RMSE Eb: 0.833
RMSE Rch: 0.007
MAPE Eb: 0.887
MAPE Rch: 0.186
--------------------------------------------------
**************************************************
Z=8, N=14, emax=6
RMSE Eb: 0.660
RMSE Rch: 0.007
MAPE Eb: 0.485
MAPE Rch: 0.192
--------------------------------------------------
**************************************************
Z=8, N=14, emax=10
RMSE Eb: 0.676
RMSE Rch: 0.016
MAPE Eb: 0.408
MAPE Rch: 0.461
--------------------------------------------------
**************************************************
Z=8, N=15, emax=8
RMSE Eb: 0.793
RMSE Rch: 0.008
MAPE Eb: 0.468
MAPE Rch: 0.211
--------------------------------------------------
**************************************************
Z=8, N=15, emax=4
RMSE Eb: 0.797
RMSE Rch: 0.008
MAPE Eb: 0.782
MAPE Rch: 0.225
--------------------------------------------------
**************************************************
Z=8, N=15, emax=6
RMSE Eb: 0.874
RMSE Rch: 0.010
MAPE Eb: 0.647
MAPE Rch: 0.269
--------------------------------------------------
**************************************************
Z=8, N=15, emax=10
RMSE Eb: 0.570
RMSE Rch: 0.010
MAPE Eb: 0.330
MAPE Rch: 0.276
--------------------------------------------------
**************************************************
Z=8, N=16, emax=8
RMSE Eb: 1.183
RMSE Rch: 0.011
MAPE Eb: 0.715
MAPE Rch: 0.333
--------------------------------------------------
**************************************************
Z=8, N=16, emax=6
RMSE Eb: 0.937
RMSE Rch: 0.009
MAPE Eb: 0.673
MAPE Rch: 0.255
--------------------------------------------------
**************************************************
Z=8, N=16, emax=10
RMSE Eb: 0.901
RMSE Rch: 0.009
MAPE Eb: 0.522
MAPE Rch: 0.276
--------------------------------------------------
**************************************************
Z=8, N=16, emax=4
RMSE Eb: 0.895
RMSE Rch: 0.009
MAPE Eb: 0.894
MAPE Rch: 0.258
--------------------------------------------------
Finished VAL for AE n=373
**************************************************
Z=8, N=4, emax=6
RMSE Eb: 0.794
RMSE Rch: 0.012
MAPE Eb: 1.494
MAPE Rch: 0.566
--------------------------------------------------
**************************************************
Z=8, N=4, emax=8
RMSE Eb: 0.940
RMSE Rch: 0.023
MAPE Eb: 1.600
MAPE Rch: 1.139
--------------------------------------------------
**************************************************
Z=8, N=4, emax=4
RMSE Eb: 0.720
RMSE Rch: 0.010
MAPE Eb: 2.086
MAPE Rch: 0.408
--------------------------------------------------
**************************************************
Z=8, N=4, emax=10
RMSE Eb: 1.132
RMSE Rch: 0.026
MAPE Eb: 1.642
MAPE Rch: 1.469
--------------------------------------------------
**************************************************
Z=8, N=5, emax=4
RMSE Eb: 0.734
RMSE Rch: 0.011
MAPE Eb: 1.416
MAPE Rch: 0.504
--------------------------------------------------
**************************************************
Z=8, N=5, emax=8
RMSE Eb: 1.076
RMSE Rch: 0.017
MAPE Eb: 1.391
MAPE Rch: 0.800
--------------------------------------------------
**************************************************
Z=8, N=5, emax=6
RMSE Eb: 0.893
RMSE Rch: 0.011
MAPE Eb: 1.317
MAPE Rch: 0.484
--------------------------------------------------
**************************************************
Z=8, N=5, emax=10
RMSE Eb: 1.051
RMSE Rch: 0.017
MAPE Eb: 1.156
MAPE Rch: 0.716
--------------------------------------------------
**************************************************
Z=8, N=6, emax=4
RMSE Eb: 0.905
RMSE Rch: 0.010
MAPE Eb: 1.254
MAPE Rch: 0.498
--------------------------------------------------
**************************************************
Z=8, N=6, emax=8
RMSE Eb: 1.016
RMSE Rch: 0.016
MAPE Eb: 0.923
MAPE Rch: 0.746
--------------------------------------------------
**************************************************
Z=8, N=6, emax=6
RMSE Eb: 1.008
RMSE Rch: 0.011
MAPE Eb: 1.074
MAPE Rch: 0.554
--------------------------------------------------
**************************************************
Z=8, N=6, emax=10
RMSE Eb: 1.096
RMSE Rch: 0.016
MAPE Eb: 1.010
MAPE Rch: 0.783
--------------------------------------------------
**************************************************
Z=8, N=7, emax=4
RMSE Eb: 0.950
RMSE Rch: 0.011
MAPE Eb: 1.165
MAPE Rch: 0.499
--------------------------------------------------
**************************************************
Z=8, N=7, emax=8
RMSE Eb: 1.496
RMSE Rch: 0.015
MAPE Eb: 1.309
MAPE Rch: 0.787
--------------------------------------------------
**************************************************
Z=8, N=7, emax=6
RMSE Eb: 1.002
RMSE Rch: 0.014
MAPE Eb: 0.953
MAPE Rch: 0.718
--------------------------------------------------
**************************************************
Z=8, N=7, emax=10
RMSE Eb: 0.982
RMSE Rch: 0.022
MAPE Eb: 0.826
MAPE Rch: 1.113
--------------------------------------------------
**************************************************
Z=8, N=8, emax=4
RMSE Eb: 0.695
RMSE Rch: 0.011
MAPE Eb: 0.688
MAPE Rch: 0.295
--------------------------------------------------
**************************************************
Z=8, N=8, emax=6
RMSE Eb: 1.060
RMSE Rch: 0.011
MAPE Eb: 0.862
MAPE Rch: 0.317
--------------------------------------------------
**************************************************
Z=8, N=8, emax=8
RMSE Eb: 0.955
RMSE Rch: 0.016
MAPE Eb: 0.711
MAPE Rch: 0.452
--------------------------------------------------
**************************************************
Z=8, N=8, emax=10
RMSE Eb: 1.421
RMSE Rch: 0.014
MAPE Eb: 0.881
MAPE Rch: 0.448
--------------------------------------------------
**************************************************
Z=8, N=9, emax=4
RMSE Eb: 0.647
RMSE Rch: 0.008
MAPE Eb: 0.667
MAPE Rch: 0.217
--------------------------------------------------
**************************************************
Z=8, N=9, emax=8
RMSE Eb: 0.849
RMSE Rch: 0.013
MAPE Eb: 0.595
MAPE Rch: 0.376
--------------------------------------------------
**************************************************
Z=8, N=9, emax=6
RMSE Eb: 0.756
RMSE Rch: 0.009
MAPE Eb: 0.642
MAPE Rch: 0.249
--------------------------------------------------
**************************************************
Z=8, N=9, emax=10
RMSE Eb: 1.031
RMSE Rch: 0.018
MAPE Eb: 0.793
MAPE Rch: 0.505
--------------------------------------------------
**************************************************
Z=8, N=10, emax=4
RMSE Eb: 0.644
RMSE Rch: 0.008
MAPE Eb: 0.676
MAPE Rch: 0.212
--------------------------------------------------
**************************************************
Z=8, N=10, emax=6
RMSE Eb: 0.756
RMSE Rch: 0.010
MAPE Eb: 0.599
MAPE Rch: 0.281
--------------------------------------------------
**************************************************
Z=8, N=10, emax=8
RMSE Eb: 0.650
RMSE Rch: 0.010
MAPE Eb: 0.495
MAPE Rch: 0.264
--------------------------------------------------
**************************************************
Z=8, N=10, emax=10
RMSE Eb: 1.003
RMSE Rch: 0.005
MAPE Eb: 0.723
MAPE Rch: 0.163
--------------------------------------------------
**************************************************
Z=8, N=11, emax=8
RMSE Eb: 0.850
RMSE Rch: 0.008
MAPE Eb: 0.585
MAPE Rch: 0.227
--------------------------------------------------
**************************************************
Z=8, N=11, emax=4
RMSE Eb: 0.692
RMSE Rch: 0.007
MAPE Eb: 0.737
MAPE Rch: 0.210
--------------------------------------------------
**************************************************
Z=8, N=11, emax=6
RMSE Eb: 0.652
RMSE Rch: 0.008
MAPE Eb: 0.510
MAPE Rch: 0.214
--------------------------------------------------
**************************************************
Z=8, N=11, emax=10
RMSE Eb: 0.827
RMSE Rch: 0.011
MAPE Eb: 0.542
MAPE Rch: 0.292
--------------------------------------------------
**************************************************
Z=8, N=12, emax=6
RMSE Eb: 0.741
RMSE Rch: 0.008
MAPE Eb: 0.571
MAPE Rch: 0.230
--------------------------------------------------
**************************************************
Z=8, N=12, emax=8
RMSE Eb: 0.740
RMSE Rch: 0.009
MAPE Eb: 0.484
MAPE Rch: 0.245
--------------------------------------------------
**************************************************
Z=8, N=12, emax=4
RMSE Eb: 0.761
RMSE Rch: 0.007
MAPE Eb: 0.672
MAPE Rch: 0.191
--------------------------------------------------
**************************************************
Z=8, N=12, emax=10
RMSE Eb: 0.558
RMSE Rch: 0.010
MAPE Eb: 0.348
MAPE Rch: 0.265
--------------------------------------------------
**************************************************
Z=8, N=13, emax=8
RMSE Eb: 0.840
RMSE Rch: 0.009
MAPE Eb: 0.536
MAPE Rch: 0.256
--------------------------------------------------
**************************************************
Z=8, N=13, emax=4
RMSE Eb: 0.668
RMSE Rch: 0.008
MAPE Eb: 0.669
MAPE Rch: 0.214
--------------------------------------------------
**************************************************
Z=8, N=13, emax=6
RMSE Eb: 0.661
RMSE Rch: 0.008
MAPE Eb: 0.487
MAPE Rch: 0.215
--------------------------------------------------
**************************************************
Z=8, N=13, emax=10
RMSE Eb: 0.776
RMSE Rch: 0.014
MAPE Eb: 0.467
MAPE Rch: 0.328
--------------------------------------------------
**************************************************
Z=8, N=14, emax=6
RMSE Eb: 0.762
RMSE Rch: 0.008
MAPE Eb: 0.510
MAPE Rch: 0.215
--------------------------------------------------
**************************************************
Z=8, N=14, emax=10
RMSE Eb: 0.793
RMSE Rch: 0.015
MAPE Eb: 0.399
MAPE Rch: 0.455
--------------------------------------------------
**************************************************
Z=8, N=14, emax=4
RMSE Eb: 0.628
RMSE Rch: 0.009
MAPE Eb: 0.617
MAPE Rch: 0.255
--------------------------------------------------
**************************************************
Z=8, N=14, emax=8
RMSE Eb: 0.915
RMSE Rch: 0.011
MAPE Eb: 0.577
MAPE Rch: 0.267
--------------------------------------------------
**************************************************
Z=8, N=15, emax=8
RMSE Eb: 0.793
RMSE Rch: 0.009
MAPE Eb: 0.494
MAPE Rch: 0.250
--------------------------------------------------
**************************************************
Z=8, N=15, emax=6
RMSE Eb: 0.769
RMSE Rch: 0.008
MAPE Eb: 0.521
MAPE Rch: 0.213
--------------------------------------------------
**************************************************
Z=8, N=15, emax=4
RMSE Eb: 0.792
RMSE Rch: 0.008
MAPE Eb: 0.787
MAPE Rch: 0.244
--------------------------------------------------
**************************************************
Z=8, N=15, emax=10
RMSE Eb: 0.726
RMSE Rch: 0.009
MAPE Eb: 0.451
MAPE Rch: 0.263
--------------------------------------------------
**************************************************
Z=8, N=16, emax=4
RMSE Eb: 1.062
RMSE Rch: 0.010
MAPE Eb: 1.074
MAPE Rch: 0.264
--------------------------------------------------
**************************************************
Z=8, N=16, emax=8
RMSE Eb: 1.012
RMSE Rch: 0.010
MAPE Eb: 0.602
MAPE Rch: 0.292
--------------------------------------------------
**************************************************
Z=8, N=16, emax=6
RMSE Eb: 0.877
RMSE Rch: 0.011
MAPE Eb: 0.660
MAPE Rch: 0.286
--------------------------------------------------
**************************************************
Z=8, N=16, emax=10
RMSE Eb: 1.289
RMSE Rch: 0.010
MAPE Eb: 0.731
MAPE Rch: 0.275
--------------------------------------------------
