Activated conda environment
[DataLoader] Found 13 files matching the pattern.
[DataLoader] Combined data shape: (17234, 35)
[Preprocess] Data split => train: (11029, 35), val: (2758, 35), test: (3447, 35)
[Preprocess] Processed fidelity 4 (index 0): 3758 samples.
[Preprocess] Processed fidelity 6 (index 1): 3346 samples.
[Preprocess] Processed fidelity 8 (index 2): 3194 samples.
[Preprocess] Processed fidelity 10 (index 3): 731 samples.
[Preprocess] Processed fidelity 4 (index 0): 949 samples.
[Preprocess] Processed fidelity 6 (index 1): 833 samples.
[Preprocess] Processed fidelity 8 (index 2): 801 samples.
[Preprocess] Processed fidelity 10 (index 3): 175 samples.
Fidelity levels: [4, 6, 8, 10]
[Trainer] Starting BNN training...
[Trainer] No improvement. Iteration 8600. Early stopping counter: 1, LR counter: 1
[Trainer] No improvement. Iteration 9600. Early stopping counter: 1, LR counter: 1
[Trainer] No improvement. Iteration 9700. Early stopping counter: 2, LR counter: 2
[Trainer] No improvement. Iteration 9800. Early stopping counter: 3, LR counter: 3
[Trainer] No improvement. Iteration 9900. Early stopping counter: 4, LR counter: 4
[Trainer] No improvement. Iteration 10000. Early stopping counter: 5, LR counter: 5
[Trainer] No improvement. Iteration 10100. Early stopping counter: 6, LR counter: 6
[Trainer] No improvement. Iteration 10200. Early stopping counter: 7, LR counter: 7
[Trainer] No improvement. Iteration 10300. Early stopping counter: 8, LR counter: 8
[Trainer] No improvement. Iteration 10400. Early stopping counter: 9, LR counter: 9
[Trainer] No improvement. Iteration 10500. Early stopping counter: 10, LR counter: 10
[Trainer] No improvement. Iteration 10600. Early stopping counter: 11, LR counter: 11
[Trainer] No improvement. Iteration 10700. Early stopping counter: 12, LR counter: 12
[Trainer] No improvement. Iteration 10800. Early stopping counter: 13, LR counter: 13
[Trainer] No improvement. Iteration 10900. Early stopping counter: 14, LR counter: 14
[Trainer] No improvement. Iteration 11000. Early stopping counter: 15, LR counter: 15
[Trainer] No improvement. Iteration 11100. Early stopping counter: 16, LR counter: 16
[Trainer] No improvement. Iteration 11200. Early stopping counter: 17, LR counter: 17
[Trainer] No improvement. Iteration 11300. Early stopping counter: 18, LR counter: 18
[Trainer] No improvement. Iteration 11400. Early stopping counter: 19, LR counter: 19
[Trainer] No improvement. Iteration 11500. Early stopping counter: 20, LR counter: 20
[Trainer] No improvement. Iteration 11600. Early stopping counter: 21, LR counter: 21
[Trainer] No improvement. Iteration 11700. Early stopping counter: 22, LR counter: 22
[Trainer] No improvement. Iteration 11800. Early stopping counter: 23, LR counter: 23
[Trainer] No improvement. Iteration 11900. Early stopping counter: 24, LR counter: 24
[Trainer] No improvement. Iteration 12000. Early stopping counter: 25, LR counter: 25
[Trainer] Learning rate reduced to: 0.000010
[Trainer] No improvement. Iteration 12100. Early stopping counter: 26, LR counter: 1
[Trainer] No improvement. Iteration 12200. Early stopping counter: 27, LR counter: 2
[Trainer] No improvement. Iteration 12300. Early stopping counter: 28, LR counter: 3
[Trainer] No improvement. Iteration 12400. Early stopping counter: 29, LR counter: 4
[Trainer] No improvement. Iteration 12500. Early stopping counter: 30, LR counter: 5
[Trainer] No improvement. Iteration 12600. Early stopping counter: 31, LR counter: 6
[Trainer] No improvement. Iteration 12700. Early stopping counter: 32, LR counter: 7
[Trainer] No improvement. Iteration 12800. Early stopping counter: 33, LR counter: 8
[Trainer] No improvement. Iteration 12900. Early stopping counter: 34, LR counter: 9
[Trainer] No improvement. Iteration 13000. Early stopping counter: 35, LR counter: 10
[Trainer] No improvement. Iteration 13500. Early stopping counter: 1, LR counter: 1
[Trainer] No improvement. Iteration 13600. Early stopping counter: 2, LR counter: 2
[Trainer] No improvement. Iteration 13700. Early stopping counter: 3, LR counter: 3
[Trainer] No improvement. Iteration 13800. Early stopping counter: 4, LR counter: 4
[Trainer] No improvement. Iteration 13900. Early stopping counter: 5, LR counter: 5
[Trainer] No improvement. Iteration 14000. Early stopping counter: 6, LR counter: 6
[Trainer] No improvement. Iteration 14100. Early stopping counter: 7, LR counter: 7
[Trainer] No improvement. Iteration 14200. Early stopping counter: 8, LR counter: 8
[Trainer] No improvement. Iteration 14300. Early stopping counter: 9, LR counter: 9
[Trainer] No improvement. Iteration 14400. Early stopping counter: 10, LR counter: 10
[Trainer] No improvement. Iteration 14500. Early stopping counter: 11, LR counter: 11
[Trainer] No improvement. Iteration 14600. Early stopping counter: 12, LR counter: 12
[Trainer] No improvement. Iteration 14700. Early stopping counter: 13, LR counter: 13
[Trainer] No improvement. Iteration 14900. Early stopping counter: 1, LR counter: 1
[Trainer] No improvement. Iteration 15000. Early stopping counter: 2, LR counter: 2
[Trainer] No improvement. Iteration 15100. Early stopping counter: 3, LR counter: 3
[Trainer] No improvement. Iteration 15200. Early stopping counter: 4, LR counter: 4
[Trainer] No improvement. Iteration 15300. Early stopping counter: 5, LR counter: 5
[Trainer] No improvement. Iteration 15400. Early stopping counter: 6, LR counter: 6
[Trainer] No improvement. Iteration 15500. Early stopping counter: 7, LR counter: 7
[Trainer] No improvement. Iteration 15600. Early stopping counter: 8, LR counter: 8
[Trainer] No improvement. Iteration 15700. Early stopping counter: 9, LR counter: 9
[Trainer] No improvement. Iteration 15800. Early stopping counter: 10, LR counter: 10
[Trainer] No improvement. Iteration 15900. Early stopping counter: 11, LR counter: 11
[Trainer] No improvement. Iteration 16000. Early stopping counter: 12, LR counter: 12
[Trainer] No improvement. Iteration 16100. Early stopping counter: 13, LR counter: 13
[Trainer] No improvement. Iteration 16200. Early stopping counter: 14, LR counter: 14
[Trainer] No improvement. Iteration 16300. Early stopping counter: 15, LR counter: 15
[Trainer] No improvement. Iteration 16400. Early stopping counter: 16, LR counter: 16
[Trainer] No improvement. Iteration 16500. Early stopping counter: 17, LR counter: 17
[Trainer] No improvement. Iteration 16800. Early stopping counter: 1, LR counter: 1
[Trainer] No improvement. Iteration 16900. Early stopping counter: 2, LR counter: 2
[Trainer] No improvement. Iteration 17000. Early stopping counter: 3, LR counter: 3
[Trainer] No improvement. Iteration 17100. Early stopping counter: 4, LR counter: 4
[Trainer] No improvement. Iteration 17200. Early stopping counter: 5, LR counter: 5
[Trainer] No improvement. Iteration 17300. Early stopping counter: 6, LR counter: 6
[Trainer] No improvement. Iteration 17400. Early stopping counter: 7, LR counter: 7
[Trainer] No improvement. Iteration 17500. Early stopping counter: 8, LR counter: 8
[Trainer] No improvement. Iteration 17600. Early stopping counter: 9, LR counter: 9
[Trainer] No improvement. Iteration 17700. Early stopping counter: 10, LR counter: 10
[Trainer] No improvement. Iteration 17800. Early stopping counter: 11, LR counter: 11
[Trainer] No improvement. Iteration 17900. Early stopping counter: 12, LR counter: 12
[Trainer] No improvement. Iteration 18000. Early stopping counter: 13, LR counter: 13
[Trainer] No improvement. Iteration 18100. Early stopping counter: 14, LR counter: 14
[Trainer] No improvement. Iteration 18200. Early stopping counter: 15, LR counter: 15
[Trainer] No improvement. Iteration 18300. Early stopping counter: 16, LR counter: 16
[Trainer] No improvement. Iteration 18400. Early stopping counter: 17, LR counter: 17
[Trainer] No improvement. Iteration 18500. Early stopping counter: 18, LR counter: 18
[Trainer] No improvement. Iteration 18600. Early stopping counter: 19, LR counter: 19
[Trainer] No improvement. Iteration 18700. Early stopping counter: 20, LR counter: 20
[Trainer] No improvement. Iteration 18800. Early stopping counter: 21, LR counter: 21
[Trainer] No improvement. Iteration 18900. Early stopping counter: 22, LR counter: 22
[Trainer] No improvement. Iteration 19000. Early stopping counter: 23, LR counter: 23
[Trainer] No improvement. Iteration 19100. Early stopping counter: 24, LR counter: 24
[Trainer] No improvement. Iteration 19200. Early stopping counter: 25, LR counter: 25
[Trainer] Learning rate reduced to: 0.000001
[Trainer] No improvement. Iteration 19300. Early stopping counter: 26, LR counter: 1
[Trainer] No improvement. Iteration 19400. Early stopping counter: 27, LR counter: 2
[Trainer] No improvement. Iteration 19500. Early stopping counter: 28, LR counter: 3
[Trainer] No improvement. Iteration 19600. Early stopping counter: 29, LR counter: 4
[Trainer] No improvement. Iteration 19700. Early stopping counter: 30, LR counter: 5
[Trainer] No improvement. Iteration 19800. Early stopping counter: 31, LR counter: 6
[Trainer] No improvement. Iteration 19900. Early stopping counter: 32, LR counter: 7
[Trainer] No improvement. Iteration 20000. Early stopping counter: 33, LR counter: 8
[Trainer] No improvement. Iteration 20100. Early stopping counter: 34, LR counter: 9
[Trainer] No improvement. Iteration 20200. Early stopping counter: 35, LR counter: 10
[Trainer] No improvement. Iteration 20300. Early stopping counter: 36, LR counter: 11
[Trainer] No improvement. Iteration 20400. Early stopping counter: 37, LR counter: 12
[Trainer] No improvement. Iteration 20500. Early stopping counter: 38, LR counter: 13
[Trainer] No improvement. Iteration 20600. Early stopping counter: 39, LR counter: 14
[Trainer] No improvement. Iteration 20700. Early stopping counter: 40, LR counter: 15
[Trainer] No improvement. Iteration 20800. Early stopping counter: 41, LR counter: 16
[Trainer] No improvement. Iteration 20900. Early stopping counter: 42, LR counter: 17
[Trainer] No improvement. Iteration 21000. Early stopping counter: 43, LR counter: 18
[Trainer] No improvement. Iteration 21100. Early stopping counter: 44, LR counter: 19
[Trainer] No improvement. Iteration 21200. Early stopping counter: 45, LR counter: 20
[Trainer] No improvement. Iteration 21300. Early stopping counter: 46, LR counter: 21
[Trainer] No improvement. Iteration 21400. Early stopping counter: 47, LR counter: 22
[Trainer] No improvement. Iteration 21500. Early stopping counter: 48, LR counter: 23
[Trainer] No improvement. Iteration 21800. Early stopping counter: 1, LR counter: 1
[Trainer] No improvement. Iteration 21900. Early stopping counter: 2, LR counter: 2
[Trainer] No improvement. Iteration 22000. Early stopping counter: 3, LR counter: 3
[Trainer] No improvement. Iteration 22100. Early stopping counter: 4, LR counter: 4
[Trainer] No improvement. Iteration 22200. Early stopping counter: 5, LR counter: 5
[Trainer] No improvement. Iteration 22300. Early stopping counter: 6, LR counter: 6
[Trainer] No improvement. Iteration 22400. Early stopping counter: 7, LR counter: 7
[Trainer] No improvement. Iteration 22500. Early stopping counter: 8, LR counter: 8
[Trainer] No improvement. Iteration 22600. Early stopping counter: 9, LR counter: 9
[Trainer] No improvement. Iteration 22700. Early stopping counter: 10, LR counter: 10
[Trainer] No improvement. Iteration 22800. Early stopping counter: 11, LR counter: 11
[Trainer] No improvement. Iteration 22900. Early stopping counter: 12, LR counter: 12
[Trainer] No improvement. Iteration 23000. Early stopping counter: 13, LR counter: 13
[Trainer] No improvement. Iteration 23100. Early stopping counter: 14, LR counter: 14
[Trainer] No improvement. Iteration 23200. Early stopping counter: 15, LR counter: 15
[Trainer] No improvement. Iteration 23600. Early stopping counter: 1, LR counter: 1
[Trainer] No improvement. Iteration 24000. Early stopping counter: 1, LR counter: 1
[Trainer] No improvement. Iteration 24200. Early stopping counter: 1, LR counter: 1
[Trainer] No improvement. Iteration 24300. Early stopping counter: 2, LR counter: 2
[Trainer] No improvement. Iteration 24400. Early stopping counter: 3, LR counter: 3
[Trainer] No improvement. Iteration 24500. Early stopping counter: 4, LR counter: 4
[Trainer] No improvement. Iteration 24600. Early stopping counter: 5, LR counter: 5
[Trainer] No improvement. Iteration 24700. Early stopping counter: 6, LR counter: 6
[Trainer] No improvement. Iteration 24800. Early stopping counter: 7, LR counter: 7
[Trainer] No improvement. Iteration 24900. Early stopping counter: 8, LR counter: 8
[Trainer] No improvement. Iteration 25000. Early stopping counter: 9, LR counter: 9
[Trainer] No improvement. Iteration 25100. Early stopping counter: 10, LR counter: 10
[Trainer] No improvement. Iteration 25200. Early stopping counter: 11, LR counter: 11
[Trainer] No improvement. Iteration 25300. Early stopping counter: 12, LR counter: 12
[Trainer] No improvement. Iteration 25400. Early stopping counter: 13, LR counter: 13
[Trainer] No improvement. Iteration 25500. Early stopping counter: 14, LR counter: 14
[Trainer] No improvement. Iteration 25600. Early stopping counter: 15, LR counter: 15
[Trainer] No improvement. Iteration 25700. Early stopping counter: 16, LR counter: 16
[Trainer] No improvement. Iteration 25800. Early stopping counter: 17, LR counter: 17
[Trainer] No improvement. Iteration 25900. Early stopping counter: 18, LR counter: 18
[Trainer] No improvement. Iteration 26000. Early stopping counter: 19, LR counter: 19
[Trainer] No improvement. Iteration 26100. Early stopping counter: 20, LR counter: 20
[Trainer] No improvement. Iteration 26200. Early stopping counter: 21, LR counter: 21
[Trainer] No improvement. Iteration 26300. Early stopping counter: 22, LR counter: 22
[Trainer] No improvement. Iteration 26400. Early stopping counter: 23, LR counter: 23
[Trainer] No improvement. Iteration 26500. Early stopping counter: 24, LR counter: 24
[Trainer] No improvement. Iteration 26600. Early stopping counter: 25, LR counter: 25
[Trainer] Learning rate reduced to: 0.000000
[Trainer] No improvement. Iteration 26700. Early stopping counter: 26, LR counter: 1
[Trainer] No improvement. Iteration 26800. Early stopping counter: 27, LR counter: 2
[Trainer] No improvement. Iteration 26900. Early stopping counter: 28, LR counter: 3
[Trainer] No improvement. Iteration 27000. Early stopping counter: 29, LR counter: 4
[Trainer] No improvement. Iteration 27100. Early stopping counter: 30, LR counter: 5
[Trainer] No improvement. Iteration 27200. Early stopping counter: 31, LR counter: 6
[Trainer] No improvement. Iteration 27300. Early stopping counter: 32, LR counter: 7
[Trainer] No improvement. Iteration 27400. Early stopping counter: 33, LR counter: 8
[Trainer] No improvement. Iteration 27500. Early stopping counter: 34, LR counter: 9
[Trainer] No improvement. Iteration 27600. Early stopping counter: 35, LR counter: 10
[Trainer] No improvement. Iteration 27700. Early stopping counter: 36, LR counter: 11
[Trainer] No improvement. Iteration 27800. Early stopping counter: 37, LR counter: 12
[Trainer] No improvement. Iteration 27900. Early stopping counter: 38, LR counter: 13
[Trainer] No improvement. Iteration 28000. Early stopping counter: 39, LR counter: 14
[Trainer] No improvement. Iteration 28100. Early stopping counter: 40, LR counter: 15
[Trainer] No improvement. Iteration 28200. Early stopping counter: 41, LR counter: 16
[Trainer] No improvement. Iteration 28300. Early stopping counter: 42, LR counter: 17
[Trainer] No improvement. Iteration 28400. Early stopping counter: 43, LR counter: 18
[Trainer] No improvement. Iteration 28500. Early stopping counter: 44, LR counter: 19
[Trainer] No improvement. Iteration 28600. Early stopping counter: 45, LR counter: 20
[Trainer] No improvement. Iteration 28700. Early stopping counter: 46, LR counter: 21
[Trainer] No improvement. Iteration 28800. Early stopping counter: 47, LR counter: 22
[Trainer] No improvement. Iteration 28900. Early stopping counter: 48, LR counter: 23
[Trainer] No improvement. Iteration 29000. Early stopping counter: 49, LR counter: 24
[Trainer] No improvement. Iteration 29100. Early stopping counter: 50, LR counter: 25
[Trainer] Learning rate reduced to: 0.000000
[Trainer] Early stopping triggered.
[Trainer] Training completed.
[Trainer] Calibrating temperatures on validation set...
[Trainer] Temperature calibration finished. Calibrated temperatures: {4: 1.2071303129196167, 6: 1.019674301147461, 8: 1.0631461143493652, 10: 1.251805305480957}
[Trainer] BNN training completed.
**************************************************
Z=8, N=4, emax=4
RMSE Eb: 0.910
RMSE Rch: 0.010
MAPE Eb: 2.856
MAPE Rch: 0.438
--------------------------------------------------
**************************************************
Z=8, N=4, emax=10
RMSE Eb: 1.442
RMSE Rch: 0.051
MAPE Eb: 2.290
MAPE Rch: 2.303
--------------------------------------------------
**************************************************
Z=8, N=4, emax=6
RMSE Eb: 1.204
RMSE Rch: 0.015
MAPE Eb: 2.374
MAPE Rch: 0.726
--------------------------------------------------
**************************************************
Z=8, N=4, emax=8
RMSE Eb: 0.872
RMSE Rch: 0.018
MAPE Eb: 1.484
MAPE Rch: 0.787
--------------------------------------------------
**************************************************
Z=8, N=5, emax=8
RMSE Eb: 0.862
RMSE Rch: 0.015
MAPE Eb: 1.066
MAPE Rch: 0.748
--------------------------------------------------
**************************************************
Z=8, N=5, emax=6
RMSE Eb: 0.911
RMSE Rch: 0.008
MAPE Eb: 1.307
MAPE Rch: 0.389
--------------------------------------------------
**************************************************
Z=8, N=5, emax=4
RMSE Eb: 0.482
RMSE Rch: 0.009
MAPE Eb: 1.008
MAPE Rch: 0.404
--------------------------------------------------
**************************************************
Z=8, N=5, emax=10
RMSE Eb: 0.867
RMSE Rch: 0.016
MAPE Eb: 0.765
MAPE Rch: 0.724
--------------------------------------------------
**************************************************
Z=8, N=6, emax=4
RMSE Eb: 0.493
RMSE Rch: 0.007
MAPE Eb: 0.727
MAPE Rch: 0.329
--------------------------------------------------
**************************************************
Z=8, N=6, emax=6
RMSE Eb: 1.209
RMSE Rch: 0.008
MAPE Eb: 1.280
MAPE Rch: 0.420
--------------------------------------------------
**************************************************
Z=8, N=6, emax=8
RMSE Eb: 1.135
RMSE Rch: 0.011
MAPE Eb: 1.013
MAPE Rch: 0.530
--------------------------------------------------
**************************************************
Z=8, N=6, emax=10
RMSE Eb: 0.811
RMSE Rch: 0.011
MAPE Eb: 0.723
MAPE Rch: 0.581
--------------------------------------------------
**************************************************
Z=8, N=7, emax=8
RMSE Eb: 1.007
RMSE Rch: 0.011
MAPE Eb: 0.807
MAPE Rch: 0.593
--------------------------------------------------
**************************************************
Z=8, N=7, emax=10
RMSE Eb: 0.748
RMSE Rch: 0.012
MAPE Eb: 0.615
MAPE Rch: 0.708
--------------------------------------------------
**************************************************
Z=8, N=7, emax=6
RMSE Eb: 0.991
RMSE Rch: 0.008
MAPE Eb: 0.955
MAPE Rch: 0.423
--------------------------------------------------
**************************************************
Z=8, N=7, emax=4
RMSE Eb: 0.529
RMSE Rch: 0.009
MAPE Eb: 0.608
MAPE Rch: 0.375
--------------------------------------------------
**************************************************
Z=8, N=8, emax=4
RMSE Eb: 0.631
RMSE Rch: 0.007
MAPE Eb: 0.713
MAPE Rch: 0.177
--------------------------------------------------
**************************************************
Z=8, N=8, emax=8
RMSE Eb: 0.780
RMSE Rch: 0.011
MAPE Eb: 0.549
MAPE Rch: 0.330
--------------------------------------------------
**************************************************
Z=8, N=8, emax=6
RMSE Eb: 1.124
RMSE Rch: 0.009
MAPE Eb: 1.037
MAPE Rch: 0.271
--------------------------------------------------
**************************************************
Z=8, N=8, emax=10
RMSE Eb: 1.188
RMSE Rch: 0.012
MAPE Eb: 0.779
MAPE Rch: 0.360
--------------------------------------------------
**************************************************
Z=8, N=9, emax=8
RMSE Eb: 1.039
RMSE Rch: 0.009
MAPE Eb: 0.686
MAPE Rch: 0.275
--------------------------------------------------
**************************************************
Z=8, N=9, emax=6
RMSE Eb: 1.225
RMSE Rch: 0.006
MAPE Eb: 1.054
MAPE Rch: 0.168
--------------------------------------------------
**************************************************
Z=8, N=9, emax=4
RMSE Eb: 0.818
RMSE Rch: 0.007
MAPE Eb: 0.852
MAPE Rch: 0.187
--------------------------------------------------
**************************************************
Z=8, N=9, emax=10
RMSE Eb: 0.840
RMSE Rch: 0.008
MAPE Eb: 0.607
MAPE Rch: 0.235
--------------------------------------------------
**************************************************
Z=8, N=10, emax=4
RMSE Eb: 0.548
RMSE Rch: 0.006
MAPE Eb: 0.558
MAPE Rch: 0.150
--------------------------------------------------
**************************************************
Z=8, N=10, emax=10
RMSE Eb: 1.630
RMSE Rch: 0.008
MAPE Eb: 1.164
MAPE Rch: 0.260
--------------------------------------------------
**************************************************
Z=8, N=10, emax=6
RMSE Eb: 1.105
RMSE Rch: 0.007
MAPE Eb: 0.925
MAPE Rch: 0.193
--------------------------------------------------
**************************************************
Z=8, N=10, emax=8
RMSE Eb: 1.246
RMSE Rch: 0.007
MAPE Eb: 0.861
MAPE Rch: 0.220
--------------------------------------------------
**************************************************
Z=8, N=11, emax=4
RMSE Eb: 0.606
RMSE Rch: 0.005
MAPE Eb: 0.636
MAPE Rch: 0.127
--------------------------------------------------
**************************************************
Z=8, N=11, emax=6
RMSE Eb: 1.209
RMSE Rch: 0.007
MAPE Eb: 0.918
MAPE Rch: 0.212
--------------------------------------------------
**************************************************
Z=8, N=11, emax=8
RMSE Eb: 1.157
RMSE Rch: 0.008
MAPE Eb: 0.793
MAPE Rch: 0.216
--------------------------------------------------
**************************************************
Z=8, N=11, emax=10
RMSE Eb: 0.914
RMSE Rch: 0.006
MAPE Eb: 0.511
MAPE Rch: 0.170
--------------------------------------------------
**************************************************
Z=8, N=12, emax=6
RMSE Eb: 0.923
RMSE Rch: 0.008
MAPE Eb: 0.705
MAPE Rch: 0.234
--------------------------------------------------
**************************************************
Z=8, N=12, emax=4
RMSE Eb: 0.646
RMSE Rch: 0.006
MAPE Eb: 0.693
MAPE Rch: 0.168
--------------------------------------------------
**************************************************
Z=8, N=12, emax=8
RMSE Eb: 1.095
RMSE Rch: 0.008
MAPE Eb: 0.770
MAPE Rch: 0.219
--------------------------------------------------
**************************************************
Z=8, N=12, emax=10
RMSE Eb: 1.194
RMSE Rch: 0.007
MAPE Eb: 0.755
MAPE Rch: 0.233
--------------------------------------------------
**************************************************
Z=8, N=13, emax=8
RMSE Eb: 1.219
RMSE Rch: 0.010
MAPE Eb: 0.781
MAPE Rch: 0.280
--------------------------------------------------
**************************************************
Z=8, N=13, emax=4
RMSE Eb: 0.539
RMSE Rch: 0.007
MAPE Eb: 0.474
MAPE Rch: 0.196
--------------------------------------------------
**************************************************
Z=8, N=13, emax=10
RMSE Eb: 1.731
RMSE Rch: 0.006
MAPE Eb: 1.138
MAPE Rch: 0.175
--------------------------------------------------
**************************************************
Z=8, N=13, emax=6
RMSE Eb: 0.957
RMSE Rch: 0.009
MAPE Eb: 0.684
MAPE Rch: 0.272
--------------------------------------------------
**************************************************
Z=8, N=14, emax=8
RMSE Eb: 1.405
RMSE Rch: 0.014
MAPE Eb: 0.814
MAPE Rch: 0.363
--------------------------------------------------
**************************************************
Z=8, N=14, emax=4
RMSE Eb: 0.857
RMSE Rch: 0.009
MAPE Eb: 0.752
MAPE Rch: 0.261
--------------------------------------------------
**************************************************
Z=8, N=14, emax=6
RMSE Eb: 1.195
RMSE Rch: 0.007
MAPE Eb: 0.998
MAPE Rch: 0.202
--------------------------------------------------
**************************************************
Z=8, N=14, emax=10
RMSE Eb: 1.461
RMSE Rch: 0.010
MAPE Eb: 0.921
MAPE Rch: 0.247
--------------------------------------------------
**************************************************
Z=8, N=15, emax=8
RMSE Eb: 1.135
RMSE Rch: 0.010
MAPE Eb: 0.700
MAPE Rch: 0.288
--------------------------------------------------
**************************************************
Z=8, N=15, emax=4
RMSE Eb: 0.670
RMSE Rch: 0.009
MAPE Eb: 0.605
MAPE Rch: 0.239
--------------------------------------------------
**************************************************
Z=8, N=15, emax=6
RMSE Eb: 1.316
RMSE Rch: 0.008
MAPE Eb: 0.942
MAPE Rch: 0.225
--------------------------------------------------
**************************************************
Z=8, N=15, emax=10
RMSE Eb: 1.684
RMSE Rch: 0.009
MAPE Eb: 1.069
MAPE Rch: 0.276
--------------------------------------------------
**************************************************
Z=8, N=16, emax=8
RMSE Eb: 1.482
RMSE Rch: 0.011
MAPE Eb: 0.886
MAPE Rch: 0.313
--------------------------------------------------
**************************************************
Z=8, N=16, emax=6
RMSE Eb: 1.269
RMSE Rch: 0.008
MAPE Eb: 0.891
MAPE Rch: 0.233
--------------------------------------------------
**************************************************
Z=8, N=16, emax=10
RMSE Eb: 1.772
RMSE Rch: 0.006
MAPE Eb: 1.050
MAPE Rch: 0.165
--------------------------------------------------
**************************************************
Z=8, N=16, emax=4
RMSE Eb: 0.790
RMSE Rch: 0.010
MAPE Eb: 0.739
MAPE Rch: 0.274
--------------------------------------------------
Finished VAL for AE n=277
**************************************************
Z=8, N=4, emax=6
RMSE Eb: 1.157
RMSE Rch: 0.013
MAPE Eb: 2.062
MAPE Rch: 0.597
--------------------------------------------------
**************************************************
Z=8, N=4, emax=8
RMSE Eb: 1.038
RMSE Rch: 0.020
MAPE Eb: 1.645
MAPE Rch: 0.920
--------------------------------------------------
**************************************************
Z=8, N=4, emax=4
RMSE Eb: 0.792
RMSE Rch: 0.009
MAPE Eb: 2.166
MAPE Rch: 0.394
--------------------------------------------------
**************************************************
Z=8, N=4, emax=10
RMSE Eb: 1.473
RMSE Rch: 0.023
MAPE Eb: 2.329
MAPE Rch: 1.051
--------------------------------------------------
**************************************************
Z=8, N=5, emax=4
RMSE Eb: 0.551
RMSE Rch: 0.010
MAPE Eb: 1.079
MAPE Rch: 0.415
--------------------------------------------------
**************************************************
Z=8, N=5, emax=8
RMSE Eb: 0.766
RMSE Rch: 0.015
MAPE Eb: 1.014
MAPE Rch: 0.747
--------------------------------------------------
**************************************************
Z=8, N=5, emax=6
RMSE Eb: 0.786
RMSE Rch: 0.008
MAPE Eb: 1.176
MAPE Rch: 0.398
--------------------------------------------------
**************************************************
Z=8, N=5, emax=10
RMSE Eb: 1.460
RMSE Rch: 0.020
MAPE Eb: 1.750
MAPE Rch: 1.043
--------------------------------------------------
**************************************************
Z=8, N=6, emax=4
RMSE Eb: 0.534
RMSE Rch: 0.007
MAPE Eb: 0.743
MAPE Rch: 0.300
--------------------------------------------------
**************************************************
Z=8, N=6, emax=8
RMSE Eb: 1.255
RMSE Rch: 0.013
MAPE Eb: 1.089
MAPE Rch: 0.612
--------------------------------------------------
**************************************************
Z=8, N=6, emax=6
RMSE Eb: 1.042
RMSE Rch: 0.009
MAPE Eb: 1.116
MAPE Rch: 0.411
--------------------------------------------------
**************************************************
Z=8, N=6, emax=10
RMSE Eb: 0.926
RMSE Rch: 0.014
MAPE Eb: 0.874
MAPE Rch: 0.644
--------------------------------------------------
**************************************************
Z=8, N=7, emax=4
RMSE Eb: 0.577
RMSE Rch: 0.008
MAPE Eb: 0.717
MAPE Rch: 0.359
--------------------------------------------------
**************************************************
Z=8, N=7, emax=8
RMSE Eb: 1.051
RMSE Rch: 0.011
MAPE Eb: 0.921
MAPE Rch: 0.571
--------------------------------------------------
**************************************************
Z=8, N=7, emax=6
RMSE Eb: 1.080
RMSE Rch: 0.008
MAPE Eb: 0.990
MAPE Rch: 0.383
--------------------------------------------------
**************************************************
Z=8, N=7, emax=10
RMSE Eb: 1.166
RMSE Rch: 0.009
MAPE Eb: 0.923
MAPE Rch: 0.512
--------------------------------------------------
**************************************************
Z=8, N=8, emax=4
RMSE Eb: 0.651
RMSE Rch: 0.006
MAPE Eb: 0.650
MAPE Rch: 0.177
--------------------------------------------------
**************************************************
Z=8, N=8, emax=6
RMSE Eb: 1.142
RMSE Rch: 0.009
MAPE Eb: 0.994
MAPE Rch: 0.258
--------------------------------------------------
**************************************************
Z=8, N=8, emax=8
RMSE Eb: 1.018
RMSE Rch: 0.009
MAPE Eb: 0.761
MAPE Rch: 0.247
--------------------------------------------------
**************************************************
Z=8, N=8, emax=10
RMSE Eb: 1.136
RMSE Rch: 0.011
MAPE Eb: 0.850
MAPE Rch: 0.327
--------------------------------------------------
**************************************************
Z=8, N=9, emax=4
RMSE Eb: 0.603
RMSE Rch: 0.007
MAPE Eb: 0.625
MAPE Rch: 0.190
--------------------------------------------------
**************************************************
Z=8, N=9, emax=8
RMSE Eb: 0.844
RMSE Rch: 0.010
MAPE Eb: 0.589
MAPE Rch: 0.319
--------------------------------------------------
**************************************************
Z=8, N=9, emax=6
RMSE Eb: 1.124
RMSE Rch: 0.007
MAPE Eb: 0.958
MAPE Rch: 0.197
--------------------------------------------------
**************************************************
Z=8, N=9, emax=10
RMSE Eb: 1.332
RMSE Rch: 0.006
MAPE Eb: 0.879
MAPE Rch: 0.181
--------------------------------------------------
**************************************************
Z=8, N=10, emax=4
RMSE Eb: 0.636
RMSE Rch: 0.006
MAPE Eb: 0.593
MAPE Rch: 0.176
--------------------------------------------------
**************************************************
Z=8, N=10, emax=6
RMSE Eb: 1.167
RMSE Rch: 0.006
MAPE Eb: 0.925
MAPE Rch: 0.161
--------------------------------------------------
**************************************************
Z=8, N=10, emax=8
RMSE Eb: 1.167
RMSE Rch: 0.009
MAPE Eb: 0.809
MAPE Rch: 0.248
--------------------------------------------------
**************************************************
Z=8, N=10, emax=10
RMSE Eb: 1.925
RMSE Rch: 0.008
MAPE Eb: 1.295
MAPE Rch: 0.228
--------------------------------------------------
**************************************************
Z=8, N=11, emax=8
RMSE Eb: 1.009
RMSE Rch: 0.008
MAPE Eb: 0.668
MAPE Rch: 0.213
--------------------------------------------------
**************************************************
Z=8, N=11, emax=4
RMSE Eb: 0.698
RMSE Rch: 0.006
MAPE Eb: 0.765
MAPE Rch: 0.146
--------------------------------------------------
**************************************************
Z=8, N=11, emax=6
RMSE Eb: 1.104
RMSE Rch: 0.006
MAPE Eb: 0.935
MAPE Rch: 0.183
--------------------------------------------------
**************************************************
Z=8, N=11, emax=10
RMSE Eb: 0.960
RMSE Rch: 0.005
MAPE Eb: 0.646
MAPE Rch: 0.147
--------------------------------------------------
**************************************************
Z=8, N=12, emax=6
RMSE Eb: 0.843
RMSE Rch: 0.008
MAPE Eb: 0.673
MAPE Rch: 0.226
--------------------------------------------------
**************************************************
Z=8, N=12, emax=8
RMSE Eb: 1.198
RMSE Rch: 0.009
MAPE Eb: 0.747
MAPE Rch: 0.276
--------------------------------------------------
**************************************************
Z=8, N=12, emax=4
RMSE Eb: 0.639
RMSE Rch: 0.006
MAPE Eb: 0.618
MAPE Rch: 0.166
--------------------------------------------------
**************************************************
Z=8, N=12, emax=10
RMSE Eb: 1.089
RMSE Rch: 0.008
MAPE Eb: 0.725
MAPE Rch: 0.255
--------------------------------------------------
**************************************************
Z=8, N=13, emax=8
RMSE Eb: 1.277
RMSE Rch: 0.008
MAPE Eb: 0.804
MAPE Rch: 0.242
--------------------------------------------------
**************************************************
Z=8, N=13, emax=4
RMSE Eb: 0.573
RMSE Rch: 0.007
MAPE Eb: 0.542
MAPE Rch: 0.158
--------------------------------------------------
**************************************************
Z=8, N=13, emax=6
RMSE Eb: 0.981
RMSE Rch: 0.009
MAPE Eb: 0.740
MAPE Rch: 0.259
--------------------------------------------------
**************************************************
Z=8, N=13, emax=10
RMSE Eb: 1.327
RMSE Rch: 0.007
MAPE Eb: 0.871
MAPE Rch: 0.221
--------------------------------------------------
**************************************************
Z=8, N=14, emax=6
RMSE Eb: 1.200
RMSE Rch: 0.007
MAPE Eb: 0.850
MAPE Rch: 0.201
--------------------------------------------------
**************************************************
Z=8, N=14, emax=10
RMSE Eb: 1.789
RMSE Rch: 0.009
MAPE Eb: 1.168
MAPE Rch: 0.232
--------------------------------------------------
**************************************************
Z=8, N=14, emax=4
RMSE Eb: 0.743
RMSE Rch: 0.006
MAPE Eb: 0.741
MAPE Rch: 0.163
--------------------------------------------------
**************************************************
Z=8, N=14, emax=8
RMSE Eb: 1.325
RMSE Rch: 0.011
MAPE Eb: 0.825
MAPE Rch: 0.294
--------------------------------------------------
**************************************************
Z=8, N=15, emax=8
RMSE Eb: 1.255
RMSE Rch: 0.011
MAPE Eb: 0.756
MAPE Rch: 0.323
--------------------------------------------------
**************************************************
Z=8, N=15, emax=6
RMSE Eb: 1.216
RMSE Rch: 0.008
MAPE Eb: 0.923
MAPE Rch: 0.218
--------------------------------------------------
**************************************************
Z=8, N=15, emax=4
RMSE Eb: 0.566
RMSE Rch: 0.008
MAPE Eb: 0.588
MAPE Rch: 0.229
--------------------------------------------------
**************************************************
Z=8, N=15, emax=10
RMSE Eb: 1.167
RMSE Rch: 0.012
MAPE Eb: 0.711
MAPE Rch: 0.349
--------------------------------------------------
**************************************************
Z=8, N=16, emax=4
RMSE Eb: 0.721
RMSE Rch: 0.009
MAPE Eb: 0.696
MAPE Rch: 0.231
--------------------------------------------------
**************************************************
Z=8, N=16, emax=8
RMSE Eb: 1.418
RMSE Rch: 0.010
MAPE Eb: 0.819
MAPE Rch: 0.287
--------------------------------------------------
**************************************************
Z=8, N=16, emax=6
RMSE Eb: 1.286
RMSE Rch: 0.009
MAPE Eb: 0.951
MAPE Rch: 0.248
--------------------------------------------------
**************************************************
Z=8, N=16, emax=10
RMSE Eb: 1.236
RMSE Rch: 0.011
MAPE Eb: 0.751
MAPE Rch: 0.330
--------------------------------------------------
