Activated conda environment
[DataLoader] Found 13 files matching the pattern.
[DataLoader] Combined data shape: (17234, 35)
[Preprocess] Data split => train: (11029, 35), val: (2758, 35), test: (3447, 35)
[Preprocess] Processed fidelity 4 (index 0): 3758 samples.
[Preprocess] Processed fidelity 6 (index 1): 3346 samples.
[Preprocess] Processed fidelity 8 (index 2): 3194 samples.
[Preprocess] Processed fidelity 10 (index 3): 731 samples.
[Preprocess] Processed fidelity 4 (index 0): 949 samples.
[Preprocess] Processed fidelity 6 (index 1): 833 samples.
[Preprocess] Processed fidelity 8 (index 2): 801 samples.
[Preprocess] Processed fidelity 10 (index 3): 175 samples.
Fidelity levels: [4, 6, 8, 10]
[Trainer] Starting BNN training...
[Trainer] No improvement. Iteration 7200. Early stopping counter: 1, LR counter: 1
[Trainer] No improvement. Iteration 7300. Early stopping counter: 2, LR counter: 2
[Trainer] No improvement. Iteration 7800. Early stopping counter: 1, LR counter: 1
[Trainer] No improvement. Iteration 7900. Early stopping counter: 2, LR counter: 2
[Trainer] No improvement. Iteration 8000. Early stopping counter: 3, LR counter: 3
[Trainer] No improvement. Iteration 8100. Early stopping counter: 4, LR counter: 4
[Trainer] No improvement. Iteration 8200. Early stopping counter: 5, LR counter: 5
[Trainer] No improvement. Iteration 8300. Early stopping counter: 6, LR counter: 6
[Trainer] No improvement. Iteration 8400. Early stopping counter: 7, LR counter: 7
[Trainer] No improvement. Iteration 8500. Early stopping counter: 8, LR counter: 8
[Trainer] No improvement. Iteration 8600. Early stopping counter: 9, LR counter: 9
[Trainer] No improvement. Iteration 8700. Early stopping counter: 10, LR counter: 10
[Trainer] No improvement. Iteration 8800. Early stopping counter: 11, LR counter: 11
[Trainer] No improvement. Iteration 8900. Early stopping counter: 12, LR counter: 12
[Trainer] No improvement. Iteration 9000. Early stopping counter: 13, LR counter: 13
[Trainer] No improvement. Iteration 9100. Early stopping counter: 14, LR counter: 14
[Trainer] No improvement. Iteration 9200. Early stopping counter: 15, LR counter: 15
[Trainer] No improvement. Iteration 9300. Early stopping counter: 16, LR counter: 16
[Trainer] No improvement. Iteration 9400. Early stopping counter: 17, LR counter: 17
[Trainer] No improvement. Iteration 9500. Early stopping counter: 18, LR counter: 18
[Trainer] No improvement. Iteration 9600. Early stopping counter: 19, LR counter: 19
[Trainer] No improvement. Iteration 9700. Early stopping counter: 20, LR counter: 20
[Trainer] No improvement. Iteration 9800. Early stopping counter: 21, LR counter: 21
[Trainer] No improvement. Iteration 9900. Early stopping counter: 22, LR counter: 22
[Trainer] No improvement. Iteration 10000. Early stopping counter: 23, LR counter: 23
[Trainer] No improvement. Iteration 10100. Early stopping counter: 24, LR counter: 24
[Trainer] No improvement. Iteration 10200. Early stopping counter: 25, LR counter: 25
[Trainer] Learning rate reduced to: 0.000010
[Trainer] No improvement. Iteration 10300. Early stopping counter: 26, LR counter: 1
[Trainer] No improvement. Iteration 10400. Early stopping counter: 27, LR counter: 2
[Trainer] No improvement. Iteration 10500. Early stopping counter: 28, LR counter: 3
[Trainer] No improvement. Iteration 10600. Early stopping counter: 29, LR counter: 4
[Trainer] No improvement. Iteration 11000. Early stopping counter: 1, LR counter: 1
[Trainer] No improvement. Iteration 11100. Early stopping counter: 2, LR counter: 2
[Trainer] No improvement. Iteration 11200. Early stopping counter: 3, LR counter: 3
[Trainer] No improvement. Iteration 11300. Early stopping counter: 4, LR counter: 4
[Trainer] No improvement. Iteration 11400. Early stopping counter: 5, LR counter: 5
[Trainer] No improvement. Iteration 11500. Early stopping counter: 6, LR counter: 6
[Trainer] No improvement. Iteration 11600. Early stopping counter: 7, LR counter: 7
[Trainer] No improvement. Iteration 11700. Early stopping counter: 8, LR counter: 8
[Trainer] No improvement. Iteration 11800. Early stopping counter: 9, LR counter: 9
[Trainer] No improvement. Iteration 11900. Early stopping counter: 10, LR counter: 10
[Trainer] No improvement. Iteration 12000. Early stopping counter: 11, LR counter: 11
[Trainer] No improvement. Iteration 12100. Early stopping counter: 12, LR counter: 12
[Trainer] No improvement. Iteration 12200. Early stopping counter: 13, LR counter: 13
[Trainer] No improvement. Iteration 12300. Early stopping counter: 14, LR counter: 14
[Trainer] No improvement. Iteration 12400. Early stopping counter: 15, LR counter: 15
[Trainer] No improvement. Iteration 12500. Early stopping counter: 16, LR counter: 16
[Trainer] No improvement. Iteration 12600. Early stopping counter: 17, LR counter: 17
[Trainer] No improvement. Iteration 12700. Early stopping counter: 18, LR counter: 18
[Trainer] No improvement. Iteration 12800. Early stopping counter: 19, LR counter: 19
[Trainer] No improvement. Iteration 12900. Early stopping counter: 20, LR counter: 20
[Trainer] No improvement. Iteration 13000. Early stopping counter: 21, LR counter: 21
[Trainer] No improvement. Iteration 13100. Early stopping counter: 22, LR counter: 22
[Trainer] No improvement. Iteration 13200. Early stopping counter: 23, LR counter: 23
[Trainer] No improvement. Iteration 13300. Early stopping counter: 24, LR counter: 24
[Trainer] No improvement. Iteration 13900. Early stopping counter: 1, LR counter: 1
[Trainer] No improvement. Iteration 14400. Early stopping counter: 1, LR counter: 1
[Trainer] No improvement. Iteration 14700. Early stopping counter: 1, LR counter: 1
[Trainer] No improvement. Iteration 14800. Early stopping counter: 2, LR counter: 2
[Trainer] No improvement. Iteration 14900. Early stopping counter: 3, LR counter: 3
[Trainer] No improvement. Iteration 15000. Early stopping counter: 4, LR counter: 4
[Trainer] No improvement. Iteration 15100. Early stopping counter: 5, LR counter: 5
[Trainer] No improvement. Iteration 15200. Early stopping counter: 6, LR counter: 6
[Trainer] No improvement. Iteration 15300. Early stopping counter: 7, LR counter: 7
[Trainer] No improvement. Iteration 15400. Early stopping counter: 8, LR counter: 8
[Trainer] No improvement. Iteration 15500. Early stopping counter: 9, LR counter: 9
[Trainer] No improvement. Iteration 15600. Early stopping counter: 10, LR counter: 10
[Trainer] No improvement. Iteration 15700. Early stopping counter: 11, LR counter: 11
[Trainer] No improvement. Iteration 15800. Early stopping counter: 12, LR counter: 12
[Trainer] No improvement. Iteration 15900. Early stopping counter: 13, LR counter: 13
[Trainer] No improvement. Iteration 16000. Early stopping counter: 14, LR counter: 14
[Trainer] No improvement. Iteration 16100. Early stopping counter: 15, LR counter: 15
[Trainer] No improvement. Iteration 16200. Early stopping counter: 16, LR counter: 16
[Trainer] No improvement. Iteration 16300. Early stopping counter: 17, LR counter: 17
[Trainer] No improvement. Iteration 16400. Early stopping counter: 18, LR counter: 18
[Trainer] No improvement. Iteration 16500. Early stopping counter: 19, LR counter: 19
[Trainer] No improvement. Iteration 16600. Early stopping counter: 20, LR counter: 20
[Trainer] No improvement. Iteration 16700. Early stopping counter: 21, LR counter: 21
[Trainer] No improvement. Iteration 16800. Early stopping counter: 22, LR counter: 22
[Trainer] No improvement. Iteration 16900. Early stopping counter: 23, LR counter: 23
[Trainer] No improvement. Iteration 17000. Early stopping counter: 24, LR counter: 24
[Trainer] No improvement. Iteration 17100. Early stopping counter: 25, LR counter: 25
[Trainer] Learning rate reduced to: 0.000001
[Trainer] No improvement. Iteration 17200. Early stopping counter: 26, LR counter: 1
[Trainer] No improvement. Iteration 17300. Early stopping counter: 27, LR counter: 2
[Trainer] No improvement. Iteration 17400. Early stopping counter: 28, LR counter: 3
[Trainer] No improvement. Iteration 17500. Early stopping counter: 29, LR counter: 4
[Trainer] No improvement. Iteration 17600. Early stopping counter: 30, LR counter: 5
[Trainer] No improvement. Iteration 17700. Early stopping counter: 31, LR counter: 6
[Trainer] No improvement. Iteration 17800. Early stopping counter: 32, LR counter: 7
[Trainer] No improvement. Iteration 17900. Early stopping counter: 33, LR counter: 8
[Trainer] No improvement. Iteration 18000. Early stopping counter: 34, LR counter: 9
[Trainer] No improvement. Iteration 18100. Early stopping counter: 35, LR counter: 10
[Trainer] No improvement. Iteration 18200. Early stopping counter: 36, LR counter: 11
[Trainer] No improvement. Iteration 18300. Early stopping counter: 37, LR counter: 12
[Trainer] No improvement. Iteration 18400. Early stopping counter: 38, LR counter: 13
[Trainer] No improvement. Iteration 18500. Early stopping counter: 39, LR counter: 14
[Trainer] No improvement. Iteration 18600. Early stopping counter: 40, LR counter: 15
[Trainer] No improvement. Iteration 18700. Early stopping counter: 41, LR counter: 16
[Trainer] No improvement. Iteration 18800. Early stopping counter: 42, LR counter: 17
[Trainer] No improvement. Iteration 18900. Early stopping counter: 43, LR counter: 18
[Trainer] No improvement. Iteration 19000. Early stopping counter: 44, LR counter: 19
[Trainer] No improvement. Iteration 19100. Early stopping counter: 45, LR counter: 20
[Trainer] No improvement. Iteration 19200. Early stopping counter: 46, LR counter: 21
[Trainer] No improvement. Iteration 19300. Early stopping counter: 47, LR counter: 22
[Trainer] No improvement. Iteration 19400. Early stopping counter: 48, LR counter: 23
[Trainer] No improvement. Iteration 19500. Early stopping counter: 49, LR counter: 24
[Trainer] No improvement. Iteration 19600. Early stopping counter: 50, LR counter: 25
[Trainer] Learning rate reduced to: 0.000000
[Trainer] Early stopping triggered.
[Trainer] Training completed.
[Trainer] Calibrating temperatures on validation set...
[Trainer] Temperature calibration finished. Calibrated temperatures: {4: 0.799667477607727, 6: 0.9002490639686584, 8: 0.9168753027915955, 10: 1.1426966190338135}
[Trainer] BNN training completed.
**************************************************
Z=8, N=4, emax=4
RMSE Eb: 0.832
RMSE Rch: 0.018
MAPE Eb: 2.219
MAPE Rch: 0.842
--------------------------------------------------
**************************************************
Z=8, N=4, emax=10
RMSE Eb: 1.517
RMSE Rch: 0.055
MAPE Eb: 2.251
MAPE Rch: 2.508
--------------------------------------------------
**************************************************
Z=8, N=4, emax=6
RMSE Eb: 1.238
RMSE Rch: 0.015
MAPE Eb: 2.427
MAPE Rch: 0.737
--------------------------------------------------
**************************************************
Z=8, N=4, emax=8
RMSE Eb: 1.073
RMSE Rch: 0.025
MAPE Eb: 1.741
MAPE Rch: 1.270
--------------------------------------------------
**************************************************
Z=8, N=5, emax=8
RMSE Eb: 0.995
RMSE Rch: 0.021
MAPE Eb: 1.236
MAPE Rch: 1.063
--------------------------------------------------
**************************************************
Z=8, N=5, emax=6
RMSE Eb: 0.866
RMSE Rch: 0.013
MAPE Eb: 1.291
MAPE Rch: 0.591
--------------------------------------------------
**************************************************
Z=8, N=5, emax=4
RMSE Eb: 0.959
RMSE Rch: 0.021
MAPE Eb: 1.970
MAPE Rch: 1.043
--------------------------------------------------
**************************************************
Z=8, N=5, emax=10
RMSE Eb: 0.608
RMSE Rch: 0.012
MAPE Eb: 0.801
MAPE Rch: 0.638
--------------------------------------------------
**************************************************
Z=8, N=6, emax=4
RMSE Eb: 0.887
RMSE Rch: 0.029
MAPE Eb: 1.318
MAPE Rch: 1.585
--------------------------------------------------
**************************************************
Z=8, N=6, emax=6
RMSE Eb: 1.019
RMSE Rch: 0.019
MAPE Eb: 1.090
MAPE Rch: 0.962
--------------------------------------------------
**************************************************
Z=8, N=6, emax=8
RMSE Eb: 1.113
RMSE Rch: 0.034
MAPE Eb: 1.050
MAPE Rch: 1.762
--------------------------------------------------
**************************************************
Z=8, N=6, emax=10
RMSE Eb: 1.089
RMSE Rch: 0.024
MAPE Eb: 0.991
MAPE Rch: 1.216
--------------------------------------------------
**************************************************
Z=8, N=7, emax=8
RMSE Eb: 1.269
RMSE Rch: 0.044
MAPE Eb: 1.021
MAPE Rch: 2.751
--------------------------------------------------
**************************************************
Z=8, N=7, emax=10
RMSE Eb: 0.814
RMSE Rch: 0.043
MAPE Eb: 0.644
MAPE Rch: 2.650
--------------------------------------------------
**************************************************
Z=8, N=7, emax=6
RMSE Eb: 1.018
RMSE Rch: 0.044
MAPE Eb: 0.974
MAPE Rch: 2.741
--------------------------------------------------
**************************************************
Z=8, N=7, emax=4
RMSE Eb: 1.446
RMSE Rch: 0.059
MAPE Eb: 1.783
MAPE Rch: 3.575
--------------------------------------------------
**************************************************
Z=8, N=8, emax=4
RMSE Eb: 0.756
RMSE Rch: 0.014
MAPE Eb: 0.805
MAPE Rch: 0.379
--------------------------------------------------
**************************************************
Z=8, N=8, emax=8
RMSE Eb: 1.018
RMSE Rch: 0.019
MAPE Eb: 0.766
MAPE Rch: 0.501
--------------------------------------------------
**************************************************
Z=8, N=8, emax=6
RMSE Eb: 0.832
RMSE Rch: 0.017
MAPE Eb: 0.670
MAPE Rch: 0.506
--------------------------------------------------
**************************************************
Z=8, N=8, emax=10
RMSE Eb: 1.920
RMSE Rch: 0.014
MAPE Eb: 1.332
MAPE Rch: 0.390
--------------------------------------------------
**************************************************
Z=8, N=9, emax=8
RMSE Eb: 1.445
RMSE Rch: 0.011
MAPE Eb: 0.986
MAPE Rch: 0.321
--------------------------------------------------
**************************************************
Z=8, N=9, emax=6
RMSE Eb: 1.582
RMSE Rch: 0.023
MAPE Eb: 1.404
MAPE Rch: 0.728
--------------------------------------------------
**************************************************
Z=8, N=9, emax=4
RMSE Eb: 0.989
RMSE Rch: 0.015
MAPE Eb: 0.935
MAPE Rch: 0.453
--------------------------------------------------
**************************************************
Z=8, N=9, emax=10
RMSE Eb: 1.064
RMSE Rch: 0.019
MAPE Eb: 0.615
MAPE Rch: 0.479
--------------------------------------------------
**************************************************
Z=8, N=10, emax=4
RMSE Eb: 0.864
RMSE Rch: 0.016
MAPE Eb: 0.902
MAPE Rch: 0.514
--------------------------------------------------
**************************************************
Z=8, N=10, emax=10
RMSE Eb: 1.536
RMSE Rch: 0.012
MAPE Eb: 0.998
MAPE Rch: 0.339
--------------------------------------------------
**************************************************
Z=8, N=10, emax=6
RMSE Eb: 1.203
RMSE Rch: 0.014
MAPE Eb: 0.913
MAPE Rch: 0.416
--------------------------------------------------
**************************************************
Z=8, N=10, emax=8
RMSE Eb: 1.446
RMSE Rch: 0.010
MAPE Eb: 0.989
MAPE Rch: 0.310
--------------------------------------------------
**************************************************
Z=8, N=11, emax=4
RMSE Eb: 0.962
RMSE Rch: 0.016
MAPE Eb: 1.009
MAPE Rch: 0.500
--------------------------------------------------
**************************************************
Z=8, N=11, emax=6
RMSE Eb: 0.865
RMSE Rch: 0.016
MAPE Eb: 0.692
MAPE Rch: 0.510
--------------------------------------------------
**************************************************
Z=8, N=11, emax=8
RMSE Eb: 1.222
RMSE Rch: 0.015
MAPE Eb: 0.840
MAPE Rch: 0.441
--------------------------------------------------
**************************************************
Z=8, N=11, emax=10
RMSE Eb: 2.091
RMSE Rch: 0.009
MAPE Eb: 1.470
MAPE Rch: 0.244
--------------------------------------------------
**************************************************
Z=8, N=12, emax=6
RMSE Eb: 1.074
RMSE Rch: 0.014
MAPE Eb: 0.768
MAPE Rch: 0.422
--------------------------------------------------
**************************************************
Z=8, N=12, emax=4
RMSE Eb: 0.612
RMSE Rch: 0.014
MAPE Eb: 0.659
MAPE Rch: 0.428
--------------------------------------------------
**************************************************
Z=8, N=12, emax=8
RMSE Eb: 1.304
RMSE Rch: 0.013
MAPE Eb: 0.829
MAPE Rch: 0.417
--------------------------------------------------
**************************************************
Z=8, N=12, emax=10
RMSE Eb: 1.568
RMSE Rch: 0.021
MAPE Eb: 1.180
MAPE Rch: 0.610
--------------------------------------------------
**************************************************
Z=8, N=13, emax=8
RMSE Eb: 1.461
RMSE Rch: 0.014
MAPE Eb: 0.912
MAPE Rch: 0.428
--------------------------------------------------
**************************************************
Z=8, N=13, emax=4
RMSE Eb: 1.055
RMSE Rch: 0.014
MAPE Eb: 0.921
MAPE Rch: 0.445
--------------------------------------------------
**************************************************
Z=8, N=13, emax=10
RMSE Eb: 1.963
RMSE Rch: 0.014
MAPE Eb: 1.130
MAPE Rch: 0.391
--------------------------------------------------
**************************************************
Z=8, N=13, emax=6
RMSE Eb: 1.188
RMSE Rch: 0.018
MAPE Eb: 0.878
MAPE Rch: 0.545
--------------------------------------------------
**************************************************
Z=8, N=14, emax=8
RMSE Eb: 1.852
RMSE Rch: 0.013
MAPE Eb: 1.203
MAPE Rch: 0.392
--------------------------------------------------
**************************************************
Z=8, N=14, emax=4
RMSE Eb: 1.043
RMSE Rch: 0.016
MAPE Eb: 0.971
MAPE Rch: 0.471
--------------------------------------------------
**************************************************
Z=8, N=14, emax=6
RMSE Eb: 1.628
RMSE Rch: 0.012
MAPE Eb: 1.292
MAPE Rch: 0.364
--------------------------------------------------
**************************************************
Z=8, N=14, emax=10
RMSE Eb: 1.975
RMSE Rch: 0.012
MAPE Eb: 1.192
MAPE Rch: 0.338
--------------------------------------------------
**************************************************
Z=8, N=15, emax=8
RMSE Eb: 1.418
RMSE Rch: 0.016
MAPE Eb: 0.834
MAPE Rch: 0.475
--------------------------------------------------
**************************************************
Z=8, N=15, emax=4
RMSE Eb: 1.281
RMSE Rch: 0.013
MAPE Eb: 1.338
MAPE Rch: 0.382
--------------------------------------------------
**************************************************
Z=8, N=15, emax=6
RMSE Eb: 1.288
RMSE Rch: 0.019
MAPE Eb: 1.012
MAPE Rch: 0.583
--------------------------------------------------
**************************************************
Z=8, N=15, emax=10
RMSE Eb: 1.600
RMSE Rch: 0.012
MAPE Eb: 0.954
MAPE Rch: 0.347
--------------------------------------------------
**************************************************
Z=8, N=16, emax=8
RMSE Eb: 1.392
RMSE Rch: 0.014
MAPE Eb: 0.854
MAPE Rch: 0.381
--------------------------------------------------
**************************************************
Z=8, N=16, emax=6
RMSE Eb: 1.352
RMSE Rch: 0.016
MAPE Eb: 0.862
MAPE Rch: 0.483
--------------------------------------------------
**************************************************
Z=8, N=16, emax=10
RMSE Eb: 1.476
RMSE Rch: 0.018
MAPE Eb: 0.822
MAPE Rch: 0.544
--------------------------------------------------
**************************************************
Z=8, N=16, emax=4
RMSE Eb: 1.288
RMSE Rch: 0.017
MAPE Eb: 1.383
MAPE Rch: 0.483
--------------------------------------------------
Finished VAL for AE n=275
**************************************************
Z=8, N=4, emax=6
RMSE Eb: 1.373
RMSE Rch: 0.015
MAPE Eb: 2.701
MAPE Rch: 0.682
--------------------------------------------------
**************************************************
Z=8, N=4, emax=8
RMSE Eb: 0.999
RMSE Rch: 0.027
MAPE Eb: 1.627
MAPE Rch: 1.354
--------------------------------------------------
**************************************************
Z=8, N=4, emax=4
RMSE Eb: 0.994
RMSE Rch: 0.016
MAPE Eb: 2.751
MAPE Rch: 0.809
--------------------------------------------------
**************************************************
Z=8, N=4, emax=10
RMSE Eb: 1.224
RMSE Rch: 0.036
MAPE Eb: 1.942
MAPE Rch: 1.675
--------------------------------------------------
**************************************************
Z=8, N=5, emax=4
RMSE Eb: 0.875
RMSE Rch: 0.021
MAPE Eb: 1.843
MAPE Rch: 1.086
--------------------------------------------------
**************************************************
Z=8, N=5, emax=8
RMSE Eb: 1.182
RMSE Rch: 0.027
MAPE Eb: 1.415
MAPE Rch: 1.182
--------------------------------------------------
**************************************************
Z=8, N=5, emax=6
RMSE Eb: 0.763
RMSE Rch: 0.015
MAPE Eb: 1.082
MAPE Rch: 0.692
--------------------------------------------------
**************************************************
Z=8, N=5, emax=10
RMSE Eb: 1.312
RMSE Rch: 0.019
MAPE Eb: 1.546
MAPE Rch: 1.015
--------------------------------------------------
**************************************************
Z=8, N=6, emax=4
RMSE Eb: 0.873
RMSE Rch: 0.029
MAPE Eb: 1.265
MAPE Rch: 1.602
--------------------------------------------------
**************************************************
Z=8, N=6, emax=8
RMSE Eb: 1.205
RMSE Rch: 0.041
MAPE Eb: 1.138
MAPE Rch: 1.963
--------------------------------------------------
**************************************************
Z=8, N=6, emax=6
RMSE Eb: 1.174
RMSE Rch: 0.020
MAPE Eb: 1.186
MAPE Rch: 0.957
--------------------------------------------------
**************************************************
Z=8, N=6, emax=10
RMSE Eb: 1.018
RMSE Rch: 0.020
MAPE Eb: 0.946
MAPE Rch: 0.964
--------------------------------------------------
**************************************************
Z=8, N=7, emax=4
RMSE Eb: 1.341
RMSE Rch: 0.058
MAPE Eb: 1.697
MAPE Rch: 3.506
--------------------------------------------------
**************************************************
Z=8, N=7, emax=8
RMSE Eb: 1.368
RMSE Rch: 0.046
MAPE Eb: 1.126
MAPE Rch: 2.881
--------------------------------------------------
**************************************************
Z=8, N=7, emax=6
RMSE Eb: 0.964
RMSE Rch: 0.042
MAPE Eb: 0.882
MAPE Rch: 2.594
--------------------------------------------------
**************************************************
Z=8, N=7, emax=10
RMSE Eb: 1.018
RMSE Rch: 0.042
MAPE Eb: 0.829
MAPE Rch: 2.636
--------------------------------------------------
**************************************************
Z=8, N=8, emax=4
RMSE Eb: 0.803
RMSE Rch: 0.017
MAPE Eb: 0.830
MAPE Rch: 0.455
--------------------------------------------------
**************************************************
Z=8, N=8, emax=6
RMSE Eb: 1.110
RMSE Rch: 0.016
MAPE Eb: 0.865
MAPE Rch: 0.455
--------------------------------------------------
**************************************************
Z=8, N=8, emax=8
RMSE Eb: 1.096
RMSE Rch: 0.018
MAPE Eb: 0.860
MAPE Rch: 0.544
--------------------------------------------------
**************************************************
Z=8, N=8, emax=10
RMSE Eb: 1.276
RMSE Rch: 0.013
MAPE Eb: 0.846
MAPE Rch: 0.391
--------------------------------------------------
**************************************************
Z=8, N=9, emax=4
RMSE Eb: 0.949
RMSE Rch: 0.015
MAPE Eb: 0.934
MAPE Rch: 0.465
--------------------------------------------------
**************************************************
Z=8, N=9, emax=8
RMSE Eb: 1.285
RMSE Rch: 0.012
MAPE Eb: 0.948
MAPE Rch: 0.337
--------------------------------------------------
**************************************************
Z=8, N=9, emax=6
RMSE Eb: 1.608
RMSE Rch: 0.024
MAPE Eb: 1.357
MAPE Rch: 0.748
--------------------------------------------------
**************************************************
Z=8, N=9, emax=10
RMSE Eb: 1.057
RMSE Rch: 0.011
MAPE Eb: 0.823
MAPE Rch: 0.274
--------------------------------------------------
**************************************************
Z=8, N=10, emax=4
RMSE Eb: 0.820
RMSE Rch: 0.015
MAPE Eb: 0.832
MAPE Rch: 0.485
--------------------------------------------------
**************************************************
Z=8, N=10, emax=6
RMSE Eb: 1.009
RMSE Rch: 0.016
MAPE Eb: 0.776
MAPE Rch: 0.452
--------------------------------------------------
**************************************************
Z=8, N=10, emax=8
RMSE Eb: 1.442
RMSE Rch: 0.011
MAPE Eb: 1.056
MAPE Rch: 0.319
--------------------------------------------------
**************************************************
Z=8, N=10, emax=10
RMSE Eb: 1.707
RMSE Rch: 0.010
MAPE Eb: 1.048
MAPE Rch: 0.298
--------------------------------------------------
**************************************************
Z=8, N=11, emax=8
RMSE Eb: 1.269
RMSE Rch: 0.015
MAPE Eb: 0.868
MAPE Rch: 0.489
--------------------------------------------------
**************************************************
Z=8, N=11, emax=4
RMSE Eb: 0.860
RMSE Rch: 0.015
MAPE Eb: 0.949
MAPE Rch: 0.488
--------------------------------------------------
**************************************************
Z=8, N=11, emax=6
RMSE Eb: 0.943
RMSE Rch: 0.018
MAPE Eb: 0.718
MAPE Rch: 0.534
--------------------------------------------------
**************************************************
Z=8, N=11, emax=10
RMSE Eb: 1.915
RMSE Rch: 0.011
MAPE Eb: 1.337
MAPE Rch: 0.313
--------------------------------------------------
**************************************************
Z=8, N=12, emax=6
RMSE Eb: 1.040
RMSE Rch: 0.014
MAPE Eb: 0.752
MAPE Rch: 0.422
--------------------------------------------------
**************************************************
Z=8, N=12, emax=8
RMSE Eb: 1.210
RMSE Rch: 0.013
MAPE Eb: 0.810
MAPE Rch: 0.392
--------------------------------------------------
**************************************************
Z=8, N=12, emax=4
RMSE Eb: 0.632
RMSE Rch: 0.014
MAPE Eb: 0.626
MAPE Rch: 0.407
--------------------------------------------------
**************************************************
Z=8, N=12, emax=10
RMSE Eb: 1.361
RMSE Rch: 0.014
MAPE Eb: 0.965
MAPE Rch: 0.431
--------------------------------------------------
**************************************************
Z=8, N=13, emax=8
RMSE Eb: 1.474
RMSE Rch: 0.014
MAPE Eb: 0.947
MAPE Rch: 0.446
--------------------------------------------------
**************************************************
Z=8, N=13, emax=4
RMSE Eb: 0.962
RMSE Rch: 0.014
MAPE Eb: 0.868
MAPE Rch: 0.442
--------------------------------------------------
**************************************************
Z=8, N=13, emax=6
RMSE Eb: 0.990
RMSE Rch: 0.019
MAPE Eb: 0.701
MAPE Rch: 0.590
--------------------------------------------------
**************************************************
Z=8, N=13, emax=10
RMSE Eb: 1.389
RMSE Rch: 0.017
MAPE Eb: 0.844
MAPE Rch: 0.508
--------------------------------------------------
**************************************************
Z=8, N=14, emax=6
RMSE Eb: 1.478
RMSE Rch: 0.016
MAPE Eb: 1.085
MAPE Rch: 0.459
--------------------------------------------------
**************************************************
Z=8, N=14, emax=10
RMSE Eb: 1.534
RMSE Rch: 0.019
MAPE Eb: 0.768
MAPE Rch: 0.575
--------------------------------------------------
**************************************************
Z=8, N=14, emax=4
RMSE Eb: 0.928
RMSE Rch: 0.015
MAPE Eb: 0.922
MAPE Rch: 0.438
--------------------------------------------------
**************************************************
Z=8, N=14, emax=8
RMSE Eb: 1.642
RMSE Rch: 0.014
MAPE Eb: 0.957
MAPE Rch: 0.435
--------------------------------------------------
**************************************************
Z=8, N=15, emax=8
RMSE Eb: 1.466
RMSE Rch: 0.017
MAPE Eb: 0.903
MAPE Rch: 0.472
--------------------------------------------------
**************************************************
Z=8, N=15, emax=6
RMSE Eb: 1.371
RMSE Rch: 0.019
MAPE Eb: 0.960
MAPE Rch: 0.578
--------------------------------------------------
**************************************************
Z=8, N=15, emax=4
RMSE Eb: 1.210
RMSE Rch: 0.013
MAPE Eb: 1.344
MAPE Rch: 0.356
--------------------------------------------------
**************************************************
Z=8, N=15, emax=10
RMSE Eb: 1.334
RMSE Rch: 0.016
MAPE Eb: 0.843
MAPE Rch: 0.482
--------------------------------------------------
**************************************************
Z=8, N=16, emax=4
RMSE Eb: 1.366
RMSE Rch: 0.017
MAPE Eb: 1.519
MAPE Rch: 0.493
--------------------------------------------------
**************************************************
Z=8, N=16, emax=8
RMSE Eb: 1.780
RMSE Rch: 0.012
MAPE Eb: 1.055
MAPE Rch: 0.322
--------------------------------------------------
**************************************************
Z=8, N=16, emax=6
RMSE Eb: 1.519
RMSE Rch: 0.018
MAPE Eb: 1.053
MAPE Rch: 0.558
--------------------------------------------------
**************************************************
Z=8, N=16, emax=10
RMSE Eb: 1.666
RMSE Rch: 0.018
MAPE Eb: 0.785
MAPE Rch: 0.531
--------------------------------------------------
