Activated conda environment
[DataLoader] Found 13 files matching the pattern.
[DataLoader] Combined data shape: (17234, 35)
[Preprocess] Data split => train: (11029, 35), val: (2758, 35), test: (3447, 35)
[Preprocess] Processed fidelity 4 (index 0): 3758 samples.
[Preprocess] Processed fidelity 6 (index 1): 3346 samples.
[Preprocess] Processed fidelity 8 (index 2): 3194 samples.
[Preprocess] Processed fidelity 10 (index 3): 731 samples.
[Preprocess] Processed fidelity 4 (index 0): 949 samples.
[Preprocess] Processed fidelity 6 (index 1): 833 samples.
[Preprocess] Processed fidelity 8 (index 2): 801 samples.
[Preprocess] Processed fidelity 10 (index 3): 175 samples.
Fidelity levels: [4, 6, 8, 10]
[Trainer] Starting BNN training...
[Trainer] No improvement. Iteration 7700. Early stopping counter: 1, LR counter: 1
[Trainer] No improvement. Iteration 8000. Early stopping counter: 1, LR counter: 1
[Trainer] No improvement. Iteration 8100. Early stopping counter: 2, LR counter: 2
[Trainer] No improvement. Iteration 8200. Early stopping counter: 3, LR counter: 3
[Trainer] No improvement. Iteration 8300. Early stopping counter: 4, LR counter: 4
[Trainer] No improvement. Iteration 8400. Early stopping counter: 5, LR counter: 5
[Trainer] No improvement. Iteration 8500. Early stopping counter: 6, LR counter: 6
[Trainer] No improvement. Iteration 8600. Early stopping counter: 7, LR counter: 7
[Trainer] No improvement. Iteration 8700. Early stopping counter: 8, LR counter: 8
[Trainer] No improvement. Iteration 8800. Early stopping counter: 9, LR counter: 9
[Trainer] No improvement. Iteration 8900. Early stopping counter: 10, LR counter: 10
[Trainer] No improvement. Iteration 9000. Early stopping counter: 11, LR counter: 11
[Trainer] No improvement. Iteration 9100. Early stopping counter: 12, LR counter: 12
[Trainer] No improvement. Iteration 9200. Early stopping counter: 13, LR counter: 13
[Trainer] No improvement. Iteration 9300. Early stopping counter: 14, LR counter: 14
[Trainer] No improvement. Iteration 9400. Early stopping counter: 15, LR counter: 15
[Trainer] No improvement. Iteration 9500. Early stopping counter: 16, LR counter: 16
[Trainer] No improvement. Iteration 9600. Early stopping counter: 17, LR counter: 17
[Trainer] No improvement. Iteration 9700. Early stopping counter: 18, LR counter: 18
[Trainer] No improvement. Iteration 9800. Early stopping counter: 19, LR counter: 19
[Trainer] No improvement. Iteration 9900. Early stopping counter: 20, LR counter: 20
[Trainer] No improvement. Iteration 10000. Early stopping counter: 21, LR counter: 21
[Trainer] No improvement. Iteration 10100. Early stopping counter: 22, LR counter: 22
[Trainer] No improvement. Iteration 10200. Early stopping counter: 23, LR counter: 23
[Trainer] No improvement. Iteration 10300. Early stopping counter: 24, LR counter: 24
[Trainer] No improvement. Iteration 10400. Early stopping counter: 25, LR counter: 25
[Trainer] Learning rate reduced to: 0.000010
[Trainer] No improvement. Iteration 10500. Early stopping counter: 26, LR counter: 1
[Trainer] No improvement. Iteration 10600. Early stopping counter: 27, LR counter: 2
[Trainer] No improvement. Iteration 10700. Early stopping counter: 28, LR counter: 3
[Trainer] No improvement. Iteration 10800. Early stopping counter: 29, LR counter: 4
[Trainer] No improvement. Iteration 10900. Early stopping counter: 30, LR counter: 5
[Trainer] No improvement. Iteration 11000. Early stopping counter: 31, LR counter: 6
[Trainer] No improvement. Iteration 11100. Early stopping counter: 32, LR counter: 7
[Trainer] No improvement. Iteration 11200. Early stopping counter: 33, LR counter: 8
[Trainer] No improvement. Iteration 11300. Early stopping counter: 34, LR counter: 9
[Trainer] No improvement. Iteration 11400. Early stopping counter: 35, LR counter: 10
[Trainer] No improvement. Iteration 11500. Early stopping counter: 36, LR counter: 11
[Trainer] No improvement. Iteration 11600. Early stopping counter: 37, LR counter: 12
[Trainer] No improvement. Iteration 11700. Early stopping counter: 38, LR counter: 13
[Trainer] No improvement. Iteration 11800. Early stopping counter: 39, LR counter: 14
[Trainer] No improvement. Iteration 11900. Early stopping counter: 40, LR counter: 15
[Trainer] No improvement. Iteration 12000. Early stopping counter: 41, LR counter: 16
[Trainer] No improvement. Iteration 12100. Early stopping counter: 42, LR counter: 17
[Trainer] No improvement. Iteration 12200. Early stopping counter: 43, LR counter: 18
[Trainer] No improvement. Iteration 12300. Early stopping counter: 44, LR counter: 19
[Trainer] No improvement. Iteration 12400. Early stopping counter: 45, LR counter: 20
[Trainer] No improvement. Iteration 12500. Early stopping counter: 46, LR counter: 21
[Trainer] No improvement. Iteration 12600. Early stopping counter: 47, LR counter: 22
[Trainer] No improvement. Iteration 12700. Early stopping counter: 48, LR counter: 23
[Trainer] No improvement. Iteration 12800. Early stopping counter: 49, LR counter: 24
[Trainer] No improvement. Iteration 12900. Early stopping counter: 50, LR counter: 25
[Trainer] Learning rate reduced to: 0.000001
[Trainer] Early stopping triggered.
[Trainer] Training completed.
[Trainer] Calibrating temperatures on validation set...
[Trainer] Temperature calibration finished. Calibrated temperatures: {4: 1.7284613847732544, 6: 1.3634390830993652, 8: 1.4243948459625244, 10: 1.685806393623352}
[Trainer] BNN training completed.
**************************************************
Z=8, N=4, emax=4
RMSE Eb: 0.625
RMSE Rch: 0.010
MAPE Eb: 1.960
MAPE Rch: 0.420
--------------------------------------------------
**************************************************
Z=8, N=4, emax=10
RMSE Eb: 1.867
RMSE Rch: 0.044
MAPE Eb: 2.708
MAPE Rch: 2.222
--------------------------------------------------
**************************************************
Z=8, N=4, emax=6
RMSE Eb: 0.922
RMSE Rch: 0.012
MAPE Eb: 1.774
MAPE Rch: 0.560
--------------------------------------------------
**************************************************
Z=8, N=4, emax=8
RMSE Eb: 1.459
RMSE Rch: 0.020
MAPE Eb: 2.394
MAPE Rch: 0.913
--------------------------------------------------
**************************************************
Z=8, N=5, emax=8
RMSE Eb: 1.368
RMSE Rch: 0.015
MAPE Eb: 1.737
MAPE Rch: 0.737
--------------------------------------------------
**************************************************
Z=8, N=5, emax=6
RMSE Eb: 1.060
RMSE Rch: 0.011
MAPE Eb: 1.568
MAPE Rch: 0.488
--------------------------------------------------
**************************************************
Z=8, N=5, emax=4
RMSE Eb: 0.708
RMSE Rch: 0.007
MAPE Eb: 1.473
MAPE Rch: 0.322
--------------------------------------------------
**************************************************
Z=8, N=5, emax=10
RMSE Eb: 0.440
RMSE Rch: 0.013
MAPE Eb: 0.570
MAPE Rch: 0.705
--------------------------------------------------
**************************************************
Z=8, N=6, emax=4
RMSE Eb: 0.940
RMSE Rch: 0.009
MAPE Eb: 1.326
MAPE Rch: 0.439
--------------------------------------------------
**************************************************
Z=8, N=6, emax=6
RMSE Eb: 1.118
RMSE Rch: 0.010
MAPE Eb: 1.226
MAPE Rch: 0.514
--------------------------------------------------
**************************************************
Z=8, N=6, emax=8
RMSE Eb: 1.404
RMSE Rch: 0.018
MAPE Eb: 1.334
MAPE Rch: 0.865
--------------------------------------------------
**************************************************
Z=8, N=6, emax=10
RMSE Eb: 1.545
RMSE Rch: 0.027
MAPE Eb: 1.408
MAPE Rch: 1.194
--------------------------------------------------
**************************************************
Z=8, N=7, emax=8
RMSE Eb: 1.408
RMSE Rch: 0.017
MAPE Eb: 1.143
MAPE Rch: 0.931
--------------------------------------------------
**************************************************
Z=8, N=7, emax=10
RMSE Eb: 1.110
RMSE Rch: 0.026
MAPE Eb: 0.863
MAPE Rch: 1.420
--------------------------------------------------
**************************************************
Z=8, N=7, emax=6
RMSE Eb: 1.262
RMSE Rch: 0.015
MAPE Eb: 1.132
MAPE Rch: 0.706
--------------------------------------------------
**************************************************
Z=8, N=7, emax=4
RMSE Eb: 0.943
RMSE Rch: 0.012
MAPE Eb: 1.153
MAPE Rch: 0.571
--------------------------------------------------
**************************************************
Z=8, N=8, emax=4
RMSE Eb: 0.632
RMSE Rch: 0.009
MAPE Eb: 0.680
MAPE Rch: 0.247
--------------------------------------------------
**************************************************
Z=8, N=8, emax=8
RMSE Eb: 0.750
RMSE Rch: 0.012
MAPE Eb: 0.574
MAPE Rch: 0.339
--------------------------------------------------
**************************************************
Z=8, N=8, emax=6
RMSE Eb: 0.577
RMSE Rch: 0.010
MAPE Eb: 0.488
MAPE Rch: 0.297
--------------------------------------------------
**************************************************
Z=8, N=8, emax=10
RMSE Eb: 2.805
RMSE Rch: 0.023
MAPE Eb: 1.827
MAPE Rch: 0.742
--------------------------------------------------
**************************************************
Z=8, N=9, emax=8
RMSE Eb: 0.654
RMSE Rch: 0.011
MAPE Eb: 0.482
MAPE Rch: 0.326
--------------------------------------------------
**************************************************
Z=8, N=9, emax=6
RMSE Eb: 0.506
RMSE Rch: 0.010
MAPE Eb: 0.394
MAPE Rch: 0.290
--------------------------------------------------
**************************************************
Z=8, N=9, emax=4
RMSE Eb: 0.499
RMSE Rch: 0.008
MAPE Eb: 0.558
MAPE Rch: 0.203
--------------------------------------------------
**************************************************
Z=8, N=9, emax=10
RMSE Eb: 1.204
RMSE Rch: 0.016
MAPE Eb: 0.813
MAPE Rch: 0.444
--------------------------------------------------
**************************************************
Z=8, N=10, emax=4
RMSE Eb: 0.437
RMSE Rch: 0.007
MAPE Eb: 0.427
MAPE Rch: 0.197
--------------------------------------------------
**************************************************
Z=8, N=10, emax=10
RMSE Eb: 0.923
RMSE Rch: 0.015
MAPE Eb: 0.661
MAPE Rch: 0.445
--------------------------------------------------
**************************************************
Z=8, N=10, emax=6
RMSE Eb: 0.504
RMSE Rch: 0.009
MAPE Eb: 0.380
MAPE Rch: 0.255
--------------------------------------------------
**************************************************
Z=8, N=10, emax=8
RMSE Eb: 0.705
RMSE Rch: 0.012
MAPE Eb: 0.511
MAPE Rch: 0.365
--------------------------------------------------
**************************************************
Z=8, N=11, emax=4
RMSE Eb: 0.417
RMSE Rch: 0.006
MAPE Eb: 0.403
MAPE Rch: 0.173
--------------------------------------------------
**************************************************
Z=8, N=11, emax=6
RMSE Eb: 0.443
RMSE Rch: 0.007
MAPE Eb: 0.336
MAPE Rch: 0.197
--------------------------------------------------
**************************************************
Z=8, N=11, emax=8
RMSE Eb: 0.666
RMSE Rch: 0.012
MAPE Eb: 0.468
MAPE Rch: 0.355
--------------------------------------------------
**************************************************
Z=8, N=11, emax=10
RMSE Eb: 0.893
RMSE Rch: 0.010
MAPE Eb: 0.649
MAPE Rch: 0.298
--------------------------------------------------
**************************************************
Z=8, N=12, emax=6
RMSE Eb: 0.559
RMSE Rch: 0.006
MAPE Eb: 0.437
MAPE Rch: 0.174
--------------------------------------------------
**************************************************
Z=8, N=12, emax=4
RMSE Eb: 0.508
RMSE Rch: 0.005
MAPE Eb: 0.540
MAPE Rch: 0.143
--------------------------------------------------
**************************************************
Z=8, N=12, emax=8
RMSE Eb: 0.607
RMSE Rch: 0.010
MAPE Eb: 0.416
MAPE Rch: 0.303
--------------------------------------------------
**************************************************
Z=8, N=12, emax=10
RMSE Eb: 0.898
RMSE Rch: 0.011
MAPE Eb: 0.633
MAPE Rch: 0.233
--------------------------------------------------
**************************************************
Z=8, N=13, emax=8
RMSE Eb: 0.677
RMSE Rch: 0.011
MAPE Eb: 0.417
MAPE Rch: 0.293
--------------------------------------------------
**************************************************
Z=8, N=13, emax=4
RMSE Eb: 0.391
RMSE Rch: 0.007
MAPE Eb: 0.381
MAPE Rch: 0.183
--------------------------------------------------
**************************************************
Z=8, N=13, emax=10
RMSE Eb: 1.075
RMSE Rch: 0.010
MAPE Eb: 0.731
MAPE Rch: 0.277
--------------------------------------------------
**************************************************
Z=8, N=13, emax=6
RMSE Eb: 0.536
RMSE Rch: 0.007
MAPE Eb: 0.415
MAPE Rch: 0.198
--------------------------------------------------
**************************************************
Z=8, N=14, emax=8
RMSE Eb: 0.839
RMSE Rch: 0.013
MAPE Eb: 0.523
MAPE Rch: 0.358
--------------------------------------------------
**************************************************
Z=8, N=14, emax=4
RMSE Eb: 0.450
RMSE Rch: 0.007
MAPE Eb: 0.425
MAPE Rch: 0.193
--------------------------------------------------
**************************************************
Z=8, N=14, emax=6
RMSE Eb: 0.639
RMSE Rch: 0.007
MAPE Eb: 0.484
MAPE Rch: 0.187
--------------------------------------------------
**************************************************
Z=8, N=14, emax=10
RMSE Eb: 1.107
RMSE Rch: 0.014
MAPE Eb: 0.742
MAPE Rch: 0.451
--------------------------------------------------
**************************************************
Z=8, N=15, emax=8
RMSE Eb: 0.817
RMSE Rch: 0.011
MAPE Eb: 0.519
MAPE Rch: 0.311
--------------------------------------------------
**************************************************
Z=8, N=15, emax=4
RMSE Eb: 0.576
RMSE Rch: 0.006
MAPE Eb: 0.540
MAPE Rch: 0.168
--------------------------------------------------
**************************************************
Z=8, N=15, emax=6
RMSE Eb: 0.695
RMSE Rch: 0.007
MAPE Eb: 0.498
MAPE Rch: 0.185
--------------------------------------------------
**************************************************
Z=8, N=15, emax=10
RMSE Eb: 1.274
RMSE Rch: 0.013
MAPE Eb: 0.841
MAPE Rch: 0.283
--------------------------------------------------
**************************************************
Z=8, N=16, emax=8
RMSE Eb: 0.836
RMSE Rch: 0.010
MAPE Eb: 0.503
MAPE Rch: 0.275
--------------------------------------------------
**************************************************
Z=8, N=16, emax=6
RMSE Eb: 0.700
RMSE Rch: 0.009
MAPE Eb: 0.489
MAPE Rch: 0.243
--------------------------------------------------
**************************************************
Z=8, N=16, emax=10
RMSE Eb: 1.495
RMSE Rch: 0.014
MAPE Eb: 0.845
MAPE Rch: 0.428
--------------------------------------------------
**************************************************
Z=8, N=16, emax=4
RMSE Eb: 0.684
RMSE Rch: 0.007
MAPE Eb: 0.699
MAPE Rch: 0.202
--------------------------------------------------
Finished VAL for AE n=702
**************************************************
Z=8, N=4, emax=6
RMSE Eb: 0.931
RMSE Rch: 0.011
MAPE Eb: 1.757
MAPE Rch: 0.522
--------------------------------------------------
**************************************************
Z=8, N=4, emax=8
RMSE Eb: 1.081
RMSE Rch: 0.018
MAPE Eb: 1.723
MAPE Rch: 0.940
--------------------------------------------------
**************************************************
Z=8, N=4, emax=4
RMSE Eb: 0.837
RMSE Rch: 0.010
MAPE Eb: 2.425
MAPE Rch: 0.445
--------------------------------------------------
**************************************************
Z=8, N=4, emax=10
RMSE Eb: 1.348
RMSE Rch: 0.029
MAPE Eb: 1.997
MAPE Rch: 1.268
--------------------------------------------------
**************************************************
Z=8, N=5, emax=4
RMSE Eb: 0.803
RMSE Rch: 0.008
MAPE Eb: 1.561
MAPE Rch: 0.370
--------------------------------------------------
**************************************************
Z=8, N=5, emax=8
RMSE Eb: 1.209
RMSE Rch: 0.016
MAPE Eb: 1.554
MAPE Rch: 0.798
--------------------------------------------------
**************************************************
Z=8, N=5, emax=6
RMSE Eb: 0.803
RMSE Rch: 0.010
MAPE Eb: 1.068
MAPE Rch: 0.471
--------------------------------------------------
**************************************************
Z=8, N=5, emax=10
RMSE Eb: 1.024
RMSE Rch: 0.027
MAPE Eb: 1.115
MAPE Rch: 1.373
--------------------------------------------------
**************************************************
Z=8, N=6, emax=4
RMSE Eb: 0.884
RMSE Rch: 0.009
MAPE Eb: 1.242
MAPE Rch: 0.419
--------------------------------------------------
**************************************************
Z=8, N=6, emax=8
RMSE Eb: 1.679
RMSE Rch: 0.015
MAPE Eb: 1.669
MAPE Rch: 0.762
--------------------------------------------------
**************************************************
Z=8, N=6, emax=6
RMSE Eb: 1.191
RMSE Rch: 0.012
MAPE Eb: 1.275
MAPE Rch: 0.539
--------------------------------------------------
**************************************************
Z=8, N=6, emax=10
RMSE Eb: 1.920
RMSE Rch: 0.021
MAPE Eb: 1.708
MAPE Rch: 1.152
--------------------------------------------------
**************************************************
Z=8, N=7, emax=4
RMSE Eb: 0.871
RMSE Rch: 0.011
MAPE Eb: 1.058
MAPE Rch: 0.528
--------------------------------------------------
**************************************************
Z=8, N=7, emax=8
RMSE Eb: 1.613
RMSE Rch: 0.019
MAPE Eb: 1.305
MAPE Rch: 0.980
--------------------------------------------------
**************************************************
Z=8, N=7, emax=6
RMSE Eb: 1.116
RMSE Rch: 0.010
MAPE Eb: 1.075
MAPE Rch: 0.528
--------------------------------------------------
**************************************************
Z=8, N=7, emax=10
RMSE Eb: 0.792
RMSE Rch: 0.026
MAPE Eb: 0.712
MAPE Rch: 1.505
--------------------------------------------------
**************************************************
Z=8, N=8, emax=4
RMSE Eb: 0.608
RMSE Rch: 0.010
MAPE Eb: 0.645
MAPE Rch: 0.260
--------------------------------------------------
**************************************************
Z=8, N=8, emax=6
RMSE Eb: 0.686
RMSE Rch: 0.010
MAPE Eb: 0.566
MAPE Rch: 0.302
--------------------------------------------------
**************************************************
Z=8, N=8, emax=8
RMSE Eb: 0.832
RMSE Rch: 0.012
MAPE Eb: 0.636
MAPE Rch: 0.331
--------------------------------------------------
**************************************************
Z=8, N=8, emax=10
RMSE Eb: 0.934
RMSE Rch: 0.024
MAPE Eb: 0.650
MAPE Rch: 0.484
--------------------------------------------------
**************************************************
Z=8, N=9, emax=4
RMSE Eb: 0.464
RMSE Rch: 0.008
MAPE Eb: 0.474
MAPE Rch: 0.210
--------------------------------------------------
**************************************************
Z=8, N=9, emax=8
RMSE Eb: 0.683
RMSE Rch: 0.014
MAPE Eb: 0.490
MAPE Rch: 0.414
--------------------------------------------------
**************************************************
Z=8, N=9, emax=6
RMSE Eb: 0.498
RMSE Rch: 0.009
MAPE Eb: 0.408
MAPE Rch: 0.255
--------------------------------------------------
**************************************************
Z=8, N=9, emax=10
RMSE Eb: 0.966
RMSE Rch: 0.013
MAPE Eb: 0.736
MAPE Rch: 0.358
--------------------------------------------------
**************************************************
Z=8, N=10, emax=4
RMSE Eb: 0.460
RMSE Rch: 0.008
MAPE Eb: 0.476
MAPE Rch: 0.208
--------------------------------------------------
**************************************************
Z=8, N=10, emax=6
RMSE Eb: 0.574
RMSE Rch: 0.010
MAPE Eb: 0.472
MAPE Rch: 0.281
--------------------------------------------------
**************************************************
Z=8, N=10, emax=8
RMSE Eb: 0.727
RMSE Rch: 0.012
MAPE Eb: 0.552
MAPE Rch: 0.382
--------------------------------------------------
**************************************************
Z=8, N=10, emax=10
RMSE Eb: 1.154
RMSE Rch: 0.013
MAPE Eb: 0.723
MAPE Rch: 0.364
--------------------------------------------------
**************************************************
Z=8, N=11, emax=8
RMSE Eb: 0.653
RMSE Rch: 0.010
MAPE Eb: 0.431
MAPE Rch: 0.302
--------------------------------------------------
**************************************************
Z=8, N=11, emax=4
RMSE Eb: 0.368
RMSE Rch: 0.006
MAPE Eb: 0.377
MAPE Rch: 0.178
--------------------------------------------------
**************************************************
Z=8, N=11, emax=6
RMSE Eb: 0.571
RMSE Rch: 0.008
MAPE Eb: 0.459
MAPE Rch: 0.220
--------------------------------------------------
**************************************************
Z=8, N=11, emax=10
RMSE Eb: 0.884
RMSE Rch: 0.011
MAPE Eb: 0.634
MAPE Rch: 0.345
--------------------------------------------------
**************************************************
Z=8, N=12, emax=6
RMSE Eb: 0.534
RMSE Rch: 0.007
MAPE Eb: 0.404
MAPE Rch: 0.179
--------------------------------------------------
**************************************************
Z=8, N=12, emax=8
RMSE Eb: 0.698
RMSE Rch: 0.011
MAPE Eb: 0.492
MAPE Rch: 0.326
--------------------------------------------------
**************************************************
Z=8, N=12, emax=4
RMSE Eb: 0.420
RMSE Rch: 0.005
MAPE Eb: 0.422
MAPE Rch: 0.148
--------------------------------------------------
**************************************************
Z=8, N=12, emax=10
RMSE Eb: 0.783
RMSE Rch: 0.008
MAPE Eb: 0.544
MAPE Rch: 0.253
--------------------------------------------------
**************************************************
Z=8, N=13, emax=8
RMSE Eb: 0.666
RMSE Rch: 0.010
MAPE Eb: 0.439
MAPE Rch: 0.281
--------------------------------------------------
**************************************************
Z=8, N=13, emax=4
RMSE Eb: 0.378
RMSE Rch: 0.007
MAPE Eb: 0.363
MAPE Rch: 0.217
--------------------------------------------------
**************************************************
Z=8, N=13, emax=6
RMSE Eb: 0.524
RMSE Rch: 0.007
MAPE Eb: 0.395
MAPE Rch: 0.189
--------------------------------------------------
**************************************************
Z=8, N=13, emax=10
RMSE Eb: 0.763
RMSE Rch: 0.019
MAPE Eb: 0.528
MAPE Rch: 0.383
--------------------------------------------------
**************************************************
Z=8, N=14, emax=6
RMSE Eb: 0.669
RMSE Rch: 0.007
MAPE Eb: 0.489
MAPE Rch: 0.210
--------------------------------------------------
**************************************************
Z=8, N=14, emax=10
RMSE Eb: 1.110
RMSE Rch: 0.013
MAPE Eb: 0.668
MAPE Rch: 0.402
--------------------------------------------------
**************************************************
Z=8, N=14, emax=4
RMSE Eb: 0.379
RMSE Rch: 0.006
MAPE Eb: 0.377
MAPE Rch: 0.179
--------------------------------------------------
**************************************************
Z=8, N=14, emax=8
RMSE Eb: 0.767
RMSE Rch: 0.012
MAPE Eb: 0.511
MAPE Rch: 0.361
--------------------------------------------------
**************************************************
Z=8, N=15, emax=8
RMSE Eb: 0.665
RMSE Rch: 0.011
MAPE Eb: 0.437
MAPE Rch: 0.296
--------------------------------------------------
**************************************************
Z=8, N=15, emax=6
RMSE Eb: 0.603
RMSE Rch: 0.006
MAPE Eb: 0.438
MAPE Rch: 0.155
--------------------------------------------------
**************************************************
Z=8, N=15, emax=4
RMSE Eb: 0.458
RMSE Rch: 0.006
MAPE Eb: 0.451
MAPE Rch: 0.163
--------------------------------------------------
**************************************************
Z=8, N=15, emax=10
RMSE Eb: 1.198
RMSE Rch: 0.009
MAPE Eb: 0.755
MAPE Rch: 0.236
--------------------------------------------------
**************************************************
Z=8, N=16, emax=4
RMSE Eb: 0.593
RMSE Rch: 0.008
MAPE Eb: 0.575
MAPE Rch: 0.206
--------------------------------------------------
**************************************************
Z=8, N=16, emax=8
RMSE Eb: 0.928
RMSE Rch: 0.011
MAPE Eb: 0.548
MAPE Rch: 0.326
--------------------------------------------------
**************************************************
Z=8, N=16, emax=6
RMSE Eb: 0.712
RMSE Rch: 0.008
MAPE Eb: 0.512
MAPE Rch: 0.223
--------------------------------------------------
**************************************************
Z=8, N=16, emax=10
RMSE Eb: 1.208
RMSE Rch: 0.010
MAPE Eb: 0.743
MAPE Rch: 0.300
--------------------------------------------------
