Activated conda environment
[DataLoader] Found 13 files matching the pattern.
[DataLoader] Combined data shape: (17234, 35)
[Preprocess] Data split => train: (11029, 35), val: (2758, 35), test: (3447, 35)
[Preprocess] Processed fidelity 4 (index 0): 3758 samples.
[Preprocess] Processed fidelity 6 (index 1): 3346 samples.
[Preprocess] Processed fidelity 8 (index 2): 3194 samples.
[Preprocess] Processed fidelity 10 (index 3): 731 samples.
[Preprocess] Processed fidelity 4 (index 0): 949 samples.
[Preprocess] Processed fidelity 6 (index 1): 833 samples.
[Preprocess] Processed fidelity 8 (index 2): 801 samples.
[Preprocess] Processed fidelity 10 (index 3): 175 samples.
Fidelity levels: [4, 6, 8, 10]
[Trainer] Starting BNN training...
[Trainer] No improvement. Iteration 10400. Early stopping counter: 1, LR counter: 1
[Trainer] No improvement. Iteration 10500. Early stopping counter: 2, LR counter: 2
[Trainer] No improvement. Iteration 10700. Early stopping counter: 1, LR counter: 1
[Trainer] No improvement. Iteration 10800. Early stopping counter: 2, LR counter: 2
[Trainer] No improvement. Iteration 10900. Early stopping counter: 3, LR counter: 3
[Trainer] No improvement. Iteration 11000. Early stopping counter: 4, LR counter: 4
[Trainer] No improvement. Iteration 11100. Early stopping counter: 5, LR counter: 5
[Trainer] No improvement. Iteration 11200. Early stopping counter: 6, LR counter: 6
[Trainer] No improvement. Iteration 11300. Early stopping counter: 7, LR counter: 7
[Trainer] No improvement. Iteration 11600. Early stopping counter: 1, LR counter: 1
[Trainer] No improvement. Iteration 11700. Early stopping counter: 2, LR counter: 2
[Trainer] No improvement. Iteration 11800. Early stopping counter: 3, LR counter: 3
[Trainer] No improvement. Iteration 12000. Early stopping counter: 1, LR counter: 1
[Trainer] No improvement. Iteration 12100. Early stopping counter: 2, LR counter: 2
[Trainer] No improvement. Iteration 12300. Early stopping counter: 1, LR counter: 1
[Trainer] No improvement. Iteration 12400. Early stopping counter: 2, LR counter: 2
[Trainer] No improvement. Iteration 12500. Early stopping counter: 3, LR counter: 3
[Trainer] No improvement. Iteration 12600. Early stopping counter: 4, LR counter: 4
[Trainer] No improvement. Iteration 12700. Early stopping counter: 5, LR counter: 5
[Trainer] No improvement. Iteration 13000. Early stopping counter: 1, LR counter: 1
[Trainer] No improvement. Iteration 13100. Early stopping counter: 2, LR counter: 2
[Trainer] No improvement. Iteration 13200. Early stopping counter: 3, LR counter: 3
[Trainer] No improvement. Iteration 13300. Early stopping counter: 4, LR counter: 4
[Trainer] No improvement. Iteration 13400. Early stopping counter: 5, LR counter: 5
[Trainer] No improvement. Iteration 13500. Early stopping counter: 6, LR counter: 6
[Trainer] No improvement. Iteration 13600. Early stopping counter: 7, LR counter: 7
[Trainer] No improvement. Iteration 13700. Early stopping counter: 8, LR counter: 8
[Trainer] No improvement. Iteration 13800. Early stopping counter: 9, LR counter: 9
[Trainer] No improvement. Iteration 13900. Early stopping counter: 10, LR counter: 10
[Trainer] No improvement. Iteration 14000. Early stopping counter: 11, LR counter: 11
[Trainer] No improvement. Iteration 14100. Early stopping counter: 12, LR counter: 12
[Trainer] No improvement. Iteration 14200. Early stopping counter: 13, LR counter: 13
[Trainer] No improvement. Iteration 14300. Early stopping counter: 14, LR counter: 14
[Trainer] No improvement. Iteration 14400. Early stopping counter: 15, LR counter: 15
[Trainer] No improvement. Iteration 14500. Early stopping counter: 16, LR counter: 16
[Trainer] No improvement. Iteration 14600. Early stopping counter: 17, LR counter: 17
[Trainer] No improvement. Iteration 14700. Early stopping counter: 18, LR counter: 18
[Trainer] No improvement. Iteration 14800. Early stopping counter: 19, LR counter: 19
[Trainer] No improvement. Iteration 14900. Early stopping counter: 20, LR counter: 20
[Trainer] No improvement. Iteration 15000. Early stopping counter: 21, LR counter: 21
[Trainer] No improvement. Iteration 15100. Early stopping counter: 22, LR counter: 22
[Trainer] No improvement. Iteration 15200. Early stopping counter: 23, LR counter: 23
[Trainer] No improvement. Iteration 15300. Early stopping counter: 24, LR counter: 24
[Trainer] No improvement. Iteration 15400. Early stopping counter: 25, LR counter: 25
[Trainer] Learning rate reduced to: 0.000010
[Trainer] No improvement. Iteration 15500. Early stopping counter: 26, LR counter: 1
[Trainer] No improvement. Iteration 15800. Early stopping counter: 1, LR counter: 1
[Trainer] No improvement. Iteration 15900. Early stopping counter: 2, LR counter: 2
[Trainer] No improvement. Iteration 16500. Early stopping counter: 1, LR counter: 1
[Trainer] No improvement. Iteration 16600. Early stopping counter: 2, LR counter: 2
[Trainer] No improvement. Iteration 16700. Early stopping counter: 3, LR counter: 3
[Trainer] No improvement. Iteration 16800. Early stopping counter: 4, LR counter: 4
[Trainer] No improvement. Iteration 16900. Early stopping counter: 5, LR counter: 5
[Trainer] No improvement. Iteration 17000. Early stopping counter: 6, LR counter: 6
[Trainer] No improvement. Iteration 17100. Early stopping counter: 7, LR counter: 7
[Trainer] No improvement. Iteration 17200. Early stopping counter: 8, LR counter: 8
[Trainer] No improvement. Iteration 17300. Early stopping counter: 9, LR counter: 9
[Trainer] No improvement. Iteration 17400. Early stopping counter: 10, LR counter: 10
[Trainer] No improvement. Iteration 17500. Early stopping counter: 11, LR counter: 11
[Trainer] No improvement. Iteration 17600. Early stopping counter: 12, LR counter: 12
[Trainer] No improvement. Iteration 17700. Early stopping counter: 13, LR counter: 13
[Trainer] No improvement. Iteration 17800. Early stopping counter: 14, LR counter: 14
[Trainer] No improvement. Iteration 17900. Early stopping counter: 15, LR counter: 15
[Trainer] No improvement. Iteration 18000. Early stopping counter: 16, LR counter: 16
[Trainer] No improvement. Iteration 18100. Early stopping counter: 17, LR counter: 17
[Trainer] No improvement. Iteration 18200. Early stopping counter: 18, LR counter: 18
[Trainer] No improvement. Iteration 18300. Early stopping counter: 19, LR counter: 19
[Trainer] No improvement. Iteration 18400. Early stopping counter: 20, LR counter: 20
[Trainer] No improvement. Iteration 18500. Early stopping counter: 21, LR counter: 21
[Trainer] No improvement. Iteration 18600. Early stopping counter: 22, LR counter: 22
[Trainer] No improvement. Iteration 18700. Early stopping counter: 23, LR counter: 23
[Trainer] No improvement. Iteration 18800. Early stopping counter: 24, LR counter: 24
[Trainer] No improvement. Iteration 18900. Early stopping counter: 25, LR counter: 25
[Trainer] Learning rate reduced to: 0.000001
[Trainer] No improvement. Iteration 19000. Early stopping counter: 26, LR counter: 1
[Trainer] No improvement. Iteration 19100. Early stopping counter: 27, LR counter: 2
[Trainer] No improvement. Iteration 19200. Early stopping counter: 28, LR counter: 3
[Trainer] No improvement. Iteration 19300. Early stopping counter: 29, LR counter: 4
[Trainer] No improvement. Iteration 19400. Early stopping counter: 30, LR counter: 5
[Trainer] No improvement. Iteration 19500. Early stopping counter: 31, LR counter: 6
[Trainer] No improvement. Iteration 19600. Early stopping counter: 32, LR counter: 7
[Trainer] No improvement. Iteration 19700. Early stopping counter: 33, LR counter: 8
[Trainer] No improvement. Iteration 19800. Early stopping counter: 34, LR counter: 9
[Trainer] No improvement. Iteration 19900. Early stopping counter: 35, LR counter: 10
[Trainer] No improvement. Iteration 20000. Early stopping counter: 36, LR counter: 11
[Trainer] No improvement. Iteration 20100. Early stopping counter: 37, LR counter: 12
[Trainer] No improvement. Iteration 20200. Early stopping counter: 38, LR counter: 13
[Trainer] No improvement. Iteration 20300. Early stopping counter: 39, LR counter: 14
[Trainer] No improvement. Iteration 20400. Early stopping counter: 40, LR counter: 15
[Trainer] No improvement. Iteration 20500. Early stopping counter: 41, LR counter: 16
[Trainer] No improvement. Iteration 20600. Early stopping counter: 42, LR counter: 17
[Trainer] No improvement. Iteration 20700. Early stopping counter: 43, LR counter: 18
[Trainer] No improvement. Iteration 20800. Early stopping counter: 44, LR counter: 19
[Trainer] No improvement. Iteration 20900. Early stopping counter: 45, LR counter: 20
[Trainer] No improvement. Iteration 21000. Early stopping counter: 46, LR counter: 21
[Trainer] No improvement. Iteration 21100. Early stopping counter: 47, LR counter: 22
[Trainer] No improvement. Iteration 21200. Early stopping counter: 48, LR counter: 23
[Trainer] No improvement. Iteration 21300. Early stopping counter: 49, LR counter: 24
[Trainer] No improvement. Iteration 21400. Early stopping counter: 50, LR counter: 25
[Trainer] Learning rate reduced to: 0.000000
[Trainer] Early stopping triggered.
[Trainer] Training completed.
[Trainer] Calibrating temperatures on validation set...
[Trainer] Temperature calibration finished. Calibrated temperatures: {4: 1.2293033599853516, 6: 1.1364219188690186, 8: 1.234346628189087, 10: 1.3125662803649902}
[Trainer] BNN training completed.
**************************************************
Z=8, N=4, emax=4
RMSE Eb: 0.585
RMSE Rch: 0.010
MAPE Eb: 1.655
MAPE Rch: 0.426
--------------------------------------------------
**************************************************
Z=8, N=4, emax=10
RMSE Eb: 1.011
RMSE Rch: 0.040
MAPE Eb: 1.668
MAPE Rch: 1.755
--------------------------------------------------
**************************************************
Z=8, N=4, emax=6
RMSE Eb: 0.715
RMSE Rch: 0.011
MAPE Eb: 1.402
MAPE Rch: 0.511
--------------------------------------------------
**************************************************
Z=8, N=4, emax=8
RMSE Eb: 0.691
RMSE Rch: 0.015
MAPE Eb: 1.192
MAPE Rch: 0.684
--------------------------------------------------
**************************************************
Z=8, N=5, emax=8
RMSE Eb: 0.772
RMSE Rch: 0.013
MAPE Eb: 0.977
MAPE Rch: 0.644
--------------------------------------------------
**************************************************
Z=8, N=5, emax=6
RMSE Eb: 0.691
RMSE Rch: 0.010
MAPE Eb: 1.030
MAPE Rch: 0.433
--------------------------------------------------
**************************************************
Z=8, N=5, emax=4
RMSE Eb: 0.563
RMSE Rch: 0.007
MAPE Eb: 1.150
MAPE Rch: 0.309
--------------------------------------------------
**************************************************
Z=8, N=5, emax=10
RMSE Eb: 1.278
RMSE Rch: 0.014
MAPE Eb: 1.911
MAPE Rch: 0.651
--------------------------------------------------
**************************************************
Z=8, N=6, emax=4
RMSE Eb: 0.595
RMSE Rch: 0.007
MAPE Eb: 0.889
MAPE Rch: 0.335
--------------------------------------------------
**************************************************
Z=8, N=6, emax=6
RMSE Eb: 0.973
RMSE Rch: 0.011
MAPE Eb: 1.099
MAPE Rch: 0.551
--------------------------------------------------
**************************************************
Z=8, N=6, emax=8
RMSE Eb: 1.097
RMSE Rch: 0.010
MAPE Eb: 0.994
MAPE Rch: 0.503
--------------------------------------------------
**************************************************
Z=8, N=6, emax=10
RMSE Eb: 1.081
RMSE Rch: 0.018
MAPE Eb: 1.003
MAPE Rch: 1.001
--------------------------------------------------
**************************************************
Z=8, N=7, emax=8
RMSE Eb: 0.875
RMSE Rch: 0.011
MAPE Eb: 0.720
MAPE Rch: 0.583
--------------------------------------------------
**************************************************
Z=8, N=7, emax=10
RMSE Eb: 1.183
RMSE Rch: 0.016
MAPE Eb: 1.016
MAPE Rch: 0.941
--------------------------------------------------
**************************************************
Z=8, N=7, emax=6
RMSE Eb: 0.911
RMSE Rch: 0.011
MAPE Eb: 0.876
MAPE Rch: 0.580
--------------------------------------------------
**************************************************
Z=8, N=7, emax=4
RMSE Eb: 0.671
RMSE Rch: 0.009
MAPE Eb: 0.813
MAPE Rch: 0.425
--------------------------------------------------
**************************************************
Z=8, N=8, emax=4
RMSE Eb: 0.999
RMSE Rch: 0.009
MAPE Eb: 1.177
MAPE Rch: 0.255
--------------------------------------------------
**************************************************
Z=8, N=8, emax=8
RMSE Eb: 1.024
RMSE Rch: 0.009
MAPE Eb: 0.832
MAPE Rch: 0.239
--------------------------------------------------
**************************************************
Z=8, N=8, emax=6
RMSE Eb: 0.616
RMSE Rch: 0.006
MAPE Eb: 0.529
MAPE Rch: 0.159
--------------------------------------------------
**************************************************
Z=8, N=8, emax=10
RMSE Eb: 1.444
RMSE Rch: 0.011
MAPE Eb: 1.069
MAPE Rch: 0.320
--------------------------------------------------
**************************************************
Z=8, N=9, emax=8
RMSE Eb: 0.698
RMSE Rch: 0.007
MAPE Eb: 0.507
MAPE Rch: 0.196
--------------------------------------------------
**************************************************
Z=8, N=9, emax=6
RMSE Eb: 0.606
RMSE Rch: 0.005
MAPE Eb: 0.504
MAPE Rch: 0.145
--------------------------------------------------
**************************************************
Z=8, N=9, emax=4
RMSE Eb: 0.674
RMSE Rch: 0.007
MAPE Eb: 0.739
MAPE Rch: 0.201
--------------------------------------------------
**************************************************
Z=8, N=9, emax=10
RMSE Eb: 0.605
RMSE Rch: 0.007
MAPE Eb: 0.434
MAPE Rch: 0.220
--------------------------------------------------
**************************************************
Z=8, N=10, emax=4
RMSE Eb: 0.629
RMSE Rch: 0.007
MAPE Eb: 0.656
MAPE Rch: 0.187
--------------------------------------------------
**************************************************
Z=8, N=10, emax=10
RMSE Eb: 0.837
RMSE Rch: 0.004
MAPE Eb: 0.581
MAPE Rch: 0.120
--------------------------------------------------
**************************************************
Z=8, N=10, emax=6
RMSE Eb: 0.594
RMSE Rch: 0.008
MAPE Eb: 0.459
MAPE Rch: 0.207
--------------------------------------------------
**************************************************
Z=8, N=10, emax=8
RMSE Eb: 0.751
RMSE Rch: 0.006
MAPE Eb: 0.543
MAPE Rch: 0.161
--------------------------------------------------
**************************************************
Z=8, N=11, emax=4
RMSE Eb: 0.872
RMSE Rch: 0.005
MAPE Eb: 0.898
MAPE Rch: 0.159
--------------------------------------------------
**************************************************
Z=8, N=11, emax=6
RMSE Eb: 0.737
RMSE Rch: 0.007
MAPE Eb: 0.584
MAPE Rch: 0.203
--------------------------------------------------
**************************************************
Z=8, N=11, emax=8
RMSE Eb: 0.779
RMSE Rch: 0.007
MAPE Eb: 0.496
MAPE Rch: 0.186
--------------------------------------------------
**************************************************
Z=8, N=11, emax=10
RMSE Eb: 0.998
RMSE Rch: 0.006
MAPE Eb: 0.681
MAPE Rch: 0.193
--------------------------------------------------
**************************************************
Z=8, N=12, emax=6
RMSE Eb: 1.018
RMSE Rch: 0.009
MAPE Eb: 0.697
MAPE Rch: 0.251
--------------------------------------------------
**************************************************
Z=8, N=12, emax=4
RMSE Eb: 0.697
RMSE Rch: 0.005
MAPE Eb: 0.689
MAPE Rch: 0.146
--------------------------------------------------
**************************************************
Z=8, N=12, emax=8
RMSE Eb: 0.881
RMSE Rch: 0.007
MAPE Eb: 0.599
MAPE Rch: 0.196
--------------------------------------------------
**************************************************
Z=8, N=12, emax=10
RMSE Eb: 1.016
RMSE Rch: 0.010
MAPE Eb: 0.707
MAPE Rch: 0.294
--------------------------------------------------
**************************************************
Z=8, N=13, emax=8
RMSE Eb: 1.033
RMSE Rch: 0.008
MAPE Eb: 0.706
MAPE Rch: 0.227
--------------------------------------------------
**************************************************
Z=8, N=13, emax=4
RMSE Eb: 0.989
RMSE Rch: 0.006
MAPE Eb: 1.116
MAPE Rch: 0.157
--------------------------------------------------
**************************************************
Z=8, N=13, emax=10
RMSE Eb: 1.033
RMSE Rch: 0.005
MAPE Eb: 0.623
MAPE Rch: 0.157
--------------------------------------------------
**************************************************
Z=8, N=13, emax=6
RMSE Eb: 0.891
RMSE Rch: 0.006
MAPE Eb: 0.682
MAPE Rch: 0.180
--------------------------------------------------
**************************************************
Z=8, N=14, emax=8
RMSE Eb: 1.164
RMSE Rch: 0.012
MAPE Eb: 0.703
MAPE Rch: 0.263
--------------------------------------------------
**************************************************
Z=8, N=14, emax=4
RMSE Eb: 0.966
RMSE Rch: 0.008
MAPE Eb: 0.993
MAPE Rch: 0.218
--------------------------------------------------
**************************************************
Z=8, N=14, emax=6
RMSE Eb: 0.847
RMSE Rch: 0.007
MAPE Eb: 0.618
MAPE Rch: 0.212
--------------------------------------------------
**************************************************
Z=8, N=14, emax=10
RMSE Eb: 0.795
RMSE Rch: 0.011
MAPE Eb: 0.465
MAPE Rch: 0.323
--------------------------------------------------
**************************************************
Z=8, N=15, emax=8
RMSE Eb: 1.263
RMSE Rch: 0.006
MAPE Eb: 0.793
MAPE Rch: 0.188
--------------------------------------------------
**************************************************
Z=8, N=15, emax=4
RMSE Eb: 1.082
RMSE Rch: 0.007
MAPE Eb: 1.082
MAPE Rch: 0.166
--------------------------------------------------
**************************************************
Z=8, N=15, emax=6
RMSE Eb: 0.996
RMSE Rch: 0.008
MAPE Eb: 0.700
MAPE Rch: 0.249
--------------------------------------------------
**************************************************
Z=8, N=15, emax=10
RMSE Eb: 1.230
RMSE Rch: 0.010
MAPE Eb: 0.694
MAPE Rch: 0.333
--------------------------------------------------
**************************************************
Z=8, N=16, emax=8
RMSE Eb: 1.098
RMSE Rch: 0.007
MAPE Eb: 0.651
MAPE Rch: 0.189
--------------------------------------------------
**************************************************
Z=8, N=16, emax=6
RMSE Eb: 1.185
RMSE Rch: 0.007
MAPE Eb: 0.873
MAPE Rch: 0.202
--------------------------------------------------
**************************************************
Z=8, N=16, emax=10
RMSE Eb: 1.215
RMSE Rch: 0.006
MAPE Eb: 0.730
MAPE Rch: 0.172
--------------------------------------------------
**************************************************
Z=8, N=16, emax=4
RMSE Eb: 1.296
RMSE Rch: 0.009
MAPE Eb: 1.385
MAPE Rch: 0.250
--------------------------------------------------
Finished VAL for AE n=201
**************************************************
Z=8, N=4, emax=6
RMSE Eb: 0.699
RMSE Rch: 0.012
MAPE Eb: 1.330
MAPE Rch: 0.563
--------------------------------------------------
**************************************************
Z=8, N=4, emax=8
RMSE Eb: 0.678
RMSE Rch: 0.017
MAPE Eb: 1.114
MAPE Rch: 0.765
--------------------------------------------------
**************************************************
Z=8, N=4, emax=4
RMSE Eb: 0.605
RMSE Rch: 0.010
MAPE Eb: 1.618
MAPE Rch: 0.453
--------------------------------------------------
**************************************************
Z=8, N=4, emax=10
RMSE Eb: 1.041
RMSE Rch: 0.031
MAPE Eb: 1.612
MAPE Rch: 1.550
--------------------------------------------------
**************************************************
Z=8, N=5, emax=4
RMSE Eb: 0.480
RMSE Rch: 0.008
MAPE Eb: 0.949
MAPE Rch: 0.336
--------------------------------------------------
**************************************************
Z=8, N=5, emax=8
RMSE Eb: 0.742
RMSE Rch: 0.014
MAPE Eb: 0.928
MAPE Rch: 0.619
--------------------------------------------------
**************************************************
Z=8, N=5, emax=6
RMSE Eb: 0.684
RMSE Rch: 0.010
MAPE Eb: 0.979
MAPE Rch: 0.470
--------------------------------------------------
**************************************************
Z=8, N=5, emax=10
RMSE Eb: 0.793
RMSE Rch: 0.013
MAPE Eb: 1.033
MAPE Rch: 0.684
--------------------------------------------------
**************************************************
Z=8, N=6, emax=4
RMSE Eb: 0.636
RMSE Rch: 0.009
MAPE Eb: 0.886
MAPE Rch: 0.409
--------------------------------------------------
**************************************************
Z=8, N=6, emax=8
RMSE Eb: 1.202
RMSE Rch: 0.014
MAPE Eb: 1.103
MAPE Rch: 0.656
--------------------------------------------------
**************************************************
Z=8, N=6, emax=6
RMSE Eb: 0.908
RMSE Rch: 0.010
MAPE Eb: 0.999
MAPE Rch: 0.472
--------------------------------------------------
**************************************************
Z=8, N=6, emax=10
RMSE Eb: 1.054
RMSE Rch: 0.015
MAPE Eb: 1.092
MAPE Rch: 0.794
--------------------------------------------------
**************************************************
Z=8, N=7, emax=4
RMSE Eb: 0.687
RMSE Rch: 0.011
MAPE Eb: 0.814
MAPE Rch: 0.414
--------------------------------------------------
**************************************************
Z=8, N=7, emax=8
RMSE Eb: 1.068
RMSE Rch: 0.012
MAPE Eb: 0.849
MAPE Rch: 0.675
--------------------------------------------------
**************************************************
Z=8, N=7, emax=6
RMSE Eb: 0.837
RMSE Rch: 0.014
MAPE Eb: 0.768
MAPE Rch: 0.621
--------------------------------------------------
**************************************************
Z=8, N=7, emax=10
RMSE Eb: 1.150
RMSE Rch: 0.013
MAPE Eb: 1.058
MAPE Rch: 0.765
--------------------------------------------------
**************************************************
Z=8, N=8, emax=4
RMSE Eb: 0.935
RMSE Rch: 0.009
MAPE Eb: 0.983
MAPE Rch: 0.252
--------------------------------------------------
**************************************************
Z=8, N=8, emax=6
RMSE Eb: 0.604
RMSE Rch: 0.009
MAPE Eb: 0.486
MAPE Rch: 0.269
--------------------------------------------------
**************************************************
Z=8, N=8, emax=8
RMSE Eb: 1.062
RMSE Rch: 0.008
MAPE Eb: 0.774
MAPE Rch: 0.200
--------------------------------------------------
**************************************************
Z=8, N=8, emax=10
RMSE Eb: 0.994
RMSE Rch: 0.010
MAPE Eb: 0.757
MAPE Rch: 0.223
--------------------------------------------------
**************************************************
Z=8, N=9, emax=4
RMSE Eb: 0.615
RMSE Rch: 0.008
MAPE Eb: 0.675
MAPE Rch: 0.217
--------------------------------------------------
**************************************************
Z=8, N=9, emax=8
RMSE Eb: 0.698
RMSE Rch: 0.007
MAPE Eb: 0.495
MAPE Rch: 0.188
--------------------------------------------------
**************************************************
Z=8, N=9, emax=6
RMSE Eb: 0.575
RMSE Rch: 0.006
MAPE Eb: 0.470
MAPE Rch: 0.163
--------------------------------------------------
**************************************************
Z=8, N=9, emax=10
RMSE Eb: 1.247
RMSE Rch: 0.005
MAPE Eb: 0.825
MAPE Rch: 0.118
--------------------------------------------------
**************************************************
Z=8, N=10, emax=4
RMSE Eb: 0.596
RMSE Rch: 0.009
MAPE Eb: 0.634
MAPE Rch: 0.237
--------------------------------------------------
**************************************************
Z=8, N=10, emax=6
RMSE Eb: 0.604
RMSE Rch: 0.007
MAPE Eb: 0.477
MAPE Rch: 0.182
--------------------------------------------------
**************************************************
Z=8, N=10, emax=8
RMSE Eb: 0.535
RMSE Rch: 0.005
MAPE Eb: 0.384
MAPE Rch: 0.147
--------------------------------------------------
**************************************************
Z=8, N=10, emax=10
RMSE Eb: 0.817
RMSE Rch: 0.006
MAPE Eb: 0.535
MAPE Rch: 0.171
--------------------------------------------------
**************************************************
Z=8, N=11, emax=8
RMSE Eb: 0.903
RMSE Rch: 0.008
MAPE Eb: 0.606
MAPE Rch: 0.208
--------------------------------------------------
**************************************************
Z=8, N=11, emax=4
RMSE Eb: 0.835
RMSE Rch: 0.006
MAPE Eb: 0.953
MAPE Rch: 0.163
--------------------------------------------------
**************************************************
Z=8, N=11, emax=6
RMSE Eb: 0.627
RMSE Rch: 0.006
MAPE Eb: 0.500
MAPE Rch: 0.176
--------------------------------------------------
**************************************************
Z=8, N=11, emax=10
RMSE Eb: 1.074
RMSE Rch: 0.007
MAPE Eb: 0.738
MAPE Rch: 0.168
--------------------------------------------------
**************************************************
Z=8, N=12, emax=6
RMSE Eb: 0.967
RMSE Rch: 0.008
MAPE Eb: 0.724
MAPE Rch: 0.224
--------------------------------------------------
**************************************************
Z=8, N=12, emax=8
RMSE Eb: 0.994
RMSE Rch: 0.007
MAPE Eb: 0.637
MAPE Rch: 0.212
--------------------------------------------------
**************************************************
Z=8, N=12, emax=4
RMSE Eb: 0.802
RMSE Rch: 0.005
MAPE Eb: 0.806
MAPE Rch: 0.137
--------------------------------------------------
**************************************************
Z=8, N=12, emax=10
RMSE Eb: 0.857
RMSE Rch: 0.007
MAPE Eb: 0.561
MAPE Rch: 0.219
--------------------------------------------------
**************************************************
Z=8, N=13, emax=8
RMSE Eb: 0.967
RMSE Rch: 0.007
MAPE Eb: 0.664
MAPE Rch: 0.198
--------------------------------------------------
**************************************************
Z=8, N=13, emax=4
RMSE Eb: 0.927
RMSE Rch: 0.007
MAPE Eb: 1.025
MAPE Rch: 0.195
--------------------------------------------------
**************************************************
Z=8, N=13, emax=6
RMSE Eb: 0.985
RMSE Rch: 0.007
MAPE Eb: 0.724
MAPE Rch: 0.183
--------------------------------------------------
**************************************************
Z=8, N=13, emax=10
RMSE Eb: 0.889
RMSE Rch: 0.006
MAPE Eb: 0.626
MAPE Rch: 0.158
--------------------------------------------------
**************************************************
Z=8, N=14, emax=6
RMSE Eb: 0.968
RMSE Rch: 0.007
MAPE Eb: 0.676
MAPE Rch: 0.190
--------------------------------------------------
**************************************************
Z=8, N=14, emax=10
RMSE Eb: 0.831
RMSE Rch: 0.011
MAPE Eb: 0.507
MAPE Rch: 0.319
--------------------------------------------------
**************************************************
Z=8, N=14, emax=4
RMSE Eb: 0.979
RMSE Rch: 0.007
MAPE Eb: 0.996
MAPE Rch: 0.190
--------------------------------------------------
**************************************************
Z=8, N=14, emax=8
RMSE Eb: 1.067
RMSE Rch: 0.009
MAPE Eb: 0.688
MAPE Rch: 0.212
--------------------------------------------------
**************************************************
Z=8, N=15, emax=8
RMSE Eb: 1.098
RMSE Rch: 0.007
MAPE Eb: 0.703
MAPE Rch: 0.196
--------------------------------------------------
**************************************************
Z=8, N=15, emax=6
RMSE Eb: 0.957
RMSE Rch: 0.007
MAPE Eb: 0.677
MAPE Rch: 0.211
--------------------------------------------------
**************************************************
Z=8, N=15, emax=4
RMSE Eb: 0.960
RMSE Rch: 0.007
MAPE Eb: 1.020
MAPE Rch: 0.169
--------------------------------------------------
**************************************************
Z=8, N=15, emax=10
RMSE Eb: 1.074
RMSE Rch: 0.008
MAPE Eb: 0.556
MAPE Rch: 0.213
--------------------------------------------------
**************************************************
Z=8, N=16, emax=4
RMSE Eb: 1.327
RMSE Rch: 0.008
MAPE Eb: 1.440
MAPE Rch: 0.225
--------------------------------------------------
**************************************************
Z=8, N=16, emax=8
RMSE Eb: 1.124
RMSE Rch: 0.006
MAPE Eb: 0.684
MAPE Rch: 0.172
--------------------------------------------------
**************************************************
Z=8, N=16, emax=6
RMSE Eb: 1.215
RMSE Rch: 0.007
MAPE Eb: 0.891
MAPE Rch: 0.198
--------------------------------------------------
**************************************************
Z=8, N=16, emax=10
RMSE Eb: 1.032
RMSE Rch: 0.007
MAPE Eb: 0.598
MAPE Rch: 0.181
--------------------------------------------------
