Activated conda environment
[DataLoader] Found 13 files matching the pattern.
[DataLoader] Combined data shape: (17234, 35)
[Preprocess] Data split => train: (11029, 35), val: (2758, 35), test: (3447, 35)
[Preprocess] Processed fidelity 4 (index 0): 3758 samples.
[Preprocess] Processed fidelity 6 (index 1): 3346 samples.
[Preprocess] Processed fidelity 8 (index 2): 3194 samples.
[Preprocess] Processed fidelity 10 (index 3): 731 samples.
[Preprocess] Processed fidelity 4 (index 0): 949 samples.
[Preprocess] Processed fidelity 6 (index 1): 833 samples.
[Preprocess] Processed fidelity 8 (index 2): 801 samples.
[Preprocess] Processed fidelity 10 (index 3): 175 samples.
Fidelity levels: [4, 6, 8, 10]
[Trainer] Starting BNN training...
[Trainer] No improvement. Iteration 8300. Early stopping counter: 1, LR counter: 1
[Trainer] No improvement. Iteration 8700. Early stopping counter: 1, LR counter: 1
[Trainer] No improvement. Iteration 9300. Early stopping counter: 1, LR counter: 1
[Trainer] No improvement. Iteration 9600. Early stopping counter: 1, LR counter: 1
[Trainer] No improvement. Iteration 9700. Early stopping counter: 2, LR counter: 2
[Trainer] No improvement. Iteration 9800. Early stopping counter: 3, LR counter: 3
[Trainer] No improvement. Iteration 9900. Early stopping counter: 4, LR counter: 4
[Trainer] No improvement. Iteration 10000. Early stopping counter: 5, LR counter: 5
[Trainer] No improvement. Iteration 10100. Early stopping counter: 6, LR counter: 6
[Trainer] No improvement. Iteration 10200. Early stopping counter: 7, LR counter: 7
[Trainer] No improvement. Iteration 10300. Early stopping counter: 8, LR counter: 8
[Trainer] No improvement. Iteration 10400. Early stopping counter: 9, LR counter: 9
[Trainer] No improvement. Iteration 10500. Early stopping counter: 10, LR counter: 10
[Trainer] No improvement. Iteration 10600. Early stopping counter: 11, LR counter: 11
[Trainer] No improvement. Iteration 10700. Early stopping counter: 12, LR counter: 12
[Trainer] No improvement. Iteration 10800. Early stopping counter: 13, LR counter: 13
[Trainer] No improvement. Iteration 10900. Early stopping counter: 14, LR counter: 14
[Trainer] No improvement. Iteration 11000. Early stopping counter: 15, LR counter: 15
[Trainer] No improvement. Iteration 11100. Early stopping counter: 16, LR counter: 16
[Trainer] No improvement. Iteration 11200. Early stopping counter: 17, LR counter: 17
[Trainer] No improvement. Iteration 11300. Early stopping counter: 18, LR counter: 18
[Trainer] No improvement. Iteration 11400. Early stopping counter: 19, LR counter: 19
[Trainer] No improvement. Iteration 11500. Early stopping counter: 20, LR counter: 20
[Trainer] No improvement. Iteration 11600. Early stopping counter: 21, LR counter: 21
[Trainer] No improvement. Iteration 11700. Early stopping counter: 22, LR counter: 22
[Trainer] No improvement. Iteration 11800. Early stopping counter: 23, LR counter: 23
[Trainer] No improvement. Iteration 11900. Early stopping counter: 24, LR counter: 24
[Trainer] No improvement. Iteration 12000. Early stopping counter: 25, LR counter: 25
[Trainer] Learning rate reduced to: 0.000010
[Trainer] No improvement. Iteration 12200. Early stopping counter: 1, LR counter: 1
[Trainer] No improvement. Iteration 12300. Early stopping counter: 2, LR counter: 2
[Trainer] No improvement. Iteration 12700. Early stopping counter: 1, LR counter: 1
[Trainer] No improvement. Iteration 12800. Early stopping counter: 2, LR counter: 2
[Trainer] No improvement. Iteration 12900. Early stopping counter: 3, LR counter: 3
[Trainer] No improvement. Iteration 13000. Early stopping counter: 4, LR counter: 4
[Trainer] No improvement. Iteration 13100. Early stopping counter: 5, LR counter: 5
[Trainer] No improvement. Iteration 13200. Early stopping counter: 6, LR counter: 6
[Trainer] No improvement. Iteration 13300. Early stopping counter: 7, LR counter: 7
[Trainer] No improvement. Iteration 13400. Early stopping counter: 8, LR counter: 8
[Trainer] No improvement. Iteration 13500. Early stopping counter: 9, LR counter: 9
[Trainer] No improvement. Iteration 13600. Early stopping counter: 10, LR counter: 10
[Trainer] No improvement. Iteration 13700. Early stopping counter: 11, LR counter: 11
[Trainer] No improvement. Iteration 13800. Early stopping counter: 12, LR counter: 12
[Trainer] No improvement. Iteration 13900. Early stopping counter: 13, LR counter: 13
[Trainer] No improvement. Iteration 14000. Early stopping counter: 14, LR counter: 14
[Trainer] No improvement. Iteration 14100. Early stopping counter: 15, LR counter: 15
[Trainer] No improvement. Iteration 14200. Early stopping counter: 16, LR counter: 16
[Trainer] No improvement. Iteration 14300. Early stopping counter: 17, LR counter: 17
[Trainer] No improvement. Iteration 14400. Early stopping counter: 18, LR counter: 18
[Trainer] No improvement. Iteration 14500. Early stopping counter: 19, LR counter: 19
[Trainer] No improvement. Iteration 14600. Early stopping counter: 20, LR counter: 20
[Trainer] No improvement. Iteration 14700. Early stopping counter: 21, LR counter: 21
[Trainer] No improvement. Iteration 14800. Early stopping counter: 22, LR counter: 22
[Trainer] No improvement. Iteration 14900. Early stopping counter: 23, LR counter: 23
[Trainer] No improvement. Iteration 15000. Early stopping counter: 24, LR counter: 24
[Trainer] No improvement. Iteration 15100. Early stopping counter: 25, LR counter: 25
[Trainer] Learning rate reduced to: 0.000001
[Trainer] No improvement. Iteration 15200. Early stopping counter: 26, LR counter: 1
[Trainer] No improvement. Iteration 15300. Early stopping counter: 27, LR counter: 2
[Trainer] No improvement. Iteration 15400. Early stopping counter: 28, LR counter: 3
[Trainer] No improvement. Iteration 15500. Early stopping counter: 29, LR counter: 4
[Trainer] No improvement. Iteration 15600. Early stopping counter: 30, LR counter: 5
[Trainer] No improvement. Iteration 15700. Early stopping counter: 31, LR counter: 6
[Trainer] No improvement. Iteration 16300. Early stopping counter: 1, LR counter: 1
[Trainer] No improvement. Iteration 16400. Early stopping counter: 2, LR counter: 2
[Trainer] No improvement. Iteration 16500. Early stopping counter: 3, LR counter: 3
[Trainer] No improvement. Iteration 16600. Early stopping counter: 4, LR counter: 4
[Trainer] No improvement. Iteration 16700. Early stopping counter: 5, LR counter: 5
[Trainer] No improvement. Iteration 16800. Early stopping counter: 6, LR counter: 6
[Trainer] No improvement. Iteration 16900. Early stopping counter: 7, LR counter: 7
[Trainer] No improvement. Iteration 17000. Early stopping counter: 8, LR counter: 8
[Trainer] No improvement. Iteration 17100. Early stopping counter: 9, LR counter: 9
[Trainer] No improvement. Iteration 17200. Early stopping counter: 10, LR counter: 10
[Trainer] No improvement. Iteration 17300. Early stopping counter: 11, LR counter: 11
[Trainer] No improvement. Iteration 17400. Early stopping counter: 12, LR counter: 12
[Trainer] No improvement. Iteration 17500. Early stopping counter: 13, LR counter: 13
[Trainer] No improvement. Iteration 17600. Early stopping counter: 14, LR counter: 14
[Trainer] No improvement. Iteration 17700. Early stopping counter: 15, LR counter: 15
[Trainer] No improvement. Iteration 17800. Early stopping counter: 16, LR counter: 16
[Trainer] No improvement. Iteration 17900. Early stopping counter: 17, LR counter: 17
[Trainer] No improvement. Iteration 18000. Early stopping counter: 18, LR counter: 18
[Trainer] No improvement. Iteration 18100. Early stopping counter: 19, LR counter: 19
[Trainer] No improvement. Iteration 18200. Early stopping counter: 20, LR counter: 20
[Trainer] No improvement. Iteration 18300. Early stopping counter: 21, LR counter: 21
[Trainer] No improvement. Iteration 18400. Early stopping counter: 22, LR counter: 22
[Trainer] No improvement. Iteration 18500. Early stopping counter: 23, LR counter: 23
[Trainer] No improvement. Iteration 18600. Early stopping counter: 24, LR counter: 24
[Trainer] No improvement. Iteration 18700. Early stopping counter: 25, LR counter: 25
[Trainer] Learning rate reduced to: 0.000000
[Trainer] No improvement. Iteration 18800. Early stopping counter: 26, LR counter: 1
[Trainer] No improvement. Iteration 18900. Early stopping counter: 27, LR counter: 2
[Trainer] No improvement. Iteration 19000. Early stopping counter: 28, LR counter: 3
[Trainer] No improvement. Iteration 19100. Early stopping counter: 29, LR counter: 4
[Trainer] No improvement. Iteration 19200. Early stopping counter: 30, LR counter: 5
[Trainer] No improvement. Iteration 19300. Early stopping counter: 31, LR counter: 6
[Trainer] No improvement. Iteration 19400. Early stopping counter: 32, LR counter: 7
[Trainer] No improvement. Iteration 19500. Early stopping counter: 33, LR counter: 8
[Trainer] No improvement. Iteration 19600. Early stopping counter: 34, LR counter: 9
[Trainer] No improvement. Iteration 19700. Early stopping counter: 35, LR counter: 10
[Trainer] No improvement. Iteration 19800. Early stopping counter: 36, LR counter: 11
[Trainer] No improvement. Iteration 19900. Early stopping counter: 37, LR counter: 12
[Trainer] No improvement. Iteration 20000. Early stopping counter: 38, LR counter: 13
[Trainer] No improvement. Iteration 20100. Early stopping counter: 39, LR counter: 14
[Trainer] No improvement. Iteration 20200. Early stopping counter: 40, LR counter: 15
[Trainer] No improvement. Iteration 20300. Early stopping counter: 41, LR counter: 16
[Trainer] No improvement. Iteration 20700. Early stopping counter: 1, LR counter: 1
[Trainer] No improvement. Iteration 20800. Early stopping counter: 2, LR counter: 2
[Trainer] No improvement. Iteration 20900. Early stopping counter: 3, LR counter: 3
[Trainer] No improvement. Iteration 21000. Early stopping counter: 4, LR counter: 4
[Trainer] No improvement. Iteration 21100. Early stopping counter: 5, LR counter: 5
[Trainer] No improvement. Iteration 21200. Early stopping counter: 6, LR counter: 6
[Trainer] No improvement. Iteration 21300. Early stopping counter: 7, LR counter: 7
[Trainer] No improvement. Iteration 21400. Early stopping counter: 8, LR counter: 8
[Trainer] No improvement. Iteration 21500. Early stopping counter: 9, LR counter: 9
[Trainer] No improvement. Iteration 21600. Early stopping counter: 10, LR counter: 10
[Trainer] No improvement. Iteration 21700. Early stopping counter: 11, LR counter: 11
[Trainer] No improvement. Iteration 21800. Early stopping counter: 12, LR counter: 12
[Trainer] No improvement. Iteration 21900. Early stopping counter: 13, LR counter: 13
[Trainer] No improvement. Iteration 22000. Early stopping counter: 14, LR counter: 14
[Trainer] No improvement. Iteration 22100. Early stopping counter: 15, LR counter: 15
[Trainer] No improvement. Iteration 22200. Early stopping counter: 16, LR counter: 16
[Trainer] No improvement. Iteration 22300. Early stopping counter: 17, LR counter: 17
[Trainer] No improvement. Iteration 22400. Early stopping counter: 18, LR counter: 18
[Trainer] No improvement. Iteration 22500. Early stopping counter: 19, LR counter: 19
[Trainer] No improvement. Iteration 22600. Early stopping counter: 20, LR counter: 20
[Trainer] No improvement. Iteration 22700. Early stopping counter: 21, LR counter: 21
[Trainer] No improvement. Iteration 22800. Early stopping counter: 22, LR counter: 22
[Trainer] No improvement. Iteration 22900. Early stopping counter: 23, LR counter: 23
[Trainer] No improvement. Iteration 23000. Early stopping counter: 24, LR counter: 24
[Trainer] No improvement. Iteration 23100. Early stopping counter: 25, LR counter: 25
[Trainer] Learning rate reduced to: 0.000000
[Trainer] No improvement. Iteration 23200. Early stopping counter: 26, LR counter: 1
[Trainer] No improvement. Iteration 23300. Early stopping counter: 27, LR counter: 2
[Trainer] No improvement. Iteration 23400. Early stopping counter: 28, LR counter: 3
[Trainer] No improvement. Iteration 23500. Early stopping counter: 29, LR counter: 4
[Trainer] No improvement. Iteration 23600. Early stopping counter: 30, LR counter: 5
[Trainer] No improvement. Iteration 23700. Early stopping counter: 31, LR counter: 6
[Trainer] No improvement. Iteration 23800. Early stopping counter: 32, LR counter: 7
[Trainer] No improvement. Iteration 23900. Early stopping counter: 33, LR counter: 8
[Trainer] No improvement. Iteration 24000. Early stopping counter: 34, LR counter: 9
[Trainer] No improvement. Iteration 24100. Early stopping counter: 35, LR counter: 10
[Trainer] No improvement. Iteration 24200. Early stopping counter: 36, LR counter: 11
[Trainer] No improvement. Iteration 24300. Early stopping counter: 37, LR counter: 12
[Trainer] No improvement. Iteration 24400. Early stopping counter: 38, LR counter: 13
[Trainer] No improvement. Iteration 24500. Early stopping counter: 39, LR counter: 14
[Trainer] No improvement. Iteration 24600. Early stopping counter: 40, LR counter: 15
[Trainer] No improvement. Iteration 24700. Early stopping counter: 41, LR counter: 16
[Trainer] No improvement. Iteration 24800. Early stopping counter: 42, LR counter: 17
[Trainer] No improvement. Iteration 24900. Early stopping counter: 43, LR counter: 18
[Trainer] No improvement. Iteration 25000. Early stopping counter: 44, LR counter: 19
[Trainer] No improvement. Iteration 25100. Early stopping counter: 45, LR counter: 20
[Trainer] No improvement. Iteration 25200. Early stopping counter: 46, LR counter: 21
[Trainer] No improvement. Iteration 25300. Early stopping counter: 47, LR counter: 22
[Trainer] No improvement. Iteration 25400. Early stopping counter: 48, LR counter: 23
[Trainer] No improvement. Iteration 25500. Early stopping counter: 49, LR counter: 24
[Trainer] No improvement. Iteration 25600. Early stopping counter: 50, LR counter: 25
[Trainer] Learning rate reduced to: 0.000000
[Trainer] Early stopping triggered.
[Trainer] Training completed.
[Trainer] Calibrating temperatures on validation set...
[Trainer] Temperature calibration finished. Calibrated temperatures: {4: 1.8621230125427246, 6: 1.5210027694702148, 8: 1.508069634437561, 10: 1.5708999633789062}
[Trainer] BNN training completed.
**************************************************
Z=8, N=4, emax=4
RMSE Eb: 0.610
RMSE Rch: 0.009
MAPE Eb: 1.889
MAPE Rch: 0.413
--------------------------------------------------
**************************************************
Z=8, N=4, emax=10
RMSE Eb: 0.848
RMSE Rch: 0.026
MAPE Eb: 1.269
MAPE Rch: 1.215
--------------------------------------------------
**************************************************
Z=8, N=4, emax=6
RMSE Eb: 0.575
RMSE Rch: 0.010
MAPE Eb: 1.061
MAPE Rch: 0.465
--------------------------------------------------
**************************************************
Z=8, N=4, emax=8
RMSE Eb: 0.547
RMSE Rch: 0.016
MAPE Eb: 0.877
MAPE Rch: 0.743
--------------------------------------------------
**************************************************
Z=8, N=5, emax=8
RMSE Eb: 0.624
RMSE Rch: 0.009
MAPE Eb: 0.786
MAPE Rch: 0.469
--------------------------------------------------
**************************************************
Z=8, N=5, emax=6
RMSE Eb: 0.453
RMSE Rch: 0.007
MAPE Eb: 0.663
MAPE Rch: 0.300
--------------------------------------------------
**************************************************
Z=8, N=5, emax=4
RMSE Eb: 0.434
RMSE Rch: 0.007
MAPE Eb: 0.881
MAPE Rch: 0.332
--------------------------------------------------
**************************************************
Z=8, N=5, emax=10
RMSE Eb: 0.386
RMSE Rch: 0.009
MAPE Eb: 0.517
MAPE Rch: 0.528
--------------------------------------------------
**************************************************
Z=8, N=6, emax=4
RMSE Eb: 0.483
RMSE Rch: 0.010
MAPE Eb: 0.710
MAPE Rch: 0.522
--------------------------------------------------
**************************************************
Z=8, N=6, emax=6
RMSE Eb: 0.595
RMSE Rch: 0.007
MAPE Eb: 0.642
MAPE Rch: 0.313
--------------------------------------------------
**************************************************
Z=8, N=6, emax=8
RMSE Eb: 0.909
RMSE Rch: 0.008
MAPE Eb: 0.830
MAPE Rch: 0.410
--------------------------------------------------
**************************************************
Z=8, N=6, emax=10
RMSE Eb: 0.458
RMSE Rch: 0.010
MAPE Eb: 0.432
MAPE Rch: 0.484
--------------------------------------------------
**************************************************
Z=8, N=7, emax=8
RMSE Eb: 0.769
RMSE Rch: 0.007
MAPE Eb: 0.662
MAPE Rch: 0.375
--------------------------------------------------
**************************************************
Z=8, N=7, emax=10
RMSE Eb: 0.602
RMSE Rch: 0.008
MAPE Eb: 0.470
MAPE Rch: 0.387
--------------------------------------------------
**************************************************
Z=8, N=7, emax=6
RMSE Eb: 0.670
RMSE Rch: 0.009
MAPE Eb: 0.625
MAPE Rch: 0.472
--------------------------------------------------
**************************************************
Z=8, N=7, emax=4
RMSE Eb: 0.649
RMSE Rch: 0.010
MAPE Eb: 0.838
MAPE Rch: 0.545
--------------------------------------------------
**************************************************
Z=8, N=8, emax=4
RMSE Eb: 0.492
RMSE Rch: 0.010
MAPE Eb: 0.529
MAPE Rch: 0.292
--------------------------------------------------
**************************************************
Z=8, N=8, emax=8
RMSE Eb: 0.853
RMSE Rch: 0.010
MAPE Eb: 0.699
MAPE Rch: 0.319
--------------------------------------------------
**************************************************
Z=8, N=8, emax=6
RMSE Eb: 0.483
RMSE Rch: 0.008
MAPE Eb: 0.402
MAPE Rch: 0.221
--------------------------------------------------
**************************************************
Z=8, N=8, emax=10
RMSE Eb: 0.696
RMSE Rch: 0.014
MAPE Eb: 0.405
MAPE Rch: 0.420
--------------------------------------------------
**************************************************
Z=8, N=9, emax=8
RMSE Eb: 0.877
RMSE Rch: 0.010
MAPE Eb: 0.647
MAPE Rch: 0.320
--------------------------------------------------
**************************************************
Z=8, N=9, emax=6
RMSE Eb: 0.581
RMSE Rch: 0.009
MAPE Eb: 0.469
MAPE Rch: 0.264
--------------------------------------------------
**************************************************
Z=8, N=9, emax=4
RMSE Eb: 0.476
RMSE Rch: 0.011
MAPE Eb: 0.501
MAPE Rch: 0.344
--------------------------------------------------
**************************************************
Z=8, N=9, emax=10
RMSE Eb: 0.821
RMSE Rch: 0.010
MAPE Eb: 0.627
MAPE Rch: 0.342
--------------------------------------------------
**************************************************
Z=8, N=10, emax=4
RMSE Eb: 0.413
RMSE Rch: 0.010
MAPE Eb: 0.419
MAPE Rch: 0.333
--------------------------------------------------
**************************************************
Z=8, N=10, emax=10
RMSE Eb: 0.508
RMSE Rch: 0.009
MAPE Eb: 0.356
MAPE Rch: 0.270
--------------------------------------------------
**************************************************
Z=8, N=10, emax=6
RMSE Eb: 0.579
RMSE Rch: 0.010
MAPE Eb: 0.475
MAPE Rch: 0.283
--------------------------------------------------
**************************************************
Z=8, N=10, emax=8
RMSE Eb: 0.938
RMSE Rch: 0.009
MAPE Eb: 0.645
MAPE Rch: 0.280
--------------------------------------------------
**************************************************
Z=8, N=11, emax=4
RMSE Eb: 0.486
RMSE Rch: 0.009
MAPE Eb: 0.477
MAPE Rch: 0.297
--------------------------------------------------
**************************************************
Z=8, N=11, emax=6
RMSE Eb: 0.449
RMSE Rch: 0.008
MAPE Eb: 0.338
MAPE Rch: 0.231
--------------------------------------------------
**************************************************
Z=8, N=11, emax=8
RMSE Eb: 0.913
RMSE Rch: 0.009
MAPE Eb: 0.622
MAPE Rch: 0.273
--------------------------------------------------
**************************************************
Z=8, N=11, emax=10
RMSE Eb: 1.023
RMSE Rch: 0.013
MAPE Eb: 0.676
MAPE Rch: 0.340
--------------------------------------------------
**************************************************
Z=8, N=12, emax=6
RMSE Eb: 0.512
RMSE Rch: 0.008
MAPE Eb: 0.382
MAPE Rch: 0.233
--------------------------------------------------
**************************************************
Z=8, N=12, emax=4
RMSE Eb: 0.465
RMSE Rch: 0.011
MAPE Eb: 0.473
MAPE Rch: 0.343
--------------------------------------------------
**************************************************
Z=8, N=12, emax=8
RMSE Eb: 0.741
RMSE Rch: 0.007
MAPE Eb: 0.496
MAPE Rch: 0.211
--------------------------------------------------
**************************************************
Z=8, N=12, emax=10
RMSE Eb: 0.631
RMSE Rch: 0.010
MAPE Eb: 0.437
MAPE Rch: 0.265
--------------------------------------------------
**************************************************
Z=8, N=13, emax=8
RMSE Eb: 0.858
RMSE Rch: 0.009
MAPE Eb: 0.536
MAPE Rch: 0.293
--------------------------------------------------
**************************************************
Z=8, N=13, emax=4
RMSE Eb: 0.480
RMSE Rch: 0.010
MAPE Eb: 0.498
MAPE Rch: 0.316
--------------------------------------------------
**************************************************
Z=8, N=13, emax=10
RMSE Eb: 0.508
RMSE Rch: 0.010
MAPE Eb: 0.325
MAPE Rch: 0.280
--------------------------------------------------
**************************************************
Z=8, N=13, emax=6
RMSE Eb: 0.496
RMSE Rch: 0.007
MAPE Eb: 0.354
MAPE Rch: 0.208
--------------------------------------------------
**************************************************
Z=8, N=14, emax=8
RMSE Eb: 0.854
RMSE Rch: 0.012
MAPE Eb: 0.529
MAPE Rch: 0.288
--------------------------------------------------
**************************************************
Z=8, N=14, emax=4
RMSE Eb: 0.494
RMSE Rch: 0.011
MAPE Eb: 0.477
MAPE Rch: 0.315
--------------------------------------------------
**************************************************
Z=8, N=14, emax=6
RMSE Eb: 0.596
RMSE Rch: 0.009
MAPE Eb: 0.417
MAPE Rch: 0.251
--------------------------------------------------
**************************************************
Z=8, N=14, emax=10
RMSE Eb: 0.484
RMSE Rch: 0.011
MAPE Eb: 0.327
MAPE Rch: 0.287
--------------------------------------------------
**************************************************
Z=8, N=15, emax=8
RMSE Eb: 0.953
RMSE Rch: 0.009
MAPE Eb: 0.597
MAPE Rch: 0.272
--------------------------------------------------
**************************************************
Z=8, N=15, emax=4
RMSE Eb: 0.644
RMSE Rch: 0.010
MAPE Eb: 0.592
MAPE Rch: 0.314
--------------------------------------------------
**************************************************
Z=8, N=15, emax=6
RMSE Eb: 0.649
RMSE Rch: 0.008
MAPE Eb: 0.464
MAPE Rch: 0.219
--------------------------------------------------
**************************************************
Z=8, N=15, emax=10
RMSE Eb: 0.670
RMSE Rch: 0.008
MAPE Eb: 0.385
MAPE Rch: 0.241
--------------------------------------------------
**************************************************
Z=8, N=16, emax=8
RMSE Eb: 0.739
RMSE Rch: 0.008
MAPE Eb: 0.476
MAPE Rch: 0.231
--------------------------------------------------
**************************************************
Z=8, N=16, emax=6
RMSE Eb: 0.540
RMSE Rch: 0.009
MAPE Eb: 0.380
MAPE Rch: 0.271
--------------------------------------------------
**************************************************
Z=8, N=16, emax=10
RMSE Eb: 0.839
RMSE Rch: 0.010
MAPE Eb: 0.490
MAPE Rch: 0.260
--------------------------------------------------
**************************************************
Z=8, N=16, emax=4
RMSE Eb: 0.599
RMSE Rch: 0.013
MAPE Eb: 0.601
MAPE Rch: 0.377
--------------------------------------------------
Finished VAL for AE n=364
**************************************************
Z=8, N=4, emax=6
RMSE Eb: 0.565
RMSE Rch: 0.010
MAPE Eb: 1.075
MAPE Rch: 0.450
--------------------------------------------------
**************************************************
Z=8, N=4, emax=8
RMSE Eb: 0.639
RMSE Rch: 0.013
MAPE Eb: 1.057
MAPE Rch: 0.622
--------------------------------------------------
**************************************************
Z=8, N=4, emax=4
RMSE Eb: 0.516
RMSE Rch: 0.009
MAPE Eb: 1.455
MAPE Rch: 0.452
--------------------------------------------------
**************************************************
Z=8, N=4, emax=10
RMSE Eb: 1.061
RMSE Rch: 0.018
MAPE Eb: 1.514
MAPE Rch: 0.941
--------------------------------------------------
**************************************************
Z=8, N=5, emax=4
RMSE Eb: 0.463
RMSE Rch: 0.007
MAPE Eb: 0.935
MAPE Rch: 0.343
--------------------------------------------------
**************************************************
Z=8, N=5, emax=8
RMSE Eb: 0.594
RMSE Rch: 0.012
MAPE Eb: 0.756
MAPE Rch: 0.606
--------------------------------------------------
**************************************************
Z=8, N=5, emax=6
RMSE Eb: 0.534
RMSE Rch: 0.007
MAPE Eb: 0.815
MAPE Rch: 0.319
--------------------------------------------------
**************************************************
Z=8, N=5, emax=10
RMSE Eb: 0.911
RMSE Rch: 0.018
MAPE Eb: 1.239
MAPE Rch: 0.813
--------------------------------------------------
**************************************************
Z=8, N=6, emax=4
RMSE Eb: 0.481
RMSE Rch: 0.010
MAPE Eb: 0.703
MAPE Rch: 0.492
--------------------------------------------------
**************************************************
Z=8, N=6, emax=8
RMSE Eb: 0.814
RMSE Rch: 0.014
MAPE Eb: 0.708
MAPE Rch: 0.611
--------------------------------------------------
**************************************************
Z=8, N=6, emax=6
RMSE Eb: 0.590
RMSE Rch: 0.007
MAPE Eb: 0.626
MAPE Rch: 0.329
--------------------------------------------------
**************************************************
Z=8, N=6, emax=10
RMSE Eb: 0.566
RMSE Rch: 0.013
MAPE Eb: 0.533
MAPE Rch: 0.737
--------------------------------------------------
**************************************************
Z=8, N=7, emax=4
RMSE Eb: 0.615
RMSE Rch: 0.010
MAPE Eb: 0.700
MAPE Rch: 0.530
--------------------------------------------------
**************************************************
Z=8, N=7, emax=8
RMSE Eb: 0.809
RMSE Rch: 0.008
MAPE Eb: 0.659
MAPE Rch: 0.420
--------------------------------------------------
**************************************************
Z=8, N=7, emax=6
RMSE Eb: 0.769
RMSE Rch: 0.008
MAPE Eb: 0.731
MAPE Rch: 0.396
--------------------------------------------------
**************************************************
Z=8, N=7, emax=10
RMSE Eb: 0.678
RMSE Rch: 0.009
MAPE Eb: 0.573
MAPE Rch: 0.515
--------------------------------------------------
**************************************************
Z=8, N=8, emax=4
RMSE Eb: 0.504
RMSE Rch: 0.007
MAPE Eb: 0.508
MAPE Rch: 0.206
--------------------------------------------------
**************************************************
Z=8, N=8, emax=6
RMSE Eb: 0.641
RMSE Rch: 0.006
MAPE Eb: 0.526
MAPE Rch: 0.181
--------------------------------------------------
**************************************************
Z=8, N=8, emax=8
RMSE Eb: 0.711
RMSE Rch: 0.010
MAPE Eb: 0.530
MAPE Rch: 0.335
--------------------------------------------------
**************************************************
Z=8, N=8, emax=10
RMSE Eb: 0.479
RMSE Rch: 0.011
MAPE Eb: 0.362
MAPE Rch: 0.268
--------------------------------------------------
**************************************************
Z=8, N=9, emax=4
RMSE Eb: 0.534
RMSE Rch: 0.010
MAPE Eb: 0.584
MAPE Rch: 0.312
--------------------------------------------------
**************************************************
Z=8, N=9, emax=8
RMSE Eb: 0.952
RMSE Rch: 0.011
MAPE Eb: 0.743
MAPE Rch: 0.334
--------------------------------------------------
**************************************************
Z=8, N=9, emax=6
RMSE Eb: 0.508
RMSE Rch: 0.008
MAPE Eb: 0.415
MAPE Rch: 0.214
--------------------------------------------------
**************************************************
Z=8, N=9, emax=10
RMSE Eb: 0.749
RMSE Rch: 0.012
MAPE Eb: 0.476
MAPE Rch: 0.369
--------------------------------------------------
**************************************************
Z=8, N=10, emax=4
RMSE Eb: 0.457
RMSE Rch: 0.011
MAPE Eb: 0.439
MAPE Rch: 0.328
--------------------------------------------------
**************************************************
Z=8, N=10, emax=6
RMSE Eb: 0.510
RMSE Rch: 0.009
MAPE Eb: 0.391
MAPE Rch: 0.259
--------------------------------------------------
**************************************************
Z=8, N=10, emax=8
RMSE Eb: 0.809
RMSE Rch: 0.010
MAPE Eb: 0.602
MAPE Rch: 0.318
--------------------------------------------------
**************************************************
Z=8, N=10, emax=10
RMSE Eb: 0.375
RMSE Rch: 0.015
MAPE Eb: 0.292
MAPE Rch: 0.489
--------------------------------------------------
**************************************************
Z=8, N=11, emax=8
RMSE Eb: 0.846
RMSE Rch: 0.008
MAPE Eb: 0.602
MAPE Rch: 0.247
--------------------------------------------------
**************************************************
Z=8, N=11, emax=4
RMSE Eb: 0.440
RMSE Rch: 0.009
MAPE Eb: 0.442
MAPE Rch: 0.279
--------------------------------------------------
**************************************************
Z=8, N=11, emax=6
RMSE Eb: 0.429
RMSE Rch: 0.008
MAPE Eb: 0.333
MAPE Rch: 0.237
--------------------------------------------------
**************************************************
Z=8, N=11, emax=10
RMSE Eb: 0.671
RMSE Rch: 0.009
MAPE Eb: 0.357
MAPE Rch: 0.271
--------------------------------------------------
**************************************************
Z=8, N=12, emax=6
RMSE Eb: 0.515
RMSE Rch: 0.009
MAPE Eb: 0.390
MAPE Rch: 0.272
--------------------------------------------------
**************************************************
Z=8, N=12, emax=8
RMSE Eb: 0.705
RMSE Rch: 0.008
MAPE Eb: 0.438
MAPE Rch: 0.256
--------------------------------------------------
**************************************************
Z=8, N=12, emax=4
RMSE Eb: 0.404
RMSE Rch: 0.011
MAPE Eb: 0.406
MAPE Rch: 0.337
--------------------------------------------------
**************************************************
Z=8, N=12, emax=10
RMSE Eb: 0.644
RMSE Rch: 0.009
MAPE Eb: 0.365
MAPE Rch: 0.272
--------------------------------------------------
**************************************************
Z=8, N=13, emax=8
RMSE Eb: 0.796
RMSE Rch: 0.008
MAPE Eb: 0.517
MAPE Rch: 0.254
--------------------------------------------------
**************************************************
Z=8, N=13, emax=4
RMSE Eb: 0.457
RMSE Rch: 0.010
MAPE Eb: 0.447
MAPE Rch: 0.314
--------------------------------------------------
**************************************************
Z=8, N=13, emax=6
RMSE Eb: 0.488
RMSE Rch: 0.008
MAPE Eb: 0.353
MAPE Rch: 0.232
--------------------------------------------------
**************************************************
Z=8, N=13, emax=10
RMSE Eb: 0.633
RMSE Rch: 0.008
MAPE Eb: 0.399
MAPE Rch: 0.254
--------------------------------------------------
**************************************************
Z=8, N=14, emax=6
RMSE Eb: 0.520
RMSE Rch: 0.007
MAPE Eb: 0.367
MAPE Rch: 0.209
--------------------------------------------------
**************************************************
Z=8, N=14, emax=10
RMSE Eb: 0.618
RMSE Rch: 0.011
MAPE Eb: 0.364
MAPE Rch: 0.280
--------------------------------------------------
**************************************************
Z=8, N=14, emax=4
RMSE Eb: 0.531
RMSE Rch: 0.012
MAPE Eb: 0.541
MAPE Rch: 0.357
--------------------------------------------------
**************************************************
Z=8, N=14, emax=8
RMSE Eb: 0.907
RMSE Rch: 0.009
MAPE Eb: 0.549
MAPE Rch: 0.220
--------------------------------------------------
**************************************************
Z=8, N=15, emax=8
RMSE Eb: 0.893
RMSE Rch: 0.010
MAPE Eb: 0.571
MAPE Rch: 0.308
--------------------------------------------------
**************************************************
Z=8, N=15, emax=6
RMSE Eb: 0.554
RMSE Rch: 0.009
MAPE Eb: 0.385
MAPE Rch: 0.251
--------------------------------------------------
**************************************************
Z=8, N=15, emax=4
RMSE Eb: 0.486
RMSE Rch: 0.011
MAPE Eb: 0.482
MAPE Rch: 0.316
--------------------------------------------------
**************************************************
Z=8, N=15, emax=10
RMSE Eb: 0.605
RMSE Rch: 0.010
MAPE Eb: 0.370
MAPE Rch: 0.302
--------------------------------------------------
**************************************************
Z=8, N=16, emax=4
RMSE Eb: 0.591
RMSE Rch: 0.013
MAPE Eb: 0.595
MAPE Rch: 0.382
--------------------------------------------------
**************************************************
Z=8, N=16, emax=8
RMSE Eb: 0.774
RMSE Rch: 0.009
MAPE Eb: 0.478
MAPE Rch: 0.248
--------------------------------------------------
**************************************************
Z=8, N=16, emax=6
RMSE Eb: 0.710
RMSE Rch: 0.009
MAPE Eb: 0.496
MAPE Rch: 0.275
--------------------------------------------------
**************************************************
Z=8, N=16, emax=10
RMSE Eb: 0.567
RMSE Rch: 0.010
MAPE Eb: 0.291
MAPE Rch: 0.292
--------------------------------------------------
