Activated conda environment
[DataLoader] Found 13 files matching the pattern.
[DataLoader] Combined data shape: (17234, 35)
[Preprocess] Data split => train: (11029, 35), val: (2758, 35), test: (3447, 35)
[Preprocess] Processed fidelity 4 (index 0): 3758 samples.
[Preprocess] Processed fidelity 6 (index 1): 3346 samples.
[Preprocess] Processed fidelity 8 (index 2): 3194 samples.
[Preprocess] Processed fidelity 10 (index 3): 731 samples.
[Preprocess] Processed fidelity 4 (index 0): 949 samples.
[Preprocess] Processed fidelity 6 (index 1): 833 samples.
[Preprocess] Processed fidelity 8 (index 2): 801 samples.
[Preprocess] Processed fidelity 10 (index 3): 175 samples.
Fidelity levels: [4, 6, 8, 10]
[Trainer] Starting BNN training...
[Trainer] No improvement. Iteration 8500. Early stopping counter: 1, LR counter: 1
[Trainer] No improvement. Iteration 8600. Early stopping counter: 2, LR counter: 2
[Trainer] No improvement. Iteration 8700. Early stopping counter: 3, LR counter: 3
[Trainer] No improvement. Iteration 8900. Early stopping counter: 1, LR counter: 1
[Trainer] No improvement. Iteration 9000. Early stopping counter: 2, LR counter: 2
[Trainer] No improvement. Iteration 10400. Early stopping counter: 1, LR counter: 1
[Trainer] No improvement. Iteration 10500. Early stopping counter: 2, LR counter: 2
[Trainer] No improvement. Iteration 10600. Early stopping counter: 3, LR counter: 3
[Trainer] No improvement. Iteration 10700. Early stopping counter: 4, LR counter: 4
[Trainer] No improvement. Iteration 10800. Early stopping counter: 5, LR counter: 5
[Trainer] No improvement. Iteration 10900. Early stopping counter: 6, LR counter: 6
[Trainer] No improvement. Iteration 11000. Early stopping counter: 7, LR counter: 7
[Trainer] No improvement. Iteration 11100. Early stopping counter: 8, LR counter: 8
[Trainer] No improvement. Iteration 11200. Early stopping counter: 9, LR counter: 9
[Trainer] No improvement. Iteration 11300. Early stopping counter: 10, LR counter: 10
[Trainer] No improvement. Iteration 11400. Early stopping counter: 11, LR counter: 11
[Trainer] No improvement. Iteration 11500. Early stopping counter: 12, LR counter: 12
[Trainer] No improvement. Iteration 11600. Early stopping counter: 13, LR counter: 13
[Trainer] No improvement. Iteration 11700. Early stopping counter: 14, LR counter: 14
[Trainer] No improvement. Iteration 11800. Early stopping counter: 15, LR counter: 15
[Trainer] No improvement. Iteration 11900. Early stopping counter: 16, LR counter: 16
[Trainer] No improvement. Iteration 12000. Early stopping counter: 17, LR counter: 17
[Trainer] No improvement. Iteration 12100. Early stopping counter: 18, LR counter: 18
[Trainer] No improvement. Iteration 12200. Early stopping counter: 19, LR counter: 19
[Trainer] No improvement. Iteration 12300. Early stopping counter: 20, LR counter: 20
[Trainer] No improvement. Iteration 12400. Early stopping counter: 21, LR counter: 21
[Trainer] No improvement. Iteration 12500. Early stopping counter: 22, LR counter: 22
[Trainer] No improvement. Iteration 12600. Early stopping counter: 23, LR counter: 23
[Trainer] No improvement. Iteration 12700. Early stopping counter: 24, LR counter: 24
[Trainer] No improvement. Iteration 12800. Early stopping counter: 25, LR counter: 25
[Trainer] Learning rate reduced to: 0.000010
[Trainer] No improvement. Iteration 12900. Early stopping counter: 26, LR counter: 1
[Trainer] No improvement. Iteration 13000. Early stopping counter: 27, LR counter: 2
[Trainer] No improvement. Iteration 13100. Early stopping counter: 28, LR counter: 3
[Trainer] No improvement. Iteration 13200. Early stopping counter: 29, LR counter: 4
[Trainer] No improvement. Iteration 13300. Early stopping counter: 30, LR counter: 5
[Trainer] No improvement. Iteration 13400. Early stopping counter: 31, LR counter: 6
[Trainer] No improvement. Iteration 13500. Early stopping counter: 32, LR counter: 7
[Trainer] No improvement. Iteration 13600. Early stopping counter: 33, LR counter: 8
[Trainer] No improvement. Iteration 13700. Early stopping counter: 34, LR counter: 9
[Trainer] No improvement. Iteration 13800. Early stopping counter: 35, LR counter: 10
[Trainer] No improvement. Iteration 13900. Early stopping counter: 36, LR counter: 11
[Trainer] No improvement. Iteration 14000. Early stopping counter: 37, LR counter: 12
[Trainer] No improvement. Iteration 14100. Early stopping counter: 38, LR counter: 13
[Trainer] No improvement. Iteration 14200. Early stopping counter: 39, LR counter: 14
[Trainer] No improvement. Iteration 14300. Early stopping counter: 40, LR counter: 15
[Trainer] No improvement. Iteration 14400. Early stopping counter: 41, LR counter: 16
[Trainer] No improvement. Iteration 14500. Early stopping counter: 42, LR counter: 17
[Trainer] No improvement. Iteration 14600. Early stopping counter: 43, LR counter: 18
[Trainer] No improvement. Iteration 14700. Early stopping counter: 44, LR counter: 19
[Trainer] No improvement. Iteration 14800. Early stopping counter: 45, LR counter: 20
[Trainer] No improvement. Iteration 14900. Early stopping counter: 46, LR counter: 21
[Trainer] No improvement. Iteration 15000. Early stopping counter: 47, LR counter: 22
[Trainer] No improvement. Iteration 15100. Early stopping counter: 48, LR counter: 23
[Trainer] No improvement. Iteration 15600. Early stopping counter: 1, LR counter: 1
[Trainer] No improvement. Iteration 16000. Early stopping counter: 1, LR counter: 1
[Trainer] No improvement. Iteration 16100. Early stopping counter: 2, LR counter: 2
[Trainer] No improvement. Iteration 16200. Early stopping counter: 3, LR counter: 3
[Trainer] No improvement. Iteration 16300. Early stopping counter: 4, LR counter: 4
[Trainer] No improvement. Iteration 16400. Early stopping counter: 5, LR counter: 5
[Trainer] No improvement. Iteration 16500. Early stopping counter: 6, LR counter: 6
[Trainer] No improvement. Iteration 16600. Early stopping counter: 7, LR counter: 7
[Trainer] No improvement. Iteration 16700. Early stopping counter: 8, LR counter: 8
[Trainer] No improvement. Iteration 16800. Early stopping counter: 9, LR counter: 9
[Trainer] No improvement. Iteration 16900. Early stopping counter: 10, LR counter: 10
[Trainer] No improvement. Iteration 17000. Early stopping counter: 11, LR counter: 11
[Trainer] No improvement. Iteration 17100. Early stopping counter: 12, LR counter: 12
[Trainer] No improvement. Iteration 17200. Early stopping counter: 13, LR counter: 13
[Trainer] No improvement. Iteration 17300. Early stopping counter: 14, LR counter: 14
[Trainer] No improvement. Iteration 17400. Early stopping counter: 15, LR counter: 15
[Trainer] No improvement. Iteration 17500. Early stopping counter: 16, LR counter: 16
[Trainer] No improvement. Iteration 17600. Early stopping counter: 17, LR counter: 17
[Trainer] No improvement. Iteration 17700. Early stopping counter: 18, LR counter: 18
[Trainer] No improvement. Iteration 17800. Early stopping counter: 19, LR counter: 19
[Trainer] No improvement. Iteration 17900. Early stopping counter: 20, LR counter: 20
[Trainer] No improvement. Iteration 18000. Early stopping counter: 21, LR counter: 21
[Trainer] No improvement. Iteration 18100. Early stopping counter: 22, LR counter: 22
[Trainer] No improvement. Iteration 18200. Early stopping counter: 23, LR counter: 23
[Trainer] No improvement. Iteration 18300. Early stopping counter: 24, LR counter: 24
[Trainer] No improvement. Iteration 18400. Early stopping counter: 25, LR counter: 25
[Trainer] Learning rate reduced to: 0.000001
[Trainer] No improvement. Iteration 18500. Early stopping counter: 26, LR counter: 1
[Trainer] No improvement. Iteration 18600. Early stopping counter: 27, LR counter: 2
[Trainer] No improvement. Iteration 18700. Early stopping counter: 28, LR counter: 3
[Trainer] No improvement. Iteration 18800. Early stopping counter: 29, LR counter: 4
[Trainer] No improvement. Iteration 18900. Early stopping counter: 30, LR counter: 5
[Trainer] No improvement. Iteration 19000. Early stopping counter: 31, LR counter: 6
[Trainer] No improvement. Iteration 19100. Early stopping counter: 32, LR counter: 7
[Trainer] No improvement. Iteration 19200. Early stopping counter: 33, LR counter: 8
[Trainer] No improvement. Iteration 19300. Early stopping counter: 34, LR counter: 9
[Trainer] No improvement. Iteration 19400. Early stopping counter: 35, LR counter: 10
[Trainer] No improvement. Iteration 19500. Early stopping counter: 36, LR counter: 11
[Trainer] No improvement. Iteration 19600. Early stopping counter: 37, LR counter: 12
[Trainer] No improvement. Iteration 19700. Early stopping counter: 38, LR counter: 13
[Trainer] No improvement. Iteration 19800. Early stopping counter: 39, LR counter: 14
[Trainer] No improvement. Iteration 19900. Early stopping counter: 40, LR counter: 15
[Trainer] No improvement. Iteration 20100. Early stopping counter: 1, LR counter: 1
[Trainer] No improvement. Iteration 20200. Early stopping counter: 2, LR counter: 2
[Trainer] No improvement. Iteration 20300. Early stopping counter: 3, LR counter: 3
[Trainer] No improvement. Iteration 20400. Early stopping counter: 4, LR counter: 4
[Trainer] No improvement. Iteration 20500. Early stopping counter: 5, LR counter: 5
[Trainer] No improvement. Iteration 20600. Early stopping counter: 6, LR counter: 6
[Trainer] No improvement. Iteration 20700. Early stopping counter: 7, LR counter: 7
[Trainer] No improvement. Iteration 20900. Early stopping counter: 1, LR counter: 1
[Trainer] No improvement. Iteration 21000. Early stopping counter: 2, LR counter: 2
[Trainer] No improvement. Iteration 21100. Early stopping counter: 3, LR counter: 3
[Trainer] No improvement. Iteration 21200. Early stopping counter: 4, LR counter: 4
[Trainer] No improvement. Iteration 21300. Early stopping counter: 5, LR counter: 5
[Trainer] No improvement. Iteration 21400. Early stopping counter: 6, LR counter: 6
[Trainer] No improvement. Iteration 21500. Early stopping counter: 7, LR counter: 7
[Trainer] No improvement. Iteration 21600. Early stopping counter: 8, LR counter: 8
[Trainer] No improvement. Iteration 21700. Early stopping counter: 9, LR counter: 9
[Trainer] No improvement. Iteration 21800. Early stopping counter: 10, LR counter: 10
[Trainer] No improvement. Iteration 21900. Early stopping counter: 11, LR counter: 11
[Trainer] No improvement. Iteration 22000. Early stopping counter: 12, LR counter: 12
[Trainer] No improvement. Iteration 22100. Early stopping counter: 13, LR counter: 13
[Trainer] No improvement. Iteration 22200. Early stopping counter: 14, LR counter: 14
[Trainer] No improvement. Iteration 22300. Early stopping counter: 15, LR counter: 15
[Trainer] No improvement. Iteration 22400. Early stopping counter: 16, LR counter: 16
[Trainer] No improvement. Iteration 22500. Early stopping counter: 17, LR counter: 17
[Trainer] No improvement. Iteration 22600. Early stopping counter: 18, LR counter: 18
[Trainer] No improvement. Iteration 22700. Early stopping counter: 19, LR counter: 19
[Trainer] No improvement. Iteration 22800. Early stopping counter: 20, LR counter: 20
[Trainer] No improvement. Iteration 22900. Early stopping counter: 21, LR counter: 21
[Trainer] No improvement. Iteration 23000. Early stopping counter: 22, LR counter: 22
[Trainer] No improvement. Iteration 23100. Early stopping counter: 23, LR counter: 23
[Trainer] No improvement. Iteration 23200. Early stopping counter: 24, LR counter: 24
[Trainer] No improvement. Iteration 23300. Early stopping counter: 25, LR counter: 25
[Trainer] Learning rate reduced to: 0.000000
[Trainer] No improvement. Iteration 23400. Early stopping counter: 26, LR counter: 1
[Trainer] No improvement. Iteration 23500. Early stopping counter: 27, LR counter: 2
[Trainer] No improvement. Iteration 23600. Early stopping counter: 28, LR counter: 3
[Trainer] No improvement. Iteration 23700. Early stopping counter: 29, LR counter: 4
[Trainer] No improvement. Iteration 23800. Early stopping counter: 30, LR counter: 5
[Trainer] No improvement. Iteration 23900. Early stopping counter: 31, LR counter: 6
[Trainer] No improvement. Iteration 24000. Early stopping counter: 32, LR counter: 7
[Trainer] No improvement. Iteration 24100. Early stopping counter: 33, LR counter: 8
[Trainer] No improvement. Iteration 24200. Early stopping counter: 34, LR counter: 9
[Trainer] No improvement. Iteration 24300. Early stopping counter: 35, LR counter: 10
[Trainer] No improvement. Iteration 25000. Early stopping counter: 1, LR counter: 1
[Trainer] No improvement. Iteration 25100. Early stopping counter: 2, LR counter: 2
[Trainer] No improvement. Iteration 25200. Early stopping counter: 3, LR counter: 3
[Trainer] No improvement. Iteration 25300. Early stopping counter: 4, LR counter: 4
[Trainer] No improvement. Iteration 25400. Early stopping counter: 5, LR counter: 5
[Trainer] No improvement. Iteration 25500. Early stopping counter: 6, LR counter: 6
[Trainer] No improvement. Iteration 25600. Early stopping counter: 7, LR counter: 7
[Trainer] No improvement. Iteration 25700. Early stopping counter: 8, LR counter: 8
[Trainer] No improvement. Iteration 25800. Early stopping counter: 9, LR counter: 9
[Trainer] No improvement. Iteration 25900. Early stopping counter: 10, LR counter: 10
[Trainer] No improvement. Iteration 26000. Early stopping counter: 11, LR counter: 11
[Trainer] No improvement. Iteration 26100. Early stopping counter: 12, LR counter: 12
[Trainer] No improvement. Iteration 26200. Early stopping counter: 13, LR counter: 13
[Trainer] No improvement. Iteration 26300. Early stopping counter: 14, LR counter: 14
[Trainer] No improvement. Iteration 26400. Early stopping counter: 15, LR counter: 15
[Trainer] No improvement. Iteration 26800. Early stopping counter: 1, LR counter: 1
[Trainer] No improvement. Iteration 26900. Early stopping counter: 2, LR counter: 2
[Trainer] No improvement. Iteration 27000. Early stopping counter: 3, LR counter: 3
[Trainer] No improvement. Iteration 27100. Early stopping counter: 4, LR counter: 4
[Trainer] No improvement. Iteration 27200. Early stopping counter: 5, LR counter: 5
[Trainer] No improvement. Iteration 27300. Early stopping counter: 6, LR counter: 6
[Trainer] No improvement. Iteration 27400. Early stopping counter: 7, LR counter: 7
[Trainer] No improvement. Iteration 27500. Early stopping counter: 8, LR counter: 8
[Trainer] No improvement. Iteration 27600. Early stopping counter: 9, LR counter: 9
[Trainer] No improvement. Iteration 27700. Early stopping counter: 10, LR counter: 10
[Trainer] No improvement. Iteration 27800. Early stopping counter: 11, LR counter: 11
[Trainer] No improvement. Iteration 27900. Early stopping counter: 12, LR counter: 12
[Trainer] No improvement. Iteration 28000. Early stopping counter: 13, LR counter: 13
[Trainer] No improvement. Iteration 28100. Early stopping counter: 14, LR counter: 14
[Trainer] No improvement. Iteration 28200. Early stopping counter: 15, LR counter: 15
[Trainer] No improvement. Iteration 28300. Early stopping counter: 16, LR counter: 16
[Trainer] No improvement. Iteration 28400. Early stopping counter: 17, LR counter: 17
[Trainer] No improvement. Iteration 28500. Early stopping counter: 18, LR counter: 18
[Trainer] No improvement. Iteration 28600. Early stopping counter: 19, LR counter: 19
[Trainer] No improvement. Iteration 28700. Early stopping counter: 20, LR counter: 20
[Trainer] No improvement. Iteration 28800. Early stopping counter: 21, LR counter: 21
[Trainer] No improvement. Iteration 28900. Early stopping counter: 22, LR counter: 22
[Trainer] No improvement. Iteration 29000. Early stopping counter: 23, LR counter: 23
[Trainer] No improvement. Iteration 29100. Early stopping counter: 24, LR counter: 24
[Trainer] No improvement. Iteration 29200. Early stopping counter: 25, LR counter: 25
[Trainer] Learning rate reduced to: 0.000000
[Trainer] No improvement. Iteration 29300. Early stopping counter: 26, LR counter: 1
[Trainer] No improvement. Iteration 29400. Early stopping counter: 27, LR counter: 2
[Trainer] No improvement. Iteration 29500. Early stopping counter: 28, LR counter: 3
[Trainer] No improvement. Iteration 29600. Early stopping counter: 29, LR counter: 4
[Trainer] No improvement. Iteration 29700. Early stopping counter: 30, LR counter: 5
[Trainer] No improvement. Iteration 29800. Early stopping counter: 31, LR counter: 6
[Trainer] No improvement. Iteration 29900. Early stopping counter: 32, LR counter: 7
[Trainer] No improvement. Iteration 30000. Early stopping counter: 33, LR counter: 8
[Trainer] Training completed.
[Trainer] Calibrating temperatures on validation set...
[Trainer] Temperature calibration finished. Calibrated temperatures: {4: 1.1419267654418945, 6: 0.9495531320571899, 8: 1.202582597732544, 10: 1.2831931114196777}
[Trainer] BNN training completed.
**************************************************
Z=8, N=4, emax=4
RMSE Eb: 0.804
RMSE Rch: 0.014
MAPE Eb: 2.199
MAPE Rch: 0.626
--------------------------------------------------
**************************************************
Z=8, N=4, emax=10
RMSE Eb: 1.768
RMSE Rch: 0.054
MAPE Eb: 2.753
MAPE Rch: 2.472
--------------------------------------------------
**************************************************
Z=8, N=4, emax=6
RMSE Eb: 0.865
RMSE Rch: 0.020
MAPE Eb: 1.723
MAPE Rch: 1.029
--------------------------------------------------
**************************************************
Z=8, N=4, emax=8
RMSE Eb: 1.116
RMSE Rch: 0.022
MAPE Eb: 1.843
MAPE Rch: 0.971
--------------------------------------------------
**************************************************
Z=8, N=5, emax=8
RMSE Eb: 1.295
RMSE Rch: 0.018
MAPE Eb: 1.490
MAPE Rch: 0.911
--------------------------------------------------
**************************************************
Z=8, N=5, emax=6
RMSE Eb: 0.781
RMSE Rch: 0.024
MAPE Eb: 1.005
MAPE Rch: 1.249
--------------------------------------------------
**************************************************
Z=8, N=5, emax=4
RMSE Eb: 0.635
RMSE Rch: 0.011
MAPE Eb: 1.351
MAPE Rch: 0.508
--------------------------------------------------
**************************************************
Z=8, N=5, emax=10
RMSE Eb: 0.985
RMSE Rch: 0.026
MAPE Eb: 1.070
MAPE Rch: 1.456
--------------------------------------------------
**************************************************
Z=8, N=6, emax=4
RMSE Eb: 0.457
RMSE Rch: 0.014
MAPE Eb: 0.668
MAPE Rch: 0.706
--------------------------------------------------
**************************************************
Z=8, N=6, emax=6
RMSE Eb: 0.849
RMSE Rch: 0.020
MAPE Eb: 0.951
MAPE Rch: 1.075
--------------------------------------------------
**************************************************
Z=8, N=6, emax=8
RMSE Eb: 1.147
RMSE Rch: 0.023
MAPE Eb: 1.058
MAPE Rch: 1.146
--------------------------------------------------
**************************************************
Z=8, N=6, emax=10
RMSE Eb: 0.765
RMSE Rch: 0.018
MAPE Eb: 0.685
MAPE Rch: 0.947
--------------------------------------------------
**************************************************
Z=8, N=7, emax=8
RMSE Eb: 1.060
RMSE Rch: 0.021
MAPE Eb: 0.872
MAPE Rch: 1.166
--------------------------------------------------
**************************************************
Z=8, N=7, emax=10
RMSE Eb: 1.105
RMSE Rch: 0.022
MAPE Eb: 0.915
MAPE Rch: 1.230
--------------------------------------------------
**************************************************
Z=8, N=7, emax=6
RMSE Eb: 1.208
RMSE Rch: 0.021
MAPE Eb: 1.136
MAPE Rch: 1.139
--------------------------------------------------
**************************************************
Z=8, N=7, emax=4
RMSE Eb: 0.882
RMSE Rch: 0.018
MAPE Eb: 1.048
MAPE Rch: 0.956
--------------------------------------------------
**************************************************
Z=8, N=8, emax=4
RMSE Eb: 0.517
RMSE Rch: 0.011
MAPE Eb: 0.558
MAPE Rch: 0.301
--------------------------------------------------
**************************************************
Z=8, N=8, emax=8
RMSE Eb: 1.078
RMSE Rch: 0.015
MAPE Eb: 0.892
MAPE Rch: 0.415
--------------------------------------------------
**************************************************
Z=8, N=8, emax=6
RMSE Eb: 0.848
RMSE Rch: 0.016
MAPE Eb: 0.757
MAPE Rch: 0.437
--------------------------------------------------
**************************************************
Z=8, N=8, emax=10
RMSE Eb: 1.565
RMSE Rch: 0.015
MAPE Eb: 1.245
MAPE Rch: 0.399
--------------------------------------------------
**************************************************
Z=8, N=9, emax=8
RMSE Eb: 0.843
RMSE Rch: 0.010
MAPE Eb: 0.644
MAPE Rch: 0.270
--------------------------------------------------
**************************************************
Z=8, N=9, emax=6
RMSE Eb: 0.764
RMSE Rch: 0.013
MAPE Eb: 0.659
MAPE Rch: 0.390
--------------------------------------------------
**************************************************
Z=8, N=9, emax=4
RMSE Eb: 0.521
RMSE Rch: 0.009
MAPE Eb: 0.578
MAPE Rch: 0.247
--------------------------------------------------
**************************************************
Z=8, N=9, emax=10
RMSE Eb: 1.278
RMSE Rch: 0.011
MAPE Eb: 1.087
MAPE Rch: 0.299
--------------------------------------------------
**************************************************
Z=8, N=10, emax=4
RMSE Eb: 0.549
RMSE Rch: 0.007
MAPE Eb: 0.599
MAPE Rch: 0.213
--------------------------------------------------
**************************************************
Z=8, N=10, emax=10
RMSE Eb: 0.682
RMSE Rch: 0.008
MAPE Eb: 0.473
MAPE Rch: 0.254
--------------------------------------------------
**************************************************
Z=8, N=10, emax=6
RMSE Eb: 1.124
RMSE Rch: 0.015
MAPE Eb: 0.888
MAPE Rch: 0.447
--------------------------------------------------
**************************************************
Z=8, N=10, emax=8
RMSE Eb: 1.193
RMSE Rch: 0.009
MAPE Eb: 0.826
MAPE Rch: 0.246
--------------------------------------------------
**************************************************
Z=8, N=11, emax=4
RMSE Eb: 0.608
RMSE Rch: 0.010
MAPE Eb: 0.631
MAPE Rch: 0.292
--------------------------------------------------
**************************************************
Z=8, N=11, emax=6
RMSE Eb: 0.841
RMSE Rch: 0.012
MAPE Eb: 0.619
MAPE Rch: 0.331
--------------------------------------------------
**************************************************
Z=8, N=11, emax=8
RMSE Eb: 1.144
RMSE Rch: 0.010
MAPE Eb: 0.787
MAPE Rch: 0.288
--------------------------------------------------
**************************************************
Z=8, N=11, emax=10
RMSE Eb: 0.942
RMSE Rch: 0.011
MAPE Eb: 0.493
MAPE Rch: 0.309
--------------------------------------------------
**************************************************
Z=8, N=12, emax=6
RMSE Eb: 0.973
RMSE Rch: 0.019
MAPE Eb: 0.686
MAPE Rch: 0.559
--------------------------------------------------
**************************************************
Z=8, N=12, emax=4
RMSE Eb: 0.709
RMSE Rch: 0.008
MAPE Eb: 0.746
MAPE Rch: 0.232
--------------------------------------------------
**************************************************
Z=8, N=12, emax=8
RMSE Eb: 0.901
RMSE Rch: 0.011
MAPE Eb: 0.603
MAPE Rch: 0.323
--------------------------------------------------
**************************************************
Z=8, N=12, emax=10
RMSE Eb: 1.022
RMSE Rch: 0.010
MAPE Eb: 0.650
MAPE Rch: 0.292
--------------------------------------------------
**************************************************
Z=8, N=13, emax=8
RMSE Eb: 1.112
RMSE Rch: 0.010
MAPE Eb: 0.708
MAPE Rch: 0.277
--------------------------------------------------
**************************************************
Z=8, N=13, emax=4
RMSE Eb: 0.844
RMSE Rch: 0.008
MAPE Eb: 0.827
MAPE Rch: 0.227
--------------------------------------------------
**************************************************
Z=8, N=13, emax=10
RMSE Eb: 0.798
RMSE Rch: 0.008
MAPE Eb: 0.518
MAPE Rch: 0.234
--------------------------------------------------
**************************************************
Z=8, N=13, emax=6
RMSE Eb: 0.874
RMSE Rch: 0.014
MAPE Eb: 0.650
MAPE Rch: 0.401
--------------------------------------------------
**************************************************
Z=8, N=14, emax=8
RMSE Eb: 1.367
RMSE Rch: 0.014
MAPE Eb: 0.834
MAPE Rch: 0.370
--------------------------------------------------
**************************************************
Z=8, N=14, emax=4
RMSE Eb: 0.793
RMSE Rch: 0.009
MAPE Eb: 0.755
MAPE Rch: 0.245
--------------------------------------------------
**************************************************
Z=8, N=14, emax=6
RMSE Eb: 0.901
RMSE Rch: 0.013
MAPE Eb: 0.695
MAPE Rch: 0.338
--------------------------------------------------
**************************************************
Z=8, N=14, emax=10
RMSE Eb: 1.182
RMSE Rch: 0.014
MAPE Eb: 0.733
MAPE Rch: 0.382
--------------------------------------------------
**************************************************
Z=8, N=15, emax=8
RMSE Eb: 1.174
RMSE Rch: 0.011
MAPE Eb: 0.710
MAPE Rch: 0.330
--------------------------------------------------
**************************************************
Z=8, N=15, emax=4
RMSE Eb: 0.975
RMSE Rch: 0.007
MAPE Eb: 1.003
MAPE Rch: 0.197
--------------------------------------------------
**************************************************
Z=8, N=15, emax=6
RMSE Eb: 0.828
RMSE Rch: 0.015
MAPE Eb: 0.610
MAPE Rch: 0.444
--------------------------------------------------
**************************************************
Z=8, N=15, emax=10
RMSE Eb: 1.192
RMSE Rch: 0.012
MAPE Eb: 0.718
MAPE Rch: 0.354
--------------------------------------------------
**************************************************
Z=8, N=16, emax=8
RMSE Eb: 1.134
RMSE Rch: 0.011
MAPE Eb: 0.671
MAPE Rch: 0.322
--------------------------------------------------
**************************************************
Z=8, N=16, emax=6
RMSE Eb: 0.955
RMSE Rch: 0.015
MAPE Eb: 0.709
MAPE Rch: 0.409
--------------------------------------------------
**************************************************
Z=8, N=16, emax=10
RMSE Eb: 1.444
RMSE Rch: 0.012
MAPE Eb: 0.880
MAPE Rch: 0.361
--------------------------------------------------
**************************************************
Z=8, N=16, emax=4
RMSE Eb: 0.928
RMSE Rch: 0.009
MAPE Eb: 0.950
MAPE Rch: 0.235
--------------------------------------------------
Finished VAL for AE n=333
**************************************************
Z=8, N=4, emax=6
RMSE Eb: 0.890
RMSE Rch: 0.023
MAPE Eb: 1.510
MAPE Rch: 1.135
--------------------------------------------------
**************************************************
Z=8, N=4, emax=8
RMSE Eb: 1.210
RMSE Rch: 0.020
MAPE Eb: 2.096
MAPE Rch: 0.849
--------------------------------------------------
**************************************************
Z=8, N=4, emax=4
RMSE Eb: 0.838
RMSE Rch: 0.012
MAPE Eb: 2.298
MAPE Rch: 0.550
--------------------------------------------------
**************************************************
Z=8, N=4, emax=10
RMSE Eb: 1.278
RMSE Rch: 0.036
MAPE Eb: 1.899
MAPE Rch: 1.647
--------------------------------------------------
**************************************************
Z=8, N=5, emax=4
RMSE Eb: 0.779
RMSE Rch: 0.013
MAPE Eb: 1.578
MAPE Rch: 0.584
--------------------------------------------------
**************************************************
Z=8, N=5, emax=8
RMSE Eb: 1.255
RMSE Rch: 0.023
MAPE Eb: 1.579
MAPE Rch: 1.161
--------------------------------------------------
**************************************************
Z=8, N=5, emax=6
RMSE Eb: 0.813
RMSE Rch: 0.021
MAPE Eb: 1.133
MAPE Rch: 1.120
--------------------------------------------------
**************************************************
Z=8, N=5, emax=10
RMSE Eb: 1.385
RMSE Rch: 0.043
MAPE Eb: 1.768
MAPE Rch: 2.723
--------------------------------------------------
**************************************************
Z=8, N=6, emax=4
RMSE Eb: 0.532
RMSE Rch: 0.016
MAPE Eb: 0.783
MAPE Rch: 0.789
--------------------------------------------------
**************************************************
Z=8, N=6, emax=8
RMSE Eb: 1.323
RMSE Rch: 0.024
MAPE Eb: 1.196
MAPE Rch: 1.280
--------------------------------------------------
**************************************************
Z=8, N=6, emax=6
RMSE Eb: 0.999
RMSE Rch: 0.019
MAPE Eb: 1.102
MAPE Rch: 1.045
--------------------------------------------------
**************************************************
Z=8, N=6, emax=10
RMSE Eb: 0.940
RMSE Rch: 0.013
MAPE Eb: 0.894
MAPE Rch: 0.695
--------------------------------------------------
**************************************************
Z=8, N=7, emax=4
RMSE Eb: 0.778
RMSE Rch: 0.018
MAPE Eb: 0.949
MAPE Rch: 0.896
--------------------------------------------------
**************************************************
Z=8, N=7, emax=8
RMSE Eb: 0.952
RMSE Rch: 0.021
MAPE Eb: 0.800
MAPE Rch: 1.159
--------------------------------------------------
**************************************************
Z=8, N=7, emax=6
RMSE Eb: 1.031
RMSE Rch: 0.023
MAPE Eb: 0.996
MAPE Rch: 1.307
--------------------------------------------------
**************************************************
Z=8, N=7, emax=10
RMSE Eb: 0.986
RMSE Rch: 0.021
MAPE Eb: 0.788
MAPE Rch: 1.198
--------------------------------------------------
**************************************************
Z=8, N=8, emax=4
RMSE Eb: 0.470
RMSE Rch: 0.011
MAPE Eb: 0.456
MAPE Rch: 0.317
--------------------------------------------------
**************************************************
Z=8, N=8, emax=6
RMSE Eb: 0.921
RMSE Rch: 0.016
MAPE Eb: 0.768
MAPE Rch: 0.438
--------------------------------------------------
**************************************************
Z=8, N=8, emax=8
RMSE Eb: 1.050
RMSE Rch: 0.011
MAPE Eb: 0.764
MAPE Rch: 0.305
--------------------------------------------------
**************************************************
Z=8, N=8, emax=10
RMSE Eb: 1.160
RMSE Rch: 0.011
MAPE Eb: 0.816
MAPE Rch: 0.320
--------------------------------------------------
**************************************************
Z=8, N=9, emax=4
RMSE Eb: 0.548
RMSE Rch: 0.009
MAPE Eb: 0.615
MAPE Rch: 0.254
--------------------------------------------------
**************************************************
Z=8, N=9, emax=8
RMSE Eb: 1.133
RMSE Rch: 0.009
MAPE Eb: 0.831
MAPE Rch: 0.243
--------------------------------------------------
**************************************************
Z=8, N=9, emax=6
RMSE Eb: 0.807
RMSE Rch: 0.014
MAPE Eb: 0.671
MAPE Rch: 0.394
--------------------------------------------------
**************************************************
Z=8, N=9, emax=10
RMSE Eb: 1.103
RMSE Rch: 0.013
MAPE Eb: 0.753
MAPE Rch: 0.406
--------------------------------------------------
**************************************************
Z=8, N=10, emax=4
RMSE Eb: 0.605
RMSE Rch: 0.007
MAPE Eb: 0.636
MAPE Rch: 0.205
--------------------------------------------------
**************************************************
Z=8, N=10, emax=6
RMSE Eb: 0.816
RMSE Rch: 0.016
MAPE Eb: 0.658
MAPE Rch: 0.475
--------------------------------------------------
**************************************************
Z=8, N=10, emax=8
RMSE Eb: 0.973
RMSE Rch: 0.010
MAPE Eb: 0.723
MAPE Rch: 0.273
--------------------------------------------------
**************************************************
Z=8, N=10, emax=10
RMSE Eb: 0.704
RMSE Rch: 0.008
MAPE Eb: 0.497
MAPE Rch: 0.261
--------------------------------------------------
**************************************************
Z=8, N=11, emax=8
RMSE Eb: 0.981
RMSE Rch: 0.010
MAPE Eb: 0.682
MAPE Rch: 0.288
--------------------------------------------------
**************************************************
Z=8, N=11, emax=4
RMSE Eb: 0.626
RMSE Rch: 0.009
MAPE Eb: 0.679
MAPE Rch: 0.256
--------------------------------------------------
**************************************************
Z=8, N=11, emax=6
RMSE Eb: 0.805
RMSE Rch: 0.011
MAPE Eb: 0.664
MAPE Rch: 0.285
--------------------------------------------------
**************************************************
Z=8, N=11, emax=10
RMSE Eb: 0.887
RMSE Rch: 0.010
MAPE Eb: 0.634
MAPE Rch: 0.311
--------------------------------------------------
**************************************************
Z=8, N=12, emax=6
RMSE Eb: 0.708
RMSE Rch: 0.017
MAPE Eb: 0.526
MAPE Rch: 0.526
--------------------------------------------------
**************************************************
Z=8, N=12, emax=8
RMSE Eb: 1.073
RMSE Rch: 0.010
MAPE Eb: 0.713
MAPE Rch: 0.267
--------------------------------------------------
**************************************************
Z=8, N=12, emax=4
RMSE Eb: 0.755
RMSE Rch: 0.008
MAPE Eb: 0.734
MAPE Rch: 0.227
--------------------------------------------------
**************************************************
Z=8, N=12, emax=10
RMSE Eb: 1.017
RMSE Rch: 0.011
MAPE Eb: 0.719
MAPE Rch: 0.314
--------------------------------------------------
**************************************************
Z=8, N=13, emax=8
RMSE Eb: 0.931
RMSE Rch: 0.011
MAPE Eb: 0.608
MAPE Rch: 0.300
--------------------------------------------------
**************************************************
Z=8, N=13, emax=4
RMSE Eb: 0.766
RMSE Rch: 0.009
MAPE Eb: 0.774
MAPE Rch: 0.248
--------------------------------------------------
**************************************************
Z=8, N=13, emax=6
RMSE Eb: 0.943
RMSE Rch: 0.015
MAPE Eb: 0.688
MAPE Rch: 0.445
--------------------------------------------------
**************************************************
Z=8, N=13, emax=10
RMSE Eb: 0.550
RMSE Rch: 0.011
MAPE Eb: 0.364
MAPE Rch: 0.310
--------------------------------------------------
**************************************************
Z=8, N=14, emax=6
RMSE Eb: 0.957
RMSE Rch: 0.012
MAPE Eb: 0.667
MAPE Rch: 0.369
--------------------------------------------------
**************************************************
Z=8, N=14, emax=10
RMSE Eb: 1.033
RMSE Rch: 0.009
MAPE Eb: 0.579
MAPE Rch: 0.268
--------------------------------------------------
**************************************************
Z=8, N=14, emax=4
RMSE Eb: 0.733
RMSE Rch: 0.007
MAPE Eb: 0.752
MAPE Rch: 0.189
--------------------------------------------------
**************************************************
Z=8, N=14, emax=8
RMSE Eb: 1.224
RMSE Rch: 0.011
MAPE Eb: 0.789
MAPE Rch: 0.299
--------------------------------------------------
**************************************************
Z=8, N=15, emax=8
RMSE Eb: 1.092
RMSE Rch: 0.011
MAPE Eb: 0.661
MAPE Rch: 0.301
--------------------------------------------------
**************************************************
Z=8, N=15, emax=6
RMSE Eb: 0.892
RMSE Rch: 0.016
MAPE Eb: 0.624
MAPE Rch: 0.484
--------------------------------------------------
**************************************************
Z=8, N=15, emax=4
RMSE Eb: 1.010
RMSE Rch: 0.008
MAPE Eb: 1.078
MAPE Rch: 0.208
--------------------------------------------------
**************************************************
Z=8, N=15, emax=10
RMSE Eb: 1.205
RMSE Rch: 0.012
MAPE Eb: 0.618
MAPE Rch: 0.333
--------------------------------------------------
**************************************************
Z=8, N=16, emax=4
RMSE Eb: 0.893
RMSE Rch: 0.010
MAPE Eb: 0.881
MAPE Rch: 0.271
--------------------------------------------------
**************************************************
Z=8, N=16, emax=8
RMSE Eb: 1.100
RMSE Rch: 0.012
MAPE Eb: 0.683
MAPE Rch: 0.349
--------------------------------------------------
**************************************************
Z=8, N=16, emax=6
RMSE Eb: 1.084
RMSE Rch: 0.014
MAPE Eb: 0.794
MAPE Rch: 0.371
--------------------------------------------------
**************************************************
Z=8, N=16, emax=10
RMSE Eb: 1.433
RMSE Rch: 0.013
MAPE Eb: 0.804
MAPE Rch: 0.384
--------------------------------------------------
