Activated conda environment
[DataLoader] Found 13 files matching the pattern.
[DataLoader] Combined data shape: (17234, 35)
[Preprocess] Data split => train: (11029, 35), val: (2758, 35), test: (3447, 35)
[Preprocess] Processed fidelity 4 (index 0): 3758 samples.
[Preprocess] Processed fidelity 6 (index 1): 3346 samples.
[Preprocess] Processed fidelity 8 (index 2): 3194 samples.
[Preprocess] Processed fidelity 10 (index 3): 731 samples.
[Preprocess] Processed fidelity 4 (index 0): 949 samples.
[Preprocess] Processed fidelity 6 (index 1): 833 samples.
[Preprocess] Processed fidelity 8 (index 2): 801 samples.
[Preprocess] Processed fidelity 10 (index 3): 175 samples.
Fidelity levels: [4, 6, 8, 10]
[Trainer] Starting BNN training...
[Trainer] No improvement. Iteration 7600. Early stopping counter: 1, LR counter: 1
[Trainer] No improvement. Iteration 8200. Early stopping counter: 1, LR counter: 1
[Trainer] No improvement. Iteration 8400. Early stopping counter: 1, LR counter: 1
[Trainer] No improvement. Iteration 8500. Early stopping counter: 2, LR counter: 2
[Trainer] No improvement. Iteration 8600. Early stopping counter: 3, LR counter: 3
[Trainer] No improvement. Iteration 9600. Early stopping counter: 1, LR counter: 1
[Trainer] No improvement. Iteration 9700. Early stopping counter: 2, LR counter: 2
[Trainer] No improvement. Iteration 9800. Early stopping counter: 3, LR counter: 3
[Trainer] No improvement. Iteration 9900. Early stopping counter: 4, LR counter: 4
[Trainer] No improvement. Iteration 10000. Early stopping counter: 5, LR counter: 5
[Trainer] No improvement. Iteration 10400. Early stopping counter: 1, LR counter: 1
[Trainer] No improvement. Iteration 10500. Early stopping counter: 2, LR counter: 2
[Trainer] No improvement. Iteration 10800. Early stopping counter: 1, LR counter: 1
[Trainer] No improvement. Iteration 10900. Early stopping counter: 2, LR counter: 2
[Trainer] No improvement. Iteration 11000. Early stopping counter: 3, LR counter: 3
[Trainer] No improvement. Iteration 11100. Early stopping counter: 4, LR counter: 4
[Trainer] No improvement. Iteration 11200. Early stopping counter: 5, LR counter: 5
[Trainer] No improvement. Iteration 11300. Early stopping counter: 6, LR counter: 6
[Trainer] No improvement. Iteration 11400. Early stopping counter: 7, LR counter: 7
[Trainer] No improvement. Iteration 11500. Early stopping counter: 8, LR counter: 8
[Trainer] No improvement. Iteration 11800. Early stopping counter: 1, LR counter: 1
[Trainer] No improvement. Iteration 11900. Early stopping counter: 2, LR counter: 2
[Trainer] No improvement. Iteration 12000. Early stopping counter: 3, LR counter: 3
[Trainer] No improvement. Iteration 12100. Early stopping counter: 4, LR counter: 4
[Trainer] No improvement. Iteration 12200. Early stopping counter: 5, LR counter: 5
[Trainer] No improvement. Iteration 12300. Early stopping counter: 6, LR counter: 6
[Trainer] No improvement. Iteration 12400. Early stopping counter: 7, LR counter: 7
[Trainer] No improvement. Iteration 12600. Early stopping counter: 1, LR counter: 1
[Trainer] No improvement. Iteration 12700. Early stopping counter: 2, LR counter: 2
[Trainer] No improvement. Iteration 12800. Early stopping counter: 3, LR counter: 3
[Trainer] No improvement. Iteration 12900. Early stopping counter: 4, LR counter: 4
[Trainer] No improvement. Iteration 13000. Early stopping counter: 5, LR counter: 5
[Trainer] No improvement. Iteration 13200. Early stopping counter: 1, LR counter: 1
[Trainer] No improvement. Iteration 13300. Early stopping counter: 2, LR counter: 2
[Trainer] No improvement. Iteration 13400. Early stopping counter: 3, LR counter: 3
[Trainer] No improvement. Iteration 13500. Early stopping counter: 4, LR counter: 4
[Trainer] No improvement. Iteration 13600. Early stopping counter: 5, LR counter: 5
[Trainer] No improvement. Iteration 13700. Early stopping counter: 6, LR counter: 6
[Trainer] No improvement. Iteration 13800. Early stopping counter: 7, LR counter: 7
[Trainer] No improvement. Iteration 13900. Early stopping counter: 8, LR counter: 8
[Trainer] No improvement. Iteration 14000. Early stopping counter: 9, LR counter: 9
[Trainer] No improvement. Iteration 14100. Early stopping counter: 10, LR counter: 10
[Trainer] No improvement. Iteration 14200. Early stopping counter: 11, LR counter: 11
[Trainer] No improvement. Iteration 14300. Early stopping counter: 12, LR counter: 12
[Trainer] No improvement. Iteration 14400. Early stopping counter: 13, LR counter: 13
[Trainer] No improvement. Iteration 14500. Early stopping counter: 14, LR counter: 14
[Trainer] No improvement. Iteration 14600. Early stopping counter: 15, LR counter: 15
[Trainer] No improvement. Iteration 14700. Early stopping counter: 16, LR counter: 16
[Trainer] No improvement. Iteration 14800. Early stopping counter: 17, LR counter: 17
[Trainer] No improvement. Iteration 14900. Early stopping counter: 18, LR counter: 18
[Trainer] No improvement. Iteration 15000. Early stopping counter: 19, LR counter: 19
[Trainer] No improvement. Iteration 15100. Early stopping counter: 20, LR counter: 20
[Trainer] No improvement. Iteration 15200. Early stopping counter: 21, LR counter: 21
[Trainer] No improvement. Iteration 15300. Early stopping counter: 22, LR counter: 22
[Trainer] No improvement. Iteration 15400. Early stopping counter: 23, LR counter: 23
[Trainer] No improvement. Iteration 15700. Early stopping counter: 1, LR counter: 1
[Trainer] No improvement. Iteration 15800. Early stopping counter: 2, LR counter: 2
[Trainer] No improvement. Iteration 15900. Early stopping counter: 3, LR counter: 3
[Trainer] No improvement. Iteration 16000. Early stopping counter: 4, LR counter: 4
[Trainer] No improvement. Iteration 16100. Early stopping counter: 5, LR counter: 5
[Trainer] No improvement. Iteration 16200. Early stopping counter: 6, LR counter: 6
[Trainer] No improvement. Iteration 16300. Early stopping counter: 7, LR counter: 7
[Trainer] No improvement. Iteration 16400. Early stopping counter: 8, LR counter: 8
[Trainer] No improvement. Iteration 16500. Early stopping counter: 9, LR counter: 9
[Trainer] No improvement. Iteration 16600. Early stopping counter: 10, LR counter: 10
[Trainer] No improvement. Iteration 16700. Early stopping counter: 11, LR counter: 11
[Trainer] No improvement. Iteration 16800. Early stopping counter: 12, LR counter: 12
[Trainer] No improvement. Iteration 16900. Early stopping counter: 13, LR counter: 13
[Trainer] No improvement. Iteration 17000. Early stopping counter: 14, LR counter: 14
[Trainer] No improvement. Iteration 17100. Early stopping counter: 15, LR counter: 15
[Trainer] No improvement. Iteration 17200. Early stopping counter: 16, LR counter: 16
[Trainer] No improvement. Iteration 17300. Early stopping counter: 17, LR counter: 17
[Trainer] No improvement. Iteration 17400. Early stopping counter: 18, LR counter: 18
[Trainer] No improvement. Iteration 17500. Early stopping counter: 19, LR counter: 19
[Trainer] No improvement. Iteration 17600. Early stopping counter: 20, LR counter: 20
[Trainer] No improvement. Iteration 17700. Early stopping counter: 21, LR counter: 21
[Trainer] No improvement. Iteration 17800. Early stopping counter: 22, LR counter: 22
[Trainer] No improvement. Iteration 17900. Early stopping counter: 23, LR counter: 23
[Trainer] No improvement. Iteration 18000. Early stopping counter: 24, LR counter: 24
[Trainer] No improvement. Iteration 18100. Early stopping counter: 25, LR counter: 25
[Trainer] Learning rate reduced to: 0.000010
[Trainer] No improvement. Iteration 18200. Early stopping counter: 26, LR counter: 1
[Trainer] No improvement. Iteration 18300. Early stopping counter: 27, LR counter: 2
[Trainer] No improvement. Iteration 18400. Early stopping counter: 28, LR counter: 3
[Trainer] No improvement. Iteration 18500. Early stopping counter: 29, LR counter: 4
[Trainer] No improvement. Iteration 18600. Early stopping counter: 30, LR counter: 5
[Trainer] No improvement. Iteration 18700. Early stopping counter: 31, LR counter: 6
[Trainer] No improvement. Iteration 18800. Early stopping counter: 32, LR counter: 7
[Trainer] No improvement. Iteration 18900. Early stopping counter: 33, LR counter: 8
[Trainer] No improvement. Iteration 19000. Early stopping counter: 34, LR counter: 9
[Trainer] No improvement. Iteration 19100. Early stopping counter: 35, LR counter: 10
[Trainer] No improvement. Iteration 19200. Early stopping counter: 36, LR counter: 11
[Trainer] No improvement. Iteration 19300. Early stopping counter: 37, LR counter: 12
[Trainer] No improvement. Iteration 19400. Early stopping counter: 38, LR counter: 13
[Trainer] No improvement. Iteration 19500. Early stopping counter: 39, LR counter: 14
[Trainer] No improvement. Iteration 19600. Early stopping counter: 40, LR counter: 15
[Trainer] No improvement. Iteration 19700. Early stopping counter: 41, LR counter: 16
[Trainer] No improvement. Iteration 19800. Early stopping counter: 42, LR counter: 17
[Trainer] No improvement. Iteration 19900. Early stopping counter: 43, LR counter: 18
[Trainer] No improvement. Iteration 20100. Early stopping counter: 1, LR counter: 1
[Trainer] No improvement. Iteration 20400. Early stopping counter: 1, LR counter: 1
[Trainer] No improvement. Iteration 20500. Early stopping counter: 2, LR counter: 2
[Trainer] No improvement. Iteration 20600. Early stopping counter: 3, LR counter: 3
[Trainer] No improvement. Iteration 20700. Early stopping counter: 4, LR counter: 4
[Trainer] No improvement. Iteration 20800. Early stopping counter: 5, LR counter: 5
[Trainer] No improvement. Iteration 20900. Early stopping counter: 6, LR counter: 6
[Trainer] No improvement. Iteration 21000. Early stopping counter: 7, LR counter: 7
[Trainer] No improvement. Iteration 21100. Early stopping counter: 8, LR counter: 8
[Trainer] No improvement. Iteration 21200. Early stopping counter: 9, LR counter: 9
[Trainer] No improvement. Iteration 21300. Early stopping counter: 10, LR counter: 10
[Trainer] No improvement. Iteration 21400. Early stopping counter: 11, LR counter: 11
[Trainer] No improvement. Iteration 21500. Early stopping counter: 12, LR counter: 12
[Trainer] No improvement. Iteration 21600. Early stopping counter: 13, LR counter: 13
[Trainer] No improvement. Iteration 21700. Early stopping counter: 14, LR counter: 14
[Trainer] No improvement. Iteration 21800. Early stopping counter: 15, LR counter: 15
[Trainer] No improvement. Iteration 21900. Early stopping counter: 16, LR counter: 16
[Trainer] No improvement. Iteration 22000. Early stopping counter: 17, LR counter: 17
[Trainer] No improvement. Iteration 22100. Early stopping counter: 18, LR counter: 18
[Trainer] No improvement. Iteration 22200. Early stopping counter: 19, LR counter: 19
[Trainer] No improvement. Iteration 22300. Early stopping counter: 20, LR counter: 20
[Trainer] No improvement. Iteration 22400. Early stopping counter: 21, LR counter: 21
[Trainer] No improvement. Iteration 22500. Early stopping counter: 22, LR counter: 22
[Trainer] No improvement. Iteration 22600. Early stopping counter: 23, LR counter: 23
[Trainer] No improvement. Iteration 22700. Early stopping counter: 24, LR counter: 24
[Trainer] No improvement. Iteration 22800. Early stopping counter: 25, LR counter: 25
[Trainer] Learning rate reduced to: 0.000001
[Trainer] No improvement. Iteration 22900. Early stopping counter: 26, LR counter: 1
[Trainer] No improvement. Iteration 23000. Early stopping counter: 27, LR counter: 2
[Trainer] No improvement. Iteration 23100. Early stopping counter: 28, LR counter: 3
[Trainer] No improvement. Iteration 23200. Early stopping counter: 29, LR counter: 4
[Trainer] No improvement. Iteration 23300. Early stopping counter: 30, LR counter: 5
[Trainer] No improvement. Iteration 23400. Early stopping counter: 31, LR counter: 6
[Trainer] No improvement. Iteration 23500. Early stopping counter: 32, LR counter: 7
[Trainer] No improvement. Iteration 23600. Early stopping counter: 33, LR counter: 8
[Trainer] No improvement. Iteration 23700. Early stopping counter: 34, LR counter: 9
[Trainer] No improvement. Iteration 23800. Early stopping counter: 35, LR counter: 10
[Trainer] No improvement. Iteration 23900. Early stopping counter: 36, LR counter: 11
[Trainer] No improvement. Iteration 24000. Early stopping counter: 37, LR counter: 12
[Trainer] No improvement. Iteration 24100. Early stopping counter: 38, LR counter: 13
[Trainer] No improvement. Iteration 24200. Early stopping counter: 39, LR counter: 14
[Trainer] No improvement. Iteration 24300. Early stopping counter: 40, LR counter: 15
[Trainer] No improvement. Iteration 24400. Early stopping counter: 41, LR counter: 16
[Trainer] No improvement. Iteration 24500. Early stopping counter: 42, LR counter: 17
[Trainer] No improvement. Iteration 24600. Early stopping counter: 43, LR counter: 18
[Trainer] No improvement. Iteration 24700. Early stopping counter: 44, LR counter: 19
[Trainer] No improvement. Iteration 24800. Early stopping counter: 45, LR counter: 20
[Trainer] No improvement. Iteration 24900. Early stopping counter: 46, LR counter: 21
[Trainer] No improvement. Iteration 25000. Early stopping counter: 47, LR counter: 22
[Trainer] No improvement. Iteration 25100. Early stopping counter: 48, LR counter: 23
[Trainer] No improvement. Iteration 25200. Early stopping counter: 49, LR counter: 24
[Trainer] No improvement. Iteration 25300. Early stopping counter: 50, LR counter: 25
[Trainer] Learning rate reduced to: 0.000000
[Trainer] Early stopping triggered.
[Trainer] Training completed.
[Trainer] Calibrating temperatures on validation set...
[Trainer] Temperature calibration finished. Calibrated temperatures: {4: 0.9988638758659363, 6: 1.0024551153182983, 8: 1.079801082611084, 10: 1.2612546682357788}
[Trainer] BNN training completed.
**************************************************
Z=8, N=4, emax=4
RMSE Eb: 0.667
RMSE Rch: 0.011
MAPE Eb: 1.986
MAPE Rch: 0.475
--------------------------------------------------
**************************************************
Z=8, N=4, emax=10
RMSE Eb: 0.612
RMSE Rch: 0.030
MAPE Eb: 0.925
MAPE Rch: 1.638
--------------------------------------------------
**************************************************
Z=8, N=4, emax=6
RMSE Eb: 0.678
RMSE Rch: 0.012
MAPE Eb: 1.224
MAPE Rch: 0.590
--------------------------------------------------
**************************************************
Z=8, N=4, emax=8
RMSE Eb: 0.605
RMSE Rch: 0.020
MAPE Eb: 1.006
MAPE Rch: 0.921
--------------------------------------------------
**************************************************
Z=8, N=5, emax=8
RMSE Eb: 0.602
RMSE Rch: 0.013
MAPE Eb: 0.805
MAPE Rch: 0.610
--------------------------------------------------
**************************************************
Z=8, N=5, emax=6
RMSE Eb: 0.709
RMSE Rch: 0.007
MAPE Eb: 1.066
MAPE Rch: 0.324
--------------------------------------------------
**************************************************
Z=8, N=5, emax=4
RMSE Eb: 0.791
RMSE Rch: 0.008
MAPE Eb: 1.732
MAPE Rch: 0.366
--------------------------------------------------
**************************************************
Z=8, N=5, emax=10
RMSE Eb: 0.525
RMSE Rch: 0.017
MAPE Eb: 0.651
MAPE Rch: 0.953
--------------------------------------------------
**************************************************
Z=8, N=6, emax=4
RMSE Eb: 0.822
RMSE Rch: 0.009
MAPE Eb: 1.314
MAPE Rch: 0.420
--------------------------------------------------
**************************************************
Z=8, N=6, emax=6
RMSE Eb: 0.705
RMSE Rch: 0.009
MAPE Eb: 0.749
MAPE Rch: 0.434
--------------------------------------------------
**************************************************
Z=8, N=6, emax=8
RMSE Eb: 0.656
RMSE Rch: 0.016
MAPE Eb: 0.597
MAPE Rch: 0.834
--------------------------------------------------
**************************************************
Z=8, N=6, emax=10
RMSE Eb: 0.573
RMSE Rch: 0.011
MAPE Eb: 0.545
MAPE Rch: 0.497
--------------------------------------------------
**************************************************
Z=8, N=7, emax=8
RMSE Eb: 0.791
RMSE Rch: 0.014
MAPE Eb: 0.576
MAPE Rch: 0.716
--------------------------------------------------
**************************************************
Z=8, N=7, emax=10
RMSE Eb: 0.410
RMSE Rch: 0.015
MAPE Eb: 0.319
MAPE Rch: 0.845
--------------------------------------------------
**************************************************
Z=8, N=7, emax=6
RMSE Eb: 0.604
RMSE Rch: 0.011
MAPE Eb: 0.609
MAPE Rch: 0.556
--------------------------------------------------
**************************************************
Z=8, N=7, emax=4
RMSE Eb: 0.901
RMSE Rch: 0.009
MAPE Eb: 1.218
MAPE Rch: 0.464
--------------------------------------------------
**************************************************
Z=8, N=8, emax=4
RMSE Eb: 0.897
RMSE Rch: 0.008
MAPE Eb: 1.015
MAPE Rch: 0.219
--------------------------------------------------
**************************************************
Z=8, N=8, emax=8
RMSE Eb: 0.817
RMSE Rch: 0.012
MAPE Eb: 0.635
MAPE Rch: 0.346
--------------------------------------------------
**************************************************
Z=8, N=8, emax=6
RMSE Eb: 0.584
RMSE Rch: 0.009
MAPE Eb: 0.503
MAPE Rch: 0.247
--------------------------------------------------
**************************************************
Z=8, N=8, emax=10
RMSE Eb: 0.555
RMSE Rch: 0.020
MAPE Eb: 0.432
MAPE Rch: 0.659
--------------------------------------------------
**************************************************
Z=8, N=9, emax=8
RMSE Eb: 0.701
RMSE Rch: 0.012
MAPE Eb: 0.517
MAPE Rch: 0.354
--------------------------------------------------
**************************************************
Z=8, N=9, emax=6
RMSE Eb: 0.631
RMSE Rch: 0.006
MAPE Eb: 0.533
MAPE Rch: 0.180
--------------------------------------------------
**************************************************
Z=8, N=9, emax=4
RMSE Eb: 0.891
RMSE Rch: 0.004
MAPE Eb: 1.009
MAPE Rch: 0.104
--------------------------------------------------
**************************************************
Z=8, N=9, emax=10
RMSE Eb: 0.473
RMSE Rch: 0.011
MAPE Eb: 0.333
MAPE Rch: 0.314
--------------------------------------------------
**************************************************
Z=8, N=10, emax=4
RMSE Eb: 0.773
RMSE Rch: 0.005
MAPE Eb: 0.874
MAPE Rch: 0.155
--------------------------------------------------
**************************************************
Z=8, N=10, emax=10
RMSE Eb: 0.474
RMSE Rch: 0.009
MAPE Eb: 0.359
MAPE Rch: 0.274
--------------------------------------------------
**************************************************
Z=8, N=10, emax=6
RMSE Eb: 0.545
RMSE Rch: 0.006
MAPE Eb: 0.421
MAPE Rch: 0.179
--------------------------------------------------
**************************************************
Z=8, N=10, emax=8
RMSE Eb: 0.492
RMSE Rch: 0.012
MAPE Eb: 0.361
MAPE Rch: 0.405
--------------------------------------------------
**************************************************
Z=8, N=11, emax=4
RMSE Eb: 0.959
RMSE Rch: 0.005
MAPE Eb: 1.140
MAPE Rch: 0.136
--------------------------------------------------
**************************************************
Z=8, N=11, emax=6
RMSE Eb: 0.532
RMSE Rch: 0.007
MAPE Eb: 0.401
MAPE Rch: 0.215
--------------------------------------------------
**************************************************
Z=8, N=11, emax=8
RMSE Eb: 0.515
RMSE Rch: 0.013
MAPE Eb: 0.352
MAPE Rch: 0.380
--------------------------------------------------
**************************************************
Z=8, N=11, emax=10
RMSE Eb: 0.601
RMSE Rch: 0.008
MAPE Eb: 0.397
MAPE Rch: 0.246
--------------------------------------------------
**************************************************
Z=8, N=12, emax=6
RMSE Eb: 0.758
RMSE Rch: 0.005
MAPE Eb: 0.579
MAPE Rch: 0.149
--------------------------------------------------
**************************************************
Z=8, N=12, emax=4
RMSE Eb: 1.011
RMSE Rch: 0.005
MAPE Eb: 1.182
MAPE Rch: 0.123
--------------------------------------------------
**************************************************
Z=8, N=12, emax=8
RMSE Eb: 0.514
RMSE Rch: 0.008
MAPE Eb: 0.338
MAPE Rch: 0.224
--------------------------------------------------
**************************************************
Z=8, N=12, emax=10
RMSE Eb: 0.502
RMSE Rch: 0.006
MAPE Eb: 0.335
MAPE Rch: 0.180
--------------------------------------------------
**************************************************
Z=8, N=13, emax=8
RMSE Eb: 0.669
RMSE Rch: 0.006
MAPE Eb: 0.391
MAPE Rch: 0.173
--------------------------------------------------
**************************************************
Z=8, N=13, emax=4
RMSE Eb: 1.566
RMSE Rch: 0.005
MAPE Eb: 1.868
MAPE Rch: 0.131
--------------------------------------------------
**************************************************
Z=8, N=13, emax=10
RMSE Eb: 0.685
RMSE Rch: 0.010
MAPE Eb: 0.467
MAPE Rch: 0.269
--------------------------------------------------
**************************************************
Z=8, N=13, emax=6
RMSE Eb: 0.843
RMSE Rch: 0.005
MAPE Eb: 0.636
MAPE Rch: 0.131
--------------------------------------------------
**************************************************
Z=8, N=14, emax=8
RMSE Eb: 0.738
RMSE Rch: 0.014
MAPE Eb: 0.450
MAPE Rch: 0.384
--------------------------------------------------
**************************************************
Z=8, N=14, emax=4
RMSE Eb: 1.389
RMSE Rch: 0.006
MAPE Eb: 1.563
MAPE Rch: 0.169
--------------------------------------------------
**************************************************
Z=8, N=14, emax=6
RMSE Eb: 0.697
RMSE Rch: 0.006
MAPE Eb: 0.499
MAPE Rch: 0.150
--------------------------------------------------
**************************************************
Z=8, N=14, emax=10
RMSE Eb: 0.549
RMSE Rch: 0.011
MAPE Eb: 0.356
MAPE Rch: 0.275
--------------------------------------------------
**************************************************
Z=8, N=15, emax=8
RMSE Eb: 0.644
RMSE Rch: 0.008
MAPE Eb: 0.382
MAPE Rch: 0.228
--------------------------------------------------
**************************************************
Z=8, N=15, emax=4
RMSE Eb: 1.399
RMSE Rch: 0.005
MAPE Eb: 1.611
MAPE Rch: 0.152
--------------------------------------------------
**************************************************
Z=8, N=15, emax=6
RMSE Eb: 0.764
RMSE Rch: 0.006
MAPE Eb: 0.595
MAPE Rch: 0.152
--------------------------------------------------
**************************************************
Z=8, N=15, emax=10
RMSE Eb: 0.791
RMSE Rch: 0.007
MAPE Eb: 0.450
MAPE Rch: 0.214
--------------------------------------------------
**************************************************
Z=8, N=16, emax=8
RMSE Eb: 0.685
RMSE Rch: 0.008
MAPE Eb: 0.407
MAPE Rch: 0.209
--------------------------------------------------
**************************************************
Z=8, N=16, emax=6
RMSE Eb: 0.863
RMSE Rch: 0.006
MAPE Eb: 0.601
MAPE Rch: 0.168
--------------------------------------------------
**************************************************
Z=8, N=16, emax=10
RMSE Eb: 0.686
RMSE Rch: 0.007
MAPE Eb: 0.403
MAPE Rch: 0.187
--------------------------------------------------
**************************************************
Z=8, N=16, emax=4
RMSE Eb: 1.597
RMSE Rch: 0.010
MAPE Eb: 1.832
MAPE Rch: 0.257
--------------------------------------------------
Finished VAL for AE n=406
**************************************************
Z=8, N=4, emax=6
RMSE Eb: 0.691
RMSE Rch: 0.011
MAPE Eb: 1.288
MAPE Rch: 0.510
--------------------------------------------------
**************************************************
Z=8, N=4, emax=8
RMSE Eb: 0.605
RMSE Rch: 0.015
MAPE Eb: 0.955
MAPE Rch: 0.769
--------------------------------------------------
**************************************************
Z=8, N=4, emax=4
RMSE Eb: 0.673
RMSE Rch: 0.010
MAPE Eb: 1.891
MAPE Rch: 0.453
--------------------------------------------------
**************************************************
Z=8, N=4, emax=10
RMSE Eb: 0.492
RMSE Rch: 0.024
MAPE Eb: 0.687
MAPE Rch: 1.134
--------------------------------------------------
**************************************************
Z=8, N=5, emax=4
RMSE Eb: 0.751
RMSE Rch: 0.010
MAPE Eb: 1.654
MAPE Rch: 0.516
--------------------------------------------------
**************************************************
Z=8, N=5, emax=8
RMSE Eb: 0.600
RMSE Rch: 0.016
MAPE Eb: 0.781
MAPE Rch: 0.764
--------------------------------------------------
**************************************************
Z=8, N=5, emax=6
RMSE Eb: 0.796
RMSE Rch: 0.007
MAPE Eb: 1.258
MAPE Rch: 0.322
--------------------------------------------------
**************************************************
Z=8, N=5, emax=10
RMSE Eb: 0.577
RMSE Rch: 0.014
MAPE Eb: 0.691
MAPE Rch: 0.731
--------------------------------------------------
**************************************************
Z=8, N=6, emax=4
RMSE Eb: 0.826
RMSE Rch: 0.009
MAPE Eb: 1.285
MAPE Rch: 0.449
--------------------------------------------------
**************************************************
Z=8, N=6, emax=8
RMSE Eb: 0.684
RMSE Rch: 0.017
MAPE Eb: 0.616
MAPE Rch: 0.860
--------------------------------------------------
**************************************************
Z=8, N=6, emax=6
RMSE Eb: 0.736
RMSE Rch: 0.008
MAPE Eb: 0.794
MAPE Rch: 0.405
--------------------------------------------------
**************************************************
Z=8, N=6, emax=10
RMSE Eb: 0.517
RMSE Rch: 0.010
MAPE Eb: 0.440
MAPE Rch: 0.543
--------------------------------------------------
**************************************************
Z=8, N=7, emax=4
RMSE Eb: 0.916
RMSE Rch: 0.009
MAPE Eb: 1.187
MAPE Rch: 0.488
--------------------------------------------------
**************************************************
Z=8, N=7, emax=8
RMSE Eb: 0.702
RMSE Rch: 0.014
MAPE Eb: 0.576
MAPE Rch: 0.723
--------------------------------------------------
**************************************************
Z=8, N=7, emax=6
RMSE Eb: 0.754
RMSE Rch: 0.008
MAPE Eb: 0.752
MAPE Rch: 0.425
--------------------------------------------------
**************************************************
Z=8, N=7, emax=10
RMSE Eb: 0.557
RMSE Rch: 0.011
MAPE Eb: 0.438
MAPE Rch: 0.671
--------------------------------------------------
**************************************************
Z=8, N=8, emax=4
RMSE Eb: 0.935
RMSE Rch: 0.008
MAPE Eb: 1.077
MAPE Rch: 0.213
--------------------------------------------------
**************************************************
Z=8, N=8, emax=6
RMSE Eb: 0.642
RMSE Rch: 0.008
MAPE Eb: 0.520
MAPE Rch: 0.225
--------------------------------------------------
**************************************************
Z=8, N=8, emax=8
RMSE Eb: 0.699
RMSE Rch: 0.010
MAPE Eb: 0.542
MAPE Rch: 0.297
--------------------------------------------------
**************************************************
Z=8, N=8, emax=10
RMSE Eb: 0.464
RMSE Rch: 0.010
MAPE Eb: 0.348
MAPE Rch: 0.298
--------------------------------------------------
**************************************************
Z=8, N=9, emax=4
RMSE Eb: 0.942
RMSE Rch: 0.005
MAPE Eb: 1.114
MAPE Rch: 0.137
--------------------------------------------------
**************************************************
Z=8, N=9, emax=8
RMSE Eb: 0.677
RMSE Rch: 0.011
MAPE Eb: 0.504
MAPE Rch: 0.360
--------------------------------------------------
**************************************************
Z=8, N=9, emax=6
RMSE Eb: 0.579
RMSE Rch: 0.007
MAPE Eb: 0.510
MAPE Rch: 0.207
--------------------------------------------------
**************************************************
Z=8, N=9, emax=10
RMSE Eb: 0.533
RMSE Rch: 0.012
MAPE Eb: 0.376
MAPE Rch: 0.396
--------------------------------------------------
**************************************************
Z=8, N=10, emax=4
RMSE Eb: 0.741
RMSE Rch: 0.005
MAPE Eb: 0.812
MAPE Rch: 0.135
--------------------------------------------------
**************************************************
Z=8, N=10, emax=6
RMSE Eb: 0.516
RMSE Rch: 0.006
MAPE Eb: 0.402
MAPE Rch: 0.169
--------------------------------------------------
**************************************************
Z=8, N=10, emax=8
RMSE Eb: 0.521
RMSE Rch: 0.013
MAPE Eb: 0.374
MAPE Rch: 0.419
--------------------------------------------------
**************************************************
Z=8, N=10, emax=10
RMSE Eb: 0.490
RMSE Rch: 0.013
MAPE Eb: 0.314
MAPE Rch: 0.395
--------------------------------------------------
**************************************************
Z=8, N=11, emax=8
RMSE Eb: 0.590
RMSE Rch: 0.013
MAPE Eb: 0.395
MAPE Rch: 0.425
--------------------------------------------------
**************************************************
Z=8, N=11, emax=4
RMSE Eb: 0.939
RMSE Rch: 0.004
MAPE Eb: 1.108
MAPE Rch: 0.116
--------------------------------------------------
**************************************************
Z=8, N=11, emax=6
RMSE Eb: 0.502
RMSE Rch: 0.008
MAPE Eb: 0.414
MAPE Rch: 0.229
--------------------------------------------------
**************************************************
Z=8, N=11, emax=10
RMSE Eb: 0.451
RMSE Rch: 0.008
MAPE Eb: 0.270
MAPE Rch: 0.262
--------------------------------------------------
**************************************************
Z=8, N=12, emax=6
RMSE Eb: 0.746
RMSE Rch: 0.005
MAPE Eb: 0.578
MAPE Rch: 0.147
--------------------------------------------------
**************************************************
Z=8, N=12, emax=8
RMSE Eb: 0.548
RMSE Rch: 0.009
MAPE Eb: 0.360
MAPE Rch: 0.260
--------------------------------------------------
**************************************************
Z=8, N=12, emax=4
RMSE Eb: 1.189
RMSE Rch: 0.005
MAPE Eb: 1.339
MAPE Rch: 0.135
--------------------------------------------------
**************************************************
Z=8, N=12, emax=10
RMSE Eb: 0.474
RMSE Rch: 0.005
MAPE Eb: 0.306
MAPE Rch: 0.160
--------------------------------------------------
**************************************************
Z=8, N=13, emax=8
RMSE Eb: 0.629
RMSE Rch: 0.006
MAPE Eb: 0.413
MAPE Rch: 0.155
--------------------------------------------------
**************************************************
Z=8, N=13, emax=4
RMSE Eb: 1.476
RMSE Rch: 0.006
MAPE Eb: 1.741
MAPE Rch: 0.145
--------------------------------------------------
**************************************************
Z=8, N=13, emax=6
RMSE Eb: 0.634
RMSE Rch: 0.005
MAPE Eb: 0.502
MAPE Rch: 0.145
--------------------------------------------------
**************************************************
Z=8, N=13, emax=10
RMSE Eb: 0.721
RMSE Rch: 0.009
MAPE Eb: 0.454
MAPE Rch: 0.226
--------------------------------------------------
**************************************************
Z=8, N=14, emax=6
RMSE Eb: 0.842
RMSE Rch: 0.005
MAPE Eb: 0.605
MAPE Rch: 0.132
--------------------------------------------------
**************************************************
Z=8, N=14, emax=10
RMSE Eb: 0.640
RMSE Rch: 0.010
MAPE Eb: 0.363
MAPE Rch: 0.288
--------------------------------------------------
**************************************************
Z=8, N=14, emax=4
RMSE Eb: 1.445
RMSE Rch: 0.006
MAPE Eb: 1.714
MAPE Rch: 0.163
--------------------------------------------------
**************************************************
Z=8, N=14, emax=8
RMSE Eb: 0.631
RMSE Rch: 0.012
MAPE Eb: 0.377
MAPE Rch: 0.345
--------------------------------------------------
**************************************************
Z=8, N=15, emax=8
RMSE Eb: 0.672
RMSE Rch: 0.007
MAPE Eb: 0.389
MAPE Rch: 0.207
--------------------------------------------------
**************************************************
Z=8, N=15, emax=6
RMSE Eb: 0.750
RMSE Rch: 0.005
MAPE Eb: 0.565
MAPE Rch: 0.145
--------------------------------------------------
**************************************************
Z=8, N=15, emax=4
RMSE Eb: 1.353
RMSE Rch: 0.005
MAPE Eb: 1.591
MAPE Rch: 0.131
--------------------------------------------------
**************************************************
Z=8, N=15, emax=10
RMSE Eb: 0.754
RMSE Rch: 0.007
MAPE Eb: 0.493
MAPE Rch: 0.189
--------------------------------------------------
**************************************************
Z=8, N=16, emax=4
RMSE Eb: 1.556
RMSE Rch: 0.008
MAPE Eb: 1.836
MAPE Rch: 0.218
--------------------------------------------------
**************************************************
Z=8, N=16, emax=8
RMSE Eb: 0.770
RMSE Rch: 0.007
MAPE Eb: 0.457
MAPE Rch: 0.207
--------------------------------------------------
**************************************************
Z=8, N=16, emax=6
RMSE Eb: 0.862
RMSE Rch: 0.007
MAPE Eb: 0.636
MAPE Rch: 0.187
--------------------------------------------------
**************************************************
Z=8, N=16, emax=10
RMSE Eb: 0.564
RMSE Rch: 0.008
MAPE Eb: 0.349
MAPE Rch: 0.212
--------------------------------------------------
