Activated conda environment
[DataLoader] Found 13 files matching the pattern.
[DataLoader] Combined data shape: (17234, 35)
[Preprocess] Data split => train: (11029, 35), val: (2758, 35), test: (3447, 35)
[Preprocess] Processed fidelity 4 (index 0): 3758 samples.
[Preprocess] Processed fidelity 6 (index 1): 3346 samples.
[Preprocess] Processed fidelity 8 (index 2): 3194 samples.
[Preprocess] Processed fidelity 10 (index 3): 731 samples.
[Preprocess] Processed fidelity 4 (index 0): 949 samples.
[Preprocess] Processed fidelity 6 (index 1): 833 samples.
[Preprocess] Processed fidelity 8 (index 2): 801 samples.
[Preprocess] Processed fidelity 10 (index 3): 175 samples.
Fidelity levels: [4, 6, 8, 10]
[Trainer] Starting BNN training...
[Trainer] No improvement. Iteration 9800. Early stopping counter: 1, LR counter: 1
[Trainer] No improvement. Iteration 9900. Early stopping counter: 2, LR counter: 2
[Trainer] No improvement. Iteration 10100. Early stopping counter: 1, LR counter: 1
[Trainer] No improvement. Iteration 10200. Early stopping counter: 2, LR counter: 2
[Trainer] No improvement. Iteration 10300. Early stopping counter: 3, LR counter: 3
[Trainer] No improvement. Iteration 10400. Early stopping counter: 4, LR counter: 4
[Trainer] No improvement. Iteration 10500. Early stopping counter: 5, LR counter: 5
[Trainer] No improvement. Iteration 10600. Early stopping counter: 6, LR counter: 6
[Trainer] No improvement. Iteration 10900. Early stopping counter: 1, LR counter: 1
[Trainer] No improvement. Iteration 11000. Early stopping counter: 2, LR counter: 2
[Trainer] No improvement. Iteration 11100. Early stopping counter: 3, LR counter: 3
[Trainer] No improvement. Iteration 11200. Early stopping counter: 4, LR counter: 4
[Trainer] No improvement. Iteration 11300. Early stopping counter: 5, LR counter: 5
[Trainer] No improvement. Iteration 11400. Early stopping counter: 6, LR counter: 6
[Trainer] No improvement. Iteration 11500. Early stopping counter: 7, LR counter: 7
[Trainer] No improvement. Iteration 11600. Early stopping counter: 8, LR counter: 8
[Trainer] No improvement. Iteration 12500. Early stopping counter: 1, LR counter: 1
[Trainer] No improvement. Iteration 12600. Early stopping counter: 2, LR counter: 2
[Trainer] No improvement. Iteration 12700. Early stopping counter: 3, LR counter: 3
[Trainer] No improvement. Iteration 12800. Early stopping counter: 4, LR counter: 4
[Trainer] No improvement. Iteration 12900. Early stopping counter: 5, LR counter: 5
[Trainer] No improvement. Iteration 13000. Early stopping counter: 6, LR counter: 6
[Trainer] No improvement. Iteration 13100. Early stopping counter: 7, LR counter: 7
[Trainer] No improvement. Iteration 13200. Early stopping counter: 8, LR counter: 8
[Trainer] No improvement. Iteration 13300. Early stopping counter: 9, LR counter: 9
[Trainer] No improvement. Iteration 13400. Early stopping counter: 10, LR counter: 10
[Trainer] No improvement. Iteration 13500. Early stopping counter: 11, LR counter: 11
[Trainer] No improvement. Iteration 13600. Early stopping counter: 12, LR counter: 12
[Trainer] No improvement. Iteration 13700. Early stopping counter: 13, LR counter: 13
[Trainer] No improvement. Iteration 13800. Early stopping counter: 14, LR counter: 14
[Trainer] No improvement. Iteration 13900. Early stopping counter: 15, LR counter: 15
[Trainer] No improvement. Iteration 14000. Early stopping counter: 16, LR counter: 16
[Trainer] No improvement. Iteration 14100. Early stopping counter: 17, LR counter: 17
[Trainer] No improvement. Iteration 14200. Early stopping counter: 18, LR counter: 18
[Trainer] No improvement. Iteration 14300. Early stopping counter: 19, LR counter: 19
[Trainer] No improvement. Iteration 14400. Early stopping counter: 20, LR counter: 20
[Trainer] No improvement. Iteration 14500. Early stopping counter: 21, LR counter: 21
[Trainer] No improvement. Iteration 14600. Early stopping counter: 22, LR counter: 22
[Trainer] No improvement. Iteration 14700. Early stopping counter: 23, LR counter: 23
[Trainer] No improvement. Iteration 14800. Early stopping counter: 24, LR counter: 24
[Trainer] No improvement. Iteration 14900. Early stopping counter: 25, LR counter: 25
[Trainer] Learning rate reduced to: 0.000010
[Trainer] No improvement. Iteration 15000. Early stopping counter: 26, LR counter: 1
[Trainer] No improvement. Iteration 15100. Early stopping counter: 27, LR counter: 2
[Trainer] No improvement. Iteration 15200. Early stopping counter: 28, LR counter: 3
[Trainer] No improvement. Iteration 15300. Early stopping counter: 29, LR counter: 4
[Trainer] No improvement. Iteration 15400. Early stopping counter: 30, LR counter: 5
[Trainer] No improvement. Iteration 15500. Early stopping counter: 31, LR counter: 6
[Trainer] No improvement. Iteration 15600. Early stopping counter: 32, LR counter: 7
[Trainer] No improvement. Iteration 15700. Early stopping counter: 33, LR counter: 8
[Trainer] No improvement. Iteration 15800. Early stopping counter: 34, LR counter: 9
[Trainer] No improvement. Iteration 15900. Early stopping counter: 35, LR counter: 10
[Trainer] No improvement. Iteration 16000. Early stopping counter: 36, LR counter: 11
[Trainer] No improvement. Iteration 16100. Early stopping counter: 37, LR counter: 12
[Trainer] No improvement. Iteration 16200. Early stopping counter: 38, LR counter: 13
[Trainer] No improvement. Iteration 16300. Early stopping counter: 39, LR counter: 14
[Trainer] No improvement. Iteration 16400. Early stopping counter: 40, LR counter: 15
[Trainer] No improvement. Iteration 16500. Early stopping counter: 41, LR counter: 16
[Trainer] No improvement. Iteration 16600. Early stopping counter: 42, LR counter: 17
[Trainer] No improvement. Iteration 16700. Early stopping counter: 43, LR counter: 18
[Trainer] No improvement. Iteration 16800. Early stopping counter: 44, LR counter: 19
[Trainer] No improvement. Iteration 16900. Early stopping counter: 45, LR counter: 20
[Trainer] No improvement. Iteration 17000. Early stopping counter: 46, LR counter: 21
[Trainer] No improvement. Iteration 17100. Early stopping counter: 47, LR counter: 22
[Trainer] No improvement. Iteration 17200. Early stopping counter: 48, LR counter: 23
[Trainer] No improvement. Iteration 17300. Early stopping counter: 49, LR counter: 24
[Trainer] No improvement. Iteration 17500. Early stopping counter: 1, LR counter: 1
[Trainer] No improvement. Iteration 17600. Early stopping counter: 2, LR counter: 2
[Trainer] No improvement. Iteration 17700. Early stopping counter: 3, LR counter: 3
[Trainer] No improvement. Iteration 17800. Early stopping counter: 4, LR counter: 4
[Trainer] No improvement. Iteration 17900. Early stopping counter: 5, LR counter: 5
[Trainer] No improvement. Iteration 18000. Early stopping counter: 6, LR counter: 6
[Trainer] No improvement. Iteration 18100. Early stopping counter: 7, LR counter: 7
[Trainer] No improvement. Iteration 18600. Early stopping counter: 1, LR counter: 1
[Trainer] No improvement. Iteration 18700. Early stopping counter: 2, LR counter: 2
[Trainer] No improvement. Iteration 18800. Early stopping counter: 3, LR counter: 3
[Trainer] No improvement. Iteration 18900. Early stopping counter: 4, LR counter: 4
[Trainer] No improvement. Iteration 19000. Early stopping counter: 5, LR counter: 5
[Trainer] No improvement. Iteration 19100. Early stopping counter: 6, LR counter: 6
[Trainer] No improvement. Iteration 19200. Early stopping counter: 7, LR counter: 7
[Trainer] No improvement. Iteration 19300. Early stopping counter: 8, LR counter: 8
[Trainer] No improvement. Iteration 19400. Early stopping counter: 9, LR counter: 9
[Trainer] No improvement. Iteration 19500. Early stopping counter: 10, LR counter: 10
[Trainer] No improvement. Iteration 19600. Early stopping counter: 11, LR counter: 11
[Trainer] No improvement. Iteration 19700. Early stopping counter: 12, LR counter: 12
[Trainer] No improvement. Iteration 19800. Early stopping counter: 13, LR counter: 13
[Trainer] No improvement. Iteration 19900. Early stopping counter: 14, LR counter: 14
[Trainer] No improvement. Iteration 20000. Early stopping counter: 15, LR counter: 15
[Trainer] No improvement. Iteration 20100. Early stopping counter: 16, LR counter: 16
[Trainer] No improvement. Iteration 20200. Early stopping counter: 17, LR counter: 17
[Trainer] No improvement. Iteration 20300. Early stopping counter: 18, LR counter: 18
[Trainer] No improvement. Iteration 20400. Early stopping counter: 19, LR counter: 19
[Trainer] No improvement. Iteration 20500. Early stopping counter: 20, LR counter: 20
[Trainer] No improvement. Iteration 20600. Early stopping counter: 21, LR counter: 21
[Trainer] No improvement. Iteration 20700. Early stopping counter: 22, LR counter: 22
[Trainer] No improvement. Iteration 20800. Early stopping counter: 23, LR counter: 23
[Trainer] No improvement. Iteration 20900. Early stopping counter: 24, LR counter: 24
[Trainer] No improvement. Iteration 21000. Early stopping counter: 25, LR counter: 25
[Trainer] Learning rate reduced to: 0.000001
[Trainer] No improvement. Iteration 21100. Early stopping counter: 26, LR counter: 1
[Trainer] No improvement. Iteration 21200. Early stopping counter: 27, LR counter: 2
[Trainer] No improvement. Iteration 21300. Early stopping counter: 28, LR counter: 3
[Trainer] No improvement. Iteration 21400. Early stopping counter: 29, LR counter: 4
[Trainer] No improvement. Iteration 21500. Early stopping counter: 30, LR counter: 5
[Trainer] No improvement. Iteration 21600. Early stopping counter: 31, LR counter: 6
[Trainer] No improvement. Iteration 21700. Early stopping counter: 32, LR counter: 7
[Trainer] No improvement. Iteration 21800. Early stopping counter: 33, LR counter: 8
[Trainer] No improvement. Iteration 21900. Early stopping counter: 34, LR counter: 9
[Trainer] No improvement. Iteration 22000. Early stopping counter: 35, LR counter: 10
[Trainer] No improvement. Iteration 22100. Early stopping counter: 36, LR counter: 11
[Trainer] No improvement. Iteration 22200. Early stopping counter: 37, LR counter: 12
[Trainer] No improvement. Iteration 22300. Early stopping counter: 38, LR counter: 13
[Trainer] No improvement. Iteration 22400. Early stopping counter: 39, LR counter: 14
[Trainer] No improvement. Iteration 22500. Early stopping counter: 40, LR counter: 15
[Trainer] No improvement. Iteration 22600. Early stopping counter: 41, LR counter: 16
[Trainer] No improvement. Iteration 22700. Early stopping counter: 42, LR counter: 17
[Trainer] No improvement. Iteration 22800. Early stopping counter: 43, LR counter: 18
[Trainer] No improvement. Iteration 22900. Early stopping counter: 44, LR counter: 19
[Trainer] No improvement. Iteration 23000. Early stopping counter: 45, LR counter: 20
[Trainer] No improvement. Iteration 23100. Early stopping counter: 46, LR counter: 21
[Trainer] No improvement. Iteration 23200. Early stopping counter: 47, LR counter: 22
[Trainer] No improvement. Iteration 23300. Early stopping counter: 48, LR counter: 23
[Trainer] No improvement. Iteration 23400. Early stopping counter: 49, LR counter: 24
[Trainer] No improvement. Iteration 23500. Early stopping counter: 50, LR counter: 25
[Trainer] Learning rate reduced to: 0.000000
[Trainer] Early stopping triggered.
[Trainer] Training completed.
[Trainer] Calibrating temperatures on validation set...
[Trainer] Temperature calibration finished. Calibrated temperatures: {4: 1.2149944305419922, 6: 1.1455435752868652, 8: 1.2620165348052979, 10: 1.234662413597107}
[Trainer] BNN training completed.
**************************************************
Z=8, N=4, emax=4
RMSE Eb: 0.792
RMSE Rch: 0.007
MAPE Eb: 2.204
MAPE Rch: 0.333
--------------------------------------------------
**************************************************
Z=8, N=4, emax=10
RMSE Eb: 1.092
RMSE Rch: 0.042
MAPE Eb: 1.461
MAPE Rch: 1.755
--------------------------------------------------
**************************************************
Z=8, N=4, emax=6
RMSE Eb: 0.917
RMSE Rch: 0.012
MAPE Eb: 1.875
MAPE Rch: 0.555
--------------------------------------------------
**************************************************
Z=8, N=4, emax=8
RMSE Eb: 0.844
RMSE Rch: 0.023
MAPE Eb: 1.411
MAPE Rch: 1.080
--------------------------------------------------
**************************************************
Z=8, N=5, emax=8
RMSE Eb: 0.953
RMSE Rch: 0.014
MAPE Eb: 1.212
MAPE Rch: 0.729
--------------------------------------------------
**************************************************
Z=8, N=5, emax=6
RMSE Eb: 0.861
RMSE Rch: 0.014
MAPE Eb: 1.212
MAPE Rch: 0.685
--------------------------------------------------
**************************************************
Z=8, N=5, emax=4
RMSE Eb: 0.655
RMSE Rch: 0.009
MAPE Eb: 1.355
MAPE Rch: 0.398
--------------------------------------------------
**************************************************
Z=8, N=5, emax=10
RMSE Eb: 0.451
RMSE Rch: 0.014
MAPE Eb: 0.636
MAPE Rch: 0.778
--------------------------------------------------
**************************************************
Z=8, N=6, emax=4
RMSE Eb: 0.814
RMSE Rch: 0.008
MAPE Eb: 1.222
MAPE Rch: 0.390
--------------------------------------------------
**************************************************
Z=8, N=6, emax=6
RMSE Eb: 0.908
RMSE Rch: 0.008
MAPE Eb: 0.987
MAPE Rch: 0.366
--------------------------------------------------
**************************************************
Z=8, N=6, emax=8
RMSE Eb: 1.002
RMSE Rch: 0.011
MAPE Eb: 0.969
MAPE Rch: 0.553
--------------------------------------------------
**************************************************
Z=8, N=6, emax=10
RMSE Eb: 1.004
RMSE Rch: 0.017
MAPE Eb: 0.935
MAPE Rch: 0.855
--------------------------------------------------
**************************************************
Z=8, N=7, emax=8
RMSE Eb: 0.888
RMSE Rch: 0.015
MAPE Eb: 0.717
MAPE Rch: 0.840
--------------------------------------------------
**************************************************
Z=8, N=7, emax=10
RMSE Eb: 0.943
RMSE Rch: 0.013
MAPE Eb: 0.709
MAPE Rch: 0.794
--------------------------------------------------
**************************************************
Z=8, N=7, emax=6
RMSE Eb: 0.868
RMSE Rch: 0.012
MAPE Eb: 0.829
MAPE Rch: 0.635
--------------------------------------------------
**************************************************
Z=8, N=7, emax=4
RMSE Eb: 0.912
RMSE Rch: 0.008
MAPE Eb: 1.117
MAPE Rch: 0.396
--------------------------------------------------
**************************************************
Z=8, N=8, emax=4
RMSE Eb: 0.945
RMSE Rch: 0.008
MAPE Eb: 1.036
MAPE Rch: 0.220
--------------------------------------------------
**************************************************
Z=8, N=8, emax=8
RMSE Eb: 0.956
RMSE Rch: 0.015
MAPE Eb: 0.731
MAPE Rch: 0.407
--------------------------------------------------
**************************************************
Z=8, N=8, emax=6
RMSE Eb: 0.795
RMSE Rch: 0.014
MAPE Eb: 0.658
MAPE Rch: 0.396
--------------------------------------------------
**************************************************
Z=8, N=8, emax=10
RMSE Eb: 1.136
RMSE Rch: 0.008
MAPE Eb: 0.885
MAPE Rch: 0.243
--------------------------------------------------
**************************************************
Z=8, N=9, emax=8
RMSE Eb: 1.052
RMSE Rch: 0.013
MAPE Eb: 0.746
MAPE Rch: 0.401
--------------------------------------------------
**************************************************
Z=8, N=9, emax=6
RMSE Eb: 0.845
RMSE Rch: 0.014
MAPE Eb: 0.702
MAPE Rch: 0.407
--------------------------------------------------
**************************************************
Z=8, N=9, emax=4
RMSE Eb: 0.807
RMSE Rch: 0.010
MAPE Eb: 0.881
MAPE Rch: 0.296
--------------------------------------------------
**************************************************
Z=8, N=9, emax=10
RMSE Eb: 0.953
RMSE Rch: 0.009
MAPE Eb: 0.571
MAPE Rch: 0.288
--------------------------------------------------
**************************************************
Z=8, N=10, emax=4
RMSE Eb: 0.893
RMSE Rch: 0.007
MAPE Eb: 0.928
MAPE Rch: 0.190
--------------------------------------------------
**************************************************
Z=8, N=10, emax=10
RMSE Eb: 1.055
RMSE Rch: 0.009
MAPE Eb: 0.710
MAPE Rch: 0.286
--------------------------------------------------
**************************************************
Z=8, N=10, emax=6
RMSE Eb: 1.049
RMSE Rch: 0.015
MAPE Eb: 0.843
MAPE Rch: 0.435
--------------------------------------------------
**************************************************
Z=8, N=10, emax=8
RMSE Eb: 1.059
RMSE Rch: 0.011
MAPE Eb: 0.764
MAPE Rch: 0.301
--------------------------------------------------
**************************************************
Z=8, N=11, emax=4
RMSE Eb: 0.756
RMSE Rch: 0.006
MAPE Eb: 0.809
MAPE Rch: 0.167
--------------------------------------------------
**************************************************
Z=8, N=11, emax=6
RMSE Eb: 0.792
RMSE Rch: 0.012
MAPE Eb: 0.596
MAPE Rch: 0.360
--------------------------------------------------
**************************************************
Z=8, N=11, emax=8
RMSE Eb: 0.918
RMSE Rch: 0.012
MAPE Eb: 0.625
MAPE Rch: 0.364
--------------------------------------------------
**************************************************
Z=8, N=11, emax=10
RMSE Eb: 0.908
RMSE Rch: 0.007
MAPE Eb: 0.627
MAPE Rch: 0.187
--------------------------------------------------
**************************************************
Z=8, N=12, emax=6
RMSE Eb: 0.974
RMSE Rch: 0.014
MAPE Eb: 0.719
MAPE Rch: 0.388
--------------------------------------------------
**************************************************
Z=8, N=12, emax=4
RMSE Eb: 0.995
RMSE Rch: 0.007
MAPE Eb: 1.046
MAPE Rch: 0.177
--------------------------------------------------
**************************************************
Z=8, N=12, emax=8
RMSE Eb: 0.924
RMSE Rch: 0.010
MAPE Eb: 0.590
MAPE Rch: 0.309
--------------------------------------------------
**************************************************
Z=8, N=12, emax=10
RMSE Eb: 1.429
RMSE Rch: 0.010
MAPE Eb: 1.021
MAPE Rch: 0.298
--------------------------------------------------
**************************************************
Z=8, N=13, emax=8
RMSE Eb: 1.037
RMSE Rch: 0.010
MAPE Eb: 0.672
MAPE Rch: 0.291
--------------------------------------------------
**************************************************
Z=8, N=13, emax=4
RMSE Eb: 0.954
RMSE Rch: 0.008
MAPE Eb: 0.970
MAPE Rch: 0.197
--------------------------------------------------
**************************************************
Z=8, N=13, emax=10
RMSE Eb: 1.327
RMSE Rch: 0.010
MAPE Eb: 0.858
MAPE Rch: 0.297
--------------------------------------------------
**************************************************
Z=8, N=13, emax=6
RMSE Eb: 0.768
RMSE Rch: 0.013
MAPE Eb: 0.589
MAPE Rch: 0.387
--------------------------------------------------
**************************************************
Z=8, N=14, emax=8
RMSE Eb: 1.100
RMSE Rch: 0.013
MAPE Eb: 0.667
MAPE Rch: 0.346
--------------------------------------------------
**************************************************
Z=8, N=14, emax=4
RMSE Eb: 1.108
RMSE Rch: 0.009
MAPE Eb: 1.082
MAPE Rch: 0.244
--------------------------------------------------
**************************************************
Z=8, N=14, emax=6
RMSE Eb: 0.810
RMSE Rch: 0.012
MAPE Eb: 0.623
MAPE Rch: 0.336
--------------------------------------------------
**************************************************
Z=8, N=14, emax=10
RMSE Eb: 1.204
RMSE Rch: 0.013
MAPE Eb: 0.773
MAPE Rch: 0.340
--------------------------------------------------
**************************************************
Z=8, N=15, emax=8
RMSE Eb: 1.049
RMSE Rch: 0.008
MAPE Eb: 0.678
MAPE Rch: 0.232
--------------------------------------------------
**************************************************
Z=8, N=15, emax=4
RMSE Eb: 1.050
RMSE Rch: 0.009
MAPE Eb: 0.977
MAPE Rch: 0.250
--------------------------------------------------
**************************************************
Z=8, N=15, emax=6
RMSE Eb: 1.101
RMSE Rch: 0.011
MAPE Eb: 0.791
MAPE Rch: 0.310
--------------------------------------------------
**************************************************
Z=8, N=15, emax=10
RMSE Eb: 0.951
RMSE Rch: 0.007
MAPE Eb: 0.504
MAPE Rch: 0.209
--------------------------------------------------
**************************************************
Z=8, N=16, emax=8
RMSE Eb: 1.077
RMSE Rch: 0.011
MAPE Eb: 0.653
MAPE Rch: 0.290
--------------------------------------------------
**************************************************
Z=8, N=16, emax=6
RMSE Eb: 1.098
RMSE Rch: 0.013
MAPE Eb: 0.729
MAPE Rch: 0.335
--------------------------------------------------
**************************************************
Z=8, N=16, emax=10
RMSE Eb: 1.557
RMSE Rch: 0.009
MAPE Eb: 0.990
MAPE Rch: 0.246
--------------------------------------------------
**************************************************
Z=8, N=16, emax=4
RMSE Eb: 1.561
RMSE Rch: 0.012
MAPE Eb: 1.569
MAPE Rch: 0.322
--------------------------------------------------
Finished VAL for AE n=127
**************************************************
Z=8, N=4, emax=6
RMSE Eb: 0.804
RMSE Rch: 0.012
MAPE Eb: 1.526
MAPE Rch: 0.558
--------------------------------------------------
**************************************************
Z=8, N=4, emax=8
RMSE Eb: 0.966
RMSE Rch: 0.019
MAPE Eb: 1.591
MAPE Rch: 0.850
--------------------------------------------------
**************************************************
Z=8, N=4, emax=4
RMSE Eb: 0.928
RMSE Rch: 0.009
MAPE Eb: 2.595
MAPE Rch: 0.419
--------------------------------------------------
**************************************************
Z=8, N=4, emax=10
RMSE Eb: 1.305
RMSE Rch: 0.031
MAPE Eb: 1.843
MAPE Rch: 1.515
--------------------------------------------------
**************************************************
Z=8, N=5, emax=4
RMSE Eb: 0.778
RMSE Rch: 0.012
MAPE Eb: 1.629
MAPE Rch: 0.531
--------------------------------------------------
**************************************************
Z=8, N=5, emax=8
RMSE Eb: 1.009
RMSE Rch: 0.016
MAPE Eb: 1.281
MAPE Rch: 0.827
--------------------------------------------------
**************************************************
Z=8, N=5, emax=6
RMSE Eb: 0.750
RMSE Rch: 0.010
MAPE Eb: 1.155
MAPE Rch: 0.488
--------------------------------------------------
**************************************************
Z=8, N=5, emax=10
RMSE Eb: 0.910
RMSE Rch: 0.015
MAPE Eb: 1.162
MAPE Rch: 0.778
--------------------------------------------------
**************************************************
Z=8, N=6, emax=4
RMSE Eb: 0.777
RMSE Rch: 0.008
MAPE Eb: 1.096
MAPE Rch: 0.380
--------------------------------------------------
**************************************************
Z=8, N=6, emax=8
RMSE Eb: 1.138
RMSE Rch: 0.020
MAPE Eb: 1.018
MAPE Rch: 0.922
--------------------------------------------------
**************************************************
Z=8, N=6, emax=6
RMSE Eb: 0.962
RMSE Rch: 0.011
MAPE Eb: 1.077
MAPE Rch: 0.513
--------------------------------------------------
**************************************************
Z=8, N=6, emax=10
RMSE Eb: 0.872
RMSE Rch: 0.015
MAPE Eb: 0.903
MAPE Rch: 0.879
--------------------------------------------------
**************************************************
Z=8, N=7, emax=4
RMSE Eb: 0.898
RMSE Rch: 0.007
MAPE Eb: 1.080
MAPE Rch: 0.340
--------------------------------------------------
**************************************************
Z=8, N=7, emax=8
RMSE Eb: 1.060
RMSE Rch: 0.015
MAPE Eb: 0.825
MAPE Rch: 0.860
--------------------------------------------------
**************************************************
Z=8, N=7, emax=6
RMSE Eb: 0.961
RMSE Rch: 0.011
MAPE Eb: 0.882
MAPE Rch: 0.583
--------------------------------------------------
**************************************************
Z=8, N=7, emax=10
RMSE Eb: 1.037
RMSE Rch: 0.009
MAPE Eb: 0.823
MAPE Rch: 0.525
--------------------------------------------------
**************************************************
Z=8, N=8, emax=4
RMSE Eb: 1.056
RMSE Rch: 0.008
MAPE Eb: 1.076
MAPE Rch: 0.216
--------------------------------------------------
**************************************************
Z=8, N=8, emax=6
RMSE Eb: 0.963
RMSE Rch: 0.015
MAPE Eb: 0.827
MAPE Rch: 0.444
--------------------------------------------------
**************************************************
Z=8, N=8, emax=8
RMSE Eb: 0.864
RMSE Rch: 0.015
MAPE Eb: 0.702
MAPE Rch: 0.436
--------------------------------------------------
**************************************************
Z=8, N=8, emax=10
RMSE Eb: 1.116
RMSE Rch: 0.012
MAPE Eb: 0.824
MAPE Rch: 0.342
--------------------------------------------------
**************************************************
Z=8, N=9, emax=4
RMSE Eb: 0.765
RMSE Rch: 0.009
MAPE Eb: 0.803
MAPE Rch: 0.258
--------------------------------------------------
**************************************************
Z=8, N=9, emax=8
RMSE Eb: 1.039
RMSE Rch: 0.014
MAPE Eb: 0.736
MAPE Rch: 0.405
--------------------------------------------------
**************************************************
Z=8, N=9, emax=6
RMSE Eb: 0.856
RMSE Rch: 0.013
MAPE Eb: 0.692
MAPE Rch: 0.379
--------------------------------------------------
**************************************************
Z=8, N=9, emax=10
RMSE Eb: 1.169
RMSE Rch: 0.011
MAPE Eb: 0.748
MAPE Rch: 0.305
--------------------------------------------------
**************************************************
Z=8, N=10, emax=4
RMSE Eb: 0.787
RMSE Rch: 0.008
MAPE Eb: 0.808
MAPE Rch: 0.219
--------------------------------------------------
**************************************************
Z=8, N=10, emax=6
RMSE Eb: 0.909
RMSE Rch: 0.011
MAPE Eb: 0.707
MAPE Rch: 0.317
--------------------------------------------------
**************************************************
Z=8, N=10, emax=8
RMSE Eb: 0.857
RMSE Rch: 0.012
MAPE Eb: 0.617
MAPE Rch: 0.364
--------------------------------------------------
**************************************************
Z=8, N=10, emax=10
RMSE Eb: 1.340
RMSE Rch: 0.008
MAPE Eb: 0.795
MAPE Rch: 0.249
--------------------------------------------------
**************************************************
Z=8, N=11, emax=8
RMSE Eb: 0.968
RMSE Rch: 0.013
MAPE Eb: 0.655
MAPE Rch: 0.404
--------------------------------------------------
**************************************************
Z=8, N=11, emax=4
RMSE Eb: 0.737
RMSE Rch: 0.007
MAPE Eb: 0.787
MAPE Rch: 0.183
--------------------------------------------------
**************************************************
Z=8, N=11, emax=6
RMSE Eb: 0.822
RMSE Rch: 0.011
MAPE Eb: 0.632
MAPE Rch: 0.298
--------------------------------------------------
**************************************************
Z=8, N=11, emax=10
RMSE Eb: 0.729
RMSE Rch: 0.007
MAPE Eb: 0.485
MAPE Rch: 0.186
--------------------------------------------------
**************************************************
Z=8, N=12, emax=6
RMSE Eb: 0.826
RMSE Rch: 0.013
MAPE Eb: 0.537
MAPE Rch: 0.379
--------------------------------------------------
**************************************************
Z=8, N=12, emax=8
RMSE Eb: 1.142
RMSE Rch: 0.011
MAPE Eb: 0.744
MAPE Rch: 0.329
--------------------------------------------------
**************************************************
Z=8, N=12, emax=4
RMSE Eb: 1.034
RMSE Rch: 0.008
MAPE Eb: 1.040
MAPE Rch: 0.200
--------------------------------------------------
**************************************************
Z=8, N=12, emax=10
RMSE Eb: 1.403
RMSE Rch: 0.008
MAPE Eb: 0.902
MAPE Rch: 0.226
--------------------------------------------------
**************************************************
Z=8, N=13, emax=8
RMSE Eb: 1.034
RMSE Rch: 0.008
MAPE Eb: 0.669
MAPE Rch: 0.238
--------------------------------------------------
**************************************************
Z=8, N=13, emax=4
RMSE Eb: 0.788
RMSE Rch: 0.008
MAPE Eb: 0.794
MAPE Rch: 0.218
--------------------------------------------------
**************************************************
Z=8, N=13, emax=6
RMSE Eb: 0.798
RMSE Rch: 0.013
MAPE Eb: 0.556
MAPE Rch: 0.376
--------------------------------------------------
**************************************************
Z=8, N=13, emax=10
RMSE Eb: 1.013
RMSE Rch: 0.008
MAPE Eb: 0.622
MAPE Rch: 0.204
--------------------------------------------------
**************************************************
Z=8, N=14, emax=6
RMSE Eb: 0.988
RMSE Rch: 0.011
MAPE Eb: 0.687
MAPE Rch: 0.315
--------------------------------------------------
**************************************************
Z=8, N=14, emax=10
RMSE Eb: 0.882
RMSE Rch: 0.013
MAPE Eb: 0.469
MAPE Rch: 0.347
--------------------------------------------------
**************************************************
Z=8, N=14, emax=4
RMSE Eb: 1.074
RMSE Rch: 0.008
MAPE Eb: 1.116
MAPE Rch: 0.226
--------------------------------------------------
**************************************************
Z=8, N=14, emax=8
RMSE Eb: 1.282
RMSE Rch: 0.012
MAPE Eb: 0.753
MAPE Rch: 0.333
--------------------------------------------------
**************************************************
Z=8, N=15, emax=8
RMSE Eb: 1.194
RMSE Rch: 0.009
MAPE Eb: 0.782
MAPE Rch: 0.261
--------------------------------------------------
**************************************************
Z=8, N=15, emax=6
RMSE Eb: 0.979
RMSE Rch: 0.011
MAPE Eb: 0.636
MAPE Rch: 0.316
--------------------------------------------------
**************************************************
Z=8, N=15, emax=4
RMSE Eb: 1.062
RMSE Rch: 0.009
MAPE Eb: 1.064
MAPE Rch: 0.235
--------------------------------------------------
**************************************************
Z=8, N=15, emax=10
RMSE Eb: 1.293
RMSE Rch: 0.009
MAPE Eb: 0.764
MAPE Rch: 0.266
--------------------------------------------------
**************************************************
Z=8, N=16, emax=4
RMSE Eb: 1.309
RMSE Rch: 0.010
MAPE Eb: 1.338
MAPE Rch: 0.249
--------------------------------------------------
**************************************************
Z=8, N=16, emax=8
RMSE Eb: 1.107
RMSE Rch: 0.009
MAPE Eb: 0.638
MAPE Rch: 0.258
--------------------------------------------------
**************************************************
Z=8, N=16, emax=6
RMSE Eb: 1.251
RMSE Rch: 0.012
MAPE Eb: 0.791
MAPE Rch: 0.343
--------------------------------------------------
**************************************************
Z=8, N=16, emax=10
RMSE Eb: 1.317
RMSE Rch: 0.007
MAPE Eb: 0.828
MAPE Rch: 0.222
--------------------------------------------------
