Activated conda environment
[DataLoader] Found 13 files matching the pattern.
[DataLoader] Combined data shape: (17234, 35)
[Preprocess] Data split => train: (11029, 35), val: (2758, 35), test: (3447, 35)
[Preprocess] Processed fidelity 4 (index 0): 3758 samples.
[Preprocess] Processed fidelity 6 (index 1): 3346 samples.
[Preprocess] Processed fidelity 8 (index 2): 3194 samples.
[Preprocess] Processed fidelity 10 (index 3): 731 samples.
[Preprocess] Processed fidelity 4 (index 0): 949 samples.
[Preprocess] Processed fidelity 6 (index 1): 833 samples.
[Preprocess] Processed fidelity 8 (index 2): 801 samples.
[Preprocess] Processed fidelity 10 (index 3): 175 samples.
Fidelity levels: [4, 6, 8, 10]
[Trainer] Starting BNN training...
[Trainer] No improvement. Iteration 9400. Early stopping counter: 1, LR counter: 1
[Trainer] No improvement. Iteration 9700. Early stopping counter: 1, LR counter: 1
[Trainer] No improvement. Iteration 9800. Early stopping counter: 2, LR counter: 2
[Trainer] No improvement. Iteration 9900. Early stopping counter: 3, LR counter: 3
[Trainer] No improvement. Iteration 10000. Early stopping counter: 4, LR counter: 4
[Trainer] No improvement. Iteration 10100. Early stopping counter: 5, LR counter: 5
[Trainer] No improvement. Iteration 10200. Early stopping counter: 6, LR counter: 6
[Trainer] No improvement. Iteration 10300. Early stopping counter: 7, LR counter: 7
[Trainer] No improvement. Iteration 10400. Early stopping counter: 8, LR counter: 8
[Trainer] No improvement. Iteration 10500. Early stopping counter: 9, LR counter: 9
[Trainer] No improvement. Iteration 10600. Early stopping counter: 10, LR counter: 10
[Trainer] No improvement. Iteration 10700. Early stopping counter: 11, LR counter: 11
[Trainer] No improvement. Iteration 10800. Early stopping counter: 12, LR counter: 12
[Trainer] No improvement. Iteration 10900. Early stopping counter: 13, LR counter: 13
[Trainer] No improvement. Iteration 11000. Early stopping counter: 14, LR counter: 14
[Trainer] No improvement. Iteration 11100. Early stopping counter: 15, LR counter: 15
[Trainer] No improvement. Iteration 11200. Early stopping counter: 16, LR counter: 16
[Trainer] No improvement. Iteration 11300. Early stopping counter: 17, LR counter: 17
[Trainer] No improvement. Iteration 11400. Early stopping counter: 18, LR counter: 18
[Trainer] No improvement. Iteration 11500. Early stopping counter: 19, LR counter: 19
[Trainer] No improvement. Iteration 11600. Early stopping counter: 20, LR counter: 20
[Trainer] No improvement. Iteration 11700. Early stopping counter: 21, LR counter: 21
[Trainer] No improvement. Iteration 11800. Early stopping counter: 22, LR counter: 22
[Trainer] No improvement. Iteration 11900. Early stopping counter: 23, LR counter: 23
[Trainer] No improvement. Iteration 12000. Early stopping counter: 24, LR counter: 24
[Trainer] No improvement. Iteration 12100. Early stopping counter: 25, LR counter: 25
[Trainer] Learning rate reduced to: 0.000010
[Trainer] No improvement. Iteration 12200. Early stopping counter: 26, LR counter: 1
[Trainer] No improvement. Iteration 12300. Early stopping counter: 27, LR counter: 2
[Trainer] No improvement. Iteration 12400. Early stopping counter: 28, LR counter: 3
[Trainer] No improvement. Iteration 12500. Early stopping counter: 29, LR counter: 4
[Trainer] No improvement. Iteration 12600. Early stopping counter: 30, LR counter: 5
[Trainer] No improvement. Iteration 12700. Early stopping counter: 31, LR counter: 6
[Trainer] No improvement. Iteration 12800. Early stopping counter: 32, LR counter: 7
[Trainer] No improvement. Iteration 12900. Early stopping counter: 33, LR counter: 8
[Trainer] No improvement. Iteration 13600. Early stopping counter: 1, LR counter: 1
[Trainer] No improvement. Iteration 13700. Early stopping counter: 2, LR counter: 2
[Trainer] No improvement. Iteration 13800. Early stopping counter: 3, LR counter: 3
[Trainer] No improvement. Iteration 13900. Early stopping counter: 4, LR counter: 4
[Trainer] No improvement. Iteration 14000. Early stopping counter: 5, LR counter: 5
[Trainer] No improvement. Iteration 14100. Early stopping counter: 6, LR counter: 6
[Trainer] No improvement. Iteration 14200. Early stopping counter: 7, LR counter: 7
[Trainer] No improvement. Iteration 14300. Early stopping counter: 8, LR counter: 8
[Trainer] No improvement. Iteration 14400. Early stopping counter: 9, LR counter: 9
[Trainer] No improvement. Iteration 14500. Early stopping counter: 10, LR counter: 10
[Trainer] No improvement. Iteration 14600. Early stopping counter: 11, LR counter: 11
[Trainer] No improvement. Iteration 14700. Early stopping counter: 12, LR counter: 12
[Trainer] No improvement. Iteration 14800. Early stopping counter: 13, LR counter: 13
[Trainer] No improvement. Iteration 14900. Early stopping counter: 14, LR counter: 14
[Trainer] No improvement. Iteration 15000. Early stopping counter: 15, LR counter: 15
[Trainer] No improvement. Iteration 15100. Early stopping counter: 16, LR counter: 16
[Trainer] No improvement. Iteration 15200. Early stopping counter: 17, LR counter: 17
[Trainer] No improvement. Iteration 15300. Early stopping counter: 18, LR counter: 18
[Trainer] No improvement. Iteration 15400. Early stopping counter: 19, LR counter: 19
[Trainer] No improvement. Iteration 15500. Early stopping counter: 20, LR counter: 20
[Trainer] No improvement. Iteration 15600. Early stopping counter: 21, LR counter: 21
[Trainer] No improvement. Iteration 15700. Early stopping counter: 22, LR counter: 22
[Trainer] No improvement. Iteration 15800. Early stopping counter: 23, LR counter: 23
[Trainer] No improvement. Iteration 15900. Early stopping counter: 24, LR counter: 24
[Trainer] No improvement. Iteration 16000. Early stopping counter: 25, LR counter: 25
[Trainer] Learning rate reduced to: 0.000001
[Trainer] No improvement. Iteration 16100. Early stopping counter: 26, LR counter: 1
[Trainer] No improvement. Iteration 16200. Early stopping counter: 27, LR counter: 2
[Trainer] No improvement. Iteration 16300. Early stopping counter: 28, LR counter: 3
[Trainer] No improvement. Iteration 16400. Early stopping counter: 29, LR counter: 4
[Trainer] No improvement. Iteration 16500. Early stopping counter: 30, LR counter: 5
[Trainer] No improvement. Iteration 16600. Early stopping counter: 31, LR counter: 6
[Trainer] No improvement. Iteration 16700. Early stopping counter: 32, LR counter: 7
[Trainer] No improvement. Iteration 17700. Early stopping counter: 1, LR counter: 1
[Trainer] No improvement. Iteration 17800. Early stopping counter: 2, LR counter: 2
[Trainer] No improvement. Iteration 17900. Early stopping counter: 3, LR counter: 3
[Trainer] No improvement. Iteration 18000. Early stopping counter: 4, LR counter: 4
[Trainer] No improvement. Iteration 18100. Early stopping counter: 5, LR counter: 5
[Trainer] No improvement. Iteration 18200. Early stopping counter: 6, LR counter: 6
[Trainer] No improvement. Iteration 18300. Early stopping counter: 7, LR counter: 7
[Trainer] No improvement. Iteration 19400. Early stopping counter: 1, LR counter: 1
[Trainer] No improvement. Iteration 19500. Early stopping counter: 2, LR counter: 2
[Trainer] No improvement. Iteration 19600. Early stopping counter: 3, LR counter: 3
[Trainer] No improvement. Iteration 19700. Early stopping counter: 4, LR counter: 4
[Trainer] No improvement. Iteration 19800. Early stopping counter: 5, LR counter: 5
[Trainer] No improvement. Iteration 19900. Early stopping counter: 6, LR counter: 6
[Trainer] No improvement. Iteration 20000. Early stopping counter: 7, LR counter: 7
[Trainer] No improvement. Iteration 20100. Early stopping counter: 8, LR counter: 8
[Trainer] No improvement. Iteration 20200. Early stopping counter: 9, LR counter: 9
[Trainer] No improvement. Iteration 20300. Early stopping counter: 10, LR counter: 10
[Trainer] No improvement. Iteration 20400. Early stopping counter: 11, LR counter: 11
[Trainer] No improvement. Iteration 20500. Early stopping counter: 12, LR counter: 12
[Trainer] No improvement. Iteration 20600. Early stopping counter: 13, LR counter: 13
[Trainer] No improvement. Iteration 20700. Early stopping counter: 14, LR counter: 14
[Trainer] No improvement. Iteration 20800. Early stopping counter: 15, LR counter: 15
[Trainer] No improvement. Iteration 20900. Early stopping counter: 16, LR counter: 16
[Trainer] No improvement. Iteration 21000. Early stopping counter: 17, LR counter: 17
[Trainer] No improvement. Iteration 21100. Early stopping counter: 18, LR counter: 18
[Trainer] No improvement. Iteration 21200. Early stopping counter: 19, LR counter: 19
[Trainer] No improvement. Iteration 21300. Early stopping counter: 20, LR counter: 20
[Trainer] No improvement. Iteration 21400. Early stopping counter: 21, LR counter: 21
[Trainer] No improvement. Iteration 21500. Early stopping counter: 22, LR counter: 22
[Trainer] No improvement. Iteration 21600. Early stopping counter: 23, LR counter: 23
[Trainer] No improvement. Iteration 21700. Early stopping counter: 24, LR counter: 24
[Trainer] No improvement. Iteration 21800. Early stopping counter: 25, LR counter: 25
[Trainer] Learning rate reduced to: 0.000000
[Trainer] No improvement. Iteration 21900. Early stopping counter: 26, LR counter: 1
[Trainer] No improvement. Iteration 22000. Early stopping counter: 27, LR counter: 2
[Trainer] No improvement. Iteration 22100. Early stopping counter: 28, LR counter: 3
[Trainer] No improvement. Iteration 22200. Early stopping counter: 29, LR counter: 4
[Trainer] No improvement. Iteration 22300. Early stopping counter: 30, LR counter: 5
[Trainer] No improvement. Iteration 22400. Early stopping counter: 31, LR counter: 6
[Trainer] No improvement. Iteration 22500. Early stopping counter: 32, LR counter: 7
[Trainer] No improvement. Iteration 22600. Early stopping counter: 33, LR counter: 8
[Trainer] No improvement. Iteration 22700. Early stopping counter: 34, LR counter: 9
[Trainer] No improvement. Iteration 22800. Early stopping counter: 35, LR counter: 10
[Trainer] No improvement. Iteration 22900. Early stopping counter: 36, LR counter: 11
[Trainer] No improvement. Iteration 23000. Early stopping counter: 37, LR counter: 12
[Trainer] No improvement. Iteration 23100. Early stopping counter: 38, LR counter: 13
[Trainer] No improvement. Iteration 23200. Early stopping counter: 39, LR counter: 14
[Trainer] No improvement. Iteration 23300. Early stopping counter: 40, LR counter: 15
[Trainer] No improvement. Iteration 23400. Early stopping counter: 41, LR counter: 16
[Trainer] No improvement. Iteration 23500. Early stopping counter: 42, LR counter: 17
[Trainer] No improvement. Iteration 23600. Early stopping counter: 43, LR counter: 18
[Trainer] No improvement. Iteration 23700. Early stopping counter: 44, LR counter: 19
[Trainer] No improvement. Iteration 23800. Early stopping counter: 45, LR counter: 20
[Trainer] No improvement. Iteration 23900. Early stopping counter: 46, LR counter: 21
[Trainer] No improvement. Iteration 24000. Early stopping counter: 47, LR counter: 22
[Trainer] No improvement. Iteration 24100. Early stopping counter: 48, LR counter: 23
[Trainer] No improvement. Iteration 24200. Early stopping counter: 49, LR counter: 24
[Trainer] No improvement. Iteration 24300. Early stopping counter: 50, LR counter: 25
[Trainer] Learning rate reduced to: 0.000000
[Trainer] Early stopping triggered.
[Trainer] Training completed.
[Trainer] Calibrating temperatures on validation set...
[Trainer] Temperature calibration finished. Calibrated temperatures: {4: 1.0737289190292358, 6: 0.9103435277938843, 8: 1.2939356565475464, 10: 1.27444326877594}
[Trainer] BNN training completed.
**************************************************
Z=8, N=4, emax=4
RMSE Eb: 1.238
RMSE Rch: 0.008
MAPE Eb: 3.687
MAPE Rch: 0.381
--------------------------------------------------
**************************************************
Z=8, N=4, emax=10
RMSE Eb: 1.416
RMSE Rch: 0.053
MAPE Eb: 2.191
MAPE Rch: 2.332
--------------------------------------------------
**************************************************
Z=8, N=4, emax=6
RMSE Eb: 1.443
RMSE Rch: 0.014
MAPE Eb: 2.646
MAPE Rch: 0.674
--------------------------------------------------
**************************************************
Z=8, N=4, emax=8
RMSE Eb: 1.421
RMSE Rch: 0.019
MAPE Eb: 2.294
MAPE Rch: 0.855
--------------------------------------------------
**************************************************
Z=8, N=5, emax=8
RMSE Eb: 1.384
RMSE Rch: 0.017
MAPE Eb: 1.637
MAPE Rch: 0.825
--------------------------------------------------
**************************************************
Z=8, N=5, emax=6
RMSE Eb: 1.415
RMSE Rch: 0.010
MAPE Eb: 2.019
MAPE Rch: 0.443
--------------------------------------------------
**************************************************
Z=8, N=5, emax=4
RMSE Eb: 1.144
RMSE Rch: 0.008
MAPE Eb: 2.262
MAPE Rch: 0.406
--------------------------------------------------
**************************************************
Z=8, N=5, emax=10
RMSE Eb: 0.528
RMSE Rch: 0.009
MAPE Eb: 0.651
MAPE Rch: 0.518
--------------------------------------------------
**************************************************
Z=8, N=6, emax=4
RMSE Eb: 1.550
RMSE Rch: 0.010
MAPE Eb: 2.295
MAPE Rch: 0.446
--------------------------------------------------
**************************************************
Z=8, N=6, emax=6
RMSE Eb: 1.235
RMSE Rch: 0.010
MAPE Eb: 1.346
MAPE Rch: 0.464
--------------------------------------------------
**************************************************
Z=8, N=6, emax=8
RMSE Eb: 1.443
RMSE Rch: 0.013
MAPE Eb: 1.350
MAPE Rch: 0.660
--------------------------------------------------
**************************************************
Z=8, N=6, emax=10
RMSE Eb: 1.838
RMSE Rch: 0.014
MAPE Eb: 1.836
MAPE Rch: 0.790
--------------------------------------------------
**************************************************
Z=8, N=7, emax=8
RMSE Eb: 1.621
RMSE Rch: 0.017
MAPE Eb: 1.346
MAPE Rch: 0.918
--------------------------------------------------
**************************************************
Z=8, N=7, emax=10
RMSE Eb: 1.509
RMSE Rch: 0.013
MAPE Eb: 1.137
MAPE Rch: 0.759
--------------------------------------------------
**************************************************
Z=8, N=7, emax=6
RMSE Eb: 1.338
RMSE Rch: 0.012
MAPE Eb: 1.289
MAPE Rch: 0.613
--------------------------------------------------
**************************************************
Z=8, N=7, emax=4
RMSE Eb: 1.642
RMSE Rch: 0.014
MAPE Eb: 2.031
MAPE Rch: 0.714
--------------------------------------------------
**************************************************
Z=8, N=8, emax=4
RMSE Eb: 1.434
RMSE Rch: 0.011
MAPE Eb: 1.550
MAPE Rch: 0.345
--------------------------------------------------
**************************************************
Z=8, N=8, emax=8
RMSE Eb: 1.354
RMSE Rch: 0.014
MAPE Eb: 1.008
MAPE Rch: 0.430
--------------------------------------------------
**************************************************
Z=8, N=8, emax=6
RMSE Eb: 1.558
RMSE Rch: 0.014
MAPE Eb: 1.333
MAPE Rch: 0.370
--------------------------------------------------
**************************************************
Z=8, N=8, emax=10
RMSE Eb: 1.807
RMSE Rch: 0.009
MAPE Eb: 1.355
MAPE Rch: 0.224
--------------------------------------------------
**************************************************
Z=8, N=9, emax=8
RMSE Eb: 1.234
RMSE Rch: 0.013
MAPE Eb: 0.937
MAPE Rch: 0.365
--------------------------------------------------
**************************************************
Z=8, N=9, emax=6
RMSE Eb: 1.138
RMSE Rch: 0.009
MAPE Eb: 0.946
MAPE Rch: 0.268
--------------------------------------------------
**************************************************
Z=8, N=9, emax=4
RMSE Eb: 1.357
RMSE Rch: 0.011
MAPE Eb: 1.518
MAPE Rch: 0.303
--------------------------------------------------
**************************************************
Z=8, N=9, emax=10
RMSE Eb: 1.768
RMSE Rch: 0.010
MAPE Eb: 1.291
MAPE Rch: 0.268
--------------------------------------------------
**************************************************
Z=8, N=10, emax=4
RMSE Eb: 1.580
RMSE Rch: 0.011
MAPE Eb: 1.807
MAPE Rch: 0.335
--------------------------------------------------
**************************************************
Z=8, N=10, emax=10
RMSE Eb: 1.858
RMSE Rch: 0.009
MAPE Eb: 1.273
MAPE Rch: 0.242
--------------------------------------------------
**************************************************
Z=8, N=10, emax=6
RMSE Eb: 1.393
RMSE Rch: 0.010
MAPE Eb: 1.075
MAPE Rch: 0.278
--------------------------------------------------
**************************************************
Z=8, N=10, emax=8
RMSE Eb: 1.125
RMSE Rch: 0.012
MAPE Eb: 0.769
MAPE Rch: 0.359
--------------------------------------------------
**************************************************
Z=8, N=11, emax=4
RMSE Eb: 1.277
RMSE Rch: 0.011
MAPE Eb: 1.416
MAPE Rch: 0.319
--------------------------------------------------
**************************************************
Z=8, N=11, emax=6
RMSE Eb: 1.101
RMSE Rch: 0.009
MAPE Eb: 0.865
MAPE Rch: 0.248
--------------------------------------------------
**************************************************
Z=8, N=11, emax=8
RMSE Eb: 1.432
RMSE Rch: 0.012
MAPE Eb: 1.007
MAPE Rch: 0.367
--------------------------------------------------
**************************************************
Z=8, N=11, emax=10
RMSE Eb: 1.452
RMSE Rch: 0.010
MAPE Eb: 0.822
MAPE Rch: 0.211
--------------------------------------------------
**************************************************
Z=8, N=12, emax=6
RMSE Eb: 1.464
RMSE Rch: 0.009
MAPE Eb: 1.072
MAPE Rch: 0.250
--------------------------------------------------
**************************************************
Z=8, N=12, emax=4
RMSE Eb: 1.765
RMSE Rch: 0.014
MAPE Eb: 1.916
MAPE Rch: 0.402
--------------------------------------------------
**************************************************
Z=8, N=12, emax=8
RMSE Eb: 1.167
RMSE Rch: 0.010
MAPE Eb: 0.778
MAPE Rch: 0.290
--------------------------------------------------
**************************************************
Z=8, N=12, emax=10
RMSE Eb: 1.279
RMSE Rch: 0.010
MAPE Eb: 0.929
MAPE Rch: 0.316
--------------------------------------------------
**************************************************
Z=8, N=13, emax=8
RMSE Eb: 1.303
RMSE Rch: 0.012
MAPE Eb: 0.844
MAPE Rch: 0.341
--------------------------------------------------
**************************************************
Z=8, N=13, emax=4
RMSE Eb: 1.749
RMSE Rch: 0.011
MAPE Eb: 1.873
MAPE Rch: 0.332
--------------------------------------------------
**************************************************
Z=8, N=13, emax=10
RMSE Eb: 1.038
RMSE Rch: 0.009
MAPE Eb: 0.686
MAPE Rch: 0.254
--------------------------------------------------
**************************************************
Z=8, N=13, emax=6
RMSE Eb: 1.373
RMSE Rch: 0.008
MAPE Eb: 1.035
MAPE Rch: 0.224
--------------------------------------------------
**************************************************
Z=8, N=14, emax=8
RMSE Eb: 1.624
RMSE Rch: 0.014
MAPE Eb: 1.015
MAPE Rch: 0.340
--------------------------------------------------
**************************************************
Z=8, N=14, emax=4
RMSE Eb: 1.685
RMSE Rch: 0.013
MAPE Eb: 1.806
MAPE Rch: 0.315
--------------------------------------------------
**************************************************
Z=8, N=14, emax=6
RMSE Eb: 1.285
RMSE Rch: 0.009
MAPE Eb: 0.986
MAPE Rch: 0.225
--------------------------------------------------
**************************************************
Z=8, N=14, emax=10
RMSE Eb: 1.569
RMSE Rch: 0.015
MAPE Eb: 0.965
MAPE Rch: 0.437
--------------------------------------------------
**************************************************
Z=8, N=15, emax=8
RMSE Eb: 1.534
RMSE Rch: 0.010
MAPE Eb: 0.948
MAPE Rch: 0.299
--------------------------------------------------
**************************************************
Z=8, N=15, emax=4
RMSE Eb: 1.630
RMSE Rch: 0.011
MAPE Eb: 1.731
MAPE Rch: 0.285
--------------------------------------------------
**************************************************
Z=8, N=15, emax=6
RMSE Eb: 1.668
RMSE Rch: 0.011
MAPE Eb: 1.207
MAPE Rch: 0.284
--------------------------------------------------
**************************************************
Z=8, N=15, emax=10
RMSE Eb: 2.053
RMSE Rch: 0.009
MAPE Eb: 1.168
MAPE Rch: 0.268
--------------------------------------------------
**************************************************
Z=8, N=16, emax=8
RMSE Eb: 1.508
RMSE Rch: 0.011
MAPE Eb: 0.953
MAPE Rch: 0.301
--------------------------------------------------
**************************************************
Z=8, N=16, emax=6
RMSE Eb: 1.592
RMSE Rch: 0.009
MAPE Eb: 1.066
MAPE Rch: 0.257
--------------------------------------------------
**************************************************
Z=8, N=16, emax=10
RMSE Eb: 1.514
RMSE Rch: 0.014
MAPE Eb: 0.915
MAPE Rch: 0.385
--------------------------------------------------
**************************************************
Z=8, N=16, emax=4
RMSE Eb: 2.069
RMSE Rch: 0.016
MAPE Eb: 2.209
MAPE Rch: 0.445
--------------------------------------------------
Finished VAL for AE n=430
**************************************************
Z=8, N=4, emax=6
RMSE Eb: 1.613
RMSE Rch: 0.015
MAPE Eb: 2.948
MAPE Rch: 0.703
--------------------------------------------------
**************************************************
Z=8, N=4, emax=8
RMSE Eb: 1.358
RMSE Rch: 0.021
MAPE Eb: 2.061
MAPE Rch: 0.968
--------------------------------------------------
**************************************************
Z=8, N=4, emax=4
RMSE Eb: 1.381
RMSE Rch: 0.008
MAPE Eb: 3.815
MAPE Rch: 0.361
--------------------------------------------------
**************************************************
Z=8, N=4, emax=10
RMSE Eb: 2.288
RMSE Rch: 0.024
MAPE Eb: 3.333
MAPE Rch: 1.243
--------------------------------------------------
**************************************************
Z=8, N=5, emax=4
RMSE Eb: 1.402
RMSE Rch: 0.008
MAPE Eb: 2.826
MAPE Rch: 0.378
--------------------------------------------------
**************************************************
Z=8, N=5, emax=8
RMSE Eb: 1.666
RMSE Rch: 0.016
MAPE Eb: 2.201
MAPE Rch: 0.775
--------------------------------------------------
**************************************************
Z=8, N=5, emax=6
RMSE Eb: 1.227
RMSE Rch: 0.011
MAPE Eb: 1.816
MAPE Rch: 0.524
--------------------------------------------------
**************************************************
Z=8, N=5, emax=10
RMSE Eb: 1.292
RMSE Rch: 0.021
MAPE Eb: 1.580
MAPE Rch: 1.139
--------------------------------------------------
**************************************************
Z=8, N=6, emax=4
RMSE Eb: 1.442
RMSE Rch: 0.009
MAPE Eb: 2.133
MAPE Rch: 0.424
--------------------------------------------------
**************************************************
Z=8, N=6, emax=8
RMSE Eb: 1.490
RMSE Rch: 0.016
MAPE Eb: 1.413
MAPE Rch: 0.758
--------------------------------------------------
**************************************************
Z=8, N=6, emax=6
RMSE Eb: 1.388
RMSE Rch: 0.011
MAPE Eb: 1.554
MAPE Rch: 0.467
--------------------------------------------------
**************************************************
Z=8, N=6, emax=10
RMSE Eb: 1.680
RMSE Rch: 0.014
MAPE Eb: 1.538
MAPE Rch: 0.728
--------------------------------------------------
**************************************************
Z=8, N=7, emax=4
RMSE Eb: 1.691
RMSE Rch: 0.015
MAPE Eb: 2.171
MAPE Rch: 0.741
--------------------------------------------------
**************************************************
Z=8, N=7, emax=8
RMSE Eb: 1.796
RMSE Rch: 0.015
MAPE Eb: 1.557
MAPE Rch: 0.774
--------------------------------------------------
**************************************************
Z=8, N=7, emax=6
RMSE Eb: 1.223
RMSE Rch: 0.011
MAPE Eb: 1.151
MAPE Rch: 0.515
--------------------------------------------------
**************************************************
Z=8, N=7, emax=10
RMSE Eb: 1.779
RMSE Rch: 0.020
MAPE Eb: 1.240
MAPE Rch: 1.008
--------------------------------------------------
**************************************************
Z=8, N=8, emax=4
RMSE Eb: 1.613
RMSE Rch: 0.012
MAPE Eb: 1.739
MAPE Rch: 0.358
--------------------------------------------------
**************************************************
Z=8, N=8, emax=6
RMSE Eb: 1.541
RMSE Rch: 0.013
MAPE Eb: 1.246
MAPE Rch: 0.321
--------------------------------------------------
**************************************************
Z=8, N=8, emax=8
RMSE Eb: 1.674
RMSE Rch: 0.013
MAPE Eb: 1.304
MAPE Rch: 0.357
--------------------------------------------------
**************************************************
Z=8, N=8, emax=10
RMSE Eb: 1.775
RMSE Rch: 0.009
MAPE Eb: 1.220
MAPE Rch: 0.267
--------------------------------------------------
**************************************************
Z=8, N=9, emax=4
RMSE Eb: 1.406
RMSE Rch: 0.012
MAPE Eb: 1.610
MAPE Rch: 0.351
--------------------------------------------------
**************************************************
Z=8, N=9, emax=8
RMSE Eb: 1.255
RMSE Rch: 0.010
MAPE Eb: 0.896
MAPE Rch: 0.310
--------------------------------------------------
**************************************************
Z=8, N=9, emax=6
RMSE Eb: 1.019
RMSE Rch: 0.010
MAPE Eb: 0.834
MAPE Rch: 0.277
--------------------------------------------------
**************************************************
Z=8, N=9, emax=10
RMSE Eb: 1.651
RMSE Rch: 0.013
MAPE Eb: 1.200
MAPE Rch: 0.364
--------------------------------------------------
**************************************************
Z=8, N=10, emax=4
RMSE Eb: 1.403
RMSE Rch: 0.012
MAPE Eb: 1.503
MAPE Rch: 0.351
--------------------------------------------------
**************************************************
Z=8, N=10, emax=6
RMSE Eb: 1.399
RMSE Rch: 0.011
MAPE Eb: 1.107
MAPE Rch: 0.308
--------------------------------------------------
**************************************************
Z=8, N=10, emax=8
RMSE Eb: 1.371
RMSE Rch: 0.011
MAPE Eb: 0.987
MAPE Rch: 0.306
--------------------------------------------------
**************************************************
Z=8, N=10, emax=10
RMSE Eb: 2.670
RMSE Rch: 0.008
MAPE Eb: 1.871
MAPE Rch: 0.256
--------------------------------------------------
**************************************************
Z=8, N=11, emax=8
RMSE Eb: 1.443
RMSE Rch: 0.011
MAPE Eb: 1.009
MAPE Rch: 0.342
--------------------------------------------------
**************************************************
Z=8, N=11, emax=4
RMSE Eb: 1.442
RMSE Rch: 0.009
MAPE Eb: 1.602
MAPE Rch: 0.273
--------------------------------------------------
**************************************************
Z=8, N=11, emax=6
RMSE Eb: 1.232
RMSE Rch: 0.008
MAPE Eb: 0.974
MAPE Rch: 0.233
--------------------------------------------------
**************************************************
Z=8, N=11, emax=10
RMSE Eb: 1.122
RMSE Rch: 0.008
MAPE Eb: 0.839
MAPE Rch: 0.219
--------------------------------------------------
**************************************************
Z=8, N=12, emax=6
RMSE Eb: 1.201
RMSE Rch: 0.010
MAPE Eb: 0.953
MAPE Rch: 0.266
--------------------------------------------------
**************************************************
Z=8, N=12, emax=8
RMSE Eb: 1.457
RMSE Rch: 0.011
MAPE Eb: 0.927
MAPE Rch: 0.324
--------------------------------------------------
**************************************************
Z=8, N=12, emax=4
RMSE Eb: 1.681
RMSE Rch: 0.011
MAPE Eb: 1.896
MAPE Rch: 0.320
--------------------------------------------------
**************************************************
Z=8, N=12, emax=10
RMSE Eb: 1.224
RMSE Rch: 0.006
MAPE Eb: 0.729
MAPE Rch: 0.143
--------------------------------------------------
**************************************************
Z=8, N=13, emax=8
RMSE Eb: 1.339
RMSE Rch: 0.011
MAPE Eb: 0.869
MAPE Rch: 0.330
--------------------------------------------------
**************************************************
Z=8, N=13, emax=4
RMSE Eb: 1.533
RMSE Rch: 0.011
MAPE Eb: 1.724
MAPE Rch: 0.316
--------------------------------------------------
**************************************************
Z=8, N=13, emax=6
RMSE Eb: 1.167
RMSE Rch: 0.010
MAPE Eb: 0.908
MAPE Rch: 0.265
--------------------------------------------------
**************************************************
Z=8, N=13, emax=10
RMSE Eb: 1.153
RMSE Rch: 0.012
MAPE Eb: 0.740
MAPE Rch: 0.348
--------------------------------------------------
**************************************************
Z=8, N=14, emax=6
RMSE Eb: 1.584
RMSE Rch: 0.011
MAPE Eb: 1.119
MAPE Rch: 0.312
--------------------------------------------------
**************************************************
Z=8, N=14, emax=10
RMSE Eb: 1.149
RMSE Rch: 0.015
MAPE Eb: 0.619
MAPE Rch: 0.443
--------------------------------------------------
**************************************************
Z=8, N=14, emax=4
RMSE Eb: 1.857
RMSE Rch: 0.013
MAPE Eb: 2.078
MAPE Rch: 0.360
--------------------------------------------------
**************************************************
Z=8, N=14, emax=8
RMSE Eb: 1.528
RMSE Rch: 0.011
MAPE Eb: 0.910
MAPE Rch: 0.314
--------------------------------------------------
**************************************************
Z=8, N=15, emax=8
RMSE Eb: 1.542
RMSE Rch: 0.013
MAPE Eb: 0.998
MAPE Rch: 0.370
--------------------------------------------------
**************************************************
Z=8, N=15, emax=6
RMSE Eb: 1.553
RMSE Rch: 0.009
MAPE Eb: 1.059
MAPE Rch: 0.258
--------------------------------------------------
**************************************************
Z=8, N=15, emax=4
RMSE Eb: 1.590
RMSE Rch: 0.010
MAPE Eb: 1.755
MAPE Rch: 0.283
--------------------------------------------------
**************************************************
Z=8, N=15, emax=10
RMSE Eb: 1.805
RMSE Rch: 0.012
MAPE Eb: 1.107
MAPE Rch: 0.323
--------------------------------------------------
**************************************************
Z=8, N=16, emax=4
RMSE Eb: 2.095
RMSE Rch: 0.014
MAPE Eb: 2.258
MAPE Rch: 0.393
--------------------------------------------------
**************************************************
Z=8, N=16, emax=8
RMSE Eb: 1.877
RMSE Rch: 0.011
MAPE Eb: 1.158
MAPE Rch: 0.326
--------------------------------------------------
**************************************************
Z=8, N=16, emax=6
RMSE Eb: 1.386
RMSE Rch: 0.008
MAPE Eb: 0.986
MAPE Rch: 0.212
--------------------------------------------------
**************************************************
Z=8, N=16, emax=10
RMSE Eb: 1.861
RMSE Rch: 0.012
MAPE Eb: 1.151
MAPE Rch: 0.324
--------------------------------------------------
