Activated conda environment
[DataLoader] Found 13 files matching the pattern.
[DataLoader] Combined data shape: (17234, 35)
[Preprocess] Data split => train: (11029, 35), val: (2758, 35), test: (3447, 35)
[Preprocess] Processed fidelity 4 (index 0): 3758 samples.
[Preprocess] Processed fidelity 6 (index 1): 3346 samples.
[Preprocess] Processed fidelity 8 (index 2): 3194 samples.
[Preprocess] Processed fidelity 10 (index 3): 731 samples.
[Preprocess] Processed fidelity 4 (index 0): 949 samples.
[Preprocess] Processed fidelity 6 (index 1): 833 samples.
[Preprocess] Processed fidelity 8 (index 2): 801 samples.
[Preprocess] Processed fidelity 10 (index 3): 175 samples.
Fidelity levels: [4, 6, 8, 10]
[Trainer] Starting BNN training...
[Trainer] No improvement. Iteration 9000. Early stopping counter: 1, LR counter: 1
[Trainer] No improvement. Iteration 9100. Early stopping counter: 2, LR counter: 2
[Trainer] No improvement. Iteration 9200. Early stopping counter: 3, LR counter: 3
[Trainer] No improvement. Iteration 9500. Early stopping counter: 1, LR counter: 1
[Trainer] No improvement. Iteration 9600. Early stopping counter: 2, LR counter: 2
[Trainer] No improvement. Iteration 9700. Early stopping counter: 3, LR counter: 3
[Trainer] No improvement. Iteration 9800. Early stopping counter: 4, LR counter: 4
[Trainer] No improvement. Iteration 9900. Early stopping counter: 5, LR counter: 5
[Trainer] No improvement. Iteration 10000. Early stopping counter: 6, LR counter: 6
[Trainer] No improvement. Iteration 10100. Early stopping counter: 7, LR counter: 7
[Trainer] No improvement. Iteration 10400. Early stopping counter: 1, LR counter: 1
[Trainer] No improvement. Iteration 10500. Early stopping counter: 2, LR counter: 2
[Trainer] No improvement. Iteration 10600. Early stopping counter: 3, LR counter: 3
[Trainer] No improvement. Iteration 11100. Early stopping counter: 1, LR counter: 1
[Trainer] No improvement. Iteration 11200. Early stopping counter: 2, LR counter: 2
[Trainer] No improvement. Iteration 11300. Early stopping counter: 3, LR counter: 3
[Trainer] No improvement. Iteration 11400. Early stopping counter: 4, LR counter: 4
[Trainer] No improvement. Iteration 11500. Early stopping counter: 5, LR counter: 5
[Trainer] No improvement. Iteration 11600. Early stopping counter: 6, LR counter: 6
[Trainer] No improvement. Iteration 11700. Early stopping counter: 7, LR counter: 7
[Trainer] No improvement. Iteration 11800. Early stopping counter: 8, LR counter: 8
[Trainer] No improvement. Iteration 11900. Early stopping counter: 9, LR counter: 9
[Trainer] No improvement. Iteration 12000. Early stopping counter: 10, LR counter: 10
[Trainer] No improvement. Iteration 12100. Early stopping counter: 11, LR counter: 11
[Trainer] No improvement. Iteration 12300. Early stopping counter: 1, LR counter: 1
[Trainer] No improvement. Iteration 12400. Early stopping counter: 2, LR counter: 2
[Trainer] No improvement. Iteration 12500. Early stopping counter: 3, LR counter: 3
[Trainer] No improvement. Iteration 12600. Early stopping counter: 4, LR counter: 4
[Trainer] No improvement. Iteration 12700. Early stopping counter: 5, LR counter: 5
[Trainer] No improvement. Iteration 12800. Early stopping counter: 6, LR counter: 6
[Trainer] No improvement. Iteration 12900. Early stopping counter: 7, LR counter: 7
[Trainer] No improvement. Iteration 13000. Early stopping counter: 8, LR counter: 8
[Trainer] No improvement. Iteration 13100. Early stopping counter: 9, LR counter: 9
[Trainer] No improvement. Iteration 13200. Early stopping counter: 10, LR counter: 10
[Trainer] No improvement. Iteration 13300. Early stopping counter: 11, LR counter: 11
[Trainer] No improvement. Iteration 13400. Early stopping counter: 12, LR counter: 12
[Trainer] No improvement. Iteration 13500. Early stopping counter: 13, LR counter: 13
[Trainer] No improvement. Iteration 13600. Early stopping counter: 14, LR counter: 14
[Trainer] No improvement. Iteration 13700. Early stopping counter: 15, LR counter: 15
[Trainer] No improvement. Iteration 13800. Early stopping counter: 16, LR counter: 16
[Trainer] No improvement. Iteration 13900. Early stopping counter: 17, LR counter: 17
[Trainer] No improvement. Iteration 14000. Early stopping counter: 18, LR counter: 18
[Trainer] No improvement. Iteration 14100. Early stopping counter: 19, LR counter: 19
[Trainer] No improvement. Iteration 14200. Early stopping counter: 20, LR counter: 20
[Trainer] No improvement. Iteration 14300. Early stopping counter: 21, LR counter: 21
[Trainer] No improvement. Iteration 14400. Early stopping counter: 22, LR counter: 22
[Trainer] No improvement. Iteration 14500. Early stopping counter: 23, LR counter: 23
[Trainer] No improvement. Iteration 14600. Early stopping counter: 24, LR counter: 24
[Trainer] No improvement. Iteration 14700. Early stopping counter: 25, LR counter: 25
[Trainer] Learning rate reduced to: 0.000010
[Trainer] No improvement. Iteration 14800. Early stopping counter: 26, LR counter: 1
[Trainer] No improvement. Iteration 14900. Early stopping counter: 27, LR counter: 2
[Trainer] No improvement. Iteration 15000. Early stopping counter: 28, LR counter: 3
[Trainer] No improvement. Iteration 15100. Early stopping counter: 29, LR counter: 4
[Trainer] No improvement. Iteration 15200. Early stopping counter: 30, LR counter: 5
[Trainer] No improvement. Iteration 15300. Early stopping counter: 31, LR counter: 6
[Trainer] No improvement. Iteration 15400. Early stopping counter: 32, LR counter: 7
[Trainer] No improvement. Iteration 15500. Early stopping counter: 33, LR counter: 8
[Trainer] No improvement. Iteration 15600. Early stopping counter: 34, LR counter: 9
[Trainer] No improvement. Iteration 15700. Early stopping counter: 35, LR counter: 10
[Trainer] No improvement. Iteration 15800. Early stopping counter: 36, LR counter: 11
[Trainer] No improvement. Iteration 15900. Early stopping counter: 37, LR counter: 12
[Trainer] No improvement. Iteration 16000. Early stopping counter: 38, LR counter: 13
[Trainer] No improvement. Iteration 16100. Early stopping counter: 39, LR counter: 14
[Trainer] No improvement. Iteration 16200. Early stopping counter: 40, LR counter: 15
[Trainer] No improvement. Iteration 16300. Early stopping counter: 41, LR counter: 16
[Trainer] No improvement. Iteration 16400. Early stopping counter: 42, LR counter: 17
[Trainer] No improvement. Iteration 16500. Early stopping counter: 43, LR counter: 18
[Trainer] No improvement. Iteration 16600. Early stopping counter: 44, LR counter: 19
[Trainer] No improvement. Iteration 16700. Early stopping counter: 45, LR counter: 20
[Trainer] No improvement. Iteration 16800. Early stopping counter: 46, LR counter: 21
[Trainer] No improvement. Iteration 16900. Early stopping counter: 47, LR counter: 22
[Trainer] No improvement. Iteration 17000. Early stopping counter: 48, LR counter: 23
[Trainer] No improvement. Iteration 17100. Early stopping counter: 49, LR counter: 24
[Trainer] No improvement. Iteration 17200. Early stopping counter: 50, LR counter: 25
[Trainer] Learning rate reduced to: 0.000001
[Trainer] Early stopping triggered.
[Trainer] Training completed.
[Trainer] Calibrating temperatures on validation set...
[Trainer] Temperature calibration finished. Calibrated temperatures: {4: 1.4378076791763306, 6: 1.15241277217865, 8: 1.28570556640625, 10: 1.4405745267868042}
[Trainer] BNN training completed.
**************************************************
Z=8, N=4, emax=4
RMSE Eb: 0.693
RMSE Rch: 0.008
MAPE Eb: 2.043
MAPE Rch: 0.364
--------------------------------------------------
**************************************************
Z=8, N=4, emax=10
RMSE Eb: 1.955
RMSE Rch: 0.039
MAPE Eb: 3.097
MAPE Rch: 1.747
--------------------------------------------------
**************************************************
Z=8, N=4, emax=6
RMSE Eb: 0.963
RMSE Rch: 0.010
MAPE Eb: 1.729
MAPE Rch: 0.458
--------------------------------------------------
**************************************************
Z=8, N=4, emax=8
RMSE Eb: 1.012
RMSE Rch: 0.017
MAPE Eb: 1.652
MAPE Rch: 0.807
--------------------------------------------------
**************************************************
Z=8, N=5, emax=8
RMSE Eb: 0.994
RMSE Rch: 0.012
MAPE Eb: 1.211
MAPE Rch: 0.588
--------------------------------------------------
**************************************************
Z=8, N=5, emax=6
RMSE Eb: 0.852
RMSE Rch: 0.007
MAPE Eb: 1.187
MAPE Rch: 0.361
--------------------------------------------------
**************************************************
Z=8, N=5, emax=4
RMSE Eb: 0.739
RMSE Rch: 0.008
MAPE Eb: 1.459
MAPE Rch: 0.319
--------------------------------------------------
**************************************************
Z=8, N=5, emax=10
RMSE Eb: 0.997
RMSE Rch: 0.014
MAPE Eb: 1.322
MAPE Rch: 0.629
--------------------------------------------------
**************************************************
Z=8, N=6, emax=4
RMSE Eb: 0.896
RMSE Rch: 0.007
MAPE Eb: 1.263
MAPE Rch: 0.323
--------------------------------------------------
**************************************************
Z=8, N=6, emax=6
RMSE Eb: 0.950
RMSE Rch: 0.008
MAPE Eb: 0.963
MAPE Rch: 0.404
--------------------------------------------------
**************************************************
Z=8, N=6, emax=8
RMSE Eb: 1.412
RMSE Rch: 0.013
MAPE Eb: 1.247
MAPE Rch: 0.665
--------------------------------------------------
**************************************************
Z=8, N=6, emax=10
RMSE Eb: 1.451
RMSE Rch: 0.022
MAPE Eb: 1.390
MAPE Rch: 1.108
--------------------------------------------------
**************************************************
Z=8, N=7, emax=8
RMSE Eb: 1.615
RMSE Rch: 0.013
MAPE Eb: 1.388
MAPE Rch: 0.717
--------------------------------------------------
**************************************************
Z=8, N=7, emax=10
RMSE Eb: 1.641
RMSE Rch: 0.017
MAPE Eb: 1.325
MAPE Rch: 0.943
--------------------------------------------------
**************************************************
Z=8, N=7, emax=6
RMSE Eb: 0.994
RMSE Rch: 0.012
MAPE Eb: 0.893
MAPE Rch: 0.606
--------------------------------------------------
**************************************************
Z=8, N=7, emax=4
RMSE Eb: 0.973
RMSE Rch: 0.008
MAPE Eb: 1.246
MAPE Rch: 0.352
--------------------------------------------------
**************************************************
Z=8, N=8, emax=4
RMSE Eb: 0.697
RMSE Rch: 0.008
MAPE Eb: 0.751
MAPE Rch: 0.203
--------------------------------------------------
**************************************************
Z=8, N=8, emax=8
RMSE Eb: 1.148
RMSE Rch: 0.014
MAPE Eb: 0.935
MAPE Rch: 0.336
--------------------------------------------------
**************************************************
Z=8, N=8, emax=6
RMSE Eb: 0.899
RMSE Rch: 0.009
MAPE Eb: 0.791
MAPE Rch: 0.242
--------------------------------------------------
**************************************************
Z=8, N=8, emax=10
RMSE Eb: 1.808
RMSE Rch: 0.028
MAPE Eb: 1.513
MAPE Rch: 0.782
--------------------------------------------------
**************************************************
Z=8, N=9, emax=8
RMSE Eb: 1.332
RMSE Rch: 0.011
MAPE Eb: 1.060
MAPE Rch: 0.328
--------------------------------------------------
**************************************************
Z=8, N=9, emax=6
RMSE Eb: 0.752
RMSE Rch: 0.009
MAPE Eb: 0.582
MAPE Rch: 0.269
--------------------------------------------------
**************************************************
Z=8, N=9, emax=4
RMSE Eb: 0.744
RMSE Rch: 0.006
MAPE Eb: 0.792
MAPE Rch: 0.160
--------------------------------------------------
**************************************************
Z=8, N=9, emax=10
RMSE Eb: 1.142
RMSE Rch: 0.010
MAPE Eb: 0.817
MAPE Rch: 0.301
--------------------------------------------------
**************************************************
Z=8, N=10, emax=4
RMSE Eb: 0.460
RMSE Rch: 0.006
MAPE Eb: 0.458
MAPE Rch: 0.168
--------------------------------------------------
**************************************************
Z=8, N=10, emax=10
RMSE Eb: 1.032
RMSE Rch: 0.012
MAPE Eb: 0.807
MAPE Rch: 0.346
--------------------------------------------------
**************************************************
Z=8, N=10, emax=6
RMSE Eb: 0.794
RMSE Rch: 0.008
MAPE Eb: 0.685
MAPE Rch: 0.229
--------------------------------------------------
**************************************************
Z=8, N=10, emax=8
RMSE Eb: 1.325
RMSE Rch: 0.009
MAPE Eb: 1.001
MAPE Rch: 0.271
--------------------------------------------------
**************************************************
Z=8, N=11, emax=4
RMSE Eb: 0.617
RMSE Rch: 0.004
MAPE Eb: 0.692
MAPE Rch: 0.110
--------------------------------------------------
**************************************************
Z=8, N=11, emax=6
RMSE Eb: 0.844
RMSE Rch: 0.009
MAPE Eb: 0.623
MAPE Rch: 0.265
--------------------------------------------------
**************************************************
Z=8, N=11, emax=8
RMSE Eb: 1.464
RMSE Rch: 0.008
MAPE Eb: 1.090
MAPE Rch: 0.222
--------------------------------------------------
**************************************************
Z=8, N=11, emax=10
RMSE Eb: 1.708
RMSE Rch: 0.012
MAPE Eb: 1.263
MAPE Rch: 0.338
--------------------------------------------------
**************************************************
Z=8, N=12, emax=6
RMSE Eb: 0.940
RMSE Rch: 0.006
MAPE Eb: 0.723
MAPE Rch: 0.172
--------------------------------------------------
**************************************************
Z=8, N=12, emax=4
RMSE Eb: 0.474
RMSE Rch: 0.005
MAPE Eb: 0.493
MAPE Rch: 0.137
--------------------------------------------------
**************************************************
Z=8, N=12, emax=8
RMSE Eb: 1.248
RMSE Rch: 0.008
MAPE Eb: 0.930
MAPE Rch: 0.228
--------------------------------------------------
**************************************************
Z=8, N=12, emax=10
RMSE Eb: 1.608
RMSE Rch: 0.008
MAPE Eb: 1.262
MAPE Rch: 0.218
--------------------------------------------------
**************************************************
Z=8, N=13, emax=8
RMSE Eb: 1.445
RMSE Rch: 0.009
MAPE Eb: 1.029
MAPE Rch: 0.247
--------------------------------------------------
**************************************************
Z=8, N=13, emax=4
RMSE Eb: 0.714
RMSE Rch: 0.004
MAPE Eb: 0.773
MAPE Rch: 0.115
--------------------------------------------------
**************************************************
Z=8, N=13, emax=10
RMSE Eb: 1.381
RMSE Rch: 0.009
MAPE Eb: 0.956
MAPE Rch: 0.257
--------------------------------------------------
**************************************************
Z=8, N=13, emax=6
RMSE Eb: 0.811
RMSE Rch: 0.006
MAPE Eb: 0.628
MAPE Rch: 0.174
--------------------------------------------------
**************************************************
Z=8, N=14, emax=8
RMSE Eb: 1.751
RMSE Rch: 0.013
MAPE Eb: 1.172
MAPE Rch: 0.349
--------------------------------------------------
**************************************************
Z=8, N=14, emax=4
RMSE Eb: 0.658
RMSE Rch: 0.007
MAPE Eb: 0.647
MAPE Rch: 0.182
--------------------------------------------------
**************************************************
Z=8, N=14, emax=6
RMSE Eb: 0.947
RMSE Rch: 0.006
MAPE Eb: 0.701
MAPE Rch: 0.146
--------------------------------------------------
**************************************************
Z=8, N=14, emax=10
RMSE Eb: 1.322
RMSE Rch: 0.013
MAPE Eb: 0.849
MAPE Rch: 0.362
--------------------------------------------------
**************************************************
Z=8, N=15, emax=8
RMSE Eb: 1.549
RMSE Rch: 0.010
MAPE Eb: 1.044
MAPE Rch: 0.277
--------------------------------------------------
**************************************************
Z=8, N=15, emax=4
RMSE Eb: 0.868
RMSE Rch: 0.006
MAPE Eb: 0.913
MAPE Rch: 0.162
--------------------------------------------------
**************************************************
Z=8, N=15, emax=6
RMSE Eb: 0.914
RMSE Rch: 0.007
MAPE Eb: 0.629
MAPE Rch: 0.185
--------------------------------------------------
**************************************************
Z=8, N=15, emax=10
RMSE Eb: 2.430
RMSE Rch: 0.008
MAPE Eb: 1.467
MAPE Rch: 0.214
--------------------------------------------------
**************************************************
Z=8, N=16, emax=8
RMSE Eb: 1.901
RMSE Rch: 0.009
MAPE Eb: 1.281
MAPE Rch: 0.243
--------------------------------------------------
**************************************************
Z=8, N=16, emax=6
RMSE Eb: 1.036
RMSE Rch: 0.008
MAPE Eb: 0.752
MAPE Rch: 0.212
--------------------------------------------------
**************************************************
Z=8, N=16, emax=10
RMSE Eb: 2.247
RMSE Rch: 0.011
MAPE Eb: 1.313
MAPE Rch: 0.299
--------------------------------------------------
**************************************************
Z=8, N=16, emax=4
RMSE Eb: 0.853
RMSE Rch: 0.007
MAPE Eb: 0.839
MAPE Rch: 0.175
--------------------------------------------------
Finished VAL for AE n=553
**************************************************
Z=8, N=4, emax=6
RMSE Eb: 0.923
RMSE Rch: 0.011
MAPE Eb: 1.690
MAPE Rch: 0.458
--------------------------------------------------
**************************************************
Z=8, N=4, emax=8
RMSE Eb: 1.248
RMSE Rch: 0.015
MAPE Eb: 2.042
MAPE Rch: 0.751
--------------------------------------------------
**************************************************
Z=8, N=4, emax=4
RMSE Eb: 0.761
RMSE Rch: 0.008
MAPE Eb: 2.077
MAPE Rch: 0.344
--------------------------------------------------
**************************************************
Z=8, N=4, emax=10
RMSE Eb: 1.426
RMSE Rch: 0.022
MAPE Eb: 2.280
MAPE Rch: 1.123
--------------------------------------------------
**************************************************
Z=8, N=5, emax=4
RMSE Eb: 0.640
RMSE Rch: 0.007
MAPE Eb: 1.316
MAPE Rch: 0.331
--------------------------------------------------
**************************************************
Z=8, N=5, emax=8
RMSE Eb: 0.952
RMSE Rch: 0.013
MAPE Eb: 1.166
MAPE Rch: 0.601
--------------------------------------------------
**************************************************
Z=8, N=5, emax=6
RMSE Eb: 0.789
RMSE Rch: 0.007
MAPE Eb: 1.117
MAPE Rch: 0.345
--------------------------------------------------
**************************************************
Z=8, N=5, emax=10
RMSE Eb: 1.593
RMSE Rch: 0.019
MAPE Eb: 2.196
MAPE Rch: 1.038
--------------------------------------------------
**************************************************
Z=8, N=6, emax=4
RMSE Eb: 0.933
RMSE Rch: 0.007
MAPE Eb: 1.299
MAPE Rch: 0.355
--------------------------------------------------
**************************************************
Z=8, N=6, emax=8
RMSE Eb: 1.471
RMSE Rch: 0.013
MAPE Eb: 1.329
MAPE Rch: 0.652
--------------------------------------------------
**************************************************
Z=8, N=6, emax=6
RMSE Eb: 0.768
RMSE Rch: 0.009
MAPE Eb: 0.832
MAPE Rch: 0.448
--------------------------------------------------
**************************************************
Z=8, N=6, emax=10
RMSE Eb: 1.096
RMSE Rch: 0.015
MAPE Eb: 1.072
MAPE Rch: 0.817
--------------------------------------------------
**************************************************
Z=8, N=7, emax=4
RMSE Eb: 0.987
RMSE Rch: 0.008
MAPE Eb: 1.141
MAPE Rch: 0.365
--------------------------------------------------
**************************************************
Z=8, N=7, emax=8
RMSE Eb: 1.617
RMSE Rch: 0.012
MAPE Eb: 1.327
MAPE Rch: 0.631
--------------------------------------------------
**************************************************
Z=8, N=7, emax=6
RMSE Eb: 1.009
RMSE Rch: 0.010
MAPE Eb: 0.961
MAPE Rch: 0.516
--------------------------------------------------
**************************************************
Z=8, N=7, emax=10
RMSE Eb: 1.443
RMSE Rch: 0.021
MAPE Eb: 1.074
MAPE Rch: 1.013
--------------------------------------------------
**************************************************
Z=8, N=8, emax=4
RMSE Eb: 0.720
RMSE Rch: 0.007
MAPE Eb: 0.721
MAPE Rch: 0.202
--------------------------------------------------
**************************************************
Z=8, N=8, emax=6
RMSE Eb: 1.053
RMSE Rch: 0.010
MAPE Eb: 0.849
MAPE Rch: 0.277
--------------------------------------------------
**************************************************
Z=8, N=8, emax=8
RMSE Eb: 1.236
RMSE Rch: 0.013
MAPE Eb: 0.998
MAPE Rch: 0.362
--------------------------------------------------
**************************************************
Z=8, N=8, emax=10
RMSE Eb: 1.150
RMSE Rch: 0.011
MAPE Eb: 0.874
MAPE Rch: 0.389
--------------------------------------------------
**************************************************
Z=8, N=9, emax=4
RMSE Eb: 0.675
RMSE Rch: 0.006
MAPE Eb: 0.708
MAPE Rch: 0.170
--------------------------------------------------
**************************************************
Z=8, N=9, emax=8
RMSE Eb: 1.304
RMSE Rch: 0.011
MAPE Eb: 1.008
MAPE Rch: 0.306
--------------------------------------------------
**************************************************
Z=8, N=9, emax=6
RMSE Eb: 0.708
RMSE Rch: 0.008
MAPE Eb: 0.536
MAPE Rch: 0.243
--------------------------------------------------
**************************************************
Z=8, N=9, emax=10
RMSE Eb: 1.530
RMSE Rch: 0.011
MAPE Eb: 1.120
MAPE Rch: 0.313
--------------------------------------------------
**************************************************
Z=8, N=10, emax=4
RMSE Eb: 0.598
RMSE Rch: 0.006
MAPE Eb: 0.606
MAPE Rch: 0.178
--------------------------------------------------
**************************************************
Z=8, N=10, emax=6
RMSE Eb: 0.791
RMSE Rch: 0.008
MAPE Eb: 0.646
MAPE Rch: 0.252
--------------------------------------------------
**************************************************
Z=8, N=10, emax=8
RMSE Eb: 1.228
RMSE Rch: 0.009
MAPE Eb: 0.956
MAPE Rch: 0.250
--------------------------------------------------
**************************************************
Z=8, N=10, emax=10
RMSE Eb: 1.608
RMSE Rch: 0.012
MAPE Eb: 1.204
MAPE Rch: 0.394
--------------------------------------------------
**************************************************
Z=8, N=11, emax=8
RMSE Eb: 1.334
RMSE Rch: 0.007
MAPE Eb: 0.998
MAPE Rch: 0.206
--------------------------------------------------
**************************************************
Z=8, N=11, emax=4
RMSE Eb: 0.641
RMSE Rch: 0.004
MAPE Eb: 0.688
MAPE Rch: 0.125
--------------------------------------------------
**************************************************
Z=8, N=11, emax=6
RMSE Eb: 0.765
RMSE Rch: 0.009
MAPE Eb: 0.636
MAPE Rch: 0.259
--------------------------------------------------
**************************************************
Z=8, N=11, emax=10
RMSE Eb: 1.404
RMSE Rch: 0.006
MAPE Eb: 0.991
MAPE Rch: 0.185
--------------------------------------------------
**************************************************
Z=8, N=12, emax=6
RMSE Eb: 0.747
RMSE Rch: 0.006
MAPE Eb: 0.560
MAPE Rch: 0.159
--------------------------------------------------
**************************************************
Z=8, N=12, emax=8
RMSE Eb: 1.372
RMSE Rch: 0.009
MAPE Eb: 0.990
MAPE Rch: 0.261
--------------------------------------------------
**************************************************
Z=8, N=12, emax=4
RMSE Eb: 0.535
RMSE Rch: 0.004
MAPE Eb: 0.533
MAPE Rch: 0.120
--------------------------------------------------
**************************************************
Z=8, N=12, emax=10
RMSE Eb: 1.614
RMSE Rch: 0.006
MAPE Eb: 1.178
MAPE Rch: 0.135
--------------------------------------------------
**************************************************
Z=8, N=13, emax=8
RMSE Eb: 1.480
RMSE Rch: 0.007
MAPE Eb: 1.051
MAPE Rch: 0.207
--------------------------------------------------
**************************************************
Z=8, N=13, emax=4
RMSE Eb: 0.732
RMSE Rch: 0.005
MAPE Eb: 0.759
MAPE Rch: 0.145
--------------------------------------------------
**************************************************
Z=8, N=13, emax=6
RMSE Eb: 1.006
RMSE Rch: 0.006
MAPE Eb: 0.764
MAPE Rch: 0.179
--------------------------------------------------
**************************************************
Z=8, N=13, emax=10
RMSE Eb: 1.424
RMSE Rch: 0.013
MAPE Eb: 0.977
MAPE Rch: 0.253
--------------------------------------------------
**************************************************
Z=8, N=14, emax=6
RMSE Eb: 0.984
RMSE Rch: 0.007
MAPE Eb: 0.724
MAPE Rch: 0.200
--------------------------------------------------
**************************************************
Z=8, N=14, emax=10
RMSE Eb: 1.919
RMSE Rch: 0.011
MAPE Eb: 1.167
MAPE Rch: 0.340
--------------------------------------------------
**************************************************
Z=8, N=14, emax=4
RMSE Eb: 0.681
RMSE Rch: 0.006
MAPE Eb: 0.708
MAPE Rch: 0.151
--------------------------------------------------
**************************************************
Z=8, N=14, emax=8
RMSE Eb: 1.548
RMSE Rch: 0.011
MAPE Eb: 1.045
MAPE Rch: 0.295
--------------------------------------------------
**************************************************
Z=8, N=15, emax=8
RMSE Eb: 1.504
RMSE Rch: 0.009
MAPE Eb: 0.989
MAPE Rch: 0.239
--------------------------------------------------
**************************************************
Z=8, N=15, emax=6
RMSE Eb: 0.841
RMSE Rch: 0.007
MAPE Eb: 0.585
MAPE Rch: 0.198
--------------------------------------------------
**************************************************
Z=8, N=15, emax=4
RMSE Eb: 0.830
RMSE Rch: 0.006
MAPE Eb: 0.850
MAPE Rch: 0.157
--------------------------------------------------
**************************************************
Z=8, N=15, emax=10
RMSE Eb: 1.908
RMSE Rch: 0.006
MAPE Eb: 1.294
MAPE Rch: 0.190
--------------------------------------------------
**************************************************
Z=8, N=16, emax=4
RMSE Eb: 0.857
RMSE Rch: 0.007
MAPE Eb: 0.872
MAPE Rch: 0.183
--------------------------------------------------
**************************************************
Z=8, N=16, emax=8
RMSE Eb: 1.875
RMSE Rch: 0.009
MAPE Eb: 1.201
MAPE Rch: 0.241
--------------------------------------------------
**************************************************
Z=8, N=16, emax=6
RMSE Eb: 1.219
RMSE Rch: 0.007
MAPE Eb: 0.882
MAPE Rch: 0.204
--------------------------------------------------
**************************************************
Z=8, N=16, emax=10
RMSE Eb: 1.625
RMSE Rch: 0.012
MAPE Eb: 1.108
MAPE Rch: 0.316
--------------------------------------------------
