Activated conda environment
[DataLoader] Found 13 files matching the pattern.
[DataLoader] Combined data shape: (17234, 35)
[Preprocess] Data split => train: (11029, 35), val: (2758, 35), test: (3447, 35)
[Preprocess] Processed fidelity 4 (index 0): 3758 samples.
[Preprocess] Processed fidelity 6 (index 1): 3346 samples.
[Preprocess] Processed fidelity 8 (index 2): 3194 samples.
[Preprocess] Processed fidelity 10 (index 3): 731 samples.
[Preprocess] Processed fidelity 4 (index 0): 949 samples.
[Preprocess] Processed fidelity 6 (index 1): 833 samples.
[Preprocess] Processed fidelity 8 (index 2): 801 samples.
[Preprocess] Processed fidelity 10 (index 3): 175 samples.
Fidelity levels: [4, 6, 8, 10]
[Trainer] Starting BNN training...
[Trainer] No improvement. Iteration 8700. Early stopping counter: 1, LR counter: 1
[Trainer] No improvement. Iteration 9000. Early stopping counter: 1, LR counter: 1
[Trainer] No improvement. Iteration 9100. Early stopping counter: 2, LR counter: 2
[Trainer] No improvement. Iteration 9200. Early stopping counter: 3, LR counter: 3
[Trainer] No improvement. Iteration 9400. Early stopping counter: 1, LR counter: 1
[Trainer] No improvement. Iteration 9500. Early stopping counter: 2, LR counter: 2
[Trainer] No improvement. Iteration 9600. Early stopping counter: 3, LR counter: 3
[Trainer] No improvement. Iteration 9700. Early stopping counter: 4, LR counter: 4
[Trainer] No improvement. Iteration 9900. Early stopping counter: 1, LR counter: 1
[Trainer] No improvement. Iteration 10000. Early stopping counter: 2, LR counter: 2
[Trainer] No improvement. Iteration 10100. Early stopping counter: 3, LR counter: 3
[Trainer] No improvement. Iteration 10300. Early stopping counter: 1, LR counter: 1
[Trainer] No improvement. Iteration 10400. Early stopping counter: 2, LR counter: 2
[Trainer] No improvement. Iteration 10500. Early stopping counter: 3, LR counter: 3
[Trainer] No improvement. Iteration 10700. Early stopping counter: 1, LR counter: 1
[Trainer] No improvement. Iteration 10800. Early stopping counter: 2, LR counter: 2
[Trainer] No improvement. Iteration 10900. Early stopping counter: 3, LR counter: 3
[Trainer] No improvement. Iteration 11000. Early stopping counter: 4, LR counter: 4
[Trainer] No improvement. Iteration 11100. Early stopping counter: 5, LR counter: 5
[Trainer] No improvement. Iteration 11200. Early stopping counter: 6, LR counter: 6
[Trainer] No improvement. Iteration 11300. Early stopping counter: 7, LR counter: 7
[Trainer] No improvement. Iteration 11400. Early stopping counter: 8, LR counter: 8
[Trainer] No improvement. Iteration 11500. Early stopping counter: 9, LR counter: 9
[Trainer] No improvement. Iteration 11600. Early stopping counter: 10, LR counter: 10
[Trainer] No improvement. Iteration 11700. Early stopping counter: 11, LR counter: 11
[Trainer] No improvement. Iteration 11800. Early stopping counter: 12, LR counter: 12
[Trainer] No improvement. Iteration 11900. Early stopping counter: 13, LR counter: 13
[Trainer] No improvement. Iteration 12000. Early stopping counter: 14, LR counter: 14
[Trainer] No improvement. Iteration 12100. Early stopping counter: 15, LR counter: 15
[Trainer] No improvement. Iteration 12200. Early stopping counter: 16, LR counter: 16
[Trainer] No improvement. Iteration 12300. Early stopping counter: 17, LR counter: 17
[Trainer] No improvement. Iteration 12400. Early stopping counter: 18, LR counter: 18
[Trainer] No improvement. Iteration 12500. Early stopping counter: 19, LR counter: 19
[Trainer] No improvement. Iteration 12600. Early stopping counter: 20, LR counter: 20
[Trainer] No improvement. Iteration 12700. Early stopping counter: 21, LR counter: 21
[Trainer] No improvement. Iteration 12800. Early stopping counter: 22, LR counter: 22
[Trainer] No improvement. Iteration 12900. Early stopping counter: 23, LR counter: 23
[Trainer] No improvement. Iteration 13000. Early stopping counter: 24, LR counter: 24
[Trainer] No improvement. Iteration 13100. Early stopping counter: 25, LR counter: 25
[Trainer] Learning rate reduced to: 0.000010
[Trainer] No improvement. Iteration 13200. Early stopping counter: 26, LR counter: 1
[Trainer] No improvement. Iteration 13300. Early stopping counter: 27, LR counter: 2
[Trainer] No improvement. Iteration 13400. Early stopping counter: 28, LR counter: 3
[Trainer] No improvement. Iteration 13500. Early stopping counter: 29, LR counter: 4
[Trainer] No improvement. Iteration 13600. Early stopping counter: 30, LR counter: 5
[Trainer] No improvement. Iteration 13700. Early stopping counter: 31, LR counter: 6
[Trainer] No improvement. Iteration 13800. Early stopping counter: 32, LR counter: 7
[Trainer] No improvement. Iteration 13900. Early stopping counter: 33, LR counter: 8
[Trainer] No improvement. Iteration 14000. Early stopping counter: 34, LR counter: 9
[Trainer] No improvement. Iteration 14100. Early stopping counter: 35, LR counter: 10
[Trainer] No improvement. Iteration 14200. Early stopping counter: 36, LR counter: 11
[Trainer] No improvement. Iteration 14300. Early stopping counter: 37, LR counter: 12
[Trainer] No improvement. Iteration 14400. Early stopping counter: 38, LR counter: 13
[Trainer] No improvement. Iteration 14500. Early stopping counter: 39, LR counter: 14
[Trainer] No improvement. Iteration 14600. Early stopping counter: 40, LR counter: 15
[Trainer] No improvement. Iteration 14700. Early stopping counter: 41, LR counter: 16
[Trainer] No improvement. Iteration 14800. Early stopping counter: 42, LR counter: 17
[Trainer] No improvement. Iteration 14900. Early stopping counter: 43, LR counter: 18
[Trainer] No improvement. Iteration 15000. Early stopping counter: 44, LR counter: 19
[Trainer] No improvement. Iteration 15100. Early stopping counter: 45, LR counter: 20
[Trainer] No improvement. Iteration 15200. Early stopping counter: 46, LR counter: 21
[Trainer] No improvement. Iteration 15300. Early stopping counter: 47, LR counter: 22
[Trainer] No improvement. Iteration 15400. Early stopping counter: 48, LR counter: 23
[Trainer] No improvement. Iteration 15500. Early stopping counter: 49, LR counter: 24
[Trainer] No improvement. Iteration 15600. Early stopping counter: 50, LR counter: 25
[Trainer] Learning rate reduced to: 0.000001
[Trainer] Early stopping triggered.
[Trainer] Training completed.
[Trainer] Calibrating temperatures on validation set...
[Trainer] Temperature calibration finished. Calibrated temperatures: {4: 1.7830455303192139, 6: 1.413055658340454, 8: 1.311851978302002, 10: 1.6183284521102905}
[Trainer] BNN training completed.
**************************************************
Z=8, N=4, emax=4
RMSE Eb: 1.187
RMSE Rch: 0.008
MAPE Eb: 3.727
MAPE Rch: 0.374
--------------------------------------------------
**************************************************
Z=8, N=4, emax=10
RMSE Eb: 1.732
RMSE Rch: 0.037
MAPE Eb: 2.801
MAPE Rch: 1.819
--------------------------------------------------
**************************************************
Z=8, N=4, emax=6
RMSE Eb: 0.776
RMSE Rch: 0.011
MAPE Eb: 1.405
MAPE Rch: 0.537
--------------------------------------------------
**************************************************
Z=8, N=4, emax=8
RMSE Eb: 0.841
RMSE Rch: 0.018
MAPE Eb: 1.313
MAPE Rch: 0.838
--------------------------------------------------
**************************************************
Z=8, N=5, emax=8
RMSE Eb: 0.788
RMSE Rch: 0.014
MAPE Eb: 0.962
MAPE Rch: 0.698
--------------------------------------------------
**************************************************
Z=8, N=5, emax=6
RMSE Eb: 0.754
RMSE Rch: 0.013
MAPE Eb: 1.083
MAPE Rch: 0.671
--------------------------------------------------
**************************************************
Z=8, N=5, emax=4
RMSE Eb: 0.638
RMSE Rch: 0.006
MAPE Eb: 1.397
MAPE Rch: 0.298
--------------------------------------------------
**************************************************
Z=8, N=5, emax=10
RMSE Eb: 1.176
RMSE Rch: 0.019
MAPE Eb: 1.616
MAPE Rch: 1.091
--------------------------------------------------
**************************************************
Z=8, N=6, emax=4
RMSE Eb: 0.772
RMSE Rch: 0.008
MAPE Eb: 1.156
MAPE Rch: 0.355
--------------------------------------------------
**************************************************
Z=8, N=6, emax=6
RMSE Eb: 0.805
RMSE Rch: 0.014
MAPE Eb: 0.877
MAPE Rch: 0.708
--------------------------------------------------
**************************************************
Z=8, N=6, emax=8
RMSE Eb: 0.910
RMSE Rch: 0.016
MAPE Eb: 0.904
MAPE Rch: 0.808
--------------------------------------------------
**************************************************
Z=8, N=6, emax=10
RMSE Eb: 1.151
RMSE Rch: 0.024
MAPE Eb: 1.164
MAPE Rch: 1.281
--------------------------------------------------
**************************************************
Z=8, N=7, emax=8
RMSE Eb: 0.773
RMSE Rch: 0.013
MAPE Eb: 0.614
MAPE Rch: 0.605
--------------------------------------------------
**************************************************
Z=8, N=7, emax=10
RMSE Eb: 1.286
RMSE Rch: 0.020
MAPE Eb: 1.086
MAPE Rch: 1.098
--------------------------------------------------
**************************************************
Z=8, N=7, emax=6
RMSE Eb: 0.759
RMSE Rch: 0.010
MAPE Eb: 0.737
MAPE Rch: 0.436
--------------------------------------------------
**************************************************
Z=8, N=7, emax=4
RMSE Eb: 0.709
RMSE Rch: 0.009
MAPE Eb: 0.856
MAPE Rch: 0.454
--------------------------------------------------
**************************************************
Z=8, N=8, emax=4
RMSE Eb: 0.477
RMSE Rch: 0.028
MAPE Eb: 0.536
MAPE Rch: 0.943
--------------------------------------------------
**************************************************
Z=8, N=8, emax=8
RMSE Eb: 0.796
RMSE Rch: 0.028
MAPE Eb: 0.605
MAPE Rch: 0.944
--------------------------------------------------
**************************************************
Z=8, N=8, emax=6
RMSE Eb: 0.546
RMSE Rch: 0.030
MAPE Eb: 0.444
MAPE Rch: 1.015
--------------------------------------------------
**************************************************
Z=8, N=8, emax=10
RMSE Eb: 1.264
RMSE Rch: 0.031
MAPE Eb: 0.980
MAPE Rch: 0.997
--------------------------------------------------
**************************************************
Z=8, N=9, emax=8
RMSE Eb: 0.807
RMSE Rch: 0.016
MAPE Eb: 0.594
MAPE Rch: 0.535
--------------------------------------------------
**************************************************
Z=8, N=9, emax=6
RMSE Eb: 0.653
RMSE Rch: 0.022
MAPE Eb: 0.534
MAPE Rch: 0.751
--------------------------------------------------
**************************************************
Z=8, N=9, emax=4
RMSE Eb: 0.614
RMSE Rch: 0.026
MAPE Eb: 0.629
MAPE Rch: 0.887
--------------------------------------------------
**************************************************
Z=8, N=9, emax=10
RMSE Eb: 1.066
RMSE Rch: 0.022
MAPE Eb: 0.840
MAPE Rch: 0.744
--------------------------------------------------
**************************************************
Z=8, N=10, emax=4
RMSE Eb: 0.554
RMSE Rch: 0.019
MAPE Eb: 0.575
MAPE Rch: 0.613
--------------------------------------------------
**************************************************
Z=8, N=10, emax=10
RMSE Eb: 1.493
RMSE Rch: 0.017
MAPE Eb: 1.161
MAPE Rch: 0.545
--------------------------------------------------
**************************************************
Z=8, N=10, emax=6
RMSE Eb: 0.530
RMSE Rch: 0.021
MAPE Eb: 0.436
MAPE Rch: 0.671
--------------------------------------------------
**************************************************
Z=8, N=10, emax=8
RMSE Eb: 0.808
RMSE Rch: 0.014
MAPE Eb: 0.578
MAPE Rch: 0.455
--------------------------------------------------
**************************************************
Z=8, N=11, emax=4
RMSE Eb: 0.578
RMSE Rch: 0.019
MAPE Eb: 0.614
MAPE Rch: 0.620
--------------------------------------------------
**************************************************
Z=8, N=11, emax=6
RMSE Eb: 0.535
RMSE Rch: 0.018
MAPE Eb: 0.412
MAPE Rch: 0.591
--------------------------------------------------
**************************************************
Z=8, N=11, emax=8
RMSE Eb: 0.759
RMSE Rch: 0.012
MAPE Eb: 0.521
MAPE Rch: 0.393
--------------------------------------------------
**************************************************
Z=8, N=11, emax=10
RMSE Eb: 1.582
RMSE Rch: 0.011
MAPE Eb: 1.254
MAPE Rch: 0.318
--------------------------------------------------
**************************************************
Z=8, N=12, emax=6
RMSE Eb: 0.600
RMSE Rch: 0.017
MAPE Eb: 0.408
MAPE Rch: 0.563
--------------------------------------------------
**************************************************
Z=8, N=12, emax=4
RMSE Eb: 0.618
RMSE Rch: 0.018
MAPE Eb: 0.629
MAPE Rch: 0.570
--------------------------------------------------
**************************************************
Z=8, N=12, emax=8
RMSE Eb: 0.727
RMSE Rch: 0.015
MAPE Eb: 0.496
MAPE Rch: 0.491
--------------------------------------------------
**************************************************
Z=8, N=12, emax=10
RMSE Eb: 1.322
RMSE Rch: 0.012
MAPE Eb: 0.960
MAPE Rch: 0.396
--------------------------------------------------
**************************************************
Z=8, N=13, emax=8
RMSE Eb: 0.907
RMSE Rch: 0.011
MAPE Eb: 0.606
MAPE Rch: 0.362
--------------------------------------------------
**************************************************
Z=8, N=13, emax=4
RMSE Eb: 0.609
RMSE Rch: 0.018
MAPE Eb: 0.592
MAPE Rch: 0.594
--------------------------------------------------
**************************************************
Z=8, N=13, emax=10
RMSE Eb: 1.379
RMSE Rch: 0.014
MAPE Eb: 0.880
MAPE Rch: 0.379
--------------------------------------------------
**************************************************
Z=8, N=13, emax=6
RMSE Eb: 0.486
RMSE Rch: 0.017
MAPE Eb: 0.360
MAPE Rch: 0.549
--------------------------------------------------
**************************************************
Z=8, N=14, emax=8
RMSE Eb: 0.856
RMSE Rch: 0.017
MAPE Eb: 0.518
MAPE Rch: 0.493
--------------------------------------------------
**************************************************
Z=8, N=14, emax=4
RMSE Eb: 0.692
RMSE Rch: 0.018
MAPE Eb: 0.675
MAPE Rch: 0.578
--------------------------------------------------
**************************************************
Z=8, N=14, emax=6
RMSE Eb: 0.635
RMSE Rch: 0.018
MAPE Eb: 0.502
MAPE Rch: 0.585
--------------------------------------------------
**************************************************
Z=8, N=14, emax=10
RMSE Eb: 1.271
RMSE Rch: 0.017
MAPE Eb: 0.900
MAPE Rch: 0.476
--------------------------------------------------
**************************************************
Z=8, N=15, emax=8
RMSE Eb: 0.705
RMSE Rch: 0.013
MAPE Eb: 0.442
MAPE Rch: 0.408
--------------------------------------------------
**************************************************
Z=8, N=15, emax=4
RMSE Eb: 0.724
RMSE Rch: 0.019
MAPE Eb: 0.653
MAPE Rch: 0.619
--------------------------------------------------
**************************************************
Z=8, N=15, emax=6
RMSE Eb: 0.514
RMSE Rch: 0.017
MAPE Eb: 0.366
MAPE Rch: 0.545
--------------------------------------------------
**************************************************
Z=8, N=15, emax=10
RMSE Eb: 1.548
RMSE Rch: 0.012
MAPE Eb: 1.043
MAPE Rch: 0.360
--------------------------------------------------
**************************************************
Z=8, N=16, emax=8
RMSE Eb: 0.988
RMSE Rch: 0.014
MAPE Eb: 0.617
MAPE Rch: 0.417
--------------------------------------------------
**************************************************
Z=8, N=16, emax=6
RMSE Eb: 0.624
RMSE Rch: 0.017
MAPE Eb: 0.416
MAPE Rch: 0.518
--------------------------------------------------
**************************************************
Z=8, N=16, emax=10
RMSE Eb: 1.414
RMSE Rch: 0.015
MAPE Eb: 0.874
MAPE Rch: 0.459
--------------------------------------------------
**************************************************
Z=8, N=16, emax=4
RMSE Eb: 0.809
RMSE Rch: 0.021
MAPE Eb: 0.803
MAPE Rch: 0.654
--------------------------------------------------
Finished VAL for AE n=463
**************************************************
Z=8, N=4, emax=6
RMSE Eb: 0.780
RMSE Rch: 0.011
MAPE Eb: 1.470
MAPE Rch: 0.497
--------------------------------------------------
**************************************************
Z=8, N=4, emax=8
RMSE Eb: 0.880
RMSE Rch: 0.018
MAPE Eb: 1.478
MAPE Rch: 0.853
--------------------------------------------------
**************************************************
Z=8, N=4, emax=4
RMSE Eb: 1.017
RMSE Rch: 0.010
MAPE Eb: 3.041
MAPE Rch: 0.438
--------------------------------------------------
**************************************************
Z=8, N=4, emax=10
RMSE Eb: 1.773
RMSE Rch: 0.019
MAPE Eb: 2.717
MAPE Rch: 1.014
--------------------------------------------------
**************************************************
Z=8, N=5, emax=4
RMSE Eb: 0.652
RMSE Rch: 0.006
MAPE Eb: 1.301
MAPE Rch: 0.259
--------------------------------------------------
**************************************************
Z=8, N=5, emax=8
RMSE Eb: 0.846
RMSE Rch: 0.015
MAPE Eb: 1.119
MAPE Rch: 0.804
--------------------------------------------------
**************************************************
Z=8, N=5, emax=6
RMSE Eb: 0.740
RMSE Rch: 0.012
MAPE Eb: 1.078
MAPE Rch: 0.637
--------------------------------------------------
**************************************************
Z=8, N=5, emax=10
RMSE Eb: 1.608
RMSE Rch: 0.016
MAPE Eb: 2.106
MAPE Rch: 0.803
--------------------------------------------------
**************************************************
Z=8, N=6, emax=4
RMSE Eb: 0.817
RMSE Rch: 0.008
MAPE Eb: 1.131
MAPE Rch: 0.375
--------------------------------------------------
**************************************************
Z=8, N=6, emax=8
RMSE Eb: 1.130
RMSE Rch: 0.015
MAPE Eb: 0.931
MAPE Rch: 0.796
--------------------------------------------------
**************************************************
Z=8, N=6, emax=6
RMSE Eb: 0.826
RMSE Rch: 0.014
MAPE Eb: 0.895
MAPE Rch: 0.749
--------------------------------------------------
**************************************************
Z=8, N=6, emax=10
RMSE Eb: 1.282
RMSE Rch: 0.023
MAPE Eb: 1.273
MAPE Rch: 1.240
--------------------------------------------------
**************************************************
Z=8, N=7, emax=4
RMSE Eb: 0.707
RMSE Rch: 0.008
MAPE Eb: 0.891
MAPE Rch: 0.376
--------------------------------------------------
**************************************************
Z=8, N=7, emax=8
RMSE Eb: 0.999
RMSE Rch: 0.013
MAPE Eb: 0.785
MAPE Rch: 0.657
--------------------------------------------------
**************************************************
Z=8, N=7, emax=6
RMSE Eb: 0.986
RMSE Rch: 0.008
MAPE Eb: 0.953
MAPE Rch: 0.383
--------------------------------------------------
**************************************************
Z=8, N=7, emax=10
RMSE Eb: 1.357
RMSE Rch: 0.015
MAPE Eb: 1.163
MAPE Rch: 0.796
--------------------------------------------------
**************************************************
Z=8, N=8, emax=4
RMSE Eb: 0.521
RMSE Rch: 0.029
MAPE Eb: 0.509
MAPE Rch: 0.970
--------------------------------------------------
**************************************************
Z=8, N=8, emax=6
RMSE Eb: 0.602
RMSE Rch: 0.033
MAPE Eb: 0.495
MAPE Rch: 1.153
--------------------------------------------------
**************************************************
Z=8, N=8, emax=8
RMSE Eb: 0.680
RMSE Rch: 0.025
MAPE Eb: 0.488
MAPE Rch: 0.867
--------------------------------------------------
**************************************************
Z=8, N=8, emax=10
RMSE Eb: 1.215
RMSE Rch: 0.035
MAPE Eb: 0.925
MAPE Rch: 1.261
--------------------------------------------------
**************************************************
Z=8, N=9, emax=4
RMSE Eb: 0.515
RMSE Rch: 0.025
MAPE Eb: 0.529
MAPE Rch: 0.850
--------------------------------------------------
**************************************************
Z=8, N=9, emax=8
RMSE Eb: 0.814
RMSE Rch: 0.016
MAPE Eb: 0.633
MAPE Rch: 0.513
--------------------------------------------------
**************************************************
Z=8, N=9, emax=6
RMSE Eb: 0.619
RMSE Rch: 0.022
MAPE Eb: 0.509
MAPE Rch: 0.738
--------------------------------------------------
**************************************************
Z=8, N=9, emax=10
RMSE Eb: 1.719
RMSE Rch: 0.019
MAPE Eb: 1.346
MAPE Rch: 0.585
--------------------------------------------------
**************************************************
Z=8, N=10, emax=4
RMSE Eb: 0.598
RMSE Rch: 0.019
MAPE Eb: 0.607
MAPE Rch: 0.595
--------------------------------------------------
**************************************************
Z=8, N=10, emax=6
RMSE Eb: 0.505
RMSE Rch: 0.019
MAPE Eb: 0.391
MAPE Rch: 0.627
--------------------------------------------------
**************************************************
Z=8, N=10, emax=8
RMSE Eb: 0.745
RMSE Rch: 0.014
MAPE Eb: 0.516
MAPE Rch: 0.433
--------------------------------------------------
**************************************************
Z=8, N=10, emax=10
RMSE Eb: 1.629
RMSE Rch: 0.017
MAPE Eb: 1.173
MAPE Rch: 0.532
--------------------------------------------------
**************************************************
Z=8, N=11, emax=8
RMSE Eb: 0.791
RMSE Rch: 0.012
MAPE Eb: 0.533
MAPE Rch: 0.370
--------------------------------------------------
**************************************************
Z=8, N=11, emax=4
RMSE Eb: 0.499
RMSE Rch: 0.018
MAPE Eb: 0.473
MAPE Rch: 0.576
--------------------------------------------------
**************************************************
Z=8, N=11, emax=6
RMSE Eb: 0.536
RMSE Rch: 0.018
MAPE Eb: 0.434
MAPE Rch: 0.589
--------------------------------------------------
**************************************************
Z=8, N=11, emax=10
RMSE Eb: 1.613
RMSE Rch: 0.015
MAPE Eb: 1.258
MAPE Rch: 0.512
--------------------------------------------------
**************************************************
Z=8, N=12, emax=6
RMSE Eb: 0.475
RMSE Rch: 0.017
MAPE Eb: 0.349
MAPE Rch: 0.574
--------------------------------------------------
**************************************************
Z=8, N=12, emax=8
RMSE Eb: 0.752
RMSE Rch: 0.014
MAPE Eb: 0.482
MAPE Rch: 0.474
--------------------------------------------------
**************************************************
Z=8, N=12, emax=4
RMSE Eb: 0.568
RMSE Rch: 0.018
MAPE Eb: 0.570
MAPE Rch: 0.573
--------------------------------------------------
**************************************************
Z=8, N=12, emax=10
RMSE Eb: 1.595
RMSE Rch: 0.010
MAPE Eb: 1.215
MAPE Rch: 0.299
--------------------------------------------------
**************************************************
Z=8, N=13, emax=8
RMSE Eb: 0.920
RMSE Rch: 0.011
MAPE Eb: 0.585
MAPE Rch: 0.353
--------------------------------------------------
**************************************************
Z=8, N=13, emax=4
RMSE Eb: 0.604
RMSE Rch: 0.018
MAPE Eb: 0.619
MAPE Rch: 0.580
--------------------------------------------------
**************************************************
Z=8, N=13, emax=6
RMSE Eb: 0.535
RMSE Rch: 0.017
MAPE Eb: 0.387
MAPE Rch: 0.547
--------------------------------------------------
**************************************************
Z=8, N=13, emax=10
RMSE Eb: 1.611
RMSE Rch: 0.012
MAPE Eb: 1.160
MAPE Rch: 0.371
--------------------------------------------------
**************************************************
Z=8, N=14, emax=6
RMSE Eb: 0.680
RMSE Rch: 0.017
MAPE Eb: 0.484
MAPE Rch: 0.554
--------------------------------------------------
**************************************************
Z=8, N=14, emax=10
RMSE Eb: 1.426
RMSE Rch: 0.014
MAPE Eb: 0.905
MAPE Rch: 0.367
--------------------------------------------------
**************************************************
Z=8, N=14, emax=4
RMSE Eb: 0.678
RMSE Rch: 0.018
MAPE Eb: 0.684
MAPE Rch: 0.572
--------------------------------------------------
**************************************************
Z=8, N=14, emax=8
RMSE Eb: 0.891
RMSE Rch: 0.015
MAPE Eb: 0.571
MAPE Rch: 0.419
--------------------------------------------------
**************************************************
Z=8, N=15, emax=8
RMSE Eb: 0.748
RMSE Rch: 0.014
MAPE Eb: 0.467
MAPE Rch: 0.432
--------------------------------------------------
**************************************************
Z=8, N=15, emax=6
RMSE Eb: 0.517
RMSE Rch: 0.016
MAPE Eb: 0.358
MAPE Rch: 0.522
--------------------------------------------------
**************************************************
Z=8, N=15, emax=4
RMSE Eb: 0.516
RMSE Rch: 0.018
MAPE Eb: 0.543
MAPE Rch: 0.559
--------------------------------------------------
**************************************************
Z=8, N=15, emax=10
RMSE Eb: 1.710
RMSE Rch: 0.016
MAPE Eb: 1.207
MAPE Rch: 0.496
--------------------------------------------------
**************************************************
Z=8, N=16, emax=4
RMSE Eb: 0.787
RMSE Rch: 0.020
MAPE Eb: 0.689
MAPE Rch: 0.636
--------------------------------------------------
**************************************************
Z=8, N=16, emax=8
RMSE Eb: 1.058
RMSE Rch: 0.014
MAPE Eb: 0.644
MAPE Rch: 0.436
--------------------------------------------------
**************************************************
Z=8, N=16, emax=6
RMSE Eb: 0.641
RMSE Rch: 0.018
MAPE Eb: 0.424
MAPE Rch: 0.575
--------------------------------------------------
**************************************************
Z=8, N=16, emax=10
RMSE Eb: 1.769
RMSE Rch: 0.016
MAPE Eb: 1.162
MAPE Rch: 0.469
--------------------------------------------------
