Activated conda environment
[DataLoader] Found 13 files matching the pattern.
[DataLoader] Combined data shape: (17234, 35)
[Preprocess] Data split => train: (11029, 35), val: (2758, 35), test: (3447, 35)
[Preprocess] Processed fidelity 4 (index 0): 3758 samples.
[Preprocess] Processed fidelity 6 (index 1): 3346 samples.
[Preprocess] Processed fidelity 8 (index 2): 3194 samples.
[Preprocess] Processed fidelity 10 (index 3): 731 samples.
[Preprocess] Processed fidelity 4 (index 0): 949 samples.
[Preprocess] Processed fidelity 6 (index 1): 833 samples.
[Preprocess] Processed fidelity 8 (index 2): 801 samples.
[Preprocess] Processed fidelity 10 (index 3): 175 samples.
Fidelity levels: [4, 6, 8, 10]
[Trainer] Starting BNN training...
[Trainer] No improvement. Iteration 8800. Early stopping counter: 1, LR counter: 1
[Trainer] No improvement. Iteration 9100. Early stopping counter: 1, LR counter: 1
[Trainer] No improvement. Iteration 9200. Early stopping counter: 2, LR counter: 2
[Trainer] No improvement. Iteration 9600. Early stopping counter: 1, LR counter: 1
[Trainer] No improvement. Iteration 10000. Early stopping counter: 1, LR counter: 1
[Trainer] No improvement. Iteration 10100. Early stopping counter: 2, LR counter: 2
[Trainer] No improvement. Iteration 10200. Early stopping counter: 3, LR counter: 3
[Trainer] No improvement. Iteration 10300. Early stopping counter: 4, LR counter: 4
[Trainer] No improvement. Iteration 10500. Early stopping counter: 1, LR counter: 1
[Trainer] No improvement. Iteration 10700. Early stopping counter: 1, LR counter: 1
[Trainer] No improvement. Iteration 10800. Early stopping counter: 2, LR counter: 2
[Trainer] No improvement. Iteration 11000. Early stopping counter: 1, LR counter: 1
[Trainer] No improvement. Iteration 11100. Early stopping counter: 2, LR counter: 2
[Trainer] No improvement. Iteration 11200. Early stopping counter: 3, LR counter: 3
[Trainer] No improvement. Iteration 11300. Early stopping counter: 4, LR counter: 4
[Trainer] No improvement. Iteration 11400. Early stopping counter: 5, LR counter: 5
[Trainer] No improvement. Iteration 11500. Early stopping counter: 6, LR counter: 6
[Trainer] No improvement. Iteration 11600. Early stopping counter: 7, LR counter: 7
[Trainer] No improvement. Iteration 11700. Early stopping counter: 8, LR counter: 8
[Trainer] No improvement. Iteration 11800. Early stopping counter: 9, LR counter: 9
[Trainer] No improvement. Iteration 11900. Early stopping counter: 10, LR counter: 10
[Trainer] No improvement. Iteration 12000. Early stopping counter: 11, LR counter: 11
[Trainer] No improvement. Iteration 12100. Early stopping counter: 12, LR counter: 12
[Trainer] No improvement. Iteration 12200. Early stopping counter: 13, LR counter: 13
[Trainer] No improvement. Iteration 12300. Early stopping counter: 14, LR counter: 14
[Trainer] No improvement. Iteration 12400. Early stopping counter: 15, LR counter: 15
[Trainer] No improvement. Iteration 12500. Early stopping counter: 16, LR counter: 16
[Trainer] No improvement. Iteration 12600. Early stopping counter: 17, LR counter: 17
[Trainer] No improvement. Iteration 12700. Early stopping counter: 18, LR counter: 18
[Trainer] No improvement. Iteration 12800. Early stopping counter: 19, LR counter: 19
[Trainer] No improvement. Iteration 13000. Early stopping counter: 1, LR counter: 1
[Trainer] No improvement. Iteration 13400. Early stopping counter: 1, LR counter: 1
[Trainer] No improvement. Iteration 13500. Early stopping counter: 2, LR counter: 2
[Trainer] No improvement. Iteration 13600. Early stopping counter: 3, LR counter: 3
[Trainer] No improvement. Iteration 13700. Early stopping counter: 4, LR counter: 4
[Trainer] No improvement. Iteration 13800. Early stopping counter: 5, LR counter: 5
[Trainer] No improvement. Iteration 13900. Early stopping counter: 6, LR counter: 6
[Trainer] No improvement. Iteration 14000. Early stopping counter: 7, LR counter: 7
[Trainer] No improvement. Iteration 14200. Early stopping counter: 1, LR counter: 1
[Trainer] No improvement. Iteration 14300. Early stopping counter: 2, LR counter: 2
[Trainer] No improvement. Iteration 14400. Early stopping counter: 3, LR counter: 3
[Trainer] No improvement. Iteration 14500. Early stopping counter: 4, LR counter: 4
[Trainer] No improvement. Iteration 14600. Early stopping counter: 5, LR counter: 5
[Trainer] No improvement. Iteration 14700. Early stopping counter: 6, LR counter: 6
[Trainer] No improvement. Iteration 14800. Early stopping counter: 7, LR counter: 7
[Trainer] No improvement. Iteration 14900. Early stopping counter: 8, LR counter: 8
[Trainer] No improvement. Iteration 15000. Early stopping counter: 9, LR counter: 9
[Trainer] No improvement. Iteration 15100. Early stopping counter: 10, LR counter: 10
[Trainer] No improvement. Iteration 15200. Early stopping counter: 11, LR counter: 11
[Trainer] No improvement. Iteration 15300. Early stopping counter: 12, LR counter: 12
[Trainer] No improvement. Iteration 15400. Early stopping counter: 13, LR counter: 13
[Trainer] No improvement. Iteration 15500. Early stopping counter: 14, LR counter: 14
[Trainer] No improvement. Iteration 15600. Early stopping counter: 15, LR counter: 15
[Trainer] No improvement. Iteration 15700. Early stopping counter: 16, LR counter: 16
[Trainer] No improvement. Iteration 15800. Early stopping counter: 17, LR counter: 17
[Trainer] No improvement. Iteration 15900. Early stopping counter: 18, LR counter: 18
[Trainer] No improvement. Iteration 16000. Early stopping counter: 19, LR counter: 19
[Trainer] No improvement. Iteration 16100. Early stopping counter: 20, LR counter: 20
[Trainer] No improvement. Iteration 16200. Early stopping counter: 21, LR counter: 21
[Trainer] No improvement. Iteration 16300. Early stopping counter: 22, LR counter: 22
[Trainer] No improvement. Iteration 17000. Early stopping counter: 1, LR counter: 1
[Trainer] No improvement. Iteration 17100. Early stopping counter: 2, LR counter: 2
[Trainer] No improvement. Iteration 17200. Early stopping counter: 3, LR counter: 3
[Trainer] No improvement. Iteration 17300. Early stopping counter: 4, LR counter: 4
[Trainer] No improvement. Iteration 17400. Early stopping counter: 5, LR counter: 5
[Trainer] No improvement. Iteration 17500. Early stopping counter: 6, LR counter: 6
[Trainer] No improvement. Iteration 17600. Early stopping counter: 7, LR counter: 7
[Trainer] No improvement. Iteration 17700. Early stopping counter: 8, LR counter: 8
[Trainer] No improvement. Iteration 17800. Early stopping counter: 9, LR counter: 9
[Trainer] No improvement. Iteration 17900. Early stopping counter: 10, LR counter: 10
[Trainer] No improvement. Iteration 18000. Early stopping counter: 11, LR counter: 11
[Trainer] No improvement. Iteration 18100. Early stopping counter: 12, LR counter: 12
[Trainer] No improvement. Iteration 18200. Early stopping counter: 13, LR counter: 13
[Trainer] No improvement. Iteration 18300. Early stopping counter: 14, LR counter: 14
[Trainer] No improvement. Iteration 18400. Early stopping counter: 15, LR counter: 15
[Trainer] No improvement. Iteration 18500. Early stopping counter: 16, LR counter: 16
[Trainer] No improvement. Iteration 18600. Early stopping counter: 17, LR counter: 17
[Trainer] No improvement. Iteration 18700. Early stopping counter: 18, LR counter: 18
[Trainer] No improvement. Iteration 18800. Early stopping counter: 19, LR counter: 19
[Trainer] No improvement. Iteration 18900. Early stopping counter: 20, LR counter: 20
[Trainer] No improvement. Iteration 19000. Early stopping counter: 21, LR counter: 21
[Trainer] No improvement. Iteration 19100. Early stopping counter: 22, LR counter: 22
[Trainer] No improvement. Iteration 19200. Early stopping counter: 23, LR counter: 23
[Trainer] No improvement. Iteration 19300. Early stopping counter: 24, LR counter: 24
[Trainer] No improvement. Iteration 19400. Early stopping counter: 25, LR counter: 25
[Trainer] Learning rate reduced to: 0.000010
[Trainer] No improvement. Iteration 19500. Early stopping counter: 26, LR counter: 1
[Trainer] No improvement. Iteration 19600. Early stopping counter: 27, LR counter: 2
[Trainer] No improvement. Iteration 19700. Early stopping counter: 28, LR counter: 3
[Trainer] No improvement. Iteration 19800. Early stopping counter: 29, LR counter: 4
[Trainer] No improvement. Iteration 19900. Early stopping counter: 30, LR counter: 5
[Trainer] No improvement. Iteration 20000. Early stopping counter: 31, LR counter: 6
[Trainer] No improvement. Iteration 20100. Early stopping counter: 32, LR counter: 7
[Trainer] No improvement. Iteration 20200. Early stopping counter: 33, LR counter: 8
[Trainer] No improvement. Iteration 20300. Early stopping counter: 34, LR counter: 9
[Trainer] No improvement. Iteration 20400. Early stopping counter: 35, LR counter: 10
[Trainer] No improvement. Iteration 20500. Early stopping counter: 36, LR counter: 11
[Trainer] No improvement. Iteration 20600. Early stopping counter: 37, LR counter: 12
[Trainer] No improvement. Iteration 20700. Early stopping counter: 38, LR counter: 13
[Trainer] No improvement. Iteration 20800. Early stopping counter: 39, LR counter: 14
[Trainer] No improvement. Iteration 20900. Early stopping counter: 40, LR counter: 15
[Trainer] No improvement. Iteration 21000. Early stopping counter: 41, LR counter: 16
[Trainer] No improvement. Iteration 21100. Early stopping counter: 42, LR counter: 17
[Trainer] No improvement. Iteration 21200. Early stopping counter: 43, LR counter: 18
[Trainer] No improvement. Iteration 21300. Early stopping counter: 44, LR counter: 19
[Trainer] No improvement. Iteration 21400. Early stopping counter: 45, LR counter: 20
[Trainer] No improvement. Iteration 21500. Early stopping counter: 46, LR counter: 21
[Trainer] No improvement. Iteration 21600. Early stopping counter: 47, LR counter: 22
[Trainer] No improvement. Iteration 21700. Early stopping counter: 48, LR counter: 23
[Trainer] No improvement. Iteration 21800. Early stopping counter: 49, LR counter: 24
[Trainer] No improvement. Iteration 21900. Early stopping counter: 50, LR counter: 25
[Trainer] Learning rate reduced to: 0.000001
[Trainer] Early stopping triggered.
[Trainer] Training completed.
[Trainer] Calibrating temperatures on validation set...
[Trainer] Temperature calibration finished. Calibrated temperatures: {4: 1.1976076364517212, 6: 1.0137630701065063, 8: 1.1353782415390015, 10: 1.4506422281265259}
[Trainer] BNN training completed.
**************************************************
Z=8, N=4, emax=4
RMSE Eb: 0.807
RMSE Rch: 0.011
MAPE Eb: 2.379
MAPE Rch: 0.508
--------------------------------------------------
**************************************************
Z=8, N=4, emax=10
RMSE Eb: 1.272
RMSE Rch: 0.063
MAPE Eb: 2.026
MAPE Rch: 2.859
--------------------------------------------------
**************************************************
Z=8, N=4, emax=6
RMSE Eb: 1.164
RMSE Rch: 0.015
MAPE Eb: 2.288
MAPE Rch: 0.719
--------------------------------------------------
**************************************************
Z=8, N=4, emax=8
RMSE Eb: 1.345
RMSE Rch: 0.022
MAPE Eb: 2.139
MAPE Rch: 1.057
--------------------------------------------------
**************************************************
Z=8, N=5, emax=8
RMSE Eb: 1.090
RMSE Rch: 0.017
MAPE Eb: 1.379
MAPE Rch: 0.859
--------------------------------------------------
**************************************************
Z=8, N=5, emax=6
RMSE Eb: 0.942
RMSE Rch: 0.013
MAPE Eb: 1.340
MAPE Rch: 0.653
--------------------------------------------------
**************************************************
Z=8, N=5, emax=4
RMSE Eb: 0.833
RMSE Rch: 0.012
MAPE Eb: 1.709
MAPE Rch: 0.487
--------------------------------------------------
**************************************************
Z=8, N=5, emax=10
RMSE Eb: 0.984
RMSE Rch: 0.013
MAPE Eb: 1.326
MAPE Rch: 0.672
--------------------------------------------------
**************************************************
Z=8, N=6, emax=4
RMSE Eb: 0.792
RMSE Rch: 0.015
MAPE Eb: 1.152
MAPE Rch: 0.676
--------------------------------------------------
**************************************************
Z=8, N=6, emax=6
RMSE Eb: 0.845
RMSE Rch: 0.013
MAPE Eb: 0.925
MAPE Rch: 0.645
--------------------------------------------------
**************************************************
Z=8, N=6, emax=8
RMSE Eb: 1.075
RMSE Rch: 0.016
MAPE Eb: 0.907
MAPE Rch: 0.811
--------------------------------------------------
**************************************************
Z=8, N=6, emax=10
RMSE Eb: 1.107
RMSE Rch: 0.019
MAPE Eb: 1.029
MAPE Rch: 1.086
--------------------------------------------------
**************************************************
Z=8, N=7, emax=8
RMSE Eb: 1.203
RMSE Rch: 0.012
MAPE Eb: 1.065
MAPE Rch: 0.628
--------------------------------------------------
**************************************************
Z=8, N=7, emax=10
RMSE Eb: 1.142
RMSE Rch: 0.021
MAPE Eb: 0.845
MAPE Rch: 1.185
--------------------------------------------------
**************************************************
Z=8, N=7, emax=6
RMSE Eb: 1.080
RMSE Rch: 0.009
MAPE Eb: 0.991
MAPE Rch: 0.468
--------------------------------------------------
**************************************************
Z=8, N=7, emax=4
RMSE Eb: 0.932
RMSE Rch: 0.016
MAPE Eb: 1.044
MAPE Rch: 0.766
--------------------------------------------------
**************************************************
Z=8, N=8, emax=4
RMSE Eb: 1.015
RMSE Rch: 0.011
MAPE Eb: 1.096
MAPE Rch: 0.310
--------------------------------------------------
**************************************************
Z=8, N=8, emax=8
RMSE Eb: 1.126
RMSE Rch: 0.011
MAPE Eb: 0.862
MAPE Rch: 0.348
--------------------------------------------------
**************************************************
Z=8, N=8, emax=6
RMSE Eb: 0.940
RMSE Rch: 0.011
MAPE Eb: 0.799
MAPE Rch: 0.318
--------------------------------------------------
**************************************************
Z=8, N=8, emax=10
RMSE Eb: 1.518
RMSE Rch: 0.018
MAPE Eb: 1.013
MAPE Rch: 0.462
--------------------------------------------------
**************************************************
Z=8, N=9, emax=8
RMSE Eb: 1.152
RMSE Rch: 0.011
MAPE Eb: 0.855
MAPE Rch: 0.316
--------------------------------------------------
**************************************************
Z=8, N=9, emax=6
RMSE Eb: 0.833
RMSE Rch: 0.010
MAPE Eb: 0.676
MAPE Rch: 0.305
--------------------------------------------------
**************************************************
Z=8, N=9, emax=4
RMSE Eb: 0.822
RMSE Rch: 0.010
MAPE Eb: 0.861
MAPE Rch: 0.275
--------------------------------------------------
**************************************************
Z=8, N=9, emax=10
RMSE Eb: 1.170
RMSE Rch: 0.016
MAPE Eb: 0.868
MAPE Rch: 0.439
--------------------------------------------------
**************************************************
Z=8, N=10, emax=4
RMSE Eb: 0.823
RMSE Rch: 0.008
MAPE Eb: 0.877
MAPE Rch: 0.228
--------------------------------------------------
**************************************************
Z=8, N=10, emax=10
RMSE Eb: 1.004
RMSE Rch: 0.008
MAPE Eb: 0.653
MAPE Rch: 0.217
--------------------------------------------------
**************************************************
Z=8, N=10, emax=6
RMSE Eb: 0.713
RMSE Rch: 0.010
MAPE Eb: 0.571
MAPE Rch: 0.277
--------------------------------------------------
**************************************************
Z=8, N=10, emax=8
RMSE Eb: 1.128
RMSE Rch: 0.007
MAPE Eb: 0.760
MAPE Rch: 0.202
--------------------------------------------------
**************************************************
Z=8, N=11, emax=4
RMSE Eb: 0.845
RMSE Rch: 0.008
MAPE Eb: 0.835
MAPE Rch: 0.224
--------------------------------------------------
**************************************************
Z=8, N=11, emax=6
RMSE Eb: 0.871
RMSE Rch: 0.006
MAPE Eb: 0.671
MAPE Rch: 0.195
--------------------------------------------------
**************************************************
Z=8, N=11, emax=8
RMSE Eb: 1.115
RMSE Rch: 0.008
MAPE Eb: 0.721
MAPE Rch: 0.208
--------------------------------------------------
**************************************************
Z=8, N=11, emax=10
RMSE Eb: 1.213
RMSE Rch: 0.012
MAPE Eb: 0.857
MAPE Rch: 0.345
--------------------------------------------------
**************************************************
Z=8, N=12, emax=6
RMSE Eb: 0.959
RMSE Rch: 0.008
MAPE Eb: 0.715
MAPE Rch: 0.210
--------------------------------------------------
**************************************************
Z=8, N=12, emax=4
RMSE Eb: 1.069
RMSE Rch: 0.009
MAPE Eb: 1.054
MAPE Rch: 0.233
--------------------------------------------------
**************************************************
Z=8, N=12, emax=8
RMSE Eb: 1.015
RMSE Rch: 0.006
MAPE Eb: 0.687
MAPE Rch: 0.161
--------------------------------------------------
**************************************************
Z=8, N=12, emax=10
RMSE Eb: 0.847
RMSE Rch: 0.006
MAPE Eb: 0.562
MAPE Rch: 0.193
--------------------------------------------------
**************************************************
Z=8, N=13, emax=8
RMSE Eb: 1.192
RMSE Rch: 0.008
MAPE Eb: 0.695
MAPE Rch: 0.222
--------------------------------------------------
**************************************************
Z=8, N=13, emax=4
RMSE Eb: 0.946
RMSE Rch: 0.009
MAPE Eb: 0.908
MAPE Rch: 0.232
--------------------------------------------------
**************************************************
Z=8, N=13, emax=10
RMSE Eb: 1.136
RMSE Rch: 0.009
MAPE Eb: 0.726
MAPE Rch: 0.258
--------------------------------------------------
**************************************************
Z=8, N=13, emax=6
RMSE Eb: 1.005
RMSE Rch: 0.008
MAPE Eb: 0.808
MAPE Rch: 0.215
--------------------------------------------------
**************************************************
Z=8, N=14, emax=8
RMSE Eb: 1.514
RMSE Rch: 0.011
MAPE Eb: 0.891
MAPE Rch: 0.287
--------------------------------------------------
**************************************************
Z=8, N=14, emax=4
RMSE Eb: 0.869
RMSE Rch: 0.010
MAPE Eb: 0.862
MAPE Rch: 0.265
--------------------------------------------------
**************************************************
Z=8, N=14, emax=6
RMSE Eb: 0.891
RMSE Rch: 0.008
MAPE Eb: 0.633
MAPE Rch: 0.196
--------------------------------------------------
**************************************************
Z=8, N=14, emax=10
RMSE Eb: 1.393
RMSE Rch: 0.012
MAPE Eb: 0.900
MAPE Rch: 0.343
--------------------------------------------------
**************************************************
Z=8, N=15, emax=8
RMSE Eb: 1.337
RMSE Rch: 0.009
MAPE Eb: 0.765
MAPE Rch: 0.255
--------------------------------------------------
**************************************************
Z=8, N=15, emax=4
RMSE Eb: 1.184
RMSE Rch: 0.008
MAPE Eb: 1.110
MAPE Rch: 0.227
--------------------------------------------------
**************************************************
Z=8, N=15, emax=6
RMSE Eb: 1.046
RMSE Rch: 0.009
MAPE Eb: 0.735
MAPE Rch: 0.261
--------------------------------------------------
**************************************************
Z=8, N=15, emax=10
RMSE Eb: 1.360
RMSE Rch: 0.009
MAPE Eb: 0.901
MAPE Rch: 0.279
--------------------------------------------------
**************************************************
Z=8, N=16, emax=8
RMSE Eb: 1.408
RMSE Rch: 0.010
MAPE Eb: 0.783
MAPE Rch: 0.276
--------------------------------------------------
**************************************************
Z=8, N=16, emax=6
RMSE Eb: 1.220
RMSE Rch: 0.010
MAPE Eb: 0.803
MAPE Rch: 0.281
--------------------------------------------------
**************************************************
Z=8, N=16, emax=10
RMSE Eb: 1.390
RMSE Rch: 0.011
MAPE Eb: 0.831
MAPE Rch: 0.336
--------------------------------------------------
**************************************************
Z=8, N=16, emax=4
RMSE Eb: 1.112
RMSE Rch: 0.009
MAPE Eb: 1.158
MAPE Rch: 0.243
--------------------------------------------------
Finished VAL for AE n=85
**************************************************
Z=8, N=4, emax=6
RMSE Eb: 1.095
RMSE Rch: 0.015
MAPE Eb: 1.999
MAPE Rch: 0.705
--------------------------------------------------
**************************************************
Z=8, N=4, emax=8
RMSE Eb: 1.263
RMSE Rch: 0.022
MAPE Eb: 1.962
MAPE Rch: 1.021
--------------------------------------------------
**************************************************
Z=8, N=4, emax=4
RMSE Eb: 0.913
RMSE Rch: 0.014
MAPE Eb: 2.593
MAPE Rch: 0.615
--------------------------------------------------
**************************************************
Z=8, N=4, emax=10
RMSE Eb: 1.297
RMSE Rch: 0.033
MAPE Eb: 1.843
MAPE Rch: 1.525
--------------------------------------------------
**************************************************
Z=8, N=5, emax=4
RMSE Eb: 0.922
RMSE Rch: 0.013
MAPE Eb: 1.890
MAPE Rch: 0.602
--------------------------------------------------
**************************************************
Z=8, N=5, emax=8
RMSE Eb: 1.140
RMSE Rch: 0.019
MAPE Eb: 1.450
MAPE Rch: 0.851
--------------------------------------------------
**************************************************
Z=8, N=5, emax=6
RMSE Eb: 0.964
RMSE Rch: 0.011
MAPE Eb: 1.396
MAPE Rch: 0.508
--------------------------------------------------
**************************************************
Z=8, N=5, emax=10
RMSE Eb: 1.285
RMSE Rch: 0.022
MAPE Eb: 1.652
MAPE Rch: 1.145
--------------------------------------------------
**************************************************
Z=8, N=6, emax=4
RMSE Eb: 0.769
RMSE Rch: 0.016
MAPE Eb: 1.125
MAPE Rch: 0.754
--------------------------------------------------
**************************************************
Z=8, N=6, emax=8
RMSE Eb: 1.169
RMSE Rch: 0.021
MAPE Eb: 1.035
MAPE Rch: 0.915
--------------------------------------------------
**************************************************
Z=8, N=6, emax=6
RMSE Eb: 0.843
RMSE Rch: 0.014
MAPE Eb: 0.867
MAPE Rch: 0.633
--------------------------------------------------
**************************************************
Z=8, N=6, emax=10
RMSE Eb: 0.849
RMSE Rch: 0.018
MAPE Eb: 0.840
MAPE Rch: 0.929
--------------------------------------------------
**************************************************
Z=8, N=7, emax=4
RMSE Eb: 1.051
RMSE Rch: 0.012
MAPE Eb: 1.269
MAPE Rch: 0.613
--------------------------------------------------
**************************************************
Z=8, N=7, emax=8
RMSE Eb: 1.201
RMSE Rch: 0.013
MAPE Eb: 0.963
MAPE Rch: 0.652
--------------------------------------------------
**************************************************
Z=8, N=7, emax=6
RMSE Eb: 1.066
RMSE Rch: 0.012
MAPE Eb: 1.020
MAPE Rch: 0.573
--------------------------------------------------
**************************************************
Z=8, N=7, emax=10
RMSE Eb: 1.049
RMSE Rch: 0.019
MAPE Eb: 0.881
MAPE Rch: 1.133
--------------------------------------------------
**************************************************
Z=8, N=8, emax=4
RMSE Eb: 0.930
RMSE Rch: 0.011
MAPE Eb: 0.990
MAPE Rch: 0.315
--------------------------------------------------
**************************************************
Z=8, N=8, emax=6
RMSE Eb: 1.168
RMSE Rch: 0.011
MAPE Eb: 0.897
MAPE Rch: 0.312
--------------------------------------------------
**************************************************
Z=8, N=8, emax=8
RMSE Eb: 0.884
RMSE Rch: 0.011
MAPE Eb: 0.678
MAPE Rch: 0.301
--------------------------------------------------
**************************************************
Z=8, N=8, emax=10
RMSE Eb: 1.031
RMSE Rch: 0.008
MAPE Eb: 0.790
MAPE Rch: 0.235
--------------------------------------------------
**************************************************
Z=8, N=9, emax=4
RMSE Eb: 0.896
RMSE Rch: 0.010
MAPE Eb: 0.925
MAPE Rch: 0.282
--------------------------------------------------
**************************************************
Z=8, N=9, emax=8
RMSE Eb: 1.163
RMSE Rch: 0.010
MAPE Eb: 0.839
MAPE Rch: 0.307
--------------------------------------------------
**************************************************
Z=8, N=9, emax=6
RMSE Eb: 0.871
RMSE Rch: 0.011
MAPE Eb: 0.727
MAPE Rch: 0.304
--------------------------------------------------
**************************************************
Z=8, N=9, emax=10
RMSE Eb: 0.998
RMSE Rch: 0.008
MAPE Eb: 0.747
MAPE Rch: 0.206
--------------------------------------------------
**************************************************
Z=8, N=10, emax=4
RMSE Eb: 0.845
RMSE Rch: 0.010
MAPE Eb: 0.840
MAPE Rch: 0.277
--------------------------------------------------
**************************************************
Z=8, N=10, emax=6
RMSE Eb: 0.820
RMSE Rch: 0.010
MAPE Eb: 0.604
MAPE Rch: 0.301
--------------------------------------------------
**************************************************
Z=8, N=10, emax=8
RMSE Eb: 0.984
RMSE Rch: 0.008
MAPE Eb: 0.697
MAPE Rch: 0.233
--------------------------------------------------
**************************************************
Z=8, N=10, emax=10
RMSE Eb: 1.017
RMSE Rch: 0.007
MAPE Eb: 0.563
MAPE Rch: 0.220
--------------------------------------------------
**************************************************
Z=8, N=11, emax=8
RMSE Eb: 1.145
RMSE Rch: 0.009
MAPE Eb: 0.777
MAPE Rch: 0.253
--------------------------------------------------
**************************************************
Z=8, N=11, emax=4
RMSE Eb: 0.767
RMSE Rch: 0.008
MAPE Eb: 0.802
MAPE Rch: 0.215
--------------------------------------------------
**************************************************
Z=8, N=11, emax=6
RMSE Eb: 0.789
RMSE Rch: 0.007
MAPE Eb: 0.646
MAPE Rch: 0.171
--------------------------------------------------
**************************************************
Z=8, N=11, emax=10
RMSE Eb: 0.832
RMSE Rch: 0.005
MAPE Eb: 0.612
MAPE Rch: 0.146
--------------------------------------------------
**************************************************
Z=8, N=12, emax=6
RMSE Eb: 0.700
RMSE Rch: 0.006
MAPE Eb: 0.499
MAPE Rch: 0.181
--------------------------------------------------
**************************************************
Z=8, N=12, emax=8
RMSE Eb: 1.070
RMSE Rch: 0.006
MAPE Eb: 0.713
MAPE Rch: 0.176
--------------------------------------------------
**************************************************
Z=8, N=12, emax=4
RMSE Eb: 0.888
RMSE Rch: 0.008
MAPE Eb: 0.905
MAPE Rch: 0.191
--------------------------------------------------
**************************************************
Z=8, N=12, emax=10
RMSE Eb: 1.172
RMSE Rch: 0.006
MAPE Eb: 0.829
MAPE Rch: 0.185
--------------------------------------------------
**************************************************
Z=8, N=13, emax=8
RMSE Eb: 1.179
RMSE Rch: 0.009
MAPE Eb: 0.791
MAPE Rch: 0.260
--------------------------------------------------
**************************************************
Z=8, N=13, emax=4
RMSE Eb: 0.896
RMSE Rch: 0.009
MAPE Eb: 0.907
MAPE Rch: 0.238
--------------------------------------------------
**************************************************
Z=8, N=13, emax=6
RMSE Eb: 0.868
RMSE Rch: 0.008
MAPE Eb: 0.624
MAPE Rch: 0.219
--------------------------------------------------
**************************************************
Z=8, N=13, emax=10
RMSE Eb: 1.302
RMSE Rch: 0.008
MAPE Eb: 0.814
MAPE Rch: 0.236
--------------------------------------------------
**************************************************
Z=8, N=14, emax=6
RMSE Eb: 0.983
RMSE Rch: 0.010
MAPE Eb: 0.679
MAPE Rch: 0.289
--------------------------------------------------
**************************************************
Z=8, N=14, emax=10
RMSE Eb: 1.519
RMSE Rch: 0.010
MAPE Eb: 0.846
MAPE Rch: 0.304
--------------------------------------------------
**************************************************
Z=8, N=14, emax=4
RMSE Eb: 1.117
RMSE Rch: 0.010
MAPE Eb: 1.182
MAPE Rch: 0.257
--------------------------------------------------
**************************************************
Z=8, N=14, emax=8
RMSE Eb: 1.266
RMSE Rch: 0.011
MAPE Eb: 0.718
MAPE Rch: 0.297
--------------------------------------------------
**************************************************
Z=8, N=15, emax=8
RMSE Eb: 1.185
RMSE Rch: 0.008
MAPE Eb: 0.725
MAPE Rch: 0.198
--------------------------------------------------
**************************************************
Z=8, N=15, emax=6
RMSE Eb: 1.058
RMSE Rch: 0.009
MAPE Eb: 0.736
MAPE Rch: 0.252
--------------------------------------------------
**************************************************
Z=8, N=15, emax=4
RMSE Eb: 0.832
RMSE Rch: 0.009
MAPE Eb: 0.776
MAPE Rch: 0.229
--------------------------------------------------
**************************************************
Z=8, N=15, emax=10
RMSE Eb: 1.297
RMSE Rch: 0.007
MAPE Eb: 0.684
MAPE Rch: 0.227
--------------------------------------------------
**************************************************
Z=8, N=16, emax=4
RMSE Eb: 1.414
RMSE Rch: 0.010
MAPE Eb: 1.387
MAPE Rch: 0.259
--------------------------------------------------
**************************************************
Z=8, N=16, emax=8
RMSE Eb: 1.556
RMSE Rch: 0.008
MAPE Eb: 0.860
MAPE Rch: 0.241
--------------------------------------------------
**************************************************
Z=8, N=16, emax=6
RMSE Eb: 1.053
RMSE Rch: 0.011
MAPE Eb: 0.669
MAPE Rch: 0.299
--------------------------------------------------
**************************************************
Z=8, N=16, emax=10
RMSE Eb: 1.545
RMSE Rch: 0.012
MAPE Eb: 0.859
MAPE Rch: 0.281
--------------------------------------------------
