Activated conda environment
[DataLoader] Found 13 files matching the pattern.
[DataLoader] Combined data shape: (17234, 35)
[Preprocess] Data split => train: (11029, 35), val: (2758, 35), test: (3447, 35)
[Preprocess] Processed fidelity 4 (index 0): 3758 samples.
[Preprocess] Processed fidelity 6 (index 1): 3346 samples.
[Preprocess] Processed fidelity 8 (index 2): 3194 samples.
[Preprocess] Processed fidelity 10 (index 3): 731 samples.
[Preprocess] Processed fidelity 4 (index 0): 949 samples.
[Preprocess] Processed fidelity 6 (index 1): 833 samples.
[Preprocess] Processed fidelity 8 (index 2): 801 samples.
[Preprocess] Processed fidelity 10 (index 3): 175 samples.
Fidelity levels: [4, 6, 8, 10]
[Trainer] Starting BNN training...
[Trainer] No improvement. Iteration 8400. Early stopping counter: 1, LR counter: 1
[Trainer] No improvement. Iteration 8700. Early stopping counter: 1, LR counter: 1
[Trainer] No improvement. Iteration 8800. Early stopping counter: 2, LR counter: 2
[Trainer] No improvement. Iteration 8900. Early stopping counter: 3, LR counter: 3
[Trainer] No improvement. Iteration 9000. Early stopping counter: 4, LR counter: 4
[Trainer] No improvement. Iteration 9100. Early stopping counter: 5, LR counter: 5
[Trainer] No improvement. Iteration 9200. Early stopping counter: 6, LR counter: 6
[Trainer] No improvement. Iteration 9300. Early stopping counter: 7, LR counter: 7
[Trainer] No improvement. Iteration 9400. Early stopping counter: 8, LR counter: 8
[Trainer] No improvement. Iteration 9500. Early stopping counter: 9, LR counter: 9
[Trainer] No improvement. Iteration 9600. Early stopping counter: 10, LR counter: 10
[Trainer] No improvement. Iteration 9700. Early stopping counter: 11, LR counter: 11
[Trainer] No improvement. Iteration 9800. Early stopping counter: 12, LR counter: 12
[Trainer] No improvement. Iteration 9900. Early stopping counter: 13, LR counter: 13
[Trainer] No improvement. Iteration 10000. Early stopping counter: 14, LR counter: 14
[Trainer] No improvement. Iteration 10100. Early stopping counter: 15, LR counter: 15
[Trainer] No improvement. Iteration 10200. Early stopping counter: 16, LR counter: 16
[Trainer] No improvement. Iteration 10300. Early stopping counter: 17, LR counter: 17
[Trainer] No improvement. Iteration 10400. Early stopping counter: 18, LR counter: 18
[Trainer] No improvement. Iteration 10500. Early stopping counter: 19, LR counter: 19
[Trainer] No improvement. Iteration 10600. Early stopping counter: 20, LR counter: 20
[Trainer] No improvement. Iteration 10700. Early stopping counter: 21, LR counter: 21
[Trainer] No improvement. Iteration 10800. Early stopping counter: 22, LR counter: 22
[Trainer] No improvement. Iteration 10900. Early stopping counter: 23, LR counter: 23
[Trainer] No improvement. Iteration 11000. Early stopping counter: 24, LR counter: 24
[Trainer] No improvement. Iteration 11100. Early stopping counter: 25, LR counter: 25
[Trainer] Learning rate reduced to: 0.000010
[Trainer] No improvement. Iteration 11200. Early stopping counter: 26, LR counter: 1
[Trainer] No improvement. Iteration 11300. Early stopping counter: 27, LR counter: 2
[Trainer] No improvement. Iteration 11400. Early stopping counter: 28, LR counter: 3
[Trainer] No improvement. Iteration 11500. Early stopping counter: 29, LR counter: 4
[Trainer] No improvement. Iteration 11600. Early stopping counter: 30, LR counter: 5
[Trainer] No improvement. Iteration 11700. Early stopping counter: 31, LR counter: 6
[Trainer] No improvement. Iteration 11800. Early stopping counter: 32, LR counter: 7
[Trainer] No improvement. Iteration 11900. Early stopping counter: 33, LR counter: 8
[Trainer] No improvement. Iteration 12000. Early stopping counter: 34, LR counter: 9
[Trainer] No improvement. Iteration 12100. Early stopping counter: 35, LR counter: 10
[Trainer] No improvement. Iteration 12200. Early stopping counter: 36, LR counter: 11
[Trainer] No improvement. Iteration 12300. Early stopping counter: 37, LR counter: 12
[Trainer] No improvement. Iteration 12400. Early stopping counter: 38, LR counter: 13
[Trainer] No improvement. Iteration 12500. Early stopping counter: 39, LR counter: 14
[Trainer] No improvement. Iteration 12600. Early stopping counter: 40, LR counter: 15
[Trainer] No improvement. Iteration 12700. Early stopping counter: 41, LR counter: 16
[Trainer] No improvement. Iteration 12800. Early stopping counter: 42, LR counter: 17
[Trainer] No improvement. Iteration 12900. Early stopping counter: 43, LR counter: 18
[Trainer] No improvement. Iteration 13000. Early stopping counter: 44, LR counter: 19
[Trainer] No improvement. Iteration 13100. Early stopping counter: 45, LR counter: 20
[Trainer] No improvement. Iteration 13200. Early stopping counter: 46, LR counter: 21
[Trainer] No improvement. Iteration 13300. Early stopping counter: 47, LR counter: 22
[Trainer] No improvement. Iteration 13400. Early stopping counter: 48, LR counter: 23
[Trainer] No improvement. Iteration 13500. Early stopping counter: 49, LR counter: 24
[Trainer] No improvement. Iteration 13600. Early stopping counter: 50, LR counter: 25
[Trainer] Learning rate reduced to: 0.000001
[Trainer] Early stopping triggered.
[Trainer] Training completed.
[Trainer] Calibrating temperatures on validation set...
[Trainer] Temperature calibration finished. Calibrated temperatures: {4: 1.3129847049713135, 6: 1.150992512702942, 8: 1.1624184846878052, 10: 1.3134851455688477}
[Trainer] BNN training completed.
**************************************************
Z=8, N=4, emax=4
RMSE Eb: 0.494
RMSE Rch: 0.010
MAPE Eb: 1.451
MAPE Rch: 0.398
--------------------------------------------------
**************************************************
Z=8, N=4, emax=10
RMSE Eb: 0.876
RMSE Rch: 0.043
MAPE Eb: 1.194
MAPE Rch: 2.146
--------------------------------------------------
**************************************************
Z=8, N=4, emax=6
RMSE Eb: 0.619
RMSE Rch: 0.010
MAPE Eb: 1.271
MAPE Rch: 0.462
--------------------------------------------------
**************************************************
Z=8, N=4, emax=8
RMSE Eb: 0.793
RMSE Rch: 0.023
MAPE Eb: 1.304
MAPE Rch: 1.024
--------------------------------------------------
**************************************************
Z=8, N=5, emax=8
RMSE Eb: 0.861
RMSE Rch: 0.015
MAPE Eb: 1.134
MAPE Rch: 0.752
--------------------------------------------------
**************************************************
Z=8, N=5, emax=6
RMSE Eb: 0.610
RMSE Rch: 0.010
MAPE Eb: 0.929
MAPE Rch: 0.473
--------------------------------------------------
**************************************************
Z=8, N=5, emax=4
RMSE Eb: 0.559
RMSE Rch: 0.008
MAPE Eb: 1.109
MAPE Rch: 0.360
--------------------------------------------------
**************************************************
Z=8, N=5, emax=10
RMSE Eb: 0.689
RMSE Rch: 0.027
MAPE Eb: 0.742
MAPE Rch: 1.431
--------------------------------------------------
**************************************************
Z=8, N=6, emax=4
RMSE Eb: 0.598
RMSE Rch: 0.009
MAPE Eb: 0.892
MAPE Rch: 0.414
--------------------------------------------------
**************************************************
Z=8, N=6, emax=6
RMSE Eb: 0.602
RMSE Rch: 0.010
MAPE Eb: 0.650
MAPE Rch: 0.429
--------------------------------------------------
**************************************************
Z=8, N=6, emax=8
RMSE Eb: 0.863
RMSE Rch: 0.013
MAPE Eb: 0.800
MAPE Rch: 0.625
--------------------------------------------------
**************************************************
Z=8, N=6, emax=10
RMSE Eb: 0.837
RMSE Rch: 0.018
MAPE Eb: 0.782
MAPE Rch: 0.911
--------------------------------------------------
**************************************************
Z=8, N=7, emax=8
RMSE Eb: 0.926
RMSE Rch: 0.010
MAPE Eb: 0.812
MAPE Rch: 0.539
--------------------------------------------------
**************************************************
Z=8, N=7, emax=10
RMSE Eb: 1.222
RMSE Rch: 0.016
MAPE Eb: 1.013
MAPE Rch: 0.924
--------------------------------------------------
**************************************************
Z=8, N=7, emax=6
RMSE Eb: 0.712
RMSE Rch: 0.012
MAPE Eb: 0.667
MAPE Rch: 0.614
--------------------------------------------------
**************************************************
Z=8, N=7, emax=4
RMSE Eb: 0.798
RMSE Rch: 0.010
MAPE Eb: 0.962
MAPE Rch: 0.458
--------------------------------------------------
**************************************************
Z=8, N=8, emax=4
RMSE Eb: 0.675
RMSE Rch: 0.009
MAPE Eb: 0.720
MAPE Rch: 0.243
--------------------------------------------------
**************************************************
Z=8, N=8, emax=8
RMSE Eb: 0.904
RMSE Rch: 0.014
MAPE Eb: 0.689
MAPE Rch: 0.385
--------------------------------------------------
**************************************************
Z=8, N=8, emax=6
RMSE Eb: 0.732
RMSE Rch: 0.011
MAPE Eb: 0.607
MAPE Rch: 0.306
--------------------------------------------------
**************************************************
Z=8, N=8, emax=10
RMSE Eb: 1.198
RMSE Rch: 0.015
MAPE Eb: 0.860
MAPE Rch: 0.437
--------------------------------------------------
**************************************************
Z=8, N=9, emax=8
RMSE Eb: 0.956
RMSE Rch: 0.009
MAPE Eb: 0.700
MAPE Rch: 0.249
--------------------------------------------------
**************************************************
Z=8, N=9, emax=6
RMSE Eb: 0.773
RMSE Rch: 0.010
MAPE Eb: 0.636
MAPE Rch: 0.267
--------------------------------------------------
**************************************************
Z=8, N=9, emax=4
RMSE Eb: 0.797
RMSE Rch: 0.007
MAPE Eb: 0.888
MAPE Rch: 0.184
--------------------------------------------------
**************************************************
Z=8, N=9, emax=10
RMSE Eb: 0.693
RMSE Rch: 0.008
MAPE Eb: 0.461
MAPE Rch: 0.205
--------------------------------------------------
**************************************************
Z=8, N=10, emax=4
RMSE Eb: 0.762
RMSE Rch: 0.008
MAPE Eb: 0.830
MAPE Rch: 0.217
--------------------------------------------------
**************************************************
Z=8, N=10, emax=10
RMSE Eb: 0.739
RMSE Rch: 0.009
MAPE Eb: 0.557
MAPE Rch: 0.246
--------------------------------------------------
**************************************************
Z=8, N=10, emax=6
RMSE Eb: 0.644
RMSE Rch: 0.007
MAPE Eb: 0.494
MAPE Rch: 0.184
--------------------------------------------------
**************************************************
Z=8, N=10, emax=8
RMSE Eb: 0.869
RMSE Rch: 0.010
MAPE Eb: 0.618
MAPE Rch: 0.300
--------------------------------------------------
**************************************************
Z=8, N=11, emax=4
RMSE Eb: 0.706
RMSE Rch: 0.007
MAPE Eb: 0.742
MAPE Rch: 0.197
--------------------------------------------------
**************************************************
Z=8, N=11, emax=6
RMSE Eb: 0.712
RMSE Rch: 0.006
MAPE Eb: 0.509
MAPE Rch: 0.173
--------------------------------------------------
**************************************************
Z=8, N=11, emax=8
RMSE Eb: 1.075
RMSE Rch: 0.011
MAPE Eb: 0.754
MAPE Rch: 0.316
--------------------------------------------------
**************************************************
Z=8, N=11, emax=10
RMSE Eb: 0.634
RMSE Rch: 0.009
MAPE Eb: 0.457
MAPE Rch: 0.221
--------------------------------------------------
**************************************************
Z=8, N=12, emax=6
RMSE Eb: 0.711
RMSE Rch: 0.007
MAPE Eb: 0.520
MAPE Rch: 0.209
--------------------------------------------------
**************************************************
Z=8, N=12, emax=4
RMSE Eb: 0.711
RMSE Rch: 0.007
MAPE Eb: 0.750
MAPE Rch: 0.203
--------------------------------------------------
**************************************************
Z=8, N=12, emax=8
RMSE Eb: 1.050
RMSE Rch: 0.009
MAPE Eb: 0.699
MAPE Rch: 0.266
--------------------------------------------------
**************************************************
Z=8, N=12, emax=10
RMSE Eb: 0.700
RMSE Rch: 0.005
MAPE Eb: 0.499
MAPE Rch: 0.123
--------------------------------------------------
**************************************************
Z=8, N=13, emax=8
RMSE Eb: 0.893
RMSE Rch: 0.009
MAPE Eb: 0.576
MAPE Rch: 0.268
--------------------------------------------------
**************************************************
Z=8, N=13, emax=4
RMSE Eb: 0.615
RMSE Rch: 0.008
MAPE Eb: 0.610
MAPE Rch: 0.219
--------------------------------------------------
**************************************************
Z=8, N=13, emax=10
RMSE Eb: 1.191
RMSE Rch: 0.008
MAPE Eb: 0.645
MAPE Rch: 0.247
--------------------------------------------------
**************************************************
Z=8, N=13, emax=6
RMSE Eb: 0.656
RMSE Rch: 0.009
MAPE Eb: 0.506
MAPE Rch: 0.250
--------------------------------------------------
**************************************************
Z=8, N=14, emax=8
RMSE Eb: 1.372
RMSE Rch: 0.015
MAPE Eb: 0.839
MAPE Rch: 0.406
--------------------------------------------------
**************************************************
Z=8, N=14, emax=4
RMSE Eb: 0.721
RMSE Rch: 0.008
MAPE Eb: 0.701
MAPE Rch: 0.229
--------------------------------------------------
**************************************************
Z=8, N=14, emax=6
RMSE Eb: 0.975
RMSE Rch: 0.010
MAPE Eb: 0.731
MAPE Rch: 0.257
--------------------------------------------------
**************************************************
Z=8, N=14, emax=10
RMSE Eb: 1.012
RMSE Rch: 0.015
MAPE Eb: 0.666
MAPE Rch: 0.374
--------------------------------------------------
**************************************************
Z=8, N=15, emax=8
RMSE Eb: 1.199
RMSE Rch: 0.012
MAPE Eb: 0.767
MAPE Rch: 0.326
--------------------------------------------------
**************************************************
Z=8, N=15, emax=4
RMSE Eb: 0.805
RMSE Rch: 0.008
MAPE Eb: 0.751
MAPE Rch: 0.227
--------------------------------------------------
**************************************************
Z=8, N=15, emax=6
RMSE Eb: 0.855
RMSE Rch: 0.008
MAPE Eb: 0.581
MAPE Rch: 0.235
--------------------------------------------------
**************************************************
Z=8, N=15, emax=10
RMSE Eb: 1.190
RMSE Rch: 0.009
MAPE Eb: 0.774
MAPE Rch: 0.273
--------------------------------------------------
**************************************************
Z=8, N=16, emax=8
RMSE Eb: 1.055
RMSE Rch: 0.013
MAPE Eb: 0.648
MAPE Rch: 0.361
--------------------------------------------------
**************************************************
Z=8, N=16, emax=6
RMSE Eb: 0.928
RMSE Rch: 0.009
MAPE Eb: 0.667
MAPE Rch: 0.241
--------------------------------------------------
**************************************************
Z=8, N=16, emax=10
RMSE Eb: 0.975
RMSE Rch: 0.009
MAPE Eb: 0.632
MAPE Rch: 0.241
--------------------------------------------------
**************************************************
Z=8, N=16, emax=4
RMSE Eb: 0.835
RMSE Rch: 0.009
MAPE Eb: 0.823
MAPE Rch: 0.250
--------------------------------------------------
Finished VAL for AE n=183
**************************************************
Z=8, N=4, emax=6
RMSE Eb: 0.717
RMSE Rch: 0.012
MAPE Eb: 1.356
MAPE Rch: 0.571
--------------------------------------------------
**************************************************
Z=8, N=4, emax=8
RMSE Eb: 0.916
RMSE Rch: 0.016
MAPE Eb: 1.584
MAPE Rch: 0.767
--------------------------------------------------
**************************************************
Z=8, N=4, emax=4
RMSE Eb: 0.647
RMSE Rch: 0.007
MAPE Eb: 1.738
MAPE Rch: 0.317
--------------------------------------------------
**************************************************
Z=8, N=4, emax=10
RMSE Eb: 0.966
RMSE Rch: 0.031
MAPE Eb: 1.288
MAPE Rch: 1.688
--------------------------------------------------
**************************************************
Z=8, N=5, emax=4
RMSE Eb: 0.609
RMSE Rch: 0.010
MAPE Eb: 1.247
MAPE Rch: 0.480
--------------------------------------------------
**************************************************
Z=8, N=5, emax=8
RMSE Eb: 0.994
RMSE Rch: 0.017
MAPE Eb: 1.227
MAPE Rch: 0.808
--------------------------------------------------
**************************************************
Z=8, N=5, emax=6
RMSE Eb: 0.828
RMSE Rch: 0.008
MAPE Eb: 1.200
MAPE Rch: 0.392
--------------------------------------------------
**************************************************
Z=8, N=5, emax=10
RMSE Eb: 1.249
RMSE Rch: 0.026
MAPE Eb: 1.541
MAPE Rch: 1.337
--------------------------------------------------
**************************************************
Z=8, N=6, emax=4
RMSE Eb: 0.614
RMSE Rch: 0.010
MAPE Eb: 0.871
MAPE Rch: 0.459
--------------------------------------------------
**************************************************
Z=8, N=6, emax=8
RMSE Eb: 1.129
RMSE Rch: 0.017
MAPE Eb: 0.953
MAPE Rch: 0.753
--------------------------------------------------
**************************************************
Z=8, N=6, emax=6
RMSE Eb: 0.689
RMSE Rch: 0.011
MAPE Eb: 0.760
MAPE Rch: 0.488
--------------------------------------------------
**************************************************
Z=8, N=6, emax=10
RMSE Eb: 0.637
RMSE Rch: 0.014
MAPE Eb: 0.585
MAPE Rch: 0.826
--------------------------------------------------
**************************************************
Z=8, N=7, emax=4
RMSE Eb: 0.681
RMSE Rch: 0.009
MAPE Eb: 0.840
MAPE Rch: 0.439
--------------------------------------------------
**************************************************
Z=8, N=7, emax=8
RMSE Eb: 0.991
RMSE Rch: 0.011
MAPE Eb: 0.747
MAPE Rch: 0.577
--------------------------------------------------
**************************************************
Z=8, N=7, emax=6
RMSE Eb: 0.686
RMSE Rch: 0.011
MAPE Eb: 0.616
MAPE Rch: 0.534
--------------------------------------------------
**************************************************
Z=8, N=7, emax=10
RMSE Eb: 0.875
RMSE Rch: 0.011
MAPE Eb: 0.750
MAPE Rch: 0.609
--------------------------------------------------
**************************************************
Z=8, N=8, emax=4
RMSE Eb: 0.695
RMSE Rch: 0.009
MAPE Eb: 0.707
MAPE Rch: 0.248
--------------------------------------------------
**************************************************
Z=8, N=8, emax=6
RMSE Eb: 0.784
RMSE Rch: 0.010
MAPE Eb: 0.647
MAPE Rch: 0.293
--------------------------------------------------
**************************************************
Z=8, N=8, emax=8
RMSE Eb: 0.890
RMSE Rch: 0.009
MAPE Eb: 0.707
MAPE Rch: 0.271
--------------------------------------------------
**************************************************
Z=8, N=8, emax=10
RMSE Eb: 1.045
RMSE Rch: 0.017
MAPE Eb: 0.853
MAPE Rch: 0.463
--------------------------------------------------
**************************************************
Z=8, N=9, emax=4
RMSE Eb: 0.699
RMSE Rch: 0.009
MAPE Eb: 0.751
MAPE Rch: 0.253
--------------------------------------------------
**************************************************
Z=8, N=9, emax=8
RMSE Eb: 0.879
RMSE Rch: 0.009
MAPE Eb: 0.610
MAPE Rch: 0.257
--------------------------------------------------
**************************************************
Z=8, N=9, emax=6
RMSE Eb: 0.743
RMSE Rch: 0.009
MAPE Eb: 0.624
MAPE Rch: 0.256
--------------------------------------------------
**************************************************
Z=8, N=9, emax=10
RMSE Eb: 0.621
RMSE Rch: 0.009
MAPE Eb: 0.492
MAPE Rch: 0.264
--------------------------------------------------
**************************************************
Z=8, N=10, emax=4
RMSE Eb: 0.624
RMSE Rch: 0.008
MAPE Eb: 0.665
MAPE Rch: 0.215
--------------------------------------------------
**************************************************
Z=8, N=10, emax=6
RMSE Eb: 0.787
RMSE Rch: 0.009
MAPE Eb: 0.605
MAPE Rch: 0.242
--------------------------------------------------
**************************************************
Z=8, N=10, emax=8
RMSE Eb: 0.902
RMSE Rch: 0.009
MAPE Eb: 0.660
MAPE Rch: 0.270
--------------------------------------------------
**************************************************
Z=8, N=10, emax=10
RMSE Eb: 0.745
RMSE Rch: 0.009
MAPE Eb: 0.532
MAPE Rch: 0.273
--------------------------------------------------
**************************************************
Z=8, N=11, emax=8
RMSE Eb: 1.132
RMSE Rch: 0.012
MAPE Eb: 0.764
MAPE Rch: 0.371
--------------------------------------------------
**************************************************
Z=8, N=11, emax=4
RMSE Eb: 0.605
RMSE Rch: 0.006
MAPE Eb: 0.632
MAPE Rch: 0.179
--------------------------------------------------
**************************************************
Z=8, N=11, emax=6
RMSE Eb: 0.737
RMSE Rch: 0.007
MAPE Eb: 0.623
MAPE Rch: 0.205
--------------------------------------------------
**************************************************
Z=8, N=11, emax=10
RMSE Eb: 0.637
RMSE Rch: 0.007
MAPE Eb: 0.388
MAPE Rch: 0.217
--------------------------------------------------
**************************************************
Z=8, N=12, emax=6
RMSE Eb: 0.677
RMSE Rch: 0.007
MAPE Eb: 0.477
MAPE Rch: 0.201
--------------------------------------------------
**************************************************
Z=8, N=12, emax=8
RMSE Eb: 0.994
RMSE Rch: 0.009
MAPE Eb: 0.639
MAPE Rch: 0.271
--------------------------------------------------
**************************************************
Z=8, N=12, emax=4
RMSE Eb: 0.604
RMSE Rch: 0.006
MAPE Eb: 0.595
MAPE Rch: 0.168
--------------------------------------------------
**************************************************
Z=8, N=12, emax=10
RMSE Eb: 0.777
RMSE Rch: 0.008
MAPE Eb: 0.462
MAPE Rch: 0.229
--------------------------------------------------
**************************************************
Z=8, N=13, emax=8
RMSE Eb: 0.972
RMSE Rch: 0.009
MAPE Eb: 0.602
MAPE Rch: 0.266
--------------------------------------------------
**************************************************
Z=8, N=13, emax=4
RMSE Eb: 0.729
RMSE Rch: 0.007
MAPE Eb: 0.754
MAPE Rch: 0.182
--------------------------------------------------
**************************************************
Z=8, N=13, emax=6
RMSE Eb: 0.807
RMSE Rch: 0.009
MAPE Eb: 0.569
MAPE Rch: 0.245
--------------------------------------------------
**************************************************
Z=8, N=13, emax=10
RMSE Eb: 0.870
RMSE Rch: 0.009
MAPE Eb: 0.562
MAPE Rch: 0.261
--------------------------------------------------
**************************************************
Z=8, N=14, emax=6
RMSE Eb: 0.956
RMSE Rch: 0.007
MAPE Eb: 0.668
MAPE Rch: 0.208
--------------------------------------------------
**************************************************
Z=8, N=14, emax=10
RMSE Eb: 0.648
RMSE Rch: 0.015
MAPE Eb: 0.333
MAPE Rch: 0.444
--------------------------------------------------
**************************************************
Z=8, N=14, emax=4
RMSE Eb: 0.780
RMSE Rch: 0.008
MAPE Eb: 0.775
MAPE Rch: 0.206
--------------------------------------------------
**************************************************
Z=8, N=14, emax=8
RMSE Eb: 1.276
RMSE Rch: 0.012
MAPE Eb: 0.783
MAPE Rch: 0.326
--------------------------------------------------
**************************************************
Z=8, N=15, emax=8
RMSE Eb: 1.378
RMSE Rch: 0.011
MAPE Eb: 0.860
MAPE Rch: 0.318
--------------------------------------------------
**************************************************
Z=8, N=15, emax=6
RMSE Eb: 0.794
RMSE Rch: 0.008
MAPE Eb: 0.579
MAPE Rch: 0.216
--------------------------------------------------
**************************************************
Z=8, N=15, emax=4
RMSE Eb: 0.819
RMSE Rch: 0.007
MAPE Eb: 0.817
MAPE Rch: 0.194
--------------------------------------------------
**************************************************
Z=8, N=15, emax=10
RMSE Eb: 0.849
RMSE Rch: 0.008
MAPE Eb: 0.541
MAPE Rch: 0.232
--------------------------------------------------
**************************************************
Z=8, N=16, emax=4
RMSE Eb: 0.973
RMSE Rch: 0.010
MAPE Eb: 0.987
MAPE Rch: 0.277
--------------------------------------------------
**************************************************
Z=8, N=16, emax=8
RMSE Eb: 1.288
RMSE Rch: 0.014
MAPE Eb: 0.716
MAPE Rch: 0.395
--------------------------------------------------
**************************************************
Z=8, N=16, emax=6
RMSE Eb: 0.771
RMSE Rch: 0.009
MAPE Eb: 0.510
MAPE Rch: 0.237
--------------------------------------------------
**************************************************
Z=8, N=16, emax=10
RMSE Eb: 0.927
RMSE Rch: 0.012
MAPE Eb: 0.580
MAPE Rch: 0.359
--------------------------------------------------
