Activated conda environment
[DataLoader] Found 13 files matching the pattern.
[DataLoader] Combined data shape: (17234, 35)
[Preprocess] Data split => train: (11029, 35), val: (2758, 35), test: (3447, 35)
[Preprocess] Processed fidelity 4 (index 0): 3758 samples.
[Preprocess] Processed fidelity 6 (index 1): 3346 samples.
[Preprocess] Processed fidelity 8 (index 2): 3194 samples.
[Preprocess] Processed fidelity 10 (index 3): 731 samples.
[Preprocess] Processed fidelity 4 (index 0): 949 samples.
[Preprocess] Processed fidelity 6 (index 1): 833 samples.
[Preprocess] Processed fidelity 8 (index 2): 801 samples.
[Preprocess] Processed fidelity 10 (index 3): 175 samples.
Fidelity levels: [4, 6, 8, 10]
[Trainer] Starting BNN training...
[Trainer] No improvement. Iteration 8300. Early stopping counter: 1, LR counter: 1
[Trainer] No improvement. Iteration 8400. Early stopping counter: 2, LR counter: 2
[Trainer] No improvement. Iteration 8500. Early stopping counter: 3, LR counter: 3
[Trainer] No improvement. Iteration 8800. Early stopping counter: 1, LR counter: 1
[Trainer] No improvement. Iteration 8900. Early stopping counter: 2, LR counter: 2
[Trainer] No improvement. Iteration 9000. Early stopping counter: 3, LR counter: 3
[Trainer] No improvement. Iteration 9100. Early stopping counter: 4, LR counter: 4
[Trainer] No improvement. Iteration 9200. Early stopping counter: 5, LR counter: 5
[Trainer] No improvement. Iteration 9900. Early stopping counter: 1, LR counter: 1
[Trainer] No improvement. Iteration 10000. Early stopping counter: 2, LR counter: 2
[Trainer] No improvement. Iteration 10100. Early stopping counter: 3, LR counter: 3
[Trainer] No improvement. Iteration 10200. Early stopping counter: 4, LR counter: 4
[Trainer] No improvement. Iteration 10300. Early stopping counter: 5, LR counter: 5
[Trainer] No improvement. Iteration 10400. Early stopping counter: 6, LR counter: 6
[Trainer] No improvement. Iteration 10700. Early stopping counter: 1, LR counter: 1
[Trainer] No improvement. Iteration 10800. Early stopping counter: 2, LR counter: 2
[Trainer] No improvement. Iteration 10900. Early stopping counter: 3, LR counter: 3
[Trainer] No improvement. Iteration 11200. Early stopping counter: 1, LR counter: 1
[Trainer] No improvement. Iteration 11300. Early stopping counter: 2, LR counter: 2
[Trainer] No improvement. Iteration 11400. Early stopping counter: 3, LR counter: 3
[Trainer] No improvement. Iteration 11500. Early stopping counter: 4, LR counter: 4
[Trainer] No improvement. Iteration 11600. Early stopping counter: 5, LR counter: 5
[Trainer] No improvement. Iteration 11700. Early stopping counter: 6, LR counter: 6
[Trainer] No improvement. Iteration 11800. Early stopping counter: 7, LR counter: 7
[Trainer] No improvement. Iteration 12200. Early stopping counter: 1, LR counter: 1
[Trainer] No improvement. Iteration 12300. Early stopping counter: 2, LR counter: 2
[Trainer] No improvement. Iteration 12400. Early stopping counter: 3, LR counter: 3
[Trainer] No improvement. Iteration 12500. Early stopping counter: 4, LR counter: 4
[Trainer] No improvement. Iteration 12600. Early stopping counter: 5, LR counter: 5
[Trainer] No improvement. Iteration 12700. Early stopping counter: 6, LR counter: 6
[Trainer] No improvement. Iteration 12800. Early stopping counter: 7, LR counter: 7
[Trainer] No improvement. Iteration 12900. Early stopping counter: 8, LR counter: 8
[Trainer] No improvement. Iteration 13000. Early stopping counter: 9, LR counter: 9
[Trainer] No improvement. Iteration 13100. Early stopping counter: 10, LR counter: 10
[Trainer] No improvement. Iteration 13200. Early stopping counter: 11, LR counter: 11
[Trainer] No improvement. Iteration 13300. Early stopping counter: 12, LR counter: 12
[Trainer] No improvement. Iteration 13400. Early stopping counter: 13, LR counter: 13
[Trainer] No improvement. Iteration 13500. Early stopping counter: 14, LR counter: 14
[Trainer] No improvement. Iteration 13600. Early stopping counter: 15, LR counter: 15
[Trainer] No improvement. Iteration 13700. Early stopping counter: 16, LR counter: 16
[Trainer] No improvement. Iteration 13800. Early stopping counter: 17, LR counter: 17
[Trainer] No improvement. Iteration 13900. Early stopping counter: 18, LR counter: 18
[Trainer] No improvement. Iteration 14000. Early stopping counter: 19, LR counter: 19
[Trainer] No improvement. Iteration 14100. Early stopping counter: 20, LR counter: 20
[Trainer] No improvement. Iteration 14200. Early stopping counter: 21, LR counter: 21
[Trainer] No improvement. Iteration 14300. Early stopping counter: 22, LR counter: 22
[Trainer] No improvement. Iteration 14400. Early stopping counter: 23, LR counter: 23
[Trainer] No improvement. Iteration 14500. Early stopping counter: 24, LR counter: 24
[Trainer] No improvement. Iteration 14600. Early stopping counter: 25, LR counter: 25
[Trainer] Learning rate reduced to: 0.000010
[Trainer] No improvement. Iteration 14700. Early stopping counter: 26, LR counter: 1
[Trainer] No improvement. Iteration 14800. Early stopping counter: 27, LR counter: 2
[Trainer] No improvement. Iteration 14900. Early stopping counter: 28, LR counter: 3
[Trainer] No improvement. Iteration 15000. Early stopping counter: 29, LR counter: 4
[Trainer] No improvement. Iteration 16000. Early stopping counter: 1, LR counter: 1
[Trainer] No improvement. Iteration 16100. Early stopping counter: 2, LR counter: 2
[Trainer] No improvement. Iteration 16200. Early stopping counter: 3, LR counter: 3
[Trainer] No improvement. Iteration 16300. Early stopping counter: 4, LR counter: 4
[Trainer] No improvement. Iteration 16400. Early stopping counter: 5, LR counter: 5
[Trainer] No improvement. Iteration 16500. Early stopping counter: 6, LR counter: 6
[Trainer] No improvement. Iteration 16600. Early stopping counter: 7, LR counter: 7
[Trainer] No improvement. Iteration 16700. Early stopping counter: 8, LR counter: 8
[Trainer] No improvement. Iteration 16800. Early stopping counter: 9, LR counter: 9
[Trainer] No improvement. Iteration 16900. Early stopping counter: 10, LR counter: 10
[Trainer] No improvement. Iteration 17000. Early stopping counter: 11, LR counter: 11
[Trainer] No improvement. Iteration 17100. Early stopping counter: 12, LR counter: 12
[Trainer] No improvement. Iteration 17200. Early stopping counter: 13, LR counter: 13
[Trainer] No improvement. Iteration 17300. Early stopping counter: 14, LR counter: 14
[Trainer] No improvement. Iteration 17400. Early stopping counter: 15, LR counter: 15
[Trainer] No improvement. Iteration 17500. Early stopping counter: 16, LR counter: 16
[Trainer] No improvement. Iteration 17600. Early stopping counter: 17, LR counter: 17
[Trainer] No improvement. Iteration 17700. Early stopping counter: 18, LR counter: 18
[Trainer] No improvement. Iteration 17800. Early stopping counter: 19, LR counter: 19
[Trainer] No improvement. Iteration 17900. Early stopping counter: 20, LR counter: 20
[Trainer] No improvement. Iteration 18000. Early stopping counter: 21, LR counter: 21
[Trainer] No improvement. Iteration 18100. Early stopping counter: 22, LR counter: 22
[Trainer] No improvement. Iteration 18200. Early stopping counter: 23, LR counter: 23
[Trainer] No improvement. Iteration 18300. Early stopping counter: 24, LR counter: 24
[Trainer] No improvement. Iteration 18400. Early stopping counter: 25, LR counter: 25
[Trainer] Learning rate reduced to: 0.000001
[Trainer] No improvement. Iteration 18500. Early stopping counter: 26, LR counter: 1
[Trainer] No improvement. Iteration 18600. Early stopping counter: 27, LR counter: 2
[Trainer] No improvement. Iteration 18700. Early stopping counter: 28, LR counter: 3
[Trainer] No improvement. Iteration 18800. Early stopping counter: 29, LR counter: 4
[Trainer] No improvement. Iteration 18900. Early stopping counter: 30, LR counter: 5
[Trainer] No improvement. Iteration 19000. Early stopping counter: 31, LR counter: 6
[Trainer] No improvement. Iteration 19100. Early stopping counter: 32, LR counter: 7
[Trainer] No improvement. Iteration 19200. Early stopping counter: 33, LR counter: 8
[Trainer] No improvement. Iteration 19300. Early stopping counter: 34, LR counter: 9
[Trainer] No improvement. Iteration 19400. Early stopping counter: 35, LR counter: 10
[Trainer] No improvement. Iteration 19500. Early stopping counter: 36, LR counter: 11
[Trainer] No improvement. Iteration 19600. Early stopping counter: 37, LR counter: 12
[Trainer] No improvement. Iteration 19700. Early stopping counter: 38, LR counter: 13
[Trainer] No improvement. Iteration 19800. Early stopping counter: 39, LR counter: 14
[Trainer] No improvement. Iteration 19900. Early stopping counter: 40, LR counter: 15
[Trainer] No improvement. Iteration 20000. Early stopping counter: 41, LR counter: 16
[Trainer] No improvement. Iteration 20100. Early stopping counter: 42, LR counter: 17
[Trainer] No improvement. Iteration 20200. Early stopping counter: 43, LR counter: 18
[Trainer] No improvement. Iteration 20300. Early stopping counter: 44, LR counter: 19
[Trainer] No improvement. Iteration 20400. Early stopping counter: 45, LR counter: 20
[Trainer] No improvement. Iteration 20500. Early stopping counter: 46, LR counter: 21
[Trainer] No improvement. Iteration 20600. Early stopping counter: 47, LR counter: 22
[Trainer] No improvement. Iteration 20700. Early stopping counter: 48, LR counter: 23
[Trainer] No improvement. Iteration 20800. Early stopping counter: 49, LR counter: 24
[Trainer] No improvement. Iteration 20900. Early stopping counter: 50, LR counter: 25
[Trainer] Learning rate reduced to: 0.000000
[Trainer] Early stopping triggered.
[Trainer] Training completed.
[Trainer] Calibrating temperatures on validation set...
[Trainer] Temperature calibration finished. Calibrated temperatures: {4: 1.2233854532241821, 6: 1.0443741083145142, 8: 1.0737226009368896, 10: 1.4079384803771973}
[Trainer] BNN training completed.
**************************************************
Z=8, N=4, emax=4
RMSE Eb: 0.655
RMSE Rch: 0.009
MAPE Eb: 1.901
MAPE Rch: 0.388
--------------------------------------------------
**************************************************
Z=8, N=4, emax=10
RMSE Eb: 1.352
RMSE Rch: 0.057
MAPE Eb: 2.107
MAPE Rch: 2.485
--------------------------------------------------
**************************************************
Z=8, N=4, emax=6
RMSE Eb: 0.834
RMSE Rch: 0.010
MAPE Eb: 1.526
MAPE Rch: 0.431
--------------------------------------------------
**************************************************
Z=8, N=4, emax=8
RMSE Eb: 0.776
RMSE Rch: 0.015
MAPE Eb: 1.185
MAPE Rch: 0.731
--------------------------------------------------
**************************************************
Z=8, N=5, emax=8
RMSE Eb: 0.813
RMSE Rch: 0.012
MAPE Eb: 1.049
MAPE Rch: 0.586
--------------------------------------------------
**************************************************
Z=8, N=5, emax=6
RMSE Eb: 0.670
RMSE Rch: 0.009
MAPE Eb: 0.948
MAPE Rch: 0.396
--------------------------------------------------
**************************************************
Z=8, N=5, emax=4
RMSE Eb: 0.879
RMSE Rch: 0.010
MAPE Eb: 1.856
MAPE Rch: 0.421
--------------------------------------------------
**************************************************
Z=8, N=5, emax=10
RMSE Eb: 1.190
RMSE Rch: 0.012
MAPE Eb: 1.657
MAPE Rch: 0.613
--------------------------------------------------
**************************************************
Z=8, N=6, emax=4
RMSE Eb: 0.661
RMSE Rch: 0.010
MAPE Eb: 0.935
MAPE Rch: 0.453
--------------------------------------------------
**************************************************
Z=8, N=6, emax=6
RMSE Eb: 0.782
RMSE Rch: 0.011
MAPE Eb: 0.811
MAPE Rch: 0.484
--------------------------------------------------
**************************************************
Z=8, N=6, emax=8
RMSE Eb: 1.231
RMSE Rch: 0.015
MAPE Eb: 1.122
MAPE Rch: 0.812
--------------------------------------------------
**************************************************
Z=8, N=6, emax=10
RMSE Eb: 1.048
RMSE Rch: 0.017
MAPE Eb: 0.940
MAPE Rch: 0.829
--------------------------------------------------
**************************************************
Z=8, N=7, emax=8
RMSE Eb: 1.081
RMSE Rch: 0.007
MAPE Eb: 0.906
MAPE Rch: 0.352
--------------------------------------------------
**************************************************
Z=8, N=7, emax=10
RMSE Eb: 0.834
RMSE Rch: 0.011
MAPE Eb: 0.685
MAPE Rch: 0.608
--------------------------------------------------
**************************************************
Z=8, N=7, emax=6
RMSE Eb: 0.811
RMSE Rch: 0.009
MAPE Eb: 0.772
MAPE Rch: 0.442
--------------------------------------------------
**************************************************
Z=8, N=7, emax=4
RMSE Eb: 0.960
RMSE Rch: 0.012
MAPE Eb: 1.034
MAPE Rch: 0.619
--------------------------------------------------
**************************************************
Z=8, N=8, emax=4
RMSE Eb: 1.141
RMSE Rch: 0.010
MAPE Eb: 1.255
MAPE Rch: 0.283
--------------------------------------------------
**************************************************
Z=8, N=8, emax=8
RMSE Eb: 0.906
RMSE Rch: 0.010
MAPE Eb: 0.683
MAPE Rch: 0.272
--------------------------------------------------
**************************************************
Z=8, N=8, emax=6
RMSE Eb: 1.040
RMSE Rch: 0.010
MAPE Eb: 0.876
MAPE Rch: 0.265
--------------------------------------------------
**************************************************
Z=8, N=8, emax=10
RMSE Eb: 1.298
RMSE Rch: 0.016
MAPE Eb: 0.725
MAPE Rch: 0.482
--------------------------------------------------
**************************************************
Z=8, N=9, emax=8
RMSE Eb: 1.042
RMSE Rch: 0.009
MAPE Eb: 0.755
MAPE Rch: 0.248
--------------------------------------------------
**************************************************
Z=8, N=9, emax=6
RMSE Eb: 0.833
RMSE Rch: 0.010
MAPE Eb: 0.679
MAPE Rch: 0.286
--------------------------------------------------
**************************************************
Z=8, N=9, emax=4
RMSE Eb: 0.884
RMSE Rch: 0.009
MAPE Eb: 0.905
MAPE Rch: 0.254
--------------------------------------------------
**************************************************
Z=8, N=9, emax=10
RMSE Eb: 0.788
RMSE Rch: 0.009
MAPE Eb: 0.594
MAPE Rch: 0.267
--------------------------------------------------
**************************************************
Z=8, N=10, emax=4
RMSE Eb: 0.882
RMSE Rch: 0.007
MAPE Eb: 0.937
MAPE Rch: 0.190
--------------------------------------------------
**************************************************
Z=8, N=10, emax=10
RMSE Eb: 0.906
RMSE Rch: 0.007
MAPE Eb: 0.621
MAPE Rch: 0.170
--------------------------------------------------
**************************************************
Z=8, N=10, emax=6
RMSE Eb: 1.072
RMSE Rch: 0.009
MAPE Eb: 0.813
MAPE Rch: 0.253
--------------------------------------------------
**************************************************
Z=8, N=10, emax=8
RMSE Eb: 1.164
RMSE Rch: 0.008
MAPE Eb: 0.817
MAPE Rch: 0.246
--------------------------------------------------
**************************************************
Z=8, N=11, emax=4
RMSE Eb: 0.866
RMSE Rch: 0.006
MAPE Eb: 0.924
MAPE Rch: 0.165
--------------------------------------------------
**************************************************
Z=8, N=11, emax=6
RMSE Eb: 0.811
RMSE Rch: 0.012
MAPE Eb: 0.552
MAPE Rch: 0.336
--------------------------------------------------
**************************************************
Z=8, N=11, emax=8
RMSE Eb: 1.226
RMSE Rch: 0.010
MAPE Eb: 0.833
MAPE Rch: 0.284
--------------------------------------------------
**************************************************
Z=8, N=11, emax=10
RMSE Eb: 0.928
RMSE Rch: 0.011
MAPE Eb: 0.585
MAPE Rch: 0.307
--------------------------------------------------
**************************************************
Z=8, N=12, emax=6
RMSE Eb: 0.899
RMSE Rch: 0.010
MAPE Eb: 0.677
MAPE Rch: 0.289
--------------------------------------------------
**************************************************
Z=8, N=12, emax=4
RMSE Eb: 0.932
RMSE Rch: 0.007
MAPE Eb: 0.938
MAPE Rch: 0.200
--------------------------------------------------
**************************************************
Z=8, N=12, emax=8
RMSE Eb: 1.618
RMSE Rch: 0.007
MAPE Eb: 1.197
MAPE Rch: 0.183
--------------------------------------------------
**************************************************
Z=8, N=12, emax=10
RMSE Eb: 1.440
RMSE Rch: 0.009
MAPE Eb: 1.006
MAPE Rch: 0.289
--------------------------------------------------
**************************************************
Z=8, N=13, emax=8
RMSE Eb: 1.160
RMSE Rch: 0.010
MAPE Eb: 0.767
MAPE Rch: 0.289
--------------------------------------------------
**************************************************
Z=8, N=13, emax=4
RMSE Eb: 0.936
RMSE Rch: 0.008
MAPE Eb: 0.962
MAPE Rch: 0.226
--------------------------------------------------
**************************************************
Z=8, N=13, emax=10
RMSE Eb: 1.221
RMSE Rch: 0.008
MAPE Eb: 0.717
MAPE Rch: 0.219
--------------------------------------------------
**************************************************
Z=8, N=13, emax=6
RMSE Eb: 0.958
RMSE Rch: 0.008
MAPE Eb: 0.754
MAPE Rch: 0.219
--------------------------------------------------
**************************************************
Z=8, N=14, emax=8
RMSE Eb: 1.528
RMSE Rch: 0.012
MAPE Eb: 0.902
MAPE Rch: 0.306
--------------------------------------------------
**************************************************
Z=8, N=14, emax=4
RMSE Eb: 0.983
RMSE Rch: 0.010
MAPE Eb: 0.938
MAPE Rch: 0.270
--------------------------------------------------
**************************************************
Z=8, N=14, emax=6
RMSE Eb: 0.896
RMSE Rch: 0.012
MAPE Eb: 0.661
MAPE Rch: 0.315
--------------------------------------------------
**************************************************
Z=8, N=14, emax=10
RMSE Eb: 1.462
RMSE Rch: 0.014
MAPE Eb: 0.886
MAPE Rch: 0.448
--------------------------------------------------
**************************************************
Z=8, N=15, emax=8
RMSE Eb: 1.296
RMSE Rch: 0.008
MAPE Eb: 0.767
MAPE Rch: 0.203
--------------------------------------------------
**************************************************
Z=8, N=15, emax=4
RMSE Eb: 1.119
RMSE Rch: 0.008
MAPE Eb: 1.034
MAPE Rch: 0.234
--------------------------------------------------
**************************************************
Z=8, N=15, emax=6
RMSE Eb: 1.009
RMSE Rch: 0.010
MAPE Eb: 0.719
MAPE Rch: 0.300
--------------------------------------------------
**************************************************
Z=8, N=15, emax=10
RMSE Eb: 1.085
RMSE Rch: 0.011
MAPE Eb: 0.716
MAPE Rch: 0.362
--------------------------------------------------
**************************************************
Z=8, N=16, emax=8
RMSE Eb: 1.202
RMSE Rch: 0.010
MAPE Eb: 0.719
MAPE Rch: 0.263
--------------------------------------------------
**************************************************
Z=8, N=16, emax=6
RMSE Eb: 0.897
RMSE Rch: 0.008
MAPE Eb: 0.632
MAPE Rch: 0.224
--------------------------------------------------
**************************************************
Z=8, N=16, emax=10
RMSE Eb: 1.344
RMSE Rch: 0.008
MAPE Eb: 0.799
MAPE Rch: 0.249
--------------------------------------------------
**************************************************
Z=8, N=16, emax=4
RMSE Eb: 1.132
RMSE Rch: 0.009
MAPE Eb: 1.152
MAPE Rch: 0.247
--------------------------------------------------
Finished VAL for AE n=210
**************************************************
Z=8, N=4, emax=6
RMSE Eb: 0.911
RMSE Rch: 0.012
MAPE Eb: 1.708
MAPE Rch: 0.570
--------------------------------------------------
**************************************************
Z=8, N=4, emax=8
RMSE Eb: 0.769
RMSE Rch: 0.017
MAPE Eb: 1.227
MAPE Rch: 0.773
--------------------------------------------------
**************************************************
Z=8, N=4, emax=4
RMSE Eb: 0.778
RMSE Rch: 0.010
MAPE Eb: 2.191
MAPE Rch: 0.495
--------------------------------------------------
**************************************************
Z=8, N=4, emax=10
RMSE Eb: 1.058
RMSE Rch: 0.022
MAPE Eb: 1.393
MAPE Rch: 1.088
--------------------------------------------------
**************************************************
Z=8, N=5, emax=4
RMSE Eb: 0.911
RMSE Rch: 0.011
MAPE Eb: 1.925
MAPE Rch: 0.485
--------------------------------------------------
**************************************************
Z=8, N=5, emax=8
RMSE Eb: 0.724
RMSE Rch: 0.015
MAPE Eb: 0.899
MAPE Rch: 0.754
--------------------------------------------------
**************************************************
Z=8, N=5, emax=6
RMSE Eb: 0.724
RMSE Rch: 0.009
MAPE Eb: 1.074
MAPE Rch: 0.433
--------------------------------------------------
**************************************************
Z=8, N=5, emax=10
RMSE Eb: 1.054
RMSE Rch: 0.025
MAPE Eb: 1.348
MAPE Rch: 1.238
--------------------------------------------------
**************************************************
Z=8, N=6, emax=4
RMSE Eb: 0.686
RMSE Rch: 0.012
MAPE Eb: 0.975
MAPE Rch: 0.535
--------------------------------------------------
**************************************************
Z=8, N=6, emax=8
RMSE Eb: 1.154
RMSE Rch: 0.018
MAPE Eb: 1.052
MAPE Rch: 0.833
--------------------------------------------------
**************************************************
Z=8, N=6, emax=6
RMSE Eb: 0.756
RMSE Rch: 0.012
MAPE Eb: 0.806
MAPE Rch: 0.558
--------------------------------------------------
**************************************************
Z=8, N=6, emax=10
RMSE Eb: 0.909
RMSE Rch: 0.014
MAPE Eb: 0.865
MAPE Rch: 0.743
--------------------------------------------------
**************************************************
Z=8, N=7, emax=4
RMSE Eb: 0.943
RMSE Rch: 0.010
MAPE Eb: 1.046
MAPE Rch: 0.479
--------------------------------------------------
**************************************************
Z=8, N=7, emax=8
RMSE Eb: 1.049
RMSE Rch: 0.009
MAPE Eb: 0.807
MAPE Rch: 0.481
--------------------------------------------------
**************************************************
Z=8, N=7, emax=6
RMSE Eb: 0.827
RMSE Rch: 0.010
MAPE Eb: 0.750
MAPE Rch: 0.488
--------------------------------------------------
**************************************************
Z=8, N=7, emax=10
RMSE Eb: 1.052
RMSE Rch: 0.010
MAPE Eb: 0.842
MAPE Rch: 0.584
--------------------------------------------------
**************************************************
Z=8, N=8, emax=4
RMSE Eb: 0.861
RMSE Rch: 0.008
MAPE Eb: 0.917
MAPE Rch: 0.216
--------------------------------------------------
**************************************************
Z=8, N=8, emax=6
RMSE Eb: 0.880
RMSE Rch: 0.011
MAPE Eb: 0.726
MAPE Rch: 0.303
--------------------------------------------------
**************************************************
Z=8, N=8, emax=8
RMSE Eb: 0.985
RMSE Rch: 0.010
MAPE Eb: 0.730
MAPE Rch: 0.270
--------------------------------------------------
**************************************************
Z=8, N=8, emax=10
RMSE Eb: 0.836
RMSE Rch: 0.009
MAPE Eb: 0.498
MAPE Rch: 0.247
--------------------------------------------------
**************************************************
Z=8, N=9, emax=4
RMSE Eb: 0.927
RMSE Rch: 0.010
MAPE Eb: 0.946
MAPE Rch: 0.278
--------------------------------------------------
**************************************************
Z=8, N=9, emax=8
RMSE Eb: 0.834
RMSE Rch: 0.009
MAPE Eb: 0.617
MAPE Rch: 0.256
--------------------------------------------------
**************************************************
Z=8, N=9, emax=6
RMSE Eb: 0.761
RMSE Rch: 0.009
MAPE Eb: 0.610
MAPE Rch: 0.254
--------------------------------------------------
**************************************************
Z=8, N=9, emax=10
RMSE Eb: 0.790
RMSE Rch: 0.011
MAPE Eb: 0.562
MAPE Rch: 0.358
--------------------------------------------------
**************************************************
Z=8, N=10, emax=4
RMSE Eb: 0.866
RMSE Rch: 0.009
MAPE Eb: 0.892
MAPE Rch: 0.249
--------------------------------------------------
**************************************************
Z=8, N=10, emax=6
RMSE Eb: 0.721
RMSE Rch: 0.010
MAPE Eb: 0.538
MAPE Rch: 0.270
--------------------------------------------------
**************************************************
Z=8, N=10, emax=8
RMSE Eb: 1.022
RMSE Rch: 0.011
MAPE Eb: 0.754
MAPE Rch: 0.303
--------------------------------------------------
**************************************************
Z=8, N=10, emax=10
RMSE Eb: 0.948
RMSE Rch: 0.012
MAPE Eb: 0.584
MAPE Rch: 0.352
--------------------------------------------------
**************************************************
Z=8, N=11, emax=8
RMSE Eb: 1.185
RMSE Rch: 0.009
MAPE Eb: 0.740
MAPE Rch: 0.239
--------------------------------------------------
**************************************************
Z=8, N=11, emax=4
RMSE Eb: 0.893
RMSE Rch: 0.007
MAPE Eb: 0.910
MAPE Rch: 0.186
--------------------------------------------------
**************************************************
Z=8, N=11, emax=6
RMSE Eb: 0.812
RMSE Rch: 0.008
MAPE Eb: 0.615
MAPE Rch: 0.223
--------------------------------------------------
**************************************************
Z=8, N=11, emax=10
RMSE Eb: 0.837
RMSE Rch: 0.012
MAPE Eb: 0.559
MAPE Rch: 0.370
--------------------------------------------------
**************************************************
Z=8, N=12, emax=6
RMSE Eb: 0.927
RMSE Rch: 0.010
MAPE Eb: 0.708
MAPE Rch: 0.299
--------------------------------------------------
**************************************************
Z=8, N=12, emax=8
RMSE Eb: 1.598
RMSE Rch: 0.007
MAPE Eb: 1.153
MAPE Rch: 0.195
--------------------------------------------------
**************************************************
Z=8, N=12, emax=4
RMSE Eb: 0.906
RMSE Rch: 0.007
MAPE Eb: 0.902
MAPE Rch: 0.202
--------------------------------------------------
**************************************************
Z=8, N=12, emax=10
RMSE Eb: 1.081
RMSE Rch: 0.011
MAPE Eb: 0.723
MAPE Rch: 0.298
--------------------------------------------------
**************************************************
Z=8, N=13, emax=8
RMSE Eb: 1.210
RMSE Rch: 0.009
MAPE Eb: 0.790
MAPE Rch: 0.254
--------------------------------------------------
**************************************************
Z=8, N=13, emax=4
RMSE Eb: 0.758
RMSE Rch: 0.009
MAPE Eb: 0.740
MAPE Rch: 0.246
--------------------------------------------------
**************************************************
Z=8, N=13, emax=6
RMSE Eb: 1.005
RMSE Rch: 0.009
MAPE Eb: 0.731
MAPE Rch: 0.233
--------------------------------------------------
**************************************************
Z=8, N=13, emax=10
RMSE Eb: 1.116
RMSE Rch: 0.010
MAPE Eb: 0.703
MAPE Rch: 0.295
--------------------------------------------------
**************************************************
Z=8, N=14, emax=6
RMSE Eb: 1.011
RMSE Rch: 0.011
MAPE Eb: 0.725
MAPE Rch: 0.321
--------------------------------------------------
**************************************************
Z=8, N=14, emax=10
RMSE Eb: 1.240
RMSE Rch: 0.013
MAPE Eb: 0.726
MAPE Rch: 0.349
--------------------------------------------------
**************************************************
Z=8, N=14, emax=4
RMSE Eb: 1.048
RMSE Rch: 0.009
MAPE Eb: 1.101
MAPE Rch: 0.236
--------------------------------------------------
**************************************************
Z=8, N=14, emax=8
RMSE Eb: 1.274
RMSE Rch: 0.010
MAPE Eb: 0.776
MAPE Rch: 0.281
--------------------------------------------------
**************************************************
Z=8, N=15, emax=8
RMSE Eb: 1.035
RMSE Rch: 0.009
MAPE Eb: 0.644
MAPE Rch: 0.243
--------------------------------------------------
**************************************************
Z=8, N=15, emax=6
RMSE Eb: 0.983
RMSE Rch: 0.011
MAPE Eb: 0.688
MAPE Rch: 0.295
--------------------------------------------------
**************************************************
Z=8, N=15, emax=4
RMSE Eb: 0.924
RMSE Rch: 0.009
MAPE Eb: 0.930
MAPE Rch: 0.245
--------------------------------------------------
**************************************************
Z=8, N=15, emax=10
RMSE Eb: 1.184
RMSE Rch: 0.009
MAPE Eb: 0.691
MAPE Rch: 0.265
--------------------------------------------------
**************************************************
Z=8, N=16, emax=4
RMSE Eb: 1.338
RMSE Rch: 0.010
MAPE Eb: 1.292
MAPE Rch: 0.264
--------------------------------------------------
**************************************************
Z=8, N=16, emax=8
RMSE Eb: 1.209
RMSE Rch: 0.008
MAPE Eb: 0.747
MAPE Rch: 0.233
--------------------------------------------------
**************************************************
Z=8, N=16, emax=6
RMSE Eb: 0.980
RMSE Rch: 0.009
MAPE Eb: 0.702
MAPE Rch: 0.238
--------------------------------------------------
**************************************************
Z=8, N=16, emax=10
RMSE Eb: 1.517
RMSE Rch: 0.009
MAPE Eb: 0.880
MAPE Rch: 0.225
--------------------------------------------------
