Activated conda environment
[DataLoader] Found 13 files matching the pattern.
[DataLoader] Combined data shape: (17234, 35)
[Preprocess] Data split => train: (11029, 35), val: (2758, 35), test: (3447, 35)
[Preprocess] Processed fidelity 4 (index 0): 3758 samples.
[Preprocess] Processed fidelity 6 (index 1): 3346 samples.
[Preprocess] Processed fidelity 8 (index 2): 3194 samples.
[Preprocess] Processed fidelity 10 (index 3): 731 samples.
[Preprocess] Processed fidelity 4 (index 0): 949 samples.
[Preprocess] Processed fidelity 6 (index 1): 833 samples.
[Preprocess] Processed fidelity 8 (index 2): 801 samples.
[Preprocess] Processed fidelity 10 (index 3): 175 samples.
Fidelity levels: [4, 6, 8, 10]
[Trainer] Starting BNN training...
[Trainer] No improvement. Iteration 8200. Early stopping counter: 1, LR counter: 1
[Trainer] No improvement. Iteration 8800. Early stopping counter: 1, LR counter: 1
[Trainer] No improvement. Iteration 8900. Early stopping counter: 2, LR counter: 2
[Trainer] No improvement. Iteration 9000. Early stopping counter: 3, LR counter: 3
[Trainer] No improvement. Iteration 9100. Early stopping counter: 4, LR counter: 4
[Trainer] No improvement. Iteration 9200. Early stopping counter: 5, LR counter: 5
[Trainer] No improvement. Iteration 10000. Early stopping counter: 1, LR counter: 1
[Trainer] No improvement. Iteration 10100. Early stopping counter: 2, LR counter: 2
[Trainer] No improvement. Iteration 10200. Early stopping counter: 3, LR counter: 3
[Trainer] No improvement. Iteration 10300. Early stopping counter: 4, LR counter: 4
[Trainer] No improvement. Iteration 10400. Early stopping counter: 5, LR counter: 5
[Trainer] No improvement. Iteration 10500. Early stopping counter: 6, LR counter: 6
[Trainer] No improvement. Iteration 10600. Early stopping counter: 7, LR counter: 7
[Trainer] No improvement. Iteration 10700. Early stopping counter: 8, LR counter: 8
[Trainer] No improvement. Iteration 10800. Early stopping counter: 9, LR counter: 9
[Trainer] No improvement. Iteration 10900. Early stopping counter: 10, LR counter: 10
[Trainer] No improvement. Iteration 11100. Early stopping counter: 1, LR counter: 1
[Trainer] No improvement. Iteration 11200. Early stopping counter: 2, LR counter: 2
[Trainer] No improvement. Iteration 11700. Early stopping counter: 1, LR counter: 1
[Trainer] No improvement. Iteration 11800. Early stopping counter: 2, LR counter: 2
[Trainer] No improvement. Iteration 11900. Early stopping counter: 3, LR counter: 3
[Trainer] No improvement. Iteration 12400. Early stopping counter: 1, LR counter: 1
[Trainer] No improvement. Iteration 12500. Early stopping counter: 2, LR counter: 2
[Trainer] No improvement. Iteration 12800. Early stopping counter: 1, LR counter: 1
[Trainer] No improvement. Iteration 12900. Early stopping counter: 2, LR counter: 2
[Trainer] No improvement. Iteration 13000. Early stopping counter: 3, LR counter: 3
[Trainer] No improvement. Iteration 13100. Early stopping counter: 4, LR counter: 4
[Trainer] No improvement. Iteration 13200. Early stopping counter: 5, LR counter: 5
[Trainer] No improvement. Iteration 13300. Early stopping counter: 6, LR counter: 6
[Trainer] No improvement. Iteration 13400. Early stopping counter: 7, LR counter: 7
[Trainer] No improvement. Iteration 13500. Early stopping counter: 8, LR counter: 8
[Trainer] No improvement. Iteration 14100. Early stopping counter: 1, LR counter: 1
[Trainer] No improvement. Iteration 14200. Early stopping counter: 2, LR counter: 2
[Trainer] No improvement. Iteration 14300. Early stopping counter: 3, LR counter: 3
[Trainer] No improvement. Iteration 14400. Early stopping counter: 4, LR counter: 4
[Trainer] No improvement. Iteration 14500. Early stopping counter: 5, LR counter: 5
[Trainer] No improvement. Iteration 14600. Early stopping counter: 6, LR counter: 6
[Trainer] No improvement. Iteration 14700. Early stopping counter: 7, LR counter: 7
[Trainer] No improvement. Iteration 14800. Early stopping counter: 8, LR counter: 8
[Trainer] No improvement. Iteration 14900. Early stopping counter: 9, LR counter: 9
[Trainer] No improvement. Iteration 15000. Early stopping counter: 10, LR counter: 10
[Trainer] No improvement. Iteration 15100. Early stopping counter: 11, LR counter: 11
[Trainer] No improvement. Iteration 15200. Early stopping counter: 12, LR counter: 12
[Trainer] No improvement. Iteration 15300. Early stopping counter: 13, LR counter: 13
[Trainer] No improvement. Iteration 15400. Early stopping counter: 14, LR counter: 14
[Trainer] No improvement. Iteration 15500. Early stopping counter: 15, LR counter: 15
[Trainer] No improvement. Iteration 15600. Early stopping counter: 16, LR counter: 16
[Trainer] No improvement. Iteration 15700. Early stopping counter: 17, LR counter: 17
[Trainer] No improvement. Iteration 15800. Early stopping counter: 18, LR counter: 18
[Trainer] No improvement. Iteration 15900. Early stopping counter: 19, LR counter: 19
[Trainer] No improvement. Iteration 16000. Early stopping counter: 20, LR counter: 20
[Trainer] No improvement. Iteration 16100. Early stopping counter: 21, LR counter: 21
[Trainer] No improvement. Iteration 16200. Early stopping counter: 22, LR counter: 22
[Trainer] No improvement. Iteration 16300. Early stopping counter: 23, LR counter: 23
[Trainer] No improvement. Iteration 16400. Early stopping counter: 24, LR counter: 24
[Trainer] No improvement. Iteration 16500. Early stopping counter: 25, LR counter: 25
[Trainer] Learning rate reduced to: 0.000010
[Trainer] No improvement. Iteration 16600. Early stopping counter: 26, LR counter: 1
[Trainer] No improvement. Iteration 16700. Early stopping counter: 27, LR counter: 2
[Trainer] No improvement. Iteration 16800. Early stopping counter: 28, LR counter: 3
[Trainer] No improvement. Iteration 16900. Early stopping counter: 29, LR counter: 4
[Trainer] No improvement. Iteration 17000. Early stopping counter: 30, LR counter: 5
[Trainer] No improvement. Iteration 17100. Early stopping counter: 31, LR counter: 6
[Trainer] No improvement. Iteration 17200. Early stopping counter: 32, LR counter: 7
[Trainer] No improvement. Iteration 17300. Early stopping counter: 33, LR counter: 8
[Trainer] No improvement. Iteration 17400. Early stopping counter: 34, LR counter: 9
[Trainer] No improvement. Iteration 17500. Early stopping counter: 35, LR counter: 10
[Trainer] No improvement. Iteration 17600. Early stopping counter: 36, LR counter: 11
[Trainer] No improvement. Iteration 17700. Early stopping counter: 37, LR counter: 12
[Trainer] No improvement. Iteration 17800. Early stopping counter: 38, LR counter: 13
[Trainer] No improvement. Iteration 17900. Early stopping counter: 39, LR counter: 14
[Trainer] No improvement. Iteration 18000. Early stopping counter: 40, LR counter: 15
[Trainer] No improvement. Iteration 18100. Early stopping counter: 41, LR counter: 16
[Trainer] No improvement. Iteration 18200. Early stopping counter: 42, LR counter: 17
[Trainer] No improvement. Iteration 18300. Early stopping counter: 43, LR counter: 18
[Trainer] No improvement. Iteration 18400. Early stopping counter: 44, LR counter: 19
[Trainer] No improvement. Iteration 18500. Early stopping counter: 45, LR counter: 20
[Trainer] No improvement. Iteration 18600. Early stopping counter: 46, LR counter: 21
[Trainer] No improvement. Iteration 18700. Early stopping counter: 47, LR counter: 22
[Trainer] No improvement. Iteration 18800. Early stopping counter: 48, LR counter: 23
[Trainer] No improvement. Iteration 18900. Early stopping counter: 49, LR counter: 24
[Trainer] No improvement. Iteration 19000. Early stopping counter: 50, LR counter: 25
[Trainer] Learning rate reduced to: 0.000001
[Trainer] Early stopping triggered.
[Trainer] Training completed.
[Trainer] Calibrating temperatures on validation set...
[Trainer] Temperature calibration finished. Calibrated temperatures: {4: 1.0015013217926025, 6: 0.8626521229743958, 8: 0.8908832669258118, 10: 1.12981116771698}
[Trainer] BNN training completed.
**************************************************
Z=8, N=4, emax=4
RMSE Eb: 1.323
RMSE Rch: 0.011
MAPE Eb: 4.155
MAPE Rch: 0.463
--------------------------------------------------
**************************************************
Z=8, N=4, emax=10
RMSE Eb: 1.832
RMSE Rch: 0.061
MAPE Eb: 2.966
MAPE Rch: 2.628
--------------------------------------------------
**************************************************
Z=8, N=4, emax=6
RMSE Eb: 1.606
RMSE Rch: 0.016
MAPE Eb: 3.221
MAPE Rch: 0.760
--------------------------------------------------
**************************************************
Z=8, N=4, emax=8
RMSE Eb: 1.368
RMSE Rch: 0.021
MAPE Eb: 2.335
MAPE Rch: 1.023
--------------------------------------------------
**************************************************
Z=8, N=5, emax=8
RMSE Eb: 1.407
RMSE Rch: 0.017
MAPE Eb: 1.865
MAPE Rch: 0.874
--------------------------------------------------
**************************************************
Z=8, N=5, emax=6
RMSE Eb: 1.439
RMSE Rch: 0.012
MAPE Eb: 2.184
MAPE Rch: 0.540
--------------------------------------------------
**************************************************
Z=8, N=5, emax=4
RMSE Eb: 1.040
RMSE Rch: 0.010
MAPE Eb: 2.057
MAPE Rch: 0.478
--------------------------------------------------
**************************************************
Z=8, N=5, emax=10
RMSE Eb: 1.281
RMSE Rch: 0.029
MAPE Eb: 1.808
MAPE Rch: 1.538
--------------------------------------------------
**************************************************
Z=8, N=6, emax=4
RMSE Eb: 0.880
RMSE Rch: 0.014
MAPE Eb: 1.178
MAPE Rch: 0.676
--------------------------------------------------
**************************************************
Z=8, N=6, emax=6
RMSE Eb: 0.896
RMSE Rch: 0.012
MAPE Eb: 0.942
MAPE Rch: 0.595
--------------------------------------------------
**************************************************
Z=8, N=6, emax=8
RMSE Eb: 1.331
RMSE Rch: 0.017
MAPE Eb: 1.218
MAPE Rch: 0.847
--------------------------------------------------
**************************************************
Z=8, N=6, emax=10
RMSE Eb: 1.477
RMSE Rch: 0.015
MAPE Eb: 1.397
MAPE Rch: 0.901
--------------------------------------------------
**************************************************
Z=8, N=7, emax=8
RMSE Eb: 1.442
RMSE Rch: 0.013
MAPE Eb: 1.203
MAPE Rch: 0.651
--------------------------------------------------
**************************************************
Z=8, N=7, emax=10
RMSE Eb: 1.789
RMSE Rch: 0.014
MAPE Eb: 1.564
MAPE Rch: 0.788
--------------------------------------------------
**************************************************
Z=8, N=7, emax=6
RMSE Eb: 1.005
RMSE Rch: 0.011
MAPE Eb: 1.006
MAPE Rch: 0.525
--------------------------------------------------
**************************************************
Z=8, N=7, emax=4
RMSE Eb: 1.368
RMSE Rch: 0.017
MAPE Eb: 1.263
MAPE Rch: 0.841
--------------------------------------------------
**************************************************
Z=8, N=8, emax=4
RMSE Eb: 1.408
RMSE Rch: 0.012
MAPE Eb: 1.471
MAPE Rch: 0.326
--------------------------------------------------
**************************************************
Z=8, N=8, emax=8
RMSE Eb: 0.956
RMSE Rch: 0.011
MAPE Eb: 0.705
MAPE Rch: 0.318
--------------------------------------------------
**************************************************
Z=8, N=8, emax=6
RMSE Eb: 1.331
RMSE Rch: 0.011
MAPE Eb: 1.100
MAPE Rch: 0.325
--------------------------------------------------
**************************************************
Z=8, N=8, emax=10
RMSE Eb: 1.404
RMSE Rch: 0.012
MAPE Eb: 0.934
MAPE Rch: 0.352
--------------------------------------------------
**************************************************
Z=8, N=9, emax=8
RMSE Eb: 1.571
RMSE Rch: 0.008
MAPE Eb: 1.205
MAPE Rch: 0.237
--------------------------------------------------
**************************************************
Z=8, N=9, emax=6
RMSE Eb: 1.112
RMSE Rch: 0.010
MAPE Eb: 0.880
MAPE Rch: 0.274
--------------------------------------------------
**************************************************
Z=8, N=9, emax=4
RMSE Eb: 1.427
RMSE Rch: 0.013
MAPE Eb: 1.575
MAPE Rch: 0.367
--------------------------------------------------
**************************************************
Z=8, N=9, emax=10
RMSE Eb: 1.185
RMSE Rch: 0.008
MAPE Eb: 0.930
MAPE Rch: 0.222
--------------------------------------------------
**************************************************
Z=8, N=10, emax=4
RMSE Eb: 0.981
RMSE Rch: 0.008
MAPE Eb: 1.031
MAPE Rch: 0.209
--------------------------------------------------
**************************************************
Z=8, N=10, emax=10
RMSE Eb: 1.249
RMSE Rch: 0.007
MAPE Eb: 0.902
MAPE Rch: 0.213
--------------------------------------------------
**************************************************
Z=8, N=10, emax=6
RMSE Eb: 1.297
RMSE Rch: 0.010
MAPE Eb: 1.047
MAPE Rch: 0.285
--------------------------------------------------
**************************************************
Z=8, N=10, emax=8
RMSE Eb: 1.546
RMSE Rch: 0.010
MAPE Eb: 1.100
MAPE Rch: 0.276
--------------------------------------------------
**************************************************
Z=8, N=11, emax=4
RMSE Eb: 1.345
RMSE Rch: 0.009
MAPE Eb: 1.379
MAPE Rch: 0.243
--------------------------------------------------
**************************************************
Z=8, N=11, emax=6
RMSE Eb: 1.701
RMSE Rch: 0.007
MAPE Eb: 1.441
MAPE Rch: 0.194
--------------------------------------------------
**************************************************
Z=8, N=11, emax=8
RMSE Eb: 1.576
RMSE Rch: 0.007
MAPE Eb: 1.135
MAPE Rch: 0.193
--------------------------------------------------
**************************************************
Z=8, N=11, emax=10
RMSE Eb: 1.424
RMSE Rch: 0.010
MAPE Eb: 0.866
MAPE Rch: 0.290
--------------------------------------------------
**************************************************
Z=8, N=12, emax=6
RMSE Eb: 1.527
RMSE Rch: 0.010
MAPE Eb: 1.053
MAPE Rch: 0.246
--------------------------------------------------
**************************************************
Z=8, N=12, emax=4
RMSE Eb: 1.565
RMSE Rch: 0.007
MAPE Eb: 1.445
MAPE Rch: 0.176
--------------------------------------------------
**************************************************
Z=8, N=12, emax=8
RMSE Eb: 1.294
RMSE Rch: 0.007
MAPE Eb: 0.790
MAPE Rch: 0.191
--------------------------------------------------
**************************************************
Z=8, N=12, emax=10
RMSE Eb: 2.143
RMSE Rch: 0.015
MAPE Eb: 1.486
MAPE Rch: 0.404
--------------------------------------------------
**************************************************
Z=8, N=13, emax=8
RMSE Eb: 1.240
RMSE Rch: 0.008
MAPE Eb: 0.701
MAPE Rch: 0.237
--------------------------------------------------
**************************************************
Z=8, N=13, emax=4
RMSE Eb: 2.224
RMSE Rch: 0.010
MAPE Eb: 2.249
MAPE Rch: 0.256
--------------------------------------------------
**************************************************
Z=8, N=13, emax=10
RMSE Eb: 1.852
RMSE Rch: 0.010
MAPE Eb: 1.227
MAPE Rch: 0.283
--------------------------------------------------
**************************************************
Z=8, N=13, emax=6
RMSE Eb: 1.607
RMSE Rch: 0.008
MAPE Eb: 1.163
MAPE Rch: 0.214
--------------------------------------------------
**************************************************
Z=8, N=14, emax=8
RMSE Eb: 1.848
RMSE Rch: 0.013
MAPE Eb: 0.948
MAPE Rch: 0.353
--------------------------------------------------
**************************************************
Z=8, N=14, emax=4
RMSE Eb: 2.051
RMSE Rch: 0.010
MAPE Eb: 1.818
MAPE Rch: 0.291
--------------------------------------------------
**************************************************
Z=8, N=14, emax=6
RMSE Eb: 2.066
RMSE Rch: 0.013
MAPE Eb: 1.617
MAPE Rch: 0.346
--------------------------------------------------
**************************************************
Z=8, N=14, emax=10
RMSE Eb: 1.741
RMSE Rch: 0.013
MAPE Eb: 1.037
MAPE Rch: 0.367
--------------------------------------------------
**************************************************
Z=8, N=15, emax=8
RMSE Eb: 1.460
RMSE Rch: 0.011
MAPE Eb: 0.844
MAPE Rch: 0.298
--------------------------------------------------
**************************************************
Z=8, N=15, emax=4
RMSE Eb: 1.809
RMSE Rch: 0.011
MAPE Eb: 1.773
MAPE Rch: 0.291
--------------------------------------------------
**************************************************
Z=8, N=15, emax=6
RMSE Eb: 1.779
RMSE Rch: 0.011
MAPE Eb: 1.194
MAPE Rch: 0.285
--------------------------------------------------
**************************************************
Z=8, N=15, emax=10
RMSE Eb: 1.652
RMSE Rch: 0.007
MAPE Eb: 0.956
MAPE Rch: 0.196
--------------------------------------------------
**************************************************
Z=8, N=16, emax=8
RMSE Eb: 2.097
RMSE Rch: 0.014
MAPE Eb: 1.214
MAPE Rch: 0.372
--------------------------------------------------
**************************************************
Z=8, N=16, emax=6
RMSE Eb: 1.592
RMSE Rch: 0.010
MAPE Eb: 1.080
MAPE Rch: 0.276
--------------------------------------------------
**************************************************
Z=8, N=16, emax=10
RMSE Eb: 1.241
RMSE Rch: 0.008
MAPE Eb: 0.760
MAPE Rch: 0.205
--------------------------------------------------
**************************************************
Z=8, N=16, emax=4
RMSE Eb: 2.320
RMSE Rch: 0.012
MAPE Eb: 2.207
MAPE Rch: 0.317
--------------------------------------------------
Finished VAL for AE n=90
**************************************************
Z=8, N=4, emax=6
RMSE Eb: 1.541
RMSE Rch: 0.015
MAPE Eb: 3.031
MAPE Rch: 0.700
--------------------------------------------------
**************************************************
Z=8, N=4, emax=8
RMSE Eb: 1.338
RMSE Rch: 0.022
MAPE Eb: 2.214
MAPE Rch: 0.984
--------------------------------------------------
**************************************************
Z=8, N=4, emax=4
RMSE Eb: 1.389
RMSE Rch: 0.013
MAPE Eb: 4.002
MAPE Rch: 0.570
--------------------------------------------------
**************************************************
Z=8, N=4, emax=10
RMSE Eb: 1.510
RMSE Rch: 0.033
MAPE Eb: 2.344
MAPE Rch: 1.519
--------------------------------------------------
**************************************************
Z=8, N=5, emax=4
RMSE Eb: 0.987
RMSE Rch: 0.013
MAPE Eb: 1.929
MAPE Rch: 0.574
--------------------------------------------------
**************************************************
Z=8, N=5, emax=8
RMSE Eb: 1.371
RMSE Rch: 0.017
MAPE Eb: 1.810
MAPE Rch: 0.784
--------------------------------------------------
**************************************************
Z=8, N=5, emax=6
RMSE Eb: 1.320
RMSE Rch: 0.011
MAPE Eb: 2.029
MAPE Rch: 0.521
--------------------------------------------------
**************************************************
Z=8, N=5, emax=10
RMSE Eb: 1.128
RMSE Rch: 0.015
MAPE Eb: 1.394
MAPE Rch: 0.773
--------------------------------------------------
**************************************************
Z=8, N=6, emax=4
RMSE Eb: 1.102
RMSE Rch: 0.018
MAPE Eb: 1.343
MAPE Rch: 0.790
--------------------------------------------------
**************************************************
Z=8, N=6, emax=8
RMSE Eb: 1.458
RMSE Rch: 0.022
MAPE Eb: 1.178
MAPE Rch: 1.050
--------------------------------------------------
**************************************************
Z=8, N=6, emax=6
RMSE Eb: 1.040
RMSE Rch: 0.013
MAPE Eb: 1.184
MAPE Rch: 0.637
--------------------------------------------------
**************************************************
Z=8, N=6, emax=10
RMSE Eb: 1.323
RMSE Rch: 0.020
MAPE Eb: 1.321
MAPE Rch: 1.048
--------------------------------------------------
**************************************************
Z=8, N=7, emax=4
RMSE Eb: 1.258
RMSE Rch: 0.015
MAPE Eb: 1.375
MAPE Rch: 0.689
--------------------------------------------------
**************************************************
Z=8, N=7, emax=8
RMSE Eb: 1.388
RMSE Rch: 0.013
MAPE Eb: 1.122
MAPE Rch: 0.725
--------------------------------------------------
**************************************************
Z=8, N=7, emax=6
RMSE Eb: 1.011
RMSE Rch: 0.010
MAPE Eb: 0.962
MAPE Rch: 0.481
--------------------------------------------------
**************************************************
Z=8, N=7, emax=10
RMSE Eb: 0.717
RMSE Rch: 0.008
MAPE Eb: 0.581
MAPE Rch: 0.436
--------------------------------------------------
**************************************************
Z=8, N=8, emax=4
RMSE Eb: 1.361
RMSE Rch: 0.014
MAPE Eb: 1.420
MAPE Rch: 0.382
--------------------------------------------------
**************************************************
Z=8, N=8, emax=6
RMSE Eb: 1.329
RMSE Rch: 0.014
MAPE Eb: 1.093
MAPE Rch: 0.401
--------------------------------------------------
**************************************************
Z=8, N=8, emax=8
RMSE Eb: 1.285
RMSE Rch: 0.011
MAPE Eb: 0.910
MAPE Rch: 0.304
--------------------------------------------------
**************************************************
Z=8, N=8, emax=10
RMSE Eb: 1.167
RMSE Rch: 0.012
MAPE Eb: 0.943
MAPE Rch: 0.315
--------------------------------------------------
**************************************************
Z=8, N=9, emax=4
RMSE Eb: 1.744
RMSE Rch: 0.014
MAPE Eb: 1.896
MAPE Rch: 0.391
--------------------------------------------------
**************************************************
Z=8, N=9, emax=8
RMSE Eb: 1.458
RMSE Rch: 0.010
MAPE Eb: 1.086
MAPE Rch: 0.287
--------------------------------------------------
**************************************************
Z=8, N=9, emax=6
RMSE Eb: 1.059
RMSE Rch: 0.010
MAPE Eb: 0.913
MAPE Rch: 0.289
--------------------------------------------------
**************************************************
Z=8, N=9, emax=10
RMSE Eb: 1.215
RMSE Rch: 0.010
MAPE Eb: 0.757
MAPE Rch: 0.273
--------------------------------------------------
**************************************************
Z=8, N=10, emax=4
RMSE Eb: 1.148
RMSE Rch: 0.008
MAPE Eb: 1.203
MAPE Rch: 0.227
--------------------------------------------------
**************************************************
Z=8, N=10, emax=6
RMSE Eb: 1.033
RMSE Rch: 0.011
MAPE Eb: 0.848
MAPE Rch: 0.289
--------------------------------------------------
**************************************************
Z=8, N=10, emax=8
RMSE Eb: 1.319
RMSE Rch: 0.010
MAPE Eb: 0.971
MAPE Rch: 0.260
--------------------------------------------------
**************************************************
Z=8, N=10, emax=10
RMSE Eb: 1.768
RMSE Rch: 0.011
MAPE Eb: 1.164
MAPE Rch: 0.262
--------------------------------------------------
**************************************************
Z=8, N=11, emax=8
RMSE Eb: 1.367
RMSE Rch: 0.008
MAPE Eb: 0.878
MAPE Rch: 0.217
--------------------------------------------------
**************************************************
Z=8, N=11, emax=4
RMSE Eb: 1.098
RMSE Rch: 0.009
MAPE Eb: 1.064
MAPE Rch: 0.232
--------------------------------------------------
**************************************************
Z=8, N=11, emax=6
RMSE Eb: 1.768
RMSE Rch: 0.009
MAPE Eb: 1.534
MAPE Rch: 0.200
--------------------------------------------------
**************************************************
Z=8, N=11, emax=10
RMSE Eb: 1.344
RMSE Rch: 0.010
MAPE Eb: 0.977
MAPE Rch: 0.309
--------------------------------------------------
**************************************************
Z=8, N=12, emax=6
RMSE Eb: 1.451
RMSE Rch: 0.007
MAPE Eb: 1.062
MAPE Rch: 0.183
--------------------------------------------------
**************************************************
Z=8, N=12, emax=8
RMSE Eb: 1.358
RMSE Rch: 0.008
MAPE Eb: 0.883
MAPE Rch: 0.221
--------------------------------------------------
**************************************************
Z=8, N=12, emax=4
RMSE Eb: 1.745
RMSE Rch: 0.008
MAPE Eb: 1.734
MAPE Rch: 0.193
--------------------------------------------------
**************************************************
Z=8, N=12, emax=10
RMSE Eb: 1.587
RMSE Rch: 0.010
MAPE Eb: 0.987
MAPE Rch: 0.317
--------------------------------------------------
**************************************************
Z=8, N=13, emax=8
RMSE Eb: 1.269
RMSE Rch: 0.008
MAPE Eb: 0.807
MAPE Rch: 0.239
--------------------------------------------------
**************************************************
Z=8, N=13, emax=4
RMSE Eb: 1.996
RMSE Rch: 0.010
MAPE Eb: 1.986
MAPE Rch: 0.265
--------------------------------------------------
**************************************************
Z=8, N=13, emax=6
RMSE Eb: 1.999
RMSE Rch: 0.009
MAPE Eb: 1.446
MAPE Rch: 0.255
--------------------------------------------------
**************************************************
Z=8, N=13, emax=10
RMSE Eb: 1.682
RMSE Rch: 0.007
MAPE Eb: 0.980
MAPE Rch: 0.176
--------------------------------------------------
**************************************************
Z=8, N=14, emax=6
RMSE Eb: 2.303
RMSE Rch: 0.011
MAPE Eb: 1.739
MAPE Rch: 0.322
--------------------------------------------------
**************************************************
Z=8, N=14, emax=10
RMSE Eb: 1.242
RMSE Rch: 0.011
MAPE Eb: 0.687
MAPE Rch: 0.319
--------------------------------------------------
**************************************************
Z=8, N=14, emax=4
RMSE Eb: 1.893
RMSE Rch: 0.011
MAPE Eb: 1.798
MAPE Rch: 0.289
--------------------------------------------------
**************************************************
Z=8, N=14, emax=8
RMSE Eb: 1.432
RMSE Rch: 0.012
MAPE Eb: 0.846
MAPE Rch: 0.335
--------------------------------------------------
**************************************************
Z=8, N=15, emax=8
RMSE Eb: 1.518
RMSE Rch: 0.012
MAPE Eb: 0.861
MAPE Rch: 0.314
--------------------------------------------------
**************************************************
Z=8, N=15, emax=6
RMSE Eb: 1.713
RMSE Rch: 0.010
MAPE Eb: 1.185
MAPE Rch: 0.250
--------------------------------------------------
**************************************************
Z=8, N=15, emax=4
RMSE Eb: 1.780
RMSE Rch: 0.010
MAPE Eb: 1.702
MAPE Rch: 0.256
--------------------------------------------------
**************************************************
Z=8, N=15, emax=10
RMSE Eb: 1.457
RMSE Rch: 0.013
MAPE Eb: 0.698
MAPE Rch: 0.371
--------------------------------------------------
**************************************************
Z=8, N=16, emax=4
RMSE Eb: 2.515
RMSE Rch: 0.010
MAPE Eb: 2.275
MAPE Rch: 0.258
--------------------------------------------------
**************************************************
Z=8, N=16, emax=8
RMSE Eb: 1.895
RMSE Rch: 0.014
MAPE Eb: 1.024
MAPE Rch: 0.382
--------------------------------------------------
**************************************************
Z=8, N=16, emax=6
RMSE Eb: 1.476
RMSE Rch: 0.010
MAPE Eb: 1.035
MAPE Rch: 0.243
--------------------------------------------------
**************************************************
Z=8, N=16, emax=10
RMSE Eb: 1.992
RMSE Rch: 0.012
MAPE Eb: 1.141
MAPE Rch: 0.316
--------------------------------------------------
