Activated conda environment
[DataLoader] Found 13 files matching the pattern.
[DataLoader] Combined data shape: (17234, 35)
[Preprocess] Data split => train: (11029, 35), val: (2758, 35), test: (3447, 35)
[Preprocess] Processed fidelity 4 (index 0): 3758 samples.
[Preprocess] Processed fidelity 6 (index 1): 3346 samples.
[Preprocess] Processed fidelity 8 (index 2): 3194 samples.
[Preprocess] Processed fidelity 10 (index 3): 731 samples.
[Preprocess] Processed fidelity 4 (index 0): 949 samples.
[Preprocess] Processed fidelity 6 (index 1): 833 samples.
[Preprocess] Processed fidelity 8 (index 2): 801 samples.
[Preprocess] Processed fidelity 10 (index 3): 175 samples.
Fidelity levels: [4, 6, 8, 10]
[Trainer] Starting BNN training...
[Trainer] No improvement. Iteration 8400. Early stopping counter: 1, LR counter: 1
[Trainer] No improvement. Iteration 8500. Early stopping counter: 2, LR counter: 2
[Trainer] No improvement. Iteration 8600. Early stopping counter: 3, LR counter: 3
[Trainer] No improvement. Iteration 8700. Early stopping counter: 4, LR counter: 4
[Trainer] No improvement. Iteration 8800. Early stopping counter: 5, LR counter: 5
[Trainer] No improvement. Iteration 8900. Early stopping counter: 6, LR counter: 6
[Trainer] No improvement. Iteration 9000. Early stopping counter: 7, LR counter: 7
[Trainer] No improvement. Iteration 9100. Early stopping counter: 8, LR counter: 8
[Trainer] No improvement. Iteration 9200. Early stopping counter: 9, LR counter: 9
[Trainer] No improvement. Iteration 9300. Early stopping counter: 10, LR counter: 10
[Trainer] No improvement. Iteration 9400. Early stopping counter: 11, LR counter: 11
[Trainer] No improvement. Iteration 9500. Early stopping counter: 12, LR counter: 12
[Trainer] No improvement. Iteration 9600. Early stopping counter: 13, LR counter: 13
[Trainer] No improvement. Iteration 9700. Early stopping counter: 14, LR counter: 14
[Trainer] No improvement. Iteration 9800. Early stopping counter: 15, LR counter: 15
[Trainer] No improvement. Iteration 9900. Early stopping counter: 16, LR counter: 16
[Trainer] No improvement. Iteration 10000. Early stopping counter: 17, LR counter: 17
[Trainer] No improvement. Iteration 10100. Early stopping counter: 18, LR counter: 18
[Trainer] No improvement. Iteration 10200. Early stopping counter: 19, LR counter: 19
[Trainer] No improvement. Iteration 10300. Early stopping counter: 20, LR counter: 20
[Trainer] No improvement. Iteration 10400. Early stopping counter: 21, LR counter: 21
[Trainer] No improvement. Iteration 10500. Early stopping counter: 22, LR counter: 22
[Trainer] No improvement. Iteration 10600. Early stopping counter: 23, LR counter: 23
[Trainer] No improvement. Iteration 10700. Early stopping counter: 24, LR counter: 24
[Trainer] No improvement. Iteration 10800. Early stopping counter: 25, LR counter: 25
[Trainer] Learning rate reduced to: 0.000010
[Trainer] No improvement. Iteration 10900. Early stopping counter: 26, LR counter: 1
[Trainer] No improvement. Iteration 11000. Early stopping counter: 27, LR counter: 2
[Trainer] No improvement. Iteration 11100. Early stopping counter: 28, LR counter: 3
[Trainer] No improvement. Iteration 11200. Early stopping counter: 29, LR counter: 4
[Trainer] No improvement. Iteration 11300. Early stopping counter: 30, LR counter: 5
[Trainer] No improvement. Iteration 11400. Early stopping counter: 31, LR counter: 6
[Trainer] No improvement. Iteration 11500. Early stopping counter: 32, LR counter: 7
[Trainer] No improvement. Iteration 11600. Early stopping counter: 33, LR counter: 8
[Trainer] No improvement. Iteration 11700. Early stopping counter: 34, LR counter: 9
[Trainer] No improvement. Iteration 11800. Early stopping counter: 35, LR counter: 10
[Trainer] No improvement. Iteration 11900. Early stopping counter: 36, LR counter: 11
[Trainer] No improvement. Iteration 12000. Early stopping counter: 37, LR counter: 12
[Trainer] No improvement. Iteration 12100. Early stopping counter: 38, LR counter: 13
[Trainer] No improvement. Iteration 12200. Early stopping counter: 39, LR counter: 14
[Trainer] No improvement. Iteration 12300. Early stopping counter: 40, LR counter: 15
[Trainer] No improvement. Iteration 12400. Early stopping counter: 41, LR counter: 16
[Trainer] No improvement. Iteration 12500. Early stopping counter: 42, LR counter: 17
[Trainer] No improvement. Iteration 12600. Early stopping counter: 43, LR counter: 18
[Trainer] No improvement. Iteration 12700. Early stopping counter: 44, LR counter: 19
[Trainer] No improvement. Iteration 12800. Early stopping counter: 45, LR counter: 20
[Trainer] No improvement. Iteration 12900. Early stopping counter: 46, LR counter: 21
[Trainer] No improvement. Iteration 13000. Early stopping counter: 47, LR counter: 22
[Trainer] No improvement. Iteration 13100. Early stopping counter: 48, LR counter: 23
[Trainer] No improvement. Iteration 13200. Early stopping counter: 49, LR counter: 24
[Trainer] No improvement. Iteration 13300. Early stopping counter: 50, LR counter: 25
[Trainer] Learning rate reduced to: 0.000001
[Trainer] Early stopping triggered.
[Trainer] Training completed.
[Trainer] Calibrating temperatures on validation set...
[Trainer] Temperature calibration finished. Calibrated temperatures: {4: 1.2430224418640137, 6: 1.097308874130249, 8: 1.2419527769088745, 10: 1.3357163667678833}
[Trainer] BNN training completed.
**************************************************
Z=8, N=4, emax=4
RMSE Eb: 0.927
RMSE Rch: 0.009
MAPE Eb: 2.912
MAPE Rch: 0.415
--------------------------------------------------
**************************************************
Z=8, N=4, emax=10
RMSE Eb: 0.826
RMSE Rch: 0.036
MAPE Eb: 1.253
MAPE Rch: 1.750
--------------------------------------------------
**************************************************
Z=8, N=4, emax=6
RMSE Eb: 0.612
RMSE Rch: 0.010
MAPE Eb: 1.134
MAPE Rch: 0.476
--------------------------------------------------
**************************************************
Z=8, N=4, emax=8
RMSE Eb: 0.707
RMSE Rch: 0.016
MAPE Eb: 1.168
MAPE Rch: 0.696
--------------------------------------------------
**************************************************
Z=8, N=5, emax=8
RMSE Eb: 1.080
RMSE Rch: 0.014
MAPE Eb: 1.470
MAPE Rch: 0.696
--------------------------------------------------
**************************************************
Z=8, N=5, emax=6
RMSE Eb: 0.775
RMSE Rch: 0.008
MAPE Eb: 1.158
MAPE Rch: 0.398
--------------------------------------------------
**************************************************
Z=8, N=5, emax=4
RMSE Eb: 0.508
RMSE Rch: 0.008
MAPE Eb: 1.000
MAPE Rch: 0.369
--------------------------------------------------
**************************************************
Z=8, N=5, emax=10
RMSE Eb: 0.752
RMSE Rch: 0.011
MAPE Eb: 0.916
MAPE Rch: 0.591
--------------------------------------------------
**************************************************
Z=8, N=6, emax=4
RMSE Eb: 0.617
RMSE Rch: 0.007
MAPE Eb: 0.880
MAPE Rch: 0.320
--------------------------------------------------
**************************************************
Z=8, N=6, emax=6
RMSE Eb: 0.608
RMSE Rch: 0.008
MAPE Eb: 0.694
MAPE Rch: 0.378
--------------------------------------------------
**************************************************
Z=8, N=6, emax=8
RMSE Eb: 0.939
RMSE Rch: 0.011
MAPE Eb: 0.908
MAPE Rch: 0.582
--------------------------------------------------
**************************************************
Z=8, N=6, emax=10
RMSE Eb: 0.703
RMSE Rch: 0.014
MAPE Eb: 0.626
MAPE Rch: 0.629
--------------------------------------------------
**************************************************
Z=8, N=7, emax=8
RMSE Eb: 0.917
RMSE Rch: 0.011
MAPE Eb: 0.760
MAPE Rch: 0.552
--------------------------------------------------
**************************************************
Z=8, N=7, emax=10
RMSE Eb: 1.245
RMSE Rch: 0.012
MAPE Eb: 0.998
MAPE Rch: 0.710
--------------------------------------------------
**************************************************
Z=8, N=7, emax=6
RMSE Eb: 0.810
RMSE Rch: 0.010
MAPE Eb: 0.761
MAPE Rch: 0.524
--------------------------------------------------
**************************************************
Z=8, N=7, emax=4
RMSE Eb: 0.509
RMSE Rch: 0.012
MAPE Eb: 0.624
MAPE Rch: 0.630
--------------------------------------------------
**************************************************
Z=8, N=8, emax=4
RMSE Eb: 0.442
RMSE Rch: 0.008
MAPE Eb: 0.517
MAPE Rch: 0.220
--------------------------------------------------
**************************************************
Z=8, N=8, emax=8
RMSE Eb: 0.769
RMSE Rch: 0.013
MAPE Eb: 0.562
MAPE Rch: 0.308
--------------------------------------------------
**************************************************
Z=8, N=8, emax=6
RMSE Eb: 0.676
RMSE Rch: 0.007
MAPE Eb: 0.581
MAPE Rch: 0.221
--------------------------------------------------
**************************************************
Z=8, N=8, emax=10
RMSE Eb: 1.585
RMSE Rch: 0.016
MAPE Eb: 1.172
MAPE Rch: 0.411
--------------------------------------------------
**************************************************
Z=8, N=9, emax=8
RMSE Eb: 0.793
RMSE Rch: 0.016
MAPE Eb: 0.569
MAPE Rch: 0.454
--------------------------------------------------
**************************************************
Z=8, N=9, emax=6
RMSE Eb: 0.658
RMSE Rch: 0.010
MAPE Eb: 0.524
MAPE Rch: 0.307
--------------------------------------------------
**************************************************
Z=8, N=9, emax=4
RMSE Eb: 0.623
RMSE Rch: 0.013
MAPE Eb: 0.672
MAPE Rch: 0.387
--------------------------------------------------
**************************************************
Z=8, N=9, emax=10
RMSE Eb: 0.769
RMSE Rch: 0.021
MAPE Eb: 0.533
MAPE Rch: 0.728
--------------------------------------------------
**************************************************
Z=8, N=10, emax=4
RMSE Eb: 0.495
RMSE Rch: 0.009
MAPE Eb: 0.531
MAPE Rch: 0.256
--------------------------------------------------
**************************************************
Z=8, N=10, emax=10
RMSE Eb: 0.838
RMSE Rch: 0.018
MAPE Eb: 0.562
MAPE Rch: 0.489
--------------------------------------------------
**************************************************
Z=8, N=10, emax=6
RMSE Eb: 0.727
RMSE Rch: 0.010
MAPE Eb: 0.565
MAPE Rch: 0.279
--------------------------------------------------
**************************************************
Z=8, N=10, emax=8
RMSE Eb: 1.028
RMSE Rch: 0.016
MAPE Eb: 0.725
MAPE Rch: 0.467
--------------------------------------------------
**************************************************
Z=8, N=11, emax=4
RMSE Eb: 0.541
RMSE Rch: 0.009
MAPE Eb: 0.575
MAPE Rch: 0.266
--------------------------------------------------
**************************************************
Z=8, N=11, emax=6
RMSE Eb: 0.539
RMSE Rch: 0.007
MAPE Eb: 0.414
MAPE Rch: 0.214
--------------------------------------------------
**************************************************
Z=8, N=11, emax=8
RMSE Eb: 0.760
RMSE Rch: 0.011
MAPE Eb: 0.523
MAPE Rch: 0.331
--------------------------------------------------
**************************************************
Z=8, N=11, emax=10
RMSE Eb: 0.838
RMSE Rch: 0.015
MAPE Eb: 0.586
MAPE Rch: 0.473
--------------------------------------------------
**************************************************
Z=8, N=12, emax=6
RMSE Eb: 0.583
RMSE Rch: 0.007
MAPE Eb: 0.419
MAPE Rch: 0.192
--------------------------------------------------
**************************************************
Z=8, N=12, emax=4
RMSE Eb: 0.661
RMSE Rch: 0.007
MAPE Eb: 0.707
MAPE Rch: 0.194
--------------------------------------------------
**************************************************
Z=8, N=12, emax=8
RMSE Eb: 0.693
RMSE Rch: 0.007
MAPE Eb: 0.463
MAPE Rch: 0.205
--------------------------------------------------
**************************************************
Z=8, N=12, emax=10
RMSE Eb: 0.780
RMSE Rch: 0.011
MAPE Eb: 0.440
MAPE Rch: 0.358
--------------------------------------------------
**************************************************
Z=8, N=13, emax=8
RMSE Eb: 0.789
RMSE Rch: 0.007
MAPE Eb: 0.472
MAPE Rch: 0.213
--------------------------------------------------
**************************************************
Z=8, N=13, emax=4
RMSE Eb: 0.828
RMSE Rch: 0.007
MAPE Eb: 0.848
MAPE Rch: 0.202
--------------------------------------------------
**************************************************
Z=8, N=13, emax=10
RMSE Eb: 0.546
RMSE Rch: 0.008
MAPE Eb: 0.293
MAPE Rch: 0.238
--------------------------------------------------
**************************************************
Z=8, N=13, emax=6
RMSE Eb: 0.585
RMSE Rch: 0.005
MAPE Eb: 0.431
MAPE Rch: 0.149
--------------------------------------------------
**************************************************
Z=8, N=14, emax=8
RMSE Eb: 0.895
RMSE Rch: 0.014
MAPE Eb: 0.564
MAPE Rch: 0.364
--------------------------------------------------
**************************************************
Z=8, N=14, emax=4
RMSE Eb: 0.737
RMSE Rch: 0.007
MAPE Eb: 0.733
MAPE Rch: 0.188
--------------------------------------------------
**************************************************
Z=8, N=14, emax=6
RMSE Eb: 0.534
RMSE Rch: 0.008
MAPE Eb: 0.408
MAPE Rch: 0.209
--------------------------------------------------
**************************************************
Z=8, N=14, emax=10
RMSE Eb: 1.078
RMSE Rch: 0.014
MAPE Eb: 0.659
MAPE Rch: 0.378
--------------------------------------------------
**************************************************
Z=8, N=15, emax=8
RMSE Eb: 0.741
RMSE Rch: 0.009
MAPE Eb: 0.447
MAPE Rch: 0.261
--------------------------------------------------
**************************************************
Z=8, N=15, emax=4
RMSE Eb: 0.894
RMSE Rch: 0.007
MAPE Eb: 0.897
MAPE Rch: 0.186
--------------------------------------------------
**************************************************
Z=8, N=15, emax=6
RMSE Eb: 0.687
RMSE Rch: 0.007
MAPE Eb: 0.485
MAPE Rch: 0.185
--------------------------------------------------
**************************************************
Z=8, N=15, emax=10
RMSE Eb: 1.076
RMSE Rch: 0.009
MAPE Eb: 0.617
MAPE Rch: 0.289
--------------------------------------------------
**************************************************
Z=8, N=16, emax=8
RMSE Eb: 0.721
RMSE Rch: 0.008
MAPE Eb: 0.442
MAPE Rch: 0.222
--------------------------------------------------
**************************************************
Z=8, N=16, emax=6
RMSE Eb: 0.653
RMSE Rch: 0.008
MAPE Eb: 0.459
MAPE Rch: 0.215
--------------------------------------------------
**************************************************
Z=8, N=16, emax=10
RMSE Eb: 0.852
RMSE Rch: 0.010
MAPE Eb: 0.512
MAPE Rch: 0.286
--------------------------------------------------
**************************************************
Z=8, N=16, emax=4
RMSE Eb: 1.102
RMSE Rch: 0.009
MAPE Eb: 1.170
MAPE Rch: 0.245
--------------------------------------------------
Finished VAL for AE n=349
**************************************************
Z=8, N=4, emax=6
RMSE Eb: 0.626
RMSE Rch: 0.010
MAPE Eb: 1.068
MAPE Rch: 0.429
--------------------------------------------------
**************************************************
Z=8, N=4, emax=8
RMSE Eb: 0.787
RMSE Rch: 0.015
MAPE Eb: 1.242
MAPE Rch: 0.710
--------------------------------------------------
**************************************************
Z=8, N=4, emax=4
RMSE Eb: 0.873
RMSE Rch: 0.010
MAPE Eb: 2.514
MAPE Rch: 0.460
--------------------------------------------------
**************************************************
Z=8, N=4, emax=10
RMSE Eb: 0.866
RMSE Rch: 0.023
MAPE Eb: 1.270
MAPE Rch: 1.165
--------------------------------------------------
**************************************************
Z=8, N=5, emax=4
RMSE Eb: 0.596
RMSE Rch: 0.008
MAPE Eb: 1.189
MAPE Rch: 0.372
--------------------------------------------------
**************************************************
Z=8, N=5, emax=8
RMSE Eb: 0.965
RMSE Rch: 0.015
MAPE Eb: 1.293
MAPE Rch: 0.714
--------------------------------------------------
**************************************************
Z=8, N=5, emax=6
RMSE Eb: 0.765
RMSE Rch: 0.008
MAPE Eb: 1.147
MAPE Rch: 0.383
--------------------------------------------------
**************************************************
Z=8, N=5, emax=10
RMSE Eb: 0.863
RMSE Rch: 0.017
MAPE Eb: 1.078
MAPE Rch: 0.898
--------------------------------------------------
**************************************************
Z=8, N=6, emax=4
RMSE Eb: 0.687
RMSE Rch: 0.008
MAPE Eb: 0.941
MAPE Rch: 0.355
--------------------------------------------------
**************************************************
Z=8, N=6, emax=8
RMSE Eb: 0.981
RMSE Rch: 0.014
MAPE Eb: 0.803
MAPE Rch: 0.669
--------------------------------------------------
**************************************************
Z=8, N=6, emax=6
RMSE Eb: 0.714
RMSE Rch: 0.008
MAPE Eb: 0.814
MAPE Rch: 0.378
--------------------------------------------------
**************************************************
Z=8, N=6, emax=10
RMSE Eb: 0.529
RMSE Rch: 0.011
MAPE Eb: 0.465
MAPE Rch: 0.635
--------------------------------------------------
**************************************************
Z=8, N=7, emax=4
RMSE Eb: 0.608
RMSE Rch: 0.010
MAPE Eb: 0.748
MAPE Rch: 0.529
--------------------------------------------------
**************************************************
Z=8, N=7, emax=8
RMSE Eb: 1.103
RMSE Rch: 0.014
MAPE Eb: 0.907
MAPE Rch: 0.771
--------------------------------------------------
**************************************************
Z=8, N=7, emax=6
RMSE Eb: 0.671
RMSE Rch: 0.011
MAPE Eb: 0.607
MAPE Rch: 0.535
--------------------------------------------------
**************************************************
Z=8, N=7, emax=10
RMSE Eb: 1.073
RMSE Rch: 0.010
MAPE Eb: 0.976
MAPE Rch: 0.558
--------------------------------------------------
**************************************************
Z=8, N=8, emax=4
RMSE Eb: 0.608
RMSE Rch: 0.009
MAPE Eb: 0.605
MAPE Rch: 0.247
--------------------------------------------------
**************************************************
Z=8, N=8, emax=6
RMSE Eb: 0.668
RMSE Rch: 0.007
MAPE Eb: 0.540
MAPE Rch: 0.200
--------------------------------------------------
**************************************************
Z=8, N=8, emax=8
RMSE Eb: 0.752
RMSE Rch: 0.009
MAPE Eb: 0.543
MAPE Rch: 0.253
--------------------------------------------------
**************************************************
Z=8, N=8, emax=10
RMSE Eb: 1.211
RMSE Rch: 0.011
MAPE Eb: 0.814
MAPE Rch: 0.303
--------------------------------------------------
**************************************************
Z=8, N=9, emax=4
RMSE Eb: 0.578
RMSE Rch: 0.012
MAPE Eb: 0.643
MAPE Rch: 0.361
--------------------------------------------------
**************************************************
Z=8, N=9, emax=8
RMSE Eb: 0.824
RMSE Rch: 0.016
MAPE Eb: 0.606
MAPE Rch: 0.493
--------------------------------------------------
**************************************************
Z=8, N=9, emax=6
RMSE Eb: 0.642
RMSE Rch: 0.012
MAPE Eb: 0.492
MAPE Rch: 0.363
--------------------------------------------------
**************************************************
Z=8, N=9, emax=10
RMSE Eb: 1.176
RMSE Rch: 0.021
MAPE Eb: 0.798
MAPE Rch: 0.660
--------------------------------------------------
**************************************************
Z=8, N=10, emax=4
RMSE Eb: 0.502
RMSE Rch: 0.009
MAPE Eb: 0.527
MAPE Rch: 0.265
--------------------------------------------------
**************************************************
Z=8, N=10, emax=6
RMSE Eb: 0.710
RMSE Rch: 0.011
MAPE Eb: 0.556
MAPE Rch: 0.305
--------------------------------------------------
**************************************************
Z=8, N=10, emax=8
RMSE Eb: 0.799
RMSE Rch: 0.014
MAPE Eb: 0.562
MAPE Rch: 0.453
--------------------------------------------------
**************************************************
Z=8, N=10, emax=10
RMSE Eb: 0.797
RMSE Rch: 0.024
MAPE Eb: 0.515
MAPE Rch: 0.638
--------------------------------------------------
**************************************************
Z=8, N=11, emax=8
RMSE Eb: 0.822
RMSE Rch: 0.010
MAPE Eb: 0.540
MAPE Rch: 0.288
--------------------------------------------------
**************************************************
Z=8, N=11, emax=4
RMSE Eb: 0.531
RMSE Rch: 0.010
MAPE Eb: 0.530
MAPE Rch: 0.281
--------------------------------------------------
**************************************************
Z=8, N=11, emax=6
RMSE Eb: 0.541
RMSE Rch: 0.008
MAPE Eb: 0.431
MAPE Rch: 0.219
--------------------------------------------------
**************************************************
Z=8, N=11, emax=10
RMSE Eb: 0.830
RMSE Rch: 0.009
MAPE Eb: 0.551
MAPE Rch: 0.270
--------------------------------------------------
**************************************************
Z=8, N=12, emax=6
RMSE Eb: 0.650
RMSE Rch: 0.006
MAPE Eb: 0.483
MAPE Rch: 0.164
--------------------------------------------------
**************************************************
Z=8, N=12, emax=8
RMSE Eb: 0.847
RMSE Rch: 0.008
MAPE Eb: 0.529
MAPE Rch: 0.239
--------------------------------------------------
**************************************************
Z=8, N=12, emax=4
RMSE Eb: 0.767
RMSE Rch: 0.006
MAPE Eb: 0.766
MAPE Rch: 0.177
--------------------------------------------------
**************************************************
Z=8, N=12, emax=10
RMSE Eb: 0.769
RMSE Rch: 0.008
MAPE Eb: 0.508
MAPE Rch: 0.225
--------------------------------------------------
**************************************************
Z=8, N=13, emax=8
RMSE Eb: 0.864
RMSE Rch: 0.009
MAPE Eb: 0.543
MAPE Rch: 0.241
--------------------------------------------------
**************************************************
Z=8, N=13, emax=4
RMSE Eb: 0.671
RMSE Rch: 0.008
MAPE Eb: 0.711
MAPE Rch: 0.218
--------------------------------------------------
**************************************************
Z=8, N=13, emax=6
RMSE Eb: 0.473
RMSE Rch: 0.006
MAPE Eb: 0.357
MAPE Rch: 0.178
--------------------------------------------------
**************************************************
Z=8, N=13, emax=10
RMSE Eb: 0.761
RMSE Rch: 0.010
MAPE Eb: 0.493
MAPE Rch: 0.299
--------------------------------------------------
**************************************************
Z=8, N=14, emax=6
RMSE Eb: 0.617
RMSE Rch: 0.008
MAPE Eb: 0.413
MAPE Rch: 0.232
--------------------------------------------------
**************************************************
Z=8, N=14, emax=10
RMSE Eb: 1.035
RMSE Rch: 0.012
MAPE Eb: 0.556
MAPE Rch: 0.330
--------------------------------------------------
**************************************************
Z=8, N=14, emax=4
RMSE Eb: 0.852
RMSE Rch: 0.006
MAPE Eb: 0.893
MAPE Rch: 0.172
--------------------------------------------------
**************************************************
Z=8, N=14, emax=8
RMSE Eb: 0.837
RMSE Rch: 0.011
MAPE Eb: 0.514
MAPE Rch: 0.330
--------------------------------------------------
**************************************************
Z=8, N=15, emax=8
RMSE Eb: 0.868
RMSE Rch: 0.008
MAPE Eb: 0.566
MAPE Rch: 0.232
--------------------------------------------------
**************************************************
Z=8, N=15, emax=6
RMSE Eb: 0.599
RMSE Rch: 0.007
MAPE Eb: 0.422
MAPE Rch: 0.203
--------------------------------------------------
**************************************************
Z=8, N=15, emax=4
RMSE Eb: 0.751
RMSE Rch: 0.006
MAPE Eb: 0.812
MAPE Rch: 0.157
--------------------------------------------------
**************************************************
Z=8, N=15, emax=10
RMSE Eb: 1.055
RMSE Rch: 0.010
MAPE Eb: 0.634
MAPE Rch: 0.296
--------------------------------------------------
**************************************************
Z=8, N=16, emax=4
RMSE Eb: 1.124
RMSE Rch: 0.009
MAPE Eb: 1.180
MAPE Rch: 0.235
--------------------------------------------------
**************************************************
Z=8, N=16, emax=8
RMSE Eb: 0.913
RMSE Rch: 0.008
MAPE Eb: 0.518
MAPE Rch: 0.228
--------------------------------------------------
**************************************************
Z=8, N=16, emax=6
RMSE Eb: 0.717
RMSE Rch: 0.007
MAPE Eb: 0.494
MAPE Rch: 0.177
--------------------------------------------------
**************************************************
Z=8, N=16, emax=10
RMSE Eb: 0.900
RMSE Rch: 0.009
MAPE Eb: 0.524
MAPE Rch: 0.246
--------------------------------------------------
