Activated conda environment
[DataLoader] Found 13 files matching the pattern.
[DataLoader] Combined data shape: (17234, 35)
[Preprocess] Data split => train: (11029, 35), val: (2758, 35), test: (3447, 35)
[Preprocess] Processed fidelity 4 (index 0): 3758 samples.
[Preprocess] Processed fidelity 6 (index 1): 3346 samples.
[Preprocess] Processed fidelity 8 (index 2): 3194 samples.
[Preprocess] Processed fidelity 10 (index 3): 731 samples.
[Preprocess] Processed fidelity 4 (index 0): 949 samples.
[Preprocess] Processed fidelity 6 (index 1): 833 samples.
[Preprocess] Processed fidelity 8 (index 2): 801 samples.
[Preprocess] Processed fidelity 10 (index 3): 175 samples.
Fidelity levels: [4, 6, 8, 10]
[Trainer] Starting BNN training...
[Trainer] No improvement. Iteration 8400. Early stopping counter: 1, LR counter: 1
[Trainer] No improvement. Iteration 8500. Early stopping counter: 2, LR counter: 2
[Trainer] No improvement. Iteration 8900. Early stopping counter: 1, LR counter: 1
[Trainer] No improvement. Iteration 9100. Early stopping counter: 1, LR counter: 1
[Trainer] No improvement. Iteration 9700. Early stopping counter: 1, LR counter: 1
[Trainer] No improvement. Iteration 9800. Early stopping counter: 2, LR counter: 2
[Trainer] No improvement. Iteration 9900. Early stopping counter: 3, LR counter: 3
[Trainer] No improvement. Iteration 10000. Early stopping counter: 4, LR counter: 4
[Trainer] No improvement. Iteration 10100. Early stopping counter: 5, LR counter: 5
[Trainer] No improvement. Iteration 10200. Early stopping counter: 6, LR counter: 6
[Trainer] No improvement. Iteration 10300. Early stopping counter: 7, LR counter: 7
[Trainer] No improvement. Iteration 10700. Early stopping counter: 1, LR counter: 1
[Trainer] No improvement. Iteration 11100. Early stopping counter: 1, LR counter: 1
[Trainer] No improvement. Iteration 11300. Early stopping counter: 1, LR counter: 1
[Trainer] No improvement. Iteration 11400. Early stopping counter: 2, LR counter: 2
[Trainer] No improvement. Iteration 11500. Early stopping counter: 3, LR counter: 3
[Trainer] No improvement. Iteration 11600. Early stopping counter: 4, LR counter: 4
[Trainer] No improvement. Iteration 11700. Early stopping counter: 5, LR counter: 5
[Trainer] No improvement. Iteration 11800. Early stopping counter: 6, LR counter: 6
[Trainer] No improvement. Iteration 11900. Early stopping counter: 7, LR counter: 7
[Trainer] No improvement. Iteration 12000. Early stopping counter: 8, LR counter: 8
[Trainer] No improvement. Iteration 12100. Early stopping counter: 9, LR counter: 9
[Trainer] No improvement. Iteration 12200. Early stopping counter: 10, LR counter: 10
[Trainer] No improvement. Iteration 12300. Early stopping counter: 11, LR counter: 11
[Trainer] No improvement. Iteration 12400. Early stopping counter: 12, LR counter: 12
[Trainer] No improvement. Iteration 12500. Early stopping counter: 13, LR counter: 13
[Trainer] No improvement. Iteration 12600. Early stopping counter: 14, LR counter: 14
[Trainer] No improvement. Iteration 12800. Early stopping counter: 1, LR counter: 1
[Trainer] No improvement. Iteration 13000. Early stopping counter: 1, LR counter: 1
[Trainer] No improvement. Iteration 13100. Early stopping counter: 2, LR counter: 2
[Trainer] No improvement. Iteration 13600. Early stopping counter: 1, LR counter: 1
[Trainer] No improvement. Iteration 13700. Early stopping counter: 2, LR counter: 2
[Trainer] No improvement. Iteration 13800. Early stopping counter: 3, LR counter: 3
[Trainer] No improvement. Iteration 13900. Early stopping counter: 4, LR counter: 4
[Trainer] No improvement. Iteration 14000. Early stopping counter: 5, LR counter: 5
[Trainer] No improvement. Iteration 14100. Early stopping counter: 6, LR counter: 6
[Trainer] No improvement. Iteration 14200. Early stopping counter: 7, LR counter: 7
[Trainer] No improvement. Iteration 14300. Early stopping counter: 8, LR counter: 8
[Trainer] No improvement. Iteration 14400. Early stopping counter: 9, LR counter: 9
[Trainer] No improvement. Iteration 14500. Early stopping counter: 10, LR counter: 10
[Trainer] No improvement. Iteration 14600. Early stopping counter: 11, LR counter: 11
[Trainer] No improvement. Iteration 14700. Early stopping counter: 12, LR counter: 12
[Trainer] No improvement. Iteration 14800. Early stopping counter: 13, LR counter: 13
[Trainer] No improvement. Iteration 14900. Early stopping counter: 14, LR counter: 14
[Trainer] No improvement. Iteration 15000. Early stopping counter: 15, LR counter: 15
[Trainer] No improvement. Iteration 15100. Early stopping counter: 16, LR counter: 16
[Trainer] No improvement. Iteration 15200. Early stopping counter: 17, LR counter: 17
[Trainer] No improvement. Iteration 15300. Early stopping counter: 18, LR counter: 18
[Trainer] No improvement. Iteration 15400. Early stopping counter: 19, LR counter: 19
[Trainer] No improvement. Iteration 15500. Early stopping counter: 20, LR counter: 20
[Trainer] No improvement. Iteration 15600. Early stopping counter: 21, LR counter: 21
[Trainer] No improvement. Iteration 15700. Early stopping counter: 22, LR counter: 22
[Trainer] No improvement. Iteration 15800. Early stopping counter: 23, LR counter: 23
[Trainer] No improvement. Iteration 15900. Early stopping counter: 24, LR counter: 24
[Trainer] No improvement. Iteration 16000. Early stopping counter: 25, LR counter: 25
[Trainer] Learning rate reduced to: 0.000010
[Trainer] No improvement. Iteration 16700. Early stopping counter: 1, LR counter: 1
[Trainer] No improvement. Iteration 16800. Early stopping counter: 2, LR counter: 2
[Trainer] No improvement. Iteration 16900. Early stopping counter: 3, LR counter: 3
[Trainer] No improvement. Iteration 17000. Early stopping counter: 4, LR counter: 4
[Trainer] No improvement. Iteration 17100. Early stopping counter: 5, LR counter: 5
[Trainer] No improvement. Iteration 17200. Early stopping counter: 6, LR counter: 6
[Trainer] No improvement. Iteration 17300. Early stopping counter: 7, LR counter: 7
[Trainer] No improvement. Iteration 17400. Early stopping counter: 8, LR counter: 8
[Trainer] No improvement. Iteration 17500. Early stopping counter: 9, LR counter: 9
[Trainer] No improvement. Iteration 17600. Early stopping counter: 10, LR counter: 10
[Trainer] No improvement. Iteration 17700. Early stopping counter: 11, LR counter: 11
[Trainer] No improvement. Iteration 17800. Early stopping counter: 12, LR counter: 12
[Trainer] No improvement. Iteration 17900. Early stopping counter: 13, LR counter: 13
[Trainer] No improvement. Iteration 18000. Early stopping counter: 14, LR counter: 14
[Trainer] No improvement. Iteration 18100. Early stopping counter: 15, LR counter: 15
[Trainer] No improvement. Iteration 18200. Early stopping counter: 16, LR counter: 16
[Trainer] No improvement. Iteration 18300. Early stopping counter: 17, LR counter: 17
[Trainer] No improvement. Iteration 18400. Early stopping counter: 18, LR counter: 18
[Trainer] No improvement. Iteration 18500. Early stopping counter: 19, LR counter: 19
[Trainer] No improvement. Iteration 18600. Early stopping counter: 20, LR counter: 20
[Trainer] No improvement. Iteration 18700. Early stopping counter: 21, LR counter: 21
[Trainer] No improvement. Iteration 18800. Early stopping counter: 22, LR counter: 22
[Trainer] No improvement. Iteration 18900. Early stopping counter: 23, LR counter: 23
[Trainer] No improvement. Iteration 19000. Early stopping counter: 24, LR counter: 24
[Trainer] No improvement. Iteration 19100. Early stopping counter: 25, LR counter: 25
[Trainer] Learning rate reduced to: 0.000001
[Trainer] No improvement. Iteration 19200. Early stopping counter: 26, LR counter: 1
[Trainer] No improvement. Iteration 19300. Early stopping counter: 27, LR counter: 2
[Trainer] No improvement. Iteration 19400. Early stopping counter: 28, LR counter: 3
[Trainer] No improvement. Iteration 19500. Early stopping counter: 29, LR counter: 4
[Trainer] No improvement. Iteration 19600. Early stopping counter: 30, LR counter: 5
[Trainer] No improvement. Iteration 19700. Early stopping counter: 31, LR counter: 6
[Trainer] No improvement. Iteration 19800. Early stopping counter: 32, LR counter: 7
[Trainer] No improvement. Iteration 19900. Early stopping counter: 33, LR counter: 8
[Trainer] No improvement. Iteration 20000. Early stopping counter: 34, LR counter: 9
[Trainer] No improvement. Iteration 20100. Early stopping counter: 35, LR counter: 10
[Trainer] No improvement. Iteration 20200. Early stopping counter: 36, LR counter: 11
[Trainer] No improvement. Iteration 20300. Early stopping counter: 37, LR counter: 12
[Trainer] No improvement. Iteration 20400. Early stopping counter: 38, LR counter: 13
[Trainer] No improvement. Iteration 20500. Early stopping counter: 39, LR counter: 14
[Trainer] No improvement. Iteration 20600. Early stopping counter: 40, LR counter: 15
[Trainer] No improvement. Iteration 20700. Early stopping counter: 41, LR counter: 16
[Trainer] No improvement. Iteration 20800. Early stopping counter: 42, LR counter: 17
[Trainer] No improvement. Iteration 20900. Early stopping counter: 43, LR counter: 18
[Trainer] No improvement. Iteration 21000. Early stopping counter: 44, LR counter: 19
[Trainer] No improvement. Iteration 21100. Early stopping counter: 45, LR counter: 20
[Trainer] No improvement. Iteration 21200. Early stopping counter: 46, LR counter: 21
[Trainer] No improvement. Iteration 21300. Early stopping counter: 47, LR counter: 22
[Trainer] No improvement. Iteration 21400. Early stopping counter: 48, LR counter: 23
[Trainer] No improvement. Iteration 21500. Early stopping counter: 49, LR counter: 24
[Trainer] No improvement. Iteration 21600. Early stopping counter: 50, LR counter: 25
[Trainer] Learning rate reduced to: 0.000000
[Trainer] Early stopping triggered.
[Trainer] Training completed.
[Trainer] Calibrating temperatures on validation set...
[Trainer] Temperature calibration finished. Calibrated temperatures: {4: 1.2580740451812744, 6: 1.2376915216445923, 8: 1.2914936542510986, 10: 1.387988805770874}
[Trainer] BNN training completed.
**************************************************
Z=8, N=4, emax=4
RMSE Eb: 0.589
RMSE Rch: 0.007
MAPE Eb: 1.774
MAPE Rch: 0.335
--------------------------------------------------
**************************************************
Z=8, N=4, emax=10
RMSE Eb: 0.791
RMSE Rch: 0.035
MAPE Eb: 1.215
MAPE Rch: 1.505
--------------------------------------------------
**************************************************
Z=8, N=4, emax=6
RMSE Eb: 0.660
RMSE Rch: 0.012
MAPE Eb: 1.237
MAPE Rch: 0.529
--------------------------------------------------
**************************************************
Z=8, N=4, emax=8
RMSE Eb: 0.676
RMSE Rch: 0.016
MAPE Eb: 1.089
MAPE Rch: 0.763
--------------------------------------------------
**************************************************
Z=8, N=5, emax=8
RMSE Eb: 0.705
RMSE Rch: 0.011
MAPE Eb: 0.877
MAPE Rch: 0.547
--------------------------------------------------
**************************************************
Z=8, N=5, emax=6
RMSE Eb: 0.534
RMSE Rch: 0.008
MAPE Eb: 0.746
MAPE Rch: 0.411
--------------------------------------------------
**************************************************
Z=8, N=5, emax=4
RMSE Eb: 0.629
RMSE Rch: 0.009
MAPE Eb: 1.277
MAPE Rch: 0.393
--------------------------------------------------
**************************************************
Z=8, N=5, emax=10
RMSE Eb: 0.497
RMSE Rch: 0.011
MAPE Eb: 0.584
MAPE Rch: 0.589
--------------------------------------------------
**************************************************
Z=8, N=6, emax=4
RMSE Eb: 0.645
RMSE Rch: 0.007
MAPE Eb: 0.959
MAPE Rch: 0.321
--------------------------------------------------
**************************************************
Z=8, N=6, emax=6
RMSE Eb: 0.756
RMSE Rch: 0.009
MAPE Eb: 0.743
MAPE Rch: 0.423
--------------------------------------------------
**************************************************
Z=8, N=6, emax=8
RMSE Eb: 0.699
RMSE Rch: 0.011
MAPE Eb: 0.691
MAPE Rch: 0.533
--------------------------------------------------
**************************************************
Z=8, N=6, emax=10
RMSE Eb: 0.793
RMSE Rch: 0.008
MAPE Eb: 0.762
MAPE Rch: 0.403
--------------------------------------------------
**************************************************
Z=8, N=7, emax=8
RMSE Eb: 0.842
RMSE Rch: 0.010
MAPE Eb: 0.691
MAPE Rch: 0.534
--------------------------------------------------
**************************************************
Z=8, N=7, emax=10
RMSE Eb: 0.682
RMSE Rch: 0.007
MAPE Eb: 0.534
MAPE Rch: 0.410
--------------------------------------------------
**************************************************
Z=8, N=7, emax=6
RMSE Eb: 0.623
RMSE Rch: 0.009
MAPE Eb: 0.602
MAPE Rch: 0.437
--------------------------------------------------
**************************************************
Z=8, N=7, emax=4
RMSE Eb: 0.710
RMSE Rch: 0.008
MAPE Eb: 0.895
MAPE Rch: 0.404
--------------------------------------------------
**************************************************
Z=8, N=8, emax=4
RMSE Eb: 0.658
RMSE Rch: 0.009
MAPE Eb: 0.712
MAPE Rch: 0.239
--------------------------------------------------
**************************************************
Z=8, N=8, emax=8
RMSE Eb: 0.884
RMSE Rch: 0.010
MAPE Eb: 0.691
MAPE Rch: 0.274
--------------------------------------------------
**************************************************
Z=8, N=8, emax=6
RMSE Eb: 0.707
RMSE Rch: 0.009
MAPE Eb: 0.590
MAPE Rch: 0.241
--------------------------------------------------
**************************************************
Z=8, N=8, emax=10
RMSE Eb: 1.274
RMSE Rch: 0.009
MAPE Eb: 1.023
MAPE Rch: 0.217
--------------------------------------------------
**************************************************
Z=8, N=9, emax=8
RMSE Eb: 0.676
RMSE Rch: 0.008
MAPE Eb: 0.498
MAPE Rch: 0.229
--------------------------------------------------
**************************************************
Z=8, N=9, emax=6
RMSE Eb: 0.645
RMSE Rch: 0.009
MAPE Eb: 0.515
MAPE Rch: 0.257
--------------------------------------------------
**************************************************
Z=8, N=9, emax=4
RMSE Eb: 0.756
RMSE Rch: 0.007
MAPE Eb: 0.779
MAPE Rch: 0.212
--------------------------------------------------
**************************************************
Z=8, N=9, emax=10
RMSE Eb: 1.078
RMSE Rch: 0.008
MAPE Eb: 0.810
MAPE Rch: 0.254
--------------------------------------------------
**************************************************
Z=8, N=10, emax=4
RMSE Eb: 0.717
RMSE Rch: 0.005
MAPE Eb: 0.756
MAPE Rch: 0.152
--------------------------------------------------
**************************************************
Z=8, N=10, emax=10
RMSE Eb: 1.324
RMSE Rch: 0.005
MAPE Eb: 1.041
MAPE Rch: 0.175
--------------------------------------------------
**************************************************
Z=8, N=10, emax=6
RMSE Eb: 0.737
RMSE Rch: 0.009
MAPE Eb: 0.564
MAPE Rch: 0.250
--------------------------------------------------
**************************************************
Z=8, N=10, emax=8
RMSE Eb: 0.785
RMSE Rch: 0.008
MAPE Eb: 0.560
MAPE Rch: 0.220
--------------------------------------------------
**************************************************
Z=8, N=11, emax=4
RMSE Eb: 0.812
RMSE Rch: 0.005
MAPE Eb: 0.866
MAPE Rch: 0.150
--------------------------------------------------
**************************************************
Z=8, N=11, emax=6
RMSE Eb: 0.604
RMSE Rch: 0.008
MAPE Eb: 0.458
MAPE Rch: 0.230
--------------------------------------------------
**************************************************
Z=8, N=11, emax=8
RMSE Eb: 0.773
RMSE Rch: 0.006
MAPE Eb: 0.565
MAPE Rch: 0.180
--------------------------------------------------
**************************************************
Z=8, N=11, emax=10
RMSE Eb: 1.113
RMSE Rch: 0.010
MAPE Eb: 0.633
MAPE Rch: 0.326
--------------------------------------------------
**************************************************
Z=8, N=12, emax=6
RMSE Eb: 0.639
RMSE Rch: 0.006
MAPE Eb: 0.460
MAPE Rch: 0.186
--------------------------------------------------
**************************************************
Z=8, N=12, emax=4
RMSE Eb: 0.846
RMSE Rch: 0.006
MAPE Eb: 0.901
MAPE Rch: 0.156
--------------------------------------------------
**************************************************
Z=8, N=12, emax=8
RMSE Eb: 0.850
RMSE Rch: 0.007
MAPE Eb: 0.576
MAPE Rch: 0.212
--------------------------------------------------
**************************************************
Z=8, N=12, emax=10
RMSE Eb: 0.684
RMSE Rch: 0.009
MAPE Eb: 0.409
MAPE Rch: 0.287
--------------------------------------------------
**************************************************
Z=8, N=13, emax=8
RMSE Eb: 0.912
RMSE Rch: 0.007
MAPE Eb: 0.606
MAPE Rch: 0.221
--------------------------------------------------
**************************************************
Z=8, N=13, emax=4
RMSE Eb: 0.926
RMSE Rch: 0.007
MAPE Eb: 0.996
MAPE Rch: 0.174
--------------------------------------------------
**************************************************
Z=8, N=13, emax=10
RMSE Eb: 1.098
RMSE Rch: 0.010
MAPE Eb: 0.750
MAPE Rch: 0.276
--------------------------------------------------
**************************************************
Z=8, N=13, emax=6
RMSE Eb: 0.634
RMSE Rch: 0.008
MAPE Eb: 0.488
MAPE Rch: 0.235
--------------------------------------------------
**************************************************
Z=8, N=14, emax=8
RMSE Eb: 1.121
RMSE Rch: 0.012
MAPE Eb: 0.699
MAPE Rch: 0.324
--------------------------------------------------
**************************************************
Z=8, N=14, emax=4
RMSE Eb: 0.939
RMSE Rch: 0.008
MAPE Eb: 0.953
MAPE Rch: 0.195
--------------------------------------------------
**************************************************
Z=8, N=14, emax=6
RMSE Eb: 0.797
RMSE Rch: 0.008
MAPE Eb: 0.583
MAPE Rch: 0.201
--------------------------------------------------
**************************************************
Z=8, N=14, emax=10
RMSE Eb: 0.927
RMSE Rch: 0.013
MAPE Eb: 0.629
MAPE Rch: 0.383
--------------------------------------------------
**************************************************
Z=8, N=15, emax=8
RMSE Eb: 1.075
RMSE Rch: 0.008
MAPE Eb: 0.682
MAPE Rch: 0.204
--------------------------------------------------
**************************************************
Z=8, N=15, emax=4
RMSE Eb: 1.337
RMSE Rch: 0.006
MAPE Eb: 1.481
MAPE Rch: 0.165
--------------------------------------------------
**************************************************
Z=8, N=15, emax=6
RMSE Eb: 1.095
RMSE Rch: 0.007
MAPE Eb: 0.784
MAPE Rch: 0.182
--------------------------------------------------
**************************************************
Z=8, N=15, emax=10
RMSE Eb: 0.979
RMSE Rch: 0.012
MAPE Eb: 0.580
MAPE Rch: 0.306
--------------------------------------------------
**************************************************
Z=8, N=16, emax=8
RMSE Eb: 1.085
RMSE Rch: 0.009
MAPE Eb: 0.654
MAPE Rch: 0.254
--------------------------------------------------
**************************************************
Z=8, N=16, emax=6
RMSE Eb: 0.996
RMSE Rch: 0.007
MAPE Eb: 0.657
MAPE Rch: 0.203
--------------------------------------------------
**************************************************
Z=8, N=16, emax=10
RMSE Eb: 0.773
RMSE Rch: 0.012
MAPE Eb: 0.466
MAPE Rch: 0.349
--------------------------------------------------
**************************************************
Z=8, N=16, emax=4
RMSE Eb: 1.540
RMSE Rch: 0.010
MAPE Eb: 1.728
MAPE Rch: 0.259
--------------------------------------------------
Finished VAL for AE n=234
**************************************************
Z=8, N=4, emax=6
RMSE Eb: 0.730
RMSE Rch: 0.010
MAPE Eb: 1.346
MAPE Rch: 0.437
--------------------------------------------------
**************************************************
Z=8, N=4, emax=8
RMSE Eb: 0.646
RMSE Rch: 0.016
MAPE Eb: 0.985
MAPE Rch: 0.732
--------------------------------------------------
**************************************************
Z=8, N=4, emax=4
RMSE Eb: 0.607
RMSE Rch: 0.007
MAPE Eb: 1.814
MAPE Rch: 0.309
--------------------------------------------------
**************************************************
Z=8, N=4, emax=10
RMSE Eb: 0.793
RMSE Rch: 0.020
MAPE Eb: 1.343
MAPE Rch: 0.932
--------------------------------------------------
**************************************************
Z=8, N=5, emax=4
RMSE Eb: 0.508
RMSE Rch: 0.009
MAPE Eb: 0.998
MAPE Rch: 0.408
--------------------------------------------------
**************************************************
Z=8, N=5, emax=8
RMSE Eb: 0.523
RMSE Rch: 0.012
MAPE Eb: 0.657
MAPE Rch: 0.634
--------------------------------------------------
**************************************************
Z=8, N=5, emax=6
RMSE Eb: 0.666
RMSE Rch: 0.009
MAPE Eb: 0.981
MAPE Rch: 0.436
--------------------------------------------------
**************************************************
Z=8, N=5, emax=10
RMSE Eb: 0.815
RMSE Rch: 0.014
MAPE Eb: 0.976
MAPE Rch: 0.717
--------------------------------------------------
**************************************************
Z=8, N=6, emax=4
RMSE Eb: 0.629
RMSE Rch: 0.008
MAPE Eb: 0.906
MAPE Rch: 0.372
--------------------------------------------------
**************************************************
Z=8, N=6, emax=8
RMSE Eb: 0.884
RMSE Rch: 0.015
MAPE Eb: 0.822
MAPE Rch: 0.648
--------------------------------------------------
**************************************************
Z=8, N=6, emax=6
RMSE Eb: 0.779
RMSE Rch: 0.009
MAPE Eb: 0.848
MAPE Rch: 0.395
--------------------------------------------------
**************************************************
Z=8, N=6, emax=10
RMSE Eb: 0.872
RMSE Rch: 0.016
MAPE Eb: 0.815
MAPE Rch: 0.788
--------------------------------------------------
**************************************************
Z=8, N=7, emax=4
RMSE Eb: 0.793
RMSE Rch: 0.007
MAPE Eb: 1.016
MAPE Rch: 0.345
--------------------------------------------------
**************************************************
Z=8, N=7, emax=8
RMSE Eb: 1.013
RMSE Rch: 0.011
MAPE Eb: 0.797
MAPE Rch: 0.520
--------------------------------------------------
**************************************************
Z=8, N=7, emax=6
RMSE Eb: 0.756
RMSE Rch: 0.009
MAPE Eb: 0.669
MAPE Rch: 0.444
--------------------------------------------------
**************************************************
Z=8, N=7, emax=10
RMSE Eb: 1.044
RMSE Rch: 0.011
MAPE Eb: 0.818
MAPE Rch: 0.581
--------------------------------------------------
**************************************************
Z=8, N=8, emax=4
RMSE Eb: 0.703
RMSE Rch: 0.008
MAPE Eb: 0.727
MAPE Rch: 0.229
--------------------------------------------------
**************************************************
Z=8, N=8, emax=6
RMSE Eb: 0.730
RMSE Rch: 0.009
MAPE Eb: 0.596
MAPE Rch: 0.241
--------------------------------------------------
**************************************************
Z=8, N=8, emax=8
RMSE Eb: 0.905
RMSE Rch: 0.012
MAPE Eb: 0.660
MAPE Rch: 0.329
--------------------------------------------------
**************************************************
Z=8, N=8, emax=10
RMSE Eb: 1.179
RMSE Rch: 0.011
MAPE Eb: 0.820
MAPE Rch: 0.258
--------------------------------------------------
**************************************************
Z=8, N=9, emax=4
RMSE Eb: 0.717
RMSE Rch: 0.007
MAPE Eb: 0.760
MAPE Rch: 0.203
--------------------------------------------------
**************************************************
Z=8, N=9, emax=8
RMSE Eb: 0.815
RMSE Rch: 0.008
MAPE Eb: 0.596
MAPE Rch: 0.234
--------------------------------------------------
**************************************************
Z=8, N=9, emax=6
RMSE Eb: 0.637
RMSE Rch: 0.010
MAPE Eb: 0.503
MAPE Rch: 0.276
--------------------------------------------------
**************************************************
Z=8, N=9, emax=10
RMSE Eb: 1.080
RMSE Rch: 0.008
MAPE Eb: 0.681
MAPE Rch: 0.238
--------------------------------------------------
**************************************************
Z=8, N=10, emax=4
RMSE Eb: 0.709
RMSE Rch: 0.007
MAPE Eb: 0.712
MAPE Rch: 0.186
--------------------------------------------------
**************************************************
Z=8, N=10, emax=6
RMSE Eb: 0.743
RMSE Rch: 0.009
MAPE Eb: 0.598
MAPE Rch: 0.262
--------------------------------------------------
**************************************************
Z=8, N=10, emax=8
RMSE Eb: 0.646
RMSE Rch: 0.007
MAPE Eb: 0.482
MAPE Rch: 0.189
--------------------------------------------------
**************************************************
Z=8, N=10, emax=10
RMSE Eb: 0.716
RMSE Rch: 0.005
MAPE Eb: 0.481
MAPE Rch: 0.167
--------------------------------------------------
**************************************************
Z=8, N=11, emax=8
RMSE Eb: 0.755
RMSE Rch: 0.008
MAPE Eb: 0.508
MAPE Rch: 0.206
--------------------------------------------------
**************************************************
Z=8, N=11, emax=4
RMSE Eb: 0.779
RMSE Rch: 0.005
MAPE Eb: 0.788
MAPE Rch: 0.140
--------------------------------------------------
**************************************************
Z=8, N=11, emax=6
RMSE Eb: 0.631
RMSE Rch: 0.007
MAPE Eb: 0.522
MAPE Rch: 0.202
--------------------------------------------------
**************************************************
Z=8, N=11, emax=10
RMSE Eb: 0.809
RMSE Rch: 0.006
MAPE Eb: 0.564
MAPE Rch: 0.176
--------------------------------------------------
**************************************************
Z=8, N=12, emax=6
RMSE Eb: 0.639
RMSE Rch: 0.007
MAPE Eb: 0.483
MAPE Rch: 0.199
--------------------------------------------------
**************************************************
Z=8, N=12, emax=8
RMSE Eb: 0.946
RMSE Rch: 0.008
MAPE Eb: 0.624
MAPE Rch: 0.211
--------------------------------------------------
**************************************************
Z=8, N=12, emax=4
RMSE Eb: 0.697
RMSE Rch: 0.005
MAPE Eb: 0.717
MAPE Rch: 0.140
--------------------------------------------------
**************************************************
Z=8, N=12, emax=10
RMSE Eb: 1.054
RMSE Rch: 0.009
MAPE Eb: 0.653
MAPE Rch: 0.252
--------------------------------------------------
**************************************************
Z=8, N=13, emax=8
RMSE Eb: 0.870
RMSE Rch: 0.007
MAPE Eb: 0.554
MAPE Rch: 0.181
--------------------------------------------------
**************************************************
Z=8, N=13, emax=4
RMSE Eb: 1.061
RMSE Rch: 0.006
MAPE Eb: 1.142
MAPE Rch: 0.165
--------------------------------------------------
**************************************************
Z=8, N=13, emax=6
RMSE Eb: 0.826
RMSE Rch: 0.008
MAPE Eb: 0.599
MAPE Rch: 0.230
--------------------------------------------------
**************************************************
Z=8, N=13, emax=10
RMSE Eb: 0.802
RMSE Rch: 0.007
MAPE Eb: 0.506
MAPE Rch: 0.207
--------------------------------------------------
**************************************************
Z=8, N=14, emax=6
RMSE Eb: 0.861
RMSE Rch: 0.008
MAPE Eb: 0.620
MAPE Rch: 0.219
--------------------------------------------------
**************************************************
Z=8, N=14, emax=10
RMSE Eb: 0.960
RMSE Rch: 0.015
MAPE Eb: 0.500
MAPE Rch: 0.463
--------------------------------------------------
**************************************************
Z=8, N=14, emax=4
RMSE Eb: 0.842
RMSE Rch: 0.006
MAPE Eb: 0.876
MAPE Rch: 0.175
--------------------------------------------------
**************************************************
Z=8, N=14, emax=8
RMSE Eb: 0.945
RMSE Rch: 0.011
MAPE Eb: 0.612
MAPE Rch: 0.288
--------------------------------------------------
**************************************************
Z=8, N=15, emax=8
RMSE Eb: 1.101
RMSE Rch: 0.008
MAPE Eb: 0.691
MAPE Rch: 0.210
--------------------------------------------------
**************************************************
Z=8, N=15, emax=6
RMSE Eb: 1.089
RMSE Rch: 0.006
MAPE Eb: 0.795
MAPE Rch: 0.169
--------------------------------------------------
**************************************************
Z=8, N=15, emax=4
RMSE Eb: 1.115
RMSE Rch: 0.007
MAPE Eb: 1.203
MAPE Rch: 0.203
--------------------------------------------------
**************************************************
Z=8, N=15, emax=10
RMSE Eb: 1.413
RMSE Rch: 0.013
MAPE Eb: 0.936
MAPE Rch: 0.364
--------------------------------------------------
**************************************************
Z=8, N=16, emax=4
RMSE Eb: 1.512
RMSE Rch: 0.008
MAPE Eb: 1.636
MAPE Rch: 0.208
--------------------------------------------------
**************************************************
Z=8, N=16, emax=8
RMSE Eb: 1.043
RMSE Rch: 0.008
MAPE Eb: 0.632
MAPE Rch: 0.195
--------------------------------------------------
**************************************************
Z=8, N=16, emax=6
RMSE Eb: 1.046
RMSE Rch: 0.008
MAPE Eb: 0.700
MAPE Rch: 0.229
--------------------------------------------------
**************************************************
Z=8, N=16, emax=10
RMSE Eb: 1.275
RMSE Rch: 0.012
MAPE Eb: 0.767
MAPE Rch: 0.338
--------------------------------------------------
