Activated conda environment
[DataLoader] Found 13 files matching the pattern.
[DataLoader] Combined data shape: (17234, 35)
[Preprocess] Data split => train: (11029, 35), val: (2758, 35), test: (3447, 35)
[Preprocess] Processed fidelity 4 (index 0): 3758 samples.
[Preprocess] Processed fidelity 6 (index 1): 3346 samples.
[Preprocess] Processed fidelity 8 (index 2): 3194 samples.
[Preprocess] Processed fidelity 10 (index 3): 731 samples.
[Preprocess] Processed fidelity 4 (index 0): 949 samples.
[Preprocess] Processed fidelity 6 (index 1): 833 samples.
[Preprocess] Processed fidelity 8 (index 2): 801 samples.
[Preprocess] Processed fidelity 10 (index 3): 175 samples.
Fidelity levels: [4, 6, 8, 10]
[Trainer] Starting BNN training...
[Trainer] No improvement. Iteration 7400. Early stopping counter: 1, LR counter: 1
[Trainer] No improvement. Iteration 7500. Early stopping counter: 2, LR counter: 2
[Trainer] No improvement. Iteration 7600. Early stopping counter: 3, LR counter: 3
[Trainer] No improvement. Iteration 7700. Early stopping counter: 4, LR counter: 4
[Trainer] No improvement. Iteration 7800. Early stopping counter: 5, LR counter: 5
[Trainer] No improvement. Iteration 8400. Early stopping counter: 1, LR counter: 1
[Trainer] No improvement. Iteration 8600. Early stopping counter: 1, LR counter: 1
[Trainer] No improvement. Iteration 8700. Early stopping counter: 2, LR counter: 2
[Trainer] No improvement. Iteration 9100. Early stopping counter: 1, LR counter: 1
[Trainer] No improvement. Iteration 9300. Early stopping counter: 1, LR counter: 1
[Trainer] No improvement. Iteration 9400. Early stopping counter: 2, LR counter: 2
[Trainer] No improvement. Iteration 9600. Early stopping counter: 1, LR counter: 1
[Trainer] No improvement. Iteration 9700. Early stopping counter: 2, LR counter: 2
[Trainer] No improvement. Iteration 9800. Early stopping counter: 3, LR counter: 3
[Trainer] No improvement. Iteration 9900. Early stopping counter: 4, LR counter: 4
[Trainer] No improvement. Iteration 10000. Early stopping counter: 5, LR counter: 5
[Trainer] No improvement. Iteration 10100. Early stopping counter: 6, LR counter: 6
[Trainer] No improvement. Iteration 10200. Early stopping counter: 7, LR counter: 7
[Trainer] No improvement. Iteration 10300. Early stopping counter: 8, LR counter: 8
[Trainer] No improvement. Iteration 10400. Early stopping counter: 9, LR counter: 9
[Trainer] No improvement. Iteration 10500. Early stopping counter: 10, LR counter: 10
[Trainer] No improvement. Iteration 10600. Early stopping counter: 11, LR counter: 11
[Trainer] No improvement. Iteration 10700. Early stopping counter: 12, LR counter: 12
[Trainer] No improvement. Iteration 10800. Early stopping counter: 13, LR counter: 13
[Trainer] No improvement. Iteration 10900. Early stopping counter: 14, LR counter: 14
[Trainer] No improvement. Iteration 11000. Early stopping counter: 15, LR counter: 15
[Trainer] No improvement. Iteration 11100. Early stopping counter: 16, LR counter: 16
[Trainer] No improvement. Iteration 11200. Early stopping counter: 17, LR counter: 17
[Trainer] No improvement. Iteration 11300. Early stopping counter: 18, LR counter: 18
[Trainer] No improvement. Iteration 11400. Early stopping counter: 19, LR counter: 19
[Trainer] No improvement. Iteration 11500. Early stopping counter: 20, LR counter: 20
[Trainer] No improvement. Iteration 11600. Early stopping counter: 21, LR counter: 21
[Trainer] No improvement. Iteration 11700. Early stopping counter: 22, LR counter: 22
[Trainer] No improvement. Iteration 11800. Early stopping counter: 23, LR counter: 23
[Trainer] No improvement. Iteration 11900. Early stopping counter: 24, LR counter: 24
[Trainer] No improvement. Iteration 12000. Early stopping counter: 25, LR counter: 25
[Trainer] Learning rate reduced to: 0.000010
[Trainer] No improvement. Iteration 12100. Early stopping counter: 26, LR counter: 1
[Trainer] No improvement. Iteration 12200. Early stopping counter: 27, LR counter: 2
[Trainer] No improvement. Iteration 12300. Early stopping counter: 28, LR counter: 3
[Trainer] No improvement. Iteration 12400. Early stopping counter: 29, LR counter: 4
[Trainer] No improvement. Iteration 12500. Early stopping counter: 30, LR counter: 5
[Trainer] No improvement. Iteration 12600. Early stopping counter: 31, LR counter: 6
[Trainer] No improvement. Iteration 12700. Early stopping counter: 32, LR counter: 7
[Trainer] No improvement. Iteration 12800. Early stopping counter: 33, LR counter: 8
[Trainer] No improvement. Iteration 12900. Early stopping counter: 34, LR counter: 9
[Trainer] No improvement. Iteration 13000. Early stopping counter: 35, LR counter: 10
[Trainer] No improvement. Iteration 13100. Early stopping counter: 36, LR counter: 11
[Trainer] No improvement. Iteration 13200. Early stopping counter: 37, LR counter: 12
[Trainer] No improvement. Iteration 13300. Early stopping counter: 38, LR counter: 13
[Trainer] No improvement. Iteration 13400. Early stopping counter: 39, LR counter: 14
[Trainer] No improvement. Iteration 13500. Early stopping counter: 40, LR counter: 15
[Trainer] No improvement. Iteration 13600. Early stopping counter: 41, LR counter: 16
[Trainer] No improvement. Iteration 13700. Early stopping counter: 42, LR counter: 17
[Trainer] No improvement. Iteration 13800. Early stopping counter: 43, LR counter: 18
[Trainer] No improvement. Iteration 13900. Early stopping counter: 44, LR counter: 19
[Trainer] No improvement. Iteration 14000. Early stopping counter: 45, LR counter: 20
[Trainer] No improvement. Iteration 14100. Early stopping counter: 46, LR counter: 21
[Trainer] No improvement. Iteration 14200. Early stopping counter: 47, LR counter: 22
[Trainer] No improvement. Iteration 14300. Early stopping counter: 48, LR counter: 23
[Trainer] No improvement. Iteration 14400. Early stopping counter: 49, LR counter: 24
[Trainer] No improvement. Iteration 14500. Early stopping counter: 50, LR counter: 25
[Trainer] Learning rate reduced to: 0.000001
[Trainer] Early stopping triggered.
[Trainer] Training completed.
[Trainer] Calibrating temperatures on validation set...
[Trainer] Temperature calibration finished. Calibrated temperatures: {4: 1.9120874404907227, 6: 1.4999370574951172, 8: 1.5508134365081787, 10: 1.6921448707580566}
[Trainer] BNN training completed.
**************************************************
Z=8, N=4, emax=4
RMSE Eb: 0.721
RMSE Rch: 0.010
MAPE Eb: 2.116
MAPE Rch: 0.465
--------------------------------------------------
**************************************************
Z=8, N=4, emax=10
RMSE Eb: 2.099
RMSE Rch: 0.042
MAPE Eb: 3.431
MAPE Rch: 1.991
--------------------------------------------------
**************************************************
Z=8, N=4, emax=6
RMSE Eb: 0.830
RMSE Rch: 0.014
MAPE Eb: 1.469
MAPE Rch: 0.660
--------------------------------------------------
**************************************************
Z=8, N=4, emax=8
RMSE Eb: 0.799
RMSE Rch: 0.015
MAPE Eb: 1.310
MAPE Rch: 0.704
--------------------------------------------------
**************************************************
Z=8, N=5, emax=8
RMSE Eb: 0.943
RMSE Rch: 0.013
MAPE Eb: 1.182
MAPE Rch: 0.620
--------------------------------------------------
**************************************************
Z=8, N=5, emax=6
RMSE Eb: 0.742
RMSE Rch: 0.012
MAPE Eb: 1.054
MAPE Rch: 0.599
--------------------------------------------------
**************************************************
Z=8, N=5, emax=4
RMSE Eb: 0.535
RMSE Rch: 0.010
MAPE Eb: 1.092
MAPE Rch: 0.482
--------------------------------------------------
**************************************************
Z=8, N=5, emax=10
RMSE Eb: 1.082
RMSE Rch: 0.009
MAPE Eb: 1.430
MAPE Rch: 0.532
--------------------------------------------------
**************************************************
Z=8, N=6, emax=4
RMSE Eb: 0.759
RMSE Rch: 0.008
MAPE Eb: 1.137
MAPE Rch: 0.392
--------------------------------------------------
**************************************************
Z=8, N=6, emax=6
RMSE Eb: 0.873
RMSE Rch: 0.009
MAPE Eb: 0.890
MAPE Rch: 0.443
--------------------------------------------------
**************************************************
Z=8, N=6, emax=8
RMSE Eb: 1.132
RMSE Rch: 0.013
MAPE Eb: 1.064
MAPE Rch: 0.656
--------------------------------------------------
**************************************************
Z=8, N=6, emax=10
RMSE Eb: 1.568
RMSE Rch: 0.029
MAPE Eb: 1.422
MAPE Rch: 1.562
--------------------------------------------------
**************************************************
Z=8, N=7, emax=8
RMSE Eb: 1.121
RMSE Rch: 0.016
MAPE Eb: 0.934
MAPE Rch: 0.843
--------------------------------------------------
**************************************************
Z=8, N=7, emax=10
RMSE Eb: 1.474
RMSE Rch: 0.032
MAPE Eb: 1.229
MAPE Rch: 1.774
--------------------------------------------------
**************************************************
Z=8, N=7, emax=6
RMSE Eb: 0.935
RMSE Rch: 0.010
MAPE Eb: 0.892
MAPE Rch: 0.530
--------------------------------------------------
**************************************************
Z=8, N=7, emax=4
RMSE Eb: 0.916
RMSE Rch: 0.010
MAPE Eb: 1.055
MAPE Rch: 0.463
--------------------------------------------------
**************************************************
Z=8, N=8, emax=4
RMSE Eb: 0.751
RMSE Rch: 0.012
MAPE Eb: 0.833
MAPE Rch: 0.363
--------------------------------------------------
**************************************************
Z=8, N=8, emax=8
RMSE Eb: 1.141
RMSE Rch: 0.015
MAPE Eb: 0.870
MAPE Rch: 0.452
--------------------------------------------------
**************************************************
Z=8, N=8, emax=6
RMSE Eb: 0.761
RMSE Rch: 0.011
MAPE Eb: 0.662
MAPE Rch: 0.317
--------------------------------------------------
**************************************************
Z=8, N=8, emax=10
RMSE Eb: 1.450
RMSE Rch: 0.040
MAPE Eb: 1.114
MAPE Rch: 1.172
--------------------------------------------------
**************************************************
Z=8, N=9, emax=8
RMSE Eb: 0.733
RMSE Rch: 0.011
MAPE Eb: 0.565
MAPE Rch: 0.303
--------------------------------------------------
**************************************************
Z=8, N=9, emax=6
RMSE Eb: 0.600
RMSE Rch: 0.007
MAPE Eb: 0.509
MAPE Rch: 0.200
--------------------------------------------------
**************************************************
Z=8, N=9, emax=4
RMSE Eb: 0.537
RMSE Rch: 0.008
MAPE Eb: 0.510
MAPE Rch: 0.233
--------------------------------------------------
**************************************************
Z=8, N=9, emax=10
RMSE Eb: 1.042
RMSE Rch: 0.016
MAPE Eb: 0.643
MAPE Rch: 0.452
--------------------------------------------------
**************************************************
Z=8, N=10, emax=4
RMSE Eb: 0.518
RMSE Rch: 0.006
MAPE Eb: 0.523
MAPE Rch: 0.162
--------------------------------------------------
**************************************************
Z=8, N=10, emax=10
RMSE Eb: 0.764
RMSE Rch: 0.014
MAPE Eb: 0.487
MAPE Rch: 0.401
--------------------------------------------------
**************************************************
Z=8, N=10, emax=6
RMSE Eb: 0.602
RMSE Rch: 0.008
MAPE Eb: 0.490
MAPE Rch: 0.220
--------------------------------------------------
**************************************************
Z=8, N=10, emax=8
RMSE Eb: 0.715
RMSE Rch: 0.010
MAPE Eb: 0.502
MAPE Rch: 0.270
--------------------------------------------------
**************************************************
Z=8, N=11, emax=4
RMSE Eb: 0.519
RMSE Rch: 0.006
MAPE Eb: 0.543
MAPE Rch: 0.166
--------------------------------------------------
**************************************************
Z=8, N=11, emax=6
RMSE Eb: 0.450
RMSE Rch: 0.007
MAPE Eb: 0.343
MAPE Rch: 0.188
--------------------------------------------------
**************************************************
Z=8, N=11, emax=8
RMSE Eb: 0.571
RMSE Rch: 0.007
MAPE Eb: 0.394
MAPE Rch: 0.212
--------------------------------------------------
**************************************************
Z=8, N=11, emax=10
RMSE Eb: 1.118
RMSE Rch: 0.019
MAPE Eb: 0.762
MAPE Rch: 0.549
--------------------------------------------------
**************************************************
Z=8, N=12, emax=6
RMSE Eb: 0.454
RMSE Rch: 0.008
MAPE Eb: 0.348
MAPE Rch: 0.225
--------------------------------------------------
**************************************************
Z=8, N=12, emax=4
RMSE Eb: 0.501
RMSE Rch: 0.008
MAPE Eb: 0.492
MAPE Rch: 0.206
--------------------------------------------------
**************************************************
Z=8, N=12, emax=8
RMSE Eb: 0.644
RMSE Rch: 0.007
MAPE Eb: 0.432
MAPE Rch: 0.199
--------------------------------------------------
**************************************************
Z=8, N=12, emax=10
RMSE Eb: 1.034
RMSE Rch: 0.011
MAPE Eb: 0.796
MAPE Rch: 0.365
--------------------------------------------------
**************************************************
Z=8, N=13, emax=8
RMSE Eb: 0.538
RMSE Rch: 0.008
MAPE Eb: 0.342
MAPE Rch: 0.224
--------------------------------------------------
**************************************************
Z=8, N=13, emax=4
RMSE Eb: 0.479
RMSE Rch: 0.009
MAPE Eb: 0.505
MAPE Rch: 0.241
--------------------------------------------------
**************************************************
Z=8, N=13, emax=10
RMSE Eb: 0.746
RMSE Rch: 0.012
MAPE Eb: 0.488
MAPE Rch: 0.320
--------------------------------------------------
**************************************************
Z=8, N=13, emax=6
RMSE Eb: 0.554
RMSE Rch: 0.007
MAPE Eb: 0.412
MAPE Rch: 0.187
--------------------------------------------------
**************************************************
Z=8, N=14, emax=8
RMSE Eb: 0.750
RMSE Rch: 0.012
MAPE Eb: 0.455
MAPE Rch: 0.301
--------------------------------------------------
**************************************************
Z=8, N=14, emax=4
RMSE Eb: 0.608
RMSE Rch: 0.010
MAPE Eb: 0.634
MAPE Rch: 0.268
--------------------------------------------------
**************************************************
Z=8, N=14, emax=6
RMSE Eb: 0.515
RMSE Rch: 0.007
MAPE Eb: 0.379
MAPE Rch: 0.191
--------------------------------------------------
**************************************************
Z=8, N=14, emax=10
RMSE Eb: 1.165
RMSE Rch: 0.019
MAPE Eb: 0.744
MAPE Rch: 0.573
--------------------------------------------------
**************************************************
Z=8, N=15, emax=8
RMSE Eb: 0.549
RMSE Rch: 0.008
MAPE Eb: 0.339
MAPE Rch: 0.235
--------------------------------------------------
**************************************************
Z=8, N=15, emax=4
RMSE Eb: 0.649
RMSE Rch: 0.009
MAPE Eb: 0.552
MAPE Rch: 0.278
--------------------------------------------------
**************************************************
Z=8, N=15, emax=6
RMSE Eb: 0.557
RMSE Rch: 0.006
MAPE Eb: 0.423
MAPE Rch: 0.176
--------------------------------------------------
**************************************************
Z=8, N=15, emax=10
RMSE Eb: 1.021
RMSE Rch: 0.014
MAPE Eb: 0.603
MAPE Rch: 0.373
--------------------------------------------------
**************************************************
Z=8, N=16, emax=8
RMSE Eb: 0.899
RMSE Rch: 0.010
MAPE Eb: 0.520
MAPE Rch: 0.277
--------------------------------------------------
**************************************************
Z=8, N=16, emax=6
RMSE Eb: 0.481
RMSE Rch: 0.008
MAPE Eb: 0.331
MAPE Rch: 0.234
--------------------------------------------------
**************************************************
Z=8, N=16, emax=10
RMSE Eb: 1.210
RMSE Rch: 0.017
MAPE Eb: 0.708
MAPE Rch: 0.497
--------------------------------------------------
**************************************************
Z=8, N=16, emax=4
RMSE Eb: 0.654
RMSE Rch: 0.009
MAPE Eb: 0.638
MAPE Rch: 0.261
--------------------------------------------------
Finished VAL for AE n=628
**************************************************
Z=8, N=4, emax=6
RMSE Eb: 0.820
RMSE Rch: 0.012
MAPE Eb: 1.550
MAPE Rch: 0.589
--------------------------------------------------
**************************************************
Z=8, N=4, emax=8
RMSE Eb: 1.116
RMSE Rch: 0.017
MAPE Eb: 1.757
MAPE Rch: 0.774
--------------------------------------------------
**************************************************
Z=8, N=4, emax=4
RMSE Eb: 0.740
RMSE Rch: 0.009
MAPE Eb: 2.074
MAPE Rch: 0.432
--------------------------------------------------
**************************************************
Z=8, N=4, emax=10
RMSE Eb: 1.316
RMSE Rch: 0.022
MAPE Eb: 2.045
MAPE Rch: 1.102
--------------------------------------------------
**************************************************
Z=8, N=5, emax=4
RMSE Eb: 0.673
RMSE Rch: 0.008
MAPE Eb: 1.326
MAPE Rch: 0.377
--------------------------------------------------
**************************************************
Z=8, N=5, emax=8
RMSE Eb: 0.862
RMSE Rch: 0.013
MAPE Eb: 1.102
MAPE Rch: 0.646
--------------------------------------------------
**************************************************
Z=8, N=5, emax=6
RMSE Eb: 0.738
RMSE Rch: 0.008
MAPE Eb: 1.105
MAPE Rch: 0.384
--------------------------------------------------
**************************************************
Z=8, N=5, emax=10
RMSE Eb: 1.703
RMSE Rch: 0.026
MAPE Eb: 1.879
MAPE Rch: 1.351
--------------------------------------------------
**************************************************
Z=8, N=6, emax=4
RMSE Eb: 0.804
RMSE Rch: 0.008
MAPE Eb: 1.161
MAPE Rch: 0.396
--------------------------------------------------
**************************************************
Z=8, N=6, emax=8
RMSE Eb: 1.258
RMSE Rch: 0.018
MAPE Eb: 1.190
MAPE Rch: 0.839
--------------------------------------------------
**************************************************
Z=8, N=6, emax=6
RMSE Eb: 0.914
RMSE Rch: 0.011
MAPE Eb: 1.031
MAPE Rch: 0.477
--------------------------------------------------
**************************************************
Z=8, N=6, emax=10
RMSE Eb: 0.646
RMSE Rch: 0.023
MAPE Eb: 0.598
MAPE Rch: 1.191
--------------------------------------------------
**************************************************
Z=8, N=7, emax=4
RMSE Eb: 0.804
RMSE Rch: 0.008
MAPE Eb: 0.920
MAPE Rch: 0.402
--------------------------------------------------
**************************************************
Z=8, N=7, emax=8
RMSE Eb: 1.343
RMSE Rch: 0.017
MAPE Eb: 1.089
MAPE Rch: 0.957
--------------------------------------------------
**************************************************
Z=8, N=7, emax=6
RMSE Eb: 0.912
RMSE Rch: 0.012
MAPE Eb: 0.823
MAPE Rch: 0.588
--------------------------------------------------
**************************************************
Z=8, N=7, emax=10
RMSE Eb: 1.471
RMSE Rch: 0.028
MAPE Eb: 1.169
MAPE Rch: 1.470
--------------------------------------------------
**************************************************
Z=8, N=8, emax=4
RMSE Eb: 0.617
RMSE Rch: 0.013
MAPE Eb: 0.640
MAPE Rch: 0.409
--------------------------------------------------
**************************************************
Z=8, N=8, emax=6
RMSE Eb: 0.796
RMSE Rch: 0.012
MAPE Eb: 0.641
MAPE Rch: 0.338
--------------------------------------------------
**************************************************
Z=8, N=8, emax=8
RMSE Eb: 0.947
RMSE Rch: 0.013
MAPE Eb: 0.754
MAPE Rch: 0.370
--------------------------------------------------
**************************************************
Z=8, N=8, emax=10
RMSE Eb: 1.716
RMSE Rch: 0.030
MAPE Eb: 1.294
MAPE Rch: 0.818
--------------------------------------------------
**************************************************
Z=8, N=9, emax=4
RMSE Eb: 0.490
RMSE Rch: 0.008
MAPE Eb: 0.532
MAPE Rch: 0.231
--------------------------------------------------
**************************************************
Z=8, N=9, emax=8
RMSE Eb: 0.601
RMSE Rch: 0.009
MAPE Eb: 0.441
MAPE Rch: 0.251
--------------------------------------------------
**************************************************
Z=8, N=9, emax=6
RMSE Eb: 0.561
RMSE Rch: 0.007
MAPE Eb: 0.474
MAPE Rch: 0.198
--------------------------------------------------
**************************************************
Z=8, N=9, emax=10
RMSE Eb: 1.370
RMSE Rch: 0.014
MAPE Eb: 0.948
MAPE Rch: 0.419
--------------------------------------------------
**************************************************
Z=8, N=10, emax=4
RMSE Eb: 0.466
RMSE Rch: 0.006
MAPE Eb: 0.488
MAPE Rch: 0.163
--------------------------------------------------
**************************************************
Z=8, N=10, emax=6
RMSE Eb: 0.483
RMSE Rch: 0.006
MAPE Eb: 0.365
MAPE Rch: 0.181
--------------------------------------------------
**************************************************
Z=8, N=10, emax=8
RMSE Eb: 0.630
RMSE Rch: 0.010
MAPE Eb: 0.472
MAPE Rch: 0.289
--------------------------------------------------
**************************************************
Z=8, N=10, emax=10
RMSE Eb: 0.918
RMSE Rch: 0.020
MAPE Eb: 0.718
MAPE Rch: 0.581
--------------------------------------------------
**************************************************
Z=8, N=11, emax=8
RMSE Eb: 0.646
RMSE Rch: 0.008
MAPE Eb: 0.440
MAPE Rch: 0.224
--------------------------------------------------
**************************************************
Z=8, N=11, emax=4
RMSE Eb: 0.438
RMSE Rch: 0.007
MAPE Eb: 0.453
MAPE Rch: 0.196
--------------------------------------------------
**************************************************
Z=8, N=11, emax=6
RMSE Eb: 0.503
RMSE Rch: 0.007
MAPE Eb: 0.409
MAPE Rch: 0.195
--------------------------------------------------
**************************************************
Z=8, N=11, emax=10
RMSE Eb: 1.159
RMSE Rch: 0.019
MAPE Eb: 0.804
MAPE Rch: 0.559
--------------------------------------------------
**************************************************
Z=8, N=12, emax=6
RMSE Eb: 0.451
RMSE Rch: 0.008
MAPE Eb: 0.346
MAPE Rch: 0.234
--------------------------------------------------
**************************************************
Z=8, N=12, emax=8
RMSE Eb: 0.579
RMSE Rch: 0.009
MAPE Eb: 0.372
MAPE Rch: 0.254
--------------------------------------------------
**************************************************
Z=8, N=12, emax=4
RMSE Eb: 0.518
RMSE Rch: 0.007
MAPE Eb: 0.503
MAPE Rch: 0.210
--------------------------------------------------
**************************************************
Z=8, N=12, emax=10
RMSE Eb: 1.050
RMSE Rch: 0.009
MAPE Eb: 0.641
MAPE Rch: 0.245
--------------------------------------------------
**************************************************
Z=8, N=13, emax=8
RMSE Eb: 0.712
RMSE Rch: 0.009
MAPE Eb: 0.434
MAPE Rch: 0.244
--------------------------------------------------
**************************************************
Z=8, N=13, emax=4
RMSE Eb: 0.450
RMSE Rch: 0.009
MAPE Eb: 0.466
MAPE Rch: 0.247
--------------------------------------------------
**************************************************
Z=8, N=13, emax=6
RMSE Eb: 0.494
RMSE Rch: 0.006
MAPE Eb: 0.371
MAPE Rch: 0.178
--------------------------------------------------
**************************************************
Z=8, N=13, emax=10
RMSE Eb: 0.753
RMSE Rch: 0.021
MAPE Eb: 0.498
MAPE Rch: 0.515
--------------------------------------------------
**************************************************
Z=8, N=14, emax=6
RMSE Eb: 0.484
RMSE Rch: 0.007
MAPE Eb: 0.350
MAPE Rch: 0.197
--------------------------------------------------
**************************************************
Z=8, N=14, emax=10
RMSE Eb: 1.085
RMSE Rch: 0.014
MAPE Eb: 0.593
MAPE Rch: 0.400
--------------------------------------------------
**************************************************
Z=8, N=14, emax=4
RMSE Eb: 0.629
RMSE Rch: 0.009
MAPE Eb: 0.646
MAPE Rch: 0.268
--------------------------------------------------
**************************************************
Z=8, N=14, emax=8
RMSE Eb: 0.651
RMSE Rch: 0.011
MAPE Eb: 0.388
MAPE Rch: 0.254
--------------------------------------------------
**************************************************
Z=8, N=15, emax=8
RMSE Eb: 0.785
RMSE Rch: 0.009
MAPE Eb: 0.475
MAPE Rch: 0.241
--------------------------------------------------
**************************************************
Z=8, N=15, emax=6
RMSE Eb: 0.562
RMSE Rch: 0.006
MAPE Eb: 0.393
MAPE Rch: 0.166
--------------------------------------------------
**************************************************
Z=8, N=15, emax=4
RMSE Eb: 0.588
RMSE Rch: 0.010
MAPE Eb: 0.570
MAPE Rch: 0.282
--------------------------------------------------
**************************************************
Z=8, N=15, emax=10
RMSE Eb: 0.788
RMSE Rch: 0.011
MAPE Eb: 0.492
MAPE Rch: 0.283
--------------------------------------------------
**************************************************
Z=8, N=16, emax=4
RMSE Eb: 0.745
RMSE Rch: 0.009
MAPE Eb: 0.727
MAPE Rch: 0.264
--------------------------------------------------
**************************************************
Z=8, N=16, emax=8
RMSE Eb: 0.925
RMSE Rch: 0.010
MAPE Eb: 0.580
MAPE Rch: 0.262
--------------------------------------------------
**************************************************
Z=8, N=16, emax=6
RMSE Eb: 0.670
RMSE Rch: 0.008
MAPE Eb: 0.443
MAPE Rch: 0.234
--------------------------------------------------
**************************************************
Z=8, N=16, emax=10
RMSE Eb: 0.840
RMSE Rch: 0.018
MAPE Eb: 0.460
MAPE Rch: 0.532
--------------------------------------------------
