Activated conda environment
[DataLoader] Found 13 files matching the pattern.
[DataLoader] Combined data shape: (17234, 35)
[Preprocess] Data split => train: (11029, 35), val: (2758, 35), test: (3447, 35)
[Preprocess] Processed fidelity 4 (index 0): 3758 samples.
[Preprocess] Processed fidelity 6 (index 1): 3346 samples.
[Preprocess] Processed fidelity 8 (index 2): 3194 samples.
[Preprocess] Processed fidelity 10 (index 3): 731 samples.
[Preprocess] Processed fidelity 4 (index 0): 949 samples.
[Preprocess] Processed fidelity 6 (index 1): 833 samples.
[Preprocess] Processed fidelity 8 (index 2): 801 samples.
[Preprocess] Processed fidelity 10 (index 3): 175 samples.
Fidelity levels: [4, 6, 8, 10]
[Trainer] Starting BNN training...
[Trainer] No improvement. Iteration 7700. Early stopping counter: 1, LR counter: 1
[Trainer] No improvement. Iteration 8200. Early stopping counter: 1, LR counter: 1
[Trainer] No improvement. Iteration 8300. Early stopping counter: 2, LR counter: 2
[Trainer] No improvement. Iteration 8400. Early stopping counter: 3, LR counter: 3
[Trainer] No improvement. Iteration 8600. Early stopping counter: 1, LR counter: 1
[Trainer] No improvement. Iteration 8700. Early stopping counter: 2, LR counter: 2
[Trainer] No improvement. Iteration 8800. Early stopping counter: 3, LR counter: 3
[Trainer] No improvement. Iteration 9500. Early stopping counter: 1, LR counter: 1
[Trainer] No improvement. Iteration 9600. Early stopping counter: 2, LR counter: 2
[Trainer] No improvement. Iteration 9700. Early stopping counter: 3, LR counter: 3
[Trainer] No improvement. Iteration 9800. Early stopping counter: 4, LR counter: 4
[Trainer] No improvement. Iteration 9900. Early stopping counter: 5, LR counter: 5
[Trainer] No improvement. Iteration 10000. Early stopping counter: 6, LR counter: 6
[Trainer] No improvement. Iteration 10100. Early stopping counter: 7, LR counter: 7
[Trainer] No improvement. Iteration 10400. Early stopping counter: 1, LR counter: 1
[Trainer] No improvement. Iteration 10500. Early stopping counter: 2, LR counter: 2
[Trainer] No improvement. Iteration 10600. Early stopping counter: 3, LR counter: 3
[Trainer] No improvement. Iteration 10700. Early stopping counter: 4, LR counter: 4
[Trainer] No improvement. Iteration 10800. Early stopping counter: 5, LR counter: 5
[Trainer] No improvement. Iteration 10900. Early stopping counter: 6, LR counter: 6
[Trainer] No improvement. Iteration 11000. Early stopping counter: 7, LR counter: 7
[Trainer] No improvement. Iteration 11100. Early stopping counter: 8, LR counter: 8
[Trainer] No improvement. Iteration 11200. Early stopping counter: 9, LR counter: 9
[Trainer] No improvement. Iteration 11300. Early stopping counter: 10, LR counter: 10
[Trainer] No improvement. Iteration 11400. Early stopping counter: 11, LR counter: 11
[Trainer] No improvement. Iteration 11500. Early stopping counter: 12, LR counter: 12
[Trainer] No improvement. Iteration 11600. Early stopping counter: 13, LR counter: 13
[Trainer] No improvement. Iteration 11700. Early stopping counter: 14, LR counter: 14
[Trainer] No improvement. Iteration 11800. Early stopping counter: 15, LR counter: 15
[Trainer] No improvement. Iteration 11900. Early stopping counter: 16, LR counter: 16
[Trainer] No improvement. Iteration 12000. Early stopping counter: 17, LR counter: 17
[Trainer] No improvement. Iteration 12100. Early stopping counter: 18, LR counter: 18
[Trainer] No improvement. Iteration 12200. Early stopping counter: 19, LR counter: 19
[Trainer] No improvement. Iteration 12300. Early stopping counter: 20, LR counter: 20
[Trainer] No improvement. Iteration 12400. Early stopping counter: 21, LR counter: 21
[Trainer] No improvement. Iteration 12500. Early stopping counter: 22, LR counter: 22
[Trainer] No improvement. Iteration 12600. Early stopping counter: 23, LR counter: 23
[Trainer] No improvement. Iteration 12700. Early stopping counter: 24, LR counter: 24
[Trainer] No improvement. Iteration 12800. Early stopping counter: 25, LR counter: 25
[Trainer] Learning rate reduced to: 0.000010
[Trainer] No improvement. Iteration 12900. Early stopping counter: 26, LR counter: 1
[Trainer] No improvement. Iteration 13000. Early stopping counter: 27, LR counter: 2
[Trainer] No improvement. Iteration 13100. Early stopping counter: 28, LR counter: 3
[Trainer] No improvement. Iteration 13200. Early stopping counter: 29, LR counter: 4
[Trainer] No improvement. Iteration 13300. Early stopping counter: 30, LR counter: 5
[Trainer] No improvement. Iteration 13600. Early stopping counter: 1, LR counter: 1
[Trainer] No improvement. Iteration 13700. Early stopping counter: 2, LR counter: 2
[Trainer] No improvement. Iteration 13800. Early stopping counter: 3, LR counter: 3
[Trainer] No improvement. Iteration 13900. Early stopping counter: 4, LR counter: 4
[Trainer] No improvement. Iteration 14000. Early stopping counter: 5, LR counter: 5
[Trainer] No improvement. Iteration 14100. Early stopping counter: 6, LR counter: 6
[Trainer] No improvement. Iteration 14200. Early stopping counter: 7, LR counter: 7
[Trainer] No improvement. Iteration 14300. Early stopping counter: 8, LR counter: 8
[Trainer] No improvement. Iteration 14400. Early stopping counter: 9, LR counter: 9
[Trainer] No improvement. Iteration 14500. Early stopping counter: 10, LR counter: 10
[Trainer] No improvement. Iteration 14600. Early stopping counter: 11, LR counter: 11
[Trainer] No improvement. Iteration 14700. Early stopping counter: 12, LR counter: 12
[Trainer] No improvement. Iteration 14800. Early stopping counter: 13, LR counter: 13
[Trainer] No improvement. Iteration 14900. Early stopping counter: 14, LR counter: 14
[Trainer] No improvement. Iteration 15000. Early stopping counter: 15, LR counter: 15
[Trainer] No improvement. Iteration 15100. Early stopping counter: 16, LR counter: 16
[Trainer] No improvement. Iteration 15200. Early stopping counter: 17, LR counter: 17
[Trainer] No improvement. Iteration 15300. Early stopping counter: 18, LR counter: 18
[Trainer] No improvement. Iteration 15400. Early stopping counter: 19, LR counter: 19
[Trainer] No improvement. Iteration 15500. Early stopping counter: 20, LR counter: 20
[Trainer] No improvement. Iteration 15600. Early stopping counter: 21, LR counter: 21
[Trainer] No improvement. Iteration 15700. Early stopping counter: 22, LR counter: 22
[Trainer] No improvement. Iteration 15800. Early stopping counter: 23, LR counter: 23
[Trainer] No improvement. Iteration 15900. Early stopping counter: 24, LR counter: 24
[Trainer] No improvement. Iteration 16000. Early stopping counter: 25, LR counter: 25
[Trainer] Learning rate reduced to: 0.000001
[Trainer] No improvement. Iteration 16100. Early stopping counter: 26, LR counter: 1
[Trainer] No improvement. Iteration 16200. Early stopping counter: 27, LR counter: 2
[Trainer] No improvement. Iteration 16300. Early stopping counter: 28, LR counter: 3
[Trainer] No improvement. Iteration 16400. Early stopping counter: 29, LR counter: 4
[Trainer] No improvement. Iteration 16500. Early stopping counter: 30, LR counter: 5
[Trainer] No improvement. Iteration 16600. Early stopping counter: 31, LR counter: 6
[Trainer] No improvement. Iteration 16700. Early stopping counter: 32, LR counter: 7
[Trainer] No improvement. Iteration 16800. Early stopping counter: 33, LR counter: 8
[Trainer] No improvement. Iteration 16900. Early stopping counter: 34, LR counter: 9
[Trainer] No improvement. Iteration 17000. Early stopping counter: 35, LR counter: 10
[Trainer] No improvement. Iteration 17100. Early stopping counter: 36, LR counter: 11
[Trainer] No improvement. Iteration 17200. Early stopping counter: 37, LR counter: 12
[Trainer] No improvement. Iteration 17300. Early stopping counter: 38, LR counter: 13
[Trainer] No improvement. Iteration 17400. Early stopping counter: 39, LR counter: 14
[Trainer] No improvement. Iteration 17500. Early stopping counter: 40, LR counter: 15
[Trainer] No improvement. Iteration 17600. Early stopping counter: 41, LR counter: 16
[Trainer] No improvement. Iteration 17700. Early stopping counter: 42, LR counter: 17
[Trainer] No improvement. Iteration 17800. Early stopping counter: 43, LR counter: 18
[Trainer] No improvement. Iteration 17900. Early stopping counter: 44, LR counter: 19
[Trainer] No improvement. Iteration 18000. Early stopping counter: 45, LR counter: 20
[Trainer] No improvement. Iteration 18100. Early stopping counter: 46, LR counter: 21
[Trainer] No improvement. Iteration 18200. Early stopping counter: 47, LR counter: 22
[Trainer] No improvement. Iteration 18300. Early stopping counter: 48, LR counter: 23
[Trainer] No improvement. Iteration 18400. Early stopping counter: 49, LR counter: 24
[Trainer] No improvement. Iteration 18500. Early stopping counter: 50, LR counter: 25
[Trainer] Learning rate reduced to: 0.000000
[Trainer] Early stopping triggered.
[Trainer] Training completed.
[Trainer] Calibrating temperatures on validation set...
[Trainer] Temperature calibration finished. Calibrated temperatures: {4: 1.5616215467453003, 6: 1.4252982139587402, 8: 1.5232452154159546, 10: 1.672942876815796}
[Trainer] BNN training completed.
**************************************************
Z=8, N=4, emax=4
RMSE Eb: 0.717
RMSE Rch: 0.007
MAPE Eb: 2.124
MAPE Rch: 0.334
--------------------------------------------------
**************************************************
Z=8, N=4, emax=10
RMSE Eb: 1.396
RMSE Rch: 0.026
MAPE Eb: 2.194
MAPE Rch: 1.241
--------------------------------------------------
**************************************************
Z=8, N=4, emax=6
RMSE Eb: 0.875
RMSE Rch: 0.011
MAPE Eb: 1.704
MAPE Rch: 0.539
--------------------------------------------------
**************************************************
Z=8, N=4, emax=8
RMSE Eb: 1.009
RMSE Rch: 0.013
MAPE Eb: 1.824
MAPE Rch: 0.588
--------------------------------------------------
**************************************************
Z=8, N=5, emax=8
RMSE Eb: 0.960
RMSE Rch: 0.012
MAPE Eb: 1.235
MAPE Rch: 0.576
--------------------------------------------------
**************************************************
Z=8, N=5, emax=6
RMSE Eb: 0.789
RMSE Rch: 0.009
MAPE Eb: 1.188
MAPE Rch: 0.425
--------------------------------------------------
**************************************************
Z=8, N=5, emax=4
RMSE Eb: 0.508
RMSE Rch: 0.006
MAPE Eb: 1.033
MAPE Rch: 0.286
--------------------------------------------------
**************************************************
Z=8, N=5, emax=10
RMSE Eb: 1.226
RMSE Rch: 0.017
MAPE Eb: 1.758
MAPE Rch: 0.846
--------------------------------------------------
**************************************************
Z=8, N=6, emax=4
RMSE Eb: 0.504
RMSE Rch: 0.006
MAPE Eb: 0.755
MAPE Rch: 0.290
--------------------------------------------------
**************************************************
Z=8, N=6, emax=6
RMSE Eb: 0.683
RMSE Rch: 0.008
MAPE Eb: 0.742
MAPE Rch: 0.370
--------------------------------------------------
**************************************************
Z=8, N=6, emax=8
RMSE Eb: 1.012
RMSE Rch: 0.013
MAPE Eb: 0.974
MAPE Rch: 0.652
--------------------------------------------------
**************************************************
Z=8, N=6, emax=10
RMSE Eb: 0.797
RMSE Rch: 0.012
MAPE Eb: 0.804
MAPE Rch: 0.599
--------------------------------------------------
**************************************************
Z=8, N=7, emax=8
RMSE Eb: 0.757
RMSE Rch: 0.009
MAPE Eb: 0.638
MAPE Rch: 0.494
--------------------------------------------------
**************************************************
Z=8, N=7, emax=10
RMSE Eb: 0.628
RMSE Rch: 0.012
MAPE Eb: 0.521
MAPE Rch: 0.673
--------------------------------------------------
**************************************************
Z=8, N=7, emax=6
RMSE Eb: 0.547
RMSE Rch: 0.009
MAPE Eb: 0.499
MAPE Rch: 0.497
--------------------------------------------------
**************************************************
Z=8, N=7, emax=4
RMSE Eb: 0.574
RMSE Rch: 0.007
MAPE Eb: 0.705
MAPE Rch: 0.350
--------------------------------------------------
**************************************************
Z=8, N=8, emax=4
RMSE Eb: 0.779
RMSE Rch: 0.007
MAPE Eb: 0.895
MAPE Rch: 0.205
--------------------------------------------------
**************************************************
Z=8, N=8, emax=8
RMSE Eb: 0.601
RMSE Rch: 0.011
MAPE Eb: 0.461
MAPE Rch: 0.300
--------------------------------------------------
**************************************************
Z=8, N=8, emax=6
RMSE Eb: 0.562
RMSE Rch: 0.009
MAPE Eb: 0.471
MAPE Rch: 0.243
--------------------------------------------------
**************************************************
Z=8, N=8, emax=10
RMSE Eb: 0.724
RMSE Rch: 0.006
MAPE Eb: 0.502
MAPE Rch: 0.173
--------------------------------------------------
**************************************************
Z=8, N=9, emax=8
RMSE Eb: 0.648
RMSE Rch: 0.008
MAPE Eb: 0.468
MAPE Rch: 0.231
--------------------------------------------------
**************************************************
Z=8, N=9, emax=6
RMSE Eb: 0.505
RMSE Rch: 0.006
MAPE Eb: 0.448
MAPE Rch: 0.173
--------------------------------------------------
**************************************************
Z=8, N=9, emax=4
RMSE Eb: 0.560
RMSE Rch: 0.006
MAPE Eb: 0.596
MAPE Rch: 0.162
--------------------------------------------------
**************************************************
Z=8, N=9, emax=10
RMSE Eb: 0.625
RMSE Rch: 0.004
MAPE Eb: 0.363
MAPE Rch: 0.139
--------------------------------------------------
**************************************************
Z=8, N=10, emax=4
RMSE Eb: 0.655
RMSE Rch: 0.005
MAPE Eb: 0.678
MAPE Rch: 0.124
--------------------------------------------------
**************************************************
Z=8, N=10, emax=10
RMSE Eb: 0.947
RMSE Rch: 0.004
MAPE Eb: 0.681
MAPE Rch: 0.109
--------------------------------------------------
**************************************************
Z=8, N=10, emax=6
RMSE Eb: 0.485
RMSE Rch: 0.009
MAPE Eb: 0.420
MAPE Rch: 0.239
--------------------------------------------------
**************************************************
Z=8, N=10, emax=8
RMSE Eb: 0.692
RMSE Rch: 0.010
MAPE Eb: 0.466
MAPE Rch: 0.279
--------------------------------------------------
**************************************************
Z=8, N=11, emax=4
RMSE Eb: 0.817
RMSE Rch: 0.006
MAPE Eb: 0.907
MAPE Rch: 0.170
--------------------------------------------------
**************************************************
Z=8, N=11, emax=6
RMSE Eb: 0.566
RMSE Rch: 0.008
MAPE Eb: 0.435
MAPE Rch: 0.249
--------------------------------------------------
**************************************************
Z=8, N=11, emax=8
RMSE Eb: 0.605
RMSE Rch: 0.009
MAPE Eb: 0.411
MAPE Rch: 0.285
--------------------------------------------------
**************************************************
Z=8, N=11, emax=10
RMSE Eb: 0.912
RMSE Rch: 0.005
MAPE Eb: 0.608
MAPE Rch: 0.147
--------------------------------------------------
**************************************************
Z=8, N=12, emax=6
RMSE Eb: 0.665
RMSE Rch: 0.007
MAPE Eb: 0.496
MAPE Rch: 0.215
--------------------------------------------------
**************************************************
Z=8, N=12, emax=4
RMSE Eb: 0.851
RMSE Rch: 0.005
MAPE Eb: 0.833
MAPE Rch: 0.136
--------------------------------------------------
**************************************************
Z=8, N=12, emax=8
RMSE Eb: 0.711
RMSE Rch: 0.007
MAPE Eb: 0.468
MAPE Rch: 0.207
--------------------------------------------------
**************************************************
Z=8, N=12, emax=10
RMSE Eb: 0.524
RMSE Rch: 0.006
MAPE Eb: 0.383
MAPE Rch: 0.169
--------------------------------------------------
**************************************************
Z=8, N=13, emax=8
RMSE Eb: 0.824
RMSE Rch: 0.009
MAPE Eb: 0.544
MAPE Rch: 0.293
--------------------------------------------------
**************************************************
Z=8, N=13, emax=4
RMSE Eb: 0.897
RMSE Rch: 0.007
MAPE Eb: 0.946
MAPE Rch: 0.175
--------------------------------------------------
**************************************************
Z=8, N=13, emax=10
RMSE Eb: 0.660
RMSE Rch: 0.008
MAPE Eb: 0.389
MAPE Rch: 0.250
--------------------------------------------------
**************************************************
Z=8, N=13, emax=6
RMSE Eb: 0.571
RMSE Rch: 0.006
MAPE Eb: 0.422
MAPE Rch: 0.177
--------------------------------------------------
**************************************************
Z=8, N=14, emax=8
RMSE Eb: 1.125
RMSE Rch: 0.012
MAPE Eb: 0.633
MAPE Rch: 0.283
--------------------------------------------------
**************************************************
Z=8, N=14, emax=4
RMSE Eb: 0.972
RMSE Rch: 0.005
MAPE Eb: 1.040
MAPE Rch: 0.158
--------------------------------------------------
**************************************************
Z=8, N=14, emax=6
RMSE Eb: 0.604
RMSE Rch: 0.007
MAPE Eb: 0.436
MAPE Rch: 0.215
--------------------------------------------------
**************************************************
Z=8, N=14, emax=10
RMSE Eb: 0.517
RMSE Rch: 0.010
MAPE Eb: 0.327
MAPE Rch: 0.257
--------------------------------------------------
**************************************************
Z=8, N=15, emax=8
RMSE Eb: 0.997
RMSE Rch: 0.008
MAPE Eb: 0.567
MAPE Rch: 0.243
--------------------------------------------------
**************************************************
Z=8, N=15, emax=4
RMSE Eb: 1.055
RMSE Rch: 0.005
MAPE Eb: 1.130
MAPE Rch: 0.142
--------------------------------------------------
**************************************************
Z=8, N=15, emax=6
RMSE Eb: 0.718
RMSE Rch: 0.008
MAPE Eb: 0.533
MAPE Rch: 0.215
--------------------------------------------------
**************************************************
Z=8, N=15, emax=10
RMSE Eb: 0.977
RMSE Rch: 0.007
MAPE Eb: 0.581
MAPE Rch: 0.196
--------------------------------------------------
**************************************************
Z=8, N=16, emax=8
RMSE Eb: 1.143
RMSE Rch: 0.010
MAPE Eb: 0.617
MAPE Rch: 0.300
--------------------------------------------------
**************************************************
Z=8, N=16, emax=6
RMSE Eb: 0.687
RMSE Rch: 0.011
MAPE Eb: 0.439
MAPE Rch: 0.312
--------------------------------------------------
**************************************************
Z=8, N=16, emax=10
RMSE Eb: 0.905
RMSE Rch: 0.007
MAPE Eb: 0.492
MAPE Rch: 0.198
--------------------------------------------------
**************************************************
Z=8, N=16, emax=4
RMSE Eb: 1.034
RMSE Rch: 0.008
MAPE Eb: 1.072
MAPE Rch: 0.215
--------------------------------------------------
Finished VAL for AE n=346
**************************************************
Z=8, N=4, emax=6
RMSE Eb: 0.906
RMSE Rch: 0.010
MAPE Eb: 1.787
MAPE Rch: 0.454
--------------------------------------------------
**************************************************
Z=8, N=4, emax=8
RMSE Eb: 0.871
RMSE Rch: 0.015
MAPE Eb: 1.437
MAPE Rch: 0.695
--------------------------------------------------
**************************************************
Z=8, N=4, emax=4
RMSE Eb: 0.554
RMSE Rch: 0.008
MAPE Eb: 1.564
MAPE Rch: 0.356
--------------------------------------------------
**************************************************
Z=8, N=4, emax=10
RMSE Eb: 1.198
RMSE Rch: 0.019
MAPE Eb: 1.917
MAPE Rch: 0.951
--------------------------------------------------
**************************************************
Z=8, N=5, emax=4
RMSE Eb: 0.512
RMSE Rch: 0.006
MAPE Eb: 0.970
MAPE Rch: 0.284
--------------------------------------------------
**************************************************
Z=8, N=5, emax=8
RMSE Eb: 0.949
RMSE Rch: 0.014
MAPE Eb: 1.176
MAPE Rch: 0.664
--------------------------------------------------
**************************************************
Z=8, N=5, emax=6
RMSE Eb: 0.751
RMSE Rch: 0.007
MAPE Eb: 1.076
MAPE Rch: 0.343
--------------------------------------------------
**************************************************
Z=8, N=5, emax=10
RMSE Eb: 1.375
RMSE Rch: 0.008
MAPE Eb: 1.612
MAPE Rch: 0.388
--------------------------------------------------
**************************************************
Z=8, N=6, emax=4
RMSE Eb: 0.572
RMSE Rch: 0.006
MAPE Eb: 0.813
MAPE Rch: 0.311
--------------------------------------------------
**************************************************
Z=8, N=6, emax=8
RMSE Eb: 1.112
RMSE Rch: 0.017
MAPE Eb: 1.000
MAPE Rch: 0.688
--------------------------------------------------
**************************************************
Z=8, N=6, emax=6
RMSE Eb: 0.666
RMSE Rch: 0.010
MAPE Eb: 0.702
MAPE Rch: 0.441
--------------------------------------------------
**************************************************
Z=8, N=6, emax=10
RMSE Eb: 0.802
RMSE Rch: 0.009
MAPE Eb: 0.686
MAPE Rch: 0.486
--------------------------------------------------
**************************************************
Z=8, N=7, emax=4
RMSE Eb: 0.587
RMSE Rch: 0.008
MAPE Eb: 0.703
MAPE Rch: 0.383
--------------------------------------------------
**************************************************
Z=8, N=7, emax=8
RMSE Eb: 0.770
RMSE Rch: 0.009
MAPE Eb: 0.608
MAPE Rch: 0.468
--------------------------------------------------
**************************************************
Z=8, N=7, emax=6
RMSE Eb: 0.618
RMSE Rch: 0.010
MAPE Eb: 0.588
MAPE Rch: 0.508
--------------------------------------------------
**************************************************
Z=8, N=7, emax=10
RMSE Eb: 0.785
RMSE Rch: 0.012
MAPE Eb: 0.641
MAPE Rch: 0.704
--------------------------------------------------
**************************************************
Z=8, N=8, emax=4
RMSE Eb: 0.712
RMSE Rch: 0.009
MAPE Eb: 0.726
MAPE Rch: 0.239
--------------------------------------------------
**************************************************
Z=8, N=8, emax=6
RMSE Eb: 0.469
RMSE Rch: 0.008
MAPE Eb: 0.369
MAPE Rch: 0.245
--------------------------------------------------
**************************************************
Z=8, N=8, emax=8
RMSE Eb: 0.623
RMSE Rch: 0.009
MAPE Eb: 0.492
MAPE Rch: 0.256
--------------------------------------------------
**************************************************
Z=8, N=8, emax=10
RMSE Eb: 0.764
RMSE Rch: 0.011
MAPE Eb: 0.533
MAPE Rch: 0.318
--------------------------------------------------
**************************************************
Z=8, N=9, emax=4
RMSE Eb: 0.678
RMSE Rch: 0.006
MAPE Eb: 0.749
MAPE Rch: 0.168
--------------------------------------------------
**************************************************
Z=8, N=9, emax=8
RMSE Eb: 0.630
RMSE Rch: 0.007
MAPE Eb: 0.465
MAPE Rch: 0.214
--------------------------------------------------
**************************************************
Z=8, N=9, emax=6
RMSE Eb: 0.532
RMSE Rch: 0.007
MAPE Eb: 0.448
MAPE Rch: 0.182
--------------------------------------------------
**************************************************
Z=8, N=9, emax=10
RMSE Eb: 0.810
RMSE Rch: 0.005
MAPE Eb: 0.651
MAPE Rch: 0.152
--------------------------------------------------
**************************************************
Z=8, N=10, emax=4
RMSE Eb: 0.686
RMSE Rch: 0.005
MAPE Eb: 0.735
MAPE Rch: 0.132
--------------------------------------------------
**************************************************
Z=8, N=10, emax=6
RMSE Eb: 0.506
RMSE Rch: 0.007
MAPE Eb: 0.409
MAPE Rch: 0.205
--------------------------------------------------
**************************************************
Z=8, N=10, emax=8
RMSE Eb: 0.579
RMSE Rch: 0.008
MAPE Eb: 0.411
MAPE Rch: 0.244
--------------------------------------------------
**************************************************
Z=8, N=10, emax=10
RMSE Eb: 0.463
RMSE Rch: 0.007
MAPE Eb: 0.288
MAPE Rch: 0.207
--------------------------------------------------
**************************************************
Z=8, N=11, emax=8
RMSE Eb: 0.599
RMSE Rch: 0.009
MAPE Eb: 0.404
MAPE Rch: 0.271
--------------------------------------------------
**************************************************
Z=8, N=11, emax=4
RMSE Eb: 0.784
RMSE Rch: 0.005
MAPE Eb: 0.895
MAPE Rch: 0.139
--------------------------------------------------
**************************************************
Z=8, N=11, emax=6
RMSE Eb: 0.518
RMSE Rch: 0.007
MAPE Eb: 0.425
MAPE Rch: 0.195
--------------------------------------------------
**************************************************
Z=8, N=11, emax=10
RMSE Eb: 0.873
RMSE Rch: 0.005
MAPE Eb: 0.579
MAPE Rch: 0.142
--------------------------------------------------
**************************************************
Z=8, N=12, emax=6
RMSE Eb: 0.631
RMSE Rch: 0.006
MAPE Eb: 0.445
MAPE Rch: 0.179
--------------------------------------------------
**************************************************
Z=8, N=12, emax=8
RMSE Eb: 0.642
RMSE Rch: 0.008
MAPE Eb: 0.431
MAPE Rch: 0.242
--------------------------------------------------
**************************************************
Z=8, N=12, emax=4
RMSE Eb: 0.855
RMSE Rch: 0.005
MAPE Eb: 0.888
MAPE Rch: 0.128
--------------------------------------------------
**************************************************
Z=8, N=12, emax=10
RMSE Eb: 0.408
RMSE Rch: 0.005
MAPE Eb: 0.258
MAPE Rch: 0.143
--------------------------------------------------
**************************************************
Z=8, N=13, emax=8
RMSE Eb: 0.646
RMSE Rch: 0.008
MAPE Eb: 0.417
MAPE Rch: 0.240
--------------------------------------------------
**************************************************
Z=8, N=13, emax=4
RMSE Eb: 0.893
RMSE Rch: 0.006
MAPE Eb: 0.965
MAPE Rch: 0.165
--------------------------------------------------
**************************************************
Z=8, N=13, emax=6
RMSE Eb: 0.651
RMSE Rch: 0.007
MAPE Eb: 0.470
MAPE Rch: 0.206
--------------------------------------------------
**************************************************
Z=8, N=13, emax=10
RMSE Eb: 0.524
RMSE Rch: 0.006
MAPE Eb: 0.361
MAPE Rch: 0.198
--------------------------------------------------
**************************************************
Z=8, N=14, emax=6
RMSE Eb: 0.603
RMSE Rch: 0.007
MAPE Eb: 0.387
MAPE Rch: 0.192
--------------------------------------------------
**************************************************
Z=8, N=14, emax=10
RMSE Eb: 0.793
RMSE Rch: 0.014
MAPE Eb: 0.475
MAPE Rch: 0.393
--------------------------------------------------
**************************************************
Z=8, N=14, emax=4
RMSE Eb: 0.966
RMSE Rch: 0.005
MAPE Eb: 1.075
MAPE Rch: 0.139
--------------------------------------------------
**************************************************
Z=8, N=14, emax=8
RMSE Eb: 0.846
RMSE Rch: 0.008
MAPE Eb: 0.465
MAPE Rch: 0.197
--------------------------------------------------
**************************************************
Z=8, N=15, emax=8
RMSE Eb: 0.772
RMSE Rch: 0.010
MAPE Eb: 0.453
MAPE Rch: 0.301
--------------------------------------------------
**************************************************
Z=8, N=15, emax=6
RMSE Eb: 0.678
RMSE Rch: 0.007
MAPE Eb: 0.477
MAPE Rch: 0.206
--------------------------------------------------
**************************************************
Z=8, N=15, emax=4
RMSE Eb: 0.984
RMSE Rch: 0.005
MAPE Eb: 1.111
MAPE Rch: 0.133
--------------------------------------------------
**************************************************
Z=8, N=15, emax=10
RMSE Eb: 0.505
RMSE Rch: 0.008
MAPE Eb: 0.310
MAPE Rch: 0.234
--------------------------------------------------
**************************************************
Z=8, N=16, emax=4
RMSE Eb: 1.157
RMSE Rch: 0.008
MAPE Eb: 1.249
MAPE Rch: 0.208
--------------------------------------------------
**************************************************
Z=8, N=16, emax=8
RMSE Eb: 0.764
RMSE Rch: 0.010
MAPE Eb: 0.428
MAPE Rch: 0.296
--------------------------------------------------
**************************************************
Z=8, N=16, emax=6
RMSE Eb: 0.700
RMSE Rch: 0.010
MAPE Eb: 0.456
MAPE Rch: 0.294
--------------------------------------------------
**************************************************
Z=8, N=16, emax=10
RMSE Eb: 0.773
RMSE Rch: 0.009
MAPE Eb: 0.437
MAPE Rch: 0.251
--------------------------------------------------
