Activated conda environment
[DataLoader] Found 13 files matching the pattern.
[DataLoader] Combined data shape: (17234, 35)
[Preprocess] Data split => train: (11029, 35), val: (2758, 35), test: (3447, 35)
[Preprocess] Processed fidelity 4 (index 0): 3758 samples.
[Preprocess] Processed fidelity 6 (index 1): 3346 samples.
[Preprocess] Processed fidelity 8 (index 2): 3194 samples.
[Preprocess] Processed fidelity 10 (index 3): 731 samples.
[Preprocess] Processed fidelity 4 (index 0): 949 samples.
[Preprocess] Processed fidelity 6 (index 1): 833 samples.
[Preprocess] Processed fidelity 8 (index 2): 801 samples.
[Preprocess] Processed fidelity 10 (index 3): 175 samples.
Fidelity levels: [4, 6, 8, 10]
[Trainer] Starting BNN training...
[Trainer] No improvement. Iteration 8300. Early stopping counter: 1, LR counter: 1
[Trainer] No improvement. Iteration 8600. Early stopping counter: 1, LR counter: 1
[Trainer] No improvement. Iteration 8700. Early stopping counter: 2, LR counter: 2
[Trainer] No improvement. Iteration 8800. Early stopping counter: 3, LR counter: 3
[Trainer] No improvement. Iteration 8900. Early stopping counter: 4, LR counter: 4
[Trainer] No improvement. Iteration 9000. Early stopping counter: 5, LR counter: 5
[Trainer] No improvement. Iteration 9100. Early stopping counter: 6, LR counter: 6
[Trainer] No improvement. Iteration 9200. Early stopping counter: 7, LR counter: 7
[Trainer] No improvement. Iteration 9300. Early stopping counter: 8, LR counter: 8
[Trainer] No improvement. Iteration 9400. Early stopping counter: 9, LR counter: 9
[Trainer] No improvement. Iteration 9500. Early stopping counter: 10, LR counter: 10
[Trainer] No improvement. Iteration 9600. Early stopping counter: 11, LR counter: 11
[Trainer] No improvement. Iteration 9700. Early stopping counter: 12, LR counter: 12
[Trainer] No improvement. Iteration 9800. Early stopping counter: 13, LR counter: 13
[Trainer] No improvement. Iteration 9900. Early stopping counter: 14, LR counter: 14
[Trainer] No improvement. Iteration 10000. Early stopping counter: 15, LR counter: 15
[Trainer] No improvement. Iteration 10100. Early stopping counter: 16, LR counter: 16
[Trainer] No improvement. Iteration 10200. Early stopping counter: 17, LR counter: 17
[Trainer] No improvement. Iteration 10300. Early stopping counter: 18, LR counter: 18
[Trainer] No improvement. Iteration 10400. Early stopping counter: 19, LR counter: 19
[Trainer] No improvement. Iteration 10500. Early stopping counter: 20, LR counter: 20
[Trainer] No improvement. Iteration 10600. Early stopping counter: 21, LR counter: 21
[Trainer] No improvement. Iteration 10700. Early stopping counter: 22, LR counter: 22
[Trainer] No improvement. Iteration 10800. Early stopping counter: 23, LR counter: 23
[Trainer] No improvement. Iteration 10900. Early stopping counter: 24, LR counter: 24
[Trainer] No improvement. Iteration 11000. Early stopping counter: 25, LR counter: 25
[Trainer] Learning rate reduced to: 0.000010
[Trainer] No improvement. Iteration 11100. Early stopping counter: 26, LR counter: 1
[Trainer] No improvement. Iteration 11200. Early stopping counter: 27, LR counter: 2
[Trainer] No improvement. Iteration 11300. Early stopping counter: 28, LR counter: 3
[Trainer] No improvement. Iteration 11400. Early stopping counter: 29, LR counter: 4
[Trainer] No improvement. Iteration 11500. Early stopping counter: 30, LR counter: 5
[Trainer] No improvement. Iteration 11600. Early stopping counter: 31, LR counter: 6
[Trainer] No improvement. Iteration 11700. Early stopping counter: 32, LR counter: 7
[Trainer] No improvement. Iteration 11800. Early stopping counter: 33, LR counter: 8
[Trainer] No improvement. Iteration 11900. Early stopping counter: 34, LR counter: 9
[Trainer] No improvement. Iteration 12100. Early stopping counter: 1, LR counter: 1
[Trainer] No improvement. Iteration 12200. Early stopping counter: 2, LR counter: 2
[Trainer] No improvement. Iteration 12300. Early stopping counter: 3, LR counter: 3
[Trainer] No improvement. Iteration 12400. Early stopping counter: 4, LR counter: 4
[Trainer] No improvement. Iteration 12500. Early stopping counter: 5, LR counter: 5
[Trainer] No improvement. Iteration 12600. Early stopping counter: 6, LR counter: 6
[Trainer] No improvement. Iteration 12700. Early stopping counter: 7, LR counter: 7
[Trainer] No improvement. Iteration 12800. Early stopping counter: 8, LR counter: 8
[Trainer] No improvement. Iteration 12900. Early stopping counter: 9, LR counter: 9
[Trainer] No improvement. Iteration 13000. Early stopping counter: 10, LR counter: 10
[Trainer] No improvement. Iteration 13100. Early stopping counter: 11, LR counter: 11
[Trainer] No improvement. Iteration 13200. Early stopping counter: 12, LR counter: 12
[Trainer] No improvement. Iteration 13300. Early stopping counter: 13, LR counter: 13
[Trainer] No improvement. Iteration 13400. Early stopping counter: 14, LR counter: 14
[Trainer] No improvement. Iteration 13500. Early stopping counter: 15, LR counter: 15
[Trainer] No improvement. Iteration 13600. Early stopping counter: 16, LR counter: 16
[Trainer] No improvement. Iteration 13700. Early stopping counter: 17, LR counter: 17
[Trainer] No improvement. Iteration 13800. Early stopping counter: 18, LR counter: 18
[Trainer] No improvement. Iteration 13900. Early stopping counter: 19, LR counter: 19
[Trainer] No improvement. Iteration 14000. Early stopping counter: 20, LR counter: 20
[Trainer] No improvement. Iteration 14100. Early stopping counter: 21, LR counter: 21
[Trainer] No improvement. Iteration 14200. Early stopping counter: 22, LR counter: 22
[Trainer] No improvement. Iteration 14300. Early stopping counter: 23, LR counter: 23
[Trainer] No improvement. Iteration 14400. Early stopping counter: 24, LR counter: 24
[Trainer] No improvement. Iteration 14500. Early stopping counter: 25, LR counter: 25
[Trainer] Learning rate reduced to: 0.000001
[Trainer] No improvement. Iteration 14600. Early stopping counter: 26, LR counter: 1
[Trainer] No improvement. Iteration 14700. Early stopping counter: 27, LR counter: 2
[Trainer] No improvement. Iteration 14800. Early stopping counter: 28, LR counter: 3
[Trainer] No improvement. Iteration 14900. Early stopping counter: 29, LR counter: 4
[Trainer] No improvement. Iteration 15000. Early stopping counter: 30, LR counter: 5
[Trainer] No improvement. Iteration 15100. Early stopping counter: 31, LR counter: 6
[Trainer] No improvement. Iteration 15200. Early stopping counter: 32, LR counter: 7
[Trainer] No improvement. Iteration 15300. Early stopping counter: 33, LR counter: 8
[Trainer] No improvement. Iteration 15400. Early stopping counter: 34, LR counter: 9
[Trainer] No improvement. Iteration 15500. Early stopping counter: 35, LR counter: 10
[Trainer] No improvement. Iteration 15600. Early stopping counter: 36, LR counter: 11
[Trainer] No improvement. Iteration 15700. Early stopping counter: 37, LR counter: 12
[Trainer] No improvement. Iteration 15800. Early stopping counter: 38, LR counter: 13
[Trainer] No improvement. Iteration 15900. Early stopping counter: 39, LR counter: 14
[Trainer] No improvement. Iteration 16000. Early stopping counter: 40, LR counter: 15
[Trainer] No improvement. Iteration 16100. Early stopping counter: 41, LR counter: 16
[Trainer] No improvement. Iteration 16200. Early stopping counter: 42, LR counter: 17
[Trainer] No improvement. Iteration 16300. Early stopping counter: 43, LR counter: 18
[Trainer] No improvement. Iteration 16400. Early stopping counter: 44, LR counter: 19
[Trainer] No improvement. Iteration 16500. Early stopping counter: 45, LR counter: 20
[Trainer] No improvement. Iteration 16600. Early stopping counter: 46, LR counter: 21
[Trainer] No improvement. Iteration 16700. Early stopping counter: 47, LR counter: 22
[Trainer] No improvement. Iteration 16800. Early stopping counter: 48, LR counter: 23
[Trainer] No improvement. Iteration 16900. Early stopping counter: 49, LR counter: 24
[Trainer] No improvement. Iteration 17000. Early stopping counter: 50, LR counter: 25
[Trainer] Learning rate reduced to: 0.000000
[Trainer] Early stopping triggered.
[Trainer] Training completed.
[Trainer] Calibrating temperatures on validation set...
[Trainer] Temperature calibration finished. Calibrated temperatures: {4: 1.4313369989395142, 6: 1.2410639524459839, 8: 1.3188074827194214, 10: 1.6346845626831055}
[Trainer] BNN training completed.
**************************************************
Z=8, N=4, emax=4
RMSE Eb: 0.599
RMSE Rch: 0.012
MAPE Eb: 1.629
MAPE Rch: 0.570
--------------------------------------------------
**************************************************
Z=8, N=4, emax=10
RMSE Eb: 1.451
RMSE Rch: 0.038
MAPE Eb: 2.212
MAPE Rch: 1.939
--------------------------------------------------
**************************************************
Z=8, N=4, emax=6
RMSE Eb: 0.633
RMSE Rch: 0.011
MAPE Eb: 1.237
MAPE Rch: 0.573
--------------------------------------------------
**************************************************
Z=8, N=4, emax=8
RMSE Eb: 0.922
RMSE Rch: 0.021
MAPE Eb: 1.571
MAPE Rch: 1.048
--------------------------------------------------
**************************************************
Z=8, N=5, emax=8
RMSE Eb: 0.898
RMSE Rch: 0.024
MAPE Eb: 1.059
MAPE Rch: 1.294
--------------------------------------------------
**************************************************
Z=8, N=5, emax=6
RMSE Eb: 0.633
RMSE Rch: 0.017
MAPE Eb: 0.929
MAPE Rch: 0.941
--------------------------------------------------
**************************************************
Z=8, N=5, emax=4
RMSE Eb: 0.616
RMSE Rch: 0.016
MAPE Eb: 1.189
MAPE Rch: 0.865
--------------------------------------------------
**************************************************
Z=8, N=5, emax=10
RMSE Eb: 1.422
RMSE Rch: 0.042
MAPE Eb: 1.762
MAPE Rch: 1.969
--------------------------------------------------
**************************************************
Z=8, N=6, emax=4
RMSE Eb: 0.717
RMSE Rch: 0.015
MAPE Eb: 1.072
MAPE Rch: 0.793
--------------------------------------------------
**************************************************
Z=8, N=6, emax=6
RMSE Eb: 0.743
RMSE Rch: 0.015
MAPE Eb: 0.844
MAPE Rch: 0.808
--------------------------------------------------
**************************************************
Z=8, N=6, emax=8
RMSE Eb: 0.934
RMSE Rch: 0.017
MAPE Eb: 0.832
MAPE Rch: 0.853
--------------------------------------------------
**************************************************
Z=8, N=6, emax=10
RMSE Eb: 1.217
RMSE Rch: 0.025
MAPE Eb: 1.102
MAPE Rch: 1.174
--------------------------------------------------
**************************************************
Z=8, N=7, emax=8
RMSE Eb: 1.000
RMSE Rch: 0.015
MAPE Eb: 0.807
MAPE Rch: 0.746
--------------------------------------------------
**************************************************
Z=8, N=7, emax=10
RMSE Eb: 0.671
RMSE Rch: 0.022
MAPE Eb: 0.533
MAPE Rch: 1.265
--------------------------------------------------
**************************************************
Z=8, N=7, emax=6
RMSE Eb: 0.883
RMSE Rch: 0.016
MAPE Eb: 0.785
MAPE Rch: 0.839
--------------------------------------------------
**************************************************
Z=8, N=7, emax=4
RMSE Eb: 0.735
RMSE Rch: 0.012
MAPE Eb: 0.921
MAPE Rch: 0.576
--------------------------------------------------
**************************************************
Z=8, N=8, emax=4
RMSE Eb: 0.688
RMSE Rch: 0.017
MAPE Eb: 0.675
MAPE Rch: 0.526
--------------------------------------------------
**************************************************
Z=8, N=8, emax=8
RMSE Eb: 0.747
RMSE Rch: 0.022
MAPE Eb: 0.568
MAPE Rch: 0.682
--------------------------------------------------
**************************************************
Z=8, N=8, emax=6
RMSE Eb: 0.784
RMSE Rch: 0.020
MAPE Eb: 0.600
MAPE Rch: 0.661
--------------------------------------------------
**************************************************
Z=8, N=8, emax=10
RMSE Eb: 1.398
RMSE Rch: 0.028
MAPE Eb: 1.096
MAPE Rch: 0.929
--------------------------------------------------
**************************************************
Z=8, N=9, emax=8
RMSE Eb: 0.630
RMSE Rch: 0.018
MAPE Eb: 0.471
MAPE Rch: 0.580
--------------------------------------------------
**************************************************
Z=8, N=9, emax=6
RMSE Eb: 0.547
RMSE Rch: 0.016
MAPE Eb: 0.447
MAPE Rch: 0.530
--------------------------------------------------
**************************************************
Z=8, N=9, emax=4
RMSE Eb: 0.683
RMSE Rch: 0.010
MAPE Eb: 0.758
MAPE Rch: 0.277
--------------------------------------------------
**************************************************
Z=8, N=9, emax=10
RMSE Eb: 0.487
RMSE Rch: 0.019
MAPE Eb: 0.361
MAPE Rch: 0.623
--------------------------------------------------
**************************************************
Z=8, N=10, emax=4
RMSE Eb: 0.475
RMSE Rch: 0.005
MAPE Eb: 0.497
MAPE Rch: 0.146
--------------------------------------------------
**************************************************
Z=8, N=10, emax=10
RMSE Eb: 0.496
RMSE Rch: 0.014
MAPE Eb: 0.333
MAPE Rch: 0.417
--------------------------------------------------
**************************************************
Z=8, N=10, emax=6
RMSE Eb: 0.480
RMSE Rch: 0.013
MAPE Eb: 0.382
MAPE Rch: 0.402
--------------------------------------------------
**************************************************
Z=8, N=10, emax=8
RMSE Eb: 0.651
RMSE Rch: 0.012
MAPE Eb: 0.470
MAPE Rch: 0.401
--------------------------------------------------
**************************************************
Z=8, N=11, emax=4
RMSE Eb: 0.656
RMSE Rch: 0.006
MAPE Eb: 0.759
MAPE Rch: 0.179
--------------------------------------------------
**************************************************
Z=8, N=11, emax=6
RMSE Eb: 0.525
RMSE Rch: 0.011
MAPE Eb: 0.421
MAPE Rch: 0.362
--------------------------------------------------
**************************************************
Z=8, N=11, emax=8
RMSE Eb: 0.669
RMSE Rch: 0.011
MAPE Eb: 0.471
MAPE Rch: 0.336
--------------------------------------------------
**************************************************
Z=8, N=11, emax=10
RMSE Eb: 0.751
RMSE Rch: 0.007
MAPE Eb: 0.530
MAPE Rch: 0.188
--------------------------------------------------
**************************************************
Z=8, N=12, emax=6
RMSE Eb: 0.403
RMSE Rch: 0.010
MAPE Eb: 0.284
MAPE Rch: 0.285
--------------------------------------------------
**************************************************
Z=8, N=12, emax=4
RMSE Eb: 0.515
RMSE Rch: 0.006
MAPE Eb: 0.545
MAPE Rch: 0.161
--------------------------------------------------
**************************************************
Z=8, N=12, emax=8
RMSE Eb: 0.576
RMSE Rch: 0.008
MAPE Eb: 0.379
MAPE Rch: 0.225
--------------------------------------------------
**************************************************
Z=8, N=12, emax=10
RMSE Eb: 0.510
RMSE Rch: 0.010
MAPE Eb: 0.340
MAPE Rch: 0.309
--------------------------------------------------
**************************************************
Z=8, N=13, emax=8
RMSE Eb: 0.556
RMSE Rch: 0.009
MAPE Eb: 0.367
MAPE Rch: 0.242
--------------------------------------------------
**************************************************
Z=8, N=13, emax=4
RMSE Eb: 0.743
RMSE Rch: 0.008
MAPE Eb: 0.802
MAPE Rch: 0.257
--------------------------------------------------
**************************************************
Z=8, N=13, emax=10
RMSE Eb: 0.669
RMSE Rch: 0.013
MAPE Eb: 0.427
MAPE Rch: 0.393
--------------------------------------------------
**************************************************
Z=8, N=13, emax=6
RMSE Eb: 0.503
RMSE Rch: 0.007
MAPE Eb: 0.351
MAPE Rch: 0.209
--------------------------------------------------
**************************************************
Z=8, N=14, emax=8
RMSE Eb: 0.670
RMSE Rch: 0.013
MAPE Eb: 0.405
MAPE Rch: 0.311
--------------------------------------------------
**************************************************
Z=8, N=14, emax=4
RMSE Eb: 0.691
RMSE Rch: 0.007
MAPE Eb: 0.716
MAPE Rch: 0.197
--------------------------------------------------
**************************************************
Z=8, N=14, emax=6
RMSE Eb: 0.446
RMSE Rch: 0.008
MAPE Eb: 0.321
MAPE Rch: 0.209
--------------------------------------------------
**************************************************
Z=8, N=14, emax=10
RMSE Eb: 0.474
RMSE Rch: 0.014
MAPE Eb: 0.292
MAPE Rch: 0.357
--------------------------------------------------
**************************************************
Z=8, N=15, emax=8
RMSE Eb: 0.693
RMSE Rch: 0.010
MAPE Eb: 0.417
MAPE Rch: 0.273
--------------------------------------------------
**************************************************
Z=8, N=15, emax=4
RMSE Eb: 0.567
RMSE Rch: 0.007
MAPE Eb: 0.600
MAPE Rch: 0.198
--------------------------------------------------
**************************************************
Z=8, N=15, emax=6
RMSE Eb: 0.419
RMSE Rch: 0.006
MAPE Eb: 0.303
MAPE Rch: 0.187
--------------------------------------------------
**************************************************
Z=8, N=15, emax=10
RMSE Eb: 0.958
RMSE Rch: 0.011
MAPE Eb: 0.535
MAPE Rch: 0.331
--------------------------------------------------
**************************************************
Z=8, N=16, emax=8
RMSE Eb: 0.729
RMSE Rch: 0.012
MAPE Eb: 0.408
MAPE Rch: 0.345
--------------------------------------------------
**************************************************
Z=8, N=16, emax=6
RMSE Eb: 0.468
RMSE Rch: 0.010
MAPE Eb: 0.330
MAPE Rch: 0.304
--------------------------------------------------
**************************************************
Z=8, N=16, emax=10
RMSE Eb: 1.012
RMSE Rch: 0.016
MAPE Eb: 0.502
MAPE Rch: 0.453
--------------------------------------------------
**************************************************
Z=8, N=16, emax=4
RMSE Eb: 0.895
RMSE Rch: 0.009
MAPE Eb: 0.999
MAPE Rch: 0.254
--------------------------------------------------
Finished VAL for AE n=670
**************************************************
Z=8, N=4, emax=6
RMSE Eb: 0.672
RMSE Rch: 0.011
MAPE Eb: 1.236
MAPE Rch: 0.545
--------------------------------------------------
**************************************************
Z=8, N=4, emax=8
RMSE Eb: 0.942
RMSE Rch: 0.021
MAPE Eb: 1.485
MAPE Rch: 1.023
--------------------------------------------------
**************************************************
Z=8, N=4, emax=4
RMSE Eb: 0.522
RMSE Rch: 0.012
MAPE Eb: 1.423
MAPE Rch: 0.581
--------------------------------------------------
**************************************************
Z=8, N=4, emax=10
RMSE Eb: 1.170
RMSE Rch: 0.035
MAPE Eb: 1.734
MAPE Rch: 1.739
--------------------------------------------------
**************************************************
Z=8, N=5, emax=4
RMSE Eb: 0.603
RMSE Rch: 0.015
MAPE Eb: 1.211
MAPE Rch: 0.816
--------------------------------------------------
**************************************************
Z=8, N=5, emax=8
RMSE Eb: 0.823
RMSE Rch: 0.023
MAPE Eb: 1.027
MAPE Rch: 1.246
--------------------------------------------------
**************************************************
Z=8, N=5, emax=6
RMSE Eb: 0.681
RMSE Rch: 0.018
MAPE Eb: 0.992
MAPE Rch: 0.960
--------------------------------------------------
**************************************************
Z=8, N=5, emax=10
RMSE Eb: 1.179
RMSE Rch: 0.024
MAPE Eb: 1.456
MAPE Rch: 1.201
--------------------------------------------------
**************************************************
Z=8, N=6, emax=4
RMSE Eb: 0.673
RMSE Rch: 0.015
MAPE Eb: 1.005
MAPE Rch: 0.767
--------------------------------------------------
**************************************************
Z=8, N=6, emax=8
RMSE Eb: 1.170
RMSE Rch: 0.017
MAPE Eb: 1.042
MAPE Rch: 0.876
--------------------------------------------------
**************************************************
Z=8, N=6, emax=6
RMSE Eb: 0.860
RMSE Rch: 0.015
MAPE Eb: 0.915
MAPE Rch: 0.771
--------------------------------------------------
**************************************************
Z=8, N=6, emax=10
RMSE Eb: 0.840
RMSE Rch: 0.017
MAPE Eb: 0.869
MAPE Rch: 0.967
--------------------------------------------------
**************************************************
Z=8, N=7, emax=4
RMSE Eb: 0.683
RMSE Rch: 0.010
MAPE Eb: 0.787
MAPE Rch: 0.517
--------------------------------------------------
**************************************************
Z=8, N=7, emax=8
RMSE Eb: 1.104
RMSE Rch: 0.015
MAPE Eb: 0.888
MAPE Rch: 0.719
--------------------------------------------------
**************************************************
Z=8, N=7, emax=6
RMSE Eb: 0.734
RMSE Rch: 0.017
MAPE Eb: 0.660
MAPE Rch: 0.875
--------------------------------------------------
**************************************************
Z=8, N=7, emax=10
RMSE Eb: 0.978
RMSE Rch: 0.022
MAPE Eb: 0.788
MAPE Rch: 1.239
--------------------------------------------------
**************************************************
Z=8, N=8, emax=4
RMSE Eb: 0.749
RMSE Rch: 0.016
MAPE Eb: 0.707
MAPE Rch: 0.491
--------------------------------------------------
**************************************************
Z=8, N=8, emax=6
RMSE Eb: 0.640
RMSE Rch: 0.020
MAPE Eb: 0.503
MAPE Rch: 0.670
--------------------------------------------------
**************************************************
Z=8, N=8, emax=8
RMSE Eb: 0.650
RMSE Rch: 0.025
MAPE Eb: 0.508
MAPE Rch: 0.810
--------------------------------------------------
**************************************************
Z=8, N=8, emax=10
RMSE Eb: 0.690
RMSE Rch: 0.028
MAPE Eb: 0.490
MAPE Rch: 0.781
--------------------------------------------------
**************************************************
Z=8, N=9, emax=4
RMSE Eb: 0.614
RMSE Rch: 0.010
MAPE Eb: 0.694
MAPE Rch: 0.289
--------------------------------------------------
**************************************************
Z=8, N=9, emax=8
RMSE Eb: 0.532
RMSE Rch: 0.019
MAPE Eb: 0.397
MAPE Rch: 0.627
--------------------------------------------------
**************************************************
Z=8, N=9, emax=6
RMSE Eb: 0.509
RMSE Rch: 0.016
MAPE Eb: 0.424
MAPE Rch: 0.538
--------------------------------------------------
**************************************************
Z=8, N=9, emax=10
RMSE Eb: 1.039
RMSE Rch: 0.015
MAPE Eb: 0.761
MAPE Rch: 0.446
--------------------------------------------------
**************************************************
Z=8, N=10, emax=4
RMSE Eb: 0.518
RMSE Rch: 0.006
MAPE Eb: 0.553
MAPE Rch: 0.177
--------------------------------------------------
**************************************************
Z=8, N=10, emax=6
RMSE Eb: 0.538
RMSE Rch: 0.012
MAPE Eb: 0.409
MAPE Rch: 0.357
--------------------------------------------------
**************************************************
Z=8, N=10, emax=8
RMSE Eb: 0.727
RMSE Rch: 0.013
MAPE Eb: 0.504
MAPE Rch: 0.411
--------------------------------------------------
**************************************************
Z=8, N=10, emax=10
RMSE Eb: 0.404
RMSE Rch: 0.014
MAPE Eb: 0.299
MAPE Rch: 0.406
--------------------------------------------------
**************************************************
Z=8, N=11, emax=8
RMSE Eb: 0.693
RMSE Rch: 0.011
MAPE Eb: 0.508
MAPE Rch: 0.317
--------------------------------------------------
**************************************************
Z=8, N=11, emax=4
RMSE Eb: 0.664
RMSE Rch: 0.005
MAPE Eb: 0.771
MAPE Rch: 0.142
--------------------------------------------------
**************************************************
Z=8, N=11, emax=6
RMSE Eb: 0.484
RMSE Rch: 0.012
MAPE Eb: 0.380
MAPE Rch: 0.369
--------------------------------------------------
**************************************************
Z=8, N=11, emax=10
RMSE Eb: 0.654
RMSE Rch: 0.008
MAPE Eb: 0.451
MAPE Rch: 0.248
--------------------------------------------------
**************************************************
Z=8, N=12, emax=6
RMSE Eb: 0.485
RMSE Rch: 0.010
MAPE Eb: 0.371
MAPE Rch: 0.303
--------------------------------------------------
**************************************************
Z=8, N=12, emax=8
RMSE Eb: 0.650
RMSE Rch: 0.009
MAPE Eb: 0.408
MAPE Rch: 0.246
--------------------------------------------------
**************************************************
Z=8, N=12, emax=4
RMSE Eb: 0.585
RMSE Rch: 0.007
MAPE Eb: 0.601
MAPE Rch: 0.190
--------------------------------------------------
**************************************************
Z=8, N=12, emax=10
RMSE Eb: 0.635
RMSE Rch: 0.009
MAPE Eb: 0.444
MAPE Rch: 0.239
--------------------------------------------------
**************************************************
Z=8, N=13, emax=8
RMSE Eb: 0.571
RMSE Rch: 0.008
MAPE Eb: 0.361
MAPE Rch: 0.213
--------------------------------------------------
**************************************************
Z=8, N=13, emax=4
RMSE Eb: 0.780
RMSE Rch: 0.009
MAPE Eb: 0.873
MAPE Rch: 0.254
--------------------------------------------------
**************************************************
Z=8, N=13, emax=6
RMSE Eb: 0.483
RMSE Rch: 0.006
MAPE Eb: 0.334
MAPE Rch: 0.185
--------------------------------------------------
**************************************************
Z=8, N=13, emax=10
RMSE Eb: 0.574
RMSE Rch: 0.024
MAPE Eb: 0.394
MAPE Rch: 0.592
--------------------------------------------------
**************************************************
Z=8, N=14, emax=6
RMSE Eb: 0.471
RMSE Rch: 0.007
MAPE Eb: 0.334
MAPE Rch: 0.199
--------------------------------------------------
**************************************************
Z=8, N=14, emax=10
RMSE Eb: 0.800
RMSE Rch: 0.012
MAPE Eb: 0.451
MAPE Rch: 0.351
--------------------------------------------------
**************************************************
Z=8, N=14, emax=4
RMSE Eb: 0.745
RMSE Rch: 0.007
MAPE Eb: 0.816
MAPE Rch: 0.208
--------------------------------------------------
**************************************************
Z=8, N=14, emax=8
RMSE Eb: 0.551
RMSE Rch: 0.010
MAPE Eb: 0.358
MAPE Rch: 0.244
--------------------------------------------------
**************************************************
Z=8, N=15, emax=8
RMSE Eb: 0.585
RMSE Rch: 0.009
MAPE Eb: 0.354
MAPE Rch: 0.263
--------------------------------------------------
**************************************************
Z=8, N=15, emax=6
RMSE Eb: 0.454
RMSE Rch: 0.007
MAPE Eb: 0.321
MAPE Rch: 0.221
--------------------------------------------------
**************************************************
Z=8, N=15, emax=4
RMSE Eb: 0.588
RMSE Rch: 0.008
MAPE Eb: 0.639
MAPE Rch: 0.214
--------------------------------------------------
**************************************************
Z=8, N=15, emax=10
RMSE Eb: 0.943
RMSE Rch: 0.013
MAPE Eb: 0.599
MAPE Rch: 0.371
--------------------------------------------------
**************************************************
Z=8, N=16, emax=4
RMSE Eb: 0.817
RMSE Rch: 0.010
MAPE Eb: 0.880
MAPE Rch: 0.275
--------------------------------------------------
**************************************************
Z=8, N=16, emax=8
RMSE Eb: 0.849
RMSE Rch: 0.012
MAPE Eb: 0.503
MAPE Rch: 0.357
--------------------------------------------------
**************************************************
Z=8, N=16, emax=6
RMSE Eb: 0.585
RMSE Rch: 0.010
MAPE Eb: 0.413
MAPE Rch: 0.297
--------------------------------------------------
**************************************************
Z=8, N=16, emax=10
RMSE Eb: 1.073
RMSE Rch: 0.013
MAPE Eb: 0.684
MAPE Rch: 0.419
--------------------------------------------------
