Activated conda environment
[DataLoader] Found 13 files matching the pattern.
[DataLoader] Combined data shape: (17234, 35)
[Preprocess] Data split => train: (11029, 35), val: (2758, 35), test: (3447, 35)
[Preprocess] Processed fidelity 4 (index 0): 3758 samples.
[Preprocess] Processed fidelity 6 (index 1): 3346 samples.
[Preprocess] Processed fidelity 8 (index 2): 3194 samples.
[Preprocess] Processed fidelity 10 (index 3): 731 samples.
[Preprocess] Processed fidelity 4 (index 0): 949 samples.
[Preprocess] Processed fidelity 6 (index 1): 833 samples.
[Preprocess] Processed fidelity 8 (index 2): 801 samples.
[Preprocess] Processed fidelity 10 (index 3): 175 samples.
Fidelity levels: [4, 6, 8, 10]
[Trainer] Starting BNN training...
[Trainer] No improvement. Iteration 8000. Early stopping counter: 1, LR counter: 1
[Trainer] No improvement. Iteration 8400. Early stopping counter: 1, LR counter: 1
[Trainer] No improvement. Iteration 8500. Early stopping counter: 2, LR counter: 2
[Trainer] No improvement. Iteration 8600. Early stopping counter: 3, LR counter: 3
[Trainer] No improvement. Iteration 8700. Early stopping counter: 4, LR counter: 4
[Trainer] No improvement. Iteration 8800. Early stopping counter: 5, LR counter: 5
[Trainer] No improvement. Iteration 8900. Early stopping counter: 6, LR counter: 6
[Trainer] No improvement. Iteration 9000. Early stopping counter: 7, LR counter: 7
[Trainer] No improvement. Iteration 9100. Early stopping counter: 8, LR counter: 8
[Trainer] No improvement. Iteration 9200. Early stopping counter: 9, LR counter: 9
[Trainer] No improvement. Iteration 9300. Early stopping counter: 10, LR counter: 10
[Trainer] No improvement. Iteration 9400. Early stopping counter: 11, LR counter: 11
[Trainer] No improvement. Iteration 9500. Early stopping counter: 12, LR counter: 12
[Trainer] No improvement. Iteration 9600. Early stopping counter: 13, LR counter: 13
[Trainer] No improvement. Iteration 9700. Early stopping counter: 14, LR counter: 14
[Trainer] No improvement. Iteration 9800. Early stopping counter: 15, LR counter: 15
[Trainer] No improvement. Iteration 9900. Early stopping counter: 16, LR counter: 16
[Trainer] No improvement. Iteration 10000. Early stopping counter: 17, LR counter: 17
[Trainer] No improvement. Iteration 10100. Early stopping counter: 18, LR counter: 18
[Trainer] No improvement. Iteration 10200. Early stopping counter: 19, LR counter: 19
[Trainer] No improvement. Iteration 10300. Early stopping counter: 20, LR counter: 20
[Trainer] No improvement. Iteration 10400. Early stopping counter: 21, LR counter: 21
[Trainer] No improvement. Iteration 10500. Early stopping counter: 22, LR counter: 22
[Trainer] No improvement. Iteration 10600. Early stopping counter: 23, LR counter: 23
[Trainer] No improvement. Iteration 10700. Early stopping counter: 24, LR counter: 24
[Trainer] No improvement. Iteration 10800. Early stopping counter: 25, LR counter: 25
[Trainer] Learning rate reduced to: 0.000010
[Trainer] No improvement. Iteration 10900. Early stopping counter: 26, LR counter: 1
[Trainer] No improvement. Iteration 11000. Early stopping counter: 27, LR counter: 2
[Trainer] No improvement. Iteration 11100. Early stopping counter: 28, LR counter: 3
[Trainer] No improvement. Iteration 11200. Early stopping counter: 29, LR counter: 4
[Trainer] No improvement. Iteration 11300. Early stopping counter: 30, LR counter: 5
[Trainer] No improvement. Iteration 11400. Early stopping counter: 31, LR counter: 6
[Trainer] No improvement. Iteration 11500. Early stopping counter: 32, LR counter: 7
[Trainer] No improvement. Iteration 11600. Early stopping counter: 33, LR counter: 8
[Trainer] No improvement. Iteration 11700. Early stopping counter: 34, LR counter: 9
[Trainer] No improvement. Iteration 11800. Early stopping counter: 35, LR counter: 10
[Trainer] No improvement. Iteration 11900. Early stopping counter: 36, LR counter: 11
[Trainer] No improvement. Iteration 12000. Early stopping counter: 37, LR counter: 12
[Trainer] No improvement. Iteration 12100. Early stopping counter: 38, LR counter: 13
[Trainer] No improvement. Iteration 12200. Early stopping counter: 39, LR counter: 14
[Trainer] No improvement. Iteration 12300. Early stopping counter: 40, LR counter: 15
[Trainer] No improvement. Iteration 12400. Early stopping counter: 41, LR counter: 16
[Trainer] No improvement. Iteration 12500. Early stopping counter: 42, LR counter: 17
[Trainer] No improvement. Iteration 12600. Early stopping counter: 43, LR counter: 18
[Trainer] No improvement. Iteration 12700. Early stopping counter: 44, LR counter: 19
[Trainer] No improvement. Iteration 12800. Early stopping counter: 45, LR counter: 20
[Trainer] No improvement. Iteration 12900. Early stopping counter: 46, LR counter: 21
[Trainer] No improvement. Iteration 13000. Early stopping counter: 47, LR counter: 22
[Trainer] No improvement. Iteration 13100. Early stopping counter: 48, LR counter: 23
[Trainer] No improvement. Iteration 13200. Early stopping counter: 49, LR counter: 24
[Trainer] No improvement. Iteration 13300. Early stopping counter: 50, LR counter: 25
[Trainer] Learning rate reduced to: 0.000001
[Trainer] Early stopping triggered.
[Trainer] Training completed.
[Trainer] Calibrating temperatures on validation set...
[Trainer] Temperature calibration finished. Calibrated temperatures: {4: 1.789874792098999, 6: 1.5980685949325562, 8: 1.7226794958114624, 10: 1.869460105895996}
[Trainer] BNN training completed.
**************************************************
Z=8, N=4, emax=4
RMSE Eb: 0.595
RMSE Rch: 0.009
MAPE Eb: 1.653
MAPE Rch: 0.426
--------------------------------------------------
**************************************************
Z=8, N=4, emax=10
RMSE Eb: 1.117
RMSE Rch: 0.045
MAPE Eb: 1.535
MAPE Rch: 2.037
--------------------------------------------------
**************************************************
Z=8, N=4, emax=6
RMSE Eb: 0.812
RMSE Rch: 0.011
MAPE Eb: 1.557
MAPE Rch: 0.509
--------------------------------------------------
**************************************************
Z=8, N=4, emax=8
RMSE Eb: 0.754
RMSE Rch: 0.018
MAPE Eb: 1.210
MAPE Rch: 0.849
--------------------------------------------------
**************************************************
Z=8, N=5, emax=8
RMSE Eb: 0.762
RMSE Rch: 0.012
MAPE Eb: 0.992
MAPE Rch: 0.576
--------------------------------------------------
**************************************************
Z=8, N=5, emax=6
RMSE Eb: 0.601
RMSE Rch: 0.010
MAPE Eb: 0.886
MAPE Rch: 0.503
--------------------------------------------------
**************************************************
Z=8, N=5, emax=4
RMSE Eb: 0.554
RMSE Rch: 0.008
MAPE Eb: 1.178
MAPE Rch: 0.346
--------------------------------------------------
**************************************************
Z=8, N=5, emax=10
RMSE Eb: 0.505
RMSE Rch: 0.022
MAPE Eb: 0.735
MAPE Rch: 0.952
--------------------------------------------------
**************************************************
Z=8, N=6, emax=4
RMSE Eb: 0.720
RMSE Rch: 0.008
MAPE Eb: 1.064
MAPE Rch: 0.393
--------------------------------------------------
**************************************************
Z=8, N=6, emax=6
RMSE Eb: 0.901
RMSE Rch: 0.008
MAPE Eb: 0.955
MAPE Rch: 0.407
--------------------------------------------------
**************************************************
Z=8, N=6, emax=8
RMSE Eb: 1.083
RMSE Rch: 0.013
MAPE Eb: 0.956
MAPE Rch: 0.707
--------------------------------------------------
**************************************************
Z=8, N=6, emax=10
RMSE Eb: 1.115
RMSE Rch: 0.018
MAPE Eb: 1.078
MAPE Rch: 0.879
--------------------------------------------------
**************************************************
Z=8, N=7, emax=8
RMSE Eb: 1.187
RMSE Rch: 0.012
MAPE Eb: 0.981
MAPE Rch: 0.585
--------------------------------------------------
**************************************************
Z=8, N=7, emax=10
RMSE Eb: 0.876
RMSE Rch: 0.017
MAPE Eb: 0.582
MAPE Rch: 0.828
--------------------------------------------------
**************************************************
Z=8, N=7, emax=6
RMSE Eb: 0.946
RMSE Rch: 0.009
MAPE Eb: 0.879
MAPE Rch: 0.453
--------------------------------------------------
**************************************************
Z=8, N=7, emax=4
RMSE Eb: 0.660
RMSE Rch: 0.008
MAPE Eb: 0.769
MAPE Rch: 0.422
--------------------------------------------------
**************************************************
Z=8, N=8, emax=4
RMSE Eb: 0.497
RMSE Rch: 0.009
MAPE Eb: 0.513
MAPE Rch: 0.238
--------------------------------------------------
**************************************************
Z=8, N=8, emax=8
RMSE Eb: 0.867
RMSE Rch: 0.013
MAPE Eb: 0.639
MAPE Rch: 0.405
--------------------------------------------------
**************************************************
Z=8, N=8, emax=6
RMSE Eb: 0.720
RMSE Rch: 0.010
MAPE Eb: 0.522
MAPE Rch: 0.270
--------------------------------------------------
**************************************************
Z=8, N=8, emax=10
RMSE Eb: 1.145
RMSE Rch: 0.027
MAPE Eb: 0.770
MAPE Rch: 0.772
--------------------------------------------------
**************************************************
Z=8, N=9, emax=8
RMSE Eb: 0.875
RMSE Rch: 0.007
MAPE Eb: 0.662
MAPE Rch: 0.215
--------------------------------------------------
**************************************************
Z=8, N=9, emax=6
RMSE Eb: 0.528
RMSE Rch: 0.007
MAPE Eb: 0.448
MAPE Rch: 0.208
--------------------------------------------------
**************************************************
Z=8, N=9, emax=4
RMSE Eb: 0.391
RMSE Rch: 0.007
MAPE Eb: 0.420
MAPE Rch: 0.193
--------------------------------------------------
**************************************************
Z=8, N=9, emax=10
RMSE Eb: 0.866
RMSE Rch: 0.016
MAPE Eb: 0.635
MAPE Rch: 0.447
--------------------------------------------------
**************************************************
Z=8, N=10, emax=4
RMSE Eb: 0.463
RMSE Rch: 0.007
MAPE Eb: 0.494
MAPE Rch: 0.177
--------------------------------------------------
**************************************************
Z=8, N=10, emax=10
RMSE Eb: 0.601
RMSE Rch: 0.014
MAPE Eb: 0.445
MAPE Rch: 0.388
--------------------------------------------------
**************************************************
Z=8, N=10, emax=6
RMSE Eb: 0.449
RMSE Rch: 0.007
MAPE Eb: 0.375
MAPE Rch: 0.196
--------------------------------------------------
**************************************************
Z=8, N=10, emax=8
RMSE Eb: 0.813
RMSE Rch: 0.008
MAPE Eb: 0.584
MAPE Rch: 0.208
--------------------------------------------------
**************************************************
Z=8, N=11, emax=4
RMSE Eb: 0.444
RMSE Rch: 0.006
MAPE Eb: 0.502
MAPE Rch: 0.164
--------------------------------------------------
**************************************************
Z=8, N=11, emax=6
RMSE Eb: 0.441
RMSE Rch: 0.006
MAPE Eb: 0.333
MAPE Rch: 0.188
--------------------------------------------------
**************************************************
Z=8, N=11, emax=8
RMSE Eb: 0.915
RMSE Rch: 0.008
MAPE Eb: 0.631
MAPE Rch: 0.217
--------------------------------------------------
**************************************************
Z=8, N=11, emax=10
RMSE Eb: 0.882
RMSE Rch: 0.010
MAPE Eb: 0.595
MAPE Rch: 0.325
--------------------------------------------------
**************************************************
Z=8, N=12, emax=6
RMSE Eb: 0.416
RMSE Rch: 0.005
MAPE Eb: 0.298
MAPE Rch: 0.133
--------------------------------------------------
**************************************************
Z=8, N=12, emax=4
RMSE Eb: 0.364
RMSE Rch: 0.006
MAPE Eb: 0.358
MAPE Rch: 0.159
--------------------------------------------------
**************************************************
Z=8, N=12, emax=8
RMSE Eb: 0.890
RMSE Rch: 0.007
MAPE Eb: 0.631
MAPE Rch: 0.208
--------------------------------------------------
**************************************************
Z=8, N=12, emax=10
RMSE Eb: 0.709
RMSE Rch: 0.007
MAPE Eb: 0.482
MAPE Rch: 0.211
--------------------------------------------------
**************************************************
Z=8, N=13, emax=8
RMSE Eb: 0.971
RMSE Rch: 0.006
MAPE Eb: 0.683
MAPE Rch: 0.170
--------------------------------------------------
**************************************************
Z=8, N=13, emax=4
RMSE Eb: 0.448
RMSE Rch: 0.005
MAPE Eb: 0.452
MAPE Rch: 0.157
--------------------------------------------------
**************************************************
Z=8, N=13, emax=10
RMSE Eb: 0.806
RMSE Rch: 0.005
MAPE Eb: 0.541
MAPE Rch: 0.159
--------------------------------------------------
**************************************************
Z=8, N=13, emax=6
RMSE Eb: 0.406
RMSE Rch: 0.006
MAPE Eb: 0.305
MAPE Rch: 0.157
--------------------------------------------------
**************************************************
Z=8, N=14, emax=8
RMSE Eb: 0.989
RMSE Rch: 0.011
MAPE Eb: 0.598
MAPE Rch: 0.290
--------------------------------------------------
**************************************************
Z=8, N=14, emax=4
RMSE Eb: 0.505
RMSE Rch: 0.006
MAPE Eb: 0.508
MAPE Rch: 0.170
--------------------------------------------------
**************************************************
Z=8, N=14, emax=6
RMSE Eb: 0.472
RMSE Rch: 0.007
MAPE Eb: 0.359
MAPE Rch: 0.179
--------------------------------------------------
**************************************************
Z=8, N=14, emax=10
RMSE Eb: 0.701
RMSE Rch: 0.010
MAPE Eb: 0.502
MAPE Rch: 0.240
--------------------------------------------------
**************************************************
Z=8, N=15, emax=8
RMSE Eb: 0.837
RMSE Rch: 0.008
MAPE Eb: 0.550
MAPE Rch: 0.227
--------------------------------------------------
**************************************************
Z=8, N=15, emax=4
RMSE Eb: 0.585
RMSE Rch: 0.005
MAPE Eb: 0.599
MAPE Rch: 0.142
--------------------------------------------------
**************************************************
Z=8, N=15, emax=6
RMSE Eb: 0.503
RMSE Rch: 0.006
MAPE Eb: 0.380
MAPE Rch: 0.163
--------------------------------------------------
**************************************************
Z=8, N=15, emax=10
RMSE Eb: 0.933
RMSE Rch: 0.009
MAPE Eb: 0.610
MAPE Rch: 0.248
--------------------------------------------------
**************************************************
Z=8, N=16, emax=8
RMSE Eb: 1.058
RMSE Rch: 0.009
MAPE Eb: 0.661
MAPE Rch: 0.246
--------------------------------------------------
**************************************************
Z=8, N=16, emax=6
RMSE Eb: 0.543
RMSE Rch: 0.007
MAPE Eb: 0.374
MAPE Rch: 0.188
--------------------------------------------------
**************************************************
Z=8, N=16, emax=10
RMSE Eb: 0.891
RMSE Rch: 0.009
MAPE Eb: 0.559
MAPE Rch: 0.247
--------------------------------------------------
**************************************************
Z=8, N=16, emax=4
RMSE Eb: 0.639
RMSE Rch: 0.007
MAPE Eb: 0.651
MAPE Rch: 0.180
--------------------------------------------------
Finished VAL for AE n=569
**************************************************
Z=8, N=4, emax=6
RMSE Eb: 0.776
RMSE Rch: 0.010
MAPE Eb: 1.452
MAPE Rch: 0.452
--------------------------------------------------
**************************************************
Z=8, N=4, emax=8
RMSE Eb: 0.965
RMSE Rch: 0.017
MAPE Eb: 1.637
MAPE Rch: 0.763
--------------------------------------------------
**************************************************
Z=8, N=4, emax=4
RMSE Eb: 0.609
RMSE Rch: 0.008
MAPE Eb: 1.628
MAPE Rch: 0.356
--------------------------------------------------
**************************************************
Z=8, N=4, emax=10
RMSE Eb: 1.518
RMSE Rch: 0.024
MAPE Eb: 2.361
MAPE Rch: 1.212
--------------------------------------------------
**************************************************
Z=8, N=5, emax=4
RMSE Eb: 0.565
RMSE Rch: 0.007
MAPE Eb: 1.090
MAPE Rch: 0.337
--------------------------------------------------
**************************************************
Z=8, N=5, emax=8
RMSE Eb: 0.856
RMSE Rch: 0.013
MAPE Eb: 1.110
MAPE Rch: 0.625
--------------------------------------------------
**************************************************
Z=8, N=5, emax=6
RMSE Eb: 0.709
RMSE Rch: 0.008
MAPE Eb: 1.042
MAPE Rch: 0.399
--------------------------------------------------
**************************************************
Z=8, N=5, emax=10
RMSE Eb: 0.940
RMSE Rch: 0.024
MAPE Eb: 1.014
MAPE Rch: 1.337
--------------------------------------------------
**************************************************
Z=8, N=6, emax=4
RMSE Eb: 0.778
RMSE Rch: 0.009
MAPE Eb: 1.052
MAPE Rch: 0.422
--------------------------------------------------
**************************************************
Z=8, N=6, emax=8
RMSE Eb: 1.058
RMSE Rch: 0.014
MAPE Eb: 1.002
MAPE Rch: 0.683
--------------------------------------------------
**************************************************
Z=8, N=6, emax=6
RMSE Eb: 0.917
RMSE Rch: 0.010
MAPE Eb: 1.019
MAPE Rch: 0.479
--------------------------------------------------
**************************************************
Z=8, N=6, emax=10
RMSE Eb: 0.937
RMSE Rch: 0.018
MAPE Eb: 0.820
MAPE Rch: 0.887
--------------------------------------------------
**************************************************
Z=8, N=7, emax=4
RMSE Eb: 0.860
RMSE Rch: 0.009
MAPE Eb: 1.040
MAPE Rch: 0.471
--------------------------------------------------
**************************************************
Z=8, N=7, emax=8
RMSE Eb: 1.274
RMSE Rch: 0.015
MAPE Eb: 1.001
MAPE Rch: 0.803
--------------------------------------------------
**************************************************
Z=8, N=7, emax=6
RMSE Eb: 0.894
RMSE Rch: 0.010
MAPE Eb: 0.828
MAPE Rch: 0.491
--------------------------------------------------
**************************************************
Z=8, N=7, emax=10
RMSE Eb: 1.070
RMSE Rch: 0.020
MAPE Eb: 0.882
MAPE Rch: 1.155
--------------------------------------------------
**************************************************
Z=8, N=8, emax=4
RMSE Eb: 0.523
RMSE Rch: 0.007
MAPE Eb: 0.552
MAPE Rch: 0.201
--------------------------------------------------
**************************************************
Z=8, N=8, emax=6
RMSE Eb: 0.676
RMSE Rch: 0.009
MAPE Eb: 0.549
MAPE Rch: 0.245
--------------------------------------------------
**************************************************
Z=8, N=8, emax=8
RMSE Eb: 0.660
RMSE Rch: 0.013
MAPE Eb: 0.495
MAPE Rch: 0.363
--------------------------------------------------
**************************************************
Z=8, N=8, emax=10
RMSE Eb: 1.045
RMSE Rch: 0.015
MAPE Eb: 0.732
MAPE Rch: 0.455
--------------------------------------------------
**************************************************
Z=8, N=9, emax=4
RMSE Eb: 0.562
RMSE Rch: 0.007
MAPE Eb: 0.562
MAPE Rch: 0.203
--------------------------------------------------
**************************************************
Z=8, N=9, emax=8
RMSE Eb: 0.766
RMSE Rch: 0.007
MAPE Eb: 0.574
MAPE Rch: 0.210
--------------------------------------------------
**************************************************
Z=8, N=9, emax=6
RMSE Eb: 0.543
RMSE Rch: 0.007
MAPE Eb: 0.440
MAPE Rch: 0.203
--------------------------------------------------
**************************************************
Z=8, N=9, emax=10
RMSE Eb: 0.964
RMSE Rch: 0.014
MAPE Eb: 0.709
MAPE Rch: 0.411
--------------------------------------------------
**************************************************
Z=8, N=10, emax=4
RMSE Eb: 0.507
RMSE Rch: 0.007
MAPE Eb: 0.492
MAPE Rch: 0.190
--------------------------------------------------
**************************************************
Z=8, N=10, emax=6
RMSE Eb: 0.484
RMSE Rch: 0.006
MAPE Eb: 0.376
MAPE Rch: 0.163
--------------------------------------------------
**************************************************
Z=8, N=10, emax=8
RMSE Eb: 0.786
RMSE Rch: 0.008
MAPE Eb: 0.601
MAPE Rch: 0.216
--------------------------------------------------
**************************************************
Z=8, N=10, emax=10
RMSE Eb: 0.575
RMSE Rch: 0.011
MAPE Eb: 0.394
MAPE Rch: 0.308
--------------------------------------------------
**************************************************
Z=8, N=11, emax=8
RMSE Eb: 0.791
RMSE Rch: 0.008
MAPE Eb: 0.575
MAPE Rch: 0.223
--------------------------------------------------
**************************************************
Z=8, N=11, emax=4
RMSE Eb: 0.498
RMSE Rch: 0.006
MAPE Eb: 0.536
MAPE Rch: 0.164
--------------------------------------------------
**************************************************
Z=8, N=11, emax=6
RMSE Eb: 0.423
RMSE Rch: 0.006
MAPE Eb: 0.335
MAPE Rch: 0.153
--------------------------------------------------
**************************************************
Z=8, N=11, emax=10
RMSE Eb: 0.620
RMSE Rch: 0.011
MAPE Eb: 0.420
MAPE Rch: 0.312
--------------------------------------------------
**************************************************
Z=8, N=12, emax=6
RMSE Eb: 0.464
RMSE Rch: 0.005
MAPE Eb: 0.348
MAPE Rch: 0.128
--------------------------------------------------
**************************************************
Z=8, N=12, emax=8
RMSE Eb: 0.865
RMSE Rch: 0.007
MAPE Eb: 0.584
MAPE Rch: 0.189
--------------------------------------------------
**************************************************
Z=8, N=12, emax=4
RMSE Eb: 0.474
RMSE Rch: 0.006
MAPE Eb: 0.445
MAPE Rch: 0.155
--------------------------------------------------
**************************************************
Z=8, N=12, emax=10
RMSE Eb: 0.768
RMSE Rch: 0.008
MAPE Eb: 0.436
MAPE Rch: 0.220
--------------------------------------------------
**************************************************
Z=8, N=13, emax=8
RMSE Eb: 0.823
RMSE Rch: 0.007
MAPE Eb: 0.548
MAPE Rch: 0.197
--------------------------------------------------
**************************************************
Z=8, N=13, emax=4
RMSE Eb: 0.395
RMSE Rch: 0.006
MAPE Eb: 0.427
MAPE Rch: 0.162
--------------------------------------------------
**************************************************
Z=8, N=13, emax=6
RMSE Eb: 0.499
RMSE Rch: 0.006
MAPE Eb: 0.367
MAPE Rch: 0.168
--------------------------------------------------
**************************************************
Z=8, N=13, emax=10
RMSE Eb: 0.657
RMSE Rch: 0.018
MAPE Eb: 0.443
MAPE Rch: 0.325
--------------------------------------------------
**************************************************
Z=8, N=14, emax=6
RMSE Eb: 0.504
RMSE Rch: 0.006
MAPE Eb: 0.351
MAPE Rch: 0.143
--------------------------------------------------
**************************************************
Z=8, N=14, emax=10
RMSE Eb: 0.802
RMSE Rch: 0.009
MAPE Eb: 0.483
MAPE Rch: 0.245
--------------------------------------------------
**************************************************
Z=8, N=14, emax=4
RMSE Eb: 0.500
RMSE Rch: 0.006
MAPE Eb: 0.523
MAPE Rch: 0.147
--------------------------------------------------
**************************************************
Z=8, N=14, emax=8
RMSE Eb: 0.986
RMSE Rch: 0.009
MAPE Eb: 0.650
MAPE Rch: 0.190
--------------------------------------------------
**************************************************
Z=8, N=15, emax=8
RMSE Eb: 0.865
RMSE Rch: 0.007
MAPE Eb: 0.568
MAPE Rch: 0.200
--------------------------------------------------
**************************************************
Z=8, N=15, emax=6
RMSE Eb: 0.532
RMSE Rch: 0.005
MAPE Eb: 0.382
MAPE Rch: 0.160
--------------------------------------------------
**************************************************
Z=8, N=15, emax=4
RMSE Eb: 0.450
RMSE Rch: 0.005
MAPE Eb: 0.455
MAPE Rch: 0.156
--------------------------------------------------
**************************************************
Z=8, N=15, emax=10
RMSE Eb: 1.061
RMSE Rch: 0.007
MAPE Eb: 0.707
MAPE Rch: 0.204
--------------------------------------------------
**************************************************
Z=8, N=16, emax=4
RMSE Eb: 0.636
RMSE Rch: 0.008
MAPE Eb: 0.672
MAPE Rch: 0.198
--------------------------------------------------
**************************************************
Z=8, N=16, emax=8
RMSE Eb: 1.118
RMSE Rch: 0.007
MAPE Eb: 0.737
MAPE Rch: 0.220
--------------------------------------------------
**************************************************
Z=8, N=16, emax=6
RMSE Eb: 0.669
RMSE Rch: 0.007
MAPE Eb: 0.493
MAPE Rch: 0.190
--------------------------------------------------
**************************************************
Z=8, N=16, emax=10
RMSE Eb: 0.876
RMSE Rch: 0.008
MAPE Eb: 0.512
MAPE Rch: 0.221
--------------------------------------------------
