Activated conda environment
[DataLoader] Found 13 files matching the pattern.
[DataLoader] Combined data shape: (17234, 35)
[Preprocess] Data split => train: (11029, 35), val: (2758, 35), test: (3447, 35)
[Preprocess] Processed fidelity 4 (index 0): 3758 samples.
[Preprocess] Processed fidelity 6 (index 1): 3346 samples.
[Preprocess] Processed fidelity 8 (index 2): 3194 samples.
[Preprocess] Processed fidelity 10 (index 3): 731 samples.
[Preprocess] Processed fidelity 4 (index 0): 949 samples.
[Preprocess] Processed fidelity 6 (index 1): 833 samples.
[Preprocess] Processed fidelity 8 (index 2): 801 samples.
[Preprocess] Processed fidelity 10 (index 3): 175 samples.
Fidelity levels: [4, 6, 8, 10]
[Trainer] Starting BNN training...
[Trainer] No improvement. Iteration 9200. Early stopping counter: 1, LR counter: 1
[Trainer] No improvement. Iteration 9400. Early stopping counter: 1, LR counter: 1
[Trainer] No improvement. Iteration 9500. Early stopping counter: 2, LR counter: 2
[Trainer] No improvement. Iteration 9600. Early stopping counter: 3, LR counter: 3
[Trainer] No improvement. Iteration 9700. Early stopping counter: 4, LR counter: 4
[Trainer] No improvement. Iteration 10000. Early stopping counter: 1, LR counter: 1
[Trainer] No improvement. Iteration 11100. Early stopping counter: 1, LR counter: 1
[Trainer] No improvement. Iteration 11200. Early stopping counter: 2, LR counter: 2
[Trainer] No improvement. Iteration 11300. Early stopping counter: 3, LR counter: 3
[Trainer] No improvement. Iteration 11400. Early stopping counter: 4, LR counter: 4
[Trainer] No improvement. Iteration 11500. Early stopping counter: 5, LR counter: 5
[Trainer] No improvement. Iteration 11600. Early stopping counter: 6, LR counter: 6
[Trainer] No improvement. Iteration 11700. Early stopping counter: 7, LR counter: 7
[Trainer] No improvement. Iteration 11800. Early stopping counter: 8, LR counter: 8
[Trainer] No improvement. Iteration 11900. Early stopping counter: 9, LR counter: 9
[Trainer] No improvement. Iteration 12000. Early stopping counter: 10, LR counter: 10
[Trainer] No improvement. Iteration 12100. Early stopping counter: 11, LR counter: 11
[Trainer] No improvement. Iteration 12200. Early stopping counter: 12, LR counter: 12
[Trainer] No improvement. Iteration 12300. Early stopping counter: 13, LR counter: 13
[Trainer] No improvement. Iteration 12400. Early stopping counter: 14, LR counter: 14
[Trainer] No improvement. Iteration 12500. Early stopping counter: 15, LR counter: 15
[Trainer] No improvement. Iteration 12600. Early stopping counter: 16, LR counter: 16
[Trainer] No improvement. Iteration 12700. Early stopping counter: 17, LR counter: 17
[Trainer] No improvement. Iteration 13000. Early stopping counter: 1, LR counter: 1
[Trainer] No improvement. Iteration 13100. Early stopping counter: 2, LR counter: 2
[Trainer] No improvement. Iteration 13200. Early stopping counter: 3, LR counter: 3
[Trainer] No improvement. Iteration 13300. Early stopping counter: 4, LR counter: 4
[Trainer] No improvement. Iteration 13400. Early stopping counter: 5, LR counter: 5
[Trainer] No improvement. Iteration 13500. Early stopping counter: 6, LR counter: 6
[Trainer] No improvement. Iteration 13600. Early stopping counter: 7, LR counter: 7
[Trainer] No improvement. Iteration 13700. Early stopping counter: 8, LR counter: 8
[Trainer] No improvement. Iteration 13800. Early stopping counter: 9, LR counter: 9
[Trainer] No improvement. Iteration 13900. Early stopping counter: 10, LR counter: 10
[Trainer] No improvement. Iteration 14000. Early stopping counter: 11, LR counter: 11
[Trainer] No improvement. Iteration 14100. Early stopping counter: 12, LR counter: 12
[Trainer] No improvement. Iteration 14200. Early stopping counter: 13, LR counter: 13
[Trainer] No improvement. Iteration 14300. Early stopping counter: 14, LR counter: 14
[Trainer] No improvement. Iteration 15000. Early stopping counter: 1, LR counter: 1
[Trainer] No improvement. Iteration 15400. Early stopping counter: 1, LR counter: 1
[Trainer] No improvement. Iteration 15600. Early stopping counter: 1, LR counter: 1
[Trainer] No improvement. Iteration 15700. Early stopping counter: 2, LR counter: 2
[Trainer] No improvement. Iteration 15800. Early stopping counter: 3, LR counter: 3
[Trainer] No improvement. Iteration 15900. Early stopping counter: 4, LR counter: 4
[Trainer] No improvement. Iteration 16000. Early stopping counter: 5, LR counter: 5
[Trainer] No improvement. Iteration 16100. Early stopping counter: 6, LR counter: 6
[Trainer] No improvement. Iteration 16200. Early stopping counter: 7, LR counter: 7
[Trainer] No improvement. Iteration 16300. Early stopping counter: 8, LR counter: 8
[Trainer] No improvement. Iteration 16400. Early stopping counter: 9, LR counter: 9
[Trainer] No improvement. Iteration 16500. Early stopping counter: 10, LR counter: 10
[Trainer] No improvement. Iteration 16600. Early stopping counter: 11, LR counter: 11
[Trainer] No improvement. Iteration 16700. Early stopping counter: 12, LR counter: 12
[Trainer] No improvement. Iteration 16800. Early stopping counter: 13, LR counter: 13
[Trainer] No improvement. Iteration 16900. Early stopping counter: 14, LR counter: 14
[Trainer] No improvement. Iteration 17000. Early stopping counter: 15, LR counter: 15
[Trainer] No improvement. Iteration 17100. Early stopping counter: 16, LR counter: 16
[Trainer] No improvement. Iteration 17200. Early stopping counter: 17, LR counter: 17
[Trainer] No improvement. Iteration 17300. Early stopping counter: 18, LR counter: 18
[Trainer] No improvement. Iteration 17400. Early stopping counter: 19, LR counter: 19
[Trainer] No improvement. Iteration 17500. Early stopping counter: 20, LR counter: 20
[Trainer] No improvement. Iteration 17600. Early stopping counter: 21, LR counter: 21
[Trainer] No improvement. Iteration 17700. Early stopping counter: 22, LR counter: 22
[Trainer] No improvement. Iteration 17800. Early stopping counter: 23, LR counter: 23
[Trainer] No improvement. Iteration 17900. Early stopping counter: 24, LR counter: 24
[Trainer] No improvement. Iteration 18000. Early stopping counter: 25, LR counter: 25
[Trainer] Learning rate reduced to: 0.000010
[Trainer] No improvement. Iteration 18100. Early stopping counter: 26, LR counter: 1
[Trainer] No improvement. Iteration 18200. Early stopping counter: 27, LR counter: 2
[Trainer] No improvement. Iteration 18300. Early stopping counter: 28, LR counter: 3
[Trainer] No improvement. Iteration 18400. Early stopping counter: 29, LR counter: 4
[Trainer] No improvement. Iteration 18500. Early stopping counter: 30, LR counter: 5
[Trainer] No improvement. Iteration 18600. Early stopping counter: 31, LR counter: 6
[Trainer] No improvement. Iteration 18700. Early stopping counter: 32, LR counter: 7
[Trainer] No improvement. Iteration 18800. Early stopping counter: 33, LR counter: 8
[Trainer] No improvement. Iteration 18900. Early stopping counter: 34, LR counter: 9
[Trainer] No improvement. Iteration 19000. Early stopping counter: 35, LR counter: 10
[Trainer] No improvement. Iteration 19100. Early stopping counter: 36, LR counter: 11
[Trainer] No improvement. Iteration 19200. Early stopping counter: 37, LR counter: 12
[Trainer] No improvement. Iteration 19300. Early stopping counter: 38, LR counter: 13
[Trainer] No improvement. Iteration 19400. Early stopping counter: 39, LR counter: 14
[Trainer] No improvement. Iteration 19500. Early stopping counter: 40, LR counter: 15
[Trainer] No improvement. Iteration 19600. Early stopping counter: 41, LR counter: 16
[Trainer] No improvement. Iteration 19700. Early stopping counter: 42, LR counter: 17
[Trainer] No improvement. Iteration 19800. Early stopping counter: 43, LR counter: 18
[Trainer] No improvement. Iteration 19900. Early stopping counter: 44, LR counter: 19
[Trainer] No improvement. Iteration 20000. Early stopping counter: 45, LR counter: 20
[Trainer] No improvement. Iteration 20100. Early stopping counter: 46, LR counter: 21
[Trainer] No improvement. Iteration 20200. Early stopping counter: 47, LR counter: 22
[Trainer] No improvement. Iteration 20300. Early stopping counter: 48, LR counter: 23
[Trainer] No improvement. Iteration 20400. Early stopping counter: 49, LR counter: 24
[Trainer] No improvement. Iteration 20500. Early stopping counter: 50, LR counter: 25
[Trainer] Learning rate reduced to: 0.000001
[Trainer] Early stopping triggered.
[Trainer] Training completed.
[Trainer] Calibrating temperatures on validation set...
[Trainer] Temperature calibration finished. Calibrated temperatures: {4: 0.9168868660926819, 6: 0.8226060271263123, 8: 0.9013431668281555, 10: 1.080217719078064}
[Trainer] BNN training completed.
**************************************************
Z=8, N=4, emax=4
RMSE Eb: 0.976
RMSE Rch: 0.014
MAPE Eb: 3.093
MAPE Rch: 0.620
--------------------------------------------------
**************************************************
Z=8, N=4, emax=10
RMSE Eb: 1.070
RMSE Rch: 0.055
MAPE Eb: 1.595
MAPE Rch: 2.407
--------------------------------------------------
**************************************************
Z=8, N=4, emax=6
RMSE Eb: 0.928
RMSE Rch: 0.014
MAPE Eb: 1.949
MAPE Rch: 0.673
--------------------------------------------------
**************************************************
Z=8, N=4, emax=8
RMSE Eb: 0.949
RMSE Rch: 0.024
MAPE Eb: 1.511
MAPE Rch: 1.061
--------------------------------------------------
**************************************************
Z=8, N=5, emax=8
RMSE Eb: 0.905
RMSE Rch: 0.015
MAPE Eb: 1.216
MAPE Rch: 0.755
--------------------------------------------------
**************************************************
Z=8, N=5, emax=6
RMSE Eb: 0.944
RMSE Rch: 0.018
MAPE Eb: 1.426
MAPE Rch: 0.886
--------------------------------------------------
**************************************************
Z=8, N=5, emax=4
RMSE Eb: 0.755
RMSE Rch: 0.010
MAPE Eb: 1.565
MAPE Rch: 0.479
--------------------------------------------------
**************************************************
Z=8, N=5, emax=10
RMSE Eb: 1.468
RMSE Rch: 0.025
MAPE Eb: 1.961
MAPE Rch: 1.305
--------------------------------------------------
**************************************************
Z=8, N=6, emax=4
RMSE Eb: 0.620
RMSE Rch: 0.011
MAPE Eb: 0.899
MAPE Rch: 0.485
--------------------------------------------------
**************************************************
Z=8, N=6, emax=6
RMSE Eb: 1.176
RMSE Rch: 0.015
MAPE Eb: 1.276
MAPE Rch: 0.757
--------------------------------------------------
**************************************************
Z=8, N=6, emax=8
RMSE Eb: 1.217
RMSE Rch: 0.018
MAPE Eb: 1.141
MAPE Rch: 0.864
--------------------------------------------------
**************************************************
Z=8, N=6, emax=10
RMSE Eb: 1.570
RMSE Rch: 0.020
MAPE Eb: 1.450
MAPE Rch: 0.963
--------------------------------------------------
**************************************************
Z=8, N=7, emax=8
RMSE Eb: 0.846
RMSE Rch: 0.016
MAPE Eb: 0.675
MAPE Rch: 0.775
--------------------------------------------------
**************************************************
Z=8, N=7, emax=10
RMSE Eb: 0.984
RMSE Rch: 0.016
MAPE Eb: 0.824
MAPE Rch: 0.934
--------------------------------------------------
**************************************************
Z=8, N=7, emax=6
RMSE Eb: 1.157
RMSE Rch: 0.013
MAPE Eb: 1.091
MAPE Rch: 0.627
--------------------------------------------------
**************************************************
Z=8, N=7, emax=4
RMSE Eb: 0.885
RMSE Rch: 0.012
MAPE Eb: 1.055
MAPE Rch: 0.581
--------------------------------------------------
**************************************************
Z=8, N=8, emax=4
RMSE Eb: 1.053
RMSE Rch: 0.018
MAPE Eb: 1.207
MAPE Rch: 0.496
--------------------------------------------------
**************************************************
Z=8, N=8, emax=8
RMSE Eb: 1.774
RMSE Rch: 0.017
MAPE Eb: 1.191
MAPE Rch: 0.518
--------------------------------------------------
**************************************************
Z=8, N=8, emax=6
RMSE Eb: 1.008
RMSE Rch: 0.027
MAPE Eb: 0.826
MAPE Rch: 0.864
--------------------------------------------------
**************************************************
Z=8, N=8, emax=10
RMSE Eb: 1.026
RMSE Rch: 0.024
MAPE Eb: 0.754
MAPE Rch: 0.737
--------------------------------------------------
**************************************************
Z=8, N=9, emax=8
RMSE Eb: 1.589
RMSE Rch: 0.011
MAPE Eb: 1.280
MAPE Rch: 0.355
--------------------------------------------------
**************************************************
Z=8, N=9, emax=6
RMSE Eb: 1.044
RMSE Rch: 0.012
MAPE Eb: 0.874
MAPE Rch: 0.331
--------------------------------------------------
**************************************************
Z=8, N=9, emax=4
RMSE Eb: 0.890
RMSE Rch: 0.015
MAPE Eb: 0.879
MAPE Rch: 0.401
--------------------------------------------------
**************************************************
Z=8, N=9, emax=10
RMSE Eb: 1.000
RMSE Rch: 0.012
MAPE Eb: 0.709
MAPE Rch: 0.379
--------------------------------------------------
**************************************************
Z=8, N=10, emax=4
RMSE Eb: 0.714
RMSE Rch: 0.008
MAPE Eb: 0.673
MAPE Rch: 0.214
--------------------------------------------------
**************************************************
Z=8, N=10, emax=10
RMSE Eb: 1.125
RMSE Rch: 0.015
MAPE Eb: 0.795
MAPE Rch: 0.418
--------------------------------------------------
**************************************************
Z=8, N=10, emax=6
RMSE Eb: 1.306
RMSE Rch: 0.011
MAPE Eb: 1.114
MAPE Rch: 0.320
--------------------------------------------------
**************************************************
Z=8, N=10, emax=8
RMSE Eb: 1.467
RMSE Rch: 0.010
MAPE Eb: 1.043
MAPE Rch: 0.291
--------------------------------------------------
**************************************************
Z=8, N=11, emax=4
RMSE Eb: 1.402
RMSE Rch: 0.010
MAPE Eb: 1.573
MAPE Rch: 0.276
--------------------------------------------------
**************************************************
Z=8, N=11, emax=6
RMSE Eb: 1.105
RMSE Rch: 0.012
MAPE Eb: 0.900
MAPE Rch: 0.322
--------------------------------------------------
**************************************************
Z=8, N=11, emax=8
RMSE Eb: 1.003
RMSE Rch: 0.007
MAPE Eb: 0.719
MAPE Rch: 0.184
--------------------------------------------------
**************************************************
Z=8, N=11, emax=10
RMSE Eb: 1.483
RMSE Rch: 0.012
MAPE Eb: 1.047
MAPE Rch: 0.370
--------------------------------------------------
**************************************************
Z=8, N=12, emax=6
RMSE Eb: 0.972
RMSE Rch: 0.014
MAPE Eb: 0.718
MAPE Rch: 0.400
--------------------------------------------------
**************************************************
Z=8, N=12, emax=4
RMSE Eb: 0.944
RMSE Rch: 0.012
MAPE Eb: 1.009
MAPE Rch: 0.303
--------------------------------------------------
**************************************************
Z=8, N=12, emax=8
RMSE Eb: 1.226
RMSE Rch: 0.008
MAPE Eb: 0.809
MAPE Rch: 0.222
--------------------------------------------------
**************************************************
Z=8, N=12, emax=10
RMSE Eb: 1.008
RMSE Rch: 0.007
MAPE Eb: 0.657
MAPE Rch: 0.211
--------------------------------------------------
**************************************************
Z=8, N=13, emax=8
RMSE Eb: 1.730
RMSE Rch: 0.009
MAPE Eb: 1.102
MAPE Rch: 0.255
--------------------------------------------------
**************************************************
Z=8, N=13, emax=4
RMSE Eb: 1.149
RMSE Rch: 0.010
MAPE Eb: 1.250
MAPE Rch: 0.283
--------------------------------------------------
**************************************************
Z=8, N=13, emax=10
RMSE Eb: 1.214
RMSE Rch: 0.013
MAPE Eb: 0.764
MAPE Rch: 0.424
--------------------------------------------------
**************************************************
Z=8, N=13, emax=6
RMSE Eb: 1.441
RMSE Rch: 0.016
MAPE Eb: 1.136
MAPE Rch: 0.429
--------------------------------------------------
**************************************************
Z=8, N=14, emax=8
RMSE Eb: 1.729
RMSE Rch: 0.014
MAPE Eb: 1.109
MAPE Rch: 0.366
--------------------------------------------------
**************************************************
Z=8, N=14, emax=4
RMSE Eb: 1.054
RMSE Rch: 0.012
MAPE Eb: 1.065
MAPE Rch: 0.297
--------------------------------------------------
**************************************************
Z=8, N=14, emax=6
RMSE Eb: 0.984
RMSE Rch: 0.011
MAPE Eb: 0.709
MAPE Rch: 0.310
--------------------------------------------------
**************************************************
Z=8, N=14, emax=10
RMSE Eb: 1.305
RMSE Rch: 0.016
MAPE Eb: 0.738
MAPE Rch: 0.408
--------------------------------------------------
**************************************************
Z=8, N=15, emax=8
RMSE Eb: 1.533
RMSE Rch: 0.010
MAPE Eb: 0.941
MAPE Rch: 0.274
--------------------------------------------------
**************************************************
Z=8, N=15, emax=4
RMSE Eb: 1.006
RMSE Rch: 0.011
MAPE Eb: 1.000
MAPE Rch: 0.263
--------------------------------------------------
**************************************************
Z=8, N=15, emax=6
RMSE Eb: 1.349
RMSE Rch: 0.017
MAPE Eb: 1.047
MAPE Rch: 0.509
--------------------------------------------------
**************************************************
Z=8, N=15, emax=10
RMSE Eb: 1.955
RMSE Rch: 0.014
MAPE Eb: 1.233
MAPE Rch: 0.425
--------------------------------------------------
**************************************************
Z=8, N=16, emax=8
RMSE Eb: 1.198
RMSE Rch: 0.012
MAPE Eb: 0.691
MAPE Rch: 0.355
--------------------------------------------------
**************************************************
Z=8, N=16, emax=6
RMSE Eb: 1.231
RMSE Rch: 0.015
MAPE Eb: 0.857
MAPE Rch: 0.452
--------------------------------------------------
**************************************************
Z=8, N=16, emax=10
RMSE Eb: 1.848
RMSE Rch: 0.009
MAPE Eb: 1.021
MAPE Rch: 0.232
--------------------------------------------------
**************************************************
Z=8, N=16, emax=4
RMSE Eb: 1.056
RMSE Rch: 0.016
MAPE Eb: 1.063
MAPE Rch: 0.396
--------------------------------------------------
Finished VAL for AE n=200
**************************************************
Z=8, N=4, emax=6
RMSE Eb: 1.100
RMSE Rch: 0.016
MAPE Eb: 2.036
MAPE Rch: 0.779
--------------------------------------------------
**************************************************
Z=8, N=4, emax=8
RMSE Eb: 1.125
RMSE Rch: 0.023
MAPE Eb: 1.922
MAPE Rch: 1.063
--------------------------------------------------
**************************************************
Z=8, N=4, emax=4
RMSE Eb: 0.809
RMSE Rch: 0.014
MAPE Eb: 2.273
MAPE Rch: 0.630
--------------------------------------------------
**************************************************
Z=8, N=4, emax=10
RMSE Eb: 1.333
RMSE Rch: 0.035
MAPE Eb: 1.994
MAPE Rch: 1.680
--------------------------------------------------
**************************************************
Z=8, N=5, emax=4
RMSE Eb: 0.895
RMSE Rch: 0.010
MAPE Eb: 1.806
MAPE Rch: 0.485
--------------------------------------------------
**************************************************
Z=8, N=5, emax=8
RMSE Eb: 1.097
RMSE Rch: 0.020
MAPE Eb: 1.464
MAPE Rch: 1.004
--------------------------------------------------
**************************************************
Z=8, N=5, emax=6
RMSE Eb: 1.131
RMSE Rch: 0.017
MAPE Eb: 1.684
MAPE Rch: 0.933
--------------------------------------------------
**************************************************
Z=8, N=5, emax=10
RMSE Eb: 1.381
RMSE Rch: 0.023
MAPE Eb: 1.754
MAPE Rch: 0.911
--------------------------------------------------
**************************************************
Z=8, N=6, emax=4
RMSE Eb: 0.725
RMSE Rch: 0.012
MAPE Eb: 0.993
MAPE Rch: 0.562
--------------------------------------------------
**************************************************
Z=8, N=6, emax=8
RMSE Eb: 1.531
RMSE Rch: 0.024
MAPE Eb: 1.364
MAPE Rch: 1.094
--------------------------------------------------
**************************************************
Z=8, N=6, emax=6
RMSE Eb: 1.247
RMSE Rch: 0.016
MAPE Eb: 1.429
MAPE Rch: 0.795
--------------------------------------------------
**************************************************
Z=8, N=6, emax=10
RMSE Eb: 1.416
RMSE Rch: 0.016
MAPE Eb: 1.289
MAPE Rch: 0.889
--------------------------------------------------
**************************************************
Z=8, N=7, emax=4
RMSE Eb: 0.818
RMSE Rch: 0.012
MAPE Eb: 0.943
MAPE Rch: 0.606
--------------------------------------------------
**************************************************
Z=8, N=7, emax=8
RMSE Eb: 1.090
RMSE Rch: 0.016
MAPE Eb: 0.809
MAPE Rch: 0.905
--------------------------------------------------
**************************************************
Z=8, N=7, emax=6
RMSE Eb: 1.062
RMSE Rch: 0.012
MAPE Eb: 0.913
MAPE Rch: 0.662
--------------------------------------------------
**************************************************
Z=8, N=7, emax=10
RMSE Eb: 1.328
RMSE Rch: 0.013
MAPE Eb: 1.140
MAPE Rch: 0.619
--------------------------------------------------
**************************************************
Z=8, N=8, emax=4
RMSE Eb: 1.012
RMSE Rch: 0.015
MAPE Eb: 1.019
MAPE Rch: 0.391
--------------------------------------------------
**************************************************
Z=8, N=8, emax=6
RMSE Eb: 1.015
RMSE Rch: 0.022
MAPE Eb: 0.808
MAPE Rch: 0.641
--------------------------------------------------
**************************************************
Z=8, N=8, emax=8
RMSE Eb: 1.649
RMSE Rch: 0.017
MAPE Eb: 1.264
MAPE Rch: 0.504
--------------------------------------------------
**************************************************
Z=8, N=8, emax=10
RMSE Eb: 1.347
RMSE Rch: 0.021
MAPE Eb: 1.140
MAPE Rch: 0.665
--------------------------------------------------
**************************************************
Z=8, N=9, emax=4
RMSE Eb: 0.815
RMSE Rch: 0.017
MAPE Eb: 0.869
MAPE Rch: 0.465
--------------------------------------------------
**************************************************
Z=8, N=9, emax=8
RMSE Eb: 1.639
RMSE Rch: 0.014
MAPE Eb: 1.257
MAPE Rch: 0.426
--------------------------------------------------
**************************************************
Z=8, N=9, emax=6
RMSE Eb: 0.799
RMSE Rch: 0.012
MAPE Eb: 0.642
MAPE Rch: 0.333
--------------------------------------------------
**************************************************
Z=8, N=9, emax=10
RMSE Eb: 0.808
RMSE Rch: 0.008
MAPE Eb: 0.599
MAPE Rch: 0.243
--------------------------------------------------
**************************************************
Z=8, N=10, emax=4
RMSE Eb: 1.002
RMSE Rch: 0.009
MAPE Eb: 1.025
MAPE Rch: 0.269
--------------------------------------------------
**************************************************
Z=8, N=10, emax=6
RMSE Eb: 0.993
RMSE Rch: 0.013
MAPE Eb: 0.734
MAPE Rch: 0.360
--------------------------------------------------
**************************************************
Z=8, N=10, emax=8
RMSE Eb: 1.702
RMSE Rch: 0.010
MAPE Eb: 1.237
MAPE Rch: 0.290
--------------------------------------------------
**************************************************
Z=8, N=10, emax=10
RMSE Eb: 0.764
RMSE Rch: 0.009
MAPE Eb: 0.552
MAPE Rch: 0.287
--------------------------------------------------
**************************************************
Z=8, N=11, emax=8
RMSE Eb: 1.220
RMSE Rch: 0.009
MAPE Eb: 0.894
MAPE Rch: 0.268
--------------------------------------------------
**************************************************
Z=8, N=11, emax=4
RMSE Eb: 1.448
RMSE Rch: 0.009
MAPE Eb: 1.562
MAPE Rch: 0.252
--------------------------------------------------
**************************************************
Z=8, N=11, emax=6
RMSE Eb: 0.959
RMSE Rch: 0.010
MAPE Eb: 0.756
MAPE Rch: 0.294
--------------------------------------------------
**************************************************
Z=8, N=11, emax=10
RMSE Eb: 1.252
RMSE Rch: 0.015
MAPE Eb: 0.877
MAPE Rch: 0.453
--------------------------------------------------
**************************************************
Z=8, N=12, emax=6
RMSE Eb: 0.862
RMSE Rch: 0.014
MAPE Eb: 0.667
MAPE Rch: 0.382
--------------------------------------------------
**************************************************
Z=8, N=12, emax=8
RMSE Eb: 1.377
RMSE Rch: 0.008
MAPE Eb: 0.931
MAPE Rch: 0.225
--------------------------------------------------
**************************************************
Z=8, N=12, emax=4
RMSE Eb: 1.074
RMSE Rch: 0.008
MAPE Eb: 1.060
MAPE Rch: 0.216
--------------------------------------------------
**************************************************
Z=8, N=12, emax=10
RMSE Eb: 1.340
RMSE Rch: 0.010
MAPE Eb: 0.862
MAPE Rch: 0.271
--------------------------------------------------
**************************************************
Z=8, N=13, emax=8
RMSE Eb: 1.451
RMSE Rch: 0.008
MAPE Eb: 0.988
MAPE Rch: 0.233
--------------------------------------------------
**************************************************
Z=8, N=13, emax=4
RMSE Eb: 1.098
RMSE Rch: 0.010
MAPE Eb: 1.129
MAPE Rch: 0.264
--------------------------------------------------
**************************************************
Z=8, N=13, emax=6
RMSE Eb: 1.390
RMSE Rch: 0.015
MAPE Eb: 1.042
MAPE Rch: 0.435
--------------------------------------------------
**************************************************
Z=8, N=13, emax=10
RMSE Eb: 1.228
RMSE Rch: 0.013
MAPE Eb: 0.757
MAPE Rch: 0.355
--------------------------------------------------
**************************************************
Z=8, N=14, emax=6
RMSE Eb: 1.263
RMSE Rch: 0.010
MAPE Eb: 0.843
MAPE Rch: 0.290
--------------------------------------------------
**************************************************
Z=8, N=14, emax=10
RMSE Eb: 1.485
RMSE Rch: 0.013
MAPE Eb: 0.904
MAPE Rch: 0.359
--------------------------------------------------
**************************************************
Z=8, N=14, emax=4
RMSE Eb: 1.106
RMSE Rch: 0.012
MAPE Eb: 1.054
MAPE Rch: 0.309
--------------------------------------------------
**************************************************
Z=8, N=14, emax=8
RMSE Eb: 1.480
RMSE Rch: 0.012
MAPE Eb: 0.908
MAPE Rch: 0.328
--------------------------------------------------
**************************************************
Z=8, N=15, emax=8
RMSE Eb: 1.532
RMSE Rch: 0.013
MAPE Eb: 0.989
MAPE Rch: 0.336
--------------------------------------------------
**************************************************
Z=8, N=15, emax=6
RMSE Eb: 1.344
RMSE Rch: 0.016
MAPE Eb: 1.045
MAPE Rch: 0.502
--------------------------------------------------
**************************************************
Z=8, N=15, emax=4
RMSE Eb: 0.953
RMSE Rch: 0.012
MAPE Eb: 0.991
MAPE Rch: 0.291
--------------------------------------------------
**************************************************
Z=8, N=15, emax=10
RMSE Eb: 1.543
RMSE Rch: 0.010
MAPE Eb: 0.880
MAPE Rch: 0.280
--------------------------------------------------
**************************************************
Z=8, N=16, emax=4
RMSE Eb: 1.246
RMSE Rch: 0.015
MAPE Eb: 1.226
MAPE Rch: 0.366
--------------------------------------------------
**************************************************
Z=8, N=16, emax=8
RMSE Eb: 1.202
RMSE Rch: 0.013
MAPE Eb: 0.681
MAPE Rch: 0.370
--------------------------------------------------
**************************************************
Z=8, N=16, emax=6
RMSE Eb: 1.103
RMSE Rch: 0.015
MAPE Eb: 0.801
MAPE Rch: 0.419
--------------------------------------------------
**************************************************
Z=8, N=16, emax=10
RMSE Eb: 1.744
RMSE Rch: 0.013
MAPE Eb: 1.035
MAPE Rch: 0.418
--------------------------------------------------
