Activated conda environment
[DataLoader] Found 13 files matching the pattern.
[DataLoader] Combined data shape: (17234, 35)
[Preprocess] Data split => train: (11029, 35), val: (2758, 35), test: (3447, 35)
[Preprocess] Processed fidelity 4 (index 0): 3758 samples.
[Preprocess] Processed fidelity 6 (index 1): 3346 samples.
[Preprocess] Processed fidelity 8 (index 2): 3194 samples.
[Preprocess] Processed fidelity 10 (index 3): 731 samples.
[Preprocess] Processed fidelity 4 (index 0): 949 samples.
[Preprocess] Processed fidelity 6 (index 1): 833 samples.
[Preprocess] Processed fidelity 8 (index 2): 801 samples.
[Preprocess] Processed fidelity 10 (index 3): 175 samples.
Fidelity levels: [4, 6, 8, 10]
[Trainer] Starting BNN training...
[Trainer] No improvement. Iteration 8000. Early stopping counter: 1, LR counter: 1
[Trainer] No improvement. Iteration 8200. Early stopping counter: 1, LR counter: 1
[Trainer] No improvement. Iteration 8600. Early stopping counter: 1, LR counter: 1
[Trainer] No improvement. Iteration 8900. Early stopping counter: 1, LR counter: 1
[Trainer] No improvement. Iteration 9000. Early stopping counter: 2, LR counter: 2
[Trainer] No improvement. Iteration 9100. Early stopping counter: 3, LR counter: 3
[Trainer] No improvement. Iteration 9200. Early stopping counter: 4, LR counter: 4
[Trainer] No improvement. Iteration 9300. Early stopping counter: 5, LR counter: 5
[Trainer] No improvement. Iteration 9400. Early stopping counter: 6, LR counter: 6
[Trainer] No improvement. Iteration 9500. Early stopping counter: 7, LR counter: 7
[Trainer] No improvement. Iteration 9600. Early stopping counter: 8, LR counter: 8
[Trainer] No improvement. Iteration 9700. Early stopping counter: 9, LR counter: 9
[Trainer] No improvement. Iteration 9800. Early stopping counter: 10, LR counter: 10
[Trainer] No improvement. Iteration 9900. Early stopping counter: 11, LR counter: 11
[Trainer] No improvement. Iteration 10000. Early stopping counter: 12, LR counter: 12
[Trainer] No improvement. Iteration 10100. Early stopping counter: 13, LR counter: 13
[Trainer] No improvement. Iteration 10200. Early stopping counter: 14, LR counter: 14
[Trainer] No improvement. Iteration 10300. Early stopping counter: 15, LR counter: 15
[Trainer] No improvement. Iteration 10400. Early stopping counter: 16, LR counter: 16
[Trainer] No improvement. Iteration 10500. Early stopping counter: 17, LR counter: 17
[Trainer] No improvement. Iteration 10600. Early stopping counter: 18, LR counter: 18
[Trainer] No improvement. Iteration 10700. Early stopping counter: 19, LR counter: 19
[Trainer] No improvement. Iteration 10800. Early stopping counter: 20, LR counter: 20
[Trainer] No improvement. Iteration 10900. Early stopping counter: 21, LR counter: 21
[Trainer] No improvement. Iteration 11000. Early stopping counter: 22, LR counter: 22
[Trainer] No improvement. Iteration 11100. Early stopping counter: 23, LR counter: 23
[Trainer] No improvement. Iteration 11200. Early stopping counter: 24, LR counter: 24
[Trainer] No improvement. Iteration 11300. Early stopping counter: 25, LR counter: 25
[Trainer] Learning rate reduced to: 0.000010
[Trainer] No improvement. Iteration 11400. Early stopping counter: 26, LR counter: 1
[Trainer] No improvement. Iteration 11500. Early stopping counter: 27, LR counter: 2
[Trainer] No improvement. Iteration 11600. Early stopping counter: 28, LR counter: 3
[Trainer] No improvement. Iteration 11700. Early stopping counter: 29, LR counter: 4
[Trainer] No improvement. Iteration 11800. Early stopping counter: 30, LR counter: 5
[Trainer] No improvement. Iteration 11900. Early stopping counter: 31, LR counter: 6
[Trainer] No improvement. Iteration 12000. Early stopping counter: 32, LR counter: 7
[Trainer] No improvement. Iteration 12100. Early stopping counter: 33, LR counter: 8
[Trainer] No improvement. Iteration 12200. Early stopping counter: 34, LR counter: 9
[Trainer] No improvement. Iteration 12300. Early stopping counter: 35, LR counter: 10
[Trainer] No improvement. Iteration 12400. Early stopping counter: 36, LR counter: 11
[Trainer] No improvement. Iteration 12500. Early stopping counter: 37, LR counter: 12
[Trainer] No improvement. Iteration 12600. Early stopping counter: 38, LR counter: 13
[Trainer] No improvement. Iteration 12700. Early stopping counter: 39, LR counter: 14
[Trainer] No improvement. Iteration 12800. Early stopping counter: 40, LR counter: 15
[Trainer] No improvement. Iteration 12900. Early stopping counter: 41, LR counter: 16
[Trainer] No improvement. Iteration 13000. Early stopping counter: 42, LR counter: 17
[Trainer] No improvement. Iteration 13100. Early stopping counter: 43, LR counter: 18
[Trainer] No improvement. Iteration 13200. Early stopping counter: 44, LR counter: 19
[Trainer] No improvement. Iteration 13300. Early stopping counter: 45, LR counter: 20
[Trainer] No improvement. Iteration 13400. Early stopping counter: 46, LR counter: 21
[Trainer] No improvement. Iteration 13500. Early stopping counter: 47, LR counter: 22
[Trainer] No improvement. Iteration 13600. Early stopping counter: 48, LR counter: 23
[Trainer] No improvement. Iteration 13700. Early stopping counter: 49, LR counter: 24
[Trainer] No improvement. Iteration 13800. Early stopping counter: 50, LR counter: 25
[Trainer] Learning rate reduced to: 0.000001
[Trainer] Early stopping triggered.
[Trainer] Training completed.
[Trainer] Calibrating temperatures on validation set...
[Trainer] Temperature calibration finished. Calibrated temperatures: {4: 1.4196096658706665, 6: 1.2572327852249146, 8: 1.5318641662597656, 10: 1.5763689279556274}
[Trainer] BNN training completed.
**************************************************
Z=8, N=4, emax=4
RMSE Eb: 0.661
RMSE Rch: 0.009
MAPE Eb: 2.034
MAPE Rch: 0.412
--------------------------------------------------
**************************************************
Z=8, N=4, emax=10
RMSE Eb: 1.482
RMSE Rch: 0.035
MAPE Eb: 2.263
MAPE Rch: 1.749
--------------------------------------------------
**************************************************
Z=8, N=4, emax=6
RMSE Eb: 0.763
RMSE Rch: 0.012
MAPE Eb: 1.480
MAPE Rch: 0.598
--------------------------------------------------
**************************************************
Z=8, N=4, emax=8
RMSE Eb: 0.971
RMSE Rch: 0.021
MAPE Eb: 1.595
MAPE Rch: 0.997
--------------------------------------------------
**************************************************
Z=8, N=5, emax=8
RMSE Eb: 0.862
RMSE Rch: 0.017
MAPE Eb: 1.044
MAPE Rch: 0.824
--------------------------------------------------
**************************************************
Z=8, N=5, emax=6
RMSE Eb: 0.627
RMSE Rch: 0.009
MAPE Eb: 0.879
MAPE Rch: 0.418
--------------------------------------------------
**************************************************
Z=8, N=5, emax=4
RMSE Eb: 0.563
RMSE Rch: 0.006
MAPE Eb: 1.172
MAPE Rch: 0.280
--------------------------------------------------
**************************************************
Z=8, N=5, emax=10
RMSE Eb: 0.491
RMSE Rch: 0.014
MAPE Eb: 0.631
MAPE Rch: 0.694
--------------------------------------------------
**************************************************
Z=8, N=6, emax=4
RMSE Eb: 0.742
RMSE Rch: 0.008
MAPE Eb: 1.112
MAPE Rch: 0.378
--------------------------------------------------
**************************************************
Z=8, N=6, emax=6
RMSE Eb: 0.809
RMSE Rch: 0.009
MAPE Eb: 0.887
MAPE Rch: 0.454
--------------------------------------------------
**************************************************
Z=8, N=6, emax=8
RMSE Eb: 1.055
RMSE Rch: 0.015
MAPE Eb: 0.948
MAPE Rch: 0.767
--------------------------------------------------
**************************************************
Z=8, N=6, emax=10
RMSE Eb: 0.993
RMSE Rch: 0.017
MAPE Eb: 0.817
MAPE Rch: 0.911
--------------------------------------------------
**************************************************
Z=8, N=7, emax=8
RMSE Eb: 1.110
RMSE Rch: 0.013
MAPE Eb: 0.909
MAPE Rch: 0.720
--------------------------------------------------
**************************************************
Z=8, N=7, emax=10
RMSE Eb: 1.109
RMSE Rch: 0.014
MAPE Eb: 0.947
MAPE Rch: 0.756
--------------------------------------------------
**************************************************
Z=8, N=7, emax=6
RMSE Eb: 0.850
RMSE Rch: 0.012
MAPE Eb: 0.792
MAPE Rch: 0.595
--------------------------------------------------
**************************************************
Z=8, N=7, emax=4
RMSE Eb: 0.625
RMSE Rch: 0.009
MAPE Eb: 0.735
MAPE Rch: 0.437
--------------------------------------------------
**************************************************
Z=8, N=8, emax=4
RMSE Eb: 0.685
RMSE Rch: 0.015
MAPE Eb: 0.751
MAPE Rch: 0.442
--------------------------------------------------
**************************************************
Z=8, N=8, emax=8
RMSE Eb: 0.765
RMSE Rch: 0.017
MAPE Eb: 0.576
MAPE Rch: 0.489
--------------------------------------------------
**************************************************
Z=8, N=8, emax=6
RMSE Eb: 0.602
RMSE Rch: 0.014
MAPE Eb: 0.529
MAPE Rch: 0.417
--------------------------------------------------
**************************************************
Z=8, N=8, emax=10
RMSE Eb: 1.069
RMSE Rch: 0.014
MAPE Eb: 0.830
MAPE Rch: 0.403
--------------------------------------------------
**************************************************
Z=8, N=9, emax=8
RMSE Eb: 0.611
RMSE Rch: 0.010
MAPE Eb: 0.453
MAPE Rch: 0.260
--------------------------------------------------
**************************************************
Z=8, N=9, emax=6
RMSE Eb: 0.540
RMSE Rch: 0.006
MAPE Eb: 0.446
MAPE Rch: 0.175
--------------------------------------------------
**************************************************
Z=8, N=9, emax=4
RMSE Eb: 0.507
RMSE Rch: 0.006
MAPE Eb: 0.505
MAPE Rch: 0.177
--------------------------------------------------
**************************************************
Z=8, N=9, emax=10
RMSE Eb: 0.793
RMSE Rch: 0.015
MAPE Eb: 0.641
MAPE Rch: 0.364
--------------------------------------------------
**************************************************
Z=8, N=10, emax=4
RMSE Eb: 0.775
RMSE Rch: 0.006
MAPE Eb: 0.842
MAPE Rch: 0.159
--------------------------------------------------
**************************************************
Z=8, N=10, emax=10
RMSE Eb: 0.740
RMSE Rch: 0.010
MAPE Eb: 0.518
MAPE Rch: 0.285
--------------------------------------------------
**************************************************
Z=8, N=10, emax=6
RMSE Eb: 0.480
RMSE Rch: 0.007
MAPE Eb: 0.381
MAPE Rch: 0.181
--------------------------------------------------
**************************************************
Z=8, N=10, emax=8
RMSE Eb: 0.559
RMSE Rch: 0.009
MAPE Eb: 0.399
MAPE Rch: 0.245
--------------------------------------------------
**************************************************
Z=8, N=11, emax=4
RMSE Eb: 0.782
RMSE Rch: 0.004
MAPE Eb: 0.872
MAPE Rch: 0.119
--------------------------------------------------
**************************************************
Z=8, N=11, emax=6
RMSE Eb: 0.465
RMSE Rch: 0.006
MAPE Eb: 0.374
MAPE Rch: 0.178
--------------------------------------------------
**************************************************
Z=8, N=11, emax=8
RMSE Eb: 0.544
RMSE Rch: 0.008
MAPE Eb: 0.369
MAPE Rch: 0.231
--------------------------------------------------
**************************************************
Z=8, N=11, emax=10
RMSE Eb: 1.088
RMSE Rch: 0.007
MAPE Eb: 0.666
MAPE Rch: 0.235
--------------------------------------------------
**************************************************
Z=8, N=12, emax=6
RMSE Eb: 0.608
RMSE Rch: 0.007
MAPE Eb: 0.403
MAPE Rch: 0.203
--------------------------------------------------
**************************************************
Z=8, N=12, emax=4
RMSE Eb: 0.697
RMSE Rch: 0.004
MAPE Eb: 0.666
MAPE Rch: 0.123
--------------------------------------------------
**************************************************
Z=8, N=12, emax=8
RMSE Eb: 0.537
RMSE Rch: 0.008
MAPE Eb: 0.368
MAPE Rch: 0.215
--------------------------------------------------
**************************************************
Z=8, N=12, emax=10
RMSE Eb: 0.726
RMSE Rch: 0.006
MAPE Eb: 0.341
MAPE Rch: 0.165
--------------------------------------------------
**************************************************
Z=8, N=13, emax=8
RMSE Eb: 0.484
RMSE Rch: 0.008
MAPE Eb: 0.308
MAPE Rch: 0.219
--------------------------------------------------
**************************************************
Z=8, N=13, emax=4
RMSE Eb: 0.647
RMSE Rch: 0.006
MAPE Eb: 0.642
MAPE Rch: 0.155
--------------------------------------------------
**************************************************
Z=8, N=13, emax=10
RMSE Eb: 0.758
RMSE Rch: 0.011
MAPE Eb: 0.471
MAPE Rch: 0.307
--------------------------------------------------
**************************************************
Z=8, N=13, emax=6
RMSE Eb: 0.485
RMSE Rch: 0.006
MAPE Eb: 0.386
MAPE Rch: 0.180
--------------------------------------------------
**************************************************
Z=8, N=14, emax=8
RMSE Eb: 0.646
RMSE Rch: 0.014
MAPE Eb: 0.387
MAPE Rch: 0.372
--------------------------------------------------
**************************************************
Z=8, N=14, emax=4
RMSE Eb: 0.745
RMSE Rch: 0.006
MAPE Eb: 0.745
MAPE Rch: 0.148
--------------------------------------------------
**************************************************
Z=8, N=14, emax=6
RMSE Eb: 0.565
RMSE Rch: 0.007
MAPE Eb: 0.442
MAPE Rch: 0.179
--------------------------------------------------
**************************************************
Z=8, N=14, emax=10
RMSE Eb: 0.621
RMSE Rch: 0.015
MAPE Eb: 0.407
MAPE Rch: 0.390
--------------------------------------------------
**************************************************
Z=8, N=15, emax=8
RMSE Eb: 0.575
RMSE Rch: 0.007
MAPE Eb: 0.352
MAPE Rch: 0.203
--------------------------------------------------
**************************************************
Z=8, N=15, emax=4
RMSE Eb: 0.888
RMSE Rch: 0.006
MAPE Eb: 0.956
MAPE Rch: 0.151
--------------------------------------------------
**************************************************
Z=8, N=15, emax=6
RMSE Eb: 0.735
RMSE Rch: 0.008
MAPE Eb: 0.508
MAPE Rch: 0.216
--------------------------------------------------
**************************************************
Z=8, N=15, emax=10
RMSE Eb: 0.706
RMSE Rch: 0.013
MAPE Eb: 0.402
MAPE Rch: 0.301
--------------------------------------------------
**************************************************
Z=8, N=16, emax=8
RMSE Eb: 0.724
RMSE Rch: 0.009
MAPE Eb: 0.406
MAPE Rch: 0.263
--------------------------------------------------
**************************************************
Z=8, N=16, emax=6
RMSE Eb: 0.704
RMSE Rch: 0.008
MAPE Eb: 0.496
MAPE Rch: 0.222
--------------------------------------------------
**************************************************
Z=8, N=16, emax=10
RMSE Eb: 0.639
RMSE Rch: 0.011
MAPE Eb: 0.376
MAPE Rch: 0.319
--------------------------------------------------
**************************************************
Z=8, N=16, emax=4
RMSE Eb: 1.165
RMSE Rch: 0.008
MAPE Eb: 1.172
MAPE Rch: 0.201
--------------------------------------------------
Finished VAL for AE n=609
**************************************************
Z=8, N=4, emax=6
RMSE Eb: 0.695
RMSE Rch: 0.011
MAPE Eb: 1.289
MAPE Rch: 0.549
--------------------------------------------------
**************************************************
Z=8, N=4, emax=8
RMSE Eb: 0.992
RMSE Rch: 0.018
MAPE Eb: 1.680
MAPE Rch: 0.820
--------------------------------------------------
**************************************************
Z=8, N=4, emax=4
RMSE Eb: 0.567
RMSE Rch: 0.008
MAPE Eb: 1.600
MAPE Rch: 0.355
--------------------------------------------------
**************************************************
Z=8, N=4, emax=10
RMSE Eb: 0.985
RMSE Rch: 0.023
MAPE Eb: 1.433
MAPE Rch: 1.176
--------------------------------------------------
**************************************************
Z=8, N=5, emax=4
RMSE Eb: 0.633
RMSE Rch: 0.007
MAPE Eb: 1.312
MAPE Rch: 0.321
--------------------------------------------------
**************************************************
Z=8, N=5, emax=8
RMSE Eb: 0.894
RMSE Rch: 0.014
MAPE Eb: 1.157
MAPE Rch: 0.699
--------------------------------------------------
**************************************************
Z=8, N=5, emax=6
RMSE Eb: 0.743
RMSE Rch: 0.010
MAPE Eb: 1.016
MAPE Rch: 0.457
--------------------------------------------------
**************************************************
Z=8, N=5, emax=10
RMSE Eb: 0.719
RMSE Rch: 0.026
MAPE Eb: 0.762
MAPE Rch: 1.238
--------------------------------------------------
**************************************************
Z=8, N=6, emax=4
RMSE Eb: 0.752
RMSE Rch: 0.008
MAPE Eb: 1.068
MAPE Rch: 0.384
--------------------------------------------------
**************************************************
Z=8, N=6, emax=8
RMSE Eb: 1.244
RMSE Rch: 0.014
MAPE Eb: 1.149
MAPE Rch: 0.698
--------------------------------------------------
**************************************************
Z=8, N=6, emax=6
RMSE Eb: 0.935
RMSE Rch: 0.009
MAPE Eb: 0.995
MAPE Rch: 0.417
--------------------------------------------------
**************************************************
Z=8, N=6, emax=10
RMSE Eb: 1.082
RMSE Rch: 0.019
MAPE Eb: 0.903
MAPE Rch: 1.053
--------------------------------------------------
**************************************************
Z=8, N=7, emax=4
RMSE Eb: 0.790
RMSE Rch: 0.009
MAPE Eb: 0.915
MAPE Rch: 0.454
--------------------------------------------------
**************************************************
Z=8, N=7, emax=8
RMSE Eb: 0.955
RMSE Rch: 0.014
MAPE Eb: 0.766
MAPE Rch: 0.736
--------------------------------------------------
**************************************************
Z=8, N=7, emax=6
RMSE Eb: 0.805
RMSE Rch: 0.010
MAPE Eb: 0.770
MAPE Rch: 0.492
--------------------------------------------------
**************************************************
Z=8, N=7, emax=10
RMSE Eb: 1.184
RMSE Rch: 0.018
MAPE Eb: 0.915
MAPE Rch: 0.995
--------------------------------------------------
**************************************************
Z=8, N=8, emax=4
RMSE Eb: 0.573
RMSE Rch: 0.014
MAPE Eb: 0.611
MAPE Rch: 0.404
--------------------------------------------------
**************************************************
Z=8, N=8, emax=6
RMSE Eb: 0.641
RMSE Rch: 0.012
MAPE Eb: 0.529
MAPE Rch: 0.353
--------------------------------------------------
**************************************************
Z=8, N=8, emax=8
RMSE Eb: 0.710
RMSE Rch: 0.016
MAPE Eb: 0.512
MAPE Rch: 0.482
--------------------------------------------------
**************************************************
Z=8, N=8, emax=10
RMSE Eb: 0.936
RMSE Rch: 0.014
MAPE Eb: 0.659
MAPE Rch: 0.384
--------------------------------------------------
**************************************************
Z=8, N=9, emax=4
RMSE Eb: 0.554
RMSE Rch: 0.006
MAPE Eb: 0.572
MAPE Rch: 0.164
--------------------------------------------------
**************************************************
Z=8, N=9, emax=8
RMSE Eb: 0.591
RMSE Rch: 0.011
MAPE Eb: 0.413
MAPE Rch: 0.317
--------------------------------------------------
**************************************************
Z=8, N=9, emax=6
RMSE Eb: 0.509
RMSE Rch: 0.007
MAPE Eb: 0.421
MAPE Rch: 0.194
--------------------------------------------------
**************************************************
Z=8, N=9, emax=10
RMSE Eb: 0.964
RMSE Rch: 0.012
MAPE Eb: 0.759
MAPE Rch: 0.371
--------------------------------------------------
**************************************************
Z=8, N=10, emax=4
RMSE Eb: 0.766
RMSE Rch: 0.005
MAPE Eb: 0.821
MAPE Rch: 0.133
--------------------------------------------------
**************************************************
Z=8, N=10, emax=6
RMSE Eb: 0.465
RMSE Rch: 0.007
MAPE Eb: 0.353
MAPE Rch: 0.202
--------------------------------------------------
**************************************************
Z=8, N=10, emax=8
RMSE Eb: 0.579
RMSE Rch: 0.008
MAPE Eb: 0.425
MAPE Rch: 0.227
--------------------------------------------------
**************************************************
Z=8, N=10, emax=10
RMSE Eb: 0.889
RMSE Rch: 0.010
MAPE Eb: 0.630
MAPE Rch: 0.295
--------------------------------------------------
**************************************************
Z=8, N=11, emax=8
RMSE Eb: 0.557
RMSE Rch: 0.008
MAPE Eb: 0.388
MAPE Rch: 0.229
--------------------------------------------------
**************************************************
Z=8, N=11, emax=4
RMSE Eb: 0.835
RMSE Rch: 0.005
MAPE Eb: 0.972
MAPE Rch: 0.133
--------------------------------------------------
**************************************************
Z=8, N=11, emax=6
RMSE Eb: 0.492
RMSE Rch: 0.007
MAPE Eb: 0.396
MAPE Rch: 0.198
--------------------------------------------------
**************************************************
Z=8, N=11, emax=10
RMSE Eb: 0.910
RMSE Rch: 0.009
MAPE Eb: 0.598
MAPE Rch: 0.264
--------------------------------------------------
**************************************************
Z=8, N=12, emax=6
RMSE Eb: 0.588
RMSE Rch: 0.007
MAPE Eb: 0.459
MAPE Rch: 0.199
--------------------------------------------------
**************************************************
Z=8, N=12, emax=8
RMSE Eb: 0.611
RMSE Rch: 0.008
MAPE Eb: 0.404
MAPE Rch: 0.235
--------------------------------------------------
**************************************************
Z=8, N=12, emax=4
RMSE Eb: 0.850
RMSE Rch: 0.005
MAPE Eb: 0.844
MAPE Rch: 0.135
--------------------------------------------------
**************************************************
Z=8, N=12, emax=10
RMSE Eb: 0.780
RMSE Rch: 0.008
MAPE Eb: 0.507
MAPE Rch: 0.213
--------------------------------------------------
**************************************************
Z=8, N=13, emax=8
RMSE Eb: 0.497
RMSE Rch: 0.009
MAPE Eb: 0.315
MAPE Rch: 0.252
--------------------------------------------------
**************************************************
Z=8, N=13, emax=4
RMSE Eb: 0.617
RMSE Rch: 0.006
MAPE Eb: 0.635
MAPE Rch: 0.155
--------------------------------------------------
**************************************************
Z=8, N=13, emax=6
RMSE Eb: 0.440
RMSE Rch: 0.006
MAPE Eb: 0.317
MAPE Rch: 0.162
--------------------------------------------------
**************************************************
Z=8, N=13, emax=10
RMSE Eb: 0.555
RMSE Rch: 0.019
MAPE Eb: 0.349
MAPE Rch: 0.361
--------------------------------------------------
**************************************************
Z=8, N=14, emax=6
RMSE Eb: 0.454
RMSE Rch: 0.006
MAPE Eb: 0.309
MAPE Rch: 0.175
--------------------------------------------------
**************************************************
Z=8, N=14, emax=10
RMSE Eb: 0.863
RMSE Rch: 0.016
MAPE Eb: 0.497
MAPE Rch: 0.458
--------------------------------------------------
**************************************************
Z=8, N=14, emax=4
RMSE Eb: 0.694
RMSE Rch: 0.006
MAPE Eb: 0.708
MAPE Rch: 0.151
--------------------------------------------------
**************************************************
Z=8, N=14, emax=8
RMSE Eb: 0.604
RMSE Rch: 0.011
MAPE Eb: 0.369
MAPE Rch: 0.276
--------------------------------------------------
**************************************************
Z=8, N=15, emax=8
RMSE Eb: 0.600
RMSE Rch: 0.008
MAPE Eb: 0.362
MAPE Rch: 0.213
--------------------------------------------------
**************************************************
Z=8, N=15, emax=6
RMSE Eb: 0.573
RMSE Rch: 0.006
MAPE Eb: 0.420
MAPE Rch: 0.158
--------------------------------------------------
**************************************************
Z=8, N=15, emax=4
RMSE Eb: 0.693
RMSE Rch: 0.006
MAPE Eb: 0.746
MAPE Rch: 0.161
--------------------------------------------------
**************************************************
Z=8, N=15, emax=10
RMSE Eb: 0.581
RMSE Rch: 0.009
MAPE Eb: 0.294
MAPE Rch: 0.277
--------------------------------------------------
**************************************************
Z=8, N=16, emax=4
RMSE Eb: 1.185
RMSE Rch: 0.008
MAPE Eb: 1.290
MAPE Rch: 0.209
--------------------------------------------------
**************************************************
Z=8, N=16, emax=8
RMSE Eb: 0.769
RMSE Rch: 0.008
MAPE Eb: 0.468
MAPE Rch: 0.233
--------------------------------------------------
**************************************************
Z=8, N=16, emax=6
RMSE Eb: 0.804
RMSE Rch: 0.007
MAPE Eb: 0.534
MAPE Rch: 0.193
--------------------------------------------------
**************************************************
Z=8, N=16, emax=10
RMSE Eb: 0.805
RMSE Rch: 0.010
MAPE Eb: 0.474
MAPE Rch: 0.314
--------------------------------------------------
