Activated conda environment
[DataLoader] Found 13 files matching the pattern.
[DataLoader] Combined data shape: (17234, 35)
[Preprocess] Data split => train: (11029, 35), val: (2758, 35), test: (3447, 35)
[Preprocess] Processed fidelity 4 (index 0): 3758 samples.
[Preprocess] Processed fidelity 6 (index 1): 3346 samples.
[Preprocess] Processed fidelity 8 (index 2): 3194 samples.
[Preprocess] Processed fidelity 10 (index 3): 731 samples.
[Preprocess] Processed fidelity 4 (index 0): 949 samples.
[Preprocess] Processed fidelity 6 (index 1): 833 samples.
[Preprocess] Processed fidelity 8 (index 2): 801 samples.
[Preprocess] Processed fidelity 10 (index 3): 175 samples.
Fidelity levels: [4, 6, 8, 10]
[Trainer] Starting BNN training...
[Trainer] No improvement. Iteration 7100. Early stopping counter: 1, LR counter: 1
[Trainer] No improvement. Iteration 7500. Early stopping counter: 1, LR counter: 1
[Trainer] No improvement. Iteration 7600. Early stopping counter: 2, LR counter: 2
[Trainer] No improvement. Iteration 7700. Early stopping counter: 3, LR counter: 3
[Trainer] No improvement. Iteration 7800. Early stopping counter: 4, LR counter: 4
[Trainer] No improvement. Iteration 8700. Early stopping counter: 1, LR counter: 1
[Trainer] No improvement. Iteration 8900. Early stopping counter: 1, LR counter: 1
[Trainer] No improvement. Iteration 9000. Early stopping counter: 2, LR counter: 2
[Trainer] No improvement. Iteration 9100. Early stopping counter: 3, LR counter: 3
[Trainer] No improvement. Iteration 9200. Early stopping counter: 4, LR counter: 4
[Trainer] No improvement. Iteration 9300. Early stopping counter: 5, LR counter: 5
[Trainer] No improvement. Iteration 9400. Early stopping counter: 6, LR counter: 6
[Trainer] No improvement. Iteration 9500. Early stopping counter: 7, LR counter: 7
[Trainer] No improvement. Iteration 9600. Early stopping counter: 8, LR counter: 8
[Trainer] No improvement. Iteration 9700. Early stopping counter: 9, LR counter: 9
[Trainer] No improvement. Iteration 9800. Early stopping counter: 10, LR counter: 10
[Trainer] No improvement. Iteration 9900. Early stopping counter: 11, LR counter: 11
[Trainer] No improvement. Iteration 10000. Early stopping counter: 12, LR counter: 12
[Trainer] No improvement. Iteration 10100. Early stopping counter: 13, LR counter: 13
[Trainer] No improvement. Iteration 10200. Early stopping counter: 14, LR counter: 14
[Trainer] No improvement. Iteration 10300. Early stopping counter: 15, LR counter: 15
[Trainer] No improvement. Iteration 10500. Early stopping counter: 1, LR counter: 1
[Trainer] No improvement. Iteration 10600. Early stopping counter: 2, LR counter: 2
[Trainer] No improvement. Iteration 10700. Early stopping counter: 3, LR counter: 3
[Trainer] No improvement. Iteration 10800. Early stopping counter: 4, LR counter: 4
[Trainer] No improvement. Iteration 10900. Early stopping counter: 5, LR counter: 5
[Trainer] No improvement. Iteration 11000. Early stopping counter: 6, LR counter: 6
[Trainer] No improvement. Iteration 11100. Early stopping counter: 7, LR counter: 7
[Trainer] No improvement. Iteration 11200. Early stopping counter: 8, LR counter: 8
[Trainer] No improvement. Iteration 11300. Early stopping counter: 9, LR counter: 9
[Trainer] No improvement. Iteration 11400. Early stopping counter: 10, LR counter: 10
[Trainer] No improvement. Iteration 11500. Early stopping counter: 11, LR counter: 11
[Trainer] No improvement. Iteration 11600. Early stopping counter: 12, LR counter: 12
[Trainer] No improvement. Iteration 11700. Early stopping counter: 13, LR counter: 13
[Trainer] No improvement. Iteration 11800. Early stopping counter: 14, LR counter: 14
[Trainer] No improvement. Iteration 11900. Early stopping counter: 15, LR counter: 15
[Trainer] No improvement. Iteration 12000. Early stopping counter: 16, LR counter: 16
[Trainer] No improvement. Iteration 12100. Early stopping counter: 17, LR counter: 17
[Trainer] No improvement. Iteration 12200. Early stopping counter: 18, LR counter: 18
[Trainer] No improvement. Iteration 12300. Early stopping counter: 19, LR counter: 19
[Trainer] No improvement. Iteration 12400. Early stopping counter: 20, LR counter: 20
[Trainer] No improvement. Iteration 12500. Early stopping counter: 21, LR counter: 21
[Trainer] No improvement. Iteration 12600. Early stopping counter: 22, LR counter: 22
[Trainer] No improvement. Iteration 12700. Early stopping counter: 23, LR counter: 23
[Trainer] No improvement. Iteration 12800. Early stopping counter: 24, LR counter: 24
[Trainer] No improvement. Iteration 12900. Early stopping counter: 25, LR counter: 25
[Trainer] Learning rate reduced to: 0.000010
[Trainer] No improvement. Iteration 13000. Early stopping counter: 26, LR counter: 1
[Trainer] No improvement. Iteration 13100. Early stopping counter: 27, LR counter: 2
[Trainer] No improvement. Iteration 13200. Early stopping counter: 28, LR counter: 3
[Trainer] No improvement. Iteration 13300. Early stopping counter: 29, LR counter: 4
[Trainer] No improvement. Iteration 13400. Early stopping counter: 30, LR counter: 5
[Trainer] No improvement. Iteration 13500. Early stopping counter: 31, LR counter: 6
[Trainer] No improvement. Iteration 13600. Early stopping counter: 32, LR counter: 7
[Trainer] No improvement. Iteration 13700. Early stopping counter: 33, LR counter: 8
[Trainer] No improvement. Iteration 13800. Early stopping counter: 34, LR counter: 9
[Trainer] No improvement. Iteration 13900. Early stopping counter: 35, LR counter: 10
[Trainer] No improvement. Iteration 14000. Early stopping counter: 36, LR counter: 11
[Trainer] No improvement. Iteration 14100. Early stopping counter: 37, LR counter: 12
[Trainer] No improvement. Iteration 14200. Early stopping counter: 38, LR counter: 13
[Trainer] No improvement. Iteration 14300. Early stopping counter: 39, LR counter: 14
[Trainer] No improvement. Iteration 14400. Early stopping counter: 40, LR counter: 15
[Trainer] No improvement. Iteration 14500. Early stopping counter: 41, LR counter: 16
[Trainer] No improvement. Iteration 14600. Early stopping counter: 42, LR counter: 17
[Trainer] No improvement. Iteration 14700. Early stopping counter: 43, LR counter: 18
[Trainer] No improvement. Iteration 14800. Early stopping counter: 44, LR counter: 19
[Trainer] No improvement. Iteration 14900. Early stopping counter: 45, LR counter: 20
[Trainer] No improvement. Iteration 15000. Early stopping counter: 46, LR counter: 21
[Trainer] No improvement. Iteration 15100. Early stopping counter: 47, LR counter: 22
[Trainer] No improvement. Iteration 15200. Early stopping counter: 48, LR counter: 23
[Trainer] No improvement. Iteration 15300. Early stopping counter: 49, LR counter: 24
[Trainer] No improvement. Iteration 15400. Early stopping counter: 50, LR counter: 25
[Trainer] Learning rate reduced to: 0.000001
[Trainer] Early stopping triggered.
[Trainer] Training completed.
[Trainer] Calibrating temperatures on validation set...
[Trainer] Temperature calibration finished. Calibrated temperatures: {4: 1.5955954790115356, 6: 1.4344857931137085, 8: 1.5896754264831543, 10: 1.7129476070404053}
[Trainer] BNN training completed.
**************************************************
Z=8, N=4, emax=4
RMSE Eb: 0.743
RMSE Rch: 0.008
MAPE Eb: 2.270
MAPE Rch: 0.372
--------------------------------------------------
**************************************************
Z=8, N=4, emax=10
RMSE Eb: 1.025
RMSE Rch: 0.039
MAPE Eb: 1.798
MAPE Rch: 1.881
--------------------------------------------------
**************************************************
Z=8, N=4, emax=6
RMSE Eb: 0.823
RMSE Rch: 0.012
MAPE Eb: 1.543
MAPE Rch: 0.517
--------------------------------------------------
**************************************************
Z=8, N=4, emax=8
RMSE Eb: 0.843
RMSE Rch: 0.017
MAPE Eb: 1.400
MAPE Rch: 0.792
--------------------------------------------------
**************************************************
Z=8, N=5, emax=8
RMSE Eb: 0.954
RMSE Rch: 0.016
MAPE Eb: 1.226
MAPE Rch: 0.709
--------------------------------------------------
**************************************************
Z=8, N=5, emax=6
RMSE Eb: 0.694
RMSE Rch: 0.009
MAPE Eb: 1.032
MAPE Rch: 0.398
--------------------------------------------------
**************************************************
Z=8, N=5, emax=4
RMSE Eb: 0.532
RMSE Rch: 0.007
MAPE Eb: 1.045
MAPE Rch: 0.310
--------------------------------------------------
**************************************************
Z=8, N=5, emax=10
RMSE Eb: 0.887
RMSE Rch: 0.021
MAPE Eb: 0.969
MAPE Rch: 0.879
--------------------------------------------------
**************************************************
Z=8, N=6, emax=4
RMSE Eb: 0.665
RMSE Rch: 0.006
MAPE Eb: 0.995
MAPE Rch: 0.294
--------------------------------------------------
**************************************************
Z=8, N=6, emax=6
RMSE Eb: 0.819
RMSE Rch: 0.011
MAPE Eb: 0.871
MAPE Rch: 0.497
--------------------------------------------------
**************************************************
Z=8, N=6, emax=8
RMSE Eb: 0.930
RMSE Rch: 0.013
MAPE Eb: 0.922
MAPE Rch: 0.616
--------------------------------------------------
**************************************************
Z=8, N=6, emax=10
RMSE Eb: 1.079
RMSE Rch: 0.018
MAPE Eb: 0.970
MAPE Rch: 0.931
--------------------------------------------------
**************************************************
Z=8, N=7, emax=8
RMSE Eb: 1.096
RMSE Rch: 0.012
MAPE Eb: 0.918
MAPE Rch: 0.617
--------------------------------------------------
**************************************************
Z=8, N=7, emax=10
RMSE Eb: 1.196
RMSE Rch: 0.016
MAPE Eb: 0.797
MAPE Rch: 0.915
--------------------------------------------------
**************************************************
Z=8, N=7, emax=6
RMSE Eb: 1.047
RMSE Rch: 0.012
MAPE Eb: 0.979
MAPE Rch: 0.598
--------------------------------------------------
**************************************************
Z=8, N=7, emax=4
RMSE Eb: 0.787
RMSE Rch: 0.008
MAPE Eb: 0.973
MAPE Rch: 0.409
--------------------------------------------------
**************************************************
Z=8, N=8, emax=4
RMSE Eb: 0.704
RMSE Rch: 0.010
MAPE Eb: 0.755
MAPE Rch: 0.259
--------------------------------------------------
**************************************************
Z=8, N=8, emax=8
RMSE Eb: 0.781
RMSE Rch: 0.011
MAPE Eb: 0.627
MAPE Rch: 0.302
--------------------------------------------------
**************************************************
Z=8, N=8, emax=6
RMSE Eb: 0.520
RMSE Rch: 0.009
MAPE Eb: 0.443
MAPE Rch: 0.251
--------------------------------------------------
**************************************************
Z=8, N=8, emax=10
RMSE Eb: 1.285
RMSE Rch: 0.019
MAPE Eb: 0.874
MAPE Rch: 0.590
--------------------------------------------------
**************************************************
Z=8, N=9, emax=8
RMSE Eb: 0.671
RMSE Rch: 0.008
MAPE Eb: 0.466
MAPE Rch: 0.223
--------------------------------------------------
**************************************************
Z=8, N=9, emax=6
RMSE Eb: 0.581
RMSE Rch: 0.007
MAPE Eb: 0.472
MAPE Rch: 0.195
--------------------------------------------------
**************************************************
Z=8, N=9, emax=4
RMSE Eb: 0.559
RMSE Rch: 0.007
MAPE Eb: 0.576
MAPE Rch: 0.195
--------------------------------------------------
**************************************************
Z=8, N=9, emax=10
RMSE Eb: 0.589
RMSE Rch: 0.009
MAPE Eb: 0.406
MAPE Rch: 0.282
--------------------------------------------------
**************************************************
Z=8, N=10, emax=4
RMSE Eb: 0.502
RMSE Rch: 0.006
MAPE Eb: 0.535
MAPE Rch: 0.155
--------------------------------------------------
**************************************************
Z=8, N=10, emax=10
RMSE Eb: 0.532
RMSE Rch: 0.008
MAPE Eb: 0.390
MAPE Rch: 0.231
--------------------------------------------------
**************************************************
Z=8, N=10, emax=6
RMSE Eb: 0.511
RMSE Rch: 0.006
MAPE Eb: 0.385
MAPE Rch: 0.167
--------------------------------------------------
**************************************************
Z=8, N=10, emax=8
RMSE Eb: 0.702
RMSE Rch: 0.008
MAPE Eb: 0.487
MAPE Rch: 0.237
--------------------------------------------------
**************************************************
Z=8, N=11, emax=4
RMSE Eb: 0.463
RMSE Rch: 0.005
MAPE Eb: 0.495
MAPE Rch: 0.142
--------------------------------------------------
**************************************************
Z=8, N=11, emax=6
RMSE Eb: 0.484
RMSE Rch: 0.007
MAPE Eb: 0.349
MAPE Rch: 0.188
--------------------------------------------------
**************************************************
Z=8, N=11, emax=8
RMSE Eb: 0.509
RMSE Rch: 0.009
MAPE Eb: 0.330
MAPE Rch: 0.259
--------------------------------------------------
**************************************************
Z=8, N=11, emax=10
RMSE Eb: 0.635
RMSE Rch: 0.009
MAPE Eb: 0.403
MAPE Rch: 0.252
--------------------------------------------------
**************************************************
Z=8, N=12, emax=6
RMSE Eb: 0.476
RMSE Rch: 0.006
MAPE Eb: 0.333
MAPE Rch: 0.179
--------------------------------------------------
**************************************************
Z=8, N=12, emax=4
RMSE Eb: 0.526
RMSE Rch: 0.006
MAPE Eb: 0.555
MAPE Rch: 0.147
--------------------------------------------------
**************************************************
Z=8, N=12, emax=8
RMSE Eb: 0.612
RMSE Rch: 0.010
MAPE Eb: 0.409
MAPE Rch: 0.273
--------------------------------------------------
**************************************************
Z=8, N=12, emax=10
RMSE Eb: 0.638
RMSE Rch: 0.008
MAPE Eb: 0.351
MAPE Rch: 0.231
--------------------------------------------------
**************************************************
Z=8, N=13, emax=8
RMSE Eb: 0.583
RMSE Rch: 0.010
MAPE Eb: 0.385
MAPE Rch: 0.281
--------------------------------------------------
**************************************************
Z=8, N=13, emax=4
RMSE Eb: 0.461
RMSE Rch: 0.007
MAPE Eb: 0.454
MAPE Rch: 0.176
--------------------------------------------------
**************************************************
Z=8, N=13, emax=10
RMSE Eb: 0.815
RMSE Rch: 0.006
MAPE Eb: 0.521
MAPE Rch: 0.210
--------------------------------------------------
**************************************************
Z=8, N=13, emax=6
RMSE Eb: 0.496
RMSE Rch: 0.006
MAPE Eb: 0.380
MAPE Rch: 0.157
--------------------------------------------------
**************************************************
Z=8, N=14, emax=8
RMSE Eb: 0.756
RMSE Rch: 0.012
MAPE Eb: 0.473
MAPE Rch: 0.288
--------------------------------------------------
**************************************************
Z=8, N=14, emax=4
RMSE Eb: 0.500
RMSE Rch: 0.006
MAPE Eb: 0.466
MAPE Rch: 0.154
--------------------------------------------------
**************************************************
Z=8, N=14, emax=6
RMSE Eb: 0.494
RMSE Rch: 0.006
MAPE Eb: 0.365
MAPE Rch: 0.159
--------------------------------------------------
**************************************************
Z=8, N=14, emax=10
RMSE Eb: 0.681
RMSE Rch: 0.009
MAPE Eb: 0.400
MAPE Rch: 0.202
--------------------------------------------------
**************************************************
Z=8, N=15, emax=8
RMSE Eb: 0.603
RMSE Rch: 0.010
MAPE Eb: 0.336
MAPE Rch: 0.280
--------------------------------------------------
**************************************************
Z=8, N=15, emax=4
RMSE Eb: 0.638
RMSE Rch: 0.007
MAPE Eb: 0.605
MAPE Rch: 0.178
--------------------------------------------------
**************************************************
Z=8, N=15, emax=6
RMSE Eb: 0.457
RMSE Rch: 0.007
MAPE Eb: 0.332
MAPE Rch: 0.198
--------------------------------------------------
**************************************************
Z=8, N=15, emax=10
RMSE Eb: 0.566
RMSE Rch: 0.008
MAPE Eb: 0.296
MAPE Rch: 0.225
--------------------------------------------------
**************************************************
Z=8, N=16, emax=8
RMSE Eb: 0.746
RMSE Rch: 0.009
MAPE Eb: 0.444
MAPE Rch: 0.252
--------------------------------------------------
**************************************************
Z=8, N=16, emax=6
RMSE Eb: 0.550
RMSE Rch: 0.007
MAPE Eb: 0.365
MAPE Rch: 0.206
--------------------------------------------------
**************************************************
Z=8, N=16, emax=10
RMSE Eb: 0.695
RMSE Rch: 0.008
MAPE Eb: 0.416
MAPE Rch: 0.202
--------------------------------------------------
**************************************************
Z=8, N=16, emax=4
RMSE Eb: 0.771
RMSE Rch: 0.008
MAPE Eb: 0.748
MAPE Rch: 0.209
--------------------------------------------------
Finished VAL for AE n=493
**************************************************
Z=8, N=4, emax=6
RMSE Eb: 0.679
RMSE Rch: 0.011
MAPE Eb: 1.314
MAPE Rch: 0.512
--------------------------------------------------
**************************************************
Z=8, N=4, emax=8
RMSE Eb: 0.841
RMSE Rch: 0.019
MAPE Eb: 1.250
MAPE Rch: 0.809
--------------------------------------------------
**************************************************
Z=8, N=4, emax=4
RMSE Eb: 0.749
RMSE Rch: 0.007
MAPE Eb: 2.228
MAPE Rch: 0.313
--------------------------------------------------
**************************************************
Z=8, N=4, emax=10
RMSE Eb: 1.218
RMSE Rch: 0.022
MAPE Eb: 1.811
MAPE Rch: 1.123
--------------------------------------------------
**************************************************
Z=8, N=5, emax=4
RMSE Eb: 0.691
RMSE Rch: 0.006
MAPE Eb: 1.342
MAPE Rch: 0.287
--------------------------------------------------
**************************************************
Z=8, N=5, emax=8
RMSE Eb: 0.859
RMSE Rch: 0.014
MAPE Eb: 1.042
MAPE Rch: 0.694
--------------------------------------------------
**************************************************
Z=8, N=5, emax=6
RMSE Eb: 0.825
RMSE Rch: 0.011
MAPE Eb: 1.132
MAPE Rch: 0.518
--------------------------------------------------
**************************************************
Z=8, N=5, emax=10
RMSE Eb: 1.258
RMSE Rch: 0.022
MAPE Eb: 1.616
MAPE Rch: 1.212
--------------------------------------------------
**************************************************
Z=8, N=6, emax=4
RMSE Eb: 0.747
RMSE Rch: 0.007
MAPE Eb: 1.086
MAPE Rch: 0.316
--------------------------------------------------
**************************************************
Z=8, N=6, emax=8
RMSE Eb: 1.042
RMSE Rch: 0.015
MAPE Eb: 1.001
MAPE Rch: 0.719
--------------------------------------------------
**************************************************
Z=8, N=6, emax=6
RMSE Eb: 0.989
RMSE Rch: 0.010
MAPE Eb: 1.041
MAPE Rch: 0.479
--------------------------------------------------
**************************************************
Z=8, N=6, emax=10
RMSE Eb: 0.898
RMSE Rch: 0.018
MAPE Eb: 0.844
MAPE Rch: 0.989
--------------------------------------------------
**************************************************
Z=8, N=7, emax=4
RMSE Eb: 0.772
RMSE Rch: 0.009
MAPE Eb: 0.964
MAPE Rch: 0.430
--------------------------------------------------
**************************************************
Z=8, N=7, emax=8
RMSE Eb: 1.158
RMSE Rch: 0.013
MAPE Eb: 0.920
MAPE Rch: 0.651
--------------------------------------------------
**************************************************
Z=8, N=7, emax=6
RMSE Eb: 1.000
RMSE Rch: 0.011
MAPE Eb: 0.980
MAPE Rch: 0.551
--------------------------------------------------
**************************************************
Z=8, N=7, emax=10
RMSE Eb: 0.654
RMSE Rch: 0.019
MAPE Eb: 0.536
MAPE Rch: 0.992
--------------------------------------------------
**************************************************
Z=8, N=8, emax=4
RMSE Eb: 0.631
RMSE Rch: 0.010
MAPE Eb: 0.682
MAPE Rch: 0.255
--------------------------------------------------
**************************************************
Z=8, N=8, emax=6
RMSE Eb: 0.666
RMSE Rch: 0.009
MAPE Eb: 0.544
MAPE Rch: 0.272
--------------------------------------------------
**************************************************
Z=8, N=8, emax=8
RMSE Eb: 0.610
RMSE Rch: 0.011
MAPE Eb: 0.480
MAPE Rch: 0.304
--------------------------------------------------
**************************************************
Z=8, N=8, emax=10
RMSE Eb: 0.890
RMSE Rch: 0.011
MAPE Eb: 0.638
MAPE Rch: 0.291
--------------------------------------------------
**************************************************
Z=8, N=9, emax=4
RMSE Eb: 0.585
RMSE Rch: 0.007
MAPE Eb: 0.608
MAPE Rch: 0.178
--------------------------------------------------
**************************************************
Z=8, N=9, emax=8
RMSE Eb: 0.543
RMSE Rch: 0.007
MAPE Eb: 0.390
MAPE Rch: 0.189
--------------------------------------------------
**************************************************
Z=8, N=9, emax=6
RMSE Eb: 0.504
RMSE Rch: 0.008
MAPE Eb: 0.424
MAPE Rch: 0.221
--------------------------------------------------
**************************************************
Z=8, N=9, emax=10
RMSE Eb: 0.536
RMSE Rch: 0.009
MAPE Eb: 0.398
MAPE Rch: 0.277
--------------------------------------------------
**************************************************
Z=8, N=10, emax=4
RMSE Eb: 0.574
RMSE Rch: 0.006
MAPE Eb: 0.581
MAPE Rch: 0.154
--------------------------------------------------
**************************************************
Z=8, N=10, emax=6
RMSE Eb: 0.515
RMSE Rch: 0.006
MAPE Eb: 0.409
MAPE Rch: 0.170
--------------------------------------------------
**************************************************
Z=8, N=10, emax=8
RMSE Eb: 0.606
RMSE Rch: 0.009
MAPE Eb: 0.411
MAPE Rch: 0.239
--------------------------------------------------
**************************************************
Z=8, N=10, emax=10
RMSE Eb: 0.604
RMSE Rch: 0.007
MAPE Eb: 0.396
MAPE Rch: 0.230
--------------------------------------------------
**************************************************
Z=8, N=11, emax=8
RMSE Eb: 0.589
RMSE Rch: 0.007
MAPE Eb: 0.399
MAPE Rch: 0.210
--------------------------------------------------
**************************************************
Z=8, N=11, emax=4
RMSE Eb: 0.444
RMSE Rch: 0.006
MAPE Eb: 0.473
MAPE Rch: 0.154
--------------------------------------------------
**************************************************
Z=8, N=11, emax=6
RMSE Eb: 0.469
RMSE Rch: 0.007
MAPE Eb: 0.367
MAPE Rch: 0.194
--------------------------------------------------
**************************************************
Z=8, N=11, emax=10
RMSE Eb: 0.446
RMSE Rch: 0.008
MAPE Eb: 0.289
MAPE Rch: 0.224
--------------------------------------------------
**************************************************
Z=8, N=12, emax=6
RMSE Eb: 0.566
RMSE Rch: 0.006
MAPE Eb: 0.427
MAPE Rch: 0.168
--------------------------------------------------
**************************************************
Z=8, N=12, emax=8
RMSE Eb: 0.707
RMSE Rch: 0.009
MAPE Eb: 0.467
MAPE Rch: 0.277
--------------------------------------------------
**************************************************
Z=8, N=12, emax=4
RMSE Eb: 0.441
RMSE Rch: 0.006
MAPE Eb: 0.435
MAPE Rch: 0.153
--------------------------------------------------
**************************************************
Z=8, N=12, emax=10
RMSE Eb: 0.471
RMSE Rch: 0.006
MAPE Eb: 0.301
MAPE Rch: 0.186
--------------------------------------------------
**************************************************
Z=8, N=13, emax=8
RMSE Eb: 0.589
RMSE Rch: 0.008
MAPE Eb: 0.386
MAPE Rch: 0.242
--------------------------------------------------
**************************************************
Z=8, N=13, emax=4
RMSE Eb: 0.530
RMSE Rch: 0.005
MAPE Eb: 0.527
MAPE Rch: 0.143
--------------------------------------------------
**************************************************
Z=8, N=13, emax=6
RMSE Eb: 0.530
RMSE Rch: 0.006
MAPE Eb: 0.376
MAPE Rch: 0.169
--------------------------------------------------
**************************************************
Z=8, N=13, emax=10
RMSE Eb: 0.421
RMSE Rch: 0.015
MAPE Eb: 0.284
MAPE Rch: 0.289
--------------------------------------------------
**************************************************
Z=8, N=14, emax=6
RMSE Eb: 0.517
RMSE Rch: 0.006
MAPE Eb: 0.362
MAPE Rch: 0.162
--------------------------------------------------
**************************************************
Z=8, N=14, emax=10
RMSE Eb: 0.561
RMSE Rch: 0.008
MAPE Eb: 0.322
MAPE Rch: 0.201
--------------------------------------------------
**************************************************
Z=8, N=14, emax=4
RMSE Eb: 0.492
RMSE Rch: 0.007
MAPE Eb: 0.479
MAPE Rch: 0.192
--------------------------------------------------
**************************************************
Z=8, N=14, emax=8
RMSE Eb: 0.753
RMSE Rch: 0.010
MAPE Eb: 0.462
MAPE Rch: 0.251
--------------------------------------------------
**************************************************
Z=8, N=15, emax=8
RMSE Eb: 0.560
RMSE Rch: 0.010
MAPE Eb: 0.329
MAPE Rch: 0.289
--------------------------------------------------
**************************************************
Z=8, N=15, emax=6
RMSE Eb: 0.525
RMSE Rch: 0.007
MAPE Eb: 0.354
MAPE Rch: 0.192
--------------------------------------------------
**************************************************
Z=8, N=15, emax=4
RMSE Eb: 0.641
RMSE Rch: 0.006
MAPE Eb: 0.656
MAPE Rch: 0.171
--------------------------------------------------
**************************************************
Z=8, N=15, emax=10
RMSE Eb: 0.587
RMSE Rch: 0.008
MAPE Eb: 0.362
MAPE Rch: 0.199
--------------------------------------------------
**************************************************
Z=8, N=16, emax=4
RMSE Eb: 0.744
RMSE Rch: 0.008
MAPE Eb: 0.707
MAPE Rch: 0.208
--------------------------------------------------
**************************************************
Z=8, N=16, emax=8
RMSE Eb: 0.806
RMSE Rch: 0.008
MAPE Eb: 0.508
MAPE Rch: 0.223
--------------------------------------------------
**************************************************
Z=8, N=16, emax=6
RMSE Eb: 0.626
RMSE Rch: 0.007
MAPE Eb: 0.444
MAPE Rch: 0.195
--------------------------------------------------
**************************************************
Z=8, N=16, emax=10
RMSE Eb: 0.869
RMSE Rch: 0.008
MAPE Eb: 0.521
MAPE Rch: 0.216
--------------------------------------------------
