Activated conda environment
[DataLoader] Found 13 files matching the pattern.
[DataLoader] Combined data shape: (17234, 35)
[Preprocess] Data split => train: (11029, 35), val: (2758, 35), test: (3447, 35)
[Preprocess] Processed fidelity 4 (index 0): 3758 samples.
[Preprocess] Processed fidelity 6 (index 1): 3346 samples.
[Preprocess] Processed fidelity 8 (index 2): 3194 samples.
[Preprocess] Processed fidelity 10 (index 3): 731 samples.
[Preprocess] Processed fidelity 4 (index 0): 949 samples.
[Preprocess] Processed fidelity 6 (index 1): 833 samples.
[Preprocess] Processed fidelity 8 (index 2): 801 samples.
[Preprocess] Processed fidelity 10 (index 3): 175 samples.
Fidelity levels: [4, 6, 8, 10]
[Trainer] Starting BNN training...
[Trainer] No improvement. Iteration 6900. Early stopping counter: 1, LR counter: 1
[Trainer] No improvement. Iteration 7400. Early stopping counter: 1, LR counter: 1
[Trainer] No improvement. Iteration 7500. Early stopping counter: 2, LR counter: 2
[Trainer] No improvement. Iteration 7600. Early stopping counter: 3, LR counter: 3
[Trainer] No improvement. Iteration 8200. Early stopping counter: 1, LR counter: 1
[Trainer] No improvement. Iteration 8500. Early stopping counter: 1, LR counter: 1
[Trainer] No improvement. Iteration 8600. Early stopping counter: 2, LR counter: 2
[Trainer] No improvement. Iteration 8700. Early stopping counter: 3, LR counter: 3
[Trainer] No improvement. Iteration 8800. Early stopping counter: 4, LR counter: 4
[Trainer] No improvement. Iteration 8900. Early stopping counter: 5, LR counter: 5
[Trainer] No improvement. Iteration 9000. Early stopping counter: 6, LR counter: 6
[Trainer] No improvement. Iteration 9100. Early stopping counter: 7, LR counter: 7
[Trainer] No improvement. Iteration 9200. Early stopping counter: 8, LR counter: 8
[Trainer] No improvement. Iteration 9300. Early stopping counter: 9, LR counter: 9
[Trainer] No improvement. Iteration 9400. Early stopping counter: 10, LR counter: 10
[Trainer] No improvement. Iteration 9600. Early stopping counter: 1, LR counter: 1
[Trainer] No improvement. Iteration 9700. Early stopping counter: 2, LR counter: 2
[Trainer] No improvement. Iteration 9800. Early stopping counter: 3, LR counter: 3
[Trainer] No improvement. Iteration 9900. Early stopping counter: 4, LR counter: 4
[Trainer] No improvement. Iteration 10100. Early stopping counter: 1, LR counter: 1
[Trainer] No improvement. Iteration 10200. Early stopping counter: 2, LR counter: 2
[Trainer] No improvement. Iteration 10300. Early stopping counter: 3, LR counter: 3
[Trainer] No improvement. Iteration 10400. Early stopping counter: 4, LR counter: 4
[Trainer] No improvement. Iteration 10500. Early stopping counter: 5, LR counter: 5
[Trainer] No improvement. Iteration 10800. Early stopping counter: 1, LR counter: 1
[Trainer] No improvement. Iteration 11000. Early stopping counter: 1, LR counter: 1
[Trainer] No improvement. Iteration 11100. Early stopping counter: 2, LR counter: 2
[Trainer] No improvement. Iteration 11200. Early stopping counter: 3, LR counter: 3
[Trainer] No improvement. Iteration 11500. Early stopping counter: 1, LR counter: 1
[Trainer] No improvement. Iteration 11600. Early stopping counter: 2, LR counter: 2
[Trainer] No improvement. Iteration 11700. Early stopping counter: 3, LR counter: 3
[Trainer] No improvement. Iteration 11800. Early stopping counter: 4, LR counter: 4
[Trainer] No improvement. Iteration 11900. Early stopping counter: 5, LR counter: 5
[Trainer] No improvement. Iteration 12000. Early stopping counter: 6, LR counter: 6
[Trainer] No improvement. Iteration 12100. Early stopping counter: 7, LR counter: 7
[Trainer] No improvement. Iteration 12200. Early stopping counter: 8, LR counter: 8
[Trainer] No improvement. Iteration 12300. Early stopping counter: 9, LR counter: 9
[Trainer] No improvement. Iteration 12400. Early stopping counter: 10, LR counter: 10
[Trainer] No improvement. Iteration 12500. Early stopping counter: 11, LR counter: 11
[Trainer] No improvement. Iteration 12600. Early stopping counter: 12, LR counter: 12
[Trainer] No improvement. Iteration 12700. Early stopping counter: 13, LR counter: 13
[Trainer] No improvement. Iteration 12800. Early stopping counter: 14, LR counter: 14
[Trainer] No improvement. Iteration 12900. Early stopping counter: 15, LR counter: 15
[Trainer] No improvement. Iteration 13000. Early stopping counter: 16, LR counter: 16
[Trainer] No improvement. Iteration 13100. Early stopping counter: 17, LR counter: 17
[Trainer] No improvement. Iteration 13200. Early stopping counter: 18, LR counter: 18
[Trainer] No improvement. Iteration 13300. Early stopping counter: 19, LR counter: 19
[Trainer] No improvement. Iteration 13400. Early stopping counter: 20, LR counter: 20
[Trainer] No improvement. Iteration 13500. Early stopping counter: 21, LR counter: 21
[Trainer] No improvement. Iteration 13600. Early stopping counter: 22, LR counter: 22
[Trainer] No improvement. Iteration 13700. Early stopping counter: 23, LR counter: 23
[Trainer] No improvement. Iteration 13900. Early stopping counter: 1, LR counter: 1
[Trainer] No improvement. Iteration 14300. Early stopping counter: 1, LR counter: 1
[Trainer] No improvement. Iteration 14400. Early stopping counter: 2, LR counter: 2
[Trainer] No improvement. Iteration 14500. Early stopping counter: 3, LR counter: 3
[Trainer] No improvement. Iteration 14600. Early stopping counter: 4, LR counter: 4
[Trainer] No improvement. Iteration 14700. Early stopping counter: 5, LR counter: 5
[Trainer] No improvement. Iteration 14800. Early stopping counter: 6, LR counter: 6
[Trainer] No improvement. Iteration 14900. Early stopping counter: 7, LR counter: 7
[Trainer] No improvement. Iteration 15000. Early stopping counter: 8, LR counter: 8
[Trainer] No improvement. Iteration 15100. Early stopping counter: 9, LR counter: 9
[Trainer] No improvement. Iteration 15200. Early stopping counter: 10, LR counter: 10
[Trainer] No improvement. Iteration 15300. Early stopping counter: 11, LR counter: 11
[Trainer] No improvement. Iteration 15400. Early stopping counter: 12, LR counter: 12
[Trainer] No improvement. Iteration 15500. Early stopping counter: 13, LR counter: 13
[Trainer] No improvement. Iteration 15600. Early stopping counter: 14, LR counter: 14
[Trainer] No improvement. Iteration 15700. Early stopping counter: 15, LR counter: 15
[Trainer] No improvement. Iteration 15800. Early stopping counter: 16, LR counter: 16
[Trainer] No improvement. Iteration 15900. Early stopping counter: 17, LR counter: 17
[Trainer] No improvement. Iteration 16000. Early stopping counter: 18, LR counter: 18
[Trainer] No improvement. Iteration 16100. Early stopping counter: 19, LR counter: 19
[Trainer] No improvement. Iteration 16200. Early stopping counter: 20, LR counter: 20
[Trainer] No improvement. Iteration 16300. Early stopping counter: 21, LR counter: 21
[Trainer] No improvement. Iteration 16400. Early stopping counter: 22, LR counter: 22
[Trainer] No improvement. Iteration 16500. Early stopping counter: 23, LR counter: 23
[Trainer] No improvement. Iteration 16600. Early stopping counter: 24, LR counter: 24
[Trainer] No improvement. Iteration 16700. Early stopping counter: 25, LR counter: 25
[Trainer] Learning rate reduced to: 0.000010
[Trainer] No improvement. Iteration 16800. Early stopping counter: 26, LR counter: 1
[Trainer] No improvement. Iteration 17000. Early stopping counter: 1, LR counter: 1
[Trainer] No improvement. Iteration 17100. Early stopping counter: 2, LR counter: 2
[Trainer] No improvement. Iteration 17200. Early stopping counter: 3, LR counter: 3
[Trainer] No improvement. Iteration 17300. Early stopping counter: 4, LR counter: 4
[Trainer] No improvement. Iteration 17400. Early stopping counter: 5, LR counter: 5
[Trainer] No improvement. Iteration 17500. Early stopping counter: 6, LR counter: 6
[Trainer] No improvement. Iteration 17600. Early stopping counter: 7, LR counter: 7
[Trainer] No improvement. Iteration 17700. Early stopping counter: 8, LR counter: 8
[Trainer] No improvement. Iteration 17800. Early stopping counter: 9, LR counter: 9
[Trainer] No improvement. Iteration 17900. Early stopping counter: 10, LR counter: 10
[Trainer] No improvement. Iteration 18000. Early stopping counter: 11, LR counter: 11
[Trainer] No improvement. Iteration 18100. Early stopping counter: 12, LR counter: 12
[Trainer] No improvement. Iteration 18200. Early stopping counter: 13, LR counter: 13
[Trainer] No improvement. Iteration 18300. Early stopping counter: 14, LR counter: 14
[Trainer] No improvement. Iteration 18400. Early stopping counter: 15, LR counter: 15
[Trainer] No improvement. Iteration 18500. Early stopping counter: 16, LR counter: 16
[Trainer] No improvement. Iteration 18600. Early stopping counter: 17, LR counter: 17
[Trainer] No improvement. Iteration 18700. Early stopping counter: 18, LR counter: 18
[Trainer] No improvement. Iteration 18800. Early stopping counter: 19, LR counter: 19
[Trainer] No improvement. Iteration 18900. Early stopping counter: 20, LR counter: 20
[Trainer] No improvement. Iteration 19000. Early stopping counter: 21, LR counter: 21
[Trainer] No improvement. Iteration 19100. Early stopping counter: 22, LR counter: 22
[Trainer] No improvement. Iteration 19200. Early stopping counter: 23, LR counter: 23
[Trainer] No improvement. Iteration 19300. Early stopping counter: 24, LR counter: 24
[Trainer] No improvement. Iteration 19400. Early stopping counter: 25, LR counter: 25
[Trainer] Learning rate reduced to: 0.000001
[Trainer] No improvement. Iteration 19500. Early stopping counter: 26, LR counter: 1
[Trainer] No improvement. Iteration 19600. Early stopping counter: 27, LR counter: 2
[Trainer] No improvement. Iteration 19700. Early stopping counter: 28, LR counter: 3
[Trainer] No improvement. Iteration 19800. Early stopping counter: 29, LR counter: 4
[Trainer] No improvement. Iteration 19900. Early stopping counter: 30, LR counter: 5
[Trainer] No improvement. Iteration 20000. Early stopping counter: 31, LR counter: 6
[Trainer] No improvement. Iteration 20100. Early stopping counter: 32, LR counter: 7
[Trainer] No improvement. Iteration 20200. Early stopping counter: 33, LR counter: 8
[Trainer] No improvement. Iteration 20300. Early stopping counter: 34, LR counter: 9
[Trainer] No improvement. Iteration 20400. Early stopping counter: 35, LR counter: 10
[Trainer] No improvement. Iteration 20500. Early stopping counter: 36, LR counter: 11
[Trainer] No improvement. Iteration 20600. Early stopping counter: 37, LR counter: 12
[Trainer] No improvement. Iteration 20700. Early stopping counter: 38, LR counter: 13
[Trainer] No improvement. Iteration 20800. Early stopping counter: 39, LR counter: 14
[Trainer] No improvement. Iteration 20900. Early stopping counter: 40, LR counter: 15
[Trainer] No improvement. Iteration 21000. Early stopping counter: 41, LR counter: 16
[Trainer] No improvement. Iteration 21100. Early stopping counter: 42, LR counter: 17
[Trainer] No improvement. Iteration 21200. Early stopping counter: 43, LR counter: 18
[Trainer] No improvement. Iteration 21300. Early stopping counter: 44, LR counter: 19
[Trainer] No improvement. Iteration 21400. Early stopping counter: 45, LR counter: 20
[Trainer] No improvement. Iteration 21500. Early stopping counter: 46, LR counter: 21
[Trainer] No improvement. Iteration 21600. Early stopping counter: 47, LR counter: 22
[Trainer] No improvement. Iteration 21700. Early stopping counter: 48, LR counter: 23
[Trainer] No improvement. Iteration 21800. Early stopping counter: 49, LR counter: 24
[Trainer] No improvement. Iteration 21900. Early stopping counter: 50, LR counter: 25
[Trainer] Learning rate reduced to: 0.000000
[Trainer] Early stopping triggered.
[Trainer] Training completed.
[Trainer] Calibrating temperatures on validation set...
[Trainer] Temperature calibration finished. Calibrated temperatures: {4: 1.2030508518218994, 6: 1.1347036361694336, 8: 1.1540594100952148, 10: 1.0970056056976318}
[Trainer] BNN training completed.
**************************************************
Z=8, N=4, emax=4
RMSE Eb: 0.814
RMSE Rch: 0.010
MAPE Eb: 2.268
MAPE Rch: 0.420
--------------------------------------------------
**************************************************
Z=8, N=4, emax=10
RMSE Eb: 1.003
RMSE Rch: 0.036
MAPE Eb: 1.446
MAPE Rch: 1.818
--------------------------------------------------
**************************************************
Z=8, N=4, emax=6
RMSE Eb: 0.843
RMSE Rch: 0.011
MAPE Eb: 1.579
MAPE Rch: 0.526
--------------------------------------------------
**************************************************
Z=8, N=4, emax=8
RMSE Eb: 0.893
RMSE Rch: 0.019
MAPE Eb: 1.529
MAPE Rch: 0.869
--------------------------------------------------
**************************************************
Z=8, N=5, emax=8
RMSE Eb: 0.768
RMSE Rch: 0.014
MAPE Eb: 0.947
MAPE Rch: 0.666
--------------------------------------------------
**************************************************
Z=8, N=5, emax=6
RMSE Eb: 0.704
RMSE Rch: 0.012
MAPE Eb: 0.996
MAPE Rch: 0.612
--------------------------------------------------
**************************************************
Z=8, N=5, emax=4
RMSE Eb: 0.641
RMSE Rch: 0.009
MAPE Eb: 1.224
MAPE Rch: 0.410
--------------------------------------------------
**************************************************
Z=8, N=5, emax=10
RMSE Eb: 1.099
RMSE Rch: 0.010
MAPE Eb: 1.463
MAPE Rch: 0.564
--------------------------------------------------
**************************************************
Z=8, N=6, emax=4
RMSE Eb: 0.670
RMSE Rch: 0.009
MAPE Eb: 0.930
MAPE Rch: 0.427
--------------------------------------------------
**************************************************
Z=8, N=6, emax=6
RMSE Eb: 0.714
RMSE Rch: 0.008
MAPE Eb: 0.791
MAPE Rch: 0.353
--------------------------------------------------
**************************************************
Z=8, N=6, emax=8
RMSE Eb: 1.023
RMSE Rch: 0.010
MAPE Eb: 0.913
MAPE Rch: 0.480
--------------------------------------------------
**************************************************
Z=8, N=6, emax=10
RMSE Eb: 1.023
RMSE Rch: 0.009
MAPE Eb: 0.929
MAPE Rch: 0.507
--------------------------------------------------
**************************************************
Z=8, N=7, emax=8
RMSE Eb: 1.088
RMSE Rch: 0.010
MAPE Eb: 0.986
MAPE Rch: 0.529
--------------------------------------------------
**************************************************
Z=8, N=7, emax=10
RMSE Eb: 1.021
RMSE Rch: 0.013
MAPE Eb: 0.773
MAPE Rch: 0.613
--------------------------------------------------
**************************************************
Z=8, N=7, emax=6
RMSE Eb: 0.926
RMSE Rch: 0.010
MAPE Eb: 0.862
MAPE Rch: 0.471
--------------------------------------------------
**************************************************
Z=8, N=7, emax=4
RMSE Eb: 0.794
RMSE Rch: 0.010
MAPE Eb: 0.953
MAPE Rch: 0.524
--------------------------------------------------
**************************************************
Z=8, N=8, emax=4
RMSE Eb: 0.929
RMSE Rch: 0.010
MAPE Eb: 0.995
MAPE Rch: 0.250
--------------------------------------------------
**************************************************
Z=8, N=8, emax=8
RMSE Eb: 0.942
RMSE Rch: 0.012
MAPE Eb: 0.656
MAPE Rch: 0.368
--------------------------------------------------
**************************************************
Z=8, N=8, emax=6
RMSE Eb: 0.918
RMSE Rch: 0.010
MAPE Eb: 0.670
MAPE Rch: 0.305
--------------------------------------------------
**************************************************
Z=8, N=8, emax=10
RMSE Eb: 1.694
RMSE Rch: 0.009
MAPE Eb: 1.089
MAPE Rch: 0.294
--------------------------------------------------
**************************************************
Z=8, N=9, emax=8
RMSE Eb: 1.081
RMSE Rch: 0.009
MAPE Eb: 0.786
MAPE Rch: 0.248
--------------------------------------------------
**************************************************
Z=8, N=9, emax=6
RMSE Eb: 0.996
RMSE Rch: 0.009
MAPE Eb: 0.842
MAPE Rch: 0.258
--------------------------------------------------
**************************************************
Z=8, N=9, emax=4
RMSE Eb: 1.030
RMSE Rch: 0.011
MAPE Eb: 1.163
MAPE Rch: 0.325
--------------------------------------------------
**************************************************
Z=8, N=9, emax=10
RMSE Eb: 1.281
RMSE Rch: 0.010
MAPE Eb: 0.879
MAPE Rch: 0.291
--------------------------------------------------
**************************************************
Z=8, N=10, emax=4
RMSE Eb: 0.715
RMSE Rch: 0.009
MAPE Eb: 0.678
MAPE Rch: 0.238
--------------------------------------------------
**************************************************
Z=8, N=10, emax=10
RMSE Eb: 1.152
RMSE Rch: 0.010
MAPE Eb: 0.892
MAPE Rch: 0.318
--------------------------------------------------
**************************************************
Z=8, N=10, emax=6
RMSE Eb: 1.099
RMSE Rch: 0.008
MAPE Eb: 0.852
MAPE Rch: 0.235
--------------------------------------------------
**************************************************
Z=8, N=10, emax=8
RMSE Eb: 1.016
RMSE Rch: 0.008
MAPE Eb: 0.698
MAPE Rch: 0.235
--------------------------------------------------
**************************************************
Z=8, N=11, emax=4
RMSE Eb: 1.133
RMSE Rch: 0.010
MAPE Eb: 1.195
MAPE Rch: 0.257
--------------------------------------------------
**************************************************
Z=8, N=11, emax=6
RMSE Eb: 1.160
RMSE Rch: 0.009
MAPE Eb: 0.893
MAPE Rch: 0.249
--------------------------------------------------
**************************************************
Z=8, N=11, emax=8
RMSE Eb: 1.040
RMSE Rch: 0.007
MAPE Eb: 0.705
MAPE Rch: 0.202
--------------------------------------------------
**************************************************
Z=8, N=11, emax=10
RMSE Eb: 0.963
RMSE Rch: 0.011
MAPE Eb: 0.632
MAPE Rch: 0.374
--------------------------------------------------
**************************************************
Z=8, N=12, emax=6
RMSE Eb: 1.008
RMSE Rch: 0.009
MAPE Eb: 0.726
MAPE Rch: 0.258
--------------------------------------------------
**************************************************
Z=8, N=12, emax=4
RMSE Eb: 0.880
RMSE Rch: 0.008
MAPE Eb: 0.888
MAPE Rch: 0.219
--------------------------------------------------
**************************************************
Z=8, N=12, emax=8
RMSE Eb: 0.909
RMSE Rch: 0.009
MAPE Eb: 0.614
MAPE Rch: 0.245
--------------------------------------------------
**************************************************
Z=8, N=12, emax=10
RMSE Eb: 1.425
RMSE Rch: 0.010
MAPE Eb: 1.094
MAPE Rch: 0.321
--------------------------------------------------
**************************************************
Z=8, N=13, emax=8
RMSE Eb: 0.974
RMSE Rch: 0.008
MAPE Eb: 0.639
MAPE Rch: 0.233
--------------------------------------------------
**************************************************
Z=8, N=13, emax=4
RMSE Eb: 0.950
RMSE Rch: 0.009
MAPE Eb: 0.921
MAPE Rch: 0.271
--------------------------------------------------
**************************************************
Z=8, N=13, emax=10
RMSE Eb: 1.322
RMSE Rch: 0.009
MAPE Eb: 0.850
MAPE Rch: 0.286
--------------------------------------------------
**************************************************
Z=8, N=13, emax=6
RMSE Eb: 0.976
RMSE Rch: 0.008
MAPE Eb: 0.761
MAPE Rch: 0.213
--------------------------------------------------
**************************************************
Z=8, N=14, emax=8
RMSE Eb: 1.200
RMSE Rch: 0.014
MAPE Eb: 0.732
MAPE Rch: 0.363
--------------------------------------------------
**************************************************
Z=8, N=14, emax=4
RMSE Eb: 0.864
RMSE Rch: 0.010
MAPE Eb: 0.814
MAPE Rch: 0.267
--------------------------------------------------
**************************************************
Z=8, N=14, emax=6
RMSE Eb: 1.126
RMSE Rch: 0.010
MAPE Eb: 0.834
MAPE Rch: 0.290
--------------------------------------------------
**************************************************
Z=8, N=14, emax=10
RMSE Eb: 1.263
RMSE Rch: 0.013
MAPE Eb: 0.788
MAPE Rch: 0.398
--------------------------------------------------
**************************************************
Z=8, N=15, emax=8
RMSE Eb: 1.137
RMSE Rch: 0.009
MAPE Eb: 0.706
MAPE Rch: 0.229
--------------------------------------------------
**************************************************
Z=8, N=15, emax=4
RMSE Eb: 1.050
RMSE Rch: 0.008
MAPE Eb: 1.001
MAPE Rch: 0.222
--------------------------------------------------
**************************************************
Z=8, N=15, emax=6
RMSE Eb: 1.231
RMSE Rch: 0.010
MAPE Eb: 1.001
MAPE Rch: 0.273
--------------------------------------------------
**************************************************
Z=8, N=15, emax=10
RMSE Eb: 1.310
RMSE Rch: 0.009
MAPE Eb: 0.684
MAPE Rch: 0.272
--------------------------------------------------
**************************************************
Z=8, N=16, emax=8
RMSE Eb: 1.257
RMSE Rch: 0.009
MAPE Eb: 0.742
MAPE Rch: 0.234
--------------------------------------------------
**************************************************
Z=8, N=16, emax=6
RMSE Eb: 1.653
RMSE Rch: 0.009
MAPE Eb: 1.165
MAPE Rch: 0.248
--------------------------------------------------
**************************************************
Z=8, N=16, emax=10
RMSE Eb: 1.628
RMSE Rch: 0.005
MAPE Eb: 0.869
MAPE Rch: 0.124
--------------------------------------------------
**************************************************
Z=8, N=16, emax=4
RMSE Eb: 0.972
RMSE Rch: 0.010
MAPE Eb: 0.939
MAPE Rch: 0.278
--------------------------------------------------
Finished VAL for AE n=240
**************************************************
Z=8, N=4, emax=6
RMSE Eb: 0.682
RMSE Rch: 0.011
MAPE Eb: 1.253
MAPE Rch: 0.549
--------------------------------------------------
**************************************************
Z=8, N=4, emax=8
RMSE Eb: 0.899
RMSE Rch: 0.017
MAPE Eb: 1.409
MAPE Rch: 0.818
--------------------------------------------------
**************************************************
Z=8, N=4, emax=4
RMSE Eb: 0.874
RMSE Rch: 0.009
MAPE Eb: 2.550
MAPE Rch: 0.417
--------------------------------------------------
**************************************************
Z=8, N=4, emax=10
RMSE Eb: 1.207
RMSE Rch: 0.030
MAPE Eb: 1.838
MAPE Rch: 1.611
--------------------------------------------------
**************************************************
Z=8, N=5, emax=4
RMSE Eb: 0.652
RMSE Rch: 0.010
MAPE Eb: 1.314
MAPE Rch: 0.473
--------------------------------------------------
**************************************************
Z=8, N=5, emax=8
RMSE Eb: 0.803
RMSE Rch: 0.014
MAPE Eb: 1.005
MAPE Rch: 0.686
--------------------------------------------------
**************************************************
Z=8, N=5, emax=6
RMSE Eb: 0.780
RMSE Rch: 0.011
MAPE Eb: 1.190
MAPE Rch: 0.521
--------------------------------------------------
**************************************************
Z=8, N=5, emax=10
RMSE Eb: 0.979
RMSE Rch: 0.013
MAPE Eb: 1.226
MAPE Rch: 0.765
--------------------------------------------------
**************************************************
Z=8, N=6, emax=4
RMSE Eb: 0.695
RMSE Rch: 0.009
MAPE Eb: 0.971
MAPE Rch: 0.435
--------------------------------------------------
**************************************************
Z=8, N=6, emax=8
RMSE Eb: 1.037
RMSE Rch: 0.016
MAPE Eb: 0.921
MAPE Rch: 0.679
--------------------------------------------------
**************************************************
Z=8, N=6, emax=6
RMSE Eb: 0.760
RMSE Rch: 0.011
MAPE Eb: 0.812
MAPE Rch: 0.504
--------------------------------------------------
**************************************************
Z=8, N=6, emax=10
RMSE Eb: 0.867
RMSE Rch: 0.013
MAPE Eb: 0.716
MAPE Rch: 0.731
--------------------------------------------------
**************************************************
Z=8, N=7, emax=4
RMSE Eb: 0.873
RMSE Rch: 0.010
MAPE Eb: 1.023
MAPE Rch: 0.465
--------------------------------------------------
**************************************************
Z=8, N=7, emax=8
RMSE Eb: 1.128
RMSE Rch: 0.012
MAPE Eb: 0.928
MAPE Rch: 0.631
--------------------------------------------------
**************************************************
Z=8, N=7, emax=6
RMSE Eb: 0.951
RMSE Rch: 0.010
MAPE Eb: 0.896
MAPE Rch: 0.527
--------------------------------------------------
**************************************************
Z=8, N=7, emax=10
RMSE Eb: 0.893
RMSE Rch: 0.011
MAPE Eb: 0.762
MAPE Rch: 0.562
--------------------------------------------------
**************************************************
Z=8, N=8, emax=4
RMSE Eb: 0.807
RMSE Rch: 0.011
MAPE Eb: 0.829
MAPE Rch: 0.320
--------------------------------------------------
**************************************************
Z=8, N=8, emax=6
RMSE Eb: 0.961
RMSE Rch: 0.009
MAPE Eb: 0.698
MAPE Rch: 0.235
--------------------------------------------------
**************************************************
Z=8, N=8, emax=8
RMSE Eb: 0.892
RMSE Rch: 0.012
MAPE Eb: 0.678
MAPE Rch: 0.348
--------------------------------------------------
**************************************************
Z=8, N=8, emax=10
RMSE Eb: 0.930
RMSE Rch: 0.008
MAPE Eb: 0.687
MAPE Rch: 0.219
--------------------------------------------------
**************************************************
Z=8, N=9, emax=4
RMSE Eb: 0.870
RMSE Rch: 0.012
MAPE Eb: 0.933
MAPE Rch: 0.345
--------------------------------------------------
**************************************************
Z=8, N=9, emax=8
RMSE Eb: 0.993
RMSE Rch: 0.010
MAPE Eb: 0.678
MAPE Rch: 0.306
--------------------------------------------------
**************************************************
Z=8, N=9, emax=6
RMSE Eb: 0.931
RMSE Rch: 0.009
MAPE Eb: 0.803
MAPE Rch: 0.237
--------------------------------------------------
**************************************************
Z=8, N=9, emax=10
RMSE Eb: 0.838
RMSE Rch: 0.013
MAPE Eb: 0.619
MAPE Rch: 0.348
--------------------------------------------------
**************************************************
Z=8, N=10, emax=4
RMSE Eb: 0.878
RMSE Rch: 0.010
MAPE Eb: 0.864
MAPE Rch: 0.288
--------------------------------------------------
**************************************************
Z=8, N=10, emax=6
RMSE Eb: 1.049
RMSE Rch: 0.010
MAPE Eb: 0.795
MAPE Rch: 0.270
--------------------------------------------------
**************************************************
Z=8, N=10, emax=8
RMSE Eb: 0.877
RMSE Rch: 0.009
MAPE Eb: 0.651
MAPE Rch: 0.240
--------------------------------------------------
**************************************************
Z=8, N=10, emax=10
RMSE Eb: 1.046
RMSE Rch: 0.017
MAPE Eb: 0.742
MAPE Rch: 0.444
--------------------------------------------------
**************************************************
Z=8, N=11, emax=8
RMSE Eb: 1.179
RMSE Rch: 0.009
MAPE Eb: 0.783
MAPE Rch: 0.239
--------------------------------------------------
**************************************************
Z=8, N=11, emax=4
RMSE Eb: 1.022
RMSE Rch: 0.009
MAPE Eb: 1.051
MAPE Rch: 0.245
--------------------------------------------------
**************************************************
Z=8, N=11, emax=6
RMSE Eb: 1.013
RMSE Rch: 0.009
MAPE Eb: 0.782
MAPE Rch: 0.260
--------------------------------------------------
**************************************************
Z=8, N=11, emax=10
RMSE Eb: 0.857
RMSE Rch: 0.009
MAPE Eb: 0.594
MAPE Rch: 0.263
--------------------------------------------------
**************************************************
Z=8, N=12, emax=6
RMSE Eb: 0.860
RMSE Rch: 0.008
MAPE Eb: 0.671
MAPE Rch: 0.232
--------------------------------------------------
**************************************************
Z=8, N=12, emax=8
RMSE Eb: 0.925
RMSE Rch: 0.008
MAPE Eb: 0.615
MAPE Rch: 0.224
--------------------------------------------------
**************************************************
Z=8, N=12, emax=4
RMSE Eb: 0.967
RMSE Rch: 0.010
MAPE Eb: 0.966
MAPE Rch: 0.279
--------------------------------------------------
**************************************************
Z=8, N=12, emax=10
RMSE Eb: 1.005
RMSE Rch: 0.008
MAPE Eb: 0.594
MAPE Rch: 0.237
--------------------------------------------------
**************************************************
Z=8, N=13, emax=8
RMSE Eb: 1.018
RMSE Rch: 0.009
MAPE Eb: 0.701
MAPE Rch: 0.259
--------------------------------------------------
**************************************************
Z=8, N=13, emax=4
RMSE Eb: 0.871
RMSE Rch: 0.009
MAPE Eb: 0.860
MAPE Rch: 0.247
--------------------------------------------------
**************************************************
Z=8, N=13, emax=6
RMSE Eb: 1.274
RMSE Rch: 0.009
MAPE Eb: 0.974
MAPE Rch: 0.228
--------------------------------------------------
**************************************************
Z=8, N=13, emax=10
RMSE Eb: 1.506
RMSE Rch: 0.008
MAPE Eb: 0.951
MAPE Rch: 0.233
--------------------------------------------------
**************************************************
Z=8, N=14, emax=6
RMSE Eb: 1.022
RMSE Rch: 0.010
MAPE Eb: 0.699
MAPE Rch: 0.262
--------------------------------------------------
**************************************************
Z=8, N=14, emax=10
RMSE Eb: 1.196
RMSE Rch: 0.012
MAPE Eb: 0.695
MAPE Rch: 0.378
--------------------------------------------------
**************************************************
Z=8, N=14, emax=4
RMSE Eb: 1.185
RMSE Rch: 0.010
MAPE Eb: 1.233
MAPE Rch: 0.276
--------------------------------------------------
**************************************************
Z=8, N=14, emax=8
RMSE Eb: 1.254
RMSE Rch: 0.012
MAPE Eb: 0.788
MAPE Rch: 0.318
--------------------------------------------------
**************************************************
Z=8, N=15, emax=8
RMSE Eb: 1.174
RMSE Rch: 0.009
MAPE Eb: 0.731
MAPE Rch: 0.259
--------------------------------------------------
**************************************************
Z=8, N=15, emax=6
RMSE Eb: 1.125
RMSE Rch: 0.009
MAPE Eb: 0.838
MAPE Rch: 0.231
--------------------------------------------------
**************************************************
Z=8, N=15, emax=4
RMSE Eb: 0.995
RMSE Rch: 0.008
MAPE Eb: 0.984
MAPE Rch: 0.197
--------------------------------------------------
**************************************************
Z=8, N=15, emax=10
RMSE Eb: 1.059
RMSE Rch: 0.010
MAPE Eb: 0.630
MAPE Rch: 0.268
--------------------------------------------------
**************************************************
Z=8, N=16, emax=4
RMSE Eb: 1.133
RMSE Rch: 0.009
MAPE Eb: 1.149
MAPE Rch: 0.251
--------------------------------------------------
**************************************************
Z=8, N=16, emax=8
RMSE Eb: 1.216
RMSE Rch: 0.008
MAPE Eb: 0.710
MAPE Rch: 0.239
--------------------------------------------------
**************************************************
Z=8, N=16, emax=6
RMSE Eb: 1.463
RMSE Rch: 0.009
MAPE Eb: 1.036
MAPE Rch: 0.238
--------------------------------------------------
**************************************************
Z=8, N=16, emax=10
RMSE Eb: 1.056
RMSE Rch: 0.008
MAPE Eb: 0.623
MAPE Rch: 0.201
--------------------------------------------------
