Activated conda environment
[DataLoader] Found 13 files matching the pattern.
[DataLoader] Combined data shape: (17234, 35)
[Preprocess] Data split => train: (11029, 35), val: (2758, 35), test: (3447, 35)
[Preprocess] Processed fidelity 4 (index 0): 3758 samples.
[Preprocess] Processed fidelity 6 (index 1): 3346 samples.
[Preprocess] Processed fidelity 8 (index 2): 3194 samples.
[Preprocess] Processed fidelity 10 (index 3): 731 samples.
[Preprocess] Processed fidelity 4 (index 0): 949 samples.
[Preprocess] Processed fidelity 6 (index 1): 833 samples.
[Preprocess] Processed fidelity 8 (index 2): 801 samples.
[Preprocess] Processed fidelity 10 (index 3): 175 samples.
Fidelity levels: [4, 6, 8, 10]
[Trainer] Starting BNN training...
[Trainer] No improvement. Iteration 7100. Early stopping counter: 1, LR counter: 1
[Trainer] No improvement. Iteration 7200. Early stopping counter: 2, LR counter: 2
[Trainer] No improvement. Iteration 7300. Early stopping counter: 3, LR counter: 3
[Trainer] No improvement. Iteration 7400. Early stopping counter: 4, LR counter: 4
[Trainer] No improvement. Iteration 7500. Early stopping counter: 5, LR counter: 5
[Trainer] No improvement. Iteration 7600. Early stopping counter: 6, LR counter: 6
[Trainer] No improvement. Iteration 7800. Early stopping counter: 1, LR counter: 1
[Trainer] No improvement. Iteration 8000. Early stopping counter: 1, LR counter: 1
[Trainer] No improvement. Iteration 8200. Early stopping counter: 1, LR counter: 1
[Trainer] No improvement. Iteration 8300. Early stopping counter: 2, LR counter: 2
[Trainer] No improvement. Iteration 8400. Early stopping counter: 3, LR counter: 3
[Trainer] No improvement. Iteration 8500. Early stopping counter: 4, LR counter: 4
[Trainer] No improvement. Iteration 8700. Early stopping counter: 1, LR counter: 1
[Trainer] No improvement. Iteration 9000. Early stopping counter: 1, LR counter: 1
[Trainer] No improvement. Iteration 9300. Early stopping counter: 1, LR counter: 1
[Trainer] No improvement. Iteration 9700. Early stopping counter: 1, LR counter: 1
[Trainer] No improvement. Iteration 9800. Early stopping counter: 2, LR counter: 2
[Trainer] No improvement. Iteration 9900. Early stopping counter: 3, LR counter: 3
[Trainer] No improvement. Iteration 10000. Early stopping counter: 4, LR counter: 4
[Trainer] No improvement. Iteration 10100. Early stopping counter: 5, LR counter: 5
[Trainer] No improvement. Iteration 10200. Early stopping counter: 6, LR counter: 6
[Trainer] No improvement. Iteration 10300. Early stopping counter: 7, LR counter: 7
[Trainer] No improvement. Iteration 10400. Early stopping counter: 8, LR counter: 8
[Trainer] No improvement. Iteration 10500. Early stopping counter: 9, LR counter: 9
[Trainer] No improvement. Iteration 10600. Early stopping counter: 10, LR counter: 10
[Trainer] No improvement. Iteration 10700. Early stopping counter: 11, LR counter: 11
[Trainer] No improvement. Iteration 10800. Early stopping counter: 12, LR counter: 12
[Trainer] No improvement. Iteration 10900. Early stopping counter: 13, LR counter: 13
[Trainer] No improvement. Iteration 11000. Early stopping counter: 14, LR counter: 14
[Trainer] No improvement. Iteration 11100. Early stopping counter: 15, LR counter: 15
[Trainer] No improvement. Iteration 11200. Early stopping counter: 16, LR counter: 16
[Trainer] No improvement. Iteration 11300. Early stopping counter: 17, LR counter: 17
[Trainer] No improvement. Iteration 11400. Early stopping counter: 18, LR counter: 18
[Trainer] No improvement. Iteration 11500. Early stopping counter: 19, LR counter: 19
[Trainer] No improvement. Iteration 11600. Early stopping counter: 20, LR counter: 20
[Trainer] No improvement. Iteration 11700. Early stopping counter: 21, LR counter: 21
[Trainer] No improvement. Iteration 12400. Early stopping counter: 1, LR counter: 1
[Trainer] No improvement. Iteration 12800. Early stopping counter: 1, LR counter: 1
[Trainer] No improvement. Iteration 12900. Early stopping counter: 2, LR counter: 2
[Trainer] No improvement. Iteration 13000. Early stopping counter: 3, LR counter: 3
[Trainer] No improvement. Iteration 13100. Early stopping counter: 4, LR counter: 4
[Trainer] No improvement. Iteration 13200. Early stopping counter: 5, LR counter: 5
[Trainer] No improvement. Iteration 13500. Early stopping counter: 1, LR counter: 1
[Trainer] No improvement. Iteration 13600. Early stopping counter: 2, LR counter: 2
[Trainer] No improvement. Iteration 13700. Early stopping counter: 3, LR counter: 3
[Trainer] No improvement. Iteration 13800. Early stopping counter: 4, LR counter: 4
[Trainer] No improvement. Iteration 13900. Early stopping counter: 5, LR counter: 5
[Trainer] No improvement. Iteration 14000. Early stopping counter: 6, LR counter: 6
[Trainer] No improvement. Iteration 14100. Early stopping counter: 7, LR counter: 7
[Trainer] No improvement. Iteration 14200. Early stopping counter: 8, LR counter: 8
[Trainer] No improvement. Iteration 14300. Early stopping counter: 9, LR counter: 9
[Trainer] No improvement. Iteration 14400. Early stopping counter: 10, LR counter: 10
[Trainer] No improvement. Iteration 14500. Early stopping counter: 11, LR counter: 11
[Trainer] No improvement. Iteration 14600. Early stopping counter: 12, LR counter: 12
[Trainer] No improvement. Iteration 14700. Early stopping counter: 13, LR counter: 13
[Trainer] No improvement. Iteration 14800. Early stopping counter: 14, LR counter: 14
[Trainer] No improvement. Iteration 14900. Early stopping counter: 15, LR counter: 15
[Trainer] No improvement. Iteration 15000. Early stopping counter: 16, LR counter: 16
[Trainer] No improvement. Iteration 15100. Early stopping counter: 17, LR counter: 17
[Trainer] No improvement. Iteration 15200. Early stopping counter: 18, LR counter: 18
[Trainer] No improvement. Iteration 15300. Early stopping counter: 19, LR counter: 19
[Trainer] No improvement. Iteration 15400. Early stopping counter: 20, LR counter: 20
[Trainer] No improvement. Iteration 15500. Early stopping counter: 21, LR counter: 21
[Trainer] No improvement. Iteration 15600. Early stopping counter: 22, LR counter: 22
[Trainer] No improvement. Iteration 15700. Early stopping counter: 23, LR counter: 23
[Trainer] No improvement. Iteration 15800. Early stopping counter: 24, LR counter: 24
[Trainer] No improvement. Iteration 15900. Early stopping counter: 25, LR counter: 25
[Trainer] Learning rate reduced to: 0.000010
[Trainer] No improvement. Iteration 16000. Early stopping counter: 26, LR counter: 1
[Trainer] No improvement. Iteration 16100. Early stopping counter: 27, LR counter: 2
[Trainer] No improvement. Iteration 16200. Early stopping counter: 28, LR counter: 3
[Trainer] No improvement. Iteration 16300. Early stopping counter: 29, LR counter: 4
[Trainer] No improvement. Iteration 16400. Early stopping counter: 30, LR counter: 5
[Trainer] No improvement. Iteration 16500. Early stopping counter: 31, LR counter: 6
[Trainer] No improvement. Iteration 16600. Early stopping counter: 32, LR counter: 7
[Trainer] No improvement. Iteration 16700. Early stopping counter: 33, LR counter: 8
[Trainer] No improvement. Iteration 16800. Early stopping counter: 34, LR counter: 9
[Trainer] No improvement. Iteration 16900. Early stopping counter: 35, LR counter: 10
[Trainer] No improvement. Iteration 17000. Early stopping counter: 36, LR counter: 11
[Trainer] No improvement. Iteration 17100. Early stopping counter: 37, LR counter: 12
[Trainer] No improvement. Iteration 17200. Early stopping counter: 38, LR counter: 13
[Trainer] No improvement. Iteration 17300. Early stopping counter: 39, LR counter: 14
[Trainer] No improvement. Iteration 17400. Early stopping counter: 40, LR counter: 15
[Trainer] No improvement. Iteration 17500. Early stopping counter: 41, LR counter: 16
[Trainer] No improvement. Iteration 17600. Early stopping counter: 42, LR counter: 17
[Trainer] No improvement. Iteration 17700. Early stopping counter: 43, LR counter: 18
[Trainer] No improvement. Iteration 17800. Early stopping counter: 44, LR counter: 19
[Trainer] No improvement. Iteration 17900. Early stopping counter: 45, LR counter: 20
[Trainer] No improvement. Iteration 18000. Early stopping counter: 46, LR counter: 21
[Trainer] No improvement. Iteration 18100. Early stopping counter: 47, LR counter: 22
[Trainer] No improvement. Iteration 18300. Early stopping counter: 1, LR counter: 1
[Trainer] No improvement. Iteration 18500. Early stopping counter: 1, LR counter: 1
[Trainer] No improvement. Iteration 18600. Early stopping counter: 2, LR counter: 2
[Trainer] No improvement. Iteration 18700. Early stopping counter: 3, LR counter: 3
[Trainer] No improvement. Iteration 18800. Early stopping counter: 4, LR counter: 4
[Trainer] No improvement. Iteration 19000. Early stopping counter: 1, LR counter: 1
[Trainer] No improvement. Iteration 19100. Early stopping counter: 2, LR counter: 2
[Trainer] No improvement. Iteration 19200. Early stopping counter: 3, LR counter: 3
[Trainer] No improvement. Iteration 19300. Early stopping counter: 4, LR counter: 4
[Trainer] No improvement. Iteration 19400. Early stopping counter: 5, LR counter: 5
[Trainer] No improvement. Iteration 19500. Early stopping counter: 6, LR counter: 6
[Trainer] No improvement. Iteration 19600. Early stopping counter: 7, LR counter: 7
[Trainer] No improvement. Iteration 19700. Early stopping counter: 8, LR counter: 8
[Trainer] No improvement. Iteration 19800. Early stopping counter: 9, LR counter: 9
[Trainer] No improvement. Iteration 19900. Early stopping counter: 10, LR counter: 10
[Trainer] No improvement. Iteration 20000. Early stopping counter: 11, LR counter: 11
[Trainer] No improvement. Iteration 20100. Early stopping counter: 12, LR counter: 12
[Trainer] No improvement. Iteration 20200. Early stopping counter: 13, LR counter: 13
[Trainer] No improvement. Iteration 20300. Early stopping counter: 14, LR counter: 14
[Trainer] No improvement. Iteration 20400. Early stopping counter: 15, LR counter: 15
[Trainer] No improvement. Iteration 20500. Early stopping counter: 16, LR counter: 16
[Trainer] No improvement. Iteration 20600. Early stopping counter: 17, LR counter: 17
[Trainer] No improvement. Iteration 20700. Early stopping counter: 18, LR counter: 18
[Trainer] No improvement. Iteration 20800. Early stopping counter: 19, LR counter: 19
[Trainer] No improvement. Iteration 20900. Early stopping counter: 20, LR counter: 20
[Trainer] No improvement. Iteration 21000. Early stopping counter: 21, LR counter: 21
[Trainer] No improvement. Iteration 21100. Early stopping counter: 22, LR counter: 22
[Trainer] No improvement. Iteration 21200. Early stopping counter: 23, LR counter: 23
[Trainer] No improvement. Iteration 21300. Early stopping counter: 24, LR counter: 24
[Trainer] No improvement. Iteration 21400. Early stopping counter: 25, LR counter: 25
[Trainer] Learning rate reduced to: 0.000001
[Trainer] No improvement. Iteration 21500. Early stopping counter: 26, LR counter: 1
[Trainer] No improvement. Iteration 21600. Early stopping counter: 27, LR counter: 2
[Trainer] No improvement. Iteration 21700. Early stopping counter: 28, LR counter: 3
[Trainer] No improvement. Iteration 21800. Early stopping counter: 29, LR counter: 4
[Trainer] No improvement. Iteration 21900. Early stopping counter: 30, LR counter: 5
[Trainer] No improvement. Iteration 22000. Early stopping counter: 31, LR counter: 6
[Trainer] No improvement. Iteration 22100. Early stopping counter: 32, LR counter: 7
[Trainer] No improvement. Iteration 22200. Early stopping counter: 33, LR counter: 8
[Trainer] No improvement. Iteration 22300. Early stopping counter: 34, LR counter: 9
[Trainer] No improvement. Iteration 22400. Early stopping counter: 35, LR counter: 10
[Trainer] No improvement. Iteration 22500. Early stopping counter: 36, LR counter: 11
[Trainer] No improvement. Iteration 22600. Early stopping counter: 37, LR counter: 12
[Trainer] No improvement. Iteration 22700. Early stopping counter: 38, LR counter: 13
[Trainer] No improvement. Iteration 22800. Early stopping counter: 39, LR counter: 14
[Trainer] No improvement. Iteration 22900. Early stopping counter: 40, LR counter: 15
[Trainer] No improvement. Iteration 23000. Early stopping counter: 41, LR counter: 16
[Trainer] No improvement. Iteration 23100. Early stopping counter: 42, LR counter: 17
[Trainer] No improvement. Iteration 23200. Early stopping counter: 43, LR counter: 18
[Trainer] No improvement. Iteration 23300. Early stopping counter: 44, LR counter: 19
[Trainer] No improvement. Iteration 23400. Early stopping counter: 45, LR counter: 20
[Trainer] No improvement. Iteration 23500. Early stopping counter: 46, LR counter: 21
[Trainer] No improvement. Iteration 23600. Early stopping counter: 47, LR counter: 22
[Trainer] No improvement. Iteration 23700. Early stopping counter: 48, LR counter: 23
[Trainer] No improvement. Iteration 23800. Early stopping counter: 49, LR counter: 24
[Trainer] No improvement. Iteration 23900. Early stopping counter: 50, LR counter: 25
[Trainer] Learning rate reduced to: 0.000000
[Trainer] Early stopping triggered.
[Trainer] Training completed.
[Trainer] Calibrating temperatures on validation set...
[Trainer] Temperature calibration finished. Calibrated temperatures: {4: 1.0707322359085083, 6: 1.0900017023086548, 8: 1.1729347705841064, 10: 1.2681992053985596}
[Trainer] BNN training completed.
**************************************************
Z=8, N=4, emax=4
RMSE Eb: 0.997
RMSE Rch: 0.012
MAPE Eb: 2.991
MAPE Rch: 0.525
--------------------------------------------------
**************************************************
Z=8, N=4, emax=10
RMSE Eb: 0.999
RMSE Rch: 0.055
MAPE Eb: 1.616
MAPE Rch: 2.307
--------------------------------------------------
**************************************************
Z=8, N=4, emax=6
RMSE Eb: 0.690
RMSE Rch: 0.013
MAPE Eb: 1.353
MAPE Rch: 0.600
--------------------------------------------------
**************************************************
Z=8, N=4, emax=8
RMSE Eb: 0.840
RMSE Rch: 0.020
MAPE Eb: 1.438
MAPE Rch: 0.993
--------------------------------------------------
**************************************************
Z=8, N=5, emax=8
RMSE Eb: 1.038
RMSE Rch: 0.011
MAPE Eb: 1.347
MAPE Rch: 0.560
--------------------------------------------------
**************************************************
Z=8, N=5, emax=6
RMSE Eb: 0.753
RMSE Rch: 0.009
MAPE Eb: 1.069
MAPE Rch: 0.432
--------------------------------------------------
**************************************************
Z=8, N=5, emax=4
RMSE Eb: 0.913
RMSE Rch: 0.010
MAPE Eb: 1.902
MAPE Rch: 0.487
--------------------------------------------------
**************************************************
Z=8, N=5, emax=10
RMSE Eb: 0.866
RMSE Rch: 0.012
MAPE Eb: 1.079
MAPE Rch: 0.557
--------------------------------------------------
**************************************************
Z=8, N=6, emax=4
RMSE Eb: 0.784
RMSE Rch: 0.007
MAPE Eb: 1.173
MAPE Rch: 0.344
--------------------------------------------------
**************************************************
Z=8, N=6, emax=6
RMSE Eb: 0.623
RMSE Rch: 0.009
MAPE Eb: 0.694
MAPE Rch: 0.449
--------------------------------------------------
**************************************************
Z=8, N=6, emax=8
RMSE Eb: 0.968
RMSE Rch: 0.013
MAPE Eb: 0.942
MAPE Rch: 0.612
--------------------------------------------------
**************************************************
Z=8, N=6, emax=10
RMSE Eb: 0.817
RMSE Rch: 0.013
MAPE Eb: 0.740
MAPE Rch: 0.638
--------------------------------------------------
**************************************************
Z=8, N=7, emax=8
RMSE Eb: 1.163
RMSE Rch: 0.012
MAPE Eb: 0.953
MAPE Rch: 0.625
--------------------------------------------------
**************************************************
Z=8, N=7, emax=10
RMSE Eb: 1.204
RMSE Rch: 0.018
MAPE Eb: 0.987
MAPE Rch: 1.083
--------------------------------------------------
**************************************************
Z=8, N=7, emax=6
RMSE Eb: 0.942
RMSE Rch: 0.011
MAPE Eb: 0.906
MAPE Rch: 0.590
--------------------------------------------------
**************************************************
Z=8, N=7, emax=4
RMSE Eb: 0.918
RMSE Rch: 0.009
MAPE Eb: 1.090
MAPE Rch: 0.416
--------------------------------------------------
**************************************************
Z=8, N=8, emax=4
RMSE Eb: 1.070
RMSE Rch: 0.010
MAPE Eb: 1.081
MAPE Rch: 0.253
--------------------------------------------------
**************************************************
Z=8, N=8, emax=8
RMSE Eb: 1.021
RMSE Rch: 0.012
MAPE Eb: 0.784
MAPE Rch: 0.329
--------------------------------------------------
**************************************************
Z=8, N=8, emax=6
RMSE Eb: 0.703
RMSE Rch: 0.010
MAPE Eb: 0.594
MAPE Rch: 0.277
--------------------------------------------------
**************************************************
Z=8, N=8, emax=10
RMSE Eb: 1.384
RMSE Rch: 0.021
MAPE Eb: 0.905
MAPE Rch: 0.622
--------------------------------------------------
**************************************************
Z=8, N=9, emax=8
RMSE Eb: 1.118
RMSE Rch: 0.008
MAPE Eb: 0.863
MAPE Rch: 0.226
--------------------------------------------------
**************************************************
Z=8, N=9, emax=6
RMSE Eb: 0.799
RMSE Rch: 0.010
MAPE Eb: 0.683
MAPE Rch: 0.269
--------------------------------------------------
**************************************************
Z=8, N=9, emax=4
RMSE Eb: 0.901
RMSE Rch: 0.008
MAPE Eb: 0.922
MAPE Rch: 0.207
--------------------------------------------------
**************************************************
Z=8, N=9, emax=10
RMSE Eb: 0.929
RMSE Rch: 0.007
MAPE Eb: 0.606
MAPE Rch: 0.208
--------------------------------------------------
**************************************************
Z=8, N=10, emax=4
RMSE Eb: 0.797
RMSE Rch: 0.006
MAPE Eb: 0.786
MAPE Rch: 0.166
--------------------------------------------------
**************************************************
Z=8, N=10, emax=10
RMSE Eb: 0.807
RMSE Rch: 0.008
MAPE Eb: 0.485
MAPE Rch: 0.236
--------------------------------------------------
**************************************************
Z=8, N=10, emax=6
RMSE Eb: 0.922
RMSE Rch: 0.008
MAPE Eb: 0.727
MAPE Rch: 0.210
--------------------------------------------------
**************************************************
Z=8, N=10, emax=8
RMSE Eb: 1.141
RMSE Rch: 0.008
MAPE Eb: 0.791
MAPE Rch: 0.229
--------------------------------------------------
**************************************************
Z=8, N=11, emax=4
RMSE Eb: 0.904
RMSE Rch: 0.008
MAPE Eb: 0.883
MAPE Rch: 0.225
--------------------------------------------------
**************************************************
Z=8, N=11, emax=6
RMSE Eb: 0.671
RMSE Rch: 0.009
MAPE Eb: 0.501
MAPE Rch: 0.259
--------------------------------------------------
**************************************************
Z=8, N=11, emax=8
RMSE Eb: 0.969
RMSE Rch: 0.008
MAPE Eb: 0.680
MAPE Rch: 0.245
--------------------------------------------------
**************************************************
Z=8, N=11, emax=10
RMSE Eb: 0.769
RMSE Rch: 0.012
MAPE Eb: 0.507
MAPE Rch: 0.384
--------------------------------------------------
**************************************************
Z=8, N=12, emax=6
RMSE Eb: 0.865
RMSE Rch: 0.007
MAPE Eb: 0.641
MAPE Rch: 0.192
--------------------------------------------------
**************************************************
Z=8, N=12, emax=4
RMSE Eb: 0.797
RMSE Rch: 0.007
MAPE Eb: 0.812
MAPE Rch: 0.186
--------------------------------------------------
**************************************************
Z=8, N=12, emax=8
RMSE Eb: 0.898
RMSE Rch: 0.007
MAPE Eb: 0.622
MAPE Rch: 0.187
--------------------------------------------------
**************************************************
Z=8, N=12, emax=10
RMSE Eb: 0.932
RMSE Rch: 0.007
MAPE Eb: 0.651
MAPE Rch: 0.209
--------------------------------------------------
**************************************************
Z=8, N=13, emax=8
RMSE Eb: 0.974
RMSE Rch: 0.008
MAPE Eb: 0.637
MAPE Rch: 0.194
--------------------------------------------------
**************************************************
Z=8, N=13, emax=4
RMSE Eb: 0.900
RMSE Rch: 0.009
MAPE Eb: 0.857
MAPE Rch: 0.247
--------------------------------------------------
**************************************************
Z=8, N=13, emax=10
RMSE Eb: 0.996
RMSE Rch: 0.011
MAPE Eb: 0.557
MAPE Rch: 0.337
--------------------------------------------------
**************************************************
Z=8, N=13, emax=6
RMSE Eb: 0.950
RMSE Rch: 0.007
MAPE Eb: 0.671
MAPE Rch: 0.180
--------------------------------------------------
**************************************************
Z=8, N=14, emax=8
RMSE Eb: 1.497
RMSE Rch: 0.013
MAPE Eb: 0.913
MAPE Rch: 0.307
--------------------------------------------------
**************************************************
Z=8, N=14, emax=4
RMSE Eb: 0.980
RMSE Rch: 0.008
MAPE Eb: 0.788
MAPE Rch: 0.215
--------------------------------------------------
**************************************************
Z=8, N=14, emax=6
RMSE Eb: 1.022
RMSE Rch: 0.007
MAPE Eb: 0.753
MAPE Rch: 0.197
--------------------------------------------------
**************************************************
Z=8, N=14, emax=10
RMSE Eb: 1.742
RMSE Rch: 0.018
MAPE Eb: 1.164
MAPE Rch: 0.544
--------------------------------------------------
**************************************************
Z=8, N=15, emax=8
RMSE Eb: 1.222
RMSE Rch: 0.009
MAPE Eb: 0.723
MAPE Rch: 0.222
--------------------------------------------------
**************************************************
Z=8, N=15, emax=4
RMSE Eb: 1.526
RMSE Rch: 0.009
MAPE Eb: 1.340
MAPE Rch: 0.247
--------------------------------------------------
**************************************************
Z=8, N=15, emax=6
RMSE Eb: 1.042
RMSE Rch: 0.009
MAPE Eb: 0.720
MAPE Rch: 0.240
--------------------------------------------------
**************************************************
Z=8, N=15, emax=10
RMSE Eb: 0.665
RMSE Rch: 0.008
MAPE Eb: 0.407
MAPE Rch: 0.238
--------------------------------------------------
**************************************************
Z=8, N=16, emax=8
RMSE Eb: 0.992
RMSE Rch: 0.009
MAPE Eb: 0.600
MAPE Rch: 0.241
--------------------------------------------------
**************************************************
Z=8, N=16, emax=6
RMSE Eb: 1.182
RMSE Rch: 0.008
MAPE Eb: 0.827
MAPE Rch: 0.211
--------------------------------------------------
**************************************************
Z=8, N=16, emax=10
RMSE Eb: 1.176
RMSE Rch: 0.014
MAPE Eb: 0.510
MAPE Rch: 0.398
--------------------------------------------------
**************************************************
Z=8, N=16, emax=4
RMSE Eb: 1.023
RMSE Rch: 0.012
MAPE Eb: 1.107
MAPE Rch: 0.315
--------------------------------------------------
Finished VAL for AE n=262
**************************************************
Z=8, N=4, emax=6
RMSE Eb: 0.714
RMSE Rch: 0.012
MAPE Eb: 1.354
MAPE Rch: 0.546
--------------------------------------------------
**************************************************
Z=8, N=4, emax=8
RMSE Eb: 1.007
RMSE Rch: 0.019
MAPE Eb: 1.735
MAPE Rch: 0.871
--------------------------------------------------
**************************************************
Z=8, N=4, emax=4
RMSE Eb: 0.946
RMSE Rch: 0.011
MAPE Eb: 2.556
MAPE Rch: 0.484
--------------------------------------------------
**************************************************
Z=8, N=4, emax=10
RMSE Eb: 0.771
RMSE Rch: 0.032
MAPE Eb: 1.220
MAPE Rch: 1.409
--------------------------------------------------
**************************************************
Z=8, N=5, emax=4
RMSE Eb: 0.900
RMSE Rch: 0.010
MAPE Eb: 1.836
MAPE Rch: 0.480
--------------------------------------------------
**************************************************
Z=8, N=5, emax=8
RMSE Eb: 0.983
RMSE Rch: 0.016
MAPE Eb: 1.282
MAPE Rch: 0.693
--------------------------------------------------
**************************************************
Z=8, N=5, emax=6
RMSE Eb: 0.854
RMSE Rch: 0.009
MAPE Eb: 1.268
MAPE Rch: 0.404
--------------------------------------------------
**************************************************
Z=8, N=5, emax=10
RMSE Eb: 0.609
RMSE Rch: 0.019
MAPE Eb: 0.765
MAPE Rch: 0.917
--------------------------------------------------
**************************************************
Z=8, N=6, emax=4
RMSE Eb: 0.811
RMSE Rch: 0.008
MAPE Eb: 1.190
MAPE Rch: 0.374
--------------------------------------------------
**************************************************
Z=8, N=6, emax=8
RMSE Eb: 1.077
RMSE Rch: 0.018
MAPE Eb: 0.951
MAPE Rch: 0.809
--------------------------------------------------
**************************************************
Z=8, N=6, emax=6
RMSE Eb: 0.943
RMSE Rch: 0.011
MAPE Eb: 0.991
MAPE Rch: 0.500
--------------------------------------------------
**************************************************
Z=8, N=6, emax=10
RMSE Eb: 0.932
RMSE Rch: 0.010
MAPE Eb: 0.955
MAPE Rch: 0.493
--------------------------------------------------
**************************************************
Z=8, N=7, emax=4
RMSE Eb: 0.848
RMSE Rch: 0.007
MAPE Eb: 1.037
MAPE Rch: 0.370
--------------------------------------------------
**************************************************
Z=8, N=7, emax=8
RMSE Eb: 1.208
RMSE Rch: 0.012
MAPE Eb: 0.917
MAPE Rch: 0.647
--------------------------------------------------
**************************************************
Z=8, N=7, emax=6
RMSE Eb: 0.979
RMSE Rch: 0.012
MAPE Eb: 0.942
MAPE Rch: 0.554
--------------------------------------------------
**************************************************
Z=8, N=7, emax=10
RMSE Eb: 0.970
RMSE Rch: 0.016
MAPE Eb: 0.828
MAPE Rch: 0.880
--------------------------------------------------
**************************************************
Z=8, N=8, emax=4
RMSE Eb: 1.051
RMSE Rch: 0.008
MAPE Eb: 1.060
MAPE Rch: 0.229
--------------------------------------------------
**************************************************
Z=8, N=8, emax=6
RMSE Eb: 0.818
RMSE Rch: 0.011
MAPE Eb: 0.688
MAPE Rch: 0.313
--------------------------------------------------
**************************************************
Z=8, N=8, emax=8
RMSE Eb: 0.979
RMSE Rch: 0.008
MAPE Eb: 0.752
MAPE Rch: 0.241
--------------------------------------------------
**************************************************
Z=8, N=8, emax=10
RMSE Eb: 1.060
RMSE Rch: 0.009
MAPE Eb: 0.861
MAPE Rch: 0.281
--------------------------------------------------
**************************************************
Z=8, N=9, emax=4
RMSE Eb: 0.833
RMSE Rch: 0.007
MAPE Eb: 0.916
MAPE Rch: 0.185
--------------------------------------------------
**************************************************
Z=8, N=9, emax=8
RMSE Eb: 1.028
RMSE Rch: 0.008
MAPE Eb: 0.741
MAPE Rch: 0.229
--------------------------------------------------
**************************************************
Z=8, N=9, emax=6
RMSE Eb: 0.669
RMSE Rch: 0.009
MAPE Eb: 0.551
MAPE Rch: 0.247
--------------------------------------------------
**************************************************
Z=8, N=9, emax=10
RMSE Eb: 1.123
RMSE Rch: 0.011
MAPE Eb: 0.795
MAPE Rch: 0.325
--------------------------------------------------
**************************************************
Z=8, N=10, emax=4
RMSE Eb: 0.744
RMSE Rch: 0.008
MAPE Eb: 0.699
MAPE Rch: 0.230
--------------------------------------------------
**************************************************
Z=8, N=10, emax=6
RMSE Eb: 0.799
RMSE Rch: 0.009
MAPE Eb: 0.629
MAPE Rch: 0.248
--------------------------------------------------
**************************************************
Z=8, N=10, emax=8
RMSE Eb: 0.850
RMSE Rch: 0.010
MAPE Eb: 0.598
MAPE Rch: 0.279
--------------------------------------------------
**************************************************
Z=8, N=10, emax=10
RMSE Eb: 0.798
RMSE Rch: 0.012
MAPE Eb: 0.568
MAPE Rch: 0.357
--------------------------------------------------
**************************************************
Z=8, N=11, emax=8
RMSE Eb: 1.044
RMSE Rch: 0.010
MAPE Eb: 0.711
MAPE Rch: 0.313
--------------------------------------------------
**************************************************
Z=8, N=11, emax=4
RMSE Eb: 0.772
RMSE Rch: 0.007
MAPE Eb: 0.817
MAPE Rch: 0.174
--------------------------------------------------
**************************************************
Z=8, N=11, emax=6
RMSE Eb: 0.603
RMSE Rch: 0.009
MAPE Eb: 0.472
MAPE Rch: 0.243
--------------------------------------------------
**************************************************
Z=8, N=11, emax=10
RMSE Eb: 0.783
RMSE Rch: 0.015
MAPE Eb: 0.518
MAPE Rch: 0.477
--------------------------------------------------
**************************************************
Z=8, N=12, emax=6
RMSE Eb: 0.843
RMSE Rch: 0.006
MAPE Eb: 0.642
MAPE Rch: 0.179
--------------------------------------------------
**************************************************
Z=8, N=12, emax=8
RMSE Eb: 1.059
RMSE Rch: 0.009
MAPE Eb: 0.661
MAPE Rch: 0.230
--------------------------------------------------
**************************************************
Z=8, N=12, emax=4
RMSE Eb: 0.695
RMSE Rch: 0.008
MAPE Eb: 0.719
MAPE Rch: 0.216
--------------------------------------------------
**************************************************
Z=8, N=12, emax=10
RMSE Eb: 0.969
RMSE Rch: 0.010
MAPE Eb: 0.599
MAPE Rch: 0.302
--------------------------------------------------
**************************************************
Z=8, N=13, emax=8
RMSE Eb: 1.030
RMSE Rch: 0.008
MAPE Eb: 0.675
MAPE Rch: 0.231
--------------------------------------------------
**************************************************
Z=8, N=13, emax=4
RMSE Eb: 0.711
RMSE Rch: 0.008
MAPE Eb: 0.731
MAPE Rch: 0.207
--------------------------------------------------
**************************************************
Z=8, N=13, emax=6
RMSE Eb: 0.793
RMSE Rch: 0.006
MAPE Eb: 0.567
MAPE Rch: 0.168
--------------------------------------------------
**************************************************
Z=8, N=13, emax=10
RMSE Eb: 1.029
RMSE Rch: 0.014
MAPE Eb: 0.617
MAPE Rch: 0.454
--------------------------------------------------
**************************************************
Z=8, N=14, emax=6
RMSE Eb: 0.973
RMSE Rch: 0.009
MAPE Eb: 0.663
MAPE Rch: 0.234
--------------------------------------------------
**************************************************
Z=8, N=14, emax=10
RMSE Eb: 1.192
RMSE Rch: 0.015
MAPE Eb: 0.607
MAPE Rch: 0.429
--------------------------------------------------
**************************************************
Z=8, N=14, emax=4
RMSE Eb: 1.117
RMSE Rch: 0.007
MAPE Eb: 1.018
MAPE Rch: 0.191
--------------------------------------------------
**************************************************
Z=8, N=14, emax=8
RMSE Eb: 1.278
RMSE Rch: 0.010
MAPE Eb: 0.793
MAPE Rch: 0.272
--------------------------------------------------
**************************************************
Z=8, N=15, emax=8
RMSE Eb: 1.079
RMSE Rch: 0.009
MAPE Eb: 0.633
MAPE Rch: 0.258
--------------------------------------------------
**************************************************
Z=8, N=15, emax=6
RMSE Eb: 1.015
RMSE Rch: 0.009
MAPE Eb: 0.744
MAPE Rch: 0.233
--------------------------------------------------
**************************************************
Z=8, N=15, emax=4
RMSE Eb: 1.038
RMSE Rch: 0.008
MAPE Eb: 1.076
MAPE Rch: 0.230
--------------------------------------------------
**************************************************
Z=8, N=15, emax=10
RMSE Eb: 1.187
RMSE Rch: 0.009
MAPE Eb: 0.694
MAPE Rch: 0.246
--------------------------------------------------
**************************************************
Z=8, N=16, emax=4
RMSE Eb: 1.624
RMSE Rch: 0.010
MAPE Eb: 1.479
MAPE Rch: 0.268
--------------------------------------------------
**************************************************
Z=8, N=16, emax=8
RMSE Eb: 1.011
RMSE Rch: 0.009
MAPE Eb: 0.603
MAPE Rch: 0.232
--------------------------------------------------
**************************************************
Z=8, N=16, emax=6
RMSE Eb: 0.994
RMSE Rch: 0.009
MAPE Eb: 0.747
MAPE Rch: 0.238
--------------------------------------------------
**************************************************
Z=8, N=16, emax=10
RMSE Eb: 1.021
RMSE Rch: 0.010
MAPE Eb: 0.514
MAPE Rch: 0.267
--------------------------------------------------
