Activated conda environment
[DataLoader] Found 13 files matching the pattern.
[DataLoader] Combined data shape: (17234, 35)
[Preprocess] Data split => train: (11029, 35), val: (2758, 35), test: (3447, 35)
[Preprocess] Processed fidelity 4 (index 0): 3758 samples.
[Preprocess] Processed fidelity 6 (index 1): 3346 samples.
[Preprocess] Processed fidelity 8 (index 2): 3194 samples.
[Preprocess] Processed fidelity 10 (index 3): 731 samples.
[Preprocess] Processed fidelity 4 (index 0): 949 samples.
[Preprocess] Processed fidelity 6 (index 1): 833 samples.
[Preprocess] Processed fidelity 8 (index 2): 801 samples.
[Preprocess] Processed fidelity 10 (index 3): 175 samples.
Fidelity levels: [4, 6, 8, 10]
[Trainer] Starting BNN training...
[Trainer] No improvement. Iteration 8500. Early stopping counter: 1, LR counter: 1
[Trainer] No improvement. Iteration 8600. Early stopping counter: 2, LR counter: 2
[Trainer] No improvement. Iteration 8700. Early stopping counter: 3, LR counter: 3
[Trainer] No improvement. Iteration 8900. Early stopping counter: 1, LR counter: 1
[Trainer] No improvement. Iteration 9100. Early stopping counter: 1, LR counter: 1
[Trainer] No improvement. Iteration 9200. Early stopping counter: 2, LR counter: 2
[Trainer] No improvement. Iteration 9300. Early stopping counter: 3, LR counter: 3
[Trainer] No improvement. Iteration 9400. Early stopping counter: 4, LR counter: 4
[Trainer] No improvement. Iteration 9500. Early stopping counter: 5, LR counter: 5
[Trainer] No improvement. Iteration 9600. Early stopping counter: 6, LR counter: 6
[Trainer] No improvement. Iteration 9700. Early stopping counter: 7, LR counter: 7
[Trainer] No improvement. Iteration 9800. Early stopping counter: 8, LR counter: 8
[Trainer] No improvement. Iteration 9900. Early stopping counter: 9, LR counter: 9
[Trainer] No improvement. Iteration 10000. Early stopping counter: 10, LR counter: 10
[Trainer] No improvement. Iteration 10100. Early stopping counter: 11, LR counter: 11
[Trainer] No improvement. Iteration 10200. Early stopping counter: 12, LR counter: 12
[Trainer] No improvement. Iteration 10300. Early stopping counter: 13, LR counter: 13
[Trainer] No improvement. Iteration 10500. Early stopping counter: 1, LR counter: 1
[Trainer] No improvement. Iteration 10600. Early stopping counter: 2, LR counter: 2
[Trainer] No improvement. Iteration 10700. Early stopping counter: 3, LR counter: 3
[Trainer] No improvement. Iteration 10800. Early stopping counter: 4, LR counter: 4
[Trainer] No improvement. Iteration 10900. Early stopping counter: 5, LR counter: 5
[Trainer] No improvement. Iteration 11000. Early stopping counter: 6, LR counter: 6
[Trainer] No improvement. Iteration 11100. Early stopping counter: 7, LR counter: 7
[Trainer] No improvement. Iteration 11200. Early stopping counter: 8, LR counter: 8
[Trainer] No improvement. Iteration 11300. Early stopping counter: 9, LR counter: 9
[Trainer] No improvement. Iteration 11400. Early stopping counter: 10, LR counter: 10
[Trainer] No improvement. Iteration 11500. Early stopping counter: 11, LR counter: 11
[Trainer] No improvement. Iteration 11600. Early stopping counter: 12, LR counter: 12
[Trainer] No improvement. Iteration 11700. Early stopping counter: 13, LR counter: 13
[Trainer] No improvement. Iteration 11800. Early stopping counter: 14, LR counter: 14
[Trainer] No improvement. Iteration 11900. Early stopping counter: 15, LR counter: 15
[Trainer] No improvement. Iteration 12000. Early stopping counter: 16, LR counter: 16
[Trainer] No improvement. Iteration 12100. Early stopping counter: 17, LR counter: 17
[Trainer] No improvement. Iteration 12200. Early stopping counter: 18, LR counter: 18
[Trainer] No improvement. Iteration 12300. Early stopping counter: 19, LR counter: 19
[Trainer] No improvement. Iteration 12400. Early stopping counter: 20, LR counter: 20
[Trainer] No improvement. Iteration 12500. Early stopping counter: 21, LR counter: 21
[Trainer] No improvement. Iteration 12600. Early stopping counter: 22, LR counter: 22
[Trainer] No improvement. Iteration 12700. Early stopping counter: 23, LR counter: 23
[Trainer] No improvement. Iteration 12800. Early stopping counter: 24, LR counter: 24
[Trainer] No improvement. Iteration 12900. Early stopping counter: 25, LR counter: 25
[Trainer] Learning rate reduced to: 0.000010
[Trainer] No improvement. Iteration 13000. Early stopping counter: 26, LR counter: 1
[Trainer] No improvement. Iteration 13100. Early stopping counter: 27, LR counter: 2
[Trainer] No improvement. Iteration 13200. Early stopping counter: 28, LR counter: 3
[Trainer] No improvement. Iteration 13300. Early stopping counter: 29, LR counter: 4
[Trainer] No improvement. Iteration 13400. Early stopping counter: 30, LR counter: 5
[Trainer] No improvement. Iteration 13500. Early stopping counter: 31, LR counter: 6
[Trainer] No improvement. Iteration 13600. Early stopping counter: 32, LR counter: 7
[Trainer] No improvement. Iteration 13700. Early stopping counter: 33, LR counter: 8
[Trainer] No improvement. Iteration 13800. Early stopping counter: 34, LR counter: 9
[Trainer] No improvement. Iteration 13900. Early stopping counter: 35, LR counter: 10
[Trainer] No improvement. Iteration 14000. Early stopping counter: 36, LR counter: 11
[Trainer] No improvement. Iteration 14100. Early stopping counter: 37, LR counter: 12
[Trainer] No improvement. Iteration 14200. Early stopping counter: 38, LR counter: 13
[Trainer] No improvement. Iteration 14300. Early stopping counter: 39, LR counter: 14
[Trainer] No improvement. Iteration 14400. Early stopping counter: 40, LR counter: 15
[Trainer] No improvement. Iteration 14500. Early stopping counter: 41, LR counter: 16
[Trainer] No improvement. Iteration 14600. Early stopping counter: 42, LR counter: 17
[Trainer] No improvement. Iteration 14700. Early stopping counter: 43, LR counter: 18
[Trainer] No improvement. Iteration 14800. Early stopping counter: 44, LR counter: 19
[Trainer] No improvement. Iteration 14900. Early stopping counter: 45, LR counter: 20
[Trainer] No improvement. Iteration 15000. Early stopping counter: 46, LR counter: 21
[Trainer] No improvement. Iteration 15100. Early stopping counter: 47, LR counter: 22
[Trainer] No improvement. Iteration 15200. Early stopping counter: 48, LR counter: 23
[Trainer] No improvement. Iteration 15300. Early stopping counter: 49, LR counter: 24
[Trainer] No improvement. Iteration 15400. Early stopping counter: 50, LR counter: 25
[Trainer] Learning rate reduced to: 0.000001
[Trainer] Early stopping triggered.
[Trainer] Training completed.
[Trainer] Calibrating temperatures on validation set...
[Trainer] Temperature calibration finished. Calibrated temperatures: {4: 1.3178584575653076, 6: 1.2499992847442627, 8: 1.3974331617355347, 10: 1.366856575012207}
[Trainer] BNN training completed.
**************************************************
Z=8, N=4, emax=4
RMSE Eb: 0.633
RMSE Rch: 0.008
MAPE Eb: 1.892
MAPE Rch: 0.345
--------------------------------------------------
**************************************************
Z=8, N=4, emax=10
RMSE Eb: 0.816
RMSE Rch: 0.031
MAPE Eb: 1.237
MAPE Rch: 1.529
--------------------------------------------------
**************************************************
Z=8, N=4, emax=6
RMSE Eb: 0.725
RMSE Rch: 0.012
MAPE Eb: 1.353
MAPE Rch: 0.539
--------------------------------------------------
**************************************************
Z=8, N=4, emax=8
RMSE Eb: 0.740
RMSE Rch: 0.018
MAPE Eb: 1.259
MAPE Rch: 0.843
--------------------------------------------------
**************************************************
Z=8, N=5, emax=8
RMSE Eb: 0.660
RMSE Rch: 0.011
MAPE Eb: 0.790
MAPE Rch: 0.568
--------------------------------------------------
**************************************************
Z=8, N=5, emax=6
RMSE Eb: 0.557
RMSE Rch: 0.008
MAPE Eb: 0.762
MAPE Rch: 0.368
--------------------------------------------------
**************************************************
Z=8, N=5, emax=4
RMSE Eb: 0.537
RMSE Rch: 0.006
MAPE Eb: 1.087
MAPE Rch: 0.289
--------------------------------------------------
**************************************************
Z=8, N=5, emax=10
RMSE Eb: 0.493
RMSE Rch: 0.015
MAPE Eb: 0.609
MAPE Rch: 0.783
--------------------------------------------------
**************************************************
Z=8, N=6, emax=4
RMSE Eb: 0.553
RMSE Rch: 0.006
MAPE Eb: 0.829
MAPE Rch: 0.292
--------------------------------------------------
**************************************************
Z=8, N=6, emax=6
RMSE Eb: 0.769
RMSE Rch: 0.007
MAPE Eb: 0.829
MAPE Rch: 0.328
--------------------------------------------------
**************************************************
Z=8, N=6, emax=8
RMSE Eb: 0.957
RMSE Rch: 0.010
MAPE Eb: 0.914
MAPE Rch: 0.501
--------------------------------------------------
**************************************************
Z=8, N=6, emax=10
RMSE Eb: 0.711
RMSE Rch: 0.011
MAPE Eb: 0.689
MAPE Rch: 0.581
--------------------------------------------------
**************************************************
Z=8, N=7, emax=8
RMSE Eb: 0.952
RMSE Rch: 0.011
MAPE Eb: 0.742
MAPE Rch: 0.593
--------------------------------------------------
**************************************************
Z=8, N=7, emax=10
RMSE Eb: 0.764
RMSE Rch: 0.012
MAPE Eb: 0.615
MAPE Rch: 0.743
--------------------------------------------------
**************************************************
Z=8, N=7, emax=6
RMSE Eb: 0.817
RMSE Rch: 0.007
MAPE Eb: 0.742
MAPE Rch: 0.301
--------------------------------------------------
**************************************************
Z=8, N=7, emax=4
RMSE Eb: 0.701
RMSE Rch: 0.006
MAPE Eb: 0.879
MAPE Rch: 0.277
--------------------------------------------------
**************************************************
Z=8, N=8, emax=4
RMSE Eb: 0.458
RMSE Rch: 0.007
MAPE Eb: 0.500
MAPE Rch: 0.203
--------------------------------------------------
**************************************************
Z=8, N=8, emax=8
RMSE Eb: 0.814
RMSE Rch: 0.013
MAPE Eb: 0.634
MAPE Rch: 0.347
--------------------------------------------------
**************************************************
Z=8, N=8, emax=6
RMSE Eb: 0.572
RMSE Rch: 0.010
MAPE Eb: 0.465
MAPE Rch: 0.275
--------------------------------------------------
**************************************************
Z=8, N=8, emax=10
RMSE Eb: 0.893
RMSE Rch: 0.010
MAPE Eb: 0.697
MAPE Rch: 0.300
--------------------------------------------------
**************************************************
Z=8, N=9, emax=8
RMSE Eb: 0.830
RMSE Rch: 0.011
MAPE Eb: 0.627
MAPE Rch: 0.303
--------------------------------------------------
**************************************************
Z=8, N=9, emax=6
RMSE Eb: 0.637
RMSE Rch: 0.008
MAPE Eb: 0.563
MAPE Rch: 0.230
--------------------------------------------------
**************************************************
Z=8, N=9, emax=4
RMSE Eb: 0.471
RMSE Rch: 0.006
MAPE Eb: 0.513
MAPE Rch: 0.163
--------------------------------------------------
**************************************************
Z=8, N=9, emax=10
RMSE Eb: 0.749
RMSE Rch: 0.008
MAPE Eb: 0.599
MAPE Rch: 0.227
--------------------------------------------------
**************************************************
Z=8, N=10, emax=4
RMSE Eb: 0.557
RMSE Rch: 0.006
MAPE Eb: 0.590
MAPE Rch: 0.147
--------------------------------------------------
**************************************************
Z=8, N=10, emax=10
RMSE Eb: 0.623
RMSE Rch: 0.012
MAPE Eb: 0.467
MAPE Rch: 0.347
--------------------------------------------------
**************************************************
Z=8, N=10, emax=6
RMSE Eb: 0.607
RMSE Rch: 0.009
MAPE Eb: 0.481
MAPE Rch: 0.235
--------------------------------------------------
**************************************************
Z=8, N=10, emax=8
RMSE Eb: 0.772
RMSE Rch: 0.013
MAPE Eb: 0.551
MAPE Rch: 0.395
--------------------------------------------------
**************************************************
Z=8, N=11, emax=4
RMSE Eb: 0.701
RMSE Rch: 0.006
MAPE Eb: 0.746
MAPE Rch: 0.156
--------------------------------------------------
**************************************************
Z=8, N=11, emax=6
RMSE Eb: 0.624
RMSE Rch: 0.010
MAPE Eb: 0.481
MAPE Rch: 0.271
--------------------------------------------------
**************************************************
Z=8, N=11, emax=8
RMSE Eb: 0.725
RMSE Rch: 0.012
MAPE Eb: 0.491
MAPE Rch: 0.347
--------------------------------------------------
**************************************************
Z=8, N=11, emax=10
RMSE Eb: 0.794
RMSE Rch: 0.012
MAPE Eb: 0.502
MAPE Rch: 0.310
--------------------------------------------------
**************************************************
Z=8, N=12, emax=6
RMSE Eb: 0.706
RMSE Rch: 0.007
MAPE Eb: 0.517
MAPE Rch: 0.209
--------------------------------------------------
**************************************************
Z=8, N=12, emax=4
RMSE Eb: 0.677
RMSE Rch: 0.006
MAPE Eb: 0.726
MAPE Rch: 0.164
--------------------------------------------------
**************************************************
Z=8, N=12, emax=8
RMSE Eb: 0.587
RMSE Rch: 0.010
MAPE Eb: 0.397
MAPE Rch: 0.285
--------------------------------------------------
**************************************************
Z=8, N=12, emax=10
RMSE Eb: 0.385
RMSE Rch: 0.009
MAPE Eb: 0.263
MAPE Rch: 0.232
--------------------------------------------------
**************************************************
Z=8, N=13, emax=8
RMSE Eb: 0.816
RMSE Rch: 0.011
MAPE Eb: 0.537
MAPE Rch: 0.301
--------------------------------------------------
**************************************************
Z=8, N=13, emax=4
RMSE Eb: 0.639
RMSE Rch: 0.006
MAPE Eb: 0.649
MAPE Rch: 0.174
--------------------------------------------------
**************************************************
Z=8, N=13, emax=10
RMSE Eb: 0.899
RMSE Rch: 0.008
MAPE Eb: 0.565
MAPE Rch: 0.229
--------------------------------------------------
**************************************************
Z=8, N=13, emax=6
RMSE Eb: 0.572
RMSE Rch: 0.008
MAPE Eb: 0.439
MAPE Rch: 0.223
--------------------------------------------------
**************************************************
Z=8, N=14, emax=8
RMSE Eb: 0.984
RMSE Rch: 0.013
MAPE Eb: 0.616
MAPE Rch: 0.358
--------------------------------------------------
**************************************************
Z=8, N=14, emax=4
RMSE Eb: 0.745
RMSE Rch: 0.007
MAPE Eb: 0.748
MAPE Rch: 0.173
--------------------------------------------------
**************************************************
Z=8, N=14, emax=6
RMSE Eb: 0.743
RMSE Rch: 0.008
MAPE Eb: 0.576
MAPE Rch: 0.224
--------------------------------------------------
**************************************************
Z=8, N=14, emax=10
RMSE Eb: 0.694
RMSE Rch: 0.011
MAPE Eb: 0.398
MAPE Rch: 0.321
--------------------------------------------------
**************************************************
Z=8, N=15, emax=8
RMSE Eb: 0.896
RMSE Rch: 0.008
MAPE Eb: 0.562
MAPE Rch: 0.228
--------------------------------------------------
**************************************************
Z=8, N=15, emax=4
RMSE Eb: 0.847
RMSE Rch: 0.007
MAPE Eb: 0.883
MAPE Rch: 0.191
--------------------------------------------------
**************************************************
Z=8, N=15, emax=6
RMSE Eb: 0.839
RMSE Rch: 0.007
MAPE Eb: 0.649
MAPE Rch: 0.199
--------------------------------------------------
**************************************************
Z=8, N=15, emax=10
RMSE Eb: 0.591
RMSE Rch: 0.009
MAPE Eb: 0.324
MAPE Rch: 0.275
--------------------------------------------------
**************************************************
Z=8, N=16, emax=8
RMSE Eb: 0.935
RMSE Rch: 0.012
MAPE Eb: 0.561
MAPE Rch: 0.338
--------------------------------------------------
**************************************************
Z=8, N=16, emax=6
RMSE Eb: 0.979
RMSE Rch: 0.008
MAPE Eb: 0.714
MAPE Rch: 0.232
--------------------------------------------------
**************************************************
Z=8, N=16, emax=10
RMSE Eb: 0.919
RMSE Rch: 0.011
MAPE Eb: 0.480
MAPE Rch: 0.302
--------------------------------------------------
**************************************************
Z=8, N=16, emax=4
RMSE Eb: 0.767
RMSE Rch: 0.008
MAPE Eb: 0.802
MAPE Rch: 0.199
--------------------------------------------------
Finished VAL for AE n=241
**************************************************
Z=8, N=4, emax=6
RMSE Eb: 0.650
RMSE Rch: 0.010
MAPE Eb: 1.214
MAPE Rch: 0.464
--------------------------------------------------
**************************************************
Z=8, N=4, emax=8
RMSE Eb: 0.751
RMSE Rch: 0.020
MAPE Eb: 1.183
MAPE Rch: 0.936
--------------------------------------------------
**************************************************
Z=8, N=4, emax=4
RMSE Eb: 0.570
RMSE Rch: 0.006
MAPE Eb: 1.602
MAPE Rch: 0.271
--------------------------------------------------
**************************************************
Z=8, N=4, emax=10
RMSE Eb: 1.012
RMSE Rch: 0.019
MAPE Eb: 1.375
MAPE Rch: 0.987
--------------------------------------------------
**************************************************
Z=8, N=5, emax=4
RMSE Eb: 0.558
RMSE Rch: 0.006
MAPE Eb: 1.113
MAPE Rch: 0.282
--------------------------------------------------
**************************************************
Z=8, N=5, emax=8
RMSE Eb: 0.724
RMSE Rch: 0.011
MAPE Eb: 0.935
MAPE Rch: 0.556
--------------------------------------------------
**************************************************
Z=8, N=5, emax=6
RMSE Eb: 0.661
RMSE Rch: 0.007
MAPE Eb: 0.963
MAPE Rch: 0.328
--------------------------------------------------
**************************************************
Z=8, N=5, emax=10
RMSE Eb: 0.543
RMSE Rch: 0.015
MAPE Eb: 0.536
MAPE Rch: 0.818
--------------------------------------------------
**************************************************
Z=8, N=6, emax=4
RMSE Eb: 0.577
RMSE Rch: 0.007
MAPE Eb: 0.764
MAPE Rch: 0.315
--------------------------------------------------
**************************************************
Z=8, N=6, emax=8
RMSE Eb: 0.911
RMSE Rch: 0.012
MAPE Eb: 0.801
MAPE Rch: 0.549
--------------------------------------------------
**************************************************
Z=8, N=6, emax=6
RMSE Eb: 0.646
RMSE Rch: 0.009
MAPE Eb: 0.738
MAPE Rch: 0.400
--------------------------------------------------
**************************************************
Z=8, N=6, emax=10
RMSE Eb: 0.711
RMSE Rch: 0.016
MAPE Eb: 0.687
MAPE Rch: 0.857
--------------------------------------------------
**************************************************
Z=8, N=7, emax=4
RMSE Eb: 0.616
RMSE Rch: 0.006
MAPE Eb: 0.732
MAPE Rch: 0.314
--------------------------------------------------
**************************************************
Z=8, N=7, emax=8
RMSE Eb: 0.926
RMSE Rch: 0.013
MAPE Eb: 0.741
MAPE Rch: 0.672
--------------------------------------------------
**************************************************
Z=8, N=7, emax=6
RMSE Eb: 0.820
RMSE Rch: 0.007
MAPE Eb: 0.748
MAPE Rch: 0.367
--------------------------------------------------
**************************************************
Z=8, N=7, emax=10
RMSE Eb: 0.684
RMSE Rch: 0.013
MAPE Eb: 0.575
MAPE Rch: 0.685
--------------------------------------------------
**************************************************
Z=8, N=8, emax=4
RMSE Eb: 0.576
RMSE Rch: 0.008
MAPE Eb: 0.592
MAPE Rch: 0.205
--------------------------------------------------
**************************************************
Z=8, N=8, emax=6
RMSE Eb: 0.601
RMSE Rch: 0.009
MAPE Eb: 0.478
MAPE Rch: 0.255
--------------------------------------------------
**************************************************
Z=8, N=8, emax=8
RMSE Eb: 0.906
RMSE Rch: 0.014
MAPE Eb: 0.699
MAPE Rch: 0.379
--------------------------------------------------
**************************************************
Z=8, N=8, emax=10
RMSE Eb: 1.129
RMSE Rch: 0.010
MAPE Eb: 0.902
MAPE Rch: 0.246
--------------------------------------------------
**************************************************
Z=8, N=9, emax=4
RMSE Eb: 0.611
RMSE Rch: 0.006
MAPE Eb: 0.652
MAPE Rch: 0.177
--------------------------------------------------
**************************************************
Z=8, N=9, emax=8
RMSE Eb: 0.778
RMSE Rch: 0.011
MAPE Eb: 0.609
MAPE Rch: 0.324
--------------------------------------------------
**************************************************
Z=8, N=9, emax=6
RMSE Eb: 0.594
RMSE Rch: 0.008
MAPE Eb: 0.471
MAPE Rch: 0.215
--------------------------------------------------
**************************************************
Z=8, N=9, emax=10
RMSE Eb: 0.749
RMSE Rch: 0.008
MAPE Eb: 0.586
MAPE Rch: 0.235
--------------------------------------------------
**************************************************
Z=8, N=10, emax=4
RMSE Eb: 0.636
RMSE Rch: 0.006
MAPE Eb: 0.645
MAPE Rch: 0.167
--------------------------------------------------
**************************************************
Z=8, N=10, emax=6
RMSE Eb: 0.629
RMSE Rch: 0.009
MAPE Eb: 0.471
MAPE Rch: 0.267
--------------------------------------------------
**************************************************
Z=8, N=10, emax=8
RMSE Eb: 0.700
RMSE Rch: 0.013
MAPE Eb: 0.515
MAPE Rch: 0.380
--------------------------------------------------
**************************************************
Z=8, N=10, emax=10
RMSE Eb: 0.393
RMSE Rch: 0.006
MAPE Eb: 0.253
MAPE Rch: 0.189
--------------------------------------------------
**************************************************
Z=8, N=11, emax=8
RMSE Eb: 0.801
RMSE Rch: 0.013
MAPE Eb: 0.534
MAPE Rch: 0.387
--------------------------------------------------
**************************************************
Z=8, N=11, emax=4
RMSE Eb: 0.596
RMSE Rch: 0.006
MAPE Eb: 0.646
MAPE Rch: 0.163
--------------------------------------------------
**************************************************
Z=8, N=11, emax=6
RMSE Eb: 0.632
RMSE Rch: 0.009
MAPE Eb: 0.516
MAPE Rch: 0.239
--------------------------------------------------
**************************************************
Z=8, N=11, emax=10
RMSE Eb: 0.649
RMSE Rch: 0.013
MAPE Eb: 0.446
MAPE Rch: 0.433
--------------------------------------------------
**************************************************
Z=8, N=12, emax=6
RMSE Eb: 0.637
RMSE Rch: 0.007
MAPE Eb: 0.478
MAPE Rch: 0.200
--------------------------------------------------
**************************************************
Z=8, N=12, emax=8
RMSE Eb: 0.698
RMSE Rch: 0.010
MAPE Eb: 0.462
MAPE Rch: 0.303
--------------------------------------------------
**************************************************
Z=8, N=12, emax=4
RMSE Eb: 0.725
RMSE Rch: 0.007
MAPE Eb: 0.703
MAPE Rch: 0.182
--------------------------------------------------
**************************************************
Z=8, N=12, emax=10
RMSE Eb: 0.658
RMSE Rch: 0.008
MAPE Eb: 0.411
MAPE Rch: 0.215
--------------------------------------------------
**************************************************
Z=8, N=13, emax=8
RMSE Eb: 0.796
RMSE Rch: 0.010
MAPE Eb: 0.541
MAPE Rch: 0.259
--------------------------------------------------
**************************************************
Z=8, N=13, emax=4
RMSE Eb: 0.703
RMSE Rch: 0.007
MAPE Eb: 0.741
MAPE Rch: 0.185
--------------------------------------------------
**************************************************
Z=8, N=13, emax=6
RMSE Eb: 0.594
RMSE Rch: 0.009
MAPE Eb: 0.436
MAPE Rch: 0.250
--------------------------------------------------
**************************************************
Z=8, N=13, emax=10
RMSE Eb: 0.792
RMSE Rch: 0.009
MAPE Eb: 0.494
MAPE Rch: 0.224
--------------------------------------------------
**************************************************
Z=8, N=14, emax=6
RMSE Eb: 0.662
RMSE Rch: 0.008
MAPE Eb: 0.462
MAPE Rch: 0.218
--------------------------------------------------
**************************************************
Z=8, N=14, emax=10
RMSE Eb: 0.775
RMSE Rch: 0.012
MAPE Eb: 0.409
MAPE Rch: 0.278
--------------------------------------------------
**************************************************
Z=8, N=14, emax=4
RMSE Eb: 0.644
RMSE Rch: 0.006
MAPE Eb: 0.623
MAPE Rch: 0.164
--------------------------------------------------
**************************************************
Z=8, N=14, emax=8
RMSE Eb: 0.792
RMSE Rch: 0.012
MAPE Eb: 0.503
MAPE Rch: 0.317
--------------------------------------------------
**************************************************
Z=8, N=15, emax=8
RMSE Eb: 0.823
RMSE Rch: 0.010
MAPE Eb: 0.507
MAPE Rch: 0.270
--------------------------------------------------
**************************************************
Z=8, N=15, emax=6
RMSE Eb: 0.745
RMSE Rch: 0.008
MAPE Eb: 0.548
MAPE Rch: 0.207
--------------------------------------------------
**************************************************
Z=8, N=15, emax=4
RMSE Eb: 0.870
RMSE Rch: 0.006
MAPE Eb: 0.900
MAPE Rch: 0.165
--------------------------------------------------
**************************************************
Z=8, N=15, emax=10
RMSE Eb: 0.631
RMSE Rch: 0.009
MAPE Eb: 0.376
MAPE Rch: 0.265
--------------------------------------------------
**************************************************
Z=8, N=16, emax=4
RMSE Eb: 0.947
RMSE Rch: 0.008
MAPE Eb: 0.926
MAPE Rch: 0.203
--------------------------------------------------
**************************************************
Z=8, N=16, emax=8
RMSE Eb: 0.835
RMSE Rch: 0.010
MAPE Eb: 0.485
MAPE Rch: 0.286
--------------------------------------------------
**************************************************
Z=8, N=16, emax=6
RMSE Eb: 1.056
RMSE Rch: 0.009
MAPE Eb: 0.761
MAPE Rch: 0.245
--------------------------------------------------
**************************************************
Z=8, N=16, emax=10
RMSE Eb: 0.713
RMSE Rch: 0.011
MAPE Eb: 0.439
MAPE Rch: 0.338
--------------------------------------------------
