Activated conda environment
[DataLoader] Found 13 files matching the pattern.
[DataLoader] Combined data shape: (17234, 35)
[Preprocess] Data split => train: (11029, 35), val: (2758, 35), test: (3447, 35)
[Preprocess] Processed fidelity 4 (index 0): 3758 samples.
[Preprocess] Processed fidelity 6 (index 1): 3346 samples.
[Preprocess] Processed fidelity 8 (index 2): 3194 samples.
[Preprocess] Processed fidelity 10 (index 3): 731 samples.
[Preprocess] Processed fidelity 4 (index 0): 949 samples.
[Preprocess] Processed fidelity 6 (index 1): 833 samples.
[Preprocess] Processed fidelity 8 (index 2): 801 samples.
[Preprocess] Processed fidelity 10 (index 3): 175 samples.
Fidelity levels: [4, 6, 8, 10]
[Trainer] Starting BNN training...
[Trainer] No improvement. Iteration 7800. Early stopping counter: 1, LR counter: 1
[Trainer] No improvement. Iteration 7900. Early stopping counter: 2, LR counter: 2
[Trainer] No improvement. Iteration 8000. Early stopping counter: 3, LR counter: 3
[Trainer] No improvement. Iteration 8100. Early stopping counter: 4, LR counter: 4
[Trainer] No improvement. Iteration 8200. Early stopping counter: 5, LR counter: 5
[Trainer] No improvement. Iteration 8800. Early stopping counter: 1, LR counter: 1
[Trainer] No improvement. Iteration 9500. Early stopping counter: 1, LR counter: 1
[Trainer] No improvement. Iteration 9600. Early stopping counter: 2, LR counter: 2
[Trainer] No improvement. Iteration 9800. Early stopping counter: 1, LR counter: 1
[Trainer] No improvement. Iteration 9900. Early stopping counter: 2, LR counter: 2
[Trainer] No improvement. Iteration 10100. Early stopping counter: 1, LR counter: 1
[Trainer] No improvement. Iteration 10200. Early stopping counter: 2, LR counter: 2
[Trainer] No improvement. Iteration 10300. Early stopping counter: 3, LR counter: 3
[Trainer] No improvement. Iteration 10400. Early stopping counter: 4, LR counter: 4
[Trainer] No improvement. Iteration 10500. Early stopping counter: 5, LR counter: 5
[Trainer] No improvement. Iteration 10600. Early stopping counter: 6, LR counter: 6
[Trainer] No improvement. Iteration 10800. Early stopping counter: 1, LR counter: 1
[Trainer] No improvement. Iteration 10900. Early stopping counter: 2, LR counter: 2
[Trainer] No improvement. Iteration 11100. Early stopping counter: 1, LR counter: 1
[Trainer] No improvement. Iteration 11300. Early stopping counter: 1, LR counter: 1
[Trainer] No improvement. Iteration 11400. Early stopping counter: 2, LR counter: 2
[Trainer] No improvement. Iteration 11500. Early stopping counter: 3, LR counter: 3
[Trainer] No improvement. Iteration 11600. Early stopping counter: 4, LR counter: 4
[Trainer] No improvement. Iteration 11700. Early stopping counter: 5, LR counter: 5
[Trainer] No improvement. Iteration 11800. Early stopping counter: 6, LR counter: 6
[Trainer] No improvement. Iteration 12100. Early stopping counter: 1, LR counter: 1
[Trainer] No improvement. Iteration 12500. Early stopping counter: 1, LR counter: 1
[Trainer] No improvement. Iteration 12600. Early stopping counter: 2, LR counter: 2
[Trainer] No improvement. Iteration 12700. Early stopping counter: 3, LR counter: 3
[Trainer] No improvement. Iteration 12800. Early stopping counter: 4, LR counter: 4
[Trainer] No improvement. Iteration 12900. Early stopping counter: 5, LR counter: 5
[Trainer] No improvement. Iteration 13000. Early stopping counter: 6, LR counter: 6
[Trainer] No improvement. Iteration 13100. Early stopping counter: 7, LR counter: 7
[Trainer] No improvement. Iteration 13200. Early stopping counter: 8, LR counter: 8
[Trainer] No improvement. Iteration 13300. Early stopping counter: 9, LR counter: 9
[Trainer] No improvement. Iteration 13400. Early stopping counter: 10, LR counter: 10
[Trainer] No improvement. Iteration 13500. Early stopping counter: 11, LR counter: 11
[Trainer] No improvement. Iteration 13600. Early stopping counter: 12, LR counter: 12
[Trainer] No improvement. Iteration 13700. Early stopping counter: 13, LR counter: 13
[Trainer] No improvement. Iteration 13800. Early stopping counter: 14, LR counter: 14
[Trainer] No improvement. Iteration 13900. Early stopping counter: 15, LR counter: 15
[Trainer] No improvement. Iteration 14000. Early stopping counter: 16, LR counter: 16
[Trainer] No improvement. Iteration 14100. Early stopping counter: 17, LR counter: 17
[Trainer] No improvement. Iteration 14200. Early stopping counter: 18, LR counter: 18
[Trainer] No improvement. Iteration 14300. Early stopping counter: 19, LR counter: 19
[Trainer] No improvement. Iteration 14400. Early stopping counter: 20, LR counter: 20
[Trainer] No improvement. Iteration 14500. Early stopping counter: 21, LR counter: 21
[Trainer] No improvement. Iteration 14600. Early stopping counter: 22, LR counter: 22
[Trainer] No improvement. Iteration 14700. Early stopping counter: 23, LR counter: 23
[Trainer] No improvement. Iteration 14800. Early stopping counter: 24, LR counter: 24
[Trainer] No improvement. Iteration 14900. Early stopping counter: 25, LR counter: 25
[Trainer] Learning rate reduced to: 0.000010
[Trainer] No improvement. Iteration 15000. Early stopping counter: 26, LR counter: 1
[Trainer] No improvement. Iteration 15100. Early stopping counter: 27, LR counter: 2
[Trainer] No improvement. Iteration 15200. Early stopping counter: 28, LR counter: 3
[Trainer] No improvement. Iteration 15300. Early stopping counter: 29, LR counter: 4
[Trainer] No improvement. Iteration 15400. Early stopping counter: 30, LR counter: 5
[Trainer] No improvement. Iteration 15500. Early stopping counter: 31, LR counter: 6
[Trainer] No improvement. Iteration 15600. Early stopping counter: 32, LR counter: 7
[Trainer] No improvement. Iteration 15700. Early stopping counter: 33, LR counter: 8
[Trainer] No improvement. Iteration 15800. Early stopping counter: 34, LR counter: 9
[Trainer] No improvement. Iteration 15900. Early stopping counter: 35, LR counter: 10
[Trainer] No improvement. Iteration 16000. Early stopping counter: 36, LR counter: 11
[Trainer] No improvement. Iteration 16100. Early stopping counter: 37, LR counter: 12
[Trainer] No improvement. Iteration 16200. Early stopping counter: 38, LR counter: 13
[Trainer] No improvement. Iteration 16300. Early stopping counter: 39, LR counter: 14
[Trainer] No improvement. Iteration 16400. Early stopping counter: 40, LR counter: 15
[Trainer] No improvement. Iteration 16500. Early stopping counter: 41, LR counter: 16
[Trainer] No improvement. Iteration 16600. Early stopping counter: 42, LR counter: 17
[Trainer] No improvement. Iteration 16700. Early stopping counter: 43, LR counter: 18
[Trainer] No improvement. Iteration 16800. Early stopping counter: 44, LR counter: 19
[Trainer] No improvement. Iteration 16900. Early stopping counter: 45, LR counter: 20
[Trainer] No improvement. Iteration 17000. Early stopping counter: 46, LR counter: 21
[Trainer] No improvement. Iteration 17100. Early stopping counter: 47, LR counter: 22
[Trainer] No improvement. Iteration 17200. Early stopping counter: 48, LR counter: 23
[Trainer] No improvement. Iteration 17300. Early stopping counter: 49, LR counter: 24
[Trainer] No improvement. Iteration 17400. Early stopping counter: 50, LR counter: 25
[Trainer] Learning rate reduced to: 0.000001
[Trainer] Early stopping triggered.
[Trainer] Training completed.
[Trainer] Calibrating temperatures on validation set...
[Trainer] Temperature calibration finished. Calibrated temperatures: {4: 1.2848865985870361, 6: 1.110877513885498, 8: 1.1228306293487549, 10: 1.1055675745010376}
[Trainer] BNN training completed.
**************************************************
Z=8, N=4, emax=4
RMSE Eb: 0.966
RMSE Rch: 0.009
MAPE Eb: 2.997
MAPE Rch: 0.390
--------------------------------------------------
**************************************************
Z=8, N=4, emax=10
RMSE Eb: 1.036
RMSE Rch: 0.032
MAPE Eb: 1.546
MAPE Rch: 1.617
--------------------------------------------------
**************************************************
Z=8, N=4, emax=6
RMSE Eb: 0.756
RMSE Rch: 0.013
MAPE Eb: 1.538
MAPE Rch: 0.622
--------------------------------------------------
**************************************************
Z=8, N=4, emax=8
RMSE Eb: 0.996
RMSE Rch: 0.020
MAPE Eb: 1.613
MAPE Rch: 0.854
--------------------------------------------------
**************************************************
Z=8, N=5, emax=8
RMSE Eb: 0.953
RMSE Rch: 0.016
MAPE Eb: 1.269
MAPE Rch: 0.806
--------------------------------------------------
**************************************************
Z=8, N=5, emax=6
RMSE Eb: 0.700
RMSE Rch: 0.010
MAPE Eb: 1.012
MAPE Rch: 0.453
--------------------------------------------------
**************************************************
Z=8, N=5, emax=4
RMSE Eb: 0.981
RMSE Rch: 0.009
MAPE Eb: 1.924
MAPE Rch: 0.411
--------------------------------------------------
**************************************************
Z=8, N=5, emax=10
RMSE Eb: 1.075
RMSE Rch: 0.006
MAPE Eb: 1.370
MAPE Rch: 0.307
--------------------------------------------------
**************************************************
Z=8, N=6, emax=4
RMSE Eb: 1.104
RMSE Rch: 0.015
MAPE Eb: 1.787
MAPE Rch: 0.738
--------------------------------------------------
**************************************************
Z=8, N=6, emax=6
RMSE Eb: 0.869
RMSE Rch: 0.010
MAPE Eb: 0.879
MAPE Rch: 0.523
--------------------------------------------------
**************************************************
Z=8, N=6, emax=8
RMSE Eb: 1.070
RMSE Rch: 0.011
MAPE Eb: 0.976
MAPE Rch: 0.527
--------------------------------------------------
**************************************************
Z=8, N=6, emax=10
RMSE Eb: 1.254
RMSE Rch: 0.013
MAPE Eb: 1.243
MAPE Rch: 0.691
--------------------------------------------------
**************************************************
Z=8, N=7, emax=8
RMSE Eb: 1.057
RMSE Rch: 0.023
MAPE Eb: 0.889
MAPE Rch: 1.394
--------------------------------------------------
**************************************************
Z=8, N=7, emax=10
RMSE Eb: 0.906
RMSE Rch: 0.034
MAPE Eb: 0.729
MAPE Rch: 1.985
--------------------------------------------------
**************************************************
Z=8, N=7, emax=6
RMSE Eb: 1.098
RMSE Rch: 0.028
MAPE Eb: 1.073
MAPE Rch: 1.540
--------------------------------------------------
**************************************************
Z=8, N=7, emax=4
RMSE Eb: 1.158
RMSE Rch: 0.039
MAPE Eb: 1.521
MAPE Rch: 2.253
--------------------------------------------------
**************************************************
Z=8, N=8, emax=4
RMSE Eb: 0.792
RMSE Rch: 0.019
MAPE Eb: 0.853
MAPE Rch: 0.575
--------------------------------------------------
**************************************************
Z=8, N=8, emax=8
RMSE Eb: 0.961
RMSE Rch: 0.013
MAPE Eb: 0.759
MAPE Rch: 0.342
--------------------------------------------------
**************************************************
Z=8, N=8, emax=6
RMSE Eb: 0.872
RMSE Rch: 0.013
MAPE Eb: 0.759
MAPE Rch: 0.379
--------------------------------------------------
**************************************************
Z=8, N=8, emax=10
RMSE Eb: 1.028
RMSE Rch: 0.020
MAPE Eb: 0.825
MAPE Rch: 0.500
--------------------------------------------------
**************************************************
Z=8, N=9, emax=8
RMSE Eb: 0.752
RMSE Rch: 0.013
MAPE Eb: 0.580
MAPE Rch: 0.372
--------------------------------------------------
**************************************************
Z=8, N=9, emax=6
RMSE Eb: 0.767
RMSE Rch: 0.008
MAPE Eb: 0.672
MAPE Rch: 0.215
--------------------------------------------------
**************************************************
Z=8, N=9, emax=4
RMSE Eb: 0.858
RMSE Rch: 0.007
MAPE Eb: 0.963
MAPE Rch: 0.187
--------------------------------------------------
**************************************************
Z=8, N=9, emax=10
RMSE Eb: 0.470
RMSE Rch: 0.006
MAPE Eb: 0.354
MAPE Rch: 0.174
--------------------------------------------------
**************************************************
Z=8, N=10, emax=4
RMSE Eb: 0.619
RMSE Rch: 0.006
MAPE Eb: 0.668
MAPE Rch: 0.151
--------------------------------------------------
**************************************************
Z=8, N=10, emax=10
RMSE Eb: 0.674
RMSE Rch: 0.009
MAPE Eb: 0.386
MAPE Rch: 0.300
--------------------------------------------------
**************************************************
Z=8, N=10, emax=6
RMSE Eb: 0.582
RMSE Rch: 0.008
MAPE Eb: 0.475
MAPE Rch: 0.233
--------------------------------------------------
**************************************************
Z=8, N=10, emax=8
RMSE Eb: 0.623
RMSE Rch: 0.015
MAPE Eb: 0.433
MAPE Rch: 0.440
--------------------------------------------------
**************************************************
Z=8, N=11, emax=4
RMSE Eb: 0.775
RMSE Rch: 0.008
MAPE Eb: 0.843
MAPE Rch: 0.208
--------------------------------------------------
**************************************************
Z=8, N=11, emax=6
RMSE Eb: 0.656
RMSE Rch: 0.008
MAPE Eb: 0.507
MAPE Rch: 0.222
--------------------------------------------------
**************************************************
Z=8, N=11, emax=8
RMSE Eb: 0.530
RMSE Rch: 0.014
MAPE Eb: 0.397
MAPE Rch: 0.424
--------------------------------------------------
**************************************************
Z=8, N=11, emax=10
RMSE Eb: 0.728
RMSE Rch: 0.014
MAPE Eb: 0.484
MAPE Rch: 0.473
--------------------------------------------------
**************************************************
Z=8, N=12, emax=6
RMSE Eb: 0.791
RMSE Rch: 0.008
MAPE Eb: 0.605
MAPE Rch: 0.214
--------------------------------------------------
**************************************************
Z=8, N=12, emax=4
RMSE Eb: 0.482
RMSE Rch: 0.007
MAPE Eb: 0.479
MAPE Rch: 0.201
--------------------------------------------------
**************************************************
Z=8, N=12, emax=8
RMSE Eb: 0.622
RMSE Rch: 0.013
MAPE Eb: 0.432
MAPE Rch: 0.376
--------------------------------------------------
**************************************************
Z=8, N=12, emax=10
RMSE Eb: 0.867
RMSE Rch: 0.012
MAPE Eb: 0.628
MAPE Rch: 0.376
--------------------------------------------------
**************************************************
Z=8, N=13, emax=8
RMSE Eb: 0.701
RMSE Rch: 0.012
MAPE Eb: 0.437
MAPE Rch: 0.334
--------------------------------------------------
**************************************************
Z=8, N=13, emax=4
RMSE Eb: 0.659
RMSE Rch: 0.007
MAPE Eb: 0.700
MAPE Rch: 0.189
--------------------------------------------------
**************************************************
Z=8, N=13, emax=10
RMSE Eb: 0.556
RMSE Rch: 0.008
MAPE Eb: 0.317
MAPE Rch: 0.250
--------------------------------------------------
**************************************************
Z=8, N=13, emax=6
RMSE Eb: 0.983
RMSE Rch: 0.008
MAPE Eb: 0.769
MAPE Rch: 0.214
--------------------------------------------------
**************************************************
Z=8, N=14, emax=8
RMSE Eb: 0.772
RMSE Rch: 0.019
MAPE Eb: 0.465
MAPE Rch: 0.578
--------------------------------------------------
**************************************************
Z=8, N=14, emax=4
RMSE Eb: 0.802
RMSE Rch: 0.008
MAPE Eb: 0.746
MAPE Rch: 0.220
--------------------------------------------------
**************************************************
Z=8, N=14, emax=6
RMSE Eb: 0.765
RMSE Rch: 0.009
MAPE Eb: 0.505
MAPE Rch: 0.243
--------------------------------------------------
**************************************************
Z=8, N=14, emax=10
RMSE Eb: 0.464
RMSE Rch: 0.015
MAPE Eb: 0.269
MAPE Rch: 0.476
--------------------------------------------------
**************************************************
Z=8, N=15, emax=8
RMSE Eb: 0.524
RMSE Rch: 0.016
MAPE Eb: 0.301
MAPE Rch: 0.495
--------------------------------------------------
**************************************************
Z=8, N=15, emax=4
RMSE Eb: 0.754
RMSE Rch: 0.007
MAPE Eb: 0.757
MAPE Rch: 0.194
--------------------------------------------------
**************************************************
Z=8, N=15, emax=6
RMSE Eb: 0.814
RMSE Rch: 0.009
MAPE Eb: 0.569
MAPE Rch: 0.234
--------------------------------------------------
**************************************************
Z=8, N=15, emax=10
RMSE Eb: 0.663
RMSE Rch: 0.012
MAPE Eb: 0.348
MAPE Rch: 0.311
--------------------------------------------------
**************************************************
Z=8, N=16, emax=8
RMSE Eb: 0.892
RMSE Rch: 0.018
MAPE Eb: 0.508
MAPE Rch: 0.553
--------------------------------------------------
**************************************************
Z=8, N=16, emax=6
RMSE Eb: 0.746
RMSE Rch: 0.009
MAPE Eb: 0.517
MAPE Rch: 0.260
--------------------------------------------------
**************************************************
Z=8, N=16, emax=10
RMSE Eb: 1.003
RMSE Rch: 0.017
MAPE Eb: 0.552
MAPE Rch: 0.488
--------------------------------------------------
**************************************************
Z=8, N=16, emax=4
RMSE Eb: 0.817
RMSE Rch: 0.008
MAPE Eb: 0.855
MAPE Rch: 0.221
--------------------------------------------------
Finished VAL for AE n=579
**************************************************
Z=8, N=4, emax=6
RMSE Eb: 0.702
RMSE Rch: 0.011
MAPE Eb: 1.273
MAPE Rch: 0.481
--------------------------------------------------
**************************************************
Z=8, N=4, emax=8
RMSE Eb: 0.815
RMSE Rch: 0.018
MAPE Eb: 1.369
MAPE Rch: 0.841
--------------------------------------------------
**************************************************
Z=8, N=4, emax=4
RMSE Eb: 0.950
RMSE Rch: 0.009
MAPE Eb: 2.737
MAPE Rch: 0.399
--------------------------------------------------
**************************************************
Z=8, N=4, emax=10
RMSE Eb: 1.725
RMSE Rch: 0.025
MAPE Eb: 2.457
MAPE Rch: 1.222
--------------------------------------------------
**************************************************
Z=8, N=5, emax=4
RMSE Eb: 0.998
RMSE Rch: 0.009
MAPE Eb: 1.961
MAPE Rch: 0.455
--------------------------------------------------
**************************************************
Z=8, N=5, emax=8
RMSE Eb: 1.041
RMSE Rch: 0.018
MAPE Eb: 1.272
MAPE Rch: 0.922
--------------------------------------------------
**************************************************
Z=8, N=5, emax=6
RMSE Eb: 0.748
RMSE Rch: 0.009
MAPE Eb: 1.018
MAPE Rch: 0.427
--------------------------------------------------
**************************************************
Z=8, N=5, emax=10
RMSE Eb: 0.812
RMSE Rch: 0.014
MAPE Eb: 1.013
MAPE Rch: 0.743
--------------------------------------------------
**************************************************
Z=8, N=6, emax=4
RMSE Eb: 1.113
RMSE Rch: 0.017
MAPE Eb: 1.688
MAPE Rch: 0.844
--------------------------------------------------
**************************************************
Z=8, N=6, emax=8
RMSE Eb: 1.104
RMSE Rch: 0.018
MAPE Eb: 0.974
MAPE Rch: 0.779
--------------------------------------------------
**************************************************
Z=8, N=6, emax=6
RMSE Eb: 0.996
RMSE Rch: 0.012
MAPE Eb: 1.129
MAPE Rch: 0.533
--------------------------------------------------
**************************************************
Z=8, N=6, emax=10
RMSE Eb: 0.940
RMSE Rch: 0.017
MAPE Eb: 0.983
MAPE Rch: 0.830
--------------------------------------------------
**************************************************
Z=8, N=7, emax=4
RMSE Eb: 1.160
RMSE Rch: 0.039
MAPE Eb: 1.400
MAPE Rch: 2.313
--------------------------------------------------
**************************************************
Z=8, N=7, emax=8
RMSE Eb: 1.118
RMSE Rch: 0.026
MAPE Eb: 0.927
MAPE Rch: 1.515
--------------------------------------------------
**************************************************
Z=8, N=7, emax=6
RMSE Eb: 1.007
RMSE Rch: 0.031
MAPE Eb: 1.013
MAPE Rch: 1.768
--------------------------------------------------
**************************************************
Z=8, N=7, emax=10
RMSE Eb: 0.919
RMSE Rch: 0.040
MAPE Eb: 0.709
MAPE Rch: 2.406
--------------------------------------------------
**************************************************
Z=8, N=8, emax=4
RMSE Eb: 0.976
RMSE Rch: 0.016
MAPE Eb: 0.919
MAPE Rch: 0.495
--------------------------------------------------
**************************************************
Z=8, N=8, emax=6
RMSE Eb: 0.890
RMSE Rch: 0.014
MAPE Eb: 0.759
MAPE Rch: 0.410
--------------------------------------------------
**************************************************
Z=8, N=8, emax=8
RMSE Eb: 0.724
RMSE Rch: 0.011
MAPE Eb: 0.550
MAPE Rch: 0.336
--------------------------------------------------
**************************************************
Z=8, N=8, emax=10
RMSE Eb: 0.929
RMSE Rch: 0.020
MAPE Eb: 0.763
MAPE Rch: 0.568
--------------------------------------------------
**************************************************
Z=8, N=9, emax=4
RMSE Eb: 0.835
RMSE Rch: 0.006
MAPE Eb: 1.000
MAPE Rch: 0.170
--------------------------------------------------
**************************************************
Z=8, N=9, emax=8
RMSE Eb: 0.875
RMSE Rch: 0.011
MAPE Eb: 0.638
MAPE Rch: 0.325
--------------------------------------------------
**************************************************
Z=8, N=9, emax=6
RMSE Eb: 0.742
RMSE Rch: 0.008
MAPE Eb: 0.638
MAPE Rch: 0.202
--------------------------------------------------
**************************************************
Z=8, N=9, emax=10
RMSE Eb: 0.626
RMSE Rch: 0.013
MAPE Eb: 0.430
MAPE Rch: 0.393
--------------------------------------------------
**************************************************
Z=8, N=10, emax=4
RMSE Eb: 0.638
RMSE Rch: 0.006
MAPE Eb: 0.674
MAPE Rch: 0.158
--------------------------------------------------
**************************************************
Z=8, N=10, emax=6
RMSE Eb: 0.708
RMSE Rch: 0.009
MAPE Eb: 0.561
MAPE Rch: 0.261
--------------------------------------------------
**************************************************
Z=8, N=10, emax=8
RMSE Eb: 0.568
RMSE Rch: 0.013
MAPE Eb: 0.410
MAPE Rch: 0.397
--------------------------------------------------
**************************************************
Z=8, N=10, emax=10
RMSE Eb: 0.480
RMSE Rch: 0.016
MAPE Eb: 0.338
MAPE Rch: 0.510
--------------------------------------------------
**************************************************
Z=8, N=11, emax=8
RMSE Eb: 0.567
RMSE Rch: 0.013
MAPE Eb: 0.410
MAPE Rch: 0.376
--------------------------------------------------
**************************************************
Z=8, N=11, emax=4
RMSE Eb: 0.683
RMSE Rch: 0.006
MAPE Eb: 0.783
MAPE Rch: 0.171
--------------------------------------------------
**************************************************
Z=8, N=11, emax=6
RMSE Eb: 0.622
RMSE Rch: 0.007
MAPE Eb: 0.492
MAPE Rch: 0.186
--------------------------------------------------
**************************************************
Z=8, N=11, emax=10
RMSE Eb: 0.785
RMSE Rch: 0.009
MAPE Eb: 0.540
MAPE Rch: 0.266
--------------------------------------------------
**************************************************
Z=8, N=12, emax=6
RMSE Eb: 0.795
RMSE Rch: 0.007
MAPE Eb: 0.634
MAPE Rch: 0.207
--------------------------------------------------
**************************************************
Z=8, N=12, emax=8
RMSE Eb: 0.595
RMSE Rch: 0.012
MAPE Eb: 0.392
MAPE Rch: 0.320
--------------------------------------------------
**************************************************
Z=8, N=12, emax=4
RMSE Eb: 0.625
RMSE Rch: 0.007
MAPE Eb: 0.601
MAPE Rch: 0.209
--------------------------------------------------
**************************************************
Z=8, N=12, emax=10
RMSE Eb: 0.708
RMSE Rch: 0.009
MAPE Eb: 0.454
MAPE Rch: 0.257
--------------------------------------------------
**************************************************
Z=8, N=13, emax=8
RMSE Eb: 0.646
RMSE Rch: 0.013
MAPE Eb: 0.434
MAPE Rch: 0.361
--------------------------------------------------
**************************************************
Z=8, N=13, emax=4
RMSE Eb: 0.642
RMSE Rch: 0.006
MAPE Eb: 0.663
MAPE Rch: 0.168
--------------------------------------------------
**************************************************
Z=8, N=13, emax=6
RMSE Eb: 0.841
RMSE Rch: 0.008
MAPE Eb: 0.634
MAPE Rch: 0.234
--------------------------------------------------
**************************************************
Z=8, N=13, emax=10
RMSE Eb: 0.405
RMSE Rch: 0.011
MAPE Eb: 0.271
MAPE Rch: 0.289
--------------------------------------------------
**************************************************
Z=8, N=14, emax=6
RMSE Eb: 0.818
RMSE Rch: 0.009
MAPE Eb: 0.555
MAPE Rch: 0.247
--------------------------------------------------
**************************************************
Z=8, N=14, emax=10
RMSE Eb: 0.647
RMSE Rch: 0.014
MAPE Eb: 0.371
MAPE Rch: 0.462
--------------------------------------------------
**************************************************
Z=8, N=14, emax=4
RMSE Eb: 0.797
RMSE Rch: 0.008
MAPE Eb: 0.800
MAPE Rch: 0.224
--------------------------------------------------
**************************************************
Z=8, N=14, emax=8
RMSE Eb: 0.773
RMSE Rch: 0.020
MAPE Eb: 0.477
MAPE Rch: 0.636
--------------------------------------------------
**************************************************
Z=8, N=15, emax=8
RMSE Eb: 0.735
RMSE Rch: 0.018
MAPE Eb: 0.463
MAPE Rch: 0.529
--------------------------------------------------
**************************************************
Z=8, N=15, emax=6
RMSE Eb: 0.797
RMSE Rch: 0.009
MAPE Eb: 0.599
MAPE Rch: 0.239
--------------------------------------------------
**************************************************
Z=8, N=15, emax=4
RMSE Eb: 0.773
RMSE Rch: 0.007
MAPE Eb: 0.775
MAPE Rch: 0.174
--------------------------------------------------
**************************************************
Z=8, N=15, emax=10
RMSE Eb: 0.693
RMSE Rch: 0.010
MAPE Eb: 0.414
MAPE Rch: 0.280
--------------------------------------------------
**************************************************
Z=8, N=16, emax=4
RMSE Eb: 0.803
RMSE Rch: 0.009
MAPE Eb: 0.783
MAPE Rch: 0.229
--------------------------------------------------
**************************************************
Z=8, N=16, emax=8
RMSE Eb: 0.998
RMSE Rch: 0.018
MAPE Eb: 0.569
MAPE Rch: 0.552
--------------------------------------------------
**************************************************
Z=8, N=16, emax=6
RMSE Eb: 0.831
RMSE Rch: 0.009
MAPE Eb: 0.560
MAPE Rch: 0.239
--------------------------------------------------
**************************************************
Z=8, N=16, emax=10
RMSE Eb: 0.905
RMSE Rch: 0.016
MAPE Eb: 0.601
MAPE Rch: 0.461
--------------------------------------------------
