Activated conda environment
[DataLoader] Found 13 files matching the pattern.
[DataLoader] Combined data shape: (17234, 35)
[Preprocess] Data split => train: (11029, 35), val: (2758, 35), test: (3447, 35)
[Preprocess] Processed fidelity 4 (index 0): 3758 samples.
[Preprocess] Processed fidelity 6 (index 1): 3346 samples.
[Preprocess] Processed fidelity 8 (index 2): 3194 samples.
[Preprocess] Processed fidelity 10 (index 3): 731 samples.
[Preprocess] Processed fidelity 4 (index 0): 949 samples.
[Preprocess] Processed fidelity 6 (index 1): 833 samples.
[Preprocess] Processed fidelity 8 (index 2): 801 samples.
[Preprocess] Processed fidelity 10 (index 3): 175 samples.
Fidelity levels: [4, 6, 8, 10]
[Trainer] Starting BNN training...
[Trainer] No improvement. Iteration 9100. Early stopping counter: 1, LR counter: 1
[Trainer] No improvement. Iteration 9200. Early stopping counter: 2, LR counter: 2
[Trainer] No improvement. Iteration 9300. Early stopping counter: 3, LR counter: 3
[Trainer] No improvement. Iteration 9400. Early stopping counter: 4, LR counter: 4
[Trainer] No improvement. Iteration 9500. Early stopping counter: 5, LR counter: 5
[Trainer] No improvement. Iteration 9800. Early stopping counter: 1, LR counter: 1
[Trainer] No improvement. Iteration 9900. Early stopping counter: 2, LR counter: 2
[Trainer] No improvement. Iteration 10000. Early stopping counter: 3, LR counter: 3
[Trainer] No improvement. Iteration 10100. Early stopping counter: 4, LR counter: 4
[Trainer] No improvement. Iteration 10200. Early stopping counter: 5, LR counter: 5
[Trainer] No improvement. Iteration 10300. Early stopping counter: 6, LR counter: 6
[Trainer] No improvement. Iteration 10600. Early stopping counter: 1, LR counter: 1
[Trainer] No improvement. Iteration 11100. Early stopping counter: 1, LR counter: 1
[Trainer] No improvement. Iteration 11200. Early stopping counter: 2, LR counter: 2
[Trainer] No improvement. Iteration 11300. Early stopping counter: 3, LR counter: 3
[Trainer] No improvement. Iteration 11400. Early stopping counter: 4, LR counter: 4
[Trainer] No improvement. Iteration 11600. Early stopping counter: 1, LR counter: 1
[Trainer] No improvement. Iteration 11700. Early stopping counter: 2, LR counter: 2
[Trainer] No improvement. Iteration 11800. Early stopping counter: 3, LR counter: 3
[Trainer] No improvement. Iteration 11900. Early stopping counter: 4, LR counter: 4
[Trainer] No improvement. Iteration 12000. Early stopping counter: 5, LR counter: 5
[Trainer] No improvement. Iteration 12100. Early stopping counter: 6, LR counter: 6
[Trainer] No improvement. Iteration 12200. Early stopping counter: 7, LR counter: 7
[Trainer] No improvement. Iteration 12300. Early stopping counter: 8, LR counter: 8
[Trainer] No improvement. Iteration 12400. Early stopping counter: 9, LR counter: 9
[Trainer] No improvement. Iteration 12500. Early stopping counter: 10, LR counter: 10
[Trainer] No improvement. Iteration 12600. Early stopping counter: 11, LR counter: 11
[Trainer] No improvement. Iteration 12700. Early stopping counter: 12, LR counter: 12
[Trainer] No improvement. Iteration 12800. Early stopping counter: 13, LR counter: 13
[Trainer] No improvement. Iteration 12900. Early stopping counter: 14, LR counter: 14
[Trainer] No improvement. Iteration 13000. Early stopping counter: 15, LR counter: 15
[Trainer] No improvement. Iteration 13100. Early stopping counter: 16, LR counter: 16
[Trainer] No improvement. Iteration 13200. Early stopping counter: 17, LR counter: 17
[Trainer] No improvement. Iteration 13300. Early stopping counter: 18, LR counter: 18
[Trainer] No improvement. Iteration 13400. Early stopping counter: 19, LR counter: 19
[Trainer] No improvement. Iteration 13500. Early stopping counter: 20, LR counter: 20
[Trainer] No improvement. Iteration 13600. Early stopping counter: 21, LR counter: 21
[Trainer] No improvement. Iteration 13700. Early stopping counter: 22, LR counter: 22
[Trainer] No improvement. Iteration 13800. Early stopping counter: 23, LR counter: 23
[Trainer] No improvement. Iteration 13900. Early stopping counter: 24, LR counter: 24
[Trainer] No improvement. Iteration 14000. Early stopping counter: 25, LR counter: 25
[Trainer] Learning rate reduced to: 0.000010
[Trainer] No improvement. Iteration 14100. Early stopping counter: 26, LR counter: 1
[Trainer] No improvement. Iteration 14200. Early stopping counter: 27, LR counter: 2
[Trainer] No improvement. Iteration 14300. Early stopping counter: 28, LR counter: 3
[Trainer] No improvement. Iteration 14400. Early stopping counter: 29, LR counter: 4
[Trainer] No improvement. Iteration 14500. Early stopping counter: 30, LR counter: 5
[Trainer] No improvement. Iteration 14600. Early stopping counter: 31, LR counter: 6
[Trainer] No improvement. Iteration 14700. Early stopping counter: 32, LR counter: 7
[Trainer] No improvement. Iteration 14800. Early stopping counter: 33, LR counter: 8
[Trainer] No improvement. Iteration 14900. Early stopping counter: 34, LR counter: 9
[Trainer] No improvement. Iteration 15000. Early stopping counter: 35, LR counter: 10
[Trainer] No improvement. Iteration 15100. Early stopping counter: 36, LR counter: 11
[Trainer] No improvement. Iteration 15200. Early stopping counter: 37, LR counter: 12
[Trainer] No improvement. Iteration 15300. Early stopping counter: 38, LR counter: 13
[Trainer] No improvement. Iteration 15400. Early stopping counter: 39, LR counter: 14
[Trainer] No improvement. Iteration 15500. Early stopping counter: 40, LR counter: 15
[Trainer] No improvement. Iteration 15700. Early stopping counter: 1, LR counter: 1
[Trainer] No improvement. Iteration 15800. Early stopping counter: 2, LR counter: 2
[Trainer] No improvement. Iteration 15900. Early stopping counter: 3, LR counter: 3
[Trainer] No improvement. Iteration 16100. Early stopping counter: 1, LR counter: 1
[Trainer] No improvement. Iteration 16200. Early stopping counter: 2, LR counter: 2
[Trainer] No improvement. Iteration 16300. Early stopping counter: 3, LR counter: 3
[Trainer] No improvement. Iteration 16400. Early stopping counter: 4, LR counter: 4
[Trainer] No improvement. Iteration 16500. Early stopping counter: 5, LR counter: 5
[Trainer] No improvement. Iteration 16600. Early stopping counter: 6, LR counter: 6
[Trainer] No improvement. Iteration 16700. Early stopping counter: 7, LR counter: 7
[Trainer] No improvement. Iteration 16800. Early stopping counter: 8, LR counter: 8
[Trainer] No improvement. Iteration 17400. Early stopping counter: 1, LR counter: 1
[Trainer] No improvement. Iteration 17800. Early stopping counter: 1, LR counter: 1
[Trainer] No improvement. Iteration 17900. Early stopping counter: 2, LR counter: 2
[Trainer] No improvement. Iteration 18000. Early stopping counter: 3, LR counter: 3
[Trainer] No improvement. Iteration 18100. Early stopping counter: 4, LR counter: 4
[Trainer] No improvement. Iteration 18200. Early stopping counter: 5, LR counter: 5
[Trainer] No improvement. Iteration 18300. Early stopping counter: 6, LR counter: 6
[Trainer] No improvement. Iteration 18400. Early stopping counter: 7, LR counter: 7
[Trainer] No improvement. Iteration 18500. Early stopping counter: 8, LR counter: 8
[Trainer] No improvement. Iteration 18600. Early stopping counter: 9, LR counter: 9
[Trainer] No improvement. Iteration 18700. Early stopping counter: 10, LR counter: 10
[Trainer] No improvement. Iteration 18800. Early stopping counter: 11, LR counter: 11
[Trainer] No improvement. Iteration 18900. Early stopping counter: 12, LR counter: 12
[Trainer] No improvement. Iteration 19000. Early stopping counter: 13, LR counter: 13
[Trainer] No improvement. Iteration 19100. Early stopping counter: 14, LR counter: 14
[Trainer] No improvement. Iteration 19200. Early stopping counter: 15, LR counter: 15
[Trainer] No improvement. Iteration 19300. Early stopping counter: 16, LR counter: 16
[Trainer] No improvement. Iteration 19400. Early stopping counter: 17, LR counter: 17
[Trainer] No improvement. Iteration 19500. Early stopping counter: 18, LR counter: 18
[Trainer] No improvement. Iteration 19600. Early stopping counter: 19, LR counter: 19
[Trainer] No improvement. Iteration 19700. Early stopping counter: 20, LR counter: 20
[Trainer] No improvement. Iteration 19800. Early stopping counter: 21, LR counter: 21
[Trainer] No improvement. Iteration 19900. Early stopping counter: 22, LR counter: 22
[Trainer] No improvement. Iteration 20000. Early stopping counter: 23, LR counter: 23
[Trainer] No improvement. Iteration 20100. Early stopping counter: 24, LR counter: 24
[Trainer] No improvement. Iteration 20200. Early stopping counter: 25, LR counter: 25
[Trainer] Learning rate reduced to: 0.000001
[Trainer] No improvement. Iteration 20300. Early stopping counter: 26, LR counter: 1
[Trainer] No improvement. Iteration 20400. Early stopping counter: 27, LR counter: 2
[Trainer] No improvement. Iteration 20500. Early stopping counter: 28, LR counter: 3
[Trainer] No improvement. Iteration 20600. Early stopping counter: 29, LR counter: 4
[Trainer] No improvement. Iteration 20700. Early stopping counter: 30, LR counter: 5
[Trainer] No improvement. Iteration 20800. Early stopping counter: 31, LR counter: 6
[Trainer] No improvement. Iteration 20900. Early stopping counter: 32, LR counter: 7
[Trainer] No improvement. Iteration 21000. Early stopping counter: 33, LR counter: 8
[Trainer] No improvement. Iteration 21100. Early stopping counter: 34, LR counter: 9
[Trainer] No improvement. Iteration 21200. Early stopping counter: 35, LR counter: 10
[Trainer] No improvement. Iteration 21300. Early stopping counter: 36, LR counter: 11
[Trainer] No improvement. Iteration 21400. Early stopping counter: 37, LR counter: 12
[Trainer] No improvement. Iteration 21500. Early stopping counter: 38, LR counter: 13
[Trainer] No improvement. Iteration 21600. Early stopping counter: 39, LR counter: 14
[Trainer] No improvement. Iteration 21700. Early stopping counter: 40, LR counter: 15
[Trainer] No improvement. Iteration 21800. Early stopping counter: 41, LR counter: 16
[Trainer] No improvement. Iteration 21900. Early stopping counter: 42, LR counter: 17
[Trainer] No improvement. Iteration 22000. Early stopping counter: 43, LR counter: 18
[Trainer] No improvement. Iteration 22100. Early stopping counter: 44, LR counter: 19
[Trainer] No improvement. Iteration 22200. Early stopping counter: 45, LR counter: 20
[Trainer] No improvement. Iteration 22300. Early stopping counter: 46, LR counter: 21
[Trainer] No improvement. Iteration 22400. Early stopping counter: 47, LR counter: 22
[Trainer] No improvement. Iteration 22500. Early stopping counter: 48, LR counter: 23
[Trainer] No improvement. Iteration 22600. Early stopping counter: 49, LR counter: 24
[Trainer] No improvement. Iteration 22700. Early stopping counter: 50, LR counter: 25
[Trainer] Learning rate reduced to: 0.000000
[Trainer] Early stopping triggered.
[Trainer] Training completed.
[Trainer] Calibrating temperatures on validation set...
[Trainer] Temperature calibration finished. Calibrated temperatures: {4: 1.1346144676208496, 6: 1.05484139919281, 8: 1.1770951747894287, 10: 1.4138274192810059}
[Trainer] BNN training completed.
**************************************************
Z=8, N=4, emax=4
RMSE Eb: 0.855
RMSE Rch: 0.008
MAPE Eb: 2.505
MAPE Rch: 0.366
--------------------------------------------------
**************************************************
Z=8, N=4, emax=10
RMSE Eb: 1.225
RMSE Rch: 0.066
MAPE Eb: 1.965
MAPE Rch: 2.977
--------------------------------------------------
**************************************************
Z=8, N=4, emax=6
RMSE Eb: 0.853
RMSE Rch: 0.015
MAPE Eb: 1.572
MAPE Rch: 0.743
--------------------------------------------------
**************************************************
Z=8, N=4, emax=8
RMSE Eb: 0.781
RMSE Rch: 0.025
MAPE Eb: 1.333
MAPE Rch: 1.171
--------------------------------------------------
**************************************************
Z=8, N=5, emax=8
RMSE Eb: 0.915
RMSE Rch: 0.016
MAPE Eb: 1.203
MAPE Rch: 0.836
--------------------------------------------------
**************************************************
Z=8, N=5, emax=6
RMSE Eb: 0.717
RMSE Rch: 0.014
MAPE Eb: 1.069
MAPE Rch: 0.698
--------------------------------------------------
**************************************************
Z=8, N=5, emax=4
RMSE Eb: 0.774
RMSE Rch: 0.011
MAPE Eb: 1.541
MAPE Rch: 0.490
--------------------------------------------------
**************************************************
Z=8, N=5, emax=10
RMSE Eb: 0.964
RMSE Rch: 0.012
MAPE Eb: 1.166
MAPE Rch: 0.650
--------------------------------------------------
**************************************************
Z=8, N=6, emax=4
RMSE Eb: 0.685
RMSE Rch: 0.013
MAPE Eb: 1.027
MAPE Rch: 0.601
--------------------------------------------------
**************************************************
Z=8, N=6, emax=6
RMSE Eb: 0.710
RMSE Rch: 0.012
MAPE Eb: 0.791
MAPE Rch: 0.581
--------------------------------------------------
**************************************************
Z=8, N=6, emax=8
RMSE Eb: 0.964
RMSE Rch: 0.015
MAPE Eb: 0.840
MAPE Rch: 0.700
--------------------------------------------------
**************************************************
Z=8, N=6, emax=10
RMSE Eb: 1.129
RMSE Rch: 0.024
MAPE Eb: 1.042
MAPE Rch: 1.292
--------------------------------------------------
**************************************************
Z=8, N=7, emax=8
RMSE Eb: 0.808
RMSE Rch: 0.009
MAPE Eb: 0.696
MAPE Rch: 0.467
--------------------------------------------------
**************************************************
Z=8, N=7, emax=10
RMSE Eb: 0.893
RMSE Rch: 0.015
MAPE Eb: 0.642
MAPE Rch: 0.824
--------------------------------------------------
**************************************************
Z=8, N=7, emax=6
RMSE Eb: 1.106
RMSE Rch: 0.010
MAPE Eb: 0.979
MAPE Rch: 0.457
--------------------------------------------------
**************************************************
Z=8, N=7, emax=4
RMSE Eb: 0.900
RMSE Rch: 0.012
MAPE Eb: 1.137
MAPE Rch: 0.588
--------------------------------------------------
**************************************************
Z=8, N=8, emax=4
RMSE Eb: 0.912
RMSE Rch: 0.013
MAPE Eb: 1.050
MAPE Rch: 0.382
--------------------------------------------------
**************************************************
Z=8, N=8, emax=8
RMSE Eb: 1.017
RMSE Rch: 0.013
MAPE Eb: 0.749
MAPE Rch: 0.357
--------------------------------------------------
**************************************************
Z=8, N=8, emax=6
RMSE Eb: 0.885
RMSE Rch: 0.012
MAPE Eb: 0.691
MAPE Rch: 0.350
--------------------------------------------------
**************************************************
Z=8, N=8, emax=10
RMSE Eb: 1.496
RMSE Rch: 0.008
MAPE Eb: 1.103
MAPE Rch: 0.232
--------------------------------------------------
**************************************************
Z=8, N=9, emax=8
RMSE Eb: 0.924
RMSE Rch: 0.012
MAPE Eb: 0.672
MAPE Rch: 0.370
--------------------------------------------------
**************************************************
Z=8, N=9, emax=6
RMSE Eb: 0.747
RMSE Rch: 0.013
MAPE Eb: 0.552
MAPE Rch: 0.372
--------------------------------------------------
**************************************************
Z=8, N=9, emax=4
RMSE Eb: 0.769
RMSE Rch: 0.011
MAPE Eb: 0.807
MAPE Rch: 0.316
--------------------------------------------------
**************************************************
Z=8, N=9, emax=10
RMSE Eb: 0.780
RMSE Rch: 0.010
MAPE Eb: 0.621
MAPE Rch: 0.273
--------------------------------------------------
**************************************************
Z=8, N=10, emax=4
RMSE Eb: 0.826
RMSE Rch: 0.011
MAPE Eb: 0.826
MAPE Rch: 0.294
--------------------------------------------------
**************************************************
Z=8, N=10, emax=10
RMSE Eb: 0.912
RMSE Rch: 0.007
MAPE Eb: 0.572
MAPE Rch: 0.228
--------------------------------------------------
**************************************************
Z=8, N=10, emax=6
RMSE Eb: 0.788
RMSE Rch: 0.007
MAPE Eb: 0.569
MAPE Rch: 0.187
--------------------------------------------------
**************************************************
Z=8, N=10, emax=8
RMSE Eb: 0.852
RMSE Rch: 0.010
MAPE Eb: 0.582
MAPE Rch: 0.303
--------------------------------------------------
**************************************************
Z=8, N=11, emax=4
RMSE Eb: 0.678
RMSE Rch: 0.010
MAPE Eb: 0.741
MAPE Rch: 0.263
--------------------------------------------------
**************************************************
Z=8, N=11, emax=6
RMSE Eb: 0.839
RMSE Rch: 0.007
MAPE Eb: 0.591
MAPE Rch: 0.190
--------------------------------------------------
**************************************************
Z=8, N=11, emax=8
RMSE Eb: 0.896
RMSE Rch: 0.010
MAPE Eb: 0.605
MAPE Rch: 0.302
--------------------------------------------------
**************************************************
Z=8, N=11, emax=10
RMSE Eb: 0.621
RMSE Rch: 0.009
MAPE Eb: 0.369
MAPE Rch: 0.267
--------------------------------------------------
**************************************************
Z=8, N=12, emax=6
RMSE Eb: 1.016
RMSE Rch: 0.008
MAPE Eb: 0.690
MAPE Rch: 0.234
--------------------------------------------------
**************************************************
Z=8, N=12, emax=4
RMSE Eb: 0.758
RMSE Rch: 0.009
MAPE Eb: 0.820
MAPE Rch: 0.249
--------------------------------------------------
**************************************************
Z=8, N=12, emax=8
RMSE Eb: 0.967
RMSE Rch: 0.009
MAPE Eb: 0.620
MAPE Rch: 0.274
--------------------------------------------------
**************************************************
Z=8, N=12, emax=10
RMSE Eb: 0.990
RMSE Rch: 0.011
MAPE Eb: 0.652
MAPE Rch: 0.320
--------------------------------------------------
**************************************************
Z=8, N=13, emax=8
RMSE Eb: 1.045
RMSE Rch: 0.013
MAPE Eb: 0.679
MAPE Rch: 0.355
--------------------------------------------------
**************************************************
Z=8, N=13, emax=4
RMSE Eb: 0.805
RMSE Rch: 0.008
MAPE Eb: 0.869
MAPE Rch: 0.216
--------------------------------------------------
**************************************************
Z=8, N=13, emax=10
RMSE Eb: 0.878
RMSE Rch: 0.008
MAPE Eb: 0.540
MAPE Rch: 0.248
--------------------------------------------------
**************************************************
Z=8, N=13, emax=6
RMSE Eb: 0.776
RMSE Rch: 0.009
MAPE Eb: 0.554
MAPE Rch: 0.255
--------------------------------------------------
**************************************************
Z=8, N=14, emax=8
RMSE Eb: 1.223
RMSE Rch: 0.015
MAPE Eb: 0.729
MAPE Rch: 0.399
--------------------------------------------------
**************************************************
Z=8, N=14, emax=4
RMSE Eb: 0.822
RMSE Rch: 0.009
MAPE Eb: 0.787
MAPE Rch: 0.246
--------------------------------------------------
**************************************************
Z=8, N=14, emax=6
RMSE Eb: 0.871
RMSE Rch: 0.009
MAPE Eb: 0.644
MAPE Rch: 0.242
--------------------------------------------------
**************************************************
Z=8, N=14, emax=10
RMSE Eb: 0.936
RMSE Rch: 0.013
MAPE Eb: 0.559
MAPE Rch: 0.379
--------------------------------------------------
**************************************************
Z=8, N=15, emax=8
RMSE Eb: 1.189
RMSE Rch: 0.013
MAPE Eb: 0.748
MAPE Rch: 0.367
--------------------------------------------------
**************************************************
Z=8, N=15, emax=4
RMSE Eb: 0.931
RMSE Rch: 0.008
MAPE Eb: 0.860
MAPE Rch: 0.209
--------------------------------------------------
**************************************************
Z=8, N=15, emax=6
RMSE Eb: 1.061
RMSE Rch: 0.009
MAPE Eb: 0.716
MAPE Rch: 0.237
--------------------------------------------------
**************************************************
Z=8, N=15, emax=10
RMSE Eb: 0.821
RMSE Rch: 0.010
MAPE Eb: 0.460
MAPE Rch: 0.289
--------------------------------------------------
**************************************************
Z=8, N=16, emax=8
RMSE Eb: 1.181
RMSE Rch: 0.012
MAPE Eb: 0.758
MAPE Rch: 0.327
--------------------------------------------------
**************************************************
Z=8, N=16, emax=6
RMSE Eb: 1.086
RMSE Rch: 0.010
MAPE Eb: 0.729
MAPE Rch: 0.271
--------------------------------------------------
**************************************************
Z=8, N=16, emax=10
RMSE Eb: 1.535
RMSE Rch: 0.011
MAPE Eb: 0.821
MAPE Rch: 0.328
--------------------------------------------------
**************************************************
Z=8, N=16, emax=4
RMSE Eb: 0.919
RMSE Rch: 0.010
MAPE Eb: 0.939
MAPE Rch: 0.283
--------------------------------------------------
Finished VAL for AE n=56
**************************************************
Z=8, N=4, emax=6
RMSE Eb: 0.867
RMSE Rch: 0.016
MAPE Eb: 1.547
MAPE Rch: 0.774
--------------------------------------------------
**************************************************
Z=8, N=4, emax=8
RMSE Eb: 0.916
RMSE Rch: 0.022
MAPE Eb: 1.446
MAPE Rch: 1.051
--------------------------------------------------
**************************************************
Z=8, N=4, emax=4
RMSE Eb: 0.873
RMSE Rch: 0.009
MAPE Eb: 2.334
MAPE Rch: 0.397
--------------------------------------------------
**************************************************
Z=8, N=4, emax=10
RMSE Eb: 1.305
RMSE Rch: 0.037
MAPE Eb: 2.036
MAPE Rch: 1.922
--------------------------------------------------
**************************************************
Z=8, N=5, emax=4
RMSE Eb: 0.801
RMSE Rch: 0.013
MAPE Eb: 1.670
MAPE Rch: 0.593
--------------------------------------------------
**************************************************
Z=8, N=5, emax=8
RMSE Eb: 1.070
RMSE Rch: 0.019
MAPE Eb: 1.328
MAPE Rch: 0.957
--------------------------------------------------
**************************************************
Z=8, N=5, emax=6
RMSE Eb: 0.732
RMSE Rch: 0.011
MAPE Eb: 1.013
MAPE Rch: 0.498
--------------------------------------------------
**************************************************
Z=8, N=5, emax=10
RMSE Eb: 1.107
RMSE Rch: 0.021
MAPE Eb: 1.144
MAPE Rch: 1.219
--------------------------------------------------
**************************************************
Z=8, N=6, emax=4
RMSE Eb: 0.752
RMSE Rch: 0.013
MAPE Eb: 1.060
MAPE Rch: 0.620
--------------------------------------------------
**************************************************
Z=8, N=6, emax=8
RMSE Eb: 1.000
RMSE Rch: 0.020
MAPE Eb: 0.889
MAPE Rch: 0.878
--------------------------------------------------
**************************************************
Z=8, N=6, emax=6
RMSE Eb: 0.896
RMSE Rch: 0.014
MAPE Eb: 0.965
MAPE Rch: 0.681
--------------------------------------------------
**************************************************
Z=8, N=6, emax=10
RMSE Eb: 0.914
RMSE Rch: 0.020
MAPE Eb: 0.902
MAPE Rch: 1.027
--------------------------------------------------
**************************************************
Z=8, N=7, emax=4
RMSE Eb: 0.677
RMSE Rch: 0.010
MAPE Eb: 0.817
MAPE Rch: 0.480
--------------------------------------------------
**************************************************
Z=8, N=7, emax=8
RMSE Eb: 0.947
RMSE Rch: 0.011
MAPE Eb: 0.700
MAPE Rch: 0.591
--------------------------------------------------
**************************************************
Z=8, N=7, emax=6
RMSE Eb: 0.910
RMSE Rch: 0.010
MAPE Eb: 0.851
MAPE Rch: 0.524
--------------------------------------------------
**************************************************
Z=8, N=7, emax=10
RMSE Eb: 0.634
RMSE Rch: 0.011
MAPE Eb: 0.545
MAPE Rch: 0.580
--------------------------------------------------
**************************************************
Z=8, N=8, emax=4
RMSE Eb: 0.844
RMSE Rch: 0.012
MAPE Eb: 0.966
MAPE Rch: 0.347
--------------------------------------------------
**************************************************
Z=8, N=8, emax=6
RMSE Eb: 0.867
RMSE Rch: 0.012
MAPE Eb: 0.690
MAPE Rch: 0.329
--------------------------------------------------
**************************************************
Z=8, N=8, emax=8
RMSE Eb: 0.837
RMSE Rch: 0.010
MAPE Eb: 0.651
MAPE Rch: 0.295
--------------------------------------------------
**************************************************
Z=8, N=8, emax=10
RMSE Eb: 0.979
RMSE Rch: 0.010
MAPE Eb: 0.647
MAPE Rch: 0.297
--------------------------------------------------
**************************************************
Z=8, N=9, emax=4
RMSE Eb: 0.674
RMSE Rch: 0.012
MAPE Eb: 0.724
MAPE Rch: 0.319
--------------------------------------------------
**************************************************
Z=8, N=9, emax=8
RMSE Eb: 1.115
RMSE Rch: 0.013
MAPE Eb: 0.852
MAPE Rch: 0.374
--------------------------------------------------
**************************************************
Z=8, N=9, emax=6
RMSE Eb: 0.790
RMSE Rch: 0.011
MAPE Eb: 0.607
MAPE Rch: 0.281
--------------------------------------------------
**************************************************
Z=8, N=9, emax=10
RMSE Eb: 0.900
RMSE Rch: 0.011
MAPE Eb: 0.606
MAPE Rch: 0.351
--------------------------------------------------
**************************************************
Z=8, N=10, emax=4
RMSE Eb: 0.742
RMSE Rch: 0.011
MAPE Eb: 0.753
MAPE Rch: 0.281
--------------------------------------------------
**************************************************
Z=8, N=10, emax=6
RMSE Eb: 0.785
RMSE Rch: 0.010
MAPE Eb: 0.633
MAPE Rch: 0.268
--------------------------------------------------
**************************************************
Z=8, N=10, emax=8
RMSE Eb: 0.779
RMSE Rch: 0.012
MAPE Eb: 0.537
MAPE Rch: 0.310
--------------------------------------------------
**************************************************
Z=8, N=10, emax=10
RMSE Eb: 0.725
RMSE Rch: 0.011
MAPE Eb: 0.504
MAPE Rch: 0.359
--------------------------------------------------
**************************************************
Z=8, N=11, emax=8
RMSE Eb: 1.022
RMSE Rch: 0.010
MAPE Eb: 0.683
MAPE Rch: 0.306
--------------------------------------------------
**************************************************
Z=8, N=11, emax=4
RMSE Eb: 0.739
RMSE Rch: 0.008
MAPE Eb: 0.822
MAPE Rch: 0.226
--------------------------------------------------
**************************************************
Z=8, N=11, emax=6
RMSE Eb: 0.736
RMSE Rch: 0.008
MAPE Eb: 0.559
MAPE Rch: 0.219
--------------------------------------------------
**************************************************
Z=8, N=11, emax=10
RMSE Eb: 1.019
RMSE Rch: 0.007
MAPE Eb: 0.646
MAPE Rch: 0.222
--------------------------------------------------
**************************************************
Z=8, N=12, emax=6
RMSE Eb: 0.671
RMSE Rch: 0.007
MAPE Eb: 0.494
MAPE Rch: 0.204
--------------------------------------------------
**************************************************
Z=8, N=12, emax=8
RMSE Eb: 0.997
RMSE Rch: 0.009
MAPE Eb: 0.664
MAPE Rch: 0.274
--------------------------------------------------
**************************************************
Z=8, N=12, emax=4
RMSE Eb: 0.912
RMSE Rch: 0.009
MAPE Eb: 0.964
MAPE Rch: 0.240
--------------------------------------------------
**************************************************
Z=8, N=12, emax=10
RMSE Eb: 0.859
RMSE Rch: 0.008
MAPE Eb: 0.546
MAPE Rch: 0.264
--------------------------------------------------
**************************************************
Z=8, N=13, emax=8
RMSE Eb: 1.037
RMSE Rch: 0.011
MAPE Eb: 0.704
MAPE Rch: 0.327
--------------------------------------------------
**************************************************
Z=8, N=13, emax=4
RMSE Eb: 0.636
RMSE Rch: 0.009
MAPE Eb: 0.645
MAPE Rch: 0.249
--------------------------------------------------
**************************************************
Z=8, N=13, emax=6
RMSE Eb: 0.755
RMSE Rch: 0.008
MAPE Eb: 0.545
MAPE Rch: 0.233
--------------------------------------------------
**************************************************
Z=8, N=13, emax=10
RMSE Eb: 1.166
RMSE Rch: 0.010
MAPE Eb: 0.671
MAPE Rch: 0.276
--------------------------------------------------
**************************************************
Z=8, N=14, emax=6
RMSE Eb: 0.979
RMSE Rch: 0.009
MAPE Eb: 0.662
MAPE Rch: 0.249
--------------------------------------------------
**************************************************
Z=8, N=14, emax=10
RMSE Eb: 0.697
RMSE Rch: 0.011
MAPE Eb: 0.391
MAPE Rch: 0.304
--------------------------------------------------
**************************************************
Z=8, N=14, emax=4
RMSE Eb: 0.869
RMSE Rch: 0.010
MAPE Eb: 0.890
MAPE Rch: 0.273
--------------------------------------------------
**************************************************
Z=8, N=14, emax=8
RMSE Eb: 1.355
RMSE Rch: 0.013
MAPE Eb: 0.839
MAPE Rch: 0.337
--------------------------------------------------
**************************************************
Z=8, N=15, emax=8
RMSE Eb: 1.350
RMSE Rch: 0.013
MAPE Eb: 0.823
MAPE Rch: 0.373
--------------------------------------------------
**************************************************
Z=8, N=15, emax=6
RMSE Eb: 0.952
RMSE Rch: 0.008
MAPE Eb: 0.664
MAPE Rch: 0.216
--------------------------------------------------
**************************************************
Z=8, N=15, emax=4
RMSE Eb: 0.875
RMSE Rch: 0.008
MAPE Eb: 0.899
MAPE Rch: 0.222
--------------------------------------------------
**************************************************
Z=8, N=15, emax=10
RMSE Eb: 0.852
RMSE Rch: 0.012
MAPE Eb: 0.519
MAPE Rch: 0.351
--------------------------------------------------
**************************************************
Z=8, N=16, emax=4
RMSE Eb: 1.044
RMSE Rch: 0.010
MAPE Eb: 0.979
MAPE Rch: 0.284
--------------------------------------------------
**************************************************
Z=8, N=16, emax=8
RMSE Eb: 1.447
RMSE Rch: 0.012
MAPE Eb: 0.864
MAPE Rch: 0.336
--------------------------------------------------
**************************************************
Z=8, N=16, emax=6
RMSE Eb: 1.102
RMSE Rch: 0.009
MAPE Eb: 0.761
MAPE Rch: 0.255
--------------------------------------------------
**************************************************
Z=8, N=16, emax=10
RMSE Eb: 0.893
RMSE Rch: 0.013
MAPE Eb: 0.529
MAPE Rch: 0.380
--------------------------------------------------
