Activated conda environment
[DataLoader] Found 13 files matching the pattern.
[DataLoader] Combined data shape: (17234, 35)
[Preprocess] Data split => train: (11029, 35), val: (2758, 35), test: (3447, 35)
[Preprocess] Processed fidelity 4 (index 0): 3758 samples.
[Preprocess] Processed fidelity 6 (index 1): 3346 samples.
[Preprocess] Processed fidelity 8 (index 2): 3194 samples.
[Preprocess] Processed fidelity 10 (index 3): 731 samples.
[Preprocess] Processed fidelity 4 (index 0): 949 samples.
[Preprocess] Processed fidelity 6 (index 1): 833 samples.
[Preprocess] Processed fidelity 8 (index 2): 801 samples.
[Preprocess] Processed fidelity 10 (index 3): 175 samples.
Fidelity levels: [4, 6, 8, 10]
[Trainer] Starting BNN training...
[Trainer] No improvement. Iteration 8400. Early stopping counter: 1, LR counter: 1
[Trainer] No improvement. Iteration 8800. Early stopping counter: 1, LR counter: 1
[Trainer] No improvement. Iteration 8900. Early stopping counter: 2, LR counter: 2
[Trainer] No improvement. Iteration 9000. Early stopping counter: 3, LR counter: 3
[Trainer] No improvement. Iteration 9300. Early stopping counter: 1, LR counter: 1
[Trainer] No improvement. Iteration 9400. Early stopping counter: 2, LR counter: 2
[Trainer] No improvement. Iteration 9500. Early stopping counter: 3, LR counter: 3
[Trainer] No improvement. Iteration 9600. Early stopping counter: 4, LR counter: 4
[Trainer] No improvement. Iteration 9800. Early stopping counter: 1, LR counter: 1
[Trainer] No improvement. Iteration 9900. Early stopping counter: 2, LR counter: 2
[Trainer] No improvement. Iteration 10000. Early stopping counter: 3, LR counter: 3
[Trainer] No improvement. Iteration 10100. Early stopping counter: 4, LR counter: 4
[Trainer] No improvement. Iteration 10200. Early stopping counter: 5, LR counter: 5
[Trainer] No improvement. Iteration 10300. Early stopping counter: 6, LR counter: 6
[Trainer] No improvement. Iteration 10400. Early stopping counter: 7, LR counter: 7
[Trainer] No improvement. Iteration 10500. Early stopping counter: 8, LR counter: 8
[Trainer] No improvement. Iteration 10600. Early stopping counter: 9, LR counter: 9
[Trainer] No improvement. Iteration 10700. Early stopping counter: 10, LR counter: 10
[Trainer] No improvement. Iteration 10800. Early stopping counter: 11, LR counter: 11
[Trainer] No improvement. Iteration 10900. Early stopping counter: 12, LR counter: 12
[Trainer] No improvement. Iteration 11000. Early stopping counter: 13, LR counter: 13
[Trainer] No improvement. Iteration 11100. Early stopping counter: 14, LR counter: 14
[Trainer] No improvement. Iteration 11200. Early stopping counter: 15, LR counter: 15
[Trainer] No improvement. Iteration 11300. Early stopping counter: 16, LR counter: 16
[Trainer] No improvement. Iteration 11400. Early stopping counter: 17, LR counter: 17
[Trainer] No improvement. Iteration 11500. Early stopping counter: 18, LR counter: 18
[Trainer] No improvement. Iteration 11600. Early stopping counter: 19, LR counter: 19
[Trainer] No improvement. Iteration 11700. Early stopping counter: 20, LR counter: 20
[Trainer] No improvement. Iteration 11800. Early stopping counter: 21, LR counter: 21
[Trainer] No improvement. Iteration 11900. Early stopping counter: 22, LR counter: 22
[Trainer] No improvement. Iteration 12000. Early stopping counter: 23, LR counter: 23
[Trainer] No improvement. Iteration 12100. Early stopping counter: 24, LR counter: 24
[Trainer] No improvement. Iteration 12200. Early stopping counter: 25, LR counter: 25
[Trainer] Learning rate reduced to: 0.000010
[Trainer] No improvement. Iteration 12300. Early stopping counter: 26, LR counter: 1
[Trainer] No improvement. Iteration 12400. Early stopping counter: 27, LR counter: 2
[Trainer] No improvement. Iteration 12500. Early stopping counter: 28, LR counter: 3
[Trainer] No improvement. Iteration 12600. Early stopping counter: 29, LR counter: 4
[Trainer] No improvement. Iteration 12700. Early stopping counter: 30, LR counter: 5
[Trainer] No improvement. Iteration 12800. Early stopping counter: 31, LR counter: 6
[Trainer] No improvement. Iteration 12900. Early stopping counter: 32, LR counter: 7
[Trainer] No improvement. Iteration 13000. Early stopping counter: 33, LR counter: 8
[Trainer] No improvement. Iteration 13100. Early stopping counter: 34, LR counter: 9
[Trainer] No improvement. Iteration 13200. Early stopping counter: 35, LR counter: 10
[Trainer] No improvement. Iteration 13300. Early stopping counter: 36, LR counter: 11
[Trainer] No improvement. Iteration 13400. Early stopping counter: 37, LR counter: 12
[Trainer] No improvement. Iteration 13500. Early stopping counter: 38, LR counter: 13
[Trainer] No improvement. Iteration 13600. Early stopping counter: 39, LR counter: 14
[Trainer] No improvement. Iteration 13700. Early stopping counter: 40, LR counter: 15
[Trainer] No improvement. Iteration 13800. Early stopping counter: 41, LR counter: 16
[Trainer] No improvement. Iteration 13900. Early stopping counter: 42, LR counter: 17
[Trainer] No improvement. Iteration 14000. Early stopping counter: 43, LR counter: 18
[Trainer] No improvement. Iteration 14100. Early stopping counter: 44, LR counter: 19
[Trainer] No improvement. Iteration 14200. Early stopping counter: 45, LR counter: 20
[Trainer] No improvement. Iteration 14300. Early stopping counter: 46, LR counter: 21
[Trainer] No improvement. Iteration 14400. Early stopping counter: 47, LR counter: 22
[Trainer] No improvement. Iteration 14500. Early stopping counter: 48, LR counter: 23
[Trainer] No improvement. Iteration 14600. Early stopping counter: 49, LR counter: 24
[Trainer] No improvement. Iteration 14700. Early stopping counter: 50, LR counter: 25
[Trainer] Learning rate reduced to: 0.000001
[Trainer] Early stopping triggered.
[Trainer] Training completed.
[Trainer] Calibrating temperatures on validation set...
[Trainer] Temperature calibration finished. Calibrated temperatures: {4: 1.2657012939453125, 6: 1.1041209697723389, 8: 1.2444372177124023, 10: 1.2554397583007812}
[Trainer] BNN training completed.
**************************************************
Z=8, N=4, emax=4
RMSE Eb: 0.594
RMSE Rch: 0.011
MAPE Eb: 1.799
MAPE Rch: 0.471
--------------------------------------------------
**************************************************
Z=8, N=4, emax=10
RMSE Eb: 0.783
RMSE Rch: 0.045
MAPE Eb: 1.154
MAPE Rch: 2.149
--------------------------------------------------
**************************************************
Z=8, N=4, emax=6
RMSE Eb: 0.665
RMSE Rch: 0.013
MAPE Eb: 1.324
MAPE Rch: 0.612
--------------------------------------------------
**************************************************
Z=8, N=4, emax=8
RMSE Eb: 0.684
RMSE Rch: 0.017
MAPE Eb: 1.052
MAPE Rch: 0.767
--------------------------------------------------
**************************************************
Z=8, N=5, emax=8
RMSE Eb: 0.841
RMSE Rch: 0.014
MAPE Eb: 1.027
MAPE Rch: 0.729
--------------------------------------------------
**************************************************
Z=8, N=5, emax=6
RMSE Eb: 0.762
RMSE Rch: 0.008
MAPE Eb: 1.107
MAPE Rch: 0.387
--------------------------------------------------
**************************************************
Z=8, N=5, emax=4
RMSE Eb: 0.683
RMSE Rch: 0.012
MAPE Eb: 1.398
MAPE Rch: 0.553
--------------------------------------------------
**************************************************
Z=8, N=5, emax=10
RMSE Eb: 1.012
RMSE Rch: 0.011
MAPE Eb: 1.077
MAPE Rch: 0.593
--------------------------------------------------
**************************************************
Z=8, N=6, emax=4
RMSE Eb: 0.610
RMSE Rch: 0.009
MAPE Eb: 0.864
MAPE Rch: 0.445
--------------------------------------------------
**************************************************
Z=8, N=6, emax=6
RMSE Eb: 0.608
RMSE Rch: 0.011
MAPE Eb: 0.668
MAPE Rch: 0.524
--------------------------------------------------
**************************************************
Z=8, N=6, emax=8
RMSE Eb: 0.894
RMSE Rch: 0.015
MAPE Eb: 0.891
MAPE Rch: 0.755
--------------------------------------------------
**************************************************
Z=8, N=6, emax=10
RMSE Eb: 0.862
RMSE Rch: 0.013
MAPE Eb: 0.752
MAPE Rch: 0.688
--------------------------------------------------
**************************************************
Z=8, N=7, emax=8
RMSE Eb: 0.997
RMSE Rch: 0.011
MAPE Eb: 0.831
MAPE Rch: 0.548
--------------------------------------------------
**************************************************
Z=8, N=7, emax=10
RMSE Eb: 0.946
RMSE Rch: 0.013
MAPE Eb: 0.793
MAPE Rch: 0.713
--------------------------------------------------
**************************************************
Z=8, N=7, emax=6
RMSE Eb: 0.890
RMSE Rch: 0.011
MAPE Eb: 0.849
MAPE Rch: 0.544
--------------------------------------------------
**************************************************
Z=8, N=7, emax=4
RMSE Eb: 0.681
RMSE Rch: 0.008
MAPE Eb: 0.785
MAPE Rch: 0.395
--------------------------------------------------
**************************************************
Z=8, N=8, emax=4
RMSE Eb: 0.673
RMSE Rch: 0.011
MAPE Eb: 0.712
MAPE Rch: 0.318
--------------------------------------------------
**************************************************
Z=8, N=8, emax=8
RMSE Eb: 0.860
RMSE Rch: 0.016
MAPE Eb: 0.658
MAPE Rch: 0.456
--------------------------------------------------
**************************************************
Z=8, N=8, emax=6
RMSE Eb: 0.598
RMSE Rch: 0.016
MAPE Eb: 0.488
MAPE Rch: 0.471
--------------------------------------------------
**************************************************
Z=8, N=8, emax=10
RMSE Eb: 1.138
RMSE Rch: 0.020
MAPE Eb: 0.754
MAPE Rch: 0.656
--------------------------------------------------
**************************************************
Z=8, N=9, emax=8
RMSE Eb: 0.694
RMSE Rch: 0.012
MAPE Eb: 0.505
MAPE Rch: 0.335
--------------------------------------------------
**************************************************
Z=8, N=9, emax=6
RMSE Eb: 0.603
RMSE Rch: 0.009
MAPE Eb: 0.493
MAPE Rch: 0.278
--------------------------------------------------
**************************************************
Z=8, N=9, emax=4
RMSE Eb: 0.542
RMSE Rch: 0.012
MAPE Eb: 0.489
MAPE Rch: 0.351
--------------------------------------------------
**************************************************
Z=8, N=9, emax=10
RMSE Eb: 0.808
RMSE Rch: 0.012
MAPE Eb: 0.572
MAPE Rch: 0.418
--------------------------------------------------
**************************************************
Z=8, N=10, emax=4
RMSE Eb: 0.464
RMSE Rch: 0.011
MAPE Eb: 0.471
MAPE Rch: 0.290
--------------------------------------------------
**************************************************
Z=8, N=10, emax=10
RMSE Eb: 0.660
RMSE Rch: 0.010
MAPE Eb: 0.432
MAPE Rch: 0.252
--------------------------------------------------
**************************************************
Z=8, N=10, emax=6
RMSE Eb: 0.681
RMSE Rch: 0.009
MAPE Eb: 0.491
MAPE Rch: 0.263
--------------------------------------------------
**************************************************
Z=8, N=10, emax=8
RMSE Eb: 0.779
RMSE Rch: 0.010
MAPE Eb: 0.517
MAPE Rch: 0.280
--------------------------------------------------
**************************************************
Z=8, N=11, emax=4
RMSE Eb: 0.561
RMSE Rch: 0.011
MAPE Eb: 0.590
MAPE Rch: 0.320
--------------------------------------------------
**************************************************
Z=8, N=11, emax=6
RMSE Eb: 0.577
RMSE Rch: 0.006
MAPE Eb: 0.444
MAPE Rch: 0.180
--------------------------------------------------
**************************************************
Z=8, N=11, emax=8
RMSE Eb: 0.991
RMSE Rch: 0.007
MAPE Eb: 0.660
MAPE Rch: 0.188
--------------------------------------------------
**************************************************
Z=8, N=11, emax=10
RMSE Eb: 0.929
RMSE Rch: 0.009
MAPE Eb: 0.551
MAPE Rch: 0.271
--------------------------------------------------
**************************************************
Z=8, N=12, emax=6
RMSE Eb: 0.696
RMSE Rch: 0.006
MAPE Eb: 0.548
MAPE Rch: 0.159
--------------------------------------------------
**************************************************
Z=8, N=12, emax=4
RMSE Eb: 0.546
RMSE Rch: 0.008
MAPE Eb: 0.553
MAPE Rch: 0.216
--------------------------------------------------
**************************************************
Z=8, N=12, emax=8
RMSE Eb: 0.752
RMSE Rch: 0.007
MAPE Eb: 0.486
MAPE Rch: 0.211
--------------------------------------------------
**************************************************
Z=8, N=12, emax=10
RMSE Eb: 1.130
RMSE Rch: 0.010
MAPE Eb: 0.860
MAPE Rch: 0.274
--------------------------------------------------
**************************************************
Z=8, N=13, emax=8
RMSE Eb: 0.677
RMSE Rch: 0.006
MAPE Eb: 0.442
MAPE Rch: 0.192
--------------------------------------------------
**************************************************
Z=8, N=13, emax=4
RMSE Eb: 0.674
RMSE Rch: 0.009
MAPE Eb: 0.676
MAPE Rch: 0.238
--------------------------------------------------
**************************************************
Z=8, N=13, emax=10
RMSE Eb: 0.921
RMSE Rch: 0.009
MAPE Eb: 0.589
MAPE Rch: 0.253
--------------------------------------------------
**************************************************
Z=8, N=13, emax=6
RMSE Eb: 0.659
RMSE Rch: 0.007
MAPE Eb: 0.500
MAPE Rch: 0.172
--------------------------------------------------
**************************************************
Z=8, N=14, emax=8
RMSE Eb: 1.070
RMSE Rch: 0.012
MAPE Eb: 0.664
MAPE Rch: 0.297
--------------------------------------------------
**************************************************
Z=8, N=14, emax=4
RMSE Eb: 0.634
RMSE Rch: 0.008
MAPE Eb: 0.605
MAPE Rch: 0.217
--------------------------------------------------
**************************************************
Z=8, N=14, emax=6
RMSE Eb: 0.640
RMSE Rch: 0.009
MAPE Eb: 0.487
MAPE Rch: 0.252
--------------------------------------------------
**************************************************
Z=8, N=14, emax=10
RMSE Eb: 1.299
RMSE Rch: 0.012
MAPE Eb: 0.839
MAPE Rch: 0.392
--------------------------------------------------
**************************************************
Z=8, N=15, emax=8
RMSE Eb: 0.926
RMSE Rch: 0.008
MAPE Eb: 0.539
MAPE Rch: 0.208
--------------------------------------------------
**************************************************
Z=8, N=15, emax=4
RMSE Eb: 0.640
RMSE Rch: 0.008
MAPE Eb: 0.596
MAPE Rch: 0.216
--------------------------------------------------
**************************************************
Z=8, N=15, emax=6
RMSE Eb: 0.674
RMSE Rch: 0.007
MAPE Eb: 0.485
MAPE Rch: 0.205
--------------------------------------------------
**************************************************
Z=8, N=15, emax=10
RMSE Eb: 1.343
RMSE Rch: 0.008
MAPE Eb: 0.718
MAPE Rch: 0.239
--------------------------------------------------
**************************************************
Z=8, N=16, emax=8
RMSE Eb: 1.203
RMSE Rch: 0.009
MAPE Eb: 0.720
MAPE Rch: 0.245
--------------------------------------------------
**************************************************
Z=8, N=16, emax=6
RMSE Eb: 0.657
RMSE Rch: 0.010
MAPE Eb: 0.443
MAPE Rch: 0.282
--------------------------------------------------
**************************************************
Z=8, N=16, emax=10
RMSE Eb: 1.309
RMSE Rch: 0.011
MAPE Eb: 0.816
MAPE Rch: 0.272
--------------------------------------------------
**************************************************
Z=8, N=16, emax=4
RMSE Eb: 0.700
RMSE Rch: 0.008
MAPE Eb: 0.678
MAPE Rch: 0.217
--------------------------------------------------
Finished VAL for AE n=337
**************************************************
Z=8, N=4, emax=6
RMSE Eb: 0.692
RMSE Rch: 0.013
MAPE Eb: 1.347
MAPE Rch: 0.621
--------------------------------------------------
**************************************************
Z=8, N=4, emax=8
RMSE Eb: 0.971
RMSE Rch: 0.018
MAPE Eb: 1.504
MAPE Rch: 0.829
--------------------------------------------------
**************************************************
Z=8, N=4, emax=4
RMSE Eb: 0.601
RMSE Rch: 0.011
MAPE Eb: 1.755
MAPE Rch: 0.481
--------------------------------------------------
**************************************************
Z=8, N=4, emax=10
RMSE Eb: 0.846
RMSE Rch: 0.022
MAPE Eb: 1.191
MAPE Rch: 1.117
--------------------------------------------------
**************************************************
Z=8, N=5, emax=4
RMSE Eb: 0.679
RMSE Rch: 0.012
MAPE Eb: 1.369
MAPE Rch: 0.570
--------------------------------------------------
**************************************************
Z=8, N=5, emax=8
RMSE Eb: 0.886
RMSE Rch: 0.018
MAPE Eb: 1.142
MAPE Rch: 0.853
--------------------------------------------------
**************************************************
Z=8, N=5, emax=6
RMSE Eb: 0.758
RMSE Rch: 0.009
MAPE Eb: 1.046
MAPE Rch: 0.435
--------------------------------------------------
**************************************************
Z=8, N=5, emax=10
RMSE Eb: 1.370
RMSE Rch: 0.022
MAPE Eb: 1.678
MAPE Rch: 1.138
--------------------------------------------------
**************************************************
Z=8, N=6, emax=4
RMSE Eb: 0.681
RMSE Rch: 0.010
MAPE Eb: 0.951
MAPE Rch: 0.496
--------------------------------------------------
**************************************************
Z=8, N=6, emax=8
RMSE Eb: 0.900
RMSE Rch: 0.021
MAPE Eb: 0.874
MAPE Rch: 1.025
--------------------------------------------------
**************************************************
Z=8, N=6, emax=6
RMSE Eb: 0.835
RMSE Rch: 0.013
MAPE Eb: 0.906
MAPE Rch: 0.584
--------------------------------------------------
**************************************************
Z=8, N=6, emax=10
RMSE Eb: 0.630
RMSE Rch: 0.017
MAPE Eb: 0.538
MAPE Rch: 0.935
--------------------------------------------------
**************************************************
Z=8, N=7, emax=4
RMSE Eb: 0.665
RMSE Rch: 0.007
MAPE Eb: 0.828
MAPE Rch: 0.351
--------------------------------------------------
**************************************************
Z=8, N=7, emax=8
RMSE Eb: 1.122
RMSE Rch: 0.010
MAPE Eb: 0.946
MAPE Rch: 0.536
--------------------------------------------------
**************************************************
Z=8, N=7, emax=6
RMSE Eb: 0.879
RMSE Rch: 0.010
MAPE Eb: 0.846
MAPE Rch: 0.524
--------------------------------------------------
**************************************************
Z=8, N=7, emax=10
RMSE Eb: 0.899
RMSE Rch: 0.012
MAPE Eb: 0.764
MAPE Rch: 0.739
--------------------------------------------------
**************************************************
Z=8, N=8, emax=4
RMSE Eb: 0.749
RMSE Rch: 0.011
MAPE Eb: 0.742
MAPE Rch: 0.327
--------------------------------------------------
**************************************************
Z=8, N=8, emax=6
RMSE Eb: 0.711
RMSE Rch: 0.015
MAPE Eb: 0.568
MAPE Rch: 0.438
--------------------------------------------------
**************************************************
Z=8, N=8, emax=8
RMSE Eb: 0.807
RMSE Rch: 0.020
MAPE Eb: 0.596
MAPE Rch: 0.588
--------------------------------------------------
**************************************************
Z=8, N=8, emax=10
RMSE Eb: 0.738
RMSE Rch: 0.019
MAPE Eb: 0.603
MAPE Rch: 0.599
--------------------------------------------------
**************************************************
Z=8, N=9, emax=4
RMSE Eb: 0.549
RMSE Rch: 0.012
MAPE Eb: 0.555
MAPE Rch: 0.360
--------------------------------------------------
**************************************************
Z=8, N=9, emax=8
RMSE Eb: 0.753
RMSE Rch: 0.013
MAPE Eb: 0.533
MAPE Rch: 0.377
--------------------------------------------------
**************************************************
Z=8, N=9, emax=6
RMSE Eb: 0.584
RMSE Rch: 0.010
MAPE Eb: 0.479
MAPE Rch: 0.312
--------------------------------------------------
**************************************************
Z=8, N=9, emax=10
RMSE Eb: 0.879
RMSE Rch: 0.015
MAPE Eb: 0.619
MAPE Rch: 0.500
--------------------------------------------------
**************************************************
Z=8, N=10, emax=4
RMSE Eb: 0.570
RMSE Rch: 0.012
MAPE Eb: 0.563
MAPE Rch: 0.348
--------------------------------------------------
**************************************************
Z=8, N=10, emax=6
RMSE Eb: 0.547
RMSE Rch: 0.009
MAPE Eb: 0.402
MAPE Rch: 0.254
--------------------------------------------------
**************************************************
Z=8, N=10, emax=8
RMSE Eb: 0.681
RMSE Rch: 0.008
MAPE Eb: 0.489
MAPE Rch: 0.229
--------------------------------------------------
**************************************************
Z=8, N=10, emax=10
RMSE Eb: 0.638
RMSE Rch: 0.007
MAPE Eb: 0.479
MAPE Rch: 0.180
--------------------------------------------------
**************************************************
Z=8, N=11, emax=8
RMSE Eb: 0.902
RMSE Rch: 0.008
MAPE Eb: 0.598
MAPE Rch: 0.238
--------------------------------------------------
**************************************************
Z=8, N=11, emax=4
RMSE Eb: 0.596
RMSE Rch: 0.012
MAPE Eb: 0.602
MAPE Rch: 0.329
--------------------------------------------------
**************************************************
Z=8, N=11, emax=6
RMSE Eb: 0.584
RMSE Rch: 0.007
MAPE Eb: 0.483
MAPE Rch: 0.203
--------------------------------------------------
**************************************************
Z=8, N=11, emax=10
RMSE Eb: 0.991
RMSE Rch: 0.008
MAPE Eb: 0.676
MAPE Rch: 0.245
--------------------------------------------------
**************************************************
Z=8, N=12, emax=6
RMSE Eb: 0.567
RMSE Rch: 0.006
MAPE Eb: 0.451
MAPE Rch: 0.174
--------------------------------------------------
**************************************************
Z=8, N=12, emax=8
RMSE Eb: 0.692
RMSE Rch: 0.006
MAPE Eb: 0.449
MAPE Rch: 0.188
--------------------------------------------------
**************************************************
Z=8, N=12, emax=4
RMSE Eb: 0.651
RMSE Rch: 0.009
MAPE Eb: 0.629
MAPE Rch: 0.253
--------------------------------------------------
**************************************************
Z=8, N=12, emax=10
RMSE Eb: 1.003
RMSE Rch: 0.009
MAPE Eb: 0.707
MAPE Rch: 0.249
--------------------------------------------------
**************************************************
Z=8, N=13, emax=8
RMSE Eb: 0.743
RMSE Rch: 0.006
MAPE Eb: 0.480
MAPE Rch: 0.175
--------------------------------------------------
**************************************************
Z=8, N=13, emax=4
RMSE Eb: 0.672
RMSE Rch: 0.008
MAPE Eb: 0.661
MAPE Rch: 0.214
--------------------------------------------------
**************************************************
Z=8, N=13, emax=6
RMSE Eb: 0.641
RMSE Rch: 0.006
MAPE Eb: 0.485
MAPE Rch: 0.172
--------------------------------------------------
**************************************************
Z=8, N=13, emax=10
RMSE Eb: 0.842
RMSE Rch: 0.010
MAPE Eb: 0.598
MAPE Rch: 0.273
--------------------------------------------------
**************************************************
Z=8, N=14, emax=6
RMSE Eb: 0.715
RMSE Rch: 0.009
MAPE Eb: 0.534
MAPE Rch: 0.242
--------------------------------------------------
**************************************************
Z=8, N=14, emax=10
RMSE Eb: 1.118
RMSE Rch: 0.016
MAPE Eb: 0.583
MAPE Rch: 0.510
--------------------------------------------------
**************************************************
Z=8, N=14, emax=4
RMSE Eb: 0.638
RMSE Rch: 0.009
MAPE Eb: 0.606
MAPE Rch: 0.255
--------------------------------------------------
**************************************************
Z=8, N=14, emax=8
RMSE Eb: 0.956
RMSE Rch: 0.010
MAPE Eb: 0.604
MAPE Rch: 0.295
--------------------------------------------------
**************************************************
Z=8, N=15, emax=8
RMSE Eb: 0.889
RMSE Rch: 0.009
MAPE Eb: 0.535
MAPE Rch: 0.234
--------------------------------------------------
**************************************************
Z=8, N=15, emax=6
RMSE Eb: 0.661
RMSE Rch: 0.007
MAPE Eb: 0.483
MAPE Rch: 0.183
--------------------------------------------------
**************************************************
Z=8, N=15, emax=4
RMSE Eb: 0.607
RMSE Rch: 0.007
MAPE Eb: 0.586
MAPE Rch: 0.184
--------------------------------------------------
**************************************************
Z=8, N=15, emax=10
RMSE Eb: 1.372
RMSE Rch: 0.010
MAPE Eb: 0.927
MAPE Rch: 0.272
--------------------------------------------------
**************************************************
Z=8, N=16, emax=4
RMSE Eb: 0.814
RMSE Rch: 0.009
MAPE Eb: 0.789
MAPE Rch: 0.253
--------------------------------------------------
**************************************************
Z=8, N=16, emax=8
RMSE Eb: 0.998
RMSE Rch: 0.008
MAPE Eb: 0.547
MAPE Rch: 0.224
--------------------------------------------------
**************************************************
Z=8, N=16, emax=6
RMSE Eb: 0.760
RMSE Rch: 0.010
MAPE Eb: 0.496
MAPE Rch: 0.273
--------------------------------------------------
**************************************************
Z=8, N=16, emax=10
RMSE Eb: 1.675
RMSE Rch: 0.010
MAPE Eb: 1.051
MAPE Rch: 0.318
--------------------------------------------------
