Activated conda environment
[DataLoader] Found 13 files matching the pattern.
[DataLoader] Combined data shape: (17234, 35)
[Preprocess] Data split => train: (11029, 35), val: (2758, 35), test: (3447, 35)
[Preprocess] Processed fidelity 4 (index 0): 3758 samples.
[Preprocess] Processed fidelity 6 (index 1): 3346 samples.
[Preprocess] Processed fidelity 8 (index 2): 3194 samples.
[Preprocess] Processed fidelity 10 (index 3): 731 samples.
[Preprocess] Processed fidelity 4 (index 0): 949 samples.
[Preprocess] Processed fidelity 6 (index 1): 833 samples.
[Preprocess] Processed fidelity 8 (index 2): 801 samples.
[Preprocess] Processed fidelity 10 (index 3): 175 samples.
Fidelity levels: [4, 6, 8, 10]
[Trainer] Starting BNN training...
[Trainer] No improvement. Iteration 6700. Early stopping counter: 1, LR counter: 1
[Trainer] No improvement. Iteration 7500. Early stopping counter: 1, LR counter: 1
[Trainer] No improvement. Iteration 7900. Early stopping counter: 1, LR counter: 1
[Trainer] No improvement. Iteration 8300. Early stopping counter: 1, LR counter: 1
[Trainer] No improvement. Iteration 8400. Early stopping counter: 2, LR counter: 2
[Trainer] No improvement. Iteration 8500. Early stopping counter: 3, LR counter: 3
[Trainer] No improvement. Iteration 8600. Early stopping counter: 4, LR counter: 4
[Trainer] No improvement. Iteration 8700. Early stopping counter: 5, LR counter: 5
[Trainer] No improvement. Iteration 8800. Early stopping counter: 6, LR counter: 6
[Trainer] No improvement. Iteration 8900. Early stopping counter: 7, LR counter: 7
[Trainer] No improvement. Iteration 9000. Early stopping counter: 8, LR counter: 8
[Trainer] No improvement. Iteration 9100. Early stopping counter: 9, LR counter: 9
[Trainer] No improvement. Iteration 9200. Early stopping counter: 10, LR counter: 10
[Trainer] No improvement. Iteration 9500. Early stopping counter: 1, LR counter: 1
[Trainer] No improvement. Iteration 9600. Early stopping counter: 2, LR counter: 2
[Trainer] No improvement. Iteration 9700. Early stopping counter: 3, LR counter: 3
[Trainer] No improvement. Iteration 9800. Early stopping counter: 4, LR counter: 4
[Trainer] No improvement. Iteration 9900. Early stopping counter: 5, LR counter: 5
[Trainer] No improvement. Iteration 10000. Early stopping counter: 6, LR counter: 6
[Trainer] No improvement. Iteration 10100. Early stopping counter: 7, LR counter: 7
[Trainer] No improvement. Iteration 10200. Early stopping counter: 8, LR counter: 8
[Trainer] No improvement. Iteration 10300. Early stopping counter: 9, LR counter: 9
[Trainer] No improvement. Iteration 10400. Early stopping counter: 10, LR counter: 10
[Trainer] No improvement. Iteration 10500. Early stopping counter: 11, LR counter: 11
[Trainer] No improvement. Iteration 10600. Early stopping counter: 12, LR counter: 12
[Trainer] No improvement. Iteration 10700. Early stopping counter: 13, LR counter: 13
[Trainer] No improvement. Iteration 10800. Early stopping counter: 14, LR counter: 14
[Trainer] No improvement. Iteration 10900. Early stopping counter: 15, LR counter: 15
[Trainer] No improvement. Iteration 11000. Early stopping counter: 16, LR counter: 16
[Trainer] No improvement. Iteration 11100. Early stopping counter: 17, LR counter: 17
[Trainer] No improvement. Iteration 11200. Early stopping counter: 18, LR counter: 18
[Trainer] No improvement. Iteration 11300. Early stopping counter: 19, LR counter: 19
[Trainer] No improvement. Iteration 11600. Early stopping counter: 1, LR counter: 1
[Trainer] No improvement. Iteration 11700. Early stopping counter: 2, LR counter: 2
[Trainer] No improvement. Iteration 12000. Early stopping counter: 1, LR counter: 1
[Trainer] No improvement. Iteration 12100. Early stopping counter: 2, LR counter: 2
[Trainer] No improvement. Iteration 12200. Early stopping counter: 3, LR counter: 3
[Trainer] No improvement. Iteration 12300. Early stopping counter: 4, LR counter: 4
[Trainer] No improvement. Iteration 12400. Early stopping counter: 5, LR counter: 5
[Trainer] No improvement. Iteration 12500. Early stopping counter: 6, LR counter: 6
[Trainer] No improvement. Iteration 12600. Early stopping counter: 7, LR counter: 7
[Trainer] No improvement. Iteration 12700. Early stopping counter: 8, LR counter: 8
[Trainer] No improvement. Iteration 12800. Early stopping counter: 9, LR counter: 9
[Trainer] No improvement. Iteration 12900. Early stopping counter: 10, LR counter: 10
[Trainer] No improvement. Iteration 13000. Early stopping counter: 11, LR counter: 11
[Trainer] No improvement. Iteration 13100. Early stopping counter: 12, LR counter: 12
[Trainer] No improvement. Iteration 13200. Early stopping counter: 13, LR counter: 13
[Trainer] No improvement. Iteration 13300. Early stopping counter: 14, LR counter: 14
[Trainer] No improvement. Iteration 13400. Early stopping counter: 15, LR counter: 15
[Trainer] No improvement. Iteration 13500. Early stopping counter: 16, LR counter: 16
[Trainer] No improvement. Iteration 13600. Early stopping counter: 17, LR counter: 17
[Trainer] No improvement. Iteration 13700. Early stopping counter: 18, LR counter: 18
[Trainer] No improvement. Iteration 13800. Early stopping counter: 19, LR counter: 19
[Trainer] No improvement. Iteration 13900. Early stopping counter: 20, LR counter: 20
[Trainer] No improvement. Iteration 14000. Early stopping counter: 21, LR counter: 21
[Trainer] No improvement. Iteration 14100. Early stopping counter: 22, LR counter: 22
[Trainer] No improvement. Iteration 14200. Early stopping counter: 23, LR counter: 23
[Trainer] No improvement. Iteration 14300. Early stopping counter: 24, LR counter: 24
[Trainer] No improvement. Iteration 14400. Early stopping counter: 25, LR counter: 25
[Trainer] Learning rate reduced to: 0.000010
[Trainer] No improvement. Iteration 14500. Early stopping counter: 26, LR counter: 1
[Trainer] No improvement. Iteration 14600. Early stopping counter: 27, LR counter: 2
[Trainer] No improvement. Iteration 14700. Early stopping counter: 28, LR counter: 3
[Trainer] No improvement. Iteration 14800. Early stopping counter: 29, LR counter: 4
[Trainer] No improvement. Iteration 14900. Early stopping counter: 30, LR counter: 5
[Trainer] No improvement. Iteration 15000. Early stopping counter: 31, LR counter: 6
[Trainer] No improvement. Iteration 15100. Early stopping counter: 32, LR counter: 7
[Trainer] No improvement. Iteration 15200. Early stopping counter: 33, LR counter: 8
[Trainer] No improvement. Iteration 15300. Early stopping counter: 34, LR counter: 9
[Trainer] No improvement. Iteration 15400. Early stopping counter: 35, LR counter: 10
[Trainer] No improvement. Iteration 15500. Early stopping counter: 36, LR counter: 11
[Trainer] No improvement. Iteration 15600. Early stopping counter: 37, LR counter: 12
[Trainer] No improvement. Iteration 15700. Early stopping counter: 38, LR counter: 13
[Trainer] No improvement. Iteration 15800. Early stopping counter: 39, LR counter: 14
[Trainer] No improvement. Iteration 15900. Early stopping counter: 40, LR counter: 15
[Trainer] No improvement. Iteration 16000. Early stopping counter: 41, LR counter: 16
[Trainer] No improvement. Iteration 16100. Early stopping counter: 42, LR counter: 17
[Trainer] No improvement. Iteration 16200. Early stopping counter: 43, LR counter: 18
[Trainer] No improvement. Iteration 16300. Early stopping counter: 44, LR counter: 19
[Trainer] No improvement. Iteration 16400. Early stopping counter: 45, LR counter: 20
[Trainer] No improvement. Iteration 16500. Early stopping counter: 46, LR counter: 21
[Trainer] No improvement. Iteration 16600. Early stopping counter: 47, LR counter: 22
[Trainer] No improvement. Iteration 16700. Early stopping counter: 48, LR counter: 23
[Trainer] No improvement. Iteration 16800. Early stopping counter: 49, LR counter: 24
[Trainer] No improvement. Iteration 16900. Early stopping counter: 50, LR counter: 25
[Trainer] Learning rate reduced to: 0.000001
[Trainer] Early stopping triggered.
[Trainer] Training completed.
[Trainer] Calibrating temperatures on validation set...
[Trainer] Temperature calibration finished. Calibrated temperatures: {4: 1.4621460437774658, 6: 1.198425531387329, 8: 1.4051109552383423, 10: 1.5436168909072876}
[Trainer] BNN training completed.
**************************************************
Z=8, N=4, emax=4
RMSE Eb: 0.693
RMSE Rch: 0.008
MAPE Eb: 2.059
MAPE Rch: 0.371
--------------------------------------------------
**************************************************
Z=8, N=4, emax=10
RMSE Eb: 1.484
RMSE Rch: 0.040
MAPE Eb: 2.452
MAPE Rch: 1.803
--------------------------------------------------
**************************************************
Z=8, N=4, emax=6
RMSE Eb: 0.833
RMSE Rch: 0.012
MAPE Eb: 1.656
MAPE Rch: 0.583
--------------------------------------------------
**************************************************
Z=8, N=4, emax=8
RMSE Eb: 1.009
RMSE Rch: 0.021
MAPE Eb: 1.691
MAPE Rch: 0.962
--------------------------------------------------
**************************************************
Z=8, N=5, emax=8
RMSE Eb: 0.993
RMSE Rch: 0.013
MAPE Eb: 1.280
MAPE Rch: 0.643
--------------------------------------------------
**************************************************
Z=8, N=5, emax=6
RMSE Eb: 0.861
RMSE Rch: 0.011
MAPE Eb: 1.214
MAPE Rch: 0.559
--------------------------------------------------
**************************************************
Z=8, N=5, emax=4
RMSE Eb: 0.864
RMSE Rch: 0.010
MAPE Eb: 1.720
MAPE Rch: 0.495
--------------------------------------------------
**************************************************
Z=8, N=5, emax=10
RMSE Eb: 1.004
RMSE Rch: 0.025
MAPE Eb: 1.363
MAPE Rch: 1.241
--------------------------------------------------
**************************************************
Z=8, N=6, emax=4
RMSE Eb: 0.790
RMSE Rch: 0.008
MAPE Eb: 1.182
MAPE Rch: 0.385
--------------------------------------------------
**************************************************
Z=8, N=6, emax=6
RMSE Eb: 0.908
RMSE Rch: 0.009
MAPE Eb: 0.999
MAPE Rch: 0.448
--------------------------------------------------
**************************************************
Z=8, N=6, emax=8
RMSE Eb: 1.370
RMSE Rch: 0.016
MAPE Eb: 1.186
MAPE Rch: 0.737
--------------------------------------------------
**************************************************
Z=8, N=6, emax=10
RMSE Eb: 0.727
RMSE Rch: 0.026
MAPE Eb: 0.663
MAPE Rch: 1.366
--------------------------------------------------
**************************************************
Z=8, N=7, emax=8
RMSE Eb: 1.516
RMSE Rch: 0.013
MAPE Eb: 1.245
MAPE Rch: 0.640
--------------------------------------------------
**************************************************
Z=8, N=7, emax=10
RMSE Eb: 1.342
RMSE Rch: 0.014
MAPE Eb: 0.997
MAPE Rch: 0.780
--------------------------------------------------
**************************************************
Z=8, N=7, emax=6
RMSE Eb: 1.258
RMSE Rch: 0.013
MAPE Eb: 1.162
MAPE Rch: 0.675
--------------------------------------------------
**************************************************
Z=8, N=7, emax=4
RMSE Eb: 0.970
RMSE Rch: 0.010
MAPE Eb: 1.188
MAPE Rch: 0.512
--------------------------------------------------
**************************************************
Z=8, N=8, emax=4
RMSE Eb: 0.603
RMSE Rch: 0.008
MAPE Eb: 0.653
MAPE Rch: 0.233
--------------------------------------------------
**************************************************
Z=8, N=8, emax=8
RMSE Eb: 0.932
RMSE Rch: 0.011
MAPE Eb: 0.678
MAPE Rch: 0.321
--------------------------------------------------
**************************************************
Z=8, N=8, emax=6
RMSE Eb: 0.808
RMSE Rch: 0.011
MAPE Eb: 0.633
MAPE Rch: 0.320
--------------------------------------------------
**************************************************
Z=8, N=8, emax=10
RMSE Eb: 1.430
RMSE Rch: 0.015
MAPE Eb: 1.141
MAPE Rch: 0.410
--------------------------------------------------
**************************************************
Z=8, N=9, emax=8
RMSE Eb: 0.729
RMSE Rch: 0.008
MAPE Eb: 0.526
MAPE Rch: 0.225
--------------------------------------------------
**************************************************
Z=8, N=9, emax=6
RMSE Eb: 0.710
RMSE Rch: 0.010
MAPE Eb: 0.547
MAPE Rch: 0.314
--------------------------------------------------
**************************************************
Z=8, N=9, emax=4
RMSE Eb: 0.516
RMSE Rch: 0.007
MAPE Eb: 0.533
MAPE Rch: 0.209
--------------------------------------------------
**************************************************
Z=8, N=9, emax=10
RMSE Eb: 0.816
RMSE Rch: 0.008
MAPE Eb: 0.607
MAPE Rch: 0.272
--------------------------------------------------
**************************************************
Z=8, N=10, emax=4
RMSE Eb: 0.477
RMSE Rch: 0.008
MAPE Eb: 0.473
MAPE Rch: 0.213
--------------------------------------------------
**************************************************
Z=8, N=10, emax=10
RMSE Eb: 0.671
RMSE Rch: 0.009
MAPE Eb: 0.508
MAPE Rch: 0.284
--------------------------------------------------
**************************************************
Z=8, N=10, emax=6
RMSE Eb: 0.653
RMSE Rch: 0.011
MAPE Eb: 0.558
MAPE Rch: 0.325
--------------------------------------------------
**************************************************
Z=8, N=10, emax=8
RMSE Eb: 0.735
RMSE Rch: 0.009
MAPE Eb: 0.519
MAPE Rch: 0.247
--------------------------------------------------
**************************************************
Z=8, N=11, emax=4
RMSE Eb: 0.592
RMSE Rch: 0.007
MAPE Eb: 0.610
MAPE Rch: 0.199
--------------------------------------------------
**************************************************
Z=8, N=11, emax=6
RMSE Eb: 0.557
RMSE Rch: 0.008
MAPE Eb: 0.404
MAPE Rch: 0.227
--------------------------------------------------
**************************************************
Z=8, N=11, emax=8
RMSE Eb: 0.818
RMSE Rch: 0.008
MAPE Eb: 0.559
MAPE Rch: 0.221
--------------------------------------------------
**************************************************
Z=8, N=11, emax=10
RMSE Eb: 0.716
RMSE Rch: 0.013
MAPE Eb: 0.475
MAPE Rch: 0.331
--------------------------------------------------
**************************************************
Z=8, N=12, emax=6
RMSE Eb: 0.694
RMSE Rch: 0.008
MAPE Eb: 0.524
MAPE Rch: 0.236
--------------------------------------------------
**************************************************
Z=8, N=12, emax=4
RMSE Eb: 0.647
RMSE Rch: 0.006
MAPE Eb: 0.665
MAPE Rch: 0.170
--------------------------------------------------
**************************************************
Z=8, N=12, emax=8
RMSE Eb: 0.796
RMSE Rch: 0.008
MAPE Eb: 0.527
MAPE Rch: 0.221
--------------------------------------------------
**************************************************
Z=8, N=12, emax=10
RMSE Eb: 1.060
RMSE Rch: 0.011
MAPE Eb: 0.709
MAPE Rch: 0.265
--------------------------------------------------
**************************************************
Z=8, N=13, emax=8
RMSE Eb: 0.884
RMSE Rch: 0.007
MAPE Eb: 0.568
MAPE Rch: 0.200
--------------------------------------------------
**************************************************
Z=8, N=13, emax=4
RMSE Eb: 0.635
RMSE Rch: 0.007
MAPE Eb: 0.619
MAPE Rch: 0.208
--------------------------------------------------
**************************************************
Z=8, N=13, emax=10
RMSE Eb: 0.885
RMSE Rch: 0.007
MAPE Eb: 0.548
MAPE Rch: 0.210
--------------------------------------------------
**************************************************
Z=8, N=13, emax=6
RMSE Eb: 0.622
RMSE Rch: 0.009
MAPE Eb: 0.472
MAPE Rch: 0.272
--------------------------------------------------
**************************************************
Z=8, N=14, emax=8
RMSE Eb: 0.919
RMSE Rch: 0.013
MAPE Eb: 0.551
MAPE Rch: 0.306
--------------------------------------------------
**************************************************
Z=8, N=14, emax=4
RMSE Eb: 0.600
RMSE Rch: 0.009
MAPE Eb: 0.613
MAPE Rch: 0.244
--------------------------------------------------
**************************************************
Z=8, N=14, emax=6
RMSE Eb: 0.819
RMSE Rch: 0.007
MAPE Eb: 0.575
MAPE Rch: 0.202
--------------------------------------------------
**************************************************
Z=8, N=14, emax=10
RMSE Eb: 0.883
RMSE Rch: 0.008
MAPE Eb: 0.626
MAPE Rch: 0.244
--------------------------------------------------
**************************************************
Z=8, N=15, emax=8
RMSE Eb: 0.887
RMSE Rch: 0.007
MAPE Eb: 0.542
MAPE Rch: 0.195
--------------------------------------------------
**************************************************
Z=8, N=15, emax=4
RMSE Eb: 0.803
RMSE Rch: 0.008
MAPE Eb: 0.801
MAPE Rch: 0.214
--------------------------------------------------
**************************************************
Z=8, N=15, emax=6
RMSE Eb: 0.885
RMSE Rch: 0.008
MAPE Eb: 0.613
MAPE Rch: 0.238
--------------------------------------------------
**************************************************
Z=8, N=15, emax=10
RMSE Eb: 0.691
RMSE Rch: 0.011
MAPE Eb: 0.364
MAPE Rch: 0.325
--------------------------------------------------
**************************************************
Z=8, N=16, emax=8
RMSE Eb: 1.060
RMSE Rch: 0.008
MAPE Eb: 0.652
MAPE Rch: 0.220
--------------------------------------------------
**************************************************
Z=8, N=16, emax=6
RMSE Eb: 0.885
RMSE Rch: 0.012
MAPE Eb: 0.618
MAPE Rch: 0.346
--------------------------------------------------
**************************************************
Z=8, N=16, emax=10
RMSE Eb: 0.995
RMSE Rch: 0.014
MAPE Eb: 0.545
MAPE Rch: 0.331
--------------------------------------------------
**************************************************
Z=8, N=16, emax=4
RMSE Eb: 0.820
RMSE Rch: 0.008
MAPE Eb: 0.794
MAPE Rch: 0.211
--------------------------------------------------
Finished VAL for AE n=494
**************************************************
Z=8, N=4, emax=6
RMSE Eb: 0.987
RMSE Rch: 0.012
MAPE Eb: 1.760
MAPE Rch: 0.545
--------------------------------------------------
**************************************************
Z=8, N=4, emax=8
RMSE Eb: 1.004
RMSE Rch: 0.016
MAPE Eb: 1.624
MAPE Rch: 0.720
--------------------------------------------------
**************************************************
Z=8, N=4, emax=4
RMSE Eb: 0.721
RMSE Rch: 0.009
MAPE Eb: 2.009
MAPE Rch: 0.432
--------------------------------------------------
**************************************************
Z=8, N=4, emax=10
RMSE Eb: 1.309
RMSE Rch: 0.032
MAPE Eb: 1.955
MAPE Rch: 1.531
--------------------------------------------------
**************************************************
Z=8, N=5, emax=4
RMSE Eb: 0.779
RMSE Rch: 0.010
MAPE Eb: 1.485
MAPE Rch: 0.485
--------------------------------------------------
**************************************************
Z=8, N=5, emax=8
RMSE Eb: 0.830
RMSE Rch: 0.013
MAPE Eb: 1.071
MAPE Rch: 0.626
--------------------------------------------------
**************************************************
Z=8, N=5, emax=6
RMSE Eb: 0.954
RMSE Rch: 0.009
MAPE Eb: 1.354
MAPE Rch: 0.449
--------------------------------------------------
**************************************************
Z=8, N=5, emax=10
RMSE Eb: 1.190
RMSE Rch: 0.018
MAPE Eb: 1.439
MAPE Rch: 0.979
--------------------------------------------------
**************************************************
Z=8, N=6, emax=4
RMSE Eb: 0.910
RMSE Rch: 0.010
MAPE Eb: 1.278
MAPE Rch: 0.447
--------------------------------------------------
**************************************************
Z=8, N=6, emax=8
RMSE Eb: 1.318
RMSE Rch: 0.014
MAPE Eb: 1.169
MAPE Rch: 0.701
--------------------------------------------------
**************************************************
Z=8, N=6, emax=6
RMSE Eb: 0.868
RMSE Rch: 0.010
MAPE Eb: 0.936
MAPE Rch: 0.469
--------------------------------------------------
**************************************************
Z=8, N=6, emax=10
RMSE Eb: 0.877
RMSE Rch: 0.017
MAPE Eb: 0.797
MAPE Rch: 0.838
--------------------------------------------------
**************************************************
Z=8, N=7, emax=4
RMSE Eb: 0.879
RMSE Rch: 0.011
MAPE Eb: 1.022
MAPE Rch: 0.572
--------------------------------------------------
**************************************************
Z=8, N=7, emax=8
RMSE Eb: 1.401
RMSE Rch: 0.012
MAPE Eb: 1.173
MAPE Rch: 0.617
--------------------------------------------------
**************************************************
Z=8, N=7, emax=6
RMSE Eb: 0.907
RMSE Rch: 0.012
MAPE Eb: 0.876
MAPE Rch: 0.580
--------------------------------------------------
**************************************************
Z=8, N=7, emax=10
RMSE Eb: 1.299
RMSE Rch: 0.023
MAPE Eb: 0.930
MAPE Rch: 1.246
--------------------------------------------------
**************************************************
Z=8, N=8, emax=4
RMSE Eb: 0.762
RMSE Rch: 0.010
MAPE Eb: 0.745
MAPE Rch: 0.269
--------------------------------------------------
**************************************************
Z=8, N=8, emax=6
RMSE Eb: 0.825
RMSE Rch: 0.010
MAPE Eb: 0.635
MAPE Rch: 0.284
--------------------------------------------------
**************************************************
Z=8, N=8, emax=8
RMSE Eb: 0.866
RMSE Rch: 0.009
MAPE Eb: 0.651
MAPE Rch: 0.260
--------------------------------------------------
**************************************************
Z=8, N=8, emax=10
RMSE Eb: 0.907
RMSE Rch: 0.011
MAPE Eb: 0.740
MAPE Rch: 0.335
--------------------------------------------------
**************************************************
Z=8, N=9, emax=4
RMSE Eb: 0.636
RMSE Rch: 0.008
MAPE Eb: 0.669
MAPE Rch: 0.215
--------------------------------------------------
**************************************************
Z=8, N=9, emax=8
RMSE Eb: 0.792
RMSE Rch: 0.010
MAPE Eb: 0.547
MAPE Rch: 0.287
--------------------------------------------------
**************************************************
Z=8, N=9, emax=6
RMSE Eb: 0.755
RMSE Rch: 0.011
MAPE Eb: 0.581
MAPE Rch: 0.327
--------------------------------------------------
**************************************************
Z=8, N=9, emax=10
RMSE Eb: 0.762
RMSE Rch: 0.007
MAPE Eb: 0.540
MAPE Rch: 0.201
--------------------------------------------------
**************************************************
Z=8, N=10, emax=4
RMSE Eb: 0.600
RMSE Rch: 0.008
MAPE Eb: 0.589
MAPE Rch: 0.226
--------------------------------------------------
**************************************************
Z=8, N=10, emax=6
RMSE Eb: 0.686
RMSE Rch: 0.010
MAPE Eb: 0.526
MAPE Rch: 0.291
--------------------------------------------------
**************************************************
Z=8, N=10, emax=8
RMSE Eb: 0.644
RMSE Rch: 0.009
MAPE Eb: 0.464
MAPE Rch: 0.251
--------------------------------------------------
**************************************************
Z=8, N=10, emax=10
RMSE Eb: 0.533
RMSE Rch: 0.011
MAPE Eb: 0.379
MAPE Rch: 0.257
--------------------------------------------------
**************************************************
Z=8, N=11, emax=8
RMSE Eb: 0.793
RMSE Rch: 0.007
MAPE Eb: 0.534
MAPE Rch: 0.202
--------------------------------------------------
**************************************************
Z=8, N=11, emax=4
RMSE Eb: 0.496
RMSE Rch: 0.006
MAPE Eb: 0.487
MAPE Rch: 0.168
--------------------------------------------------
**************************************************
Z=8, N=11, emax=6
RMSE Eb: 0.656
RMSE Rch: 0.008
MAPE Eb: 0.523
MAPE Rch: 0.227
--------------------------------------------------
**************************************************
Z=8, N=11, emax=10
RMSE Eb: 0.685
RMSE Rch: 0.009
MAPE Eb: 0.466
MAPE Rch: 0.266
--------------------------------------------------
**************************************************
Z=8, N=12, emax=6
RMSE Eb: 0.671
RMSE Rch: 0.008
MAPE Eb: 0.501
MAPE Rch: 0.247
--------------------------------------------------
**************************************************
Z=8, N=12, emax=8
RMSE Eb: 0.793
RMSE Rch: 0.007
MAPE Eb: 0.502
MAPE Rch: 0.210
--------------------------------------------------
**************************************************
Z=8, N=12, emax=4
RMSE Eb: 0.660
RMSE Rch: 0.006
MAPE Eb: 0.652
MAPE Rch: 0.155
--------------------------------------------------
**************************************************
Z=8, N=12, emax=10
RMSE Eb: 0.774
RMSE Rch: 0.009
MAPE Eb: 0.508
MAPE Rch: 0.254
--------------------------------------------------
**************************************************
Z=8, N=13, emax=8
RMSE Eb: 0.867
RMSE Rch: 0.007
MAPE Eb: 0.568
MAPE Rch: 0.205
--------------------------------------------------
**************************************************
Z=8, N=13, emax=4
RMSE Eb: 0.615
RMSE Rch: 0.007
MAPE Eb: 0.602
MAPE Rch: 0.202
--------------------------------------------------
**************************************************
Z=8, N=13, emax=6
RMSE Eb: 0.664
RMSE Rch: 0.009
MAPE Eb: 0.483
MAPE Rch: 0.255
--------------------------------------------------
**************************************************
Z=8, N=13, emax=10
RMSE Eb: 0.674
RMSE Rch: 0.018
MAPE Eb: 0.462
MAPE Rch: 0.357
--------------------------------------------------
**************************************************
Z=8, N=14, emax=6
RMSE Eb: 0.603
RMSE Rch: 0.009
MAPE Eb: 0.405
MAPE Rch: 0.258
--------------------------------------------------
**************************************************
Z=8, N=14, emax=10
RMSE Eb: 0.983
RMSE Rch: 0.011
MAPE Eb: 0.622
MAPE Rch: 0.338
--------------------------------------------------
**************************************************
Z=8, N=14, emax=4
RMSE Eb: 0.674
RMSE Rch: 0.008
MAPE Eb: 0.649
MAPE Rch: 0.213
--------------------------------------------------
**************************************************
Z=8, N=14, emax=8
RMSE Eb: 0.891
RMSE Rch: 0.010
MAPE Eb: 0.561
MAPE Rch: 0.258
--------------------------------------------------
**************************************************
Z=8, N=15, emax=8
RMSE Eb: 0.800
RMSE Rch: 0.007
MAPE Eb: 0.531
MAPE Rch: 0.202
--------------------------------------------------
**************************************************
Z=8, N=15, emax=6
RMSE Eb: 0.711
RMSE Rch: 0.009
MAPE Eb: 0.488
MAPE Rch: 0.267
--------------------------------------------------
**************************************************
Z=8, N=15, emax=4
RMSE Eb: 0.675
RMSE Rch: 0.007
MAPE Eb: 0.712
MAPE Rch: 0.189
--------------------------------------------------
**************************************************
Z=8, N=15, emax=10
RMSE Eb: 0.828
RMSE Rch: 0.013
MAPE Eb: 0.514
MAPE Rch: 0.301
--------------------------------------------------
**************************************************
Z=8, N=16, emax=4
RMSE Eb: 0.828
RMSE Rch: 0.006
MAPE Eb: 0.803
MAPE Rch: 0.173
--------------------------------------------------
**************************************************
Z=8, N=16, emax=8
RMSE Eb: 1.075
RMSE Rch: 0.008
MAPE Eb: 0.662
MAPE Rch: 0.226
--------------------------------------------------
**************************************************
Z=8, N=16, emax=6
RMSE Eb: 0.935
RMSE Rch: 0.010
MAPE Eb: 0.642
MAPE Rch: 0.304
--------------------------------------------------
**************************************************
Z=8, N=16, emax=10
RMSE Eb: 0.939
RMSE Rch: 0.014
MAPE Eb: 0.600
MAPE Rch: 0.370
--------------------------------------------------
