Activated conda environment
[DataLoader] Found 13 files matching the pattern.
[DataLoader] Combined data shape: (17234, 35)
[Preprocess] Data split => train: (11029, 35), val: (2758, 35), test: (3447, 35)
[Preprocess] Processed fidelity 4 (index 0): 3758 samples.
[Preprocess] Processed fidelity 6 (index 1): 3346 samples.
[Preprocess] Processed fidelity 8 (index 2): 3194 samples.
[Preprocess] Processed fidelity 10 (index 3): 731 samples.
[Preprocess] Processed fidelity 4 (index 0): 949 samples.
[Preprocess] Processed fidelity 6 (index 1): 833 samples.
[Preprocess] Processed fidelity 8 (index 2): 801 samples.
[Preprocess] Processed fidelity 10 (index 3): 175 samples.
Fidelity levels: [4, 6, 8, 10]
[Trainer] Starting BNN training...
[Trainer] No improvement. Iteration 7500. Early stopping counter: 1, LR counter: 1
[Trainer] No improvement. Iteration 7700. Early stopping counter: 1, LR counter: 1
[Trainer] No improvement. Iteration 8100. Early stopping counter: 1, LR counter: 1
[Trainer] No improvement. Iteration 8200. Early stopping counter: 2, LR counter: 2
[Trainer] No improvement. Iteration 8400. Early stopping counter: 1, LR counter: 1
[Trainer] No improvement. Iteration 8500. Early stopping counter: 2, LR counter: 2
[Trainer] No improvement. Iteration 8600. Early stopping counter: 3, LR counter: 3
[Trainer] No improvement. Iteration 8700. Early stopping counter: 4, LR counter: 4
[Trainer] No improvement. Iteration 8800. Early stopping counter: 5, LR counter: 5
[Trainer] No improvement. Iteration 8900. Early stopping counter: 6, LR counter: 6
[Trainer] No improvement. Iteration 9000. Early stopping counter: 7, LR counter: 7
[Trainer] No improvement. Iteration 9100. Early stopping counter: 8, LR counter: 8
[Trainer] No improvement. Iteration 9200. Early stopping counter: 9, LR counter: 9
[Trainer] No improvement. Iteration 9300. Early stopping counter: 10, LR counter: 10
[Trainer] No improvement. Iteration 9400. Early stopping counter: 11, LR counter: 11
[Trainer] No improvement. Iteration 9500. Early stopping counter: 12, LR counter: 12
[Trainer] No improvement. Iteration 9600. Early stopping counter: 13, LR counter: 13
[Trainer] No improvement. Iteration 9700. Early stopping counter: 14, LR counter: 14
[Trainer] No improvement. Iteration 9800. Early stopping counter: 15, LR counter: 15
[Trainer] No improvement. Iteration 9900. Early stopping counter: 16, LR counter: 16
[Trainer] No improvement. Iteration 10000. Early stopping counter: 17, LR counter: 17
[Trainer] No improvement. Iteration 10100. Early stopping counter: 18, LR counter: 18
[Trainer] No improvement. Iteration 10200. Early stopping counter: 19, LR counter: 19
[Trainer] No improvement. Iteration 10300. Early stopping counter: 20, LR counter: 20
[Trainer] No improvement. Iteration 10400. Early stopping counter: 21, LR counter: 21
[Trainer] No improvement. Iteration 10500. Early stopping counter: 22, LR counter: 22
[Trainer] No improvement. Iteration 10600. Early stopping counter: 23, LR counter: 23
[Trainer] No improvement. Iteration 10700. Early stopping counter: 24, LR counter: 24
[Trainer] No improvement. Iteration 10800. Early stopping counter: 25, LR counter: 25
[Trainer] Learning rate reduced to: 0.000010
[Trainer] No improvement. Iteration 10900. Early stopping counter: 26, LR counter: 1
[Trainer] No improvement. Iteration 11000. Early stopping counter: 27, LR counter: 2
[Trainer] No improvement. Iteration 11100. Early stopping counter: 28, LR counter: 3
[Trainer] No improvement. Iteration 11600. Early stopping counter: 1, LR counter: 1
[Trainer] No improvement. Iteration 11700. Early stopping counter: 2, LR counter: 2
[Trainer] No improvement. Iteration 11800. Early stopping counter: 3, LR counter: 3
[Trainer] No improvement. Iteration 11900. Early stopping counter: 4, LR counter: 4
[Trainer] No improvement. Iteration 12000. Early stopping counter: 5, LR counter: 5
[Trainer] No improvement. Iteration 12400. Early stopping counter: 1, LR counter: 1
[Trainer] No improvement. Iteration 12500. Early stopping counter: 2, LR counter: 2
[Trainer] No improvement. Iteration 12600. Early stopping counter: 3, LR counter: 3
[Trainer] No improvement. Iteration 12700. Early stopping counter: 4, LR counter: 4
[Trainer] No improvement. Iteration 12800. Early stopping counter: 5, LR counter: 5
[Trainer] No improvement. Iteration 13000. Early stopping counter: 1, LR counter: 1
[Trainer] No improvement. Iteration 13100. Early stopping counter: 2, LR counter: 2
[Trainer] No improvement. Iteration 13200. Early stopping counter: 3, LR counter: 3
[Trainer] No improvement. Iteration 13300. Early stopping counter: 4, LR counter: 4
[Trainer] No improvement. Iteration 13600. Early stopping counter: 1, LR counter: 1
[Trainer] No improvement. Iteration 13700. Early stopping counter: 2, LR counter: 2
[Trainer] No improvement. Iteration 13800. Early stopping counter: 3, LR counter: 3
[Trainer] No improvement. Iteration 13900. Early stopping counter: 4, LR counter: 4
[Trainer] No improvement. Iteration 14000. Early stopping counter: 5, LR counter: 5
[Trainer] No improvement. Iteration 14100. Early stopping counter: 6, LR counter: 6
[Trainer] No improvement. Iteration 14200. Early stopping counter: 7, LR counter: 7
[Trainer] No improvement. Iteration 14300. Early stopping counter: 8, LR counter: 8
[Trainer] No improvement. Iteration 14400. Early stopping counter: 9, LR counter: 9
[Trainer] No improvement. Iteration 14500. Early stopping counter: 10, LR counter: 10
[Trainer] No improvement. Iteration 14600. Early stopping counter: 11, LR counter: 11
[Trainer] No improvement. Iteration 14700. Early stopping counter: 12, LR counter: 12
[Trainer] No improvement. Iteration 14800. Early stopping counter: 13, LR counter: 13
[Trainer] No improvement. Iteration 14900. Early stopping counter: 14, LR counter: 14
[Trainer] No improvement. Iteration 15000. Early stopping counter: 15, LR counter: 15
[Trainer] No improvement. Iteration 15100. Early stopping counter: 16, LR counter: 16
[Trainer] No improvement. Iteration 15200. Early stopping counter: 17, LR counter: 17
[Trainer] No improvement. Iteration 15300. Early stopping counter: 18, LR counter: 18
[Trainer] No improvement. Iteration 15400. Early stopping counter: 19, LR counter: 19
[Trainer] No improvement. Iteration 15500. Early stopping counter: 20, LR counter: 20
[Trainer] No improvement. Iteration 15600. Early stopping counter: 21, LR counter: 21
[Trainer] No improvement. Iteration 15700. Early stopping counter: 22, LR counter: 22
[Trainer] No improvement. Iteration 15800. Early stopping counter: 23, LR counter: 23
[Trainer] No improvement. Iteration 15900. Early stopping counter: 24, LR counter: 24
[Trainer] No improvement. Iteration 16000. Early stopping counter: 25, LR counter: 25
[Trainer] Learning rate reduced to: 0.000001
[Trainer] No improvement. Iteration 16100. Early stopping counter: 26, LR counter: 1
[Trainer] No improvement. Iteration 16200. Early stopping counter: 27, LR counter: 2
[Trainer] No improvement. Iteration 16300. Early stopping counter: 28, LR counter: 3
[Trainer] No improvement. Iteration 16400. Early stopping counter: 29, LR counter: 4
[Trainer] No improvement. Iteration 16500. Early stopping counter: 30, LR counter: 5
[Trainer] No improvement. Iteration 16600. Early stopping counter: 31, LR counter: 6
[Trainer] No improvement. Iteration 16700. Early stopping counter: 32, LR counter: 7
[Trainer] No improvement. Iteration 16800. Early stopping counter: 33, LR counter: 8
[Trainer] No improvement. Iteration 16900. Early stopping counter: 34, LR counter: 9
[Trainer] No improvement. Iteration 17000. Early stopping counter: 35, LR counter: 10
[Trainer] No improvement. Iteration 17100. Early stopping counter: 36, LR counter: 11
[Trainer] No improvement. Iteration 17200. Early stopping counter: 37, LR counter: 12
[Trainer] No improvement. Iteration 17300. Early stopping counter: 38, LR counter: 13
[Trainer] No improvement. Iteration 17400. Early stopping counter: 39, LR counter: 14
[Trainer] No improvement. Iteration 17500. Early stopping counter: 40, LR counter: 15
[Trainer] No improvement. Iteration 17600. Early stopping counter: 41, LR counter: 16
[Trainer] No improvement. Iteration 17700. Early stopping counter: 42, LR counter: 17
[Trainer] No improvement. Iteration 17800. Early stopping counter: 43, LR counter: 18
[Trainer] No improvement. Iteration 17900. Early stopping counter: 44, LR counter: 19
[Trainer] No improvement. Iteration 18000. Early stopping counter: 45, LR counter: 20
[Trainer] No improvement. Iteration 18100. Early stopping counter: 46, LR counter: 21
[Trainer] No improvement. Iteration 18200. Early stopping counter: 47, LR counter: 22
[Trainer] No improvement. Iteration 18300. Early stopping counter: 48, LR counter: 23
[Trainer] No improvement. Iteration 18400. Early stopping counter: 49, LR counter: 24
[Trainer] No improvement. Iteration 18500. Early stopping counter: 50, LR counter: 25
[Trainer] Learning rate reduced to: 0.000000
[Trainer] Early stopping triggered.
[Trainer] Training completed.
[Trainer] Calibrating temperatures on validation set...
[Trainer] Temperature calibration finished. Calibrated temperatures: {4: 1.1849356889724731, 6: 1.088403344154358, 8: 1.225300908088684, 10: 1.6416971683502197}
[Trainer] BNN training completed.
**************************************************
Z=8, N=4, emax=4
RMSE Eb: 0.495
RMSE Rch: 0.009
MAPE Eb: 1.416
MAPE Rch: 0.412
--------------------------------------------------
**************************************************
Z=8, N=4, emax=10
RMSE Eb: 0.876
RMSE Rch: 0.047
MAPE Eb: 1.391
MAPE Rch: 2.423
--------------------------------------------------
**************************************************
Z=8, N=4, emax=6
RMSE Eb: 0.600
RMSE Rch: 0.012
MAPE Eb: 1.207
MAPE Rch: 0.555
--------------------------------------------------
**************************************************
Z=8, N=4, emax=8
RMSE Eb: 0.605
RMSE Rch: 0.021
MAPE Eb: 0.937
MAPE Rch: 0.930
--------------------------------------------------
**************************************************
Z=8, N=5, emax=8
RMSE Eb: 0.508
RMSE Rch: 0.011
MAPE Eb: 0.635
MAPE Rch: 0.571
--------------------------------------------------
**************************************************
Z=8, N=5, emax=6
RMSE Eb: 0.528
RMSE Rch: 0.009
MAPE Eb: 0.811
MAPE Rch: 0.428
--------------------------------------------------
**************************************************
Z=8, N=5, emax=4
RMSE Eb: 0.553
RMSE Rch: 0.006
MAPE Eb: 1.161
MAPE Rch: 0.313
--------------------------------------------------
**************************************************
Z=8, N=5, emax=10
RMSE Eb: 1.170
RMSE Rch: 0.023
MAPE Eb: 1.507
MAPE Rch: 1.436
--------------------------------------------------
**************************************************
Z=8, N=6, emax=4
RMSE Eb: 0.401
RMSE Rch: 0.008
MAPE Eb: 0.581
MAPE Rch: 0.387
--------------------------------------------------
**************************************************
Z=8, N=6, emax=6
RMSE Eb: 0.454
RMSE Rch: 0.007
MAPE Eb: 0.467
MAPE Rch: 0.375
--------------------------------------------------
**************************************************
Z=8, N=6, emax=8
RMSE Eb: 0.762
RMSE Rch: 0.007
MAPE Eb: 0.636
MAPE Rch: 0.370
--------------------------------------------------
**************************************************
Z=8, N=6, emax=10
RMSE Eb: 0.945
RMSE Rch: 0.019
MAPE Eb: 0.978
MAPE Rch: 1.025
--------------------------------------------------
**************************************************
Z=8, N=7, emax=8
RMSE Eb: 0.750
RMSE Rch: 0.011
MAPE Eb: 0.600
MAPE Rch: 0.590
--------------------------------------------------
**************************************************
Z=8, N=7, emax=10
RMSE Eb: 0.930
RMSE Rch: 0.016
MAPE Eb: 0.799
MAPE Rch: 1.001
--------------------------------------------------
**************************************************
Z=8, N=7, emax=6
RMSE Eb: 0.564
RMSE Rch: 0.013
MAPE Eb: 0.537
MAPE Rch: 0.766
--------------------------------------------------
**************************************************
Z=8, N=7, emax=4
RMSE Eb: 0.610
RMSE Rch: 0.014
MAPE Eb: 0.746
MAPE Rch: 0.779
--------------------------------------------------
**************************************************
Z=8, N=8, emax=4
RMSE Eb: 0.656
RMSE Rch: 0.007
MAPE Eb: 0.666
MAPE Rch: 0.176
--------------------------------------------------
**************************************************
Z=8, N=8, emax=8
RMSE Eb: 0.644
RMSE Rch: 0.010
MAPE Eb: 0.502
MAPE Rch: 0.277
--------------------------------------------------
**************************************************
Z=8, N=8, emax=6
RMSE Eb: 0.445
RMSE Rch: 0.009
MAPE Eb: 0.390
MAPE Rch: 0.245
--------------------------------------------------
**************************************************
Z=8, N=8, emax=10
RMSE Eb: 0.978
RMSE Rch: 0.016
MAPE Eb: 0.768
MAPE Rch: 0.487
--------------------------------------------------
**************************************************
Z=8, N=9, emax=8
RMSE Eb: 0.688
RMSE Rch: 0.010
MAPE Eb: 0.501
MAPE Rch: 0.298
--------------------------------------------------
**************************************************
Z=8, N=9, emax=6
RMSE Eb: 0.507
RMSE Rch: 0.009
MAPE Eb: 0.444
MAPE Rch: 0.286
--------------------------------------------------
**************************************************
Z=8, N=9, emax=4
RMSE Eb: 0.527
RMSE Rch: 0.008
MAPE Eb: 0.542
MAPE Rch: 0.229
--------------------------------------------------
**************************************************
Z=8, N=9, emax=10
RMSE Eb: 0.489
RMSE Rch: 0.012
MAPE Eb: 0.345
MAPE Rch: 0.337
--------------------------------------------------
**************************************************
Z=8, N=10, emax=4
RMSE Eb: 0.618
RMSE Rch: 0.008
MAPE Eb: 0.635
MAPE Rch: 0.242
--------------------------------------------------
**************************************************
Z=8, N=10, emax=10
RMSE Eb: 0.831
RMSE Rch: 0.018
MAPE Eb: 0.539
MAPE Rch: 0.573
--------------------------------------------------
**************************************************
Z=8, N=10, emax=6
RMSE Eb: 0.479
RMSE Rch: 0.006
MAPE Eb: 0.376
MAPE Rch: 0.186
--------------------------------------------------
**************************************************
Z=8, N=10, emax=8
RMSE Eb: 0.664
RMSE Rch: 0.008
MAPE Eb: 0.466
MAPE Rch: 0.236
--------------------------------------------------
**************************************************
Z=8, N=11, emax=4
RMSE Eb: 0.743
RMSE Rch: 0.006
MAPE Eb: 0.821
MAPE Rch: 0.168
--------------------------------------------------
**************************************************
Z=8, N=11, emax=6
RMSE Eb: 0.449
RMSE Rch: 0.006
MAPE Eb: 0.325
MAPE Rch: 0.160
--------------------------------------------------
**************************************************
Z=8, N=11, emax=8
RMSE Eb: 0.610
RMSE Rch: 0.006
MAPE Eb: 0.438
MAPE Rch: 0.163
--------------------------------------------------
**************************************************
Z=8, N=11, emax=10
RMSE Eb: 0.787
RMSE Rch: 0.017
MAPE Eb: 0.585
MAPE Rch: 0.589
--------------------------------------------------
**************************************************
Z=8, N=12, emax=6
RMSE Eb: 0.501
RMSE Rch: 0.005
MAPE Eb: 0.349
MAPE Rch: 0.149
--------------------------------------------------
**************************************************
Z=8, N=12, emax=4
RMSE Eb: 0.718
RMSE Rch: 0.006
MAPE Eb: 0.755
MAPE Rch: 0.180
--------------------------------------------------
**************************************************
Z=8, N=12, emax=8
RMSE Eb: 0.645
RMSE Rch: 0.006
MAPE Eb: 0.451
MAPE Rch: 0.161
--------------------------------------------------
**************************************************
Z=8, N=12, emax=10
RMSE Eb: 1.008
RMSE Rch: 0.009
MAPE Eb: 0.737
MAPE Rch: 0.283
--------------------------------------------------
**************************************************
Z=8, N=13, emax=8
RMSE Eb: 0.702
RMSE Rch: 0.007
MAPE Eb: 0.446
MAPE Rch: 0.199
--------------------------------------------------
**************************************************
Z=8, N=13, emax=4
RMSE Eb: 0.586
RMSE Rch: 0.007
MAPE Eb: 0.566
MAPE Rch: 0.202
--------------------------------------------------
**************************************************
Z=8, N=13, emax=10
RMSE Eb: 0.747
RMSE Rch: 0.012
MAPE Eb: 0.503
MAPE Rch: 0.352
--------------------------------------------------
**************************************************
Z=8, N=13, emax=6
RMSE Eb: 0.613
RMSE Rch: 0.005
MAPE Eb: 0.428
MAPE Rch: 0.157
--------------------------------------------------
**************************************************
Z=8, N=14, emax=8
RMSE Eb: 0.892
RMSE Rch: 0.012
MAPE Eb: 0.549
MAPE Rch: 0.292
--------------------------------------------------
**************************************************
Z=8, N=14, emax=4
RMSE Eb: 0.724
RMSE Rch: 0.008
MAPE Eb: 0.719
MAPE Rch: 0.240
--------------------------------------------------
**************************************************
Z=8, N=14, emax=6
RMSE Eb: 0.562
RMSE Rch: 0.007
MAPE Eb: 0.425
MAPE Rch: 0.192
--------------------------------------------------
**************************************************
Z=8, N=14, emax=10
RMSE Eb: 0.916
RMSE Rch: 0.021
MAPE Eb: 0.572
MAPE Rch: 0.677
--------------------------------------------------
**************************************************
Z=8, N=15, emax=8
RMSE Eb: 0.747
RMSE Rch: 0.007
MAPE Eb: 0.441
MAPE Rch: 0.195
--------------------------------------------------
**************************************************
Z=8, N=15, emax=4
RMSE Eb: 0.805
RMSE Rch: 0.006
MAPE Eb: 0.777
MAPE Rch: 0.164
--------------------------------------------------
**************************************************
Z=8, N=15, emax=6
RMSE Eb: 0.591
RMSE Rch: 0.007
MAPE Eb: 0.426
MAPE Rch: 0.192
--------------------------------------------------
**************************************************
Z=8, N=15, emax=10
RMSE Eb: 0.981
RMSE Rch: 0.010
MAPE Eb: 0.605
MAPE Rch: 0.275
--------------------------------------------------
**************************************************
Z=8, N=16, emax=8
RMSE Eb: 0.918
RMSE Rch: 0.009
MAPE Eb: 0.563
MAPE Rch: 0.221
--------------------------------------------------
**************************************************
Z=8, N=16, emax=6
RMSE Eb: 0.719
RMSE Rch: 0.008
MAPE Eb: 0.490
MAPE Rch: 0.224
--------------------------------------------------
**************************************************
Z=8, N=16, emax=10
RMSE Eb: 1.011
RMSE Rch: 0.014
MAPE Eb: 0.537
MAPE Rch: 0.392
--------------------------------------------------
**************************************************
Z=8, N=16, emax=4
RMSE Eb: 0.799
RMSE Rch: 0.007
MAPE Eb: 0.829
MAPE Rch: 0.183
--------------------------------------------------
Finished VAL for AE n=372
**************************************************
Z=8, N=4, emax=6
RMSE Eb: 0.556
RMSE Rch: 0.013
MAPE Eb: 1.037
MAPE Rch: 0.593
--------------------------------------------------
**************************************************
Z=8, N=4, emax=8
RMSE Eb: 0.699
RMSE Rch: 0.019
MAPE Eb: 1.145
MAPE Rch: 0.884
--------------------------------------------------
**************************************************
Z=8, N=4, emax=4
RMSE Eb: 0.537
RMSE Rch: 0.009
MAPE Eb: 1.447
MAPE Rch: 0.417
--------------------------------------------------
**************************************************
Z=8, N=4, emax=10
RMSE Eb: 0.952
RMSE Rch: 0.027
MAPE Eb: 1.606
MAPE Rch: 1.370
--------------------------------------------------
**************************************************
Z=8, N=5, emax=4
RMSE Eb: 0.610
RMSE Rch: 0.007
MAPE Eb: 1.203
MAPE Rch: 0.292
--------------------------------------------------
**************************************************
Z=8, N=5, emax=8
RMSE Eb: 0.525
RMSE Rch: 0.013
MAPE Eb: 0.652
MAPE Rch: 0.614
--------------------------------------------------
**************************************************
Z=8, N=5, emax=6
RMSE Eb: 0.540
RMSE Rch: 0.007
MAPE Eb: 0.758
MAPE Rch: 0.374
--------------------------------------------------
**************************************************
Z=8, N=5, emax=10
RMSE Eb: 1.067
RMSE Rch: 0.022
MAPE Eb: 1.378
MAPE Rch: 1.189
--------------------------------------------------
**************************************************
Z=8, N=6, emax=4
RMSE Eb: 0.438
RMSE Rch: 0.008
MAPE Eb: 0.597
MAPE Rch: 0.396
--------------------------------------------------
**************************************************
Z=8, N=6, emax=8
RMSE Eb: 0.731
RMSE Rch: 0.013
MAPE Eb: 0.539
MAPE Rch: 0.545
--------------------------------------------------
**************************************************
Z=8, N=6, emax=6
RMSE Eb: 0.627
RMSE Rch: 0.008
MAPE Eb: 0.644
MAPE Rch: 0.399
--------------------------------------------------
**************************************************
Z=8, N=6, emax=10
RMSE Eb: 0.907
RMSE Rch: 0.013
MAPE Eb: 0.917
MAPE Rch: 0.680
--------------------------------------------------
**************************************************
Z=8, N=7, emax=4
RMSE Eb: 0.641
RMSE Rch: 0.015
MAPE Eb: 0.822
MAPE Rch: 0.825
--------------------------------------------------
**************************************************
Z=8, N=7, emax=8
RMSE Eb: 0.723
RMSE Rch: 0.012
MAPE Eb: 0.571
MAPE Rch: 0.644
--------------------------------------------------
**************************************************
Z=8, N=7, emax=6
RMSE Eb: 0.668
RMSE Rch: 0.013
MAPE Eb: 0.612
MAPE Rch: 0.739
--------------------------------------------------
**************************************************
Z=8, N=7, emax=10
RMSE Eb: 0.825
RMSE Rch: 0.020
MAPE Eb: 0.690
MAPE Rch: 1.172
--------------------------------------------------
**************************************************
Z=8, N=8, emax=4
RMSE Eb: 0.507
RMSE Rch: 0.007
MAPE Eb: 0.503
MAPE Rch: 0.174
--------------------------------------------------
**************************************************
Z=8, N=8, emax=6
RMSE Eb: 0.506
RMSE Rch: 0.010
MAPE Eb: 0.409
MAPE Rch: 0.281
--------------------------------------------------
**************************************************
Z=8, N=8, emax=8
RMSE Eb: 0.631
RMSE Rch: 0.009
MAPE Eb: 0.461
MAPE Rch: 0.227
--------------------------------------------------
**************************************************
Z=8, N=8, emax=10
RMSE Eb: 0.979
RMSE Rch: 0.011
MAPE Eb: 0.752
MAPE Rch: 0.326
--------------------------------------------------
**************************************************
Z=8, N=9, emax=4
RMSE Eb: 0.556
RMSE Rch: 0.008
MAPE Eb: 0.585
MAPE Rch: 0.245
--------------------------------------------------
**************************************************
Z=8, N=9, emax=8
RMSE Eb: 0.577
RMSE Rch: 0.010
MAPE Eb: 0.424
MAPE Rch: 0.300
--------------------------------------------------
**************************************************
Z=8, N=9, emax=6
RMSE Eb: 0.454
RMSE Rch: 0.010
MAPE Eb: 0.368
MAPE Rch: 0.290
--------------------------------------------------
**************************************************
Z=8, N=9, emax=10
RMSE Eb: 0.808
RMSE Rch: 0.012
MAPE Eb: 0.573
MAPE Rch: 0.375
--------------------------------------------------
**************************************************
Z=8, N=10, emax=4
RMSE Eb: 0.696
RMSE Rch: 0.009
MAPE Eb: 0.714
MAPE Rch: 0.250
--------------------------------------------------
**************************************************
Z=8, N=10, emax=6
RMSE Eb: 0.464
RMSE Rch: 0.007
MAPE Eb: 0.350
MAPE Rch: 0.196
--------------------------------------------------
**************************************************
Z=8, N=10, emax=8
RMSE Eb: 0.512
RMSE Rch: 0.007
MAPE Eb: 0.335
MAPE Rch: 0.217
--------------------------------------------------
**************************************************
Z=8, N=10, emax=10
RMSE Eb: 0.594
RMSE Rch: 0.012
MAPE Eb: 0.394
MAPE Rch: 0.376
--------------------------------------------------
**************************************************
Z=8, N=11, emax=8
RMSE Eb: 0.679
RMSE Rch: 0.008
MAPE Eb: 0.447
MAPE Rch: 0.213
--------------------------------------------------
**************************************************
Z=8, N=11, emax=4
RMSE Eb: 0.664
RMSE Rch: 0.007
MAPE Eb: 0.720
MAPE Rch: 0.189
--------------------------------------------------
**************************************************
Z=8, N=11, emax=6
RMSE Eb: 0.516
RMSE Rch: 0.007
MAPE Eb: 0.412
MAPE Rch: 0.199
--------------------------------------------------
**************************************************
Z=8, N=11, emax=10
RMSE Eb: 0.961
RMSE Rch: 0.013
MAPE Eb: 0.698
MAPE Rch: 0.415
--------------------------------------------------
**************************************************
Z=8, N=12, emax=6
RMSE Eb: 0.452
RMSE Rch: 0.005
MAPE Eb: 0.329
MAPE Rch: 0.144
--------------------------------------------------
**************************************************
Z=8, N=12, emax=8
RMSE Eb: 0.674
RMSE Rch: 0.006
MAPE Eb: 0.435
MAPE Rch: 0.151
--------------------------------------------------
**************************************************
Z=8, N=12, emax=4
RMSE Eb: 0.776
RMSE Rch: 0.005
MAPE Eb: 0.842
MAPE Rch: 0.154
--------------------------------------------------
**************************************************
Z=8, N=12, emax=10
RMSE Eb: 0.998
RMSE Rch: 0.013
MAPE Eb: 0.684
MAPE Rch: 0.361
--------------------------------------------------
**************************************************
Z=8, N=13, emax=8
RMSE Eb: 0.651
RMSE Rch: 0.006
MAPE Eb: 0.426
MAPE Rch: 0.190
--------------------------------------------------
**************************************************
Z=8, N=13, emax=4
RMSE Eb: 0.702
RMSE Rch: 0.007
MAPE Eb: 0.727
MAPE Rch: 0.201
--------------------------------------------------
**************************************************
Z=8, N=13, emax=6
RMSE Eb: 0.543
RMSE Rch: 0.005
MAPE Eb: 0.387
MAPE Rch: 0.137
--------------------------------------------------
**************************************************
Z=8, N=13, emax=10
RMSE Eb: 0.557
RMSE Rch: 0.013
MAPE Eb: 0.359
MAPE Rch: 0.394
--------------------------------------------------
**************************************************
Z=8, N=14, emax=6
RMSE Eb: 0.613
RMSE Rch: 0.007
MAPE Eb: 0.426
MAPE Rch: 0.193
--------------------------------------------------
**************************************************
Z=8, N=14, emax=10
RMSE Eb: 0.850
RMSE Rch: 0.018
MAPE Eb: 0.476
MAPE Rch: 0.556
--------------------------------------------------
**************************************************
Z=8, N=14, emax=4
RMSE Eb: 0.786
RMSE Rch: 0.008
MAPE Eb: 0.772
MAPE Rch: 0.231
--------------------------------------------------
**************************************************
Z=8, N=14, emax=8
RMSE Eb: 0.752
RMSE Rch: 0.010
MAPE Eb: 0.496
MAPE Rch: 0.277
--------------------------------------------------
**************************************************
Z=8, N=15, emax=8
RMSE Eb: 0.619
RMSE Rch: 0.007
MAPE Eb: 0.381
MAPE Rch: 0.206
--------------------------------------------------
**************************************************
Z=8, N=15, emax=6
RMSE Eb: 0.552
RMSE Rch: 0.007
MAPE Eb: 0.383
MAPE Rch: 0.171
--------------------------------------------------
**************************************************
Z=8, N=15, emax=4
RMSE Eb: 0.761
RMSE Rch: 0.007
MAPE Eb: 0.817
MAPE Rch: 0.182
--------------------------------------------------
**************************************************
Z=8, N=15, emax=10
RMSE Eb: 0.785
RMSE Rch: 0.010
MAPE Eb: 0.449
MAPE Rch: 0.317
--------------------------------------------------
**************************************************
Z=8, N=16, emax=4
RMSE Eb: 0.912
RMSE Rch: 0.008
MAPE Eb: 0.959
MAPE Rch: 0.207
--------------------------------------------------
**************************************************
Z=8, N=16, emax=8
RMSE Eb: 0.895
RMSE Rch: 0.006
MAPE Eb: 0.554
MAPE Rch: 0.173
--------------------------------------------------
**************************************************
Z=8, N=16, emax=6
RMSE Eb: 0.659
RMSE Rch: 0.006
MAPE Eb: 0.450
MAPE Rch: 0.162
--------------------------------------------------
**************************************************
Z=8, N=16, emax=10
RMSE Eb: 0.765
RMSE Rch: 0.012
MAPE Eb: 0.474
MAPE Rch: 0.396
--------------------------------------------------
