Activated conda environment
[DataLoader] Found 13 files matching the pattern.
[DataLoader] Combined data shape: (17234, 35)
[Preprocess] Data split => train: (11029, 35), val: (2758, 35), test: (3447, 35)
[Preprocess] Processed fidelity 4 (index 0): 3758 samples.
[Preprocess] Processed fidelity 6 (index 1): 3346 samples.
[Preprocess] Processed fidelity 8 (index 2): 3194 samples.
[Preprocess] Processed fidelity 10 (index 3): 731 samples.
[Preprocess] Processed fidelity 4 (index 0): 949 samples.
[Preprocess] Processed fidelity 6 (index 1): 833 samples.
[Preprocess] Processed fidelity 8 (index 2): 801 samples.
[Preprocess] Processed fidelity 10 (index 3): 175 samples.
Fidelity levels: [4, 6, 8, 10]
[Trainer] Starting BNN training...
[Trainer] No improvement. Iteration 8500. Early stopping counter: 1, LR counter: 1
[Trainer] No improvement. Iteration 8600. Early stopping counter: 2, LR counter: 2
[Trainer] No improvement. Iteration 8700. Early stopping counter: 3, LR counter: 3
[Trainer] No improvement. Iteration 9000. Early stopping counter: 1, LR counter: 1
[Trainer] No improvement. Iteration 9100. Early stopping counter: 2, LR counter: 2
[Trainer] No improvement. Iteration 9400. Early stopping counter: 1, LR counter: 1
[Trainer] No improvement. Iteration 9800. Early stopping counter: 1, LR counter: 1
[Trainer] No improvement. Iteration 9900. Early stopping counter: 2, LR counter: 2
[Trainer] No improvement. Iteration 10000. Early stopping counter: 3, LR counter: 3
[Trainer] No improvement. Iteration 10100. Early stopping counter: 4, LR counter: 4
[Trainer] No improvement. Iteration 10200. Early stopping counter: 5, LR counter: 5
[Trainer] No improvement. Iteration 10300. Early stopping counter: 6, LR counter: 6
[Trainer] No improvement. Iteration 10400. Early stopping counter: 7, LR counter: 7
[Trainer] No improvement. Iteration 10500. Early stopping counter: 8, LR counter: 8
[Trainer] No improvement. Iteration 10600. Early stopping counter: 9, LR counter: 9
[Trainer] No improvement. Iteration 10700. Early stopping counter: 10, LR counter: 10
[Trainer] No improvement. Iteration 10800. Early stopping counter: 11, LR counter: 11
[Trainer] No improvement. Iteration 10900. Early stopping counter: 12, LR counter: 12
[Trainer] No improvement. Iteration 11200. Early stopping counter: 1, LR counter: 1
[Trainer] No improvement. Iteration 11500. Early stopping counter: 1, LR counter: 1
[Trainer] No improvement. Iteration 12000. Early stopping counter: 1, LR counter: 1
[Trainer] No improvement. Iteration 12100. Early stopping counter: 2, LR counter: 2
[Trainer] No improvement. Iteration 12200. Early stopping counter: 3, LR counter: 3
[Trainer] No improvement. Iteration 12300. Early stopping counter: 4, LR counter: 4
[Trainer] No improvement. Iteration 12400. Early stopping counter: 5, LR counter: 5
[Trainer] No improvement. Iteration 12500. Early stopping counter: 6, LR counter: 6
[Trainer] No improvement. Iteration 12600. Early stopping counter: 7, LR counter: 7
[Trainer] No improvement. Iteration 12700. Early stopping counter: 8, LR counter: 8
[Trainer] No improvement. Iteration 12800. Early stopping counter: 9, LR counter: 9
[Trainer] No improvement. Iteration 12900. Early stopping counter: 10, LR counter: 10
[Trainer] No improvement. Iteration 13000. Early stopping counter: 11, LR counter: 11
[Trainer] No improvement. Iteration 13100. Early stopping counter: 12, LR counter: 12
[Trainer] No improvement. Iteration 13200. Early stopping counter: 13, LR counter: 13
[Trainer] No improvement. Iteration 13300. Early stopping counter: 14, LR counter: 14
[Trainer] No improvement. Iteration 13400. Early stopping counter: 15, LR counter: 15
[Trainer] No improvement. Iteration 13500. Early stopping counter: 16, LR counter: 16
[Trainer] No improvement. Iteration 13600. Early stopping counter: 17, LR counter: 17
[Trainer] No improvement. Iteration 13700. Early stopping counter: 18, LR counter: 18
[Trainer] No improvement. Iteration 13800. Early stopping counter: 19, LR counter: 19
[Trainer] No improvement. Iteration 13900. Early stopping counter: 20, LR counter: 20
[Trainer] No improvement. Iteration 14000. Early stopping counter: 21, LR counter: 21
[Trainer] No improvement. Iteration 14100. Early stopping counter: 22, LR counter: 22
[Trainer] No improvement. Iteration 14200. Early stopping counter: 23, LR counter: 23
[Trainer] No improvement. Iteration 14300. Early stopping counter: 24, LR counter: 24
[Trainer] No improvement. Iteration 14400. Early stopping counter: 25, LR counter: 25
[Trainer] Learning rate reduced to: 0.000010
[Trainer] No improvement. Iteration 14500. Early stopping counter: 26, LR counter: 1
[Trainer] No improvement. Iteration 14600. Early stopping counter: 27, LR counter: 2
[Trainer] No improvement. Iteration 14900. Early stopping counter: 1, LR counter: 1
[Trainer] No improvement. Iteration 15000. Early stopping counter: 2, LR counter: 2
[Trainer] No improvement. Iteration 15100. Early stopping counter: 3, LR counter: 3
[Trainer] No improvement. Iteration 15200. Early stopping counter: 4, LR counter: 4
[Trainer] No improvement. Iteration 15300. Early stopping counter: 5, LR counter: 5
[Trainer] No improvement. Iteration 15400. Early stopping counter: 6, LR counter: 6
[Trainer] No improvement. Iteration 15500. Early stopping counter: 7, LR counter: 7
[Trainer] No improvement. Iteration 15600. Early stopping counter: 8, LR counter: 8
[Trainer] No improvement. Iteration 15700. Early stopping counter: 9, LR counter: 9
[Trainer] No improvement. Iteration 15800. Early stopping counter: 10, LR counter: 10
[Trainer] No improvement. Iteration 15900. Early stopping counter: 11, LR counter: 11
[Trainer] No improvement. Iteration 16000. Early stopping counter: 12, LR counter: 12
[Trainer] No improvement. Iteration 16100. Early stopping counter: 13, LR counter: 13
[Trainer] No improvement. Iteration 16200. Early stopping counter: 14, LR counter: 14
[Trainer] No improvement. Iteration 16300. Early stopping counter: 15, LR counter: 15
[Trainer] No improvement. Iteration 16400. Early stopping counter: 16, LR counter: 16
[Trainer] No improvement. Iteration 16500. Early stopping counter: 17, LR counter: 17
[Trainer] No improvement. Iteration 16600. Early stopping counter: 18, LR counter: 18
[Trainer] No improvement. Iteration 16700. Early stopping counter: 19, LR counter: 19
[Trainer] No improvement. Iteration 16800. Early stopping counter: 20, LR counter: 20
[Trainer] No improvement. Iteration 16900. Early stopping counter: 21, LR counter: 21
[Trainer] No improvement. Iteration 17000. Early stopping counter: 22, LR counter: 22
[Trainer] No improvement. Iteration 17100. Early stopping counter: 23, LR counter: 23
[Trainer] No improvement. Iteration 17200. Early stopping counter: 24, LR counter: 24
[Trainer] No improvement. Iteration 17300. Early stopping counter: 25, LR counter: 25
[Trainer] Learning rate reduced to: 0.000001
[Trainer] No improvement. Iteration 17400. Early stopping counter: 26, LR counter: 1
[Trainer] No improvement. Iteration 17500. Early stopping counter: 27, LR counter: 2
[Trainer] No improvement. Iteration 17600. Early stopping counter: 28, LR counter: 3
[Trainer] No improvement. Iteration 17700. Early stopping counter: 29, LR counter: 4
[Trainer] No improvement. Iteration 17800. Early stopping counter: 30, LR counter: 5
[Trainer] No improvement. Iteration 17900. Early stopping counter: 31, LR counter: 6
[Trainer] No improvement. Iteration 18000. Early stopping counter: 32, LR counter: 7
[Trainer] No improvement. Iteration 18100. Early stopping counter: 33, LR counter: 8
[Trainer] No improvement. Iteration 18200. Early stopping counter: 34, LR counter: 9
[Trainer] No improvement. Iteration 18300. Early stopping counter: 35, LR counter: 10
[Trainer] No improvement. Iteration 18400. Early stopping counter: 36, LR counter: 11
[Trainer] No improvement. Iteration 18500. Early stopping counter: 37, LR counter: 12
[Trainer] No improvement. Iteration 18600. Early stopping counter: 38, LR counter: 13
[Trainer] No improvement. Iteration 18700. Early stopping counter: 39, LR counter: 14
[Trainer] No improvement. Iteration 18800. Early stopping counter: 40, LR counter: 15
[Trainer] No improvement. Iteration 18900. Early stopping counter: 41, LR counter: 16
[Trainer] No improvement. Iteration 19000. Early stopping counter: 42, LR counter: 17
[Trainer] No improvement. Iteration 19100. Early stopping counter: 43, LR counter: 18
[Trainer] No improvement. Iteration 19200. Early stopping counter: 44, LR counter: 19
[Trainer] No improvement. Iteration 19300. Early stopping counter: 45, LR counter: 20
[Trainer] No improvement. Iteration 19400. Early stopping counter: 46, LR counter: 21
[Trainer] No improvement. Iteration 19500. Early stopping counter: 47, LR counter: 22
[Trainer] No improvement. Iteration 19600. Early stopping counter: 48, LR counter: 23
[Trainer] No improvement. Iteration 19700. Early stopping counter: 49, LR counter: 24
[Trainer] No improvement. Iteration 19800. Early stopping counter: 50, LR counter: 25
[Trainer] Learning rate reduced to: 0.000000
[Trainer] Early stopping triggered.
[Trainer] Training completed.
[Trainer] Calibrating temperatures on validation set...
[Trainer] Temperature calibration finished. Calibrated temperatures: {4: 1.142314076423645, 6: 1.0231807231903076, 8: 1.167414903640747, 10: 1.3332395553588867}
[Trainer] BNN training completed.
**************************************************
Z=8, N=4, emax=4
RMSE Eb: 1.452
RMSE Rch: 0.017
MAPE Eb: 4.753
MAPE Rch: 0.767
--------------------------------------------------
**************************************************
Z=8, N=4, emax=10
RMSE Eb: 1.013
RMSE Rch: 0.051
MAPE Eb: 1.513
MAPE Rch: 2.463
--------------------------------------------------
**************************************************
Z=8, N=4, emax=6
RMSE Eb: 1.067
RMSE Rch: 0.019
MAPE Eb: 2.044
MAPE Rch: 0.889
--------------------------------------------------
**************************************************
Z=8, N=4, emax=8
RMSE Eb: 0.948
RMSE Rch: 0.025
MAPE Eb: 1.574
MAPE Rch: 1.187
--------------------------------------------------
**************************************************
Z=8, N=5, emax=8
RMSE Eb: 0.959
RMSE Rch: 0.024
MAPE Eb: 1.271
MAPE Rch: 1.295
--------------------------------------------------
**************************************************
Z=8, N=5, emax=6
RMSE Eb: 0.970
RMSE Rch: 0.018
MAPE Eb: 1.303
MAPE Rch: 0.945
--------------------------------------------------
**************************************************
Z=8, N=5, emax=4
RMSE Eb: 0.755
RMSE Rch: 0.016
MAPE Eb: 1.540
MAPE Rch: 0.811
--------------------------------------------------
**************************************************
Z=8, N=5, emax=10
RMSE Eb: 1.296
RMSE Rch: 0.027
MAPE Eb: 1.950
MAPE Rch: 1.436
--------------------------------------------------
**************************************************
Z=8, N=6, emax=4
RMSE Eb: 0.811
RMSE Rch: 0.020
MAPE Eb: 1.234
MAPE Rch: 1.081
--------------------------------------------------
**************************************************
Z=8, N=6, emax=6
RMSE Eb: 0.883
RMSE Rch: 0.019
MAPE Eb: 0.843
MAPE Rch: 1.050
--------------------------------------------------
**************************************************
Z=8, N=6, emax=8
RMSE Eb: 1.210
RMSE Rch: 0.027
MAPE Eb: 1.108
MAPE Rch: 1.513
--------------------------------------------------
**************************************************
Z=8, N=6, emax=10
RMSE Eb: 1.599
RMSE Rch: 0.026
MAPE Eb: 1.593
MAPE Rch: 1.279
--------------------------------------------------
**************************************************
Z=8, N=7, emax=8
RMSE Eb: 0.940
RMSE Rch: 0.019
MAPE Eb: 0.787
MAPE Rch: 1.131
--------------------------------------------------
**************************************************
Z=8, N=7, emax=10
RMSE Eb: 1.322
RMSE Rch: 0.020
MAPE Eb: 0.960
MAPE Rch: 1.093
--------------------------------------------------
**************************************************
Z=8, N=7, emax=6
RMSE Eb: 0.886
RMSE Rch: 0.016
MAPE Eb: 0.814
MAPE Rch: 0.887
--------------------------------------------------
**************************************************
Z=8, N=7, emax=4
RMSE Eb: 0.693
RMSE Rch: 0.020
MAPE Eb: 0.811
MAPE Rch: 1.097
--------------------------------------------------
**************************************************
Z=8, N=8, emax=4
RMSE Eb: 1.013
RMSE Rch: 0.016
MAPE Eb: 1.164
MAPE Rch: 0.496
--------------------------------------------------
**************************************************
Z=8, N=8, emax=8
RMSE Eb: 1.232
RMSE Rch: 0.014
MAPE Eb: 0.946
MAPE Rch: 0.415
--------------------------------------------------
**************************************************
Z=8, N=8, emax=6
RMSE Eb: 0.843
RMSE Rch: 0.012
MAPE Eb: 0.710
MAPE Rch: 0.356
--------------------------------------------------
**************************************************
Z=8, N=8, emax=10
RMSE Eb: 1.413
RMSE Rch: 0.016
MAPE Eb: 0.871
MAPE Rch: 0.467
--------------------------------------------------
**************************************************
Z=8, N=9, emax=8
RMSE Eb: 1.191
RMSE Rch: 0.012
MAPE Eb: 0.860
MAPE Rch: 0.354
--------------------------------------------------
**************************************************
Z=8, N=9, emax=6
RMSE Eb: 0.881
RMSE Rch: 0.008
MAPE Eb: 0.687
MAPE Rch: 0.236
--------------------------------------------------
**************************************************
Z=8, N=9, emax=4
RMSE Eb: 0.837
RMSE Rch: 0.014
MAPE Eb: 0.808
MAPE Rch: 0.365
--------------------------------------------------
**************************************************
Z=8, N=9, emax=10
RMSE Eb: 0.940
RMSE Rch: 0.009
MAPE Eb: 0.688
MAPE Rch: 0.232
--------------------------------------------------
**************************************************
Z=8, N=10, emax=4
RMSE Eb: 0.700
RMSE Rch: 0.007
MAPE Eb: 0.693
MAPE Rch: 0.192
--------------------------------------------------
**************************************************
Z=8, N=10, emax=10
RMSE Eb: 0.917
RMSE Rch: 0.006
MAPE Eb: 0.638
MAPE Rch: 0.169
--------------------------------------------------
**************************************************
Z=8, N=10, emax=6
RMSE Eb: 0.757
RMSE Rch: 0.007
MAPE Eb: 0.628
MAPE Rch: 0.208
--------------------------------------------------
**************************************************
Z=8, N=10, emax=8
RMSE Eb: 0.865
RMSE Rch: 0.008
MAPE Eb: 0.610
MAPE Rch: 0.240
--------------------------------------------------
**************************************************
Z=8, N=11, emax=4
RMSE Eb: 0.823
RMSE Rch: 0.007
MAPE Eb: 0.935
MAPE Rch: 0.188
--------------------------------------------------
**************************************************
Z=8, N=11, emax=6
RMSE Eb: 0.703
RMSE Rch: 0.006
MAPE Eb: 0.549
MAPE Rch: 0.166
--------------------------------------------------
**************************************************
Z=8, N=11, emax=8
RMSE Eb: 0.992
RMSE Rch: 0.007
MAPE Eb: 0.736
MAPE Rch: 0.233
--------------------------------------------------
**************************************************
Z=8, N=11, emax=10
RMSE Eb: 1.121
RMSE Rch: 0.009
MAPE Eb: 0.828
MAPE Rch: 0.303
--------------------------------------------------
**************************************************
Z=8, N=12, emax=6
RMSE Eb: 0.815
RMSE Rch: 0.006
MAPE Eb: 0.610
MAPE Rch: 0.160
--------------------------------------------------
**************************************************
Z=8, N=12, emax=4
RMSE Eb: 0.759
RMSE Rch: 0.007
MAPE Eb: 0.743
MAPE Rch: 0.195
--------------------------------------------------
**************************************************
Z=8, N=12, emax=8
RMSE Eb: 0.936
RMSE Rch: 0.009
MAPE Eb: 0.641
MAPE Rch: 0.262
--------------------------------------------------
**************************************************
Z=8, N=12, emax=10
RMSE Eb: 0.870
RMSE Rch: 0.006
MAPE Eb: 0.564
MAPE Rch: 0.176
--------------------------------------------------
**************************************************
Z=8, N=13, emax=8
RMSE Eb: 1.052
RMSE Rch: 0.008
MAPE Eb: 0.699
MAPE Rch: 0.226
--------------------------------------------------
**************************************************
Z=8, N=13, emax=4
RMSE Eb: 0.986
RMSE Rch: 0.008
MAPE Eb: 0.963
MAPE Rch: 0.222
--------------------------------------------------
**************************************************
Z=8, N=13, emax=10
RMSE Eb: 1.114
RMSE Rch: 0.006
MAPE Eb: 0.661
MAPE Rch: 0.158
--------------------------------------------------
**************************************************
Z=8, N=13, emax=6
RMSE Eb: 0.831
RMSE Rch: 0.007
MAPE Eb: 0.628
MAPE Rch: 0.185
--------------------------------------------------
**************************************************
Z=8, N=14, emax=8
RMSE Eb: 1.497
RMSE Rch: 0.014
MAPE Eb: 0.894
MAPE Rch: 0.349
--------------------------------------------------
**************************************************
Z=8, N=14, emax=4
RMSE Eb: 0.993
RMSE Rch: 0.009
MAPE Eb: 0.989
MAPE Rch: 0.250
--------------------------------------------------
**************************************************
Z=8, N=14, emax=6
RMSE Eb: 0.787
RMSE Rch: 0.007
MAPE Eb: 0.556
MAPE Rch: 0.190
--------------------------------------------------
**************************************************
Z=8, N=14, emax=10
RMSE Eb: 1.680
RMSE Rch: 0.008
MAPE Eb: 1.167
MAPE Rch: 0.198
--------------------------------------------------
**************************************************
Z=8, N=15, emax=8
RMSE Eb: 1.283
RMSE Rch: 0.008
MAPE Eb: 0.845
MAPE Rch: 0.221
--------------------------------------------------
**************************************************
Z=8, N=15, emax=4
RMSE Eb: 1.337
RMSE Rch: 0.009
MAPE Eb: 1.039
MAPE Rch: 0.247
--------------------------------------------------
**************************************************
Z=8, N=15, emax=6
RMSE Eb: 1.170
RMSE Rch: 0.008
MAPE Eb: 0.878
MAPE Rch: 0.209
--------------------------------------------------
**************************************************
Z=8, N=15, emax=10
RMSE Eb: 1.226
RMSE Rch: 0.007
MAPE Eb: 0.652
MAPE Rch: 0.184
--------------------------------------------------
**************************************************
Z=8, N=16, emax=8
RMSE Eb: 1.378
RMSE Rch: 0.012
MAPE Eb: 0.829
MAPE Rch: 0.349
--------------------------------------------------
**************************************************
Z=8, N=16, emax=6
RMSE Eb: 0.959
RMSE Rch: 0.009
MAPE Eb: 0.651
MAPE Rch: 0.261
--------------------------------------------------
**************************************************
Z=8, N=16, emax=10
RMSE Eb: 1.188
RMSE Rch: 0.007
MAPE Eb: 0.681
MAPE Rch: 0.198
--------------------------------------------------
**************************************************
Z=8, N=16, emax=4
RMSE Eb: 1.089
RMSE Rch: 0.010
MAPE Eb: 1.064
MAPE Rch: 0.274
--------------------------------------------------
Finished VAL for AE n=65
**************************************************
Z=8, N=4, emax=6
RMSE Eb: 1.104
RMSE Rch: 0.015
MAPE Eb: 1.954
MAPE Rch: 0.734
--------------------------------------------------
**************************************************
Z=8, N=4, emax=8
RMSE Eb: 0.994
RMSE Rch: 0.025
MAPE Eb: 1.544
MAPE Rch: 1.224
--------------------------------------------------
**************************************************
Z=8, N=4, emax=4
RMSE Eb: 1.642
RMSE Rch: 0.019
MAPE Eb: 4.874
MAPE Rch: 0.894
--------------------------------------------------
**************************************************
Z=8, N=4, emax=10
RMSE Eb: 1.527
RMSE Rch: 0.038
MAPE Eb: 1.947
MAPE Rch: 1.737
--------------------------------------------------
**************************************************
Z=8, N=5, emax=4
RMSE Eb: 0.810
RMSE Rch: 0.016
MAPE Eb: 1.675
MAPE Rch: 0.786
--------------------------------------------------
**************************************************
Z=8, N=5, emax=8
RMSE Eb: 1.075
RMSE Rch: 0.023
MAPE Eb: 1.356
MAPE Rch: 1.240
--------------------------------------------------
**************************************************
Z=8, N=5, emax=6
RMSE Eb: 0.974
RMSE Rch: 0.018
MAPE Eb: 1.451
MAPE Rch: 0.973
--------------------------------------------------
**************************************************
Z=8, N=5, emax=10
RMSE Eb: 1.275
RMSE Rch: 0.017
MAPE Eb: 1.495
MAPE Rch: 1.000
--------------------------------------------------
**************************************************
Z=8, N=6, emax=4
RMSE Eb: 0.891
RMSE Rch: 0.021
MAPE Eb: 1.263
MAPE Rch: 1.060
--------------------------------------------------
**************************************************
Z=8, N=6, emax=8
RMSE Eb: 1.341
RMSE Rch: 0.025
MAPE Eb: 1.137
MAPE Rch: 1.380
--------------------------------------------------
**************************************************
Z=8, N=6, emax=6
RMSE Eb: 0.694
RMSE Rch: 0.021
MAPE Eb: 0.758
MAPE Rch: 1.117
--------------------------------------------------
**************************************************
Z=8, N=6, emax=10
RMSE Eb: 0.675
RMSE Rch: 0.027
MAPE Eb: 0.648
MAPE Rch: 1.555
--------------------------------------------------
**************************************************
Z=8, N=7, emax=4
RMSE Eb: 0.742
RMSE Rch: 0.019
MAPE Eb: 0.850
MAPE Rch: 1.093
--------------------------------------------------
**************************************************
Z=8, N=7, emax=8
RMSE Eb: 1.134
RMSE Rch: 0.019
MAPE Eb: 1.006
MAPE Rch: 1.072
--------------------------------------------------
**************************************************
Z=8, N=7, emax=6
RMSE Eb: 0.674
RMSE Rch: 0.018
MAPE Eb: 0.633
MAPE Rch: 0.997
--------------------------------------------------
**************************************************
Z=8, N=7, emax=10
RMSE Eb: 1.165
RMSE Rch: 0.019
MAPE Eb: 0.922
MAPE Rch: 1.184
--------------------------------------------------
**************************************************
Z=8, N=8, emax=4
RMSE Eb: 1.118
RMSE Rch: 0.017
MAPE Eb: 1.142
MAPE Rch: 0.493
--------------------------------------------------
**************************************************
Z=8, N=8, emax=6
RMSE Eb: 0.863
RMSE Rch: 0.012
MAPE Eb: 0.654
MAPE Rch: 0.369
--------------------------------------------------
**************************************************
Z=8, N=8, emax=8
RMSE Eb: 1.080
RMSE Rch: 0.015
MAPE Eb: 0.812
MAPE Rch: 0.449
--------------------------------------------------
**************************************************
Z=8, N=8, emax=10
RMSE Eb: 1.211
RMSE Rch: 0.015
MAPE Eb: 0.900
MAPE Rch: 0.425
--------------------------------------------------
**************************************************
Z=8, N=9, emax=4
RMSE Eb: 0.785
RMSE Rch: 0.010
MAPE Eb: 0.822
MAPE Rch: 0.281
--------------------------------------------------
**************************************************
Z=8, N=9, emax=8
RMSE Eb: 1.189
RMSE Rch: 0.013
MAPE Eb: 0.869
MAPE Rch: 0.385
--------------------------------------------------
**************************************************
Z=8, N=9, emax=6
RMSE Eb: 0.875
RMSE Rch: 0.010
MAPE Eb: 0.737
MAPE Rch: 0.275
--------------------------------------------------
**************************************************
Z=8, N=9, emax=10
RMSE Eb: 1.310
RMSE Rch: 0.009
MAPE Eb: 0.802
MAPE Rch: 0.257
--------------------------------------------------
**************************************************
Z=8, N=10, emax=4
RMSE Eb: 0.599
RMSE Rch: 0.008
MAPE Eb: 0.639
MAPE Rch: 0.234
--------------------------------------------------
**************************************************
Z=8, N=10, emax=6
RMSE Eb: 0.908
RMSE Rch: 0.008
MAPE Eb: 0.710
MAPE Rch: 0.232
--------------------------------------------------
**************************************************
Z=8, N=10, emax=8
RMSE Eb: 0.753
RMSE Rch: 0.007
MAPE Eb: 0.530
MAPE Rch: 0.216
--------------------------------------------------
**************************************************
Z=8, N=10, emax=10
RMSE Eb: 1.255
RMSE Rch: 0.006
MAPE Eb: 0.854
MAPE Rch: 0.199
--------------------------------------------------
**************************************************
Z=8, N=11, emax=8
RMSE Eb: 0.978
RMSE Rch: 0.009
MAPE Eb: 0.674
MAPE Rch: 0.251
--------------------------------------------------
**************************************************
Z=8, N=11, emax=4
RMSE Eb: 0.867
RMSE Rch: 0.007
MAPE Eb: 0.942
MAPE Rch: 0.179
--------------------------------------------------
**************************************************
Z=8, N=11, emax=6
RMSE Eb: 0.748
RMSE Rch: 0.006
MAPE Eb: 0.601
MAPE Rch: 0.170
--------------------------------------------------
**************************************************
Z=8, N=11, emax=10
RMSE Eb: 1.095
RMSE Rch: 0.005
MAPE Eb: 0.651
MAPE Rch: 0.155
--------------------------------------------------
**************************************************
Z=8, N=12, emax=6
RMSE Eb: 0.760
RMSE Rch: 0.005
MAPE Eb: 0.556
MAPE Rch: 0.149
--------------------------------------------------
**************************************************
Z=8, N=12, emax=8
RMSE Eb: 1.085
RMSE Rch: 0.009
MAPE Eb: 0.739
MAPE Rch: 0.269
--------------------------------------------------
**************************************************
Z=8, N=12, emax=4
RMSE Eb: 0.896
RMSE Rch: 0.007
MAPE Eb: 0.856
MAPE Rch: 0.181
--------------------------------------------------
**************************************************
Z=8, N=12, emax=10
RMSE Eb: 1.330
RMSE Rch: 0.007
MAPE Eb: 0.914
MAPE Rch: 0.227
--------------------------------------------------
**************************************************
Z=8, N=13, emax=8
RMSE Eb: 1.070
RMSE Rch: 0.008
MAPE Eb: 0.675
MAPE Rch: 0.232
--------------------------------------------------
**************************************************
Z=8, N=13, emax=4
RMSE Eb: 0.749
RMSE Rch: 0.008
MAPE Eb: 0.815
MAPE Rch: 0.224
--------------------------------------------------
**************************************************
Z=8, N=13, emax=6
RMSE Eb: 0.705
RMSE Rch: 0.007
MAPE Eb: 0.521
MAPE Rch: 0.192
--------------------------------------------------
**************************************************
Z=8, N=13, emax=10
RMSE Eb: 1.075
RMSE Rch: 0.006
MAPE Eb: 0.754
MAPE Rch: 0.171
--------------------------------------------------
**************************************************
Z=8, N=14, emax=6
RMSE Eb: 1.085
RMSE Rch: 0.009
MAPE Eb: 0.725
MAPE Rch: 0.252
--------------------------------------------------
**************************************************
Z=8, N=14, emax=10
RMSE Eb: 1.367
RMSE Rch: 0.011
MAPE Eb: 0.854
MAPE Rch: 0.255
--------------------------------------------------
**************************************************
Z=8, N=14, emax=4
RMSE Eb: 1.144
RMSE Rch: 0.010
MAPE Eb: 1.186
MAPE Rch: 0.265
--------------------------------------------------
**************************************************
Z=8, N=14, emax=8
RMSE Eb: 1.479
RMSE Rch: 0.010
MAPE Eb: 0.943
MAPE Rch: 0.262
--------------------------------------------------
**************************************************
Z=8, N=15, emax=8
RMSE Eb: 1.175
RMSE Rch: 0.010
MAPE Eb: 0.737
MAPE Rch: 0.273
--------------------------------------------------
**************************************************
Z=8, N=15, emax=6
RMSE Eb: 1.050
RMSE Rch: 0.008
MAPE Eb: 0.719
MAPE Rch: 0.208
--------------------------------------------------
**************************************************
Z=8, N=15, emax=4
RMSE Eb: 1.018
RMSE Rch: 0.009
MAPE Eb: 1.005
MAPE Rch: 0.225
--------------------------------------------------
**************************************************
Z=8, N=15, emax=10
RMSE Eb: 1.102
RMSE Rch: 0.009
MAPE Eb: 0.703
MAPE Rch: 0.280
--------------------------------------------------
**************************************************
Z=8, N=16, emax=4
RMSE Eb: 1.208
RMSE Rch: 0.011
MAPE Eb: 1.110
MAPE Rch: 0.295
--------------------------------------------------
**************************************************
Z=8, N=16, emax=8
RMSE Eb: 1.276
RMSE Rch: 0.011
MAPE Eb: 0.837
MAPE Rch: 0.312
--------------------------------------------------
**************************************************
Z=8, N=16, emax=6
RMSE Eb: 1.012
RMSE Rch: 0.010
MAPE Eb: 0.677
MAPE Rch: 0.267
--------------------------------------------------
**************************************************
Z=8, N=16, emax=10
RMSE Eb: 1.881
RMSE Rch: 0.013
MAPE Eb: 1.147
MAPE Rch: 0.349
--------------------------------------------------
