Activated conda environment
[DataLoader] Found 13 files matching the pattern.
[DataLoader] Combined data shape: (17234, 35)
[Preprocess] Data split => train: (11029, 35), val: (2758, 35), test: (3447, 35)
[Preprocess] Processed fidelity 4 (index 0): 3758 samples.
[Preprocess] Processed fidelity 6 (index 1): 3346 samples.
[Preprocess] Processed fidelity 8 (index 2): 3194 samples.
[Preprocess] Processed fidelity 10 (index 3): 731 samples.
[Preprocess] Processed fidelity 4 (index 0): 949 samples.
[Preprocess] Processed fidelity 6 (index 1): 833 samples.
[Preprocess] Processed fidelity 8 (index 2): 801 samples.
[Preprocess] Processed fidelity 10 (index 3): 175 samples.
Fidelity levels: [4, 6, 8, 10]
[Trainer] Starting BNN training...
[Trainer] No improvement. Iteration 8100. Early stopping counter: 1, LR counter: 1
[Trainer] No improvement. Iteration 8300. Early stopping counter: 1, LR counter: 1
[Trainer] No improvement. Iteration 8400. Early stopping counter: 2, LR counter: 2
[Trainer] No improvement. Iteration 8500. Early stopping counter: 3, LR counter: 3
[Trainer] No improvement. Iteration 9000. Early stopping counter: 1, LR counter: 1
[Trainer] No improvement. Iteration 9600. Early stopping counter: 1, LR counter: 1
[Trainer] No improvement. Iteration 9700. Early stopping counter: 2, LR counter: 2
[Trainer] No improvement. Iteration 9800. Early stopping counter: 3, LR counter: 3
[Trainer] No improvement. Iteration 9900. Early stopping counter: 4, LR counter: 4
[Trainer] No improvement. Iteration 10000. Early stopping counter: 5, LR counter: 5
[Trainer] No improvement. Iteration 10100. Early stopping counter: 6, LR counter: 6
[Trainer] No improvement. Iteration 10200. Early stopping counter: 7, LR counter: 7
[Trainer] No improvement. Iteration 10300. Early stopping counter: 8, LR counter: 8
[Trainer] No improvement. Iteration 10400. Early stopping counter: 9, LR counter: 9
[Trainer] No improvement. Iteration 10500. Early stopping counter: 10, LR counter: 10
[Trainer] No improvement. Iteration 10600. Early stopping counter: 11, LR counter: 11
[Trainer] No improvement. Iteration 10700. Early stopping counter: 12, LR counter: 12
[Trainer] No improvement. Iteration 11100. Early stopping counter: 1, LR counter: 1
[Trainer] No improvement. Iteration 11200. Early stopping counter: 2, LR counter: 2
[Trainer] No improvement. Iteration 11300. Early stopping counter: 3, LR counter: 3
[Trainer] No improvement. Iteration 11400. Early stopping counter: 4, LR counter: 4
[Trainer] No improvement. Iteration 11500. Early stopping counter: 5, LR counter: 5
[Trainer] No improvement. Iteration 11600. Early stopping counter: 6, LR counter: 6
[Trainer] No improvement. Iteration 11800. Early stopping counter: 1, LR counter: 1
[Trainer] No improvement. Iteration 12100. Early stopping counter: 1, LR counter: 1
[Trainer] No improvement. Iteration 12200. Early stopping counter: 2, LR counter: 2
[Trainer] No improvement. Iteration 12300. Early stopping counter: 3, LR counter: 3
[Trainer] No improvement. Iteration 12400. Early stopping counter: 4, LR counter: 4
[Trainer] No improvement. Iteration 12500. Early stopping counter: 5, LR counter: 5
[Trainer] No improvement. Iteration 12600. Early stopping counter: 6, LR counter: 6
[Trainer] No improvement. Iteration 12700. Early stopping counter: 7, LR counter: 7
[Trainer] No improvement. Iteration 12800. Early stopping counter: 8, LR counter: 8
[Trainer] No improvement. Iteration 12900. Early stopping counter: 9, LR counter: 9
[Trainer] No improvement. Iteration 13000. Early stopping counter: 10, LR counter: 10
[Trainer] No improvement. Iteration 13100. Early stopping counter: 11, LR counter: 11
[Trainer] No improvement. Iteration 13300. Early stopping counter: 1, LR counter: 1
[Trainer] No improvement. Iteration 13400. Early stopping counter: 2, LR counter: 2
[Trainer] No improvement. Iteration 13500. Early stopping counter: 3, LR counter: 3
[Trainer] No improvement. Iteration 13600. Early stopping counter: 4, LR counter: 4
[Trainer] No improvement. Iteration 13700. Early stopping counter: 5, LR counter: 5
[Trainer] No improvement. Iteration 13800. Early stopping counter: 6, LR counter: 6
[Trainer] No improvement. Iteration 13900. Early stopping counter: 7, LR counter: 7
[Trainer] No improvement. Iteration 14000. Early stopping counter: 8, LR counter: 8
[Trainer] No improvement. Iteration 14100. Early stopping counter: 9, LR counter: 9
[Trainer] No improvement. Iteration 14200. Early stopping counter: 10, LR counter: 10
[Trainer] No improvement. Iteration 14300. Early stopping counter: 11, LR counter: 11
[Trainer] No improvement. Iteration 14400. Early stopping counter: 12, LR counter: 12
[Trainer] No improvement. Iteration 14500. Early stopping counter: 13, LR counter: 13
[Trainer] No improvement. Iteration 14600. Early stopping counter: 14, LR counter: 14
[Trainer] No improvement. Iteration 14700. Early stopping counter: 15, LR counter: 15
[Trainer] No improvement. Iteration 14800. Early stopping counter: 16, LR counter: 16
[Trainer] No improvement. Iteration 14900. Early stopping counter: 17, LR counter: 17
[Trainer] No improvement. Iteration 15000. Early stopping counter: 18, LR counter: 18
[Trainer] No improvement. Iteration 15100. Early stopping counter: 19, LR counter: 19
[Trainer] No improvement. Iteration 15200. Early stopping counter: 20, LR counter: 20
[Trainer] No improvement. Iteration 15300. Early stopping counter: 21, LR counter: 21
[Trainer] No improvement. Iteration 15400. Early stopping counter: 22, LR counter: 22
[Trainer] No improvement. Iteration 15600. Early stopping counter: 1, LR counter: 1
[Trainer] No improvement. Iteration 15700. Early stopping counter: 2, LR counter: 2
[Trainer] No improvement. Iteration 15800. Early stopping counter: 3, LR counter: 3
[Trainer] No improvement. Iteration 15900. Early stopping counter: 4, LR counter: 4
[Trainer] No improvement. Iteration 16000. Early stopping counter: 5, LR counter: 5
[Trainer] No improvement. Iteration 16100. Early stopping counter: 6, LR counter: 6
[Trainer] No improvement. Iteration 16200. Early stopping counter: 7, LR counter: 7
[Trainer] No improvement. Iteration 16300. Early stopping counter: 8, LR counter: 8
[Trainer] No improvement. Iteration 16400. Early stopping counter: 9, LR counter: 9
[Trainer] No improvement. Iteration 16500. Early stopping counter: 10, LR counter: 10
[Trainer] No improvement. Iteration 16600. Early stopping counter: 11, LR counter: 11
[Trainer] No improvement. Iteration 16700. Early stopping counter: 12, LR counter: 12
[Trainer] No improvement. Iteration 16800. Early stopping counter: 13, LR counter: 13
[Trainer] No improvement. Iteration 16900. Early stopping counter: 14, LR counter: 14
[Trainer] No improvement. Iteration 17000. Early stopping counter: 15, LR counter: 15
[Trainer] No improvement. Iteration 17100. Early stopping counter: 16, LR counter: 16
[Trainer] No improvement. Iteration 17200. Early stopping counter: 17, LR counter: 17
[Trainer] No improvement. Iteration 17300. Early stopping counter: 18, LR counter: 18
[Trainer] No improvement. Iteration 17400. Early stopping counter: 19, LR counter: 19
[Trainer] No improvement. Iteration 17500. Early stopping counter: 20, LR counter: 20
[Trainer] No improvement. Iteration 17600. Early stopping counter: 21, LR counter: 21
[Trainer] No improvement. Iteration 17700. Early stopping counter: 22, LR counter: 22
[Trainer] No improvement. Iteration 17800. Early stopping counter: 23, LR counter: 23
[Trainer] No improvement. Iteration 17900. Early stopping counter: 24, LR counter: 24
[Trainer] No improvement. Iteration 18000. Early stopping counter: 25, LR counter: 25
[Trainer] Learning rate reduced to: 0.000010
[Trainer] No improvement. Iteration 18100. Early stopping counter: 26, LR counter: 1
[Trainer] No improvement. Iteration 18200. Early stopping counter: 27, LR counter: 2
[Trainer] No improvement. Iteration 18300. Early stopping counter: 28, LR counter: 3
[Trainer] No improvement. Iteration 18400. Early stopping counter: 29, LR counter: 4
[Trainer] No improvement. Iteration 18500. Early stopping counter: 30, LR counter: 5
[Trainer] No improvement. Iteration 18600. Early stopping counter: 31, LR counter: 6
[Trainer] No improvement. Iteration 18700. Early stopping counter: 32, LR counter: 7
[Trainer] No improvement. Iteration 18800. Early stopping counter: 33, LR counter: 8
[Trainer] No improvement. Iteration 18900. Early stopping counter: 34, LR counter: 9
[Trainer] No improvement. Iteration 19000. Early stopping counter: 35, LR counter: 10
[Trainer] No improvement. Iteration 19100. Early stopping counter: 36, LR counter: 11
[Trainer] No improvement. Iteration 19200. Early stopping counter: 37, LR counter: 12
[Trainer] No improvement. Iteration 19300. Early stopping counter: 38, LR counter: 13
[Trainer] No improvement. Iteration 19400. Early stopping counter: 39, LR counter: 14
[Trainer] No improvement. Iteration 19800. Early stopping counter: 1, LR counter: 1
[Trainer] No improvement. Iteration 19900. Early stopping counter: 2, LR counter: 2
[Trainer] No improvement. Iteration 20000. Early stopping counter: 3, LR counter: 3
[Trainer] No improvement. Iteration 20100. Early stopping counter: 4, LR counter: 4
[Trainer] No improvement. Iteration 20200. Early stopping counter: 5, LR counter: 5
[Trainer] No improvement. Iteration 20300. Early stopping counter: 6, LR counter: 6
[Trainer] No improvement. Iteration 20400. Early stopping counter: 7, LR counter: 7
[Trainer] No improvement. Iteration 20500. Early stopping counter: 8, LR counter: 8
[Trainer] No improvement. Iteration 20600. Early stopping counter: 9, LR counter: 9
[Trainer] No improvement. Iteration 20700. Early stopping counter: 10, LR counter: 10
[Trainer] No improvement. Iteration 20800. Early stopping counter: 11, LR counter: 11
[Trainer] No improvement. Iteration 20900. Early stopping counter: 12, LR counter: 12
[Trainer] No improvement. Iteration 21000. Early stopping counter: 13, LR counter: 13
[Trainer] No improvement. Iteration 21100. Early stopping counter: 14, LR counter: 14
[Trainer] No improvement. Iteration 21200. Early stopping counter: 15, LR counter: 15
[Trainer] No improvement. Iteration 21300. Early stopping counter: 16, LR counter: 16
[Trainer] No improvement. Iteration 21400. Early stopping counter: 17, LR counter: 17
[Trainer] No improvement. Iteration 21500. Early stopping counter: 18, LR counter: 18
[Trainer] No improvement. Iteration 21600. Early stopping counter: 19, LR counter: 19
[Trainer] No improvement. Iteration 21700. Early stopping counter: 20, LR counter: 20
[Trainer] No improvement. Iteration 21800. Early stopping counter: 21, LR counter: 21
[Trainer] No improvement. Iteration 21900. Early stopping counter: 22, LR counter: 22
[Trainer] No improvement. Iteration 22000. Early stopping counter: 23, LR counter: 23
[Trainer] No improvement. Iteration 22100. Early stopping counter: 24, LR counter: 24
[Trainer] No improvement. Iteration 22200. Early stopping counter: 25, LR counter: 25
[Trainer] Learning rate reduced to: 0.000001
[Trainer] No improvement. Iteration 22300. Early stopping counter: 26, LR counter: 1
[Trainer] No improvement. Iteration 22400. Early stopping counter: 27, LR counter: 2
[Trainer] No improvement. Iteration 22500. Early stopping counter: 28, LR counter: 3
[Trainer] No improvement. Iteration 22600. Early stopping counter: 29, LR counter: 4
[Trainer] No improvement. Iteration 22700. Early stopping counter: 30, LR counter: 5
[Trainer] No improvement. Iteration 22800. Early stopping counter: 31, LR counter: 6
[Trainer] No improvement. Iteration 22900. Early stopping counter: 32, LR counter: 7
[Trainer] No improvement. Iteration 23000. Early stopping counter: 33, LR counter: 8
[Trainer] No improvement. Iteration 23100. Early stopping counter: 34, LR counter: 9
[Trainer] No improvement. Iteration 23200. Early stopping counter: 35, LR counter: 10
[Trainer] No improvement. Iteration 23300. Early stopping counter: 36, LR counter: 11
[Trainer] No improvement. Iteration 23400. Early stopping counter: 37, LR counter: 12
[Trainer] No improvement. Iteration 23500. Early stopping counter: 38, LR counter: 13
[Trainer] No improvement. Iteration 23600. Early stopping counter: 39, LR counter: 14
[Trainer] No improvement. Iteration 23700. Early stopping counter: 40, LR counter: 15
[Trainer] No improvement. Iteration 23800. Early stopping counter: 41, LR counter: 16
[Trainer] No improvement. Iteration 23900. Early stopping counter: 42, LR counter: 17
[Trainer] No improvement. Iteration 24000. Early stopping counter: 43, LR counter: 18
[Trainer] No improvement. Iteration 24100. Early stopping counter: 44, LR counter: 19
[Trainer] No improvement. Iteration 24200. Early stopping counter: 45, LR counter: 20
[Trainer] No improvement. Iteration 24300. Early stopping counter: 46, LR counter: 21
[Trainer] No improvement. Iteration 24400. Early stopping counter: 47, LR counter: 22
[Trainer] No improvement. Iteration 24500. Early stopping counter: 48, LR counter: 23
[Trainer] No improvement. Iteration 24600. Early stopping counter: 49, LR counter: 24
[Trainer] No improvement. Iteration 24700. Early stopping counter: 50, LR counter: 25
[Trainer] Learning rate reduced to: 0.000000
[Trainer] Early stopping triggered.
[Trainer] Training completed.
[Trainer] Calibrating temperatures on validation set...
[Trainer] Temperature calibration finished. Calibrated temperatures: {4: 1.2409462928771973, 6: 1.1765546798706055, 8: 1.251139760017395, 10: 1.3596199750900269}
[Trainer] BNN training completed.
**************************************************
Z=8, N=4, emax=4
RMSE Eb: 0.443
RMSE Rch: 0.006
MAPE Eb: 1.334
MAPE Rch: 0.258
--------------------------------------------------
**************************************************
Z=8, N=4, emax=10
RMSE Eb: 0.611
RMSE Rch: 0.028
MAPE Eb: 0.914
MAPE Rch: 1.238
--------------------------------------------------
**************************************************
Z=8, N=4, emax=6
RMSE Eb: 0.541
RMSE Rch: 0.009
MAPE Eb: 0.983
MAPE Rch: 0.460
--------------------------------------------------
**************************************************
Z=8, N=4, emax=8
RMSE Eb: 0.558
RMSE Rch: 0.017
MAPE Eb: 0.943
MAPE Rch: 0.773
--------------------------------------------------
**************************************************
Z=8, N=5, emax=8
RMSE Eb: 0.516
RMSE Rch: 0.012
MAPE Eb: 0.692
MAPE Rch: 0.590
--------------------------------------------------
**************************************************
Z=8, N=5, emax=6
RMSE Eb: 0.452
RMSE Rch: 0.010
MAPE Eb: 0.679
MAPE Rch: 0.466
--------------------------------------------------
**************************************************
Z=8, N=5, emax=4
RMSE Eb: 0.663
RMSE Rch: 0.006
MAPE Eb: 1.417
MAPE Rch: 0.261
--------------------------------------------------
**************************************************
Z=8, N=5, emax=10
RMSE Eb: 0.596
RMSE Rch: 0.006
MAPE Eb: 0.764
MAPE Rch: 0.295
--------------------------------------------------
**************************************************
Z=8, N=6, emax=4
RMSE Eb: 0.551
RMSE Rch: 0.007
MAPE Eb: 0.861
MAPE Rch: 0.328
--------------------------------------------------
**************************************************
Z=8, N=6, emax=6
RMSE Eb: 0.579
RMSE Rch: 0.009
MAPE Eb: 0.620
MAPE Rch: 0.444
--------------------------------------------------
**************************************************
Z=8, N=6, emax=8
RMSE Eb: 0.819
RMSE Rch: 0.010
MAPE Eb: 0.700
MAPE Rch: 0.478
--------------------------------------------------
**************************************************
Z=8, N=6, emax=10
RMSE Eb: 0.693
RMSE Rch: 0.013
MAPE Eb: 0.667
MAPE Rch: 0.676
--------------------------------------------------
**************************************************
Z=8, N=7, emax=8
RMSE Eb: 0.674
RMSE Rch: 0.011
MAPE Eb: 0.538
MAPE Rch: 0.631
--------------------------------------------------
**************************************************
Z=8, N=7, emax=10
RMSE Eb: 0.580
RMSE Rch: 0.008
MAPE Eb: 0.495
MAPE Rch: 0.437
--------------------------------------------------
**************************************************
Z=8, N=7, emax=6
RMSE Eb: 0.586
RMSE Rch: 0.011
MAPE Eb: 0.551
MAPE Rch: 0.564
--------------------------------------------------
**************************************************
Z=8, N=7, emax=4
RMSE Eb: 0.557
RMSE Rch: 0.007
MAPE Eb: 0.702
MAPE Rch: 0.368
--------------------------------------------------
**************************************************
Z=8, N=8, emax=4
RMSE Eb: 0.616
RMSE Rch: 0.006
MAPE Eb: 0.722
MAPE Rch: 0.175
--------------------------------------------------
**************************************************
Z=8, N=8, emax=8
RMSE Eb: 0.805
RMSE Rch: 0.008
MAPE Eb: 0.554
MAPE Rch: 0.211
--------------------------------------------------
**************************************************
Z=8, N=8, emax=6
RMSE Eb: 0.594
RMSE Rch: 0.005
MAPE Eb: 0.447
MAPE Rch: 0.142
--------------------------------------------------
**************************************************
Z=8, N=8, emax=10
RMSE Eb: 1.092
RMSE Rch: 0.011
MAPE Eb: 0.737
MAPE Rch: 0.319
--------------------------------------------------
**************************************************
Z=8, N=9, emax=8
RMSE Eb: 0.739
RMSE Rch: 0.008
MAPE Eb: 0.561
MAPE Rch: 0.223
--------------------------------------------------
**************************************************
Z=8, N=9, emax=6
RMSE Eb: 0.525
RMSE Rch: 0.006
MAPE Eb: 0.438
MAPE Rch: 0.177
--------------------------------------------------
**************************************************
Z=8, N=9, emax=4
RMSE Eb: 0.659
RMSE Rch: 0.006
MAPE Eb: 0.697
MAPE Rch: 0.150
--------------------------------------------------
**************************************************
Z=8, N=9, emax=10
RMSE Eb: 0.452
RMSE Rch: 0.007
MAPE Eb: 0.353
MAPE Rch: 0.208
--------------------------------------------------
**************************************************
Z=8, N=10, emax=4
RMSE Eb: 0.732
RMSE Rch: 0.006
MAPE Eb: 0.802
MAPE Rch: 0.172
--------------------------------------------------
**************************************************
Z=8, N=10, emax=10
RMSE Eb: 0.411
RMSE Rch: 0.006
MAPE Eb: 0.269
MAPE Rch: 0.187
--------------------------------------------------
**************************************************
Z=8, N=10, emax=6
RMSE Eb: 0.571
RMSE Rch: 0.009
MAPE Eb: 0.476
MAPE Rch: 0.240
--------------------------------------------------
**************************************************
Z=8, N=10, emax=8
RMSE Eb: 0.812
RMSE Rch: 0.009
MAPE Eb: 0.558
MAPE Rch: 0.251
--------------------------------------------------
**************************************************
Z=8, N=11, emax=4
RMSE Eb: 0.876
RMSE Rch: 0.005
MAPE Eb: 1.041
MAPE Rch: 0.144
--------------------------------------------------
**************************************************
Z=8, N=11, emax=6
RMSE Eb: 0.733
RMSE Rch: 0.011
MAPE Eb: 0.579
MAPE Rch: 0.330
--------------------------------------------------
**************************************************
Z=8, N=11, emax=8
RMSE Eb: 0.797
RMSE Rch: 0.009
MAPE Eb: 0.563
MAPE Rch: 0.286
--------------------------------------------------
**************************************************
Z=8, N=11, emax=10
RMSE Eb: 0.853
RMSE Rch: 0.006
MAPE Eb: 0.539
MAPE Rch: 0.180
--------------------------------------------------
**************************************************
Z=8, N=12, emax=6
RMSE Eb: 0.639
RMSE Rch: 0.007
MAPE Eb: 0.514
MAPE Rch: 0.210
--------------------------------------------------
**************************************************
Z=8, N=12, emax=4
RMSE Eb: 0.769
RMSE Rch: 0.005
MAPE Eb: 0.823
MAPE Rch: 0.132
--------------------------------------------------
**************************************************
Z=8, N=12, emax=8
RMSE Eb: 0.889
RMSE Rch: 0.007
MAPE Eb: 0.646
MAPE Rch: 0.229
--------------------------------------------------
**************************************************
Z=8, N=12, emax=10
RMSE Eb: 0.604
RMSE Rch: 0.009
MAPE Eb: 0.350
MAPE Rch: 0.258
--------------------------------------------------
**************************************************
Z=8, N=13, emax=8
RMSE Eb: 0.861
RMSE Rch: 0.011
MAPE Eb: 0.571
MAPE Rch: 0.320
--------------------------------------------------
**************************************************
Z=8, N=13, emax=4
RMSE Eb: 0.814
RMSE Rch: 0.005
MAPE Eb: 0.875
MAPE Rch: 0.139
--------------------------------------------------
**************************************************
Z=8, N=13, emax=10
RMSE Eb: 0.624
RMSE Rch: 0.008
MAPE Eb: 0.419
MAPE Rch: 0.229
--------------------------------------------------
**************************************************
Z=8, N=13, emax=6
RMSE Eb: 0.667
RMSE Rch: 0.009
MAPE Eb: 0.549
MAPE Rch: 0.271
--------------------------------------------------
**************************************************
Z=8, N=14, emax=8
RMSE Eb: 0.845
RMSE Rch: 0.015
MAPE Eb: 0.523
MAPE Rch: 0.343
--------------------------------------------------
**************************************************
Z=8, N=14, emax=4
RMSE Eb: 0.853
RMSE Rch: 0.006
MAPE Eb: 0.889
MAPE Rch: 0.164
--------------------------------------------------
**************************************************
Z=8, N=14, emax=6
RMSE Eb: 0.634
RMSE Rch: 0.007
MAPE Eb: 0.491
MAPE Rch: 0.193
--------------------------------------------------
**************************************************
Z=8, N=14, emax=10
RMSE Eb: 0.534
RMSE Rch: 0.012
MAPE Eb: 0.359
MAPE Rch: 0.321
--------------------------------------------------
**************************************************
Z=8, N=15, emax=8
RMSE Eb: 0.796
RMSE Rch: 0.007
MAPE Eb: 0.517
MAPE Rch: 0.206
--------------------------------------------------
**************************************************
Z=8, N=15, emax=4
RMSE Eb: 0.884
RMSE Rch: 0.006
MAPE Eb: 0.927
MAPE Rch: 0.166
--------------------------------------------------
**************************************************
Z=8, N=15, emax=6
RMSE Eb: 0.633
RMSE Rch: 0.008
MAPE Eb: 0.471
MAPE Rch: 0.219
--------------------------------------------------
**************************************************
Z=8, N=15, emax=10
RMSE Eb: 0.499
RMSE Rch: 0.008
MAPE Eb: 0.280
MAPE Rch: 0.239
--------------------------------------------------
**************************************************
Z=8, N=16, emax=8
RMSE Eb: 0.899
RMSE Rch: 0.009
MAPE Eb: 0.549
MAPE Rch: 0.252
--------------------------------------------------
**************************************************
Z=8, N=16, emax=6
RMSE Eb: 0.736
RMSE Rch: 0.009
MAPE Eb: 0.542
MAPE Rch: 0.245
--------------------------------------------------
**************************************************
Z=8, N=16, emax=10
RMSE Eb: 0.792
RMSE Rch: 0.009
MAPE Eb: 0.492
MAPE Rch: 0.268
--------------------------------------------------
**************************************************
Z=8, N=16, emax=4
RMSE Eb: 0.989
RMSE Rch: 0.007
MAPE Eb: 1.099
MAPE Rch: 0.184
--------------------------------------------------
Finished VAL for AE n=368
**************************************************
Z=8, N=4, emax=6
RMSE Eb: 0.493
RMSE Rch: 0.010
MAPE Eb: 0.894
MAPE Rch: 0.484
--------------------------------------------------
**************************************************
Z=8, N=4, emax=8
RMSE Eb: 0.588
RMSE Rch: 0.019
MAPE Eb: 0.951
MAPE Rch: 0.960
--------------------------------------------------
**************************************************
Z=8, N=4, emax=4
RMSE Eb: 0.549
RMSE Rch: 0.006
MAPE Eb: 1.546
MAPE Rch: 0.278
--------------------------------------------------
**************************************************
Z=8, N=4, emax=10
RMSE Eb: 0.597
RMSE Rch: 0.018
MAPE Eb: 0.979
MAPE Rch: 0.881
--------------------------------------------------
**************************************************
Z=8, N=5, emax=4
RMSE Eb: 0.664
RMSE Rch: 0.006
MAPE Eb: 1.380
MAPE Rch: 0.304
--------------------------------------------------
**************************************************
Z=8, N=5, emax=8
RMSE Eb: 0.664
RMSE Rch: 0.012
MAPE Eb: 0.898
MAPE Rch: 0.559
--------------------------------------------------
**************************************************
Z=8, N=5, emax=6
RMSE Eb: 0.580
RMSE Rch: 0.008
MAPE Eb: 0.834
MAPE Rch: 0.394
--------------------------------------------------
**************************************************
Z=8, N=5, emax=10
RMSE Eb: 1.053
RMSE Rch: 0.005
MAPE Eb: 1.313
MAPE Rch: 0.219
--------------------------------------------------
**************************************************
Z=8, N=6, emax=4
RMSE Eb: 0.593
RMSE Rch: 0.007
MAPE Eb: 0.873
MAPE Rch: 0.341
--------------------------------------------------
**************************************************
Z=8, N=6, emax=8
RMSE Eb: 0.764
RMSE Rch: 0.018
MAPE Eb: 0.678
MAPE Rch: 0.623
--------------------------------------------------
**************************************************
Z=8, N=6, emax=6
RMSE Eb: 0.587
RMSE Rch: 0.010
MAPE Eb: 0.665
MAPE Rch: 0.483
--------------------------------------------------
**************************************************
Z=8, N=6, emax=10
RMSE Eb: 0.374
RMSE Rch: 0.013
MAPE Eb: 0.324
MAPE Rch: 0.594
--------------------------------------------------
**************************************************
Z=8, N=7, emax=4
RMSE Eb: 0.588
RMSE Rch: 0.007
MAPE Eb: 0.739
MAPE Rch: 0.340
--------------------------------------------------
**************************************************
Z=8, N=7, emax=8
RMSE Eb: 0.725
RMSE Rch: 0.012
MAPE Eb: 0.603
MAPE Rch: 0.662
--------------------------------------------------
**************************************************
Z=8, N=7, emax=6
RMSE Eb: 0.633
RMSE Rch: 0.012
MAPE Eb: 0.554
MAPE Rch: 0.667
--------------------------------------------------
**************************************************
Z=8, N=7, emax=10
RMSE Eb: 0.581
RMSE Rch: 0.008
MAPE Eb: 0.446
MAPE Rch: 0.475
--------------------------------------------------
**************************************************
Z=8, N=8, emax=4
RMSE Eb: 0.582
RMSE Rch: 0.008
MAPE Eb: 0.615
MAPE Rch: 0.182
--------------------------------------------------
**************************************************
Z=8, N=8, emax=6
RMSE Eb: 0.566
RMSE Rch: 0.006
MAPE Eb: 0.453
MAPE Rch: 0.163
--------------------------------------------------
**************************************************
Z=8, N=8, emax=8
RMSE Eb: 0.591
RMSE Rch: 0.006
MAPE Eb: 0.461
MAPE Rch: 0.162
--------------------------------------------------
**************************************************
Z=8, N=8, emax=10
RMSE Eb: 0.841
RMSE Rch: 0.011
MAPE Eb: 0.607
MAPE Rch: 0.332
--------------------------------------------------
**************************************************
Z=8, N=9, emax=4
RMSE Eb: 0.613
RMSE Rch: 0.007
MAPE Eb: 0.659
MAPE Rch: 0.187
--------------------------------------------------
**************************************************
Z=8, N=9, emax=8
RMSE Eb: 0.623
RMSE Rch: 0.008
MAPE Eb: 0.456
MAPE Rch: 0.225
--------------------------------------------------
**************************************************
Z=8, N=9, emax=6
RMSE Eb: 0.601
RMSE Rch: 0.005
MAPE Eb: 0.512
MAPE Rch: 0.150
--------------------------------------------------
**************************************************
Z=8, N=9, emax=10
RMSE Eb: 0.801
RMSE Rch: 0.009
MAPE Eb: 0.574
MAPE Rch: 0.295
--------------------------------------------------
**************************************************
Z=8, N=10, emax=4
RMSE Eb: 0.764
RMSE Rch: 0.007
MAPE Eb: 0.849
MAPE Rch: 0.204
--------------------------------------------------
**************************************************
Z=8, N=10, emax=6
RMSE Eb: 0.587
RMSE Rch: 0.007
MAPE Eb: 0.437
MAPE Rch: 0.201
--------------------------------------------------
**************************************************
Z=8, N=10, emax=8
RMSE Eb: 0.726
RMSE Rch: 0.008
MAPE Eb: 0.552
MAPE Rch: 0.235
--------------------------------------------------
**************************************************
Z=8, N=10, emax=10
RMSE Eb: 0.565
RMSE Rch: 0.010
MAPE Eb: 0.342
MAPE Rch: 0.305
--------------------------------------------------
**************************************************
Z=8, N=11, emax=8
RMSE Eb: 0.991
RMSE Rch: 0.008
MAPE Eb: 0.725
MAPE Rch: 0.254
--------------------------------------------------
**************************************************
Z=8, N=11, emax=4
RMSE Eb: 0.889
RMSE Rch: 0.006
MAPE Eb: 1.030
MAPE Rch: 0.170
--------------------------------------------------
**************************************************
Z=8, N=11, emax=6
RMSE Eb: 0.683
RMSE Rch: 0.011
MAPE Eb: 0.564
MAPE Rch: 0.330
--------------------------------------------------
**************************************************
Z=8, N=11, emax=10
RMSE Eb: 0.740
RMSE Rch: 0.006
MAPE Eb: 0.517
MAPE Rch: 0.167
--------------------------------------------------
**************************************************
Z=8, N=12, emax=6
RMSE Eb: 0.591
RMSE Rch: 0.008
MAPE Eb: 0.461
MAPE Rch: 0.237
--------------------------------------------------
**************************************************
Z=8, N=12, emax=8
RMSE Eb: 0.835
RMSE Rch: 0.008
MAPE Eb: 0.559
MAPE Rch: 0.237
--------------------------------------------------
**************************************************
Z=8, N=12, emax=4
RMSE Eb: 0.869
RMSE Rch: 0.005
MAPE Eb: 0.899
MAPE Rch: 0.151
--------------------------------------------------
**************************************************
Z=8, N=12, emax=10
RMSE Eb: 0.585
RMSE Rch: 0.006
MAPE Eb: 0.388
MAPE Rch: 0.181
--------------------------------------------------
**************************************************
Z=8, N=13, emax=8
RMSE Eb: 0.836
RMSE Rch: 0.011
MAPE Eb: 0.597
MAPE Rch: 0.335
--------------------------------------------------
**************************************************
Z=8, N=13, emax=4
RMSE Eb: 0.739
RMSE Rch: 0.006
MAPE Eb: 0.772
MAPE Rch: 0.148
--------------------------------------------------
**************************************************
Z=8, N=13, emax=6
RMSE Eb: 0.594
RMSE Rch: 0.008
MAPE Eb: 0.458
MAPE Rch: 0.245
--------------------------------------------------
**************************************************
Z=8, N=13, emax=10
RMSE Eb: 0.729
RMSE Rch: 0.008
MAPE Eb: 0.493
MAPE Rch: 0.203
--------------------------------------------------
**************************************************
Z=8, N=14, emax=6
RMSE Eb: 0.719
RMSE Rch: 0.007
MAPE Eb: 0.504
MAPE Rch: 0.212
--------------------------------------------------
**************************************************
Z=8, N=14, emax=10
RMSE Eb: 0.650
RMSE Rch: 0.011
MAPE Eb: 0.343
MAPE Rch: 0.346
--------------------------------------------------
**************************************************
Z=8, N=14, emax=4
RMSE Eb: 0.960
RMSE Rch: 0.006
MAPE Eb: 1.024
MAPE Rch: 0.175
--------------------------------------------------
**************************************************
Z=8, N=14, emax=8
RMSE Eb: 0.835
RMSE Rch: 0.010
MAPE Eb: 0.551
MAPE Rch: 0.225
--------------------------------------------------
**************************************************
Z=8, N=15, emax=8
RMSE Eb: 0.832
RMSE Rch: 0.008
MAPE Eb: 0.555
MAPE Rch: 0.227
--------------------------------------------------
**************************************************
Z=8, N=15, emax=6
RMSE Eb: 0.700
RMSE Rch: 0.008
MAPE Eb: 0.514
MAPE Rch: 0.220
--------------------------------------------------
**************************************************
Z=8, N=15, emax=4
RMSE Eb: 0.919
RMSE Rch: 0.005
MAPE Eb: 0.971
MAPE Rch: 0.140
--------------------------------------------------
**************************************************
Z=8, N=15, emax=10
RMSE Eb: 0.424
RMSE Rch: 0.006
MAPE Eb: 0.263
MAPE Rch: 0.161
--------------------------------------------------
**************************************************
Z=8, N=16, emax=4
RMSE Eb: 1.111
RMSE Rch: 0.007
MAPE Eb: 1.188
MAPE Rch: 0.207
--------------------------------------------------
**************************************************
Z=8, N=16, emax=8
RMSE Eb: 0.883
RMSE Rch: 0.008
MAPE Eb: 0.569
MAPE Rch: 0.261
--------------------------------------------------
**************************************************
Z=8, N=16, emax=6
RMSE Eb: 0.734
RMSE Rch: 0.008
MAPE Eb: 0.537
MAPE Rch: 0.220
--------------------------------------------------
**************************************************
Z=8, N=16, emax=10
RMSE Eb: 0.508
RMSE Rch: 0.006
MAPE Eb: 0.285
MAPE Rch: 0.171
--------------------------------------------------
