Activated conda environment
[DataLoader] Found 13 files matching the pattern.
[DataLoader] Combined data shape: (17234, 35)
[Preprocess] Data split => train: (11029, 35), val: (2758, 35), test: (3447, 35)
[Preprocess] Processed fidelity 4 (index 0): 3758 samples.
[Preprocess] Processed fidelity 6 (index 1): 3346 samples.
[Preprocess] Processed fidelity 8 (index 2): 3194 samples.
[Preprocess] Processed fidelity 10 (index 3): 731 samples.
[Preprocess] Processed fidelity 4 (index 0): 949 samples.
[Preprocess] Processed fidelity 6 (index 1): 833 samples.
[Preprocess] Processed fidelity 8 (index 2): 801 samples.
[Preprocess] Processed fidelity 10 (index 3): 175 samples.
Fidelity levels: [4, 6, 8, 10]
[Trainer] Starting BNN training...
[Trainer] No improvement. Iteration 8100. Early stopping counter: 1, LR counter: 1
[Trainer] No improvement. Iteration 8200. Early stopping counter: 2, LR counter: 2
[Trainer] No improvement. Iteration 8300. Early stopping counter: 3, LR counter: 3
[Trainer] No improvement. Iteration 8500. Early stopping counter: 1, LR counter: 1
[Trainer] No improvement. Iteration 8600. Early stopping counter: 2, LR counter: 2
[Trainer] No improvement. Iteration 8700. Early stopping counter: 3, LR counter: 3
[Trainer] No improvement. Iteration 8800. Early stopping counter: 4, LR counter: 4
[Trainer] No improvement. Iteration 8900. Early stopping counter: 5, LR counter: 5
[Trainer] No improvement. Iteration 9000. Early stopping counter: 6, LR counter: 6
[Trainer] No improvement. Iteration 9100. Early stopping counter: 7, LR counter: 7
[Trainer] No improvement. Iteration 9200. Early stopping counter: 8, LR counter: 8
[Trainer] No improvement. Iteration 9300. Early stopping counter: 9, LR counter: 9
[Trainer] No improvement. Iteration 9400. Early stopping counter: 10, LR counter: 10
[Trainer] No improvement. Iteration 9500. Early stopping counter: 11, LR counter: 11
[Trainer] No improvement. Iteration 9600. Early stopping counter: 12, LR counter: 12
[Trainer] No improvement. Iteration 9700. Early stopping counter: 13, LR counter: 13
[Trainer] No improvement. Iteration 9800. Early stopping counter: 14, LR counter: 14
[Trainer] No improvement. Iteration 9900. Early stopping counter: 15, LR counter: 15
[Trainer] No improvement. Iteration 10000. Early stopping counter: 16, LR counter: 16
[Trainer] No improvement. Iteration 10100. Early stopping counter: 17, LR counter: 17
[Trainer] No improvement. Iteration 10200. Early stopping counter: 18, LR counter: 18
[Trainer] No improvement. Iteration 10300. Early stopping counter: 19, LR counter: 19
[Trainer] No improvement. Iteration 10400. Early stopping counter: 20, LR counter: 20
[Trainer] No improvement. Iteration 10500. Early stopping counter: 21, LR counter: 21
[Trainer] No improvement. Iteration 10600. Early stopping counter: 22, LR counter: 22
[Trainer] No improvement. Iteration 10700. Early stopping counter: 23, LR counter: 23
[Trainer] No improvement. Iteration 10800. Early stopping counter: 24, LR counter: 24
[Trainer] No improvement. Iteration 10900. Early stopping counter: 25, LR counter: 25
[Trainer] Learning rate reduced to: 0.000010
[Trainer] No improvement. Iteration 11000. Early stopping counter: 26, LR counter: 1
[Trainer] No improvement. Iteration 11100. Early stopping counter: 27, LR counter: 2
[Trainer] No improvement. Iteration 11200. Early stopping counter: 28, LR counter: 3
[Trainer] No improvement. Iteration 11300. Early stopping counter: 29, LR counter: 4
[Trainer] No improvement. Iteration 11400. Early stopping counter: 30, LR counter: 5
[Trainer] No improvement. Iteration 11500. Early stopping counter: 31, LR counter: 6
[Trainer] No improvement. Iteration 11600. Early stopping counter: 32, LR counter: 7
[Trainer] No improvement. Iteration 11700. Early stopping counter: 33, LR counter: 8
[Trainer] No improvement. Iteration 11800. Early stopping counter: 34, LR counter: 9
[Trainer] No improvement. Iteration 11900. Early stopping counter: 35, LR counter: 10
[Trainer] No improvement. Iteration 12000. Early stopping counter: 36, LR counter: 11
[Trainer] No improvement. Iteration 12100. Early stopping counter: 37, LR counter: 12
[Trainer] No improvement. Iteration 12200. Early stopping counter: 38, LR counter: 13
[Trainer] No improvement. Iteration 12300. Early stopping counter: 39, LR counter: 14
[Trainer] No improvement. Iteration 12400. Early stopping counter: 40, LR counter: 15
[Trainer] No improvement. Iteration 12500. Early stopping counter: 41, LR counter: 16
[Trainer] No improvement. Iteration 12600. Early stopping counter: 42, LR counter: 17
[Trainer] No improvement. Iteration 12700. Early stopping counter: 43, LR counter: 18
[Trainer] No improvement. Iteration 12800. Early stopping counter: 44, LR counter: 19
[Trainer] No improvement. Iteration 12900. Early stopping counter: 45, LR counter: 20
[Trainer] No improvement. Iteration 13000. Early stopping counter: 46, LR counter: 21
[Trainer] No improvement. Iteration 13100. Early stopping counter: 47, LR counter: 22
[Trainer] No improvement. Iteration 13200. Early stopping counter: 48, LR counter: 23
[Trainer] No improvement. Iteration 13300. Early stopping counter: 49, LR counter: 24
[Trainer] No improvement. Iteration 13400. Early stopping counter: 50, LR counter: 25
[Trainer] Learning rate reduced to: 0.000001
[Trainer] Early stopping triggered.
[Trainer] Training completed.
[Trainer] Calibrating temperatures on validation set...
[Trainer] Temperature calibration finished. Calibrated temperatures: {4: 1.8331279754638672, 6: 1.5370694398880005, 8: 1.4764076471328735, 10: 1.7359212636947632}
[Trainer] BNN training completed.
**************************************************
Z=8, N=4, emax=4
RMSE Eb: 0.602
RMSE Rch: 0.013
MAPE Eb: 1.714
MAPE Rch: 0.598
--------------------------------------------------
**************************************************
Z=8, N=4, emax=10
RMSE Eb: 1.402
RMSE Rch: 0.033
MAPE Eb: 2.178
MAPE Rch: 1.481
--------------------------------------------------
**************************************************
Z=8, N=4, emax=6
RMSE Eb: 0.797
RMSE Rch: 0.012
MAPE Eb: 1.485
MAPE Rch: 0.548
--------------------------------------------------
**************************************************
Z=8, N=4, emax=8
RMSE Eb: 0.861
RMSE Rch: 0.015
MAPE Eb: 1.267
MAPE Rch: 0.679
--------------------------------------------------
**************************************************
Z=8, N=5, emax=8
RMSE Eb: 0.709
RMSE Rch: 0.014
MAPE Eb: 0.864
MAPE Rch: 0.590
--------------------------------------------------
**************************************************
Z=8, N=5, emax=6
RMSE Eb: 0.667
RMSE Rch: 0.009
MAPE Eb: 0.891
MAPE Rch: 0.461
--------------------------------------------------
**************************************************
Z=8, N=5, emax=4
RMSE Eb: 0.591
RMSE Rch: 0.012
MAPE Eb: 1.212
MAPE Rch: 0.593
--------------------------------------------------
**************************************************
Z=8, N=5, emax=10
RMSE Eb: 0.779
RMSE Rch: 0.019
MAPE Eb: 1.179
MAPE Rch: 0.996
--------------------------------------------------
**************************************************
Z=8, N=6, emax=4
RMSE Eb: 0.678
RMSE Rch: 0.012
MAPE Eb: 1.014
MAPE Rch: 0.583
--------------------------------------------------
**************************************************
Z=8, N=6, emax=6
RMSE Eb: 0.713
RMSE Rch: 0.010
MAPE Eb: 0.737
MAPE Rch: 0.508
--------------------------------------------------
**************************************************
Z=8, N=6, emax=8
RMSE Eb: 1.005
RMSE Rch: 0.015
MAPE Eb: 0.929
MAPE Rch: 0.732
--------------------------------------------------
**************************************************
Z=8, N=6, emax=10
RMSE Eb: 1.118
RMSE Rch: 0.021
MAPE Eb: 0.959
MAPE Rch: 1.121
--------------------------------------------------
**************************************************
Z=8, N=7, emax=8
RMSE Eb: 0.940
RMSE Rch: 0.021
MAPE Eb: 0.775
MAPE Rch: 1.196
--------------------------------------------------
**************************************************
Z=8, N=7, emax=10
RMSE Eb: 1.208
RMSE Rch: 0.029
MAPE Eb: 0.881
MAPE Rch: 1.647
--------------------------------------------------
**************************************************
Z=8, N=7, emax=6
RMSE Eb: 0.821
RMSE Rch: 0.021
MAPE Eb: 0.740
MAPE Rch: 1.160
--------------------------------------------------
**************************************************
Z=8, N=7, emax=4
RMSE Eb: 0.683
RMSE Rch: 0.009
MAPE Eb: 0.853
MAPE Rch: 0.422
--------------------------------------------------
**************************************************
Z=8, N=8, emax=4
RMSE Eb: 0.396
RMSE Rch: 0.017
MAPE Eb: 0.437
MAPE Rch: 0.535
--------------------------------------------------
**************************************************
Z=8, N=8, emax=8
RMSE Eb: 0.655
RMSE Rch: 0.017
MAPE Eb: 0.502
MAPE Rch: 0.541
--------------------------------------------------
**************************************************
Z=8, N=8, emax=6
RMSE Eb: 0.504
RMSE Rch: 0.019
MAPE Eb: 0.425
MAPE Rch: 0.596
--------------------------------------------------
**************************************************
Z=8, N=8, emax=10
RMSE Eb: 1.391
RMSE Rch: 0.023
MAPE Eb: 0.950
MAPE Rch: 0.746
--------------------------------------------------
**************************************************
Z=8, N=9, emax=8
RMSE Eb: 0.539
RMSE Rch: 0.012
MAPE Eb: 0.386
MAPE Rch: 0.383
--------------------------------------------------
**************************************************
Z=8, N=9, emax=6
RMSE Eb: 0.515
RMSE Rch: 0.012
MAPE Eb: 0.423
MAPE Rch: 0.366
--------------------------------------------------
**************************************************
Z=8, N=9, emax=4
RMSE Eb: 0.476
RMSE Rch: 0.012
MAPE Eb: 0.445
MAPE Rch: 0.375
--------------------------------------------------
**************************************************
Z=8, N=9, emax=10
RMSE Eb: 0.586
RMSE Rch: 0.015
MAPE Eb: 0.411
MAPE Rch: 0.469
--------------------------------------------------
**************************************************
Z=8, N=10, emax=4
RMSE Eb: 0.456
RMSE Rch: 0.010
MAPE Eb: 0.459
MAPE Rch: 0.305
--------------------------------------------------
**************************************************
Z=8, N=10, emax=10
RMSE Eb: 0.590
RMSE Rch: 0.015
MAPE Eb: 0.415
MAPE Rch: 0.460
--------------------------------------------------
**************************************************
Z=8, N=10, emax=6
RMSE Eb: 0.547
RMSE Rch: 0.015
MAPE Eb: 0.431
MAPE Rch: 0.465
--------------------------------------------------
**************************************************
Z=8, N=10, emax=8
RMSE Eb: 0.511
RMSE Rch: 0.014
MAPE Eb: 0.356
MAPE Rch: 0.418
--------------------------------------------------
**************************************************
Z=8, N=11, emax=4
RMSE Eb: 0.393
RMSE Rch: 0.008
MAPE Eb: 0.373
MAPE Rch: 0.223
--------------------------------------------------
**************************************************
Z=8, N=11, emax=6
RMSE Eb: 0.441
RMSE Rch: 0.009
MAPE Eb: 0.343
MAPE Rch: 0.265
--------------------------------------------------
**************************************************
Z=8, N=11, emax=8
RMSE Eb: 0.470
RMSE Rch: 0.010
MAPE Eb: 0.327
MAPE Rch: 0.283
--------------------------------------------------
**************************************************
Z=8, N=11, emax=10
RMSE Eb: 0.649
RMSE Rch: 0.012
MAPE Eb: 0.378
MAPE Rch: 0.360
--------------------------------------------------
**************************************************
Z=8, N=12, emax=6
RMSE Eb: 0.450
RMSE Rch: 0.011
MAPE Eb: 0.319
MAPE Rch: 0.348
--------------------------------------------------
**************************************************
Z=8, N=12, emax=4
RMSE Eb: 0.357
RMSE Rch: 0.011
MAPE Eb: 0.344
MAPE Rch: 0.339
--------------------------------------------------
**************************************************
Z=8, N=12, emax=8
RMSE Eb: 0.467
RMSE Rch: 0.010
MAPE Eb: 0.323
MAPE Rch: 0.312
--------------------------------------------------
**************************************************
Z=8, N=12, emax=10
RMSE Eb: 0.702
RMSE Rch: 0.014
MAPE Eb: 0.449
MAPE Rch: 0.472
--------------------------------------------------
**************************************************
Z=8, N=13, emax=8
RMSE Eb: 0.524
RMSE Rch: 0.013
MAPE Eb: 0.334
MAPE Rch: 0.384
--------------------------------------------------
**************************************************
Z=8, N=13, emax=4
RMSE Eb: 0.429
RMSE Rch: 0.009
MAPE Eb: 0.400
MAPE Rch: 0.269
--------------------------------------------------
**************************************************
Z=8, N=13, emax=10
RMSE Eb: 0.800
RMSE Rch: 0.016
MAPE Eb: 0.510
MAPE Rch: 0.477
--------------------------------------------------
**************************************************
Z=8, N=13, emax=6
RMSE Eb: 0.473
RMSE Rch: 0.008
MAPE Eb: 0.355
MAPE Rch: 0.242
--------------------------------------------------
**************************************************
Z=8, N=14, emax=8
RMSE Eb: 0.590
RMSE Rch: 0.015
MAPE Eb: 0.352
MAPE Rch: 0.362
--------------------------------------------------
**************************************************
Z=8, N=14, emax=4
RMSE Eb: 0.440
RMSE Rch: 0.009
MAPE Eb: 0.436
MAPE Rch: 0.245
--------------------------------------------------
**************************************************
Z=8, N=14, emax=6
RMSE Eb: 0.429
RMSE Rch: 0.010
MAPE Eb: 0.297
MAPE Rch: 0.315
--------------------------------------------------
**************************************************
Z=8, N=14, emax=10
RMSE Eb: 0.613
RMSE Rch: 0.014
MAPE Eb: 0.374
MAPE Rch: 0.290
--------------------------------------------------
**************************************************
Z=8, N=15, emax=8
RMSE Eb: 0.535
RMSE Rch: 0.009
MAPE Eb: 0.310
MAPE Rch: 0.266
--------------------------------------------------
**************************************************
Z=8, N=15, emax=4
RMSE Eb: 0.533
RMSE Rch: 0.009
MAPE Eb: 0.537
MAPE Rch: 0.251
--------------------------------------------------
**************************************************
Z=8, N=15, emax=6
RMSE Eb: 0.497
RMSE Rch: 0.009
MAPE Eb: 0.360
MAPE Rch: 0.263
--------------------------------------------------
**************************************************
Z=8, N=15, emax=10
RMSE Eb: 0.563
RMSE Rch: 0.015
MAPE Eb: 0.338
MAPE Rch: 0.473
--------------------------------------------------
**************************************************
Z=8, N=16, emax=8
RMSE Eb: 0.627
RMSE Rch: 0.012
MAPE Eb: 0.378
MAPE Rch: 0.350
--------------------------------------------------
**************************************************
Z=8, N=16, emax=6
RMSE Eb: 0.571
RMSE Rch: 0.012
MAPE Eb: 0.378
MAPE Rch: 0.334
--------------------------------------------------
**************************************************
Z=8, N=16, emax=10
RMSE Eb: 0.707
RMSE Rch: 0.012
MAPE Eb: 0.398
MAPE Rch: 0.353
--------------------------------------------------
**************************************************
Z=8, N=16, emax=4
RMSE Eb: 0.534
RMSE Rch: 0.013
MAPE Eb: 0.523
MAPE Rch: 0.378
--------------------------------------------------
Finished VAL for AE n=679
**************************************************
Z=8, N=4, emax=6
RMSE Eb: 0.694
RMSE Rch: 0.012
MAPE Eb: 1.324
MAPE Rch: 0.526
--------------------------------------------------
**************************************************
Z=8, N=4, emax=8
RMSE Eb: 0.966
RMSE Rch: 0.016
MAPE Eb: 1.547
MAPE Rch: 0.767
--------------------------------------------------
**************************************************
Z=8, N=4, emax=4
RMSE Eb: 0.597
RMSE Rch: 0.012
MAPE Eb: 1.729
MAPE Rch: 0.574
--------------------------------------------------
**************************************************
Z=8, N=4, emax=10
RMSE Eb: 1.071
RMSE Rch: 0.020
MAPE Eb: 1.464
MAPE Rch: 0.993
--------------------------------------------------
**************************************************
Z=8, N=5, emax=4
RMSE Eb: 0.568
RMSE Rch: 0.013
MAPE Eb: 1.205
MAPE Rch: 0.617
--------------------------------------------------
**************************************************
Z=8, N=5, emax=8
RMSE Eb: 0.702
RMSE Rch: 0.013
MAPE Eb: 0.925
MAPE Rch: 0.628
--------------------------------------------------
**************************************************
Z=8, N=5, emax=6
RMSE Eb: 0.595
RMSE Rch: 0.009
MAPE Eb: 0.850
MAPE Rch: 0.428
--------------------------------------------------
**************************************************
Z=8, N=5, emax=10
RMSE Eb: 1.332
RMSE Rch: 0.021
MAPE Eb: 1.834
MAPE Rch: 0.957
--------------------------------------------------
**************************************************
Z=8, N=6, emax=4
RMSE Eb: 0.729
RMSE Rch: 0.012
MAPE Eb: 1.064
MAPE Rch: 0.613
--------------------------------------------------
**************************************************
Z=8, N=6, emax=8
RMSE Eb: 0.872
RMSE Rch: 0.017
MAPE Eb: 0.856
MAPE Rch: 0.761
--------------------------------------------------
**************************************************
Z=8, N=6, emax=6
RMSE Eb: 0.898
RMSE Rch: 0.010
MAPE Eb: 0.999
MAPE Rch: 0.455
--------------------------------------------------
**************************************************
Z=8, N=6, emax=10
RMSE Eb: 0.976
RMSE Rch: 0.020
MAPE Eb: 0.924
MAPE Rch: 1.078
--------------------------------------------------
**************************************************
Z=8, N=7, emax=4
RMSE Eb: 0.740
RMSE Rch: 0.008
MAPE Eb: 0.895
MAPE Rch: 0.393
--------------------------------------------------
**************************************************
Z=8, N=7, emax=8
RMSE Eb: 1.090
RMSE Rch: 0.023
MAPE Eb: 0.914
MAPE Rch: 1.287
--------------------------------------------------
**************************************************
Z=8, N=7, emax=6
RMSE Eb: 0.770
RMSE Rch: 0.023
MAPE Eb: 0.736
MAPE Rch: 1.314
--------------------------------------------------
**************************************************
Z=8, N=7, emax=10
RMSE Eb: 1.373
RMSE Rch: 0.030
MAPE Eb: 1.135
MAPE Rch: 1.684
--------------------------------------------------
**************************************************
Z=8, N=8, emax=4
RMSE Eb: 0.518
RMSE Rch: 0.017
MAPE Eb: 0.520
MAPE Rch: 0.546
--------------------------------------------------
**************************************************
Z=8, N=8, emax=6
RMSE Eb: 0.555
RMSE Rch: 0.018
MAPE Eb: 0.466
MAPE Rch: 0.582
--------------------------------------------------
**************************************************
Z=8, N=8, emax=8
RMSE Eb: 0.598
RMSE Rch: 0.019
MAPE Eb: 0.446
MAPE Rch: 0.561
--------------------------------------------------
**************************************************
Z=8, N=8, emax=10
RMSE Eb: 1.163
RMSE Rch: 0.023
MAPE Eb: 0.896
MAPE Rch: 0.729
--------------------------------------------------
**************************************************
Z=8, N=9, emax=4
RMSE Eb: 0.488
RMSE Rch: 0.011
MAPE Eb: 0.528
MAPE Rch: 0.343
--------------------------------------------------
**************************************************
Z=8, N=9, emax=8
RMSE Eb: 0.573
RMSE Rch: 0.013
MAPE Eb: 0.421
MAPE Rch: 0.388
--------------------------------------------------
**************************************************
Z=8, N=9, emax=6
RMSE Eb: 0.451
RMSE Rch: 0.014
MAPE Eb: 0.366
MAPE Rch: 0.444
--------------------------------------------------
**************************************************
Z=8, N=9, emax=10
RMSE Eb: 0.873
RMSE Rch: 0.016
MAPE Eb: 0.632
MAPE Rch: 0.470
--------------------------------------------------
**************************************************
Z=8, N=10, emax=4
RMSE Eb: 0.418
RMSE Rch: 0.009
MAPE Eb: 0.421
MAPE Rch: 0.263
--------------------------------------------------
**************************************************
Z=8, N=10, emax=6
RMSE Eb: 0.553
RMSE Rch: 0.015
MAPE Eb: 0.437
MAPE Rch: 0.490
--------------------------------------------------
**************************************************
Z=8, N=10, emax=8
RMSE Eb: 0.512
RMSE Rch: 0.014
MAPE Eb: 0.370
MAPE Rch: 0.426
--------------------------------------------------
**************************************************
Z=8, N=10, emax=10
RMSE Eb: 0.821
RMSE Rch: 0.017
MAPE Eb: 0.525
MAPE Rch: 0.512
--------------------------------------------------
**************************************************
Z=8, N=11, emax=8
RMSE Eb: 0.521
RMSE Rch: 0.011
MAPE Eb: 0.339
MAPE Rch: 0.322
--------------------------------------------------
**************************************************
Z=8, N=11, emax=4
RMSE Eb: 0.392
RMSE Rch: 0.008
MAPE Eb: 0.429
MAPE Rch: 0.225
--------------------------------------------------
**************************************************
Z=8, N=11, emax=6
RMSE Eb: 0.446
RMSE Rch: 0.009
MAPE Eb: 0.370
MAPE Rch: 0.263
--------------------------------------------------
**************************************************
Z=8, N=11, emax=10
RMSE Eb: 0.636
RMSE Rch: 0.012
MAPE Eb: 0.409
MAPE Rch: 0.335
--------------------------------------------------
**************************************************
Z=8, N=12, emax=6
RMSE Eb: 0.474
RMSE Rch: 0.011
MAPE Eb: 0.371
MAPE Rch: 0.340
--------------------------------------------------
**************************************************
Z=8, N=12, emax=8
RMSE Eb: 0.494
RMSE Rch: 0.012
MAPE Eb: 0.320
MAPE Rch: 0.348
--------------------------------------------------
**************************************************
Z=8, N=12, emax=4
RMSE Eb: 0.407
RMSE Rch: 0.011
MAPE Eb: 0.418
MAPE Rch: 0.343
--------------------------------------------------
**************************************************
Z=8, N=12, emax=10
RMSE Eb: 0.811
RMSE Rch: 0.012
MAPE Eb: 0.464
MAPE Rch: 0.373
--------------------------------------------------
**************************************************
Z=8, N=13, emax=8
RMSE Eb: 0.477
RMSE Rch: 0.011
MAPE Eb: 0.306
MAPE Rch: 0.297
--------------------------------------------------
**************************************************
Z=8, N=13, emax=4
RMSE Eb: 0.380
RMSE Rch: 0.009
MAPE Eb: 0.367
MAPE Rch: 0.276
--------------------------------------------------
**************************************************
Z=8, N=13, emax=6
RMSE Eb: 0.398
RMSE Rch: 0.010
MAPE Eb: 0.264
MAPE Rch: 0.289
--------------------------------------------------
**************************************************
Z=8, N=13, emax=10
RMSE Eb: 0.451
RMSE Rch: 0.025
MAPE Eb: 0.285
MAPE Rch: 0.593
--------------------------------------------------
**************************************************
Z=8, N=14, emax=6
RMSE Eb: 0.479
RMSE Rch: 0.011
MAPE Eb: 0.333
MAPE Rch: 0.318
--------------------------------------------------
**************************************************
Z=8, N=14, emax=10
RMSE Eb: 0.671
RMSE Rch: 0.013
MAPE Eb: 0.345
MAPE Rch: 0.389
--------------------------------------------------
**************************************************
Z=8, N=14, emax=4
RMSE Eb: 0.432
RMSE Rch: 0.009
MAPE Eb: 0.401
MAPE Rch: 0.264
--------------------------------------------------
**************************************************
Z=8, N=14, emax=8
RMSE Eb: 0.507
RMSE Rch: 0.011
MAPE Eb: 0.306
MAPE Rch: 0.293
--------------------------------------------------
**************************************************
Z=8, N=15, emax=8
RMSE Eb: 0.531
RMSE Rch: 0.009
MAPE Eb: 0.312
MAPE Rch: 0.274
--------------------------------------------------
**************************************************
Z=8, N=15, emax=6
RMSE Eb: 0.541
RMSE Rch: 0.009
MAPE Eb: 0.386
MAPE Rch: 0.269
--------------------------------------------------
**************************************************
Z=8, N=15, emax=4
RMSE Eb: 0.512
RMSE Rch: 0.009
MAPE Eb: 0.482
MAPE Rch: 0.266
--------------------------------------------------
**************************************************
Z=8, N=15, emax=10
RMSE Eb: 0.775
RMSE Rch: 0.015
MAPE Eb: 0.512
MAPE Rch: 0.476
--------------------------------------------------
**************************************************
Z=8, N=16, emax=4
RMSE Eb: 0.623
RMSE Rch: 0.011
MAPE Eb: 0.581
MAPE Rch: 0.318
--------------------------------------------------
**************************************************
Z=8, N=16, emax=8
RMSE Eb: 0.505
RMSE Rch: 0.012
MAPE Eb: 0.287
MAPE Rch: 0.334
--------------------------------------------------
**************************************************
Z=8, N=16, emax=6
RMSE Eb: 0.449
RMSE Rch: 0.011
MAPE Eb: 0.300
MAPE Rch: 0.319
--------------------------------------------------
**************************************************
Z=8, N=16, emax=10
RMSE Eb: 0.714
RMSE Rch: 0.020
MAPE Eb: 0.405
MAPE Rch: 0.529
--------------------------------------------------
