Activated conda environment
[DataLoader] Found 13 files matching the pattern.
[DataLoader] Combined data shape: (17234, 35)
[Preprocess] Data split => train: (11029, 35), val: (2758, 35), test: (3447, 35)
[Preprocess] Processed fidelity 4 (index 0): 3758 samples.
[Preprocess] Processed fidelity 6 (index 1): 3346 samples.
[Preprocess] Processed fidelity 8 (index 2): 3194 samples.
[Preprocess] Processed fidelity 10 (index 3): 731 samples.
[Preprocess] Processed fidelity 4 (index 0): 949 samples.
[Preprocess] Processed fidelity 6 (index 1): 833 samples.
[Preprocess] Processed fidelity 8 (index 2): 801 samples.
[Preprocess] Processed fidelity 10 (index 3): 175 samples.
Fidelity levels: [4, 6, 8, 10]
[Trainer] Starting BNN training...
[Trainer] No improvement. Iteration 7300. Early stopping counter: 1, LR counter: 1
[Trainer] No improvement. Iteration 7500. Early stopping counter: 1, LR counter: 1
[Trainer] No improvement. Iteration 7900. Early stopping counter: 1, LR counter: 1
[Trainer] No improvement. Iteration 8100. Early stopping counter: 1, LR counter: 1
[Trainer] No improvement. Iteration 8400. Early stopping counter: 1, LR counter: 1
[Trainer] No improvement. Iteration 8500. Early stopping counter: 2, LR counter: 2
[Trainer] No improvement. Iteration 8600. Early stopping counter: 3, LR counter: 3
[Trainer] No improvement. Iteration 8700. Early stopping counter: 4, LR counter: 4
[Trainer] No improvement. Iteration 8800. Early stopping counter: 5, LR counter: 5
[Trainer] No improvement. Iteration 8900. Early stopping counter: 6, LR counter: 6
[Trainer] No improvement. Iteration 9100. Early stopping counter: 1, LR counter: 1
[Trainer] No improvement. Iteration 9900. Early stopping counter: 1, LR counter: 1
[Trainer] No improvement. Iteration 10100. Early stopping counter: 1, LR counter: 1
[Trainer] No improvement. Iteration 10200. Early stopping counter: 2, LR counter: 2
[Trainer] No improvement. Iteration 10300. Early stopping counter: 3, LR counter: 3
[Trainer] No improvement. Iteration 10400. Early stopping counter: 4, LR counter: 4
[Trainer] No improvement. Iteration 10500. Early stopping counter: 5, LR counter: 5
[Trainer] No improvement. Iteration 10600. Early stopping counter: 6, LR counter: 6
[Trainer] No improvement. Iteration 10700. Early stopping counter: 7, LR counter: 7
[Trainer] No improvement. Iteration 10800. Early stopping counter: 8, LR counter: 8
[Trainer] No improvement. Iteration 10900. Early stopping counter: 9, LR counter: 9
[Trainer] No improvement. Iteration 11000. Early stopping counter: 10, LR counter: 10
[Trainer] No improvement. Iteration 11100. Early stopping counter: 11, LR counter: 11
[Trainer] No improvement. Iteration 11200. Early stopping counter: 12, LR counter: 12
[Trainer] No improvement. Iteration 11300. Early stopping counter: 13, LR counter: 13
[Trainer] No improvement. Iteration 11400. Early stopping counter: 14, LR counter: 14
[Trainer] No improvement. Iteration 11500. Early stopping counter: 15, LR counter: 15
[Trainer] No improvement. Iteration 11600. Early stopping counter: 16, LR counter: 16
[Trainer] No improvement. Iteration 11700. Early stopping counter: 17, LR counter: 17
[Trainer] No improvement. Iteration 11800. Early stopping counter: 18, LR counter: 18
[Trainer] No improvement. Iteration 11900. Early stopping counter: 19, LR counter: 19
[Trainer] No improvement. Iteration 12000. Early stopping counter: 20, LR counter: 20
[Trainer] No improvement. Iteration 12100. Early stopping counter: 21, LR counter: 21
[Trainer] No improvement. Iteration 12200. Early stopping counter: 22, LR counter: 22
[Trainer] No improvement. Iteration 12300. Early stopping counter: 23, LR counter: 23
[Trainer] No improvement. Iteration 12400. Early stopping counter: 24, LR counter: 24
[Trainer] No improvement. Iteration 12500. Early stopping counter: 25, LR counter: 25
[Trainer] Learning rate reduced to: 0.000010
[Trainer] No improvement. Iteration 12600. Early stopping counter: 26, LR counter: 1
[Trainer] No improvement. Iteration 12700. Early stopping counter: 27, LR counter: 2
[Trainer] No improvement. Iteration 12800. Early stopping counter: 28, LR counter: 3
[Trainer] No improvement. Iteration 12900. Early stopping counter: 29, LR counter: 4
[Trainer] No improvement. Iteration 13000. Early stopping counter: 30, LR counter: 5
[Trainer] No improvement. Iteration 13100. Early stopping counter: 31, LR counter: 6
[Trainer] No improvement. Iteration 13200. Early stopping counter: 32, LR counter: 7
[Trainer] No improvement. Iteration 13300. Early stopping counter: 33, LR counter: 8
[Trainer] No improvement. Iteration 13400. Early stopping counter: 34, LR counter: 9
[Trainer] No improvement. Iteration 13500. Early stopping counter: 35, LR counter: 10
[Trainer] No improvement. Iteration 13600. Early stopping counter: 36, LR counter: 11
[Trainer] No improvement. Iteration 13700. Early stopping counter: 37, LR counter: 12
[Trainer] No improvement. Iteration 13800. Early stopping counter: 38, LR counter: 13
[Trainer] No improvement. Iteration 13900. Early stopping counter: 39, LR counter: 14
[Trainer] No improvement. Iteration 14000. Early stopping counter: 40, LR counter: 15
[Trainer] No improvement. Iteration 14100. Early stopping counter: 41, LR counter: 16
[Trainer] No improvement. Iteration 14200. Early stopping counter: 42, LR counter: 17
[Trainer] No improvement. Iteration 14300. Early stopping counter: 43, LR counter: 18
[Trainer] No improvement. Iteration 14400. Early stopping counter: 44, LR counter: 19
[Trainer] No improvement. Iteration 14500. Early stopping counter: 45, LR counter: 20
[Trainer] No improvement. Iteration 14600. Early stopping counter: 46, LR counter: 21
[Trainer] No improvement. Iteration 14700. Early stopping counter: 47, LR counter: 22
[Trainer] No improvement. Iteration 14800. Early stopping counter: 48, LR counter: 23
[Trainer] No improvement. Iteration 14900. Early stopping counter: 49, LR counter: 24
[Trainer] No improvement. Iteration 15000. Early stopping counter: 50, LR counter: 25
[Trainer] Learning rate reduced to: 0.000001
[Trainer] Early stopping triggered.
[Trainer] Training completed.
[Trainer] Calibrating temperatures on validation set...
[Trainer] Temperature calibration finished. Calibrated temperatures: {4: 1.7946579456329346, 6: 1.0002944469451904, 8: 1.1164942979812622, 10: 1.3274561166763306}
[Trainer] BNN training completed.
**************************************************
Z=8, N=4, emax=4
RMSE Eb: 0.636
RMSE Rch: 0.023
MAPE Eb: 1.894
MAPE Rch: 1.204
--------------------------------------------------
**************************************************
Z=8, N=4, emax=10
RMSE Eb: 0.798
RMSE Rch: 0.040
MAPE Eb: 1.200
MAPE Rch: 2.284
--------------------------------------------------
**************************************************
Z=8, N=4, emax=6
RMSE Eb: 0.445
RMSE Rch: 0.014
MAPE Eb: 0.838
MAPE Rch: 0.676
--------------------------------------------------
**************************************************
Z=8, N=4, emax=8
RMSE Eb: 0.520
RMSE Rch: 0.041
MAPE Eb: 0.877
MAPE Rch: 2.299
--------------------------------------------------
**************************************************
Z=8, N=5, emax=8
RMSE Eb: 0.571
RMSE Rch: 0.050
MAPE Eb: 0.762
MAPE Rch: 3.000
--------------------------------------------------
**************************************************
Z=8, N=5, emax=6
RMSE Eb: 0.457
RMSE Rch: 0.024
MAPE Eb: 0.678
MAPE Rch: 1.353
--------------------------------------------------
**************************************************
Z=8, N=5, emax=4
RMSE Eb: 0.541
RMSE Rch: 0.030
MAPE Eb: 1.090
MAPE Rch: 1.691
--------------------------------------------------
**************************************************
Z=8, N=5, emax=10
RMSE Eb: 0.245
RMSE Rch: 0.013
MAPE Eb: 0.315
MAPE Rch: 0.779
--------------------------------------------------
**************************************************
Z=8, N=6, emax=4
RMSE Eb: 0.569
RMSE Rch: 0.022
MAPE Eb: 0.855
MAPE Rch: 1.200
--------------------------------------------------
**************************************************
Z=8, N=6, emax=6
RMSE Eb: 0.599
RMSE Rch: 0.021
MAPE Eb: 0.625
MAPE Rch: 1.149
--------------------------------------------------
**************************************************
Z=8, N=6, emax=8
RMSE Eb: 0.821
RMSE Rch: 0.045
MAPE Eb: 0.806
MAPE Rch: 2.741
--------------------------------------------------
**************************************************
Z=8, N=6, emax=10
RMSE Eb: 1.039
RMSE Rch: 0.023
MAPE Eb: 0.997
MAPE Rch: 1.124
--------------------------------------------------
**************************************************
Z=8, N=7, emax=8
RMSE Eb: 0.989
RMSE Rch: 0.022
MAPE Eb: 0.817
MAPE Rch: 1.293
--------------------------------------------------
**************************************************
Z=8, N=7, emax=10
RMSE Eb: 1.117
RMSE Rch: 0.020
MAPE Eb: 0.947
MAPE Rch: 1.188
--------------------------------------------------
**************************************************
Z=8, N=7, emax=6
RMSE Eb: 0.821
RMSE Rch: 0.012
MAPE Eb: 0.821
MAPE Rch: 0.638
--------------------------------------------------
**************************************************
Z=8, N=7, emax=4
RMSE Eb: 0.612
RMSE Rch: 0.012
MAPE Eb: 0.702
MAPE Rch: 0.611
--------------------------------------------------
**************************************************
Z=8, N=8, emax=4
RMSE Eb: 0.522
RMSE Rch: 0.009
MAPE Eb: 0.540
MAPE Rch: 0.265
--------------------------------------------------
**************************************************
Z=8, N=8, emax=8
RMSE Eb: 0.488
RMSE Rch: 0.022
MAPE Eb: 0.371
MAPE Rch: 0.682
--------------------------------------------------
**************************************************
Z=8, N=8, emax=6
RMSE Eb: 0.400
RMSE Rch: 0.016
MAPE Eb: 0.321
MAPE Rch: 0.504
--------------------------------------------------
**************************************************
Z=8, N=8, emax=10
RMSE Eb: 0.633
RMSE Rch: 0.043
MAPE Eb: 0.512
MAPE Rch: 1.362
--------------------------------------------------
**************************************************
Z=8, N=9, emax=8
RMSE Eb: 0.671
RMSE Rch: 0.012
MAPE Eb: 0.515
MAPE Rch: 0.347
--------------------------------------------------
**************************************************
Z=8, N=9, emax=6
RMSE Eb: 0.379
RMSE Rch: 0.010
MAPE Eb: 0.313
MAPE Rch: 0.295
--------------------------------------------------
**************************************************
Z=8, N=9, emax=4
RMSE Eb: 0.812
RMSE Rch: 0.012
MAPE Eb: 0.879
MAPE Rch: 0.330
--------------------------------------------------
**************************************************
Z=8, N=9, emax=10
RMSE Eb: 0.549
RMSE Rch: 0.009
MAPE Eb: 0.404
MAPE Rch: 0.259
--------------------------------------------------
**************************************************
Z=8, N=10, emax=4
RMSE Eb: 0.685
RMSE Rch: 0.014
MAPE Eb: 0.737
MAPE Rch: 0.407
--------------------------------------------------
**************************************************
Z=8, N=10, emax=10
RMSE Eb: 0.456
RMSE Rch: 0.013
MAPE Eb: 0.327
MAPE Rch: 0.382
--------------------------------------------------
**************************************************
Z=8, N=10, emax=6
RMSE Eb: 0.477
RMSE Rch: 0.012
MAPE Eb: 0.382
MAPE Rch: 0.364
--------------------------------------------------
**************************************************
Z=8, N=10, emax=8
RMSE Eb: 0.716
RMSE Rch: 0.007
MAPE Eb: 0.509
MAPE Rch: 0.191
--------------------------------------------------
**************************************************
Z=8, N=11, emax=4
RMSE Eb: 0.802
RMSE Rch: 0.010
MAPE Eb: 0.863
MAPE Rch: 0.286
--------------------------------------------------
**************************************************
Z=8, N=11, emax=6
RMSE Eb: 0.614
RMSE Rch: 0.010
MAPE Eb: 0.474
MAPE Rch: 0.286
--------------------------------------------------
**************************************************
Z=8, N=11, emax=8
RMSE Eb: 0.646
RMSE Rch: 0.007
MAPE Eb: 0.463
MAPE Rch: 0.210
--------------------------------------------------
**************************************************
Z=8, N=11, emax=10
RMSE Eb: 0.813
RMSE Rch: 0.022
MAPE Eb: 0.536
MAPE Rch: 0.668
--------------------------------------------------
**************************************************
Z=8, N=12, emax=6
RMSE Eb: 0.515
RMSE Rch: 0.007
MAPE Eb: 0.357
MAPE Rch: 0.202
--------------------------------------------------
**************************************************
Z=8, N=12, emax=4
RMSE Eb: 0.759
RMSE Rch: 0.008
MAPE Eb: 0.785
MAPE Rch: 0.244
--------------------------------------------------
**************************************************
Z=8, N=12, emax=8
RMSE Eb: 0.537
RMSE Rch: 0.011
MAPE Eb: 0.372
MAPE Rch: 0.324
--------------------------------------------------
**************************************************
Z=8, N=12, emax=10
RMSE Eb: 0.720
RMSE Rch: 0.022
MAPE Eb: 0.494
MAPE Rch: 0.744
--------------------------------------------------
**************************************************
Z=8, N=13, emax=8
RMSE Eb: 0.558
RMSE Rch: 0.009
MAPE Eb: 0.363
MAPE Rch: 0.286
--------------------------------------------------
**************************************************
Z=8, N=13, emax=4
RMSE Eb: 0.775
RMSE Rch: 0.008
MAPE Eb: 0.739
MAPE Rch: 0.220
--------------------------------------------------
**************************************************
Z=8, N=13, emax=10
RMSE Eb: 0.720
RMSE Rch: 0.016
MAPE Eb: 0.364
MAPE Rch: 0.456
--------------------------------------------------
**************************************************
Z=8, N=13, emax=6
RMSE Eb: 0.516
RMSE Rch: 0.005
MAPE Eb: 0.390
MAPE Rch: 0.157
--------------------------------------------------
**************************************************
Z=8, N=14, emax=8
RMSE Eb: 0.676
RMSE Rch: 0.013
MAPE Eb: 0.389
MAPE Rch: 0.312
--------------------------------------------------
**************************************************
Z=8, N=14, emax=4
RMSE Eb: 0.875
RMSE Rch: 0.011
MAPE Eb: 0.889
MAPE Rch: 0.292
--------------------------------------------------
**************************************************
Z=8, N=14, emax=6
RMSE Eb: 0.553
RMSE Rch: 0.006
MAPE Eb: 0.399
MAPE Rch: 0.174
--------------------------------------------------
**************************************************
Z=8, N=14, emax=10
RMSE Eb: 0.532
RMSE Rch: 0.014
MAPE Eb: 0.351
MAPE Rch: 0.424
--------------------------------------------------
**************************************************
Z=8, N=15, emax=8
RMSE Eb: 0.695
RMSE Rch: 0.009
MAPE Eb: 0.402
MAPE Rch: 0.260
--------------------------------------------------
**************************************************
Z=8, N=15, emax=4
RMSE Eb: 1.130
RMSE Rch: 0.011
MAPE Eb: 1.017
MAPE Rch: 0.325
--------------------------------------------------
**************************************************
Z=8, N=15, emax=6
RMSE Eb: 0.710
RMSE Rch: 0.007
MAPE Eb: 0.512
MAPE Rch: 0.214
--------------------------------------------------
**************************************************
Z=8, N=15, emax=10
RMSE Eb: 0.731
RMSE Rch: 0.015
MAPE Eb: 0.379
MAPE Rch: 0.406
--------------------------------------------------
**************************************************
Z=8, N=16, emax=8
RMSE Eb: 0.754
RMSE Rch: 0.010
MAPE Eb: 0.461
MAPE Rch: 0.279
--------------------------------------------------
**************************************************
Z=8, N=16, emax=6
RMSE Eb: 0.620
RMSE Rch: 0.008
MAPE Eb: 0.428
MAPE Rch: 0.206
--------------------------------------------------
**************************************************
Z=8, N=16, emax=10
RMSE Eb: 0.604
RMSE Rch: 0.014
MAPE Eb: 0.353
MAPE Rch: 0.411
--------------------------------------------------
**************************************************
Z=8, N=16, emax=4
RMSE Eb: 0.826
RMSE Rch: 0.013
MAPE Eb: 0.819
MAPE Rch: 0.337
--------------------------------------------------
Finished VAL for AE n=404
**************************************************
Z=8, N=4, emax=6
RMSE Eb: 0.509
RMSE Rch: 0.013
MAPE Eb: 0.932
MAPE Rch: 0.657
--------------------------------------------------
**************************************************
Z=8, N=4, emax=8
RMSE Eb: 0.498
RMSE Rch: 0.043
MAPE Eb: 0.822
MAPE Rch: 2.398
--------------------------------------------------
**************************************************
Z=8, N=4, emax=4
RMSE Eb: 0.592
RMSE Rch: 0.021
MAPE Eb: 1.653
MAPE Rch: 1.082
--------------------------------------------------
**************************************************
Z=8, N=4, emax=10
RMSE Eb: 0.715
RMSE Rch: 0.030
MAPE Eb: 1.226
MAPE Rch: 1.327
--------------------------------------------------
**************************************************
Z=8, N=5, emax=4
RMSE Eb: 0.558
RMSE Rch: 0.030
MAPE Eb: 1.172
MAPE Rch: 1.668
--------------------------------------------------
**************************************************
Z=8, N=5, emax=8
RMSE Eb: 0.529
RMSE Rch: 0.047
MAPE Eb: 0.679
MAPE Rch: 2.816
--------------------------------------------------
**************************************************
Z=8, N=5, emax=6
RMSE Eb: 0.572
RMSE Rch: 0.023
MAPE Eb: 0.825
MAPE Rch: 1.333
--------------------------------------------------
**************************************************
Z=8, N=5, emax=10
RMSE Eb: 0.590
RMSE Rch: 0.025
MAPE Eb: 0.731
MAPE Rch: 1.555
--------------------------------------------------
**************************************************
Z=8, N=6, emax=4
RMSE Eb: 0.578
RMSE Rch: 0.022
MAPE Eb: 0.843
MAPE Rch: 1.182
--------------------------------------------------
**************************************************
Z=8, N=6, emax=8
RMSE Eb: 0.819
RMSE Rch: 0.044
MAPE Eb: 0.805
MAPE Rch: 2.625
--------------------------------------------------
**************************************************
Z=8, N=6, emax=6
RMSE Eb: 0.716
RMSE Rch: 0.022
MAPE Eb: 0.769
MAPE Rch: 1.204
--------------------------------------------------
**************************************************
Z=8, N=6, emax=10
RMSE Eb: 0.870
RMSE Rch: 0.022
MAPE Eb: 0.834
MAPE Rch: 1.239
--------------------------------------------------
**************************************************
Z=8, N=7, emax=4
RMSE Eb: 0.583
RMSE Rch: 0.011
MAPE Eb: 0.721
MAPE Rch: 0.571
--------------------------------------------------
**************************************************
Z=8, N=7, emax=8
RMSE Eb: 0.887
RMSE Rch: 0.021
MAPE Eb: 0.758
MAPE Rch: 1.267
--------------------------------------------------
**************************************************
Z=8, N=7, emax=6
RMSE Eb: 0.844
RMSE Rch: 0.012
MAPE Eb: 0.815
MAPE Rch: 0.572
--------------------------------------------------
**************************************************
Z=8, N=7, emax=10
RMSE Eb: 0.743
RMSE Rch: 0.021
MAPE Eb: 0.641
MAPE Rch: 1.232
--------------------------------------------------
**************************************************
Z=8, N=8, emax=4
RMSE Eb: 0.451
RMSE Rch: 0.009
MAPE Eb: 0.450
MAPE Rch: 0.241
--------------------------------------------------
**************************************************
Z=8, N=8, emax=6
RMSE Eb: 0.444
RMSE Rch: 0.014
MAPE Eb: 0.355
MAPE Rch: 0.412
--------------------------------------------------
**************************************************
Z=8, N=8, emax=8
RMSE Eb: 0.493
RMSE Rch: 0.017
MAPE Eb: 0.385
MAPE Rch: 0.506
--------------------------------------------------
**************************************************
Z=8, N=8, emax=10
RMSE Eb: 0.613
RMSE Rch: 0.031
MAPE Eb: 0.458
MAPE Rch: 0.914
--------------------------------------------------
**************************************************
Z=8, N=9, emax=4
RMSE Eb: 0.704
RMSE Rch: 0.012
MAPE Eb: 0.781
MAPE Rch: 0.330
--------------------------------------------------
**************************************************
Z=8, N=9, emax=8
RMSE Eb: 0.680
RMSE Rch: 0.012
MAPE Eb: 0.496
MAPE Rch: 0.339
--------------------------------------------------
**************************************************
Z=8, N=9, emax=6
RMSE Eb: 0.408
RMSE Rch: 0.009
MAPE Eb: 0.332
MAPE Rch: 0.264
--------------------------------------------------
**************************************************
Z=8, N=9, emax=10
RMSE Eb: 0.498
RMSE Rch: 0.015
MAPE Eb: 0.316
MAPE Rch: 0.388
--------------------------------------------------
**************************************************
Z=8, N=10, emax=4
RMSE Eb: 0.749
RMSE Rch: 0.013
MAPE Eb: 0.729
MAPE Rch: 0.391
--------------------------------------------------
**************************************************
Z=8, N=10, emax=6
RMSE Eb: 0.494
RMSE Rch: 0.014
MAPE Eb: 0.381
MAPE Rch: 0.413
--------------------------------------------------
**************************************************
Z=8, N=10, emax=8
RMSE Eb: 0.673
RMSE Rch: 0.007
MAPE Eb: 0.492
MAPE Rch: 0.194
--------------------------------------------------
**************************************************
Z=8, N=10, emax=10
RMSE Eb: 0.779
RMSE Rch: 0.017
MAPE Eb: 0.529
MAPE Rch: 0.502
--------------------------------------------------
**************************************************
Z=8, N=11, emax=8
RMSE Eb: 0.634
RMSE Rch: 0.008
MAPE Eb: 0.424
MAPE Rch: 0.213
--------------------------------------------------
**************************************************
Z=8, N=11, emax=4
RMSE Eb: 0.711
RMSE Rch: 0.010
MAPE Eb: 0.790
MAPE Rch: 0.321
--------------------------------------------------
**************************************************
Z=8, N=11, emax=6
RMSE Eb: 0.571
RMSE Rch: 0.011
MAPE Eb: 0.463
MAPE Rch: 0.287
--------------------------------------------------
**************************************************
Z=8, N=11, emax=10
RMSE Eb: 0.636
RMSE Rch: 0.021
MAPE Eb: 0.442
MAPE Rch: 0.695
--------------------------------------------------
**************************************************
Z=8, N=12, emax=6
RMSE Eb: 0.546
RMSE Rch: 0.006
MAPE Eb: 0.386
MAPE Rch: 0.165
--------------------------------------------------
**************************************************
Z=8, N=12, emax=8
RMSE Eb: 0.530
RMSE Rch: 0.011
MAPE Eb: 0.326
MAPE Rch: 0.314
--------------------------------------------------
**************************************************
Z=8, N=12, emax=4
RMSE Eb: 0.624
RMSE Rch: 0.009
MAPE Eb: 0.626
MAPE Rch: 0.241
--------------------------------------------------
**************************************************
Z=8, N=12, emax=10
RMSE Eb: 0.645
RMSE Rch: 0.020
MAPE Eb: 0.416
MAPE Rch: 0.686
--------------------------------------------------
**************************************************
Z=8, N=13, emax=8
RMSE Eb: 0.494
RMSE Rch: 0.010
MAPE Eb: 0.332
MAPE Rch: 0.278
--------------------------------------------------
**************************************************
Z=8, N=13, emax=4
RMSE Eb: 0.796
RMSE Rch: 0.007
MAPE Eb: 0.756
MAPE Rch: 0.190
--------------------------------------------------
**************************************************
Z=8, N=13, emax=6
RMSE Eb: 0.600
RMSE Rch: 0.006
MAPE Eb: 0.422
MAPE Rch: 0.177
--------------------------------------------------
**************************************************
Z=8, N=13, emax=10
RMSE Eb: 0.440
RMSE Rch: 0.019
MAPE Eb: 0.275
MAPE Rch: 0.586
--------------------------------------------------
**************************************************
Z=8, N=14, emax=6
RMSE Eb: 0.630
RMSE Rch: 0.008
MAPE Eb: 0.449
MAPE Rch: 0.225
--------------------------------------------------
**************************************************
Z=8, N=14, emax=10
RMSE Eb: 0.931
RMSE Rch: 0.009
MAPE Eb: 0.560
MAPE Rch: 0.271
--------------------------------------------------
**************************************************
Z=8, N=14, emax=4
RMSE Eb: 0.898
RMSE Rch: 0.009
MAPE Eb: 0.974
MAPE Rch: 0.233
--------------------------------------------------
**************************************************
Z=8, N=14, emax=8
RMSE Eb: 0.695
RMSE Rch: 0.010
MAPE Eb: 0.427
MAPE Rch: 0.236
--------------------------------------------------
**************************************************
Z=8, N=15, emax=8
RMSE Eb: 0.672
RMSE Rch: 0.008
MAPE Eb: 0.409
MAPE Rch: 0.245
--------------------------------------------------
**************************************************
Z=8, N=15, emax=6
RMSE Eb: 0.626
RMSE Rch: 0.007
MAPE Eb: 0.397
MAPE Rch: 0.206
--------------------------------------------------
**************************************************
Z=8, N=15, emax=4
RMSE Eb: 0.770
RMSE Rch: 0.011
MAPE Eb: 0.721
MAPE Rch: 0.303
--------------------------------------------------
**************************************************
Z=8, N=15, emax=10
RMSE Eb: 0.589
RMSE Rch: 0.012
MAPE Eb: 0.370
MAPE Rch: 0.348
--------------------------------------------------
**************************************************
Z=8, N=16, emax=4
RMSE Eb: 0.903
RMSE Rch: 0.012
MAPE Eb: 0.820
MAPE Rch: 0.320
--------------------------------------------------
**************************************************
Z=8, N=16, emax=8
RMSE Eb: 0.712
RMSE Rch: 0.011
MAPE Eb: 0.429
MAPE Rch: 0.306
--------------------------------------------------
**************************************************
Z=8, N=16, emax=6
RMSE Eb: 0.659
RMSE Rch: 0.007
MAPE Eb: 0.431
MAPE Rch: 0.188
--------------------------------------------------
**************************************************
Z=8, N=16, emax=10
RMSE Eb: 0.648
RMSE Rch: 0.017
MAPE Eb: 0.360
MAPE Rch: 0.490
--------------------------------------------------
