Activated conda environment
[DataLoader] Found 13 files matching the pattern.
[DataLoader] Combined data shape: (17234, 35)
[Preprocess] Data split => train: (11029, 35), val: (2758, 35), test: (3447, 35)
[Preprocess] Processed fidelity 4 (index 0): 3758 samples.
[Preprocess] Processed fidelity 6 (index 1): 3346 samples.
[Preprocess] Processed fidelity 8 (index 2): 3194 samples.
[Preprocess] Processed fidelity 10 (index 3): 731 samples.
[Preprocess] Processed fidelity 4 (index 0): 949 samples.
[Preprocess] Processed fidelity 6 (index 1): 833 samples.
[Preprocess] Processed fidelity 8 (index 2): 801 samples.
[Preprocess] Processed fidelity 10 (index 3): 175 samples.
Fidelity levels: [4, 6, 8, 10]
[Trainer] Starting BNN training...
[Trainer] No improvement. Iteration 7900. Early stopping counter: 1, LR counter: 1
[Trainer] No improvement. Iteration 9200. Early stopping counter: 1, LR counter: 1
[Trainer] No improvement. Iteration 9500. Early stopping counter: 1, LR counter: 1
[Trainer] No improvement. Iteration 9600. Early stopping counter: 2, LR counter: 2
[Trainer] No improvement. Iteration 9700. Early stopping counter: 3, LR counter: 3
[Trainer] No improvement. Iteration 9800. Early stopping counter: 4, LR counter: 4
[Trainer] No improvement. Iteration 9900. Early stopping counter: 5, LR counter: 5
[Trainer] No improvement. Iteration 10000. Early stopping counter: 6, LR counter: 6
[Trainer] No improvement. Iteration 10400. Early stopping counter: 1, LR counter: 1
[Trainer] No improvement. Iteration 10500. Early stopping counter: 2, LR counter: 2
[Trainer] No improvement. Iteration 10600. Early stopping counter: 3, LR counter: 3
[Trainer] No improvement. Iteration 10700. Early stopping counter: 4, LR counter: 4
[Trainer] No improvement. Iteration 10800. Early stopping counter: 5, LR counter: 5
[Trainer] No improvement. Iteration 10900. Early stopping counter: 6, LR counter: 6
[Trainer] No improvement. Iteration 11000. Early stopping counter: 7, LR counter: 7
[Trainer] No improvement. Iteration 11100. Early stopping counter: 8, LR counter: 8
[Trainer] No improvement. Iteration 11200. Early stopping counter: 9, LR counter: 9
[Trainer] No improvement. Iteration 11300. Early stopping counter: 10, LR counter: 10
[Trainer] No improvement. Iteration 11400. Early stopping counter: 11, LR counter: 11
[Trainer] No improvement. Iteration 11500. Early stopping counter: 12, LR counter: 12
[Trainer] No improvement. Iteration 11600. Early stopping counter: 13, LR counter: 13
[Trainer] No improvement. Iteration 11700. Early stopping counter: 14, LR counter: 14
[Trainer] No improvement. Iteration 12600. Early stopping counter: 1, LR counter: 1
[Trainer] No improvement. Iteration 12700. Early stopping counter: 2, LR counter: 2
[Trainer] No improvement. Iteration 12800. Early stopping counter: 3, LR counter: 3
[Trainer] No improvement. Iteration 12900. Early stopping counter: 4, LR counter: 4
[Trainer] No improvement. Iteration 13000. Early stopping counter: 5, LR counter: 5
[Trainer] No improvement. Iteration 13100. Early stopping counter: 6, LR counter: 6
[Trainer] No improvement. Iteration 13200. Early stopping counter: 7, LR counter: 7
[Trainer] No improvement. Iteration 13300. Early stopping counter: 8, LR counter: 8
[Trainer] No improvement. Iteration 13400. Early stopping counter: 9, LR counter: 9
[Trainer] No improvement. Iteration 13500. Early stopping counter: 10, LR counter: 10
[Trainer] No improvement. Iteration 13600. Early stopping counter: 11, LR counter: 11
[Trainer] No improvement. Iteration 13700. Early stopping counter: 12, LR counter: 12
[Trainer] No improvement. Iteration 13800. Early stopping counter: 13, LR counter: 13
[Trainer] No improvement. Iteration 13900. Early stopping counter: 14, LR counter: 14
[Trainer] No improvement. Iteration 14000. Early stopping counter: 15, LR counter: 15
[Trainer] No improvement. Iteration 14100. Early stopping counter: 16, LR counter: 16
[Trainer] No improvement. Iteration 14200. Early stopping counter: 17, LR counter: 17
[Trainer] No improvement. Iteration 14300. Early stopping counter: 18, LR counter: 18
[Trainer] No improvement. Iteration 14400. Early stopping counter: 19, LR counter: 19
[Trainer] No improvement. Iteration 14500. Early stopping counter: 20, LR counter: 20
[Trainer] No improvement. Iteration 14600. Early stopping counter: 21, LR counter: 21
[Trainer] No improvement. Iteration 14700. Early stopping counter: 22, LR counter: 22
[Trainer] No improvement. Iteration 14800. Early stopping counter: 23, LR counter: 23
[Trainer] No improvement. Iteration 14900. Early stopping counter: 24, LR counter: 24
[Trainer] No improvement. Iteration 15000. Early stopping counter: 25, LR counter: 25
[Trainer] Learning rate reduced to: 0.000010
[Trainer] No improvement. Iteration 15100. Early stopping counter: 26, LR counter: 1
[Trainer] No improvement. Iteration 15200. Early stopping counter: 27, LR counter: 2
[Trainer] No improvement. Iteration 15300. Early stopping counter: 28, LR counter: 3
[Trainer] No improvement. Iteration 15400. Early stopping counter: 29, LR counter: 4
[Trainer] No improvement. Iteration 15500. Early stopping counter: 30, LR counter: 5
[Trainer] No improvement. Iteration 15600. Early stopping counter: 31, LR counter: 6
[Trainer] No improvement. Iteration 15700. Early stopping counter: 32, LR counter: 7
[Trainer] No improvement. Iteration 15800. Early stopping counter: 33, LR counter: 8
[Trainer] No improvement. Iteration 15900. Early stopping counter: 34, LR counter: 9
[Trainer] No improvement. Iteration 16000. Early stopping counter: 35, LR counter: 10
[Trainer] No improvement. Iteration 16100. Early stopping counter: 36, LR counter: 11
[Trainer] No improvement. Iteration 16200. Early stopping counter: 37, LR counter: 12
[Trainer] No improvement. Iteration 16300. Early stopping counter: 38, LR counter: 13
[Trainer] No improvement. Iteration 16400. Early stopping counter: 39, LR counter: 14
[Trainer] No improvement. Iteration 16500. Early stopping counter: 40, LR counter: 15
[Trainer] No improvement. Iteration 16600. Early stopping counter: 41, LR counter: 16
[Trainer] No improvement. Iteration 16700. Early stopping counter: 42, LR counter: 17
[Trainer] No improvement. Iteration 16800. Early stopping counter: 43, LR counter: 18
[Trainer] No improvement. Iteration 16900. Early stopping counter: 44, LR counter: 19
[Trainer] No improvement. Iteration 17000. Early stopping counter: 45, LR counter: 20
[Trainer] No improvement. Iteration 17100. Early stopping counter: 46, LR counter: 21
[Trainer] No improvement. Iteration 17200. Early stopping counter: 47, LR counter: 22
[Trainer] No improvement. Iteration 17300. Early stopping counter: 48, LR counter: 23
[Trainer] No improvement. Iteration 17400. Early stopping counter: 49, LR counter: 24
[Trainer] No improvement. Iteration 17500. Early stopping counter: 50, LR counter: 25
[Trainer] Learning rate reduced to: 0.000001
[Trainer] Early stopping triggered.
[Trainer] Training completed.
[Trainer] Calibrating temperatures on validation set...
[Trainer] Temperature calibration finished. Calibrated temperatures: {4: 1.0869011878967285, 6: 0.9738892316818237, 8: 1.0872917175292969, 10: 1.3492811918258667}
[Trainer] BNN training completed.
**************************************************
Z=8, N=4, emax=4
RMSE Eb: 0.944
RMSE Rch: 0.010
MAPE Eb: 2.785
MAPE Rch: 0.445
--------------------------------------------------
**************************************************
Z=8, N=4, emax=10
RMSE Eb: 1.146
RMSE Rch: 0.061
MAPE Eb: 1.960
MAPE Rch: 2.835
--------------------------------------------------
**************************************************
Z=8, N=4, emax=6
RMSE Eb: 0.808
RMSE Rch: 0.015
MAPE Eb: 1.583
MAPE Rch: 0.690
--------------------------------------------------
**************************************************
Z=8, N=4, emax=8
RMSE Eb: 0.947
RMSE Rch: 0.023
MAPE Eb: 1.431
MAPE Rch: 1.106
--------------------------------------------------
**************************************************
Z=8, N=5, emax=8
RMSE Eb: 1.100
RMSE Rch: 0.019
MAPE Eb: 1.325
MAPE Rch: 0.970
--------------------------------------------------
**************************************************
Z=8, N=5, emax=6
RMSE Eb: 0.875
RMSE Rch: 0.015
MAPE Eb: 1.320
MAPE Rch: 0.734
--------------------------------------------------
**************************************************
Z=8, N=5, emax=4
RMSE Eb: 0.864
RMSE Rch: 0.011
MAPE Eb: 1.740
MAPE Rch: 0.525
--------------------------------------------------
**************************************************
Z=8, N=5, emax=10
RMSE Eb: 1.114
RMSE Rch: 0.020
MAPE Eb: 1.378
MAPE Rch: 1.075
--------------------------------------------------
**************************************************
Z=8, N=6, emax=4
RMSE Eb: 0.970
RMSE Rch: 0.014
MAPE Eb: 1.460
MAPE Rch: 0.662
--------------------------------------------------
**************************************************
Z=8, N=6, emax=6
RMSE Eb: 0.898
RMSE Rch: 0.013
MAPE Eb: 1.005
MAPE Rch: 0.662
--------------------------------------------------
**************************************************
Z=8, N=6, emax=8
RMSE Eb: 1.180
RMSE Rch: 0.017
MAPE Eb: 1.066
MAPE Rch: 0.854
--------------------------------------------------
**************************************************
Z=8, N=6, emax=10
RMSE Eb: 1.385
RMSE Rch: 0.018
MAPE Eb: 1.289
MAPE Rch: 0.924
--------------------------------------------------
**************************************************
Z=8, N=7, emax=8
RMSE Eb: 1.150
RMSE Rch: 0.016
MAPE Eb: 0.927
MAPE Rch: 0.807
--------------------------------------------------
**************************************************
Z=8, N=7, emax=10
RMSE Eb: 1.623
RMSE Rch: 0.016
MAPE Eb: 1.082
MAPE Rch: 0.908
--------------------------------------------------
**************************************************
Z=8, N=7, emax=6
RMSE Eb: 1.104
RMSE Rch: 0.010
MAPE Eb: 1.040
MAPE Rch: 0.488
--------------------------------------------------
**************************************************
Z=8, N=7, emax=4
RMSE Eb: 1.104
RMSE Rch: 0.015
MAPE Eb: 1.405
MAPE Rch: 0.735
--------------------------------------------------
**************************************************
Z=8, N=8, emax=4
RMSE Eb: 1.626
RMSE Rch: 0.017
MAPE Eb: 1.793
MAPE Rch: 0.464
--------------------------------------------------
**************************************************
Z=8, N=8, emax=8
RMSE Eb: 1.567
RMSE Rch: 0.017
MAPE Eb: 1.186
MAPE Rch: 0.478
--------------------------------------------------
**************************************************
Z=8, N=8, emax=6
RMSE Eb: 1.413
RMSE Rch: 0.015
MAPE Eb: 1.161
MAPE Rch: 0.420
--------------------------------------------------
**************************************************
Z=8, N=8, emax=10
RMSE Eb: 2.607
RMSE Rch: 0.021
MAPE Eb: 1.488
MAPE Rch: 0.538
--------------------------------------------------
**************************************************
Z=8, N=9, emax=8
RMSE Eb: 1.789
RMSE Rch: 0.013
MAPE Eb: 1.337
MAPE Rch: 0.408
--------------------------------------------------
**************************************************
Z=8, N=9, emax=6
RMSE Eb: 1.197
RMSE Rch: 0.013
MAPE Eb: 0.958
MAPE Rch: 0.383
--------------------------------------------------
**************************************************
Z=8, N=9, emax=4
RMSE Eb: 1.259
RMSE Rch: 0.013
MAPE Eb: 1.345
MAPE Rch: 0.362
--------------------------------------------------
**************************************************
Z=8, N=9, emax=10
RMSE Eb: 1.229
RMSE Rch: 0.015
MAPE Eb: 0.968
MAPE Rch: 0.457
--------------------------------------------------
**************************************************
Z=8, N=10, emax=4
RMSE Eb: 1.658
RMSE Rch: 0.011
MAPE Eb: 1.640
MAPE Rch: 0.315
--------------------------------------------------
**************************************************
Z=8, N=10, emax=10
RMSE Eb: 1.288
RMSE Rch: 0.016
MAPE Eb: 0.888
MAPE Rch: 0.497
--------------------------------------------------
**************************************************
Z=8, N=10, emax=6
RMSE Eb: 0.986
RMSE Rch: 0.011
MAPE Eb: 0.742
MAPE Rch: 0.326
--------------------------------------------------
**************************************************
Z=8, N=10, emax=8
RMSE Eb: 1.172
RMSE Rch: 0.013
MAPE Eb: 0.812
MAPE Rch: 0.399
--------------------------------------------------
**************************************************
Z=8, N=11, emax=4
RMSE Eb: 1.491
RMSE Rch: 0.012
MAPE Eb: 1.528
MAPE Rch: 0.351
--------------------------------------------------
**************************************************
Z=8, N=11, emax=6
RMSE Eb: 1.093
RMSE Rch: 0.011
MAPE Eb: 0.814
MAPE Rch: 0.336
--------------------------------------------------
**************************************************
Z=8, N=11, emax=8
RMSE Eb: 1.308
RMSE Rch: 0.010
MAPE Eb: 0.925
MAPE Rch: 0.296
--------------------------------------------------
**************************************************
Z=8, N=11, emax=10
RMSE Eb: 1.324
RMSE Rch: 0.011
MAPE Eb: 0.884
MAPE Rch: 0.349
--------------------------------------------------
**************************************************
Z=8, N=12, emax=6
RMSE Eb: 1.313
RMSE Rch: 0.013
MAPE Eb: 0.983
MAPE Rch: 0.390
--------------------------------------------------
**************************************************
Z=8, N=12, emax=4
RMSE Eb: 1.787
RMSE Rch: 0.011
MAPE Eb: 1.793
MAPE Rch: 0.292
--------------------------------------------------
**************************************************
Z=8, N=12, emax=8
RMSE Eb: 1.157
RMSE Rch: 0.013
MAPE Eb: 0.745
MAPE Rch: 0.348
--------------------------------------------------
**************************************************
Z=8, N=12, emax=10
RMSE Eb: 1.642
RMSE Rch: 0.014
MAPE Eb: 1.000
MAPE Rch: 0.413
--------------------------------------------------
**************************************************
Z=8, N=13, emax=8
RMSE Eb: 1.354
RMSE Rch: 0.010
MAPE Eb: 0.795
MAPE Rch: 0.282
--------------------------------------------------
**************************************************
Z=8, N=13, emax=4
RMSE Eb: 1.620
RMSE Rch: 0.010
MAPE Eb: 1.663
MAPE Rch: 0.282
--------------------------------------------------
**************************************************
Z=8, N=13, emax=10
RMSE Eb: 1.560
RMSE Rch: 0.009
MAPE Eb: 0.963
MAPE Rch: 0.284
--------------------------------------------------
**************************************************
Z=8, N=13, emax=6
RMSE Eb: 1.053
RMSE Rch: 0.011
MAPE Eb: 0.790
MAPE Rch: 0.298
--------------------------------------------------
**************************************************
Z=8, N=14, emax=8
RMSE Eb: 1.768
RMSE Rch: 0.016
MAPE Eb: 1.031
MAPE Rch: 0.416
--------------------------------------------------
**************************************************
Z=8, N=14, emax=4
RMSE Eb: 1.493
RMSE Rch: 0.012
MAPE Eb: 1.503
MAPE Rch: 0.323
--------------------------------------------------
**************************************************
Z=8, N=14, emax=6
RMSE Eb: 0.969
RMSE Rch: 0.014
MAPE Eb: 0.655
MAPE Rch: 0.392
--------------------------------------------------
**************************************************
Z=8, N=14, emax=10
RMSE Eb: 1.308
RMSE Rch: 0.013
MAPE Eb: 0.820
MAPE Rch: 0.336
--------------------------------------------------
**************************************************
Z=8, N=15, emax=8
RMSE Eb: 1.399
RMSE Rch: 0.012
MAPE Eb: 0.818
MAPE Rch: 0.307
--------------------------------------------------
**************************************************
Z=8, N=15, emax=4
RMSE Eb: 1.710
RMSE Rch: 0.014
MAPE Eb: 1.764
MAPE Rch: 0.386
--------------------------------------------------
**************************************************
Z=8, N=15, emax=6
RMSE Eb: 1.054
RMSE Rch: 0.012
MAPE Eb: 0.717
MAPE Rch: 0.350
--------------------------------------------------
**************************************************
Z=8, N=15, emax=10
RMSE Eb: 1.790
RMSE Rch: 0.015
MAPE Eb: 0.965
MAPE Rch: 0.476
--------------------------------------------------
**************************************************
Z=8, N=16, emax=8
RMSE Eb: 1.474
RMSE Rch: 0.014
MAPE Eb: 0.799
MAPE Rch: 0.374
--------------------------------------------------
**************************************************
Z=8, N=16, emax=6
RMSE Eb: 1.325
RMSE Rch: 0.012
MAPE Eb: 0.873
MAPE Rch: 0.314
--------------------------------------------------
**************************************************
Z=8, N=16, emax=10
RMSE Eb: 1.223
RMSE Rch: 0.012
MAPE Eb: 0.736
MAPE Rch: 0.387
--------------------------------------------------
**************************************************
Z=8, N=16, emax=4
RMSE Eb: 2.027
RMSE Rch: 0.020
MAPE Eb: 2.095
MAPE Rch: 0.518
--------------------------------------------------
Finished VAL for AE n=61
**************************************************
Z=8, N=4, emax=6
RMSE Eb: 0.778
RMSE Rch: 0.017
MAPE Eb: 1.489
MAPE Rch: 0.800
--------------------------------------------------
**************************************************
Z=8, N=4, emax=8
RMSE Eb: 0.791
RMSE Rch: 0.020
MAPE Eb: 1.320
MAPE Rch: 0.853
--------------------------------------------------
**************************************************
Z=8, N=4, emax=4
RMSE Eb: 0.935
RMSE Rch: 0.011
MAPE Eb: 2.623
MAPE Rch: 0.522
--------------------------------------------------
**************************************************
Z=8, N=4, emax=10
RMSE Eb: 1.108
RMSE Rch: 0.043
MAPE Eb: 1.468
MAPE Rch: 2.143
--------------------------------------------------
**************************************************
Z=8, N=5, emax=4
RMSE Eb: 0.969
RMSE Rch: 0.013
MAPE Eb: 1.930
MAPE Rch: 0.609
--------------------------------------------------
**************************************************
Z=8, N=5, emax=8
RMSE Eb: 0.994
RMSE Rch: 0.021
MAPE Eb: 1.237
MAPE Rch: 1.070
--------------------------------------------------
**************************************************
Z=8, N=5, emax=6
RMSE Eb: 0.850
RMSE Rch: 0.015
MAPE Eb: 1.207
MAPE Rch: 0.742
--------------------------------------------------
**************************************************
Z=8, N=5, emax=10
RMSE Eb: 1.262
RMSE Rch: 0.020
MAPE Eb: 1.414
MAPE Rch: 0.988
--------------------------------------------------
**************************************************
Z=8, N=6, emax=4
RMSE Eb: 1.009
RMSE Rch: 0.016
MAPE Eb: 1.485
MAPE Rch: 0.736
--------------------------------------------------
**************************************************
Z=8, N=6, emax=8
RMSE Eb: 1.530
RMSE Rch: 0.018
MAPE Eb: 1.358
MAPE Rch: 0.828
--------------------------------------------------
**************************************************
Z=8, N=6, emax=6
RMSE Eb: 1.089
RMSE Rch: 0.014
MAPE Eb: 1.219
MAPE Rch: 0.665
--------------------------------------------------
**************************************************
Z=8, N=6, emax=10
RMSE Eb: 1.453
RMSE Rch: 0.014
MAPE Eb: 1.507
MAPE Rch: 0.740
--------------------------------------------------
**************************************************
Z=8, N=7, emax=4
RMSE Eb: 1.068
RMSE Rch: 0.011
MAPE Eb: 1.312
MAPE Rch: 0.548
--------------------------------------------------
**************************************************
Z=8, N=7, emax=8
RMSE Eb: 1.374
RMSE Rch: 0.017
MAPE Eb: 1.131
MAPE Rch: 0.919
--------------------------------------------------
**************************************************
Z=8, N=7, emax=6
RMSE Eb: 1.138
RMSE Rch: 0.011
MAPE Eb: 1.065
MAPE Rch: 0.522
--------------------------------------------------
**************************************************
Z=8, N=7, emax=10
RMSE Eb: 1.533
RMSE Rch: 0.017
MAPE Eb: 1.250
MAPE Rch: 0.872
--------------------------------------------------
**************************************************
Z=8, N=8, emax=4
RMSE Eb: 1.772
RMSE Rch: 0.016
MAPE Eb: 1.876
MAPE Rch: 0.434
--------------------------------------------------
**************************************************
Z=8, N=8, emax=6
RMSE Eb: 1.466
RMSE Rch: 0.015
MAPE Eb: 1.175
MAPE Rch: 0.428
--------------------------------------------------
**************************************************
Z=8, N=8, emax=8
RMSE Eb: 1.641
RMSE Rch: 0.014
MAPE Eb: 1.190
MAPE Rch: 0.397
--------------------------------------------------
**************************************************
Z=8, N=8, emax=10
RMSE Eb: 1.332
RMSE Rch: 0.015
MAPE Eb: 1.030
MAPE Rch: 0.424
--------------------------------------------------
**************************************************
Z=8, N=9, emax=4
RMSE Eb: 1.454
RMSE Rch: 0.012
MAPE Eb: 1.514
MAPE Rch: 0.327
--------------------------------------------------
**************************************************
Z=8, N=9, emax=8
RMSE Eb: 1.368
RMSE Rch: 0.014
MAPE Eb: 1.023
MAPE Rch: 0.387
--------------------------------------------------
**************************************************
Z=8, N=9, emax=6
RMSE Eb: 1.335
RMSE Rch: 0.013
MAPE Eb: 1.105
MAPE Rch: 0.376
--------------------------------------------------
**************************************************
Z=8, N=9, emax=10
RMSE Eb: 1.436
RMSE Rch: 0.016
MAPE Eb: 1.033
MAPE Rch: 0.510
--------------------------------------------------
**************************************************
Z=8, N=10, emax=4
RMSE Eb: 1.378
RMSE Rch: 0.012
MAPE Eb: 1.318
MAPE Rch: 0.319
--------------------------------------------------
**************************************************
Z=8, N=10, emax=6
RMSE Eb: 1.168
RMSE Rch: 0.012
MAPE Eb: 0.879
MAPE Rch: 0.318
--------------------------------------------------
**************************************************
Z=8, N=10, emax=8
RMSE Eb: 1.231
RMSE Rch: 0.012
MAPE Eb: 0.879
MAPE Rch: 0.334
--------------------------------------------------
**************************************************
Z=8, N=10, emax=10
RMSE Eb: 1.582
RMSE Rch: 0.017
MAPE Eb: 1.211
MAPE Rch: 0.476
--------------------------------------------------
**************************************************
Z=8, N=11, emax=8
RMSE Eb: 1.386
RMSE Rch: 0.013
MAPE Eb: 0.938
MAPE Rch: 0.380
--------------------------------------------------
**************************************************
Z=8, N=11, emax=4
RMSE Eb: 1.638
RMSE Rch: 0.012
MAPE Eb: 1.741
MAPE Rch: 0.321
--------------------------------------------------
**************************************************
Z=8, N=11, emax=6
RMSE Eb: 0.936
RMSE Rch: 0.013
MAPE Eb: 0.734
MAPE Rch: 0.368
--------------------------------------------------
**************************************************
Z=8, N=11, emax=10
RMSE Eb: 1.389
RMSE Rch: 0.013
MAPE Eb: 0.891
MAPE Rch: 0.386
--------------------------------------------------
**************************************************
Z=8, N=12, emax=6
RMSE Eb: 1.109
RMSE Rch: 0.014
MAPE Eb: 0.837
MAPE Rch: 0.391
--------------------------------------------------
**************************************************
Z=8, N=12, emax=8
RMSE Eb: 1.178
RMSE Rch: 0.012
MAPE Eb: 0.761
MAPE Rch: 0.332
--------------------------------------------------
**************************************************
Z=8, N=12, emax=4
RMSE Eb: 1.387
RMSE Rch: 0.012
MAPE Eb: 1.402
MAPE Rch: 0.289
--------------------------------------------------
**************************************************
Z=8, N=12, emax=10
RMSE Eb: 1.391
RMSE Rch: 0.013
MAPE Eb: 0.950
MAPE Rch: 0.369
--------------------------------------------------
**************************************************
Z=8, N=13, emax=8
RMSE Eb: 1.199
RMSE Rch: 0.011
MAPE Eb: 0.757
MAPE Rch: 0.316
--------------------------------------------------
**************************************************
Z=8, N=13, emax=4
RMSE Eb: 1.697
RMSE Rch: 0.013
MAPE Eb: 1.720
MAPE Rch: 0.345
--------------------------------------------------
**************************************************
Z=8, N=13, emax=6
RMSE Eb: 0.965
RMSE Rch: 0.010
MAPE Eb: 0.645
MAPE Rch: 0.283
--------------------------------------------------
**************************************************
Z=8, N=13, emax=10
RMSE Eb: 1.318
RMSE Rch: 0.012
MAPE Eb: 0.789
MAPE Rch: 0.383
--------------------------------------------------
**************************************************
Z=8, N=14, emax=6
RMSE Eb: 1.412
RMSE Rch: 0.011
MAPE Eb: 0.896
MAPE Rch: 0.304
--------------------------------------------------
**************************************************
Z=8, N=14, emax=10
RMSE Eb: 1.508
RMSE Rch: 0.017
MAPE Eb: 0.794
MAPE Rch: 0.503
--------------------------------------------------
**************************************************
Z=8, N=14, emax=4
RMSE Eb: 1.667
RMSE Rch: 0.015
MAPE Eb: 1.702
MAPE Rch: 0.385
--------------------------------------------------
**************************************************
Z=8, N=14, emax=8
RMSE Eb: 1.382
RMSE Rch: 0.013
MAPE Eb: 0.816
MAPE Rch: 0.340
--------------------------------------------------
**************************************************
Z=8, N=15, emax=8
RMSE Eb: 1.351
RMSE Rch: 0.013
MAPE Eb: 0.834
MAPE Rch: 0.389
--------------------------------------------------
**************************************************
Z=8, N=15, emax=6
RMSE Eb: 1.215
RMSE Rch: 0.011
MAPE Eb: 0.857
MAPE Rch: 0.311
--------------------------------------------------
**************************************************
Z=8, N=15, emax=4
RMSE Eb: 1.704
RMSE Rch: 0.015
MAPE Eb: 1.655
MAPE Rch: 0.361
--------------------------------------------------
**************************************************
Z=8, N=15, emax=10
RMSE Eb: 1.747
RMSE Rch: 0.013
MAPE Eb: 0.962
MAPE Rch: 0.336
--------------------------------------------------
**************************************************
Z=8, N=16, emax=4
RMSE Eb: 2.001
RMSE Rch: 0.016
MAPE Eb: 1.816
MAPE Rch: 0.436
--------------------------------------------------
**************************************************
Z=8, N=16, emax=8
RMSE Eb: 1.719
RMSE Rch: 0.013
MAPE Eb: 0.968
MAPE Rch: 0.392
--------------------------------------------------
**************************************************
Z=8, N=16, emax=6
RMSE Eb: 1.398
RMSE Rch: 0.012
MAPE Eb: 0.903
MAPE Rch: 0.335
--------------------------------------------------
**************************************************
Z=8, N=16, emax=10
RMSE Eb: 0.964
RMSE Rch: 0.016
MAPE Eb: 0.585
MAPE Rch: 0.395
--------------------------------------------------
