Activated conda environment
[DataLoader] Found 13 files matching the pattern.
[DataLoader] Combined data shape: (17234, 35)
[Preprocess] Data split => train: (11029, 35), val: (2758, 35), test: (3447, 35)
[Preprocess] Processed fidelity 4 (index 0): 3758 samples.
[Preprocess] Processed fidelity 6 (index 1): 3346 samples.
[Preprocess] Processed fidelity 8 (index 2): 3194 samples.
[Preprocess] Processed fidelity 10 (index 3): 731 samples.
[Preprocess] Processed fidelity 4 (index 0): 949 samples.
[Preprocess] Processed fidelity 6 (index 1): 833 samples.
[Preprocess] Processed fidelity 8 (index 2): 801 samples.
[Preprocess] Processed fidelity 10 (index 3): 175 samples.
Fidelity levels: [4, 6, 8, 10]
[Trainer] Starting BNN training...
[Trainer] No improvement. Iteration 9500. Early stopping counter: 1, LR counter: 1
[Trainer] No improvement. Iteration 9600. Early stopping counter: 2, LR counter: 2
[Trainer] No improvement. Iteration 10300. Early stopping counter: 1, LR counter: 1
[Trainer] No improvement. Iteration 10700. Early stopping counter: 1, LR counter: 1
[Trainer] No improvement. Iteration 11100. Early stopping counter: 1, LR counter: 1
[Trainer] No improvement. Iteration 11200. Early stopping counter: 2, LR counter: 2
[Trainer] No improvement. Iteration 11300. Early stopping counter: 3, LR counter: 3
[Trainer] No improvement. Iteration 11400. Early stopping counter: 4, LR counter: 4
[Trainer] No improvement. Iteration 11500. Early stopping counter: 5, LR counter: 5
[Trainer] No improvement. Iteration 11600. Early stopping counter: 6, LR counter: 6
[Trainer] No improvement. Iteration 11700. Early stopping counter: 7, LR counter: 7
[Trainer] No improvement. Iteration 11800. Early stopping counter: 8, LR counter: 8
[Trainer] No improvement. Iteration 11900. Early stopping counter: 9, LR counter: 9
[Trainer] No improvement. Iteration 12000. Early stopping counter: 10, LR counter: 10
[Trainer] No improvement. Iteration 12100. Early stopping counter: 11, LR counter: 11
[Trainer] No improvement. Iteration 12300. Early stopping counter: 1, LR counter: 1
[Trainer] No improvement. Iteration 12500. Early stopping counter: 1, LR counter: 1
[Trainer] No improvement. Iteration 12600. Early stopping counter: 2, LR counter: 2
[Trainer] No improvement. Iteration 12700. Early stopping counter: 3, LR counter: 3
[Trainer] No improvement. Iteration 12800. Early stopping counter: 4, LR counter: 4
[Trainer] No improvement. Iteration 12900. Early stopping counter: 5, LR counter: 5
[Trainer] No improvement. Iteration 13000. Early stopping counter: 6, LR counter: 6
[Trainer] No improvement. Iteration 13100. Early stopping counter: 7, LR counter: 7
[Trainer] No improvement. Iteration 13200. Early stopping counter: 8, LR counter: 8
[Trainer] No improvement. Iteration 13300. Early stopping counter: 9, LR counter: 9
[Trainer] No improvement. Iteration 13400. Early stopping counter: 10, LR counter: 10
[Trainer] No improvement. Iteration 13500. Early stopping counter: 11, LR counter: 11
[Trainer] No improvement. Iteration 13700. Early stopping counter: 1, LR counter: 1
[Trainer] No improvement. Iteration 14000. Early stopping counter: 1, LR counter: 1
[Trainer] No improvement. Iteration 14100. Early stopping counter: 2, LR counter: 2
[Trainer] No improvement. Iteration 14200. Early stopping counter: 3, LR counter: 3
[Trainer] No improvement. Iteration 14300. Early stopping counter: 4, LR counter: 4
[Trainer] No improvement. Iteration 14400. Early stopping counter: 5, LR counter: 5
[Trainer] No improvement. Iteration 14500. Early stopping counter: 6, LR counter: 6
[Trainer] No improvement. Iteration 14600. Early stopping counter: 7, LR counter: 7
[Trainer] No improvement. Iteration 14700. Early stopping counter: 8, LR counter: 8
[Trainer] No improvement. Iteration 14800. Early stopping counter: 9, LR counter: 9
[Trainer] No improvement. Iteration 14900. Early stopping counter: 10, LR counter: 10
[Trainer] No improvement. Iteration 15000. Early stopping counter: 11, LR counter: 11
[Trainer] No improvement. Iteration 15100. Early stopping counter: 12, LR counter: 12
[Trainer] No improvement. Iteration 15200. Early stopping counter: 13, LR counter: 13
[Trainer] No improvement. Iteration 15300. Early stopping counter: 14, LR counter: 14
[Trainer] No improvement. Iteration 15400. Early stopping counter: 15, LR counter: 15
[Trainer] No improvement. Iteration 15500. Early stopping counter: 16, LR counter: 16
[Trainer] No improvement. Iteration 15600. Early stopping counter: 17, LR counter: 17
[Trainer] No improvement. Iteration 15700. Early stopping counter: 18, LR counter: 18
[Trainer] No improvement. Iteration 15800. Early stopping counter: 19, LR counter: 19
[Trainer] No improvement. Iteration 15900. Early stopping counter: 20, LR counter: 20
[Trainer] No improvement. Iteration 16000. Early stopping counter: 21, LR counter: 21
[Trainer] No improvement. Iteration 16100. Early stopping counter: 22, LR counter: 22
[Trainer] No improvement. Iteration 16200. Early stopping counter: 23, LR counter: 23
[Trainer] No improvement. Iteration 16300. Early stopping counter: 24, LR counter: 24
[Trainer] No improvement. Iteration 16500. Early stopping counter: 1, LR counter: 1
[Trainer] No improvement. Iteration 16600. Early stopping counter: 2, LR counter: 2
[Trainer] No improvement. Iteration 16700. Early stopping counter: 3, LR counter: 3
[Trainer] No improvement. Iteration 16800. Early stopping counter: 4, LR counter: 4
[Trainer] No improvement. Iteration 16900. Early stopping counter: 5, LR counter: 5
[Trainer] No improvement. Iteration 17000. Early stopping counter: 6, LR counter: 6
[Trainer] No improvement. Iteration 17100. Early stopping counter: 7, LR counter: 7
[Trainer] No improvement. Iteration 17200. Early stopping counter: 8, LR counter: 8
[Trainer] No improvement. Iteration 17300. Early stopping counter: 9, LR counter: 9
[Trainer] No improvement. Iteration 17400. Early stopping counter: 10, LR counter: 10
[Trainer] No improvement. Iteration 17500. Early stopping counter: 11, LR counter: 11
[Trainer] No improvement. Iteration 17600. Early stopping counter: 12, LR counter: 12
[Trainer] No improvement. Iteration 17700. Early stopping counter: 13, LR counter: 13
[Trainer] No improvement. Iteration 17800. Early stopping counter: 14, LR counter: 14
[Trainer] No improvement. Iteration 17900. Early stopping counter: 15, LR counter: 15
[Trainer] No improvement. Iteration 18000. Early stopping counter: 16, LR counter: 16
[Trainer] No improvement. Iteration 18100. Early stopping counter: 17, LR counter: 17
[Trainer] No improvement. Iteration 18200. Early stopping counter: 18, LR counter: 18
[Trainer] No improvement. Iteration 18300. Early stopping counter: 19, LR counter: 19
[Trainer] No improvement. Iteration 18400. Early stopping counter: 20, LR counter: 20
[Trainer] No improvement. Iteration 18500. Early stopping counter: 21, LR counter: 21
[Trainer] No improvement. Iteration 18600. Early stopping counter: 22, LR counter: 22
[Trainer] No improvement. Iteration 18700. Early stopping counter: 23, LR counter: 23
[Trainer] No improvement. Iteration 18800. Early stopping counter: 24, LR counter: 24
[Trainer] No improvement. Iteration 18900. Early stopping counter: 25, LR counter: 25
[Trainer] Learning rate reduced to: 0.000010
[Trainer] No improvement. Iteration 19000. Early stopping counter: 26, LR counter: 1
[Trainer] No improvement. Iteration 19100. Early stopping counter: 27, LR counter: 2
[Trainer] No improvement. Iteration 19200. Early stopping counter: 28, LR counter: 3
[Trainer] No improvement. Iteration 19300. Early stopping counter: 29, LR counter: 4
[Trainer] No improvement. Iteration 19400. Early stopping counter: 30, LR counter: 5
[Trainer] No improvement. Iteration 19500. Early stopping counter: 31, LR counter: 6
[Trainer] No improvement. Iteration 19600. Early stopping counter: 32, LR counter: 7
[Trainer] No improvement. Iteration 19700. Early stopping counter: 33, LR counter: 8
[Trainer] No improvement. Iteration 19800. Early stopping counter: 34, LR counter: 9
[Trainer] No improvement. Iteration 19900. Early stopping counter: 35, LR counter: 10
[Trainer] No improvement. Iteration 20000. Early stopping counter: 36, LR counter: 11
[Trainer] No improvement. Iteration 20100. Early stopping counter: 37, LR counter: 12
[Trainer] No improvement. Iteration 20200. Early stopping counter: 38, LR counter: 13
[Trainer] No improvement. Iteration 20300. Early stopping counter: 39, LR counter: 14
[Trainer] No improvement. Iteration 20400. Early stopping counter: 40, LR counter: 15
[Trainer] No improvement. Iteration 20500. Early stopping counter: 41, LR counter: 16
[Trainer] No improvement. Iteration 20600. Early stopping counter: 42, LR counter: 17
[Trainer] No improvement. Iteration 20700. Early stopping counter: 43, LR counter: 18
[Trainer] No improvement. Iteration 20800. Early stopping counter: 44, LR counter: 19
[Trainer] No improvement. Iteration 20900. Early stopping counter: 45, LR counter: 20
[Trainer] No improvement. Iteration 21000. Early stopping counter: 46, LR counter: 21
[Trainer] No improvement. Iteration 21100. Early stopping counter: 47, LR counter: 22
[Trainer] No improvement. Iteration 21200. Early stopping counter: 48, LR counter: 23
[Trainer] No improvement. Iteration 21300. Early stopping counter: 49, LR counter: 24
[Trainer] No improvement. Iteration 21400. Early stopping counter: 50, LR counter: 25
[Trainer] Learning rate reduced to: 0.000001
[Trainer] Early stopping triggered.
[Trainer] Training completed.
[Trainer] Calibrating temperatures on validation set...
[Trainer] Temperature calibration finished. Calibrated temperatures: {4: 1.5313382148742676, 6: 1.1544774770736694, 8: 1.296016812324524, 10: 1.3821263313293457}
[Trainer] BNN training completed.
**************************************************
Z=8, N=4, emax=4
RMSE Eb: 0.848
RMSE Rch: 0.011
MAPE Eb: 2.374
MAPE Rch: 0.487
--------------------------------------------------
**************************************************
Z=8, N=4, emax=10
RMSE Eb: 0.817
RMSE Rch: 0.043
MAPE Eb: 1.337
MAPE Rch: 2.040
--------------------------------------------------
**************************************************
Z=8, N=4, emax=6
RMSE Eb: 0.736
RMSE Rch: 0.010
MAPE Eb: 1.376
MAPE Rch: 0.493
--------------------------------------------------
**************************************************
Z=8, N=4, emax=8
RMSE Eb: 0.824
RMSE Rch: 0.020
MAPE Eb: 1.285
MAPE Rch: 0.961
--------------------------------------------------
**************************************************
Z=8, N=5, emax=8
RMSE Eb: 0.707
RMSE Rch: 0.014
MAPE Eb: 0.885
MAPE Rch: 0.672
--------------------------------------------------
**************************************************
Z=8, N=5, emax=6
RMSE Eb: 0.668
RMSE Rch: 0.008
MAPE Eb: 0.908
MAPE Rch: 0.403
--------------------------------------------------
**************************************************
Z=8, N=5, emax=4
RMSE Eb: 0.721
RMSE Rch: 0.008
MAPE Eb: 1.579
MAPE Rch: 0.362
--------------------------------------------------
**************************************************
Z=8, N=5, emax=10
RMSE Eb: 0.729
RMSE Rch: 0.009
MAPE Eb: 0.956
MAPE Rch: 0.524
--------------------------------------------------
**************************************************
Z=8, N=6, emax=4
RMSE Eb: 0.643
RMSE Rch: 0.007
MAPE Eb: 0.915
MAPE Rch: 0.303
--------------------------------------------------
**************************************************
Z=8, N=6, emax=6
RMSE Eb: 0.629
RMSE Rch: 0.008
MAPE Eb: 0.700
MAPE Rch: 0.372
--------------------------------------------------
**************************************************
Z=8, N=6, emax=8
RMSE Eb: 0.855
RMSE Rch: 0.014
MAPE Eb: 0.845
MAPE Rch: 0.687
--------------------------------------------------
**************************************************
Z=8, N=6, emax=10
RMSE Eb: 1.107
RMSE Rch: 0.010
MAPE Eb: 1.108
MAPE Rch: 0.578
--------------------------------------------------
**************************************************
Z=8, N=7, emax=8
RMSE Eb: 0.845
RMSE Rch: 0.007
MAPE Eb: 0.698
MAPE Rch: 0.393
--------------------------------------------------
**************************************************
Z=8, N=7, emax=10
RMSE Eb: 0.681
RMSE Rch: 0.013
MAPE Eb: 0.522
MAPE Rch: 0.666
--------------------------------------------------
**************************************************
Z=8, N=7, emax=6
RMSE Eb: 0.693
RMSE Rch: 0.010
MAPE Eb: 0.655
MAPE Rch: 0.556
--------------------------------------------------
**************************************************
Z=8, N=7, emax=4
RMSE Eb: 0.751
RMSE Rch: 0.008
MAPE Eb: 0.958
MAPE Rch: 0.444
--------------------------------------------------
**************************************************
Z=8, N=8, emax=4
RMSE Eb: 1.158
RMSE Rch: 0.010
MAPE Eb: 1.097
MAPE Rch: 0.272
--------------------------------------------------
**************************************************
Z=8, N=8, emax=8
RMSE Eb: 0.749
RMSE Rch: 0.009
MAPE Eb: 0.562
MAPE Rch: 0.233
--------------------------------------------------
**************************************************
Z=8, N=8, emax=6
RMSE Eb: 1.151
RMSE Rch: 0.008
MAPE Eb: 0.888
MAPE Rch: 0.239
--------------------------------------------------
**************************************************
Z=8, N=8, emax=10
RMSE Eb: 1.235
RMSE Rch: 0.014
MAPE Eb: 0.690
MAPE Rch: 0.412
--------------------------------------------------
**************************************************
Z=8, N=9, emax=8
RMSE Eb: 1.025
RMSE Rch: 0.009
MAPE Eb: 0.760
MAPE Rch: 0.249
--------------------------------------------------
**************************************************
Z=8, N=9, emax=6
RMSE Eb: 1.009
RMSE Rch: 0.009
MAPE Eb: 0.905
MAPE Rch: 0.266
--------------------------------------------------
**************************************************
Z=8, N=9, emax=4
RMSE Eb: 0.974
RMSE Rch: 0.006
MAPE Eb: 1.083
MAPE Rch: 0.185
--------------------------------------------------
**************************************************
Z=8, N=9, emax=10
RMSE Eb: 1.100
RMSE Rch: 0.008
MAPE Eb: 0.805
MAPE Rch: 0.259
--------------------------------------------------
**************************************************
Z=8, N=10, emax=4
RMSE Eb: 0.968
RMSE Rch: 0.005
MAPE Eb: 1.018
MAPE Rch: 0.129
--------------------------------------------------
**************************************************
Z=8, N=10, emax=10
RMSE Eb: 1.135
RMSE Rch: 0.007
MAPE Eb: 0.849
MAPE Rch: 0.205
--------------------------------------------------
**************************************************
Z=8, N=10, emax=6
RMSE Eb: 0.971
RMSE Rch: 0.007
MAPE Eb: 0.813
MAPE Rch: 0.206
--------------------------------------------------
**************************************************
Z=8, N=10, emax=8
RMSE Eb: 0.990
RMSE Rch: 0.007
MAPE Eb: 0.697
MAPE Rch: 0.206
--------------------------------------------------
**************************************************
Z=8, N=11, emax=4
RMSE Eb: 1.275
RMSE Rch: 0.006
MAPE Eb: 1.330
MAPE Rch: 0.171
--------------------------------------------------
**************************************************
Z=8, N=11, emax=6
RMSE Eb: 0.865
RMSE Rch: 0.007
MAPE Eb: 0.633
MAPE Rch: 0.208
--------------------------------------------------
**************************************************
Z=8, N=11, emax=8
RMSE Eb: 0.843
RMSE Rch: 0.007
MAPE Eb: 0.564
MAPE Rch: 0.198
--------------------------------------------------
**************************************************
Z=8, N=11, emax=10
RMSE Eb: 0.912
RMSE Rch: 0.005
MAPE Eb: 0.592
MAPE Rch: 0.151
--------------------------------------------------
**************************************************
Z=8, N=12, emax=6
RMSE Eb: 1.228
RMSE Rch: 0.006
MAPE Eb: 0.943
MAPE Rch: 0.172
--------------------------------------------------
**************************************************
Z=8, N=12, emax=4
RMSE Eb: 1.322
RMSE Rch: 0.007
MAPE Eb: 1.392
MAPE Rch: 0.195
--------------------------------------------------
**************************************************
Z=8, N=12, emax=8
RMSE Eb: 0.976
RMSE Rch: 0.006
MAPE Eb: 0.679
MAPE Rch: 0.183
--------------------------------------------------
**************************************************
Z=8, N=12, emax=10
RMSE Eb: 1.186
RMSE Rch: 0.008
MAPE Eb: 0.820
MAPE Rch: 0.247
--------------------------------------------------
**************************************************
Z=8, N=13, emax=8
RMSE Eb: 1.384
RMSE Rch: 0.004
MAPE Eb: 0.890
MAPE Rch: 0.120
--------------------------------------------------
**************************************************
Z=8, N=13, emax=4
RMSE Eb: 1.147
RMSE Rch: 0.007
MAPE Eb: 1.050
MAPE Rch: 0.197
--------------------------------------------------
**************************************************
Z=8, N=13, emax=10
RMSE Eb: 1.269
RMSE Rch: 0.004
MAPE Eb: 0.813
MAPE Rch: 0.094
--------------------------------------------------
**************************************************
Z=8, N=13, emax=6
RMSE Eb: 0.998
RMSE Rch: 0.008
MAPE Eb: 0.762
MAPE Rch: 0.232
--------------------------------------------------
**************************************************
Z=8, N=14, emax=8
RMSE Eb: 1.431
RMSE Rch: 0.013
MAPE Eb: 0.877
MAPE Rch: 0.305
--------------------------------------------------
**************************************************
Z=8, N=14, emax=4
RMSE Eb: 1.494
RMSE Rch: 0.009
MAPE Eb: 1.545
MAPE Rch: 0.237
--------------------------------------------------
**************************************************
Z=8, N=14, emax=6
RMSE Eb: 1.174
RMSE Rch: 0.010
MAPE Eb: 0.878
MAPE Rch: 0.305
--------------------------------------------------
**************************************************
Z=8, N=14, emax=10
RMSE Eb: 1.395
RMSE Rch: 0.010
MAPE Eb: 0.909
MAPE Rch: 0.258
--------------------------------------------------
**************************************************
Z=8, N=15, emax=8
RMSE Eb: 1.048
RMSE Rch: 0.005
MAPE Eb: 0.660
MAPE Rch: 0.158
--------------------------------------------------
**************************************************
Z=8, N=15, emax=4
RMSE Eb: 1.480
RMSE Rch: 0.008
MAPE Eb: 1.240
MAPE Rch: 0.204
--------------------------------------------------
**************************************************
Z=8, N=15, emax=6
RMSE Eb: 1.121
RMSE Rch: 0.009
MAPE Eb: 0.805
MAPE Rch: 0.240
--------------------------------------------------
**************************************************
Z=8, N=15, emax=10
RMSE Eb: 1.136
RMSE Rch: 0.008
MAPE Eb: 0.642
MAPE Rch: 0.251
--------------------------------------------------
**************************************************
Z=8, N=16, emax=8
RMSE Eb: 1.352
RMSE Rch: 0.008
MAPE Eb: 0.854
MAPE Rch: 0.210
--------------------------------------------------
**************************************************
Z=8, N=16, emax=6
RMSE Eb: 1.132
RMSE Rch: 0.012
MAPE Eb: 0.801
MAPE Rch: 0.332
--------------------------------------------------
**************************************************
Z=8, N=16, emax=10
RMSE Eb: 0.859
RMSE Rch: 0.006
MAPE Eb: 0.508
MAPE Rch: 0.155
--------------------------------------------------
**************************************************
Z=8, N=16, emax=4
RMSE Eb: 0.968
RMSE Rch: 0.010
MAPE Eb: 0.967
MAPE Rch: 0.275
--------------------------------------------------
Finished VAL for AE n=141
**************************************************
Z=8, N=4, emax=6
RMSE Eb: 0.754
RMSE Rch: 0.012
MAPE Eb: 1.443
MAPE Rch: 0.604
--------------------------------------------------
**************************************************
Z=8, N=4, emax=8
RMSE Eb: 0.759
RMSE Rch: 0.022
MAPE Eb: 1.298
MAPE Rch: 1.018
--------------------------------------------------
**************************************************
Z=8, N=4, emax=4
RMSE Eb: 0.747
RMSE Rch: 0.012
MAPE Eb: 2.067
MAPE Rch: 0.514
--------------------------------------------------
**************************************************
Z=8, N=4, emax=10
RMSE Eb: 1.108
RMSE Rch: 0.026
MAPE Eb: 1.737
MAPE Rch: 1.247
--------------------------------------------------
**************************************************
Z=8, N=5, emax=4
RMSE Eb: 0.801
RMSE Rch: 0.009
MAPE Eb: 1.666
MAPE Rch: 0.409
--------------------------------------------------
**************************************************
Z=8, N=5, emax=8
RMSE Eb: 0.882
RMSE Rch: 0.018
MAPE Eb: 1.143
MAPE Rch: 0.853
--------------------------------------------------
**************************************************
Z=8, N=5, emax=6
RMSE Eb: 0.820
RMSE Rch: 0.008
MAPE Eb: 1.219
MAPE Rch: 0.395
--------------------------------------------------
**************************************************
Z=8, N=5, emax=10
RMSE Eb: 0.925
RMSE Rch: 0.017
MAPE Eb: 1.024
MAPE Rch: 0.878
--------------------------------------------------
**************************************************
Z=8, N=6, emax=4
RMSE Eb: 0.721
RMSE Rch: 0.009
MAPE Eb: 1.011
MAPE Rch: 0.389
--------------------------------------------------
**************************************************
Z=8, N=6, emax=8
RMSE Eb: 0.877
RMSE Rch: 0.018
MAPE Eb: 0.801
MAPE Rch: 0.755
--------------------------------------------------
**************************************************
Z=8, N=6, emax=6
RMSE Eb: 0.804
RMSE Rch: 0.012
MAPE Eb: 0.849
MAPE Rch: 0.521
--------------------------------------------------
**************************************************
Z=8, N=6, emax=10
RMSE Eb: 0.916
RMSE Rch: 0.012
MAPE Eb: 0.854
MAPE Rch: 0.643
--------------------------------------------------
**************************************************
Z=8, N=7, emax=4
RMSE Eb: 0.957
RMSE Rch: 0.010
MAPE Eb: 1.149
MAPE Rch: 0.463
--------------------------------------------------
**************************************************
Z=8, N=7, emax=8
RMSE Eb: 0.931
RMSE Rch: 0.009
MAPE Eb: 0.761
MAPE Rch: 0.443
--------------------------------------------------
**************************************************
Z=8, N=7, emax=6
RMSE Eb: 0.724
RMSE Rch: 0.009
MAPE Eb: 0.703
MAPE Rch: 0.483
--------------------------------------------------
**************************************************
Z=8, N=7, emax=10
RMSE Eb: 0.738
RMSE Rch: 0.010
MAPE Eb: 0.582
MAPE Rch: 0.600
--------------------------------------------------
**************************************************
Z=8, N=8, emax=4
RMSE Eb: 1.161
RMSE Rch: 0.012
MAPE Eb: 1.031
MAPE Rch: 0.342
--------------------------------------------------
**************************************************
Z=8, N=8, emax=6
RMSE Eb: 1.124
RMSE Rch: 0.009
MAPE Eb: 0.862
MAPE Rch: 0.238
--------------------------------------------------
**************************************************
Z=8, N=8, emax=8
RMSE Eb: 0.805
RMSE Rch: 0.007
MAPE Eb: 0.593
MAPE Rch: 0.179
--------------------------------------------------
**************************************************
Z=8, N=8, emax=10
RMSE Eb: 0.942
RMSE Rch: 0.013
MAPE Eb: 0.711
MAPE Rch: 0.349
--------------------------------------------------
**************************************************
Z=8, N=9, emax=4
RMSE Eb: 1.125
RMSE Rch: 0.008
MAPE Eb: 1.249
MAPE Rch: 0.210
--------------------------------------------------
**************************************************
Z=8, N=9, emax=8
RMSE Eb: 0.910
RMSE Rch: 0.008
MAPE Eb: 0.631
MAPE Rch: 0.245
--------------------------------------------------
**************************************************
Z=8, N=9, emax=6
RMSE Eb: 1.041
RMSE Rch: 0.010
MAPE Eb: 0.869
MAPE Rch: 0.280
--------------------------------------------------
**************************************************
Z=8, N=9, emax=10
RMSE Eb: 1.264
RMSE Rch: 0.006
MAPE Eb: 0.767
MAPE Rch: 0.179
--------------------------------------------------
**************************************************
Z=8, N=10, emax=4
RMSE Eb: 1.162
RMSE Rch: 0.006
MAPE Eb: 1.216
MAPE Rch: 0.148
--------------------------------------------------
**************************************************
Z=8, N=10, emax=6
RMSE Eb: 1.034
RMSE Rch: 0.007
MAPE Eb: 0.811
MAPE Rch: 0.184
--------------------------------------------------
**************************************************
Z=8, N=10, emax=8
RMSE Eb: 1.070
RMSE Rch: 0.008
MAPE Eb: 0.798
MAPE Rch: 0.218
--------------------------------------------------
**************************************************
Z=8, N=10, emax=10
RMSE Eb: 0.706
RMSE Rch: 0.005
MAPE Eb: 0.469
MAPE Rch: 0.153
--------------------------------------------------
**************************************************
Z=8, N=11, emax=8
RMSE Eb: 0.957
RMSE Rch: 0.007
MAPE Eb: 0.659
MAPE Rch: 0.187
--------------------------------------------------
**************************************************
Z=8, N=11, emax=4
RMSE Eb: 1.401
RMSE Rch: 0.005
MAPE Eb: 1.538
MAPE Rch: 0.149
--------------------------------------------------
**************************************************
Z=8, N=11, emax=6
RMSE Eb: 0.780
RMSE Rch: 0.007
MAPE Eb: 0.636
MAPE Rch: 0.212
--------------------------------------------------
**************************************************
Z=8, N=11, emax=10
RMSE Eb: 1.106
RMSE Rch: 0.006
MAPE Eb: 0.751
MAPE Rch: 0.162
--------------------------------------------------
**************************************************
Z=8, N=12, emax=6
RMSE Eb: 1.100
RMSE Rch: 0.006
MAPE Eb: 0.834
MAPE Rch: 0.165
--------------------------------------------------
**************************************************
Z=8, N=12, emax=8
RMSE Eb: 1.001
RMSE Rch: 0.007
MAPE Eb: 0.677
MAPE Rch: 0.194
--------------------------------------------------
**************************************************
Z=8, N=12, emax=4
RMSE Eb: 1.065
RMSE Rch: 0.007
MAPE Eb: 1.147
MAPE Rch: 0.184
--------------------------------------------------
**************************************************
Z=8, N=12, emax=10
RMSE Eb: 1.197
RMSE Rch: 0.005
MAPE Eb: 0.812
MAPE Rch: 0.148
--------------------------------------------------
**************************************************
Z=8, N=13, emax=8
RMSE Eb: 1.236
RMSE Rch: 0.006
MAPE Eb: 0.810
MAPE Rch: 0.155
--------------------------------------------------
**************************************************
Z=8, N=13, emax=4
RMSE Eb: 0.935
RMSE Rch: 0.007
MAPE Eb: 0.927
MAPE Rch: 0.199
--------------------------------------------------
**************************************************
Z=8, N=13, emax=6
RMSE Eb: 1.025
RMSE Rch: 0.007
MAPE Eb: 0.795
MAPE Rch: 0.222
--------------------------------------------------
**************************************************
Z=8, N=13, emax=10
RMSE Eb: 1.355
RMSE Rch: 0.005
MAPE Eb: 0.841
MAPE Rch: 0.141
--------------------------------------------------
**************************************************
Z=8, N=14, emax=6
RMSE Eb: 1.269
RMSE Rch: 0.011
MAPE Eb: 0.911
MAPE Rch: 0.328
--------------------------------------------------
**************************************************
Z=8, N=14, emax=10
RMSE Eb: 1.507
RMSE Rch: 0.012
MAPE Eb: 0.876
MAPE Rch: 0.374
--------------------------------------------------
**************************************************
Z=8, N=14, emax=4
RMSE Eb: 1.415
RMSE Rch: 0.007
MAPE Eb: 1.533
MAPE Rch: 0.196
--------------------------------------------------
**************************************************
Z=8, N=14, emax=8
RMSE Eb: 1.385
RMSE Rch: 0.010
MAPE Eb: 0.904
MAPE Rch: 0.264
--------------------------------------------------
**************************************************
Z=8, N=15, emax=8
RMSE Eb: 1.042
RMSE Rch: 0.006
MAPE Eb: 0.674
MAPE Rch: 0.181
--------------------------------------------------
**************************************************
Z=8, N=15, emax=6
RMSE Eb: 0.988
RMSE Rch: 0.009
MAPE Eb: 0.733
MAPE Rch: 0.264
--------------------------------------------------
**************************************************
Z=8, N=15, emax=4
RMSE Eb: 1.228
RMSE Rch: 0.008
MAPE Eb: 1.087
MAPE Rch: 0.203
--------------------------------------------------
**************************************************
Z=8, N=15, emax=10
RMSE Eb: 1.229
RMSE Rch: 0.007
MAPE Eb: 0.660
MAPE Rch: 0.184
--------------------------------------------------
**************************************************
Z=8, N=16, emax=4
RMSE Eb: 1.265
RMSE Rch: 0.009
MAPE Eb: 0.969
MAPE Rch: 0.247
--------------------------------------------------
**************************************************
Z=8, N=16, emax=8
RMSE Eb: 1.225
RMSE Rch: 0.006
MAPE Eb: 0.735
MAPE Rch: 0.169
--------------------------------------------------
**************************************************
Z=8, N=16, emax=6
RMSE Eb: 1.047
RMSE Rch: 0.010
MAPE Eb: 0.779
MAPE Rch: 0.275
--------------------------------------------------
**************************************************
Z=8, N=16, emax=10
RMSE Eb: 1.788
RMSE Rch: 0.011
MAPE Eb: 0.956
MAPE Rch: 0.291
--------------------------------------------------
