Activated conda environment
[DataLoader] Found 13 files matching the pattern.
[DataLoader] Combined data shape: (17234, 35)
[Preprocess] Data split => train: (11029, 35), val: (2758, 35), test: (3447, 35)
[Preprocess] Processed fidelity 4 (index 0): 3758 samples.
[Preprocess] Processed fidelity 6 (index 1): 3346 samples.
[Preprocess] Processed fidelity 8 (index 2): 3194 samples.
[Preprocess] Processed fidelity 10 (index 3): 731 samples.
[Preprocess] Processed fidelity 4 (index 0): 949 samples.
[Preprocess] Processed fidelity 6 (index 1): 833 samples.
[Preprocess] Processed fidelity 8 (index 2): 801 samples.
[Preprocess] Processed fidelity 10 (index 3): 175 samples.
Fidelity levels: [4, 6, 8, 10]
[Trainer] Starting BNN training...
[Trainer] No improvement. Iteration 8300. Early stopping counter: 1, LR counter: 1
[Trainer] No improvement. Iteration 8800. Early stopping counter: 1, LR counter: 1
[Trainer] No improvement. Iteration 9200. Early stopping counter: 1, LR counter: 1
[Trainer] No improvement. Iteration 9300. Early stopping counter: 2, LR counter: 2
[Trainer] No improvement. Iteration 9400. Early stopping counter: 3, LR counter: 3
[Trainer] No improvement. Iteration 9500. Early stopping counter: 4, LR counter: 4
[Trainer] No improvement. Iteration 9600. Early stopping counter: 5, LR counter: 5
[Trainer] No improvement. Iteration 9700. Early stopping counter: 6, LR counter: 6
[Trainer] No improvement. Iteration 9800. Early stopping counter: 7, LR counter: 7
[Trainer] No improvement. Iteration 9900. Early stopping counter: 8, LR counter: 8
[Trainer] No improvement. Iteration 10000. Early stopping counter: 9, LR counter: 9
[Trainer] No improvement. Iteration 10100. Early stopping counter: 10, LR counter: 10
[Trainer] No improvement. Iteration 10200. Early stopping counter: 11, LR counter: 11
[Trainer] No improvement. Iteration 10300. Early stopping counter: 12, LR counter: 12
[Trainer] No improvement. Iteration 10400. Early stopping counter: 13, LR counter: 13
[Trainer] No improvement. Iteration 10500. Early stopping counter: 14, LR counter: 14
[Trainer] No improvement. Iteration 10600. Early stopping counter: 15, LR counter: 15
[Trainer] No improvement. Iteration 10700. Early stopping counter: 16, LR counter: 16
[Trainer] No improvement. Iteration 10800. Early stopping counter: 17, LR counter: 17
[Trainer] No improvement. Iteration 10900. Early stopping counter: 18, LR counter: 18
[Trainer] No improvement. Iteration 11000. Early stopping counter: 19, LR counter: 19
[Trainer] No improvement. Iteration 11100. Early stopping counter: 20, LR counter: 20
[Trainer] No improvement. Iteration 11200. Early stopping counter: 21, LR counter: 21
[Trainer] No improvement. Iteration 11300. Early stopping counter: 22, LR counter: 22
[Trainer] No improvement. Iteration 11400. Early stopping counter: 23, LR counter: 23
[Trainer] No improvement. Iteration 11500. Early stopping counter: 24, LR counter: 24
[Trainer] No improvement. Iteration 11600. Early stopping counter: 25, LR counter: 25
[Trainer] Learning rate reduced to: 0.000010
[Trainer] No improvement. Iteration 11700. Early stopping counter: 26, LR counter: 1
[Trainer] No improvement. Iteration 11800. Early stopping counter: 27, LR counter: 2
[Trainer] No improvement. Iteration 11900. Early stopping counter: 28, LR counter: 3
[Trainer] No improvement. Iteration 12000. Early stopping counter: 29, LR counter: 4
[Trainer] No improvement. Iteration 12100. Early stopping counter: 30, LR counter: 5
[Trainer] No improvement. Iteration 12200. Early stopping counter: 31, LR counter: 6
[Trainer] No improvement. Iteration 12300. Early stopping counter: 32, LR counter: 7
[Trainer] No improvement. Iteration 12400. Early stopping counter: 33, LR counter: 8
[Trainer] No improvement. Iteration 12500. Early stopping counter: 34, LR counter: 9
[Trainer] No improvement. Iteration 12600. Early stopping counter: 35, LR counter: 10
[Trainer] No improvement. Iteration 12700. Early stopping counter: 36, LR counter: 11
[Trainer] No improvement. Iteration 12800. Early stopping counter: 37, LR counter: 12
[Trainer] No improvement. Iteration 12900. Early stopping counter: 38, LR counter: 13
[Trainer] No improvement. Iteration 13000. Early stopping counter: 39, LR counter: 14
[Trainer] No improvement. Iteration 13100. Early stopping counter: 40, LR counter: 15
[Trainer] No improvement. Iteration 13200. Early stopping counter: 41, LR counter: 16
[Trainer] No improvement. Iteration 13300. Early stopping counter: 42, LR counter: 17
[Trainer] No improvement. Iteration 13400. Early stopping counter: 43, LR counter: 18
[Trainer] No improvement. Iteration 13500. Early stopping counter: 44, LR counter: 19
[Trainer] No improvement. Iteration 13600. Early stopping counter: 45, LR counter: 20
[Trainer] No improvement. Iteration 13700. Early stopping counter: 46, LR counter: 21
[Trainer] No improvement. Iteration 13800. Early stopping counter: 47, LR counter: 22
[Trainer] No improvement. Iteration 13900. Early stopping counter: 48, LR counter: 23
[Trainer] No improvement. Iteration 14000. Early stopping counter: 49, LR counter: 24
[Trainer] No improvement. Iteration 14100. Early stopping counter: 50, LR counter: 25
[Trainer] Learning rate reduced to: 0.000001
[Trainer] Early stopping triggered.
[Trainer] Training completed.
[Trainer] Calibrating temperatures on validation set...
[Trainer] Temperature calibration finished. Calibrated temperatures: {4: 1.3291773796081543, 6: 1.0684157609939575, 8: 1.1437243223190308, 10: 1.199033260345459}
[Trainer] BNN training completed.
**************************************************
Z=8, N=4, emax=4
RMSE Eb: 0.888
RMSE Rch: 0.013
MAPE Eb: 2.768
MAPE Rch: 0.601
--------------------------------------------------
**************************************************
Z=8, N=4, emax=10
RMSE Eb: 0.834
RMSE Rch: 0.047
MAPE Eb: 1.257
MAPE Rch: 2.168
--------------------------------------------------
**************************************************
Z=8, N=4, emax=6
RMSE Eb: 0.649
RMSE Rch: 0.014
MAPE Eb: 1.240
MAPE Rch: 0.641
--------------------------------------------------
**************************************************
Z=8, N=4, emax=8
RMSE Eb: 0.720
RMSE Rch: 0.023
MAPE Eb: 1.249
MAPE Rch: 1.145
--------------------------------------------------
**************************************************
Z=8, N=5, emax=8
RMSE Eb: 0.843
RMSE Rch: 0.024
MAPE Eb: 1.026
MAPE Rch: 1.203
--------------------------------------------------
**************************************************
Z=8, N=5, emax=6
RMSE Eb: 0.752
RMSE Rch: 0.019
MAPE Eb: 1.084
MAPE Rch: 1.004
--------------------------------------------------
**************************************************
Z=8, N=5, emax=4
RMSE Eb: 0.568
RMSE Rch: 0.009
MAPE Eb: 1.158
MAPE Rch: 0.414
--------------------------------------------------
**************************************************
Z=8, N=5, emax=10
RMSE Eb: 1.089
RMSE Rch: 0.012
MAPE Eb: 1.240
MAPE Rch: 0.596
--------------------------------------------------
**************************************************
Z=8, N=6, emax=4
RMSE Eb: 0.578
RMSE Rch: 0.007
MAPE Eb: 0.837
MAPE Rch: 0.309
--------------------------------------------------
**************************************************
Z=8, N=6, emax=6
RMSE Eb: 0.742
RMSE Rch: 0.012
MAPE Eb: 0.735
MAPE Rch: 0.565
--------------------------------------------------
**************************************************
Z=8, N=6, emax=8
RMSE Eb: 1.033
RMSE Rch: 0.016
MAPE Eb: 0.999
MAPE Rch: 0.804
--------------------------------------------------
**************************************************
Z=8, N=6, emax=10
RMSE Eb: 0.947
RMSE Rch: 0.017
MAPE Eb: 0.869
MAPE Rch: 0.921
--------------------------------------------------
**************************************************
Z=8, N=7, emax=8
RMSE Eb: 0.943
RMSE Rch: 0.014
MAPE Eb: 0.807
MAPE Rch: 0.763
--------------------------------------------------
**************************************************
Z=8, N=7, emax=10
RMSE Eb: 0.992
RMSE Rch: 0.020
MAPE Eb: 0.756
MAPE Rch: 1.168
--------------------------------------------------
**************************************************
Z=8, N=7, emax=6
RMSE Eb: 0.925
RMSE Rch: 0.017
MAPE Eb: 0.868
MAPE Rch: 0.893
--------------------------------------------------
**************************************************
Z=8, N=7, emax=4
RMSE Eb: 0.928
RMSE Rch: 0.015
MAPE Eb: 1.111
MAPE Rch: 0.753
--------------------------------------------------
**************************************************
Z=8, N=8, emax=4
RMSE Eb: 0.725
RMSE Rch: 0.008
MAPE Eb: 0.794
MAPE Rch: 0.215
--------------------------------------------------
**************************************************
Z=8, N=8, emax=8
RMSE Eb: 0.927
RMSE Rch: 0.013
MAPE Eb: 0.676
MAPE Rch: 0.369
--------------------------------------------------
**************************************************
Z=8, N=8, emax=6
RMSE Eb: 0.821
RMSE Rch: 0.010
MAPE Eb: 0.675
MAPE Rch: 0.289
--------------------------------------------------
**************************************************
Z=8, N=8, emax=10
RMSE Eb: 0.803
RMSE Rch: 0.012
MAPE Eb: 0.535
MAPE Rch: 0.309
--------------------------------------------------
**************************************************
Z=8, N=9, emax=8
RMSE Eb: 0.611
RMSE Rch: 0.018
MAPE Eb: 0.441
MAPE Rch: 0.545
--------------------------------------------------
**************************************************
Z=8, N=9, emax=6
RMSE Eb: 0.771
RMSE Rch: 0.011
MAPE Eb: 0.649
MAPE Rch: 0.290
--------------------------------------------------
**************************************************
Z=8, N=9, emax=4
RMSE Eb: 0.580
RMSE Rch: 0.009
MAPE Eb: 0.622
MAPE Rch: 0.236
--------------------------------------------------
**************************************************
Z=8, N=9, emax=10
RMSE Eb: 0.580
RMSE Rch: 0.014
MAPE Eb: 0.432
MAPE Rch: 0.408
--------------------------------------------------
**************************************************
Z=8, N=10, emax=4
RMSE Eb: 0.610
RMSE Rch: 0.010
MAPE Eb: 0.596
MAPE Rch: 0.296
--------------------------------------------------
**************************************************
Z=8, N=10, emax=10
RMSE Eb: 0.823
RMSE Rch: 0.013
MAPE Eb: 0.548
MAPE Rch: 0.416
--------------------------------------------------
**************************************************
Z=8, N=10, emax=6
RMSE Eb: 0.933
RMSE Rch: 0.013
MAPE Eb: 0.742
MAPE Rch: 0.378
--------------------------------------------------
**************************************************
Z=8, N=10, emax=8
RMSE Eb: 0.815
RMSE Rch: 0.013
MAPE Eb: 0.563
MAPE Rch: 0.410
--------------------------------------------------
**************************************************
Z=8, N=11, emax=4
RMSE Eb: 0.584
RMSE Rch: 0.010
MAPE Eb: 0.606
MAPE Rch: 0.282
--------------------------------------------------
**************************************************
Z=8, N=11, emax=6
RMSE Eb: 0.790
RMSE Rch: 0.009
MAPE Eb: 0.569
MAPE Rch: 0.279
--------------------------------------------------
**************************************************
Z=8, N=11, emax=8
RMSE Eb: 0.947
RMSE Rch: 0.011
MAPE Eb: 0.634
MAPE Rch: 0.322
--------------------------------------------------
**************************************************
Z=8, N=11, emax=10
RMSE Eb: 0.778
RMSE Rch: 0.015
MAPE Eb: 0.521
MAPE Rch: 0.477
--------------------------------------------------
**************************************************
Z=8, N=12, emax=6
RMSE Eb: 0.778
RMSE Rch: 0.010
MAPE Eb: 0.550
MAPE Rch: 0.303
--------------------------------------------------
**************************************************
Z=8, N=12, emax=4
RMSE Eb: 0.720
RMSE Rch: 0.011
MAPE Eb: 0.755
MAPE Rch: 0.337
--------------------------------------------------
**************************************************
Z=8, N=12, emax=8
RMSE Eb: 0.997
RMSE Rch: 0.009
MAPE Eb: 0.677
MAPE Rch: 0.269
--------------------------------------------------
**************************************************
Z=8, N=12, emax=10
RMSE Eb: 0.957
RMSE Rch: 0.011
MAPE Eb: 0.568
MAPE Rch: 0.301
--------------------------------------------------
**************************************************
Z=8, N=13, emax=8
RMSE Eb: 0.796
RMSE Rch: 0.009
MAPE Eb: 0.506
MAPE Rch: 0.255
--------------------------------------------------
**************************************************
Z=8, N=13, emax=4
RMSE Eb: 0.803
RMSE Rch: 0.010
MAPE Eb: 0.739
MAPE Rch: 0.290
--------------------------------------------------
**************************************************
Z=8, N=13, emax=10
RMSE Eb: 0.780
RMSE Rch: 0.010
MAPE Eb: 0.486
MAPE Rch: 0.322
--------------------------------------------------
**************************************************
Z=8, N=13, emax=6
RMSE Eb: 0.825
RMSE Rch: 0.010
MAPE Eb: 0.599
MAPE Rch: 0.293
--------------------------------------------------
**************************************************
Z=8, N=14, emax=8
RMSE Eb: 0.940
RMSE Rch: 0.016
MAPE Eb: 0.592
MAPE Rch: 0.493
--------------------------------------------------
**************************************************
Z=8, N=14, emax=4
RMSE Eb: 0.817
RMSE Rch: 0.013
MAPE Eb: 0.812
MAPE Rch: 0.388
--------------------------------------------------
**************************************************
Z=8, N=14, emax=6
RMSE Eb: 0.601
RMSE Rch: 0.010
MAPE Eb: 0.425
MAPE Rch: 0.275
--------------------------------------------------
**************************************************
Z=8, N=14, emax=10
RMSE Eb: 0.795
RMSE Rch: 0.018
MAPE Eb: 0.509
MAPE Rch: 0.594
--------------------------------------------------
**************************************************
Z=8, N=15, emax=8
RMSE Eb: 0.958
RMSE Rch: 0.011
MAPE Eb: 0.603
MAPE Rch: 0.293
--------------------------------------------------
**************************************************
Z=8, N=15, emax=4
RMSE Eb: 0.824
RMSE Rch: 0.008
MAPE Eb: 0.795
MAPE Rch: 0.232
--------------------------------------------------
**************************************************
Z=8, N=15, emax=6
RMSE Eb: 0.757
RMSE Rch: 0.009
MAPE Eb: 0.530
MAPE Rch: 0.254
--------------------------------------------------
**************************************************
Z=8, N=15, emax=10
RMSE Eb: 0.619
RMSE Rch: 0.010
MAPE Eb: 0.357
MAPE Rch: 0.297
--------------------------------------------------
**************************************************
Z=8, N=16, emax=8
RMSE Eb: 1.072
RMSE Rch: 0.012
MAPE Eb: 0.625
MAPE Rch: 0.313
--------------------------------------------------
**************************************************
Z=8, N=16, emax=6
RMSE Eb: 0.833
RMSE Rch: 0.011
MAPE Eb: 0.523
MAPE Rch: 0.310
--------------------------------------------------
**************************************************
Z=8, N=16, emax=10
RMSE Eb: 0.660
RMSE Rch: 0.009
MAPE Eb: 0.393
MAPE Rch: 0.269
--------------------------------------------------
**************************************************
Z=8, N=16, emax=4
RMSE Eb: 0.977
RMSE Rch: 0.011
MAPE Eb: 0.997
MAPE Rch: 0.315
--------------------------------------------------
Finished VAL for AE n=326
**************************************************
Z=8, N=4, emax=6
RMSE Eb: 0.653
RMSE Rch: 0.011
MAPE Eb: 1.178
MAPE Rch: 0.527
--------------------------------------------------
**************************************************
Z=8, N=4, emax=8
RMSE Eb: 0.839
RMSE Rch: 0.020
MAPE Eb: 1.492
MAPE Rch: 0.936
--------------------------------------------------
**************************************************
Z=8, N=4, emax=4
RMSE Eb: 0.942
RMSE Rch: 0.011
MAPE Eb: 2.774
MAPE Rch: 0.480
--------------------------------------------------
**************************************************
Z=8, N=4, emax=10
RMSE Eb: 0.627
RMSE Rch: 0.026
MAPE Eb: 0.946
MAPE Rch: 1.310
--------------------------------------------------
**************************************************
Z=8, N=5, emax=4
RMSE Eb: 0.522
RMSE Rch: 0.008
MAPE Eb: 1.072
MAPE Rch: 0.394
--------------------------------------------------
**************************************************
Z=8, N=5, emax=8
RMSE Eb: 0.897
RMSE Rch: 0.022
MAPE Eb: 1.109
MAPE Rch: 1.103
--------------------------------------------------
**************************************************
Z=8, N=5, emax=6
RMSE Eb: 0.688
RMSE Rch: 0.019
MAPE Eb: 0.995
MAPE Rch: 1.038
--------------------------------------------------
**************************************************
Z=8, N=5, emax=10
RMSE Eb: 1.163
RMSE Rch: 0.022
MAPE Eb: 1.344
MAPE Rch: 1.283
--------------------------------------------------
**************************************************
Z=8, N=6, emax=4
RMSE Eb: 0.640
RMSE Rch: 0.007
MAPE Eb: 0.866
MAPE Rch: 0.310
--------------------------------------------------
**************************************************
Z=8, N=6, emax=8
RMSE Eb: 0.898
RMSE Rch: 0.021
MAPE Eb: 0.842
MAPE Rch: 0.977
--------------------------------------------------
**************************************************
Z=8, N=6, emax=6
RMSE Eb: 0.642
RMSE Rch: 0.017
MAPE Eb: 0.691
MAPE Rch: 0.801
--------------------------------------------------
**************************************************
Z=8, N=6, emax=10
RMSE Eb: 0.468
RMSE Rch: 0.016
MAPE Eb: 0.472
MAPE Rch: 0.790
--------------------------------------------------
**************************************************
Z=8, N=7, emax=4
RMSE Eb: 0.926
RMSE Rch: 0.014
MAPE Eb: 1.092
MAPE Rch: 0.743
--------------------------------------------------
**************************************************
Z=8, N=7, emax=8
RMSE Eb: 1.117
RMSE Rch: 0.014
MAPE Eb: 0.879
MAPE Rch: 0.763
--------------------------------------------------
**************************************************
Z=8, N=7, emax=6
RMSE Eb: 0.878
RMSE Rch: 0.017
MAPE Eb: 0.859
MAPE Rch: 0.844
--------------------------------------------------
**************************************************
Z=8, N=7, emax=10
RMSE Eb: 1.012
RMSE Rch: 0.021
MAPE Eb: 0.823
MAPE Rch: 1.159
--------------------------------------------------
**************************************************
Z=8, N=8, emax=4
RMSE Eb: 0.691
RMSE Rch: 0.008
MAPE Eb: 0.711
MAPE Rch: 0.220
--------------------------------------------------
**************************************************
Z=8, N=8, emax=6
RMSE Eb: 0.775
RMSE Rch: 0.011
MAPE Eb: 0.620
MAPE Rch: 0.313
--------------------------------------------------
**************************************************
Z=8, N=8, emax=8
RMSE Eb: 0.701
RMSE Rch: 0.013
MAPE Eb: 0.498
MAPE Rch: 0.342
--------------------------------------------------
**************************************************
Z=8, N=8, emax=10
RMSE Eb: 0.869
RMSE Rch: 0.009
MAPE Eb: 0.651
MAPE Rch: 0.278
--------------------------------------------------
**************************************************
Z=8, N=9, emax=4
RMSE Eb: 0.631
RMSE Rch: 0.009
MAPE Eb: 0.615
MAPE Rch: 0.246
--------------------------------------------------
**************************************************
Z=8, N=9, emax=8
RMSE Eb: 0.717
RMSE Rch: 0.019
MAPE Eb: 0.492
MAPE Rch: 0.538
--------------------------------------------------
**************************************************
Z=8, N=9, emax=6
RMSE Eb: 0.627
RMSE Rch: 0.013
MAPE Eb: 0.507
MAPE Rch: 0.334
--------------------------------------------------
**************************************************
Z=8, N=9, emax=10
RMSE Eb: 0.670
RMSE Rch: 0.014
MAPE Eb: 0.482
MAPE Rch: 0.422
--------------------------------------------------
**************************************************
Z=8, N=10, emax=4
RMSE Eb: 0.725
RMSE Rch: 0.011
MAPE Eb: 0.726
MAPE Rch: 0.352
--------------------------------------------------
**************************************************
Z=8, N=10, emax=6
RMSE Eb: 0.980
RMSE Rch: 0.015
MAPE Eb: 0.791
MAPE Rch: 0.439
--------------------------------------------------
**************************************************
Z=8, N=10, emax=8
RMSE Eb: 0.801
RMSE Rch: 0.012
MAPE Eb: 0.571
MAPE Rch: 0.363
--------------------------------------------------
**************************************************
Z=8, N=10, emax=10
RMSE Eb: 0.650
RMSE Rch: 0.011
MAPE Eb: 0.443
MAPE Rch: 0.351
--------------------------------------------------
**************************************************
Z=8, N=11, emax=8
RMSE Eb: 0.970
RMSE Rch: 0.011
MAPE Eb: 0.635
MAPE Rch: 0.335
--------------------------------------------------
**************************************************
Z=8, N=11, emax=4
RMSE Eb: 0.637
RMSE Rch: 0.010
MAPE Eb: 0.658
MAPE Rch: 0.275
--------------------------------------------------
**************************************************
Z=8, N=11, emax=6
RMSE Eb: 0.683
RMSE Rch: 0.009
MAPE Eb: 0.541
MAPE Rch: 0.281
--------------------------------------------------
**************************************************
Z=8, N=11, emax=10
RMSE Eb: 0.692
RMSE Rch: 0.012
MAPE Eb: 0.483
MAPE Rch: 0.352
--------------------------------------------------
**************************************************
Z=8, N=12, emax=6
RMSE Eb: 0.767
RMSE Rch: 0.010
MAPE Eb: 0.572
MAPE Rch: 0.283
--------------------------------------------------
**************************************************
Z=8, N=12, emax=8
RMSE Eb: 0.947
RMSE Rch: 0.011
MAPE Eb: 0.617
MAPE Rch: 0.312
--------------------------------------------------
**************************************************
Z=8, N=12, emax=4
RMSE Eb: 0.722
RMSE Rch: 0.011
MAPE Eb: 0.749
MAPE Rch: 0.336
--------------------------------------------------
**************************************************
Z=8, N=12, emax=10
RMSE Eb: 0.832
RMSE Rch: 0.011
MAPE Eb: 0.451
MAPE Rch: 0.312
--------------------------------------------------
**************************************************
Z=8, N=13, emax=8
RMSE Eb: 0.833
RMSE Rch: 0.010
MAPE Eb: 0.540
MAPE Rch: 0.288
--------------------------------------------------
**************************************************
Z=8, N=13, emax=4
RMSE Eb: 0.646
RMSE Rch: 0.010
MAPE Eb: 0.646
MAPE Rch: 0.283
--------------------------------------------------
**************************************************
Z=8, N=13, emax=6
RMSE Eb: 0.875
RMSE Rch: 0.011
MAPE Eb: 0.632
MAPE Rch: 0.338
--------------------------------------------------
**************************************************
Z=8, N=13, emax=10
RMSE Eb: 0.852
RMSE Rch: 0.011
MAPE Eb: 0.527
MAPE Rch: 0.319
--------------------------------------------------
**************************************************
Z=8, N=14, emax=6
RMSE Eb: 0.886
RMSE Rch: 0.012
MAPE Eb: 0.544
MAPE Rch: 0.364
--------------------------------------------------
**************************************************
Z=8, N=14, emax=10
RMSE Eb: 0.886
RMSE Rch: 0.016
MAPE Eb: 0.483
MAPE Rch: 0.484
--------------------------------------------------
**************************************************
Z=8, N=14, emax=4
RMSE Eb: 0.789
RMSE Rch: 0.012
MAPE Eb: 0.827
MAPE Rch: 0.338
--------------------------------------------------
**************************************************
Z=8, N=14, emax=8
RMSE Eb: 0.944
RMSE Rch: 0.016
MAPE Eb: 0.602
MAPE Rch: 0.473
--------------------------------------------------
**************************************************
Z=8, N=15, emax=8
RMSE Eb: 0.998
RMSE Rch: 0.010
MAPE Eb: 0.584
MAPE Rch: 0.288
--------------------------------------------------
**************************************************
Z=8, N=15, emax=6
RMSE Eb: 0.715
RMSE Rch: 0.009
MAPE Eb: 0.503
MAPE Rch: 0.233
--------------------------------------------------
**************************************************
Z=8, N=15, emax=4
RMSE Eb: 0.731
RMSE Rch: 0.009
MAPE Eb: 0.767
MAPE Rch: 0.239
--------------------------------------------------
**************************************************
Z=8, N=15, emax=10
RMSE Eb: 0.585
RMSE Rch: 0.009
MAPE Eb: 0.368
MAPE Rch: 0.254
--------------------------------------------------
**************************************************
Z=8, N=16, emax=4
RMSE Eb: 1.083
RMSE Rch: 0.012
MAPE Eb: 1.105
MAPE Rch: 0.324
--------------------------------------------------
**************************************************
Z=8, N=16, emax=8
RMSE Eb: 0.899
RMSE Rch: 0.011
MAPE Eb: 0.503
MAPE Rch: 0.312
--------------------------------------------------
**************************************************
Z=8, N=16, emax=6
RMSE Eb: 0.912
RMSE Rch: 0.009
MAPE Eb: 0.637
MAPE Rch: 0.240
--------------------------------------------------
**************************************************
Z=8, N=16, emax=10
RMSE Eb: 1.013
RMSE Rch: 0.012
MAPE Eb: 0.572
MAPE Rch: 0.313
--------------------------------------------------
