Activated conda environment
[DataLoader] Found 13 files matching the pattern.
[DataLoader] Combined data shape: (17234, 35)
[Preprocess] Data split => train: (11029, 35), val: (2758, 35), test: (3447, 35)
[Preprocess] Processed fidelity 4 (index 0): 3758 samples.
[Preprocess] Processed fidelity 6 (index 1): 3346 samples.
[Preprocess] Processed fidelity 8 (index 2): 3194 samples.
[Preprocess] Processed fidelity 10 (index 3): 731 samples.
[Preprocess] Processed fidelity 4 (index 0): 949 samples.
[Preprocess] Processed fidelity 6 (index 1): 833 samples.
[Preprocess] Processed fidelity 8 (index 2): 801 samples.
[Preprocess] Processed fidelity 10 (index 3): 175 samples.
Fidelity levels: [4, 6, 8, 10]
[Trainer] Starting BNN training...
[Trainer] No improvement. Iteration 9000. Early stopping counter: 1, LR counter: 1
[Trainer] No improvement. Iteration 9100. Early stopping counter: 2, LR counter: 2
[Trainer] No improvement. Iteration 9900. Early stopping counter: 1, LR counter: 1
[Trainer] No improvement. Iteration 10000. Early stopping counter: 2, LR counter: 2
[Trainer] No improvement. Iteration 10100. Early stopping counter: 3, LR counter: 3
[Trainer] No improvement. Iteration 10400. Early stopping counter: 1, LR counter: 1
[Trainer] No improvement. Iteration 10500. Early stopping counter: 2, LR counter: 2
[Trainer] No improvement. Iteration 10900. Early stopping counter: 1, LR counter: 1
[Trainer] No improvement. Iteration 11100. Early stopping counter: 1, LR counter: 1
[Trainer] No improvement. Iteration 11200. Early stopping counter: 2, LR counter: 2
[Trainer] No improvement. Iteration 11800. Early stopping counter: 1, LR counter: 1
[Trainer] No improvement. Iteration 11900. Early stopping counter: 2, LR counter: 2
[Trainer] No improvement. Iteration 12100. Early stopping counter: 1, LR counter: 1
[Trainer] No improvement. Iteration 12200. Early stopping counter: 2, LR counter: 2
[Trainer] No improvement. Iteration 12300. Early stopping counter: 3, LR counter: 3
[Trainer] No improvement. Iteration 12400. Early stopping counter: 4, LR counter: 4
[Trainer] No improvement. Iteration 12500. Early stopping counter: 5, LR counter: 5
[Trainer] No improvement. Iteration 12600. Early stopping counter: 6, LR counter: 6
[Trainer] No improvement. Iteration 12900. Early stopping counter: 1, LR counter: 1
[Trainer] No improvement. Iteration 13000. Early stopping counter: 2, LR counter: 2
[Trainer] No improvement. Iteration 13100. Early stopping counter: 3, LR counter: 3
[Trainer] No improvement. Iteration 13400. Early stopping counter: 1, LR counter: 1
[Trainer] No improvement. Iteration 13500. Early stopping counter: 2, LR counter: 2
[Trainer] No improvement. Iteration 13600. Early stopping counter: 3, LR counter: 3
[Trainer] No improvement. Iteration 13700. Early stopping counter: 4, LR counter: 4
[Trainer] No improvement. Iteration 13800. Early stopping counter: 5, LR counter: 5
[Trainer] No improvement. Iteration 13900. Early stopping counter: 6, LR counter: 6
[Trainer] No improvement. Iteration 14000. Early stopping counter: 7, LR counter: 7
[Trainer] No improvement. Iteration 14100. Early stopping counter: 8, LR counter: 8
[Trainer] No improvement. Iteration 14200. Early stopping counter: 9, LR counter: 9
[Trainer] No improvement. Iteration 14300. Early stopping counter: 10, LR counter: 10
[Trainer] No improvement. Iteration 14400. Early stopping counter: 11, LR counter: 11
[Trainer] No improvement. Iteration 14500. Early stopping counter: 12, LR counter: 12
[Trainer] No improvement. Iteration 14600. Early stopping counter: 13, LR counter: 13
[Trainer] No improvement. Iteration 14700. Early stopping counter: 14, LR counter: 14
[Trainer] No improvement. Iteration 14800. Early stopping counter: 15, LR counter: 15
[Trainer] No improvement. Iteration 14900. Early stopping counter: 16, LR counter: 16
[Trainer] No improvement. Iteration 15000. Early stopping counter: 17, LR counter: 17
[Trainer] No improvement. Iteration 15100. Early stopping counter: 18, LR counter: 18
[Trainer] No improvement. Iteration 15200. Early stopping counter: 19, LR counter: 19
[Trainer] No improvement. Iteration 15300. Early stopping counter: 20, LR counter: 20
[Trainer] No improvement. Iteration 15400. Early stopping counter: 21, LR counter: 21
[Trainer] No improvement. Iteration 15500. Early stopping counter: 22, LR counter: 22
[Trainer] No improvement. Iteration 15600. Early stopping counter: 23, LR counter: 23
[Trainer] No improvement. Iteration 15700. Early stopping counter: 24, LR counter: 24
[Trainer] No improvement. Iteration 15800. Early stopping counter: 25, LR counter: 25
[Trainer] Learning rate reduced to: 0.000010
[Trainer] No improvement. Iteration 15900. Early stopping counter: 26, LR counter: 1
[Trainer] No improvement. Iteration 16000. Early stopping counter: 27, LR counter: 2
[Trainer] No improvement. Iteration 16100. Early stopping counter: 28, LR counter: 3
[Trainer] No improvement. Iteration 16200. Early stopping counter: 29, LR counter: 4
[Trainer] No improvement. Iteration 16300. Early stopping counter: 30, LR counter: 5
[Trainer] No improvement. Iteration 16400. Early stopping counter: 31, LR counter: 6
[Trainer] No improvement. Iteration 16500. Early stopping counter: 32, LR counter: 7
[Trainer] No improvement. Iteration 16600. Early stopping counter: 33, LR counter: 8
[Trainer] No improvement. Iteration 16700. Early stopping counter: 34, LR counter: 9
[Trainer] No improvement. Iteration 16800. Early stopping counter: 35, LR counter: 10
[Trainer] No improvement. Iteration 16900. Early stopping counter: 36, LR counter: 11
[Trainer] No improvement. Iteration 17000. Early stopping counter: 37, LR counter: 12
[Trainer] No improvement. Iteration 17100. Early stopping counter: 38, LR counter: 13
[Trainer] No improvement. Iteration 17200. Early stopping counter: 39, LR counter: 14
[Trainer] No improvement. Iteration 17300. Early stopping counter: 40, LR counter: 15
[Trainer] No improvement. Iteration 17400. Early stopping counter: 41, LR counter: 16
[Trainer] No improvement. Iteration 17500. Early stopping counter: 42, LR counter: 17
[Trainer] No improvement. Iteration 17600. Early stopping counter: 43, LR counter: 18
[Trainer] No improvement. Iteration 17700. Early stopping counter: 44, LR counter: 19
[Trainer] No improvement. Iteration 17800. Early stopping counter: 45, LR counter: 20
[Trainer] No improvement. Iteration 17900. Early stopping counter: 46, LR counter: 21
[Trainer] No improvement. Iteration 18000. Early stopping counter: 47, LR counter: 22
[Trainer] No improvement. Iteration 18100. Early stopping counter: 48, LR counter: 23
[Trainer] No improvement. Iteration 18200. Early stopping counter: 49, LR counter: 24
[Trainer] No improvement. Iteration 18300. Early stopping counter: 50, LR counter: 25
[Trainer] Learning rate reduced to: 0.000001
[Trainer] Early stopping triggered.
[Trainer] Training completed.
[Trainer] Calibrating temperatures on validation set...
[Trainer] Temperature calibration finished. Calibrated temperatures: {4: 1.1566652059555054, 6: 1.1013634204864502, 8: 1.2640594244003296, 10: 1.3991868495941162}
[Trainer] BNN training completed.
**************************************************
Z=8, N=4, emax=4
RMSE Eb: 0.787
RMSE Rch: 0.009
MAPE Eb: 2.372
MAPE Rch: 0.401
--------------------------------------------------
**************************************************
Z=8, N=4, emax=10
RMSE Eb: 1.561
RMSE Rch: 0.058
MAPE Eb: 2.332
MAPE Rch: 2.825
--------------------------------------------------
**************************************************
Z=8, N=4, emax=6
RMSE Eb: 0.919
RMSE Rch: 0.014
MAPE Eb: 1.789
MAPE Rch: 0.607
--------------------------------------------------
**************************************************
Z=8, N=4, emax=8
RMSE Eb: 1.102
RMSE Rch: 0.020
MAPE Eb: 1.873
MAPE Rch: 0.951
--------------------------------------------------
**************************************************
Z=8, N=5, emax=8
RMSE Eb: 1.045
RMSE Rch: 0.015
MAPE Eb: 1.337
MAPE Rch: 0.738
--------------------------------------------------
**************************************************
Z=8, N=5, emax=6
RMSE Eb: 0.923
RMSE Rch: 0.013
MAPE Eb: 1.381
MAPE Rch: 0.626
--------------------------------------------------
**************************************************
Z=8, N=5, emax=4
RMSE Eb: 0.704
RMSE Rch: 0.010
MAPE Eb: 1.484
MAPE Rch: 0.470
--------------------------------------------------
**************************************************
Z=8, N=5, emax=10
RMSE Eb: 1.053
RMSE Rch: 0.014
MAPE Eb: 1.403
MAPE Rch: 0.761
--------------------------------------------------
**************************************************
Z=8, N=6, emax=4
RMSE Eb: 0.810
RMSE Rch: 0.010
MAPE Eb: 1.167
MAPE Rch: 0.450
--------------------------------------------------
**************************************************
Z=8, N=6, emax=6
RMSE Eb: 1.075
RMSE Rch: 0.011
MAPE Eb: 1.201
MAPE Rch: 0.535
--------------------------------------------------
**************************************************
Z=8, N=6, emax=8
RMSE Eb: 1.252
RMSE Rch: 0.017
MAPE Eb: 1.189
MAPE Rch: 0.890
--------------------------------------------------
**************************************************
Z=8, N=6, emax=10
RMSE Eb: 1.399
RMSE Rch: 0.016
MAPE Eb: 1.450
MAPE Rch: 0.891
--------------------------------------------------
**************************************************
Z=8, N=7, emax=8
RMSE Eb: 1.356
RMSE Rch: 0.013
MAPE Eb: 1.203
MAPE Rch: 0.711
--------------------------------------------------
**************************************************
Z=8, N=7, emax=10
RMSE Eb: 1.264
RMSE Rch: 0.015
MAPE Eb: 0.875
MAPE Rch: 0.883
--------------------------------------------------
**************************************************
Z=8, N=7, emax=6
RMSE Eb: 1.152
RMSE Rch: 0.015
MAPE Eb: 1.121
MAPE Rch: 0.719
--------------------------------------------------
**************************************************
Z=8, N=7, emax=4
RMSE Eb: 0.822
RMSE Rch: 0.010
MAPE Eb: 1.028
MAPE Rch: 0.482
--------------------------------------------------
**************************************************
Z=8, N=8, emax=4
RMSE Eb: 0.906
RMSE Rch: 0.010
MAPE Eb: 1.016
MAPE Rch: 0.277
--------------------------------------------------
**************************************************
Z=8, N=8, emax=8
RMSE Eb: 1.525
RMSE Rch: 0.014
MAPE Eb: 1.188
MAPE Rch: 0.445
--------------------------------------------------
**************************************************
Z=8, N=8, emax=6
RMSE Eb: 1.070
RMSE Rch: 0.010
MAPE Eb: 0.920
MAPE Rch: 0.277
--------------------------------------------------
**************************************************
Z=8, N=8, emax=10
RMSE Eb: 1.611
RMSE Rch: 0.018
MAPE Eb: 1.225
MAPE Rch: 0.574
--------------------------------------------------
**************************************************
Z=8, N=9, emax=8
RMSE Eb: 1.134
RMSE Rch: 0.009
MAPE Eb: 0.796
MAPE Rch: 0.256
--------------------------------------------------
**************************************************
Z=8, N=9, emax=6
RMSE Eb: 0.958
RMSE Rch: 0.008
MAPE Eb: 0.857
MAPE Rch: 0.236
--------------------------------------------------
**************************************************
Z=8, N=9, emax=4
RMSE Eb: 0.827
RMSE Rch: 0.007
MAPE Eb: 0.820
MAPE Rch: 0.195
--------------------------------------------------
**************************************************
Z=8, N=9, emax=10
RMSE Eb: 0.953
RMSE Rch: 0.009
MAPE Eb: 0.705
MAPE Rch: 0.271
--------------------------------------------------
**************************************************
Z=8, N=10, emax=4
RMSE Eb: 0.982
RMSE Rch: 0.008
MAPE Eb: 0.996
MAPE Rch: 0.213
--------------------------------------------------
**************************************************
Z=8, N=10, emax=10
RMSE Eb: 0.867
RMSE Rch: 0.016
MAPE Eb: 0.598
MAPE Rch: 0.458
--------------------------------------------------
**************************************************
Z=8, N=10, emax=6
RMSE Eb: 1.086
RMSE Rch: 0.008
MAPE Eb: 0.859
MAPE Rch: 0.217
--------------------------------------------------
**************************************************
Z=8, N=10, emax=8
RMSE Eb: 1.253
RMSE Rch: 0.011
MAPE Eb: 0.864
MAPE Rch: 0.297
--------------------------------------------------
**************************************************
Z=8, N=11, emax=4
RMSE Eb: 1.074
RMSE Rch: 0.007
MAPE Eb: 1.129
MAPE Rch: 0.206
--------------------------------------------------
**************************************************
Z=8, N=11, emax=6
RMSE Eb: 1.001
RMSE Rch: 0.009
MAPE Eb: 0.757
MAPE Rch: 0.243
--------------------------------------------------
**************************************************
Z=8, N=11, emax=8
RMSE Eb: 1.215
RMSE Rch: 0.010
MAPE Eb: 0.817
MAPE Rch: 0.271
--------------------------------------------------
**************************************************
Z=8, N=11, emax=10
RMSE Eb: 1.802
RMSE Rch: 0.018
MAPE Eb: 1.285
MAPE Rch: 0.457
--------------------------------------------------
**************************************************
Z=8, N=12, emax=6
RMSE Eb: 1.092
RMSE Rch: 0.008
MAPE Eb: 0.769
MAPE Rch: 0.232
--------------------------------------------------
**************************************************
Z=8, N=12, emax=4
RMSE Eb: 0.888
RMSE Rch: 0.008
MAPE Eb: 0.933
MAPE Rch: 0.203
--------------------------------------------------
**************************************************
Z=8, N=12, emax=8
RMSE Eb: 1.297
RMSE Rch: 0.010
MAPE Eb: 0.880
MAPE Rch: 0.296
--------------------------------------------------
**************************************************
Z=8, N=12, emax=10
RMSE Eb: 1.573
RMSE Rch: 0.015
MAPE Eb: 1.154
MAPE Rch: 0.412
--------------------------------------------------
**************************************************
Z=8, N=13, emax=8
RMSE Eb: 1.455
RMSE Rch: 0.012
MAPE Eb: 0.942
MAPE Rch: 0.342
--------------------------------------------------
**************************************************
Z=8, N=13, emax=4
RMSE Eb: 1.059
RMSE Rch: 0.008
MAPE Eb: 0.985
MAPE Rch: 0.194
--------------------------------------------------
**************************************************
Z=8, N=13, emax=10
RMSE Eb: 1.719
RMSE Rch: 0.014
MAPE Eb: 1.151
MAPE Rch: 0.395
--------------------------------------------------
**************************************************
Z=8, N=13, emax=6
RMSE Eb: 1.182
RMSE Rch: 0.010
MAPE Eb: 0.934
MAPE Rch: 0.272
--------------------------------------------------
**************************************************
Z=8, N=14, emax=8
RMSE Eb: 1.751
RMSE Rch: 0.015
MAPE Eb: 1.066
MAPE Rch: 0.407
--------------------------------------------------
**************************************************
Z=8, N=14, emax=4
RMSE Eb: 0.926
RMSE Rch: 0.009
MAPE Eb: 0.913
MAPE Rch: 0.232
--------------------------------------------------
**************************************************
Z=8, N=14, emax=6
RMSE Eb: 1.004
RMSE Rch: 0.009
MAPE Eb: 0.732
MAPE Rch: 0.261
--------------------------------------------------
**************************************************
Z=8, N=14, emax=10
RMSE Eb: 1.396
RMSE Rch: 0.017
MAPE Eb: 0.898
MAPE Rch: 0.484
--------------------------------------------------
**************************************************
Z=8, N=15, emax=8
RMSE Eb: 1.366
RMSE Rch: 0.009
MAPE Eb: 0.827
MAPE Rch: 0.269
--------------------------------------------------
**************************************************
Z=8, N=15, emax=4
RMSE Eb: 1.246
RMSE Rch: 0.010
MAPE Eb: 1.172
MAPE Rch: 0.264
--------------------------------------------------
**************************************************
Z=8, N=15, emax=6
RMSE Eb: 1.352
RMSE Rch: 0.012
MAPE Eb: 0.999
MAPE Rch: 0.349
--------------------------------------------------
**************************************************
Z=8, N=15, emax=10
RMSE Eb: 1.588
RMSE Rch: 0.010
MAPE Eb: 0.909
MAPE Rch: 0.281
--------------------------------------------------
**************************************************
Z=8, N=16, emax=8
RMSE Eb: 1.902
RMSE Rch: 0.010
MAPE Eb: 1.175
MAPE Rch: 0.290
--------------------------------------------------
**************************************************
Z=8, N=16, emax=6
RMSE Eb: 1.347
RMSE Rch: 0.009
MAPE Eb: 0.893
MAPE Rch: 0.252
--------------------------------------------------
**************************************************
Z=8, N=16, emax=10
RMSE Eb: 1.503
RMSE Rch: 0.017
MAPE Eb: 0.900
MAPE Rch: 0.518
--------------------------------------------------
**************************************************
Z=8, N=16, emax=4
RMSE Eb: 1.028
RMSE Rch: 0.010
MAPE Eb: 1.036
MAPE Rch: 0.262
--------------------------------------------------
Finished VAL for AE n=181
**************************************************
Z=8, N=4, emax=6
RMSE Eb: 0.899
RMSE Rch: 0.012
MAPE Eb: 1.669
MAPE Rch: 0.587
--------------------------------------------------
**************************************************
Z=8, N=4, emax=8
RMSE Eb: 1.110
RMSE Rch: 0.019
MAPE Eb: 1.745
MAPE Rch: 0.768
--------------------------------------------------
**************************************************
Z=8, N=4, emax=4
RMSE Eb: 0.809
RMSE Rch: 0.009
MAPE Eb: 2.294
MAPE Rch: 0.416
--------------------------------------------------
**************************************************
Z=8, N=4, emax=10
RMSE Eb: 1.285
RMSE Rch: 0.033
MAPE Eb: 1.837
MAPE Rch: 1.524
--------------------------------------------------
**************************************************
Z=8, N=5, emax=4
RMSE Eb: 0.859
RMSE Rch: 0.011
MAPE Eb: 1.674
MAPE Rch: 0.512
--------------------------------------------------
**************************************************
Z=8, N=5, emax=8
RMSE Eb: 1.024
RMSE Rch: 0.014
MAPE Eb: 1.308
MAPE Rch: 0.694
--------------------------------------------------
**************************************************
Z=8, N=5, emax=6
RMSE Eb: 0.933
RMSE Rch: 0.013
MAPE Eb: 1.332
MAPE Rch: 0.664
--------------------------------------------------
**************************************************
Z=8, N=5, emax=10
RMSE Eb: 0.989
RMSE Rch: 0.020
MAPE Eb: 1.193
MAPE Rch: 0.973
--------------------------------------------------
**************************************************
Z=8, N=6, emax=4
RMSE Eb: 0.776
RMSE Rch: 0.011
MAPE Eb: 1.069
MAPE Rch: 0.501
--------------------------------------------------
**************************************************
Z=8, N=6, emax=8
RMSE Eb: 1.319
RMSE Rch: 0.015
MAPE Eb: 1.326
MAPE Rch: 0.760
--------------------------------------------------
**************************************************
Z=8, N=6, emax=6
RMSE Eb: 1.026
RMSE Rch: 0.012
MAPE Eb: 1.105
MAPE Rch: 0.594
--------------------------------------------------
**************************************************
Z=8, N=6, emax=10
RMSE Eb: 1.274
RMSE Rch: 0.018
MAPE Eb: 1.213
MAPE Rch: 1.032
--------------------------------------------------
**************************************************
Z=8, N=7, emax=4
RMSE Eb: 0.756
RMSE Rch: 0.009
MAPE Eb: 0.938
MAPE Rch: 0.461
--------------------------------------------------
**************************************************
Z=8, N=7, emax=8
RMSE Eb: 1.237
RMSE Rch: 0.015
MAPE Eb: 1.027
MAPE Rch: 0.749
--------------------------------------------------
**************************************************
Z=8, N=7, emax=6
RMSE Eb: 1.139
RMSE Rch: 0.011
MAPE Eb: 1.061
MAPE Rch: 0.524
--------------------------------------------------
**************************************************
Z=8, N=7, emax=10
RMSE Eb: 0.903
RMSE Rch: 0.019
MAPE Eb: 0.768
MAPE Rch: 1.076
--------------------------------------------------
**************************************************
Z=8, N=8, emax=4
RMSE Eb: 1.068
RMSE Rch: 0.010
MAPE Eb: 1.022
MAPE Rch: 0.273
--------------------------------------------------
**************************************************
Z=8, N=8, emax=6
RMSE Eb: 0.992
RMSE Rch: 0.013
MAPE Eb: 0.820
MAPE Rch: 0.336
--------------------------------------------------
**************************************************
Z=8, N=8, emax=8
RMSE Eb: 1.153
RMSE Rch: 0.010
MAPE Eb: 0.870
MAPE Rch: 0.309
--------------------------------------------------
**************************************************
Z=8, N=8, emax=10
RMSE Eb: 1.516
RMSE Rch: 0.014
MAPE Eb: 1.165
MAPE Rch: 0.402
--------------------------------------------------
**************************************************
Z=8, N=9, emax=4
RMSE Eb: 0.896
RMSE Rch: 0.008
MAPE Eb: 0.972
MAPE Rch: 0.227
--------------------------------------------------
**************************************************
Z=8, N=9, emax=8
RMSE Eb: 1.071
RMSE Rch: 0.011
MAPE Eb: 0.762
MAPE Rch: 0.326
--------------------------------------------------
**************************************************
Z=8, N=9, emax=6
RMSE Eb: 0.932
RMSE Rch: 0.008
MAPE Eb: 0.752
MAPE Rch: 0.220
--------------------------------------------------
**************************************************
Z=8, N=9, emax=10
RMSE Eb: 1.374
RMSE Rch: 0.010
MAPE Eb: 0.982
MAPE Rch: 0.292
--------------------------------------------------
**************************************************
Z=8, N=10, emax=4
RMSE Eb: 0.824
RMSE Rch: 0.008
MAPE Eb: 0.865
MAPE Rch: 0.226
--------------------------------------------------
**************************************************
Z=8, N=10, emax=6
RMSE Eb: 0.926
RMSE Rch: 0.009
MAPE Eb: 0.726
MAPE Rch: 0.248
--------------------------------------------------
**************************************************
Z=8, N=10, emax=8
RMSE Eb: 0.964
RMSE Rch: 0.010
MAPE Eb: 0.682
MAPE Rch: 0.283
--------------------------------------------------
**************************************************
Z=8, N=10, emax=10
RMSE Eb: 1.004
RMSE Rch: 0.010
MAPE Eb: 0.718
MAPE Rch: 0.297
--------------------------------------------------
**************************************************
Z=8, N=11, emax=8
RMSE Eb: 1.333
RMSE Rch: 0.011
MAPE Eb: 0.927
MAPE Rch: 0.327
--------------------------------------------------
**************************************************
Z=8, N=11, emax=4
RMSE Eb: 1.010
RMSE Rch: 0.009
MAPE Eb: 1.032
MAPE Rch: 0.230
--------------------------------------------------
**************************************************
Z=8, N=11, emax=6
RMSE Eb: 0.843
RMSE Rch: 0.010
MAPE Eb: 0.655
MAPE Rch: 0.251
--------------------------------------------------
**************************************************
Z=8, N=11, emax=10
RMSE Eb: 1.260
RMSE Rch: 0.013
MAPE Eb: 0.870
MAPE Rch: 0.384
--------------------------------------------------
**************************************************
Z=8, N=12, emax=6
RMSE Eb: 0.972
RMSE Rch: 0.008
MAPE Eb: 0.735
MAPE Rch: 0.229
--------------------------------------------------
**************************************************
Z=8, N=12, emax=8
RMSE Eb: 1.243
RMSE Rch: 0.011
MAPE Eb: 0.823
MAPE Rch: 0.324
--------------------------------------------------
**************************************************
Z=8, N=12, emax=4
RMSE Eb: 1.110
RMSE Rch: 0.007
MAPE Eb: 1.157
MAPE Rch: 0.173
--------------------------------------------------
**************************************************
Z=8, N=12, emax=10
RMSE Eb: 1.336
RMSE Rch: 0.009
MAPE Eb: 0.913
MAPE Rch: 0.245
--------------------------------------------------
**************************************************
Z=8, N=13, emax=8
RMSE Eb: 1.332
RMSE Rch: 0.009
MAPE Eb: 0.884
MAPE Rch: 0.262
--------------------------------------------------
**************************************************
Z=8, N=13, emax=4
RMSE Eb: 1.011
RMSE Rch: 0.006
MAPE Eb: 1.001
MAPE Rch: 0.160
--------------------------------------------------
**************************************************
Z=8, N=13, emax=6
RMSE Eb: 1.093
RMSE Rch: 0.011
MAPE Eb: 0.828
MAPE Rch: 0.296
--------------------------------------------------
**************************************************
Z=8, N=13, emax=10
RMSE Eb: 1.634
RMSE Rch: 0.014
MAPE Eb: 0.963
MAPE Rch: 0.355
--------------------------------------------------
**************************************************
Z=8, N=14, emax=6
RMSE Eb: 1.192
RMSE Rch: 0.010
MAPE Eb: 0.883
MAPE Rch: 0.300
--------------------------------------------------
**************************************************
Z=8, N=14, emax=10
RMSE Eb: 1.867
RMSE Rch: 0.014
MAPE Eb: 1.016
MAPE Rch: 0.420
--------------------------------------------------
**************************************************
Z=8, N=14, emax=4
RMSE Eb: 1.139
RMSE Rch: 0.008
MAPE Eb: 1.106
MAPE Rch: 0.228
--------------------------------------------------
**************************************************
Z=8, N=14, emax=8
RMSE Eb: 1.545
RMSE Rch: 0.013
MAPE Eb: 0.960
MAPE Rch: 0.361
--------------------------------------------------
**************************************************
Z=8, N=15, emax=8
RMSE Eb: 1.331
RMSE Rch: 0.010
MAPE Eb: 0.834
MAPE Rch: 0.268
--------------------------------------------------
**************************************************
Z=8, N=15, emax=6
RMSE Eb: 1.278
RMSE Rch: 0.012
MAPE Eb: 0.922
MAPE Rch: 0.314
--------------------------------------------------
**************************************************
Z=8, N=15, emax=4
RMSE Eb: 1.164
RMSE Rch: 0.011
MAPE Eb: 1.129
MAPE Rch: 0.288
--------------------------------------------------
**************************************************
Z=8, N=15, emax=10
RMSE Eb: 1.522
RMSE Rch: 0.009
MAPE Eb: 0.957
MAPE Rch: 0.267
--------------------------------------------------
**************************************************
Z=8, N=16, emax=4
RMSE Eb: 1.197
RMSE Rch: 0.009
MAPE Eb: 1.183
MAPE Rch: 0.250
--------------------------------------------------
**************************************************
Z=8, N=16, emax=8
RMSE Eb: 1.980
RMSE Rch: 0.010
MAPE Eb: 1.205
MAPE Rch: 0.284
--------------------------------------------------
**************************************************
Z=8, N=16, emax=6
RMSE Eb: 1.246
RMSE Rch: 0.010
MAPE Eb: 0.872
MAPE Rch: 0.261
--------------------------------------------------
**************************************************
Z=8, N=16, emax=10
RMSE Eb: 2.217
RMSE Rch: 0.016
MAPE Eb: 1.351
MAPE Rch: 0.479
--------------------------------------------------
