Activated conda environment
[DataLoader] Found 13 files matching the pattern.
[DataLoader] Combined data shape: (17234, 35)
[Preprocess] Data split => train: (11029, 35), val: (2758, 35), test: (3447, 35)
[Preprocess] Processed fidelity 4 (index 0): 3758 samples.
[Preprocess] Processed fidelity 6 (index 1): 3346 samples.
[Preprocess] Processed fidelity 8 (index 2): 3194 samples.
[Preprocess] Processed fidelity 10 (index 3): 731 samples.
[Preprocess] Processed fidelity 4 (index 0): 949 samples.
[Preprocess] Processed fidelity 6 (index 1): 833 samples.
[Preprocess] Processed fidelity 8 (index 2): 801 samples.
[Preprocess] Processed fidelity 10 (index 3): 175 samples.
Fidelity levels: [4, 6, 8, 10]
[Trainer] Starting BNN training...
[Trainer] No improvement. Iteration 10100. Early stopping counter: 1, LR counter: 1
[Trainer] No improvement. Iteration 10300. Early stopping counter: 1, LR counter: 1
[Trainer] No improvement. Iteration 10600. Early stopping counter: 1, LR counter: 1
[Trainer] No improvement. Iteration 10700. Early stopping counter: 2, LR counter: 2
[Trainer] No improvement. Iteration 10800. Early stopping counter: 3, LR counter: 3
[Trainer] No improvement. Iteration 10900. Early stopping counter: 4, LR counter: 4
[Trainer] No improvement. Iteration 11000. Early stopping counter: 5, LR counter: 5
[Trainer] No improvement. Iteration 11100. Early stopping counter: 6, LR counter: 6
[Trainer] No improvement. Iteration 11200. Early stopping counter: 7, LR counter: 7
[Trainer] No improvement. Iteration 11300. Early stopping counter: 8, LR counter: 8
[Trainer] No improvement. Iteration 11400. Early stopping counter: 9, LR counter: 9
[Trainer] No improvement. Iteration 11500. Early stopping counter: 10, LR counter: 10
[Trainer] No improvement. Iteration 11600. Early stopping counter: 11, LR counter: 11
[Trainer] No improvement. Iteration 11700. Early stopping counter: 12, LR counter: 12
[Trainer] No improvement. Iteration 11800. Early stopping counter: 13, LR counter: 13
[Trainer] No improvement. Iteration 12000. Early stopping counter: 1, LR counter: 1
[Trainer] No improvement. Iteration 12800. Early stopping counter: 1, LR counter: 1
[Trainer] No improvement. Iteration 12900. Early stopping counter: 2, LR counter: 2
[Trainer] No improvement. Iteration 13200. Early stopping counter: 1, LR counter: 1
[Trainer] No improvement. Iteration 13600. Early stopping counter: 1, LR counter: 1
[Trainer] No improvement. Iteration 13700. Early stopping counter: 2, LR counter: 2
[Trainer] No improvement. Iteration 13800. Early stopping counter: 3, LR counter: 3
[Trainer] No improvement. Iteration 13900. Early stopping counter: 4, LR counter: 4
[Trainer] No improvement. Iteration 14000. Early stopping counter: 5, LR counter: 5
[Trainer] No improvement. Iteration 14100. Early stopping counter: 6, LR counter: 6
[Trainer] No improvement. Iteration 14200. Early stopping counter: 7, LR counter: 7
[Trainer] No improvement. Iteration 14300. Early stopping counter: 8, LR counter: 8
[Trainer] No improvement. Iteration 14400. Early stopping counter: 9, LR counter: 9
[Trainer] No improvement. Iteration 14500. Early stopping counter: 10, LR counter: 10
[Trainer] No improvement. Iteration 14600. Early stopping counter: 11, LR counter: 11
[Trainer] No improvement. Iteration 14700. Early stopping counter: 12, LR counter: 12
[Trainer] No improvement. Iteration 14800. Early stopping counter: 13, LR counter: 13
[Trainer] No improvement. Iteration 14900. Early stopping counter: 14, LR counter: 14
[Trainer] No improvement. Iteration 15000. Early stopping counter: 15, LR counter: 15
[Trainer] No improvement. Iteration 15100. Early stopping counter: 16, LR counter: 16
[Trainer] No improvement. Iteration 15200. Early stopping counter: 17, LR counter: 17
[Trainer] No improvement. Iteration 15300. Early stopping counter: 18, LR counter: 18
[Trainer] No improvement. Iteration 15400. Early stopping counter: 19, LR counter: 19
[Trainer] No improvement. Iteration 15500. Early stopping counter: 20, LR counter: 20
[Trainer] No improvement. Iteration 15600. Early stopping counter: 21, LR counter: 21
[Trainer] No improvement. Iteration 15700. Early stopping counter: 22, LR counter: 22
[Trainer] No improvement. Iteration 15800. Early stopping counter: 23, LR counter: 23
[Trainer] No improvement. Iteration 15900. Early stopping counter: 24, LR counter: 24
[Trainer] No improvement. Iteration 16000. Early stopping counter: 25, LR counter: 25
[Trainer] Learning rate reduced to: 0.000010
[Trainer] No improvement. Iteration 16100. Early stopping counter: 26, LR counter: 1
[Trainer] No improvement. Iteration 16200. Early stopping counter: 27, LR counter: 2
[Trainer] No improvement. Iteration 16300. Early stopping counter: 28, LR counter: 3
[Trainer] No improvement. Iteration 16400. Early stopping counter: 29, LR counter: 4
[Trainer] No improvement. Iteration 16500. Early stopping counter: 30, LR counter: 5
[Trainer] No improvement. Iteration 16600. Early stopping counter: 31, LR counter: 6
[Trainer] No improvement. Iteration 16700. Early stopping counter: 32, LR counter: 7
[Trainer] No improvement. Iteration 16800. Early stopping counter: 33, LR counter: 8
[Trainer] No improvement. Iteration 16900. Early stopping counter: 34, LR counter: 9
[Trainer] No improvement. Iteration 17000. Early stopping counter: 35, LR counter: 10
[Trainer] No improvement. Iteration 17100. Early stopping counter: 36, LR counter: 11
[Trainer] No improvement. Iteration 17200. Early stopping counter: 37, LR counter: 12
[Trainer] No improvement. Iteration 17300. Early stopping counter: 38, LR counter: 13
[Trainer] No improvement. Iteration 17400. Early stopping counter: 39, LR counter: 14
[Trainer] No improvement. Iteration 17500. Early stopping counter: 40, LR counter: 15
[Trainer] No improvement. Iteration 17600. Early stopping counter: 41, LR counter: 16
[Trainer] No improvement. Iteration 17700. Early stopping counter: 42, LR counter: 17
[Trainer] No improvement. Iteration 17800. Early stopping counter: 43, LR counter: 18
[Trainer] No improvement. Iteration 17900. Early stopping counter: 44, LR counter: 19
[Trainer] No improvement. Iteration 18000. Early stopping counter: 45, LR counter: 20
[Trainer] No improvement. Iteration 18100. Early stopping counter: 46, LR counter: 21
[Trainer] No improvement. Iteration 18200. Early stopping counter: 47, LR counter: 22
[Trainer] No improvement. Iteration 18300. Early stopping counter: 48, LR counter: 23
[Trainer] No improvement. Iteration 18400. Early stopping counter: 49, LR counter: 24
[Trainer] No improvement. Iteration 18500. Early stopping counter: 50, LR counter: 25
[Trainer] Learning rate reduced to: 0.000001
[Trainer] Early stopping triggered.
[Trainer] Training completed.
[Trainer] Calibrating temperatures on validation set...
[Trainer] Temperature calibration finished. Calibrated temperatures: {4: 1.1755445003509521, 6: 1.1606265306472778, 8: 1.2538694143295288, 10: 1.27857506275177}
[Trainer] BNN training completed.
**************************************************
Z=8, N=4, emax=4
RMSE Eb: 1.185
RMSE Rch: 0.012
MAPE Eb: 3.509
MAPE Rch: 0.506
--------------------------------------------------
**************************************************
Z=8, N=4, emax=10
RMSE Eb: 2.021
RMSE Rch: 0.050
MAPE Eb: 3.149
MAPE Rch: 2.432
--------------------------------------------------
**************************************************
Z=8, N=4, emax=6
RMSE Eb: 1.539
RMSE Rch: 0.014
MAPE Eb: 2.932
MAPE Rch: 0.680
--------------------------------------------------
**************************************************
Z=8, N=4, emax=8
RMSE Eb: 1.345
RMSE Rch: 0.025
MAPE Eb: 2.059
MAPE Rch: 1.180
--------------------------------------------------
**************************************************
Z=8, N=5, emax=8
RMSE Eb: 1.423
RMSE Rch: 0.018
MAPE Eb: 1.707
MAPE Rch: 0.851
--------------------------------------------------
**************************************************
Z=8, N=5, emax=6
RMSE Eb: 1.699
RMSE Rch: 0.015
MAPE Eb: 2.387
MAPE Rch: 0.752
--------------------------------------------------
**************************************************
Z=8, N=5, emax=4
RMSE Eb: 1.116
RMSE Rch: 0.012
MAPE Eb: 2.293
MAPE Rch: 0.604
--------------------------------------------------
**************************************************
Z=8, N=5, emax=10
RMSE Eb: 1.694
RMSE Rch: 0.018
MAPE Eb: 2.296
MAPE Rch: 0.982
--------------------------------------------------
**************************************************
Z=8, N=6, emax=4
RMSE Eb: 1.344
RMSE Rch: 0.015
MAPE Eb: 1.957
MAPE Rch: 0.717
--------------------------------------------------
**************************************************
Z=8, N=6, emax=6
RMSE Eb: 1.629
RMSE Rch: 0.013
MAPE Eb: 1.782
MAPE Rch: 0.638
--------------------------------------------------
**************************************************
Z=8, N=6, emax=8
RMSE Eb: 2.272
RMSE Rch: 0.020
MAPE Eb: 2.228
MAPE Rch: 0.967
--------------------------------------------------
**************************************************
Z=8, N=6, emax=10
RMSE Eb: 1.672
RMSE Rch: 0.025
MAPE Eb: 1.597
MAPE Rch: 1.222
--------------------------------------------------
**************************************************
Z=8, N=7, emax=8
RMSE Eb: 2.558
RMSE Rch: 0.020
MAPE Eb: 2.148
MAPE Rch: 1.030
--------------------------------------------------
**************************************************
Z=8, N=7, emax=10
RMSE Eb: 1.772
RMSE Rch: 0.029
MAPE Eb: 1.368
MAPE Rch: 1.574
--------------------------------------------------
**************************************************
Z=8, N=7, emax=6
RMSE Eb: 1.423
RMSE Rch: 0.016
MAPE Eb: 1.346
MAPE Rch: 0.838
--------------------------------------------------
**************************************************
Z=8, N=7, emax=4
RMSE Eb: 1.487
RMSE Rch: 0.013
MAPE Eb: 1.845
MAPE Rch: 0.638
--------------------------------------------------
**************************************************
Z=8, N=8, emax=4
RMSE Eb: 1.138
RMSE Rch: 0.012
MAPE Eb: 1.168
MAPE Rch: 0.335
--------------------------------------------------
**************************************************
Z=8, N=8, emax=8
RMSE Eb: 1.987
RMSE Rch: 0.021
MAPE Eb: 1.515
MAPE Rch: 0.609
--------------------------------------------------
**************************************************
Z=8, N=8, emax=6
RMSE Eb: 1.544
RMSE Rch: 0.017
MAPE Eb: 1.379
MAPE Rch: 0.457
--------------------------------------------------
**************************************************
Z=8, N=8, emax=10
RMSE Eb: 2.217
RMSE Rch: 0.017
MAPE Eb: 1.542
MAPE Rch: 0.564
--------------------------------------------------
**************************************************
Z=8, N=9, emax=8
RMSE Eb: 2.173
RMSE Rch: 0.018
MAPE Eb: 1.630
MAPE Rch: 0.521
--------------------------------------------------
**************************************************
Z=8, N=9, emax=6
RMSE Eb: 1.403
RMSE Rch: 0.011
MAPE Eb: 1.176
MAPE Rch: 0.315
--------------------------------------------------
**************************************************
Z=8, N=9, emax=4
RMSE Eb: 1.088
RMSE Rch: 0.011
MAPE Eb: 1.104
MAPE Rch: 0.294
--------------------------------------------------
**************************************************
Z=8, N=9, emax=10
RMSE Eb: 1.127
RMSE Rch: 0.018
MAPE Eb: 0.835
MAPE Rch: 0.531
--------------------------------------------------
**************************************************
Z=8, N=10, emax=4
RMSE Eb: 0.916
RMSE Rch: 0.011
MAPE Eb: 1.013
MAPE Rch: 0.312
--------------------------------------------------
**************************************************
Z=8, N=10, emax=10
RMSE Eb: 1.198
RMSE Rch: 0.012
MAPE Eb: 0.860
MAPE Rch: 0.287
--------------------------------------------------
**************************************************
Z=8, N=10, emax=6
RMSE Eb: 1.105
RMSE Rch: 0.013
MAPE Eb: 0.861
MAPE Rch: 0.367
--------------------------------------------------
**************************************************
Z=8, N=10, emax=8
RMSE Eb: 1.416
RMSE Rch: 0.012
MAPE Eb: 0.995
MAPE Rch: 0.353
--------------------------------------------------
**************************************************
Z=8, N=11, emax=4
RMSE Eb: 1.164
RMSE Rch: 0.013
MAPE Eb: 1.113
MAPE Rch: 0.366
--------------------------------------------------
**************************************************
Z=8, N=11, emax=6
RMSE Eb: 1.161
RMSE Rch: 0.011
MAPE Eb: 0.955
MAPE Rch: 0.305
--------------------------------------------------
**************************************************
Z=8, N=11, emax=8
RMSE Eb: 1.503
RMSE Rch: 0.013
MAPE Eb: 0.995
MAPE Rch: 0.378
--------------------------------------------------
**************************************************
Z=8, N=11, emax=10
RMSE Eb: 1.477
RMSE Rch: 0.016
MAPE Eb: 0.943
MAPE Rch: 0.465
--------------------------------------------------
**************************************************
Z=8, N=12, emax=6
RMSE Eb: 1.082
RMSE Rch: 0.011
MAPE Eb: 0.764
MAPE Rch: 0.298
--------------------------------------------------
**************************************************
Z=8, N=12, emax=4
RMSE Eb: 1.074
RMSE Rch: 0.015
MAPE Eb: 1.051
MAPE Rch: 0.424
--------------------------------------------------
**************************************************
Z=8, N=12, emax=8
RMSE Eb: 1.478
RMSE Rch: 0.016
MAPE Eb: 0.980
MAPE Rch: 0.449
--------------------------------------------------
**************************************************
Z=8, N=12, emax=10
RMSE Eb: 1.216
RMSE Rch: 0.015
MAPE Eb: 0.842
MAPE Rch: 0.443
--------------------------------------------------
**************************************************
Z=8, N=13, emax=8
RMSE Eb: 1.805
RMSE Rch: 0.014
MAPE Eb: 1.117
MAPE Rch: 0.399
--------------------------------------------------
**************************************************
Z=8, N=13, emax=4
RMSE Eb: 1.439
RMSE Rch: 0.014
MAPE Eb: 1.433
MAPE Rch: 0.422
--------------------------------------------------
**************************************************
Z=8, N=13, emax=10
RMSE Eb: 0.749
RMSE Rch: 0.013
MAPE Eb: 0.462
MAPE Rch: 0.415
--------------------------------------------------
**************************************************
Z=8, N=13, emax=6
RMSE Eb: 1.094
RMSE Rch: 0.011
MAPE Eb: 0.848
MAPE Rch: 0.315
--------------------------------------------------
**************************************************
Z=8, N=14, emax=8
RMSE Eb: 1.856
RMSE Rch: 0.020
MAPE Eb: 1.227
MAPE Rch: 0.541
--------------------------------------------------
**************************************************
Z=8, N=14, emax=4
RMSE Eb: 1.351
RMSE Rch: 0.010
MAPE Eb: 1.401
MAPE Rch: 0.277
--------------------------------------------------
**************************************************
Z=8, N=14, emax=6
RMSE Eb: 1.048
RMSE Rch: 0.011
MAPE Eb: 0.772
MAPE Rch: 0.319
--------------------------------------------------
**************************************************
Z=8, N=14, emax=10
RMSE Eb: 0.914
RMSE Rch: 0.010
MAPE Eb: 0.459
MAPE Rch: 0.321
--------------------------------------------------
**************************************************
Z=8, N=15, emax=8
RMSE Eb: 1.718
RMSE Rch: 0.011
MAPE Eb: 1.067
MAPE Rch: 0.321
--------------------------------------------------
**************************************************
Z=8, N=15, emax=4
RMSE Eb: 1.367
RMSE Rch: 0.015
MAPE Eb: 1.412
MAPE Rch: 0.418
--------------------------------------------------
**************************************************
Z=8, N=15, emax=6
RMSE Eb: 1.361
RMSE Rch: 0.012
MAPE Eb: 0.962
MAPE Rch: 0.316
--------------------------------------------------
**************************************************
Z=8, N=15, emax=10
RMSE Eb: 1.437
RMSE Rch: 0.013
MAPE Eb: 0.810
MAPE Rch: 0.380
--------------------------------------------------
**************************************************
Z=8, N=16, emax=8
RMSE Eb: 1.802
RMSE Rch: 0.017
MAPE Eb: 1.008
MAPE Rch: 0.473
--------------------------------------------------
**************************************************
Z=8, N=16, emax=6
RMSE Eb: 1.534
RMSE Rch: 0.012
MAPE Eb: 1.019
MAPE Rch: 0.313
--------------------------------------------------
**************************************************
Z=8, N=16, emax=10
RMSE Eb: 1.595
RMSE Rch: 0.015
MAPE Eb: 0.927
MAPE Rch: 0.436
--------------------------------------------------
**************************************************
Z=8, N=16, emax=4
RMSE Eb: 1.468
RMSE Rch: 0.017
MAPE Eb: 1.521
MAPE Rch: 0.483
--------------------------------------------------
Finished VAL for AE n=444
**************************************************
Z=8, N=4, emax=6
RMSE Eb: 1.395
RMSE Rch: 0.015
MAPE Eb: 2.643
MAPE Rch: 0.734
--------------------------------------------------
**************************************************
Z=8, N=4, emax=8
RMSE Eb: 1.866
RMSE Rch: 0.020
MAPE Eb: 3.213
MAPE Rch: 0.943
--------------------------------------------------
**************************************************
Z=8, N=4, emax=4
RMSE Eb: 1.114
RMSE Rch: 0.013
MAPE Eb: 3.094
MAPE Rch: 0.559
--------------------------------------------------
**************************************************
Z=8, N=4, emax=10
RMSE Eb: 1.788
RMSE Rch: 0.037
MAPE Eb: 2.631
MAPE Rch: 1.859
--------------------------------------------------
**************************************************
Z=8, N=5, emax=4
RMSE Eb: 1.169
RMSE Rch: 0.012
MAPE Eb: 2.403
MAPE Rch: 0.553
--------------------------------------------------
**************************************************
Z=8, N=5, emax=8
RMSE Eb: 1.538
RMSE Rch: 0.018
MAPE Eb: 2.013
MAPE Rch: 0.908
--------------------------------------------------
**************************************************
Z=8, N=5, emax=6
RMSE Eb: 1.592
RMSE Rch: 0.016
MAPE Eb: 2.224
MAPE Rch: 0.739
--------------------------------------------------
**************************************************
Z=8, N=5, emax=10
RMSE Eb: 2.094
RMSE Rch: 0.018
MAPE Eb: 2.385
MAPE Rch: 0.920
--------------------------------------------------
**************************************************
Z=8, N=6, emax=4
RMSE Eb: 1.289
RMSE Rch: 0.014
MAPE Eb: 1.809
MAPE Rch: 0.678
--------------------------------------------------
**************************************************
Z=8, N=6, emax=8
RMSE Eb: 1.876
RMSE Rch: 0.018
MAPE Eb: 1.809
MAPE Rch: 0.905
--------------------------------------------------
**************************************************
Z=8, N=6, emax=6
RMSE Eb: 1.544
RMSE Rch: 0.015
MAPE Eb: 1.647
MAPE Rch: 0.690
--------------------------------------------------
**************************************************
Z=8, N=6, emax=10
RMSE Eb: 1.683
RMSE Rch: 0.026
MAPE Eb: 1.495
MAPE Rch: 1.503
--------------------------------------------------
**************************************************
Z=8, N=7, emax=4
RMSE Eb: 1.219
RMSE Rch: 0.014
MAPE Eb: 1.401
MAPE Rch: 0.683
--------------------------------------------------
**************************************************
Z=8, N=7, emax=8
RMSE Eb: 1.940
RMSE Rch: 0.018
MAPE Eb: 1.625
MAPE Rch: 0.959
--------------------------------------------------
**************************************************
Z=8, N=7, emax=6
RMSE Eb: 1.923
RMSE Rch: 0.015
MAPE Eb: 1.864
MAPE Rch: 0.769
--------------------------------------------------
**************************************************
Z=8, N=7, emax=10
RMSE Eb: 1.310
RMSE Rch: 0.027
MAPE Eb: 1.150
MAPE Rch: 1.465
--------------------------------------------------
**************************************************
Z=8, N=8, emax=4
RMSE Eb: 1.161
RMSE Rch: 0.013
MAPE Eb: 1.152
MAPE Rch: 0.356
--------------------------------------------------
**************************************************
Z=8, N=8, emax=6
RMSE Eb: 1.495
RMSE Rch: 0.017
MAPE Eb: 1.279
MAPE Rch: 0.476
--------------------------------------------------
**************************************************
Z=8, N=8, emax=8
RMSE Eb: 1.899
RMSE Rch: 0.019
MAPE Eb: 1.472
MAPE Rch: 0.557
--------------------------------------------------
**************************************************
Z=8, N=8, emax=10
RMSE Eb: 1.333
RMSE Rch: 0.021
MAPE Eb: 0.943
MAPE Rch: 0.567
--------------------------------------------------
**************************************************
Z=8, N=9, emax=4
RMSE Eb: 1.112
RMSE Rch: 0.012
MAPE Eb: 1.199
MAPE Rch: 0.332
--------------------------------------------------
**************************************************
Z=8, N=9, emax=8
RMSE Eb: 2.173
RMSE Rch: 0.017
MAPE Eb: 1.568
MAPE Rch: 0.465
--------------------------------------------------
**************************************************
Z=8, N=9, emax=6
RMSE Eb: 1.222
RMSE Rch: 0.011
MAPE Eb: 1.028
MAPE Rch: 0.320
--------------------------------------------------
**************************************************
Z=8, N=9, emax=10
RMSE Eb: 1.310
RMSE Rch: 0.024
MAPE Eb: 0.971
MAPE Rch: 0.772
--------------------------------------------------
**************************************************
Z=8, N=10, emax=4
RMSE Eb: 1.157
RMSE Rch: 0.012
MAPE Eb: 1.193
MAPE Rch: 0.343
--------------------------------------------------
**************************************************
Z=8, N=10, emax=6
RMSE Eb: 1.262
RMSE Rch: 0.013
MAPE Eb: 0.981
MAPE Rch: 0.378
--------------------------------------------------
**************************************************
Z=8, N=10, emax=8
RMSE Eb: 1.663
RMSE Rch: 0.015
MAPE Eb: 1.170
MAPE Rch: 0.435
--------------------------------------------------
**************************************************
Z=8, N=10, emax=10
RMSE Eb: 1.471
RMSE Rch: 0.013
MAPE Eb: 0.933
MAPE Rch: 0.383
--------------------------------------------------
**************************************************
Z=8, N=11, emax=8
RMSE Eb: 1.462
RMSE Rch: 0.013
MAPE Eb: 0.972
MAPE Rch: 0.379
--------------------------------------------------
**************************************************
Z=8, N=11, emax=4
RMSE Eb: 1.159
RMSE Rch: 0.014
MAPE Eb: 1.261
MAPE Rch: 0.399
--------------------------------------------------
**************************************************
Z=8, N=11, emax=6
RMSE Eb: 1.127
RMSE Rch: 0.010
MAPE Eb: 0.902
MAPE Rch: 0.285
--------------------------------------------------
**************************************************
Z=8, N=11, emax=10
RMSE Eb: 1.359
RMSE Rch: 0.012
MAPE Eb: 0.934
MAPE Rch: 0.312
--------------------------------------------------
**************************************************
Z=8, N=12, emax=6
RMSE Eb: 1.255
RMSE Rch: 0.012
MAPE Eb: 0.936
MAPE Rch: 0.358
--------------------------------------------------
**************************************************
Z=8, N=12, emax=8
RMSE Eb: 1.596
RMSE Rch: 0.013
MAPE Eb: 0.987
MAPE Rch: 0.371
--------------------------------------------------
**************************************************
Z=8, N=12, emax=4
RMSE Eb: 1.125
RMSE Rch: 0.013
MAPE Eb: 1.115
MAPE Rch: 0.368
--------------------------------------------------
**************************************************
Z=8, N=12, emax=10
RMSE Eb: 1.564
RMSE Rch: 0.009
MAPE Eb: 0.976
MAPE Rch: 0.292
--------------------------------------------------
**************************************************
Z=8, N=13, emax=8
RMSE Eb: 1.668
RMSE Rch: 0.015
MAPE Eb: 1.085
MAPE Rch: 0.422
--------------------------------------------------
**************************************************
Z=8, N=13, emax=4
RMSE Eb: 1.209
RMSE Rch: 0.013
MAPE Eb: 1.278
MAPE Rch: 0.353
--------------------------------------------------
**************************************************
Z=8, N=13, emax=6
RMSE Eb: 1.031
RMSE Rch: 0.011
MAPE Eb: 0.802
MAPE Rch: 0.309
--------------------------------------------------
**************************************************
Z=8, N=13, emax=10
RMSE Eb: 0.661
RMSE Rch: 0.012
MAPE Eb: 0.441
MAPE Rch: 0.332
--------------------------------------------------
**************************************************
Z=8, N=14, emax=6
RMSE Eb: 1.164
RMSE Rch: 0.010
MAPE Eb: 0.848
MAPE Rch: 0.272
--------------------------------------------------
**************************************************
Z=8, N=14, emax=10
RMSE Eb: 0.761
RMSE Rch: 0.013
MAPE Eb: 0.448
MAPE Rch: 0.414
--------------------------------------------------
**************************************************
Z=8, N=14, emax=4
RMSE Eb: 1.396
RMSE Rch: 0.012
MAPE Eb: 1.516
MAPE Rch: 0.331
--------------------------------------------------
**************************************************
Z=8, N=14, emax=8
RMSE Eb: 2.050
RMSE Rch: 0.018
MAPE Eb: 1.323
MAPE Rch: 0.491
--------------------------------------------------
**************************************************
Z=8, N=15, emax=8
RMSE Eb: 1.659
RMSE Rch: 0.017
MAPE Eb: 1.062
MAPE Rch: 0.458
--------------------------------------------------
**************************************************
Z=8, N=15, emax=6
RMSE Eb: 1.450
RMSE Rch: 0.011
MAPE Eb: 1.049
MAPE Rch: 0.304
--------------------------------------------------
**************************************************
Z=8, N=15, emax=4
RMSE Eb: 1.444
RMSE Rch: 0.015
MAPE Eb: 1.509
MAPE Rch: 0.426
--------------------------------------------------
**************************************************
Z=8, N=15, emax=10
RMSE Eb: 1.050
RMSE Rch: 0.013
MAPE Eb: 0.637
MAPE Rch: 0.339
--------------------------------------------------
**************************************************
Z=8, N=16, emax=4
RMSE Eb: 1.668
RMSE Rch: 0.015
MAPE Eb: 1.705
MAPE Rch: 0.429
--------------------------------------------------
**************************************************
Z=8, N=16, emax=8
RMSE Eb: 1.804
RMSE Rch: 0.015
MAPE Eb: 1.068
MAPE Rch: 0.419
--------------------------------------------------
**************************************************
Z=8, N=16, emax=6
RMSE Eb: 1.486
RMSE Rch: 0.013
MAPE Eb: 1.081
MAPE Rch: 0.351
--------------------------------------------------
**************************************************
Z=8, N=16, emax=10
RMSE Eb: 1.478
RMSE Rch: 0.013
MAPE Eb: 1.014
MAPE Rch: 0.370
--------------------------------------------------
