Activated conda environment
[DataLoader] Found 13 files matching the pattern.
[DataLoader] Combined data shape: (17234, 35)
[Preprocess] Data split => train: (11029, 35), val: (2758, 35), test: (3447, 35)
[Preprocess] Processed fidelity 4 (index 0): 3758 samples.
[Preprocess] Processed fidelity 6 (index 1): 3346 samples.
[Preprocess] Processed fidelity 8 (index 2): 3194 samples.
[Preprocess] Processed fidelity 10 (index 3): 731 samples.
[Preprocess] Processed fidelity 4 (index 0): 949 samples.
[Preprocess] Processed fidelity 6 (index 1): 833 samples.
[Preprocess] Processed fidelity 8 (index 2): 801 samples.
[Preprocess] Processed fidelity 10 (index 3): 175 samples.
Fidelity levels: [4, 6, 8, 10]
[Trainer] Starting BNN training...
[Trainer] No improvement. Iteration 9400. Early stopping counter: 1, LR counter: 1
[Trainer] No improvement. Iteration 9600. Early stopping counter: 1, LR counter: 1
[Trainer] No improvement. Iteration 9700. Early stopping counter: 2, LR counter: 2
[Trainer] No improvement. Iteration 9800. Early stopping counter: 3, LR counter: 3
[Trainer] No improvement. Iteration 9900. Early stopping counter: 4, LR counter: 4
[Trainer] No improvement. Iteration 10000. Early stopping counter: 5, LR counter: 5
[Trainer] No improvement. Iteration 10100. Early stopping counter: 6, LR counter: 6
[Trainer] No improvement. Iteration 10200. Early stopping counter: 7, LR counter: 7
[Trainer] No improvement. Iteration 10300. Early stopping counter: 8, LR counter: 8
[Trainer] No improvement. Iteration 10400. Early stopping counter: 9, LR counter: 9
[Trainer] No improvement. Iteration 10500. Early stopping counter: 10, LR counter: 10
[Trainer] No improvement. Iteration 10600. Early stopping counter: 11, LR counter: 11
[Trainer] No improvement. Iteration 10700. Early stopping counter: 12, LR counter: 12
[Trainer] No improvement. Iteration 10800. Early stopping counter: 13, LR counter: 13
[Trainer] No improvement. Iteration 10900. Early stopping counter: 14, LR counter: 14
[Trainer] No improvement. Iteration 11000. Early stopping counter: 15, LR counter: 15
[Trainer] No improvement. Iteration 11100. Early stopping counter: 16, LR counter: 16
[Trainer] No improvement. Iteration 11200. Early stopping counter: 17, LR counter: 17
[Trainer] No improvement. Iteration 11300. Early stopping counter: 18, LR counter: 18
[Trainer] No improvement. Iteration 11400. Early stopping counter: 19, LR counter: 19
[Trainer] No improvement. Iteration 11500. Early stopping counter: 20, LR counter: 20
[Trainer] No improvement. Iteration 11600. Early stopping counter: 21, LR counter: 21
[Trainer] No improvement. Iteration 11700. Early stopping counter: 22, LR counter: 22
[Trainer] No improvement. Iteration 11800. Early stopping counter: 23, LR counter: 23
[Trainer] No improvement. Iteration 11900. Early stopping counter: 24, LR counter: 24
[Trainer] No improvement. Iteration 12000. Early stopping counter: 25, LR counter: 25
[Trainer] Learning rate reduced to: 0.000010
[Trainer] No improvement. Iteration 12100. Early stopping counter: 26, LR counter: 1
[Trainer] No improvement. Iteration 12200. Early stopping counter: 27, LR counter: 2
[Trainer] No improvement. Iteration 12300. Early stopping counter: 28, LR counter: 3
[Trainer] No improvement. Iteration 12400. Early stopping counter: 29, LR counter: 4
[Trainer] No improvement. Iteration 12500. Early stopping counter: 30, LR counter: 5
[Trainer] No improvement. Iteration 12600. Early stopping counter: 31, LR counter: 6
[Trainer] No improvement. Iteration 12700. Early stopping counter: 32, LR counter: 7
[Trainer] No improvement. Iteration 12800. Early stopping counter: 33, LR counter: 8
[Trainer] No improvement. Iteration 12900. Early stopping counter: 34, LR counter: 9
[Trainer] No improvement. Iteration 13000. Early stopping counter: 35, LR counter: 10
[Trainer] No improvement. Iteration 13100. Early stopping counter: 36, LR counter: 11
[Trainer] No improvement. Iteration 13200. Early stopping counter: 37, LR counter: 12
[Trainer] No improvement. Iteration 13300. Early stopping counter: 38, LR counter: 13
[Trainer] No improvement. Iteration 13400. Early stopping counter: 39, LR counter: 14
[Trainer] No improvement. Iteration 13500. Early stopping counter: 40, LR counter: 15
[Trainer] No improvement. Iteration 13600. Early stopping counter: 41, LR counter: 16
[Trainer] No improvement. Iteration 13700. Early stopping counter: 42, LR counter: 17
[Trainer] No improvement. Iteration 13800. Early stopping counter: 43, LR counter: 18
[Trainer] No improvement. Iteration 13900. Early stopping counter: 44, LR counter: 19
[Trainer] No improvement. Iteration 14000. Early stopping counter: 45, LR counter: 20
[Trainer] No improvement. Iteration 14100. Early stopping counter: 46, LR counter: 21
[Trainer] No improvement. Iteration 14200. Early stopping counter: 47, LR counter: 22
[Trainer] No improvement. Iteration 14300. Early stopping counter: 48, LR counter: 23
[Trainer] No improvement. Iteration 14400. Early stopping counter: 49, LR counter: 24
[Trainer] No improvement. Iteration 14500. Early stopping counter: 50, LR counter: 25
[Trainer] Learning rate reduced to: 0.000001
[Trainer] Early stopping triggered.
[Trainer] Training completed.
[Trainer] Calibrating temperatures on validation set...
[Trainer] Temperature calibration finished. Calibrated temperatures: {4: 0.9125862717628479, 6: 0.8099431395530701, 8: 0.870351254940033, 10: 0.9288464188575745}
[Trainer] BNN training completed.
**************************************************
Z=8, N=4, emax=4
RMSE Eb: 0.940
RMSE Rch: 0.013
MAPE Eb: 2.964
MAPE Rch: 0.554
--------------------------------------------------
**************************************************
Z=8, N=4, emax=10
RMSE Eb: 1.367
RMSE Rch: 0.039
MAPE Eb: 1.975
MAPE Rch: 1.869
--------------------------------------------------
**************************************************
Z=8, N=4, emax=6
RMSE Eb: 1.031
RMSE Rch: 0.016
MAPE Eb: 1.837
MAPE Rch: 0.830
--------------------------------------------------
**************************************************
Z=8, N=4, emax=8
RMSE Eb: 1.021
RMSE Rch: 0.021
MAPE Eb: 1.729
MAPE Rch: 0.823
--------------------------------------------------
**************************************************
Z=8, N=5, emax=8
RMSE Eb: 1.475
RMSE Rch: 0.012
MAPE Eb: 1.880
MAPE Rch: 0.583
--------------------------------------------------
**************************************************
Z=8, N=5, emax=6
RMSE Eb: 1.159
RMSE Rch: 0.011
MAPE Eb: 1.745
MAPE Rch: 0.542
--------------------------------------------------
**************************************************
Z=8, N=5, emax=4
RMSE Eb: 0.850
RMSE Rch: 0.012
MAPE Eb: 1.698
MAPE Rch: 0.541
--------------------------------------------------
**************************************************
Z=8, N=5, emax=10
RMSE Eb: 2.205
RMSE Rch: 0.030
MAPE Eb: 2.660
MAPE Rch: 1.346
--------------------------------------------------
**************************************************
Z=8, N=6, emax=4
RMSE Eb: 0.945
RMSE Rch: 0.011
MAPE Eb: 1.354
MAPE Rch: 0.528
--------------------------------------------------
**************************************************
Z=8, N=6, emax=6
RMSE Eb: 1.102
RMSE Rch: 0.013
MAPE Eb: 1.206
MAPE Rch: 0.640
--------------------------------------------------
**************************************************
Z=8, N=6, emax=8
RMSE Eb: 1.508
RMSE Rch: 0.021
MAPE Eb: 1.429
MAPE Rch: 1.029
--------------------------------------------------
**************************************************
Z=8, N=6, emax=10
RMSE Eb: 1.358
RMSE Rch: 0.021
MAPE Eb: 1.293
MAPE Rch: 1.112
--------------------------------------------------
**************************************************
Z=8, N=7, emax=8
RMSE Eb: 2.027
RMSE Rch: 0.020
MAPE Eb: 1.645
MAPE Rch: 1.031
--------------------------------------------------
**************************************************
Z=8, N=7, emax=10
RMSE Eb: 1.578
RMSE Rch: 0.023
MAPE Eb: 1.313
MAPE Rch: 1.357
--------------------------------------------------
**************************************************
Z=8, N=7, emax=6
RMSE Eb: 1.462
RMSE Rch: 0.017
MAPE Eb: 1.323
MAPE Rch: 0.837
--------------------------------------------------
**************************************************
Z=8, N=7, emax=4
RMSE Eb: 1.129
RMSE Rch: 0.017
MAPE Eb: 1.319
MAPE Rch: 0.865
--------------------------------------------------
**************************************************
Z=8, N=8, emax=4
RMSE Eb: 1.177
RMSE Rch: 0.016
MAPE Eb: 1.285
MAPE Rch: 0.402
--------------------------------------------------
**************************************************
Z=8, N=8, emax=8
RMSE Eb: 1.020
RMSE Rch: 0.018
MAPE Eb: 0.770
MAPE Rch: 0.529
--------------------------------------------------
**************************************************
Z=8, N=8, emax=6
RMSE Eb: 1.043
RMSE Rch: 0.014
MAPE Eb: 0.847
MAPE Rch: 0.385
--------------------------------------------------
**************************************************
Z=8, N=8, emax=10
RMSE Eb: 1.399
RMSE Rch: 0.028
MAPE Eb: 1.002
MAPE Rch: 0.820
--------------------------------------------------
**************************************************
Z=8, N=9, emax=8
RMSE Eb: 1.164
RMSE Rch: 0.021
MAPE Eb: 0.818
MAPE Rch: 0.663
--------------------------------------------------
**************************************************
Z=8, N=9, emax=6
RMSE Eb: 0.797
RMSE Rch: 0.012
MAPE Eb: 0.667
MAPE Rch: 0.340
--------------------------------------------------
**************************************************
Z=8, N=9, emax=4
RMSE Eb: 0.866
RMSE Rch: 0.013
MAPE Eb: 0.952
MAPE Rch: 0.392
--------------------------------------------------
**************************************************
Z=8, N=9, emax=10
RMSE Eb: 1.476
RMSE Rch: 0.032
MAPE Eb: 1.097
MAPE Rch: 1.120
--------------------------------------------------
**************************************************
Z=8, N=10, emax=4
RMSE Eb: 0.921
RMSE Rch: 0.020
MAPE Eb: 0.995
MAPE Rch: 0.639
--------------------------------------------------
**************************************************
Z=8, N=10, emax=10
RMSE Eb: 1.979
RMSE Rch: 0.025
MAPE Eb: 1.426
MAPE Rch: 0.782
--------------------------------------------------
**************************************************
Z=8, N=10, emax=6
RMSE Eb: 0.983
RMSE Rch: 0.012
MAPE Eb: 0.736
MAPE Rch: 0.350
--------------------------------------------------
**************************************************
Z=8, N=10, emax=8
RMSE Eb: 1.526
RMSE Rch: 0.024
MAPE Eb: 1.110
MAPE Rch: 0.792
--------------------------------------------------
**************************************************
Z=8, N=11, emax=4
RMSE Eb: 0.844
RMSE Rch: 0.016
MAPE Eb: 0.907
MAPE Rch: 0.475
--------------------------------------------------
**************************************************
Z=8, N=11, emax=6
RMSE Eb: 1.037
RMSE Rch: 0.012
MAPE Eb: 0.796
MAPE Rch: 0.353
--------------------------------------------------
**************************************************
Z=8, N=11, emax=8
RMSE Eb: 1.265
RMSE Rch: 0.022
MAPE Eb: 0.879
MAPE Rch: 0.716
--------------------------------------------------
**************************************************
Z=8, N=11, emax=10
RMSE Eb: 1.357
RMSE Rch: 0.020
MAPE Eb: 0.865
MAPE Rch: 0.715
--------------------------------------------------
**************************************************
Z=8, N=12, emax=6
RMSE Eb: 0.768
RMSE Rch: 0.011
MAPE Eb: 0.574
MAPE Rch: 0.315
--------------------------------------------------
**************************************************
Z=8, N=12, emax=4
RMSE Eb: 1.005
RMSE Rch: 0.014
MAPE Eb: 1.058
MAPE Rch: 0.419
--------------------------------------------------
**************************************************
Z=8, N=12, emax=8
RMSE Eb: 1.542
RMSE Rch: 0.018
MAPE Eb: 1.159
MAPE Rch: 0.589
--------------------------------------------------
**************************************************
Z=8, N=12, emax=10
RMSE Eb: 1.590
RMSE Rch: 0.014
MAPE Eb: 1.175
MAPE Rch: 0.408
--------------------------------------------------
**************************************************
Z=8, N=13, emax=8
RMSE Eb: 1.067
RMSE Rch: 0.016
MAPE Eb: 0.659
MAPE Rch: 0.487
--------------------------------------------------
**************************************************
Z=8, N=13, emax=4
RMSE Eb: 0.846
RMSE Rch: 0.016
MAPE Eb: 0.751
MAPE Rch: 0.488
--------------------------------------------------
**************************************************
Z=8, N=13, emax=10
RMSE Eb: 1.385
RMSE Rch: 0.018
MAPE Eb: 0.822
MAPE Rch: 0.591
--------------------------------------------------
**************************************************
Z=8, N=13, emax=6
RMSE Eb: 1.110
RMSE Rch: 0.014
MAPE Eb: 0.850
MAPE Rch: 0.375
--------------------------------------------------
**************************************************
Z=8, N=14, emax=8
RMSE Eb: 1.880
RMSE Rch: 0.024
MAPE Eb: 1.249
MAPE Rch: 0.731
--------------------------------------------------
**************************************************
Z=8, N=14, emax=4
RMSE Eb: 0.753
RMSE Rch: 0.016
MAPE Eb: 0.741
MAPE Rch: 0.449
--------------------------------------------------
**************************************************
Z=8, N=14, emax=6
RMSE Eb: 1.194
RMSE Rch: 0.015
MAPE Eb: 0.884
MAPE Rch: 0.405
--------------------------------------------------
**************************************************
Z=8, N=14, emax=10
RMSE Eb: 2.129
RMSE Rch: 0.027
MAPE Eb: 1.343
MAPE Rch: 0.825
--------------------------------------------------
**************************************************
Z=8, N=15, emax=8
RMSE Eb: 1.398
RMSE Rch: 0.019
MAPE Eb: 0.855
MAPE Rch: 0.578
--------------------------------------------------
**************************************************
Z=8, N=15, emax=4
RMSE Eb: 1.028
RMSE Rch: 0.016
MAPE Eb: 0.912
MAPE Rch: 0.453
--------------------------------------------------
**************************************************
Z=8, N=15, emax=6
RMSE Eb: 1.018
RMSE Rch: 0.015
MAPE Eb: 0.725
MAPE Rch: 0.427
--------------------------------------------------
**************************************************
Z=8, N=15, emax=10
RMSE Eb: 1.632
RMSE Rch: 0.022
MAPE Eb: 0.971
MAPE Rch: 0.693
--------------------------------------------------
**************************************************
Z=8, N=16, emax=8
RMSE Eb: 1.493
RMSE Rch: 0.020
MAPE Eb: 0.914
MAPE Rch: 0.634
--------------------------------------------------
**************************************************
Z=8, N=16, emax=6
RMSE Eb: 1.141
RMSE Rch: 0.019
MAPE Eb: 0.800
MAPE Rch: 0.598
--------------------------------------------------
**************************************************
Z=8, N=16, emax=10
RMSE Eb: 1.996
RMSE Rch: 0.028
MAPE Eb: 1.144
MAPE Rch: 0.883
--------------------------------------------------
**************************************************
Z=8, N=16, emax=4
RMSE Eb: 0.906
RMSE Rch: 0.017
MAPE Eb: 0.922
MAPE Rch: 0.435
--------------------------------------------------
Finished VAL for AE n=533
**************************************************
Z=8, N=4, emax=6
RMSE Eb: 0.993
RMSE Rch: 0.017
MAPE Eb: 1.843
MAPE Rch: 0.802
--------------------------------------------------
**************************************************
Z=8, N=4, emax=8
RMSE Eb: 1.179
RMSE Rch: 0.018
MAPE Eb: 1.787
MAPE Rch: 0.863
--------------------------------------------------
**************************************************
Z=8, N=4, emax=4
RMSE Eb: 0.836
RMSE Rch: 0.012
MAPE Eb: 2.395
MAPE Rch: 0.511
--------------------------------------------------
**************************************************
Z=8, N=4, emax=10
RMSE Eb: 1.447
RMSE Rch: 0.041
MAPE Eb: 1.933
MAPE Rch: 1.741
--------------------------------------------------
**************************************************
Z=8, N=5, emax=4
RMSE Eb: 0.927
RMSE Rch: 0.010
MAPE Eb: 1.898
MAPE Rch: 0.451
--------------------------------------------------
**************************************************
Z=8, N=5, emax=8
RMSE Eb: 1.447
RMSE Rch: 0.018
MAPE Eb: 1.948
MAPE Rch: 0.823
--------------------------------------------------
**************************************************
Z=8, N=5, emax=6
RMSE Eb: 0.930
RMSE Rch: 0.010
MAPE Eb: 1.342
MAPE Rch: 0.502
--------------------------------------------------
**************************************************
Z=8, N=5, emax=10
RMSE Eb: 1.442
RMSE Rch: 0.016
MAPE Eb: 1.572
MAPE Rch: 0.902
--------------------------------------------------
**************************************************
Z=8, N=6, emax=4
RMSE Eb: 0.833
RMSE Rch: 0.013
MAPE Eb: 1.199
MAPE Rch: 0.571
--------------------------------------------------
**************************************************
Z=8, N=6, emax=8
RMSE Eb: 1.711
RMSE Rch: 0.020
MAPE Eb: 1.704
MAPE Rch: 0.881
--------------------------------------------------
**************************************************
Z=8, N=6, emax=6
RMSE Eb: 1.050
RMSE Rch: 0.011
MAPE Eb: 1.150
MAPE Rch: 0.522
--------------------------------------------------
**************************************************
Z=8, N=6, emax=10
RMSE Eb: 1.126
RMSE Rch: 0.016
MAPE Eb: 1.095
MAPE Rch: 0.891
--------------------------------------------------
**************************************************
Z=8, N=7, emax=4
RMSE Eb: 1.111
RMSE Rch: 0.016
MAPE Eb: 1.299
MAPE Rch: 0.771
--------------------------------------------------
**************************************************
Z=8, N=7, emax=8
RMSE Eb: 2.042
RMSE Rch: 0.018
MAPE Eb: 1.646
MAPE Rch: 0.906
--------------------------------------------------
**************************************************
Z=8, N=7, emax=6
RMSE Eb: 1.452
RMSE Rch: 0.019
MAPE Eb: 1.343
MAPE Rch: 0.964
--------------------------------------------------
**************************************************
Z=8, N=7, emax=10
RMSE Eb: 1.306
RMSE Rch: 0.029
MAPE Eb: 1.034
MAPE Rch: 1.665
--------------------------------------------------
**************************************************
Z=8, N=8, emax=4
RMSE Eb: 0.982
RMSE Rch: 0.013
MAPE Eb: 1.009
MAPE Rch: 0.386
--------------------------------------------------
**************************************************
Z=8, N=8, emax=6
RMSE Eb: 0.891
RMSE Rch: 0.015
MAPE Eb: 0.687
MAPE Rch: 0.433
--------------------------------------------------
**************************************************
Z=8, N=8, emax=8
RMSE Eb: 1.164
RMSE Rch: 0.016
MAPE Eb: 0.917
MAPE Rch: 0.444
--------------------------------------------------
**************************************************
Z=8, N=8, emax=10
RMSE Eb: 1.096
RMSE Rch: 0.026
MAPE Eb: 0.887
MAPE Rch: 0.671
--------------------------------------------------
**************************************************
Z=8, N=9, emax=4
RMSE Eb: 0.914
RMSE Rch: 0.014
MAPE Eb: 0.947
MAPE Rch: 0.404
--------------------------------------------------
**************************************************
Z=8, N=9, emax=8
RMSE Eb: 1.024
RMSE Rch: 0.020
MAPE Eb: 0.779
MAPE Rch: 0.631
--------------------------------------------------
**************************************************
Z=8, N=9, emax=6
RMSE Eb: 0.812
RMSE Rch: 0.013
MAPE Eb: 0.689
MAPE Rch: 0.365
--------------------------------------------------
**************************************************
Z=8, N=9, emax=10
RMSE Eb: 1.098
RMSE Rch: 0.031
MAPE Eb: 0.787
MAPE Rch: 0.933
--------------------------------------------------
**************************************************
Z=8, N=10, emax=4
RMSE Eb: 0.897
RMSE Rch: 0.020
MAPE Eb: 0.920
MAPE Rch: 0.640
--------------------------------------------------
**************************************************
Z=8, N=10, emax=6
RMSE Eb: 0.845
RMSE Rch: 0.013
MAPE Eb: 0.667
MAPE Rch: 0.367
--------------------------------------------------
**************************************************
Z=8, N=10, emax=8
RMSE Eb: 1.529
RMSE Rch: 0.022
MAPE Eb: 1.176
MAPE Rch: 0.713
--------------------------------------------------
**************************************************
Z=8, N=10, emax=10
RMSE Eb: 1.397
RMSE Rch: 0.022
MAPE Eb: 0.933
MAPE Rch: 0.656
--------------------------------------------------
**************************************************
Z=8, N=11, emax=8
RMSE Eb: 1.229
RMSE Rch: 0.024
MAPE Eb: 0.854
MAPE Rch: 0.790
--------------------------------------------------
**************************************************
Z=8, N=11, emax=4
RMSE Eb: 0.912
RMSE Rch: 0.016
MAPE Eb: 0.949
MAPE Rch: 0.487
--------------------------------------------------
**************************************************
Z=8, N=11, emax=6
RMSE Eb: 0.904
RMSE Rch: 0.014
MAPE Eb: 0.742
MAPE Rch: 0.415
--------------------------------------------------
**************************************************
Z=8, N=11, emax=10
RMSE Eb: 1.381
RMSE Rch: 0.024
MAPE Eb: 0.892
MAPE Rch: 0.752
--------------------------------------------------
**************************************************
Z=8, N=12, emax=6
RMSE Eb: 0.950
RMSE Rch: 0.014
MAPE Eb: 0.716
MAPE Rch: 0.403
--------------------------------------------------
**************************************************
Z=8, N=12, emax=8
RMSE Eb: 1.570
RMSE Rch: 0.017
MAPE Eb: 1.045
MAPE Rch: 0.543
--------------------------------------------------
**************************************************
Z=8, N=12, emax=4
RMSE Eb: 1.091
RMSE Rch: 0.014
MAPE Eb: 1.079
MAPE Rch: 0.436
--------------------------------------------------
**************************************************
Z=8, N=12, emax=10
RMSE Eb: 1.743
RMSE Rch: 0.023
MAPE Eb: 1.191
MAPE Rch: 0.710
--------------------------------------------------
**************************************************
Z=8, N=13, emax=8
RMSE Eb: 1.111
RMSE Rch: 0.015
MAPE Eb: 0.699
MAPE Rch: 0.451
--------------------------------------------------
**************************************************
Z=8, N=13, emax=4
RMSE Eb: 0.733
RMSE Rch: 0.016
MAPE Eb: 0.711
MAPE Rch: 0.472
--------------------------------------------------
**************************************************
Z=8, N=13, emax=6
RMSE Eb: 0.950
RMSE Rch: 0.013
MAPE Eb: 0.734
MAPE Rch: 0.381
--------------------------------------------------
**************************************************
Z=8, N=13, emax=10
RMSE Eb: 1.196
RMSE Rch: 0.020
MAPE Eb: 0.823
MAPE Rch: 0.607
--------------------------------------------------
**************************************************
Z=8, N=14, emax=6
RMSE Eb: 1.208
RMSE Rch: 0.013
MAPE Eb: 0.853
MAPE Rch: 0.381
--------------------------------------------------
**************************************************
Z=8, N=14, emax=10
RMSE Eb: 1.456
RMSE Rch: 0.027
MAPE Eb: 0.942
MAPE Rch: 0.898
--------------------------------------------------
**************************************************
Z=8, N=14, emax=4
RMSE Eb: 0.865
RMSE Rch: 0.014
MAPE Eb: 0.902
MAPE Rch: 0.420
--------------------------------------------------
**************************************************
Z=8, N=14, emax=8
RMSE Eb: 1.706
RMSE Rch: 0.024
MAPE Eb: 1.157
MAPE Rch: 0.772
--------------------------------------------------
**************************************************
Z=8, N=15, emax=8
RMSE Eb: 1.343
RMSE Rch: 0.019
MAPE Eb: 0.808
MAPE Rch: 0.569
--------------------------------------------------
**************************************************
Z=8, N=15, emax=6
RMSE Eb: 0.948
RMSE Rch: 0.016
MAPE Eb: 0.697
MAPE Rch: 0.452
--------------------------------------------------
**************************************************
Z=8, N=15, emax=4
RMSE Eb: 0.754
RMSE Rch: 0.013
MAPE Eb: 0.751
MAPE Rch: 0.341
--------------------------------------------------
**************************************************
Z=8, N=15, emax=10
RMSE Eb: 1.643
RMSE Rch: 0.020
MAPE Eb: 1.066
MAPE Rch: 0.598
--------------------------------------------------
**************************************************
Z=8, N=16, emax=4
RMSE Eb: 0.844
RMSE Rch: 0.016
MAPE Eb: 0.808
MAPE Rch: 0.432
--------------------------------------------------
**************************************************
Z=8, N=16, emax=8
RMSE Eb: 1.565
RMSE Rch: 0.019
MAPE Eb: 0.949
MAPE Rch: 0.580
--------------------------------------------------
**************************************************
Z=8, N=16, emax=6
RMSE Eb: 1.402
RMSE Rch: 0.019
MAPE Eb: 1.019
MAPE Rch: 0.584
--------------------------------------------------
**************************************************
Z=8, N=16, emax=10
RMSE Eb: 2.525
RMSE Rch: 0.023
MAPE Eb: 1.678
MAPE Rch: 0.733
--------------------------------------------------
