Activated conda environment
[DataLoader] Found 13 files matching the pattern.
[DataLoader] Combined data shape: (17234, 35)
[Preprocess] Data split => train: (11029, 35), val: (2758, 35), test: (3447, 35)
[Preprocess] Processed fidelity 4 (index 0): 3758 samples.
[Preprocess] Processed fidelity 6 (index 1): 3346 samples.
[Preprocess] Processed fidelity 8 (index 2): 3194 samples.
[Preprocess] Processed fidelity 10 (index 3): 731 samples.
[Preprocess] Processed fidelity 4 (index 0): 949 samples.
[Preprocess] Processed fidelity 6 (index 1): 833 samples.
[Preprocess] Processed fidelity 8 (index 2): 801 samples.
[Preprocess] Processed fidelity 10 (index 3): 175 samples.
Fidelity levels: [4, 6, 8, 10]
[Trainer] Starting BNN training...
[Trainer] No improvement. Iteration 8000. Early stopping counter: 1, LR counter: 1
[Trainer] No improvement. Iteration 8100. Early stopping counter: 2, LR counter: 2
[Trainer] No improvement. Iteration 8200. Early stopping counter: 3, LR counter: 3
[Trainer] No improvement. Iteration 8400. Early stopping counter: 1, LR counter: 1
[Trainer] No improvement. Iteration 8600. Early stopping counter: 1, LR counter: 1
[Trainer] No improvement. Iteration 8700. Early stopping counter: 2, LR counter: 2
[Trainer] No improvement. Iteration 8800. Early stopping counter: 3, LR counter: 3
[Trainer] No improvement. Iteration 9000. Early stopping counter: 1, LR counter: 1
[Trainer] No improvement. Iteration 9100. Early stopping counter: 2, LR counter: 2
[Trainer] No improvement. Iteration 9200. Early stopping counter: 3, LR counter: 3
[Trainer] No improvement. Iteration 9300. Early stopping counter: 4, LR counter: 4
[Trainer] No improvement. Iteration 9400. Early stopping counter: 5, LR counter: 5
[Trainer] No improvement. Iteration 9500. Early stopping counter: 6, LR counter: 6
[Trainer] No improvement. Iteration 9600. Early stopping counter: 7, LR counter: 7
[Trainer] No improvement. Iteration 9700. Early stopping counter: 8, LR counter: 8
[Trainer] No improvement. Iteration 9800. Early stopping counter: 9, LR counter: 9
[Trainer] No improvement. Iteration 9900. Early stopping counter: 10, LR counter: 10
[Trainer] No improvement. Iteration 10000. Early stopping counter: 11, LR counter: 11
[Trainer] No improvement. Iteration 10100. Early stopping counter: 12, LR counter: 12
[Trainer] No improvement. Iteration 10200. Early stopping counter: 13, LR counter: 13
[Trainer] No improvement. Iteration 10300. Early stopping counter: 14, LR counter: 14
[Trainer] No improvement. Iteration 10400. Early stopping counter: 15, LR counter: 15
[Trainer] No improvement. Iteration 10500. Early stopping counter: 16, LR counter: 16
[Trainer] No improvement. Iteration 10600. Early stopping counter: 17, LR counter: 17
[Trainer] No improvement. Iteration 10800. Early stopping counter: 1, LR counter: 1
[Trainer] No improvement. Iteration 10900. Early stopping counter: 2, LR counter: 2
[Trainer] No improvement. Iteration 11000. Early stopping counter: 3, LR counter: 3
[Trainer] No improvement. Iteration 11300. Early stopping counter: 1, LR counter: 1
[Trainer] No improvement. Iteration 11400. Early stopping counter: 2, LR counter: 2
[Trainer] No improvement. Iteration 11500. Early stopping counter: 3, LR counter: 3
[Trainer] No improvement. Iteration 11800. Early stopping counter: 1, LR counter: 1
[Trainer] No improvement. Iteration 11900. Early stopping counter: 2, LR counter: 2
[Trainer] No improvement. Iteration 12000. Early stopping counter: 3, LR counter: 3
[Trainer] No improvement. Iteration 12400. Early stopping counter: 1, LR counter: 1
[Trainer] No improvement. Iteration 12500. Early stopping counter: 2, LR counter: 2
[Trainer] No improvement. Iteration 12600. Early stopping counter: 3, LR counter: 3
[Trainer] No improvement. Iteration 12700. Early stopping counter: 4, LR counter: 4
[Trainer] No improvement. Iteration 12800. Early stopping counter: 5, LR counter: 5
[Trainer] No improvement. Iteration 12900. Early stopping counter: 6, LR counter: 6
[Trainer] No improvement. Iteration 13000. Early stopping counter: 7, LR counter: 7
[Trainer] No improvement. Iteration 13200. Early stopping counter: 1, LR counter: 1
[Trainer] No improvement. Iteration 13300. Early stopping counter: 2, LR counter: 2
[Trainer] No improvement. Iteration 13400. Early stopping counter: 3, LR counter: 3
[Trainer] No improvement. Iteration 13500. Early stopping counter: 4, LR counter: 4
[Trainer] No improvement. Iteration 13600. Early stopping counter: 5, LR counter: 5
[Trainer] No improvement. Iteration 13700. Early stopping counter: 6, LR counter: 6
[Trainer] No improvement. Iteration 13800. Early stopping counter: 7, LR counter: 7
[Trainer] No improvement. Iteration 13900. Early stopping counter: 8, LR counter: 8
[Trainer] No improvement. Iteration 14000. Early stopping counter: 9, LR counter: 9
[Trainer] No improvement. Iteration 14100. Early stopping counter: 10, LR counter: 10
[Trainer] No improvement. Iteration 14200. Early stopping counter: 11, LR counter: 11
[Trainer] No improvement. Iteration 14300. Early stopping counter: 12, LR counter: 12
[Trainer] No improvement. Iteration 14400. Early stopping counter: 13, LR counter: 13
[Trainer] No improvement. Iteration 14500. Early stopping counter: 14, LR counter: 14
[Trainer] No improvement. Iteration 14600. Early stopping counter: 15, LR counter: 15
[Trainer] No improvement. Iteration 14700. Early stopping counter: 16, LR counter: 16
[Trainer] No improvement. Iteration 14800. Early stopping counter: 17, LR counter: 17
[Trainer] No improvement. Iteration 14900. Early stopping counter: 18, LR counter: 18
[Trainer] No improvement. Iteration 15000. Early stopping counter: 19, LR counter: 19
[Trainer] No improvement. Iteration 15100. Early stopping counter: 20, LR counter: 20
[Trainer] No improvement. Iteration 15200. Early stopping counter: 21, LR counter: 21
[Trainer] No improvement. Iteration 15300. Early stopping counter: 22, LR counter: 22
[Trainer] No improvement. Iteration 15400. Early stopping counter: 23, LR counter: 23
[Trainer] No improvement. Iteration 15500. Early stopping counter: 24, LR counter: 24
[Trainer] No improvement. Iteration 15600. Early stopping counter: 25, LR counter: 25
[Trainer] Learning rate reduced to: 0.000010
[Trainer] No improvement. Iteration 15700. Early stopping counter: 26, LR counter: 1
[Trainer] No improvement. Iteration 15800. Early stopping counter: 27, LR counter: 2
[Trainer] No improvement. Iteration 15900. Early stopping counter: 28, LR counter: 3
[Trainer] No improvement. Iteration 16000. Early stopping counter: 29, LR counter: 4
[Trainer] No improvement. Iteration 16100. Early stopping counter: 30, LR counter: 5
[Trainer] No improvement. Iteration 16200. Early stopping counter: 31, LR counter: 6
[Trainer] No improvement. Iteration 16300. Early stopping counter: 32, LR counter: 7
[Trainer] No improvement. Iteration 16400. Early stopping counter: 33, LR counter: 8
[Trainer] No improvement. Iteration 16500. Early stopping counter: 34, LR counter: 9
[Trainer] No improvement. Iteration 16600. Early stopping counter: 35, LR counter: 10
[Trainer] No improvement. Iteration 16700. Early stopping counter: 36, LR counter: 11
[Trainer] No improvement. Iteration 16800. Early stopping counter: 37, LR counter: 12
[Trainer] No improvement. Iteration 16900. Early stopping counter: 38, LR counter: 13
[Trainer] No improvement. Iteration 17000. Early stopping counter: 39, LR counter: 14
[Trainer] No improvement. Iteration 17100. Early stopping counter: 40, LR counter: 15
[Trainer] No improvement. Iteration 17200. Early stopping counter: 41, LR counter: 16
[Trainer] No improvement. Iteration 17300. Early stopping counter: 42, LR counter: 17
[Trainer] No improvement. Iteration 17400. Early stopping counter: 43, LR counter: 18
[Trainer] No improvement. Iteration 17500. Early stopping counter: 44, LR counter: 19
[Trainer] No improvement. Iteration 17600. Early stopping counter: 45, LR counter: 20
[Trainer] No improvement. Iteration 17700. Early stopping counter: 46, LR counter: 21
[Trainer] No improvement. Iteration 17800. Early stopping counter: 47, LR counter: 22
[Trainer] No improvement. Iteration 17900. Early stopping counter: 48, LR counter: 23
[Trainer] No improvement. Iteration 18000. Early stopping counter: 49, LR counter: 24
[Trainer] No improvement. Iteration 18100. Early stopping counter: 50, LR counter: 25
[Trainer] Learning rate reduced to: 0.000001
[Trainer] Early stopping triggered.
[Trainer] Training completed.
[Trainer] Calibrating temperatures on validation set...
[Trainer] Temperature calibration finished. Calibrated temperatures: {4: 1.4641973972320557, 6: 1.2123570442199707, 8: 1.3756128549575806, 10: 1.513683795928955}
[Trainer] BNN training completed.
**************************************************
Z=8, N=4, emax=4
RMSE Eb: 0.696
RMSE Rch: 0.011
MAPE Eb: 2.179
MAPE Rch: 0.517
--------------------------------------------------
**************************************************
Z=8, N=4, emax=10
RMSE Eb: 0.998
RMSE Rch: 0.045
MAPE Eb: 1.582
MAPE Rch: 2.233
--------------------------------------------------
**************************************************
Z=8, N=4, emax=6
RMSE Eb: 0.631
RMSE Rch: 0.011
MAPE Eb: 1.204
MAPE Rch: 0.556
--------------------------------------------------
**************************************************
Z=8, N=4, emax=8
RMSE Eb: 0.720
RMSE Rch: 0.020
MAPE Eb: 1.129
MAPE Rch: 0.901
--------------------------------------------------
**************************************************
Z=8, N=5, emax=8
RMSE Eb: 0.801
RMSE Rch: 0.013
MAPE Eb: 0.959
MAPE Rch: 0.627
--------------------------------------------------
**************************************************
Z=8, N=5, emax=6
RMSE Eb: 0.633
RMSE Rch: 0.008
MAPE Eb: 0.929
MAPE Rch: 0.412
--------------------------------------------------
**************************************************
Z=8, N=5, emax=4
RMSE Eb: 0.643
RMSE Rch: 0.006
MAPE Eb: 1.339
MAPE Rch: 0.296
--------------------------------------------------
**************************************************
Z=8, N=5, emax=10
RMSE Eb: 0.539
RMSE Rch: 0.015
MAPE Eb: 0.691
MAPE Rch: 0.701
--------------------------------------------------
**************************************************
Z=8, N=6, emax=4
RMSE Eb: 0.495
RMSE Rch: 0.007
MAPE Eb: 0.710
MAPE Rch: 0.340
--------------------------------------------------
**************************************************
Z=8, N=6, emax=6
RMSE Eb: 0.674
RMSE Rch: 0.009
MAPE Eb: 0.696
MAPE Rch: 0.454
--------------------------------------------------
**************************************************
Z=8, N=6, emax=8
RMSE Eb: 0.861
RMSE Rch: 0.013
MAPE Eb: 0.695
MAPE Rch: 0.623
--------------------------------------------------
**************************************************
Z=8, N=6, emax=10
RMSE Eb: 0.835
RMSE Rch: 0.011
MAPE Eb: 0.820
MAPE Rch: 0.527
--------------------------------------------------
**************************************************
Z=8, N=7, emax=8
RMSE Eb: 0.948
RMSE Rch: 0.012
MAPE Eb: 0.787
MAPE Rch: 0.646
--------------------------------------------------
**************************************************
Z=8, N=7, emax=10
RMSE Eb: 0.988
RMSE Rch: 0.013
MAPE Eb: 0.815
MAPE Rch: 0.745
--------------------------------------------------
**************************************************
Z=8, N=7, emax=6
RMSE Eb: 0.842
RMSE Rch: 0.012
MAPE Eb: 0.791
MAPE Rch: 0.583
--------------------------------------------------
**************************************************
Z=8, N=7, emax=4
RMSE Eb: 0.702
RMSE Rch: 0.007
MAPE Eb: 0.846
MAPE Rch: 0.374
--------------------------------------------------
**************************************************
Z=8, N=8, emax=4
RMSE Eb: 0.560
RMSE Rch: 0.009
MAPE Eb: 0.597
MAPE Rch: 0.269
--------------------------------------------------
**************************************************
Z=8, N=8, emax=8
RMSE Eb: 0.927
RMSE Rch: 0.005
MAPE Eb: 0.763
MAPE Rch: 0.154
--------------------------------------------------
**************************************************
Z=8, N=8, emax=6
RMSE Eb: 0.661
RMSE Rch: 0.007
MAPE Eb: 0.545
MAPE Rch: 0.180
--------------------------------------------------
**************************************************
Z=8, N=8, emax=10
RMSE Eb: 0.624
RMSE Rch: 0.007
MAPE Eb: 0.445
MAPE Rch: 0.198
--------------------------------------------------
**************************************************
Z=8, N=9, emax=8
RMSE Eb: 1.023
RMSE Rch: 0.010
MAPE Eb: 0.760
MAPE Rch: 0.304
--------------------------------------------------
**************************************************
Z=8, N=9, emax=6
RMSE Eb: 0.606
RMSE Rch: 0.009
MAPE Eb: 0.519
MAPE Rch: 0.270
--------------------------------------------------
**************************************************
Z=8, N=9, emax=4
RMSE Eb: 0.537
RMSE Rch: 0.006
MAPE Eb: 0.537
MAPE Rch: 0.175
--------------------------------------------------
**************************************************
Z=8, N=9, emax=10
RMSE Eb: 0.949
RMSE Rch: 0.009
MAPE Eb: 0.760
MAPE Rch: 0.307
--------------------------------------------------
**************************************************
Z=8, N=10, emax=4
RMSE Eb: 0.655
RMSE Rch: 0.007
MAPE Eb: 0.751
MAPE Rch: 0.195
--------------------------------------------------
**************************************************
Z=8, N=10, emax=10
RMSE Eb: 0.719
RMSE Rch: 0.011
MAPE Eb: 0.515
MAPE Rch: 0.342
--------------------------------------------------
**************************************************
Z=8, N=10, emax=6
RMSE Eb: 0.398
RMSE Rch: 0.009
MAPE Eb: 0.307
MAPE Rch: 0.268
--------------------------------------------------
**************************************************
Z=8, N=10, emax=8
RMSE Eb: 0.871
RMSE Rch: 0.011
MAPE Eb: 0.642
MAPE Rch: 0.351
--------------------------------------------------
**************************************************
Z=8, N=11, emax=4
RMSE Eb: 0.737
RMSE Rch: 0.005
MAPE Eb: 0.762
MAPE Rch: 0.152
--------------------------------------------------
**************************************************
Z=8, N=11, emax=6
RMSE Eb: 0.750
RMSE Rch: 0.007
MAPE Eb: 0.547
MAPE Rch: 0.211
--------------------------------------------------
**************************************************
Z=8, N=11, emax=8
RMSE Eb: 0.827
RMSE Rch: 0.009
MAPE Eb: 0.563
MAPE Rch: 0.259
--------------------------------------------------
**************************************************
Z=8, N=11, emax=10
RMSE Eb: 0.620
RMSE Rch: 0.009
MAPE Eb: 0.410
MAPE Rch: 0.234
--------------------------------------------------
**************************************************
Z=8, N=12, emax=6
RMSE Eb: 0.682
RMSE Rch: 0.006
MAPE Eb: 0.486
MAPE Rch: 0.165
--------------------------------------------------
**************************************************
Z=8, N=12, emax=4
RMSE Eb: 0.562
RMSE Rch: 0.006
MAPE Eb: 0.544
MAPE Rch: 0.153
--------------------------------------------------
**************************************************
Z=8, N=12, emax=8
RMSE Eb: 0.814
RMSE Rch: 0.008
MAPE Eb: 0.561
MAPE Rch: 0.214
--------------------------------------------------
**************************************************
Z=8, N=12, emax=10
RMSE Eb: 0.662
RMSE Rch: 0.008
MAPE Eb: 0.499
MAPE Rch: 0.235
--------------------------------------------------
**************************************************
Z=8, N=13, emax=8
RMSE Eb: 1.069
RMSE Rch: 0.007
MAPE Eb: 0.736
MAPE Rch: 0.190
--------------------------------------------------
**************************************************
Z=8, N=13, emax=4
RMSE Eb: 0.513
RMSE Rch: 0.006
MAPE Eb: 0.534
MAPE Rch: 0.168
--------------------------------------------------
**************************************************
Z=8, N=13, emax=10
RMSE Eb: 0.889
RMSE Rch: 0.006
MAPE Eb: 0.566
MAPE Rch: 0.167
--------------------------------------------------
**************************************************
Z=8, N=13, emax=6
RMSE Eb: 0.823
RMSE Rch: 0.005
MAPE Eb: 0.633
MAPE Rch: 0.144
--------------------------------------------------
**************************************************
Z=8, N=14, emax=8
RMSE Eb: 1.203
RMSE Rch: 0.013
MAPE Eb: 0.795
MAPE Rch: 0.367
--------------------------------------------------
**************************************************
Z=8, N=14, emax=4
RMSE Eb: 0.746
RMSE Rch: 0.008
MAPE Eb: 0.722
MAPE Rch: 0.215
--------------------------------------------------
**************************************************
Z=8, N=14, emax=6
RMSE Eb: 0.771
RMSE Rch: 0.007
MAPE Eb: 0.579
MAPE Rch: 0.192
--------------------------------------------------
**************************************************
Z=8, N=14, emax=10
RMSE Eb: 0.890
RMSE Rch: 0.012
MAPE Eb: 0.575
MAPE Rch: 0.335
--------------------------------------------------
**************************************************
Z=8, N=15, emax=8
RMSE Eb: 1.145
RMSE Rch: 0.009
MAPE Eb: 0.690
MAPE Rch: 0.283
--------------------------------------------------
**************************************************
Z=8, N=15, emax=4
RMSE Eb: 0.642
RMSE Rch: 0.006
MAPE Eb: 0.601
MAPE Rch: 0.163
--------------------------------------------------
**************************************************
Z=8, N=15, emax=6
RMSE Eb: 1.043
RMSE Rch: 0.006
MAPE Eb: 0.807
MAPE Rch: 0.177
--------------------------------------------------
**************************************************
Z=8, N=15, emax=10
RMSE Eb: 0.984
RMSE Rch: 0.006
MAPE Eb: 0.545
MAPE Rch: 0.192
--------------------------------------------------
**************************************************
Z=8, N=16, emax=8
RMSE Eb: 1.031
RMSE Rch: 0.009
MAPE Eb: 0.640
MAPE Rch: 0.249
--------------------------------------------------
**************************************************
Z=8, N=16, emax=6
RMSE Eb: 0.937
RMSE Rch: 0.006
MAPE Eb: 0.690
MAPE Rch: 0.169
--------------------------------------------------
**************************************************
Z=8, N=16, emax=10
RMSE Eb: 1.277
RMSE Rch: 0.005
MAPE Eb: 0.763
MAPE Rch: 0.143
--------------------------------------------------
**************************************************
Z=8, N=16, emax=4
RMSE Eb: 0.739
RMSE Rch: 0.007
MAPE Eb: 0.673
MAPE Rch: 0.185
--------------------------------------------------
Finished VAL for AE n=213
**************************************************
Z=8, N=4, emax=6
RMSE Eb: 0.613
RMSE Rch: 0.013
MAPE Eb: 1.160
MAPE Rch: 0.594
--------------------------------------------------
**************************************************
Z=8, N=4, emax=8
RMSE Eb: 0.654
RMSE Rch: 0.019
MAPE Eb: 1.024
MAPE Rch: 0.850
--------------------------------------------------
**************************************************
Z=8, N=4, emax=4
RMSE Eb: 0.626
RMSE Rch: 0.010
MAPE Eb: 1.874
MAPE Rch: 0.439
--------------------------------------------------
**************************************************
Z=8, N=4, emax=10
RMSE Eb: 0.976
RMSE Rch: 0.025
MAPE Eb: 1.483
MAPE Rch: 1.315
--------------------------------------------------
**************************************************
Z=8, N=5, emax=4
RMSE Eb: 0.623
RMSE Rch: 0.006
MAPE Eb: 1.291
MAPE Rch: 0.266
--------------------------------------------------
**************************************************
Z=8, N=5, emax=8
RMSE Eb: 0.755
RMSE Rch: 0.013
MAPE Eb: 0.908
MAPE Rch: 0.607
--------------------------------------------------
**************************************************
Z=8, N=5, emax=6
RMSE Eb: 0.548
RMSE Rch: 0.012
MAPE Eb: 0.785
MAPE Rch: 0.538
--------------------------------------------------
**************************************************
Z=8, N=5, emax=10
RMSE Eb: 0.917
RMSE Rch: 0.020
MAPE Eb: 1.064
MAPE Rch: 1.152
--------------------------------------------------
**************************************************
Z=8, N=6, emax=4
RMSE Eb: 0.487
RMSE Rch: 0.009
MAPE Eb: 0.663
MAPE Rch: 0.409
--------------------------------------------------
**************************************************
Z=8, N=6, emax=8
RMSE Eb: 0.761
RMSE Rch: 0.016
MAPE Eb: 0.637
MAPE Rch: 0.711
--------------------------------------------------
**************************************************
Z=8, N=6, emax=6
RMSE Eb: 0.602
RMSE Rch: 0.010
MAPE Eb: 0.655
MAPE Rch: 0.441
--------------------------------------------------
**************************************************
Z=8, N=6, emax=10
RMSE Eb: 0.770
RMSE Rch: 0.010
MAPE Eb: 0.805
MAPE Rch: 0.546
--------------------------------------------------
**************************************************
Z=8, N=7, emax=4
RMSE Eb: 0.608
RMSE Rch: 0.006
MAPE Eb: 0.731
MAPE Rch: 0.310
--------------------------------------------------
**************************************************
Z=8, N=7, emax=8
RMSE Eb: 1.019
RMSE Rch: 0.011
MAPE Eb: 0.820
MAPE Rch: 0.570
--------------------------------------------------
**************************************************
Z=8, N=7, emax=6
RMSE Eb: 0.834
RMSE Rch: 0.011
MAPE Eb: 0.751
MAPE Rch: 0.522
--------------------------------------------------
**************************************************
Z=8, N=7, emax=10
RMSE Eb: 1.067
RMSE Rch: 0.010
MAPE Eb: 0.934
MAPE Rch: 0.538
--------------------------------------------------
**************************************************
Z=8, N=8, emax=4
RMSE Eb: 0.662
RMSE Rch: 0.009
MAPE Eb: 0.651
MAPE Rch: 0.251
--------------------------------------------------
**************************************************
Z=8, N=8, emax=6
RMSE Eb: 0.675
RMSE Rch: 0.006
MAPE Eb: 0.555
MAPE Rch: 0.184
--------------------------------------------------
**************************************************
Z=8, N=8, emax=8
RMSE Eb: 0.890
RMSE Rch: 0.006
MAPE Eb: 0.727
MAPE Rch: 0.170
--------------------------------------------------
**************************************************
Z=8, N=8, emax=10
RMSE Eb: 0.813
RMSE Rch: 0.005
MAPE Eb: 0.576
MAPE Rch: 0.175
--------------------------------------------------
**************************************************
Z=8, N=9, emax=4
RMSE Eb: 0.558
RMSE Rch: 0.006
MAPE Eb: 0.589
MAPE Rch: 0.176
--------------------------------------------------
**************************************************
Z=8, N=9, emax=8
RMSE Eb: 0.822
RMSE Rch: 0.010
MAPE Eb: 0.656
MAPE Rch: 0.300
--------------------------------------------------
**************************************************
Z=8, N=9, emax=6
RMSE Eb: 0.556
RMSE Rch: 0.009
MAPE Eb: 0.460
MAPE Rch: 0.299
--------------------------------------------------
**************************************************
Z=8, N=9, emax=10
RMSE Eb: 0.514
RMSE Rch: 0.007
MAPE Eb: 0.319
MAPE Rch: 0.255
--------------------------------------------------
**************************************************
Z=8, N=10, emax=4
RMSE Eb: 0.762
RMSE Rch: 0.008
MAPE Eb: 0.728
MAPE Rch: 0.222
--------------------------------------------------
**************************************************
Z=8, N=10, emax=6
RMSE Eb: 0.486
RMSE Rch: 0.010
MAPE Eb: 0.391
MAPE Rch: 0.295
--------------------------------------------------
**************************************************
Z=8, N=10, emax=8
RMSE Eb: 0.879
RMSE Rch: 0.011
MAPE Eb: 0.651
MAPE Rch: 0.358
--------------------------------------------------
**************************************************
Z=8, N=10, emax=10
RMSE Eb: 0.401
RMSE Rch: 0.007
MAPE Eb: 0.261
MAPE Rch: 0.231
--------------------------------------------------
**************************************************
Z=8, N=11, emax=8
RMSE Eb: 0.864
RMSE Rch: 0.009
MAPE Eb: 0.588
MAPE Rch: 0.282
--------------------------------------------------
**************************************************
Z=8, N=11, emax=4
RMSE Eb: 0.620
RMSE Rch: 0.005
MAPE Eb: 0.645
MAPE Rch: 0.142
--------------------------------------------------
**************************************************
Z=8, N=11, emax=6
RMSE Eb: 0.642
RMSE Rch: 0.007
MAPE Eb: 0.509
MAPE Rch: 0.201
--------------------------------------------------
**************************************************
Z=8, N=11, emax=10
RMSE Eb: 0.946
RMSE Rch: 0.009
MAPE Eb: 0.619
MAPE Rch: 0.274
--------------------------------------------------
**************************************************
Z=8, N=12, emax=6
RMSE Eb: 0.648
RMSE Rch: 0.006
MAPE Eb: 0.516
MAPE Rch: 0.179
--------------------------------------------------
**************************************************
Z=8, N=12, emax=8
RMSE Eb: 0.877
RMSE Rch: 0.007
MAPE Eb: 0.572
MAPE Rch: 0.187
--------------------------------------------------
**************************************************
Z=8, N=12, emax=4
RMSE Eb: 0.588
RMSE Rch: 0.006
MAPE Eb: 0.600
MAPE Rch: 0.153
--------------------------------------------------
**************************************************
Z=8, N=12, emax=10
RMSE Eb: 0.828
RMSE Rch: 0.007
MAPE Eb: 0.584
MAPE Rch: 0.183
--------------------------------------------------
**************************************************
Z=8, N=13, emax=8
RMSE Eb: 1.030
RMSE Rch: 0.006
MAPE Eb: 0.715
MAPE Rch: 0.168
--------------------------------------------------
**************************************************
Z=8, N=13, emax=4
RMSE Eb: 0.579
RMSE Rch: 0.006
MAPE Eb: 0.602
MAPE Rch: 0.186
--------------------------------------------------
**************************************************
Z=8, N=13, emax=6
RMSE Eb: 0.755
RMSE Rch: 0.005
MAPE Eb: 0.587
MAPE Rch: 0.142
--------------------------------------------------
**************************************************
Z=8, N=13, emax=10
RMSE Eb: 1.153
RMSE Rch: 0.006
MAPE Eb: 0.735
MAPE Rch: 0.158
--------------------------------------------------
**************************************************
Z=8, N=14, emax=6
RMSE Eb: 0.811
RMSE Rch: 0.008
MAPE Eb: 0.607
MAPE Rch: 0.225
--------------------------------------------------
**************************************************
Z=8, N=14, emax=10
RMSE Eb: 1.183
RMSE Rch: 0.012
MAPE Eb: 0.591
MAPE Rch: 0.380
--------------------------------------------------
**************************************************
Z=8, N=14, emax=4
RMSE Eb: 0.692
RMSE Rch: 0.007
MAPE Eb: 0.707
MAPE Rch: 0.195
--------------------------------------------------
**************************************************
Z=8, N=14, emax=8
RMSE Eb: 1.115
RMSE Rch: 0.011
MAPE Eb: 0.719
MAPE Rch: 0.332
--------------------------------------------------
**************************************************
Z=8, N=15, emax=8
RMSE Eb: 0.983
RMSE Rch: 0.008
MAPE Eb: 0.642
MAPE Rch: 0.248
--------------------------------------------------
**************************************************
Z=8, N=15, emax=6
RMSE Eb: 0.920
RMSE Rch: 0.007
MAPE Eb: 0.709
MAPE Rch: 0.178
--------------------------------------------------
**************************************************
Z=8, N=15, emax=4
RMSE Eb: 0.669
RMSE Rch: 0.005
MAPE Eb: 0.663
MAPE Rch: 0.147
--------------------------------------------------
**************************************************
Z=8, N=15, emax=10
RMSE Eb: 0.852
RMSE Rch: 0.006
MAPE Eb: 0.479
MAPE Rch: 0.173
--------------------------------------------------
**************************************************
Z=8, N=16, emax=4
RMSE Eb: 0.769
RMSE Rch: 0.006
MAPE Eb: 0.795
MAPE Rch: 0.163
--------------------------------------------------
**************************************************
Z=8, N=16, emax=8
RMSE Eb: 1.016
RMSE Rch: 0.008
MAPE Eb: 0.630
MAPE Rch: 0.218
--------------------------------------------------
**************************************************
Z=8, N=16, emax=6
RMSE Eb: 0.977
RMSE Rch: 0.007
MAPE Eb: 0.713
MAPE Rch: 0.201
--------------------------------------------------
**************************************************
Z=8, N=16, emax=10
RMSE Eb: 0.850
RMSE Rch: 0.012
MAPE Eb: 0.494
MAPE Rch: 0.311
--------------------------------------------------
