Activated conda environment
[DataLoader] Found 13 files matching the pattern.
[DataLoader] Combined data shape: (17234, 35)
[Preprocess] Data split => train: (11029, 35), val: (2758, 35), test: (3447, 35)
[Preprocess] Processed fidelity 4 (index 0): 3758 samples.
[Preprocess] Processed fidelity 6 (index 1): 3346 samples.
[Preprocess] Processed fidelity 8 (index 2): 3194 samples.
[Preprocess] Processed fidelity 10 (index 3): 731 samples.
[Preprocess] Processed fidelity 4 (index 0): 949 samples.
[Preprocess] Processed fidelity 6 (index 1): 833 samples.
[Preprocess] Processed fidelity 8 (index 2): 801 samples.
[Preprocess] Processed fidelity 10 (index 3): 175 samples.
Fidelity levels: [4, 6, 8, 10]
[Trainer] Starting BNN training...
[Trainer] No improvement. Iteration 9400. Early stopping counter: 1, LR counter: 1
[Trainer] No improvement. Iteration 9800. Early stopping counter: 1, LR counter: 1
[Trainer] No improvement. Iteration 10100. Early stopping counter: 1, LR counter: 1
[Trainer] No improvement. Iteration 10200. Early stopping counter: 2, LR counter: 2
[Trainer] No improvement. Iteration 10300. Early stopping counter: 3, LR counter: 3
[Trainer] No improvement. Iteration 10400. Early stopping counter: 4, LR counter: 4
[Trainer] No improvement. Iteration 10500. Early stopping counter: 5, LR counter: 5
[Trainer] No improvement. Iteration 11000. Early stopping counter: 1, LR counter: 1
[Trainer] No improvement. Iteration 11100. Early stopping counter: 2, LR counter: 2
[Trainer] No improvement. Iteration 11600. Early stopping counter: 1, LR counter: 1
[Trainer] No improvement. Iteration 11700. Early stopping counter: 2, LR counter: 2
[Trainer] No improvement. Iteration 11800. Early stopping counter: 3, LR counter: 3
[Trainer] No improvement. Iteration 11900. Early stopping counter: 4, LR counter: 4
[Trainer] No improvement. Iteration 12000. Early stopping counter: 5, LR counter: 5
[Trainer] No improvement. Iteration 12100. Early stopping counter: 6, LR counter: 6
[Trainer] No improvement. Iteration 12300. Early stopping counter: 1, LR counter: 1
[Trainer] No improvement. Iteration 12400. Early stopping counter: 2, LR counter: 2
[Trainer] No improvement. Iteration 12900. Early stopping counter: 1, LR counter: 1
[Trainer] No improvement. Iteration 13100. Early stopping counter: 1, LR counter: 1
[Trainer] No improvement. Iteration 13200. Early stopping counter: 2, LR counter: 2
[Trainer] No improvement. Iteration 13300. Early stopping counter: 3, LR counter: 3
[Trainer] No improvement. Iteration 13400. Early stopping counter: 4, LR counter: 4
[Trainer] No improvement. Iteration 13800. Early stopping counter: 1, LR counter: 1
[Trainer] No improvement. Iteration 13900. Early stopping counter: 2, LR counter: 2
[Trainer] No improvement. Iteration 14000. Early stopping counter: 3, LR counter: 3
[Trainer] No improvement. Iteration 14100. Early stopping counter: 4, LR counter: 4
[Trainer] No improvement. Iteration 14200. Early stopping counter: 5, LR counter: 5
[Trainer] No improvement. Iteration 14300. Early stopping counter: 6, LR counter: 6
[Trainer] No improvement. Iteration 14400. Early stopping counter: 7, LR counter: 7
[Trainer] No improvement. Iteration 14500. Early stopping counter: 8, LR counter: 8
[Trainer] No improvement. Iteration 14600. Early stopping counter: 9, LR counter: 9
[Trainer] No improvement. Iteration 14700. Early stopping counter: 10, LR counter: 10
[Trainer] No improvement. Iteration 14800. Early stopping counter: 11, LR counter: 11
[Trainer] No improvement. Iteration 14900. Early stopping counter: 12, LR counter: 12
[Trainer] No improvement. Iteration 15000. Early stopping counter: 13, LR counter: 13
[Trainer] No improvement. Iteration 15100. Early stopping counter: 14, LR counter: 14
[Trainer] No improvement. Iteration 15200. Early stopping counter: 15, LR counter: 15
[Trainer] No improvement. Iteration 15300. Early stopping counter: 16, LR counter: 16
[Trainer] No improvement. Iteration 15400. Early stopping counter: 17, LR counter: 17
[Trainer] No improvement. Iteration 15500. Early stopping counter: 18, LR counter: 18
[Trainer] No improvement. Iteration 15600. Early stopping counter: 19, LR counter: 19
[Trainer] No improvement. Iteration 15700. Early stopping counter: 20, LR counter: 20
[Trainer] No improvement. Iteration 15800. Early stopping counter: 21, LR counter: 21
[Trainer] No improvement. Iteration 15900. Early stopping counter: 22, LR counter: 22
[Trainer] No improvement. Iteration 16000. Early stopping counter: 23, LR counter: 23
[Trainer] No improvement. Iteration 16100. Early stopping counter: 24, LR counter: 24
[Trainer] No improvement. Iteration 16200. Early stopping counter: 25, LR counter: 25
[Trainer] Learning rate reduced to: 0.000010
[Trainer] No improvement. Iteration 16300. Early stopping counter: 26, LR counter: 1
[Trainer] No improvement. Iteration 16400. Early stopping counter: 27, LR counter: 2
[Trainer] No improvement. Iteration 16500. Early stopping counter: 28, LR counter: 3
[Trainer] No improvement. Iteration 16600. Early stopping counter: 29, LR counter: 4
[Trainer] No improvement. Iteration 16700. Early stopping counter: 30, LR counter: 5
[Trainer] No improvement. Iteration 16800. Early stopping counter: 31, LR counter: 6
[Trainer] No improvement. Iteration 16900. Early stopping counter: 32, LR counter: 7
[Trainer] No improvement. Iteration 17100. Early stopping counter: 1, LR counter: 1
[Trainer] No improvement. Iteration 17200. Early stopping counter: 2, LR counter: 2
[Trainer] No improvement. Iteration 17500. Early stopping counter: 1, LR counter: 1
[Trainer] No improvement. Iteration 17600. Early stopping counter: 2, LR counter: 2
[Trainer] No improvement. Iteration 17700. Early stopping counter: 3, LR counter: 3
[Trainer] No improvement. Iteration 17800. Early stopping counter: 4, LR counter: 4
[Trainer] No improvement. Iteration 17900. Early stopping counter: 5, LR counter: 5
[Trainer] No improvement. Iteration 18000. Early stopping counter: 6, LR counter: 6
[Trainer] No improvement. Iteration 18100. Early stopping counter: 7, LR counter: 7
[Trainer] No improvement. Iteration 18200. Early stopping counter: 8, LR counter: 8
[Trainer] No improvement. Iteration 18300. Early stopping counter: 9, LR counter: 9
[Trainer] No improvement. Iteration 18400. Early stopping counter: 10, LR counter: 10
[Trainer] No improvement. Iteration 18500. Early stopping counter: 11, LR counter: 11
[Trainer] No improvement. Iteration 18600. Early stopping counter: 12, LR counter: 12
[Trainer] No improvement. Iteration 18700. Early stopping counter: 13, LR counter: 13
[Trainer] No improvement. Iteration 18800. Early stopping counter: 14, LR counter: 14
[Trainer] No improvement. Iteration 18900. Early stopping counter: 15, LR counter: 15
[Trainer] No improvement. Iteration 19000. Early stopping counter: 16, LR counter: 16
[Trainer] No improvement. Iteration 19100. Early stopping counter: 17, LR counter: 17
[Trainer] No improvement. Iteration 19200. Early stopping counter: 18, LR counter: 18
[Trainer] No improvement. Iteration 19400. Early stopping counter: 1, LR counter: 1
[Trainer] No improvement. Iteration 19500. Early stopping counter: 2, LR counter: 2
[Trainer] No improvement. Iteration 19600. Early stopping counter: 3, LR counter: 3
[Trainer] No improvement. Iteration 19700. Early stopping counter: 4, LR counter: 4
[Trainer] No improvement. Iteration 19800. Early stopping counter: 5, LR counter: 5
[Trainer] No improvement. Iteration 19900. Early stopping counter: 6, LR counter: 6
[Trainer] No improvement. Iteration 20000. Early stopping counter: 7, LR counter: 7
[Trainer] No improvement. Iteration 20100. Early stopping counter: 8, LR counter: 8
[Trainer] No improvement. Iteration 20200. Early stopping counter: 9, LR counter: 9
[Trainer] No improvement. Iteration 20300. Early stopping counter: 10, LR counter: 10
[Trainer] No improvement. Iteration 20400. Early stopping counter: 11, LR counter: 11
[Trainer] No improvement. Iteration 20600. Early stopping counter: 1, LR counter: 1
[Trainer] No improvement. Iteration 20700. Early stopping counter: 2, LR counter: 2
[Trainer] No improvement. Iteration 20800. Early stopping counter: 3, LR counter: 3
[Trainer] No improvement. Iteration 20900. Early stopping counter: 4, LR counter: 4
[Trainer] No improvement. Iteration 21000. Early stopping counter: 5, LR counter: 5
[Trainer] No improvement. Iteration 21100. Early stopping counter: 6, LR counter: 6
[Trainer] No improvement. Iteration 21200. Early stopping counter: 7, LR counter: 7
[Trainer] No improvement. Iteration 21300. Early stopping counter: 8, LR counter: 8
[Trainer] No improvement. Iteration 21400. Early stopping counter: 9, LR counter: 9
[Trainer] No improvement. Iteration 21500. Early stopping counter: 10, LR counter: 10
[Trainer] No improvement. Iteration 21600. Early stopping counter: 11, LR counter: 11
[Trainer] No improvement. Iteration 21700. Early stopping counter: 12, LR counter: 12
[Trainer] No improvement. Iteration 21800. Early stopping counter: 13, LR counter: 13
[Trainer] No improvement. Iteration 21900. Early stopping counter: 14, LR counter: 14
[Trainer] No improvement. Iteration 22000. Early stopping counter: 15, LR counter: 15
[Trainer] No improvement. Iteration 22100. Early stopping counter: 16, LR counter: 16
[Trainer] No improvement. Iteration 22200. Early stopping counter: 17, LR counter: 17
[Trainer] No improvement. Iteration 22300. Early stopping counter: 18, LR counter: 18
[Trainer] No improvement. Iteration 22400. Early stopping counter: 19, LR counter: 19
[Trainer] No improvement. Iteration 22500. Early stopping counter: 20, LR counter: 20
[Trainer] No improvement. Iteration 22600. Early stopping counter: 21, LR counter: 21
[Trainer] No improvement. Iteration 22700. Early stopping counter: 22, LR counter: 22
[Trainer] No improvement. Iteration 22800. Early stopping counter: 23, LR counter: 23
[Trainer] No improvement. Iteration 22900. Early stopping counter: 24, LR counter: 24
[Trainer] No improvement. Iteration 23000. Early stopping counter: 25, LR counter: 25
[Trainer] Learning rate reduced to: 0.000001
[Trainer] No improvement. Iteration 23100. Early stopping counter: 26, LR counter: 1
[Trainer] No improvement. Iteration 23200. Early stopping counter: 27, LR counter: 2
[Trainer] No improvement. Iteration 23300. Early stopping counter: 28, LR counter: 3
[Trainer] No improvement. Iteration 23400. Early stopping counter: 29, LR counter: 4
[Trainer] No improvement. Iteration 23500. Early stopping counter: 30, LR counter: 5
[Trainer] No improvement. Iteration 23600. Early stopping counter: 31, LR counter: 6
[Trainer] No improvement. Iteration 23700. Early stopping counter: 32, LR counter: 7
[Trainer] No improvement. Iteration 23800. Early stopping counter: 33, LR counter: 8
[Trainer] No improvement. Iteration 23900. Early stopping counter: 34, LR counter: 9
[Trainer] No improvement. Iteration 24000. Early stopping counter: 35, LR counter: 10
[Trainer] No improvement. Iteration 24100. Early stopping counter: 36, LR counter: 11
[Trainer] No improvement. Iteration 24200. Early stopping counter: 37, LR counter: 12
[Trainer] No improvement. Iteration 24300. Early stopping counter: 38, LR counter: 13
[Trainer] No improvement. Iteration 24400. Early stopping counter: 39, LR counter: 14
[Trainer] No improvement. Iteration 24500. Early stopping counter: 40, LR counter: 15
[Trainer] No improvement. Iteration 24600. Early stopping counter: 41, LR counter: 16
[Trainer] No improvement. Iteration 24700. Early stopping counter: 42, LR counter: 17
[Trainer] No improvement. Iteration 24800. Early stopping counter: 43, LR counter: 18
[Trainer] No improvement. Iteration 24900. Early stopping counter: 44, LR counter: 19
[Trainer] No improvement. Iteration 25000. Early stopping counter: 45, LR counter: 20
[Trainer] No improvement. Iteration 25100. Early stopping counter: 46, LR counter: 21
[Trainer] No improvement. Iteration 25200. Early stopping counter: 47, LR counter: 22
[Trainer] No improvement. Iteration 25300. Early stopping counter: 48, LR counter: 23
[Trainer] No improvement. Iteration 25400. Early stopping counter: 49, LR counter: 24
[Trainer] No improvement. Iteration 25500. Early stopping counter: 50, LR counter: 25
[Trainer] Learning rate reduced to: 0.000000
[Trainer] Early stopping triggered.
[Trainer] Training completed.
[Trainer] Calibrating temperatures on validation set...
[Trainer] Temperature calibration finished. Calibrated temperatures: {4: 1.1633174419403076, 6: 1.1720473766326904, 8: 1.2058756351470947, 10: 1.2916620969772339}
[Trainer] BNN training completed.
**************************************************
Z=8, N=4, emax=4
RMSE Eb: 0.810
RMSE Rch: 0.008
MAPE Eb: 2.476
MAPE Rch: 0.345
--------------------------------------------------
**************************************************
Z=8, N=4, emax=10
RMSE Eb: 1.162
RMSE Rch: 0.039
MAPE Eb: 1.846
MAPE Rch: 1.823
--------------------------------------------------
**************************************************
Z=8, N=4, emax=6
RMSE Eb: 0.816
RMSE Rch: 0.013
MAPE Eb: 1.587
MAPE Rch: 0.625
--------------------------------------------------
**************************************************
Z=8, N=4, emax=8
RMSE Eb: 1.128
RMSE Rch: 0.017
MAPE Eb: 1.813
MAPE Rch: 0.792
--------------------------------------------------
**************************************************
Z=8, N=5, emax=8
RMSE Eb: 1.153
RMSE Rch: 0.016
MAPE Eb: 1.411
MAPE Rch: 0.758
--------------------------------------------------
**************************************************
Z=8, N=5, emax=6
RMSE Eb: 0.921
RMSE Rch: 0.011
MAPE Eb: 1.320
MAPE Rch: 0.515
--------------------------------------------------
**************************************************
Z=8, N=5, emax=4
RMSE Eb: 0.984
RMSE Rch: 0.010
MAPE Eb: 2.018
MAPE Rch: 0.451
--------------------------------------------------
**************************************************
Z=8, N=5, emax=10
RMSE Eb: 0.955
RMSE Rch: 0.012
MAPE Eb: 1.367
MAPE Rch: 0.743
--------------------------------------------------
**************************************************
Z=8, N=6, emax=4
RMSE Eb: 0.820
RMSE Rch: 0.012
MAPE Eb: 1.237
MAPE Rch: 0.549
--------------------------------------------------
**************************************************
Z=8, N=6, emax=6
RMSE Eb: 0.851
RMSE Rch: 0.010
MAPE Eb: 0.921
MAPE Rch: 0.521
--------------------------------------------------
**************************************************
Z=8, N=6, emax=8
RMSE Eb: 1.043
RMSE Rch: 0.014
MAPE Eb: 1.004
MAPE Rch: 0.674
--------------------------------------------------
**************************************************
Z=8, N=6, emax=10
RMSE Eb: 1.364
RMSE Rch: 0.013
MAPE Eb: 1.273
MAPE Rch: 0.677
--------------------------------------------------
**************************************************
Z=8, N=7, emax=8
RMSE Eb: 0.936
RMSE Rch: 0.016
MAPE Eb: 0.788
MAPE Rch: 0.829
--------------------------------------------------
**************************************************
Z=8, N=7, emax=10
RMSE Eb: 1.013
RMSE Rch: 0.012
MAPE Eb: 0.663
MAPE Rch: 0.650
--------------------------------------------------
**************************************************
Z=8, N=7, emax=6
RMSE Eb: 0.921
RMSE Rch: 0.013
MAPE Eb: 0.815
MAPE Rch: 0.688
--------------------------------------------------
**************************************************
Z=8, N=7, emax=4
RMSE Eb: 0.891
RMSE Rch: 0.011
MAPE Eb: 1.002
MAPE Rch: 0.544
--------------------------------------------------
**************************************************
Z=8, N=8, emax=4
RMSE Eb: 0.903
RMSE Rch: 0.014
MAPE Eb: 0.985
MAPE Rch: 0.422
--------------------------------------------------
**************************************************
Z=8, N=8, emax=8
RMSE Eb: 1.382
RMSE Rch: 0.010
MAPE Eb: 1.143
MAPE Rch: 0.279
--------------------------------------------------
**************************************************
Z=8, N=8, emax=6
RMSE Eb: 0.581
RMSE Rch: 0.011
MAPE Eb: 0.486
MAPE Rch: 0.331
--------------------------------------------------
**************************************************
Z=8, N=8, emax=10
RMSE Eb: 1.456
RMSE Rch: 0.015
MAPE Eb: 0.966
MAPE Rch: 0.430
--------------------------------------------------
**************************************************
Z=8, N=9, emax=8
RMSE Eb: 1.138
RMSE Rch: 0.011
MAPE Eb: 0.822
MAPE Rch: 0.305
--------------------------------------------------
**************************************************
Z=8, N=9, emax=6
RMSE Eb: 0.893
RMSE Rch: 0.012
MAPE Eb: 0.708
MAPE Rch: 0.366
--------------------------------------------------
**************************************************
Z=8, N=9, emax=4
RMSE Eb: 0.779
RMSE Rch: 0.010
MAPE Eb: 0.719
MAPE Rch: 0.293
--------------------------------------------------
**************************************************
Z=8, N=9, emax=10
RMSE Eb: 0.766
RMSE Rch: 0.010
MAPE Eb: 0.536
MAPE Rch: 0.268
--------------------------------------------------
**************************************************
Z=8, N=10, emax=4
RMSE Eb: 0.825
RMSE Rch: 0.008
MAPE Eb: 0.807
MAPE Rch: 0.222
--------------------------------------------------
**************************************************
Z=8, N=10, emax=10
RMSE Eb: 0.884
RMSE Rch: 0.008
MAPE Eb: 0.532
MAPE Rch: 0.265
--------------------------------------------------
**************************************************
Z=8, N=10, emax=6
RMSE Eb: 0.971
RMSE Rch: 0.008
MAPE Eb: 0.798
MAPE Rch: 0.230
--------------------------------------------------
**************************************************
Z=8, N=10, emax=8
RMSE Eb: 1.085
RMSE Rch: 0.009
MAPE Eb: 0.708
MAPE Rch: 0.252
--------------------------------------------------
**************************************************
Z=8, N=11, emax=4
RMSE Eb: 0.941
RMSE Rch: 0.009
MAPE Eb: 1.004
MAPE Rch: 0.281
--------------------------------------------------
**************************************************
Z=8, N=11, emax=6
RMSE Eb: 1.078
RMSE Rch: 0.009
MAPE Eb: 0.840
MAPE Rch: 0.257
--------------------------------------------------
**************************************************
Z=8, N=11, emax=8
RMSE Eb: 0.920
RMSE Rch: 0.011
MAPE Eb: 0.599
MAPE Rch: 0.318
--------------------------------------------------
**************************************************
Z=8, N=11, emax=10
RMSE Eb: 1.004
RMSE Rch: 0.006
MAPE Eb: 0.683
MAPE Rch: 0.161
--------------------------------------------------
**************************************************
Z=8, N=12, emax=6
RMSE Eb: 1.038
RMSE Rch: 0.011
MAPE Eb: 0.804
MAPE Rch: 0.334
--------------------------------------------------
**************************************************
Z=8, N=12, emax=4
RMSE Eb: 0.900
RMSE Rch: 0.009
MAPE Eb: 0.893
MAPE Rch: 0.236
--------------------------------------------------
**************************************************
Z=8, N=12, emax=8
RMSE Eb: 1.102
RMSE Rch: 0.010
MAPE Eb: 0.753
MAPE Rch: 0.278
--------------------------------------------------
**************************************************
Z=8, N=12, emax=10
RMSE Eb: 0.688
RMSE Rch: 0.015
MAPE Eb: 0.429
MAPE Rch: 0.459
--------------------------------------------------
**************************************************
Z=8, N=13, emax=8
RMSE Eb: 1.108
RMSE Rch: 0.010
MAPE Eb: 0.728
MAPE Rch: 0.294
--------------------------------------------------
**************************************************
Z=8, N=13, emax=4
RMSE Eb: 0.784
RMSE Rch: 0.009
MAPE Eb: 0.834
MAPE Rch: 0.241
--------------------------------------------------
**************************************************
Z=8, N=13, emax=10
RMSE Eb: 1.127
RMSE Rch: 0.016
MAPE Eb: 0.756
MAPE Rch: 0.501
--------------------------------------------------
**************************************************
Z=8, N=13, emax=6
RMSE Eb: 1.132
RMSE Rch: 0.010
MAPE Eb: 0.877
MAPE Rch: 0.259
--------------------------------------------------
**************************************************
Z=8, N=14, emax=8
RMSE Eb: 1.458
RMSE Rch: 0.014
MAPE Eb: 0.893
MAPE Rch: 0.336
--------------------------------------------------
**************************************************
Z=8, N=14, emax=4
RMSE Eb: 0.885
RMSE Rch: 0.008
MAPE Eb: 0.892
MAPE Rch: 0.238
--------------------------------------------------
**************************************************
Z=8, N=14, emax=6
RMSE Eb: 0.895
RMSE Rch: 0.009
MAPE Eb: 0.674
MAPE Rch: 0.237
--------------------------------------------------
**************************************************
Z=8, N=14, emax=10
RMSE Eb: 1.036
RMSE Rch: 0.014
MAPE Eb: 0.618
MAPE Rch: 0.399
--------------------------------------------------
**************************************************
Z=8, N=15, emax=8
RMSE Eb: 1.154
RMSE Rch: 0.011
MAPE Eb: 0.718
MAPE Rch: 0.303
--------------------------------------------------
**************************************************
Z=8, N=15, emax=4
RMSE Eb: 1.173
RMSE Rch: 0.010
MAPE Eb: 1.113
MAPE Rch: 0.294
--------------------------------------------------
**************************************************
Z=8, N=15, emax=6
RMSE Eb: 1.068
RMSE Rch: 0.013
MAPE Eb: 0.753
MAPE Rch: 0.400
--------------------------------------------------
**************************************************
Z=8, N=15, emax=10
RMSE Eb: 0.858
RMSE Rch: 0.009
MAPE Eb: 0.506
MAPE Rch: 0.252
--------------------------------------------------
**************************************************
Z=8, N=16, emax=8
RMSE Eb: 1.544
RMSE Rch: 0.010
MAPE Eb: 0.911
MAPE Rch: 0.284
--------------------------------------------------
**************************************************
Z=8, N=16, emax=6
RMSE Eb: 1.154
RMSE Rch: 0.012
MAPE Eb: 0.786
MAPE Rch: 0.329
--------------------------------------------------
**************************************************
Z=8, N=16, emax=10
RMSE Eb: 1.595
RMSE Rch: 0.011
MAPE Eb: 0.981
MAPE Rch: 0.312
--------------------------------------------------
**************************************************
Z=8, N=16, emax=4
RMSE Eb: 1.229
RMSE Rch: 0.014
MAPE Eb: 1.245
MAPE Rch: 0.411
--------------------------------------------------
Finished VAL for AE n=153
**************************************************
Z=8, N=4, emax=6
RMSE Eb: 0.932
RMSE Rch: 0.013
MAPE Eb: 1.647
MAPE Rch: 0.627
--------------------------------------------------
**************************************************
Z=8, N=4, emax=8
RMSE Eb: 1.056
RMSE Rch: 0.019
MAPE Eb: 1.706
MAPE Rch: 0.844
--------------------------------------------------
**************************************************
Z=8, N=4, emax=4
RMSE Eb: 0.817
RMSE Rch: 0.009
MAPE Eb: 2.263
MAPE Rch: 0.412
--------------------------------------------------
**************************************************
Z=8, N=4, emax=10
RMSE Eb: 1.127
RMSE Rch: 0.028
MAPE Eb: 1.685
MAPE Rch: 1.414
--------------------------------------------------
**************************************************
Z=8, N=5, emax=4
RMSE Eb: 0.880
RMSE Rch: 0.011
MAPE Eb: 1.829
MAPE Rch: 0.517
--------------------------------------------------
**************************************************
Z=8, N=5, emax=8
RMSE Eb: 1.132
RMSE Rch: 0.015
MAPE Eb: 1.333
MAPE Rch: 0.735
--------------------------------------------------
**************************************************
Z=8, N=5, emax=6
RMSE Eb: 1.171
RMSE Rch: 0.011
MAPE Eb: 1.704
MAPE Rch: 0.563
--------------------------------------------------
**************************************************
Z=8, N=5, emax=10
RMSE Eb: 0.889
RMSE Rch: 0.019
MAPE Eb: 1.121
MAPE Rch: 0.895
--------------------------------------------------
**************************************************
Z=8, N=6, emax=4
RMSE Eb: 0.841
RMSE Rch: 0.012
MAPE Eb: 1.244
MAPE Rch: 0.543
--------------------------------------------------
**************************************************
Z=8, N=6, emax=8
RMSE Eb: 1.066
RMSE Rch: 0.019
MAPE Eb: 0.990
MAPE Rch: 0.846
--------------------------------------------------
**************************************************
Z=8, N=6, emax=6
RMSE Eb: 0.971
RMSE Rch: 0.013
MAPE Eb: 1.085
MAPE Rch: 0.604
--------------------------------------------------
**************************************************
Z=8, N=6, emax=10
RMSE Eb: 1.120
RMSE Rch: 0.014
MAPE Eb: 0.994
MAPE Rch: 0.755
--------------------------------------------------
**************************************************
Z=8, N=7, emax=4
RMSE Eb: 1.018
RMSE Rch: 0.011
MAPE Eb: 1.093
MAPE Rch: 0.513
--------------------------------------------------
**************************************************
Z=8, N=7, emax=8
RMSE Eb: 1.056
RMSE Rch: 0.018
MAPE Eb: 0.882
MAPE Rch: 0.900
--------------------------------------------------
**************************************************
Z=8, N=7, emax=6
RMSE Eb: 0.864
RMSE Rch: 0.013
MAPE Eb: 0.849
MAPE Rch: 0.685
--------------------------------------------------
**************************************************
Z=8, N=7, emax=10
RMSE Eb: 1.315
RMSE Rch: 0.016
MAPE Eb: 1.075
MAPE Rch: 0.888
--------------------------------------------------
**************************************************
Z=8, N=8, emax=4
RMSE Eb: 1.180
RMSE Rch: 0.014
MAPE Eb: 1.142
MAPE Rch: 0.414
--------------------------------------------------
**************************************************
Z=8, N=8, emax=6
RMSE Eb: 0.777
RMSE Rch: 0.013
MAPE Eb: 0.606
MAPE Rch: 0.370
--------------------------------------------------
**************************************************
Z=8, N=8, emax=8
RMSE Eb: 1.411
RMSE Rch: 0.011
MAPE Eb: 1.091
MAPE Rch: 0.339
--------------------------------------------------
**************************************************
Z=8, N=8, emax=10
RMSE Eb: 1.092
RMSE Rch: 0.015
MAPE Eb: 0.781
MAPE Rch: 0.473
--------------------------------------------------
**************************************************
Z=8, N=9, emax=4
RMSE Eb: 0.917
RMSE Rch: 0.009
MAPE Eb: 0.868
MAPE Rch: 0.238
--------------------------------------------------
**************************************************
Z=8, N=9, emax=8
RMSE Eb: 1.158
RMSE Rch: 0.009
MAPE Eb: 0.808
MAPE Rch: 0.269
--------------------------------------------------
**************************************************
Z=8, N=9, emax=6
RMSE Eb: 0.965
RMSE Rch: 0.012
MAPE Eb: 0.764
MAPE Rch: 0.367
--------------------------------------------------
**************************************************
Z=8, N=9, emax=10
RMSE Eb: 0.918
RMSE Rch: 0.008
MAPE Eb: 0.687
MAPE Rch: 0.248
--------------------------------------------------
**************************************************
Z=8, N=10, emax=4
RMSE Eb: 0.722
RMSE Rch: 0.008
MAPE Eb: 0.690
MAPE Rch: 0.229
--------------------------------------------------
**************************************************
Z=8, N=10, emax=6
RMSE Eb: 0.838
RMSE Rch: 0.008
MAPE Eb: 0.630
MAPE Rch: 0.232
--------------------------------------------------
**************************************************
Z=8, N=10, emax=8
RMSE Eb: 1.094
RMSE Rch: 0.009
MAPE Eb: 0.736
MAPE Rch: 0.271
--------------------------------------------------
**************************************************
Z=8, N=10, emax=10
RMSE Eb: 0.839
RMSE Rch: 0.008
MAPE Eb: 0.581
MAPE Rch: 0.249
--------------------------------------------------
**************************************************
Z=8, N=11, emax=8
RMSE Eb: 1.082
RMSE Rch: 0.009
MAPE Eb: 0.726
MAPE Rch: 0.280
--------------------------------------------------
**************************************************
Z=8, N=11, emax=4
RMSE Eb: 0.958
RMSE Rch: 0.008
MAPE Eb: 1.026
MAPE Rch: 0.212
--------------------------------------------------
**************************************************
Z=8, N=11, emax=6
RMSE Eb: 1.172
RMSE Rch: 0.009
MAPE Eb: 0.954
MAPE Rch: 0.246
--------------------------------------------------
**************************************************
Z=8, N=11, emax=10
RMSE Eb: 1.073
RMSE Rch: 0.008
MAPE Eb: 0.658
MAPE Rch: 0.240
--------------------------------------------------
**************************************************
Z=8, N=12, emax=6
RMSE Eb: 0.898
RMSE Rch: 0.009
MAPE Eb: 0.703
MAPE Rch: 0.270
--------------------------------------------------
**************************************************
Z=8, N=12, emax=8
RMSE Eb: 1.045
RMSE Rch: 0.008
MAPE Eb: 0.682
MAPE Rch: 0.230
--------------------------------------------------
**************************************************
Z=8, N=12, emax=4
RMSE Eb: 0.868
RMSE Rch: 0.009
MAPE Eb: 0.894
MAPE Rch: 0.241
--------------------------------------------------
**************************************************
Z=8, N=12, emax=10
RMSE Eb: 1.199
RMSE Rch: 0.013
MAPE Eb: 0.733
MAPE Rch: 0.404
--------------------------------------------------
**************************************************
Z=8, N=13, emax=8
RMSE Eb: 1.156
RMSE Rch: 0.009
MAPE Eb: 0.722
MAPE Rch: 0.271
--------------------------------------------------
**************************************************
Z=8, N=13, emax=4
RMSE Eb: 0.819
RMSE Rch: 0.011
MAPE Eb: 0.841
MAPE Rch: 0.308
--------------------------------------------------
**************************************************
Z=8, N=13, emax=6
RMSE Eb: 0.869
RMSE Rch: 0.009
MAPE Eb: 0.656
MAPE Rch: 0.275
--------------------------------------------------
**************************************************
Z=8, N=13, emax=10
RMSE Eb: 0.908
RMSE Rch: 0.012
MAPE Eb: 0.534
MAPE Rch: 0.347
--------------------------------------------------
**************************************************
Z=8, N=14, emax=6
RMSE Eb: 0.990
RMSE Rch: 0.007
MAPE Eb: 0.655
MAPE Rch: 0.197
--------------------------------------------------
**************************************************
Z=8, N=14, emax=10
RMSE Eb: 0.925
RMSE Rch: 0.011
MAPE Eb: 0.501
MAPE Rch: 0.293
--------------------------------------------------
**************************************************
Z=8, N=14, emax=4
RMSE Eb: 0.849
RMSE Rch: 0.007
MAPE Eb: 0.844
MAPE Rch: 0.209
--------------------------------------------------
**************************************************
Z=8, N=14, emax=8
RMSE Eb: 1.296
RMSE Rch: 0.012
MAPE Eb: 0.805
MAPE Rch: 0.314
--------------------------------------------------
**************************************************
Z=8, N=15, emax=8
RMSE Eb: 1.124
RMSE Rch: 0.009
MAPE Eb: 0.732
MAPE Rch: 0.267
--------------------------------------------------
**************************************************
Z=8, N=15, emax=6
RMSE Eb: 0.869
RMSE Rch: 0.012
MAPE Eb: 0.610
MAPE Rch: 0.339
--------------------------------------------------
**************************************************
Z=8, N=15, emax=4
RMSE Eb: 0.968
RMSE Rch: 0.010
MAPE Eb: 0.993
MAPE Rch: 0.278
--------------------------------------------------
**************************************************
Z=8, N=15, emax=10
RMSE Eb: 1.005
RMSE Rch: 0.015
MAPE Eb: 0.631
MAPE Rch: 0.492
--------------------------------------------------
**************************************************
Z=8, N=16, emax=4
RMSE Eb: 1.237
RMSE Rch: 0.013
MAPE Eb: 1.228
MAPE Rch: 0.363
--------------------------------------------------
**************************************************
Z=8, N=16, emax=8
RMSE Eb: 1.573
RMSE Rch: 0.009
MAPE Eb: 0.897
MAPE Rch: 0.263
--------------------------------------------------
**************************************************
Z=8, N=16, emax=6
RMSE Eb: 1.093
RMSE Rch: 0.012
MAPE Eb: 0.740
MAPE Rch: 0.358
--------------------------------------------------
**************************************************
Z=8, N=16, emax=10
RMSE Eb: 1.127
RMSE Rch: 0.012
MAPE Eb: 0.690
MAPE Rch: 0.323
--------------------------------------------------
