Activated conda environment
[DataLoader] Found 13 files matching the pattern.
[DataLoader] Combined data shape: (17234, 35)
[Preprocess] Data split => train: (11029, 35), val: (2758, 35), test: (3447, 35)
[Preprocess] Processed fidelity 4 (index 0): 3758 samples.
[Preprocess] Processed fidelity 6 (index 1): 3346 samples.
[Preprocess] Processed fidelity 8 (index 2): 3194 samples.
[Preprocess] Processed fidelity 10 (index 3): 731 samples.
[Preprocess] Processed fidelity 4 (index 0): 949 samples.
[Preprocess] Processed fidelity 6 (index 1): 833 samples.
[Preprocess] Processed fidelity 8 (index 2): 801 samples.
[Preprocess] Processed fidelity 10 (index 3): 175 samples.
Fidelity levels: [4, 6, 8, 10]
[Trainer] Starting BNN training...
[Trainer] No improvement. Iteration 8400. Early stopping counter: 1, LR counter: 1
[Trainer] No improvement. Iteration 8600. Early stopping counter: 1, LR counter: 1
[Trainer] No improvement. Iteration 8700. Early stopping counter: 2, LR counter: 2
[Trainer] No improvement. Iteration 8800. Early stopping counter: 3, LR counter: 3
[Trainer] No improvement. Iteration 8900. Early stopping counter: 4, LR counter: 4
[Trainer] No improvement. Iteration 9000. Early stopping counter: 5, LR counter: 5
[Trainer] No improvement. Iteration 9100. Early stopping counter: 6, LR counter: 6
[Trainer] No improvement. Iteration 9200. Early stopping counter: 7, LR counter: 7
[Trainer] No improvement. Iteration 9300. Early stopping counter: 8, LR counter: 8
[Trainer] No improvement. Iteration 9400. Early stopping counter: 9, LR counter: 9
[Trainer] No improvement. Iteration 9500. Early stopping counter: 10, LR counter: 10
[Trainer] No improvement. Iteration 9600. Early stopping counter: 11, LR counter: 11
[Trainer] No improvement. Iteration 9700. Early stopping counter: 12, LR counter: 12
[Trainer] No improvement. Iteration 9800. Early stopping counter: 13, LR counter: 13
[Trainer] No improvement. Iteration 9900. Early stopping counter: 14, LR counter: 14
[Trainer] No improvement. Iteration 10100. Early stopping counter: 1, LR counter: 1
[Trainer] No improvement. Iteration 10200. Early stopping counter: 2, LR counter: 2
[Trainer] No improvement. Iteration 10300. Early stopping counter: 3, LR counter: 3
[Trainer] No improvement. Iteration 10500. Early stopping counter: 1, LR counter: 1
[Trainer] No improvement. Iteration 10700. Early stopping counter: 1, LR counter: 1
[Trainer] No improvement. Iteration 10800. Early stopping counter: 2, LR counter: 2
[Trainer] No improvement. Iteration 10900. Early stopping counter: 3, LR counter: 3
[Trainer] No improvement. Iteration 11000. Early stopping counter: 4, LR counter: 4
[Trainer] No improvement. Iteration 11100. Early stopping counter: 5, LR counter: 5
[Trainer] No improvement. Iteration 11200. Early stopping counter: 6, LR counter: 6
[Trainer] No improvement. Iteration 11300. Early stopping counter: 7, LR counter: 7
[Trainer] No improvement. Iteration 11400. Early stopping counter: 8, LR counter: 8
[Trainer] No improvement. Iteration 11500. Early stopping counter: 9, LR counter: 9
[Trainer] No improvement. Iteration 11600. Early stopping counter: 10, LR counter: 10
[Trainer] No improvement. Iteration 11700. Early stopping counter: 11, LR counter: 11
[Trainer] No improvement. Iteration 11800. Early stopping counter: 12, LR counter: 12
[Trainer] No improvement. Iteration 11900. Early stopping counter: 13, LR counter: 13
[Trainer] No improvement. Iteration 12000. Early stopping counter: 14, LR counter: 14
[Trainer] No improvement. Iteration 12100. Early stopping counter: 15, LR counter: 15
[Trainer] No improvement. Iteration 12200. Early stopping counter: 16, LR counter: 16
[Trainer] No improvement. Iteration 12300. Early stopping counter: 17, LR counter: 17
[Trainer] No improvement. Iteration 12400. Early stopping counter: 18, LR counter: 18
[Trainer] No improvement. Iteration 12500. Early stopping counter: 19, LR counter: 19
[Trainer] No improvement. Iteration 12600. Early stopping counter: 20, LR counter: 20
[Trainer] No improvement. Iteration 12700. Early stopping counter: 21, LR counter: 21
[Trainer] No improvement. Iteration 12800. Early stopping counter: 22, LR counter: 22
[Trainer] No improvement. Iteration 12900. Early stopping counter: 23, LR counter: 23
[Trainer] No improvement. Iteration 13000. Early stopping counter: 24, LR counter: 24
[Trainer] No improvement. Iteration 13100. Early stopping counter: 25, LR counter: 25
[Trainer] Learning rate reduced to: 0.000010
[Trainer] No improvement. Iteration 13200. Early stopping counter: 26, LR counter: 1
[Trainer] No improvement. Iteration 13300. Early stopping counter: 27, LR counter: 2
[Trainer] No improvement. Iteration 13400. Early stopping counter: 28, LR counter: 3
[Trainer] No improvement. Iteration 13500. Early stopping counter: 29, LR counter: 4
[Trainer] No improvement. Iteration 13600. Early stopping counter: 30, LR counter: 5
[Trainer] No improvement. Iteration 13700. Early stopping counter: 31, LR counter: 6
[Trainer] No improvement. Iteration 13800. Early stopping counter: 32, LR counter: 7
[Trainer] No improvement. Iteration 13900. Early stopping counter: 33, LR counter: 8
[Trainer] No improvement. Iteration 14000. Early stopping counter: 34, LR counter: 9
[Trainer] No improvement. Iteration 14100. Early stopping counter: 35, LR counter: 10
[Trainer] No improvement. Iteration 14200. Early stopping counter: 36, LR counter: 11
[Trainer] No improvement. Iteration 14300. Early stopping counter: 37, LR counter: 12
[Trainer] No improvement. Iteration 14400. Early stopping counter: 38, LR counter: 13
[Trainer] No improvement. Iteration 14500. Early stopping counter: 39, LR counter: 14
[Trainer] No improvement. Iteration 14600. Early stopping counter: 40, LR counter: 15
[Trainer] No improvement. Iteration 14700. Early stopping counter: 41, LR counter: 16
[Trainer] No improvement. Iteration 14800. Early stopping counter: 42, LR counter: 17
[Trainer] No improvement. Iteration 14900. Early stopping counter: 43, LR counter: 18
[Trainer] No improvement. Iteration 15000. Early stopping counter: 44, LR counter: 19
[Trainer] No improvement. Iteration 15100. Early stopping counter: 45, LR counter: 20
[Trainer] No improvement. Iteration 15200. Early stopping counter: 46, LR counter: 21
[Trainer] No improvement. Iteration 15300. Early stopping counter: 47, LR counter: 22
[Trainer] No improvement. Iteration 15400. Early stopping counter: 48, LR counter: 23
[Trainer] No improvement. Iteration 15500. Early stopping counter: 49, LR counter: 24
[Trainer] No improvement. Iteration 15600. Early stopping counter: 50, LR counter: 25
[Trainer] Learning rate reduced to: 0.000001
[Trainer] Early stopping triggered.
[Trainer] Training completed.
[Trainer] Calibrating temperatures on validation set...
[Trainer] Temperature calibration finished. Calibrated temperatures: {4: 1.4317651987075806, 6: 1.403848648071289, 8: 1.3886336088180542, 10: 1.5051213502883911}
[Trainer] BNN training completed.
**************************************************
Z=8, N=4, emax=4
RMSE Eb: 0.524
RMSE Rch: 0.007
MAPE Eb: 1.595
MAPE Rch: 0.351
--------------------------------------------------
**************************************************
Z=8, N=4, emax=10
RMSE Eb: 0.973
RMSE Rch: 0.037
MAPE Eb: 1.426
MAPE Rch: 1.863
--------------------------------------------------
**************************************************
Z=8, N=4, emax=6
RMSE Eb: 0.685
RMSE Rch: 0.016
MAPE Eb: 1.397
MAPE Rch: 0.801
--------------------------------------------------
**************************************************
Z=8, N=4, emax=8
RMSE Eb: 0.812
RMSE Rch: 0.018
MAPE Eb: 1.446
MAPE Rch: 0.845
--------------------------------------------------
**************************************************
Z=8, N=5, emax=8
RMSE Eb: 0.861
RMSE Rch: 0.013
MAPE Eb: 1.179
MAPE Rch: 0.647
--------------------------------------------------
**************************************************
Z=8, N=5, emax=6
RMSE Eb: 0.639
RMSE Rch: 0.009
MAPE Eb: 0.951
MAPE Rch: 0.469
--------------------------------------------------
**************************************************
Z=8, N=5, emax=4
RMSE Eb: 0.771
RMSE Rch: 0.007
MAPE Eb: 1.758
MAPE Rch: 0.301
--------------------------------------------------
**************************************************
Z=8, N=5, emax=10
RMSE Eb: 0.320
RMSE Rch: 0.016
MAPE Eb: 0.404
MAPE Rch: 0.980
--------------------------------------------------
**************************************************
Z=8, N=6, emax=4
RMSE Eb: 0.686
RMSE Rch: 0.008
MAPE Eb: 1.109
MAPE Rch: 0.373
--------------------------------------------------
**************************************************
Z=8, N=6, emax=6
RMSE Eb: 0.863
RMSE Rch: 0.011
MAPE Eb: 0.983
MAPE Rch: 0.542
--------------------------------------------------
**************************************************
Z=8, N=6, emax=8
RMSE Eb: 0.792
RMSE Rch: 0.011
MAPE Eb: 0.780
MAPE Rch: 0.564
--------------------------------------------------
**************************************************
Z=8, N=6, emax=10
RMSE Eb: 0.928
RMSE Rch: 0.011
MAPE Eb: 0.882
MAPE Rch: 0.581
--------------------------------------------------
**************************************************
Z=8, N=7, emax=8
RMSE Eb: 0.707
RMSE Rch: 0.016
MAPE Eb: 0.588
MAPE Rch: 0.891
--------------------------------------------------
**************************************************
Z=8, N=7, emax=10
RMSE Eb: 0.776
RMSE Rch: 0.014
MAPE Eb: 0.622
MAPE Rch: 0.866
--------------------------------------------------
**************************************************
Z=8, N=7, emax=6
RMSE Eb: 0.677
RMSE Rch: 0.015
MAPE Eb: 0.624
MAPE Rch: 0.796
--------------------------------------------------
**************************************************
Z=8, N=7, emax=4
RMSE Eb: 0.517
RMSE Rch: 0.013
MAPE Eb: 0.619
MAPE Rch: 0.681
--------------------------------------------------
**************************************************
Z=8, N=8, emax=4
RMSE Eb: 0.784
RMSE Rch: 0.009
MAPE Eb: 0.874
MAPE Rch: 0.272
--------------------------------------------------
**************************************************
Z=8, N=8, emax=8
RMSE Eb: 0.910
RMSE Rch: 0.010
MAPE Eb: 0.715
MAPE Rch: 0.302
--------------------------------------------------
**************************************************
Z=8, N=8, emax=6
RMSE Eb: 0.531
RMSE Rch: 0.011
MAPE Eb: 0.444
MAPE Rch: 0.317
--------------------------------------------------
**************************************************
Z=8, N=8, emax=10
RMSE Eb: 0.645
RMSE Rch: 0.016
MAPE Eb: 0.430
MAPE Rch: 0.498
--------------------------------------------------
**************************************************
Z=8, N=9, emax=8
RMSE Eb: 0.491
RMSE Rch: 0.012
MAPE Eb: 0.360
MAPE Rch: 0.357
--------------------------------------------------
**************************************************
Z=8, N=9, emax=6
RMSE Eb: 0.515
RMSE Rch: 0.009
MAPE Eb: 0.400
MAPE Rch: 0.278
--------------------------------------------------
**************************************************
Z=8, N=9, emax=4
RMSE Eb: 0.690
RMSE Rch: 0.009
MAPE Eb: 0.781
MAPE Rch: 0.259
--------------------------------------------------
**************************************************
Z=8, N=9, emax=10
RMSE Eb: 0.494
RMSE Rch: 0.009
MAPE Eb: 0.357
MAPE Rch: 0.267
--------------------------------------------------
**************************************************
Z=8, N=10, emax=4
RMSE Eb: 0.780
RMSE Rch: 0.009
MAPE Eb: 0.865
MAPE Rch: 0.258
--------------------------------------------------
**************************************************
Z=8, N=10, emax=10
RMSE Eb: 0.824
RMSE Rch: 0.007
MAPE Eb: 0.437
MAPE Rch: 0.221
--------------------------------------------------
**************************************************
Z=8, N=10, emax=6
RMSE Eb: 0.697
RMSE Rch: 0.007
MAPE Eb: 0.544
MAPE Rch: 0.190
--------------------------------------------------
**************************************************
Z=8, N=10, emax=8
RMSE Eb: 0.693
RMSE Rch: 0.012
MAPE Eb: 0.478
MAPE Rch: 0.387
--------------------------------------------------
**************************************************
Z=8, N=11, emax=4
RMSE Eb: 0.839
RMSE Rch: 0.010
MAPE Eb: 0.967
MAPE Rch: 0.293
--------------------------------------------------
**************************************************
Z=8, N=11, emax=6
RMSE Eb: 0.646
RMSE Rch: 0.009
MAPE Eb: 0.474
MAPE Rch: 0.262
--------------------------------------------------
**************************************************
Z=8, N=11, emax=8
RMSE Eb: 0.737
RMSE Rch: 0.012
MAPE Eb: 0.513
MAPE Rch: 0.371
--------------------------------------------------
**************************************************
Z=8, N=11, emax=10
RMSE Eb: 0.511
RMSE Rch: 0.011
MAPE Eb: 0.328
MAPE Rch: 0.307
--------------------------------------------------
**************************************************
Z=8, N=12, emax=6
RMSE Eb: 0.733
RMSE Rch: 0.007
MAPE Eb: 0.514
MAPE Rch: 0.202
--------------------------------------------------
**************************************************
Z=8, N=12, emax=4
RMSE Eb: 0.639
RMSE Rch: 0.008
MAPE Eb: 0.673
MAPE Rch: 0.226
--------------------------------------------------
**************************************************
Z=8, N=12, emax=8
RMSE Eb: 0.630
RMSE Rch: 0.009
MAPE Eb: 0.431
MAPE Rch: 0.256
--------------------------------------------------
**************************************************
Z=8, N=12, emax=10
RMSE Eb: 0.743
RMSE Rch: 0.014
MAPE Eb: 0.526
MAPE Rch: 0.438
--------------------------------------------------
**************************************************
Z=8, N=13, emax=8
RMSE Eb: 0.678
RMSE Rch: 0.011
MAPE Eb: 0.446
MAPE Rch: 0.309
--------------------------------------------------
**************************************************
Z=8, N=13, emax=4
RMSE Eb: 0.764
RMSE Rch: 0.008
MAPE Eb: 0.817
MAPE Rch: 0.216
--------------------------------------------------
**************************************************
Z=8, N=13, emax=10
RMSE Eb: 0.637
RMSE Rch: 0.010
MAPE Eb: 0.400
MAPE Rch: 0.296
--------------------------------------------------
**************************************************
Z=8, N=13, emax=6
RMSE Eb: 0.749
RMSE Rch: 0.011
MAPE Eb: 0.579
MAPE Rch: 0.325
--------------------------------------------------
**************************************************
Z=8, N=14, emax=8
RMSE Eb: 0.765
RMSE Rch: 0.012
MAPE Eb: 0.491
MAPE Rch: 0.286
--------------------------------------------------
**************************************************
Z=8, N=14, emax=4
RMSE Eb: 0.675
RMSE Rch: 0.008
MAPE Eb: 0.675
MAPE Rch: 0.223
--------------------------------------------------
**************************************************
Z=8, N=14, emax=6
RMSE Eb: 0.726
RMSE Rch: 0.010
MAPE Eb: 0.537
MAPE Rch: 0.265
--------------------------------------------------
**************************************************
Z=8, N=14, emax=10
RMSE Eb: 0.717
RMSE Rch: 0.016
MAPE Eb: 0.413
MAPE Rch: 0.458
--------------------------------------------------
**************************************************
Z=8, N=15, emax=8
RMSE Eb: 0.732
RMSE Rch: 0.013
MAPE Eb: 0.455
MAPE Rch: 0.395
--------------------------------------------------
**************************************************
Z=8, N=15, emax=4
RMSE Eb: 0.788
RMSE Rch: 0.013
MAPE Eb: 0.823
MAPE Rch: 0.377
--------------------------------------------------
**************************************************
Z=8, N=15, emax=6
RMSE Eb: 0.659
RMSE Rch: 0.012
MAPE Eb: 0.450
MAPE Rch: 0.347
--------------------------------------------------
**************************************************
Z=8, N=15, emax=10
RMSE Eb: 0.634
RMSE Rch: 0.016
MAPE Eb: 0.383
MAPE Rch: 0.516
--------------------------------------------------
**************************************************
Z=8, N=16, emax=8
RMSE Eb: 0.827
RMSE Rch: 0.010
MAPE Eb: 0.504
MAPE Rch: 0.277
--------------------------------------------------
**************************************************
Z=8, N=16, emax=6
RMSE Eb: 0.715
RMSE Rch: 0.014
MAPE Eb: 0.520
MAPE Rch: 0.406
--------------------------------------------------
**************************************************
Z=8, N=16, emax=10
RMSE Eb: 0.787
RMSE Rch: 0.011
MAPE Eb: 0.480
MAPE Rch: 0.322
--------------------------------------------------
**************************************************
Z=8, N=16, emax=4
RMSE Eb: 0.917
RMSE Rch: 0.014
MAPE Eb: 0.875
MAPE Rch: 0.369
--------------------------------------------------
Finished VAL for AE n=266
**************************************************
Z=8, N=4, emax=6
RMSE Eb: 0.645
RMSE Rch: 0.013
MAPE Eb: 1.218
MAPE Rch: 0.599
--------------------------------------------------
**************************************************
Z=8, N=4, emax=8
RMSE Eb: 0.700
RMSE Rch: 0.020
MAPE Eb: 1.206
MAPE Rch: 0.899
--------------------------------------------------
**************************************************
Z=8, N=4, emax=4
RMSE Eb: 0.621
RMSE Rch: 0.008
MAPE Eb: 1.819
MAPE Rch: 0.384
--------------------------------------------------
**************************************************
Z=8, N=4, emax=10
RMSE Eb: 0.483
RMSE Rch: 0.021
MAPE Eb: 0.780
MAPE Rch: 1.047
--------------------------------------------------
**************************************************
Z=8, N=5, emax=4
RMSE Eb: 0.694
RMSE Rch: 0.006
MAPE Eb: 1.514
MAPE Rch: 0.291
--------------------------------------------------
**************************************************
Z=8, N=5, emax=8
RMSE Eb: 0.853
RMSE Rch: 0.013
MAPE Eb: 1.158
MAPE Rch: 0.600
--------------------------------------------------
**************************************************
Z=8, N=5, emax=6
RMSE Eb: 0.694
RMSE Rch: 0.011
MAPE Eb: 0.930
MAPE Rch: 0.544
--------------------------------------------------
**************************************************
Z=8, N=5, emax=10
RMSE Eb: 0.554
RMSE Rch: 0.019
MAPE Eb: 0.677
MAPE Rch: 0.903
--------------------------------------------------
**************************************************
Z=8, N=6, emax=4
RMSE Eb: 0.715
RMSE Rch: 0.009
MAPE Eb: 1.076
MAPE Rch: 0.400
--------------------------------------------------
**************************************************
Z=8, N=6, emax=8
RMSE Eb: 0.891
RMSE Rch: 0.012
MAPE Eb: 0.899
MAPE Rch: 0.569
--------------------------------------------------
**************************************************
Z=8, N=6, emax=6
RMSE Eb: 0.882
RMSE Rch: 0.013
MAPE Eb: 1.035
MAPE Rch: 0.666
--------------------------------------------------
**************************************************
Z=8, N=6, emax=10
RMSE Eb: 0.694
RMSE Rch: 0.010
MAPE Eb: 0.673
MAPE Rch: 0.528
--------------------------------------------------
**************************************************
Z=8, N=7, emax=4
RMSE Eb: 0.532
RMSE Rch: 0.014
MAPE Eb: 0.630
MAPE Rch: 0.683
--------------------------------------------------
**************************************************
Z=8, N=7, emax=8
RMSE Eb: 0.744
RMSE Rch: 0.015
MAPE Eb: 0.640
MAPE Rch: 0.826
--------------------------------------------------
**************************************************
Z=8, N=7, emax=6
RMSE Eb: 0.584
RMSE Rch: 0.015
MAPE Eb: 0.528
MAPE Rch: 0.843
--------------------------------------------------
**************************************************
Z=8, N=7, emax=10
RMSE Eb: 1.112
RMSE Rch: 0.012
MAPE Eb: 0.907
MAPE Rch: 0.718
--------------------------------------------------
**************************************************
Z=8, N=8, emax=4
RMSE Eb: 0.833
RMSE Rch: 0.009
MAPE Eb: 0.884
MAPE Rch: 0.266
--------------------------------------------------
**************************************************
Z=8, N=8, emax=6
RMSE Eb: 0.650
RMSE Rch: 0.009
MAPE Eb: 0.518
MAPE Rch: 0.272
--------------------------------------------------
**************************************************
Z=8, N=8, emax=8
RMSE Eb: 0.838
RMSE Rch: 0.010
MAPE Eb: 0.623
MAPE Rch: 0.291
--------------------------------------------------
**************************************************
Z=8, N=8, emax=10
RMSE Eb: 0.662
RMSE Rch: 0.011
MAPE Eb: 0.462
MAPE Rch: 0.285
--------------------------------------------------
**************************************************
Z=8, N=9, emax=4
RMSE Eb: 0.810
RMSE Rch: 0.011
MAPE Eb: 0.975
MAPE Rch: 0.322
--------------------------------------------------
**************************************************
Z=8, N=9, emax=8
RMSE Eb: 0.547
RMSE Rch: 0.013
MAPE Eb: 0.394
MAPE Rch: 0.389
--------------------------------------------------
**************************************************
Z=8, N=9, emax=6
RMSE Eb: 0.546
RMSE Rch: 0.009
MAPE Eb: 0.460
MAPE Rch: 0.262
--------------------------------------------------
**************************************************
Z=8, N=9, emax=10
RMSE Eb: 0.503
RMSE Rch: 0.012
MAPE Eb: 0.365
MAPE Rch: 0.359
--------------------------------------------------
**************************************************
Z=8, N=10, emax=4
RMSE Eb: 0.796
RMSE Rch: 0.009
MAPE Eb: 0.870
MAPE Rch: 0.247
--------------------------------------------------
**************************************************
Z=8, N=10, emax=6
RMSE Eb: 0.742
RMSE Rch: 0.008
MAPE Eb: 0.576
MAPE Rch: 0.234
--------------------------------------------------
**************************************************
Z=8, N=10, emax=8
RMSE Eb: 0.672
RMSE Rch: 0.013
MAPE Eb: 0.476
MAPE Rch: 0.399
--------------------------------------------------
**************************************************
Z=8, N=10, emax=10
RMSE Eb: 0.589
RMSE Rch: 0.008
MAPE Eb: 0.383
MAPE Rch: 0.234
--------------------------------------------------
**************************************************
Z=8, N=11, emax=8
RMSE Eb: 0.707
RMSE Rch: 0.012
MAPE Eb: 0.479
MAPE Rch: 0.359
--------------------------------------------------
**************************************************
Z=8, N=11, emax=4
RMSE Eb: 0.770
RMSE Rch: 0.009
MAPE Eb: 0.868
MAPE Rch: 0.279
--------------------------------------------------
**************************************************
Z=8, N=11, emax=6
RMSE Eb: 0.583
RMSE Rch: 0.008
MAPE Eb: 0.467
MAPE Rch: 0.225
--------------------------------------------------
**************************************************
Z=8, N=11, emax=10
RMSE Eb: 0.783
RMSE Rch: 0.009
MAPE Eb: 0.475
MAPE Rch: 0.282
--------------------------------------------------
**************************************************
Z=8, N=12, emax=6
RMSE Eb: 0.613
RMSE Rch: 0.007
MAPE Eb: 0.476
MAPE Rch: 0.222
--------------------------------------------------
**************************************************
Z=8, N=12, emax=8
RMSE Eb: 0.689
RMSE Rch: 0.010
MAPE Eb: 0.446
MAPE Rch: 0.286
--------------------------------------------------
**************************************************
Z=8, N=12, emax=4
RMSE Eb: 0.644
RMSE Rch: 0.008
MAPE Eb: 0.688
MAPE Rch: 0.219
--------------------------------------------------
**************************************************
Z=8, N=12, emax=10
RMSE Eb: 0.787
RMSE Rch: 0.011
MAPE Eb: 0.555
MAPE Rch: 0.358
--------------------------------------------------
**************************************************
Z=8, N=13, emax=8
RMSE Eb: 0.757
RMSE Rch: 0.009
MAPE Eb: 0.521
MAPE Rch: 0.262
--------------------------------------------------
**************************************************
Z=8, N=13, emax=4
RMSE Eb: 0.798
RMSE Rch: 0.009
MAPE Eb: 0.876
MAPE Rch: 0.248
--------------------------------------------------
**************************************************
Z=8, N=13, emax=6
RMSE Eb: 0.652
RMSE Rch: 0.010
MAPE Eb: 0.464
MAPE Rch: 0.294
--------------------------------------------------
**************************************************
Z=8, N=13, emax=10
RMSE Eb: 0.563
RMSE Rch: 0.012
MAPE Eb: 0.339
MAPE Rch: 0.365
--------------------------------------------------
**************************************************
Z=8, N=14, emax=6
RMSE Eb: 0.760
RMSE Rch: 0.010
MAPE Eb: 0.533
MAPE Rch: 0.267
--------------------------------------------------
**************************************************
Z=8, N=14, emax=10
RMSE Eb: 0.614
RMSE Rch: 0.015
MAPE Eb: 0.395
MAPE Rch: 0.445
--------------------------------------------------
**************************************************
Z=8, N=14, emax=4
RMSE Eb: 0.765
RMSE Rch: 0.008
MAPE Eb: 0.784
MAPE Rch: 0.228
--------------------------------------------------
**************************************************
Z=8, N=14, emax=8
RMSE Eb: 0.781
RMSE Rch: 0.010
MAPE Eb: 0.478
MAPE Rch: 0.286
--------------------------------------------------
**************************************************
Z=8, N=15, emax=8
RMSE Eb: 0.649
RMSE Rch: 0.011
MAPE Eb: 0.391
MAPE Rch: 0.329
--------------------------------------------------
**************************************************
Z=8, N=15, emax=6
RMSE Eb: 0.561
RMSE Rch: 0.012
MAPE Eb: 0.410
MAPE Rch: 0.360
--------------------------------------------------
**************************************************
Z=8, N=15, emax=4
RMSE Eb: 0.764
RMSE Rch: 0.012
MAPE Eb: 0.836
MAPE Rch: 0.346
--------------------------------------------------
**************************************************
Z=8, N=15, emax=10
RMSE Eb: 0.640
RMSE Rch: 0.019
MAPE Eb: 0.384
MAPE Rch: 0.575
--------------------------------------------------
**************************************************
Z=8, N=16, emax=4
RMSE Eb: 0.878
RMSE Rch: 0.011
MAPE Eb: 0.878
MAPE Rch: 0.304
--------------------------------------------------
**************************************************
Z=8, N=16, emax=8
RMSE Eb: 0.788
RMSE Rch: 0.010
MAPE Eb: 0.467
MAPE Rch: 0.292
--------------------------------------------------
**************************************************
Z=8, N=16, emax=6
RMSE Eb: 0.739
RMSE Rch: 0.013
MAPE Eb: 0.540
MAPE Rch: 0.401
--------------------------------------------------
**************************************************
Z=8, N=16, emax=10
RMSE Eb: 0.721
RMSE Rch: 0.014
MAPE Eb: 0.424
MAPE Rch: 0.402
--------------------------------------------------
