Activated conda environment
[DataLoader] Found 13 files matching the pattern.
[DataLoader] Combined data shape: (17234, 35)
[Preprocess] Data split => train: (11029, 35), val: (2758, 35), test: (3447, 35)
[Preprocess] Processed fidelity 4 (index 0): 3758 samples.
[Preprocess] Processed fidelity 6 (index 1): 3346 samples.
[Preprocess] Processed fidelity 8 (index 2): 3194 samples.
[Preprocess] Processed fidelity 10 (index 3): 731 samples.
[Preprocess] Processed fidelity 4 (index 0): 949 samples.
[Preprocess] Processed fidelity 6 (index 1): 833 samples.
[Preprocess] Processed fidelity 8 (index 2): 801 samples.
[Preprocess] Processed fidelity 10 (index 3): 175 samples.
Fidelity levels: [4, 6, 8, 10]
[Trainer] Starting BNN training...
[Trainer] No improvement. Iteration 8100. Early stopping counter: 1, LR counter: 1
[Trainer] No improvement. Iteration 8300. Early stopping counter: 1, LR counter: 1
[Trainer] No improvement. Iteration 8400. Early stopping counter: 2, LR counter: 2
[Trainer] No improvement. Iteration 8800. Early stopping counter: 1, LR counter: 1
[Trainer] No improvement. Iteration 8900. Early stopping counter: 2, LR counter: 2
[Trainer] No improvement. Iteration 9000. Early stopping counter: 3, LR counter: 3
[Trainer] No improvement. Iteration 9100. Early stopping counter: 4, LR counter: 4
[Trainer] No improvement. Iteration 9200. Early stopping counter: 5, LR counter: 5
[Trainer] No improvement. Iteration 9300. Early stopping counter: 6, LR counter: 6
[Trainer] No improvement. Iteration 9400. Early stopping counter: 7, LR counter: 7
[Trainer] No improvement. Iteration 9500. Early stopping counter: 8, LR counter: 8
[Trainer] No improvement. Iteration 9600. Early stopping counter: 9, LR counter: 9
[Trainer] No improvement. Iteration 9700. Early stopping counter: 10, LR counter: 10
[Trainer] No improvement. Iteration 9900. Early stopping counter: 1, LR counter: 1
[Trainer] No improvement. Iteration 10000. Early stopping counter: 2, LR counter: 2
[Trainer] No improvement. Iteration 10100. Early stopping counter: 3, LR counter: 3
[Trainer] No improvement. Iteration 10200. Early stopping counter: 4, LR counter: 4
[Trainer] No improvement. Iteration 10500. Early stopping counter: 1, LR counter: 1
[Trainer] No improvement. Iteration 10600. Early stopping counter: 2, LR counter: 2
[Trainer] No improvement. Iteration 10700. Early stopping counter: 3, LR counter: 3
[Trainer] No improvement. Iteration 10900. Early stopping counter: 1, LR counter: 1
[Trainer] No improvement. Iteration 11000. Early stopping counter: 2, LR counter: 2
[Trainer] No improvement. Iteration 11100. Early stopping counter: 3, LR counter: 3
[Trainer] No improvement. Iteration 11200. Early stopping counter: 4, LR counter: 4
[Trainer] No improvement. Iteration 11300. Early stopping counter: 5, LR counter: 5
[Trainer] No improvement. Iteration 11400. Early stopping counter: 6, LR counter: 6
[Trainer] No improvement. Iteration 11500. Early stopping counter: 7, LR counter: 7
[Trainer] No improvement. Iteration 11600. Early stopping counter: 8, LR counter: 8
[Trainer] No improvement. Iteration 11700. Early stopping counter: 9, LR counter: 9
[Trainer] No improvement. Iteration 11800. Early stopping counter: 10, LR counter: 10
[Trainer] No improvement. Iteration 11900. Early stopping counter: 11, LR counter: 11
[Trainer] No improvement. Iteration 12000. Early stopping counter: 12, LR counter: 12
[Trainer] No improvement. Iteration 12100. Early stopping counter: 13, LR counter: 13
[Trainer] No improvement. Iteration 12200. Early stopping counter: 14, LR counter: 14
[Trainer] No improvement. Iteration 12300. Early stopping counter: 15, LR counter: 15
[Trainer] No improvement. Iteration 12400. Early stopping counter: 16, LR counter: 16
[Trainer] No improvement. Iteration 12500. Early stopping counter: 17, LR counter: 17
[Trainer] No improvement. Iteration 12600. Early stopping counter: 18, LR counter: 18
[Trainer] No improvement. Iteration 12700. Early stopping counter: 19, LR counter: 19
[Trainer] No improvement. Iteration 12800. Early stopping counter: 20, LR counter: 20
[Trainer] No improvement. Iteration 12900. Early stopping counter: 21, LR counter: 21
[Trainer] No improvement. Iteration 13000. Early stopping counter: 22, LR counter: 22
[Trainer] No improvement. Iteration 13100. Early stopping counter: 23, LR counter: 23
[Trainer] No improvement. Iteration 13200. Early stopping counter: 24, LR counter: 24
[Trainer] No improvement. Iteration 13300. Early stopping counter: 25, LR counter: 25
[Trainer] Learning rate reduced to: 0.000010
[Trainer] No improvement. Iteration 13400. Early stopping counter: 26, LR counter: 1
[Trainer] No improvement. Iteration 13500. Early stopping counter: 27, LR counter: 2
[Trainer] No improvement. Iteration 13600. Early stopping counter: 28, LR counter: 3
[Trainer] No improvement. Iteration 13700. Early stopping counter: 29, LR counter: 4
[Trainer] No improvement. Iteration 13800. Early stopping counter: 30, LR counter: 5
[Trainer] No improvement. Iteration 13900. Early stopping counter: 31, LR counter: 6
[Trainer] No improvement. Iteration 14000. Early stopping counter: 32, LR counter: 7
[Trainer] No improvement. Iteration 14100. Early stopping counter: 33, LR counter: 8
[Trainer] No improvement. Iteration 14200. Early stopping counter: 34, LR counter: 9
[Trainer] No improvement. Iteration 14300. Early stopping counter: 35, LR counter: 10
[Trainer] No improvement. Iteration 14500. Early stopping counter: 1, LR counter: 1
[Trainer] No improvement. Iteration 14600. Early stopping counter: 2, LR counter: 2
[Trainer] No improvement. Iteration 14700. Early stopping counter: 3, LR counter: 3
[Trainer] No improvement. Iteration 14800. Early stopping counter: 4, LR counter: 4
[Trainer] No improvement. Iteration 15000. Early stopping counter: 1, LR counter: 1
[Trainer] No improvement. Iteration 15100. Early stopping counter: 2, LR counter: 2
[Trainer] No improvement. Iteration 15200. Early stopping counter: 3, LR counter: 3
[Trainer] No improvement. Iteration 15300. Early stopping counter: 4, LR counter: 4
[Trainer] No improvement. Iteration 15400. Early stopping counter: 5, LR counter: 5
[Trainer] No improvement. Iteration 15600. Early stopping counter: 1, LR counter: 1
[Trainer] No improvement. Iteration 15700. Early stopping counter: 2, LR counter: 2
[Trainer] No improvement. Iteration 15800. Early stopping counter: 3, LR counter: 3
[Trainer] No improvement. Iteration 15900. Early stopping counter: 4, LR counter: 4
[Trainer] No improvement. Iteration 16300. Early stopping counter: 1, LR counter: 1
[Trainer] No improvement. Iteration 16400. Early stopping counter: 2, LR counter: 2
[Trainer] No improvement. Iteration 16500. Early stopping counter: 3, LR counter: 3
[Trainer] No improvement. Iteration 16600. Early stopping counter: 4, LR counter: 4
[Trainer] No improvement. Iteration 16700. Early stopping counter: 5, LR counter: 5
[Trainer] No improvement. Iteration 17100. Early stopping counter: 1, LR counter: 1
[Trainer] No improvement. Iteration 17200. Early stopping counter: 2, LR counter: 2
[Trainer] No improvement. Iteration 17300. Early stopping counter: 3, LR counter: 3
[Trainer] No improvement. Iteration 17400. Early stopping counter: 4, LR counter: 4
[Trainer] No improvement. Iteration 17500. Early stopping counter: 5, LR counter: 5
[Trainer] No improvement. Iteration 17600. Early stopping counter: 6, LR counter: 6
[Trainer] No improvement. Iteration 17700. Early stopping counter: 7, LR counter: 7
[Trainer] No improvement. Iteration 17800. Early stopping counter: 8, LR counter: 8
[Trainer] No improvement. Iteration 17900. Early stopping counter: 9, LR counter: 9
[Trainer] No improvement. Iteration 18000. Early stopping counter: 10, LR counter: 10
[Trainer] No improvement. Iteration 18100. Early stopping counter: 11, LR counter: 11
[Trainer] No improvement. Iteration 18200. Early stopping counter: 12, LR counter: 12
[Trainer] No improvement. Iteration 18300. Early stopping counter: 13, LR counter: 13
[Trainer] No improvement. Iteration 18400. Early stopping counter: 14, LR counter: 14
[Trainer] No improvement. Iteration 18500. Early stopping counter: 15, LR counter: 15
[Trainer] No improvement. Iteration 18600. Early stopping counter: 16, LR counter: 16
[Trainer] No improvement. Iteration 18700. Early stopping counter: 17, LR counter: 17
[Trainer] No improvement. Iteration 18800. Early stopping counter: 18, LR counter: 18
[Trainer] No improvement. Iteration 18900. Early stopping counter: 19, LR counter: 19
[Trainer] No improvement. Iteration 19000. Early stopping counter: 20, LR counter: 20
[Trainer] No improvement. Iteration 19100. Early stopping counter: 21, LR counter: 21
[Trainer] No improvement. Iteration 19200. Early stopping counter: 22, LR counter: 22
[Trainer] No improvement. Iteration 19300. Early stopping counter: 23, LR counter: 23
[Trainer] No improvement. Iteration 19400. Early stopping counter: 24, LR counter: 24
[Trainer] No improvement. Iteration 19500. Early stopping counter: 25, LR counter: 25
[Trainer] Learning rate reduced to: 0.000001
[Trainer] No improvement. Iteration 19600. Early stopping counter: 26, LR counter: 1
[Trainer] No improvement. Iteration 19700. Early stopping counter: 27, LR counter: 2
[Trainer] No improvement. Iteration 19800. Early stopping counter: 28, LR counter: 3
[Trainer] No improvement. Iteration 19900. Early stopping counter: 29, LR counter: 4
[Trainer] No improvement. Iteration 20000. Early stopping counter: 30, LR counter: 5
[Trainer] No improvement. Iteration 20100. Early stopping counter: 31, LR counter: 6
[Trainer] No improvement. Iteration 20200. Early stopping counter: 32, LR counter: 7
[Trainer] No improvement. Iteration 20300. Early stopping counter: 33, LR counter: 8
[Trainer] No improvement. Iteration 20400. Early stopping counter: 34, LR counter: 9
[Trainer] No improvement. Iteration 20500. Early stopping counter: 35, LR counter: 10
[Trainer] No improvement. Iteration 20600. Early stopping counter: 36, LR counter: 11
[Trainer] No improvement. Iteration 20700. Early stopping counter: 37, LR counter: 12
[Trainer] No improvement. Iteration 20800. Early stopping counter: 38, LR counter: 13
[Trainer] No improvement. Iteration 20900. Early stopping counter: 39, LR counter: 14
[Trainer] No improvement. Iteration 21000. Early stopping counter: 40, LR counter: 15
[Trainer] No improvement. Iteration 21100. Early stopping counter: 41, LR counter: 16
[Trainer] No improvement. Iteration 21200. Early stopping counter: 42, LR counter: 17
[Trainer] No improvement. Iteration 21300. Early stopping counter: 43, LR counter: 18
[Trainer] No improvement. Iteration 21400. Early stopping counter: 44, LR counter: 19
[Trainer] No improvement. Iteration 21500. Early stopping counter: 45, LR counter: 20
[Trainer] No improvement. Iteration 21600. Early stopping counter: 46, LR counter: 21
[Trainer] No improvement. Iteration 21700. Early stopping counter: 47, LR counter: 22
[Trainer] No improvement. Iteration 21800. Early stopping counter: 48, LR counter: 23
[Trainer] No improvement. Iteration 21900. Early stopping counter: 49, LR counter: 24
[Trainer] No improvement. Iteration 22000. Early stopping counter: 50, LR counter: 25
[Trainer] Learning rate reduced to: 0.000000
[Trainer] Early stopping triggered.
[Trainer] Training completed.
[Trainer] Calibrating temperatures on validation set...
[Trainer] Temperature calibration finished. Calibrated temperatures: {4: 1.1705381870269775, 6: 1.0615993738174438, 8: 1.1335029602050781, 10: 1.1890817880630493}
[Trainer] BNN training completed.
**************************************************
Z=8, N=4, emax=4
RMSE Eb: 0.570
RMSE Rch: 0.008
MAPE Eb: 1.634
MAPE Rch: 0.355
--------------------------------------------------
**************************************************
Z=8, N=4, emax=10
RMSE Eb: 0.792
RMSE Rch: 0.025
MAPE Eb: 1.266
MAPE Rch: 1.280
--------------------------------------------------
**************************************************
Z=8, N=4, emax=6
RMSE Eb: 0.560
RMSE Rch: 0.008
MAPE Eb: 1.120
MAPE Rch: 0.345
--------------------------------------------------
**************************************************
Z=8, N=4, emax=8
RMSE Eb: 0.784
RMSE Rch: 0.015
MAPE Eb: 1.255
MAPE Rch: 0.729
--------------------------------------------------
**************************************************
Z=8, N=5, emax=8
RMSE Eb: 0.767
RMSE Rch: 0.015
MAPE Eb: 0.944
MAPE Rch: 0.705
--------------------------------------------------
**************************************************
Z=8, N=5, emax=6
RMSE Eb: 0.770
RMSE Rch: 0.008
MAPE Eb: 1.079
MAPE Rch: 0.411
--------------------------------------------------
**************************************************
Z=8, N=5, emax=4
RMSE Eb: 0.672
RMSE Rch: 0.008
MAPE Eb: 1.377
MAPE Rch: 0.403
--------------------------------------------------
**************************************************
Z=8, N=5, emax=10
RMSE Eb: 0.724
RMSE Rch: 0.013
MAPE Eb: 0.779
MAPE Rch: 0.773
--------------------------------------------------
**************************************************
Z=8, N=6, emax=4
RMSE Eb: 0.607
RMSE Rch: 0.007
MAPE Eb: 0.912
MAPE Rch: 0.339
--------------------------------------------------
**************************************************
Z=8, N=6, emax=6
RMSE Eb: 0.700
RMSE Rch: 0.006
MAPE Eb: 0.798
MAPE Rch: 0.301
--------------------------------------------------
**************************************************
Z=8, N=6, emax=8
RMSE Eb: 0.924
RMSE Rch: 0.011
MAPE Eb: 0.804
MAPE Rch: 0.548
--------------------------------------------------
**************************************************
Z=8, N=6, emax=10
RMSE Eb: 1.049
RMSE Rch: 0.013
MAPE Eb: 0.956
MAPE Rch: 0.664
--------------------------------------------------
**************************************************
Z=8, N=7, emax=8
RMSE Eb: 0.875
RMSE Rch: 0.012
MAPE Eb: 0.677
MAPE Rch: 0.580
--------------------------------------------------
**************************************************
Z=8, N=7, emax=10
RMSE Eb: 0.822
RMSE Rch: 0.014
MAPE Eb: 0.602
MAPE Rch: 0.779
--------------------------------------------------
**************************************************
Z=8, N=7, emax=6
RMSE Eb: 0.790
RMSE Rch: 0.012
MAPE Eb: 0.756
MAPE Rch: 0.604
--------------------------------------------------
**************************************************
Z=8, N=7, emax=4
RMSE Eb: 0.844
RMSE Rch: 0.012
MAPE Eb: 1.082
MAPE Rch: 0.606
--------------------------------------------------
**************************************************
Z=8, N=8, emax=4
RMSE Eb: 0.829
RMSE Rch: 0.010
MAPE Eb: 0.969
MAPE Rch: 0.252
--------------------------------------------------
**************************************************
Z=8, N=8, emax=8
RMSE Eb: 0.861
RMSE Rch: 0.012
MAPE Eb: 0.655
MAPE Rch: 0.298
--------------------------------------------------
**************************************************
Z=8, N=8, emax=6
RMSE Eb: 0.594
RMSE Rch: 0.009
MAPE Eb: 0.489
MAPE Rch: 0.263
--------------------------------------------------
**************************************************
Z=8, N=8, emax=10
RMSE Eb: 0.620
RMSE Rch: 0.018
MAPE Eb: 0.410
MAPE Rch: 0.577
--------------------------------------------------
**************************************************
Z=8, N=9, emax=8
RMSE Eb: 0.572
RMSE Rch: 0.010
MAPE Eb: 0.434
MAPE Rch: 0.287
--------------------------------------------------
**************************************************
Z=8, N=9, emax=6
RMSE Eb: 0.565
RMSE Rch: 0.010
MAPE Eb: 0.466
MAPE Rch: 0.312
--------------------------------------------------
**************************************************
Z=8, N=9, emax=4
RMSE Eb: 0.930
RMSE Rch: 0.010
MAPE Eb: 1.041
MAPE Rch: 0.259
--------------------------------------------------
**************************************************
Z=8, N=9, emax=10
RMSE Eb: 0.555
RMSE Rch: 0.008
MAPE Eb: 0.455
MAPE Rch: 0.190
--------------------------------------------------
**************************************************
Z=8, N=10, emax=4
RMSE Eb: 0.704
RMSE Rch: 0.012
MAPE Eb: 0.702
MAPE Rch: 0.387
--------------------------------------------------
**************************************************
Z=8, N=10, emax=10
RMSE Eb: 0.673
RMSE Rch: 0.016
MAPE Eb: 0.404
MAPE Rch: 0.537
--------------------------------------------------
**************************************************
Z=8, N=10, emax=6
RMSE Eb: 0.570
RMSE Rch: 0.014
MAPE Eb: 0.481
MAPE Rch: 0.447
--------------------------------------------------
**************************************************
Z=8, N=10, emax=8
RMSE Eb: 0.745
RMSE Rch: 0.014
MAPE Eb: 0.514
MAPE Rch: 0.441
--------------------------------------------------
**************************************************
Z=8, N=11, emax=4
RMSE Eb: 1.005
RMSE Rch: 0.010
MAPE Eb: 1.095
MAPE Rch: 0.299
--------------------------------------------------
**************************************************
Z=8, N=11, emax=6
RMSE Eb: 0.588
RMSE Rch: 0.010
MAPE Eb: 0.457
MAPE Rch: 0.298
--------------------------------------------------
**************************************************
Z=8, N=11, emax=8
RMSE Eb: 0.789
RMSE Rch: 0.010
MAPE Eb: 0.544
MAPE Rch: 0.307
--------------------------------------------------
**************************************************
Z=8, N=11, emax=10
RMSE Eb: 1.059
RMSE Rch: 0.012
MAPE Eb: 0.697
MAPE Rch: 0.408
--------------------------------------------------
**************************************************
Z=8, N=12, emax=6
RMSE Eb: 0.551
RMSE Rch: 0.007
MAPE Eb: 0.403
MAPE Rch: 0.200
--------------------------------------------------
**************************************************
Z=8, N=12, emax=4
RMSE Eb: 0.801
RMSE Rch: 0.006
MAPE Eb: 0.801
MAPE Rch: 0.167
--------------------------------------------------
**************************************************
Z=8, N=12, emax=8
RMSE Eb: 0.652
RMSE Rch: 0.007
MAPE Eb: 0.421
MAPE Rch: 0.207
--------------------------------------------------
**************************************************
Z=8, N=12, emax=10
RMSE Eb: 0.573
RMSE Rch: 0.012
MAPE Eb: 0.401
MAPE Rch: 0.348
--------------------------------------------------
**************************************************
Z=8, N=13, emax=8
RMSE Eb: 0.737
RMSE Rch: 0.009
MAPE Eb: 0.501
MAPE Rch: 0.252
--------------------------------------------------
**************************************************
Z=8, N=13, emax=4
RMSE Eb: 0.938
RMSE Rch: 0.008
MAPE Eb: 0.987
MAPE Rch: 0.222
--------------------------------------------------
**************************************************
Z=8, N=13, emax=10
RMSE Eb: 0.699
RMSE Rch: 0.011
MAPE Eb: 0.438
MAPE Rch: 0.351
--------------------------------------------------
**************************************************
Z=8, N=13, emax=6
RMSE Eb: 0.640
RMSE Rch: 0.007
MAPE Eb: 0.471
MAPE Rch: 0.198
--------------------------------------------------
**************************************************
Z=8, N=14, emax=8
RMSE Eb: 0.827
RMSE Rch: 0.017
MAPE Eb: 0.508
MAPE Rch: 0.509
--------------------------------------------------
**************************************************
Z=8, N=14, emax=4
RMSE Eb: 0.963
RMSE Rch: 0.016
MAPE Eb: 1.018
MAPE Rch: 0.438
--------------------------------------------------
**************************************************
Z=8, N=14, emax=6
RMSE Eb: 0.562
RMSE Rch: 0.008
MAPE Eb: 0.406
MAPE Rch: 0.232
--------------------------------------------------
**************************************************
Z=8, N=14, emax=10
RMSE Eb: 0.673
RMSE Rch: 0.018
MAPE Eb: 0.473
MAPE Rch: 0.529
--------------------------------------------------
**************************************************
Z=8, N=15, emax=8
RMSE Eb: 0.567
RMSE Rch: 0.009
MAPE Eb: 0.356
MAPE Rch: 0.237
--------------------------------------------------
**************************************************
Z=8, N=15, emax=4
RMSE Eb: 1.045
RMSE Rch: 0.011
MAPE Eb: 1.133
MAPE Rch: 0.326
--------------------------------------------------
**************************************************
Z=8, N=15, emax=6
RMSE Eb: 0.543
RMSE Rch: 0.012
MAPE Eb: 0.400
MAPE Rch: 0.361
--------------------------------------------------
**************************************************
Z=8, N=15, emax=10
RMSE Eb: 0.888
RMSE Rch: 0.016
MAPE Eb: 0.529
MAPE Rch: 0.478
--------------------------------------------------
**************************************************
Z=8, N=16, emax=8
RMSE Eb: 0.715
RMSE Rch: 0.009
MAPE Eb: 0.441
MAPE Rch: 0.272
--------------------------------------------------
**************************************************
Z=8, N=16, emax=6
RMSE Eb: 0.523
RMSE Rch: 0.010
MAPE Eb: 0.364
MAPE Rch: 0.296
--------------------------------------------------
**************************************************
Z=8, N=16, emax=10
RMSE Eb: 0.958
RMSE Rch: 0.015
MAPE Eb: 0.531
MAPE Rch: 0.452
--------------------------------------------------
**************************************************
Z=8, N=16, emax=4
RMSE Eb: 1.446
RMSE Rch: 0.008
MAPE Eb: 1.598
MAPE Rch: 0.204
--------------------------------------------------
Finished VAL for AE n=584
**************************************************
Z=8, N=4, emax=6
RMSE Eb: 0.693
RMSE Rch: 0.008
MAPE Eb: 1.267
MAPE Rch: 0.375
--------------------------------------------------
**************************************************
Z=8, N=4, emax=8
RMSE Eb: 0.716
RMSE Rch: 0.020
MAPE Eb: 1.169
MAPE Rch: 0.837
--------------------------------------------------
**************************************************
Z=8, N=4, emax=4
RMSE Eb: 0.624
RMSE Rch: 0.008
MAPE Eb: 1.733
MAPE Rch: 0.380
--------------------------------------------------
**************************************************
Z=8, N=4, emax=10
RMSE Eb: 1.404
RMSE Rch: 0.024
MAPE Eb: 2.153
MAPE Rch: 1.211
--------------------------------------------------
**************************************************
Z=8, N=5, emax=4
RMSE Eb: 0.664
RMSE Rch: 0.007
MAPE Eb: 1.245
MAPE Rch: 0.350
--------------------------------------------------
**************************************************
Z=8, N=5, emax=8
RMSE Eb: 0.785
RMSE Rch: 0.014
MAPE Eb: 0.968
MAPE Rch: 0.667
--------------------------------------------------
**************************************************
Z=8, N=5, emax=6
RMSE Eb: 0.698
RMSE Rch: 0.008
MAPE Eb: 0.973
MAPE Rch: 0.390
--------------------------------------------------
**************************************************
Z=8, N=5, emax=10
RMSE Eb: 0.594
RMSE Rch: 0.021
MAPE Eb: 0.728
MAPE Rch: 1.111
--------------------------------------------------
**************************************************
Z=8, N=6, emax=4
RMSE Eb: 0.695
RMSE Rch: 0.008
MAPE Eb: 0.940
MAPE Rch: 0.353
--------------------------------------------------
**************************************************
Z=8, N=6, emax=8
RMSE Eb: 1.094
RMSE Rch: 0.010
MAPE Eb: 0.993
MAPE Rch: 0.550
--------------------------------------------------
**************************************************
Z=8, N=6, emax=6
RMSE Eb: 0.648
RMSE Rch: 0.008
MAPE Eb: 0.671
MAPE Rch: 0.367
--------------------------------------------------
**************************************************
Z=8, N=6, emax=10
RMSE Eb: 0.630
RMSE Rch: 0.014
MAPE Eb: 0.549
MAPE Rch: 0.754
--------------------------------------------------
**************************************************
Z=8, N=7, emax=4
RMSE Eb: 0.744
RMSE Rch: 0.012
MAPE Eb: 0.897
MAPE Rch: 0.571
--------------------------------------------------
**************************************************
Z=8, N=7, emax=8
RMSE Eb: 0.961
RMSE Rch: 0.011
MAPE Eb: 0.783
MAPE Rch: 0.607
--------------------------------------------------
**************************************************
Z=8, N=7, emax=6
RMSE Eb: 0.736
RMSE Rch: 0.011
MAPE Eb: 0.687
MAPE Rch: 0.601
--------------------------------------------------
**************************************************
Z=8, N=7, emax=10
RMSE Eb: 0.783
RMSE Rch: 0.017
MAPE Eb: 0.601
MAPE Rch: 0.895
--------------------------------------------------
**************************************************
Z=8, N=8, emax=4
RMSE Eb: 0.731
RMSE Rch: 0.008
MAPE Eb: 0.737
MAPE Rch: 0.230
--------------------------------------------------
**************************************************
Z=8, N=8, emax=6
RMSE Eb: 0.656
RMSE Rch: 0.008
MAPE Eb: 0.535
MAPE Rch: 0.240
--------------------------------------------------
**************************************************
Z=8, N=8, emax=8
RMSE Eb: 0.588
RMSE Rch: 0.010
MAPE Eb: 0.443
MAPE Rch: 0.306
--------------------------------------------------
**************************************************
Z=8, N=8, emax=10
RMSE Eb: 1.039
RMSE Rch: 0.009
MAPE Eb: 0.795
MAPE Rch: 0.274
--------------------------------------------------
**************************************************
Z=8, N=9, emax=4
RMSE Eb: 0.929
RMSE Rch: 0.010
MAPE Eb: 1.039
MAPE Rch: 0.276
--------------------------------------------------
**************************************************
Z=8, N=9, emax=8
RMSE Eb: 0.801
RMSE Rch: 0.010
MAPE Eb: 0.562
MAPE Rch: 0.294
--------------------------------------------------
**************************************************
Z=8, N=9, emax=6
RMSE Eb: 0.720
RMSE Rch: 0.010
MAPE Eb: 0.589
MAPE Rch: 0.297
--------------------------------------------------
**************************************************
Z=8, N=9, emax=10
RMSE Eb: 0.914
RMSE Rch: 0.013
MAPE Eb: 0.581
MAPE Rch: 0.414
--------------------------------------------------
**************************************************
Z=8, N=10, emax=4
RMSE Eb: 0.854
RMSE Rch: 0.013
MAPE Eb: 0.937
MAPE Rch: 0.400
--------------------------------------------------
**************************************************
Z=8, N=10, emax=6
RMSE Eb: 0.502
RMSE Rch: 0.012
MAPE Eb: 0.391
MAPE Rch: 0.401
--------------------------------------------------
**************************************************
Z=8, N=10, emax=8
RMSE Eb: 0.693
RMSE Rch: 0.012
MAPE Eb: 0.533
MAPE Rch: 0.377
--------------------------------------------------
**************************************************
Z=8, N=10, emax=10
RMSE Eb: 0.675
RMSE Rch: 0.018
MAPE Eb: 0.437
MAPE Rch: 0.608
--------------------------------------------------
**************************************************
Z=8, N=11, emax=8
RMSE Eb: 0.655
RMSE Rch: 0.011
MAPE Eb: 0.457
MAPE Rch: 0.342
--------------------------------------------------
**************************************************
Z=8, N=11, emax=4
RMSE Eb: 0.811
RMSE Rch: 0.010
MAPE Eb: 0.894
MAPE Rch: 0.317
--------------------------------------------------
**************************************************
Z=8, N=11, emax=6
RMSE Eb: 0.545
RMSE Rch: 0.009
MAPE Eb: 0.453
MAPE Rch: 0.287
--------------------------------------------------
**************************************************
Z=8, N=11, emax=10
RMSE Eb: 0.748
RMSE Rch: 0.014
MAPE Eb: 0.524
MAPE Rch: 0.453
--------------------------------------------------
**************************************************
Z=8, N=12, emax=6
RMSE Eb: 0.511
RMSE Rch: 0.007
MAPE Eb: 0.367
MAPE Rch: 0.202
--------------------------------------------------
**************************************************
Z=8, N=12, emax=8
RMSE Eb: 0.606
RMSE Rch: 0.008
MAPE Eb: 0.383
MAPE Rch: 0.225
--------------------------------------------------
**************************************************
Z=8, N=12, emax=4
RMSE Eb: 0.776
RMSE Rch: 0.007
MAPE Eb: 0.811
MAPE Rch: 0.183
--------------------------------------------------
**************************************************
Z=8, N=12, emax=10
RMSE Eb: 0.544
RMSE Rch: 0.010
MAPE Eb: 0.368
MAPE Rch: 0.287
--------------------------------------------------
**************************************************
Z=8, N=13, emax=8
RMSE Eb: 0.707
RMSE Rch: 0.009
MAPE Eb: 0.475
MAPE Rch: 0.260
--------------------------------------------------
**************************************************
Z=8, N=13, emax=4
RMSE Eb: 0.870
RMSE Rch: 0.008
MAPE Eb: 0.969
MAPE Rch: 0.201
--------------------------------------------------
**************************************************
Z=8, N=13, emax=6
RMSE Eb: 0.532
RMSE Rch: 0.007
MAPE Eb: 0.391
MAPE Rch: 0.182
--------------------------------------------------
**************************************************
Z=8, N=13, emax=10
RMSE Eb: 0.554
RMSE Rch: 0.013
MAPE Eb: 0.380
MAPE Rch: 0.340
--------------------------------------------------
**************************************************
Z=8, N=14, emax=6
RMSE Eb: 0.567
RMSE Rch: 0.009
MAPE Eb: 0.398
MAPE Rch: 0.280
--------------------------------------------------
**************************************************
Z=8, N=14, emax=10
RMSE Eb: 0.467
RMSE Rch: 0.023
MAPE Eb: 0.261
MAPE Rch: 0.654
--------------------------------------------------
**************************************************
Z=8, N=14, emax=4
RMSE Eb: 1.011
RMSE Rch: 0.013
MAPE Eb: 1.042
MAPE Rch: 0.369
--------------------------------------------------
**************************************************
Z=8, N=14, emax=8
RMSE Eb: 0.647
RMSE Rch: 0.019
MAPE Eb: 0.380
MAPE Rch: 0.561
--------------------------------------------------
**************************************************
Z=8, N=15, emax=8
RMSE Eb: 0.629
RMSE Rch: 0.009
MAPE Eb: 0.385
MAPE Rch: 0.266
--------------------------------------------------
**************************************************
Z=8, N=15, emax=6
RMSE Eb: 0.565
RMSE Rch: 0.011
MAPE Eb: 0.410
MAPE Rch: 0.335
--------------------------------------------------
**************************************************
Z=8, N=15, emax=4
RMSE Eb: 1.176
RMSE Rch: 0.011
MAPE Eb: 1.283
MAPE Rch: 0.335
--------------------------------------------------
**************************************************
Z=8, N=15, emax=10
RMSE Eb: 0.839
RMSE Rch: 0.013
MAPE Eb: 0.524
MAPE Rch: 0.382
--------------------------------------------------
**************************************************
Z=8, N=16, emax=4
RMSE Eb: 1.348
RMSE Rch: 0.010
MAPE Eb: 1.470
MAPE Rch: 0.270
--------------------------------------------------
**************************************************
Z=8, N=16, emax=8
RMSE Eb: 0.836
RMSE Rch: 0.009
MAPE Eb: 0.513
MAPE Rch: 0.258
--------------------------------------------------
**************************************************
Z=8, N=16, emax=6
RMSE Eb: 0.603
RMSE Rch: 0.010
MAPE Eb: 0.425
MAPE Rch: 0.290
--------------------------------------------------
**************************************************
Z=8, N=16, emax=10
RMSE Eb: 1.030
RMSE Rch: 0.012
MAPE Eb: 0.593
MAPE Rch: 0.379
--------------------------------------------------
