Activated conda environment
[DataLoader] Found 13 files matching the pattern.
[DataLoader] Combined data shape: (17234, 35)
[Preprocess] Data split => train: (11029, 35), val: (2758, 35), test: (3447, 35)
[Preprocess] Processed fidelity 4 (index 0): 3758 samples.
[Preprocess] Processed fidelity 6 (index 1): 3346 samples.
[Preprocess] Processed fidelity 8 (index 2): 3194 samples.
[Preprocess] Processed fidelity 10 (index 3): 731 samples.
[Preprocess] Processed fidelity 4 (index 0): 949 samples.
[Preprocess] Processed fidelity 6 (index 1): 833 samples.
[Preprocess] Processed fidelity 8 (index 2): 801 samples.
[Preprocess] Processed fidelity 10 (index 3): 175 samples.
Fidelity levels: [4, 6, 8, 10]
[Trainer] Starting BNN training...
[Trainer] No improvement. Iteration 9900. Early stopping counter: 1, LR counter: 1
[Trainer] No improvement. Iteration 10000. Early stopping counter: 2, LR counter: 2
[Trainer] No improvement. Iteration 10100. Early stopping counter: 3, LR counter: 3
[Trainer] No improvement. Iteration 10200. Early stopping counter: 4, LR counter: 4
[Trainer] No improvement. Iteration 10300. Early stopping counter: 5, LR counter: 5
[Trainer] No improvement. Iteration 10400. Early stopping counter: 6, LR counter: 6
[Trainer] No improvement. Iteration 10500. Early stopping counter: 7, LR counter: 7
[Trainer] No improvement. Iteration 10600. Early stopping counter: 8, LR counter: 8
[Trainer] No improvement. Iteration 10800. Early stopping counter: 1, LR counter: 1
[Trainer] No improvement. Iteration 10900. Early stopping counter: 2, LR counter: 2
[Trainer] No improvement. Iteration 11000. Early stopping counter: 3, LR counter: 3
[Trainer] No improvement. Iteration 11100. Early stopping counter: 4, LR counter: 4
[Trainer] No improvement. Iteration 11300. Early stopping counter: 1, LR counter: 1
[Trainer] No improvement. Iteration 11400. Early stopping counter: 2, LR counter: 2
[Trainer] No improvement. Iteration 11500. Early stopping counter: 3, LR counter: 3
[Trainer] No improvement. Iteration 11600. Early stopping counter: 4, LR counter: 4
[Trainer] No improvement. Iteration 11700. Early stopping counter: 5, LR counter: 5
[Trainer] No improvement. Iteration 11800. Early stopping counter: 6, LR counter: 6
[Trainer] No improvement. Iteration 11900. Early stopping counter: 7, LR counter: 7
[Trainer] No improvement. Iteration 12000. Early stopping counter: 8, LR counter: 8
[Trainer] No improvement. Iteration 12100. Early stopping counter: 9, LR counter: 9
[Trainer] No improvement. Iteration 12200. Early stopping counter: 10, LR counter: 10
[Trainer] No improvement. Iteration 12300. Early stopping counter: 11, LR counter: 11
[Trainer] No improvement. Iteration 12400. Early stopping counter: 12, LR counter: 12
[Trainer] No improvement. Iteration 12500. Early stopping counter: 13, LR counter: 13
[Trainer] No improvement. Iteration 12600. Early stopping counter: 14, LR counter: 14
[Trainer] No improvement. Iteration 12700. Early stopping counter: 15, LR counter: 15
[Trainer] No improvement. Iteration 12800. Early stopping counter: 16, LR counter: 16
[Trainer] No improvement. Iteration 12900. Early stopping counter: 17, LR counter: 17
[Trainer] No improvement. Iteration 13000. Early stopping counter: 18, LR counter: 18
[Trainer] No improvement. Iteration 13100. Early stopping counter: 19, LR counter: 19
[Trainer] No improvement. Iteration 13200. Early stopping counter: 20, LR counter: 20
[Trainer] No improvement. Iteration 13300. Early stopping counter: 21, LR counter: 21
[Trainer] No improvement. Iteration 13400. Early stopping counter: 22, LR counter: 22
[Trainer] No improvement. Iteration 13500. Early stopping counter: 23, LR counter: 23
[Trainer] No improvement. Iteration 13600. Early stopping counter: 24, LR counter: 24
[Trainer] No improvement. Iteration 13700. Early stopping counter: 25, LR counter: 25
[Trainer] Learning rate reduced to: 0.000010
[Trainer] No improvement. Iteration 13800. Early stopping counter: 26, LR counter: 1
[Trainer] No improvement. Iteration 13900. Early stopping counter: 27, LR counter: 2
[Trainer] No improvement. Iteration 14000. Early stopping counter: 28, LR counter: 3
[Trainer] No improvement. Iteration 14100. Early stopping counter: 29, LR counter: 4
[Trainer] No improvement. Iteration 14200. Early stopping counter: 30, LR counter: 5
[Trainer] No improvement. Iteration 14300. Early stopping counter: 31, LR counter: 6
[Trainer] No improvement. Iteration 14400. Early stopping counter: 32, LR counter: 7
[Trainer] No improvement. Iteration 14500. Early stopping counter: 33, LR counter: 8
[Trainer] No improvement. Iteration 14700. Early stopping counter: 1, LR counter: 1
[Trainer] No improvement. Iteration 15100. Early stopping counter: 1, LR counter: 1
[Trainer] No improvement. Iteration 15300. Early stopping counter: 1, LR counter: 1
[Trainer] No improvement. Iteration 15400. Early stopping counter: 2, LR counter: 2
[Trainer] No improvement. Iteration 15500. Early stopping counter: 3, LR counter: 3
[Trainer] No improvement. Iteration 15600. Early stopping counter: 4, LR counter: 4
[Trainer] No improvement. Iteration 15700. Early stopping counter: 5, LR counter: 5
[Trainer] No improvement. Iteration 15800. Early stopping counter: 6, LR counter: 6
[Trainer] No improvement. Iteration 15900. Early stopping counter: 7, LR counter: 7
[Trainer] No improvement. Iteration 16000. Early stopping counter: 8, LR counter: 8
[Trainer] No improvement. Iteration 16100. Early stopping counter: 9, LR counter: 9
[Trainer] No improvement. Iteration 16200. Early stopping counter: 10, LR counter: 10
[Trainer] No improvement. Iteration 16300. Early stopping counter: 11, LR counter: 11
[Trainer] No improvement. Iteration 16400. Early stopping counter: 12, LR counter: 12
[Trainer] No improvement. Iteration 16500. Early stopping counter: 13, LR counter: 13
[Trainer] No improvement. Iteration 16600. Early stopping counter: 14, LR counter: 14
[Trainer] No improvement. Iteration 16700. Early stopping counter: 15, LR counter: 15
[Trainer] No improvement. Iteration 16800. Early stopping counter: 16, LR counter: 16
[Trainer] No improvement. Iteration 16900. Early stopping counter: 17, LR counter: 17
[Trainer] No improvement. Iteration 17000. Early stopping counter: 18, LR counter: 18
[Trainer] No improvement. Iteration 17100. Early stopping counter: 19, LR counter: 19
[Trainer] No improvement. Iteration 17200. Early stopping counter: 20, LR counter: 20
[Trainer] No improvement. Iteration 17300. Early stopping counter: 21, LR counter: 21
[Trainer] No improvement. Iteration 17400. Early stopping counter: 22, LR counter: 22
[Trainer] No improvement. Iteration 17500. Early stopping counter: 23, LR counter: 23
[Trainer] No improvement. Iteration 17600. Early stopping counter: 24, LR counter: 24
[Trainer] No improvement. Iteration 17700. Early stopping counter: 25, LR counter: 25
[Trainer] Learning rate reduced to: 0.000001
[Trainer] No improvement. Iteration 17800. Early stopping counter: 26, LR counter: 1
[Trainer] No improvement. Iteration 17900. Early stopping counter: 27, LR counter: 2
[Trainer] No improvement. Iteration 18000. Early stopping counter: 28, LR counter: 3
[Trainer] No improvement. Iteration 18100. Early stopping counter: 29, LR counter: 4
[Trainer] No improvement. Iteration 18200. Early stopping counter: 30, LR counter: 5
[Trainer] No improvement. Iteration 18300. Early stopping counter: 31, LR counter: 6
[Trainer] No improvement. Iteration 18400. Early stopping counter: 32, LR counter: 7
[Trainer] No improvement. Iteration 18500. Early stopping counter: 33, LR counter: 8
[Trainer] No improvement. Iteration 18600. Early stopping counter: 34, LR counter: 9
[Trainer] No improvement. Iteration 18700. Early stopping counter: 35, LR counter: 10
[Trainer] No improvement. Iteration 18800. Early stopping counter: 36, LR counter: 11
[Trainer] No improvement. Iteration 18900. Early stopping counter: 37, LR counter: 12
[Trainer] No improvement. Iteration 19000. Early stopping counter: 38, LR counter: 13
[Trainer] No improvement. Iteration 19100. Early stopping counter: 39, LR counter: 14
[Trainer] No improvement. Iteration 19200. Early stopping counter: 40, LR counter: 15
[Trainer] No improvement. Iteration 19500. Early stopping counter: 1, LR counter: 1
[Trainer] No improvement. Iteration 19800. Early stopping counter: 1, LR counter: 1
[Trainer] No improvement. Iteration 19900. Early stopping counter: 2, LR counter: 2
[Trainer] No improvement. Iteration 20000. Early stopping counter: 3, LR counter: 3
[Trainer] No improvement. Iteration 20600. Early stopping counter: 1, LR counter: 1
[Trainer] No improvement. Iteration 20700. Early stopping counter: 2, LR counter: 2
[Trainer] No improvement. Iteration 20800. Early stopping counter: 3, LR counter: 3
[Trainer] No improvement. Iteration 21000. Early stopping counter: 1, LR counter: 1
[Trainer] No improvement. Iteration 21100. Early stopping counter: 2, LR counter: 2
[Trainer] No improvement. Iteration 21200. Early stopping counter: 3, LR counter: 3
[Trainer] No improvement. Iteration 21300. Early stopping counter: 4, LR counter: 4
[Trainer] No improvement. Iteration 21400. Early stopping counter: 5, LR counter: 5
[Trainer] No improvement. Iteration 21500. Early stopping counter: 6, LR counter: 6
[Trainer] No improvement. Iteration 21600. Early stopping counter: 7, LR counter: 7
[Trainer] No improvement. Iteration 21700. Early stopping counter: 8, LR counter: 8
[Trainer] No improvement. Iteration 21800. Early stopping counter: 9, LR counter: 9
[Trainer] No improvement. Iteration 21900. Early stopping counter: 10, LR counter: 10
[Trainer] No improvement. Iteration 22000. Early stopping counter: 11, LR counter: 11
[Trainer] No improvement. Iteration 22100. Early stopping counter: 12, LR counter: 12
[Trainer] No improvement. Iteration 22200. Early stopping counter: 13, LR counter: 13
[Trainer] No improvement. Iteration 22300. Early stopping counter: 14, LR counter: 14
[Trainer] No improvement. Iteration 22400. Early stopping counter: 15, LR counter: 15
[Trainer] No improvement. Iteration 22500. Early stopping counter: 16, LR counter: 16
[Trainer] No improvement. Iteration 22600. Early stopping counter: 17, LR counter: 17
[Trainer] No improvement. Iteration 22700. Early stopping counter: 18, LR counter: 18
[Trainer] No improvement. Iteration 22800. Early stopping counter: 19, LR counter: 19
[Trainer] No improvement. Iteration 22900. Early stopping counter: 20, LR counter: 20
[Trainer] No improvement. Iteration 23000. Early stopping counter: 21, LR counter: 21
[Trainer] No improvement. Iteration 23100. Early stopping counter: 22, LR counter: 22
[Trainer] No improvement. Iteration 23200. Early stopping counter: 23, LR counter: 23
[Trainer] No improvement. Iteration 23300. Early stopping counter: 24, LR counter: 24
[Trainer] No improvement. Iteration 23400. Early stopping counter: 25, LR counter: 25
[Trainer] Learning rate reduced to: 0.000000
[Trainer] No improvement. Iteration 23500. Early stopping counter: 26, LR counter: 1
[Trainer] No improvement. Iteration 23600. Early stopping counter: 27, LR counter: 2
[Trainer] No improvement. Iteration 23700. Early stopping counter: 28, LR counter: 3
[Trainer] No improvement. Iteration 23800. Early stopping counter: 29, LR counter: 4
[Trainer] No improvement. Iteration 23900. Early stopping counter: 30, LR counter: 5
[Trainer] No improvement. Iteration 24000. Early stopping counter: 31, LR counter: 6
[Trainer] No improvement. Iteration 24100. Early stopping counter: 32, LR counter: 7
[Trainer] No improvement. Iteration 24200. Early stopping counter: 33, LR counter: 8
[Trainer] No improvement. Iteration 24300. Early stopping counter: 34, LR counter: 9
[Trainer] No improvement. Iteration 24400. Early stopping counter: 35, LR counter: 10
[Trainer] No improvement. Iteration 24500. Early stopping counter: 36, LR counter: 11
[Trainer] No improvement. Iteration 24600. Early stopping counter: 37, LR counter: 12
[Trainer] No improvement. Iteration 24700. Early stopping counter: 38, LR counter: 13
[Trainer] No improvement. Iteration 24800. Early stopping counter: 39, LR counter: 14
[Trainer] No improvement. Iteration 24900. Early stopping counter: 40, LR counter: 15
[Trainer] No improvement. Iteration 25000. Early stopping counter: 41, LR counter: 16
[Trainer] No improvement. Iteration 25100. Early stopping counter: 42, LR counter: 17
[Trainer] No improvement. Iteration 25200. Early stopping counter: 43, LR counter: 18
[Trainer] No improvement. Iteration 25300. Early stopping counter: 44, LR counter: 19
[Trainer] No improvement. Iteration 25400. Early stopping counter: 45, LR counter: 20
[Trainer] No improvement. Iteration 25500. Early stopping counter: 46, LR counter: 21
[Trainer] No improvement. Iteration 25600. Early stopping counter: 47, LR counter: 22
[Trainer] No improvement. Iteration 25700. Early stopping counter: 48, LR counter: 23
[Trainer] No improvement. Iteration 25800. Early stopping counter: 49, LR counter: 24
[Trainer] No improvement. Iteration 25900. Early stopping counter: 50, LR counter: 25
[Trainer] Learning rate reduced to: 0.000000
[Trainer] Early stopping triggered.
[Trainer] Training completed.
[Trainer] Calibrating temperatures on validation set...
[Trainer] Temperature calibration finished. Calibrated temperatures: {4: 1.0586146116256714, 6: 0.9558669328689575, 8: 0.9957605600357056, 10: 1.1240445375442505}
[Trainer] BNN training completed.
**************************************************
Z=8, N=4, emax=4
RMSE Eb: 0.758
RMSE Rch: 0.008
MAPE Eb: 2.330
MAPE Rch: 0.362
--------------------------------------------------
**************************************************
Z=8, N=4, emax=10
RMSE Eb: 1.582
RMSE Rch: 0.042
MAPE Eb: 2.548
MAPE Rch: 2.125
--------------------------------------------------
**************************************************
Z=8, N=4, emax=6
RMSE Eb: 1.197
RMSE Rch: 0.017
MAPE Eb: 2.281
MAPE Rch: 0.786
--------------------------------------------------
**************************************************
Z=8, N=4, emax=8
RMSE Eb: 1.064
RMSE Rch: 0.022
MAPE Eb: 1.712
MAPE Rch: 1.031
--------------------------------------------------
**************************************************
Z=8, N=5, emax=8
RMSE Eb: 0.953
RMSE Rch: 0.015
MAPE Eb: 1.147
MAPE Rch: 0.761
--------------------------------------------------
**************************************************
Z=8, N=5, emax=6
RMSE Eb: 0.974
RMSE Rch: 0.012
MAPE Eb: 1.463
MAPE Rch: 0.552
--------------------------------------------------
**************************************************
Z=8, N=5, emax=4
RMSE Eb: 0.699
RMSE Rch: 0.008
MAPE Eb: 1.252
MAPE Rch: 0.388
--------------------------------------------------
**************************************************
Z=8, N=5, emax=10
RMSE Eb: 0.881
RMSE Rch: 0.020
MAPE Eb: 1.165
MAPE Rch: 1.166
--------------------------------------------------
**************************************************
Z=8, N=6, emax=4
RMSE Eb: 0.675
RMSE Rch: 0.008
MAPE Eb: 1.013
MAPE Rch: 0.367
--------------------------------------------------
**************************************************
Z=8, N=6, emax=6
RMSE Eb: 0.924
RMSE Rch: 0.013
MAPE Eb: 0.966
MAPE Rch: 0.653
--------------------------------------------------
**************************************************
Z=8, N=6, emax=8
RMSE Eb: 0.982
RMSE Rch: 0.018
MAPE Eb: 0.976
MAPE Rch: 0.886
--------------------------------------------------
**************************************************
Z=8, N=6, emax=10
RMSE Eb: 0.739
RMSE Rch: 0.017
MAPE Eb: 0.695
MAPE Rch: 0.980
--------------------------------------------------
**************************************************
Z=8, N=7, emax=8
RMSE Eb: 1.174
RMSE Rch: 0.013
MAPE Eb: 0.927
MAPE Rch: 0.655
--------------------------------------------------
**************************************************
Z=8, N=7, emax=10
RMSE Eb: 0.830
RMSE Rch: 0.018
MAPE Eb: 0.671
MAPE Rch: 0.921
--------------------------------------------------
**************************************************
Z=8, N=7, emax=6
RMSE Eb: 0.955
RMSE Rch: 0.013
MAPE Eb: 0.945
MAPE Rch: 0.659
--------------------------------------------------
**************************************************
Z=8, N=7, emax=4
RMSE Eb: 0.597
RMSE Rch: 0.010
MAPE Eb: 0.758
MAPE Rch: 0.522
--------------------------------------------------
**************************************************
Z=8, N=8, emax=4
RMSE Eb: 0.867
RMSE Rch: 0.013
MAPE Eb: 0.918
MAPE Rch: 0.363
--------------------------------------------------
**************************************************
Z=8, N=8, emax=8
RMSE Eb: 1.252
RMSE Rch: 0.018
MAPE Eb: 0.942
MAPE Rch: 0.504
--------------------------------------------------
**************************************************
Z=8, N=8, emax=6
RMSE Eb: 0.891
RMSE Rch: 0.013
MAPE Eb: 0.732
MAPE Rch: 0.366
--------------------------------------------------
**************************************************
Z=8, N=8, emax=10
RMSE Eb: 1.699
RMSE Rch: 0.013
MAPE Eb: 1.263
MAPE Rch: 0.366
--------------------------------------------------
**************************************************
Z=8, N=9, emax=8
RMSE Eb: 1.116
RMSE Rch: 0.007
MAPE Eb: 0.884
MAPE Rch: 0.214
--------------------------------------------------
**************************************************
Z=8, N=9, emax=6
RMSE Eb: 1.023
RMSE Rch: 0.011
MAPE Eb: 0.869
MAPE Rch: 0.329
--------------------------------------------------
**************************************************
Z=8, N=9, emax=4
RMSE Eb: 1.103
RMSE Rch: 0.010
MAPE Eb: 1.109
MAPE Rch: 0.271
--------------------------------------------------
**************************************************
Z=8, N=9, emax=10
RMSE Eb: 1.128
RMSE Rch: 0.009
MAPE Eb: 0.772
MAPE Rch: 0.242
--------------------------------------------------
**************************************************
Z=8, N=10, emax=4
RMSE Eb: 0.834
RMSE Rch: 0.009
MAPE Eb: 0.869
MAPE Rch: 0.242
--------------------------------------------------
**************************************************
Z=8, N=10, emax=10
RMSE Eb: 0.739
RMSE Rch: 0.012
MAPE Eb: 0.500
MAPE Rch: 0.331
--------------------------------------------------
**************************************************
Z=8, N=10, emax=6
RMSE Eb: 1.024
RMSE Rch: 0.012
MAPE Eb: 0.863
MAPE Rch: 0.324
--------------------------------------------------
**************************************************
Z=8, N=10, emax=8
RMSE Eb: 0.997
RMSE Rch: 0.009
MAPE Eb: 0.686
MAPE Rch: 0.242
--------------------------------------------------
**************************************************
Z=8, N=11, emax=4
RMSE Eb: 1.018
RMSE Rch: 0.008
MAPE Eb: 0.986
MAPE Rch: 0.231
--------------------------------------------------
**************************************************
Z=8, N=11, emax=6
RMSE Eb: 1.059
RMSE Rch: 0.009
MAPE Eb: 0.773
MAPE Rch: 0.253
--------------------------------------------------
**************************************************
Z=8, N=11, emax=8
RMSE Eb: 1.201
RMSE Rch: 0.012
MAPE Eb: 0.790
MAPE Rch: 0.333
--------------------------------------------------
**************************************************
Z=8, N=11, emax=10
RMSE Eb: 1.233
RMSE Rch: 0.006
MAPE Eb: 0.838
MAPE Rch: 0.147
--------------------------------------------------
**************************************************
Z=8, N=12, emax=6
RMSE Eb: 1.088
RMSE Rch: 0.012
MAPE Eb: 0.757
MAPE Rch: 0.338
--------------------------------------------------
**************************************************
Z=8, N=12, emax=4
RMSE Eb: 0.926
RMSE Rch: 0.009
MAPE Eb: 0.963
MAPE Rch: 0.257
--------------------------------------------------
**************************************************
Z=8, N=12, emax=8
RMSE Eb: 1.007
RMSE Rch: 0.009
MAPE Eb: 0.677
MAPE Rch: 0.258
--------------------------------------------------
**************************************************
Z=8, N=12, emax=10
RMSE Eb: 1.130
RMSE Rch: 0.007
MAPE Eb: 0.759
MAPE Rch: 0.188
--------------------------------------------------
**************************************************
Z=8, N=13, emax=8
RMSE Eb: 1.129
RMSE Rch: 0.009
MAPE Eb: 0.681
MAPE Rch: 0.251
--------------------------------------------------
**************************************************
Z=8, N=13, emax=4
RMSE Eb: 0.910
RMSE Rch: 0.010
MAPE Eb: 0.846
MAPE Rch: 0.273
--------------------------------------------------
**************************************************
Z=8, N=13, emax=10
RMSE Eb: 0.906
RMSE Rch: 0.008
MAPE Eb: 0.570
MAPE Rch: 0.220
--------------------------------------------------
**************************************************
Z=8, N=13, emax=6
RMSE Eb: 1.048
RMSE Rch: 0.012
MAPE Eb: 0.837
MAPE Rch: 0.335
--------------------------------------------------
**************************************************
Z=8, N=14, emax=8
RMSE Eb: 1.259
RMSE Rch: 0.015
MAPE Eb: 0.789
MAPE Rch: 0.396
--------------------------------------------------
**************************************************
Z=8, N=14, emax=4
RMSE Eb: 1.151
RMSE Rch: 0.012
MAPE Eb: 1.180
MAPE Rch: 0.344
--------------------------------------------------
**************************************************
Z=8, N=14, emax=6
RMSE Eb: 0.934
RMSE Rch: 0.011
MAPE Eb: 0.633
MAPE Rch: 0.299
--------------------------------------------------
**************************************************
Z=8, N=14, emax=10
RMSE Eb: 0.982
RMSE Rch: 0.015
MAPE Eb: 0.646
MAPE Rch: 0.431
--------------------------------------------------
**************************************************
Z=8, N=15, emax=8
RMSE Eb: 0.946
RMSE Rch: 0.010
MAPE Eb: 0.574
MAPE Rch: 0.271
--------------------------------------------------
**************************************************
Z=8, N=15, emax=4
RMSE Eb: 1.015
RMSE Rch: 0.010
MAPE Eb: 0.967
MAPE Rch: 0.289
--------------------------------------------------
**************************************************
Z=8, N=15, emax=6
RMSE Eb: 1.229
RMSE Rch: 0.010
MAPE Eb: 0.857
MAPE Rch: 0.277
--------------------------------------------------
**************************************************
Z=8, N=15, emax=10
RMSE Eb: 1.480
RMSE Rch: 0.011
MAPE Eb: 0.730
MAPE Rch: 0.244
--------------------------------------------------
**************************************************
Z=8, N=16, emax=8
RMSE Eb: 1.697
RMSE Rch: 0.014
MAPE Eb: 0.988
MAPE Rch: 0.383
--------------------------------------------------
**************************************************
Z=8, N=16, emax=6
RMSE Eb: 1.316
RMSE Rch: 0.012
MAPE Eb: 0.896
MAPE Rch: 0.318
--------------------------------------------------
**************************************************
Z=8, N=16, emax=10
RMSE Eb: 1.500
RMSE Rch: 0.013
MAPE Eb: 0.828
MAPE Rch: 0.380
--------------------------------------------------
**************************************************
Z=8, N=16, emax=4
RMSE Eb: 1.069
RMSE Rch: 0.009
MAPE Eb: 1.108
MAPE Rch: 0.237
--------------------------------------------------
Finished VAL for AE n=243
**************************************************
Z=8, N=4, emax=6
RMSE Eb: 1.200
RMSE Rch: 0.014
MAPE Eb: 2.345
MAPE Rch: 0.667
--------------------------------------------------
**************************************************
Z=8, N=4, emax=8
RMSE Eb: 0.823
RMSE Rch: 0.018
MAPE Eb: 1.393
MAPE Rch: 0.817
--------------------------------------------------
**************************************************
Z=8, N=4, emax=4
RMSE Eb: 0.806
RMSE Rch: 0.008
MAPE Eb: 2.195
MAPE Rch: 0.360
--------------------------------------------------
**************************************************
Z=8, N=4, emax=10
RMSE Eb: 1.324
RMSE Rch: 0.035
MAPE Eb: 1.742
MAPE Rch: 1.517
--------------------------------------------------
**************************************************
Z=8, N=5, emax=4
RMSE Eb: 0.707
RMSE Rch: 0.010
MAPE Eb: 1.451
MAPE Rch: 0.488
--------------------------------------------------
**************************************************
Z=8, N=5, emax=8
RMSE Eb: 0.966
RMSE Rch: 0.016
MAPE Eb: 1.174
MAPE Rch: 0.795
--------------------------------------------------
**************************************************
Z=8, N=5, emax=6
RMSE Eb: 0.780
RMSE Rch: 0.011
MAPE Eb: 1.128
MAPE Rch: 0.500
--------------------------------------------------
**************************************************
Z=8, N=5, emax=10
RMSE Eb: 1.244
RMSE Rch: 0.018
MAPE Eb: 1.496
MAPE Rch: 0.944
--------------------------------------------------
**************************************************
Z=8, N=6, emax=4
RMSE Eb: 0.681
RMSE Rch: 0.009
MAPE Eb: 0.926
MAPE Rch: 0.401
--------------------------------------------------
**************************************************
Z=8, N=6, emax=8
RMSE Eb: 0.925
RMSE Rch: 0.017
MAPE Eb: 0.891
MAPE Rch: 0.806
--------------------------------------------------
**************************************************
Z=8, N=6, emax=6
RMSE Eb: 1.002
RMSE Rch: 0.015
MAPE Eb: 1.113
MAPE Rch: 0.747
--------------------------------------------------
**************************************************
Z=8, N=6, emax=10
RMSE Eb: 0.845
RMSE Rch: 0.015
MAPE Eb: 0.781
MAPE Rch: 0.728
--------------------------------------------------
**************************************************
Z=8, N=7, emax=4
RMSE Eb: 0.771
RMSE Rch: 0.009
MAPE Eb: 0.939
MAPE Rch: 0.438
--------------------------------------------------
**************************************************
Z=8, N=7, emax=8
RMSE Eb: 1.085
RMSE Rch: 0.013
MAPE Eb: 0.860
MAPE Rch: 0.703
--------------------------------------------------
**************************************************
Z=8, N=7, emax=6
RMSE Eb: 1.052
RMSE Rch: 0.014
MAPE Eb: 0.978
MAPE Rch: 0.688
--------------------------------------------------
**************************************************
Z=8, N=7, emax=10
RMSE Eb: 1.196
RMSE Rch: 0.014
MAPE Eb: 1.069
MAPE Rch: 0.751
--------------------------------------------------
**************************************************
Z=8, N=8, emax=4
RMSE Eb: 1.009
RMSE Rch: 0.015
MAPE Eb: 1.026
MAPE Rch: 0.395
--------------------------------------------------
**************************************************
Z=8, N=8, emax=6
RMSE Eb: 0.981
RMSE Rch: 0.013
MAPE Eb: 0.800
MAPE Rch: 0.353
--------------------------------------------------
**************************************************
Z=8, N=8, emax=8
RMSE Eb: 0.988
RMSE Rch: 0.014
MAPE Eb: 0.738
MAPE Rch: 0.409
--------------------------------------------------
**************************************************
Z=8, N=8, emax=10
RMSE Eb: 1.080
RMSE Rch: 0.018
MAPE Eb: 0.852
MAPE Rch: 0.575
--------------------------------------------------
**************************************************
Z=8, N=9, emax=4
RMSE Eb: 0.932
RMSE Rch: 0.012
MAPE Eb: 0.979
MAPE Rch: 0.334
--------------------------------------------------
**************************************************
Z=8, N=9, emax=8
RMSE Eb: 0.947
RMSE Rch: 0.010
MAPE Eb: 0.662
MAPE Rch: 0.273
--------------------------------------------------
**************************************************
Z=8, N=9, emax=6
RMSE Eb: 0.916
RMSE Rch: 0.012
MAPE Eb: 0.757
MAPE Rch: 0.342
--------------------------------------------------
**************************************************
Z=8, N=9, emax=10
RMSE Eb: 1.102
RMSE Rch: 0.010
MAPE Eb: 0.738
MAPE Rch: 0.304
--------------------------------------------------
**************************************************
Z=8, N=10, emax=4
RMSE Eb: 0.987
RMSE Rch: 0.009
MAPE Eb: 0.963
MAPE Rch: 0.248
--------------------------------------------------
**************************************************
Z=8, N=10, emax=6
RMSE Eb: 1.151
RMSE Rch: 0.013
MAPE Eb: 0.884
MAPE Rch: 0.375
--------------------------------------------------
**************************************************
Z=8, N=10, emax=8
RMSE Eb: 1.111
RMSE Rch: 0.010
MAPE Eb: 0.793
MAPE Rch: 0.292
--------------------------------------------------
**************************************************
Z=8, N=10, emax=10
RMSE Eb: 1.068
RMSE Rch: 0.010
MAPE Eb: 0.802
MAPE Rch: 0.286
--------------------------------------------------
**************************************************
Z=8, N=11, emax=8
RMSE Eb: 1.281
RMSE Rch: 0.013
MAPE Eb: 0.844
MAPE Rch: 0.365
--------------------------------------------------
**************************************************
Z=8, N=11, emax=4
RMSE Eb: 0.954
RMSE Rch: 0.008
MAPE Eb: 0.993
MAPE Rch: 0.233
--------------------------------------------------
**************************************************
Z=8, N=11, emax=6
RMSE Eb: 0.998
RMSE Rch: 0.010
MAPE Eb: 0.856
MAPE Rch: 0.270
--------------------------------------------------
**************************************************
Z=8, N=11, emax=10
RMSE Eb: 0.605
RMSE Rch: 0.011
MAPE Eb: 0.409
MAPE Rch: 0.267
--------------------------------------------------
**************************************************
Z=8, N=12, emax=6
RMSE Eb: 1.108
RMSE Rch: 0.010
MAPE Eb: 0.861
MAPE Rch: 0.306
--------------------------------------------------
**************************************************
Z=8, N=12, emax=8
RMSE Eb: 0.988
RMSE Rch: 0.010
MAPE Eb: 0.659
MAPE Rch: 0.271
--------------------------------------------------
**************************************************
Z=8, N=12, emax=4
RMSE Eb: 1.000
RMSE Rch: 0.011
MAPE Eb: 0.974
MAPE Rch: 0.279
--------------------------------------------------
**************************************************
Z=8, N=12, emax=10
RMSE Eb: 0.854
RMSE Rch: 0.008
MAPE Eb: 0.473
MAPE Rch: 0.207
--------------------------------------------------
**************************************************
Z=8, N=13, emax=8
RMSE Eb: 1.075
RMSE Rch: 0.010
MAPE Eb: 0.694
MAPE Rch: 0.287
--------------------------------------------------
**************************************************
Z=8, N=13, emax=4
RMSE Eb: 0.986
RMSE Rch: 0.009
MAPE Eb: 1.014
MAPE Rch: 0.231
--------------------------------------------------
**************************************************
Z=8, N=13, emax=6
RMSE Eb: 0.991
RMSE Rch: 0.011
MAPE Eb: 0.725
MAPE Rch: 0.292
--------------------------------------------------
**************************************************
Z=8, N=13, emax=10
RMSE Eb: 0.840
RMSE Rch: 0.011
MAPE Eb: 0.485
MAPE Rch: 0.350
--------------------------------------------------
**************************************************
Z=8, N=14, emax=6
RMSE Eb: 1.139
RMSE Rch: 0.011
MAPE Eb: 0.794
MAPE Rch: 0.291
--------------------------------------------------
**************************************************
Z=8, N=14, emax=10
RMSE Eb: 1.119
RMSE Rch: 0.016
MAPE Eb: 0.557
MAPE Rch: 0.485
--------------------------------------------------
**************************************************
Z=8, N=14, emax=4
RMSE Eb: 1.077
RMSE Rch: 0.013
MAPE Eb: 1.148
MAPE Rch: 0.352
--------------------------------------------------
**************************************************
Z=8, N=14, emax=8
RMSE Eb: 1.121
RMSE Rch: 0.013
MAPE Eb: 0.698
MAPE Rch: 0.366
--------------------------------------------------
**************************************************
Z=8, N=15, emax=8
RMSE Eb: 1.254
RMSE Rch: 0.011
MAPE Eb: 0.743
MAPE Rch: 0.329
--------------------------------------------------
**************************************************
Z=8, N=15, emax=6
RMSE Eb: 1.417
RMSE Rch: 0.013
MAPE Eb: 1.024
MAPE Rch: 0.364
--------------------------------------------------
**************************************************
Z=8, N=15, emax=4
RMSE Eb: 1.078
RMSE Rch: 0.010
MAPE Eb: 1.086
MAPE Rch: 0.275
--------------------------------------------------
**************************************************
Z=8, N=15, emax=10
RMSE Eb: 1.233
RMSE Rch: 0.011
MAPE Eb: 0.785
MAPE Rch: 0.288
--------------------------------------------------
**************************************************
Z=8, N=16, emax=4
RMSE Eb: 1.050
RMSE Rch: 0.010
MAPE Eb: 1.034
MAPE Rch: 0.290
--------------------------------------------------
**************************************************
Z=8, N=16, emax=8
RMSE Eb: 1.627
RMSE Rch: 0.014
MAPE Eb: 0.942
MAPE Rch: 0.375
--------------------------------------------------
**************************************************
Z=8, N=16, emax=6
RMSE Eb: 1.334
RMSE Rch: 0.013
MAPE Eb: 0.887
MAPE Rch: 0.362
--------------------------------------------------
**************************************************
Z=8, N=16, emax=10
RMSE Eb: 1.074
RMSE Rch: 0.015
MAPE Eb: 0.586
MAPE Rch: 0.412
--------------------------------------------------
