Activated conda environment
[DataLoader] Found 13 files matching the pattern.
[DataLoader] Combined data shape: (17234, 35)
[Preprocess] Data split => train: (11029, 35), val: (2758, 35), test: (3447, 35)
[Preprocess] Processed fidelity 4 (index 0): 3758 samples.
[Preprocess] Processed fidelity 6 (index 1): 3346 samples.
[Preprocess] Processed fidelity 8 (index 2): 3194 samples.
[Preprocess] Processed fidelity 10 (index 3): 731 samples.
[Preprocess] Processed fidelity 4 (index 0): 949 samples.
[Preprocess] Processed fidelity 6 (index 1): 833 samples.
[Preprocess] Processed fidelity 8 (index 2): 801 samples.
[Preprocess] Processed fidelity 10 (index 3): 175 samples.
Fidelity levels: [4, 6, 8, 10]
[Trainer] Starting BNN training...
[Trainer] No improvement. Iteration 9300. Early stopping counter: 1, LR counter: 1
[Trainer] No improvement. Iteration 9900. Early stopping counter: 1, LR counter: 1
[Trainer] No improvement. Iteration 10100. Early stopping counter: 1, LR counter: 1
[Trainer] No improvement. Iteration 10200. Early stopping counter: 2, LR counter: 2
[Trainer] No improvement. Iteration 10300. Early stopping counter: 3, LR counter: 3
[Trainer] No improvement. Iteration 10900. Early stopping counter: 1, LR counter: 1
[Trainer] No improvement. Iteration 11100. Early stopping counter: 1, LR counter: 1
[Trainer] No improvement. Iteration 11200. Early stopping counter: 2, LR counter: 2
[Trainer] No improvement. Iteration 11700. Early stopping counter: 1, LR counter: 1
[Trainer] No improvement. Iteration 11800. Early stopping counter: 2, LR counter: 2
[Trainer] No improvement. Iteration 11900. Early stopping counter: 3, LR counter: 3
[Trainer] No improvement. Iteration 12400. Early stopping counter: 1, LR counter: 1
[Trainer] No improvement. Iteration 12500. Early stopping counter: 2, LR counter: 2
[Trainer] No improvement. Iteration 12900. Early stopping counter: 1, LR counter: 1
[Trainer] No improvement. Iteration 13000. Early stopping counter: 2, LR counter: 2
[Trainer] No improvement. Iteration 13100. Early stopping counter: 3, LR counter: 3
[Trainer] No improvement. Iteration 13200. Early stopping counter: 4, LR counter: 4
[Trainer] No improvement. Iteration 13300. Early stopping counter: 5, LR counter: 5
[Trainer] No improvement. Iteration 13400. Early stopping counter: 6, LR counter: 6
[Trainer] No improvement. Iteration 13500. Early stopping counter: 7, LR counter: 7
[Trainer] No improvement. Iteration 13600. Early stopping counter: 8, LR counter: 8
[Trainer] No improvement. Iteration 13700. Early stopping counter: 9, LR counter: 9
[Trainer] No improvement. Iteration 13800. Early stopping counter: 10, LR counter: 10
[Trainer] No improvement. Iteration 13900. Early stopping counter: 11, LR counter: 11
[Trainer] No improvement. Iteration 14000. Early stopping counter: 12, LR counter: 12
[Trainer] No improvement. Iteration 14100. Early stopping counter: 13, LR counter: 13
[Trainer] No improvement. Iteration 14200. Early stopping counter: 14, LR counter: 14
[Trainer] No improvement. Iteration 14300. Early stopping counter: 15, LR counter: 15
[Trainer] No improvement. Iteration 14400. Early stopping counter: 16, LR counter: 16
[Trainer] No improvement. Iteration 14500. Early stopping counter: 17, LR counter: 17
[Trainer] No improvement. Iteration 14600. Early stopping counter: 18, LR counter: 18
[Trainer] No improvement. Iteration 14700. Early stopping counter: 19, LR counter: 19
[Trainer] No improvement. Iteration 14800. Early stopping counter: 20, LR counter: 20
[Trainer] No improvement. Iteration 14900. Early stopping counter: 21, LR counter: 21
[Trainer] No improvement. Iteration 15100. Early stopping counter: 1, LR counter: 1
[Trainer] No improvement. Iteration 15200. Early stopping counter: 2, LR counter: 2
[Trainer] No improvement. Iteration 15300. Early stopping counter: 3, LR counter: 3
[Trainer] No improvement. Iteration 15400. Early stopping counter: 4, LR counter: 4
[Trainer] No improvement. Iteration 15500. Early stopping counter: 5, LR counter: 5
[Trainer] No improvement. Iteration 15600. Early stopping counter: 6, LR counter: 6
[Trainer] No improvement. Iteration 15700. Early stopping counter: 7, LR counter: 7
[Trainer] No improvement. Iteration 15800. Early stopping counter: 8, LR counter: 8
[Trainer] No improvement. Iteration 15900. Early stopping counter: 9, LR counter: 9
[Trainer] No improvement. Iteration 16000. Early stopping counter: 10, LR counter: 10
[Trainer] No improvement. Iteration 16400. Early stopping counter: 1, LR counter: 1
[Trainer] No improvement. Iteration 16600. Early stopping counter: 1, LR counter: 1
[Trainer] No improvement. Iteration 16700. Early stopping counter: 2, LR counter: 2
[Trainer] No improvement. Iteration 16800. Early stopping counter: 3, LR counter: 3
[Trainer] No improvement. Iteration 17400. Early stopping counter: 1, LR counter: 1
[Trainer] No improvement. Iteration 17500. Early stopping counter: 2, LR counter: 2
[Trainer] No improvement. Iteration 17600. Early stopping counter: 3, LR counter: 3
[Trainer] No improvement. Iteration 17700. Early stopping counter: 4, LR counter: 4
[Trainer] No improvement. Iteration 17800. Early stopping counter: 5, LR counter: 5
[Trainer] No improvement. Iteration 17900. Early stopping counter: 6, LR counter: 6
[Trainer] No improvement. Iteration 18000. Early stopping counter: 7, LR counter: 7
[Trainer] No improvement. Iteration 18100. Early stopping counter: 8, LR counter: 8
[Trainer] No improvement. Iteration 18200. Early stopping counter: 9, LR counter: 9
[Trainer] No improvement. Iteration 18300. Early stopping counter: 10, LR counter: 10
[Trainer] No improvement. Iteration 18400. Early stopping counter: 11, LR counter: 11
[Trainer] No improvement. Iteration 18500. Early stopping counter: 12, LR counter: 12
[Trainer] No improvement. Iteration 18600. Early stopping counter: 13, LR counter: 13
[Trainer] No improvement. Iteration 18700. Early stopping counter: 14, LR counter: 14
[Trainer] No improvement. Iteration 18800. Early stopping counter: 15, LR counter: 15
[Trainer] No improvement. Iteration 18900. Early stopping counter: 16, LR counter: 16
[Trainer] No improvement. Iteration 19000. Early stopping counter: 17, LR counter: 17
[Trainer] No improvement. Iteration 19100. Early stopping counter: 18, LR counter: 18
[Trainer] No improvement. Iteration 19200. Early stopping counter: 19, LR counter: 19
[Trainer] No improvement. Iteration 19300. Early stopping counter: 20, LR counter: 20
[Trainer] No improvement. Iteration 20200. Early stopping counter: 1, LR counter: 1
[Trainer] No improvement. Iteration 20300. Early stopping counter: 2, LR counter: 2
[Trainer] No improvement. Iteration 20400. Early stopping counter: 3, LR counter: 3
[Trainer] No improvement. Iteration 20500. Early stopping counter: 4, LR counter: 4
[Trainer] No improvement. Iteration 21300. Early stopping counter: 1, LR counter: 1
[Trainer] No improvement. Iteration 21400. Early stopping counter: 2, LR counter: 2
[Trainer] No improvement. Iteration 21500. Early stopping counter: 3, LR counter: 3
[Trainer] No improvement. Iteration 21600. Early stopping counter: 4, LR counter: 4
[Trainer] No improvement. Iteration 21700. Early stopping counter: 5, LR counter: 5
[Trainer] No improvement. Iteration 21800. Early stopping counter: 6, LR counter: 6
[Trainer] No improvement. Iteration 21900. Early stopping counter: 7, LR counter: 7
[Trainer] No improvement. Iteration 22000. Early stopping counter: 8, LR counter: 8
[Trainer] No improvement. Iteration 22100. Early stopping counter: 9, LR counter: 9
[Trainer] No improvement. Iteration 22200. Early stopping counter: 10, LR counter: 10
[Trainer] No improvement. Iteration 22300. Early stopping counter: 11, LR counter: 11
[Trainer] No improvement. Iteration 22400. Early stopping counter: 12, LR counter: 12
[Trainer] No improvement. Iteration 22500. Early stopping counter: 13, LR counter: 13
[Trainer] No improvement. Iteration 22600. Early stopping counter: 14, LR counter: 14
[Trainer] No improvement. Iteration 22700. Early stopping counter: 15, LR counter: 15
[Trainer] No improvement. Iteration 22800. Early stopping counter: 16, LR counter: 16
[Trainer] No improvement. Iteration 22900. Early stopping counter: 17, LR counter: 17
[Trainer] No improvement. Iteration 23000. Early stopping counter: 18, LR counter: 18
[Trainer] No improvement. Iteration 23100. Early stopping counter: 19, LR counter: 19
[Trainer] No improvement. Iteration 23200. Early stopping counter: 20, LR counter: 20
[Trainer] No improvement. Iteration 23300. Early stopping counter: 21, LR counter: 21
[Trainer] No improvement. Iteration 23400. Early stopping counter: 22, LR counter: 22
[Trainer] No improvement. Iteration 23500. Early stopping counter: 23, LR counter: 23
[Trainer] No improvement. Iteration 23600. Early stopping counter: 24, LR counter: 24
[Trainer] No improvement. Iteration 23700. Early stopping counter: 25, LR counter: 25
[Trainer] Learning rate reduced to: 0.000010
[Trainer] No improvement. Iteration 23800. Early stopping counter: 26, LR counter: 1
[Trainer] No improvement. Iteration 23900. Early stopping counter: 27, LR counter: 2
[Trainer] No improvement. Iteration 24000. Early stopping counter: 28, LR counter: 3
[Trainer] No improvement. Iteration 24100. Early stopping counter: 29, LR counter: 4
[Trainer] No improvement. Iteration 24200. Early stopping counter: 30, LR counter: 5
[Trainer] No improvement. Iteration 24300. Early stopping counter: 31, LR counter: 6
[Trainer] No improvement. Iteration 24400. Early stopping counter: 32, LR counter: 7
[Trainer] No improvement. Iteration 24500. Early stopping counter: 33, LR counter: 8
[Trainer] No improvement. Iteration 24600. Early stopping counter: 34, LR counter: 9
[Trainer] No improvement. Iteration 24700. Early stopping counter: 35, LR counter: 10
[Trainer] No improvement. Iteration 24800. Early stopping counter: 36, LR counter: 11
[Trainer] No improvement. Iteration 24900. Early stopping counter: 37, LR counter: 12
[Trainer] No improvement. Iteration 25000. Early stopping counter: 38, LR counter: 13
[Trainer] No improvement. Iteration 25100. Early stopping counter: 39, LR counter: 14
[Trainer] No improvement. Iteration 25200. Early stopping counter: 40, LR counter: 15
[Trainer] No improvement. Iteration 25300. Early stopping counter: 41, LR counter: 16
[Trainer] No improvement. Iteration 25400. Early stopping counter: 42, LR counter: 17
[Trainer] No improvement. Iteration 25500. Early stopping counter: 43, LR counter: 18
[Trainer] No improvement. Iteration 25600. Early stopping counter: 44, LR counter: 19
[Trainer] No improvement. Iteration 25700. Early stopping counter: 45, LR counter: 20
[Trainer] No improvement. Iteration 25800. Early stopping counter: 46, LR counter: 21
[Trainer] No improvement. Iteration 25900. Early stopping counter: 47, LR counter: 22
[Trainer] No improvement. Iteration 26000. Early stopping counter: 48, LR counter: 23
[Trainer] No improvement. Iteration 26100. Early stopping counter: 49, LR counter: 24
[Trainer] No improvement. Iteration 26200. Early stopping counter: 50, LR counter: 25
[Trainer] Learning rate reduced to: 0.000001
[Trainer] Early stopping triggered.
[Trainer] Training completed.
[Trainer] Calibrating temperatures on validation set...
[Trainer] Temperature calibration finished. Calibrated temperatures: {4: 1.0669944286346436, 6: 1.0034517049789429, 8: 1.104660153388977, 10: 1.3921236991882324}
[Trainer] BNN training completed.
**************************************************
Z=8, N=4, emax=4
RMSE Eb: 0.742
RMSE Rch: 0.006
MAPE Eb: 2.188
MAPE Rch: 0.272
--------------------------------------------------
**************************************************
Z=8, N=4, emax=10
RMSE Eb: 1.478
RMSE Rch: 0.057
MAPE Eb: 2.387
MAPE Rch: 2.599
--------------------------------------------------
**************************************************
Z=8, N=4, emax=6
RMSE Eb: 1.063
RMSE Rch: 0.014
MAPE Eb: 2.168
MAPE Rch: 0.645
--------------------------------------------------
**************************************************
Z=8, N=4, emax=8
RMSE Eb: 0.990
RMSE Rch: 0.024
MAPE Eb: 1.665
MAPE Rch: 1.073
--------------------------------------------------
**************************************************
Z=8, N=5, emax=8
RMSE Eb: 1.160
RMSE Rch: 0.016
MAPE Eb: 1.432
MAPE Rch: 0.739
--------------------------------------------------
**************************************************
Z=8, N=5, emax=6
RMSE Eb: 0.879
RMSE Rch: 0.010
MAPE Eb: 1.289
MAPE Rch: 0.460
--------------------------------------------------
**************************************************
Z=8, N=5, emax=4
RMSE Eb: 0.806
RMSE Rch: 0.009
MAPE Eb: 1.671
MAPE Rch: 0.387
--------------------------------------------------
**************************************************
Z=8, N=5, emax=10
RMSE Eb: 1.093
RMSE Rch: 0.007
MAPE Eb: 1.570
MAPE Rch: 0.349
--------------------------------------------------
**************************************************
Z=8, N=6, emax=4
RMSE Eb: 0.665
RMSE Rch: 0.009
MAPE Eb: 0.989
MAPE Rch: 0.427
--------------------------------------------------
**************************************************
Z=8, N=6, emax=6
RMSE Eb: 0.788
RMSE Rch: 0.010
MAPE Eb: 0.864
MAPE Rch: 0.465
--------------------------------------------------
**************************************************
Z=8, N=6, emax=8
RMSE Eb: 1.230
RMSE Rch: 0.011
MAPE Eb: 1.064
MAPE Rch: 0.591
--------------------------------------------------
**************************************************
Z=8, N=6, emax=10
RMSE Eb: 1.146
RMSE Rch: 0.014
MAPE Eb: 1.073
MAPE Rch: 0.708
--------------------------------------------------
**************************************************
Z=8, N=7, emax=8
RMSE Eb: 0.970
RMSE Rch: 0.010
MAPE Eb: 0.761
MAPE Rch: 0.540
--------------------------------------------------
**************************************************
Z=8, N=7, emax=10
RMSE Eb: 1.113
RMSE Rch: 0.013
MAPE Eb: 0.916
MAPE Rch: 0.670
--------------------------------------------------
**************************************************
Z=8, N=7, emax=6
RMSE Eb: 0.787
RMSE Rch: 0.014
MAPE Eb: 0.729
MAPE Rch: 0.735
--------------------------------------------------
**************************************************
Z=8, N=7, emax=4
RMSE Eb: 0.794
RMSE Rch: 0.010
MAPE Eb: 0.970
MAPE Rch: 0.475
--------------------------------------------------
**************************************************
Z=8, N=8, emax=4
RMSE Eb: 0.878
RMSE Rch: 0.011
MAPE Eb: 1.009
MAPE Rch: 0.323
--------------------------------------------------
**************************************************
Z=8, N=8, emax=8
RMSE Eb: 1.330
RMSE Rch: 0.011
MAPE Eb: 1.032
MAPE Rch: 0.322
--------------------------------------------------
**************************************************
Z=8, N=8, emax=6
RMSE Eb: 0.951
RMSE Rch: 0.009
MAPE Eb: 0.803
MAPE Rch: 0.261
--------------------------------------------------
**************************************************
Z=8, N=8, emax=10
RMSE Eb: 1.428
RMSE Rch: 0.014
MAPE Eb: 0.991
MAPE Rch: 0.402
--------------------------------------------------
**************************************************
Z=8, N=9, emax=8
RMSE Eb: 0.977
RMSE Rch: 0.008
MAPE Eb: 0.645
MAPE Rch: 0.204
--------------------------------------------------
**************************************************
Z=8, N=9, emax=6
RMSE Eb: 0.952
RMSE Rch: 0.009
MAPE Eb: 0.744
MAPE Rch: 0.235
--------------------------------------------------
**************************************************
Z=8, N=9, emax=4
RMSE Eb: 0.876
RMSE Rch: 0.009
MAPE Eb: 0.874
MAPE Rch: 0.267
--------------------------------------------------
**************************************************
Z=8, N=9, emax=10
RMSE Eb: 1.075
RMSE Rch: 0.008
MAPE Eb: 0.766
MAPE Rch: 0.258
--------------------------------------------------
**************************************************
Z=8, N=10, emax=4
RMSE Eb: 0.904
RMSE Rch: 0.006
MAPE Eb: 0.846
MAPE Rch: 0.189
--------------------------------------------------
**************************************************
Z=8, N=10, emax=10
RMSE Eb: 1.092
RMSE Rch: 0.008
MAPE Eb: 0.798
MAPE Rch: 0.245
--------------------------------------------------
**************************************************
Z=8, N=10, emax=6
RMSE Eb: 0.945
RMSE Rch: 0.006
MAPE Eb: 0.700
MAPE Rch: 0.170
--------------------------------------------------
**************************************************
Z=8, N=10, emax=8
RMSE Eb: 1.116
RMSE Rch: 0.009
MAPE Eb: 0.798
MAPE Rch: 0.263
--------------------------------------------------
**************************************************
Z=8, N=11, emax=4
RMSE Eb: 0.765
RMSE Rch: 0.006
MAPE Eb: 0.830
MAPE Rch: 0.162
--------------------------------------------------
**************************************************
Z=8, N=11, emax=6
RMSE Eb: 1.025
RMSE Rch: 0.007
MAPE Eb: 0.806
MAPE Rch: 0.205
--------------------------------------------------
**************************************************
Z=8, N=11, emax=8
RMSE Eb: 0.783
RMSE Rch: 0.007
MAPE Eb: 0.556
MAPE Rch: 0.185
--------------------------------------------------
**************************************************
Z=8, N=11, emax=10
RMSE Eb: 1.140
RMSE Rch: 0.006
MAPE Eb: 0.842
MAPE Rch: 0.176
--------------------------------------------------
**************************************************
Z=8, N=12, emax=6
RMSE Eb: 1.052
RMSE Rch: 0.007
MAPE Eb: 0.775
MAPE Rch: 0.192
--------------------------------------------------
**************************************************
Z=8, N=12, emax=4
RMSE Eb: 1.112
RMSE Rch: 0.009
MAPE Eb: 1.149
MAPE Rch: 0.244
--------------------------------------------------
**************************************************
Z=8, N=12, emax=8
RMSE Eb: 0.980
RMSE Rch: 0.006
MAPE Eb: 0.669
MAPE Rch: 0.163
--------------------------------------------------
**************************************************
Z=8, N=12, emax=10
RMSE Eb: 1.474
RMSE Rch: 0.008
MAPE Eb: 1.023
MAPE Rch: 0.222
--------------------------------------------------
**************************************************
Z=8, N=13, emax=8
RMSE Eb: 1.312
RMSE Rch: 0.006
MAPE Eb: 0.827
MAPE Rch: 0.163
--------------------------------------------------
**************************************************
Z=8, N=13, emax=4
RMSE Eb: 1.137
RMSE Rch: 0.008
MAPE Eb: 1.235
MAPE Rch: 0.217
--------------------------------------------------
**************************************************
Z=8, N=13, emax=10
RMSE Eb: 1.244
RMSE Rch: 0.010
MAPE Eb: 0.763
MAPE Rch: 0.281
--------------------------------------------------
**************************************************
Z=8, N=13, emax=6
RMSE Eb: 1.113
RMSE Rch: 0.008
MAPE Eb: 0.827
MAPE Rch: 0.199
--------------------------------------------------
**************************************************
Z=8, N=14, emax=8
RMSE Eb: 1.615
RMSE Rch: 0.012
MAPE Eb: 1.031
MAPE Rch: 0.290
--------------------------------------------------
**************************************************
Z=8, N=14, emax=4
RMSE Eb: 1.032
RMSE Rch: 0.010
MAPE Eb: 1.062
MAPE Rch: 0.260
--------------------------------------------------
**************************************************
Z=8, N=14, emax=6
RMSE Eb: 1.039
RMSE Rch: 0.008
MAPE Eb: 0.807
MAPE Rch: 0.204
--------------------------------------------------
**************************************************
Z=8, N=14, emax=10
RMSE Eb: 1.248
RMSE Rch: 0.010
MAPE Eb: 0.754
MAPE Rch: 0.317
--------------------------------------------------
**************************************************
Z=8, N=15, emax=8
RMSE Eb: 1.207
RMSE Rch: 0.007
MAPE Eb: 0.730
MAPE Rch: 0.192
--------------------------------------------------
**************************************************
Z=8, N=15, emax=4
RMSE Eb: 1.347
RMSE Rch: 0.008
MAPE Eb: 1.279
MAPE Rch: 0.221
--------------------------------------------------
**************************************************
Z=8, N=15, emax=6
RMSE Eb: 1.136
RMSE Rch: 0.008
MAPE Eb: 0.838
MAPE Rch: 0.221
--------------------------------------------------
**************************************************
Z=8, N=15, emax=10
RMSE Eb: 1.704
RMSE Rch: 0.009
MAPE Eb: 0.928
MAPE Rch: 0.289
--------------------------------------------------
**************************************************
Z=8, N=16, emax=8
RMSE Eb: 1.425
RMSE Rch: 0.010
MAPE Eb: 0.930
MAPE Rch: 0.272
--------------------------------------------------
**************************************************
Z=8, N=16, emax=6
RMSE Eb: 1.198
RMSE Rch: 0.009
MAPE Eb: 0.826
MAPE Rch: 0.266
--------------------------------------------------
**************************************************
Z=8, N=16, emax=10
RMSE Eb: 1.254
RMSE Rch: 0.008
MAPE Eb: 0.696
MAPE Rch: 0.262
--------------------------------------------------
**************************************************
Z=8, N=16, emax=4
RMSE Eb: 1.620
RMSE Rch: 0.015
MAPE Eb: 1.675
MAPE Rch: 0.389
--------------------------------------------------
Finished VAL for AE n=109
**************************************************
Z=8, N=4, emax=6
RMSE Eb: 0.982
RMSE Rch: 0.014
MAPE Eb: 1.831
MAPE Rch: 0.645
--------------------------------------------------
**************************************************
Z=8, N=4, emax=8
RMSE Eb: 1.191
RMSE Rch: 0.024
MAPE Eb: 2.063
MAPE Rch: 1.067
--------------------------------------------------
**************************************************
Z=8, N=4, emax=4
RMSE Eb: 0.745
RMSE Rch: 0.008
MAPE Eb: 2.068
MAPE Rch: 0.347
--------------------------------------------------
**************************************************
Z=8, N=4, emax=10
RMSE Eb: 1.079
RMSE Rch: 0.033
MAPE Eb: 1.653
MAPE Rch: 1.802
--------------------------------------------------
**************************************************
Z=8, N=5, emax=4
RMSE Eb: 0.786
RMSE Rch: 0.010
MAPE Eb: 1.661
MAPE Rch: 0.454
--------------------------------------------------
**************************************************
Z=8, N=5, emax=8
RMSE Eb: 1.093
RMSE Rch: 0.015
MAPE Eb: 1.439
MAPE Rch: 0.734
--------------------------------------------------
**************************************************
Z=8, N=5, emax=6
RMSE Eb: 0.997
RMSE Rch: 0.011
MAPE Eb: 1.518
MAPE Rch: 0.533
--------------------------------------------------
**************************************************
Z=8, N=5, emax=10
RMSE Eb: 1.579
RMSE Rch: 0.023
MAPE Eb: 1.749
MAPE Rch: 1.318
--------------------------------------------------
**************************************************
Z=8, N=6, emax=4
RMSE Eb: 0.719
RMSE Rch: 0.010
MAPE Eb: 1.021
MAPE Rch: 0.461
--------------------------------------------------
**************************************************
Z=8, N=6, emax=8
RMSE Eb: 1.321
RMSE Rch: 0.016
MAPE Eb: 1.230
MAPE Rch: 0.708
--------------------------------------------------
**************************************************
Z=8, N=6, emax=6
RMSE Eb: 1.058
RMSE Rch: 0.011
MAPE Eb: 1.134
MAPE Rch: 0.444
--------------------------------------------------
**************************************************
Z=8, N=6, emax=10
RMSE Eb: 1.093
RMSE Rch: 0.014
MAPE Eb: 1.055
MAPE Rch: 0.679
--------------------------------------------------
**************************************************
Z=8, N=7, emax=4
RMSE Eb: 0.734
RMSE Rch: 0.010
MAPE Eb: 0.821
MAPE Rch: 0.443
--------------------------------------------------
**************************************************
Z=8, N=7, emax=8
RMSE Eb: 1.157
RMSE Rch: 0.014
MAPE Eb: 0.963
MAPE Rch: 0.701
--------------------------------------------------
**************************************************
Z=8, N=7, emax=6
RMSE Eb: 0.775
RMSE Rch: 0.011
MAPE Eb: 0.722
MAPE Rch: 0.553
--------------------------------------------------
**************************************************
Z=8, N=7, emax=10
RMSE Eb: 1.062
RMSE Rch: 0.012
MAPE Eb: 0.800
MAPE Rch: 0.652
--------------------------------------------------
**************************************************
Z=8, N=8, emax=4
RMSE Eb: 1.009
RMSE Rch: 0.012
MAPE Eb: 1.034
MAPE Rch: 0.304
--------------------------------------------------
**************************************************
Z=8, N=8, emax=6
RMSE Eb: 1.004
RMSE Rch: 0.008
MAPE Eb: 0.811
MAPE Rch: 0.241
--------------------------------------------------
**************************************************
Z=8, N=8, emax=8
RMSE Eb: 1.311
RMSE Rch: 0.010
MAPE Eb: 0.982
MAPE Rch: 0.306
--------------------------------------------------
**************************************************
Z=8, N=8, emax=10
RMSE Eb: 0.992
RMSE Rch: 0.008
MAPE Eb: 0.756
MAPE Rch: 0.251
--------------------------------------------------
**************************************************
Z=8, N=9, emax=4
RMSE Eb: 0.780
RMSE Rch: 0.009
MAPE Eb: 0.856
MAPE Rch: 0.272
--------------------------------------------------
**************************************************
Z=8, N=9, emax=8
RMSE Eb: 1.060
RMSE Rch: 0.008
MAPE Eb: 0.736
MAPE Rch: 0.222
--------------------------------------------------
**************************************************
Z=8, N=9, emax=6
RMSE Eb: 0.847
RMSE Rch: 0.008
MAPE Eb: 0.728
MAPE Rch: 0.219
--------------------------------------------------
**************************************************
Z=8, N=9, emax=10
RMSE Eb: 0.906
RMSE Rch: 0.011
MAPE Eb: 0.610
MAPE Rch: 0.343
--------------------------------------------------
**************************************************
Z=8, N=10, emax=4
RMSE Eb: 0.812
RMSE Rch: 0.007
MAPE Eb: 0.843
MAPE Rch: 0.182
--------------------------------------------------
**************************************************
Z=8, N=10, emax=6
RMSE Eb: 0.947
RMSE Rch: 0.009
MAPE Eb: 0.727
MAPE Rch: 0.243
--------------------------------------------------
**************************************************
Z=8, N=10, emax=8
RMSE Eb: 1.158
RMSE Rch: 0.007
MAPE Eb: 0.811
MAPE Rch: 0.220
--------------------------------------------------
**************************************************
Z=8, N=10, emax=10
RMSE Eb: 1.212
RMSE Rch: 0.011
MAPE Eb: 0.912
MAPE Rch: 0.321
--------------------------------------------------
**************************************************
Z=8, N=11, emax=8
RMSE Eb: 0.956
RMSE Rch: 0.008
MAPE Eb: 0.656
MAPE Rch: 0.223
--------------------------------------------------
**************************************************
Z=8, N=11, emax=4
RMSE Eb: 0.963
RMSE Rch: 0.007
MAPE Eb: 1.030
MAPE Rch: 0.180
--------------------------------------------------
**************************************************
Z=8, N=11, emax=6
RMSE Eb: 1.076
RMSE Rch: 0.008
MAPE Eb: 0.818
MAPE Rch: 0.221
--------------------------------------------------
**************************************************
Z=8, N=11, emax=10
RMSE Eb: 0.963
RMSE Rch: 0.008
MAPE Eb: 0.700
MAPE Rch: 0.240
--------------------------------------------------
**************************************************
Z=8, N=12, emax=6
RMSE Eb: 0.893
RMSE Rch: 0.007
MAPE Eb: 0.653
MAPE Rch: 0.197
--------------------------------------------------
**************************************************
Z=8, N=12, emax=8
RMSE Eb: 1.188
RMSE Rch: 0.007
MAPE Eb: 0.774
MAPE Rch: 0.182
--------------------------------------------------
**************************************************
Z=8, N=12, emax=4
RMSE Eb: 0.903
RMSE Rch: 0.009
MAPE Eb: 0.946
MAPE Rch: 0.232
--------------------------------------------------
**************************************************
Z=8, N=12, emax=10
RMSE Eb: 1.521
RMSE Rch: 0.010
MAPE Eb: 0.988
MAPE Rch: 0.294
--------------------------------------------------
**************************************************
Z=8, N=13, emax=8
RMSE Eb: 1.189
RMSE Rch: 0.007
MAPE Eb: 0.768
MAPE Rch: 0.185
--------------------------------------------------
**************************************************
Z=8, N=13, emax=4
RMSE Eb: 1.003
RMSE Rch: 0.008
MAPE Eb: 1.080
MAPE Rch: 0.228
--------------------------------------------------
**************************************************
Z=8, N=13, emax=6
RMSE Eb: 0.902
RMSE Rch: 0.006
MAPE Eb: 0.655
MAPE Rch: 0.146
--------------------------------------------------
**************************************************
Z=8, N=13, emax=10
RMSE Eb: 1.967
RMSE Rch: 0.009
MAPE Eb: 1.157
MAPE Rch: 0.249
--------------------------------------------------
**************************************************
Z=8, N=14, emax=6
RMSE Eb: 0.989
RMSE Rch: 0.009
MAPE Eb: 0.706
MAPE Rch: 0.251
--------------------------------------------------
**************************************************
Z=8, N=14, emax=10
RMSE Eb: 1.360
RMSE Rch: 0.011
MAPE Eb: 0.809
MAPE Rch: 0.301
--------------------------------------------------
**************************************************
Z=8, N=14, emax=4
RMSE Eb: 1.132
RMSE Rch: 0.009
MAPE Eb: 1.081
MAPE Rch: 0.251
--------------------------------------------------
**************************************************
Z=8, N=14, emax=8
RMSE Eb: 1.531
RMSE Rch: 0.011
MAPE Eb: 0.997
MAPE Rch: 0.286
--------------------------------------------------
**************************************************
Z=8, N=15, emax=8
RMSE Eb: 1.182
RMSE Rch: 0.007
MAPE Eb: 0.717
MAPE Rch: 0.204
--------------------------------------------------
**************************************************
Z=8, N=15, emax=6
RMSE Eb: 1.062
RMSE Rch: 0.008
MAPE Eb: 0.801
MAPE Rch: 0.207
--------------------------------------------------
**************************************************
Z=8, N=15, emax=4
RMSE Eb: 1.199
RMSE Rch: 0.010
MAPE Eb: 1.214
MAPE Rch: 0.248
--------------------------------------------------
**************************************************
Z=8, N=15, emax=10
RMSE Eb: 1.404
RMSE Rch: 0.008
MAPE Eb: 0.844
MAPE Rch: 0.235
--------------------------------------------------
**************************************************
Z=8, N=16, emax=4
RMSE Eb: 1.440
RMSE Rch: 0.011
MAPE Eb: 1.470
MAPE Rch: 0.311
--------------------------------------------------
**************************************************
Z=8, N=16, emax=8
RMSE Eb: 1.388
RMSE Rch: 0.010
MAPE Eb: 0.836
MAPE Rch: 0.294
--------------------------------------------------
**************************************************
Z=8, N=16, emax=6
RMSE Eb: 1.281
RMSE Rch: 0.009
MAPE Eb: 0.909
MAPE Rch: 0.257
--------------------------------------------------
**************************************************
Z=8, N=16, emax=10
RMSE Eb: 1.244
RMSE Rch: 0.009
MAPE Eb: 0.822
MAPE Rch: 0.251
--------------------------------------------------
