Activated conda environment
[DataLoader] Found 13 files matching the pattern.
[DataLoader] Combined data shape: (17234, 35)
[Preprocess] Data split => train: (11029, 35), val: (2758, 35), test: (3447, 35)
[Preprocess] Processed fidelity 4 (index 0): 3758 samples.
[Preprocess] Processed fidelity 6 (index 1): 3346 samples.
[Preprocess] Processed fidelity 8 (index 2): 3194 samples.
[Preprocess] Processed fidelity 10 (index 3): 731 samples.
[Preprocess] Processed fidelity 4 (index 0): 949 samples.
[Preprocess] Processed fidelity 6 (index 1): 833 samples.
[Preprocess] Processed fidelity 8 (index 2): 801 samples.
[Preprocess] Processed fidelity 10 (index 3): 175 samples.
Fidelity levels: [4, 6, 8, 10]
[Trainer] Starting BNN training...
[Trainer] No improvement. Iteration 8600. Early stopping counter: 1, LR counter: 1
[Trainer] No improvement. Iteration 8700. Early stopping counter: 2, LR counter: 2
[Trainer] No improvement. Iteration 8800. Early stopping counter: 3, LR counter: 3
[Trainer] No improvement. Iteration 8900. Early stopping counter: 4, LR counter: 4
[Trainer] No improvement. Iteration 9000. Early stopping counter: 5, LR counter: 5
[Trainer] No improvement. Iteration 9100. Early stopping counter: 6, LR counter: 6
[Trainer] No improvement. Iteration 9200. Early stopping counter: 7, LR counter: 7
[Trainer] No improvement. Iteration 9300. Early stopping counter: 8, LR counter: 8
[Trainer] No improvement. Iteration 9700. Early stopping counter: 1, LR counter: 1
[Trainer] No improvement. Iteration 9800. Early stopping counter: 2, LR counter: 2
[Trainer] No improvement. Iteration 9900. Early stopping counter: 3, LR counter: 3
[Trainer] No improvement. Iteration 10200. Early stopping counter: 1, LR counter: 1
[Trainer] No improvement. Iteration 10500. Early stopping counter: 1, LR counter: 1
[Trainer] No improvement. Iteration 11100. Early stopping counter: 1, LR counter: 1
[Trainer] No improvement. Iteration 11200. Early stopping counter: 2, LR counter: 2
[Trainer] No improvement. Iteration 11300. Early stopping counter: 3, LR counter: 3
[Trainer] No improvement. Iteration 11400. Early stopping counter: 4, LR counter: 4
[Trainer] No improvement. Iteration 11500. Early stopping counter: 5, LR counter: 5
[Trainer] No improvement. Iteration 11600. Early stopping counter: 6, LR counter: 6
[Trainer] No improvement. Iteration 11700. Early stopping counter: 7, LR counter: 7
[Trainer] No improvement. Iteration 11800. Early stopping counter: 8, LR counter: 8
[Trainer] No improvement. Iteration 11900. Early stopping counter: 9, LR counter: 9
[Trainer] No improvement. Iteration 12000. Early stopping counter: 10, LR counter: 10
[Trainer] No improvement. Iteration 12100. Early stopping counter: 11, LR counter: 11
[Trainer] No improvement. Iteration 12200. Early stopping counter: 12, LR counter: 12
[Trainer] No improvement. Iteration 12300. Early stopping counter: 13, LR counter: 13
[Trainer] No improvement. Iteration 12400. Early stopping counter: 14, LR counter: 14
[Trainer] No improvement. Iteration 12500. Early stopping counter: 15, LR counter: 15
[Trainer] No improvement. Iteration 12600. Early stopping counter: 16, LR counter: 16
[Trainer] No improvement. Iteration 12700. Early stopping counter: 17, LR counter: 17
[Trainer] No improvement. Iteration 12800. Early stopping counter: 18, LR counter: 18
[Trainer] No improvement. Iteration 12900. Early stopping counter: 19, LR counter: 19
[Trainer] No improvement. Iteration 13000. Early stopping counter: 20, LR counter: 20
[Trainer] No improvement. Iteration 13100. Early stopping counter: 21, LR counter: 21
[Trainer] No improvement. Iteration 13200. Early stopping counter: 22, LR counter: 22
[Trainer] No improvement. Iteration 13300. Early stopping counter: 23, LR counter: 23
[Trainer] No improvement. Iteration 13400. Early stopping counter: 24, LR counter: 24
[Trainer] No improvement. Iteration 13500. Early stopping counter: 25, LR counter: 25
[Trainer] Learning rate reduced to: 0.000010
[Trainer] No improvement. Iteration 13600. Early stopping counter: 26, LR counter: 1
[Trainer] No improvement. Iteration 13700. Early stopping counter: 27, LR counter: 2
[Trainer] No improvement. Iteration 13800. Early stopping counter: 28, LR counter: 3
[Trainer] No improvement. Iteration 13900. Early stopping counter: 29, LR counter: 4
[Trainer] No improvement. Iteration 14000. Early stopping counter: 30, LR counter: 5
[Trainer] No improvement. Iteration 14100. Early stopping counter: 31, LR counter: 6
[Trainer] No improvement. Iteration 14200. Early stopping counter: 32, LR counter: 7
[Trainer] No improvement. Iteration 14300. Early stopping counter: 33, LR counter: 8
[Trainer] No improvement. Iteration 14400. Early stopping counter: 34, LR counter: 9
[Trainer] No improvement. Iteration 14500. Early stopping counter: 35, LR counter: 10
[Trainer] No improvement. Iteration 14600. Early stopping counter: 36, LR counter: 11
[Trainer] No improvement. Iteration 14700. Early stopping counter: 37, LR counter: 12
[Trainer] No improvement. Iteration 14800. Early stopping counter: 38, LR counter: 13
[Trainer] No improvement. Iteration 14900. Early stopping counter: 39, LR counter: 14
[Trainer] No improvement. Iteration 15000. Early stopping counter: 40, LR counter: 15
[Trainer] No improvement. Iteration 15100. Early stopping counter: 41, LR counter: 16
[Trainer] No improvement. Iteration 15200. Early stopping counter: 42, LR counter: 17
[Trainer] No improvement. Iteration 15300. Early stopping counter: 43, LR counter: 18
[Trainer] No improvement. Iteration 15400. Early stopping counter: 44, LR counter: 19
[Trainer] No improvement. Iteration 15700. Early stopping counter: 1, LR counter: 1
[Trainer] No improvement. Iteration 15800. Early stopping counter: 2, LR counter: 2
[Trainer] No improvement. Iteration 15900. Early stopping counter: 3, LR counter: 3
[Trainer] No improvement. Iteration 16000. Early stopping counter: 4, LR counter: 4
[Trainer] No improvement. Iteration 16100. Early stopping counter: 5, LR counter: 5
[Trainer] No improvement. Iteration 16200. Early stopping counter: 6, LR counter: 6
[Trainer] No improvement. Iteration 16300. Early stopping counter: 7, LR counter: 7
[Trainer] No improvement. Iteration 16400. Early stopping counter: 8, LR counter: 8
[Trainer] No improvement. Iteration 16500. Early stopping counter: 9, LR counter: 9
[Trainer] No improvement. Iteration 16600. Early stopping counter: 10, LR counter: 10
[Trainer] No improvement. Iteration 16700. Early stopping counter: 11, LR counter: 11
[Trainer] No improvement. Iteration 16800. Early stopping counter: 12, LR counter: 12
[Trainer] No improvement. Iteration 16900. Early stopping counter: 13, LR counter: 13
[Trainer] No improvement. Iteration 17000. Early stopping counter: 14, LR counter: 14
[Trainer] No improvement. Iteration 17100. Early stopping counter: 15, LR counter: 15
[Trainer] No improvement. Iteration 17200. Early stopping counter: 16, LR counter: 16
[Trainer] No improvement. Iteration 17300. Early stopping counter: 17, LR counter: 17
[Trainer] No improvement. Iteration 17400. Early stopping counter: 18, LR counter: 18
[Trainer] No improvement. Iteration 17500. Early stopping counter: 19, LR counter: 19
[Trainer] No improvement. Iteration 17600. Early stopping counter: 20, LR counter: 20
[Trainer] No improvement. Iteration 17700. Early stopping counter: 21, LR counter: 21
[Trainer] No improvement. Iteration 17800. Early stopping counter: 22, LR counter: 22
[Trainer] No improvement. Iteration 17900. Early stopping counter: 23, LR counter: 23
[Trainer] No improvement. Iteration 18000. Early stopping counter: 24, LR counter: 24
[Trainer] No improvement. Iteration 18100. Early stopping counter: 25, LR counter: 25
[Trainer] Learning rate reduced to: 0.000001
[Trainer] No improvement. Iteration 18200. Early stopping counter: 26, LR counter: 1
[Trainer] No improvement. Iteration 18300. Early stopping counter: 27, LR counter: 2
[Trainer] No improvement. Iteration 18400. Early stopping counter: 28, LR counter: 3
[Trainer] No improvement. Iteration 18500. Early stopping counter: 29, LR counter: 4
[Trainer] No improvement. Iteration 19200. Early stopping counter: 1, LR counter: 1
[Trainer] No improvement. Iteration 19300. Early stopping counter: 2, LR counter: 2
[Trainer] No improvement. Iteration 19400. Early stopping counter: 3, LR counter: 3
[Trainer] No improvement. Iteration 19500. Early stopping counter: 4, LR counter: 4
[Trainer] No improvement. Iteration 19600. Early stopping counter: 5, LR counter: 5
[Trainer] No improvement. Iteration 19700. Early stopping counter: 6, LR counter: 6
[Trainer] No improvement. Iteration 19800. Early stopping counter: 7, LR counter: 7
[Trainer] No improvement. Iteration 19900. Early stopping counter: 8, LR counter: 8
[Trainer] No improvement. Iteration 20000. Early stopping counter: 9, LR counter: 9
[Trainer] No improvement. Iteration 20100. Early stopping counter: 10, LR counter: 10
[Trainer] No improvement. Iteration 20200. Early stopping counter: 11, LR counter: 11
[Trainer] No improvement. Iteration 20300. Early stopping counter: 12, LR counter: 12
[Trainer] No improvement. Iteration 20400. Early stopping counter: 13, LR counter: 13
[Trainer] No improvement. Iteration 20500. Early stopping counter: 14, LR counter: 14
[Trainer] No improvement. Iteration 20600. Early stopping counter: 15, LR counter: 15
[Trainer] No improvement. Iteration 20700. Early stopping counter: 16, LR counter: 16
[Trainer] No improvement. Iteration 20800. Early stopping counter: 17, LR counter: 17
[Trainer] No improvement. Iteration 20900. Early stopping counter: 18, LR counter: 18
[Trainer] No improvement. Iteration 21000. Early stopping counter: 19, LR counter: 19
[Trainer] No improvement. Iteration 21100. Early stopping counter: 20, LR counter: 20
[Trainer] No improvement. Iteration 21200. Early stopping counter: 21, LR counter: 21
[Trainer] No improvement. Iteration 21300. Early stopping counter: 22, LR counter: 22
[Trainer] No improvement. Iteration 21400. Early stopping counter: 23, LR counter: 23
[Trainer] No improvement. Iteration 21500. Early stopping counter: 24, LR counter: 24
[Trainer] No improvement. Iteration 21600. Early stopping counter: 25, LR counter: 25
[Trainer] Learning rate reduced to: 0.000000
[Trainer] No improvement. Iteration 21700. Early stopping counter: 26, LR counter: 1
[Trainer] No improvement. Iteration 21800. Early stopping counter: 27, LR counter: 2
[Trainer] No improvement. Iteration 21900. Early stopping counter: 28, LR counter: 3
[Trainer] No improvement. Iteration 22000. Early stopping counter: 29, LR counter: 4
[Trainer] No improvement. Iteration 22100. Early stopping counter: 30, LR counter: 5
[Trainer] No improvement. Iteration 22200. Early stopping counter: 31, LR counter: 6
[Trainer] No improvement. Iteration 22300. Early stopping counter: 32, LR counter: 7
[Trainer] No improvement. Iteration 22400. Early stopping counter: 33, LR counter: 8
[Trainer] No improvement. Iteration 22500. Early stopping counter: 34, LR counter: 9
[Trainer] No improvement. Iteration 22600. Early stopping counter: 35, LR counter: 10
[Trainer] No improvement. Iteration 22700. Early stopping counter: 36, LR counter: 11
[Trainer] No improvement. Iteration 22800. Early stopping counter: 37, LR counter: 12
[Trainer] No improvement. Iteration 22900. Early stopping counter: 38, LR counter: 13
[Trainer] No improvement. Iteration 23000. Early stopping counter: 39, LR counter: 14
[Trainer] No improvement. Iteration 23100. Early stopping counter: 40, LR counter: 15
[Trainer] No improvement. Iteration 23200. Early stopping counter: 41, LR counter: 16
[Trainer] No improvement. Iteration 23300. Early stopping counter: 42, LR counter: 17
[Trainer] No improvement. Iteration 23400. Early stopping counter: 43, LR counter: 18
[Trainer] No improvement. Iteration 23500. Early stopping counter: 44, LR counter: 19
[Trainer] No improvement. Iteration 23600. Early stopping counter: 45, LR counter: 20
[Trainer] No improvement. Iteration 24100. Early stopping counter: 1, LR counter: 1
[Trainer] No improvement. Iteration 24200. Early stopping counter: 2, LR counter: 2
[Trainer] No improvement. Iteration 24300. Early stopping counter: 3, LR counter: 3
[Trainer] No improvement. Iteration 24400. Early stopping counter: 4, LR counter: 4
[Trainer] No improvement. Iteration 24500. Early stopping counter: 5, LR counter: 5
[Trainer] No improvement. Iteration 24600. Early stopping counter: 6, LR counter: 6
[Trainer] No improvement. Iteration 24700. Early stopping counter: 7, LR counter: 7
[Trainer] No improvement. Iteration 24800. Early stopping counter: 8, LR counter: 8
[Trainer] No improvement. Iteration 24900. Early stopping counter: 9, LR counter: 9
[Trainer] No improvement. Iteration 25000. Early stopping counter: 10, LR counter: 10
[Trainer] No improvement. Iteration 25100. Early stopping counter: 11, LR counter: 11
[Trainer] No improvement. Iteration 25200. Early stopping counter: 12, LR counter: 12
[Trainer] No improvement. Iteration 25300. Early stopping counter: 13, LR counter: 13
[Trainer] No improvement. Iteration 25400. Early stopping counter: 14, LR counter: 14
[Trainer] No improvement. Iteration 25500. Early stopping counter: 15, LR counter: 15
[Trainer] No improvement. Iteration 25600. Early stopping counter: 16, LR counter: 16
[Trainer] No improvement. Iteration 25700. Early stopping counter: 17, LR counter: 17
[Trainer] No improvement. Iteration 25800. Early stopping counter: 18, LR counter: 18
[Trainer] No improvement. Iteration 25900. Early stopping counter: 19, LR counter: 19
[Trainer] No improvement. Iteration 26000. Early stopping counter: 20, LR counter: 20
[Trainer] No improvement. Iteration 26100. Early stopping counter: 21, LR counter: 21
[Trainer] No improvement. Iteration 26200. Early stopping counter: 22, LR counter: 22
[Trainer] No improvement. Iteration 26300. Early stopping counter: 23, LR counter: 23
[Trainer] No improvement. Iteration 26400. Early stopping counter: 24, LR counter: 24
[Trainer] No improvement. Iteration 26500. Early stopping counter: 25, LR counter: 25
[Trainer] Learning rate reduced to: 0.000000
[Trainer] No improvement. Iteration 26600. Early stopping counter: 26, LR counter: 1
[Trainer] No improvement. Iteration 26700. Early stopping counter: 27, LR counter: 2
[Trainer] No improvement. Iteration 26800. Early stopping counter: 28, LR counter: 3
[Trainer] No improvement. Iteration 26900. Early stopping counter: 29, LR counter: 4
[Trainer] No improvement. Iteration 27000. Early stopping counter: 30, LR counter: 5
[Trainer] No improvement. Iteration 27100. Early stopping counter: 31, LR counter: 6
[Trainer] No improvement. Iteration 27200. Early stopping counter: 32, LR counter: 7
[Trainer] No improvement. Iteration 27300. Early stopping counter: 33, LR counter: 8
[Trainer] No improvement. Iteration 27400. Early stopping counter: 34, LR counter: 9
[Trainer] No improvement. Iteration 27500. Early stopping counter: 35, LR counter: 10
[Trainer] No improvement. Iteration 27600. Early stopping counter: 36, LR counter: 11
[Trainer] No improvement. Iteration 27700. Early stopping counter: 37, LR counter: 12
[Trainer] No improvement. Iteration 27800. Early stopping counter: 38, LR counter: 13
[Trainer] No improvement. Iteration 27900. Early stopping counter: 39, LR counter: 14
[Trainer] No improvement. Iteration 28000. Early stopping counter: 40, LR counter: 15
[Trainer] No improvement. Iteration 28100. Early stopping counter: 41, LR counter: 16
[Trainer] No improvement. Iteration 28200. Early stopping counter: 42, LR counter: 17
[Trainer] No improvement. Iteration 28300. Early stopping counter: 43, LR counter: 18
[Trainer] No improvement. Iteration 28400. Early stopping counter: 44, LR counter: 19
[Trainer] No improvement. Iteration 28500. Early stopping counter: 45, LR counter: 20
[Trainer] No improvement. Iteration 28600. Early stopping counter: 46, LR counter: 21
[Trainer] No improvement. Iteration 28700. Early stopping counter: 47, LR counter: 22
[Trainer] No improvement. Iteration 28800. Early stopping counter: 48, LR counter: 23
[Trainer] No improvement. Iteration 28900. Early stopping counter: 49, LR counter: 24
[Trainer] No improvement. Iteration 29000. Early stopping counter: 50, LR counter: 25
[Trainer] Learning rate reduced to: 0.000000
[Trainer] Early stopping triggered.
[Trainer] Training completed.
[Trainer] Calibrating temperatures on validation set...
[Trainer] Temperature calibration finished. Calibrated temperatures: {4: 1.1254621744155884, 6: 0.9732691645622253, 8: 1.1279956102371216, 10: 1.2644718885421753}
[Trainer] BNN training completed.
**************************************************
Z=8, N=4, emax=4
RMSE Eb: 0.690
RMSE Rch: 0.011
MAPE Eb: 2.088
MAPE Rch: 0.528
--------------------------------------------------
**************************************************
Z=8, N=4, emax=10
RMSE Eb: 1.164
RMSE Rch: 0.041
MAPE Eb: 1.675
MAPE Rch: 1.782
--------------------------------------------------
**************************************************
Z=8, N=4, emax=6
RMSE Eb: 1.019
RMSE Rch: 0.014
MAPE Eb: 1.988
MAPE Rch: 0.674
--------------------------------------------------
**************************************************
Z=8, N=4, emax=8
RMSE Eb: 0.794
RMSE Rch: 0.026
MAPE Eb: 1.305
MAPE Rch: 1.196
--------------------------------------------------
**************************************************
Z=8, N=5, emax=8
RMSE Eb: 1.046
RMSE Rch: 0.014
MAPE Eb: 1.235
MAPE Rch: 0.658
--------------------------------------------------
**************************************************
Z=8, N=5, emax=6
RMSE Eb: 0.754
RMSE Rch: 0.011
MAPE Eb: 1.139
MAPE Rch: 0.489
--------------------------------------------------
**************************************************
Z=8, N=5, emax=4
RMSE Eb: 0.834
RMSE Rch: 0.008
MAPE Eb: 1.639
MAPE Rch: 0.350
--------------------------------------------------
**************************************************
Z=8, N=5, emax=10
RMSE Eb: 1.706
RMSE Rch: 0.011
MAPE Eb: 2.140
MAPE Rch: 0.599
--------------------------------------------------
**************************************************
Z=8, N=6, emax=4
RMSE Eb: 0.742
RMSE Rch: 0.008
MAPE Eb: 1.087
MAPE Rch: 0.385
--------------------------------------------------
**************************************************
Z=8, N=6, emax=6
RMSE Eb: 0.640
RMSE Rch: 0.010
MAPE Eb: 0.700
MAPE Rch: 0.468
--------------------------------------------------
**************************************************
Z=8, N=6, emax=8
RMSE Eb: 0.849
RMSE Rch: 0.012
MAPE Eb: 0.805
MAPE Rch: 0.605
--------------------------------------------------
**************************************************
Z=8, N=6, emax=10
RMSE Eb: 1.071
RMSE Rch: 0.019
MAPE Eb: 0.874
MAPE Rch: 0.874
--------------------------------------------------
**************************************************
Z=8, N=7, emax=8
RMSE Eb: 1.059
RMSE Rch: 0.010
MAPE Eb: 0.838
MAPE Rch: 0.497
--------------------------------------------------
**************************************************
Z=8, N=7, emax=10
RMSE Eb: 1.269
RMSE Rch: 0.009
MAPE Eb: 0.806
MAPE Rch: 0.525
--------------------------------------------------
**************************************************
Z=8, N=7, emax=6
RMSE Eb: 1.030
RMSE Rch: 0.009
MAPE Eb: 0.997
MAPE Rch: 0.416
--------------------------------------------------
**************************************************
Z=8, N=7, emax=4
RMSE Eb: 1.110
RMSE Rch: 0.011
MAPE Eb: 1.114
MAPE Rch: 0.545
--------------------------------------------------
**************************************************
Z=8, N=8, emax=4
RMSE Eb: 0.909
RMSE Rch: 0.007
MAPE Eb: 0.960
MAPE Rch: 0.199
--------------------------------------------------
**************************************************
Z=8, N=8, emax=8
RMSE Eb: 1.127
RMSE Rch: 0.011
MAPE Eb: 0.885
MAPE Rch: 0.315
--------------------------------------------------
**************************************************
Z=8, N=8, emax=6
RMSE Eb: 0.998
RMSE Rch: 0.010
MAPE Eb: 0.735
MAPE Rch: 0.291
--------------------------------------------------
**************************************************
Z=8, N=8, emax=10
RMSE Eb: 2.185
RMSE Rch: 0.014
MAPE Eb: 1.051
MAPE Rch: 0.492
--------------------------------------------------
**************************************************
Z=8, N=9, emax=8
RMSE Eb: 1.312
RMSE Rch: 0.009
MAPE Eb: 0.994
MAPE Rch: 0.258
--------------------------------------------------
**************************************************
Z=8, N=9, emax=6
RMSE Eb: 0.838
RMSE Rch: 0.009
MAPE Eb: 0.598
MAPE Rch: 0.248
--------------------------------------------------
**************************************************
Z=8, N=9, emax=4
RMSE Eb: 1.020
RMSE Rch: 0.008
MAPE Eb: 1.096
MAPE Rch: 0.219
--------------------------------------------------
**************************************************
Z=8, N=9, emax=10
RMSE Eb: 1.243
RMSE Rch: 0.008
MAPE Eb: 0.899
MAPE Rch: 0.262
--------------------------------------------------
**************************************************
Z=8, N=10, emax=4
RMSE Eb: 0.807
RMSE Rch: 0.005
MAPE Eb: 0.830
MAPE Rch: 0.126
--------------------------------------------------
**************************************************
Z=8, N=10, emax=10
RMSE Eb: 0.767
RMSE Rch: 0.005
MAPE Eb: 0.524
MAPE Rch: 0.169
--------------------------------------------------
**************************************************
Z=8, N=10, emax=6
RMSE Eb: 1.069
RMSE Rch: 0.007
MAPE Eb: 0.818
MAPE Rch: 0.216
--------------------------------------------------
**************************************************
Z=8, N=10, emax=8
RMSE Eb: 1.042
RMSE Rch: 0.007
MAPE Eb: 0.742
MAPE Rch: 0.213
--------------------------------------------------
**************************************************
Z=8, N=11, emax=4
RMSE Eb: 0.767
RMSE Rch: 0.004
MAPE Eb: 0.763
MAPE Rch: 0.113
--------------------------------------------------
**************************************************
Z=8, N=11, emax=6
RMSE Eb: 0.959
RMSE Rch: 0.007
MAPE Eb: 0.709
MAPE Rch: 0.189
--------------------------------------------------
**************************************************
Z=8, N=11, emax=8
RMSE Eb: 1.055
RMSE Rch: 0.008
MAPE Eb: 0.714
MAPE Rch: 0.224
--------------------------------------------------
**************************************************
Z=8, N=11, emax=10
RMSE Eb: 0.917
RMSE Rch: 0.006
MAPE Eb: 0.675
MAPE Rch: 0.188
--------------------------------------------------
**************************************************
Z=8, N=12, emax=6
RMSE Eb: 1.137
RMSE Rch: 0.006
MAPE Eb: 0.783
MAPE Rch: 0.180
--------------------------------------------------
**************************************************
Z=8, N=12, emax=4
RMSE Eb: 0.564
RMSE Rch: 0.006
MAPE Eb: 0.544
MAPE Rch: 0.156
--------------------------------------------------
**************************************************
Z=8, N=12, emax=8
RMSE Eb: 1.203
RMSE Rch: 0.010
MAPE Eb: 0.823
MAPE Rch: 0.295
--------------------------------------------------
**************************************************
Z=8, N=12, emax=10
RMSE Eb: 1.248
RMSE Rch: 0.007
MAPE Eb: 0.860
MAPE Rch: 0.211
--------------------------------------------------
**************************************************
Z=8, N=13, emax=8
RMSE Eb: 0.946
RMSE Rch: 0.008
MAPE Eb: 0.575
MAPE Rch: 0.212
--------------------------------------------------
**************************************************
Z=8, N=13, emax=4
RMSE Eb: 0.876
RMSE Rch: 0.009
MAPE Eb: 0.896
MAPE Rch: 0.270
--------------------------------------------------
**************************************************
Z=8, N=13, emax=10
RMSE Eb: 1.493
RMSE Rch: 0.013
MAPE Eb: 0.977
MAPE Rch: 0.386
--------------------------------------------------
**************************************************
Z=8, N=13, emax=6
RMSE Eb: 1.030
RMSE Rch: 0.006
MAPE Eb: 0.760
MAPE Rch: 0.169
--------------------------------------------------
**************************************************
Z=8, N=14, emax=8
RMSE Eb: 1.221
RMSE Rch: 0.013
MAPE Eb: 0.773
MAPE Rch: 0.320
--------------------------------------------------
**************************************************
Z=8, N=14, emax=4
RMSE Eb: 1.195
RMSE Rch: 0.009
MAPE Eb: 1.163
MAPE Rch: 0.268
--------------------------------------------------
**************************************************
Z=8, N=14, emax=6
RMSE Eb: 1.379
RMSE Rch: 0.006
MAPE Eb: 1.103
MAPE Rch: 0.172
--------------------------------------------------
**************************************************
Z=8, N=14, emax=10
RMSE Eb: 1.412
RMSE Rch: 0.016
MAPE Eb: 0.991
MAPE Rch: 0.508
--------------------------------------------------
**************************************************
Z=8, N=15, emax=8
RMSE Eb: 1.164
RMSE Rch: 0.008
MAPE Eb: 0.697
MAPE Rch: 0.220
--------------------------------------------------
**************************************************
Z=8, N=15, emax=4
RMSE Eb: 1.292
RMSE Rch: 0.007
MAPE Eb: 1.136
MAPE Rch: 0.192
--------------------------------------------------
**************************************************
Z=8, N=15, emax=6
RMSE Eb: 1.491
RMSE Rch: 0.008
MAPE Eb: 1.077
MAPE Rch: 0.228
--------------------------------------------------
**************************************************
Z=8, N=15, emax=10
RMSE Eb: 2.143
RMSE Rch: 0.010
MAPE Eb: 1.200
MAPE Rch: 0.286
--------------------------------------------------
**************************************************
Z=8, N=16, emax=8
RMSE Eb: 1.042
RMSE Rch: 0.009
MAPE Eb: 0.622
MAPE Rch: 0.241
--------------------------------------------------
**************************************************
Z=8, N=16, emax=6
RMSE Eb: 1.317
RMSE Rch: 0.009
MAPE Eb: 0.862
MAPE Rch: 0.268
--------------------------------------------------
**************************************************
Z=8, N=16, emax=10
RMSE Eb: 1.531
RMSE Rch: 0.013
MAPE Eb: 0.905
MAPE Rch: 0.371
--------------------------------------------------
**************************************************
Z=8, N=16, emax=4
RMSE Eb: 1.076
RMSE Rch: 0.008
MAPE Eb: 0.970
MAPE Rch: 0.207
--------------------------------------------------
Finished VAL for AE n=83
**************************************************
Z=8, N=4, emax=6
RMSE Eb: 1.003
RMSE Rch: 0.013
MAPE Eb: 1.851
MAPE Rch: 0.608
--------------------------------------------------
**************************************************
Z=8, N=4, emax=8
RMSE Eb: 0.976
RMSE Rch: 0.023
MAPE Eb: 1.634
MAPE Rch: 1.121
--------------------------------------------------
**************************************************
Z=8, N=4, emax=4
RMSE Eb: 0.961
RMSE Rch: 0.011
MAPE Eb: 2.785
MAPE Rch: 0.507
--------------------------------------------------
**************************************************
Z=8, N=4, emax=10
RMSE Eb: 0.883
RMSE Rch: 0.031
MAPE Eb: 1.355
MAPE Rch: 1.626
--------------------------------------------------
**************************************************
Z=8, N=5, emax=4
RMSE Eb: 0.904
RMSE Rch: 0.009
MAPE Eb: 1.929
MAPE Rch: 0.387
--------------------------------------------------
**************************************************
Z=8, N=5, emax=8
RMSE Eb: 0.930
RMSE Rch: 0.016
MAPE Eb: 1.164
MAPE Rch: 0.750
--------------------------------------------------
**************************************************
Z=8, N=5, emax=6
RMSE Eb: 0.734
RMSE Rch: 0.011
MAPE Eb: 1.088
MAPE Rch: 0.526
--------------------------------------------------
**************************************************
Z=8, N=5, emax=10
RMSE Eb: 1.264
RMSE Rch: 0.012
MAPE Eb: 1.433
MAPE Rch: 0.603
--------------------------------------------------
**************************************************
Z=8, N=6, emax=4
RMSE Eb: 0.754
RMSE Rch: 0.010
MAPE Eb: 1.095
MAPE Rch: 0.485
--------------------------------------------------
**************************************************
Z=8, N=6, emax=8
RMSE Eb: 0.972
RMSE Rch: 0.016
MAPE Eb: 0.782
MAPE Rch: 0.746
--------------------------------------------------
**************************************************
Z=8, N=6, emax=6
RMSE Eb: 0.862
RMSE Rch: 0.011
MAPE Eb: 0.992
MAPE Rch: 0.490
--------------------------------------------------
**************************************************
Z=8, N=6, emax=10
RMSE Eb: 0.688
RMSE Rch: 0.015
MAPE Eb: 0.698
MAPE Rch: 0.893
--------------------------------------------------
**************************************************
Z=8, N=7, emax=4
RMSE Eb: 0.840
RMSE Rch: 0.010
MAPE Eb: 0.969
MAPE Rch: 0.500
--------------------------------------------------
**************************************************
Z=8, N=7, emax=8
RMSE Eb: 1.021
RMSE Rch: 0.011
MAPE Eb: 0.828
MAPE Rch: 0.569
--------------------------------------------------
**************************************************
Z=8, N=7, emax=6
RMSE Eb: 0.987
RMSE Rch: 0.009
MAPE Eb: 0.872
MAPE Rch: 0.416
--------------------------------------------------
**************************************************
Z=8, N=7, emax=10
RMSE Eb: 0.913
RMSE Rch: 0.014
MAPE Eb: 0.740
MAPE Rch: 0.751
--------------------------------------------------
**************************************************
Z=8, N=8, emax=4
RMSE Eb: 1.131
RMSE Rch: 0.008
MAPE Eb: 1.004
MAPE Rch: 0.244
--------------------------------------------------
**************************************************
Z=8, N=8, emax=6
RMSE Eb: 1.160
RMSE Rch: 0.010
MAPE Eb: 0.904
MAPE Rch: 0.276
--------------------------------------------------
**************************************************
Z=8, N=8, emax=8
RMSE Eb: 1.005
RMSE Rch: 0.011
MAPE Eb: 0.784
MAPE Rch: 0.311
--------------------------------------------------
**************************************************
Z=8, N=8, emax=10
RMSE Eb: 1.635
RMSE Rch: 0.012
MAPE Eb: 1.075
MAPE Rch: 0.331
--------------------------------------------------
**************************************************
Z=8, N=9, emax=4
RMSE Eb: 0.912
RMSE Rch: 0.008
MAPE Eb: 0.942
MAPE Rch: 0.226
--------------------------------------------------
**************************************************
Z=8, N=9, emax=8
RMSE Eb: 1.244
RMSE Rch: 0.009
MAPE Eb: 0.911
MAPE Rch: 0.261
--------------------------------------------------
**************************************************
Z=8, N=9, emax=6
RMSE Eb: 0.935
RMSE Rch: 0.011
MAPE Eb: 0.771
MAPE Rch: 0.313
--------------------------------------------------
**************************************************
Z=8, N=9, emax=10
RMSE Eb: 0.899
RMSE Rch: 0.008
MAPE Eb: 0.595
MAPE Rch: 0.233
--------------------------------------------------
**************************************************
Z=8, N=10, emax=4
RMSE Eb: 0.885
RMSE Rch: 0.006
MAPE Eb: 0.912
MAPE Rch: 0.154
--------------------------------------------------
**************************************************
Z=8, N=10, emax=6
RMSE Eb: 0.867
RMSE Rch: 0.008
MAPE Eb: 0.668
MAPE Rch: 0.213
--------------------------------------------------
**************************************************
Z=8, N=10, emax=8
RMSE Eb: 1.006
RMSE Rch: 0.009
MAPE Eb: 0.721
MAPE Rch: 0.261
--------------------------------------------------
**************************************************
Z=8, N=10, emax=10
RMSE Eb: 1.539
RMSE Rch: 0.006
MAPE Eb: 0.998
MAPE Rch: 0.183
--------------------------------------------------
**************************************************
Z=8, N=11, emax=8
RMSE Eb: 1.208
RMSE Rch: 0.009
MAPE Eb: 0.797
MAPE Rch: 0.262
--------------------------------------------------
**************************************************
Z=8, N=11, emax=4
RMSE Eb: 0.898
RMSE Rch: 0.005
MAPE Eb: 0.953
MAPE Rch: 0.129
--------------------------------------------------
**************************************************
Z=8, N=11, emax=6
RMSE Eb: 0.887
RMSE Rch: 0.008
MAPE Eb: 0.714
MAPE Rch: 0.222
--------------------------------------------------
**************************************************
Z=8, N=11, emax=10
RMSE Eb: 0.769
RMSE Rch: 0.006
MAPE Eb: 0.526
MAPE Rch: 0.165
--------------------------------------------------
**************************************************
Z=8, N=12, emax=6
RMSE Eb: 0.868
RMSE Rch: 0.006
MAPE Eb: 0.654
MAPE Rch: 0.167
--------------------------------------------------
**************************************************
Z=8, N=12, emax=8
RMSE Eb: 1.091
RMSE Rch: 0.010
MAPE Eb: 0.710
MAPE Rch: 0.287
--------------------------------------------------
**************************************************
Z=8, N=12, emax=4
RMSE Eb: 0.764
RMSE Rch: 0.006
MAPE Eb: 0.733
MAPE Rch: 0.163
--------------------------------------------------
**************************************************
Z=8, N=12, emax=10
RMSE Eb: 1.079
RMSE Rch: 0.008
MAPE Eb: 0.704
MAPE Rch: 0.215
--------------------------------------------------
**************************************************
Z=8, N=13, emax=8
RMSE Eb: 0.978
RMSE Rch: 0.008
MAPE Eb: 0.652
MAPE Rch: 0.240
--------------------------------------------------
**************************************************
Z=8, N=13, emax=4
RMSE Eb: 0.883
RMSE Rch: 0.009
MAPE Eb: 0.912
MAPE Rch: 0.267
--------------------------------------------------
**************************************************
Z=8, N=13, emax=6
RMSE Eb: 1.080
RMSE Rch: 0.007
MAPE Eb: 0.808
MAPE Rch: 0.199
--------------------------------------------------
**************************************************
Z=8, N=13, emax=10
RMSE Eb: 1.447
RMSE Rch: 0.009
MAPE Eb: 0.845
MAPE Rch: 0.248
--------------------------------------------------
**************************************************
Z=8, N=14, emax=6
RMSE Eb: 1.276
RMSE Rch: 0.008
MAPE Eb: 0.911
MAPE Rch: 0.225
--------------------------------------------------
**************************************************
Z=8, N=14, emax=10
RMSE Eb: 1.676
RMSE Rch: 0.011
MAPE Eb: 0.895
MAPE Rch: 0.347
--------------------------------------------------
**************************************************
Z=8, N=14, emax=4
RMSE Eb: 1.004
RMSE Rch: 0.009
MAPE Eb: 1.005
MAPE Rch: 0.260
--------------------------------------------------
**************************************************
Z=8, N=14, emax=8
RMSE Eb: 1.285
RMSE Rch: 0.010
MAPE Eb: 0.747
MAPE Rch: 0.259
--------------------------------------------------
**************************************************
Z=8, N=15, emax=8
RMSE Eb: 1.068
RMSE Rch: 0.008
MAPE Eb: 0.613
MAPE Rch: 0.229
--------------------------------------------------
**************************************************
Z=8, N=15, emax=6
RMSE Eb: 1.352
RMSE Rch: 0.008
MAPE Eb: 0.957
MAPE Rch: 0.192
--------------------------------------------------
**************************************************
Z=8, N=15, emax=4
RMSE Eb: 1.136
RMSE Rch: 0.007
MAPE Eb: 1.052
MAPE Rch: 0.204
--------------------------------------------------
**************************************************
Z=8, N=15, emax=10
RMSE Eb: 1.432
RMSE Rch: 0.007
MAPE Eb: 0.908
MAPE Rch: 0.206
--------------------------------------------------
**************************************************
Z=8, N=16, emax=4
RMSE Eb: 1.051
RMSE Rch: 0.008
MAPE Eb: 0.981
MAPE Rch: 0.224
--------------------------------------------------
**************************************************
Z=8, N=16, emax=8
RMSE Eb: 1.321
RMSE Rch: 0.008
MAPE Eb: 0.729
MAPE Rch: 0.228
--------------------------------------------------
**************************************************
Z=8, N=16, emax=6
RMSE Eb: 1.061
RMSE Rch: 0.010
MAPE Eb: 0.735
MAPE Rch: 0.273
--------------------------------------------------
**************************************************
Z=8, N=16, emax=10
RMSE Eb: 1.366
RMSE Rch: 0.008
MAPE Eb: 0.780
MAPE Rch: 0.233
--------------------------------------------------
